<?xml version="1.0" encoding="UTF-8"?>
<testsuite xmlns:xsi="http://www.w3.org/2001/XMLSchema-instance" xsi:noNamespaceSchemaLocation="https://maven.apache.org/surefire/maven-surefire-plugin/xsd/surefire-test-report-3.0.xsd" version="3.0" name="weatherAppTest.RunCucumberTest" time="4.119" tests="3" errors="3" skipped="0" failures="0">
  <properties>
    <property name="java.specification.version" value="17"/>
    <property name="sun.cpu.isalist" value="amd64"/>
    <property name="sun.jnu.encoding" value="Cp1252"/>
    <property name="java.class.path" value="C:\Users\abuba\java_projects\weatherAppTest\target\test-classes;C:\Users\abuba\java_projects\weatherAppTest\target\classes;C:\Users\abuba\.m2\repository\io\appium\java-client\9.0.0\java-client-9.0.0.jar;C:\Users\abuba\.m2\repository\org\seleniumhq\selenium\selenium-api\4.16.1\selenium-api-4.16.1.jar;C:\Users\abuba\.m2\repository\org\seleniumhq\selenium\selenium-remote-driver\4.16.1\selenium-remote-driver-4.16.1.jar;C:\Users\abuba\.m2\repository\com\google\auto\service\auto-service-annotations\1.1.1\auto-service-annotations-1.1.1.jar;C:\Users\abuba\.m2\repository\com\google\guava\guava\32.1.2-jre\guava-32.1.2-jre.jar;C:\Users\abuba\.m2\repository\com\google\guava\failureaccess\1.0.1\failureaccess-1.0.1.jar;C:\Users\abuba\.m2\repository\com\google\guava\listenablefuture\9999.0-empty-to-avoid-conflict-with-guava\listenablefuture-9999.0-empty-to-avoid-conflict-with-guava.jar;C:\Users\abuba\.m2\repository\com\google\code\findbugs\jsr305\3.0.2\jsr305-3.0.2.jar;C:\Users\abuba\.m2\repository\org\checkerframework\checker-qual\3.33.0\checker-qual-3.33.0.jar;C:\Users\abuba\.m2\repository\com\google\errorprone\error_prone_annotations\2.18.0\error_prone_annotations-2.18.0.jar;C:\Users\abuba\.m2\repository\com\google\j2objc\j2objc-annotations\2.8\j2objc-annotations-2.8.jar;C:\Users\abuba\.m2\repository\io\opentelemetry\opentelemetry-api\1.28.0\opentelemetry-api-1.28.0.jar;C:\Users\abuba\.m2\repository\io\opentelemetry\opentelemetry-context\1.28.0\opentelemetry-context-1.28.0.jar;C:\Users\abuba\.m2\repository\io\opentelemetry\opentelemetry-exporter-logging\1.28.0\opentelemetry-exporter-logging-1.28.0.jar;C:\Users\abuba\.m2\repository\io\opentelemetry\opentelemetry-sdk-metrics\1.28.0\opentelemetry-sdk-metrics-1.28.0.jar;C:\Users\abuba\.m2\repository\io\opentelemetry\opentelemetry-extension-incubator\1.28.0-alpha\opentelemetry-extension-incubator-1.28.0-alpha.jar;C:\Users\abuba\.m2\repository\io\opentelemetry\opentelemetry-sdk-logs\1.28.0\opentelemetry-sdk-logs-1.28.0.jar;C:\Users\abuba\.m2\repository\io\opentelemetry\opentelemetry-sdk-common\1.28.0\opentelemetry-sdk-common-1.28.0.jar;C:\Users\abuba\.m2\repository\io\opentelemetry\opentelemetry-sdk-extension-autoconfigure-spi\1.28.0\opentelemetry-sdk-extension-autoconfigure-spi-1.28.0.jar;C:\Users\abuba\.m2\repository\io\opentelemetry\opentelemetry-sdk-extension-autoconfigure\1.28.0\opentelemetry-sdk-extension-autoconfigure-1.28.0.jar;C:\Users\abuba\.m2\repository\io\opentelemetry\opentelemetry-api-events\1.28.0-alpha\opentelemetry-api-events-1.28.0-alpha.jar;C:\Users\abuba\.m2\repository\io\opentelemetry\opentelemetry-sdk-trace\1.28.0\opentelemetry-sdk-trace-1.28.0.jar;C:\Users\abuba\.m2\repository\io\opentelemetry\opentelemetry-sdk\1.28.0\opentelemetry-sdk-1.28.0.jar;C:\Users\abuba\.m2\repository\io\opentelemetry\opentelemetry-semconv\1.28.0-alpha\opentelemetry-semconv-1.28.0-alpha.jar;C:\Users\abuba\.m2\repository\net\bytebuddy\byte-buddy\1.14.5\byte-buddy-1.14.5.jar;C:\Users\abuba\.m2\repository\org\seleniumhq\selenium\selenium-http\4.16.1\selenium-http-4.16.1.jar;C:\Users\abuba\.m2\repository\dev\failsafe\failsafe\3.3.2\failsafe-3.3.2.jar;C:\Users\abuba\.m2\repository\org\seleniumhq\selenium\selenium-json\4.16.1\selenium-json-4.16.1.jar;C:\Users\abuba\.m2\repository\org\seleniumhq\selenium\selenium-manager\4.16.1\selenium-manager-4.16.1.jar;C:\Users\abuba\.m2\repository\org\seleniumhq\selenium\selenium-os\4.16.1\selenium-os-4.16.1.jar;C:\Users\abuba\.m2\repository\org\apache\commons\commons-exec\1.3\commons-exec-1.3.jar;C:\Users\abuba\.m2\repository\org\seleniumhq\selenium\selenium-support\4.16.1\selenium-support-4.16.1.jar;C:\Users\abuba\.m2\repository\com\google\code\gson\gson\2.10.1\gson-2.10.1.jar;C:\Users\abuba\.m2\repository\org\slf4j\slf4j-api\2.0.9\slf4j-api-2.0.9.jar;C:\Users\abuba\.m2\repository\io\cucumber\cucumber-java\7.15.0\cucumber-java-7.15.0.jar;C:\Users\abuba\.m2\repository\io\cucumber\cucumber-core\7.15.0\cucumber-core-7.15.0.jar;C:\Users\abuba\.m2\repository\io\cucumber\cucumber-gherkin\7.15.0\cucumber-gherkin-7.15.0.jar;C:\Users\abuba\.m2\repository\io\cucumber\cucumber-gherkin-messages\7.15.0\cucumber-gherkin-messages-7.15.0.jar;C:\Users\abuba\.m2\repository\io\cucumber\gherkin\26.2.0\gherkin-26.2.0.jar;C:\Users\abuba\.m2\repository\io\cucumber\messages\22.0.0\messages-22.0.0.jar;C:\Users\abuba\.m2\repository\io\cucumber\tag-expressions\6.0.0\tag-expressions-6.0.0.jar;C:\Users\abuba\.m2\repository\io\cucumber\cucumber-expressions\17.0.1\cucumber-expressions-17.0.1.jar;C:\Users\abuba\.m2\repository\io\cucumber\datatable\7.15.0\datatable-7.15.0.jar;C:\Users\abuba\.m2\repository\io\cucumber\cucumber-plugin\7.15.0\cucumber-plugin-7.15.0.jar;C:\Users\abuba\.m2\repository\io\cucumber\docstring\7.15.0\docstring-7.15.0.jar;C:\Users\abuba\.m2\repository\io\cucumber\html-formatter\20.4.0\html-formatter-20.4.0.jar;C:\Users\abuba\.m2\repository\io\cucumber\junit-xml-formatter\0.2.0\junit-xml-formatter-0.2.0.jar;C:\Users\abuba\.m2\repository\io\cucumber\ci-environment\10.0.0\ci-environment-10.0.0.jar;C:\Users\abuba\.m2\repository\org\apiguardian\apiguardian-api\1.1.2\apiguardian-api-1.1.2.jar;C:\Users\abuba\.m2\repository\io\cucumber\cucumber-junit-platform-engine\7.15.0\cucumber-junit-platform-engine-7.15.0.jar;C:\Users\abuba\.m2\repository\org\junit\platform\junit-platform-engine\1.10.1\junit-platform-engine-1.10.1.jar;C:\Users\abuba\.m2\repository\org\opentest4j\opentest4j\1.3.0\opentest4j-1.3.0.jar;C:\Users\abuba\.m2\repository\org\junit\platform\junit-platform-commons\1.10.1\junit-platform-commons-1.10.1.jar;C:\Users\abuba\.m2\repository\org\junit\platform\junit-platform-suite\1.10.1\junit-platform-suite-1.10.1.jar;C:\Users\abuba\.m2\repository\org\junit\platform\junit-platform-suite-api\1.10.1\junit-platform-suite-api-1.10.1.jar;C:\Users\abuba\.m2\repository\org\junit\platform\junit-platform-suite-engine\1.10.1\junit-platform-suite-engine-1.10.1.jar;C:\Users\abuba\.m2\repository\org\junit\platform\junit-platform-suite-commons\1.10.1\junit-platform-suite-commons-1.10.1.jar;C:\Users\abuba\.m2\repository\org\junit\platform\junit-platform-launcher\1.10.1\junit-platform-launcher-1.10.1.jar;C:\Users\abuba\.m2\repository\org\junit\jupiter\junit-jupiter\5.10.1\junit-jupiter-5.10.1.jar;C:\Users\abuba\.m2\repository\org\junit\jupiter\junit-jupiter-api\5.10.1\junit-jupiter-api-5.10.1.jar;C:\Users\abuba\.m2\repository\org\junit\jupiter\junit-jupiter-params\5.10.1\junit-jupiter-params-5.10.1.jar;C:\Users\abuba\.m2\repository\org\junit\jupiter\junit-jupiter-engine\5.10.1\junit-jupiter-engine-5.10.1.jar;"/>
    <property name="java.vm.vendor" value="Oracle Corporation"/>
    <property name="sun.arch.data.model" value="64"/>
    <property name="user.variant" value=""/>
    <property name="java.vendor.url" value="https://java.oracle.com/"/>
    <property name="user.timezone" value="Asia/Dhaka"/>
    <property name="os.name" value="Windows 11"/>
    <property name="java.vm.specification.version" value="17"/>
    <property name="sun.java.launcher" value="SUN_STANDARD"/>
    <property name="user.country" value="US"/>
    <property name="sun.boot.library.path" value="C:\Program Files\Java\jdk-17\bin"/>
    <property name="sun.java.command" value="C:\Users\abuba\AppData\Local\Temp\surefire2177183095044675877\surefirebooter-20240114025041044_3.jar C:\Users\abuba\AppData\Local\Temp\surefire2177183095044675877 2024-01-14T02-50-40_923-jvmRun1 surefire-20240114025041044_1tmp surefire_0-20240114025041044_2tmp"/>
    <property name="jdk.debug" value="release"/>
    <property name="surefire.test.class.path" value="C:\Users\abuba\java_projects\weatherAppTest\target\test-classes;C:\Users\abuba\java_projects\weatherAppTest\target\classes;C:\Users\abuba\.m2\repository\io\appium\java-client\9.0.0\java-client-9.0.0.jar;C:\Users\abuba\.m2\repository\org\seleniumhq\selenium\selenium-api\4.16.1\selenium-api-4.16.1.jar;C:\Users\abuba\.m2\repository\org\seleniumhq\selenium\selenium-remote-driver\4.16.1\selenium-remote-driver-4.16.1.jar;C:\Users\abuba\.m2\repository\com\google\auto\service\auto-service-annotations\1.1.1\auto-service-annotations-1.1.1.jar;C:\Users\abuba\.m2\repository\com\google\guava\guava\32.1.2-jre\guava-32.1.2-jre.jar;C:\Users\abuba\.m2\repository\com\google\guava\failureaccess\1.0.1\failureaccess-1.0.1.jar;C:\Users\abuba\.m2\repository\com\google\guava\listenablefuture\9999.0-empty-to-avoid-conflict-with-guava\listenablefuture-9999.0-empty-to-avoid-conflict-with-guava.jar;C:\Users\abuba\.m2\repository\com\google\code\findbugs\jsr305\3.0.2\jsr305-3.0.2.jar;C:\Users\abuba\.m2\repository\org\checkerframework\checker-qual\3.33.0\checker-qual-3.33.0.jar;C:\Users\abuba\.m2\repository\com\google\errorprone\error_prone_annotations\2.18.0\error_prone_annotations-2.18.0.jar;C:\Users\abuba\.m2\repository\com\google\j2objc\j2objc-annotations\2.8\j2objc-annotations-2.8.jar;C:\Users\abuba\.m2\repository\io\opentelemetry\opentelemetry-api\1.28.0\opentelemetry-api-1.28.0.jar;C:\Users\abuba\.m2\repository\io\opentelemetry\opentelemetry-context\1.28.0\opentelemetry-context-1.28.0.jar;C:\Users\abuba\.m2\repository\io\opentelemetry\opentelemetry-exporter-logging\1.28.0\opentelemetry-exporter-logging-1.28.0.jar;C:\Users\abuba\.m2\repository\io\opentelemetry\opentelemetry-sdk-metrics\1.28.0\opentelemetry-sdk-metrics-1.28.0.jar;C:\Users\abuba\.m2\repository\io\opentelemetry\opentelemetry-extension-incubator\1.28.0-alpha\opentelemetry-extension-incubator-1.28.0-alpha.jar;C:\Users\abuba\.m2\repository\io\opentelemetry\opentelemetry-sdk-logs\1.28.0\opentelemetry-sdk-logs-1.28.0.jar;C:\Users\abuba\.m2\repository\io\opentelemetry\opentelemetry-sdk-common\1.28.0\opentelemetry-sdk-common-1.28.0.jar;C:\Users\abuba\.m2\repository\io\opentelemetry\opentelemetry-sdk-extension-autoconfigure-spi\1.28.0\opentelemetry-sdk-extension-autoconfigure-spi-1.28.0.jar;C:\Users\abuba\.m2\repository\io\opentelemetry\opentelemetry-sdk-extension-autoconfigure\1.28.0\opentelemetry-sdk-extension-autoconfigure-1.28.0.jar;C:\Users\abuba\.m2\repository\io\opentelemetry\opentelemetry-api-events\1.28.0-alpha\opentelemetry-api-events-1.28.0-alpha.jar;C:\Users\abuba\.m2\repository\io\opentelemetry\opentelemetry-sdk-trace\1.28.0\opentelemetry-sdk-trace-1.28.0.jar;C:\Users\abuba\.m2\repository\io\opentelemetry\opentelemetry-sdk\1.28.0\opentelemetry-sdk-1.28.0.jar;C:\Users\abuba\.m2\repository\io\opentelemetry\opentelemetry-semconv\1.28.0-alpha\opentelemetry-semconv-1.28.0-alpha.jar;C:\Users\abuba\.m2\repository\net\bytebuddy\byte-buddy\1.14.5\byte-buddy-1.14.5.jar;C:\Users\abuba\.m2\repository\org\seleniumhq\selenium\selenium-http\4.16.1\selenium-http-4.16.1.jar;C:\Users\abuba\.m2\repository\dev\failsafe\failsafe\3.3.2\failsafe-3.3.2.jar;C:\Users\abuba\.m2\repository\org\seleniumhq\selenium\selenium-json\4.16.1\selenium-json-4.16.1.jar;C:\Users\abuba\.m2\repository\org\seleniumhq\selenium\selenium-manager\4.16.1\selenium-manager-4.16.1.jar;C:\Users\abuba\.m2\repository\org\seleniumhq\selenium\selenium-os\4.16.1\selenium-os-4.16.1.jar;C:\Users\abuba\.m2\repository\org\apache\commons\commons-exec\1.3\commons-exec-1.3.jar;C:\Users\abuba\.m2\repository\org\seleniumhq\selenium\selenium-support\4.16.1\selenium-support-4.16.1.jar;C:\Users\abuba\.m2\repository\com\google\code\gson\gson\2.10.1\gson-2.10.1.jar;C:\Users\abuba\.m2\repository\org\slf4j\slf4j-api\2.0.9\slf4j-api-2.0.9.jar;C:\Users\abuba\.m2\repository\io\cucumber\cucumber-java\7.15.0\cucumber-java-7.15.0.jar;C:\Users\abuba\.m2\repository\io\cucumber\cucumber-core\7.15.0\cucumber-core-7.15.0.jar;C:\Users\abuba\.m2\repository\io\cucumber\cucumber-gherkin\7.15.0\cucumber-gherkin-7.15.0.jar;C:\Users\abuba\.m2\repository\io\cucumber\cucumber-gherkin-messages\7.15.0\cucumber-gherkin-messages-7.15.0.jar;C:\Users\abuba\.m2\repository\io\cucumber\gherkin\26.2.0\gherkin-26.2.0.jar;C:\Users\abuba\.m2\repository\io\cucumber\messages\22.0.0\messages-22.0.0.jar;C:\Users\abuba\.m2\repository\io\cucumber\tag-expressions\6.0.0\tag-expressions-6.0.0.jar;C:\Users\abuba\.m2\repository\io\cucumber\cucumber-expressions\17.0.1\cucumber-expressions-17.0.1.jar;C:\Users\abuba\.m2\repository\io\cucumber\datatable\7.15.0\datatable-7.15.0.jar;C:\Users\abuba\.m2\repository\io\cucumber\cucumber-plugin\7.15.0\cucumber-plugin-7.15.0.jar;C:\Users\abuba\.m2\repository\io\cucumber\docstring\7.15.0\docstring-7.15.0.jar;C:\Users\abuba\.m2\repository\io\cucumber\html-formatter\20.4.0\html-formatter-20.4.0.jar;C:\Users\abuba\.m2\repository\io\cucumber\junit-xml-formatter\0.2.0\junit-xml-formatter-0.2.0.jar;C:\Users\abuba\.m2\repository\io\cucumber\ci-environment\10.0.0\ci-environment-10.0.0.jar;C:\Users\abuba\.m2\repository\org\apiguardian\apiguardian-api\1.1.2\apiguardian-api-1.1.2.jar;C:\Users\abuba\.m2\repository\io\cucumber\cucumber-junit-platform-engine\7.15.0\cucumber-junit-platform-engine-7.15.0.jar;C:\Users\abuba\.m2\repository\org\junit\platform\junit-platform-engine\1.10.1\junit-platform-engine-1.10.1.jar;C:\Users\abuba\.m2\repository\org\opentest4j\opentest4j\1.3.0\opentest4j-1.3.0.jar;C:\Users\abuba\.m2\repository\org\junit\platform\junit-platform-commons\1.10.1\junit-platform-commons-1.10.1.jar;C:\Users\abuba\.m2\repository\org\junit\platform\junit-platform-suite\1.10.1\junit-platform-suite-1.10.1.jar;C:\Users\abuba\.m2\repository\org\junit\platform\junit-platform-suite-api\1.10.1\junit-platform-suite-api-1.10.1.jar;C:\Users\abuba\.m2\repository\org\junit\platform\junit-platform-suite-engine\1.10.1\junit-platform-suite-engine-1.10.1.jar;C:\Users\abuba\.m2\repository\org\junit\platform\junit-platform-suite-commons\1.10.1\junit-platform-suite-commons-1.10.1.jar;C:\Users\abuba\.m2\repository\org\junit\platform\junit-platform-launcher\1.10.1\junit-platform-launcher-1.10.1.jar;C:\Users\abuba\.m2\repository\org\junit\jupiter\junit-jupiter\5.10.1\junit-jupiter-5.10.1.jar;C:\Users\abuba\.m2\repository\org\junit\jupiter\junit-jupiter-api\5.10.1\junit-jupiter-api-5.10.1.jar;C:\Users\abuba\.m2\repository\org\junit\jupiter\junit-jupiter-params\5.10.1\junit-jupiter-params-5.10.1.jar;C:\Users\abuba\.m2\repository\org\junit\jupiter\junit-jupiter-engine\5.10.1\junit-jupiter-engine-5.10.1.jar;"/>
    <property name="sun.cpu.endian" value="little"/>
    <property name="user.home" value="C:\Users\abuba"/>
    <property name="user.language" value="en"/>
    <property name="java.specification.vendor" value="Oracle Corporation"/>
    <property name="java.version.date" value="2023-10-17"/>
    <property name="java.home" value="C:\Program Files\Java\jdk-17"/>
    <property name="file.separator" value="\"/>
    <property name="basedir" value="C:\Users\abuba\java_projects\weatherAppTest"/>
    <property name="java.vm.compressedOopsMode" value="Zero based"/>
    <property name="line.separator" value="&#10;"/>
    <property name="java.vm.specification.vendor" value="Oracle Corporation"/>
    <property name="java.specification.name" value="Java Platform API Specification"/>
    <property name="surefire.real.class.path" value="C:\Users\abuba\AppData\Local\Temp\surefire2177183095044675877\surefirebooter-20240114025041044_3.jar"/>
    <property name="user.script" value=""/>
    <property name="sun.management.compiler" value="HotSpot 64-Bit Tiered Compilers"/>
    <property name="java.runtime.version" value="17.0.9+11-LTS-201"/>
    <property name="user.name" value="abuba"/>
    <property name="path.separator" value=";"/>
    <property name="os.version" value="10.0"/>
    <property name="java.runtime.name" value="Java(TM) SE Runtime Environment"/>
    <property name="file.encoding" value="Cp1252"/>
    <property name="java.vm.name" value="Java HotSpot(TM) 64-Bit Server VM"/>
    <property name="localRepository" value="C:\Users\abuba\.m2\repository"/>
    <property name="cucumber.options" value="--plugin html:target/cucumber-reports"/>
    <property name="java.vendor.url.bug" value="https://bugreport.java.com/bugreport/"/>
    <property name="java.io.tmpdir" value="C:\Users\abuba\AppData\Local\Temp\"/>
    <property name="idea.version" value="2023.3.2"/>
    <property name="java.version" value="17.0.9"/>
    <property name="user.dir" value="C:\Users\abuba\java_projects\weatherAppTest"/>
    <property name="os.arch" value="amd64"/>
    <property name="java.vm.specification.name" value="Java Virtual Machine Specification"/>
    <property name="sun.os.patch.level" value=""/>
    <property name="native.encoding" value="Cp1252"/>
    <property name="java.library.path" value="C:\Program Files\Java\jdk-17\bin;C:\WINDOWS\Sun\Java\bin;C:\WINDOWS\system32;C:\WINDOWS;C:\Program Files\Common Files\Oracle\Java\javapath;C:\WINDOWS\system32;C:\WINDOWS;C:\WINDOWS\System32\Wbem;C:\WINDOWS\System32\WindowsPowerShell\v1.0\;C:\WINDOWS\System32\OpenSSH\;C:\Program Files\dotnet\;C:\Program Files (x86)\Groovy\bin;C:\Program Files\Git\cmd;C:\ProgramData\chocolatey\bin;C:\Users\abuba\OneDrive\Documents\Katalon Files\Katalon_Studio_Engine_Windows_64-9.1.0;C:\Users\abuba\OneDrive\Documents\Katalon Files\katalon-agent-win-x64-v2.0.0;C:\Program Files\nodejs\;C:\python3_12\Scripts;C:\python3_12;C:\Users\abuba\OneDrive\Documents\apache-maven-3.9.6-bin\apache-maven-3.9.6\bin;C:\Users\abuba\AppData\Local\Android\Sdk\platform-tools;C:\Users\abuba\AppData\Local\Programs\Python\Launcher\;C:\Users\abuba\AppData\Local\Microsoft\WindowsApps;C:\Users\abuba\AppData\Local\Programs\oh-my-posh\bin;C:\Users\abuba\AppData\Local\Programs\Microsoft VS Code\bin;C:\Users\abuba\AppData\Roaming\npm;C:\Users\abuba\AppData\Local\JetBrains\Toolbox\scripts;C:\python3_12;C:\python3_12\Scripts;;."/>
    <property name="java.vm.info" value="mixed mode, sharing"/>
    <property name="java.vendor" value="Oracle Corporation"/>
    <property name="java.vm.version" value="17.0.9+11-LTS-201"/>
    <property name="sun.io.unicode.encoding" value="UnicodeLittle"/>
    <property name="java.class.version" value="61.0"/>
  </properties>
  <testcase name="Verify the displays current weather forcast including temperature and conditions" classname="Weather Application Test" time="0.857">
    <error message="Could not start a new session. Response code 500. Message: An unknown server-side error occurred while processing the command. Original error: Check https://github.com/appium/appium/issues/13802 for throubleshooting. Error executing adbExec. Original error: &apos;Command &apos;C:\\Users\\abuba\\AppData\\Local\\Android\\Sdk\\platform-tools\\adb.exe -P 5037 -s VCQ47TS8RCPFOZLN shell &apos;settings delete global hidden_api_policy_pre_p_apps;settings delete global hidden_api_policy_p_apps;settings delete global hidden_api_policy&apos;&apos; exited with code 255&apos;; Command output: &#10;Exception occurred while executing &apos;delete&apos;:&#10;java.lang.SecurityException: Permission denial: writing to settings requires:android.permission.WRITE_SECURE_SETTINGS&#10;	at com.android.providers.settings.SettingsProvider.enforceWritePermission(SettingsProvider.java:2374)&#10;	at com.android.providers.settings.SettingsProvider.mutateGlobalSetting(SettingsProvider.java:1413)&#10;	at com.android.providers.settings.SettingsProvider.mutateGlobalSetting(SettingsProvider.java:1405)&#10;	at com.android.providers.settings.SettingsProvider.deleteGlobalSetting(SettingsProvider.java:1376)&#10;	at com.android.providers.settings.SettingsProvider.call(SettingsProvider.java:561)&#10;	at android.content.ContentProvider.call(ContentProvider.java:2448)&#10;	at android.content.ContentProvider$Transport.call(ContentProvider.java:517)&#10;	at com.android.providers.settings.SettingsService$MyShellCommand.deleteForUser(SettingsService.java:399)&#10;	at com.android.providers.settings.SettingsService$MyShellCommand.onCommand(SettingsService.java:281)&#10;	at android.os.BasicShellCommandHandler.exec(BasicShellCommandHandler.java:98)&#10;	at android.os.ShellCommand.exec(ShellCommand.java:44)&#10;	at com.android.providers.settings.SettingsService.onShellCommand(SettingsService.java:49)&#10;	at android.os.Binder.shellCommand(Binder.java:936)&#10;	at android.os.Binder.onTransact(Binder.java:820)&#10;	at android.os.Binder.execTransactInternal(Binder.java:1166)&#10;	at android.os.Binder.execTransact(Binder.java:1130)&#10;&#10;Exception occurred while executing &apos;delete&apos;:&#10;java.lang.SecurityException: Permission denial: writing to settings requires:android.permission.WRITE_SECURE_SETTINGS&#10;	at com.android.providers.settings.SettingsProvider.enforceWritePermission(SettingsProvider.java:2374)&#10;	at com.android.providers.settings.SettingsProvider.mutateGlobalSetting(SettingsProvider.java:1413)&#10;	at com.android.providers.settings.SettingsProvider.mutateGlobalSetting(SettingsProvider.java:1405)&#10;	at com.android.providers.settings.SettingsProvider.deleteGlobalSetting(SettingsProvider.java:1376)&#10;	at com.android.providers.settings.SettingsProvider.call(SettingsProvider.java:561)&#10;	at android.content.ContentProvider.call(ContentProvider.java:2448)&#10;	at android.content.ContentProvider$Transport.call(ContentProvider.java:517)&#10;	at com.android.providers.settings.SettingsService$MyShellCommand.deleteForUser(SettingsService.java:399)&#10;	at com.android.providers.settings.SettingsService$MyShellCommand.onCommand(SettingsService.java:281)&#10;	at android.os.BasicShellCommandHandler.exec(BasicShellCommandHandler.java:98)&#10;	at android.os.ShellCommand.exec(ShellCommand.java:44)&#10;	at com.android.providers.settings.SettingsService.onShellCommand(SettingsService.java:49)&#10;	at android.os.Binder.shellCommand(Binder.java:936)&#10;	at android.os.Binder.onTransact(Binder.java:820)&#10;	at android.os.Binder.execTransactInternal(Binder.java:1166)&#10;	at android.os.Binder.execTransact(Binder.java:1130)&#10;&#10;Exception occurred while executing &apos;delete&apos;:&#10;java.lang.SecurityException: Permission denial: writing to settings requires:android.permission.WRITE_SECURE_SETTINGS&#10;	at com.android.providers.settings.SettingsProvider.enforceWritePermission(SettingsProvider.java:2374)&#10;	at com.android.providers.settings.SettingsProvider.mutateGlobalSetting(SettingsProvider.java:1413)&#10;	at com.android.providers.settings.SettingsProvider.mutateGlobalSetting(SettingsProvider.java:1405)&#10;	at com.android.providers.settings.SettingsProvider.deleteGlobalSetting(SettingsProvider.java:1376)&#10;	at com.android.providers.settings.SettingsProvider.call(SettingsProvider.java:561)&#10;	at android.content.ContentProvider.call(ContentProvider.java:2448)&#10;	at android.content.ContentProvider$Transport.call(ContentProvider.java:517)&#10;	at com.android.providers.settings.SettingsService$MyShellCommand.deleteForUser(SettingsService.java:399)&#10;	at com.android.providers.settings.SettingsService$MyShellCommand.onCommand(SettingsService.java:281)&#10;	at android.os.BasicShellCommandHandler.exec(BasicShellCommandHandler.java:98)&#10;	at android.os.ShellCommand.exec(ShellCommand.java:44)&#10;	at com.android.providers.settings.SettingsService.onShellCommand(SettingsService.java:49)&#10;	at android.os.Binder.shellCommand(Binder.java:936)&#10;	at android.os.Binder.onTransact(Binder.java:820)&#10;	at android.os.Binder.execTransactInternal(Binder.java:1166)&#10;	at android.os.Binder.execTransact(Binder.java:1130)&#10; &#10;Host info: host: &apos;ACRA750&apos;, ip: &apos;10.0.0.100&apos;&#10;Build info: version: &apos;4.16.1&apos;, revision: &apos;9b4c83354e&apos;&#10;System info: os.name: &apos;Windows 11&apos;, os.arch: &apos;amd64&apos;, os.version: &apos;10.0&apos;, java.version: &apos;17.0.9&apos;&#10;Driver info: io.appium.java_client.android.AndroidDriver&#10;Command: [null, newSession {capabilities=[{appium:udid=VCQ47TS8RCPFOZLN, platformName=ANDROID, appium:automationName=UIAutomator2, appium:app=src/test/resources/apk/app-debug.apk}], desiredCapabilities=Capabilities {appium:app: src/test/resources/apk/app-..., appium:automationName: UIAutomator2, appium:udid: VCQ47TS8RCPFOZLN, platformName: ANDROID}}]&#10;Capabilities {appium:app: src/test/resources/apk/app-..., appium:automationName: UIAutomator2, appium:udid: VCQ47TS8RCPFOZLN, platformName: ANDROID}" type="org.openqa.selenium.SessionNotCreatedException"><![CDATA[org.openqa.selenium.SessionNotCreatedException: 
Could not start a new session. Response code 500. Message: An unknown server-side error occurred while processing the command. Original error: Check https://github.com/appium/appium/issues/13802 for throubleshooting. Error executing adbExec. Original error: 'Command 'C:\\Users\\abuba\\AppData\\Local\\Android\\Sdk\\platform-tools\\adb.exe -P 5037 -s VCQ47TS8RCPFOZLN shell 'settings delete global hidden_api_policy_pre_p_apps;settings delete global hidden_api_policy_p_apps;settings delete global hidden_api_policy'' exited with code 255'; Command output: 
Exception occurred while executing 'delete':
java.lang.SecurityException: Permission denial: writing to settings requires:android.permission.WRITE_SECURE_SETTINGS
	at com.android.providers.settings.SettingsProvider.enforceWritePermission(SettingsProvider.java:2374)
	at com.android.providers.settings.SettingsProvider.mutateGlobalSetting(SettingsProvider.java:1413)
	at com.android.providers.settings.SettingsProvider.mutateGlobalSetting(SettingsProvider.java:1405)
	at com.android.providers.settings.SettingsProvider.deleteGlobalSetting(SettingsProvider.java:1376)
	at com.android.providers.settings.SettingsProvider.call(SettingsProvider.java:561)
	at android.content.ContentProvider.call(ContentProvider.java:2448)
	at android.content.ContentProvider$Transport.call(ContentProvider.java:517)
	at com.android.providers.settings.SettingsService$MyShellCommand.deleteForUser(SettingsService.java:399)
	at com.android.providers.settings.SettingsService$MyShellCommand.onCommand(SettingsService.java:281)
	at android.os.BasicShellCommandHandler.exec(BasicShellCommandHandler.java:98)
	at android.os.ShellCommand.exec(ShellCommand.java:44)
	at com.android.providers.settings.SettingsService.onShellCommand(SettingsService.java:49)
	at android.os.Binder.shellCommand(Binder.java:936)
	at android.os.Binder.onTransact(Binder.java:820)
	at android.os.Binder.execTransactInternal(Binder.java:1166)
	at android.os.Binder.execTransact(Binder.java:1130)

Exception occurred while executing 'delete':
java.lang.SecurityException: Permission denial: writing to settings requires:android.permission.WRITE_SECURE_SETTINGS
	at com.android.providers.settings.SettingsProvider.enforceWritePermission(SettingsProvider.java:2374)
	at com.android.providers.settings.SettingsProvider.mutateGlobalSetting(SettingsProvider.java:1413)
	at com.android.providers.settings.SettingsProvider.mutateGlobalSetting(SettingsProvider.java:1405)
	at com.android.providers.settings.SettingsProvider.deleteGlobalSetting(SettingsProvider.java:1376)
	at com.android.providers.settings.SettingsProvider.call(SettingsProvider.java:561)
	at android.content.ContentProvider.call(ContentProvider.java:2448)
	at android.content.ContentProvider$Transport.call(ContentProvider.java:517)
	at com.android.providers.settings.SettingsService$MyShellCommand.deleteForUser(SettingsService.java:399)
	at com.android.providers.settings.SettingsService$MyShellCommand.onCommand(SettingsService.java:281)
	at android.os.BasicShellCommandHandler.exec(BasicShellCommandHandler.java:98)
	at android.os.ShellCommand.exec(ShellCommand.java:44)
	at com.android.providers.settings.SettingsService.onShellCommand(SettingsService.java:49)
	at android.os.Binder.shellCommand(Binder.java:936)
	at android.os.Binder.onTransact(Binder.java:820)
	at android.os.Binder.execTransactInternal(Binder.java:1166)
	at android.os.Binder.execTransact(Binder.java:1130)

Exception occurred while executing 'delete':
java.lang.SecurityException: Permission denial: writing to settings requires:android.permission.WRITE_SECURE_SETTINGS
	at com.android.providers.settings.SettingsProvider.enforceWritePermission(SettingsProvider.java:2374)
	at com.android.providers.settings.SettingsProvider.mutateGlobalSetting(SettingsProvider.java:1413)
	at com.android.providers.settings.SettingsProvider.mutateGlobalSetting(SettingsProvider.java:1405)
	at com.android.providers.settings.SettingsProvider.deleteGlobalSetting(SettingsProvider.java:1376)
	at com.android.providers.settings.SettingsProvider.call(SettingsProvider.java:561)
	at android.content.ContentProvider.call(ContentProvider.java:2448)
	at android.content.ContentProvider$Transport.call(ContentProvider.java:517)
	at com.android.providers.settings.SettingsService$MyShellCommand.deleteForUser(SettingsService.java:399)
	at com.android.providers.settings.SettingsService$MyShellCommand.onCommand(SettingsService.java:281)
	at android.os.BasicShellCommandHandler.exec(BasicShellCommandHandler.java:98)
	at android.os.ShellCommand.exec(ShellCommand.java:44)
	at com.android.providers.settings.SettingsService.onShellCommand(SettingsService.java:49)
	at android.os.Binder.shellCommand(Binder.java:936)
	at android.os.Binder.onTransact(Binder.java:820)
	at android.os.Binder.execTransactInternal(Binder.java:1166)
	at android.os.Binder.execTransact(Binder.java:1130)
 
Host info: host: 'ACRA750', ip: '10.0.0.100'
Build info: version: '4.16.1', revision: '9b4c83354e'
System info: os.name: 'Windows 11', os.arch: 'amd64', os.version: '10.0', java.version: '17.0.9'
Driver info: io.appium.java_client.android.AndroidDriver
Command: [null, newSession {capabilities=[{appium:udid=VCQ47TS8RCPFOZLN, platformName=ANDROID, appium:automationName=UIAutomator2, appium:app=src/test/resources/apk/app-debug.apk}], desiredCapabilities=Capabilities {appium:app: src/test/resources/apk/app-..., appium:automationName: UIAutomator2, appium:udid: VCQ47TS8RCPFOZLN, platformName: ANDROID}}]
Capabilities {appium:app: src/test/resources/apk/app-..., appium:automationName: UIAutomator2, appium:udid: VCQ47TS8RCPFOZLN, platformName: ANDROID}
	at org.openqa.selenium.remote.ProtocolHandshake.createSession(ProtocolHandshake.java:140)
	at java.base/java.lang.reflect.Method.invoke(Method.java:568)
	at io.appium.java_client.remote.AppiumProtocolHandshake.createSession(AppiumProtocolHandshake.java:133)
	at io.appium.java_client.remote.AppiumProtocolHandshake.createSession(AppiumProtocolHandshake.java:102)
	at io.appium.java_client.remote.AppiumCommandExecutor.createSession(AppiumCommandExecutor.java:177)
	at io.appium.java_client.remote.AppiumCommandExecutor.execute(AppiumCommandExecutor.java:238)
	at org.openqa.selenium.remote.RemoteWebDriver.execute(RemoteWebDriver.java:523)
	at io.appium.java_client.AppiumDriver.startSession(AppiumDriver.java:268)
	at org.openqa.selenium.remote.RemoteWebDriver.<init>(RemoteWebDriver.java:164)
	at io.appium.java_client.AppiumDriver.<init>(AppiumDriver.java:90)
	at io.appium.java_client.AppiumDriver.<init>(AppiumDriver.java:102)
	at io.appium.java_client.android.AndroidDriver.<init>(AndroidDriver.java:109)
	at weatherAppTest.StepDefinitions.doSomethingBefore(StepDefinitions.java:48)
]]></error>
    <system-out><![CDATA[Before All
&amp#27;[35m[Appium]&amp#27;[39m Welcome to Appium v2.4.1
&amp#27;[35m[Appium]&amp#27;[39m The autodetected Appium home path: C:\Users\abuba\.appium
&amp#27;[35m[Appium]&amp#27;[39m Attempting to load driver uiautomator2...
&amp#27;[35m[Appium]&amp#27;[39m Requiring driver at C:\Users\abuba\.appium\node_modules\appium-uiautomator2-driver\build\index.js
&amp#27;[35m[Appium]&amp#27;[39m AndroidUiautomator2Driver has been successfully loaded in 0.536s
&amp#27;[35m[Appium]&amp#27;[39m Appium REST http interface listener started on http://0.0.0.0:4723
&amp#27;[35m[Appium]&amp#27;[39m You can provide the following URLs in your client code to connect to this server:
&amp#27;[35m[Appium]&amp#27;[39m 	http://10.0.0.100:4723/
&amp#27;[35m[Appium]&amp#27;[39m 	http://127.0.0.1:4723/ (only accessible from the same host)
&amp#27;[35m[Appium]&amp#27;[39m Available drivers:
&amp#27;[35m[Appium]&amp#27;[39m   - uiautomator2@2.42.0 (automationName 'UiAutomator2')
&amp#27;[35m[Appium]&amp#27;[39m No plugins have been installed. Use the "appium plugin" command to install the one(s) you want to use.
&amp#27;[38;5;0m[HTTP]&amp#27;[0m &amp#27;[37m-->&amp#27;[39m &amp#27;[37mGET&amp#27;[39m &amp#27;[37m/status&amp#27;[39m
&amp#27;[38;5;0m[HTTP]&amp#27;[0m &amp#27;[90m{}&amp#27;[39m
&amp#27;[38;5;16m[AppiumDriver@f062]&amp#27;[0m Calling AppiumDriver.getStatus() with args: []
&amp#27;[38;5;16m[AppiumDriver@f062]&amp#27;[0m Responding to client with driver.getStatus() result: {"ready":true,"message":"The server is ready to accept new connections","build":{"version":"2.4.1"}}
&amp#27;[38;5;0m[HTTP]&amp#27;[0m &amp#27;[37m<-- GET /status &amp#27;[39m&amp#27;[32m200&amp#27;[39m &amp#27;[90m3 ms - 110&amp#27;[39m
&amp#27;[38;5;0m[HTTP]&amp#27;[0m &amp#27;[90m&amp#27;[39m

Scenario: Verify the displays current weather forcast including temperature and conditions      &amp#27;[90m# features/weatherAppTest.feature:3&amp#27;[0m
&amp#27;[38;5;0m[HTTP]&amp#27;[0m Request idempotency key: 9b4cc91f-d903-46f6-bb35-6216d5eadfcc
&amp#27;[38;5;0m[HTTP]&amp#27;[0m &amp#27;[37m-->&amp#27;[39m &amp#27;[37mPOST&amp#27;[39m &amp#27;[37m/session&amp#27;[39m
&amp#27;[38;5;0m[HTTP]&amp#27;[0m &amp#27;[90m{"capabilities":{"firstMatch":[{}],"alwaysMatch":{"appium:app":"src/test/resources/apk/app-debug.apk","appium:automationName":"UIAutomator2","appium:udid":"VCQ47TS8RCPFOZLN","platformName":"ANDROID"}}}&amp#27;[39m
&amp#27;[38;5;16m[AppiumDriver@f062]&amp#27;[0m Calling AppiumDriver.createSession() with args: [null,null,{"firstMatch":[{}],"alwaysMatch":{"appium:app":"src/test/resources/apk/app-debug.apk","appium:automationName":"UIAutomator2","appium:udid":"VCQ47TS8RCPFOZLN","platformName":"ANDROID"}}]
&amp#27;[38;5;16m[AppiumDriver@f062]&amp#27;[0m Event 'newSessionRequested' logged at 1705179044031 (02:50:44 GMT+0600 (Bangladesh Standard Time))
&amp#27;[35m[Appium]&amp#27;[39m Attempting to find matching driver for automationName 'UIAutomator2' and platformName 'ANDROID'
&amp#27;[35m[Appium]&amp#27;[39m The 'uiautomator2' driver was installed and matched caps.
&amp#27;[35m[Appium]&amp#27;[39m Will require it at C:\Users\abuba\.appium\node_modules\appium-uiautomator2-driver
&amp#27;[35m[Appium]&amp#27;[39m Requiring driver at C:\Users\abuba\.appium\node_modules\appium-uiautomator2-driver\build\index.js
&amp#27;[38;5;16m[AppiumDriver@f062]&amp#27;[0m Appium v2.4.1 creating new AndroidUiautomator2Driver (v2.42.0) session
&amp#27;[38;5;16m[AppiumDriver@f062]&amp#27;[0m Checking BaseDriver versions for Appium and AndroidUiautomator2Driver
&amp#27;[38;5;16m[AppiumDriver@f062]&amp#27;[0m Appium's BaseDriver version is 9.5.0
&amp#27;[38;5;16m[AppiumDriver@f062]&amp#27;[0m AndroidUiautomator2Driver's BaseDriver version is 9.5.0
&amp#27;[38;5;32m[AndroidUiautomator2Driver@f203]&amp#27;[0m Creating session with W3C capabilities: {
&amp#27;[38;5;32m[AndroidUiautomator2Driver@f203]&amp#27;[0m   "alwaysMatch": {
&amp#27;[38;5;32m[AndroidUiautomator2Driver@f203]&amp#27;[0m     "platformName": "ANDROID",
&amp#27;[38;5;32m[AndroidUiautomator2Driver@f203]&amp#27;[0m     "appium:app": "src/test/resources/apk/app-debug.apk",
&amp#27;[38;5;32m[AndroidUiautomator2Driver@f203]&amp#27;[0m     "appium:automationName": "UIAutomator2",
&amp#27;[38;5;32m[AndroidUiautomator2Driver@f203]&amp#27;[0m     "appium:udid": "VCQ47TS8RCPFOZLN"
&amp#27;[38;5;32m[AndroidUiautomator2Driver@f203]&amp#27;[0m   },
&amp#27;[38;5;32m[AndroidUiautomator2Driver@f203]&amp#27;[0m   "firstMatch": [
&amp#27;[38;5;32m[AndroidUiautomator2Driver@f203]&amp#27;[0m     {}
&amp#27;[38;5;32m[AndroidUiautomator2Driver@f203]&amp#27;[0m   ]
&amp#27;[38;5;32m[AndroidUiautomator2Driver@f203]&amp#27;[0m }
&amp#27;[38;5;32m[AndroidUiautomator2Driver@f203 (8922ad12)]&amp#27;[0m Session created with session id: 8922ad12-6d75-45d0-a903-8720d2f4de9e
&amp#27;[38;5;48m[BaseDriver]&amp#27;[0m Using local app 'src/test/resources/apk/app-debug.apk'
&amp#27;[38;5;48m[BaseDriver]&amp#27;[0m The current application path 'src/test/resources/apk/app-debug.apk' is not absolute and has been rewritten to 'C:\Users\abuba\java_projects\weatherAppTest\src\test\resources\apk\app-debug.apk'. Consider using absolute paths rather than relative
&amp#27;[38;5;32m[AndroidUiautomator2Driver@f203 (8922ad12)]&amp#27;[0m Checking whether app is actually present
&amp#27;[38;5;64m[ADB]&amp#27;[0m Found 1 'build-tools' folders under 'C:\Users\abuba\AppData\Local\Android\Sdk' (newest first):
&amp#27;[38;5;64m[ADB]&amp#27;[0m     C:\Users\abuba\AppData\Local\Android\Sdk\build-tools\34.0.0
&amp#27;[38;5;64m[ADB]&amp#27;[0m Using 'adb.exe' from 'C:\Users\abuba\AppData\Local\Android\Sdk\platform-tools\adb.exe'
&amp#27;[38;5;64m[ADB]&amp#27;[0m Running 'C:\Users\abuba\AppData\Local\Android\Sdk\platform-tools\adb.exe -P 5037 start-server'
&amp#27;[38;5;80m[AndroidDriver]&amp#27;[0m Retrieving device list
&amp#27;[38;5;64m[ADB]&amp#27;[0m Trying to find connected Android devices
&amp#27;[38;5;64m[ADB]&amp#27;[0m Getting connected devices
&amp#27;[38;5;64m[ADB]&amp#27;[0m Connected devices: [{"udid":"VCQ47TS8RCPFOZLN","state":"device"}]
&amp#27;[38;5;80m[AndroidDriver]&amp#27;[0m Using device: VCQ47TS8RCPFOZLN
&amp#27;[38;5;64m[ADB]&amp#27;[0m Using 'adb.exe' from 'C:\Users\abuba\AppData\Local\Android\Sdk\platform-tools\adb.exe'
&amp#27;[38;5;64m[ADB]&amp#27;[0m Running 'C:\Users\abuba\AppData\Local\Android\Sdk\platform-tools\adb.exe -P 5037 start-server'
&amp#27;[38;5;64m[ADB]&amp#27;[0m Setting device id to VCQ47TS8RCPFOZLN
&amp#27;[38;5;64m[ADB]&amp#27;[0m Running 'C:\Users\abuba\AppData\Local\Android\Sdk\platform-tools\adb.exe -P 5037 -s VCQ47TS8RCPFOZLN shell getprop ro.build.version.sdk'
&amp#27;[38;5;64m[ADB]&amp#27;[0m Current device property 'ro.build.version.sdk': 30
&amp#27;[38;5;64m[ADB]&amp#27;[0m Getting device platform version
&amp#27;[38;5;64m[ADB]&amp#27;[0m Running 'C:\Users\abuba\AppData\Local\Android\Sdk\platform-tools\adb.exe -P 5037 -s VCQ47TS8RCPFOZLN shell getprop ro.build.version.release'
&amp#27;[38;5;64m[ADB]&amp#27;[0m Current device property 'ro.build.version.release': 11
&amp#27;[38;5;64m[ADB]&amp#27;[0m Device API level: 30
&amp#27;[38;5;32m[AndroidUiautomator2Driver@f203 (8922ad12)]&amp#27;[0m Relaxing hidden api policy
&amp#27;[38;5;64m[ADB]&amp#27;[0m Running 'C:\Users\abuba\AppData\Local\Android\Sdk\platform-tools\adb.exe -P 5037 -s VCQ47TS8RCPFOZLN shell 'settings put global hidden_api_policy_pre_p_apps 1;settings put global hidden_api_policy_p_apps 1;settings put global hidden_api_policy 1''
&amp#27;[38;5;32m[AndroidUiautomator2Driver@f203 (8922ad12)]&amp#27;[0m Hidden API policy (https://developer.android.com/guide/app-compatibility/restrictions-non-sdk-interfaces) cannot be enabled. This might be happening because the device under test is not configured properly. Please check https://github.com/appium/appium/issues/13802 for more details. You could also set the "appium:ignoreHiddenApiPolicyError" capability to true in order to ignore this error, which might later lead to unexpected crashes or behavior of the automation server. Original error: Check https://github.com/appium/appium/issues/13802 for throubleshooting. Error executing adbExec. Original error: 'Command 'C:\\Users\\abuba\\AppData\\Local\\Android\\Sdk\\platform-tools\\adb.exe -P 5037 -s VCQ47TS8RCPFOZLN shell 'settings put global hidden_api_policy_pre_p_apps 1;settings put global hidden_api_policy_p_apps 1;settings put global hidden_api_policy 1'' exited with code 255'; Command output: 
&amp#27;[38;5;32m[AndroidUiautomator2Driver@f203 (8922ad12)]&amp#27;[0m Exception occurred while executing 'put':
&amp#27;[38;5;32m[AndroidUiautomator2Driver@f203 (8922ad12)]&amp#27;[0m java.lang.SecurityException: Permission denial: writing to settings requires:android.permission.WRITE_SECURE_SETTINGS
&amp#27;[38;5;32m[AndroidUiautomator2Driver@f203 (8922ad12)]&amp#27;[0m 	at com.android.providers.settings.SettingsProvider.enforceWritePermission(SettingsProvider.java:2374)
&amp#27;[38;5;32m[AndroidUiautomator2Driver@f203 (8922ad12)]&amp#27;[0m 	at com.android.providers.settings.SettingsProvider.mutateGlobalSetting(SettingsProvider.java:1413)
&amp#27;[38;5;32m[AndroidUiautomator2Driver@f203 (8922ad12)]&amp#27;[0m 	at com.android.providers.settings.SettingsProvider.insertGlobalSetting(SettingsProvider.java:1367)
&amp#27;[38;5;32m[AndroidUiautomator2Driver@f203 (8922ad12)]&amp#27;[0m 	at com.android.providers.settings.SettingsProvider.call(SettingsProvider.java:501)
&amp#27;[38;5;32m[AndroidUiautomator2Driver@f203 (8922ad12)]&amp#27;[0m 	at android.content.ContentProvider.call(ContentProvider.java:2448)
&amp#27;[38;5;32m[AndroidUiautomator2Driver@f203 (8922ad12)]&amp#27;[0m 	at android.content.ContentProvider$Transport.call(ContentProvider.java:517)
&amp#27;[38;5;32m[AndroidUiautomator2Driver@f203 (8922ad12)]&amp#27;[0m 	at com.android.providers.settings.SettingsService$MyShellCommand.putForUser(SettingsService.java:375)
&amp#27;[38;5;32m[AndroidUiautomator2Driver@f203 (8922ad12)]&amp#27;[0m 	at com.android.providers.settings.SettingsService$MyShellCommand.onCommand(SettingsService.java:277)
&amp#27;[38;5;32m[AndroidUiautomator2Driver@f203 (8922ad12)]&amp#27;[0m 	at android.os.BasicShellCommandHandler.exec(BasicShellCommandHandler.java:98)
&amp#27;[38;5;32m[AndroidUiautomator2Driver@f203 (8922ad12)]&amp#27;[0m 	at android.os.ShellCommand.exec(ShellCommand.java:44)
&amp#27;[38;5;32m[AndroidUiautomator2Driver@f203 (8922ad12)]&amp#27;[0m 	at com.android.providers.settings.SettingsService.onShellCommand(SettingsService.java:49)
&amp#27;[38;5;32m[AndroidUiautomator2Driver@f203 (8922ad12)]&amp#27;[0m 	at android.os.Binder.shellCommand(Binder.java:936)
&amp#27;[38;5;32m[AndroidUiautomator2Driver@f203 (8922ad12)]&amp#27;[0m 	at android.os.Binder.onTransact(Binder.java:820)
&amp#27;[38;5;32m[AndroidUiautomator2Driver@f203 (8922ad12)]&amp#27;[0m 	at android.os.Binder.execTransactInternal(Binder.java:1166)
&amp#27;[38;5;32m[AndroidUiautomator2Driver@f203 (8922ad12)]&amp#27;[0m 	at android.os.Binder.execTransact(Binder.java:1130)
&amp#27;[38;5;32m[AndroidUiautomator2Driver@f203 (8922ad12)]&amp#27;[0m 
&amp#27;[38;5;32m[AndroidUiautomator2Driver@f203 (8922ad12)]&amp#27;[0m Exception occurred while executing 'put':
&amp#27;[38;5;32m[AndroidUiautomator2Driver@f203 (8922ad12)]&amp#27;[0m java.lang.SecurityException: Permission denial: writing to settings requires:android.permission.WRITE_SECURE_SETTINGS
&amp#27;[38;5;32m[AndroidUiautomator2Driver@f203 (8922ad12)]&amp#27;[0m 	at com.android.providers.settings.SettingsProvider.enforceWritePermission(SettingsProvider.java:2374)
&amp#27;[38;5;32m[AndroidUiautomator2Driver@f203 (8922ad12)]&amp#27;[0m 	at com.android.providers.settings.SettingsProvider.mutateGlobalSetting(SettingsProvider.java:1413)
&amp#27;[38;5;32m[AndroidUiautomator2Driver@f203 (8922ad12)]&amp#27;[0m 	at com.android.providers.settings.SettingsProvider.insertGlobalSetting(SettingsProvider.java:1367)
&amp#27;[38;5;32m[AndroidUiautomator2Driver@f203 (8922ad12)]&amp#27;[0m 	at com.android.providers.settings.SettingsProvider.call(SettingsProvider.java:501)
&amp#27;[38;5;32m[AndroidUiautomator2Driver@f203 (8922ad12)]&amp#27;[0m 	at android.content.ContentProvider.call(ContentProvider.java:2448)
&amp#27;[38;5;32m[AndroidUiautomator2Driver@f203 (8922ad12)]&amp#27;[0m 	at android.content.ContentProvider$Transport.call(ContentProvider.java:517)
&amp#27;[38;5;32m[AndroidUiautomator2Driver@f203 (8922ad12)]&amp#27;[0m 	at com.android.providers.settings.SettingsService$MyShellCommand.putForUser(SettingsService.java:375)
&amp#27;[38;5;32m[AndroidUiautomator2Driver@f203 (8922ad12)]&amp#27;[0m 	at com.android.providers.settings.SettingsService$MyShellCommand.onCommand(SettingsService.java:277)
&amp#27;[38;5;32m[AndroidUiautomator2Driver@f203 (8922ad12)]&amp#27;[0m 	at android.os.BasicShellCommandHandler.exec(BasicShellCommandHandler.java:98)
&amp#27;[38;5;32m[AndroidUiautomator2Driver@f203 (8922ad12)]&amp#27;[0m 	at android.os.ShellCommand.exec(ShellCommand.java:44)
&amp#27;[38;5;32m[AndroidUiautomator2Driver@f203 (8922ad12)]&amp#27;[0m 	at com.android.providers.settings.SettingsService.onShellCommand(SettingsService.java:49)
&amp#27;[38;5;32m[AndroidUiautomator2Driver@f203 (8922ad12)]&amp#27;[0m 	at android.os.Binder.shellCommand(Binder.java:936)
&amp#27;[38;5;32m[AndroidUiautomator2Driver@f203 (8922ad12)]&amp#27;[0m 	at android.os.Binder.onTransact(Binder.java:820)
&amp#27;[38;5;32m[AndroidUiautomator2Driver@f203 (8922ad12)]&amp#27;[0m 	at android.os.Binder.execTransactInternal(Binder.java:1166)
&amp#27;[38;5;32m[AndroidUiautomator2Driver@f203 (8922ad12)]&amp#27;[0m 	at android.os.Binder.execTransact(Binder.java:1130)
&amp#27;[38;5;32m[AndroidUiautomator2Driver@f203 (8922ad12)]&amp#27;[0m 
&amp#27;[38;5;32m[AndroidUiautomator2Driver@f203 (8922ad12)]&amp#27;[0m Exception occurred while executing 'put':
&amp#27;[38;5;32m[AndroidUiautomator2Driver@f203 (8922ad12)]&amp#27;[0m java.lang.SecurityException: Permission denial: writing to settings requires:android.permission.WRITE_SECURE_SETTINGS
&amp#27;[38;5;32m[AndroidUiautomator2Driver@f203 (8922ad12)]&amp#27;[0m 	at com.android.providers.settings.SettingsProvider.enforceWritePermission(SettingsProvider.java:2374)
&amp#27;[38;5;32m[AndroidUiautomator2Driver@f203 (8922ad12)]&amp#27;[0m 	at com.android.providers.settings.SettingsProvider.mutateGlobalSetting(SettingsProvider.java:1413)
&amp#27;[38;5;32m[AndroidUiautomator2Driver@f203 (8922ad12)]&amp#27;[0m 	at com.android.providers.settings.SettingsProvider.insertGlobalSetting(SettingsProvider.java:1367)
&amp#27;[38;5;32m[AndroidUiautomator2Driver@f203 (8922ad12)]&amp#27;[0m 	at com.android.providers.settings.SettingsProvider.call(SettingsProvider.java:501)
&amp#27;[38;5;32m[AndroidUiautomator2Driver@f203 (8922ad12)]&amp#27;[0m 	at android.content.ContentProvider.call(ContentProvider.java:2448)
&amp#27;[38;5;32m[AndroidUiautomator2Driver@f203 (8922ad12)]&amp#27;[0m 	at android.content.ContentProvider$Transport.call(ContentProvider.java:517)
&amp#27;[38;5;32m[AndroidUiautomator2Driver@f203 (8922ad12)]&amp#27;[0m 	at com.android.providers.settings.SettingsService$MyShellCommand.putForUser(SettingsService.java:375)
&amp#27;[38;5;32m[AndroidUiautomator2Driver@f203 (8922ad12)]&amp#27;[0m 	at com.android.providers.settings.SettingsService$MyShellCommand.onCommand(SettingsService.java:277)
&amp#27;[38;5;32m[AndroidUiautomator2Driver@f203 (8922ad12)]&amp#27;[0m 	at android.os.BasicShellCommandHandler.exec(BasicShellCommandHandler.java:98)
&amp#27;[38;5;32m[AndroidUiautomator2Driver@f203 (8922ad12)]&amp#27;[0m 	at android.os.ShellCommand.exec(ShellCommand.java:44)
&amp#27;[38;5;32m[AndroidUiautomator2Driver@f203 (8922ad12)]&amp#27;[0m 	at com.android.providers.settings.SettingsService.onShellCommand(SettingsService.java:49)
&amp#27;[38;5;32m[AndroidUiautomator2Driver@f203 (8922ad12)]&amp#27;[0m 	at android.os.Binder.shellCommand(Binder.java:936)
&amp#27;[38;5;32m[AndroidUiautomator2Driver@f203 (8922ad12)]&amp#27;[0m 	at android.os.Binder.onTransact(Binder.java:820)
&amp#27;[38;5;32m[AndroidUiautomator2Driver@f203 (8922ad12)]&amp#27;[0m 	at android.os.Binder.execTransactInternal(Binder.java:1166)
&amp#27;[38;5;32m[AndroidUiautomator2Driver@f203 (8922ad12)]&amp#27;[0m 	at android.os.Binder.execTransact(Binder.java:1130)
&amp#27;[38;5;32m[AndroidUiautomator2Driver@f203 (8922ad12)]&amp#27;[0m 
&amp#27;[38;5;32m[AndroidUiautomator2Driver@f203 (8922ad12)]&amp#27;[0m Deleting UiAutomator2 session
&amp#27;[38;5;32m[AndroidUiautomator2Driver@f203 (8922ad12)]&amp#27;[0m Unable to stop ChromeDriver proxies: Cannot read properties of undefined (reading 'proxyReqRes')
&amp#27;[38;5;64m[ADB]&amp#27;[0m Running 'C:\Users\abuba\AppData\Local\Android\Sdk\platform-tools\adb.exe -P 5037 -s VCQ47TS8RCPFOZLN shell dumpsys activity services io.appium.settings/.recorder.RecorderService'
&amp#27;[38;5;32m[AndroidUiautomator2Driver@f203 (8922ad12)]&amp#27;[0m Restoring hidden api policy to the device default configuration
&amp#27;[38;5;64m[ADB]&amp#27;[0m Running 'C:\Users\abuba\AppData\Local\Android\Sdk\platform-tools\adb.exe -P 5037 -s VCQ47TS8RCPFOZLN shell 'settings delete global hidden_api_policy_pre_p_apps;settings delete global hidden_api_policy_p_apps;settings delete global hidden_api_policy''
&amp#27;[38;5;16m[AppiumDriver@f062]&amp#27;[0m Event 'newSessionStarted' logged at 1705179044557 (02:50:44 GMT+0600 (Bangladesh Standard Time))
&amp#27;[38;5;16m[AppiumDriver@f062]&amp#27;[0m Encountered internal error running command: Error: Check https://github.com/appium/appium/issues/13802 for throubleshooting. Error executing adbExec. Original error: 'Command 'C:\\Users\\abuba\\AppData\\Local\\Android\\Sdk\\platform-tools\\adb.exe -P 5037 -s VCQ47TS8RCPFOZLN shell 'settings delete global hidden_api_policy_pre_p_apps;settings delete global hidden_api_policy_p_apps;settings delete global hidden_api_policy'' exited with code 255'; Command output: 
&amp#27;[38;5;16m[AppiumDriver@f062]&amp#27;[0m Exception occurred while executing 'delete':
&amp#27;[38;5;16m[AppiumDriver@f062]&amp#27;[0m java.lang.SecurityException: Permission denial: writing to settings requires:android.permission.WRITE_SECURE_SETTINGS
&amp#27;[38;5;16m[AppiumDriver@f062]&amp#27;[0m 	at com.android.providers.settings.SettingsProvider.enforceWritePermission(SettingsProvider.java:2374)
&amp#27;[38;5;16m[AppiumDriver@f062]&amp#27;[0m 	at com.android.providers.settings.SettingsProvider.mutateGlobalSetting(SettingsProvider.java:1413)
&amp#27;[38;5;16m[AppiumDriver@f062]&amp#27;[0m 	at com.android.providers.settings.SettingsProvider.mutateGlobalSetting(SettingsProvider.java:1405)
&amp#27;[38;5;16m[AppiumDriver@f062]&amp#27;[0m 	at com.android.providers.settings.SettingsProvider.deleteGlobalSetting(SettingsProvider.java:1376)
&amp#27;[38;5;16m[AppiumDriver@f062]&amp#27;[0m 	at com.android.providers.settings.SettingsProvider.call(SettingsProvider.java:561)
&amp#27;[38;5;16m[AppiumDriver@f062]&amp#27;[0m 	at android.content.ContentProvider.call(ContentProvider.java:2448)
&amp#27;[38;5;16m[AppiumDriver@f062]&amp#27;[0m 	at android.content.ContentProvider$Transport.call(ContentProvider.java:517)
&amp#27;[38;5;16m[AppiumDriver@f062]&amp#27;[0m 	at com.android.providers.settings.SettingsService$MyShellCommand.deleteForUser(SettingsService.java:399)
&amp#27;[38;5;16m[AppiumDriver@f062]&amp#27;[0m 	at com.android.providers.settings.SettingsService$MyShellCommand.onCommand(SettingsService.java:281)
&amp#27;[38;5;16m[AppiumDriver@f062]&amp#27;[0m 	at android.os.BasicShellCommandHandler.exec(BasicShellCommandHandler.java:98)
&amp#27;[38;5;16m[AppiumDriver@f062]&amp#27;[0m 	at android.os.ShellCommand.exec(ShellCommand.java:44)
&amp#27;[38;5;16m[AppiumDriver@f062]&amp#27;[0m 	at com.android.providers.settings.SettingsService.onShellCommand(SettingsService.java:49)
&amp#27;[38;5;16m[AppiumDriver@f062]&amp#27;[0m 	at android.os.Binder.shellCommand(Binder.java:936)
&amp#27;[38;5;16m[AppiumDriver@f062]&amp#27;[0m 	at android.os.Binder.onTransact(Binder.java:820)
&amp#27;[38;5;16m[AppiumDriver@f062]&amp#27;[0m 	at android.os.Binder.execTransactInternal(Binder.java:1166)
&amp#27;[38;5;16m[AppiumDriver@f062]&amp#27;[0m 	at android.os.Binder.execTransact(Binder.java:1130)
&amp#27;[38;5;16m[AppiumDriver@f062]&amp#27;[0m 
&amp#27;[38;5;16m[AppiumDriver@f062]&amp#27;[0m Exception occurred while executing 'delete':
&amp#27;[38;5;16m[AppiumDriver@f062]&amp#27;[0m java.lang.SecurityException: Permission denial: writing to settings requires:android.permission.WRITE_SECURE_SETTINGS
&amp#27;[38;5;16m[AppiumDriver@f062]&amp#27;[0m 	at com.android.providers.settings.SettingsProvider.enforceWritePermission(SettingsProvider.java:2374)
&amp#27;[38;5;16m[AppiumDriver@f062]&amp#27;[0m 	at com.android.providers.settings.SettingsProvider.mutateGlobalSetting(SettingsProvider.java:1413)
&amp#27;[38;5;16m[AppiumDriver@f062]&amp#27;[0m 	at com.android.providers.settings.SettingsProvider.mutateGlobalSetting(SettingsProvider.java:1405)
&amp#27;[38;5;16m[AppiumDriver@f062]&amp#27;[0m 	at com.android.providers.settings.SettingsProvider.deleteGlobalSetting(SettingsProvider.java:1376)
&amp#27;[38;5;16m[AppiumDriver@f062]&amp#27;[0m 	at com.android.providers.settings.SettingsProvider.call(SettingsProvider.java:561)
&amp#27;[38;5;16m[AppiumDriver@f062]&amp#27;[0m 	at android.content.ContentProvider.call(ContentProvider.java:2448)
&amp#27;[38;5;16m[AppiumDriver@f062]&amp#27;[0m 	at android.content.ContentProvider$Transport.call(ContentProvider.java:517)
&amp#27;[38;5;16m[AppiumDriver@f062]&amp#27;[0m 	at com.android.providers.settings.SettingsService$MyShellCommand.deleteForUser(SettingsService.java:399)
&amp#27;[38;5;16m[AppiumDriver@f062]&amp#27;[0m 	at com.android.providers.settings.SettingsService$MyShellCommand.onCommand(SettingsService.java:281)
&amp#27;[38;5;16m[AppiumDriver@f062]&amp#27;[0m 	at android.os.BasicShellCommandHandler.exec(BasicShellCommandHandler.java:98)
&amp#27;[38;5;16m[AppiumDriver@f062]&amp#27;[0m 	at android.os.ShellCommand.exec(ShellCommand.java:44)
&amp#27;[38;5;16m[AppiumDriver@f062]&amp#27;[0m 	at com.android.providers.settings.SettingsService.onShellCommand(SettingsService.java:49)
&amp#27;[38;5;16m[AppiumDriver@f062]&amp#27;[0m 	at android.os.Binder.shellCommand(Binder.java:936)
&amp#27;[38;5;16m[AppiumDriver@f062]&amp#27;[0m 	at android.os.Binder.onTransact(Binder.java:820)
&amp#27;[38;5;16m[AppiumDriver@f062]&amp#27;[0m 	at android.os.Binder.execTransactInternal(Binder.java:1166)
&amp#27;[38;5;16m[AppiumDriver@f062]&amp#27;[0m 	at android.os.Binder.execTransact(Binder.java:1130)
&amp#27;[38;5;16m[AppiumDriver@f062]&amp#27;[0m 
&amp#27;[38;5;16m[AppiumDriver@f062]&amp#27;[0m Exception occurred while executing 'delete':
&amp#27;[38;5;16m[AppiumDriver@f062]&amp#27;[0m java.lang.SecurityException: Permission denial: writing to settings requires:android.permission.WRITE_SECURE_SETTINGS
&amp#27;[38;5;16m[AppiumDriver@f062]&amp#27;[0m 	at com.android.providers.settings.SettingsProvider.enforceWritePermission(SettingsProvider.java:2374)
&amp#27;[38;5;16m[AppiumDriver@f062]&amp#27;[0m 	at com.android.providers.settings.SettingsProvider.mutateGlobalSetting(SettingsProvider.java:1413)
&amp#27;[38;5;16m[AppiumDriver@f062]&amp#27;[0m 	at com.android.providers.settings.SettingsProvider.mutateGlobalSetting(SettingsProvider.java:1405)
&amp#27;[38;5;16m[AppiumDriver@f062]&amp#27;[0m 	at com.android.providers.settings.SettingsProvider.deleteGlobalSetting(SettingsProvider.java:1376)
&amp#27;[38;5;16m[AppiumDriver@f062]&amp#27;[0m 	at com.android.providers.settings.SettingsProvider.call(SettingsProvider.java:561)
&amp#27;[38;5;16m[AppiumDriver@f062]&amp#27;[0m 	at android.content.ContentProvider.call(ContentProvider.java:2448)
&amp#27;[38;5;16m[AppiumDriver@f062]&amp#27;[0m 	at android.content.ContentProvider$Transport.call(ContentProvider.java:517)
&amp#27;[38;5;16m[AppiumDriver@f062]&amp#27;[0m 	at com.android.providers.settings.SettingsService$MyShellCommand.deleteForUser(SettingsService.java:399)
&amp#27;[38;5;16m[AppiumDriver@f062]&amp#27;[0m 	at com.android.providers.settings.SettingsService$MyShellCommand.onCommand(SettingsService.java:281)
&amp#27;[38;5;16m[AppiumDriver@f062]&amp#27;[0m 	at android.os.BasicShellCommandHandler.exec(BasicShellCommandHandler.java:98)
&amp#27;[38;5;16m[AppiumDriver@f062]&amp#27;[0m 	at android.os.ShellCommand.exec(ShellCommand.java:44)
&amp#27;[38;5;16m[AppiumDriver@f062]&amp#27;[0m 	at com.android.providers.settings.SettingsService.onShellCommand(SettingsService.java:49)
&amp#27;[38;5;16m[AppiumDriver@f062]&amp#27;[0m 	at android.os.Binder.shellCommand(Binder.java:936)
&amp#27;[38;5;16m[AppiumDriver@f062]&amp#27;[0m 	at android.os.Binder.onTransact(Binder.java:820)
&amp#27;[38;5;16m[AppiumDriver@f062]&amp#27;[0m 	at android.os.Binder.execTransactInternal(Binder.java:1166)
&amp#27;[38;5;16m[AppiumDriver@f062]&amp#27;[0m 	at android.os.Binder.execTransact(Binder.java:1130)
&amp#27;[38;5;16m[AppiumDriver@f062]&amp#27;[0m 
&amp#27;[38;5;16m[AppiumDriver@f062]&amp#27;[0m     at ChildProcess.<anonymous> (C:\Users\abuba\.appium\node_modules\appium-uiautomator2-driver\node_modules\teen_process\lib\exec.js:128:19)
&amp#27;[38;5;16m[AppiumDriver@f062]&amp#27;[0m     at ChildProcess.emit (node:events:519:28)
&amp#27;[38;5;16m[AppiumDriver@f062]&amp#27;[0m     at maybeClose (node:internal/child_process:1105:16)
&amp#27;[38;5;16m[AppiumDriver@f062]&amp#27;[0m     at Process.ChildProcess._handle.onexit (node:internal/child_process:305:5)
&amp#27;[38;5;0m[HTTP]&amp#27;[0m &amp#27;[37m<-- POST /session &amp#27;[39m&amp#27;[31m500&amp#27;[39m &amp#27;[90m539 ms - 10534&amp#27;[39m
&amp#27;[38;5;0m[HTTP]&amp#27;[0m &amp#27;[90m&amp#27;[39m
      &amp#27;[31morg.openqa.selenium.SessionNotCreatedException: Could not start a new session. Response code 500. Message: An unknown server-side error occurred while processing the command. Original error: Check https://github.com/appium/appium/issues/13802 for throubleshooting. Error executing adbExec. Original error: 'Command 'C:\\Users\\abuba\\AppData\\Local\\Android\\Sdk\\platform-tools\\adb.exe -P 5037 -s VCQ47TS8RCPFOZLN shell 'settings delete global hidden_api_policy_pre_p_apps;settings delete global hidden_api_policy_p_apps;settings delete global hidden_api_policy'' exited with code 255'; Command output: 
Exception occurred while executing 'delete':
java.lang.SecurityException: Permission denial: writing to settings requires:android.permission.WRITE_SECURE_SETTINGS
	at com.android.providers.settings.SettingsProvider.enforceWritePermission(SettingsProvider.java:2374)
	at com.android.providers.settings.SettingsProvider.mutateGlobalSetting(SettingsProvider.java:1413)
	at com.android.providers.settings.SettingsProvider.mutateGlobalSetting(SettingsProvider.java:1405)
	at com.android.providers.settings.SettingsProvider.deleteGlobalSetting(SettingsProvider.java:1376)
	at com.android.providers.settings.SettingsProvider.call(SettingsProvider.java:561)
	at android.content.ContentProvider.call(ContentProvider.java:2448)
	at android.content.ContentProvider$Transport.call(ContentProvider.java:517)
	at com.android.providers.settings.SettingsService$MyShellCommand.deleteForUser(SettingsService.java:399)
	at com.android.providers.settings.SettingsService$MyShellCommand.onCommand(SettingsService.java:281)
	at android.os.BasicShellCommandHandler.exec(BasicShellCommandHandler.java:98)
	at android.os.ShellCommand.exec(ShellCommand.java:44)
	at com.android.providers.settings.SettingsService.onShellCommand(SettingsService.java:49)
	at android.os.Binder.shellCommand(Binder.java:936)
	at android.os.Binder.onTransact(Binder.java:820)
	at android.os.Binder.execTransactInternal(Binder.java:1166)
	at android.os.Binder.execTransact(Binder.java:1130)

Exception occurred while executing 'delete':
java.lang.SecurityException: Permission denial: writing to settings requires:android.permission.WRITE_SECURE_SETTINGS
	at com.android.providers.settings.SettingsProvider.enforceWritePermission(SettingsProvider.java:2374)
	at com.android.providers.settings.SettingsProvider.mutateGlobalSetting(SettingsProvider.java:1413)
	at com.android.providers.settings.SettingsProvider.mutateGlobalSetting(SettingsProvider.java:1405)
	at com.android.providers.settings.SettingsProvider.deleteGlobalSetting(SettingsProvider.java:1376)
	at com.android.providers.settings.SettingsProvider.call(SettingsProvider.java:561)
	at android.content.ContentProvider.call(ContentProvider.java:2448)
	at android.content.ContentProvider$Transport.call(ContentProvider.java:517)
	at com.android.providers.settings.SettingsService$MyShellCommand.deleteForUser(SettingsService.java:399)
	at com.android.providers.settings.SettingsService$MyShellCommand.onCommand(SettingsService.java:281)
	at android.os.BasicShellCommandHandler.exec(BasicShellCommandHandler.java:98)
	at android.os.ShellCommand.exec(ShellCommand.java:44)
	at com.android.providers.settings.SettingsService.onShellCommand(SettingsService.java:49)
	at android.os.Binder.shellCommand(Binder.java:936)
	at android.os.Binder.onTransact(Binder.java:820)
	at android.os.Binder.execTransactInternal(Binder.java:1166)
	at android.os.Binder.execTransact(Binder.java:1130)

Exception occurred while executing 'delete':
java.lang.SecurityException: Permission denial: writing to settings requires:android.permission.WRITE_SECURE_SETTINGS
	at com.android.providers.settings.SettingsProvider.enforceWritePermission(SettingsProvider.java:2374)
	at com.android.providers.settings.SettingsProvider.mutateGlobalSetting(SettingsProvider.java:1413)
	at com.android.providers.settings.SettingsProvider.mutateGlobalSetting(SettingsProvider.java:1405)
	at com.android.providers.settings.SettingsProvider.deleteGlobalSetting(SettingsProvider.java:1376)
	at com.android.providers.settings.SettingsProvider.call(SettingsProvider.java:561)
	at android.content.ContentProvider.call(ContentProvider.java:2448)
	at android.content.ContentProvider$Transport.call(ContentProvider.java:517)
	at com.android.providers.settings.SettingsService$MyShellCommand.deleteForUser(SettingsService.java:399)
	at com.android.providers.settings.SettingsService$MyShellCommand.onCommand(SettingsService.java:281)
	at android.os.BasicShellCommandHandler.exec(BasicShellCommandHandler.java:98)
	at android.os.ShellCommand.exec(ShellCommand.java:44)
	at com.android.providers.settings.SettingsService.onShellCommand(SettingsService.java:49)
	at android.os.Binder.shellCommand(Binder.java:936)
	at android.os.Binder.onTransact(Binder.java:820)
	at android.os.Binder.execTransactInternal(Binder.java:1166)
	at android.os.Binder.execTransact(Binder.java:1130)
 
Host info: host: 'ACRA750', ip: '10.0.0.100'
Build info: version: '4.16.1', revision: '9b4c83354e'
System info: os.name: 'Windows 11', os.arch: 'amd64', os.version: '10.0', java.version: '17.0.9'
Driver info: io.appium.java_client.android.AndroidDriver
Command: [null, newSession {capabilities=[{appium:udid=VCQ47TS8RCPFOZLN, platformName=ANDROID, appium:automationName=UIAutomator2, appium:app=src/test/resources/apk/app-debug.apk}], desiredCapabilities=Capabilities {appium:app: src/test/resources/apk/app-..., appium:automationName: UIAutomator2, appium:udid: VCQ47TS8RCPFOZLN, platformName: ANDROID}}]
Capabilities {appium:app: src/test/resources/apk/app-..., appium:automationName: UIAutomator2, appium:udid: VCQ47TS8RCPFOZLN, platformName: ANDROID}
	at org.openqa.selenium.remote.ProtocolHandshake.createSession(ProtocolHandshake.java:140)
	at java.base/jdk.internal.reflect.NativeMethodAccessorImpl.invoke0(Native Method)
	at java.base/jdk.internal.reflect.NativeMethodAccessorImpl.invoke(NativeMethodAccessorImpl.java:77)
	at java.base/jdk.internal.reflect.DelegatingMethodAccessorImpl.invoke(DelegatingMethodAccessorImpl.java:43)
	at java.base/java.lang.reflect.Method.invoke(Method.java:568)
	at io.appium.java_client.remote.AppiumProtocolHandshake.createSession(AppiumProtocolHandshake.java:133)
	at io.appium.java_client.remote.AppiumProtocolHandshake.createSession(AppiumProtocolHandshake.java:102)
	at io.appium.java_client.remote.AppiumCommandExecutor.createSession(AppiumCommandExecutor.java:177)
	at io.appium.java_client.remote.AppiumCommandExecutor.execute(AppiumCommandExecutor.java:238)
	at org.openqa.selenium.remote.RemoteWebDriver.execute(RemoteWebDriver.java:523)
	at io.appium.java_client.AppiumDriver.startSession(AppiumDriver.java:268)
	at org.openqa.selenium.remote.RemoteWebDriver.<init>(RemoteWebDriver.java:164)
	at io.appium.java_client.AppiumDriver.<init>(AppiumDriver.java:90)
	at io.appium.java_client.AppiumDriver.<init>(AppiumDriver.java:102)
	at io.appium.java_client.android.AndroidDriver.<init>(AndroidDriver.java:109)
	at weatherAppTest.StepDefinitions.doSomethingBefore(StepDefinitions.java:48)
&amp#27;[0m
  &amp#27;[36mGiven &amp#27;[0m&amp#27;[36mI am a general user of the weather forcast&amp#27;[0m                                              &amp#27;[90m# weatherAppTest.StepDefinitions.i_am_a_general_user_of_the_weather_forcast()&amp#27;[0m
  &amp#27;[36mWhen &amp#27;[0m&amp#27;[36mI request the current weather&amp#27;[0m                                                            &amp#27;[90m# weatherAppTest.StepDefinitions.i_request_the_current_weather()&amp#27;[0m
  &amp#27;[36mThen &amp#27;[0m&amp#27;[36mThe weather app displays the current weather forcast including temperature and condition&amp#27;[0m &amp#27;[90m# weatherAppTest.StepDefinitions.the_weather_app_displays_the_current_weather_forcast_including_temperature_and_condition()&amp#27;[0m
      &amp#27;[31mjava.lang.NullPointerException: Cannot invoke "io.appium.java_client.android.AndroidDriver.quit()" because "this.driver" is null
	at weatherAppTest.StepDefinitions.close_driver(StepDefinitions.java:60)
&amp#27;[0m
]]></system-out>
    <system-err><![CDATA[SLF4J: No SLF4J providers were found.
SLF4J: Defaulting to no-operation (NOP) logger implementation
SLF4J: See https://www.slf4j.org/codes.html#noProviders for further details.
]]></system-err>
  </testcase>
  <testcase name="Verify the weather forcasts for each hour including temperature and conditions." classname="Weather Application Test" time="0.494">
    <error message="Could not start a new session. Response code 500. Message: An unknown server-side error occurred while processing the command. Original error: Check https://github.com/appium/appium/issues/13802 for throubleshooting. Error executing adbExec. Original error: &apos;Command &apos;C:\\Users\\abuba\\AppData\\Local\\Android\\Sdk\\platform-tools\\adb.exe -P 5037 -s VCQ47TS8RCPFOZLN shell &apos;settings delete global hidden_api_policy_pre_p_apps;settings delete global hidden_api_policy_p_apps;settings delete global hidden_api_policy&apos;&apos; exited with code 255&apos;; Command output: &#10;Exception occurred while executing &apos;delete&apos;:&#10;java.lang.SecurityException: Permission denial: writing to settings requires:android.permission.WRITE_SECURE_SETTINGS&#10;	at com.android.providers.settings.SettingsProvider.enforceWritePermission(SettingsProvider.java:2374)&#10;	at com.android.providers.settings.SettingsProvider.mutateGlobalSetting(SettingsProvider.java:1413)&#10;	at com.android.providers.settings.SettingsProvider.mutateGlobalSetting(SettingsProvider.java:1405)&#10;	at com.android.providers.settings.SettingsProvider.deleteGlobalSetting(SettingsProvider.java:1376)&#10;	at com.android.providers.settings.SettingsProvider.call(SettingsProvider.java:561)&#10;	at android.content.ContentProvider.call(ContentProvider.java:2448)&#10;	at android.content.ContentProvider$Transport.call(ContentProvider.java:517)&#10;	at com.android.providers.settings.SettingsService$MyShellCommand.deleteForUser(SettingsService.java:399)&#10;	at com.android.providers.settings.SettingsService$MyShellCommand.onCommand(SettingsService.java:281)&#10;	at android.os.BasicShellCommandHandler.exec(BasicShellCommandHandler.java:98)&#10;	at android.os.ShellCommand.exec(ShellCommand.java:44)&#10;	at com.android.providers.settings.SettingsService.onShellCommand(SettingsService.java:49)&#10;	at android.os.Binder.shellCommand(Binder.java:936)&#10;	at android.os.Binder.onTransact(Binder.java:820)&#10;	at android.os.Binder.execTransactInternal(Binder.java:1166)&#10;	at android.os.Binder.execTransact(Binder.java:1130)&#10;&#10;Exception occurred while executing &apos;delete&apos;:&#10;java.lang.SecurityException: Permission denial: writing to settings requires:android.permission.WRITE_SECURE_SETTINGS&#10;	at com.android.providers.settings.SettingsProvider.enforceWritePermission(SettingsProvider.java:2374)&#10;	at com.android.providers.settings.SettingsProvider.mutateGlobalSetting(SettingsProvider.java:1413)&#10;	at com.android.providers.settings.SettingsProvider.mutateGlobalSetting(SettingsProvider.java:1405)&#10;	at com.android.providers.settings.SettingsProvider.deleteGlobalSetting(SettingsProvider.java:1376)&#10;	at com.android.providers.settings.SettingsProvider.call(SettingsProvider.java:561)&#10;	at android.content.ContentProvider.call(ContentProvider.java:2448)&#10;	at android.content.ContentProvider$Transport.call(ContentProvider.java:517)&#10;	at com.android.providers.settings.SettingsService$MyShellCommand.deleteForUser(SettingsService.java:399)&#10;	at com.android.providers.settings.SettingsService$MyShellCommand.onCommand(SettingsService.java:281)&#10;	at android.os.BasicShellCommandHandler.exec(BasicShellCommandHandler.java:98)&#10;	at android.os.ShellCommand.exec(ShellCommand.java:44)&#10;	at com.android.providers.settings.SettingsService.onShellCommand(SettingsService.java:49)&#10;	at android.os.Binder.shellCommand(Binder.java:936)&#10;	at android.os.Binder.onTransact(Binder.java:820)&#10;	at android.os.Binder.execTransactInternal(Binder.java:1166)&#10;	at android.os.Binder.execTransact(Binder.java:1130)&#10;&#10;Exception occurred while executing &apos;delete&apos;:&#10;java.lang.SecurityException: Permission denial: writing to settings requires:android.permission.WRITE_SECURE_SETTINGS&#10;	at com.android.providers.settings.SettingsProvider.enforceWritePermission(SettingsProvider.java:2374)&#10;	at com.android.providers.settings.SettingsProvider.mutateGlobalSetting(SettingsProvider.java:1413)&#10;	at com.android.providers.settings.SettingsProvider.mutateGlobalSetting(SettingsProvider.java:1405)&#10;	at com.android.providers.settings.SettingsProvider.deleteGlobalSetting(SettingsProvider.java:1376)&#10;	at com.android.providers.settings.SettingsProvider.call(SettingsProvider.java:561)&#10;	at android.content.ContentProvider.call(ContentProvider.java:2448)&#10;	at android.content.ContentProvider$Transport.call(ContentProvider.java:517)&#10;	at com.android.providers.settings.SettingsService$MyShellCommand.deleteForUser(SettingsService.java:399)&#10;	at com.android.providers.settings.SettingsService$MyShellCommand.onCommand(SettingsService.java:281)&#10;	at android.os.BasicShellCommandHandler.exec(BasicShellCommandHandler.java:98)&#10;	at android.os.ShellCommand.exec(ShellCommand.java:44)&#10;	at com.android.providers.settings.SettingsService.onShellCommand(SettingsService.java:49)&#10;	at android.os.Binder.shellCommand(Binder.java:936)&#10;	at android.os.Binder.onTransact(Binder.java:820)&#10;	at android.os.Binder.execTransactInternal(Binder.java:1166)&#10;	at android.os.Binder.execTransact(Binder.java:1130)&#10; &#10;Host info: host: &apos;ACRA750&apos;, ip: &apos;10.0.0.100&apos;&#10;Build info: version: &apos;4.16.1&apos;, revision: &apos;9b4c83354e&apos;&#10;System info: os.name: &apos;Windows 11&apos;, os.arch: &apos;amd64&apos;, os.version: &apos;10.0&apos;, java.version: &apos;17.0.9&apos;&#10;Driver info: io.appium.java_client.android.AndroidDriver&#10;Command: [null, newSession {capabilities=[{appium:udid=VCQ47TS8RCPFOZLN, platformName=ANDROID, appium:automationName=UIAutomator2, appium:app=src/test/resources/apk/app-debug.apk}], desiredCapabilities=Capabilities {appium:app: src/test/resources/apk/app-..., appium:automationName: UIAutomator2, appium:udid: VCQ47TS8RCPFOZLN, platformName: ANDROID}}]&#10;Capabilities {appium:app: src/test/resources/apk/app-..., appium:automationName: UIAutomator2, appium:udid: VCQ47TS8RCPFOZLN, platformName: ANDROID}" type="org.openqa.selenium.SessionNotCreatedException"><![CDATA[org.openqa.selenium.SessionNotCreatedException: 
Could not start a new session. Response code 500. Message: An unknown server-side error occurred while processing the command. Original error: Check https://github.com/appium/appium/issues/13802 for throubleshooting. Error executing adbExec. Original error: 'Command 'C:\\Users\\abuba\\AppData\\Local\\Android\\Sdk\\platform-tools\\adb.exe -P 5037 -s VCQ47TS8RCPFOZLN shell 'settings delete global hidden_api_policy_pre_p_apps;settings delete global hidden_api_policy_p_apps;settings delete global hidden_api_policy'' exited with code 255'; Command output: 
Exception occurred while executing 'delete':
java.lang.SecurityException: Permission denial: writing to settings requires:android.permission.WRITE_SECURE_SETTINGS
	at com.android.providers.settings.SettingsProvider.enforceWritePermission(SettingsProvider.java:2374)
	at com.android.providers.settings.SettingsProvider.mutateGlobalSetting(SettingsProvider.java:1413)
	at com.android.providers.settings.SettingsProvider.mutateGlobalSetting(SettingsProvider.java:1405)
	at com.android.providers.settings.SettingsProvider.deleteGlobalSetting(SettingsProvider.java:1376)
	at com.android.providers.settings.SettingsProvider.call(SettingsProvider.java:561)
	at android.content.ContentProvider.call(ContentProvider.java:2448)
	at android.content.ContentProvider$Transport.call(ContentProvider.java:517)
	at com.android.providers.settings.SettingsService$MyShellCommand.deleteForUser(SettingsService.java:399)
	at com.android.providers.settings.SettingsService$MyShellCommand.onCommand(SettingsService.java:281)
	at android.os.BasicShellCommandHandler.exec(BasicShellCommandHandler.java:98)
	at android.os.ShellCommand.exec(ShellCommand.java:44)
	at com.android.providers.settings.SettingsService.onShellCommand(SettingsService.java:49)
	at android.os.Binder.shellCommand(Binder.java:936)
	at android.os.Binder.onTransact(Binder.java:820)
	at android.os.Binder.execTransactInternal(Binder.java:1166)
	at android.os.Binder.execTransact(Binder.java:1130)

Exception occurred while executing 'delete':
java.lang.SecurityException: Permission denial: writing to settings requires:android.permission.WRITE_SECURE_SETTINGS
	at com.android.providers.settings.SettingsProvider.enforceWritePermission(SettingsProvider.java:2374)
	at com.android.providers.settings.SettingsProvider.mutateGlobalSetting(SettingsProvider.java:1413)
	at com.android.providers.settings.SettingsProvider.mutateGlobalSetting(SettingsProvider.java:1405)
	at com.android.providers.settings.SettingsProvider.deleteGlobalSetting(SettingsProvider.java:1376)
	at com.android.providers.settings.SettingsProvider.call(SettingsProvider.java:561)
	at android.content.ContentProvider.call(ContentProvider.java:2448)
	at android.content.ContentProvider$Transport.call(ContentProvider.java:517)
	at com.android.providers.settings.SettingsService$MyShellCommand.deleteForUser(SettingsService.java:399)
	at com.android.providers.settings.SettingsService$MyShellCommand.onCommand(SettingsService.java:281)
	at android.os.BasicShellCommandHandler.exec(BasicShellCommandHandler.java:98)
	at android.os.ShellCommand.exec(ShellCommand.java:44)
	at com.android.providers.settings.SettingsService.onShellCommand(SettingsService.java:49)
	at android.os.Binder.shellCommand(Binder.java:936)
	at android.os.Binder.onTransact(Binder.java:820)
	at android.os.Binder.execTransactInternal(Binder.java:1166)
	at android.os.Binder.execTransact(Binder.java:1130)

Exception occurred while executing 'delete':
java.lang.SecurityException: Permission denial: writing to settings requires:android.permission.WRITE_SECURE_SETTINGS
	at com.android.providers.settings.SettingsProvider.enforceWritePermission(SettingsProvider.java:2374)
	at com.android.providers.settings.SettingsProvider.mutateGlobalSetting(SettingsProvider.java:1413)
	at com.android.providers.settings.SettingsProvider.mutateGlobalSetting(SettingsProvider.java:1405)
	at com.android.providers.settings.SettingsProvider.deleteGlobalSetting(SettingsProvider.java:1376)
	at com.android.providers.settings.SettingsProvider.call(SettingsProvider.java:561)
	at android.content.ContentProvider.call(ContentProvider.java:2448)
	at android.content.ContentProvider$Transport.call(ContentProvider.java:517)
	at com.android.providers.settings.SettingsService$MyShellCommand.deleteForUser(SettingsService.java:399)
	at com.android.providers.settings.SettingsService$MyShellCommand.onCommand(SettingsService.java:281)
	at android.os.BasicShellCommandHandler.exec(BasicShellCommandHandler.java:98)
	at android.os.ShellCommand.exec(ShellCommand.java:44)
	at com.android.providers.settings.SettingsService.onShellCommand(SettingsService.java:49)
	at android.os.Binder.shellCommand(Binder.java:936)
	at android.os.Binder.onTransact(Binder.java:820)
	at android.os.Binder.execTransactInternal(Binder.java:1166)
	at android.os.Binder.execTransact(Binder.java:1130)
 
Host info: host: 'ACRA750', ip: '10.0.0.100'
Build info: version: '4.16.1', revision: '9b4c83354e'
System info: os.name: 'Windows 11', os.arch: 'amd64', os.version: '10.0', java.version: '17.0.9'
Driver info: io.appium.java_client.android.AndroidDriver
Command: [null, newSession {capabilities=[{appium:udid=VCQ47TS8RCPFOZLN, platformName=ANDROID, appium:automationName=UIAutomator2, appium:app=src/test/resources/apk/app-debug.apk}], desiredCapabilities=Capabilities {appium:app: src/test/resources/apk/app-..., appium:automationName: UIAutomator2, appium:udid: VCQ47TS8RCPFOZLN, platformName: ANDROID}}]
Capabilities {appium:app: src/test/resources/apk/app-..., appium:automationName: UIAutomator2, appium:udid: VCQ47TS8RCPFOZLN, platformName: ANDROID}
	at org.openqa.selenium.remote.ProtocolHandshake.createSession(ProtocolHandshake.java:140)
	at java.base/java.lang.reflect.Method.invoke(Method.java:568)
	at io.appium.java_client.remote.AppiumProtocolHandshake.createSession(AppiumProtocolHandshake.java:133)
	at io.appium.java_client.remote.AppiumProtocolHandshake.createSession(AppiumProtocolHandshake.java:102)
	at io.appium.java_client.remote.AppiumCommandExecutor.createSession(AppiumCommandExecutor.java:177)
	at io.appium.java_client.remote.AppiumCommandExecutor.execute(AppiumCommandExecutor.java:238)
	at org.openqa.selenium.remote.RemoteWebDriver.execute(RemoteWebDriver.java:523)
	at io.appium.java_client.AppiumDriver.startSession(AppiumDriver.java:268)
	at org.openqa.selenium.remote.RemoteWebDriver.<init>(RemoteWebDriver.java:164)
	at io.appium.java_client.AppiumDriver.<init>(AppiumDriver.java:90)
	at io.appium.java_client.AppiumDriver.<init>(AppiumDriver.java:102)
	at io.appium.java_client.android.AndroidDriver.<init>(AndroidDriver.java:109)
	at weatherAppTest.StepDefinitions.doSomethingBefore(StepDefinitions.java:48)
]]></error>
    <system-out><![CDATA[
Scenario: Verify the weather forcasts for each hour including temperature and conditions.                   &amp#27;[90m# features/weatherAppTest.feature:8&amp#27;[0m
&amp#27;[38;5;0m[HTTP]&amp#27;[0m Request idempotency key: bc16fbec-7aee-417c-bd34-d65006651e29
&amp#27;[38;5;0m[HTTP]&amp#27;[0m &amp#27;[37m-->&amp#27;[39m &amp#27;[37mPOST&amp#27;[39m &amp#27;[37m/session&amp#27;[39m
&amp#27;[38;5;0m[HTTP]&amp#27;[0m &amp#27;[90m{"capabilities":{"firstMatch":[{}],"alwaysMatch":{"appium:app":"src/test/resources/apk/app-debug.apk","appium:automationName":"UIAutomator2","appium:udid":"VCQ47TS8RCPFOZLN","platformName":"ANDROID"}}}&amp#27;[39m
&amp#27;[38;5;16m[AppiumDriver@f062]&amp#27;[0m Calling AppiumDriver.createSession() with args: [null,null,{"firstMatch":[{}],"alwaysMatch":{"appium:app":"src/test/resources/apk/app-debug.apk","appium:automationName":"UIAutomator2","appium:udid":"VCQ47TS8RCPFOZLN","platformName":"ANDROID"}}]
&amp#27;[38;5;16m[AppiumDriver@f062]&amp#27;[0m Event 'newSessionRequested' logged at 1705179044629 (02:50:44 GMT+0600 (Bangladesh Standard Time))
&amp#27;[35m[Appium]&amp#27;[39m Attempting to find matching driver for automationName 'UIAutomator2' and platformName 'ANDROID'
&amp#27;[35m[Appium]&amp#27;[39m The 'uiautomator2' driver was installed and matched caps.
&amp#27;[35m[Appium]&amp#27;[39m Will require it at C:\Users\abuba\.appium\node_modules\appium-uiautomator2-driver
&amp#27;[35m[Appium]&amp#27;[39m Requiring driver at C:\Users\abuba\.appium\node_modules\appium-uiautomator2-driver\build\index.js
&amp#27;[38;5;16m[AppiumDriver@f062]&amp#27;[0m Appium v2.4.1 creating new AndroidUiautomator2Driver (v2.42.0) session
&amp#27;[38;5;16m[AppiumDriver@f062]&amp#27;[0m Checking BaseDriver versions for Appium and AndroidUiautomator2Driver
&amp#27;[38;5;16m[AppiumDriver@f062]&amp#27;[0m Appium's BaseDriver version is 9.5.0
&amp#27;[38;5;16m[AppiumDriver@f062]&amp#27;[0m AndroidUiautomator2Driver's BaseDriver version is 9.5.0
&amp#27;[38;5;32m[AndroidUiautomator2Driver@f1ca]&amp#27;[0m Creating session with W3C capabilities: {
&amp#27;[38;5;32m[AndroidUiautomator2Driver@f1ca]&amp#27;[0m   "alwaysMatch": {
&amp#27;[38;5;32m[AndroidUiautomator2Driver@f1ca]&amp#27;[0m     "platformName": "ANDROID",
&amp#27;[38;5;32m[AndroidUiautomator2Driver@f1ca]&amp#27;[0m     "appium:app": "src/test/resources/apk/app-debug.apk",
&amp#27;[38;5;32m[AndroidUiautomator2Driver@f1ca]&amp#27;[0m     "appium:automationName": "UIAutomator2",
&amp#27;[38;5;32m[AndroidUiautomator2Driver@f1ca]&amp#27;[0m     "appium:udid": "VCQ47TS8RCPFOZLN"
&amp#27;[38;5;32m[AndroidUiautomator2Driver@f1ca]&amp#27;[0m   },
&amp#27;[38;5;32m[AndroidUiautomator2Driver@f1ca]&amp#27;[0m   "firstMatch": [
&amp#27;[38;5;32m[AndroidUiautomator2Driver@f1ca]&amp#27;[0m     {}
&amp#27;[38;5;32m[AndroidUiautomator2Driver@f1ca]&amp#27;[0m   ]
&amp#27;[38;5;32m[AndroidUiautomator2Driver@f1ca]&amp#27;[0m }
&amp#27;[38;5;32m[AndroidUiautomator2Driver@f1ca (5b4fd8e9)]&amp#27;[0m Session created with session id: 5b4fd8e9-b26c-4696-ba3c-b28b190b181d
&amp#27;[38;5;48m[BaseDriver]&amp#27;[0m Using local app 'src/test/resources/apk/app-debug.apk'
&amp#27;[38;5;48m[BaseDriver]&amp#27;[0m The current application path 'src/test/resources/apk/app-debug.apk' is not absolute and has been rewritten to 'C:\Users\abuba\java_projects\weatherAppTest\src\test\resources\apk\app-debug.apk'. Consider using absolute paths rather than relative
&amp#27;[38;5;32m[AndroidUiautomator2Driver@f1ca (5b4fd8e9)]&amp#27;[0m Checking whether app is actually present
&amp#27;[38;5;64m[ADB]&amp#27;[0m Using 'adb.exe' from 'C:\Users\abuba\AppData\Local\Android\Sdk\platform-tools\adb.exe'
&amp#27;[38;5;64m[ADB]&amp#27;[0m Running 'C:\Users\abuba\AppData\Local\Android\Sdk\platform-tools\adb.exe -P 5037 start-server'
&amp#27;[38;5;80m[AndroidDriver]&amp#27;[0m Retrieving device list
&amp#27;[38;5;64m[ADB]&amp#27;[0m Trying to find connected Android devices
&amp#27;[38;5;64m[ADB]&amp#27;[0m Getting connected devices
&amp#27;[38;5;64m[ADB]&amp#27;[0m Connected devices: [{"udid":"VCQ47TS8RCPFOZLN","state":"device"}]
&amp#27;[38;5;80m[AndroidDriver]&amp#27;[0m Using device: VCQ47TS8RCPFOZLN
&amp#27;[38;5;64m[ADB]&amp#27;[0m Using 'adb.exe' from 'C:\Users\abuba\AppData\Local\Android\Sdk\platform-tools\adb.exe'
&amp#27;[38;5;64m[ADB]&amp#27;[0m Running 'C:\Users\abuba\AppData\Local\Android\Sdk\platform-tools\adb.exe -P 5037 start-server'
&amp#27;[38;5;64m[ADB]&amp#27;[0m Setting device id to VCQ47TS8RCPFOZLN
&amp#27;[38;5;64m[ADB]&amp#27;[0m Running 'C:\Users\abuba\AppData\Local\Android\Sdk\platform-tools\adb.exe -P 5037 -s VCQ47TS8RCPFOZLN shell getprop ro.build.version.sdk'
&amp#27;[38;5;64m[ADB]&amp#27;[0m Current device property 'ro.build.version.sdk': 30
&amp#27;[38;5;64m[ADB]&amp#27;[0m Getting device platform version
&amp#27;[38;5;64m[ADB]&amp#27;[0m Running 'C:\Users\abuba\AppData\Local\Android\Sdk\platform-tools\adb.exe -P 5037 -s VCQ47TS8RCPFOZLN shell getprop ro.build.version.release'
&amp#27;[38;5;64m[ADB]&amp#27;[0m Current device property 'ro.build.version.release': 11
&amp#27;[38;5;64m[ADB]&amp#27;[0m Device API level: 30
&amp#27;[38;5;32m[AndroidUiautomator2Driver@f1ca (5b4fd8e9)]&amp#27;[0m Relaxing hidden api policy
&amp#27;[38;5;64m[ADB]&amp#27;[0m Running 'C:\Users\abuba\AppData\Local\Android\Sdk\platform-tools\adb.exe -P 5037 -s VCQ47TS8RCPFOZLN shell 'settings put global hidden_api_policy_pre_p_apps 1;settings put global hidden_api_policy_p_apps 1;settings put global hidden_api_policy 1''
&amp#27;[38;5;32m[AndroidUiautomator2Driver@f1ca (5b4fd8e9)]&amp#27;[0m Hidden API policy (https://developer.android.com/guide/app-compatibility/restrictions-non-sdk-interfaces) cannot be enabled. This might be happening because the device under test is not configured properly. Please check https://github.com/appium/appium/issues/13802 for more details. You could also set the "appium:ignoreHiddenApiPolicyError" capability to true in order to ignore this error, which might later lead to unexpected crashes or behavior of the automation server. Original error: Check https://github.com/appium/appium/issues/13802 for throubleshooting. Error executing adbExec. Original error: 'Command 'C:\\Users\\abuba\\AppData\\Local\\Android\\Sdk\\platform-tools\\adb.exe -P 5037 -s VCQ47TS8RCPFOZLN shell 'settings put global hidden_api_policy_pre_p_apps 1;settings put global hidden_api_policy_p_apps 1;settings put global hidden_api_policy 1'' exited with code 255'; Command output: 
&amp#27;[38;5;32m[AndroidUiautomator2Driver@f1ca (5b4fd8e9)]&amp#27;[0m Exception occurred while executing 'put':
&amp#27;[38;5;32m[AndroidUiautomator2Driver@f1ca (5b4fd8e9)]&amp#27;[0m java.lang.SecurityException: Permission denial: writing to settings requires:android.permission.WRITE_SECURE_SETTINGS
&amp#27;[38;5;32m[AndroidUiautomator2Driver@f1ca (5b4fd8e9)]&amp#27;[0m 	at com.android.providers.settings.SettingsProvider.enforceWritePermission(SettingsProvider.java:2374)
&amp#27;[38;5;32m[AndroidUiautomator2Driver@f1ca (5b4fd8e9)]&amp#27;[0m 	at com.android.providers.settings.SettingsProvider.mutateGlobalSetting(SettingsProvider.java:1413)
&amp#27;[38;5;32m[AndroidUiautomator2Driver@f1ca (5b4fd8e9)]&amp#27;[0m 	at com.android.providers.settings.SettingsProvider.insertGlobalSetting(SettingsProvider.java:1367)
&amp#27;[38;5;32m[AndroidUiautomator2Driver@f1ca (5b4fd8e9)]&amp#27;[0m 	at com.android.providers.settings.SettingsProvider.call(SettingsProvider.java:501)
&amp#27;[38;5;32m[AndroidUiautomator2Driver@f1ca (5b4fd8e9)]&amp#27;[0m 	at android.content.ContentProvider.call(ContentProvider.java:2448)
&amp#27;[38;5;32m[AndroidUiautomator2Driver@f1ca (5b4fd8e9)]&amp#27;[0m 	at android.content.ContentProvider$Transport.call(ContentProvider.java:517)
&amp#27;[38;5;32m[AndroidUiautomator2Driver@f1ca (5b4fd8e9)]&amp#27;[0m 	at com.android.providers.settings.SettingsService$MyShellCommand.putForUser(SettingsService.java:375)
&amp#27;[38;5;32m[AndroidUiautomator2Driver@f1ca (5b4fd8e9)]&amp#27;[0m 	at com.android.providers.settings.SettingsService$MyShellCommand.onCommand(SettingsService.java:277)
&amp#27;[38;5;32m[AndroidUiautomator2Driver@f1ca (5b4fd8e9)]&amp#27;[0m 	at android.os.BasicShellCommandHandler.exec(BasicShellCommandHandler.java:98)
&amp#27;[38;5;32m[AndroidUiautomator2Driver@f1ca (5b4fd8e9)]&amp#27;[0m 	at android.os.ShellCommand.exec(ShellCommand.java:44)
&amp#27;[38;5;32m[AndroidUiautomator2Driver@f1ca (5b4fd8e9)]&amp#27;[0m 	at com.android.providers.settings.SettingsService.onShellCommand(SettingsService.java:49)
&amp#27;[38;5;32m[AndroidUiautomator2Driver@f1ca (5b4fd8e9)]&amp#27;[0m 	at android.os.Binder.shellCommand(Binder.java:936)
&amp#27;[38;5;32m[AndroidUiautomator2Driver@f1ca (5b4fd8e9)]&amp#27;[0m 	at android.os.Binder.onTransact(Binder.java:820)
&amp#27;[38;5;32m[AndroidUiautomator2Driver@f1ca (5b4fd8e9)]&amp#27;[0m 	at android.os.Binder.execTransactInternal(Binder.java:1166)
&amp#27;[38;5;32m[AndroidUiautomator2Driver@f1ca (5b4fd8e9)]&amp#27;[0m 	at android.os.Binder.execTransact(Binder.java:1130)
&amp#27;[38;5;32m[AndroidUiautomator2Driver@f1ca (5b4fd8e9)]&amp#27;[0m 
&amp#27;[38;5;32m[AndroidUiautomator2Driver@f1ca (5b4fd8e9)]&amp#27;[0m Exception occurred while executing 'put':
&amp#27;[38;5;32m[AndroidUiautomator2Driver@f1ca (5b4fd8e9)]&amp#27;[0m java.lang.SecurityException: Permission denial: writing to settings requires:android.permission.WRITE_SECURE_SETTINGS
&amp#27;[38;5;32m[AndroidUiautomator2Driver@f1ca (5b4fd8e9)]&amp#27;[0m 	at com.android.providers.settings.SettingsProvider.enforceWritePermission(SettingsProvider.java:2374)
&amp#27;[38;5;32m[AndroidUiautomator2Driver@f1ca (5b4fd8e9)]&amp#27;[0m 	at com.android.providers.settings.SettingsProvider.mutateGlobalSetting(SettingsProvider.java:1413)
&amp#27;[38;5;32m[AndroidUiautomator2Driver@f1ca (5b4fd8e9)]&amp#27;[0m 	at com.android.providers.settings.SettingsProvider.insertGlobalSetting(SettingsProvider.java:1367)
&amp#27;[38;5;32m[AndroidUiautomator2Driver@f1ca (5b4fd8e9)]&amp#27;[0m 	at com.android.providers.settings.SettingsProvider.call(SettingsProvider.java:501)
&amp#27;[38;5;32m[AndroidUiautomator2Driver@f1ca (5b4fd8e9)]&amp#27;[0m 	at android.content.ContentProvider.call(ContentProvider.java:2448)
&amp#27;[38;5;32m[AndroidUiautomator2Driver@f1ca (5b4fd8e9)]&amp#27;[0m 	at android.content.ContentProvider$Transport.call(ContentProvider.java:517)
&amp#27;[38;5;32m[AndroidUiautomator2Driver@f1ca (5b4fd8e9)]&amp#27;[0m 	at com.android.providers.settings.SettingsService$MyShellCommand.putForUser(SettingsService.java:375)
&amp#27;[38;5;32m[AndroidUiautomator2Driver@f1ca (5b4fd8e9)]&amp#27;[0m 	at com.android.providers.settings.SettingsService$MyShellCommand.onCommand(SettingsService.java:277)
&amp#27;[38;5;32m[AndroidUiautomator2Driver@f1ca (5b4fd8e9)]&amp#27;[0m 	at android.os.BasicShellCommandHandler.exec(BasicShellCommandHandler.java:98)
&amp#27;[38;5;32m[AndroidUiautomator2Driver@f1ca (5b4fd8e9)]&amp#27;[0m 	at android.os.ShellCommand.exec(ShellCommand.java:44)
&amp#27;[38;5;32m[AndroidUiautomator2Driver@f1ca (5b4fd8e9)]&amp#27;[0m 	at com.android.providers.settings.SettingsService.onShellCommand(SettingsService.java:49)
&amp#27;[38;5;32m[AndroidUiautomator2Driver@f1ca (5b4fd8e9)]&amp#27;[0m 	at android.os.Binder.shellCommand(Binder.java:936)
&amp#27;[38;5;32m[AndroidUiautomator2Driver@f1ca (5b4fd8e9)]&amp#27;[0m 	at android.os.Binder.onTransact(Binder.java:820)
&amp#27;[38;5;32m[AndroidUiautomator2Driver@f1ca (5b4fd8e9)]&amp#27;[0m 	at android.os.Binder.execTransactInternal(Binder.java:1166)
&amp#27;[38;5;32m[AndroidUiautomator2Driver@f1ca (5b4fd8e9)]&amp#27;[0m 	at android.os.Binder.execTransact(Binder.java:1130)
&amp#27;[38;5;32m[AndroidUiautomator2Driver@f1ca (5b4fd8e9)]&amp#27;[0m 
&amp#27;[38;5;32m[AndroidUiautomator2Driver@f1ca (5b4fd8e9)]&amp#27;[0m Exception occurred while executing 'put':
&amp#27;[38;5;32m[AndroidUiautomator2Driver@f1ca (5b4fd8e9)]&amp#27;[0m java.lang.SecurityException: Permission denial: writing to settings requires:android.permission.WRITE_SECURE_SETTINGS
&amp#27;[38;5;32m[AndroidUiautomator2Driver@f1ca (5b4fd8e9)]&amp#27;[0m 	at com.android.providers.settings.SettingsProvider.enforceWritePermission(SettingsProvider.java:2374)
&amp#27;[38;5;32m[AndroidUiautomator2Driver@f1ca (5b4fd8e9)]&amp#27;[0m 	at com.android.providers.settings.SettingsProvider.mutateGlobalSetting(SettingsProvider.java:1413)
&amp#27;[38;5;32m[AndroidUiautomator2Driver@f1ca (5b4fd8e9)]&amp#27;[0m 	at com.android.providers.settings.SettingsProvider.insertGlobalSetting(SettingsProvider.java:1367)
&amp#27;[38;5;32m[AndroidUiautomator2Driver@f1ca (5b4fd8e9)]&amp#27;[0m 	at com.android.providers.settings.SettingsProvider.call(SettingsProvider.java:501)
&amp#27;[38;5;32m[AndroidUiautomator2Driver@f1ca (5b4fd8e9)]&amp#27;[0m 	at android.content.ContentProvider.call(ContentProvider.java:2448)
&amp#27;[38;5;32m[AndroidUiautomator2Driver@f1ca (5b4fd8e9)]&amp#27;[0m 	at android.content.ContentProvider$Transport.call(ContentProvider.java:517)
&amp#27;[38;5;32m[AndroidUiautomator2Driver@f1ca (5b4fd8e9)]&amp#27;[0m 	at com.android.providers.settings.SettingsService$MyShellCommand.putForUser(SettingsService.java:375)
&amp#27;[38;5;32m[AndroidUiautomator2Driver@f1ca (5b4fd8e9)]&amp#27;[0m 	at com.android.providers.settings.SettingsService$MyShellCommand.onCommand(SettingsService.java:277)
&amp#27;[38;5;32m[AndroidUiautomator2Driver@f1ca (5b4fd8e9)]&amp#27;[0m 	at android.os.BasicShellCommandHandler.exec(BasicShellCommandHandler.java:98)
&amp#27;[38;5;32m[AndroidUiautomator2Driver@f1ca (5b4fd8e9)]&amp#27;[0m 	at android.os.ShellCommand.exec(ShellCommand.java:44)
&amp#27;[38;5;32m[AndroidUiautomator2Driver@f1ca (5b4fd8e9)]&amp#27;[0m 	at com.android.providers.settings.SettingsService.onShellCommand(SettingsService.java:49)
&amp#27;[38;5;32m[AndroidUiautomator2Driver@f1ca (5b4fd8e9)]&amp#27;[0m 	at android.os.Binder.shellCommand(Binder.java:936)
&amp#27;[38;5;32m[AndroidUiautomator2Driver@f1ca (5b4fd8e9)]&amp#27;[0m 	at android.os.Binder.onTransact(Binder.java:820)
&amp#27;[38;5;32m[AndroidUiautomator2Driver@f1ca (5b4fd8e9)]&amp#27;[0m 	at android.os.Binder.execTransactInternal(Binder.java:1166)
&amp#27;[38;5;32m[AndroidUiautomator2Driver@f1ca (5b4fd8e9)]&amp#27;[0m 	at android.os.Binder.execTransact(Binder.java:1130)
&amp#27;[38;5;32m[AndroidUiautomator2Driver@f1ca (5b4fd8e9)]&amp#27;[0m 
&amp#27;[38;5;32m[AndroidUiautomator2Driver@f1ca (5b4fd8e9)]&amp#27;[0m Deleting UiAutomator2 session
&amp#27;[38;5;32m[AndroidUiautomator2Driver@f1ca (5b4fd8e9)]&amp#27;[0m Unable to stop ChromeDriver proxies: Cannot read properties of undefined (reading 'proxyReqRes')
&amp#27;[38;5;64m[ADB]&amp#27;[0m Running 'C:\Users\abuba\AppData\Local\Android\Sdk\platform-tools\adb.exe -P 5037 -s VCQ47TS8RCPFOZLN shell dumpsys activity services io.appium.settings/.recorder.RecorderService'
&amp#27;[38;5;32m[AndroidUiautomator2Driver@f1ca (5b4fd8e9)]&amp#27;[0m Restoring hidden api policy to the device default configuration
&amp#27;[38;5;64m[ADB]&amp#27;[0m Running 'C:\Users\abuba\AppData\Local\Android\Sdk\platform-tools\adb.exe -P 5037 -s VCQ47TS8RCPFOZLN shell 'settings delete global hidden_api_policy_pre_p_apps;settings delete global hidden_api_policy_p_apps;settings delete global hidden_api_policy''
&amp#27;[38;5;16m[AppiumDriver@f062]&amp#27;[0m Event 'newSessionStarted' logged at 1705179045108 (02:50:45 GMT+0600 (Bangladesh Standard Time))
&amp#27;[38;5;16m[AppiumDriver@f062]&amp#27;[0m Encountered internal error running command: Error: Check https://github.com/appium/appium/issues/13802 for throubleshooting. Error executing adbExec. Original error: 'Command 'C:\\Users\\abuba\\AppData\\Local\\Android\\Sdk\\platform-tools\\adb.exe -P 5037 -s VCQ47TS8RCPFOZLN shell 'settings delete global hidden_api_policy_pre_p_apps;settings delete global hidden_api_policy_p_apps;settings delete global hidden_api_policy'' exited with code 255'; Command output: 
&amp#27;[38;5;16m[AppiumDriver@f062]&amp#27;[0m Exception occurred while executing 'delete':
&amp#27;[38;5;16m[AppiumDriver@f062]&amp#27;[0m java.lang.SecurityException: Permission denial: writing to settings requires:android.permission.WRITE_SECURE_SETTINGS
&amp#27;[38;5;16m[AppiumDriver@f062]&amp#27;[0m 	at com.android.providers.settings.SettingsProvider.enforceWritePermission(SettingsProvider.java:2374)
&amp#27;[38;5;16m[AppiumDriver@f062]&amp#27;[0m 	at com.android.providers.settings.SettingsProvider.mutateGlobalSetting(SettingsProvider.java:1413)
&amp#27;[38;5;16m[AppiumDriver@f062]&amp#27;[0m 	at com.android.providers.settings.SettingsProvider.mutateGlobalSetting(SettingsProvider.java:1405)
&amp#27;[38;5;16m[AppiumDriver@f062]&amp#27;[0m 	at com.android.providers.settings.SettingsProvider.deleteGlobalSetting(SettingsProvider.java:1376)
&amp#27;[38;5;16m[AppiumDriver@f062]&amp#27;[0m 	at com.android.providers.settings.SettingsProvider.call(SettingsProvider.java:561)
&amp#27;[38;5;16m[AppiumDriver@f062]&amp#27;[0m 	at android.content.ContentProvider.call(ContentProvider.java:2448)
&amp#27;[38;5;16m[AppiumDriver@f062]&amp#27;[0m 	at android.content.ContentProvider$Transport.call(ContentProvider.java:517)
&amp#27;[38;5;16m[AppiumDriver@f062]&amp#27;[0m 	at com.android.providers.settings.SettingsService$MyShellCommand.deleteForUser(SettingsService.java:399)
&amp#27;[38;5;16m[AppiumDriver@f062]&amp#27;[0m 	at com.android.providers.settings.SettingsService$MyShellCommand.onCommand(SettingsService.java:281)
&amp#27;[38;5;16m[AppiumDriver@f062]&amp#27;[0m 	at android.os.BasicShellCommandHandler.exec(BasicShellCommandHandler.java:98)
&amp#27;[38;5;16m[AppiumDriver@f062]&amp#27;[0m 	at android.os.ShellCommand.exec(ShellCommand.java:44)
&amp#27;[38;5;16m[AppiumDriver@f062]&amp#27;[0m 	at com.android.providers.settings.SettingsService.onShellCommand(SettingsService.java:49)
&amp#27;[38;5;16m[AppiumDriver@f062]&amp#27;[0m 	at android.os.Binder.shellCommand(Binder.java:936)
&amp#27;[38;5;16m[AppiumDriver@f062]&amp#27;[0m 	at android.os.Binder.onTransact(Binder.java:820)
&amp#27;[38;5;16m[AppiumDriver@f062]&amp#27;[0m 	at android.os.Binder.execTransactInternal(Binder.java:1166)
&amp#27;[38;5;16m[AppiumDriver@f062]&amp#27;[0m 	at android.os.Binder.execTransact(Binder.java:1130)
&amp#27;[38;5;16m[AppiumDriver@f062]&amp#27;[0m 
&amp#27;[38;5;16m[AppiumDriver@f062]&amp#27;[0m Exception occurred while executing 'delete':
&amp#27;[38;5;16m[AppiumDriver@f062]&amp#27;[0m java.lang.SecurityException: Permission denial: writing to settings requires:android.permission.WRITE_SECURE_SETTINGS
&amp#27;[38;5;16m[AppiumDriver@f062]&amp#27;[0m 	at com.android.providers.settings.SettingsProvider.enforceWritePermission(SettingsProvider.java:2374)
&amp#27;[38;5;16m[AppiumDriver@f062]&amp#27;[0m 	at com.android.providers.settings.SettingsProvider.mutateGlobalSetting(SettingsProvider.java:1413)
&amp#27;[38;5;16m[AppiumDriver@f062]&amp#27;[0m 	at com.android.providers.settings.SettingsProvider.mutateGlobalSetting(SettingsProvider.java:1405)
&amp#27;[38;5;16m[AppiumDriver@f062]&amp#27;[0m 	at com.android.providers.settings.SettingsProvider.deleteGlobalSetting(SettingsProvider.java:1376)
&amp#27;[38;5;16m[AppiumDriver@f062]&amp#27;[0m 	at com.android.providers.settings.SettingsProvider.call(SettingsProvider.java:561)
&amp#27;[38;5;16m[AppiumDriver@f062]&amp#27;[0m 	at android.content.ContentProvider.call(ContentProvider.java:2448)
&amp#27;[38;5;16m[AppiumDriver@f062]&amp#27;[0m 	at android.content.ContentProvider$Transport.call(ContentProvider.java:517)
&amp#27;[38;5;16m[AppiumDriver@f062]&amp#27;[0m 	at com.android.providers.settings.SettingsService$MyShellCommand.deleteForUser(SettingsService.java:399)
&amp#27;[38;5;16m[AppiumDriver@f062]&amp#27;[0m 	at com.android.providers.settings.SettingsService$MyShellCommand.onCommand(SettingsService.java:281)
&amp#27;[38;5;16m[AppiumDriver@f062]&amp#27;[0m 	at android.os.BasicShellCommandHandler.exec(BasicShellCommandHandler.java:98)
&amp#27;[38;5;16m[AppiumDriver@f062]&amp#27;[0m 	at android.os.ShellCommand.exec(ShellCommand.java:44)
&amp#27;[38;5;16m[AppiumDriver@f062]&amp#27;[0m 	at com.android.providers.settings.SettingsService.onShellCommand(SettingsService.java:49)
&amp#27;[38;5;16m[AppiumDriver@f062]&amp#27;[0m 	at android.os.Binder.shellCommand(Binder.java:936)
&amp#27;[38;5;16m[AppiumDriver@f062]&amp#27;[0m 	at android.os.Binder.onTransact(Binder.java:820)
&amp#27;[38;5;16m[AppiumDriver@f062]&amp#27;[0m 	at android.os.Binder.execTransactInternal(Binder.java:1166)
&amp#27;[38;5;16m[AppiumDriver@f062]&amp#27;[0m 	at android.os.Binder.execTransact(Binder.java:1130)
&amp#27;[38;5;16m[AppiumDriver@f062]&amp#27;[0m 
&amp#27;[38;5;16m[AppiumDriver@f062]&amp#27;[0m Exception occurred while executing 'delete':
&amp#27;[38;5;16m[AppiumDriver@f062]&amp#27;[0m java.lang.SecurityException: Permission denial: writing to settings requires:android.permission.WRITE_SECURE_SETTINGS
&amp#27;[38;5;16m[AppiumDriver@f062]&amp#27;[0m 	at com.android.providers.settings.SettingsProvider.enforceWritePermission(SettingsProvider.java:2374)
&amp#27;[38;5;16m[AppiumDriver@f062]&amp#27;[0m 	at com.android.providers.settings.SettingsProvider.mutateGlobalSetting(SettingsProvider.java:1413)
&amp#27;[38;5;16m[AppiumDriver@f062]&amp#27;[0m 	at com.android.providers.settings.SettingsProvider.mutateGlobalSetting(SettingsProvider.java:1405)
&amp#27;[38;5;16m[AppiumDriver@f062]&amp#27;[0m 	at com.android.providers.settings.SettingsProvider.deleteGlobalSetting(SettingsProvider.java:1376)
&amp#27;[38;5;16m[AppiumDriver@f062]&amp#27;[0m 	at com.android.providers.settings.SettingsProvider.call(SettingsProvider.java:561)
&amp#27;[38;5;16m[AppiumDriver@f062]&amp#27;[0m 	at android.content.ContentProvider.call(ContentProvider.java:2448)
&amp#27;[38;5;16m[AppiumDriver@f062]&amp#27;[0m 	at android.content.ContentProvider$Transport.call(ContentProvider.java:517)
&amp#27;[38;5;16m[AppiumDriver@f062]&amp#27;[0m 	at com.android.providers.settings.SettingsService$MyShellCommand.deleteForUser(SettingsService.java:399)
&amp#27;[38;5;16m[AppiumDriver@f062]&amp#27;[0m 	at com.android.providers.settings.SettingsService$MyShellCommand.onCommand(SettingsService.java:281)
&amp#27;[38;5;16m[AppiumDriver@f062]&amp#27;[0m 	at android.os.BasicShellCommandHandler.exec(BasicShellCommandHandler.java:98)
&amp#27;[38;5;16m[AppiumDriver@f062]&amp#27;[0m 	at android.os.ShellCommand.exec(ShellCommand.java:44)
&amp#27;[38;5;16m[AppiumDriver@f062]&amp#27;[0m 	at com.android.providers.settings.SettingsService.onShellCommand(SettingsService.java:49)
&amp#27;[38;5;16m[AppiumDriver@f062]&amp#27;[0m 	at android.os.Binder.shellCommand(Binder.java:936)
&amp#27;[38;5;16m[AppiumDriver@f062]&amp#27;[0m 	at android.os.Binder.onTransact(Binder.java:820)
&amp#27;[38;5;16m[AppiumDriver@f062]&amp#27;[0m 	at android.os.Binder.execTransactInternal(Binder.java:1166)
&amp#27;[38;5;16m[AppiumDriver@f062]&amp#27;[0m 	at android.os.Binder.execTransact(Binder.java:1130)
&amp#27;[38;5;16m[AppiumDriver@f062]&amp#27;[0m 
&amp#27;[38;5;16m[AppiumDriver@f062]&amp#27;[0m     at ChildProcess.<anonymous> (C:\Users\abuba\.appium\node_modules\appium-uiautomator2-driver\node_modules\teen_process\lib\exec.js:128:19)
&amp#27;[38;5;16m[AppiumDriver@f062]&amp#27;[0m     at ChildProcess.emit (node:events:519:28)
&amp#27;[38;5;16m[AppiumDriver@f062]&amp#27;[0m     at maybeClose (node:internal/child_process:1105:16)
&amp#27;[38;5;16m[AppiumDriver@f062]&amp#27;[0m     at Process.ChildProcess._handle.onexit (node:internal/child_process:305:5)
&amp#27;[38;5;0m[HTTP]&amp#27;[0m &amp#27;[37m<-- POST /session &amp#27;[39m&amp#27;[31m500&amp#27;[39m &amp#27;[90m481 ms - 10534&amp#27;[39m
&amp#27;[38;5;0m[HTTP]&amp#27;[0m &amp#27;[90m&amp#27;[39m
      &amp#27;[31morg.openqa.selenium.SessionNotCreatedException: Could not start a new session. Response code 500. Message: An unknown server-side error occurred while processing the command. Original error: Check https://github.com/appium/appium/issues/13802 for throubleshooting. Error executing adbExec. Original error: 'Command 'C:\\Users\\abuba\\AppData\\Local\\Android\\Sdk\\platform-tools\\adb.exe -P 5037 -s VCQ47TS8RCPFOZLN shell 'settings delete global hidden_api_policy_pre_p_apps;settings delete global hidden_api_policy_p_apps;settings delete global hidden_api_policy'' exited with code 255'; Command output: 
Exception occurred while executing 'delete':
java.lang.SecurityException: Permission denial: writing to settings requires:android.permission.WRITE_SECURE_SETTINGS
	at com.android.providers.settings.SettingsProvider.enforceWritePermission(SettingsProvider.java:2374)
	at com.android.providers.settings.SettingsProvider.mutateGlobalSetting(SettingsProvider.java:1413)
	at com.android.providers.settings.SettingsProvider.mutateGlobalSetting(SettingsProvider.java:1405)
	at com.android.providers.settings.SettingsProvider.deleteGlobalSetting(SettingsProvider.java:1376)
	at com.android.providers.settings.SettingsProvider.call(SettingsProvider.java:561)
	at android.content.ContentProvider.call(ContentProvider.java:2448)
	at android.content.ContentProvider$Transport.call(ContentProvider.java:517)
	at com.android.providers.settings.SettingsService$MyShellCommand.deleteForUser(SettingsService.java:399)
	at com.android.providers.settings.SettingsService$MyShellCommand.onCommand(SettingsService.java:281)
	at android.os.BasicShellCommandHandler.exec(BasicShellCommandHandler.java:98)
	at android.os.ShellCommand.exec(ShellCommand.java:44)
	at com.android.providers.settings.SettingsService.onShellCommand(SettingsService.java:49)
	at android.os.Binder.shellCommand(Binder.java:936)
	at android.os.Binder.onTransact(Binder.java:820)
	at android.os.Binder.execTransactInternal(Binder.java:1166)
	at android.os.Binder.execTransact(Binder.java:1130)

Exception occurred while executing 'delete':
java.lang.SecurityException: Permission denial: writing to settings requires:android.permission.WRITE_SECURE_SETTINGS
	at com.android.providers.settings.SettingsProvider.enforceWritePermission(SettingsProvider.java:2374)
	at com.android.providers.settings.SettingsProvider.mutateGlobalSetting(SettingsProvider.java:1413)
	at com.android.providers.settings.SettingsProvider.mutateGlobalSetting(SettingsProvider.java:1405)
	at com.android.providers.settings.SettingsProvider.deleteGlobalSetting(SettingsProvider.java:1376)
	at com.android.providers.settings.SettingsProvider.call(SettingsProvider.java:561)
	at android.content.ContentProvider.call(ContentProvider.java:2448)
	at android.content.ContentProvider$Transport.call(ContentProvider.java:517)
	at com.android.providers.settings.SettingsService$MyShellCommand.deleteForUser(SettingsService.java:399)
	at com.android.providers.settings.SettingsService$MyShellCommand.onCommand(SettingsService.java:281)
	at android.os.BasicShellCommandHandler.exec(BasicShellCommandHandler.java:98)
	at android.os.ShellCommand.exec(ShellCommand.java:44)
	at com.android.providers.settings.SettingsService.onShellCommand(SettingsService.java:49)
	at android.os.Binder.shellCommand(Binder.java:936)
	at android.os.Binder.onTransact(Binder.java:820)
	at android.os.Binder.execTransactInternal(Binder.java:1166)
	at android.os.Binder.execTransact(Binder.java:1130)

Exception occurred while executing 'delete':
java.lang.SecurityException: Permission denial: writing to settings requires:android.permission.WRITE_SECURE_SETTINGS
	at com.android.providers.settings.SettingsProvider.enforceWritePermission(SettingsProvider.java:2374)
	at com.android.providers.settings.SettingsProvider.mutateGlobalSetting(SettingsProvider.java:1413)
	at com.android.providers.settings.SettingsProvider.mutateGlobalSetting(SettingsProvider.java:1405)
	at com.android.providers.settings.SettingsProvider.deleteGlobalSetting(SettingsProvider.java:1376)
	at com.android.providers.settings.SettingsProvider.call(SettingsProvider.java:561)
	at android.content.ContentProvider.call(ContentProvider.java:2448)
	at android.content.ContentProvider$Transport.call(ContentProvider.java:517)
	at com.android.providers.settings.SettingsService$MyShellCommand.deleteForUser(SettingsService.java:399)
	at com.android.providers.settings.SettingsService$MyShellCommand.onCommand(SettingsService.java:281)
	at android.os.BasicShellCommandHandler.exec(BasicShellCommandHandler.java:98)
	at android.os.ShellCommand.exec(ShellCommand.java:44)
	at com.android.providers.settings.SettingsService.onShellCommand(SettingsService.java:49)
	at android.os.Binder.shellCommand(Binder.java:936)
	at android.os.Binder.onTransact(Binder.java:820)
	at android.os.Binder.execTransactInternal(Binder.java:1166)
	at android.os.Binder.execTransact(Binder.java:1130)
 
Host info: host: 'ACRA750', ip: '10.0.0.100'
Build info: version: '4.16.1', revision: '9b4c83354e'
System info: os.name: 'Windows 11', os.arch: 'amd64', os.version: '10.0', java.version: '17.0.9'
Driver info: io.appium.java_client.android.AndroidDriver
Command: [null, newSession {capabilities=[{appium:udid=VCQ47TS8RCPFOZLN, platformName=ANDROID, appium:automationName=UIAutomator2, appium:app=src/test/resources/apk/app-debug.apk}], desiredCapabilities=Capabilities {appium:app: src/test/resources/apk/app-..., appium:automationName: UIAutomator2, appium:udid: VCQ47TS8RCPFOZLN, platformName: ANDROID}}]
Capabilities {appium:app: src/test/resources/apk/app-..., appium:automationName: UIAutomator2, appium:udid: VCQ47TS8RCPFOZLN, platformName: ANDROID}
	at org.openqa.selenium.remote.ProtocolHandshake.createSession(ProtocolHandshake.java:140)
	at java.base/jdk.internal.reflect.NativeMethodAccessorImpl.invoke0(Native Method)
	at java.base/jdk.internal.reflect.NativeMethodAccessorImpl.invoke(NativeMethodAccessorImpl.java:77)
	at java.base/jdk.internal.reflect.DelegatingMethodAccessorImpl.invoke(DelegatingMethodAccessorImpl.java:43)
	at java.base/java.lang.reflect.Method.invoke(Method.java:568)
	at io.appium.java_client.remote.AppiumProtocolHandshake.createSession(AppiumProtocolHandshake.java:133)
	at io.appium.java_client.remote.AppiumProtocolHandshake.createSession(AppiumProtocolHandshake.java:102)
	at io.appium.java_client.remote.AppiumCommandExecutor.createSession(AppiumCommandExecutor.java:177)
	at io.appium.java_client.remote.AppiumCommandExecutor.execute(AppiumCommandExecutor.java:238)
	at org.openqa.selenium.remote.RemoteWebDriver.execute(RemoteWebDriver.java:523)
	at io.appium.java_client.AppiumDriver.startSession(AppiumDriver.java:268)
	at org.openqa.selenium.remote.RemoteWebDriver.<init>(RemoteWebDriver.java:164)
	at io.appium.java_client.AppiumDriver.<init>(AppiumDriver.java:90)
	at io.appium.java_client.AppiumDriver.<init>(AppiumDriver.java:102)
	at io.appium.java_client.android.AndroidDriver.<init>(AndroidDriver.java:109)
	at weatherAppTest.StepDefinitions.doSomethingBefore(StepDefinitions.java:48)
&amp#27;[0m
  &amp#27;[36mGiven &amp#27;[0m&amp#27;[36mI am a general user of the weather forcast&amp#27;[0m                                                          &amp#27;[90m# weatherAppTest.StepDefinitions.i_am_a_general_user_of_the_weather_forcast()&amp#27;[0m
  &amp#27;[36mWhen &amp#27;[0m&amp#27;[36mI request to view hourly weather forcasts for the day&amp#27;[0m                                                &amp#27;[90m# weatherAppTest.StepDefinitions.i_request_to_view_hourly_weather_forcasts_for_the_day()&amp#27;[0m
  &amp#27;[36mThen &amp#27;[0m&amp#27;[36mThe weather app provides me with weather forcasts for each hour including temperature and conditions&amp#27;[0m &amp#27;[90m# weatherAppTest.StepDefinitions.the_weather_app_provides_me_with_weather_forcasts_for_each_hour_including_temperature_and_conditions()&amp#27;[0m
      &amp#27;[31mjava.lang.NullPointerException: Cannot invoke "io.appium.java_client.android.AndroidDriver.quit()" because "this.driver" is null
	at weatherAppTest.StepDefinitions.close_driver(StepDefinitions.java:60)
&amp#27;[0m
]]></system-out>
  </testcase>
  <testcase name="Verify the weather app displays the weather forcast for the entire week." classname="Weather Application Test" time="0.474">
    <error message="Could not start a new session. Response code 500. Message: An unknown server-side error occurred while processing the command. Original error: Check https://github.com/appium/appium/issues/13802 for throubleshooting. Error executing adbExec. Original error: &apos;Command &apos;C:\\Users\\abuba\\AppData\\Local\\Android\\Sdk\\platform-tools\\adb.exe -P 5037 -s VCQ47TS8RCPFOZLN shell &apos;settings delete global hidden_api_policy_pre_p_apps;settings delete global hidden_api_policy_p_apps;settings delete global hidden_api_policy&apos;&apos; exited with code 255&apos;; Command output: &#10;Exception occurred while executing &apos;delete&apos;:&#10;java.lang.SecurityException: Permission denial: writing to settings requires:android.permission.WRITE_SECURE_SETTINGS&#10;	at com.android.providers.settings.SettingsProvider.enforceWritePermission(SettingsProvider.java:2374)&#10;	at com.android.providers.settings.SettingsProvider.mutateGlobalSetting(SettingsProvider.java:1413)&#10;	at com.android.providers.settings.SettingsProvider.mutateGlobalSetting(SettingsProvider.java:1405)&#10;	at com.android.providers.settings.SettingsProvider.deleteGlobalSetting(SettingsProvider.java:1376)&#10;	at com.android.providers.settings.SettingsProvider.call(SettingsProvider.java:561)&#10;	at android.content.ContentProvider.call(ContentProvider.java:2448)&#10;	at android.content.ContentProvider$Transport.call(ContentProvider.java:517)&#10;	at com.android.providers.settings.SettingsService$MyShellCommand.deleteForUser(SettingsService.java:399)&#10;	at com.android.providers.settings.SettingsService$MyShellCommand.onCommand(SettingsService.java:281)&#10;	at android.os.BasicShellCommandHandler.exec(BasicShellCommandHandler.java:98)&#10;	at android.os.ShellCommand.exec(ShellCommand.java:44)&#10;	at com.android.providers.settings.SettingsService.onShellCommand(SettingsService.java:49)&#10;	at android.os.Binder.shellCommand(Binder.java:936)&#10;	at android.os.Binder.onTransact(Binder.java:820)&#10;	at android.os.Binder.execTransactInternal(Binder.java:1166)&#10;	at android.os.Binder.execTransact(Binder.java:1130)&#10;&#10;Exception occurred while executing &apos;delete&apos;:&#10;java.lang.SecurityException: Permission denial: writing to settings requires:android.permission.WRITE_SECURE_SETTINGS&#10;	at com.android.providers.settings.SettingsProvider.enforceWritePermission(SettingsProvider.java:2374)&#10;	at com.android.providers.settings.SettingsProvider.mutateGlobalSetting(SettingsProvider.java:1413)&#10;	at com.android.providers.settings.SettingsProvider.mutateGlobalSetting(SettingsProvider.java:1405)&#10;	at com.android.providers.settings.SettingsProvider.deleteGlobalSetting(SettingsProvider.java:1376)&#10;	at com.android.providers.settings.SettingsProvider.call(SettingsProvider.java:561)&#10;	at android.content.ContentProvider.call(ContentProvider.java:2448)&#10;	at android.content.ContentProvider$Transport.call(ContentProvider.java:517)&#10;	at com.android.providers.settings.SettingsService$MyShellCommand.deleteForUser(SettingsService.java:399)&#10;	at com.android.providers.settings.SettingsService$MyShellCommand.onCommand(SettingsService.java:281)&#10;	at android.os.BasicShellCommandHandler.exec(BasicShellCommandHandler.java:98)&#10;	at android.os.ShellCommand.exec(ShellCommand.java:44)&#10;	at com.android.providers.settings.SettingsService.onShellCommand(SettingsService.java:49)&#10;	at android.os.Binder.shellCommand(Binder.java:936)&#10;	at android.os.Binder.onTransact(Binder.java:820)&#10;	at android.os.Binder.execTransactInternal(Binder.java:1166)&#10;	at android.os.Binder.execTransact(Binder.java:1130)&#10;&#10;Exception occurred while executing &apos;delete&apos;:&#10;java.lang.SecurityException: Permission denial: writing to settings requires:android.permission.WRITE_SECURE_SETTINGS&#10;	at com.android.providers.settings.SettingsProvider.enforceWritePermission(SettingsProvider.java:2374)&#10;	at com.android.providers.settings.SettingsProvider.mutateGlobalSetting(SettingsProvider.java:1413)&#10;	at com.android.providers.settings.SettingsProvider.mutateGlobalSetting(SettingsProvider.java:1405)&#10;	at com.android.providers.settings.SettingsProvider.deleteGlobalSetting(SettingsProvider.java:1376)&#10;	at com.android.providers.settings.SettingsProvider.call(SettingsProvider.java:561)&#10;	at android.content.ContentProvider.call(ContentProvider.java:2448)&#10;	at android.content.ContentProvider$Transport.call(ContentProvider.java:517)&#10;	at com.android.providers.settings.SettingsService$MyShellCommand.deleteForUser(SettingsService.java:399)&#10;	at com.android.providers.settings.SettingsService$MyShellCommand.onCommand(SettingsService.java:281)&#10;	at android.os.BasicShellCommandHandler.exec(BasicShellCommandHandler.java:98)&#10;	at android.os.ShellCommand.exec(ShellCommand.java:44)&#10;	at com.android.providers.settings.SettingsService.onShellCommand(SettingsService.java:49)&#10;	at android.os.Binder.shellCommand(Binder.java:936)&#10;	at android.os.Binder.onTransact(Binder.java:820)&#10;	at android.os.Binder.execTransactInternal(Binder.java:1166)&#10;	at android.os.Binder.execTransact(Binder.java:1130)&#10; &#10;Host info: host: &apos;ACRA750&apos;, ip: &apos;10.0.0.100&apos;&#10;Build info: version: &apos;4.16.1&apos;, revision: &apos;9b4c83354e&apos;&#10;System info: os.name: &apos;Windows 11&apos;, os.arch: &apos;amd64&apos;, os.version: &apos;10.0&apos;, java.version: &apos;17.0.9&apos;&#10;Driver info: io.appium.java_client.android.AndroidDriver&#10;Command: [null, newSession {capabilities=[{appium:udid=VCQ47TS8RCPFOZLN, platformName=ANDROID, appium:automationName=UIAutomator2, appium:app=src/test/resources/apk/app-debug.apk}], desiredCapabilities=Capabilities {appium:app: src/test/resources/apk/app-..., appium:automationName: UIAutomator2, appium:udid: VCQ47TS8RCPFOZLN, platformName: ANDROID}}]&#10;Capabilities {appium:app: src/test/resources/apk/app-..., appium:automationName: UIAutomator2, appium:udid: VCQ47TS8RCPFOZLN, platformName: ANDROID}" type="org.openqa.selenium.SessionNotCreatedException"><![CDATA[org.openqa.selenium.SessionNotCreatedException: 
Could not start a new session. Response code 500. Message: An unknown server-side error occurred while processing the command. Original error: Check https://github.com/appium/appium/issues/13802 for throubleshooting. Error executing adbExec. Original error: 'Command 'C:\\Users\\abuba\\AppData\\Local\\Android\\Sdk\\platform-tools\\adb.exe -P 5037 -s VCQ47TS8RCPFOZLN shell 'settings delete global hidden_api_policy_pre_p_apps;settings delete global hidden_api_policy_p_apps;settings delete global hidden_api_policy'' exited with code 255'; Command output: 
Exception occurred while executing 'delete':
java.lang.SecurityException: Permission denial: writing to settings requires:android.permission.WRITE_SECURE_SETTINGS
	at com.android.providers.settings.SettingsProvider.enforceWritePermission(SettingsProvider.java:2374)
	at com.android.providers.settings.SettingsProvider.mutateGlobalSetting(SettingsProvider.java:1413)
	at com.android.providers.settings.SettingsProvider.mutateGlobalSetting(SettingsProvider.java:1405)
	at com.android.providers.settings.SettingsProvider.deleteGlobalSetting(SettingsProvider.java:1376)
	at com.android.providers.settings.SettingsProvider.call(SettingsProvider.java:561)
	at android.content.ContentProvider.call(ContentProvider.java:2448)
	at android.content.ContentProvider$Transport.call(ContentProvider.java:517)
	at com.android.providers.settings.SettingsService$MyShellCommand.deleteForUser(SettingsService.java:399)
	at com.android.providers.settings.SettingsService$MyShellCommand.onCommand(SettingsService.java:281)
	at android.os.BasicShellCommandHandler.exec(BasicShellCommandHandler.java:98)
	at android.os.ShellCommand.exec(ShellCommand.java:44)
	at com.android.providers.settings.SettingsService.onShellCommand(SettingsService.java:49)
	at android.os.Binder.shellCommand(Binder.java:936)
	at android.os.Binder.onTransact(Binder.java:820)
	at android.os.Binder.execTransactInternal(Binder.java:1166)
	at android.os.Binder.execTransact(Binder.java:1130)

Exception occurred while executing 'delete':
java.lang.SecurityException: Permission denial: writing to settings requires:android.permission.WRITE_SECURE_SETTINGS
	at com.android.providers.settings.SettingsProvider.enforceWritePermission(SettingsProvider.java:2374)
	at com.android.providers.settings.SettingsProvider.mutateGlobalSetting(SettingsProvider.java:1413)
	at com.android.providers.settings.SettingsProvider.mutateGlobalSetting(SettingsProvider.java:1405)
	at com.android.providers.settings.SettingsProvider.deleteGlobalSetting(SettingsProvider.java:1376)
	at com.android.providers.settings.SettingsProvider.call(SettingsProvider.java:561)
	at android.content.ContentProvider.call(ContentProvider.java:2448)
	at android.content.ContentProvider$Transport.call(ContentProvider.java:517)
	at com.android.providers.settings.SettingsService$MyShellCommand.deleteForUser(SettingsService.java:399)
	at com.android.providers.settings.SettingsService$MyShellCommand.onCommand(SettingsService.java:281)
	at android.os.BasicShellCommandHandler.exec(BasicShellCommandHandler.java:98)
	at android.os.ShellCommand.exec(ShellCommand.java:44)
	at com.android.providers.settings.SettingsService.onShellCommand(SettingsService.java:49)
	at android.os.Binder.shellCommand(Binder.java:936)
	at android.os.Binder.onTransact(Binder.java:820)
	at android.os.Binder.execTransactInternal(Binder.java:1166)
	at android.os.Binder.execTransact(Binder.java:1130)

Exception occurred while executing 'delete':
java.lang.SecurityException: Permission denial: writing to settings requires:android.permission.WRITE_SECURE_SETTINGS
	at com.android.providers.settings.SettingsProvider.enforceWritePermission(SettingsProvider.java:2374)
	at com.android.providers.settings.SettingsProvider.mutateGlobalSetting(SettingsProvider.java:1413)
	at com.android.providers.settings.SettingsProvider.mutateGlobalSetting(SettingsProvider.java:1405)
	at com.android.providers.settings.SettingsProvider.deleteGlobalSetting(SettingsProvider.java:1376)
	at com.android.providers.settings.SettingsProvider.call(SettingsProvider.java:561)
	at android.content.ContentProvider.call(ContentProvider.java:2448)
	at android.content.ContentProvider$Transport.call(ContentProvider.java:517)
	at com.android.providers.settings.SettingsService$MyShellCommand.deleteForUser(SettingsService.java:399)
	at com.android.providers.settings.SettingsService$MyShellCommand.onCommand(SettingsService.java:281)
	at android.os.BasicShellCommandHandler.exec(BasicShellCommandHandler.java:98)
	at android.os.ShellCommand.exec(ShellCommand.java:44)
	at com.android.providers.settings.SettingsService.onShellCommand(SettingsService.java:49)
	at android.os.Binder.shellCommand(Binder.java:936)
	at android.os.Binder.onTransact(Binder.java:820)
	at android.os.Binder.execTransactInternal(Binder.java:1166)
	at android.os.Binder.execTransact(Binder.java:1130)
 
Host info: host: 'ACRA750', ip: '10.0.0.100'
Build info: version: '4.16.1', revision: '9b4c83354e'
System info: os.name: 'Windows 11', os.arch: 'amd64', os.version: '10.0', java.version: '17.0.9'
Driver info: io.appium.java_client.android.AndroidDriver
Command: [null, newSession {capabilities=[{appium:udid=VCQ47TS8RCPFOZLN, platformName=ANDROID, appium:automationName=UIAutomator2, appium:app=src/test/resources/apk/app-debug.apk}], desiredCapabilities=Capabilities {appium:app: src/test/resources/apk/app-..., appium:automationName: UIAutomator2, appium:udid: VCQ47TS8RCPFOZLN, platformName: ANDROID}}]
Capabilities {appium:app: src/test/resources/apk/app-..., appium:automationName: UIAutomator2, appium:udid: VCQ47TS8RCPFOZLN, platformName: ANDROID}
	at org.openqa.selenium.remote.ProtocolHandshake.createSession(ProtocolHandshake.java:140)
	at java.base/java.lang.reflect.Method.invoke(Method.java:568)
	at io.appium.java_client.remote.AppiumProtocolHandshake.createSession(AppiumProtocolHandshake.java:133)
	at io.appium.java_client.remote.AppiumProtocolHandshake.createSession(AppiumProtocolHandshake.java:102)
	at io.appium.java_client.remote.AppiumCommandExecutor.createSession(AppiumCommandExecutor.java:177)
	at io.appium.java_client.remote.AppiumCommandExecutor.execute(AppiumCommandExecutor.java:238)
	at org.openqa.selenium.remote.RemoteWebDriver.execute(RemoteWebDriver.java:523)
	at io.appium.java_client.AppiumDriver.startSession(AppiumDriver.java:268)
	at org.openqa.selenium.remote.RemoteWebDriver.<init>(RemoteWebDriver.java:164)
	at io.appium.java_client.AppiumDriver.<init>(AppiumDriver.java:90)
	at io.appium.java_client.AppiumDriver.<init>(AppiumDriver.java:102)
	at io.appium.java_client.android.AndroidDriver.<init>(AndroidDriver.java:109)
	at weatherAppTest.StepDefinitions.doSomethingBefore(StepDefinitions.java:48)
]]></error>
    <system-out><![CDATA[
Scenario: Verify the weather app displays the weather forcast for the entire week. &amp#27;[90m# features/weatherAppTest.feature:13&amp#27;[0m
&amp#27;[38;5;0m[HTTP]&amp#27;[0m Request idempotency key: 0b553b82-5bcb-40ac-8491-b02904404ccb
&amp#27;[38;5;0m[HTTP]&amp#27;[0m &amp#27;[37m-->&amp#27;[39m &amp#27;[37mPOST&amp#27;[39m &amp#27;[37m/session&amp#27;[39m
&amp#27;[38;5;0m[HTTP]&amp#27;[0m &amp#27;[90m{"capabilities":{"firstMatch":[{}],"alwaysMatch":{"appium:app":"src/test/resources/apk/app-debug.apk","appium:automationName":"UIAutomator2","appium:udid":"VCQ47TS8RCPFOZLN","platformName":"ANDROID"}}}&amp#27;[39m
&amp#27;[38;5;16m[AppiumDriver@f062]&amp#27;[0m Calling AppiumDriver.createSession() with args: [null,null,{"firstMatch":[{}],"alwaysMatch":{"appium:app":"src/test/resources/apk/app-debug.apk","appium:automationName":"UIAutomator2","appium:udid":"VCQ47TS8RCPFOZLN","platformName":"ANDROID"}}]
&amp#27;[38;5;16m[AppiumDriver@f062]&amp#27;[0m Event 'newSessionRequested' logged at 1705179045123 (02:50:45 GMT+0600 (Bangladesh Standard Time))
&amp#27;[35m[Appium]&amp#27;[39m Attempting to find matching driver for automationName 'UIAutomator2' and platformName 'ANDROID'
&amp#27;[35m[Appium]&amp#27;[39m The 'uiautomator2' driver was installed and matched caps.
&amp#27;[35m[Appium]&amp#27;[39m Will require it at C:\Users\abuba\.appium\node_modules\appium-uiautomator2-driver
&amp#27;[35m[Appium]&amp#27;[39m Requiring driver at C:\Users\abuba\.appium\node_modules\appium-uiautomator2-driver\build\index.js
&amp#27;[38;5;16m[AppiumDriver@f062]&amp#27;[0m Appium v2.4.1 creating new AndroidUiautomator2Driver (v2.42.0) session
&amp#27;[38;5;16m[AppiumDriver@f062]&amp#27;[0m Checking BaseDriver versions for Appium and AndroidUiautomator2Driver
&amp#27;[38;5;16m[AppiumDriver@f062]&amp#27;[0m Appium's BaseDriver version is 9.5.0
&amp#27;[38;5;16m[AppiumDriver@f062]&amp#27;[0m AndroidUiautomator2Driver's BaseDriver version is 9.5.0
&amp#27;[38;5;32m[AndroidUiautomator2Driver@980f]&amp#27;[0m Creating session with W3C capabilities: {
&amp#27;[38;5;32m[AndroidUiautomator2Driver@980f]&amp#27;[0m   "alwaysMatch": {
&amp#27;[38;5;32m[AndroidUiautomator2Driver@980f]&amp#27;[0m     "platformName": "ANDROID",
&amp#27;[38;5;32m[AndroidUiautomator2Driver@980f]&amp#27;[0m     "appium:app": "src/test/resources/apk/app-debug.apk",
&amp#27;[38;5;32m[AndroidUiautomator2Driver@980f]&amp#27;[0m     "appium:automationName": "UIAutomator2",
&amp#27;[38;5;32m[AndroidUiautomator2Driver@980f]&amp#27;[0m     "appium:udid": "VCQ47TS8RCPFOZLN"
&amp#27;[38;5;32m[AndroidUiautomator2Driver@980f]&amp#27;[0m   },
&amp#27;[38;5;32m[AndroidUiautomator2Driver@980f]&amp#27;[0m   "firstMatch": [
&amp#27;[38;5;32m[AndroidUiautomator2Driver@980f]&amp#27;[0m     {}
&amp#27;[38;5;32m[AndroidUiautomator2Driver@980f]&amp#27;[0m   ]
&amp#27;[38;5;32m[AndroidUiautomator2Driver@980f]&amp#27;[0m }
&amp#27;[38;5;32m[AndroidUiautomator2Driver@980f (c6ec5dd8)]&amp#27;[0m Session created with session id: c6ec5dd8-9993-497d-b36d-9c7b746c6cc4
&amp#27;[38;5;48m[BaseDriver]&amp#27;[0m Using local app 'src/test/resources/apk/app-debug.apk'
&amp#27;[38;5;48m[BaseDriver]&amp#27;[0m The current application path 'src/test/resources/apk/app-debug.apk' is not absolute and has been rewritten to 'C:\Users\abuba\java_projects\weatherAppTest\src\test\resources\apk\app-debug.apk'. Consider using absolute paths rather than relative
&amp#27;[38;5;32m[AndroidUiautomator2Driver@980f (c6ec5dd8)]&amp#27;[0m Checking whether app is actually present
&amp#27;[38;5;64m[ADB]&amp#27;[0m Using 'adb.exe' from 'C:\Users\abuba\AppData\Local\Android\Sdk\platform-tools\adb.exe'
&amp#27;[38;5;64m[ADB]&amp#27;[0m Running 'C:\Users\abuba\AppData\Local\Android\Sdk\platform-tools\adb.exe -P 5037 start-server'
&amp#27;[38;5;80m[AndroidDriver]&amp#27;[0m Retrieving device list
&amp#27;[38;5;64m[ADB]&amp#27;[0m Trying to find connected Android devices
&amp#27;[38;5;64m[ADB]&amp#27;[0m Getting connected devices
&amp#27;[38;5;64m[ADB]&amp#27;[0m Connected devices: [{"udid":"VCQ47TS8RCPFOZLN","state":"device"}]
&amp#27;[38;5;80m[AndroidDriver]&amp#27;[0m Using device: VCQ47TS8RCPFOZLN
&amp#27;[38;5;64m[ADB]&amp#27;[0m Using 'adb.exe' from 'C:\Users\abuba\AppData\Local\Android\Sdk\platform-tools\adb.exe'
&amp#27;[38;5;64m[ADB]&amp#27;[0m Running 'C:\Users\abuba\AppData\Local\Android\Sdk\platform-tools\adb.exe -P 5037 start-server'
&amp#27;[38;5;64m[ADB]&amp#27;[0m Setting device id to VCQ47TS8RCPFOZLN
&amp#27;[38;5;64m[ADB]&amp#27;[0m Running 'C:\Users\abuba\AppData\Local\Android\Sdk\platform-tools\adb.exe -P 5037 -s VCQ47TS8RCPFOZLN shell getprop ro.build.version.sdk'
&amp#27;[38;5;64m[ADB]&amp#27;[0m Current device property 'ro.build.version.sdk': 30
&amp#27;[38;5;64m[ADB]&amp#27;[0m Getting device platform version
&amp#27;[38;5;64m[ADB]&amp#27;[0m Running 'C:\Users\abuba\AppData\Local\Android\Sdk\platform-tools\adb.exe -P 5037 -s VCQ47TS8RCPFOZLN shell getprop ro.build.version.release'
&amp#27;[38;5;64m[ADB]&amp#27;[0m Current device property 'ro.build.version.release': 11
&amp#27;[38;5;64m[ADB]&amp#27;[0m Device API level: 30
&amp#27;[38;5;32m[AndroidUiautomator2Driver@980f (c6ec5dd8)]&amp#27;[0m Relaxing hidden api policy
&amp#27;[38;5;64m[ADB]&amp#27;[0m Running 'C:\Users\abuba\AppData\Local\Android\Sdk\platform-tools\adb.exe -P 5037 -s VCQ47TS8RCPFOZLN shell 'settings put global hidden_api_policy_pre_p_apps 1;settings put global hidden_api_policy_p_apps 1;settings put global hidden_api_policy 1''
&amp#27;[38;5;32m[AndroidUiautomator2Driver@980f (c6ec5dd8)]&amp#27;[0m Hidden API policy (https://developer.android.com/guide/app-compatibility/restrictions-non-sdk-interfaces) cannot be enabled. This might be happening because the device under test is not configured properly. Please check https://github.com/appium/appium/issues/13802 for more details. You could also set the "appium:ignoreHiddenApiPolicyError" capability to true in order to ignore this error, which might later lead to unexpected crashes or behavior of the automation server. Original error: Check https://github.com/appium/appium/issues/13802 for throubleshooting. Error executing adbExec. Original error: 'Command 'C:\\Users\\abuba\\AppData\\Local\\Android\\Sdk\\platform-tools\\adb.exe -P 5037 -s VCQ47TS8RCPFOZLN shell 'settings put global hidden_api_policy_pre_p_apps 1;settings put global hidden_api_policy_p_apps 1;settings put global hidden_api_policy 1'' exited with code 255'; Command output: 
&amp#27;[38;5;32m[AndroidUiautomator2Driver@980f (c6ec5dd8)]&amp#27;[0m Exception occurred while executing 'put':
&amp#27;[38;5;32m[AndroidUiautomator2Driver@980f (c6ec5dd8)]&amp#27;[0m java.lang.SecurityException: Permission denial: writing to settings requires:android.permission.WRITE_SECURE_SETTINGS
&amp#27;[38;5;32m[AndroidUiautomator2Driver@980f (c6ec5dd8)]&amp#27;[0m 	at com.android.providers.settings.SettingsProvider.enforceWritePermission(SettingsProvider.java:2374)
&amp#27;[38;5;32m[AndroidUiautomator2Driver@980f (c6ec5dd8)]&amp#27;[0m 	at com.android.providers.settings.SettingsProvider.mutateGlobalSetting(SettingsProvider.java:1413)
&amp#27;[38;5;32m[AndroidUiautomator2Driver@980f (c6ec5dd8)]&amp#27;[0m 	at com.android.providers.settings.SettingsProvider.insertGlobalSetting(SettingsProvider.java:1367)
&amp#27;[38;5;32m[AndroidUiautomator2Driver@980f (c6ec5dd8)]&amp#27;[0m 	at com.android.providers.settings.SettingsProvider.call(SettingsProvider.java:501)
&amp#27;[38;5;32m[AndroidUiautomator2Driver@980f (c6ec5dd8)]&amp#27;[0m 	at android.content.ContentProvider.call(ContentProvider.java:2448)
&amp#27;[38;5;32m[AndroidUiautomator2Driver@980f (c6ec5dd8)]&amp#27;[0m 	at android.content.ContentProvider$Transport.call(ContentProvider.java:517)
&amp#27;[38;5;32m[AndroidUiautomator2Driver@980f (c6ec5dd8)]&amp#27;[0m 	at com.android.providers.settings.SettingsService$MyShellCommand.putForUser(SettingsService.java:375)
&amp#27;[38;5;32m[AndroidUiautomator2Driver@980f (c6ec5dd8)]&amp#27;[0m 	at com.android.providers.settings.SettingsService$MyShellCommand.onCommand(SettingsService.java:277)
&amp#27;[38;5;32m[AndroidUiautomator2Driver@980f (c6ec5dd8)]&amp#27;[0m 	at android.os.BasicShellCommandHandler.exec(BasicShellCommandHandler.java:98)
&amp#27;[38;5;32m[AndroidUiautomator2Driver@980f (c6ec5dd8)]&amp#27;[0m 	at android.os.ShellCommand.exec(ShellCommand.java:44)
&amp#27;[38;5;32m[AndroidUiautomator2Driver@980f (c6ec5dd8)]&amp#27;[0m 	at com.android.providers.settings.SettingsService.onShellCommand(SettingsService.java:49)
&amp#27;[38;5;32m[AndroidUiautomator2Driver@980f (c6ec5dd8)]&amp#27;[0m 	at android.os.Binder.shellCommand(Binder.java:936)
&amp#27;[38;5;32m[AndroidUiautomator2Driver@980f (c6ec5dd8)]&amp#27;[0m 	at android.os.Binder.onTransact(Binder.java:820)
&amp#27;[38;5;32m[AndroidUiautomator2Driver@980f (c6ec5dd8)]&amp#27;[0m 	at android.os.Binder.execTransactInternal(Binder.java:1166)
&amp#27;[38;5;32m[AndroidUiautomator2Driver@980f (c6ec5dd8)]&amp#27;[0m 	at android.os.Binder.execTransact(Binder.java:1130)
&amp#27;[38;5;32m[AndroidUiautomator2Driver@980f (c6ec5dd8)]&amp#27;[0m 
&amp#27;[38;5;32m[AndroidUiautomator2Driver@980f (c6ec5dd8)]&amp#27;[0m Exception occurred while executing 'put':
&amp#27;[38;5;32m[AndroidUiautomator2Driver@980f (c6ec5dd8)]&amp#27;[0m java.lang.SecurityException: Permission denial: writing to settings requires:android.permission.WRITE_SECURE_SETTINGS
&amp#27;[38;5;32m[AndroidUiautomator2Driver@980f (c6ec5dd8)]&amp#27;[0m 	at com.android.providers.settings.SettingsProvider.enforceWritePermission(SettingsProvider.java:2374)
&amp#27;[38;5;32m[AndroidUiautomator2Driver@980f (c6ec5dd8)]&amp#27;[0m 	at com.android.providers.settings.SettingsProvider.mutateGlobalSetting(SettingsProvider.java:1413)
&amp#27;[38;5;32m[AndroidUiautomator2Driver@980f (c6ec5dd8)]&amp#27;[0m 	at com.android.providers.settings.SettingsProvider.insertGlobalSetting(SettingsProvider.java:1367)
&amp#27;[38;5;32m[AndroidUiautomator2Driver@980f (c6ec5dd8)]&amp#27;[0m 	at com.android.providers.settings.SettingsProvider.call(SettingsProvider.java:501)
&amp#27;[38;5;32m[AndroidUiautomator2Driver@980f (c6ec5dd8)]&amp#27;[0m 	at android.content.ContentProvider.call(ContentProvider.java:2448)
&amp#27;[38;5;32m[AndroidUiautomator2Driver@980f (c6ec5dd8)]&amp#27;[0m 	at android.content.ContentProvider$Transport.call(ContentProvider.java:517)
&amp#27;[38;5;32m[AndroidUiautomator2Driver@980f (c6ec5dd8)]&amp#27;[0m 	at com.android.providers.settings.SettingsService$MyShellCommand.putForUser(SettingsService.java:375)
&amp#27;[38;5;32m[AndroidUiautomator2Driver@980f (c6ec5dd8)]&amp#27;[0m 	at com.android.providers.settings.SettingsService$MyShellCommand.onCommand(SettingsService.java:277)
&amp#27;[38;5;32m[AndroidUiautomator2Driver@980f (c6ec5dd8)]&amp#27;[0m 	at android.os.BasicShellCommandHandler.exec(BasicShellCommandHandler.java:98)
&amp#27;[38;5;32m[AndroidUiautomator2Driver@980f (c6ec5dd8)]&amp#27;[0m 	at android.os.ShellCommand.exec(ShellCommand.java:44)
&amp#27;[38;5;32m[AndroidUiautomator2Driver@980f (c6ec5dd8)]&amp#27;[0m 	at com.android.providers.settings.SettingsService.onShellCommand(SettingsService.java:49)
&amp#27;[38;5;32m[AndroidUiautomator2Driver@980f (c6ec5dd8)]&amp#27;[0m 	at android.os.Binder.shellCommand(Binder.java:936)
&amp#27;[38;5;32m[AndroidUiautomator2Driver@980f (c6ec5dd8)]&amp#27;[0m 	at android.os.Binder.onTransact(Binder.java:820)
&amp#27;[38;5;32m[AndroidUiautomator2Driver@980f (c6ec5dd8)]&amp#27;[0m 	at android.os.Binder.execTransactInternal(Binder.java:1166)
&amp#27;[38;5;32m[AndroidUiautomator2Driver@980f (c6ec5dd8)]&amp#27;[0m 	at android.os.Binder.execTransact(Binder.java:1130)
&amp#27;[38;5;32m[AndroidUiautomator2Driver@980f (c6ec5dd8)]&amp#27;[0m 
&amp#27;[38;5;32m[AndroidUiautomator2Driver@980f (c6ec5dd8)]&amp#27;[0m Exception occurred while executing 'put':
&amp#27;[38;5;32m[AndroidUiautomator2Driver@980f (c6ec5dd8)]&amp#27;[0m java.lang.SecurityException: Permission denial: writing to settings requires:android.permission.WRITE_SECURE_SETTINGS
&amp#27;[38;5;32m[AndroidUiautomator2Driver@980f (c6ec5dd8)]&amp#27;[0m 	at com.android.providers.settings.SettingsProvider.enforceWritePermission(SettingsProvider.java:2374)
&amp#27;[38;5;32m[AndroidUiautomator2Driver@980f (c6ec5dd8)]&amp#27;[0m 	at com.android.providers.settings.SettingsProvider.mutateGlobalSetting(SettingsProvider.java:1413)
&amp#27;[38;5;32m[AndroidUiautomator2Driver@980f (c6ec5dd8)]&amp#27;[0m 	at com.android.providers.settings.SettingsProvider.insertGlobalSetting(SettingsProvider.java:1367)
&amp#27;[38;5;32m[AndroidUiautomator2Driver@980f (c6ec5dd8)]&amp#27;[0m 	at com.android.providers.settings.SettingsProvider.call(SettingsProvider.java:501)
&amp#27;[38;5;32m[AndroidUiautomator2Driver@980f (c6ec5dd8)]&amp#27;[0m 	at android.content.ContentProvider.call(ContentProvider.java:2448)
&amp#27;[38;5;32m[AndroidUiautomator2Driver@980f (c6ec5dd8)]&amp#27;[0m 	at android.content.ContentProvider$Transport.call(ContentProvider.java:517)
&amp#27;[38;5;32m[AndroidUiautomator2Driver@980f (c6ec5dd8)]&amp#27;[0m 	at com.android.providers.settings.SettingsService$MyShellCommand.putForUser(SettingsService.java:375)
&amp#27;[38;5;32m[AndroidUiautomator2Driver@980f (c6ec5dd8)]&amp#27;[0m 	at com.android.providers.settings.SettingsService$MyShellCommand.onCommand(SettingsService.java:277)
&amp#27;[38;5;32m[AndroidUiautomator2Driver@980f (c6ec5dd8)]&amp#27;[0m 	at android.os.BasicShellCommandHandler.exec(BasicShellCommandHandler.java:98)
&amp#27;[38;5;32m[AndroidUiautomator2Driver@980f (c6ec5dd8)]&amp#27;[0m 	at android.os.ShellCommand.exec(ShellCommand.java:44)
&amp#27;[38;5;32m[AndroidUiautomator2Driver@980f (c6ec5dd8)]&amp#27;[0m 	at com.android.providers.settings.SettingsService.onShellCommand(SettingsService.java:49)
&amp#27;[38;5;32m[AndroidUiautomator2Driver@980f (c6ec5dd8)]&amp#27;[0m 	at android.os.Binder.shellCommand(Binder.java:936)
&amp#27;[38;5;32m[AndroidUiautomator2Driver@980f (c6ec5dd8)]&amp#27;[0m 	at android.os.Binder.onTransact(Binder.java:820)
&amp#27;[38;5;32m[AndroidUiautomator2Driver@980f (c6ec5dd8)]&amp#27;[0m 	at android.os.Binder.execTransactInternal(Binder.java:1166)
&amp#27;[38;5;32m[AndroidUiautomator2Driver@980f (c6ec5dd8)]&amp#27;[0m 	at android.os.Binder.execTransact(Binder.java:1130)
&amp#27;[38;5;32m[AndroidUiautomator2Driver@980f (c6ec5dd8)]&amp#27;[0m 
&amp#27;[38;5;32m[AndroidUiautomator2Driver@980f (c6ec5dd8)]&amp#27;[0m Deleting UiAutomator2 session
&amp#27;[38;5;32m[AndroidUiautomator2Driver@980f (c6ec5dd8)]&amp#27;[0m Unable to stop ChromeDriver proxies: Cannot read properties of undefined (reading 'proxyReqRes')
&amp#27;[38;5;64m[ADB]&amp#27;[0m Running 'C:\Users\abuba\AppData\Local\Android\Sdk\platform-tools\adb.exe -P 5037 -s VCQ47TS8RCPFOZLN shell dumpsys activity services io.appium.settings/.recorder.RecorderService'
&amp#27;[38;5;32m[AndroidUiautomator2Driver@980f (c6ec5dd8)]&amp#27;[0m Restoring hidden api policy to the device default configuration
&amp#27;[38;5;64m[ADB]&amp#27;[0m Running 'C:\Users\abuba\AppData\Local\Android\Sdk\platform-tools\adb.exe -P 5037 -s VCQ47TS8RCPFOZLN shell 'settings delete global hidden_api_policy_pre_p_apps;settings delete global hidden_api_policy_p_apps;settings delete global hidden_api_policy''
&amp#27;[38;5;16m[AppiumDriver@f062]&amp#27;[0m Event 'newSessionStarted' logged at 1705179045582 (02:50:45 GMT+0600 (Bangladesh Standard Time))
&amp#27;[38;5;16m[AppiumDriver@f062]&amp#27;[0m Encountered internal error running command: Error: Check https://github.com/appium/appium/issues/13802 for throubleshooting. Error executing adbExec. Original error: 'Command 'C:\\Users\\abuba\\AppData\\Local\\Android\\Sdk\\platform-tools\\adb.exe -P 5037 -s VCQ47TS8RCPFOZLN shell 'settings delete global hidden_api_policy_pre_p_apps;settings delete global hidden_api_policy_p_apps;settings delete global hidden_api_policy'' exited with code 255'; Command output: 
&amp#27;[38;5;16m[AppiumDriver@f062]&amp#27;[0m Exception occurred while executing 'delete':
&amp#27;[38;5;16m[AppiumDriver@f062]&amp#27;[0m java.lang.SecurityException: Permission denial: writing to settings requires:android.permission.WRITE_SECURE_SETTINGS
&amp#27;[38;5;16m[AppiumDriver@f062]&amp#27;[0m 	at com.android.providers.settings.SettingsProvider.enforceWritePermission(SettingsProvider.java:2374)
&amp#27;[38;5;16m[AppiumDriver@f062]&amp#27;[0m 	at com.android.providers.settings.SettingsProvider.mutateGlobalSetting(SettingsProvider.java:1413)
&amp#27;[38;5;16m[AppiumDriver@f062]&amp#27;[0m 	at com.android.providers.settings.SettingsProvider.mutateGlobalSetting(SettingsProvider.java:1405)
&amp#27;[38;5;16m[AppiumDriver@f062]&amp#27;[0m 	at com.android.providers.settings.SettingsProvider.deleteGlobalSetting(SettingsProvider.java:1376)
&amp#27;[38;5;16m[AppiumDriver@f062]&amp#27;[0m 	at com.android.providers.settings.SettingsProvider.call(SettingsProvider.java:561)
&amp#27;[38;5;16m[AppiumDriver@f062]&amp#27;[0m 	at android.content.ContentProvider.call(ContentProvider.java:2448)
&amp#27;[38;5;16m[AppiumDriver@f062]&amp#27;[0m 	at android.content.ContentProvider$Transport.call(ContentProvider.java:517)
&amp#27;[38;5;16m[AppiumDriver@f062]&amp#27;[0m 	at com.android.providers.settings.SettingsService$MyShellCommand.deleteForUser(SettingsService.java:399)
&amp#27;[38;5;16m[AppiumDriver@f062]&amp#27;[0m 	at com.android.providers.settings.SettingsService$MyShellCommand.onCommand(SettingsService.java:281)
&amp#27;[38;5;16m[AppiumDriver@f062]&amp#27;[0m 	at android.os.BasicShellCommandHandler.exec(BasicShellCommandHandler.java:98)
&amp#27;[38;5;16m[AppiumDriver@f062]&amp#27;[0m 	at android.os.ShellCommand.exec(ShellCommand.java:44)
&amp#27;[38;5;16m[AppiumDriver@f062]&amp#27;[0m 	at com.android.providers.settings.SettingsService.onShellCommand(SettingsService.java:49)
&amp#27;[38;5;16m[AppiumDriver@f062]&amp#27;[0m 	at android.os.Binder.shellCommand(Binder.java:936)
&amp#27;[38;5;16m[AppiumDriver@f062]&amp#27;[0m 	at android.os.Binder.onTransact(Binder.java:820)
&amp#27;[38;5;16m[AppiumDriver@f062]&amp#27;[0m 	at android.os.Binder.execTransactInternal(Binder.java:1166)
&amp#27;[38;5;16m[AppiumDriver@f062]&amp#27;[0m 	at android.os.Binder.execTransact(Binder.java:1130)
&amp#27;[38;5;16m[AppiumDriver@f062]&amp#27;[0m 
&amp#27;[38;5;16m[AppiumDriver@f062]&amp#27;[0m Exception occurred while executing 'delete':
&amp#27;[38;5;16m[AppiumDriver@f062]&amp#27;[0m java.lang.SecurityException: Permission denial: writing to settings requires:android.permission.WRITE_SECURE_SETTINGS
&amp#27;[38;5;16m[AppiumDriver@f062]&amp#27;[0m 	at com.android.providers.settings.SettingsProvider.enforceWritePermission(SettingsProvider.java:2374)
&amp#27;[38;5;16m[AppiumDriver@f062]&amp#27;[0m 	at com.android.providers.settings.SettingsProvider.mutateGlobalSetting(SettingsProvider.java:1413)
&amp#27;[38;5;16m[AppiumDriver@f062]&amp#27;[0m 	at com.android.providers.settings.SettingsProvider.mutateGlobalSetting(SettingsProvider.java:1405)
&amp#27;[38;5;16m[AppiumDriver@f062]&amp#27;[0m 	at com.android.providers.settings.SettingsProvider.deleteGlobalSetting(SettingsProvider.java:1376)
&amp#27;[38;5;16m[AppiumDriver@f062]&amp#27;[0m 	at com.android.providers.settings.SettingsProvider.call(SettingsProvider.java:561)
&amp#27;[38;5;16m[AppiumDriver@f062]&amp#27;[0m 	at android.content.ContentProvider.call(ContentProvider.java:2448)
&amp#27;[38;5;16m[AppiumDriver@f062]&amp#27;[0m 	at android.content.ContentProvider$Transport.call(ContentProvider.java:517)
&amp#27;[38;5;16m[AppiumDriver@f062]&amp#27;[0m 	at com.android.providers.settings.SettingsService$MyShellCommand.deleteForUser(SettingsService.java:399)
&amp#27;[38;5;16m[AppiumDriver@f062]&amp#27;[0m 	at com.android.providers.settings.SettingsService$MyShellCommand.onCommand(SettingsService.java:281)
&amp#27;[38;5;16m[AppiumDriver@f062]&amp#27;[0m 	at android.os.BasicShellCommandHandler.exec(BasicShellCommandHandler.java:98)
&amp#27;[38;5;16m[AppiumDriver@f062]&amp#27;[0m 	at android.os.ShellCommand.exec(ShellCommand.java:44)
&amp#27;[38;5;16m[AppiumDriver@f062]&amp#27;[0m 	at com.android.providers.settings.SettingsService.onShellCommand(SettingsService.java:49)
&amp#27;[38;5;16m[AppiumDriver@f062]&amp#27;[0m 	at android.os.Binder.shellCommand(Binder.java:936)
&amp#27;[38;5;16m[AppiumDriver@f062]&amp#27;[0m 	at android.os.Binder.onTransact(Binder.java:820)
&amp#27;[38;5;16m[AppiumDriver@f062]&amp#27;[0m 	at android.os.Binder.execTransactInternal(Binder.java:1166)
&amp#27;[38;5;16m[AppiumDriver@f062]&amp#27;[0m 	at android.os.Binder.execTransact(Binder.java:1130)
&amp#27;[38;5;16m[AppiumDriver@f062]&amp#27;[0m 
&amp#27;[38;5;16m[AppiumDriver@f062]&amp#27;[0m Exception occurred while executing 'delete':
&amp#27;[38;5;16m[AppiumDriver@f062]&amp#27;[0m java.lang.SecurityException: Permission denial: writing to settings requires:android.permission.WRITE_SECURE_SETTINGS
&amp#27;[38;5;16m[AppiumDriver@f062]&amp#27;[0m 	at com.android.providers.settings.SettingsProvider.enforceWritePermission(SettingsProvider.java:2374)
&amp#27;[38;5;16m[AppiumDriver@f062]&amp#27;[0m 	at com.android.providers.settings.SettingsProvider.mutateGlobalSetting(SettingsProvider.java:1413)
&amp#27;[38;5;16m[AppiumDriver@f062]&amp#27;[0m 	at com.android.providers.settings.SettingsProvider.mutateGlobalSetting(SettingsProvider.java:1405)
&amp#27;[38;5;16m[AppiumDriver@f062]&amp#27;[0m 	at com.android.providers.settings.SettingsProvider.deleteGlobalSetting(SettingsProvider.java:1376)
&amp#27;[38;5;16m[AppiumDriver@f062]&amp#27;[0m 	at com.android.providers.settings.SettingsProvider.call(SettingsProvider.java:561)
&amp#27;[38;5;16m[AppiumDriver@f062]&amp#27;[0m 	at android.content.ContentProvider.call(ContentProvider.java:2448)
&amp#27;[38;5;16m[AppiumDriver@f062]&amp#27;[0m 	at android.content.ContentProvider$Transport.call(ContentProvider.java:517)
&amp#27;[38;5;16m[AppiumDriver@f062]&amp#27;[0m 	at com.android.providers.settings.SettingsService$MyShellCommand.deleteForUser(SettingsService.java:399)
&amp#27;[38;5;16m[AppiumDriver@f062]&amp#27;[0m 	at com.android.providers.settings.SettingsService$MyShellCommand.onCommand(SettingsService.java:281)
&amp#27;[38;5;16m[AppiumDriver@f062]&amp#27;[0m 	at android.os.BasicShellCommandHandler.exec(BasicShellCommandHandler.java:98)
&amp#27;[38;5;16m[AppiumDriver@f062]&amp#27;[0m 	at android.os.ShellCommand.exec(ShellCommand.java:44)
&amp#27;[38;5;16m[AppiumDriver@f062]&amp#27;[0m 	at com.android.providers.settings.SettingsService.onShellCommand(SettingsService.java:49)
&amp#27;[38;5;16m[AppiumDriver@f062]&amp#27;[0m 	at android.os.Binder.shellCommand(Binder.java:936)
&amp#27;[38;5;16m[AppiumDriver@f062]&amp#27;[0m 	at android.os.Binder.onTransact(Binder.java:820)
&amp#27;[38;5;16m[AppiumDriver@f062]&amp#27;[0m 	at android.os.Binder.execTransactInternal(Binder.java:1166)
&amp#27;[38;5;16m[AppiumDriver@f062]&amp#27;[0m 	at android.os.Binder.execTransact(Binder.java:1130)
&amp#27;[38;5;16m[AppiumDriver@f062]&amp#27;[0m 
&amp#27;[38;5;16m[AppiumDriver@f062]&amp#27;[0m     at ChildProcess.<anonymous> (C:\Users\abuba\.appium\node_modules\appium-uiautomator2-driver\node_modules\teen_process\lib\exec.js:128:19)
&amp#27;[38;5;16m[AppiumDriver@f062]&amp#27;[0m     at ChildProcess.emit (node:events:519:28)
&amp#27;[38;5;16m[AppiumDriver@f062]&amp#27;[0m     at maybeClose (node:internal/child_process:1105:16)
&amp#27;[38;5;16m[AppiumDriver@f062]&amp#27;[0m     at Process.ChildProcess._handle.onexit (node:internal/child_process:305:5)
&amp#27;[38;5;0m[HTTP]&amp#27;[0m &amp#27;[37m<-- POST /session &amp#27;[39m&amp#27;[31m500&amp#27;[39m &amp#27;[90m462 ms - 10534&amp#27;[39m
&amp#27;[38;5;0m[HTTP]&amp#27;[0m &amp#27;[90m&amp#27;[39m
      &amp#27;[31morg.openqa.selenium.SessionNotCreatedException: Could not start a new session. Response code 500. Message: An unknown server-side error occurred while processing the command. Original error: Check https://github.com/appium/appium/issues/13802 for throubleshooting. Error executing adbExec. Original error: 'Command 'C:\\Users\\abuba\\AppData\\Local\\Android\\Sdk\\platform-tools\\adb.exe -P 5037 -s VCQ47TS8RCPFOZLN shell 'settings delete global hidden_api_policy_pre_p_apps;settings delete global hidden_api_policy_p_apps;settings delete global hidden_api_policy'' exited with code 255'; Command output: 
Exception occurred while executing 'delete':
java.lang.SecurityException: Permission denial: writing to settings requires:android.permission.WRITE_SECURE_SETTINGS
	at com.android.providers.settings.SettingsProvider.enforceWritePermission(SettingsProvider.java:2374)
	at com.android.providers.settings.SettingsProvider.mutateGlobalSetting(SettingsProvider.java:1413)
	at com.android.providers.settings.SettingsProvider.mutateGlobalSetting(SettingsProvider.java:1405)
	at com.android.providers.settings.SettingsProvider.deleteGlobalSetting(SettingsProvider.java:1376)
	at com.android.providers.settings.SettingsProvider.call(SettingsProvider.java:561)
	at android.content.ContentProvider.call(ContentProvider.java:2448)
	at android.content.ContentProvider$Transport.call(ContentProvider.java:517)
	at com.android.providers.settings.SettingsService$MyShellCommand.deleteForUser(SettingsService.java:399)
	at com.android.providers.settings.SettingsService$MyShellCommand.onCommand(SettingsService.java:281)
	at android.os.BasicShellCommandHandler.exec(BasicShellCommandHandler.java:98)
	at android.os.ShellCommand.exec(ShellCommand.java:44)
	at com.android.providers.settings.SettingsService.onShellCommand(SettingsService.java:49)
	at android.os.Binder.shellCommand(Binder.java:936)
	at android.os.Binder.onTransact(Binder.java:820)
	at android.os.Binder.execTransactInternal(Binder.java:1166)
	at android.os.Binder.execTransact(Binder.java:1130)

Exception occurred while executing 'delete':
java.lang.SecurityException: Permission denial: writing to settings requires:android.permission.WRITE_SECURE_SETTINGS
	at com.android.providers.settings.SettingsProvider.enforceWritePermission(SettingsProvider.java:2374)
	at com.android.providers.settings.SettingsProvider.mutateGlobalSetting(SettingsProvider.java:1413)
	at com.android.providers.settings.SettingsProvider.mutateGlobalSetting(SettingsProvider.java:1405)
	at com.android.providers.settings.SettingsProvider.deleteGlobalSetting(SettingsProvider.java:1376)
	at com.android.providers.settings.SettingsProvider.call(SettingsProvider.java:561)
	at android.content.ContentProvider.call(ContentProvider.java:2448)
	at android.content.ContentProvider$Transport.call(ContentProvider.java:517)
	at com.android.providers.settings.SettingsService$MyShellCommand.deleteForUser(SettingsService.java:399)
	at com.android.providers.settings.SettingsService$MyShellCommand.onCommand(SettingsService.java:281)
	at android.os.BasicShellCommandHandler.exec(BasicShellCommandHandler.java:98)
	at android.os.ShellCommand.exec(ShellCommand.java:44)
	at com.android.providers.settings.SettingsService.onShellCommand(SettingsService.java:49)
	at android.os.Binder.shellCommand(Binder.java:936)
	at android.os.Binder.onTransact(Binder.java:820)
	at android.os.Binder.execTransactInternal(Binder.java:1166)
	at android.os.Binder.execTransact(Binder.java:1130)

Exception occurred while executing 'delete':
java.lang.SecurityException: Permission denial: writing to settings requires:android.permission.WRITE_SECURE_SETTINGS
	at com.android.providers.settings.SettingsProvider.enforceWritePermission(SettingsProvider.java:2374)
	at com.android.providers.settings.SettingsProvider.mutateGlobalSetting(SettingsProvider.java:1413)
	at com.android.providers.settings.SettingsProvider.mutateGlobalSetting(SettingsProvider.java:1405)
	at com.android.providers.settings.SettingsProvider.deleteGlobalSetting(SettingsProvider.java:1376)
	at com.android.providers.settings.SettingsProvider.call(SettingsProvider.java:561)
	at android.content.ContentProvider.call(ContentProvider.java:2448)
	at android.content.ContentProvider$Transport.call(ContentProvider.java:517)
	at com.android.providers.settings.SettingsService$MyShellCommand.deleteForUser(SettingsService.java:399)
	at com.android.providers.settings.SettingsService$MyShellCommand.onCommand(SettingsService.java:281)
	at android.os.BasicShellCommandHandler.exec(BasicShellCommandHandler.java:98)
	at android.os.ShellCommand.exec(ShellCommand.java:44)
	at com.android.providers.settings.SettingsService.onShellCommand(SettingsService.java:49)
	at android.os.Binder.shellCommand(Binder.java:936)
	at android.os.Binder.onTransact(Binder.java:820)
	at android.os.Binder.execTransactInternal(Binder.java:1166)
	at android.os.Binder.execTransact(Binder.java:1130)
 
Host info: host: 'ACRA750', ip: '10.0.0.100'
Build info: version: '4.16.1', revision: '9b4c83354e'
System info: os.name: 'Windows 11', os.arch: 'amd64', os.version: '10.0', java.version: '17.0.9'
Driver info: io.appium.java_client.android.AndroidDriver
Command: [null, newSession {capabilities=[{appium:udid=VCQ47TS8RCPFOZLN, platformName=ANDROID, appium:automationName=UIAutomator2, appium:app=src/test/resources/apk/app-debug.apk}], desiredCapabilities=Capabilities {appium:app: src/test/resources/apk/app-..., appium:automationName: UIAutomator2, appium:udid: VCQ47TS8RCPFOZLN, platformName: ANDROID}}]
Capabilities {appium:app: src/test/resources/apk/app-..., appium:automationName: UIAutomator2, appium:udid: VCQ47TS8RCPFOZLN, platformName: ANDROID}
	at org.openqa.selenium.remote.ProtocolHandshake.createSession(ProtocolHandshake.java:140)
	at java.base/jdk.internal.reflect.NativeMethodAccessorImpl.invoke0(Native Method)
	at java.base/jdk.internal.reflect.NativeMethodAccessorImpl.invoke(NativeMethodAccessorImpl.java:77)
	at java.base/jdk.internal.reflect.DelegatingMethodAccessorImpl.invoke(DelegatingMethodAccessorImpl.java:43)
	at java.base/java.lang.reflect.Method.invoke(Method.java:568)
	at io.appium.java_client.remote.AppiumProtocolHandshake.createSession(AppiumProtocolHandshake.java:133)
	at io.appium.java_client.remote.AppiumProtocolHandshake.createSession(AppiumProtocolHandshake.java:102)
	at io.appium.java_client.remote.AppiumCommandExecutor.createSession(AppiumCommandExecutor.java:177)
	at io.appium.java_client.remote.AppiumCommandExecutor.execute(AppiumCommandExecutor.java:238)
	at org.openqa.selenium.remote.RemoteWebDriver.execute(RemoteWebDriver.java:523)
	at io.appium.java_client.AppiumDriver.startSession(AppiumDriver.java:268)
	at org.openqa.selenium.remote.RemoteWebDriver.<init>(RemoteWebDriver.java:164)
	at io.appium.java_client.AppiumDriver.<init>(AppiumDriver.java:90)
	at io.appium.java_client.AppiumDriver.<init>(AppiumDriver.java:102)
	at io.appium.java_client.android.AndroidDriver.<init>(AndroidDriver.java:109)
	at weatherAppTest.StepDefinitions.doSomethingBefore(StepDefinitions.java:48)
&amp#27;[0m
  &amp#27;[36mGiven &amp#27;[0m&amp#27;[36mI am a general user of the weather forcast&amp#27;[0m                                 &amp#27;[90m# weatherAppTest.StepDefinitions.i_am_a_general_user_of_the_weather_forcast()&amp#27;[0m
  &amp#27;[36mWhen &amp#27;[0m&amp#27;[36mI Select to view weekly weather forcast&amp#27;[0m                                     &amp#27;[90m# weatherAppTest.StepDefinitions.i_select_to_view_weekly_weather_forcast()&amp#27;[0m
  &amp#27;[36mThen &amp#27;[0m&amp#27;[36mThe weather app displays the weather forcast for the entire week&amp#27;[0m            &amp#27;[90m# weatherAppTest.StepDefinitions.the_weather_app_displays_the_weather_forcast_for_the_entire_week()&amp#27;[0m
      &amp#27;[31mjava.lang.NullPointerException: Cannot invoke "io.appium.java_client.android.AndroidDriver.quit()" because "this.driver" is null
	at weatherAppTest.StepDefinitions.close_driver(StepDefinitions.java:60)
&amp#27;[0m
]]></system-out>
  </testcase>
</testsuite>