<?xml version="1.0" encoding="UTF-8"?>
<testsuite xmlns:xsi="http://www.w3.org/2001/XMLSchema-instance" xsi:noNamespaceSchemaLocation="https://maven.apache.org/surefire/maven-surefire-plugin/xsd/surefire-test-report-3.0.xsd" version="3.0" name="weatherAppTest.RunCucumberTest" time="113.461" tests="3" errors="0" skipped="0" failures="0">
  <properties>
    <property name="java.specification.version" value="17"/>
    <property name="sun.cpu.isalist" value="amd64"/>
    <property name="sun.jnu.encoding" value="Cp1252"/>
    <property name="java.class.path" value="C:\Users\abuba\java_projects\weatherAppTest\target\test-classes;C:\Users\abuba\java_projects\weatherAppTest\target\classes;C:\Users\abuba\.m2\repository\io\appium\java-client\9.0.0\java-client-9.0.0.jar;C:\Users\abuba\.m2\repository\org\seleniumhq\selenium\selenium-api\4.16.1\selenium-api-4.16.1.jar;C:\Users\abuba\.m2\repository\org\seleniumhq\selenium\selenium-remote-driver\4.16.1\selenium-remote-driver-4.16.1.jar;C:\Users\abuba\.m2\repository\com\google\auto\service\auto-service-annotations\1.1.1\auto-service-annotations-1.1.1.jar;C:\Users\abuba\.m2\repository\com\google\guava\guava\32.1.2-jre\guava-32.1.2-jre.jar;C:\Users\abuba\.m2\repository\com\google\guava\failureaccess\1.0.1\failureaccess-1.0.1.jar;C:\Users\abuba\.m2\repository\com\google\guava\listenablefuture\9999.0-empty-to-avoid-conflict-with-guava\listenablefuture-9999.0-empty-to-avoid-conflict-with-guava.jar;C:\Users\abuba\.m2\repository\com\google\code\findbugs\jsr305\3.0.2\jsr305-3.0.2.jar;C:\Users\abuba\.m2\repository\org\checkerframework\checker-qual\3.33.0\checker-qual-3.33.0.jar;C:\Users\abuba\.m2\repository\com\google\errorprone\error_prone_annotations\2.18.0\error_prone_annotations-2.18.0.jar;C:\Users\abuba\.m2\repository\com\google\j2objc\j2objc-annotations\2.8\j2objc-annotations-2.8.jar;C:\Users\abuba\.m2\repository\io\opentelemetry\opentelemetry-api\1.28.0\opentelemetry-api-1.28.0.jar;C:\Users\abuba\.m2\repository\io\opentelemetry\opentelemetry-context\1.28.0\opentelemetry-context-1.28.0.jar;C:\Users\abuba\.m2\repository\io\opentelemetry\opentelemetry-exporter-logging\1.28.0\opentelemetry-exporter-logging-1.28.0.jar;C:\Users\abuba\.m2\repository\io\opentelemetry\opentelemetry-sdk-metrics\1.28.0\opentelemetry-sdk-metrics-1.28.0.jar;C:\Users\abuba\.m2\repository\io\opentelemetry\opentelemetry-extension-incubator\1.28.0-alpha\opentelemetry-extension-incubator-1.28.0-alpha.jar;C:\Users\abuba\.m2\repository\io\opentelemetry\opentelemetry-sdk-logs\1.28.0\opentelemetry-sdk-logs-1.28.0.jar;C:\Users\abuba\.m2\repository\io\opentelemetry\opentelemetry-sdk-common\1.28.0\opentelemetry-sdk-common-1.28.0.jar;C:\Users\abuba\.m2\repository\io\opentelemetry\opentelemetry-sdk-extension-autoconfigure-spi\1.28.0\opentelemetry-sdk-extension-autoconfigure-spi-1.28.0.jar;C:\Users\abuba\.m2\repository\io\opentelemetry\opentelemetry-sdk-extension-autoconfigure\1.28.0\opentelemetry-sdk-extension-autoconfigure-1.28.0.jar;C:\Users\abuba\.m2\repository\io\opentelemetry\opentelemetry-api-events\1.28.0-alpha\opentelemetry-api-events-1.28.0-alpha.jar;C:\Users\abuba\.m2\repository\io\opentelemetry\opentelemetry-sdk-trace\1.28.0\opentelemetry-sdk-trace-1.28.0.jar;C:\Users\abuba\.m2\repository\io\opentelemetry\opentelemetry-sdk\1.28.0\opentelemetry-sdk-1.28.0.jar;C:\Users\abuba\.m2\repository\io\opentelemetry\opentelemetry-semconv\1.28.0-alpha\opentelemetry-semconv-1.28.0-alpha.jar;C:\Users\abuba\.m2\repository\net\bytebuddy\byte-buddy\1.14.5\byte-buddy-1.14.5.jar;C:\Users\abuba\.m2\repository\org\seleniumhq\selenium\selenium-http\4.16.1\selenium-http-4.16.1.jar;C:\Users\abuba\.m2\repository\dev\failsafe\failsafe\3.3.2\failsafe-3.3.2.jar;C:\Users\abuba\.m2\repository\org\seleniumhq\selenium\selenium-json\4.16.1\selenium-json-4.16.1.jar;C:\Users\abuba\.m2\repository\org\seleniumhq\selenium\selenium-manager\4.16.1\selenium-manager-4.16.1.jar;C:\Users\abuba\.m2\repository\org\seleniumhq\selenium\selenium-os\4.16.1\selenium-os-4.16.1.jar;C:\Users\abuba\.m2\repository\org\apache\commons\commons-exec\1.3\commons-exec-1.3.jar;C:\Users\abuba\.m2\repository\org\seleniumhq\selenium\selenium-support\4.16.1\selenium-support-4.16.1.jar;C:\Users\abuba\.m2\repository\com\google\code\gson\gson\2.10.1\gson-2.10.1.jar;C:\Users\abuba\.m2\repository\org\slf4j\slf4j-api\2.0.9\slf4j-api-2.0.9.jar;C:\Users\abuba\.m2\repository\io\cucumber\cucumber-java\7.15.0\cucumber-java-7.15.0.jar;C:\Users\abuba\.m2\repository\io\cucumber\cucumber-core\7.15.0\cucumber-core-7.15.0.jar;C:\Users\abuba\.m2\repository\io\cucumber\cucumber-gherkin\7.15.0\cucumber-gherkin-7.15.0.jar;C:\Users\abuba\.m2\repository\io\cucumber\cucumber-gherkin-messages\7.15.0\cucumber-gherkin-messages-7.15.0.jar;C:\Users\abuba\.m2\repository\io\cucumber\messages\22.0.0\messages-22.0.0.jar;C:\Users\abuba\.m2\repository\io\cucumber\tag-expressions\6.0.0\tag-expressions-6.0.0.jar;C:\Users\abuba\.m2\repository\io\cucumber\cucumber-expressions\17.0.1\cucumber-expressions-17.0.1.jar;C:\Users\abuba\.m2\repository\io\cucumber\datatable\7.15.0\datatable-7.15.0.jar;C:\Users\abuba\.m2\repository\io\cucumber\cucumber-plugin\7.15.0\cucumber-plugin-7.15.0.jar;C:\Users\abuba\.m2\repository\io\cucumber\docstring\7.15.0\docstring-7.15.0.jar;C:\Users\abuba\.m2\repository\io\cucumber\html-formatter\20.4.0\html-formatter-20.4.0.jar;C:\Users\abuba\.m2\repository\io\cucumber\junit-xml-formatter\0.2.0\junit-xml-formatter-0.2.0.jar;C:\Users\abuba\.m2\repository\io\cucumber\ci-environment\10.0.0\ci-environment-10.0.0.jar;C:\Users\abuba\.m2\repository\org\apiguardian\apiguardian-api\1.1.2\apiguardian-api-1.1.2.jar;C:\Users\abuba\.m2\repository\io\cucumber\cucumber-junit-platform-engine\7.15.0\cucumber-junit-platform-engine-7.15.0.jar;C:\Users\abuba\.m2\repository\org\junit\platform\junit-platform-engine\1.10.1\junit-platform-engine-1.10.1.jar;C:\Users\abuba\.m2\repository\org\opentest4j\opentest4j\1.3.0\opentest4j-1.3.0.jar;C:\Users\abuba\.m2\repository\org\junit\platform\junit-platform-commons\1.10.1\junit-platform-commons-1.10.1.jar;C:\Users\abuba\.m2\repository\org\junit\platform\junit-platform-suite\1.10.1\junit-platform-suite-1.10.1.jar;C:\Users\abuba\.m2\repository\org\junit\platform\junit-platform-suite-api\1.10.1\junit-platform-suite-api-1.10.1.jar;C:\Users\abuba\.m2\repository\org\junit\platform\junit-platform-suite-engine\1.10.1\junit-platform-suite-engine-1.10.1.jar;C:\Users\abuba\.m2\repository\org\junit\platform\junit-platform-suite-commons\1.10.1\junit-platform-suite-commons-1.10.1.jar;C:\Users\abuba\.m2\repository\org\junit\jupiter\junit-jupiter\5.10.1\junit-jupiter-5.10.1.jar;C:\Users\abuba\.m2\repository\org\junit\jupiter\junit-jupiter-api\5.10.1\junit-jupiter-api-5.10.1.jar;C:\Users\abuba\.m2\repository\org\junit\jupiter\junit-jupiter-params\5.10.1\junit-jupiter-params-5.10.1.jar;C:\Users\abuba\.m2\repository\org\junit\jupiter\junit-jupiter-engine\5.10.1\junit-jupiter-engine-5.10.1.jar;C:\Users\abuba\.m2\repository\io\qameta\allure\allure-cucumber7-jvm\2.24.0\allure-cucumber7-jvm-2.24.0.jar;C:\Users\abuba\.m2\repository\io\qameta\allure\allure-java-commons\2.24.0\allure-java-commons-2.24.0.jar;C:\Users\abuba\.m2\repository\io\qameta\allure\allure-model\2.24.0\allure-model-2.24.0.jar;C:\Users\abuba\.m2\repository\io\cucumber\gherkin\26.2.0\gherkin-26.2.0.jar;C:\Users\abuba\.m2\repository\io\qameta\allure\allure-junit-platform\2.24.0\allure-junit-platform-2.24.0.jar;C:\Users\abuba\.m2\repository\org\junit\platform\junit-platform-launcher\1.10.1\junit-platform-launcher-1.10.1.jar;C:\Users\abuba\.m2\repository\io\qameta\allure\allure-test-filter\2.24.0\allure-test-filter-2.24.0.jar;"/>
    <property name="java.vm.vendor" value="Oracle Corporation"/>
    <property name="sun.arch.data.model" value="64"/>
    <property name="user.variant" value=""/>
    <property name="java.vendor.url" value="https://java.oracle.com/"/>
    <property name="user.timezone" value="Asia/Dhaka"/>
    <property name="os.name" value="Windows 11"/>
    <property name="java.vm.specification.version" value="17"/>
    <property name="sun.java.launcher" value="SUN_STANDARD"/>
    <property name="user.country" value="US"/>
    <property name="sun.boot.library.path" value="C:\Program Files\Java\jdk-17\bin"/>
    <property name="sun.java.command" value="C:\Users\abuba\AppData\Local\Temp\surefire10047270242172894034\surefirebooter-20240115162616406_3.jar C:\Users\abuba\AppData\Local\Temp\surefire10047270242172894034 2024-01-15T16-26-16_295-jvmRun1 surefire-20240115162616406_1tmp surefire_0-20240115162616406_2tmp"/>
    <property name="jdk.debug" value="release"/>
    <property name="surefire.test.class.path" value="C:\Users\abuba\java_projects\weatherAppTest\target\test-classes;C:\Users\abuba\java_projects\weatherAppTest\target\classes;C:\Users\abuba\.m2\repository\io\appium\java-client\9.0.0\java-client-9.0.0.jar;C:\Users\abuba\.m2\repository\org\seleniumhq\selenium\selenium-api\4.16.1\selenium-api-4.16.1.jar;C:\Users\abuba\.m2\repository\org\seleniumhq\selenium\selenium-remote-driver\4.16.1\selenium-remote-driver-4.16.1.jar;C:\Users\abuba\.m2\repository\com\google\auto\service\auto-service-annotations\1.1.1\auto-service-annotations-1.1.1.jar;C:\Users\abuba\.m2\repository\com\google\guava\guava\32.1.2-jre\guava-32.1.2-jre.jar;C:\Users\abuba\.m2\repository\com\google\guava\failureaccess\1.0.1\failureaccess-1.0.1.jar;C:\Users\abuba\.m2\repository\com\google\guava\listenablefuture\9999.0-empty-to-avoid-conflict-with-guava\listenablefuture-9999.0-empty-to-avoid-conflict-with-guava.jar;C:\Users\abuba\.m2\repository\com\google\code\findbugs\jsr305\3.0.2\jsr305-3.0.2.jar;C:\Users\abuba\.m2\repository\org\checkerframework\checker-qual\3.33.0\checker-qual-3.33.0.jar;C:\Users\abuba\.m2\repository\com\google\errorprone\error_prone_annotations\2.18.0\error_prone_annotations-2.18.0.jar;C:\Users\abuba\.m2\repository\com\google\j2objc\j2objc-annotations\2.8\j2objc-annotations-2.8.jar;C:\Users\abuba\.m2\repository\io\opentelemetry\opentelemetry-api\1.28.0\opentelemetry-api-1.28.0.jar;C:\Users\abuba\.m2\repository\io\opentelemetry\opentelemetry-context\1.28.0\opentelemetry-context-1.28.0.jar;C:\Users\abuba\.m2\repository\io\opentelemetry\opentelemetry-exporter-logging\1.28.0\opentelemetry-exporter-logging-1.28.0.jar;C:\Users\abuba\.m2\repository\io\opentelemetry\opentelemetry-sdk-metrics\1.28.0\opentelemetry-sdk-metrics-1.28.0.jar;C:\Users\abuba\.m2\repository\io\opentelemetry\opentelemetry-extension-incubator\1.28.0-alpha\opentelemetry-extension-incubator-1.28.0-alpha.jar;C:\Users\abuba\.m2\repository\io\opentelemetry\opentelemetry-sdk-logs\1.28.0\opentelemetry-sdk-logs-1.28.0.jar;C:\Users\abuba\.m2\repository\io\opentelemetry\opentelemetry-sdk-common\1.28.0\opentelemetry-sdk-common-1.28.0.jar;C:\Users\abuba\.m2\repository\io\opentelemetry\opentelemetry-sdk-extension-autoconfigure-spi\1.28.0\opentelemetry-sdk-extension-autoconfigure-spi-1.28.0.jar;C:\Users\abuba\.m2\repository\io\opentelemetry\opentelemetry-sdk-extension-autoconfigure\1.28.0\opentelemetry-sdk-extension-autoconfigure-1.28.0.jar;C:\Users\abuba\.m2\repository\io\opentelemetry\opentelemetry-api-events\1.28.0-alpha\opentelemetry-api-events-1.28.0-alpha.jar;C:\Users\abuba\.m2\repository\io\opentelemetry\opentelemetry-sdk-trace\1.28.0\opentelemetry-sdk-trace-1.28.0.jar;C:\Users\abuba\.m2\repository\io\opentelemetry\opentelemetry-sdk\1.28.0\opentelemetry-sdk-1.28.0.jar;C:\Users\abuba\.m2\repository\io\opentelemetry\opentelemetry-semconv\1.28.0-alpha\opentelemetry-semconv-1.28.0-alpha.jar;C:\Users\abuba\.m2\repository\net\bytebuddy\byte-buddy\1.14.5\byte-buddy-1.14.5.jar;C:\Users\abuba\.m2\repository\org\seleniumhq\selenium\selenium-http\4.16.1\selenium-http-4.16.1.jar;C:\Users\abuba\.m2\repository\dev\failsafe\failsafe\3.3.2\failsafe-3.3.2.jar;C:\Users\abuba\.m2\repository\org\seleniumhq\selenium\selenium-json\4.16.1\selenium-json-4.16.1.jar;C:\Users\abuba\.m2\repository\org\seleniumhq\selenium\selenium-manager\4.16.1\selenium-manager-4.16.1.jar;C:\Users\abuba\.m2\repository\org\seleniumhq\selenium\selenium-os\4.16.1\selenium-os-4.16.1.jar;C:\Users\abuba\.m2\repository\org\apache\commons\commons-exec\1.3\commons-exec-1.3.jar;C:\Users\abuba\.m2\repository\org\seleniumhq\selenium\selenium-support\4.16.1\selenium-support-4.16.1.jar;C:\Users\abuba\.m2\repository\com\google\code\gson\gson\2.10.1\gson-2.10.1.jar;C:\Users\abuba\.m2\repository\org\slf4j\slf4j-api\2.0.9\slf4j-api-2.0.9.jar;C:\Users\abuba\.m2\repository\io\cucumber\cucumber-java\7.15.0\cucumber-java-7.15.0.jar;C:\Users\abuba\.m2\repository\io\cucumber\cucumber-core\7.15.0\cucumber-core-7.15.0.jar;C:\Users\abuba\.m2\repository\io\cucumber\cucumber-gherkin\7.15.0\cucumber-gherkin-7.15.0.jar;C:\Users\abuba\.m2\repository\io\cucumber\cucumber-gherkin-messages\7.15.0\cucumber-gherkin-messages-7.15.0.jar;C:\Users\abuba\.m2\repository\io\cucumber\messages\22.0.0\messages-22.0.0.jar;C:\Users\abuba\.m2\repository\io\cucumber\tag-expressions\6.0.0\tag-expressions-6.0.0.jar;C:\Users\abuba\.m2\repository\io\cucumber\cucumber-expressions\17.0.1\cucumber-expressions-17.0.1.jar;C:\Users\abuba\.m2\repository\io\cucumber\datatable\7.15.0\datatable-7.15.0.jar;C:\Users\abuba\.m2\repository\io\cucumber\cucumber-plugin\7.15.0\cucumber-plugin-7.15.0.jar;C:\Users\abuba\.m2\repository\io\cucumber\docstring\7.15.0\docstring-7.15.0.jar;C:\Users\abuba\.m2\repository\io\cucumber\html-formatter\20.4.0\html-formatter-20.4.0.jar;C:\Users\abuba\.m2\repository\io\cucumber\junit-xml-formatter\0.2.0\junit-xml-formatter-0.2.0.jar;C:\Users\abuba\.m2\repository\io\cucumber\ci-environment\10.0.0\ci-environment-10.0.0.jar;C:\Users\abuba\.m2\repository\org\apiguardian\apiguardian-api\1.1.2\apiguardian-api-1.1.2.jar;C:\Users\abuba\.m2\repository\io\cucumber\cucumber-junit-platform-engine\7.15.0\cucumber-junit-platform-engine-7.15.0.jar;C:\Users\abuba\.m2\repository\org\junit\platform\junit-platform-engine\1.10.1\junit-platform-engine-1.10.1.jar;C:\Users\abuba\.m2\repository\org\opentest4j\opentest4j\1.3.0\opentest4j-1.3.0.jar;C:\Users\abuba\.m2\repository\org\junit\platform\junit-platform-commons\1.10.1\junit-platform-commons-1.10.1.jar;C:\Users\abuba\.m2\repository\org\junit\platform\junit-platform-suite\1.10.1\junit-platform-suite-1.10.1.jar;C:\Users\abuba\.m2\repository\org\junit\platform\junit-platform-suite-api\1.10.1\junit-platform-suite-api-1.10.1.jar;C:\Users\abuba\.m2\repository\org\junit\platform\junit-platform-suite-engine\1.10.1\junit-platform-suite-engine-1.10.1.jar;C:\Users\abuba\.m2\repository\org\junit\platform\junit-platform-suite-commons\1.10.1\junit-platform-suite-commons-1.10.1.jar;C:\Users\abuba\.m2\repository\org\junit\jupiter\junit-jupiter\5.10.1\junit-jupiter-5.10.1.jar;C:\Users\abuba\.m2\repository\org\junit\jupiter\junit-jupiter-api\5.10.1\junit-jupiter-api-5.10.1.jar;C:\Users\abuba\.m2\repository\org\junit\jupiter\junit-jupiter-params\5.10.1\junit-jupiter-params-5.10.1.jar;C:\Users\abuba\.m2\repository\org\junit\jupiter\junit-jupiter-engine\5.10.1\junit-jupiter-engine-5.10.1.jar;C:\Users\abuba\.m2\repository\io\qameta\allure\allure-cucumber7-jvm\2.24.0\allure-cucumber7-jvm-2.24.0.jar;C:\Users\abuba\.m2\repository\io\qameta\allure\allure-java-commons\2.24.0\allure-java-commons-2.24.0.jar;C:\Users\abuba\.m2\repository\io\qameta\allure\allure-model\2.24.0\allure-model-2.24.0.jar;C:\Users\abuba\.m2\repository\io\cucumber\gherkin\26.2.0\gherkin-26.2.0.jar;C:\Users\abuba\.m2\repository\io\qameta\allure\allure-junit-platform\2.24.0\allure-junit-platform-2.24.0.jar;C:\Users\abuba\.m2\repository\org\junit\platform\junit-platform-launcher\1.10.1\junit-platform-launcher-1.10.1.jar;C:\Users\abuba\.m2\repository\io\qameta\allure\allure-test-filter\2.24.0\allure-test-filter-2.24.0.jar;"/>
    <property name="sun.cpu.endian" value="little"/>
    <property name="user.home" value="C:\Users\abuba"/>
    <property name="user.language" value="en"/>
    <property name="java.specification.vendor" value="Oracle Corporation"/>
    <property name="java.version.date" value="2023-10-17"/>
    <property name="java.home" value="C:\Program Files\Java\jdk-17"/>
    <property name="file.separator" value="\"/>
    <property name="basedir" value="C:\Users\abuba\java_projects\weatherAppTest"/>
    <property name="java.vm.compressedOopsMode" value="Zero based"/>
    <property name="line.separator" value="&#10;"/>
    <property name="java.vm.specification.vendor" value="Oracle Corporation"/>
    <property name="java.specification.name" value="Java Platform API Specification"/>
    <property name="surefire.real.class.path" value="C:\Users\abuba\AppData\Local\Temp\surefire10047270242172894034\surefirebooter-20240115162616406_3.jar"/>
    <property name="user.script" value=""/>
    <property name="sun.management.compiler" value="HotSpot 64-Bit Tiered Compilers"/>
    <property name="java.runtime.version" value="17.0.9+11-LTS-201"/>
    <property name="user.name" value="abuba"/>
    <property name="path.separator" value=";"/>
    <property name="os.version" value="10.0"/>
    <property name="java.runtime.name" value="Java(TM) SE Runtime Environment"/>
    <property name="file.encoding" value="Cp1252"/>
    <property name="java.vm.name" value="Java HotSpot(TM) 64-Bit Server VM"/>
    <property name="localRepository" value="C:\Users\abuba\.m2\repository"/>
    <property name="cucumber.options" value="--plugin html:target/cucumber-reports"/>
    <property name="java.vendor.url.bug" value="https://bugreport.java.com/bugreport/"/>
    <property name="java.io.tmpdir" value="C:\Users\abuba\AppData\Local\Temp\"/>
    <property name="idea.version" value="2023.3.2"/>
    <property name="java.version" value="17.0.9"/>
    <property name="user.dir" value="C:\Users\abuba\java_projects\weatherAppTest"/>
    <property name="os.arch" value="amd64"/>
    <property name="java.vm.specification.name" value="Java Virtual Machine Specification"/>
    <property name="sun.os.patch.level" value=""/>
    <property name="native.encoding" value="Cp1252"/>
    <property name="java.library.path" value="C:\Program Files\Java\jdk-17\bin;C:\WINDOWS\Sun\Java\bin;C:\WINDOWS\system32;C:\WINDOWS;C:\Program Files\Common Files\Oracle\Java\javapath;C:\WINDOWS\system32;C:\WINDOWS;C:\WINDOWS\System32\Wbem;C:\WINDOWS\System32\WindowsPowerShell\v1.0\;C:\WINDOWS\System32\OpenSSH\;C:\Program Files\dotnet\;C:\Program Files (x86)\Groovy\bin;C:\Program Files\Git\cmd;C:\ProgramData\chocolatey\bin;C:\Users\abuba\OneDrive\Documents\Katalon Files\Katalon_Studio_Engine_Windows_64-9.1.0;C:\Users\abuba\OneDrive\Documents\Katalon Files\katalon-agent-win-x64-v2.0.0;C:\Program Files\nodejs\;C:\python3_12\Scripts;C:\python3_12;C:\Users\abuba\OneDrive\Documents\apache-maven-3.9.6-bin\apache-maven-3.9.6\bin;C:\Users\abuba\AppData\Local\Android\Sdk\platform-tools;C:\Users\abuba\AppData\Local\Programs\Python\Launcher\;C:\Users\abuba\AppData\Local\Microsoft\WindowsApps;C:\Users\abuba\AppData\Local\Programs\oh-my-posh\bin;C:\Users\abuba\AppData\Local\Programs\Microsoft VS Code\bin;C:\Users\abuba\AppData\Roaming\npm;C:\Users\abuba\AppData\Local\JetBrains\Toolbox\scripts;C:\python3_12;C:\python3_12\Scripts;;."/>
    <property name="java.vm.info" value="mixed mode, sharing"/>
    <property name="java.vendor" value="Oracle Corporation"/>
    <property name="java.vm.version" value="17.0.9+11-LTS-201"/>
    <property name="sun.io.unicode.encoding" value="UnicodeLittle"/>
    <property name="java.class.version" value="61.0"/>
  </properties>
  <testcase name="Verify the displays current weather forcast including temperature and conditions" classname="Weather Application Test" time="19.222">
    <system-out><![CDATA[Before All
&amp#27;[35m[Appium]&amp#27;[39m Welcome to Appium v2.4.1
&amp#27;[35m[Appium]&amp#27;[39m The autodetected Appium home path: C:\Users\abuba\.appium
&amp#27;[35m[Appium]&amp#27;[39m Attempting to load driver uiautomator2...
&amp#27;[35m[Appium]&amp#27;[39m Requiring driver at C:\Users\abuba\.appium\node_modules\appium-uiautomator2-driver\build\index.js
&amp#27;[35m[Appium]&amp#27;[39m AndroidUiautomator2Driver has been successfully loaded in 0.569s
&amp#27;[35m[Appium]&amp#27;[39m Appium REST http interface listener started on http://0.0.0.0:4723
&amp#27;[35m[Appium]&amp#27;[39m You can provide the following URLs in your client code to connect to this server:
&amp#27;[35m[Appium]&amp#27;[39m 	http://10.0.0.101:4723/
&amp#27;[35m[Appium]&amp#27;[39m 	http://127.0.0.1:4723/ (only accessible from the same host)
&amp#27;[35m[Appium]&amp#27;[39m Available drivers:
&amp#27;[35m[Appium]&amp#27;[39m   - uiautomator2@2.42.0 (automationName 'UiAutomator2')
&amp#27;[35m[Appium]&amp#27;[39m No plugins have been installed. Use the "appium plugin" command to install the one(s) you want to use.
&amp#27;[38;5;0m[HTTP]&amp#27;[0m &amp#27;[37m-->&amp#27;[39m &amp#27;[37mGET&amp#27;[39m &amp#27;[37m/status&amp#27;[39m
&amp#27;[38;5;0m[HTTP]&amp#27;[0m &amp#27;[90m{}&amp#27;[39m
&amp#27;[38;5;16m[AppiumDriver@1ce0]&amp#27;[0m Calling AppiumDriver.getStatus() with args: []
&amp#27;[38;5;16m[AppiumDriver@1ce0]&amp#27;[0m Responding to client with driver.getStatus() result: {"ready":true,"message":"The server is ready to accept new connections","build":{"version":"2.4.1"}}
&amp#27;[38;5;0m[HTTP]&amp#27;[0m &amp#27;[37m<-- GET /status &amp#27;[39m&amp#27;[32m200&amp#27;[39m &amp#27;[90m4 ms - 110&amp#27;[39m
&amp#27;[38;5;0m[HTTP]&amp#27;[0m &amp#27;[90m&amp#27;[39m
&amp#27;[38;5;0m[HTTP]&amp#27;[0m Request idempotency key: e268c6d7-d102-4ede-b722-39953755ac1d
&amp#27;[38;5;0m[HTTP]&amp#27;[0m &amp#27;[37m-->&amp#27;[39m &amp#27;[37mPOST&amp#27;[39m &amp#27;[37m/session&amp#27;[39m
&amp#27;[38;5;0m[HTTP]&amp#27;[0m &amp#27;[90m{"capabilities":{"firstMatch":[{}],"alwaysMatch":{"appium:app":"src/test/resources/apk/app-debug.apk","appium:autoGrantPermissions":true,"appium:automationName":"UIAutomator2","appium:udid":"emulator-5554","platformName":"ANDROID"}}}&amp#27;[39m
&amp#27;[38;5;16m[AppiumDriver@1ce0]&amp#27;[0m Calling AppiumDriver.createSession() with args: [null,null,{"firstMatch":[{}],"alwaysMatch":{"appium:app":"src/test/resources/apk/app-debug.apk","appium:autoGrantPermissions":true,"appium:automationName":"UIAutomator2","appium:udid":"emulator-5554","platformName":"ANDROID"}}]
&amp#27;[38;5;16m[AppiumDriver@1ce0]&amp#27;[0m Event 'newSessionRequested' logged at 1705314379804 (16:26:19 GMT+0600 (Bangladesh Standard Time))
&amp#27;[35m[Appium]&amp#27;[39m Attempting to find matching driver for automationName 'UIAutomator2' and platformName 'ANDROID'
&amp#27;[35m[Appium]&amp#27;[39m The 'uiautomator2' driver was installed and matched caps.
&amp#27;[35m[Appium]&amp#27;[39m Will require it at C:\Users\abuba\.appium\node_modules\appium-uiautomator2-driver
&amp#27;[35m[Appium]&amp#27;[39m Requiring driver at C:\Users\abuba\.appium\node_modules\appium-uiautomator2-driver\build\index.js
&amp#27;[38;5;16m[AppiumDriver@1ce0]&amp#27;[0m Appium v2.4.1 creating new AndroidUiautomator2Driver (v2.42.0) session
&amp#27;[38;5;16m[AppiumDriver@1ce0]&amp#27;[0m Checking BaseDriver versions for Appium and AndroidUiautomator2Driver
&amp#27;[38;5;16m[AppiumDriver@1ce0]&amp#27;[0m Appium's BaseDriver version is 9.5.0
&amp#27;[38;5;16m[AppiumDriver@1ce0]&amp#27;[0m AndroidUiautomator2Driver's BaseDriver version is 9.5.0
&amp#27;[38;5;32m[AndroidUiautomator2Driver@eaff]&amp#27;[0m Creating session with W3C capabilities: {
&amp#27;[38;5;32m[AndroidUiautomator2Driver@eaff]&amp#27;[0m   "alwaysMatch": {
&amp#27;[38;5;32m[AndroidUiautomator2Driver@eaff]&amp#27;[0m     "platformName": "ANDROID",
&amp#27;[38;5;32m[AndroidUiautomator2Driver@eaff]&amp#27;[0m     "appium:app": "src/test/resources/apk/app-debug.apk",
&amp#27;[38;5;32m[AndroidUiautomator2Driver@eaff]&amp#27;[0m     "appium:autoGrantPermissions": true,
&amp#27;[38;5;32m[AndroidUiautomator2Driver@eaff]&amp#27;[0m     "appium:automationName": "UIAutomator2",
&amp#27;[38;5;32m[AndroidUiautomator2Driver@eaff]&amp#27;[0m     "appium:udid": "emulator-5554"
&amp#27;[38;5;32m[AndroidUiautomator2Driver@eaff]&amp#27;[0m   },
&amp#27;[38;5;32m[AndroidUiautomator2Driver@eaff]&amp#27;[0m   "firstMatch": [
&amp#27;[38;5;32m[AndroidUiautomator2Driver@eaff]&amp#27;[0m     {}
&amp#27;[38;5;32m[AndroidUiautomator2Driver@eaff]&amp#27;[0m   ]
&amp#27;[38;5;32m[AndroidUiautomator2Driver@eaff]&amp#27;[0m }
&amp#27;[38;5;32m[AndroidUiautomator2Driver@eaff (4037295b)]&amp#27;[0m Session created with session id: 4037295b-7194-4ab7-84c5-14c019768916
&amp#27;[38;5;48m[BaseDriver]&amp#27;[0m Using local app 'src/test/resources/apk/app-debug.apk'
&amp#27;[38;5;48m[BaseDriver]&amp#27;[0m The current application path 'src/test/resources/apk/app-debug.apk' is not absolute and has been rewritten to 'C:\Users\abuba\java_projects\weatherAppTest\src\test\resources\apk\app-debug.apk'. Consider using absolute paths rather than relative
&amp#27;[38;5;32m[AndroidUiautomator2Driver@eaff (4037295b)]&amp#27;[0m Checking whether app is actually present
&amp#27;[38;5;64m[ADB]&amp#27;[0m Found 1 'build-tools' folders under 'C:\Users\abuba\AppData\Local\Android\Sdk' (newest first):
&amp#27;[38;5;64m[ADB]&amp#27;[0m     C:\Users\abuba\AppData\Local\Android\Sdk\build-tools\34.0.0
&amp#27;[38;5;64m[ADB]&amp#27;[0m Using 'adb.exe' from 'C:\Users\abuba\AppData\Local\Android\Sdk\platform-tools\adb.exe'
&amp#27;[38;5;64m[ADB]&amp#27;[0m Running 'C:\Users\abuba\AppData\Local\Android\Sdk\platform-tools\adb.exe -P 5037 start-server'
&amp#27;[38;5;80m[AndroidDriver]&amp#27;[0m Retrieving device list
&amp#27;[38;5;64m[ADB]&amp#27;[0m Trying to find connected Android devices
&amp#27;[38;5;64m[ADB]&amp#27;[0m Getting connected devices
&amp#27;[38;5;64m[ADB]&amp#27;[0m Connected devices: [{"udid":"emulator-5554","state":"device"}]
&amp#27;[38;5;80m[AndroidDriver]&amp#27;[0m Using device: emulator-5554
&amp#27;[38;5;64m[ADB]&amp#27;[0m Using 'adb.exe' from 'C:\Users\abuba\AppData\Local\Android\Sdk\platform-tools\adb.exe'
&amp#27;[38;5;64m[ADB]&amp#27;[0m Running 'C:\Users\abuba\AppData\Local\Android\Sdk\platform-tools\adb.exe -P 5037 start-server'
&amp#27;[38;5;64m[ADB]&amp#27;[0m Setting device id to emulator-5554
&amp#27;[38;5;64m[ADB]&amp#27;[0m Running 'C:\Users\abuba\AppData\Local\Android\Sdk\platform-tools\adb.exe -P 5037 -s emulator-5554 shell getprop ro.build.version.sdk'
&amp#27;[38;5;64m[ADB]&amp#27;[0m Current device property 'ro.build.version.sdk': 34
&amp#27;[38;5;64m[ADB]&amp#27;[0m Getting device platform version
&amp#27;[38;5;64m[ADB]&amp#27;[0m Running 'C:\Users\abuba\AppData\Local\Android\Sdk\platform-tools\adb.exe -P 5037 -s emulator-5554 shell getprop ro.build.version.release'
&amp#27;[38;5;64m[ADB]&amp#27;[0m Current device property 'ro.build.version.release': 14
&amp#27;[38;5;64m[ADB]&amp#27;[0m Device API level: 34
&amp#27;[38;5;32m[AndroidUiautomator2Driver@eaff (4037295b)]&amp#27;[0m Relaxing hidden api policy
&amp#27;[38;5;64m[ADB]&amp#27;[0m Running 'C:\Users\abuba\AppData\Local\Android\Sdk\platform-tools\adb.exe -P 5037 -s emulator-5554 shell 'settings put global hidden_api_policy_pre_p_apps 1;settings put global hidden_api_policy_p_apps 1;settings put global hidden_api_policy 1''
&amp#27;[38;5;80m[AndroidDriver]&amp#27;[0m Parsing package and activity from app manifest
&amp#27;[38;5;64m[ADB]&amp#27;[0m Package name: 'me.example.android.weatherapp'
&amp#27;[38;5;64m[ADB]&amp#27;[0m Main activity name: 'me.example.android.weatherapp.MainActivity'
&amp#27;[38;5;80m[AndroidDriver]&amp#27;[0m Parsed package and activity are: me.example.android.weatherapp/me.example.android.weatherapp.MainActivity
&amp#27;[38;5;64m[ADB]&amp#27;[0m Running 'C:\Users\abuba\AppData\Local\Android\Sdk\platform-tools\adb.exe -P 5037 -s emulator-5554 wait-for-device'
&amp#27;[38;5;64m[ADB]&amp#27;[0m Running 'C:\Users\abuba\AppData\Local\Android\Sdk\platform-tools\adb.exe -P 5037 -s emulator-5554 shell echo ping'
&amp#27;[38;5;80m[AndroidDriver]&amp#27;[0m Pushing settings apk to device...
&amp#27;[38;5;64m[ADB]&amp#27;[0m Getting package info for 'io.appium.settings'
&amp#27;[38;5;64m[ADB]&amp#27;[0m Running 'C:\Users\abuba\AppData\Local\Android\Sdk\platform-tools\adb.exe -P 5037 -s emulator-5554 shell dumpsys package io.appium.settings'
&amp#27;[38;5;64m[ADB]&amp#27;[0m The version name of the installed 'io.appium.settings' is greater or equal to the application version name ('5.7.1' >= '5.7.1')
&amp#27;[38;5;64m[ADB]&amp#27;[0m There is no need to install/upgrade 'C:\Users\abuba\.appium\node_modules\appium-uiautomator2-driver\node_modules\io.appium.settings\apks\settings_apk-debug.apk'
&amp#27;[38;5;64m[ADB]&amp#27;[0m Running 'C:\Users\abuba\AppData\Local\Android\Sdk\platform-tools\adb.exe -P 5037 -s emulator-5554 shell dumpsys activity services io.appium.settings'
&amp#27;[38;5;80m[AndroidDriver]&amp#27;[0m io.appium.settings is already running. There is no need to reset its permissions.
&amp#27;[38;5;96m[Logcat]&amp#27;[0m Starting logs capture with command: C:\\Users\\abuba\\AppData\\Local\\Android\\Sdk\\platform-tools\\adb.exe -P 5037 -s emulator-5554 logcat -v threadtime
&amp#27;[38;5;32m[AndroidUiautomator2Driver@eaff (4037295b)]&amp#27;[0m Forwarding UiAutomator2 Server port 6790 to local port 8200
&amp#27;[38;5;64m[ADB]&amp#27;[0m Forwarding system: 8200 to device: 6790
&amp#27;[38;5;64m[ADB]&amp#27;[0m Running 'C:\Users\abuba\AppData\Local\Android\Sdk\platform-tools\adb.exe -P 5037 -s emulator-5554 forward tcp:8200 tcp:6790'
&amp#27;[38;5;64m[ADB]&amp#27;[0m Checking app cert for C:\Users\abuba\.appium\node_modules\appium-uiautomator2-driver\node_modules\appium-uiautomator2-server\apks\appium-uiautomator2-server-v6.0.3.apk
&amp#27;[38;5;64m[ADB]&amp#27;[0m Checking app cert for C:\Users\abuba\.appium\node_modules\appium-uiautomator2-driver\node_modules\appium-uiautomator2-server\apks\appium-uiautomator2-server-debug-androidTest.apk
&amp#27;[38;5;64m[ADB]&amp#27;[0m Using 'apksigner.jar' from 'C:\Users\abuba\AppData\Local\Android\Sdk\build-tools\34.0.0\lib\apksigner.jar'
&amp#27;[38;5;64m[ADB]&amp#27;[0m Starting apksigner: 'C:\\Program Files\\Java\\jdk-17\\bin\\java.exe' -Xmx1024M -Xss1m -jar C:\\Users\\abuba\\AppData\\Local\\Android\\Sdk\\build-tools\\34.0.0\\lib\\apksigner.jar verify --print-certs C:\\Users\\abuba\\.appium\\node_modules\\appium-uiautomator2-driver\\node_modules\\appium-uiautomator2-server\\apks\\appium-uiautomator2-server-debug-androidTest.apk
&amp#27;[38;5;64m[ADB]&amp#27;[0m Starting apksigner: 'C:\\Program Files\\Java\\jdk-17\\bin\\java.exe' -Xmx1024M -Xss1m -jar C:\\Users\\abuba\\AppData\\Local\\Android\\Sdk\\build-tools\\34.0.0\\lib\\apksigner.jar verify --print-certs C:\\Users\\abuba\\.appium\\node_modules\\appium-uiautomator2-driver\\node_modules\\appium-uiautomator2-server\\apks\\appium-uiautomator2-server-v6.0.3.apk
&amp#27;[38;5;64m[ADB]&amp#27;[0m apksigner stdout: Signer #1 certificate DN: EMAILADDRESS=android@android.com, CN=Android, OU=Android, O=Android, L=Mountain View, ST=California, C=US
&amp#27;[38;5;64m[ADB]&amp#27;[0m Signer #1 certificate SHA-256 digest: a40da80a59d170caa950cf15c18c454d47a39b26989d8b640ecd745ba71bf5dc
&amp#27;[38;5;64m[ADB]&amp#27;[0m Signer #1 certificate SHA-1 digest: 61ed377e85d386a8dfee6b864bd85b0bfaa5af81
&amp#27;[38;5;64m[ADB]&amp#27;[0m Signer #1 certificate MD5 digest: e89b158e4bcf988ebd09eb83f5378e87
&amp#27;[38;5;64m[ADB]&amp#27;[0m 
&amp#27;[38;5;64m[ADB]&amp#27;[0m sha256 hash did match for 'appium-uiautomator2-server-debug-androidTest.apk'
&amp#27;[38;5;64m[ADB]&amp#27;[0m 'C:\Users\abuba\.appium\node_modules\appium-uiautomator2-driver\node_modules\appium-uiautomator2-server\apks\appium-uiautomator2-server-debug-androidTest.apk' is signed with the default certificate
&amp#27;[38;5;64m[ADB]&amp#27;[0m Getting install status for io.appium.uiautomator2.server.test
&amp#27;[38;5;64m[ADB]&amp#27;[0m Running 'C:\Users\abuba\AppData\Local\Android\Sdk\platform-tools\adb.exe -P 5037 -s emulator-5554 shell pm path io.appium.uiautomator2.server.test'
&amp#27;[38;5;64m[ADB]&amp#27;[0m 'io.appium.uiautomator2.server.test' is installed
&amp#27;[38;5;64m[ADB]&amp#27;[0m apksigner stdout: Signer #1 certificate DN: EMAILADDRESS=android@android.com, CN=Android, OU=Android, O=Android, L=Mountain View, ST=California, C=US
&amp#27;[38;5;64m[ADB]&amp#27;[0m Signer #1 certificate SHA-256 digest: a40da80a59d170caa950cf15c18c454d47a39b26989d8b640ecd745ba71bf5dc
&amp#27;[38;5;64m[ADB]&amp#27;[0m Signer #1 certificate SHA-1 digest: 61ed377e85d386a8dfee6b864bd85b0bfaa5af81
&amp#27;[38;5;64m[ADB]&amp#27;[0m Signer #1 certificate MD5 digest: e89b158e4bcf988ebd09eb83f5378e87
&amp#27;[38;5;64m[ADB]&amp#27;[0m 
&amp#27;[38;5;64m[ADB]&amp#27;[0m sha256 hash did match for 'appium-uiautomator2-server-v6.0.3.apk'
&amp#27;[38;5;64m[ADB]&amp#27;[0m 'C:\Users\abuba\.appium\node_modules\appium-uiautomator2-driver\node_modules\appium-uiautomator2-server\apks\appium-uiautomator2-server-v6.0.3.apk' is signed with the default certificate
&amp#27;[38;5;64m[ADB]&amp#27;[0m Getting package info for 'io.appium.uiautomator2.server'
&amp#27;[38;5;64m[ADB]&amp#27;[0m Running 'C:\Users\abuba\AppData\Local\Android\Sdk\platform-tools\adb.exe -P 5037 -s emulator-5554 shell dumpsys package io.appium.uiautomator2.server'
&amp#27;[38;5;64m[ADB]&amp#27;[0m The version name of the installed 'io.appium.uiautomator2.server' is greater or equal to the application version name ('6.0.3' >= '6.0.3')
&amp#27;[38;5;32m[AndroidUiautomator2Driver@eaff (4037295b)]&amp#27;[0m Server packages status: [{"wasSigned":true,"installState":"sameVersionInstalled","appPath":"C:\\Users\\abuba\\.appium\\node_modules\\appium-uiautomator2-driver\\node_modules\\appium-uiautomator2-server\\apks\\appium-uiautomator2-server-v6.0.3.apk","appId":"io.appium.uiautomator2.server"},{"wasSigned":true,"installState":"sameVersionInstalled","appPath":"C:\\Users\\abuba\\.appium\\node_modules\\appium-uiautomator2-driver\\node_modules\\appium-uiautomator2-server\\apks\\appium-uiautomator2-server-debug-androidTest.apk","appId":"io.appium.uiautomator2.server.test"}]
&amp#27;[38;5;32m[AndroidUiautomator2Driver@eaff (4037295b)]&amp#27;[0m Server packages are not going to be (re)installed
&amp#27;[38;5;32m[AndroidUiautomator2Driver@eaff (4037295b)]&amp#27;[0m Waiting up to 30000ms for services to be available
&amp#27;[38;5;64m[ADB]&amp#27;[0m Running 'C:\Users\abuba\AppData\Local\Android\Sdk\platform-tools\adb.exe -P 5037 -s emulator-5554 shell pm list instrumentation'
&amp#27;[38;5;32m[AndroidUiautomator2Driver@eaff (4037295b)]&amp#27;[0m Instrumentation target 'io.appium.uiautomator2.server.test/androidx.test.runner.AndroidJUnitRunner' is available
&amp#27;[38;5;64m[ADB]&amp#27;[0m Adding packages ["io.appium.settings","io.appium.uiautomator2.server","io.appium.uiautomator2.server.test"] to Doze whitelist
&amp#27;[38;5;64m[ADB]&amp#27;[0m Got the following command chunks to execute: [["dumpsys","deviceidle","whitelist","+io.appium.settings",";","dumpsys","deviceidle","whitelist","+io.appium.uiautomator2.server",";","dumpsys","deviceidle","whitelist","+io.appium.uiautomator2.server.test",";"]]
&amp#27;[38;5;64m[ADB]&amp#27;[0m Running 'C:\Users\abuba\AppData\Local\Android\Sdk\platform-tools\adb.exe -P 5037 -s emulator-5554 shell dumpsys deviceidle whitelist +io.appium.settings ; dumpsys deviceidle whitelist +io.appium.uiautomator2.server ; dumpsys deviceidle whitelist +io.appium.uiautomator2.server.test ;'
&amp#27;[38;5;64m[ADB]&amp#27;[0m Checking app cert for C:\Users\abuba\java_projects\weatherAppTest\src\test\resources\apk\app-debug.apk
&amp#27;[38;5;64m[ADB]&amp#27;[0m Starting apksigner: 'C:\\Program Files\\Java\\jdk-17\\bin\\java.exe' -Xmx1024M -Xss1m -jar C:\\Users\\abuba\\AppData\\Local\\Android\\Sdk\\build-tools\\34.0.0\\lib\\apksigner.jar verify --print-certs C:\\Users\\abuba\\java_projects\\weatherAppTest\\src\\test\\resources\\apk\\app-debug.apk
&amp#27;[38;5;64m[ADB]&amp#27;[0m apksigner stdout: Signer #1 certificate DN: C=US, O=Android, CN=Android Debug
&amp#27;[38;5;64m[ADB]&amp#27;[0m Signer #1 certificate SHA-256 digest: ad14d8703532464be57596dc8f418c4cbd139f43c37face8aee75630d73d50ea
&amp#27;[38;5;64m[ADB]&amp#27;[0m Signer #1 certificate SHA-1 digest: 3685f8804b578a7ba0225c49277f3acb03f06658
&amp#27;[38;5;64m[ADB]&amp#27;[0m Signer #1 certificate MD5 digest: a9866879f0094d38a89ad6ffac1b9a96
&amp#27;[38;5;64m[ADB]&amp#27;[0m 
&amp#27;[38;5;64m[ADB]&amp#27;[0m 'C:\Users\abuba\java_projects\weatherAppTest\src\test\resources\apk\app-debug.apk' is signed with a non-default certificate
&amp#27;[38;5;64m[ADB]&amp#27;[0m Getting package info for 'me.example.android.weatherapp'
&amp#27;[38;5;64m[ADB]&amp#27;[0m Running 'C:\Users\abuba\AppData\Local\Android\Sdk\platform-tools\adb.exe -P 5037 -s emulator-5554 shell dumpsys package me.example.android.weatherapp'
&amp#27;[38;5;64m[ADB]&amp#27;[0m The version name of the installed 'me.example.android.weatherapp' is greater or equal to the application version name ('1.0.0' >= '1.0.0')
&amp#27;[38;5;64m[ADB]&amp#27;[0m There is no need to install/upgrade 'C:\Users\abuba\java_projects\weatherAppTest\src\test\resources\apk\app-debug.apk'
&amp#27;[38;5;80m[AndroidDriver]&amp#27;[0m Performing fast reset on 'me.example.android.weatherapp'
&amp#27;[38;5;64m[ADB]&amp#27;[0m Getting install status for me.example.android.weatherapp
&amp#27;[38;5;64m[ADB]&amp#27;[0m Running 'C:\Users\abuba\AppData\Local\Android\Sdk\platform-tools\adb.exe -P 5037 -s emulator-5554 shell pm path me.example.android.weatherapp'
&amp#27;[38;5;64m[ADB]&amp#27;[0m 'me.example.android.weatherapp' is installed
&amp#27;[38;5;64m[ADB]&amp#27;[0m Running 'C:\Users\abuba\AppData\Local\Android\Sdk\platform-tools\adb.exe -P 5037 -s emulator-5554 shell am force-stop me.example.android.weatherapp'
&amp#27;[38;5;64m[ADB]&amp#27;[0m Running 'C:\Users\abuba\AppData\Local\Android\Sdk\platform-tools\adb.exe -P 5037 -s emulator-5554 shell pm clear me.example.android.weatherapp'
&amp#27;[38;5;64m[ADB]&amp#27;[0m Running 'C:\Users\abuba\AppData\Local\Android\Sdk\platform-tools\adb.exe -P 5037 -s emulator-5554 shell dumpsys package me.example.android.weatherapp'
&amp#27;[38;5;64m[ADB]&amp#27;[0m Retrieving requested permissions
&amp#27;[38;5;64m[ADB]&amp#27;[0m Retrieved 8 permissions from requested group
&amp#27;[38;5;64m[ADB]&amp#27;[0m Retrieving granted permissions
&amp#27;[38;5;64m[ADB]&amp#27;[0m Retrieved 1 permission from install,runtime groups
&amp#27;[38;5;64m[ADB]&amp#27;[0m Granting permissions ["android.permission.ACCESS_FINE_LOCATION","android.permission.ACCESS_COARSE_LOCATION","android.permission.POST_NOTIFICATIONS","android.permission.POST_NOTIFICATIONS","android.permission.ACCESS_FINE_LOCATION","android.permission.ACCESS_COARSE_LOCATION"] to 'me.example.android.weatherapp'
&amp#27;[38;5;64m[ADB]&amp#27;[0m Got the following command chunks to execute: [["pm","grant","me.example.android.weatherapp","android.permission.ACCESS_FINE_LOCATION",";","pm","grant","me.example.android.weatherapp","android.permission.ACCESS_COARSE_LOCATION",";","pm","grant","me.example.android.weatherapp","android.permission.POST_NOTIFICATIONS",";","pm","grant","me.example.android.weatherapp","android.permission.POST_NOTIFICATIONS",";","pm","grant","me.example.android.weatherapp","android.permission.ACCESS_FINE_LOCATION",";","pm","grant","me.example.android.weatherapp","android.permission.ACCESS_COARSE_LOCATION",";"]]
&amp#27;[38;5;64m[ADB]&amp#27;[0m Running 'C:\Users\abuba\AppData\Local\Android\Sdk\platform-tools\adb.exe -P 5037 -s emulator-5554 shell pm grant me.example.android.weatherapp android.permission.ACCESS_FINE_LOCATION ; pm grant me.example.android.weatherapp android.permission.ACCESS_COARSE_LOCATION ; pm grant me.example.android.weatherapp android.permission.POST_NOTIFICATIONS ; pm grant me.example.android.weatherapp android.permission.POST_NOTIFICATIONS ; pm grant me.example.android.weatherapp android.permission.ACCESS_FINE_LOCATION ; pm grant me.example.android.weatherapp android.permission.ACCESS_COARSE_LOCATION ;'
&amp#27;[38;5;80m[AndroidDriver]&amp#27;[0m Performed fast reset on the installed 'me.example.android.weatherapp' application (stop and clear)
&amp#27;[38;5;32m[AndroidUiautomator2Driver@eaff (4037295b)]&amp#27;[0m Performing shallow cleanup of automation leftovers
&amp#27;[38;5;32m[AndroidUiautomator2Driver@eaff (4037295b)]&amp#27;[0m No obsolete sessions have been detected (socket hang up)
&amp#27;[38;5;64m[ADB]&amp#27;[0m Running 'C:\Users\abuba\AppData\Local\Android\Sdk\platform-tools\adb.exe -P 5037 -s emulator-5554 shell am force-stop io.appium.uiautomator2.server.test'
&amp#27;[38;5;32m[AndroidUiautomator2Driver@eaff (4037295b)]&amp#27;[0m Starting UIAutomator2 server 6.0.3
&amp#27;[38;5;32m[AndroidUiautomator2Driver@eaff (4037295b)]&amp#27;[0m Using UIAutomator2 server from 'C:\Users\abuba\.appium\node_modules\appium-uiautomator2-driver\node_modules\appium-uiautomator2-server\apks\appium-uiautomator2-server-v6.0.3.apk' and test from 'C:\Users\abuba\.appium\node_modules\appium-uiautomator2-driver\node_modules\appium-uiautomator2-server\apks\appium-uiautomator2-server-debug-androidTest.apk'
&amp#27;[38;5;32m[AndroidUiautomator2Driver@eaff (4037295b)]&amp#27;[0m Waiting up to 30000ms for UiAutomator2 to be online...
&amp#27;[38;5;64m[ADB]&amp#27;[0m Creating ADB subprocess with args: ["-P","5037","-s","emulator-5554","shell","am","instrument","-w","-e","disableAnalytics","true","io.appium.uiautomator2.server.test/androidx.test.runner.AndroidJUnitRunner"]
&amp#27;[38;5;32m[AndroidUiautomator2Driver@eaff (4037295b)]&amp#27;[0m Matched '/status' to command name 'getStatus'
&amp#27;[38;5;32m[AndroidUiautomator2Driver@eaff (4037295b)]&amp#27;[0m Proxying [GET /status] to [GET http://127.0.0.1:8200/status] with no body
&amp#27;[38;5;32m[AndroidUiautomator2Driver@eaff (4037295b)]&amp#27;[0m socket hang up
&amp#27;[38;5;112m[Instrumentation]&amp#27;[0m io.appium.uiautomator2.server.test.AppiumUiAutomator2Server:
&amp#27;[38;5;32m[AndroidUiautomator2Driver@eaff (4037295b)]&amp#27;[0m Matched '/status' to command name 'getStatus'
&amp#27;[38;5;32m[AndroidUiautomator2Driver@eaff (4037295b)]&amp#27;[0m Proxying [GET /status] to [GET http://127.0.0.1:8200/status] with no body
&amp#27;[38;5;32m[AndroidUiautomator2Driver@eaff (4037295b)]&amp#27;[0m socket hang up
&amp#27;[38;5;32m[AndroidUiautomator2Driver@eaff (4037295b)]&amp#27;[0m Matched '/status' to command name 'getStatus'
&amp#27;[38;5;32m[AndroidUiautomator2Driver@eaff (4037295b)]&amp#27;[0m Proxying [GET /status] to [GET http://127.0.0.1:8200/status] with no body
&amp#27;[38;5;32m[AndroidUiautomator2Driver@eaff (4037295b)]&amp#27;[0m Got response with status 200: {"sessionId":"None","value":{"message":"UiAutomator2 Server is ready to accept commands","ready":true}}
&amp#27;[38;5;32m[AndroidUiautomator2Driver@eaff (4037295b)]&amp#27;[0m The initialization of the instrumentation process took 2109ms
&amp#27;[38;5;32m[AndroidUiautomator2Driver@eaff (4037295b)]&amp#27;[0m Matched '/session' to command name 'createSession'
&amp#27;[38;5;32m[AndroidUiautomator2Driver@eaff (4037295b)]&amp#27;[0m Proxying [POST /session] to [POST http://127.0.0.1:8200/session] with body: {"capabilities":{"firstMatch":[{"platformName":"ANDROID","app":"src/test/resources/apk/app-debug.apk","autoGrantPermissions":true,"automationName":"UIAutomator2","udid":"emulator-5554","platform":"LINUX","webStorageEnabled":false,"takesScreenshot":true,"javascriptEnabled":true,"databaseEnabled":false,"networkConnectionEnabled":true,"locationContextEnabled":false,"warnings":{},"desired":{"platformName":"ANDROID","app":"src/test/resources/apk/app-debug.apk","autoGrantPermissions":true,"automationName":"UIAutomator2","udid":"emulator-5554"},"deviceName":"emulator-5554","deviceUDID":"emulator-5554","appPackage":"me.example.android.weatherapp"}],"alwaysMatch":{}}}
&amp#27;[38;5;32m[AndroidUiautomator2Driver@eaff (4037295b)]&amp#27;[0m Got response with status 200: {"sessionId":"ecd33067-7569-4d2e-9867-54d1b0baa116","value":{"capabilities":{"firstMatch":[{"platformName":"ANDROID","app":"src/test/resources/apk/app-debug.apk","autoGrantPermissions":true,"automationName":"UIAutomator2","udid":"emulator-5554","platform":"LINUX","webStorageEnabled":false,"takesScreenshot":true,"javascriptEnabled":true,"databaseEnabled":false,"networkConnectionEnabled":true,"locationContextEnabled":false,"warnings":{},"desired":{"platformName":"ANDROID","app":"src/test/resources/apk/app-debug.apk","autoGrantPermissions":true,"automationName":"UIAutomator2","udid":"emulator-5554"},"deviceName":"emulator-5554","deviceUDID":"emulator-5554","appPackage":"me.example.android.weatherapp"}],"alwaysMatch":{}},"sessionId":"ecd33067-7569-4d2e-9867-54d1b0baa116"}}
&amp#27;[38;5;32m[AndroidUiautomator2Driver@eaff (4037295b)]&amp#27;[0m Determined the downstream protocol as 'W3C'
&amp#27;[38;5;32m[AndroidUiautomator2Driver@eaff (4037295b)]&amp#27;[0m Proxying [GET /appium/device/pixel_ratio] to [GET http://127.0.0.1:8200/session/ecd33067-7569-4d2e-9867-54d1b0baa116/appium/device/pixel_ratio] with no body
&amp#27;[38;5;32m[AndroidUiautomator2Driver@eaff (4037295b)]&amp#27;[0m Matched '/appium/device/system_bars' to command name 'getSystemBars'
&amp#27;[38;5;32m[AndroidUiautomator2Driver@eaff (4037295b)]&amp#27;[0m Proxying [GET /appium/device/system_bars] to [GET http://127.0.0.1:8200/session/ecd33067-7569-4d2e-9867-54d1b0baa116/appium/device/system_bars] with no body
&amp#27;[38;5;32m[AndroidUiautomator2Driver@eaff (4037295b)]&amp#27;[0m Matched '/window/current/size' to command name 'getWindowSize'
&amp#27;[38;5;32m[AndroidUiautomator2Driver@eaff (4037295b)]&amp#27;[0m Proxying [GET /window/current/size] to [GET http://127.0.0.1:8200/session/ecd33067-7569-4d2e-9867-54d1b0baa116/window/current/size] with no body
&amp#27;[38;5;32m[AndroidUiautomator2Driver@eaff (4037295b)]&amp#27;[0m Proxying [GET /appium/device/info] to [GET http://127.0.0.1:8200/session/ecd33067-7569-4d2e-9867-54d1b0baa116/appium/device/info] with no body
&amp#27;[38;5;64m[ADB]&amp#27;[0m Running 'C:\Users\abuba\AppData\Local\Android\Sdk\platform-tools\adb.exe -P 5037 -s emulator-5554 shell dumpsys window'
&amp#27;[38;5;32m[AndroidUiautomator2Driver@eaff (4037295b)]&amp#27;[0m Got response with status 200: {"sessionId":"ecd33067-7569-4d2e-9867-54d1b0baa116","value":2.75}
&amp#27;[38;5;32m[AndroidUiautomator2Driver@eaff (4037295b)]&amp#27;[0m Got response with status 200: {"sessionId":"ecd33067-7569-4d2e-9867-54d1b0baa116","value":{"statusBar":66}}
&amp#27;[38;5;32m[AndroidUiautomator2Driver@eaff (4037295b)]&amp#27;[0m Got response with status 200: {"sessionId":"ecd33067-7569-4d2e-9867-54d1b0baa116","value":{"height":2220,"width":1080}}
&amp#27;[38;5;32m[AndroidUiautomator2Driver@eaff (4037295b)]&amp#27;[0m Got response with status 200: {"sessionId":"ecd33067-7569-4d2e-9867-54d1b0baa116","value":{"androidId":"f238964dfab8eda9","apiVersion":"34","bluetooth":{"state":"ON"},"brand":"google","carrierName":"T-Mobile","displayDensity":440,"locale":"en_US","manufacturer":"Google","model":"sdk_gphone64_x86_64","networks":[{"capabilities":{"SSID":null,"linkDownBandwidthKbps":30000,"linkUpstreamBandwidthKbps":15000,"networkCapabilities":"NET_CAPABILITY_MMS,NET_CAPABILITY_SUPL,NET_CAPABILITY_DUN,NET_CAPABILITY_FOTA,NET_CAPABILITY_IMS,NET_CAPABILITY_CBS,NET_CAPABILITY_INTERNET,NET_CAPABILITY_NOT_RESTRICTED,NET_CAPABILITY_TRUSTED,NET_CAPABILITY_NOT_VPN,NET_CAPABILITY_VALIDATED,NET_CAPABILITY_NOT_ROAMING,NET_CAPABILITY_NOT_CONGESTED,NET_CAPABILITY_NOT_SUSPENDED","signalStrength":-2147483648,"transportTypes":"TRANSPORT_CELLULAR"},"detailedState":"CONNECTED","extraInfo":"epc.tmobile.com","isAvailable":true,"isConnected":true,"isFailover":false,"isRoaming":false,"state":"CONNECTED","subtype":10,"subtypeName":"HSPA","type":0,"typeName":"MOBILE"},{"capabili...
&amp#27;[38;5;80m[AndroidDriver]&amp#27;[0m Screen already unlocked, doing nothing
&amp#27;[38;5;32m[AndroidUiautomator2Driver@eaff (4037295b)]&amp#27;[0m Starting 'me.example.android.weatherapp/me.example.android.weatherapp.MainActivity and waiting for 'me.example.android.weatherapp/me.example.android.weatherapp.MainActivity'
&amp#27;[38;5;64m[ADB]&amp#27;[0m Running 'C:\Users\abuba\AppData\Local\Android\Sdk\platform-tools\adb.exe -P 5037 -s emulator-5554 shell am start -W -n me.example.android.weatherapp/me.example.android.weatherapp.MainActivity -S -a android.intent.action.MAIN -c android.intent.category.LAUNCHER -f 0x10200000'
&amp#27;[38;5;64m[ADB]&amp#27;[0m Waiting up to 20000ms for activity matching pkg: 'me.example.android.weatherapp' and activity: 'me.example.android.weatherapp.MainActivity' to be focused
&amp#27;[38;5;64m[ADB]&amp#27;[0m Possible activities, to be checked: 'me.example.android.weatherapp.MainActivity', 'me.example.android.weatherapp.me.example.android.weatherapp.MainActivity'
&amp#27;[38;5;64m[ADB]&amp#27;[0m Getting focused package and activity
&amp#27;[38;5;64m[ADB]&amp#27;[0m Running 'C:\Users\abuba\AppData\Local\Android\Sdk\platform-tools\adb.exe -P 5037 -s emulator-5554 shell dumpsys window displays'
&amp#27;[38;5;64m[ADB]&amp#27;[0m Found package: 'me.example.android.weatherapp' and fully qualified activity name : 'me.example.android.weatherapp.MainActivity'
&amp#27;[38;5;16m[AppiumDriver@1ce0]&amp#27;[0m New AndroidUiautomator2Driver session created successfully, session 4037295b-7194-4ab7-84c5-14c019768916 added to master session list
&amp#27;[38;5;16m[AppiumDriver@1ce0]&amp#27;[0m Event 'newSessionStarted' logged at 1705314385115 (16:26:25 GMT+0600 (Bangladesh Standard Time))
&amp#27;[38;5;32m[AndroidUiautomator2Driver@eaff (4037295b)]&amp#27;[0m Cached the protocol value 'W3C' for the new session 4037295b-7194-4ab7-84c5-14c019768916
&amp#27;[38;5;32m[AndroidUiautomator2Driver@eaff (4037295b)]&amp#27;[0m Responding to client with driver.createSession() result: {"capabilities":{"platformName":"ANDROID","app":"src/test/resources/apk/app-debug.apk","autoGrantPermissions":true,"automationName":"UIAutomator2","udid":"emulator-5554","platform":"LINUX","webStorageEnabled":false,"takesScreenshot":true,"javascriptEnabled":true,"databaseEnabled":false,"networkConnectionEnabled":true,"locationContextEnabled":false,"warnings":{},"desired":{"platformName":"ANDROID","app":"src/test/resources/apk/app-debug.apk","autoGrantPermissions":true,"automationName":"UIAutomator2","udid":"emulator-5554"},"deviceName":"emulator-5554","deviceUDID":"emulator-5554","appPackage":"me.example.android.weatherapp","pixelRatio":"2.75","statBarHeight":66,"viewportRect":{"left":0,"top":66,"width":1080,"height":2154},"deviceApiLevel":34,"platformVersion":"14","deviceManufacturer":"Google","deviceModel":"sdk_gphone64_x86_64","deviceScreenSize":"1080x2220","deviceScreenDensity":440}}
&amp#27;[38;5;0m[HTTP]&amp#27;[0m &amp#27;[37m<-- POST /session &amp#27;[39m&amp#27;[32m200&amp#27;[39m &amp#27;[90m5313 ms - 961&amp#27;[39m
&amp#27;[38;5;0m[HTTP]&amp#27;[0m &amp#27;[90m&amp#27;[39m
&amp#27;[38;5;0m[HTTP]&amp#27;[0m &amp#27;[37m-->&amp#27;[39m &amp#27;[37mPOST&amp#27;[39m &amp#27;[37m/session/4037295b-7194-4ab7-84c5-14c019768916/element&amp#27;[39m
&amp#27;[38;5;0m[HTTP]&amp#27;[0m &amp#27;[90m{"using":"xpath","value":"//android.view.View[@text='Today']"}&amp#27;[39m
&amp#27;[38;5;32m[AndroidUiautomator2Driver@eaff (4037295b)]&amp#27;[0m Calling AppiumDriver.findElement() with args: ["xpath","//android.view.View[@text='Today']","4037295b-7194-4ab7-84c5-14c019768916"]
&amp#27;[38;5;32m[AndroidUiautomator2Driver@eaff (4037295b)]&amp#27;[0m Valid locator strategies for this request: xpath, id, class name, accessibility id, css selector, -android uiautomator
&amp#27;[38;5;32m[AndroidUiautomator2Driver@eaff (4037295b)]&amp#27;[0m Waiting up to 0 ms for condition
&amp#27;[38;5;32m[AndroidUiautomator2Driver@eaff (4037295b)]&amp#27;[0m Matched '/element' to command name 'findElement'
&amp#27;[38;5;32m[AndroidUiautomator2Driver@eaff (4037295b)]&amp#27;[0m Proxying [POST /element] to [POST http://127.0.0.1:8200/session/ecd33067-7569-4d2e-9867-54d1b0baa116/element] with body: {"strategy":"xpath","selector":"//android.view.View[@text='Today']","context":"","multiple":false}
&amp#27;[38;5;32m[AndroidUiautomator2Driver@eaff (4037295b)]&amp#27;[0m Got response with status 404: {"sessionId":"ecd33067-7569-4d2e-9867-54d1b0baa116","value":{"error":"no such element","message":"An element could not be located on the page using the given search parameters","stacktrace":"io.appium.uiautomator2.common.exceptions.ElementNotFoundException: An element could not be located on the page using the given search parameters\n\tat io.appium.uiautomator2.utils.ElementLocationHelpers.findElement(ElementLocationHelpers.java:156)\n\tat io.appium.uiautomator2.handler.FindElement.safeHandle(FindElement.java:60)\n\tat io.appium.uiautomator2.handler.request.SafeRequestHandler.handle(SafeRequestHandler.java:59)\n\tat io.appium.uiautomator2.server.AppiumServlet.handleRequest(AppiumServlet.java:277)\n\tat io.appium.uiautomator2.server.AppiumServlet.handleHttpRequest(AppiumServlet.java:271)\n\tat io.appium.uiautomator2.http.ServerHandler.channelRead(ServerHandler.java:77)\n\tat io.netty.channel.AbstractChannelHandlerContext.invokeChannelRead(AbstractChannelHandlerContext.java:366)\n\tat io.netty.channel.Abstr...
&amp#27;[38;5;128m[W3C]&amp#27;[0m Matched W3C error code 'no such element' to NoSuchElementError
&amp#27;[38;5;32m[AndroidUiautomator2Driver@eaff (4037295b)]&amp#27;[0m Encountered internal error running command: NoSuchElementError: An element could not be located on the page using the given search parameters.
&amp#27;[38;5;32m[AndroidUiautomator2Driver@eaff (4037295b)]&amp#27;[0m     at AndroidUiautomator2Driver.findElOrEls (C:\Users\abuba\.appium\node_modules\appium-uiautomator2-driver\node_modules\appium-android-driver\lib\commands\find.ts:87:11)
&amp#27;[38;5;32m[AndroidUiautomator2Driver@eaff (4037295b)]&amp#27;[0m     at processTicksAndRejections (node:internal/process/task_queues:95:5)
&amp#27;[38;5;32m[AndroidUiautomator2Driver@eaff (4037295b)]&amp#27;[0m     at AndroidUiautomator2Driver.findElOrElsWithProcessing (C:\Users\abuba\AppData\Roaming\npm\node_modules\appium\node_modules\@appium\base-driver\lib\basedriver\commands\find.ts:60:12)
&amp#27;[38;5;32m[AndroidUiautomator2Driver@eaff (4037295b)]&amp#27;[0m     at AndroidUiautomator2Driver.findElement (C:\Users\abuba\AppData\Roaming\npm\node_modules\appium\node_modules\@appium\base-driver\lib\basedriver\commands\find.ts:75:12)
&amp#27;[38;5;0m[HTTP]&amp#27;[0m &amp#27;[37m<-- POST /session/4037295b-7194-4ab7-84c5-14c019768916/element &amp#27;[39m&amp#27;[33m404&amp#27;[39m &amp#27;[90m1486 ms - 890&amp#27;[39m
&amp#27;[38;5;0m[HTTP]&amp#27;[0m &amp#27;[90m&amp#27;[39m
&amp#27;[38;5;0m[HTTP]&amp#27;[0m &amp#27;[37m-->&amp#27;[39m &amp#27;[37mPOST&amp#27;[39m &amp#27;[37m/session/4037295b-7194-4ab7-84c5-14c019768916/element&amp#27;[39m
&amp#27;[38;5;0m[HTTP]&amp#27;[0m &amp#27;[90m{"using":"xpath","value":"//android.view.View[@text='Today']"}&amp#27;[39m
&amp#27;[38;5;32m[AndroidUiautomator2Driver@eaff (4037295b)]&amp#27;[0m Calling AppiumDriver.findElement() with args: ["xpath","//android.view.View[@text='Today']","4037295b-7194-4ab7-84c5-14c019768916"]
&amp#27;[38;5;32m[AndroidUiautomator2Driver@eaff (4037295b)]&amp#27;[0m Valid locator strategies for this request: xpath, id, class name, accessibility id, css selector, -android uiautomator
&amp#27;[38;5;32m[AndroidUiautomator2Driver@eaff (4037295b)]&amp#27;[0m Waiting up to 0 ms for condition
&amp#27;[38;5;32m[AndroidUiautomator2Driver@eaff (4037295b)]&amp#27;[0m Matched '/element' to command name 'findElement'
&amp#27;[38;5;32m[AndroidUiautomator2Driver@eaff (4037295b)]&amp#27;[0m Proxying [POST /element] to [POST http://127.0.0.1:8200/session/ecd33067-7569-4d2e-9867-54d1b0baa116/element] with body: {"strategy":"xpath","selector":"//android.view.View[@text='Today']","context":"","multiple":false}
&amp#27;[38;5;32m[AndroidUiautomator2Driver@eaff (4037295b)]&amp#27;[0m Got response with status 404: {"sessionId":"ecd33067-7569-4d2e-9867-54d1b0baa116","value":{"error":"no such element","message":"An element could not be located on the page using the given search parameters","stacktrace":"io.appium.uiautomator2.common.exceptions.ElementNotFoundException: An element could not be located on the page using the given search parameters\n\tat io.appium.uiautomator2.utils.ElementLocationHelpers.findElement(ElementLocationHelpers.java:156)\n\tat io.appium.uiautomator2.handler.FindElement.safeHandle(FindElement.java:60)\n\tat io.appium.uiautomator2.handler.request.SafeRequestHandler.handle(SafeRequestHandler.java:59)\n\tat io.appium.uiautomator2.server.AppiumServlet.handleRequest(AppiumServlet.java:277)\n\tat io.appium.uiautomator2.server.AppiumServlet.handleHttpRequest(AppiumServlet.java:271)\n\tat io.appium.uiautomator2.http.ServerHandler.channelRead(ServerHandler.java:77)\n\tat io.netty.channel.AbstractChannelHandlerContext.invokeChannelRead(AbstractChannelHandlerContext.java:366)\n\tat io.netty.channel.Abstr...
&amp#27;[38;5;128m[W3C]&amp#27;[0m Matched W3C error code 'no such element' to NoSuchElementError
&amp#27;[38;5;32m[AndroidUiautomator2Driver@eaff (4037295b)]&amp#27;[0m Encountered internal error running command: NoSuchElementError: An element could not be located on the page using the given search parameters.
&amp#27;[38;5;32m[AndroidUiautomator2Driver@eaff (4037295b)]&amp#27;[0m     at AndroidUiautomator2Driver.findElOrEls (C:\Users\abuba\.appium\node_modules\appium-uiautomator2-driver\node_modules\appium-android-driver\lib\commands\find.ts:87:11)
&amp#27;[38;5;32m[AndroidUiautomator2Driver@eaff (4037295b)]&amp#27;[0m     at processTicksAndRejections (node:internal/process/task_queues:95:5)
&amp#27;[38;5;32m[AndroidUiautomator2Driver@eaff (4037295b)]&amp#27;[0m     at AndroidUiautomator2Driver.findElOrElsWithProcessing (C:\Users\abuba\AppData\Roaming\npm\node_modules\appium\node_modules\@appium\base-driver\lib\basedriver\commands\find.ts:60:12)
&amp#27;[38;5;32m[AndroidUiautomator2Driver@eaff (4037295b)]&amp#27;[0m     at AndroidUiautomator2Driver.findElement (C:\Users\abuba\AppData\Roaming\npm\node_modules\appium\node_modules\@appium\base-driver\lib\basedriver\commands\find.ts:75:12)
&amp#27;[38;5;0m[HTTP]&amp#27;[0m &amp#27;[37m<-- POST /session/4037295b-7194-4ab7-84c5-14c019768916/element &amp#27;[39m&amp#27;[33m404&amp#27;[39m &amp#27;[90m52 ms - 890&amp#27;[39m
&amp#27;[38;5;0m[HTTP]&amp#27;[0m &amp#27;[90m&amp#27;[39m
&amp#27;[38;5;0m[HTTP]&amp#27;[0m &amp#27;[37m-->&amp#27;[39m &amp#27;[37mPOST&amp#27;[39m &amp#27;[37m/session/4037295b-7194-4ab7-84c5-14c019768916/element&amp#27;[39m
&amp#27;[38;5;0m[HTTP]&amp#27;[0m &amp#27;[90m{"using":"xpath","value":"//android.view.View[@text='Today']"}&amp#27;[39m
&amp#27;[38;5;32m[AndroidUiautomator2Driver@eaff (4037295b)]&amp#27;[0m Calling AppiumDriver.findElement() with args: ["xpath","//android.view.View[@text='Today']","4037295b-7194-4ab7-84c5-14c019768916"]
&amp#27;[38;5;32m[AndroidUiautomator2Driver@eaff (4037295b)]&amp#27;[0m Valid locator strategies for this request: xpath, id, class name, accessibility id, css selector, -android uiautomator
&amp#27;[38;5;32m[AndroidUiautomator2Driver@eaff (4037295b)]&amp#27;[0m Waiting up to 0 ms for condition
&amp#27;[38;5;32m[AndroidUiautomator2Driver@eaff (4037295b)]&amp#27;[0m Matched '/element' to command name 'findElement'
&amp#27;[38;5;32m[AndroidUiautomator2Driver@eaff (4037295b)]&amp#27;[0m Proxying [POST /element] to [POST http://127.0.0.1:8200/session/ecd33067-7569-4d2e-9867-54d1b0baa116/element] with body: {"strategy":"xpath","selector":"//android.view.View[@text='Today']","context":"","multiple":false}
&amp#27;[38;5;32m[AndroidUiautomator2Driver@eaff (4037295b)]&amp#27;[0m Got response with status 404: {"sessionId":"ecd33067-7569-4d2e-9867-54d1b0baa116","value":{"error":"no such element","message":"An element could not be located on the page using the given search parameters","stacktrace":"io.appium.uiautomator2.common.exceptions.ElementNotFoundException: An element could not be located on the page using the given search parameters\n\tat io.appium.uiautomator2.utils.ElementLocationHelpers.findElement(ElementLocationHelpers.java:156)\n\tat io.appium.uiautomator2.handler.FindElement.safeHandle(FindElement.java:60)\n\tat io.appium.uiautomator2.handler.request.SafeRequestHandler.handle(SafeRequestHandler.java:59)\n\tat io.appium.uiautomator2.server.AppiumServlet.handleRequest(AppiumServlet.java:277)\n\tat io.appium.uiautomator2.server.AppiumServlet.handleHttpRequest(AppiumServlet.java:271)\n\tat io.appium.uiautomator2.http.ServerHandler.channelRead(ServerHandler.java:77)\n\tat io.netty.channel.AbstractChannelHandlerContext.invokeChannelRead(AbstractChannelHandlerContext.java:366)\n\tat io.netty.channel.Abstr...
&amp#27;[38;5;128m[W3C]&amp#27;[0m Matched W3C error code 'no such element' to NoSuchElementError
&amp#27;[38;5;32m[AndroidUiautomator2Driver@eaff (4037295b)]&amp#27;[0m Encountered internal error running command: NoSuchElementError: An element could not be located on the page using the given search parameters.
&amp#27;[38;5;32m[AndroidUiautomator2Driver@eaff (4037295b)]&amp#27;[0m     at AndroidUiautomator2Driver.findElOrEls (C:\Users\abuba\.appium\node_modules\appium-uiautomator2-driver\node_modules\appium-android-driver\lib\commands\find.ts:87:11)
&amp#27;[38;5;32m[AndroidUiautomator2Driver@eaff (4037295b)]&amp#27;[0m     at processTicksAndRejections (node:internal/process/task_queues:95:5)
&amp#27;[38;5;32m[AndroidUiautomator2Driver@eaff (4037295b)]&amp#27;[0m     at AndroidUiautomator2Driver.findElOrElsWithProcessing (C:\Users\abuba\AppData\Roaming\npm\node_modules\appium\node_modules\@appium\base-driver\lib\basedriver\commands\find.ts:60:12)
&amp#27;[38;5;32m[AndroidUiautomator2Driver@eaff (4037295b)]&amp#27;[0m     at AndroidUiautomator2Driver.findElement (C:\Users\abuba\AppData\Roaming\npm\node_modules\appium\node_modules\@appium\base-driver\lib\basedriver\commands\find.ts:75:12)
&amp#27;[38;5;0m[HTTP]&amp#27;[0m &amp#27;[37m<-- POST /session/4037295b-7194-4ab7-84c5-14c019768916/element &amp#27;[39m&amp#27;[33m404&amp#27;[39m &amp#27;[90m51 ms - 890&amp#27;[39m
&amp#27;[38;5;0m[HTTP]&amp#27;[0m &amp#27;[90m&amp#27;[39m
&amp#27;[38;5;0m[HTTP]&amp#27;[0m &amp#27;[37m-->&amp#27;[39m &amp#27;[37mPOST&amp#27;[39m &amp#27;[37m/session/4037295b-7194-4ab7-84c5-14c019768916/element&amp#27;[39m
&amp#27;[38;5;0m[HTTP]&amp#27;[0m &amp#27;[90m{"using":"xpath","value":"//android.view.View[@text='Today']"}&amp#27;[39m
&amp#27;[38;5;32m[AndroidUiautomator2Driver@eaff (4037295b)]&amp#27;[0m Calling AppiumDriver.findElement() with args: ["xpath","//android.view.View[@text='Today']","4037295b-7194-4ab7-84c5-14c019768916"]
&amp#27;[38;5;32m[AndroidUiautomator2Driver@eaff (4037295b)]&amp#27;[0m Valid locator strategies for this request: xpath, id, class name, accessibility id, css selector, -android uiautomator
&amp#27;[38;5;32m[AndroidUiautomator2Driver@eaff (4037295b)]&amp#27;[0m Waiting up to 0 ms for condition
&amp#27;[38;5;32m[AndroidUiautomator2Driver@eaff (4037295b)]&amp#27;[0m Matched '/element' to command name 'findElement'
&amp#27;[38;5;32m[AndroidUiautomator2Driver@eaff (4037295b)]&amp#27;[0m Proxying [POST /element] to [POST http://127.0.0.1:8200/session/ecd33067-7569-4d2e-9867-54d1b0baa116/element] with body: {"strategy":"xpath","selector":"//android.view.View[@text='Today']","context":"","multiple":false}
&amp#27;[38;5;32m[AndroidUiautomator2Driver@eaff (4037295b)]&amp#27;[0m Got response with status 404: {"sessionId":"ecd33067-7569-4d2e-9867-54d1b0baa116","value":{"error":"no such element","message":"An element could not be located on the page using the given search parameters","stacktrace":"io.appium.uiautomator2.common.exceptions.ElementNotFoundException: An element could not be located on the page using the given search parameters\n\tat io.appium.uiautomator2.utils.ElementLocationHelpers.findElement(ElementLocationHelpers.java:156)\n\tat io.appium.uiautomator2.handler.FindElement.safeHandle(FindElement.java:60)\n\tat io.appium.uiautomator2.handler.request.SafeRequestHandler.handle(SafeRequestHandler.java:59)\n\tat io.appium.uiautomator2.server.AppiumServlet.handleRequest(AppiumServlet.java:277)\n\tat io.appium.uiautomator2.server.AppiumServlet.handleHttpRequest(AppiumServlet.java:271)\n\tat io.appium.uiautomator2.http.ServerHandler.channelRead(ServerHandler.java:77)\n\tat io.netty.channel.AbstractChannelHandlerContext.invokeChannelRead(AbstractChannelHandlerContext.java:366)\n\tat io.netty.channel.Abstr...
&amp#27;[38;5;128m[W3C]&amp#27;[0m Matched W3C error code 'no such element' to NoSuchElementError
&amp#27;[38;5;32m[AndroidUiautomator2Driver@eaff (4037295b)]&amp#27;[0m Encountered internal error running command: NoSuchElementError: An element could not be located on the page using the given search parameters.
&amp#27;[38;5;32m[AndroidUiautomator2Driver@eaff (4037295b)]&amp#27;[0m     at AndroidUiautomator2Driver.findElOrEls (C:\Users\abuba\.appium\node_modules\appium-uiautomator2-driver\node_modules\appium-android-driver\lib\commands\find.ts:87:11)
&amp#27;[38;5;32m[AndroidUiautomator2Driver@eaff (4037295b)]&amp#27;[0m     at processTicksAndRejections (node:internal/process/task_queues:95:5)
&amp#27;[38;5;32m[AndroidUiautomator2Driver@eaff (4037295b)]&amp#27;[0m     at AndroidUiautomator2Driver.findElOrElsWithProcessing (C:\Users\abuba\AppData\Roaming\npm\node_modules\appium\node_modules\@appium\base-driver\lib\basedriver\commands\find.ts:60:12)
&amp#27;[38;5;32m[AndroidUiautomator2Driver@eaff (4037295b)]&amp#27;[0m     at AndroidUiautomator2Driver.findElement (C:\Users\abuba\AppData\Roaming\npm\node_modules\appium\node_modules\@appium\base-driver\lib\basedriver\commands\find.ts:75:12)
&amp#27;[38;5;0m[HTTP]&amp#27;[0m &amp#27;[37m<-- POST /session/4037295b-7194-4ab7-84c5-14c019768916/element &amp#27;[39m&amp#27;[33m404&amp#27;[39m &amp#27;[90m50 ms - 890&amp#27;[39m
&amp#27;[38;5;0m[HTTP]&amp#27;[0m &amp#27;[90m&amp#27;[39m
&amp#27;[38;5;0m[HTTP]&amp#27;[0m &amp#27;[37m-->&amp#27;[39m &amp#27;[37mPOST&amp#27;[39m &amp#27;[37m/session/4037295b-7194-4ab7-84c5-14c019768916/element&amp#27;[39m
&amp#27;[38;5;0m[HTTP]&amp#27;[0m &amp#27;[90m{"using":"xpath","value":"//android.view.View[@text='Today']"}&amp#27;[39m
&amp#27;[38;5;32m[AndroidUiautomator2Driver@eaff (4037295b)]&amp#27;[0m Calling AppiumDriver.findElement() with args: ["xpath","//android.view.View[@text='Today']","4037295b-7194-4ab7-84c5-14c019768916"]
&amp#27;[38;5;32m[AndroidUiautomator2Driver@eaff (4037295b)]&amp#27;[0m Valid locator strategies for this request: xpath, id, class name, accessibility id, css selector, -android uiautomator
&amp#27;[38;5;32m[AndroidUiautomator2Driver@eaff (4037295b)]&amp#27;[0m Waiting up to 0 ms for condition
&amp#27;[38;5;32m[AndroidUiautomator2Driver@eaff (4037295b)]&amp#27;[0m Matched '/element' to command name 'findElement'
&amp#27;[38;5;32m[AndroidUiautomator2Driver@eaff (4037295b)]&amp#27;[0m Proxying [POST /element] to [POST http://127.0.0.1:8200/session/ecd33067-7569-4d2e-9867-54d1b0baa116/element] with body: {"strategy":"xpath","selector":"//android.view.View[@text='Today']","context":"","multiple":false}
&amp#27;[38;5;32m[AndroidUiautomator2Driver@eaff (4037295b)]&amp#27;[0m Got response with status 404: {"sessionId":"ecd33067-7569-4d2e-9867-54d1b0baa116","value":{"error":"no such element","message":"An element could not be located on the page using the given search parameters","stacktrace":"io.appium.uiautomator2.common.exceptions.ElementNotFoundException: An element could not be located on the page using the given search parameters\n\tat io.appium.uiautomator2.utils.ElementLocationHelpers.findElement(ElementLocationHelpers.java:156)\n\tat io.appium.uiautomator2.handler.FindElement.safeHandle(FindElement.java:60)\n\tat io.appium.uiautomator2.handler.request.SafeRequestHandler.handle(SafeRequestHandler.java:59)\n\tat io.appium.uiautomator2.server.AppiumServlet.handleRequest(AppiumServlet.java:277)\n\tat io.appium.uiautomator2.server.AppiumServlet.handleHttpRequest(AppiumServlet.java:271)\n\tat io.appium.uiautomator2.http.ServerHandler.channelRead(ServerHandler.java:77)\n\tat io.netty.channel.AbstractChannelHandlerContext.invokeChannelRead(AbstractChannelHandlerContext.java:366)\n\tat io.netty.channel.Abstr...
&amp#27;[38;5;128m[W3C]&amp#27;[0m Matched W3C error code 'no such element' to NoSuchElementError
&amp#27;[38;5;32m[AndroidUiautomator2Driver@eaff (4037295b)]&amp#27;[0m Encountered internal error running command: NoSuchElementError: An element could not be located on the page using the given search parameters.
&amp#27;[38;5;32m[AndroidUiautomator2Driver@eaff (4037295b)]&amp#27;[0m     at AndroidUiautomator2Driver.findElOrEls (C:\Users\abuba\.appium\node_modules\appium-uiautomator2-driver\node_modules\appium-android-driver\lib\commands\find.ts:87:11)
&amp#27;[38;5;32m[AndroidUiautomator2Driver@eaff (4037295b)]&amp#27;[0m     at processTicksAndRejections (node:internal/process/task_queues:95:5)
&amp#27;[38;5;32m[AndroidUiautomator2Driver@eaff (4037295b)]&amp#27;[0m     at AndroidUiautomator2Driver.findElOrElsWithProcessing (C:\Users\abuba\AppData\Roaming\npm\node_modules\appium\node_modules\@appium\base-driver\lib\basedriver\commands\find.ts:60:12)
&amp#27;[38;5;32m[AndroidUiautomator2Driver@eaff (4037295b)]&amp#27;[0m     at AndroidUiautomator2Driver.findElement (C:\Users\abuba\AppData\Roaming\npm\node_modules\appium\node_modules\@appium\base-driver\lib\basedriver\commands\find.ts:75:12)
&amp#27;[38;5;0m[HTTP]&amp#27;[0m &amp#27;[37m<-- POST /session/4037295b-7194-4ab7-84c5-14c019768916/element &amp#27;[39m&amp#27;[33m404&amp#27;[39m &amp#27;[90m48 ms - 890&amp#27;[39m
&amp#27;[38;5;0m[HTTP]&amp#27;[0m &amp#27;[90m&amp#27;[39m
&amp#27;[38;5;0m[HTTP]&amp#27;[0m &amp#27;[37m-->&amp#27;[39m &amp#27;[37mPOST&amp#27;[39m &amp#27;[37m/session/4037295b-7194-4ab7-84c5-14c019768916/element&amp#27;[39m
&amp#27;[38;5;0m[HTTP]&amp#27;[0m &amp#27;[90m{"using":"xpath","value":"//android.view.View[@text='Today']"}&amp#27;[39m
&amp#27;[38;5;32m[AndroidUiautomator2Driver@eaff (4037295b)]&amp#27;[0m Calling AppiumDriver.findElement() with args: ["xpath","//android.view.View[@text='Today']","4037295b-7194-4ab7-84c5-14c019768916"]
&amp#27;[38;5;32m[AndroidUiautomator2Driver@eaff (4037295b)]&amp#27;[0m Valid locator strategies for this request: xpath, id, class name, accessibility id, css selector, -android uiautomator
&amp#27;[38;5;32m[AndroidUiautomator2Driver@eaff (4037295b)]&amp#27;[0m Waiting up to 0 ms for condition
&amp#27;[38;5;32m[AndroidUiautomator2Driver@eaff (4037295b)]&amp#27;[0m Matched '/element' to command name 'findElement'
&amp#27;[38;5;32m[AndroidUiautomator2Driver@eaff (4037295b)]&amp#27;[0m Proxying [POST /element] to [POST http://127.0.0.1:8200/session/ecd33067-7569-4d2e-9867-54d1b0baa116/element] with body: {"strategy":"xpath","selector":"//android.view.View[@text='Today']","context":"","multiple":false}
&amp#27;[38;5;32m[AndroidUiautomator2Driver@eaff (4037295b)]&amp#27;[0m Got response with status 404: {"sessionId":"ecd33067-7569-4d2e-9867-54d1b0baa116","value":{"error":"no such element","message":"An element could not be located on the page using the given search parameters","stacktrace":"io.appium.uiautomator2.common.exceptions.ElementNotFoundException: An element could not be located on the page using the given search parameters\n\tat io.appium.uiautomator2.utils.ElementLocationHelpers.findElement(ElementLocationHelpers.java:156)\n\tat io.appium.uiautomator2.handler.FindElement.safeHandle(FindElement.java:60)\n\tat io.appium.uiautomator2.handler.request.SafeRequestHandler.handle(SafeRequestHandler.java:59)\n\tat io.appium.uiautomator2.server.AppiumServlet.handleRequest(AppiumServlet.java:277)\n\tat io.appium.uiautomator2.server.AppiumServlet.handleHttpRequest(AppiumServlet.java:271)\n\tat io.appium.uiautomator2.http.ServerHandler.channelRead(ServerHandler.java:77)\n\tat io.netty.channel.AbstractChannelHandlerContext.invokeChannelRead(AbstractChannelHandlerContext.java:366)\n\tat io.netty.channel.Abstr...
&amp#27;[38;5;128m[W3C]&amp#27;[0m Matched W3C error code 'no such element' to NoSuchElementError
&amp#27;[38;5;32m[AndroidUiautomator2Driver@eaff (4037295b)]&amp#27;[0m Encountered internal error running command: NoSuchElementError: An element could not be located on the page using the given search parameters.
&amp#27;[38;5;32m[AndroidUiautomator2Driver@eaff (4037295b)]&amp#27;[0m     at AndroidUiautomator2Driver.findElOrEls (C:\Users\abuba\.appium\node_modules\appium-uiautomator2-driver\node_modules\appium-android-driver\lib\commands\find.ts:87:11)
&amp#27;[38;5;32m[AndroidUiautomator2Driver@eaff (4037295b)]&amp#27;[0m     at processTicksAndRejections (node:internal/process/task_queues:95:5)
&amp#27;[38;5;32m[AndroidUiautomator2Driver@eaff (4037295b)]&amp#27;[0m     at AndroidUiautomator2Driver.findElOrElsWithProcessing (C:\Users\abuba\AppData\Roaming\npm\node_modules\appium\node_modules\@appium\base-driver\lib\basedriver\commands\find.ts:60:12)
&amp#27;[38;5;32m[AndroidUiautomator2Driver@eaff (4037295b)]&amp#27;[0m     at AndroidUiautomator2Driver.findElement (C:\Users\abuba\AppData\Roaming\npm\node_modules\appium\node_modules\@appium\base-driver\lib\basedriver\commands\find.ts:75:12)
&amp#27;[38;5;0m[HTTP]&amp#27;[0m &amp#27;[37m<-- POST /session/4037295b-7194-4ab7-84c5-14c019768916/element &amp#27;[39m&amp#27;[33m404&amp#27;[39m &amp#27;[90m52 ms - 890&amp#27;[39m
&amp#27;[38;5;0m[HTTP]&amp#27;[0m &amp#27;[90m&amp#27;[39m
&amp#27;[38;5;0m[HTTP]&amp#27;[0m &amp#27;[37m-->&amp#27;[39m &amp#27;[37mPOST&amp#27;[39m &amp#27;[37m/session/4037295b-7194-4ab7-84c5-14c019768916/element&amp#27;[39m
&amp#27;[38;5;0m[HTTP]&amp#27;[0m &amp#27;[90m{"using":"xpath","value":"//android.view.View[@text='Today']"}&amp#27;[39m
&amp#27;[38;5;32m[AndroidUiautomator2Driver@eaff (4037295b)]&amp#27;[0m Calling AppiumDriver.findElement() with args: ["xpath","//android.view.View[@text='Today']","4037295b-7194-4ab7-84c5-14c019768916"]
&amp#27;[38;5;32m[AndroidUiautomator2Driver@eaff (4037295b)]&amp#27;[0m Valid locator strategies for this request: xpath, id, class name, accessibility id, css selector, -android uiautomator
&amp#27;[38;5;32m[AndroidUiautomator2Driver@eaff (4037295b)]&amp#27;[0m Waiting up to 0 ms for condition
&amp#27;[38;5;32m[AndroidUiautomator2Driver@eaff (4037295b)]&amp#27;[0m Matched '/element' to command name 'findElement'
&amp#27;[38;5;32m[AndroidUiautomator2Driver@eaff (4037295b)]&amp#27;[0m Proxying [POST /element] to [POST http://127.0.0.1:8200/session/ecd33067-7569-4d2e-9867-54d1b0baa116/element] with body: {"strategy":"xpath","selector":"//android.view.View[@text='Today']","context":"","multiple":false}
&amp#27;[38;5;32m[AndroidUiautomator2Driver@eaff (4037295b)]&amp#27;[0m Got response with status 404: {"sessionId":"ecd33067-7569-4d2e-9867-54d1b0baa116","value":{"error":"no such element","message":"An element could not be located on the page using the given search parameters","stacktrace":"io.appium.uiautomator2.common.exceptions.ElementNotFoundException: An element could not be located on the page using the given search parameters\n\tat io.appium.uiautomator2.utils.ElementLocationHelpers.findElement(ElementLocationHelpers.java:156)\n\tat io.appium.uiautomator2.handler.FindElement.safeHandle(FindElement.java:60)\n\tat io.appium.uiautomator2.handler.request.SafeRequestHandler.handle(SafeRequestHandler.java:59)\n\tat io.appium.uiautomator2.server.AppiumServlet.handleRequest(AppiumServlet.java:277)\n\tat io.appium.uiautomator2.server.AppiumServlet.handleHttpRequest(AppiumServlet.java:271)\n\tat io.appium.uiautomator2.http.ServerHandler.channelRead(ServerHandler.java:77)\n\tat io.netty.channel.AbstractChannelHandlerContext.invokeChannelRead(AbstractChannelHandlerContext.java:366)\n\tat io.netty.channel.Abstr...
&amp#27;[38;5;128m[W3C]&amp#27;[0m Matched W3C error code 'no such element' to NoSuchElementError
&amp#27;[38;5;32m[AndroidUiautomator2Driver@eaff (4037295b)]&amp#27;[0m Encountered internal error running command: NoSuchElementError: An element could not be located on the page using the given search parameters.
&amp#27;[38;5;32m[AndroidUiautomator2Driver@eaff (4037295b)]&amp#27;[0m     at AndroidUiautomator2Driver.findElOrEls (C:\Users\abuba\.appium\node_modules\appium-uiautomator2-driver\node_modules\appium-android-driver\lib\commands\find.ts:87:11)
&amp#27;[38;5;32m[AndroidUiautomator2Driver@eaff (4037295b)]&amp#27;[0m     at processTicksAndRejections (node:internal/process/task_queues:95:5)
&amp#27;[38;5;32m[AndroidUiautomator2Driver@eaff (4037295b)]&amp#27;[0m     at AndroidUiautomator2Driver.findElOrElsWithProcessing (C:\Users\abuba\AppData\Roaming\npm\node_modules\appium\node_modules\@appium\base-driver\lib\basedriver\commands\find.ts:60:12)
&amp#27;[38;5;32m[AndroidUiautomator2Driver@eaff (4037295b)]&amp#27;[0m     at AndroidUiautomator2Driver.findElement (C:\Users\abuba\AppData\Roaming\npm\node_modules\appium\node_modules\@appium\base-driver\lib\basedriver\commands\find.ts:75:12)
&amp#27;[38;5;0m[HTTP]&amp#27;[0m &amp#27;[37m<-- POST /session/4037295b-7194-4ab7-84c5-14c019768916/element &amp#27;[39m&amp#27;[33m404&amp#27;[39m &amp#27;[90m52 ms - 890&amp#27;[39m
&amp#27;[38;5;0m[HTTP]&amp#27;[0m &amp#27;[90m&amp#27;[39m
&amp#27;[38;5;0m[HTTP]&amp#27;[0m &amp#27;[37m-->&amp#27;[39m &amp#27;[37mPOST&amp#27;[39m &amp#27;[37m/session/4037295b-7194-4ab7-84c5-14c019768916/element&amp#27;[39m
&amp#27;[38;5;0m[HTTP]&amp#27;[0m &amp#27;[90m{"using":"xpath","value":"//android.view.View[@text='Today']"}&amp#27;[39m
&amp#27;[38;5;32m[AndroidUiautomator2Driver@eaff (4037295b)]&amp#27;[0m Calling AppiumDriver.findElement() with args: ["xpath","//android.view.View[@text='Today']","4037295b-7194-4ab7-84c5-14c019768916"]
&amp#27;[38;5;32m[AndroidUiautomator2Driver@eaff (4037295b)]&amp#27;[0m Valid locator strategies for this request: xpath, id, class name, accessibility id, css selector, -android uiautomator
&amp#27;[38;5;32m[AndroidUiautomator2Driver@eaff (4037295b)]&amp#27;[0m Waiting up to 0 ms for condition
&amp#27;[38;5;32m[AndroidUiautomator2Driver@eaff (4037295b)]&amp#27;[0m Matched '/element' to command name 'findElement'
&amp#27;[38;5;32m[AndroidUiautomator2Driver@eaff (4037295b)]&amp#27;[0m Proxying [POST /element] to [POST http://127.0.0.1:8200/session/ecd33067-7569-4d2e-9867-54d1b0baa116/element] with body: {"strategy":"xpath","selector":"//android.view.View[@text='Today']","context":"","multiple":false}
&amp#27;[38;5;32m[AndroidUiautomator2Driver@eaff (4037295b)]&amp#27;[0m Got response with status 404: {"sessionId":"ecd33067-7569-4d2e-9867-54d1b0baa116","value":{"error":"no such element","message":"An element could not be located on the page using the given search parameters","stacktrace":"io.appium.uiautomator2.common.exceptions.ElementNotFoundException: An element could not be located on the page using the given search parameters\n\tat io.appium.uiautomator2.utils.ElementLocationHelpers.findElement(ElementLocationHelpers.java:156)\n\tat io.appium.uiautomator2.handler.FindElement.safeHandle(FindElement.java:60)\n\tat io.appium.uiautomator2.handler.request.SafeRequestHandler.handle(SafeRequestHandler.java:59)\n\tat io.appium.uiautomator2.server.AppiumServlet.handleRequest(AppiumServlet.java:277)\n\tat io.appium.uiautomator2.server.AppiumServlet.handleHttpRequest(AppiumServlet.java:271)\n\tat io.appium.uiautomator2.http.ServerHandler.channelRead(ServerHandler.java:77)\n\tat io.netty.channel.AbstractChannelHandlerContext.invokeChannelRead(AbstractChannelHandlerContext.java:366)\n\tat io.netty.channel.Abstr...
&amp#27;[38;5;128m[W3C]&amp#27;[0m Matched W3C error code 'no such element' to NoSuchElementError
&amp#27;[38;5;32m[AndroidUiautomator2Driver@eaff (4037295b)]&amp#27;[0m Encountered internal error running command: NoSuchElementError: An element could not be located on the page using the given search parameters.
&amp#27;[38;5;32m[AndroidUiautomator2Driver@eaff (4037295b)]&amp#27;[0m     at AndroidUiautomator2Driver.findElOrEls (C:\Users\abuba\.appium\node_modules\appium-uiautomator2-driver\node_modules\appium-android-driver\lib\commands\find.ts:87:11)
&amp#27;[38;5;32m[AndroidUiautomator2Driver@eaff (4037295b)]&amp#27;[0m     at processTicksAndRejections (node:internal/process/task_queues:95:5)
&amp#27;[38;5;32m[AndroidUiautomator2Driver@eaff (4037295b)]&amp#27;[0m     at AndroidUiautomator2Driver.findElOrElsWithProcessing (C:\Users\abuba\AppData\Roaming\npm\node_modules\appium\node_modules\@appium\base-driver\lib\basedriver\commands\find.ts:60:12)
&amp#27;[38;5;32m[AndroidUiautomator2Driver@eaff (4037295b)]&amp#27;[0m     at AndroidUiautomator2Driver.findElement (C:\Users\abuba\AppData\Roaming\npm\node_modules\appium\node_modules\@appium\base-driver\lib\basedriver\commands\find.ts:75:12)
&amp#27;[38;5;0m[HTTP]&amp#27;[0m &amp#27;[37m<-- POST /session/4037295b-7194-4ab7-84c5-14c019768916/element &amp#27;[39m&amp#27;[33m404&amp#27;[39m &amp#27;[90m51 ms - 890&amp#27;[39m
&amp#27;[38;5;0m[HTTP]&amp#27;[0m &amp#27;[90m&amp#27;[39m
&amp#27;[38;5;0m[HTTP]&amp#27;[0m &amp#27;[37m-->&amp#27;[39m &amp#27;[37mPOST&amp#27;[39m &amp#27;[37m/session/4037295b-7194-4ab7-84c5-14c019768916/element&amp#27;[39m
&amp#27;[38;5;0m[HTTP]&amp#27;[0m &amp#27;[90m{"using":"xpath","value":"//android.view.View[@text='Today']"}&amp#27;[39m
&amp#27;[38;5;32m[AndroidUiautomator2Driver@eaff (4037295b)]&amp#27;[0m Calling AppiumDriver.findElement() with args: ["xpath","//android.view.View[@text='Today']","4037295b-7194-4ab7-84c5-14c019768916"]
&amp#27;[38;5;32m[AndroidUiautomator2Driver@eaff (4037295b)]&amp#27;[0m Valid locator strategies for this request: xpath, id, class name, accessibility id, css selector, -android uiautomator
&amp#27;[38;5;32m[AndroidUiautomator2Driver@eaff (4037295b)]&amp#27;[0m Waiting up to 0 ms for condition
&amp#27;[38;5;32m[AndroidUiautomator2Driver@eaff (4037295b)]&amp#27;[0m Matched '/element' to command name 'findElement'
&amp#27;[38;5;32m[AndroidUiautomator2Driver@eaff (4037295b)]&amp#27;[0m Proxying [POST /element] to [POST http://127.0.0.1:8200/session/ecd33067-7569-4d2e-9867-54d1b0baa116/element] with body: {"strategy":"xpath","selector":"//android.view.View[@text='Today']","context":"","multiple":false}
&amp#27;[38;5;32m[AndroidUiautomator2Driver@eaff (4037295b)]&amp#27;[0m Got response with status 404: {"sessionId":"ecd33067-7569-4d2e-9867-54d1b0baa116","value":{"error":"no such element","message":"An element could not be located on the page using the given search parameters","stacktrace":"io.appium.uiautomator2.common.exceptions.ElementNotFoundException: An element could not be located on the page using the given search parameters\n\tat io.appium.uiautomator2.utils.ElementLocationHelpers.findElement(ElementLocationHelpers.java:156)\n\tat io.appium.uiautomator2.handler.FindElement.safeHandle(FindElement.java:60)\n\tat io.appium.uiautomator2.handler.request.SafeRequestHandler.handle(SafeRequestHandler.java:59)\n\tat io.appium.uiautomator2.server.AppiumServlet.handleRequest(AppiumServlet.java:277)\n\tat io.appium.uiautomator2.server.AppiumServlet.handleHttpRequest(AppiumServlet.java:271)\n\tat io.appium.uiautomator2.http.ServerHandler.channelRead(ServerHandler.java:77)\n\tat io.netty.channel.AbstractChannelHandlerContext.invokeChannelRead(AbstractChannelHandlerContext.java:366)\n\tat io.netty.channel.Abstr...
&amp#27;[38;5;128m[W3C]&amp#27;[0m Matched W3C error code 'no such element' to NoSuchElementError
&amp#27;[38;5;32m[AndroidUiautomator2Driver@eaff (4037295b)]&amp#27;[0m Encountered internal error running command: NoSuchElementError: An element could not be located on the page using the given search parameters.
&amp#27;[38;5;32m[AndroidUiautomator2Driver@eaff (4037295b)]&amp#27;[0m     at AndroidUiautomator2Driver.findElOrEls (C:\Users\abuba\.appium\node_modules\appium-uiautomator2-driver\node_modules\appium-android-driver\lib\commands\find.ts:87:11)
&amp#27;[38;5;32m[AndroidUiautomator2Driver@eaff (4037295b)]&amp#27;[0m     at processTicksAndRejections (node:internal/process/task_queues:95:5)
&amp#27;[38;5;32m[AndroidUiautomator2Driver@eaff (4037295b)]&amp#27;[0m     at AndroidUiautomator2Driver.findElOrElsWithProcessing (C:\Users\abuba\AppData\Roaming\npm\node_modules\appium\node_modules\@appium\base-driver\lib\basedriver\commands\find.ts:60:12)
&amp#27;[38;5;32m[AndroidUiautomator2Driver@eaff (4037295b)]&amp#27;[0m     at AndroidUiautomator2Driver.findElement (C:\Users\abuba\AppData\Roaming\npm\node_modules\appium\node_modules\@appium\base-driver\lib\basedriver\commands\find.ts:75:12)
&amp#27;[38;5;0m[HTTP]&amp#27;[0m &amp#27;[37m<-- POST /session/4037295b-7194-4ab7-84c5-14c019768916/element &amp#27;[39m&amp#27;[33m404&amp#27;[39m &amp#27;[90m51 ms - 890&amp#27;[39m
&amp#27;[38;5;0m[HTTP]&amp#27;[0m &amp#27;[90m&amp#27;[39m
&amp#27;[38;5;0m[HTTP]&amp#27;[0m &amp#27;[37m-->&amp#27;[39m &amp#27;[37mPOST&amp#27;[39m &amp#27;[37m/session/4037295b-7194-4ab7-84c5-14c019768916/element&amp#27;[39m
&amp#27;[38;5;0m[HTTP]&amp#27;[0m &amp#27;[90m{"using":"xpath","value":"//android.view.View[@text='Today']"}&amp#27;[39m
&amp#27;[38;5;32m[AndroidUiautomator2Driver@eaff (4037295b)]&amp#27;[0m Calling AppiumDriver.findElement() with args: ["xpath","//android.view.View[@text='Today']","4037295b-7194-4ab7-84c5-14c019768916"]
&amp#27;[38;5;32m[AndroidUiautomator2Driver@eaff (4037295b)]&amp#27;[0m Valid locator strategies for this request: xpath, id, class name, accessibility id, css selector, -android uiautomator
&amp#27;[38;5;32m[AndroidUiautomator2Driver@eaff (4037295b)]&amp#27;[0m Waiting up to 0 ms for condition
&amp#27;[38;5;32m[AndroidUiautomator2Driver@eaff (4037295b)]&amp#27;[0m Matched '/element' to command name 'findElement'
&amp#27;[38;5;32m[AndroidUiautomator2Driver@eaff (4037295b)]&amp#27;[0m Proxying [POST /element] to [POST http://127.0.0.1:8200/session/ecd33067-7569-4d2e-9867-54d1b0baa116/element] with body: {"strategy":"xpath","selector":"//android.view.View[@text='Today']","context":"","multiple":false}
&amp#27;[38;5;32m[AndroidUiautomator2Driver@eaff (4037295b)]&amp#27;[0m Got response with status 404: {"sessionId":"ecd33067-7569-4d2e-9867-54d1b0baa116","value":{"error":"no such element","message":"An element could not be located on the page using the given search parameters","stacktrace":"io.appium.uiautomator2.common.exceptions.ElementNotFoundException: An element could not be located on the page using the given search parameters\n\tat io.appium.uiautomator2.utils.ElementLocationHelpers.findElement(ElementLocationHelpers.java:156)\n\tat io.appium.uiautomator2.handler.FindElement.safeHandle(FindElement.java:60)\n\tat io.appium.uiautomator2.handler.request.SafeRequestHandler.handle(SafeRequestHandler.java:59)\n\tat io.appium.uiautomator2.server.AppiumServlet.handleRequest(AppiumServlet.java:277)\n\tat io.appium.uiautomator2.server.AppiumServlet.handleHttpRequest(AppiumServlet.java:271)\n\tat io.appium.uiautomator2.http.ServerHandler.channelRead(ServerHandler.java:77)\n\tat io.netty.channel.AbstractChannelHandlerContext.invokeChannelRead(AbstractChannelHandlerContext.java:366)\n\tat io.netty.channel.Abstr...
&amp#27;[38;5;128m[W3C]&amp#27;[0m Matched W3C error code 'no such element' to NoSuchElementError
&amp#27;[38;5;32m[AndroidUiautomator2Driver@eaff (4037295b)]&amp#27;[0m Encountered internal error running command: NoSuchElementError: An element could not be located on the page using the given search parameters.
&amp#27;[38;5;32m[AndroidUiautomator2Driver@eaff (4037295b)]&amp#27;[0m     at AndroidUiautomator2Driver.findElOrEls (C:\Users\abuba\.appium\node_modules\appium-uiautomator2-driver\node_modules\appium-android-driver\lib\commands\find.ts:87:11)
&amp#27;[38;5;32m[AndroidUiautomator2Driver@eaff (4037295b)]&amp#27;[0m     at processTicksAndRejections (node:internal/process/task_queues:95:5)
&amp#27;[38;5;32m[AndroidUiautomator2Driver@eaff (4037295b)]&amp#27;[0m     at AndroidUiautomator2Driver.findElOrElsWithProcessing (C:\Users\abuba\AppData\Roaming\npm\node_modules\appium\node_modules\@appium\base-driver\lib\basedriver\commands\find.ts:60:12)
&amp#27;[38;5;32m[AndroidUiautomator2Driver@eaff (4037295b)]&amp#27;[0m     at AndroidUiautomator2Driver.findElement (C:\Users\abuba\AppData\Roaming\npm\node_modules\appium\node_modules\@appium\base-driver\lib\basedriver\commands\find.ts:75:12)
&amp#27;[38;5;0m[HTTP]&amp#27;[0m &amp#27;[37m<-- POST /session/4037295b-7194-4ab7-84c5-14c019768916/element &amp#27;[39m&amp#27;[33m404&amp#27;[39m &amp#27;[90m49 ms - 890&amp#27;[39m
&amp#27;[38;5;0m[HTTP]&amp#27;[0m &amp#27;[90m&amp#27;[39m
&amp#27;[38;5;0m[HTTP]&amp#27;[0m &amp#27;[37m-->&amp#27;[39m &amp#27;[37mPOST&amp#27;[39m &amp#27;[37m/session/4037295b-7194-4ab7-84c5-14c019768916/element&amp#27;[39m
&amp#27;[38;5;0m[HTTP]&amp#27;[0m &amp#27;[90m{"using":"xpath","value":"//android.view.View[@text='Today']"}&amp#27;[39m
&amp#27;[38;5;32m[AndroidUiautomator2Driver@eaff (4037295b)]&amp#27;[0m Calling AppiumDriver.findElement() with args: ["xpath","//android.view.View[@text='Today']","4037295b-7194-4ab7-84c5-14c019768916"]
&amp#27;[38;5;32m[AndroidUiautomator2Driver@eaff (4037295b)]&amp#27;[0m Valid locator strategies for this request: xpath, id, class name, accessibility id, css selector, -android uiautomator
&amp#27;[38;5;32m[AndroidUiautomator2Driver@eaff (4037295b)]&amp#27;[0m Waiting up to 0 ms for condition
&amp#27;[38;5;32m[AndroidUiautomator2Driver@eaff (4037295b)]&amp#27;[0m Matched '/element' to command name 'findElement'
&amp#27;[38;5;32m[AndroidUiautomator2Driver@eaff (4037295b)]&amp#27;[0m Proxying [POST /element] to [POST http://127.0.0.1:8200/session/ecd33067-7569-4d2e-9867-54d1b0baa116/element] with body: {"strategy":"xpath","selector":"//android.view.View[@text='Today']","context":"","multiple":false}
&amp#27;[38;5;32m[AndroidUiautomator2Driver@eaff (4037295b)]&amp#27;[0m Got response with status 404: {"sessionId":"ecd33067-7569-4d2e-9867-54d1b0baa116","value":{"error":"no such element","message":"An element could not be located on the page using the given search parameters","stacktrace":"io.appium.uiautomator2.common.exceptions.ElementNotFoundException: An element could not be located on the page using the given search parameters\n\tat io.appium.uiautomator2.utils.ElementLocationHelpers.findElement(ElementLocationHelpers.java:156)\n\tat io.appium.uiautomator2.handler.FindElement.safeHandle(FindElement.java:60)\n\tat io.appium.uiautomator2.handler.request.SafeRequestHandler.handle(SafeRequestHandler.java:59)\n\tat io.appium.uiautomator2.server.AppiumServlet.handleRequest(AppiumServlet.java:277)\n\tat io.appium.uiautomator2.server.AppiumServlet.handleHttpRequest(AppiumServlet.java:271)\n\tat io.appium.uiautomator2.http.ServerHandler.channelRead(ServerHandler.java:77)\n\tat io.netty.channel.AbstractChannelHandlerContext.invokeChannelRead(AbstractChannelHandlerContext.java:366)\n\tat io.netty.channel.Abstr...
&amp#27;[38;5;128m[W3C]&amp#27;[0m Matched W3C error code 'no such element' to NoSuchElementError
&amp#27;[38;5;32m[AndroidUiautomator2Driver@eaff (4037295b)]&amp#27;[0m Encountered internal error running command: NoSuchElementError: An element could not be located on the page using the given search parameters.
&amp#27;[38;5;32m[AndroidUiautomator2Driver@eaff (4037295b)]&amp#27;[0m     at AndroidUiautomator2Driver.findElOrEls (C:\Users\abuba\.appium\node_modules\appium-uiautomator2-driver\node_modules\appium-android-driver\lib\commands\find.ts:87:11)
&amp#27;[38;5;32m[AndroidUiautomator2Driver@eaff (4037295b)]&amp#27;[0m     at processTicksAndRejections (node:internal/process/task_queues:95:5)
&amp#27;[38;5;32m[AndroidUiautomator2Driver@eaff (4037295b)]&amp#27;[0m     at AndroidUiautomator2Driver.findElOrElsWithProcessing (C:\Users\abuba\AppData\Roaming\npm\node_modules\appium\node_modules\@appium\base-driver\lib\basedriver\commands\find.ts:60:12)
&amp#27;[38;5;32m[AndroidUiautomator2Driver@eaff (4037295b)]&amp#27;[0m     at AndroidUiautomator2Driver.findElement (C:\Users\abuba\AppData\Roaming\npm\node_modules\appium\node_modules\@appium\base-driver\lib\basedriver\commands\find.ts:75:12)
&amp#27;[38;5;0m[HTTP]&amp#27;[0m &amp#27;[37m<-- POST /session/4037295b-7194-4ab7-84c5-14c019768916/element &amp#27;[39m&amp#27;[33m404&amp#27;[39m &amp#27;[90m52 ms - 890&amp#27;[39m
&amp#27;[38;5;0m[HTTP]&amp#27;[0m &amp#27;[90m&amp#27;[39m
&amp#27;[38;5;0m[HTTP]&amp#27;[0m &amp#27;[37m-->&amp#27;[39m &amp#27;[37mPOST&amp#27;[39m &amp#27;[37m/session/4037295b-7194-4ab7-84c5-14c019768916/element&amp#27;[39m
&amp#27;[38;5;0m[HTTP]&amp#27;[0m &amp#27;[90m{"using":"xpath","value":"//android.view.View[@text='Today']"}&amp#27;[39m
&amp#27;[38;5;32m[AndroidUiautomator2Driver@eaff (4037295b)]&amp#27;[0m Calling AppiumDriver.findElement() with args: ["xpath","//android.view.View[@text='Today']","4037295b-7194-4ab7-84c5-14c019768916"]
&amp#27;[38;5;32m[AndroidUiautomator2Driver@eaff (4037295b)]&amp#27;[0m Valid locator strategies for this request: xpath, id, class name, accessibility id, css selector, -android uiautomator
&amp#27;[38;5;32m[AndroidUiautomator2Driver@eaff (4037295b)]&amp#27;[0m Waiting up to 0 ms for condition
&amp#27;[38;5;32m[AndroidUiautomator2Driver@eaff (4037295b)]&amp#27;[0m Matched '/element' to command name 'findElement'
&amp#27;[38;5;32m[AndroidUiautomator2Driver@eaff (4037295b)]&amp#27;[0m Proxying [POST /element] to [POST http://127.0.0.1:8200/session/ecd33067-7569-4d2e-9867-54d1b0baa116/element] with body: {"strategy":"xpath","selector":"//android.view.View[@text='Today']","context":"","multiple":false}
&amp#27;[38;5;32m[AndroidUiautomator2Driver@eaff (4037295b)]&amp#27;[0m Got response with status 404: {"sessionId":"ecd33067-7569-4d2e-9867-54d1b0baa116","value":{"error":"no such element","message":"An element could not be located on the page using the given search parameters","stacktrace":"io.appium.uiautomator2.common.exceptions.ElementNotFoundException: An element could not be located on the page using the given search parameters\n\tat io.appium.uiautomator2.utils.ElementLocationHelpers.findElement(ElementLocationHelpers.java:156)\n\tat io.appium.uiautomator2.handler.FindElement.safeHandle(FindElement.java:60)\n\tat io.appium.uiautomator2.handler.request.SafeRequestHandler.handle(SafeRequestHandler.java:59)\n\tat io.appium.uiautomator2.server.AppiumServlet.handleRequest(AppiumServlet.java:277)\n\tat io.appium.uiautomator2.server.AppiumServlet.handleHttpRequest(AppiumServlet.java:271)\n\tat io.appium.uiautomator2.http.ServerHandler.channelRead(ServerHandler.java:77)\n\tat io.netty.channel.AbstractChannelHandlerContext.invokeChannelRead(AbstractChannelHandlerContext.java:366)\n\tat io.netty.channel.Abstr...
&amp#27;[38;5;128m[W3C]&amp#27;[0m Matched W3C error code 'no such element' to NoSuchElementError
&amp#27;[38;5;32m[AndroidUiautomator2Driver@eaff (4037295b)]&amp#27;[0m Encountered internal error running command: NoSuchElementError: An element could not be located on the page using the given search parameters.
&amp#27;[38;5;32m[AndroidUiautomator2Driver@eaff (4037295b)]&amp#27;[0m     at AndroidUiautomator2Driver.findElOrEls (C:\Users\abuba\.appium\node_modules\appium-uiautomator2-driver\node_modules\appium-android-driver\lib\commands\find.ts:87:11)
&amp#27;[38;5;32m[AndroidUiautomator2Driver@eaff (4037295b)]&amp#27;[0m     at processTicksAndRejections (node:internal/process/task_queues:95:5)
&amp#27;[38;5;32m[AndroidUiautomator2Driver@eaff (4037295b)]&amp#27;[0m     at AndroidUiautomator2Driver.findElOrElsWithProcessing (C:\Users\abuba\AppData\Roaming\npm\node_modules\appium\node_modules\@appium\base-driver\lib\basedriver\commands\find.ts:60:12)
&amp#27;[38;5;32m[AndroidUiautomator2Driver@eaff (4037295b)]&amp#27;[0m     at AndroidUiautomator2Driver.findElement (C:\Users\abuba\AppData\Roaming\npm\node_modules\appium\node_modules\@appium\base-driver\lib\basedriver\commands\find.ts:75:12)
&amp#27;[38;5;0m[HTTP]&amp#27;[0m &amp#27;[37m<-- POST /session/4037295b-7194-4ab7-84c5-14c019768916/element &amp#27;[39m&amp#27;[33m404&amp#27;[39m &amp#27;[90m49 ms - 890&amp#27;[39m
&amp#27;[38;5;0m[HTTP]&amp#27;[0m &amp#27;[90m&amp#27;[39m
&amp#27;[38;5;0m[HTTP]&amp#27;[0m &amp#27;[37m-->&amp#27;[39m &amp#27;[37mPOST&amp#27;[39m &amp#27;[37m/session/4037295b-7194-4ab7-84c5-14c019768916/element&amp#27;[39m
&amp#27;[38;5;0m[HTTP]&amp#27;[0m &amp#27;[90m{"using":"xpath","value":"//android.view.View[@text='Today']"}&amp#27;[39m
&amp#27;[38;5;32m[AndroidUiautomator2Driver@eaff (4037295b)]&amp#27;[0m Calling AppiumDriver.findElement() with args: ["xpath","//android.view.View[@text='Today']","4037295b-7194-4ab7-84c5-14c019768916"]
&amp#27;[38;5;32m[AndroidUiautomator2Driver@eaff (4037295b)]&amp#27;[0m Valid locator strategies for this request: xpath, id, class name, accessibility id, css selector, -android uiautomator
&amp#27;[38;5;32m[AndroidUiautomator2Driver@eaff (4037295b)]&amp#27;[0m Waiting up to 0 ms for condition
&amp#27;[38;5;32m[AndroidUiautomator2Driver@eaff (4037295b)]&amp#27;[0m Matched '/element' to command name 'findElement'
&amp#27;[38;5;32m[AndroidUiautomator2Driver@eaff (4037295b)]&amp#27;[0m Proxying [POST /element] to [POST http://127.0.0.1:8200/session/ecd33067-7569-4d2e-9867-54d1b0baa116/element] with body: {"strategy":"xpath","selector":"//android.view.View[@text='Today']","context":"","multiple":false}
&amp#27;[38;5;32m[AndroidUiautomator2Driver@eaff (4037295b)]&amp#27;[0m Got response with status 404: {"sessionId":"ecd33067-7569-4d2e-9867-54d1b0baa116","value":{"error":"no such element","message":"An element could not be located on the page using the given search parameters","stacktrace":"io.appium.uiautomator2.common.exceptions.ElementNotFoundException: An element could not be located on the page using the given search parameters\n\tat io.appium.uiautomator2.utils.ElementLocationHelpers.findElement(ElementLocationHelpers.java:156)\n\tat io.appium.uiautomator2.handler.FindElement.safeHandle(FindElement.java:60)\n\tat io.appium.uiautomator2.handler.request.SafeRequestHandler.handle(SafeRequestHandler.java:59)\n\tat io.appium.uiautomator2.server.AppiumServlet.handleRequest(AppiumServlet.java:277)\n\tat io.appium.uiautomator2.server.AppiumServlet.handleHttpRequest(AppiumServlet.java:271)\n\tat io.appium.uiautomator2.http.ServerHandler.channelRead(ServerHandler.java:77)\n\tat io.netty.channel.AbstractChannelHandlerContext.invokeChannelRead(AbstractChannelHandlerContext.java:366)\n\tat io.netty.channel.Abstr...
&amp#27;[38;5;128m[W3C]&amp#27;[0m Matched W3C error code 'no such element' to NoSuchElementError
&amp#27;[38;5;32m[AndroidUiautomator2Driver@eaff (4037295b)]&amp#27;[0m Encountered internal error running command: NoSuchElementError: An element could not be located on the page using the given search parameters.
&amp#27;[38;5;32m[AndroidUiautomator2Driver@eaff (4037295b)]&amp#27;[0m     at AndroidUiautomator2Driver.findElOrEls (C:\Users\abuba\.appium\node_modules\appium-uiautomator2-driver\node_modules\appium-android-driver\lib\commands\find.ts:87:11)
&amp#27;[38;5;32m[AndroidUiautomator2Driver@eaff (4037295b)]&amp#27;[0m     at processTicksAndRejections (node:internal/process/task_queues:95:5)
&amp#27;[38;5;32m[AndroidUiautomator2Driver@eaff (4037295b)]&amp#27;[0m     at AndroidUiautomator2Driver.findElOrElsWithProcessing (C:\Users\abuba\AppData\Roaming\npm\node_modules\appium\node_modules\@appium\base-driver\lib\basedriver\commands\find.ts:60:12)
&amp#27;[38;5;32m[AndroidUiautomator2Driver@eaff (4037295b)]&amp#27;[0m     at AndroidUiautomator2Driver.findElement (C:\Users\abuba\AppData\Roaming\npm\node_modules\appium\node_modules\@appium\base-driver\lib\basedriver\commands\find.ts:75:12)
&amp#27;[38;5;0m[HTTP]&amp#27;[0m &amp#27;[37m<-- POST /session/4037295b-7194-4ab7-84c5-14c019768916/element &amp#27;[39m&amp#27;[33m404&amp#27;[39m &amp#27;[90m50 ms - 890&amp#27;[39m
&amp#27;[38;5;0m[HTTP]&amp#27;[0m &amp#27;[90m&amp#27;[39m
&amp#27;[38;5;0m[HTTP]&amp#27;[0m &amp#27;[37m-->&amp#27;[39m &amp#27;[37mPOST&amp#27;[39m &amp#27;[37m/session/4037295b-7194-4ab7-84c5-14c019768916/element&amp#27;[39m
&amp#27;[38;5;0m[HTTP]&amp#27;[0m &amp#27;[90m{"using":"xpath","value":"//android.view.View[@text='Today']"}&amp#27;[39m
&amp#27;[38;5;32m[AndroidUiautomator2Driver@eaff (4037295b)]&amp#27;[0m Calling AppiumDriver.findElement() with args: ["xpath","//android.view.View[@text='Today']","4037295b-7194-4ab7-84c5-14c019768916"]
&amp#27;[38;5;32m[AndroidUiautomator2Driver@eaff (4037295b)]&amp#27;[0m Valid locator strategies for this request: xpath, id, class name, accessibility id, css selector, -android uiautomator
&amp#27;[38;5;32m[AndroidUiautomator2Driver@eaff (4037295b)]&amp#27;[0m Waiting up to 0 ms for condition
&amp#27;[38;5;32m[AndroidUiautomator2Driver@eaff (4037295b)]&amp#27;[0m Matched '/element' to command name 'findElement'
&amp#27;[38;5;32m[AndroidUiautomator2Driver@eaff (4037295b)]&amp#27;[0m Proxying [POST /element] to [POST http://127.0.0.1:8200/session/ecd33067-7569-4d2e-9867-54d1b0baa116/element] with body: {"strategy":"xpath","selector":"//android.view.View[@text='Today']","context":"","multiple":false}
&amp#27;[38;5;32m[AndroidUiautomator2Driver@eaff (4037295b)]&amp#27;[0m Got response with status 404: {"sessionId":"ecd33067-7569-4d2e-9867-54d1b0baa116","value":{"error":"no such element","message":"An element could not be located on the page using the given search parameters","stacktrace":"io.appium.uiautomator2.common.exceptions.ElementNotFoundException: An element could not be located on the page using the given search parameters\n\tat io.appium.uiautomator2.utils.ElementLocationHelpers.findElement(ElementLocationHelpers.java:156)\n\tat io.appium.uiautomator2.handler.FindElement.safeHandle(FindElement.java:60)\n\tat io.appium.uiautomator2.handler.request.SafeRequestHandler.handle(SafeRequestHandler.java:59)\n\tat io.appium.uiautomator2.server.AppiumServlet.handleRequest(AppiumServlet.java:277)\n\tat io.appium.uiautomator2.server.AppiumServlet.handleHttpRequest(AppiumServlet.java:271)\n\tat io.appium.uiautomator2.http.ServerHandler.channelRead(ServerHandler.java:77)\n\tat io.netty.channel.AbstractChannelHandlerContext.invokeChannelRead(AbstractChannelHandlerContext.java:366)\n\tat io.netty.channel.Abstr...
&amp#27;[38;5;128m[W3C]&amp#27;[0m Matched W3C error code 'no such element' to NoSuchElementError
&amp#27;[38;5;32m[AndroidUiautomator2Driver@eaff (4037295b)]&amp#27;[0m Encountered internal error running command: NoSuchElementError: An element could not be located on the page using the given search parameters.
&amp#27;[38;5;32m[AndroidUiautomator2Driver@eaff (4037295b)]&amp#27;[0m     at AndroidUiautomator2Driver.findElOrEls (C:\Users\abuba\.appium\node_modules\appium-uiautomator2-driver\node_modules\appium-android-driver\lib\commands\find.ts:87:11)
&amp#27;[38;5;32m[AndroidUiautomator2Driver@eaff (4037295b)]&amp#27;[0m     at processTicksAndRejections (node:internal/process/task_queues:95:5)
&amp#27;[38;5;32m[AndroidUiautomator2Driver@eaff (4037295b)]&amp#27;[0m     at AndroidUiautomator2Driver.findElOrElsWithProcessing (C:\Users\abuba\AppData\Roaming\npm\node_modules\appium\node_modules\@appium\base-driver\lib\basedriver\commands\find.ts:60:12)
&amp#27;[38;5;32m[AndroidUiautomator2Driver@eaff (4037295b)]&amp#27;[0m     at AndroidUiautomator2Driver.findElement (C:\Users\abuba\AppData\Roaming\npm\node_modules\appium\node_modules\@appium\base-driver\lib\basedriver\commands\find.ts:75:12)
&amp#27;[38;5;0m[HTTP]&amp#27;[0m &amp#27;[37m<-- POST /session/4037295b-7194-4ab7-84c5-14c019768916/element &amp#27;[39m&amp#27;[33m404&amp#27;[39m &amp#27;[90m51 ms - 890&amp#27;[39m
&amp#27;[38;5;0m[HTTP]&amp#27;[0m &amp#27;[90m&amp#27;[39m
&amp#27;[38;5;0m[HTTP]&amp#27;[0m &amp#27;[37m-->&amp#27;[39m &amp#27;[37mPOST&amp#27;[39m &amp#27;[37m/session/4037295b-7194-4ab7-84c5-14c019768916/element&amp#27;[39m
&amp#27;[38;5;0m[HTTP]&amp#27;[0m &amp#27;[90m{"using":"xpath","value":"//android.view.View[@text='Today']"}&amp#27;[39m
&amp#27;[38;5;32m[AndroidUiautomator2Driver@eaff (4037295b)]&amp#27;[0m Calling AppiumDriver.findElement() with args: ["xpath","//android.view.View[@text='Today']","4037295b-7194-4ab7-84c5-14c019768916"]
&amp#27;[38;5;32m[AndroidUiautomator2Driver@eaff (4037295b)]&amp#27;[0m Valid locator strategies for this request: xpath, id, class name, accessibility id, css selector, -android uiautomator
&amp#27;[38;5;32m[AndroidUiautomator2Driver@eaff (4037295b)]&amp#27;[0m Waiting up to 0 ms for condition
&amp#27;[38;5;32m[AndroidUiautomator2Driver@eaff (4037295b)]&amp#27;[0m Matched '/element' to command name 'findElement'
&amp#27;[38;5;32m[AndroidUiautomator2Driver@eaff (4037295b)]&amp#27;[0m Proxying [POST /element] to [POST http://127.0.0.1:8200/session/ecd33067-7569-4d2e-9867-54d1b0baa116/element] with body: {"strategy":"xpath","selector":"//android.view.View[@text='Today']","context":"","multiple":false}
&amp#27;[38;5;32m[AndroidUiautomator2Driver@eaff (4037295b)]&amp#27;[0m Got response with status 404: {"sessionId":"ecd33067-7569-4d2e-9867-54d1b0baa116","value":{"error":"no such element","message":"An element could not be located on the page using the given search parameters","stacktrace":"io.appium.uiautomator2.common.exceptions.ElementNotFoundException: An element could not be located on the page using the given search parameters\n\tat io.appium.uiautomator2.utils.ElementLocationHelpers.findElement(ElementLocationHelpers.java:156)\n\tat io.appium.uiautomator2.handler.FindElement.safeHandle(FindElement.java:60)\n\tat io.appium.uiautomator2.handler.request.SafeRequestHandler.handle(SafeRequestHandler.java:59)\n\tat io.appium.uiautomator2.server.AppiumServlet.handleRequest(AppiumServlet.java:277)\n\tat io.appium.uiautomator2.server.AppiumServlet.handleHttpRequest(AppiumServlet.java:271)\n\tat io.appium.uiautomator2.http.ServerHandler.channelRead(ServerHandler.java:77)\n\tat io.netty.channel.AbstractChannelHandlerContext.invokeChannelRead(AbstractChannelHandlerContext.java:366)\n\tat io.netty.channel.Abstr...
&amp#27;[38;5;128m[W3C]&amp#27;[0m Matched W3C error code 'no such element' to NoSuchElementError
&amp#27;[38;5;32m[AndroidUiautomator2Driver@eaff (4037295b)]&amp#27;[0m Encountered internal error running command: NoSuchElementError: An element could not be located on the page using the given search parameters.
&amp#27;[38;5;32m[AndroidUiautomator2Driver@eaff (4037295b)]&amp#27;[0m     at AndroidUiautomator2Driver.findElOrEls (C:\Users\abuba\.appium\node_modules\appium-uiautomator2-driver\node_modules\appium-android-driver\lib\commands\find.ts:87:11)
&amp#27;[38;5;32m[AndroidUiautomator2Driver@eaff (4037295b)]&amp#27;[0m     at processTicksAndRejections (node:internal/process/task_queues:95:5)
&amp#27;[38;5;32m[AndroidUiautomator2Driver@eaff (4037295b)]&amp#27;[0m     at AndroidUiautomator2Driver.findElOrElsWithProcessing (C:\Users\abuba\AppData\Roaming\npm\node_modules\appium\node_modules\@appium\base-driver\lib\basedriver\commands\find.ts:60:12)
&amp#27;[38;5;32m[AndroidUiautomator2Driver@eaff (4037295b)]&amp#27;[0m     at AndroidUiautomator2Driver.findElement (C:\Users\abuba\AppData\Roaming\npm\node_modules\appium\node_modules\@appium\base-driver\lib\basedriver\commands\find.ts:75:12)
&amp#27;[38;5;0m[HTTP]&amp#27;[0m &amp#27;[37m<-- POST /session/4037295b-7194-4ab7-84c5-14c019768916/element &amp#27;[39m&amp#27;[33m404&amp#27;[39m &amp#27;[90m47 ms - 890&amp#27;[39m
&amp#27;[38;5;0m[HTTP]&amp#27;[0m &amp#27;[90m&amp#27;[39m
&amp#27;[38;5;0m[HTTP]&amp#27;[0m &amp#27;[37m-->&amp#27;[39m &amp#27;[37mPOST&amp#27;[39m &amp#27;[37m/session/4037295b-7194-4ab7-84c5-14c019768916/element&amp#27;[39m
&amp#27;[38;5;0m[HTTP]&amp#27;[0m &amp#27;[90m{"using":"xpath","value":"//android.view.View[@text='Today']"}&amp#27;[39m
&amp#27;[38;5;32m[AndroidUiautomator2Driver@eaff (4037295b)]&amp#27;[0m Calling AppiumDriver.findElement() with args: ["xpath","//android.view.View[@text='Today']","4037295b-7194-4ab7-84c5-14c019768916"]
&amp#27;[38;5;32m[AndroidUiautomator2Driver@eaff (4037295b)]&amp#27;[0m Valid locator strategies for this request: xpath, id, class name, accessibility id, css selector, -android uiautomator
&amp#27;[38;5;32m[AndroidUiautomator2Driver@eaff (4037295b)]&amp#27;[0m Waiting up to 0 ms for condition
&amp#27;[38;5;32m[AndroidUiautomator2Driver@eaff (4037295b)]&amp#27;[0m Matched '/element' to command name 'findElement'
&amp#27;[38;5;32m[AndroidUiautomator2Driver@eaff (4037295b)]&amp#27;[0m Proxying [POST /element] to [POST http://127.0.0.1:8200/session/ecd33067-7569-4d2e-9867-54d1b0baa116/element] with body: {"strategy":"xpath","selector":"//android.view.View[@text='Today']","context":"","multiple":false}
&amp#27;[38;5;32m[AndroidUiautomator2Driver@eaff (4037295b)]&amp#27;[0m Got response with status 404: {"sessionId":"ecd33067-7569-4d2e-9867-54d1b0baa116","value":{"error":"no such element","message":"An element could not be located on the page using the given search parameters","stacktrace":"io.appium.uiautomator2.common.exceptions.ElementNotFoundException: An element could not be located on the page using the given search parameters\n\tat io.appium.uiautomator2.utils.ElementLocationHelpers.findElement(ElementLocationHelpers.java:156)\n\tat io.appium.uiautomator2.handler.FindElement.safeHandle(FindElement.java:60)\n\tat io.appium.uiautomator2.handler.request.SafeRequestHandler.handle(SafeRequestHandler.java:59)\n\tat io.appium.uiautomator2.server.AppiumServlet.handleRequest(AppiumServlet.java:277)\n\tat io.appium.uiautomator2.server.AppiumServlet.handleHttpRequest(AppiumServlet.java:271)\n\tat io.appium.uiautomator2.http.ServerHandler.channelRead(ServerHandler.java:77)\n\tat io.netty.channel.AbstractChannelHandlerContext.invokeChannelRead(AbstractChannelHandlerContext.java:366)\n\tat io.netty.channel.Abstr...
&amp#27;[38;5;128m[W3C]&amp#27;[0m Matched W3C error code 'no such element' to NoSuchElementError
&amp#27;[38;5;32m[AndroidUiautomator2Driver@eaff (4037295b)]&amp#27;[0m Encountered internal error running command: NoSuchElementError: An element could not be located on the page using the given search parameters.
&amp#27;[38;5;32m[AndroidUiautomator2Driver@eaff (4037295b)]&amp#27;[0m     at AndroidUiautomator2Driver.findElOrEls (C:\Users\abuba\.appium\node_modules\appium-uiautomator2-driver\node_modules\appium-android-driver\lib\commands\find.ts:87:11)
&amp#27;[38;5;32m[AndroidUiautomator2Driver@eaff (4037295b)]&amp#27;[0m     at processTicksAndRejections (node:internal/process/task_queues:95:5)
&amp#27;[38;5;32m[AndroidUiautomator2Driver@eaff (4037295b)]&amp#27;[0m     at AndroidUiautomator2Driver.findElOrElsWithProcessing (C:\Users\abuba\AppData\Roaming\npm\node_modules\appium\node_modules\@appium\base-driver\lib\basedriver\commands\find.ts:60:12)
&amp#27;[38;5;32m[AndroidUiautomator2Driver@eaff (4037295b)]&amp#27;[0m     at AndroidUiautomator2Driver.findElement (C:\Users\abuba\AppData\Roaming\npm\node_modules\appium\node_modules\@appium\base-driver\lib\basedriver\commands\find.ts:75:12)
&amp#27;[38;5;0m[HTTP]&amp#27;[0m &amp#27;[37m<-- POST /session/4037295b-7194-4ab7-84c5-14c019768916/element &amp#27;[39m&amp#27;[33m404&amp#27;[39m &amp#27;[90m48 ms - 890&amp#27;[39m
&amp#27;[38;5;0m[HTTP]&amp#27;[0m &amp#27;[90m&amp#27;[39m
&amp#27;[38;5;0m[HTTP]&amp#27;[0m &amp#27;[37m-->&amp#27;[39m &amp#27;[37mPOST&amp#27;[39m &amp#27;[37m/session/4037295b-7194-4ab7-84c5-14c019768916/element&amp#27;[39m
&amp#27;[38;5;0m[HTTP]&amp#27;[0m &amp#27;[90m{"using":"xpath","value":"//android.view.View[@text='Today']"}&amp#27;[39m
&amp#27;[38;5;32m[AndroidUiautomator2Driver@eaff (4037295b)]&amp#27;[0m Calling AppiumDriver.findElement() with args: ["xpath","//android.view.View[@text='Today']","4037295b-7194-4ab7-84c5-14c019768916"]
&amp#27;[38;5;32m[AndroidUiautomator2Driver@eaff (4037295b)]&amp#27;[0m Valid locator strategies for this request: xpath, id, class name, accessibility id, css selector, -android uiautomator
&amp#27;[38;5;32m[AndroidUiautomator2Driver@eaff (4037295b)]&amp#27;[0m Waiting up to 0 ms for condition
&amp#27;[38;5;32m[AndroidUiautomator2Driver@eaff (4037295b)]&amp#27;[0m Matched '/element' to command name 'findElement'
&amp#27;[38;5;32m[AndroidUiautomator2Driver@eaff (4037295b)]&amp#27;[0m Proxying [POST /element] to [POST http://127.0.0.1:8200/session/ecd33067-7569-4d2e-9867-54d1b0baa116/element] with body: {"strategy":"xpath","selector":"//android.view.View[@text='Today']","context":"","multiple":false}
&amp#27;[38;5;32m[AndroidUiautomator2Driver@eaff (4037295b)]&amp#27;[0m Got response with status 404: {"sessionId":"ecd33067-7569-4d2e-9867-54d1b0baa116","value":{"error":"no such element","message":"An element could not be located on the page using the given search parameters","stacktrace":"io.appium.uiautomator2.common.exceptions.ElementNotFoundException: An element could not be located on the page using the given search parameters\n\tat io.appium.uiautomator2.utils.ElementLocationHelpers.findElement(ElementLocationHelpers.java:156)\n\tat io.appium.uiautomator2.handler.FindElement.safeHandle(FindElement.java:60)\n\tat io.appium.uiautomator2.handler.request.SafeRequestHandler.handle(SafeRequestHandler.java:59)\n\tat io.appium.uiautomator2.server.AppiumServlet.handleRequest(AppiumServlet.java:277)\n\tat io.appium.uiautomator2.server.AppiumServlet.handleHttpRequest(AppiumServlet.java:271)\n\tat io.appium.uiautomator2.http.ServerHandler.channelRead(ServerHandler.java:77)\n\tat io.netty.channel.AbstractChannelHandlerContext.invokeChannelRead(AbstractChannelHandlerContext.java:366)\n\tat io.netty.channel.Abstr...
&amp#27;[38;5;128m[W3C]&amp#27;[0m Matched W3C error code 'no such element' to NoSuchElementError
&amp#27;[38;5;32m[AndroidUiautomator2Driver@eaff (4037295b)]&amp#27;[0m Encountered internal error running command: NoSuchElementError: An element could not be located on the page using the given search parameters.
&amp#27;[38;5;32m[AndroidUiautomator2Driver@eaff (4037295b)]&amp#27;[0m     at AndroidUiautomator2Driver.findElOrEls (C:\Users\abuba\.appium\node_modules\appium-uiautomator2-driver\node_modules\appium-android-driver\lib\commands\find.ts:87:11)
&amp#27;[38;5;32m[AndroidUiautomator2Driver@eaff (4037295b)]&amp#27;[0m     at processTicksAndRejections (node:internal/process/task_queues:95:5)
&amp#27;[38;5;32m[AndroidUiautomator2Driver@eaff (4037295b)]&amp#27;[0m     at AndroidUiautomator2Driver.findElOrElsWithProcessing (C:\Users\abuba\AppData\Roaming\npm\node_modules\appium\node_modules\@appium\base-driver\lib\basedriver\commands\find.ts:60:12)
&amp#27;[38;5;32m[AndroidUiautomator2Driver@eaff (4037295b)]&amp#27;[0m     at AndroidUiautomator2Driver.findElement (C:\Users\abuba\AppData\Roaming\npm\node_modules\appium\node_modules\@appium\base-driver\lib\basedriver\commands\find.ts:75:12)
&amp#27;[38;5;0m[HTTP]&amp#27;[0m &amp#27;[37m<-- POST /session/4037295b-7194-4ab7-84c5-14c019768916/element &amp#27;[39m&amp#27;[33m404&amp#27;[39m &amp#27;[90m53 ms - 890&amp#27;[39m
&amp#27;[38;5;0m[HTTP]&amp#27;[0m &amp#27;[90m&amp#27;[39m
&amp#27;[38;5;0m[HTTP]&amp#27;[0m &amp#27;[37m-->&amp#27;[39m &amp#27;[37mPOST&amp#27;[39m &amp#27;[37m/session/4037295b-7194-4ab7-84c5-14c019768916/element&amp#27;[39m
&amp#27;[38;5;0m[HTTP]&amp#27;[0m &amp#27;[90m{"using":"xpath","value":"//android.view.View[@text='Today']"}&amp#27;[39m
&amp#27;[38;5;32m[AndroidUiautomator2Driver@eaff (4037295b)]&amp#27;[0m Calling AppiumDriver.findElement() with args: ["xpath","//android.view.View[@text='Today']","4037295b-7194-4ab7-84c5-14c019768916"]
&amp#27;[38;5;32m[AndroidUiautomator2Driver@eaff (4037295b)]&amp#27;[0m Valid locator strategies for this request: xpath, id, class name, accessibility id, css selector, -android uiautomator
&amp#27;[38;5;32m[AndroidUiautomator2Driver@eaff (4037295b)]&amp#27;[0m Waiting up to 0 ms for condition
&amp#27;[38;5;32m[AndroidUiautomator2Driver@eaff (4037295b)]&amp#27;[0m Matched '/element' to command name 'findElement'
&amp#27;[38;5;32m[AndroidUiautomator2Driver@eaff (4037295b)]&amp#27;[0m Proxying [POST /element] to [POST http://127.0.0.1:8200/session/ecd33067-7569-4d2e-9867-54d1b0baa116/element] with body: {"strategy":"xpath","selector":"//android.view.View[@text='Today']","context":"","multiple":false}
&amp#27;[38;5;32m[AndroidUiautomator2Driver@eaff (4037295b)]&amp#27;[0m Got response with status 200: {"sessionId":"ecd33067-7569-4d2e-9867-54d1b0baa116","value":{"ELEMENT":"00000000-0000-0035-0000-001b00000004","element-6066-11e4-a52e-4f735466cecf":"00000000-0000-0035-0000-001b00000004"}}
&amp#27;[38;5;32m[AndroidUiautomator2Driver@eaff (4037295b)]&amp#27;[0m Responding to client with driver.findElement() result: {"element-6066-11e4-a52e-4f735466cecf":"00000000-0000-0035-0000-001b00000004","ELEMENT":"00000000-0000-0035-0000-001b00000004"}
&amp#27;[38;5;0m[HTTP]&amp#27;[0m &amp#27;[37m<-- POST /session/4037295b-7194-4ab7-84c5-14c019768916/element &amp#27;[39m&amp#27;[32m200&amp#27;[39m &amp#27;[90m580 ms - 137&amp#27;[39m
&amp#27;[38;5;0m[HTTP]&amp#27;[0m &amp#27;[90m&amp#27;[39m
&amp#27;[38;5;0m[HTTP]&amp#27;[0m &amp#27;[37m-->&amp#27;[39m &amp#27;[37mGET&amp#27;[39m &amp#27;[37m/session/4037295b-7194-4ab7-84c5-14c019768916/element/00000000-0000-0035-0000-001b00000004/displayed&amp#27;[39m
&amp#27;[38;5;0m[HTTP]&amp#27;[0m &amp#27;[90m{}&amp#27;[39m
&amp#27;[38;5;32m[AndroidUiautomator2Driver@eaff (4037295b)]&amp#27;[0m Calling AppiumDriver.elementDisplayed() with args: ["00000000-0000-0035-0000-001b00000004","4037295b-7194-4ab7-84c5-14c019768916"]
&amp#27;[38;5;32m[AndroidUiautomator2Driver@eaff (4037295b)]&amp#27;[0m Matched '/element/00000000-0000-0035-0000-001b00000004/attribute/displayed' to command name 'getAttribute'
&amp#27;[38;5;32m[AndroidUiautomator2Driver@eaff (4037295b)]&amp#27;[0m Proxying [GET /element/00000000-0000-0035-0000-001b00000004/attribute/displayed] to [GET http://127.0.0.1:8200/session/ecd33067-7569-4d2e-9867-54d1b0baa116/element/00000000-0000-0035-0000-001b00000004/attribute/displayed] with no body
&amp#27;[38;5;32m[AndroidUiautomator2Driver@eaff (4037295b)]&amp#27;[0m Got response with status 200: {"sessionId":"ecd33067-7569-4d2e-9867-54d1b0baa116","value":"true"}
&amp#27;[38;5;32m[AndroidUiautomator2Driver@eaff (4037295b)]&amp#27;[0m Responding to client with driver.elementDisplayed() result: true
&amp#27;[38;5;0m[HTTP]&amp#27;[0m &amp#27;[37m<-- GET /session/4037295b-7194-4ab7-84c5-14c019768916/element/00000000-0000-0035-0000-001b00000004/displayed &amp#27;[39m&amp#27;[32m200&amp#27;[39m &amp#27;[90m12 ms - 14&amp#27;[39m
&amp#27;[38;5;0m[HTTP]&amp#27;[0m &amp#27;[90m&amp#27;[39m
&amp#27;[38;5;0m[HTTP]&amp#27;[0m &amp#27;[37m-->&amp#27;[39m &amp#27;[37mPOST&amp#27;[39m &amp#27;[37m/session/4037295b-7194-4ab7-84c5-14c019768916/element&amp#27;[39m
&amp#27;[38;5;0m[HTTP]&amp#27;[0m &amp#27;[90m{"using":"xpath","value":"//android.view.View[@text='Today']"}&amp#27;[39m
&amp#27;[38;5;32m[AndroidUiautomator2Driver@eaff (4037295b)]&amp#27;[0m Calling AppiumDriver.findElement() with args: ["xpath","//android.view.View[@text='Today']","4037295b-7194-4ab7-84c5-14c019768916"]
&amp#27;[38;5;32m[AndroidUiautomator2Driver@eaff (4037295b)]&amp#27;[0m Valid locator strategies for this request: xpath, id, class name, accessibility id, css selector, -android uiautomator
&amp#27;[38;5;32m[AndroidUiautomator2Driver@eaff (4037295b)]&amp#27;[0m Waiting up to 0 ms for condition
&amp#27;[38;5;32m[AndroidUiautomator2Driver@eaff (4037295b)]&amp#27;[0m Matched '/element' to command name 'findElement'
&amp#27;[38;5;32m[AndroidUiautomator2Driver@eaff (4037295b)]&amp#27;[0m Proxying [POST /element] to [POST http://127.0.0.1:8200/session/ecd33067-7569-4d2e-9867-54d1b0baa116/element] with body: {"strategy":"xpath","selector":"//android.view.View[@text='Today']","context":"","multiple":false}
&amp#27;[38;5;32m[AndroidUiautomator2Driver@eaff (4037295b)]&amp#27;[0m Got response with status 200: {"sessionId":"ecd33067-7569-4d2e-9867-54d1b0baa116","value":{"ELEMENT":"00000000-0000-0035-0000-001b00000004","element-6066-11e4-a52e-4f735466cecf":"00000000-0000-0035-0000-001b00000004"}}
&amp#27;[38;5;32m[AndroidUiautomator2Driver@eaff (4037295b)]&amp#27;[0m Responding to client with driver.findElement() result: {"element-6066-11e4-a52e-4f735466cecf":"00000000-0000-0035-0000-001b00000004","ELEMENT":"00000000-0000-0035-0000-001b00000004"}
&amp#27;[38;5;0m[HTTP]&amp#27;[0m &amp#27;[37m<-- POST /session/4037295b-7194-4ab7-84c5-14c019768916/element &amp#27;[39m&amp#27;[32m200&amp#27;[39m &amp#27;[90m125 ms - 137&amp#27;[39m
&amp#27;[38;5;0m[HTTP]&amp#27;[0m &amp#27;[90m&amp#27;[39m
&amp#27;[38;5;0m[HTTP]&amp#27;[0m &amp#27;[37m-->&amp#27;[39m &amp#27;[37mPOST&amp#27;[39m &amp#27;[37m/session/4037295b-7194-4ab7-84c5-14c019768916/element&amp#27;[39m
&amp#27;[38;5;0m[HTTP]&amp#27;[0m &amp#27;[90m{"using":"xpath","value":"//android.view.View[@text='Today']"}&amp#27;[39m
&amp#27;[38;5;32m[AndroidUiautomator2Driver@eaff (4037295b)]&amp#27;[0m Calling AppiumDriver.findElement() with args: ["xpath","//android.view.View[@text='Today']","4037295b-7194-4ab7-84c5-14c019768916"]
&amp#27;[38;5;32m[AndroidUiautomator2Driver@eaff (4037295b)]&amp#27;[0m Valid locator strategies for this request: xpath, id, class name, accessibility id, css selector, -android uiautomator
&amp#27;[38;5;32m[AndroidUiautomator2Driver@eaff (4037295b)]&amp#27;[0m Waiting up to 0 ms for condition
&amp#27;[38;5;32m[AndroidUiautomator2Driver@eaff (4037295b)]&amp#27;[0m Matched '/element' to command name 'findElement'
&amp#27;[38;5;32m[AndroidUiautomator2Driver@eaff (4037295b)]&amp#27;[0m Proxying [POST /element] to [POST http://127.0.0.1:8200/session/ecd33067-7569-4d2e-9867-54d1b0baa116/element] with body: {"strategy":"xpath","selector":"//android.view.View[@text='Today']","context":"","multiple":false}
&amp#27;[38;5;32m[AndroidUiautomator2Driver@eaff (4037295b)]&amp#27;[0m Got response with status 200: {"sessionId":"ecd33067-7569-4d2e-9867-54d1b0baa116","value":{"ELEMENT":"00000000-0000-0035-0000-001b00000004","element-6066-11e4-a52e-4f735466cecf":"00000000-0000-0035-0000-001b00000004"}}
&amp#27;[38;5;32m[AndroidUiautomator2Driver@eaff (4037295b)]&amp#27;[0m Responding to client with driver.findElement() result: {"element-6066-11e4-a52e-4f735466cecf":"00000000-0000-0035-0000-001b00000004","ELEMENT":"00000000-0000-0035-0000-001b00000004"}
&amp#27;[38;5;0m[HTTP]&amp#27;[0m &amp#27;[37m<-- POST /session/4037295b-7194-4ab7-84c5-14c019768916/element &amp#27;[39m&amp#27;[32m200&amp#27;[39m &amp#27;[90m129 ms - 137&amp#27;[39m
&amp#27;[38;5;0m[HTTP]&amp#27;[0m &amp#27;[90m&amp#27;[39m
&amp#27;[38;5;0m[HTTP]&amp#27;[0m &amp#27;[37m-->&amp#27;[39m &amp#27;[37mGET&amp#27;[39m &amp#27;[37m/session/4037295b-7194-4ab7-84c5-14c019768916/element/00000000-0000-0035-0000-001b00000004/text&amp#27;[39m
&amp#27;[38;5;0m[HTTP]&amp#27;[0m &amp#27;[90m{}&amp#27;[39m
&amp#27;[38;5;32m[AndroidUiautomator2Driver@eaff (4037295b)]&amp#27;[0m Driver proxy active, passing request on via HTTP proxy
&amp#27;[38;5;32m[AndroidUiautomator2Driver@eaff (4037295b)]&amp#27;[0m Matched '/session/4037295b-7194-4ab7-84c5-14c019768916/element/00000000-0000-0035-0000-001b00000004/text' to command name 'getText'
&amp#27;[38;5;32m[AndroidUiautomator2Driver@eaff (4037295b)]&amp#27;[0m Proxying [GET /session/4037295b-7194-4ab7-84c5-14c019768916/element/00000000-0000-0035-0000-001b00000004/text] to [GET http://127.0.0.1:8200/session/ecd33067-7569-4d2e-9867-54d1b0baa116/element/00000000-0000-0035-0000-001b00000004/text] with no body
&amp#27;[38;5;32m[AndroidUiautomator2Driver@eaff (4037295b)]&amp#27;[0m Got response with status 200: {"sessionId":"ecd33067-7569-4d2e-9867-54d1b0baa116","value":"Today"}
&amp#27;[38;5;32m[AndroidUiautomator2Driver@eaff (4037295b)]&amp#27;[0m Replacing sessionId ecd33067-7569-4d2e-9867-54d1b0baa116 with 4037295b-7194-4ab7-84c5-14c019768916
&amp#27;[38;5;0m[HTTP]&amp#27;[0m &amp#27;[37m<-- GET /session/4037295b-7194-4ab7-84c5-14c019768916/element/00000000-0000-0035-0000-001b00000004/text &amp#27;[39m&amp#27;[32m200&amp#27;[39m &amp#27;[90m14 ms - 68&amp#27;[39m
&amp#27;[38;5;0m[HTTP]&amp#27;[0m &amp#27;[90m&amp#27;[39m
&amp#27;[38;5;0m[HTTP]&amp#27;[0m &amp#27;[37m-->&amp#27;[39m &amp#27;[37mPOST&amp#27;[39m &amp#27;[37m/session/4037295b-7194-4ab7-84c5-14c019768916/element&amp#27;[39m
&amp#27;[38;5;0m[HTTP]&amp#27;[0m &amp#27;[90m{"using":"xpath","value":"//android.view.ViewGroup/android.view.View/android.view.View/android.view.View/android.view.View[2]/android.view.View[1]"}&amp#27;[39m
&amp#27;[38;5;32m[AndroidUiautomator2Driver@eaff (4037295b)]&amp#27;[0m Calling AppiumDriver.findElement() with args: ["xpath","//android.view.ViewGroup/android.view.View/android.view.View/android.view.View/android.view.View[2]/android.view.View[1]","4037295b-7194-4ab7-84c5-14c019768916"]
&amp#27;[38;5;32m[AndroidUiautomator2Driver@eaff (4037295b)]&amp#27;[0m Valid locator strategies for this request: xpath, id, class name, accessibility id, css selector, -android uiautomator
&amp#27;[38;5;32m[AndroidUiautomator2Driver@eaff (4037295b)]&amp#27;[0m Waiting up to 0 ms for condition
&amp#27;[38;5;32m[AndroidUiautomator2Driver@eaff (4037295b)]&amp#27;[0m Matched '/element' to command name 'findElement'
&amp#27;[38;5;32m[AndroidUiautomator2Driver@eaff (4037295b)]&amp#27;[0m Proxying [POST /element] to [POST http://127.0.0.1:8200/session/ecd33067-7569-4d2e-9867-54d1b0baa116/element] with body: {"strategy":"xpath","selector":"//android.view.ViewGroup/android.view.View/android.view.View/android.view.View/android.view.View[2]/android.view.View[1]","context":"","multiple":false}
&amp#27;[38;5;32m[AndroidUiautomator2Driver@eaff (4037295b)]&amp#27;[0m Got response with status 200: {"sessionId":"ecd33067-7569-4d2e-9867-54d1b0baa116","value":{"ELEMENT":"00000000-0000-0035-0000-001200000004","element-6066-11e4-a52e-4f735466cecf":"00000000-0000-0035-0000-001200000004"}}
&amp#27;[38;5;32m[AndroidUiautomator2Driver@eaff (4037295b)]&amp#27;[0m Responding to client with driver.findElement() result: {"element-6066-11e4-a52e-4f735466cecf":"00000000-0000-0035-0000-001200000004","ELEMENT":"00000000-0000-0035-0000-001200000004"}
&amp#27;[38;5;0m[HTTP]&amp#27;[0m &amp#27;[37m<-- POST /session/4037295b-7194-4ab7-84c5-14c019768916/element &amp#27;[39m&amp#27;[32m200&amp#27;[39m &amp#27;[90m122 ms - 137&amp#27;[39m
&amp#27;[38;5;0m[HTTP]&amp#27;[0m &amp#27;[90m&amp#27;[39m
&amp#27;[38;5;0m[HTTP]&amp#27;[0m &amp#27;[37m-->&amp#27;[39m &amp#27;[37mGET&amp#27;[39m &amp#27;[37m/session/4037295b-7194-4ab7-84c5-14c019768916/element/00000000-0000-0035-0000-001200000004/displayed&amp#27;[39m
&amp#27;[38;5;0m[HTTP]&amp#27;[0m &amp#27;[90m{}&amp#27;[39m
&amp#27;[38;5;32m[AndroidUiautomator2Driver@eaff (4037295b)]&amp#27;[0m Calling AppiumDriver.elementDisplayed() with args: ["00000000-0000-0035-0000-001200000004","4037295b-7194-4ab7-84c5-14c019768916"]
&amp#27;[38;5;32m[AndroidUiautomator2Driver@eaff (4037295b)]&amp#27;[0m Matched '/element/00000000-0000-0035-0000-001200000004/attribute/displayed' to command name 'getAttribute'
&amp#27;[38;5;32m[AndroidUiautomator2Driver@eaff (4037295b)]&amp#27;[0m Proxying [GET /element/00000000-0000-0035-0000-001200000004/attribute/displayed] to [GET http://127.0.0.1:8200/session/ecd33067-7569-4d2e-9867-54d1b0baa116/element/00000000-0000-0035-0000-001200000004/attribute/displayed] with no body
&amp#27;[38;5;32m[AndroidUiautomator2Driver@eaff (4037295b)]&amp#27;[0m Got response with status 200: {"sessionId":"ecd33067-7569-4d2e-9867-54d1b0baa116","value":"true"}
&amp#27;[38;5;32m[AndroidUiautomator2Driver@eaff (4037295b)]&amp#27;[0m Responding to client with driver.elementDisplayed() result: true
&amp#27;[38;5;0m[HTTP]&amp#27;[0m &amp#27;[37m<-- GET /session/4037295b-7194-4ab7-84c5-14c019768916/element/00000000-0000-0035-0000-001200000004/displayed &amp#27;[39m&amp#27;[32m200&amp#27;[39m &amp#27;[90m10 ms - 14&amp#27;[39m
&amp#27;[38;5;0m[HTTP]&amp#27;[0m &amp#27;[90m&amp#27;[39m
&amp#27;[38;5;0m[HTTP]&amp#27;[0m &amp#27;[37m-->&amp#27;[39m &amp#27;[37mPOST&amp#27;[39m &amp#27;[37m/session/4037295b-7194-4ab7-84c5-14c019768916/element&amp#27;[39m
&amp#27;[38;5;0m[HTTP]&amp#27;[0m &amp#27;[90m{"using":"xpath","value":"//android.view.ViewGroup/android.view.View/android.view.View/android.view.View/android.view.View[2]/android.view.View[1]"}&amp#27;[39m
&amp#27;[38;5;32m[AndroidUiautomator2Driver@eaff (4037295b)]&amp#27;[0m Calling AppiumDriver.findElement() with args: ["xpath","//android.view.ViewGroup/android.view.View/android.view.View/android.view.View/android.view.View[2]/android.view.View[1]","4037295b-7194-4ab7-84c5-14c019768916"]
&amp#27;[38;5;32m[AndroidUiautomator2Driver@eaff (4037295b)]&amp#27;[0m Valid locator strategies for this request: xpath, id, class name, accessibility id, css selector, -android uiautomator
&amp#27;[38;5;32m[AndroidUiautomator2Driver@eaff (4037295b)]&amp#27;[0m Waiting up to 0 ms for condition
&amp#27;[38;5;32m[AndroidUiautomator2Driver@eaff (4037295b)]&amp#27;[0m Matched '/element' to command name 'findElement'
&amp#27;[38;5;32m[AndroidUiautomator2Driver@eaff (4037295b)]&amp#27;[0m Proxying [POST /element] to [POST http://127.0.0.1:8200/session/ecd33067-7569-4d2e-9867-54d1b0baa116/element] with body: {"strategy":"xpath","selector":"//android.view.ViewGroup/android.view.View/android.view.View/android.view.View/android.view.View[2]/android.view.View[1]","context":"","multiple":false}
&amp#27;[38;5;32m[AndroidUiautomator2Driver@eaff (4037295b)]&amp#27;[0m Got response with status 200: {"sessionId":"ecd33067-7569-4d2e-9867-54d1b0baa116","value":{"ELEMENT":"00000000-0000-0035-0000-001200000004","element-6066-11e4-a52e-4f735466cecf":"00000000-0000-0035-0000-001200000004"}}
&amp#27;[38;5;32m[AndroidUiautomator2Driver@eaff (4037295b)]&amp#27;[0m Responding to client with driver.findElement() result: {"element-6066-11e4-a52e-4f735466cecf":"00000000-0000-0035-0000-001200000004","ELEMENT":"00000000-0000-0035-0000-001200000004"}
&amp#27;[38;5;0m[HTTP]&amp#27;[0m &amp#27;[37m<-- POST /session/4037295b-7194-4ab7-84c5-14c019768916/element &amp#27;[39m&amp#27;[32m200&amp#27;[39m &amp#27;[90m109 ms - 137&amp#27;[39m
&amp#27;[38;5;0m[HTTP]&amp#27;[0m &amp#27;[90m&amp#27;[39m
&amp#27;[38;5;0m[HTTP]&amp#27;[0m &amp#27;[37m-->&amp#27;[39m &amp#27;[37mPOST&amp#27;[39m &amp#27;[37m/session/4037295b-7194-4ab7-84c5-14c019768916/element&amp#27;[39m
&amp#27;[38;5;0m[HTTP]&amp#27;[0m &amp#27;[90m{"using":"xpath","value":"//android.view.ViewGroup/android.view.View/android.view.View/android.view.View/android.view.View[2]/android.view.View[1]"}&amp#27;[39m
&amp#27;[38;5;32m[AndroidUiautomator2Driver@eaff (4037295b)]&amp#27;[0m Calling AppiumDriver.findElement() with args: ["xpath","//android.view.ViewGroup/android.view.View/android.view.View/android.view.View/android.view.View[2]/android.view.View[1]","4037295b-7194-4ab7-84c5-14c019768916"]
&amp#27;[38;5;32m[AndroidUiautomator2Driver@eaff (4037295b)]&amp#27;[0m Valid locator strategies for this request: xpath, id, class name, accessibility id, css selector, -android uiautomator
&amp#27;[38;5;32m[AndroidUiautomator2Driver@eaff (4037295b)]&amp#27;[0m Waiting up to 0 ms for condition
&amp#27;[38;5;32m[AndroidUiautomator2Driver@eaff (4037295b)]&amp#27;[0m Matched '/element' to command name 'findElement'
&amp#27;[38;5;32m[AndroidUiautomator2Driver@eaff (4037295b)]&amp#27;[0m Proxying [POST /element] to [POST http://127.0.0.1:8200/session/ecd33067-7569-4d2e-9867-54d1b0baa116/element] with body: {"strategy":"xpath","selector":"//android.view.ViewGroup/android.view.View/android.view.View/android.view.View/android.view.View[2]/android.view.View[1]","context":"","multiple":false}
&amp#27;[38;5;32m[AndroidUiautomator2Driver@eaff (4037295b)]&amp#27;[0m Got response with status 200: {"sessionId":"ecd33067-7569-4d2e-9867-54d1b0baa116","value":{"ELEMENT":"00000000-0000-0035-0000-001200000004","element-6066-11e4-a52e-4f735466cecf":"00000000-0000-0035-0000-001200000004"}}
&amp#27;[38;5;32m[AndroidUiautomator2Driver@eaff (4037295b)]&amp#27;[0m Responding to client with driver.findElement() result: {"element-6066-11e4-a52e-4f735466cecf":"00000000-0000-0035-0000-001200000004","ELEMENT":"00000000-0000-0035-0000-001200000004"}
&amp#27;[38;5;0m[HTTP]&amp#27;[0m &amp#27;[37m<-- POST /session/4037295b-7194-4ab7-84c5-14c019768916/element &amp#27;[39m&amp#27;[32m200&amp#27;[39m &amp#27;[90m107 ms - 137&amp#27;[39m
&amp#27;[38;5;0m[HTTP]&amp#27;[0m &amp#27;[90m&amp#27;[39m
&amp#27;[38;5;0m[HTTP]&amp#27;[0m &amp#27;[37m-->&amp#27;[39m &amp#27;[37mGET&amp#27;[39m &amp#27;[37m/session/4037295b-7194-4ab7-84c5-14c019768916/element/00000000-0000-0035-0000-001200000004/text&amp#27;[39m
&amp#27;[38;5;0m[HTTP]&amp#27;[0m &amp#27;[90m{}&amp#27;[39m
&amp#27;[38;5;32m[AndroidUiautomator2Driver@eaff (4037295b)]&amp#27;[0m Driver proxy active, passing request on via HTTP proxy
&amp#27;[38;5;32m[AndroidUiautomator2Driver@eaff (4037295b)]&amp#27;[0m Matched '/session/4037295b-7194-4ab7-84c5-14c019768916/element/00000000-0000-0035-0000-001200000004/text' to command name 'getText'
&amp#27;[38;5;32m[AndroidUiautomator2Driver@eaff (4037295b)]&amp#27;[0m Proxying [GET /session/4037295b-7194-4ab7-84c5-14c019768916/element/00000000-0000-0035-0000-001200000004/text] to [GET http://127.0.0.1:8200/session/ecd33067-7569-4d2e-9867-54d1b0baa116/element/00000000-0000-0035-0000-001200000004/text] with no body
&amp#27;[38;5;32m[AndroidUiautomator2Driver@eaff (4037295b)]&amp#27;[0m Got response with status 200: {"sessionId":"ecd33067-7569-4d2e-9867-54d1b0baa116","value":"9 Â°C"}
&amp#27;[38;5;32m[AndroidUiautomator2Driver@eaff (4037295b)]&amp#27;[0m Replacing sessionId ecd33067-7569-4d2e-9867-54d1b0baa116 with 4037295b-7194-4ab7-84c5-14c019768916
&amp#27;[38;5;0m[HTTP]&amp#27;[0m &amp#27;[37m<-- GET /session/4037295b-7194-4ab7-84c5-14c019768916/element/00000000-0000-0035-0000-001200000004/text &amp#27;[39m&amp#27;[32m200&amp#27;[39m &amp#27;[90m10 ms - 68&amp#27;[39m
&amp#27;[38;5;0m[HTTP]&amp#27;[0m &amp#27;[90m&amp#27;[39m
&amp#27;[38;5;0m[HTTP]&amp#27;[0m &amp#27;[37m-->&amp#27;[39m &amp#27;[37mPOST&amp#27;[39m &amp#27;[37m/session/4037295b-7194-4ab7-84c5-14c019768916/element&amp#27;[39m
&amp#27;[38;5;0m[HTTP]&amp#27;[0m &amp#27;[90m{"using":"xpath","value":"//android.view.ViewGroup/android.view.View/android.view.View/android.view.View/android.view.View[2]/android.view.View[2]"}&amp#27;[39m
&amp#27;[38;5;32m[AndroidUiautomator2Driver@eaff (4037295b)]&amp#27;[0m Calling AppiumDriver.findElement() with args: ["xpath","//android.view.ViewGroup/android.view.View/android.view.View/android.view.View/android.view.View[2]/android.view.View[2]","4037295b-7194-4ab7-84c5-14c019768916"]
&amp#27;[38;5;32m[AndroidUiautomator2Driver@eaff (4037295b)]&amp#27;[0m Valid locator strategies for this request: xpath, id, class name, accessibility id, css selector, -android uiautomator
&amp#27;[38;5;32m[AndroidUiautomator2Driver@eaff (4037295b)]&amp#27;[0m Waiting up to 0 ms for condition
&amp#27;[38;5;32m[AndroidUiautomator2Driver@eaff (4037295b)]&amp#27;[0m Matched '/element' to command name 'findElement'
&amp#27;[38;5;32m[AndroidUiautomator2Driver@eaff (4037295b)]&amp#27;[0m Proxying [POST /element] to [POST http://127.0.0.1:8200/session/ecd33067-7569-4d2e-9867-54d1b0baa116/element] with body: {"strategy":"xpath","selector":"//android.view.ViewGroup/android.view.View/android.view.View/android.view.View/android.view.View[2]/android.view.View[2]","context":"","multiple":false}
&amp#27;[38;5;32m[AndroidUiautomator2Driver@eaff (4037295b)]&amp#27;[0m Got response with status 200: {"sessionId":"ecd33067-7569-4d2e-9867-54d1b0baa116","value":{"ELEMENT":"00000000-0000-0035-0000-001400000004","element-6066-11e4-a52e-4f735466cecf":"00000000-0000-0035-0000-001400000004"}}
&amp#27;[38;5;32m[AndroidUiautomator2Driver@eaff (4037295b)]&amp#27;[0m Responding to client with driver.findElement() result: {"element-6066-11e4-a52e-4f735466cecf":"00000000-0000-0035-0000-001400000004","ELEMENT":"00000000-0000-0035-0000-001400000004"}
&amp#27;[38;5;0m[HTTP]&amp#27;[0m &amp#27;[37m<-- POST /session/4037295b-7194-4ab7-84c5-14c019768916/element &amp#27;[39m&amp#27;[32m200&amp#27;[39m &amp#27;[90m112 ms - 137&amp#27;[39m
&amp#27;[38;5;0m[HTTP]&amp#27;[0m &amp#27;[90m&amp#27;[39m
&amp#27;[38;5;0m[HTTP]&amp#27;[0m &amp#27;[37m-->&amp#27;[39m &amp#27;[37mGET&amp#27;[39m &amp#27;[37m/session/4037295b-7194-4ab7-84c5-14c019768916/element/00000000-0000-0035-0000-001400000004/displayed&amp#27;[39m
&amp#27;[38;5;0m[HTTP]&amp#27;[0m &amp#27;[90m{}&amp#27;[39m
&amp#27;[38;5;32m[AndroidUiautomator2Driver@eaff (4037295b)]&amp#27;[0m Calling AppiumDriver.elementDisplayed() with args: ["00000000-0000-0035-0000-001400000004","4037295b-7194-4ab7-84c5-14c019768916"]
&amp#27;[38;5;32m[AndroidUiautomator2Driver@eaff (4037295b)]&amp#27;[0m Matched '/element/00000000-0000-0035-0000-001400000004/attribute/displayed' to command name 'getAttribute'
&amp#27;[38;5;32m[AndroidUiautomator2Driver@eaff (4037295b)]&amp#27;[0m Proxying [GET /element/00000000-0000-0035-0000-001400000004/attribute/displayed] to [GET http://127.0.0.1:8200/session/ecd33067-7569-4d2e-9867-54d1b0baa116/element/00000000-0000-0035-0000-001400000004/attribute/displayed] with no body
&amp#27;[38;5;32m[AndroidUiautomator2Driver@eaff (4037295b)]&amp#27;[0m Got response with status 200: {"sessionId":"ecd33067-7569-4d2e-9867-54d1b0baa116","value":"true"}
&amp#27;[38;5;32m[AndroidUiautomator2Driver@eaff (4037295b)]&amp#27;[0m Responding to client with driver.elementDisplayed() result: true
&amp#27;[38;5;0m[HTTP]&amp#27;[0m &amp#27;[37m<-- GET /session/4037295b-7194-4ab7-84c5-14c019768916/element/00000000-0000-0035-0000-001400000004/displayed &amp#27;[39m&amp#27;[32m200&amp#27;[39m &amp#27;[90m10 ms - 14&amp#27;[39m
&amp#27;[38;5;0m[HTTP]&amp#27;[0m &amp#27;[90m&amp#27;[39m
&amp#27;[38;5;0m[HTTP]&amp#27;[0m &amp#27;[37m-->&amp#27;[39m &amp#27;[37mPOST&amp#27;[39m &amp#27;[37m/session/4037295b-7194-4ab7-84c5-14c019768916/element&amp#27;[39m
&amp#27;[38;5;0m[HTTP]&amp#27;[0m &amp#27;[90m{"using":"xpath","value":"//android.view.ViewGroup/android.view.View/android.view.View/android.view.View/android.view.View[2]/android.view.View[2]"}&amp#27;[39m
&amp#27;[38;5;32m[AndroidUiautomator2Driver@eaff (4037295b)]&amp#27;[0m Calling AppiumDriver.findElement() with args: ["xpath","//android.view.ViewGroup/android.view.View/android.view.View/android.view.View/android.view.View[2]/android.view.View[2]","4037295b-7194-4ab7-84c5-14c019768916"]
&amp#27;[38;5;32m[AndroidUiautomator2Driver@eaff (4037295b)]&amp#27;[0m Valid locator strategies for this request: xpath, id, class name, accessibility id, css selector, -android uiautomator
&amp#27;[38;5;32m[AndroidUiautomator2Driver@eaff (4037295b)]&amp#27;[0m Waiting up to 0 ms for condition
&amp#27;[38;5;32m[AndroidUiautomator2Driver@eaff (4037295b)]&amp#27;[0m Matched '/element' to command name 'findElement'
&amp#27;[38;5;32m[AndroidUiautomator2Driver@eaff (4037295b)]&amp#27;[0m Proxying [POST /element] to [POST http://127.0.0.1:8200/session/ecd33067-7569-4d2e-9867-54d1b0baa116/element] with body: {"strategy":"xpath","selector":"//android.view.ViewGroup/android.view.View/android.view.View/android.view.View/android.view.View[2]/android.view.View[2]","context":"","multiple":false}
&amp#27;[38;5;32m[AndroidUiautomator2Driver@eaff (4037295b)]&amp#27;[0m Got response with status 200: {"sessionId":"ecd33067-7569-4d2e-9867-54d1b0baa116","value":{"ELEMENT":"00000000-0000-0035-0000-001400000004","element-6066-11e4-a52e-4f735466cecf":"00000000-0000-0035-0000-001400000004"}}
&amp#27;[38;5;32m[AndroidUiautomator2Driver@eaff (4037295b)]&amp#27;[0m Responding to client with driver.findElement() result: {"element-6066-11e4-a52e-4f735466cecf":"00000000-0000-0035-0000-001400000004","ELEMENT":"00000000-0000-0035-0000-001400000004"}
&amp#27;[38;5;0m[HTTP]&amp#27;[0m &amp#27;[37m<-- POST /session/4037295b-7194-4ab7-84c5-14c019768916/element &amp#27;[39m&amp#27;[32m200&amp#27;[39m &amp#27;[90m111 ms - 137&amp#27;[39m
&amp#27;[38;5;0m[HTTP]&amp#27;[0m &amp#27;[90m&amp#27;[39m
&amp#27;[38;5;0m[HTTP]&amp#27;[0m &amp#27;[37m-->&amp#27;[39m &amp#27;[37mPOST&amp#27;[39m &amp#27;[37m/session/4037295b-7194-4ab7-84c5-14c019768916/element&amp#27;[39m
&amp#27;[38;5;0m[HTTP]&amp#27;[0m &amp#27;[90m{"using":"xpath","value":"//android.view.ViewGroup/android.view.View/android.view.View/android.view.View/android.view.View[2]/android.view.View[2]"}&amp#27;[39m
&amp#27;[38;5;32m[AndroidUiautomator2Driver@eaff (4037295b)]&amp#27;[0m Calling AppiumDriver.findElement() with args: ["xpath","//android.view.ViewGroup/android.view.View/android.view.View/android.view.View/android.view.View[2]/android.view.View[2]","4037295b-7194-4ab7-84c5-14c019768916"]
&amp#27;[38;5;32m[AndroidUiautomator2Driver@eaff (4037295b)]&amp#27;[0m Valid locator strategies for this request: xpath, id, class name, accessibility id, css selector, -android uiautomator
&amp#27;[38;5;32m[AndroidUiautomator2Driver@eaff (4037295b)]&amp#27;[0m Waiting up to 0 ms for condition
&amp#27;[38;5;32m[AndroidUiautomator2Driver@eaff (4037295b)]&amp#27;[0m Matched '/element' to command name 'findElement'
&amp#27;[38;5;32m[AndroidUiautomator2Driver@eaff (4037295b)]&amp#27;[0m Proxying [POST /element] to [POST http://127.0.0.1:8200/session/ecd33067-7569-4d2e-9867-54d1b0baa116/element] with body: {"strategy":"xpath","selector":"//android.view.ViewGroup/android.view.View/android.view.View/android.view.View/android.view.View[2]/android.view.View[2]","context":"","multiple":false}
&amp#27;[38;5;32m[AndroidUiautomator2Driver@eaff (4037295b)]&amp#27;[0m Got response with status 200: {"sessionId":"ecd33067-7569-4d2e-9867-54d1b0baa116","value":{"ELEMENT":"00000000-0000-0035-0000-001400000004","element-6066-11e4-a52e-4f735466cecf":"00000000-0000-0035-0000-001400000004"}}
&amp#27;[38;5;32m[AndroidUiautomator2Driver@eaff (4037295b)]&amp#27;[0m Responding to client with driver.findElement() result: {"element-6066-11e4-a52e-4f735466cecf":"00000000-0000-0035-0000-001400000004","ELEMENT":"00000000-0000-0035-0000-001400000004"}
&amp#27;[38;5;0m[HTTP]&amp#27;[0m &amp#27;[37m<-- POST /session/4037295b-7194-4ab7-84c5-14c019768916/element &amp#27;[39m&amp#27;[32m200&amp#27;[39m &amp#27;[90m108 ms - 137&amp#27;[39m
&amp#27;[38;5;0m[HTTP]&amp#27;[0m &amp#27;[90m&amp#27;[39m
&amp#27;[38;5;0m[HTTP]&amp#27;[0m &amp#27;[37m-->&amp#27;[39m &amp#27;[37mGET&amp#27;[39m &amp#27;[37m/session/4037295b-7194-4ab7-84c5-14c019768916/element/00000000-0000-0035-0000-001400000004/text&amp#27;[39m
&amp#27;[38;5;0m[HTTP]&amp#27;[0m &amp#27;[90m{}&amp#27;[39m
&amp#27;[38;5;32m[AndroidUiautomator2Driver@eaff (4037295b)]&amp#27;[0m Driver proxy active, passing request on via HTTP proxy
&amp#27;[38;5;32m[AndroidUiautomator2Driver@eaff (4037295b)]&amp#27;[0m Matched '/session/4037295b-7194-4ab7-84c5-14c019768916/element/00000000-0000-0035-0000-001400000004/text' to command name 'getText'
&amp#27;[38;5;32m[AndroidUiautomator2Driver@eaff (4037295b)]&amp#27;[0m Proxying [GET /session/4037295b-7194-4ab7-84c5-14c019768916/element/00000000-0000-0035-0000-001400000004/text] to [GET http://127.0.0.1:8200/session/ecd33067-7569-4d2e-9867-54d1b0baa116/element/00000000-0000-0035-0000-001400000004/text] with no body
&amp#27;[38;5;32m[AndroidUiautomator2Driver@eaff (4037295b)]&amp#27;[0m Got response with status 200: {"sessionId":"ecd33067-7569-4d2e-9867-54d1b0baa116","value":"Overcast clouds"}
&amp#27;[38;5;32m[AndroidUiautomator2Driver@eaff (4037295b)]&amp#27;[0m Replacing sessionId ecd33067-7569-4d2e-9867-54d1b0baa116 with 4037295b-7194-4ab7-84c5-14c019768916
&amp#27;[38;5;0m[HTTP]&amp#27;[0m &amp#27;[37m<-- GET /session/4037295b-7194-4ab7-84c5-14c019768916/element/00000000-0000-0035-0000-001400000004/text &amp#27;[39m&amp#27;[32m200&amp#27;[39m &amp#27;[90m10 ms - 78&amp#27;[39m
&amp#27;[38;5;0m[HTTP]&amp#27;[0m &amp#27;[90m&amp#27;[39m
&amp#27;[38;5;0m[HTTP]&amp#27;[0m &amp#27;[37m-->&amp#27;[39m &amp#27;[37mPOST&amp#27;[39m &amp#27;[37m/session/4037295b-7194-4ab7-84c5-14c019768916/element&amp#27;[39m
&amp#27;[38;5;0m[HTTP]&amp#27;[0m &amp#27;[90m{"using":"xpath","value":"//android.view.ViewGroup/android.view.View/android.view.View/android.view.View/android.view.View[2]/android.view.View[3]"}&amp#27;[39m
&amp#27;[38;5;32m[AndroidUiautomator2Driver@eaff (4037295b)]&amp#27;[0m Calling AppiumDriver.findElement() with args: ["xpath","//android.view.ViewGroup/android.view.View/android.view.View/android.view.View/android.view.View[2]/android.view.View[3]","4037295b-7194-4ab7-84c5-14c019768916"]
&amp#27;[38;5;32m[AndroidUiautomator2Driver@eaff (4037295b)]&amp#27;[0m Valid locator strategies for this request: xpath, id, class name, accessibility id, css selector, -android uiautomator
&amp#27;[38;5;32m[AndroidUiautomator2Driver@eaff (4037295b)]&amp#27;[0m Waiting up to 0 ms for condition
&amp#27;[38;5;32m[AndroidUiautomator2Driver@eaff (4037295b)]&amp#27;[0m Matched '/element' to command name 'findElement'
&amp#27;[38;5;32m[AndroidUiautomator2Driver@eaff (4037295b)]&amp#27;[0m Proxying [POST /element] to [POST http://127.0.0.1:8200/session/ecd33067-7569-4d2e-9867-54d1b0baa116/element] with body: {"strategy":"xpath","selector":"//android.view.ViewGroup/android.view.View/android.view.View/android.view.View/android.view.View[2]/android.view.View[3]","context":"","multiple":false}
&amp#27;[38;5;32m[AndroidUiautomator2Driver@eaff (4037295b)]&amp#27;[0m Got response with status 200: {"sessionId":"ecd33067-7569-4d2e-9867-54d1b0baa116","value":{"ELEMENT":"00000000-0000-0035-0000-001600000004","element-6066-11e4-a52e-4f735466cecf":"00000000-0000-0035-0000-001600000004"}}
&amp#27;[38;5;32m[AndroidUiautomator2Driver@eaff (4037295b)]&amp#27;[0m Responding to client with driver.findElement() result: {"element-6066-11e4-a52e-4f735466cecf":"00000000-0000-0035-0000-001600000004","ELEMENT":"00000000-0000-0035-0000-001600000004"}
&amp#27;[38;5;0m[HTTP]&amp#27;[0m &amp#27;[37m<-- POST /session/4037295b-7194-4ab7-84c5-14c019768916/element &amp#27;[39m&amp#27;[32m200&amp#27;[39m &amp#27;[90m120 ms - 137&amp#27;[39m
&amp#27;[38;5;0m[HTTP]&amp#27;[0m &amp#27;[90m&amp#27;[39m
&amp#27;[38;5;0m[HTTP]&amp#27;[0m &amp#27;[37m-->&amp#27;[39m &amp#27;[37mGET&amp#27;[39m &amp#27;[37m/session/4037295b-7194-4ab7-84c5-14c019768916/element/00000000-0000-0035-0000-001600000004/displayed&amp#27;[39m
&amp#27;[38;5;0m[HTTP]&amp#27;[0m &amp#27;[90m{}&amp#27;[39m
&amp#27;[38;5;32m[AndroidUiautomator2Driver@eaff (4037295b)]&amp#27;[0m Calling AppiumDriver.elementDisplayed() with args: ["00000000-0000-0035-0000-001600000004","4037295b-7194-4ab7-84c5-14c019768916"]
&amp#27;[38;5;32m[AndroidUiautomator2Driver@eaff (4037295b)]&amp#27;[0m Matched '/element/00000000-0000-0035-0000-001600000004/attribute/displayed' to command name 'getAttribute'
&amp#27;[38;5;32m[AndroidUiautomator2Driver@eaff (4037295b)]&amp#27;[0m Proxying [GET /element/00000000-0000-0035-0000-001600000004/attribute/displayed] to [GET http://127.0.0.1:8200/session/ecd33067-7569-4d2e-9867-54d1b0baa116/element/00000000-0000-0035-0000-001600000004/attribute/displayed] with no body
&amp#27;[38;5;32m[AndroidUiautomator2Driver@eaff (4037295b)]&amp#27;[0m Got response with status 200: {"sessionId":"ecd33067-7569-4d2e-9867-54d1b0baa116","value":"true"}
&amp#27;[38;5;32m[AndroidUiautomator2Driver@eaff (4037295b)]&amp#27;[0m Responding to client with driver.elementDisplayed() result: true
&amp#27;[38;5;0m[HTTP]&amp#27;[0m &amp#27;[37m<-- GET /session/4037295b-7194-4ab7-84c5-14c019768916/element/00000000-0000-0035-0000-001600000004/displayed &amp#27;[39m&amp#27;[32m200&amp#27;[39m &amp#27;[90m11 ms - 14&amp#27;[39m
&amp#27;[38;5;0m[HTTP]&amp#27;[0m &amp#27;[90m&amp#27;[39m
&amp#27;[38;5;0m[HTTP]&amp#27;[0m &amp#27;[37m-->&amp#27;[39m &amp#27;[37mPOST&amp#27;[39m &amp#27;[37m/session/4037295b-7194-4ab7-84c5-14c019768916/element&amp#27;[39m
&amp#27;[38;5;0m[HTTP]&amp#27;[0m &amp#27;[90m{"using":"xpath","value":"//android.view.ViewGroup/android.view.View/android.view.View/android.view.View/android.view.View[2]/android.view.View[3]"}&amp#27;[39m
&amp#27;[38;5;32m[AndroidUiautomator2Driver@eaff (4037295b)]&amp#27;[0m Calling AppiumDriver.findElement() with args: ["xpath","//android.view.ViewGroup/android.view.View/android.view.View/android.view.View/android.view.View[2]/android.view.View[3]","4037295b-7194-4ab7-84c5-14c019768916"]
&amp#27;[38;5;32m[AndroidUiautomator2Driver@eaff (4037295b)]&amp#27;[0m Valid locator strategies for this request: xpath, id, class name, accessibility id, css selector, -android uiautomator
&amp#27;[38;5;32m[AndroidUiautomator2Driver@eaff (4037295b)]&amp#27;[0m Waiting up to 0 ms for condition
&amp#27;[38;5;32m[AndroidUiautomator2Driver@eaff (4037295b)]&amp#27;[0m Matched '/element' to command name 'findElement'
&amp#27;[38;5;32m[AndroidUiautomator2Driver@eaff (4037295b)]&amp#27;[0m Proxying [POST /element] to [POST http://127.0.0.1:8200/session/ecd33067-7569-4d2e-9867-54d1b0baa116/element] with body: {"strategy":"xpath","selector":"//android.view.ViewGroup/android.view.View/android.view.View/android.view.View/android.view.View[2]/android.view.View[3]","context":"","multiple":false}
&amp#27;[38;5;32m[AndroidUiautomator2Driver@eaff (4037295b)]&amp#27;[0m Got response with status 200: {"sessionId":"ecd33067-7569-4d2e-9867-54d1b0baa116","value":{"ELEMENT":"00000000-0000-0035-0000-001600000004","element-6066-11e4-a52e-4f735466cecf":"00000000-0000-0035-0000-001600000004"}}
&amp#27;[38;5;32m[AndroidUiautomator2Driver@eaff (4037295b)]&amp#27;[0m Responding to client with driver.findElement() result: {"element-6066-11e4-a52e-4f735466cecf":"00000000-0000-0035-0000-001600000004","ELEMENT":"00000000-0000-0035-0000-001600000004"}
&amp#27;[38;5;0m[HTTP]&amp#27;[0m &amp#27;[37m<-- POST /session/4037295b-7194-4ab7-84c5-14c019768916/element &amp#27;[39m&amp#27;[32m200&amp#27;[39m &amp#27;[90m107 ms - 137&amp#27;[39m
&amp#27;[38;5;0m[HTTP]&amp#27;[0m &amp#27;[90m&amp#27;[39m
&amp#27;[38;5;0m[HTTP]&amp#27;[0m &amp#27;[37m-->&amp#27;[39m &amp#27;[37mPOST&amp#27;[39m &amp#27;[37m/session/4037295b-7194-4ab7-84c5-14c019768916/element&amp#27;[39m
&amp#27;[38;5;0m[HTTP]&amp#27;[0m &amp#27;[90m{"using":"xpath","value":"//android.view.ViewGroup/android.view.View/android.view.View/android.view.View/android.view.View[2]/android.view.View[3]"}&amp#27;[39m
&amp#27;[38;5;32m[AndroidUiautomator2Driver@eaff (4037295b)]&amp#27;[0m Calling AppiumDriver.findElement() with args: ["xpath","//android.view.ViewGroup/android.view.View/android.view.View/android.view.View/android.view.View[2]/android.view.View[3]","4037295b-7194-4ab7-84c5-14c019768916"]
&amp#27;[38;5;32m[AndroidUiautomator2Driver@eaff (4037295b)]&amp#27;[0m Valid locator strategies for this request: xpath, id, class name, accessibility id, css selector, -android uiautomator
&amp#27;[38;5;32m[AndroidUiautomator2Driver@eaff (4037295b)]&amp#27;[0m Waiting up to 0 ms for condition
&amp#27;[38;5;32m[AndroidUiautomator2Driver@eaff (4037295b)]&amp#27;[0m Matched '/element' to command name 'findElement'
&amp#27;[38;5;32m[AndroidUiautomator2Driver@eaff (4037295b)]&amp#27;[0m Proxying [POST /element] to [POST http://127.0.0.1:8200/session/ecd33067-7569-4d2e-9867-54d1b0baa116/element] with body: {"strategy":"xpath","selector":"//android.view.ViewGroup/android.view.View/android.view.View/android.view.View/android.view.View[2]/android.view.View[3]","context":"","multiple":false}
&amp#27;[38;5;32m[AndroidUiautomator2Driver@eaff (4037295b)]&amp#27;[0m Got response with status 200: {"sessionId":"ecd33067-7569-4d2e-9867-54d1b0baa116","value":{"ELEMENT":"00000000-0000-0035-0000-001600000004","element-6066-11e4-a52e-4f735466cecf":"00000000-0000-0035-0000-001600000004"}}
&amp#27;[38;5;32m[AndroidUiautomator2Driver@eaff (4037295b)]&amp#27;[0m Responding to client with driver.findElement() result: {"element-6066-11e4-a52e-4f735466cecf":"00000000-0000-0035-0000-001600000004","ELEMENT":"00000000-0000-0035-0000-001600000004"}
&amp#27;[38;5;0m[HTTP]&amp#27;[0m &amp#27;[37m<-- POST /session/4037295b-7194-4ab7-84c5-14c019768916/element &amp#27;[39m&amp#27;[32m200&amp#27;[39m &amp#27;[90m109 ms - 137&amp#27;[39m
&amp#27;[38;5;0m[HTTP]&amp#27;[0m &amp#27;[90m&amp#27;[39m
&amp#27;[38;5;0m[HTTP]&amp#27;[0m &amp#27;[37m-->&amp#27;[39m &amp#27;[37mGET&amp#27;[39m &amp#27;[37m/session/4037295b-7194-4ab7-84c5-14c019768916/element/00000000-0000-0035-0000-001600000004/text&amp#27;[39m
&amp#27;[38;5;0m[HTTP]&amp#27;[0m &amp#27;[90m{}&amp#27;[39m
&amp#27;[38;5;32m[AndroidUiautomator2Driver@eaff (4037295b)]&amp#27;[0m Driver proxy active, passing request on via HTTP proxy
&amp#27;[38;5;32m[AndroidUiautomator2Driver@eaff (4037295b)]&amp#27;[0m Matched '/session/4037295b-7194-4ab7-84c5-14c019768916/element/00000000-0000-0035-0000-001600000004/text' to command name 'getText'
&amp#27;[38;5;32m[AndroidUiautomator2Driver@eaff (4037295b)]&amp#27;[0m Proxying [GET /session/4037295b-7194-4ab7-84c5-14c019768916/element/00000000-0000-0035-0000-001600000004/text] to [GET http://127.0.0.1:8200/session/ecd33067-7569-4d2e-9867-54d1b0baa116/element/00000000-0000-0035-0000-001600000004/text] with no body
&amp#27;[38;5;32m[AndroidUiautomator2Driver@eaff (4037295b)]&amp#27;[0m Got response with status 200: {"sessionId":"ecd33067-7569-4d2e-9867-54d1b0baa116","value":"Min Today: 9 Â°C"}
&amp#27;[38;5;32m[AndroidUiautomator2Driver@eaff (4037295b)]&amp#27;[0m Replacing sessionId ecd33067-7569-4d2e-9867-54d1b0baa116 with 4037295b-7194-4ab7-84c5-14c019768916
&amp#27;[38;5;0m[HTTP]&amp#27;[0m &amp#27;[37m<-- GET /session/4037295b-7194-4ab7-84c5-14c019768916/element/00000000-0000-0035-0000-001600000004/text &amp#27;[39m&amp#27;[32m200&amp#27;[39m &amp#27;[90m10 ms - 79&amp#27;[39m
&amp#27;[38;5;0m[HTTP]&amp#27;[0m &amp#27;[90m&amp#27;[39m
&amp#27;[38;5;0m[HTTP]&amp#27;[0m &amp#27;[37m-->&amp#27;[39m &amp#27;[37mPOST&amp#27;[39m &amp#27;[37m/session/4037295b-7194-4ab7-84c5-14c019768916/element&amp#27;[39m
&amp#27;[38;5;0m[HTTP]&amp#27;[0m &amp#27;[90m{"using":"xpath","value":"//android.view.ViewGroup/android.view.View/android.view.View/android.view.View/android.view.View[2]/android.view.View[4]"}&amp#27;[39m
&amp#27;[38;5;32m[AndroidUiautomator2Driver@eaff (4037295b)]&amp#27;[0m Calling AppiumDriver.findElement() with args: ["xpath","//android.view.ViewGroup/android.view.View/android.view.View/android.view.View/android.view.View[2]/android.view.View[4]","4037295b-7194-4ab7-84c5-14c019768916"]
&amp#27;[38;5;32m[AndroidUiautomator2Driver@eaff (4037295b)]&amp#27;[0m Valid locator strategies for this request: xpath, id, class name, accessibility id, css selector, -android uiautomator
&amp#27;[38;5;32m[AndroidUiautomator2Driver@eaff (4037295b)]&amp#27;[0m Waiting up to 0 ms for condition
&amp#27;[38;5;32m[AndroidUiautomator2Driver@eaff (4037295b)]&amp#27;[0m Matched '/element' to command name 'findElement'
&amp#27;[38;5;32m[AndroidUiautomator2Driver@eaff (4037295b)]&amp#27;[0m Proxying [POST /element] to [POST http://127.0.0.1:8200/session/ecd33067-7569-4d2e-9867-54d1b0baa116/element] with body: {"strategy":"xpath","selector":"//android.view.ViewGroup/android.view.View/android.view.View/android.view.View/android.view.View[2]/android.view.View[4]","context":"","multiple":false}
&amp#27;[38;5;32m[AndroidUiautomator2Driver@eaff (4037295b)]&amp#27;[0m Got response with status 200: {"sessionId":"ecd33067-7569-4d2e-9867-54d1b0baa116","value":{"ELEMENT":"00000000-0000-0035-0000-001800000004","element-6066-11e4-a52e-4f735466cecf":"00000000-0000-0035-0000-001800000004"}}
&amp#27;[38;5;32m[AndroidUiautomator2Driver@eaff (4037295b)]&amp#27;[0m Responding to client with driver.findElement() result: {"element-6066-11e4-a52e-4f735466cecf":"00000000-0000-0035-0000-001800000004","ELEMENT":"00000000-0000-0035-0000-001800000004"}
&amp#27;[38;5;0m[HTTP]&amp#27;[0m &amp#27;[37m<-- POST /session/4037295b-7194-4ab7-84c5-14c019768916/element &amp#27;[39m&amp#27;[32m200&amp#27;[39m &amp#27;[90m107 ms - 137&amp#27;[39m
&amp#27;[38;5;0m[HTTP]&amp#27;[0m &amp#27;[90m&amp#27;[39m
&amp#27;[38;5;0m[HTTP]&amp#27;[0m &amp#27;[37m-->&amp#27;[39m &amp#27;[37mGET&amp#27;[39m &amp#27;[37m/session/4037295b-7194-4ab7-84c5-14c019768916/element/00000000-0000-0035-0000-001800000004/displayed&amp#27;[39m
&amp#27;[38;5;0m[HTTP]&amp#27;[0m &amp#27;[90m{}&amp#27;[39m
&amp#27;[38;5;32m[AndroidUiautomator2Driver@eaff (4037295b)]&amp#27;[0m Calling AppiumDriver.elementDisplayed() with args: ["00000000-0000-0035-0000-001800000004","4037295b-7194-4ab7-84c5-14c019768916"]
&amp#27;[38;5;32m[AndroidUiautomator2Driver@eaff (4037295b)]&amp#27;[0m Matched '/element/00000000-0000-0035-0000-001800000004/attribute/displayed' to command name 'getAttribute'
&amp#27;[38;5;32m[AndroidUiautomator2Driver@eaff (4037295b)]&amp#27;[0m Proxying [GET /element/00000000-0000-0035-0000-001800000004/attribute/displayed] to [GET http://127.0.0.1:8200/session/ecd33067-7569-4d2e-9867-54d1b0baa116/element/00000000-0000-0035-0000-001800000004/attribute/displayed] with no body
&amp#27;[38;5;32m[AndroidUiautomator2Driver@eaff (4037295b)]&amp#27;[0m Got response with status 200: {"sessionId":"ecd33067-7569-4d2e-9867-54d1b0baa116","value":"true"}
&amp#27;[38;5;32m[AndroidUiautomator2Driver@eaff (4037295b)]&amp#27;[0m Responding to client with driver.elementDisplayed() result: true
&amp#27;[38;5;0m[HTTP]&amp#27;[0m &amp#27;[37m<-- GET /session/4037295b-7194-4ab7-84c5-14c019768916/element/00000000-0000-0035-0000-001800000004/displayed &amp#27;[39m&amp#27;[32m200&amp#27;[39m &amp#27;[90m9 ms - 14&amp#27;[39m
&amp#27;[38;5;0m[HTTP]&amp#27;[0m &amp#27;[90m&amp#27;[39m
&amp#27;[38;5;0m[HTTP]&amp#27;[0m &amp#27;[37m-->&amp#27;[39m &amp#27;[37mPOST&amp#27;[39m &amp#27;[37m/session/4037295b-7194-4ab7-84c5-14c019768916/element&amp#27;[39m
&amp#27;[38;5;0m[HTTP]&amp#27;[0m &amp#27;[90m{"using":"xpath","value":"//android.view.ViewGroup/android.view.View/android.view.View/android.view.View/android.view.View[2]/android.view.View[4]"}&amp#27;[39m
&amp#27;[38;5;32m[AndroidUiautomator2Driver@eaff (4037295b)]&amp#27;[0m Calling AppiumDriver.findElement() with args: ["xpath","//android.view.ViewGroup/android.view.View/android.view.View/android.view.View/android.view.View[2]/android.view.View[4]","4037295b-7194-4ab7-84c5-14c019768916"]
&amp#27;[38;5;32m[AndroidUiautomator2Driver@eaff (4037295b)]&amp#27;[0m Valid locator strategies for this request: xpath, id, class name, accessibility id, css selector, -android uiautomator
&amp#27;[38;5;32m[AndroidUiautomator2Driver@eaff (4037295b)]&amp#27;[0m Waiting up to 0 ms for condition
&amp#27;[38;5;32m[AndroidUiautomator2Driver@eaff (4037295b)]&amp#27;[0m Matched '/element' to command name 'findElement'
&amp#27;[38;5;32m[AndroidUiautomator2Driver@eaff (4037295b)]&amp#27;[0m Proxying [POST /element] to [POST http://127.0.0.1:8200/session/ecd33067-7569-4d2e-9867-54d1b0baa116/element] with body: {"strategy":"xpath","selector":"//android.view.ViewGroup/android.view.View/android.view.View/android.view.View/android.view.View[2]/android.view.View[4]","context":"","multiple":false}
&amp#27;[38;5;32m[AndroidUiautomator2Driver@eaff (4037295b)]&amp#27;[0m Got response with status 200: {"sessionId":"ecd33067-7569-4d2e-9867-54d1b0baa116","value":{"ELEMENT":"00000000-0000-0035-0000-001800000004","element-6066-11e4-a52e-4f735466cecf":"00000000-0000-0035-0000-001800000004"}}
&amp#27;[38;5;32m[AndroidUiautomator2Driver@eaff (4037295b)]&amp#27;[0m Responding to client with driver.findElement() result: {"element-6066-11e4-a52e-4f735466cecf":"00000000-0000-0035-0000-001800000004","ELEMENT":"00000000-0000-0035-0000-001800000004"}
&amp#27;[38;5;0m[HTTP]&amp#27;[0m &amp#27;[37m<-- POST /session/4037295b-7194-4ab7-84c5-14c019768916/element &amp#27;[39m&amp#27;[32m200&amp#27;[39m &amp#27;[90m109 ms - 137&amp#27;[39m
&amp#27;[38;5;0m[HTTP]&amp#27;[0m &amp#27;[90m&amp#27;[39m
&amp#27;[38;5;0m[HTTP]&amp#27;[0m &amp#27;[37m-->&amp#27;[39m &amp#27;[37mPOST&amp#27;[39m &amp#27;[37m/session/4037295b-7194-4ab7-84c5-14c019768916/element&amp#27;[39m
&amp#27;[38;5;0m[HTTP]&amp#27;[0m &amp#27;[90m{"using":"xpath","value":"//android.view.ViewGroup/android.view.View/android.view.View/android.view.View/android.view.View[2]/android.view.View[4]"}&amp#27;[39m
&amp#27;[38;5;32m[AndroidUiautomator2Driver@eaff (4037295b)]&amp#27;[0m Calling AppiumDriver.findElement() with args: ["xpath","//android.view.ViewGroup/android.view.View/android.view.View/android.view.View/android.view.View[2]/android.view.View[4]","4037295b-7194-4ab7-84c5-14c019768916"]
&amp#27;[38;5;32m[AndroidUiautomator2Driver@eaff (4037295b)]&amp#27;[0m Valid locator strategies for this request: xpath, id, class name, accessibility id, css selector, -android uiautomator
&amp#27;[38;5;32m[AndroidUiautomator2Driver@eaff (4037295b)]&amp#27;[0m Waiting up to 0 ms for condition
&amp#27;[38;5;32m[AndroidUiautomator2Driver@eaff (4037295b)]&amp#27;[0m Matched '/element' to command name 'findElement'
&amp#27;[38;5;32m[AndroidUiautomator2Driver@eaff (4037295b)]&amp#27;[0m Proxying [POST /element] to [POST http://127.0.0.1:8200/session/ecd33067-7569-4d2e-9867-54d1b0baa116/element] with body: {"strategy":"xpath","selector":"//android.view.ViewGroup/android.view.View/android.view.View/android.view.View/android.view.View[2]/android.view.View[4]","context":"","multiple":false}
&amp#27;[38;5;32m[AndroidUiautomator2Driver@eaff (4037295b)]&amp#27;[0m Got response with status 200: {"sessionId":"ecd33067-7569-4d2e-9867-54d1b0baa116","value":{"ELEMENT":"00000000-0000-0035-0000-001800000004","element-6066-11e4-a52e-4f735466cecf":"00000000-0000-0035-0000-001800000004"}}
&amp#27;[38;5;32m[AndroidUiautomator2Driver@eaff (4037295b)]&amp#27;[0m Responding to client with driver.findElement() result: {"element-6066-11e4-a52e-4f735466cecf":"00000000-0000-0035-0000-001800000004","ELEMENT":"00000000-0000-0035-0000-001800000004"}
&amp#27;[38;5;0m[HTTP]&amp#27;[0m &amp#27;[37m<-- POST /session/4037295b-7194-4ab7-84c5-14c019768916/element &amp#27;[39m&amp#27;[32m200&amp#27;[39m &amp#27;[90m104 ms - 137&amp#27;[39m
&amp#27;[38;5;0m[HTTP]&amp#27;[0m &amp#27;[90m&amp#27;[39m
&amp#27;[38;5;0m[HTTP]&amp#27;[0m &amp#27;[37m-->&amp#27;[39m &amp#27;[37mGET&amp#27;[39m &amp#27;[37m/session/4037295b-7194-4ab7-84c5-14c019768916/element/00000000-0000-0035-0000-001800000004/text&amp#27;[39m
&amp#27;[38;5;0m[HTTP]&amp#27;[0m &amp#27;[90m{}&amp#27;[39m
&amp#27;[38;5;32m[AndroidUiautomator2Driver@eaff (4037295b)]&amp#27;[0m Driver proxy active, passing request on via HTTP proxy
&amp#27;[38;5;32m[AndroidUiautomator2Driver@eaff (4037295b)]&amp#27;[0m Matched '/session/4037295b-7194-4ab7-84c5-14c019768916/element/00000000-0000-0035-0000-001800000004/text' to command name 'getText'
&amp#27;[38;5;32m[AndroidUiautomator2Driver@eaff (4037295b)]&amp#27;[0m Proxying [GET /session/4037295b-7194-4ab7-84c5-14c019768916/element/00000000-0000-0035-0000-001800000004/text] to [GET http://127.0.0.1:8200/session/ecd33067-7569-4d2e-9867-54d1b0baa116/element/00000000-0000-0035-0000-001800000004/text] with no body
&amp#27;[38;5;32m[AndroidUiautomator2Driver@eaff (4037295b)]&amp#27;[0m Got response with status 200: {"sessionId":"ecd33067-7569-4d2e-9867-54d1b0baa116","value":"Max Today: 13 Â°C"}
&amp#27;[38;5;32m[AndroidUiautomator2Driver@eaff (4037295b)]&amp#27;[0m Replacing sessionId ecd33067-7569-4d2e-9867-54d1b0baa116 with 4037295b-7194-4ab7-84c5-14c019768916
&amp#27;[38;5;0m[HTTP]&amp#27;[0m &amp#27;[37m<-- GET /session/4037295b-7194-4ab7-84c5-14c019768916/element/00000000-0000-0035-0000-001800000004/text &amp#27;[39m&amp#27;[32m200&amp#27;[39m &amp#27;[90m10 ms - 80&amp#27;[39m
&amp#27;[38;5;0m[HTTP]&amp#27;[0m &amp#27;[90m&amp#27;[39m
&amp#27;[38;5;0m[HTTP]&amp#27;[0m &amp#27;[37m-->&amp#27;[39m &amp#27;[37mDELETE&amp#27;[39m &amp#27;[37m/session/4037295b-7194-4ab7-84c5-14c019768916&amp#27;[39m
&amp#27;[38;5;0m[HTTP]&amp#27;[0m &amp#27;[90m{}&amp#27;[39m
&amp#27;[38;5;32m[AndroidUiautomator2Driver@eaff (4037295b)]&amp#27;[0m Calling AppiumDriver.deleteSession() with args: ["4037295b-7194-4ab7-84c5-14c019768916"]
&amp#27;[38;5;16m[AppiumDriver@1ce0]&amp#27;[0m Event 'quitSessionRequested' logged at 1705314398509 (16:26:38 GMT+0600 (Bangladesh Standard Time))
&amp#27;[38;5;16m[AppiumDriver@1ce0]&amp#27;[0m Removing session 4037295b-7194-4ab7-84c5-14c019768916 from our master session list
&amp#27;[38;5;32m[AndroidUiautomator2Driver@eaff (4037295b)]&amp#27;[0m Deleting UiAutomator2 session
&amp#27;[38;5;32m[AndroidUiautomator2Driver@eaff (4037295b)]&amp#27;[0m Deleting UiAutomator2 server session
&amp#27;[38;5;32m[AndroidUiautomator2Driver@eaff (4037295b)]&amp#27;[0m Matched '/' to command name 'deleteSession'
&amp#27;[38;5;32m[AndroidUiautomator2Driver@eaff (4037295b)]&amp#27;[0m Proxying [DELETE /] to [DELETE http://127.0.0.1:8200/session/ecd33067-7569-4d2e-9867-54d1b0baa116] with no body
&amp#27;[38;5;32m[AndroidUiautomator2Driver@eaff (4037295b)]&amp#27;[0m Got response with status 200: {"sessionId":"ecd33067-7569-4d2e-9867-54d1b0baa116","value":null}
&amp#27;[38;5;64m[ADB]&amp#27;[0m Running 'C:\Users\abuba\AppData\Local\Android\Sdk\platform-tools\adb.exe -P 5037 -s emulator-5554 shell dumpsys activity services io.appium.settings/.recorder.RecorderService'
&amp#27;[38;5;64m[ADB]&amp#27;[0m Running 'C:\Users\abuba\AppData\Local\Android\Sdk\platform-tools\adb.exe -P 5037 -s emulator-5554 shell am force-stop me.example.android.weatherapp'
&amp#27;[38;5;96m[Logcat]&amp#27;[0m Stopping logcat capture
&amp#27;[38;5;64m[ADB]&amp#27;[0m Removing forwarded port socket connection: 8200 
&amp#27;[38;5;64m[ADB]&amp#27;[0m Running 'C:\Users\abuba\AppData\Local\Android\Sdk\platform-tools\adb.exe -P 5037 -s emulator-5554 forward --remove tcp:8200'
&amp#27;[38;5;32m[AndroidUiautomator2Driver@eaff (4037295b)]&amp#27;[0m Restoring hidden api policy to the device default configuration
&amp#27;[38;5;64m[ADB]&amp#27;[0m Running 'C:\Users\abuba\AppData\Local\Android\Sdk\platform-tools\adb.exe -P 5037 -s emulator-5554 shell 'settings delete global hidden_api_policy_pre_p_apps;settings delete global hidden_api_policy_p_apps;settings delete global hidden_api_policy''
&amp#27;[38;5;16m[AppiumDriver@1ce0]&amp#27;[0m Event 'quitSessionFinished' logged at 1705314398661 (16:26:38 GMT+0600 (Bangladesh Standard Time))
&amp#27;[38;5;16m[AppiumDriver@1ce0]&amp#27;[0m Received response: null
&amp#27;[38;5;16m[AppiumDriver@1ce0]&amp#27;[0m But deleting session, so not returning
&amp#27;[38;5;16m[AppiumDriver@1ce0]&amp#27;[0m Responding to client with driver.deleteSession() result: null
&amp#27;[38;5;0m[HTTP]&amp#27;[0m &amp#27;[37m<-- DELETE /session/4037295b-7194-4ab7-84c5-14c019768916 &amp#27;[39m&amp#27;[32m200&amp#27;[39m &amp#27;[90m153 ms - 14&amp#27;[39m
&amp#27;[38;5;0m[HTTP]&amp#27;[0m &amp#27;[90m&amp#27;[39m
]]></system-out>
    <system-err><![CDATA[SLF4J: No SLF4J providers were found.
SLF4J: Defaulting to no-operation (NOP) logger implementation
SLF4J: See https://www.slf4j.org/codes.html#noProviders for further details.
]]></system-err>
  </testcase>
  <testcase name="Verify the weather forcasts for each hour including temperature and conditions." classname="Weather Application Test" time="62.041">
    <system-out><![CDATA[&amp#27;[38;5;0m[HTTP]&amp#27;[0m Request idempotency key: 5e8efcf5-9100-4e14-b731-910f1758317c
&amp#27;[38;5;0m[HTTP]&amp#27;[0m &amp#27;[37m-->&amp#27;[39m &amp#27;[37mPOST&amp#27;[39m &amp#27;[37m/session&amp#27;[39m
&amp#27;[38;5;0m[HTTP]&amp#27;[0m &amp#27;[90m{"capabilities":{"firstMatch":[{}],"alwaysMatch":{"appium:app":"src/test/resources/apk/app-debug.apk","appium:autoGrantPermissions":true,"appium:automationName":"UIAutomator2","appium:udid":"emulator-5554","platformName":"ANDROID"}}}&amp#27;[39m
&amp#27;[38;5;16m[AppiumDriver@1ce0]&amp#27;[0m Calling AppiumDriver.createSession() with args: [null,null,{"firstMatch":[{}],"alwaysMatch":{"appium:app":"src/test/resources/apk/app-debug.apk","appium:autoGrantPermissions":true,"appium:automationName":"UIAutomator2","appium:udid":"emulator-5554","platformName":"ANDROID"}}]
&amp#27;[38;5;16m[AppiumDriver@1ce0]&amp#27;[0m Event 'newSessionRequested' logged at 1705314398729 (16:26:38 GMT+0600 (Bangladesh Standard Time))
&amp#27;[35m[Appium]&amp#27;[39m Attempting to find matching driver for automationName 'UIAutomator2' and platformName 'ANDROID'
&amp#27;[35m[Appium]&amp#27;[39m The 'uiautomator2' driver was installed and matched caps.
&amp#27;[35m[Appium]&amp#27;[39m Will require it at C:\Users\abuba\.appium\node_modules\appium-uiautomator2-driver
&amp#27;[35m[Appium]&amp#27;[39m Requiring driver at C:\Users\abuba\.appium\node_modules\appium-uiautomator2-driver\build\index.js
&amp#27;[38;5;16m[AppiumDriver@1ce0]&amp#27;[0m Appium v2.4.1 creating new AndroidUiautomator2Driver (v2.42.0) session
&amp#27;[38;5;16m[AppiumDriver@1ce0]&amp#27;[0m Checking BaseDriver versions for Appium and AndroidUiautomator2Driver
&amp#27;[38;5;16m[AppiumDriver@1ce0]&amp#27;[0m Appium's BaseDriver version is 9.5.0
&amp#27;[38;5;16m[AppiumDriver@1ce0]&amp#27;[0m AndroidUiautomator2Driver's BaseDriver version is 9.5.0
&amp#27;[38;5;32m[AndroidUiautomator2Driver@e3cd]&amp#27;[0m Creating session with W3C capabilities: {
&amp#27;[38;5;32m[AndroidUiautomator2Driver@e3cd]&amp#27;[0m   "alwaysMatch": {
&amp#27;[38;5;32m[AndroidUiautomator2Driver@e3cd]&amp#27;[0m     "platformName": "ANDROID",
&amp#27;[38;5;32m[AndroidUiautomator2Driver@e3cd]&amp#27;[0m     "appium:app": "src/test/resources/apk/app-debug.apk",
&amp#27;[38;5;32m[AndroidUiautomator2Driver@e3cd]&amp#27;[0m     "appium:autoGrantPermissions": true,
&amp#27;[38;5;32m[AndroidUiautomator2Driver@e3cd]&amp#27;[0m     "appium:automationName": "UIAutomator2",
&amp#27;[38;5;32m[AndroidUiautomator2Driver@e3cd]&amp#27;[0m     "appium:udid": "emulator-5554"
&amp#27;[38;5;32m[AndroidUiautomator2Driver@e3cd]&amp#27;[0m   },
&amp#27;[38;5;32m[AndroidUiautomator2Driver@e3cd]&amp#27;[0m   "firstMatch": [
&amp#27;[38;5;32m[AndroidUiautomator2Driver@e3cd]&amp#27;[0m     {}
&amp#27;[38;5;32m[AndroidUiautomator2Driver@e3cd]&amp#27;[0m   ]
&amp#27;[38;5;32m[AndroidUiautomator2Driver@e3cd]&amp#27;[0m }
&amp#27;[38;5;32m[AndroidUiautomator2Driver@e3cd (9c0ff67f)]&amp#27;[0m Session created with session id: 9c0ff67f-6efc-443b-a62f-dce2bca5d56b
&amp#27;[38;5;48m[BaseDriver]&amp#27;[0m Using local app 'src/test/resources/apk/app-debug.apk'
&amp#27;[38;5;48m[BaseDriver]&amp#27;[0m The current application path 'src/test/resources/apk/app-debug.apk' is not absolute and has been rewritten to 'C:\Users\abuba\java_projects\weatherAppTest\src\test\resources\apk\app-debug.apk'. Consider using absolute paths rather than relative
&amp#27;[38;5;32m[AndroidUiautomator2Driver@e3cd (9c0ff67f)]&amp#27;[0m Checking whether app is actually present
&amp#27;[38;5;64m[ADB]&amp#27;[0m Using 'adb.exe' from 'C:\Users\abuba\AppData\Local\Android\Sdk\platform-tools\adb.exe'
&amp#27;[38;5;64m[ADB]&amp#27;[0m Running 'C:\Users\abuba\AppData\Local\Android\Sdk\platform-tools\adb.exe -P 5037 start-server'
&amp#27;[38;5;80m[AndroidDriver]&amp#27;[0m Retrieving device list
&amp#27;[38;5;64m[ADB]&amp#27;[0m Trying to find connected Android devices
&amp#27;[38;5;64m[ADB]&amp#27;[0m Getting connected devices
&amp#27;[38;5;64m[ADB]&amp#27;[0m Connected devices: [{"udid":"emulator-5554","state":"device"}]
&amp#27;[38;5;80m[AndroidDriver]&amp#27;[0m Using device: emulator-5554
&amp#27;[38;5;64m[ADB]&amp#27;[0m Using 'adb.exe' from 'C:\Users\abuba\AppData\Local\Android\Sdk\platform-tools\adb.exe'
&amp#27;[38;5;64m[ADB]&amp#27;[0m Running 'C:\Users\abuba\AppData\Local\Android\Sdk\platform-tools\adb.exe -P 5037 start-server'
&amp#27;[38;5;64m[ADB]&amp#27;[0m Setting device id to emulator-5554
&amp#27;[38;5;64m[ADB]&amp#27;[0m Running 'C:\Users\abuba\AppData\Local\Android\Sdk\platform-tools\adb.exe -P 5037 -s emulator-5554 shell getprop ro.build.version.sdk'
&amp#27;[38;5;64m[ADB]&amp#27;[0m Current device property 'ro.build.version.sdk': 34
&amp#27;[38;5;64m[ADB]&amp#27;[0m Getting device platform version
&amp#27;[38;5;64m[ADB]&amp#27;[0m Running 'C:\Users\abuba\AppData\Local\Android\Sdk\platform-tools\adb.exe -P 5037 -s emulator-5554 shell getprop ro.build.version.release'
&amp#27;[38;5;64m[ADB]&amp#27;[0m Current device property 'ro.build.version.release': 14
&amp#27;[38;5;64m[ADB]&amp#27;[0m Device API level: 34
&amp#27;[38;5;32m[AndroidUiautomator2Driver@e3cd (9c0ff67f)]&amp#27;[0m Relaxing hidden api policy
&amp#27;[38;5;64m[ADB]&amp#27;[0m Running 'C:\Users\abuba\AppData\Local\Android\Sdk\platform-tools\adb.exe -P 5037 -s emulator-5554 shell 'settings put global hidden_api_policy_pre_p_apps 1;settings put global hidden_api_policy_p_apps 1;settings put global hidden_api_policy 1''
&amp#27;[38;5;80m[AndroidDriver]&amp#27;[0m Parsing package and activity from app manifest
&amp#27;[38;5;64m[ADB]&amp#27;[0m Package name: 'me.example.android.weatherapp'
&amp#27;[38;5;64m[ADB]&amp#27;[0m Main activity name: 'me.example.android.weatherapp.MainActivity'
&amp#27;[38;5;80m[AndroidDriver]&amp#27;[0m Parsed package and activity are: me.example.android.weatherapp/me.example.android.weatherapp.MainActivity
&amp#27;[38;5;64m[ADB]&amp#27;[0m Running 'C:\Users\abuba\AppData\Local\Android\Sdk\platform-tools\adb.exe -P 5037 -s emulator-5554 wait-for-device'
&amp#27;[38;5;64m[ADB]&amp#27;[0m Running 'C:\Users\abuba\AppData\Local\Android\Sdk\platform-tools\adb.exe -P 5037 -s emulator-5554 shell echo ping'
&amp#27;[38;5;80m[AndroidDriver]&amp#27;[0m Pushing settings apk to device...
&amp#27;[38;5;64m[ADB]&amp#27;[0m Getting package info for 'io.appium.settings'
&amp#27;[38;5;64m[ADB]&amp#27;[0m Running 'C:\Users\abuba\AppData\Local\Android\Sdk\platform-tools\adb.exe -P 5037 -s emulator-5554 shell dumpsys package io.appium.settings'
&amp#27;[38;5;64m[ADB]&amp#27;[0m The version name of the installed 'io.appium.settings' is greater or equal to the application version name ('5.7.1' >= '5.7.1')
&amp#27;[38;5;64m[ADB]&amp#27;[0m There is no need to install/upgrade 'C:\Users\abuba\.appium\node_modules\appium-uiautomator2-driver\node_modules\io.appium.settings\apks\settings_apk-debug.apk'
&amp#27;[38;5;64m[ADB]&amp#27;[0m Running 'C:\Users\abuba\AppData\Local\Android\Sdk\platform-tools\adb.exe -P 5037 -s emulator-5554 shell dumpsys activity services io.appium.settings'
&amp#27;[38;5;80m[AndroidDriver]&amp#27;[0m io.appium.settings is already running. There is no need to reset its permissions.
&amp#27;[38;5;96m[Logcat]&amp#27;[0m Starting logs capture with command: C:\\Users\\abuba\\AppData\\Local\\Android\\Sdk\\platform-tools\\adb.exe -P 5037 -s emulator-5554 logcat -v threadtime
&amp#27;[38;5;32m[AndroidUiautomator2Driver@e3cd (9c0ff67f)]&amp#27;[0m Forwarding UiAutomator2 Server port 6790 to local port 8200
&amp#27;[38;5;64m[ADB]&amp#27;[0m Forwarding system: 8200 to device: 6790
&amp#27;[38;5;64m[ADB]&amp#27;[0m Running 'C:\Users\abuba\AppData\Local\Android\Sdk\platform-tools\adb.exe -P 5037 -s emulator-5554 forward tcp:8200 tcp:6790'
&amp#27;[38;5;64m[ADB]&amp#27;[0m Checking app cert for C:\Users\abuba\.appium\node_modules\appium-uiautomator2-driver\node_modules\appium-uiautomator2-server\apks\appium-uiautomator2-server-v6.0.3.apk
&amp#27;[38;5;64m[ADB]&amp#27;[0m Checking app cert for C:\Users\abuba\.appium\node_modules\appium-uiautomator2-driver\node_modules\appium-uiautomator2-server\apks\appium-uiautomator2-server-debug-androidTest.apk
&amp#27;[38;5;64m[ADB]&amp#27;[0m Using the previously cached signature entry for 'appium-uiautomator2-server-debug-androidTest.apk'
&amp#27;[38;5;64m[ADB]&amp#27;[0m sha256 hash did match for 'appium-uiautomator2-server-debug-androidTest.apk'
&amp#27;[38;5;64m[ADB]&amp#27;[0m Getting install status for io.appium.uiautomator2.server.test
&amp#27;[38;5;64m[ADB]&amp#27;[0m Running 'C:\Users\abuba\AppData\Local\Android\Sdk\platform-tools\adb.exe -P 5037 -s emulator-5554 shell pm path io.appium.uiautomator2.server.test'
&amp#27;[38;5;64m[ADB]&amp#27;[0m 'io.appium.uiautomator2.server.test' is installed
&amp#27;[38;5;64m[ADB]&amp#27;[0m Using the previously cached signature entry for 'appium-uiautomator2-server-v6.0.3.apk'
&amp#27;[38;5;64m[ADB]&amp#27;[0m sha256 hash did match for 'appium-uiautomator2-server-v6.0.3.apk'
&amp#27;[38;5;64m[ADB]&amp#27;[0m Getting package info for 'io.appium.uiautomator2.server'
&amp#27;[38;5;64m[ADB]&amp#27;[0m Running 'C:\Users\abuba\AppData\Local\Android\Sdk\platform-tools\adb.exe -P 5037 -s emulator-5554 shell dumpsys package io.appium.uiautomator2.server'
&amp#27;[38;5;112m[Instrumentation]&amp#27;[0m .
&amp#27;[38;5;112m[Instrumentation]&amp#27;[0m Time: 17.079
&amp#27;[38;5;112m[Instrumentation]&amp#27;[0m 
&amp#27;[38;5;112m[Instrumentation]&amp#27;[0m OK (1 test)
&amp#27;[38;5;64m[ADB]&amp#27;[0m The version name of the installed 'io.appium.uiautomator2.server' is greater or equal to the application version name ('6.0.3' >= '6.0.3')
&amp#27;[38;5;32m[AndroidUiautomator2Driver@e3cd (9c0ff67f)]&amp#27;[0m Server packages status: [{"wasSigned":true,"installState":"sameVersionInstalled","appPath":"C:\\Users\\abuba\\.appium\\node_modules\\appium-uiautomator2-driver\\node_modules\\appium-uiautomator2-server\\apks\\appium-uiautomator2-server-v6.0.3.apk","appId":"io.appium.uiautomator2.server"},{"wasSigned":true,"installState":"sameVersionInstalled","appPath":"C:\\Users\\abuba\\.appium\\node_modules\\appium-uiautomator2-driver\\node_modules\\appium-uiautomator2-server\\apks\\appium-uiautomator2-server-debug-androidTest.apk","appId":"io.appium.uiautomator2.server.test"}]
&amp#27;[38;5;32m[AndroidUiautomator2Driver@e3cd (9c0ff67f)]&amp#27;[0m Server packages are not going to be (re)installed
&amp#27;[38;5;32m[AndroidUiautomator2Driver@e3cd (9c0ff67f)]&amp#27;[0m Waiting up to 30000ms for services to be available
&amp#27;[38;5;64m[ADB]&amp#27;[0m Running 'C:\Users\abuba\AppData\Local\Android\Sdk\platform-tools\adb.exe -P 5037 -s emulator-5554 shell pm list instrumentation'
&amp#27;[38;5;112m[Instrumentation]&amp#27;[0m The process has exited with code 0
&amp#27;[38;5;32m[AndroidUiautomator2Driver@e3cd (9c0ff67f)]&amp#27;[0m Instrumentation target 'io.appium.uiautomator2.server.test/androidx.test.runner.AndroidJUnitRunner' is available
&amp#27;[38;5;64m[ADB]&amp#27;[0m Adding packages ["io.appium.settings","io.appium.uiautomator2.server","io.appium.uiautomator2.server.test"] to Doze whitelist
&amp#27;[38;5;64m[ADB]&amp#27;[0m Got the following command chunks to execute: [["dumpsys","deviceidle","whitelist","+io.appium.settings",";","dumpsys","deviceidle","whitelist","+io.appium.uiautomator2.server",";","dumpsys","deviceidle","whitelist","+io.appium.uiautomator2.server.test",";"]]
&amp#27;[38;5;64m[ADB]&amp#27;[0m Running 'C:\Users\abuba\AppData\Local\Android\Sdk\platform-tools\adb.exe -P 5037 -s emulator-5554 shell dumpsys deviceidle whitelist +io.appium.settings ; dumpsys deviceidle whitelist +io.appium.uiautomator2.server ; dumpsys deviceidle whitelist +io.appium.uiautomator2.server.test ;'
&amp#27;[38;5;64m[ADB]&amp#27;[0m Checking app cert for C:\Users\abuba\java_projects\weatherAppTest\src\test\resources\apk\app-debug.apk
&amp#27;[38;5;64m[ADB]&amp#27;[0m Using the previously cached signature entry for 'app-debug.apk'
&amp#27;[38;5;64m[ADB]&amp#27;[0m Getting package info for 'me.example.android.weatherapp'
&amp#27;[38;5;64m[ADB]&amp#27;[0m Running 'C:\Users\abuba\AppData\Local\Android\Sdk\platform-tools\adb.exe -P 5037 -s emulator-5554 shell dumpsys package me.example.android.weatherapp'
&amp#27;[38;5;64m[ADB]&amp#27;[0m The version name of the installed 'me.example.android.weatherapp' is greater or equal to the application version name ('1.0.0' >= '1.0.0')
&amp#27;[38;5;64m[ADB]&amp#27;[0m There is no need to install/upgrade 'C:\Users\abuba\java_projects\weatherAppTest\src\test\resources\apk\app-debug.apk'
&amp#27;[38;5;80m[AndroidDriver]&amp#27;[0m Performing fast reset on 'me.example.android.weatherapp'
&amp#27;[38;5;64m[ADB]&amp#27;[0m Getting install status for me.example.android.weatherapp
&amp#27;[38;5;64m[ADB]&amp#27;[0m Running 'C:\Users\abuba\AppData\Local\Android\Sdk\platform-tools\adb.exe -P 5037 -s emulator-5554 shell pm path me.example.android.weatherapp'
&amp#27;[38;5;64m[ADB]&amp#27;[0m 'me.example.android.weatherapp' is installed
&amp#27;[38;5;64m[ADB]&amp#27;[0m Running 'C:\Users\abuba\AppData\Local\Android\Sdk\platform-tools\adb.exe -P 5037 -s emulator-5554 shell am force-stop me.example.android.weatherapp'
&amp#27;[38;5;64m[ADB]&amp#27;[0m Running 'C:\Users\abuba\AppData\Local\Android\Sdk\platform-tools\adb.exe -P 5037 -s emulator-5554 shell pm clear me.example.android.weatherapp'
&amp#27;[38;5;64m[ADB]&amp#27;[0m Running 'C:\Users\abuba\AppData\Local\Android\Sdk\platform-tools\adb.exe -P 5037 -s emulator-5554 shell dumpsys package me.example.android.weatherapp'
&amp#27;[38;5;64m[ADB]&amp#27;[0m Retrieving requested permissions
&amp#27;[38;5;64m[ADB]&amp#27;[0m Retrieved 8 permissions from requested group
&amp#27;[38;5;64m[ADB]&amp#27;[0m Retrieving granted permissions
&amp#27;[38;5;64m[ADB]&amp#27;[0m Retrieved 1 permission from install,runtime groups
&amp#27;[38;5;64m[ADB]&amp#27;[0m Granting permissions ["android.permission.ACCESS_FINE_LOCATION","android.permission.ACCESS_COARSE_LOCATION","android.permission.POST_NOTIFICATIONS","android.permission.POST_NOTIFICATIONS","android.permission.ACCESS_FINE_LOCATION","android.permission.ACCESS_COARSE_LOCATION"] to 'me.example.android.weatherapp'
&amp#27;[38;5;64m[ADB]&amp#27;[0m Got the following command chunks to execute: [["pm","grant","me.example.android.weatherapp","android.permission.ACCESS_FINE_LOCATION",";","pm","grant","me.example.android.weatherapp","android.permission.ACCESS_COARSE_LOCATION",";","pm","grant","me.example.android.weatherapp","android.permission.POST_NOTIFICATIONS",";","pm","grant","me.example.android.weatherapp","android.permission.POST_NOTIFICATIONS",";","pm","grant","me.example.android.weatherapp","android.permission.ACCESS_FINE_LOCATION",";","pm","grant","me.example.android.weatherapp","android.permission.ACCESS_COARSE_LOCATION",";"]]
&amp#27;[38;5;64m[ADB]&amp#27;[0m Running 'C:\Users\abuba\AppData\Local\Android\Sdk\platform-tools\adb.exe -P 5037 -s emulator-5554 shell pm grant me.example.android.weatherapp android.permission.ACCESS_FINE_LOCATION ; pm grant me.example.android.weatherapp android.permission.ACCESS_COARSE_LOCATION ; pm grant me.example.android.weatherapp android.permission.POST_NOTIFICATIONS ; pm grant me.example.android.weatherapp android.permission.POST_NOTIFICATIONS ; pm grant me.example.android.weatherapp android.permission.ACCESS_FINE_LOCATION ; pm grant me.example.android.weatherapp android.permission.ACCESS_COARSE_LOCATION ;'
&amp#27;[38;5;80m[AndroidDriver]&amp#27;[0m Performed fast reset on the installed 'me.example.android.weatherapp' application (stop and clear)
&amp#27;[38;5;32m[AndroidUiautomator2Driver@e3cd (9c0ff67f)]&amp#27;[0m Performing shallow cleanup of automation leftovers
&amp#27;[38;5;32m[AndroidUiautomator2Driver@e3cd (9c0ff67f)]&amp#27;[0m No obsolete sessions have been detected (socket hang up)
&amp#27;[38;5;64m[ADB]&amp#27;[0m Running 'C:\Users\abuba\AppData\Local\Android\Sdk\platform-tools\adb.exe -P 5037 -s emulator-5554 shell am force-stop io.appium.uiautomator2.server.test'
&amp#27;[38;5;32m[AndroidUiautomator2Driver@e3cd (9c0ff67f)]&amp#27;[0m Starting UIAutomator2 server 6.0.3
&amp#27;[38;5;32m[AndroidUiautomator2Driver@e3cd (9c0ff67f)]&amp#27;[0m Using UIAutomator2 server from 'C:\Users\abuba\.appium\node_modules\appium-uiautomator2-driver\node_modules\appium-uiautomator2-server\apks\appium-uiautomator2-server-v6.0.3.apk' and test from 'C:\Users\abuba\.appium\node_modules\appium-uiautomator2-driver\node_modules\appium-uiautomator2-server\apks\appium-uiautomator2-server-debug-androidTest.apk'
&amp#27;[38;5;32m[AndroidUiautomator2Driver@e3cd (9c0ff67f)]&amp#27;[0m Waiting up to 30000ms for UiAutomator2 to be online...
&amp#27;[38;5;64m[ADB]&amp#27;[0m Creating ADB subprocess with args: ["-P","5037","-s","emulator-5554","shell","am","instrument","-w","-e","disableAnalytics","true","io.appium.uiautomator2.server.test/androidx.test.runner.AndroidJUnitRunner"]
&amp#27;[38;5;32m[AndroidUiautomator2Driver@e3cd (9c0ff67f)]&amp#27;[0m Matched '/status' to command name 'getStatus'
&amp#27;[38;5;32m[AndroidUiautomator2Driver@e3cd (9c0ff67f)]&amp#27;[0m Proxying [GET /status] to [GET http://127.0.0.1:8200/status] with no body
&amp#27;[38;5;32m[AndroidUiautomator2Driver@e3cd (9c0ff67f)]&amp#27;[0m socket hang up
&amp#27;[38;5;112m[Instrumentation]&amp#27;[0m io.appium.uiautomator2.server.test.AppiumUiAutomator2Server:
&amp#27;[38;5;32m[AndroidUiautomator2Driver@e3cd (9c0ff67f)]&amp#27;[0m Matched '/status' to command name 'getStatus'
&amp#27;[38;5;32m[AndroidUiautomator2Driver@e3cd (9c0ff67f)]&amp#27;[0m Proxying [GET /status] to [GET http://127.0.0.1:8200/status] with no body
&amp#27;[38;5;32m[AndroidUiautomator2Driver@e3cd (9c0ff67f)]&amp#27;[0m socket hang up
&amp#27;[38;5;32m[AndroidUiautomator2Driver@e3cd (9c0ff67f)]&amp#27;[0m Matched '/status' to command name 'getStatus'
&amp#27;[38;5;32m[AndroidUiautomator2Driver@e3cd (9c0ff67f)]&amp#27;[0m Proxying [GET /status] to [GET http://127.0.0.1:8200/status] with no body
&amp#27;[38;5;32m[AndroidUiautomator2Driver@e3cd (9c0ff67f)]&amp#27;[0m Got response with status 200: {"sessionId":"None","value":{"message":"UiAutomator2 Server is ready to accept commands","ready":true}}
&amp#27;[38;5;32m[AndroidUiautomator2Driver@e3cd (9c0ff67f)]&amp#27;[0m The initialization of the instrumentation process took 2104ms
&amp#27;[38;5;32m[AndroidUiautomator2Driver@e3cd (9c0ff67f)]&amp#27;[0m Matched '/session' to command name 'createSession'
&amp#27;[38;5;32m[AndroidUiautomator2Driver@e3cd (9c0ff67f)]&amp#27;[0m Proxying [POST /session] to [POST http://127.0.0.1:8200/session] with body: {"capabilities":{"firstMatch":[{"platformName":"ANDROID","app":"src/test/resources/apk/app-debug.apk","autoGrantPermissions":true,"automationName":"UIAutomator2","udid":"emulator-5554","platform":"LINUX","webStorageEnabled":false,"takesScreenshot":true,"javascriptEnabled":true,"databaseEnabled":false,"networkConnectionEnabled":true,"locationContextEnabled":false,"warnings":{},"desired":{"platformName":"ANDROID","app":"src/test/resources/apk/app-debug.apk","autoGrantPermissions":true,"automationName":"UIAutomator2","udid":"emulator-5554"},"deviceName":"emulator-5554","deviceUDID":"emulator-5554","appPackage":"me.example.android.weatherapp"}],"alwaysMatch":{}}}
&amp#27;[38;5;32m[AndroidUiautomator2Driver@e3cd (9c0ff67f)]&amp#27;[0m Got response with status 200: {"sessionId":"2fea60ff-cc1e-449a-891a-56c913714252","value":{"capabilities":{"firstMatch":[{"platformName":"ANDROID","app":"src/test/resources/apk/app-debug.apk","autoGrantPermissions":true,"automationName":"UIAutomator2","udid":"emulator-5554","platform":"LINUX","webStorageEnabled":false,"takesScreenshot":true,"javascriptEnabled":true,"databaseEnabled":false,"networkConnectionEnabled":true,"locationContextEnabled":false,"warnings":{},"desired":{"platformName":"ANDROID","app":"src/test/resources/apk/app-debug.apk","autoGrantPermissions":true,"automationName":"UIAutomator2","udid":"emulator-5554"},"deviceName":"emulator-5554","deviceUDID":"emulator-5554","appPackage":"me.example.android.weatherapp"}],"alwaysMatch":{}},"sessionId":"2fea60ff-cc1e-449a-891a-56c913714252"}}
&amp#27;[38;5;32m[AndroidUiautomator2Driver@e3cd (9c0ff67f)]&amp#27;[0m Determined the downstream protocol as 'W3C'
&amp#27;[38;5;32m[AndroidUiautomator2Driver@e3cd (9c0ff67f)]&amp#27;[0m Proxying [GET /appium/device/pixel_ratio] to [GET http://127.0.0.1:8200/session/2fea60ff-cc1e-449a-891a-56c913714252/appium/device/pixel_ratio] with no body
&amp#27;[38;5;32m[AndroidUiautomator2Driver@e3cd (9c0ff67f)]&amp#27;[0m Matched '/appium/device/system_bars' to command name 'getSystemBars'
&amp#27;[38;5;32m[AndroidUiautomator2Driver@e3cd (9c0ff67f)]&amp#27;[0m Proxying [GET /appium/device/system_bars] to [GET http://127.0.0.1:8200/session/2fea60ff-cc1e-449a-891a-56c913714252/appium/device/system_bars] with no body
&amp#27;[38;5;32m[AndroidUiautomator2Driver@e3cd (9c0ff67f)]&amp#27;[0m Matched '/window/current/size' to command name 'getWindowSize'
&amp#27;[38;5;32m[AndroidUiautomator2Driver@e3cd (9c0ff67f)]&amp#27;[0m Proxying [GET /window/current/size] to [GET http://127.0.0.1:8200/session/2fea60ff-cc1e-449a-891a-56c913714252/window/current/size] with no body
&amp#27;[38;5;32m[AndroidUiautomator2Driver@e3cd (9c0ff67f)]&amp#27;[0m Proxying [GET /appium/device/info] to [GET http://127.0.0.1:8200/session/2fea60ff-cc1e-449a-891a-56c913714252/appium/device/info] with no body
&amp#27;[38;5;64m[ADB]&amp#27;[0m Running 'C:\Users\abuba\AppData\Local\Android\Sdk\platform-tools\adb.exe -P 5037 -s emulator-5554 shell dumpsys window'
&amp#27;[38;5;32m[AndroidUiautomator2Driver@e3cd (9c0ff67f)]&amp#27;[0m Got response with status 200: {"sessionId":"2fea60ff-cc1e-449a-891a-56c913714252","value":2.75}
&amp#27;[38;5;32m[AndroidUiautomator2Driver@e3cd (9c0ff67f)]&amp#27;[0m Got response with status 200: {"sessionId":"2fea60ff-cc1e-449a-891a-56c913714252","value":{"statusBar":66}}
&amp#27;[38;5;32m[AndroidUiautomator2Driver@e3cd (9c0ff67f)]&amp#27;[0m Got response with status 200: {"sessionId":"2fea60ff-cc1e-449a-891a-56c913714252","value":{"height":2220,"width":1080}}
&amp#27;[38;5;32m[AndroidUiautomator2Driver@e3cd (9c0ff67f)]&amp#27;[0m Got response with status 200: {"sessionId":"2fea60ff-cc1e-449a-891a-56c913714252","value":{"androidId":"f238964dfab8eda9","apiVersion":"34","bluetooth":{"state":"ON"},"brand":"google","carrierName":"T-Mobile","displayDensity":440,"locale":"en_US","manufacturer":"Google","model":"sdk_gphone64_x86_64","networks":[{"capabilities":{"SSID":null,"linkDownBandwidthKbps":30000,"linkUpstreamBandwidthKbps":15000,"networkCapabilities":"NET_CAPABILITY_MMS,NET_CAPABILITY_SUPL,NET_CAPABILITY_DUN,NET_CAPABILITY_FOTA,NET_CAPABILITY_IMS,NET_CAPABILITY_CBS,NET_CAPABILITY_INTERNET,NET_CAPABILITY_NOT_RESTRICTED,NET_CAPABILITY_TRUSTED,NET_CAPABILITY_NOT_VPN,NET_CAPABILITY_VALIDATED,NET_CAPABILITY_NOT_ROAMING,NET_CAPABILITY_NOT_CONGESTED,NET_CAPABILITY_NOT_SUSPENDED","signalStrength":-2147483648,"transportTypes":"TRANSPORT_CELLULAR"},"detailedState":"CONNECTED","extraInfo":"epc.tmobile.com","isAvailable":true,"isConnected":true,"isFailover":false,"isRoaming":false,"state":"CONNECTED","subtype":10,"subtypeName":"HSPA","type":0,"typeName":"MOBILE"},{"capabili...
&amp#27;[38;5;80m[AndroidDriver]&amp#27;[0m Screen already unlocked, doing nothing
&amp#27;[38;5;32m[AndroidUiautomator2Driver@e3cd (9c0ff67f)]&amp#27;[0m Starting 'me.example.android.weatherapp/me.example.android.weatherapp.MainActivity and waiting for 'me.example.android.weatherapp/me.example.android.weatherapp.MainActivity'
&amp#27;[38;5;64m[ADB]&amp#27;[0m Running 'C:\Users\abuba\AppData\Local\Android\Sdk\platform-tools\adb.exe -P 5037 -s emulator-5554 shell am start -W -n me.example.android.weatherapp/me.example.android.weatherapp.MainActivity -S -a android.intent.action.MAIN -c android.intent.category.LAUNCHER -f 0x10200000'
&amp#27;[38;5;64m[ADB]&amp#27;[0m Waiting up to 20000ms for activity matching pkg: 'me.example.android.weatherapp' and activity: 'me.example.android.weatherapp.MainActivity' to be focused
&amp#27;[38;5;64m[ADB]&amp#27;[0m Possible activities, to be checked: 'me.example.android.weatherapp.MainActivity', 'me.example.android.weatherapp.me.example.android.weatherapp.MainActivity'
&amp#27;[38;5;64m[ADB]&amp#27;[0m Getting focused package and activity
&amp#27;[38;5;64m[ADB]&amp#27;[0m Running 'C:\Users\abuba\AppData\Local\Android\Sdk\platform-tools\adb.exe -P 5037 -s emulator-5554 shell dumpsys window displays'
&amp#27;[38;5;64m[ADB]&amp#27;[0m Found package: 'me.example.android.weatherapp' and fully qualified activity name : 'me.example.android.weatherapp.MainActivity'
&amp#27;[38;5;16m[AppiumDriver@1ce0]&amp#27;[0m New AndroidUiautomator2Driver session created successfully, session 9c0ff67f-6efc-443b-a62f-dce2bca5d56b added to master session list
&amp#27;[38;5;16m[AppiumDriver@1ce0]&amp#27;[0m Event 'newSessionStarted' logged at 1705314403206 (16:26:43 GMT+0600 (Bangladesh Standard Time))
&amp#27;[38;5;32m[AndroidUiautomator2Driver@e3cd (9c0ff67f)]&amp#27;[0m Cached the protocol value 'W3C' for the new session 9c0ff67f-6efc-443b-a62f-dce2bca5d56b
&amp#27;[38;5;32m[AndroidUiautomator2Driver@e3cd (9c0ff67f)]&amp#27;[0m Responding to client with driver.createSession() result: {"capabilities":{"platformName":"ANDROID","app":"src/test/resources/apk/app-debug.apk","autoGrantPermissions":true,"automationName":"UIAutomator2","udid":"emulator-5554","platform":"LINUX","webStorageEnabled":false,"takesScreenshot":true,"javascriptEnabled":true,"databaseEnabled":false,"networkConnectionEnabled":true,"locationContextEnabled":false,"warnings":{},"desired":{"platformName":"ANDROID","app":"src/test/resources/apk/app-debug.apk","autoGrantPermissions":true,"automationName":"UIAutomator2","udid":"emulator-5554"},"deviceName":"emulator-5554","deviceUDID":"emulator-5554","appPackage":"me.example.android.weatherapp","pixelRatio":"2.75","statBarHeight":66,"viewportRect":{"left":0,"top":66,"width":1080,"height":2154},"deviceApiLevel":34,"platformVersion":"14","deviceManufacturer":"Google","deviceModel":"sdk_gphone64_x86_64","deviceScreenSize":"1080x2220","deviceScreenDensity":440}}
&amp#27;[38;5;0m[HTTP]&amp#27;[0m &amp#27;[37m<-- POST /session &amp#27;[39m&amp#27;[32m200&amp#27;[39m &amp#27;[90m4477 ms - 961&amp#27;[39m
&amp#27;[38;5;0m[HTTP]&amp#27;[0m &amp#27;[90m&amp#27;[39m
&amp#27;[38;5;0m[HTTP]&amp#27;[0m &amp#27;[37m-->&amp#27;[39m &amp#27;[37mPOST&amp#27;[39m &amp#27;[37m/session/9c0ff67f-6efc-443b-a62f-dce2bca5d56b/element&amp#27;[39m
&amp#27;[38;5;0m[HTTP]&amp#27;[0m &amp#27;[90m{"using":"xpath","value":"//android.view.View[@text='Today']"}&amp#27;[39m
&amp#27;[38;5;32m[AndroidUiautomator2Driver@e3cd (9c0ff67f)]&amp#27;[0m Calling AppiumDriver.findElement() with args: ["xpath","//android.view.View[@text='Today']","9c0ff67f-6efc-443b-a62f-dce2bca5d56b"]
&amp#27;[38;5;32m[AndroidUiautomator2Driver@e3cd (9c0ff67f)]&amp#27;[0m Valid locator strategies for this request: xpath, id, class name, accessibility id, css selector, -android uiautomator
&amp#27;[38;5;32m[AndroidUiautomator2Driver@e3cd (9c0ff67f)]&amp#27;[0m Waiting up to 0 ms for condition
&amp#27;[38;5;32m[AndroidUiautomator2Driver@e3cd (9c0ff67f)]&amp#27;[0m Matched '/element' to command name 'findElement'
&amp#27;[38;5;32m[AndroidUiautomator2Driver@e3cd (9c0ff67f)]&amp#27;[0m Proxying [POST /element] to [POST http://127.0.0.1:8200/session/2fea60ff-cc1e-449a-891a-56c913714252/element] with body: {"strategy":"xpath","selector":"//android.view.View[@text='Today']","context":"","multiple":false}
&amp#27;[38;5;32m[AndroidUiautomator2Driver@e3cd (9c0ff67f)]&amp#27;[0m Got response with status 404: {"sessionId":"2fea60ff-cc1e-449a-891a-56c913714252","value":{"error":"no such element","message":"An element could not be located on the page using the given search parameters","stacktrace":"io.appium.uiautomator2.common.exceptions.ElementNotFoundException: An element could not be located on the page using the given search parameters\n\tat io.appium.uiautomator2.utils.ElementLocationHelpers.findElement(ElementLocationHelpers.java:156)\n\tat io.appium.uiautomator2.handler.FindElement.safeHandle(FindElement.java:60)\n\tat io.appium.uiautomator2.handler.request.SafeRequestHandler.handle(SafeRequestHandler.java:59)\n\tat io.appium.uiautomator2.server.AppiumServlet.handleRequest(AppiumServlet.java:277)\n\tat io.appium.uiautomator2.server.AppiumServlet.handleHttpRequest(AppiumServlet.java:271)\n\tat io.appium.uiautomator2.http.ServerHandler.channelRead(ServerHandler.java:77)\n\tat io.netty.channel.AbstractChannelHandlerContext.invokeChannelRead(AbstractChannelHandlerContext.java:366)\n\tat io.netty.channel.Abstr...
&amp#27;[38;5;128m[W3C]&amp#27;[0m Matched W3C error code 'no such element' to NoSuchElementError
&amp#27;[38;5;32m[AndroidUiautomator2Driver@e3cd (9c0ff67f)]&amp#27;[0m Encountered internal error running command: NoSuchElementError: An element could not be located on the page using the given search parameters.
&amp#27;[38;5;32m[AndroidUiautomator2Driver@e3cd (9c0ff67f)]&amp#27;[0m     at AndroidUiautomator2Driver.findElOrEls (C:\Users\abuba\.appium\node_modules\appium-uiautomator2-driver\node_modules\appium-android-driver\lib\commands\find.ts:87:11)
&amp#27;[38;5;32m[AndroidUiautomator2Driver@e3cd (9c0ff67f)]&amp#27;[0m     at processTicksAndRejections (node:internal/process/task_queues:95:5)
&amp#27;[38;5;32m[AndroidUiautomator2Driver@e3cd (9c0ff67f)]&amp#27;[0m     at AndroidUiautomator2Driver.findElOrElsWithProcessing (C:\Users\abuba\AppData\Roaming\npm\node_modules\appium\node_modules\@appium\base-driver\lib\basedriver\commands\find.ts:60:12)
&amp#27;[38;5;32m[AndroidUiautomator2Driver@e3cd (9c0ff67f)]&amp#27;[0m     at AndroidUiautomator2Driver.findElement (C:\Users\abuba\AppData\Roaming\npm\node_modules\appium\node_modules\@appium\base-driver\lib\basedriver\commands\find.ts:75:12)
&amp#27;[38;5;0m[HTTP]&amp#27;[0m &amp#27;[37m<-- POST /session/9c0ff67f-6efc-443b-a62f-dce2bca5d56b/element &amp#27;[39m&amp#27;[33m404&amp#27;[39m &amp#27;[90m1574 ms - 890&amp#27;[39m
&amp#27;[38;5;0m[HTTP]&amp#27;[0m &amp#27;[90m&amp#27;[39m
&amp#27;[38;5;0m[HTTP]&amp#27;[0m &amp#27;[37m-->&amp#27;[39m &amp#27;[37mPOST&amp#27;[39m &amp#27;[37m/session/9c0ff67f-6efc-443b-a62f-dce2bca5d56b/element&amp#27;[39m
&amp#27;[38;5;0m[HTTP]&amp#27;[0m &amp#27;[90m{"using":"xpath","value":"//android.view.View[@text='Today']"}&amp#27;[39m
&amp#27;[38;5;32m[AndroidUiautomator2Driver@e3cd (9c0ff67f)]&amp#27;[0m Calling AppiumDriver.findElement() with args: ["xpath","//android.view.View[@text='Today']","9c0ff67f-6efc-443b-a62f-dce2bca5d56b"]
&amp#27;[38;5;32m[AndroidUiautomator2Driver@e3cd (9c0ff67f)]&amp#27;[0m Valid locator strategies for this request: xpath, id, class name, accessibility id, css selector, -android uiautomator
&amp#27;[38;5;32m[AndroidUiautomator2Driver@e3cd (9c0ff67f)]&amp#27;[0m Waiting up to 0 ms for condition
&amp#27;[38;5;32m[AndroidUiautomator2Driver@e3cd (9c0ff67f)]&amp#27;[0m Matched '/element' to command name 'findElement'
&amp#27;[38;5;32m[AndroidUiautomator2Driver@e3cd (9c0ff67f)]&amp#27;[0m Proxying [POST /element] to [POST http://127.0.0.1:8200/session/2fea60ff-cc1e-449a-891a-56c913714252/element] with body: {"strategy":"xpath","selector":"//android.view.View[@text='Today']","context":"","multiple":false}
&amp#27;[38;5;32m[AndroidUiautomator2Driver@e3cd (9c0ff67f)]&amp#27;[0m Got response with status 404: {"sessionId":"2fea60ff-cc1e-449a-891a-56c913714252","value":{"error":"no such element","message":"An element could not be located on the page using the given search parameters","stacktrace":"io.appium.uiautomator2.common.exceptions.ElementNotFoundException: An element could not be located on the page using the given search parameters\n\tat io.appium.uiautomator2.utils.ElementLocationHelpers.findElement(ElementLocationHelpers.java:156)\n\tat io.appium.uiautomator2.handler.FindElement.safeHandle(FindElement.java:60)\n\tat io.appium.uiautomator2.handler.request.SafeRequestHandler.handle(SafeRequestHandler.java:59)\n\tat io.appium.uiautomator2.server.AppiumServlet.handleRequest(AppiumServlet.java:277)\n\tat io.appium.uiautomator2.server.AppiumServlet.handleHttpRequest(AppiumServlet.java:271)\n\tat io.appium.uiautomator2.http.ServerHandler.channelRead(ServerHandler.java:77)\n\tat io.netty.channel.AbstractChannelHandlerContext.invokeChannelRead(AbstractChannelHandlerContext.java:366)\n\tat io.netty.channel.Abstr...
&amp#27;[38;5;128m[W3C]&amp#27;[0m Matched W3C error code 'no such element' to NoSuchElementError
&amp#27;[38;5;32m[AndroidUiautomator2Driver@e3cd (9c0ff67f)]&amp#27;[0m Encountered internal error running command: NoSuchElementError: An element could not be located on the page using the given search parameters.
&amp#27;[38;5;32m[AndroidUiautomator2Driver@e3cd (9c0ff67f)]&amp#27;[0m     at AndroidUiautomator2Driver.findElOrEls (C:\Users\abuba\.appium\node_modules\appium-uiautomator2-driver\node_modules\appium-android-driver\lib\commands\find.ts:87:11)
&amp#27;[38;5;32m[AndroidUiautomator2Driver@e3cd (9c0ff67f)]&amp#27;[0m     at processTicksAndRejections (node:internal/process/task_queues:95:5)
&amp#27;[38;5;32m[AndroidUiautomator2Driver@e3cd (9c0ff67f)]&amp#27;[0m     at AndroidUiautomator2Driver.findElOrElsWithProcessing (C:\Users\abuba\AppData\Roaming\npm\node_modules\appium\node_modules\@appium\base-driver\lib\basedriver\commands\find.ts:60:12)
&amp#27;[38;5;32m[AndroidUiautomator2Driver@e3cd (9c0ff67f)]&amp#27;[0m     at AndroidUiautomator2Driver.findElement (C:\Users\abuba\AppData\Roaming\npm\node_modules\appium\node_modules\@appium\base-driver\lib\basedriver\commands\find.ts:75:12)
&amp#27;[38;5;0m[HTTP]&amp#27;[0m &amp#27;[37m<-- POST /session/9c0ff67f-6efc-443b-a62f-dce2bca5d56b/element &amp#27;[39m&amp#27;[33m404&amp#27;[39m &amp#27;[90m96 ms - 890&amp#27;[39m
&amp#27;[38;5;0m[HTTP]&amp#27;[0m &amp#27;[90m&amp#27;[39m
&amp#27;[38;5;0m[HTTP]&amp#27;[0m &amp#27;[37m-->&amp#27;[39m &amp#27;[37mPOST&amp#27;[39m &amp#27;[37m/session/9c0ff67f-6efc-443b-a62f-dce2bca5d56b/element&amp#27;[39m
&amp#27;[38;5;0m[HTTP]&amp#27;[0m &amp#27;[90m{"using":"xpath","value":"//android.view.View[@text='Today']"}&amp#27;[39m
&amp#27;[38;5;32m[AndroidUiautomator2Driver@e3cd (9c0ff67f)]&amp#27;[0m Calling AppiumDriver.findElement() with args: ["xpath","//android.view.View[@text='Today']","9c0ff67f-6efc-443b-a62f-dce2bca5d56b"]
&amp#27;[38;5;32m[AndroidUiautomator2Driver@e3cd (9c0ff67f)]&amp#27;[0m Valid locator strategies for this request: xpath, id, class name, accessibility id, css selector, -android uiautomator
&amp#27;[38;5;32m[AndroidUiautomator2Driver@e3cd (9c0ff67f)]&amp#27;[0m Waiting up to 0 ms for condition
&amp#27;[38;5;32m[AndroidUiautomator2Driver@e3cd (9c0ff67f)]&amp#27;[0m Matched '/element' to command name 'findElement'
&amp#27;[38;5;32m[AndroidUiautomator2Driver@e3cd (9c0ff67f)]&amp#27;[0m Proxying [POST /element] to [POST http://127.0.0.1:8200/session/2fea60ff-cc1e-449a-891a-56c913714252/element] with body: {"strategy":"xpath","selector":"//android.view.View[@text='Today']","context":"","multiple":false}
&amp#27;[38;5;32m[AndroidUiautomator2Driver@e3cd (9c0ff67f)]&amp#27;[0m Got response with status 404: {"sessionId":"2fea60ff-cc1e-449a-891a-56c913714252","value":{"error":"no such element","message":"An element could not be located on the page using the given search parameters","stacktrace":"io.appium.uiautomator2.common.exceptions.ElementNotFoundException: An element could not be located on the page using the given search parameters\n\tat io.appium.uiautomator2.utils.ElementLocationHelpers.findElement(ElementLocationHelpers.java:156)\n\tat io.appium.uiautomator2.handler.FindElement.safeHandle(FindElement.java:60)\n\tat io.appium.uiautomator2.handler.request.SafeRequestHandler.handle(SafeRequestHandler.java:59)\n\tat io.appium.uiautomator2.server.AppiumServlet.handleRequest(AppiumServlet.java:277)\n\tat io.appium.uiautomator2.server.AppiumServlet.handleHttpRequest(AppiumServlet.java:271)\n\tat io.appium.uiautomator2.http.ServerHandler.channelRead(ServerHandler.java:77)\n\tat io.netty.channel.AbstractChannelHandlerContext.invokeChannelRead(AbstractChannelHandlerContext.java:366)\n\tat io.netty.channel.Abstr...
&amp#27;[38;5;128m[W3C]&amp#27;[0m Matched W3C error code 'no such element' to NoSuchElementError
&amp#27;[38;5;32m[AndroidUiautomator2Driver@e3cd (9c0ff67f)]&amp#27;[0m Encountered internal error running command: NoSuchElementError: An element could not be located on the page using the given search parameters.
&amp#27;[38;5;32m[AndroidUiautomator2Driver@e3cd (9c0ff67f)]&amp#27;[0m     at AndroidUiautomator2Driver.findElOrEls (C:\Users\abuba\.appium\node_modules\appium-uiautomator2-driver\node_modules\appium-android-driver\lib\commands\find.ts:87:11)
&amp#27;[38;5;32m[AndroidUiautomator2Driver@e3cd (9c0ff67f)]&amp#27;[0m     at processTicksAndRejections (node:internal/process/task_queues:95:5)
&amp#27;[38;5;32m[AndroidUiautomator2Driver@e3cd (9c0ff67f)]&amp#27;[0m     at AndroidUiautomator2Driver.findElOrElsWithProcessing (C:\Users\abuba\AppData\Roaming\npm\node_modules\appium\node_modules\@appium\base-driver\lib\basedriver\commands\find.ts:60:12)
&amp#27;[38;5;32m[AndroidUiautomator2Driver@e3cd (9c0ff67f)]&amp#27;[0m     at AndroidUiautomator2Driver.findElement (C:\Users\abuba\AppData\Roaming\npm\node_modules\appium\node_modules\@appium\base-driver\lib\basedriver\commands\find.ts:75:12)
&amp#27;[38;5;0m[HTTP]&amp#27;[0m &amp#27;[37m<-- POST /session/9c0ff67f-6efc-443b-a62f-dce2bca5d56b/element &amp#27;[39m&amp#27;[33m404&amp#27;[39m &amp#27;[90m73 ms - 890&amp#27;[39m
&amp#27;[38;5;0m[HTTP]&amp#27;[0m &amp#27;[90m&amp#27;[39m
&amp#27;[38;5;0m[HTTP]&amp#27;[0m &amp#27;[37m-->&amp#27;[39m &amp#27;[37mPOST&amp#27;[39m &amp#27;[37m/session/9c0ff67f-6efc-443b-a62f-dce2bca5d56b/element&amp#27;[39m
&amp#27;[38;5;0m[HTTP]&amp#27;[0m &amp#27;[90m{"using":"xpath","value":"//android.view.View[@text='Today']"}&amp#27;[39m
&amp#27;[38;5;32m[AndroidUiautomator2Driver@e3cd (9c0ff67f)]&amp#27;[0m Calling AppiumDriver.findElement() with args: ["xpath","//android.view.View[@text='Today']","9c0ff67f-6efc-443b-a62f-dce2bca5d56b"]
&amp#27;[38;5;32m[AndroidUiautomator2Driver@e3cd (9c0ff67f)]&amp#27;[0m Valid locator strategies for this request: xpath, id, class name, accessibility id, css selector, -android uiautomator
&amp#27;[38;5;32m[AndroidUiautomator2Driver@e3cd (9c0ff67f)]&amp#27;[0m Waiting up to 0 ms for condition
&amp#27;[38;5;32m[AndroidUiautomator2Driver@e3cd (9c0ff67f)]&amp#27;[0m Matched '/element' to command name 'findElement'
&amp#27;[38;5;32m[AndroidUiautomator2Driver@e3cd (9c0ff67f)]&amp#27;[0m Proxying [POST /element] to [POST http://127.0.0.1:8200/session/2fea60ff-cc1e-449a-891a-56c913714252/element] with body: {"strategy":"xpath","selector":"//android.view.View[@text='Today']","context":"","multiple":false}
&amp#27;[38;5;32m[AndroidUiautomator2Driver@e3cd (9c0ff67f)]&amp#27;[0m Got response with status 404: {"sessionId":"2fea60ff-cc1e-449a-891a-56c913714252","value":{"error":"no such element","message":"An element could not be located on the page using the given search parameters","stacktrace":"io.appium.uiautomator2.common.exceptions.ElementNotFoundException: An element could not be located on the page using the given search parameters\n\tat io.appium.uiautomator2.utils.ElementLocationHelpers.findElement(ElementLocationHelpers.java:156)\n\tat io.appium.uiautomator2.handler.FindElement.safeHandle(FindElement.java:60)\n\tat io.appium.uiautomator2.handler.request.SafeRequestHandler.handle(SafeRequestHandler.java:59)\n\tat io.appium.uiautomator2.server.AppiumServlet.handleRequest(AppiumServlet.java:277)\n\tat io.appium.uiautomator2.server.AppiumServlet.handleHttpRequest(AppiumServlet.java:271)\n\tat io.appium.uiautomator2.http.ServerHandler.channelRead(ServerHandler.java:77)\n\tat io.netty.channel.AbstractChannelHandlerContext.invokeChannelRead(AbstractChannelHandlerContext.java:366)\n\tat io.netty.channel.Abstr...
&amp#27;[38;5;128m[W3C]&amp#27;[0m Matched W3C error code 'no such element' to NoSuchElementError
&amp#27;[38;5;32m[AndroidUiautomator2Driver@e3cd (9c0ff67f)]&amp#27;[0m Encountered internal error running command: NoSuchElementError: An element could not be located on the page using the given search parameters.
&amp#27;[38;5;32m[AndroidUiautomator2Driver@e3cd (9c0ff67f)]&amp#27;[0m     at AndroidUiautomator2Driver.findElOrEls (C:\Users\abuba\.appium\node_modules\appium-uiautomator2-driver\node_modules\appium-android-driver\lib\commands\find.ts:87:11)
&amp#27;[38;5;32m[AndroidUiautomator2Driver@e3cd (9c0ff67f)]&amp#27;[0m     at processTicksAndRejections (node:internal/process/task_queues:95:5)
&amp#27;[38;5;32m[AndroidUiautomator2Driver@e3cd (9c0ff67f)]&amp#27;[0m     at AndroidUiautomator2Driver.findElOrElsWithProcessing (C:\Users\abuba\AppData\Roaming\npm\node_modules\appium\node_modules\@appium\base-driver\lib\basedriver\commands\find.ts:60:12)
&amp#27;[38;5;32m[AndroidUiautomator2Driver@e3cd (9c0ff67f)]&amp#27;[0m     at AndroidUiautomator2Driver.findElement (C:\Users\abuba\AppData\Roaming\npm\node_modules\appium\node_modules\@appium\base-driver\lib\basedriver\commands\find.ts:75:12)
&amp#27;[38;5;0m[HTTP]&amp#27;[0m &amp#27;[37m<-- POST /session/9c0ff67f-6efc-443b-a62f-dce2bca5d56b/element &amp#27;[39m&amp#27;[33m404&amp#27;[39m &amp#27;[90m93 ms - 890&amp#27;[39m
&amp#27;[38;5;0m[HTTP]&amp#27;[0m &amp#27;[90m&amp#27;[39m
&amp#27;[38;5;0m[HTTP]&amp#27;[0m &amp#27;[37m-->&amp#27;[39m &amp#27;[37mPOST&amp#27;[39m &amp#27;[37m/session/9c0ff67f-6efc-443b-a62f-dce2bca5d56b/element&amp#27;[39m
&amp#27;[38;5;0m[HTTP]&amp#27;[0m &amp#27;[90m{"using":"xpath","value":"//android.view.View[@text='Today']"}&amp#27;[39m
&amp#27;[38;5;32m[AndroidUiautomator2Driver@e3cd (9c0ff67f)]&amp#27;[0m Calling AppiumDriver.findElement() with args: ["xpath","//android.view.View[@text='Today']","9c0ff67f-6efc-443b-a62f-dce2bca5d56b"]
&amp#27;[38;5;32m[AndroidUiautomator2Driver@e3cd (9c0ff67f)]&amp#27;[0m Valid locator strategies for this request: xpath, id, class name, accessibility id, css selector, -android uiautomator
&amp#27;[38;5;32m[AndroidUiautomator2Driver@e3cd (9c0ff67f)]&amp#27;[0m Waiting up to 0 ms for condition
&amp#27;[38;5;32m[AndroidUiautomator2Driver@e3cd (9c0ff67f)]&amp#27;[0m Matched '/element' to command name 'findElement'
&amp#27;[38;5;32m[AndroidUiautomator2Driver@e3cd (9c0ff67f)]&amp#27;[0m Proxying [POST /element] to [POST http://127.0.0.1:8200/session/2fea60ff-cc1e-449a-891a-56c913714252/element] with body: {"strategy":"xpath","selector":"//android.view.View[@text='Today']","context":"","multiple":false}
&amp#27;[38;5;32m[AndroidUiautomator2Driver@e3cd (9c0ff67f)]&amp#27;[0m Got response with status 404: {"sessionId":"2fea60ff-cc1e-449a-891a-56c913714252","value":{"error":"no such element","message":"An element could not be located on the page using the given search parameters","stacktrace":"io.appium.uiautomator2.common.exceptions.ElementNotFoundException: An element could not be located on the page using the given search parameters\n\tat io.appium.uiautomator2.utils.ElementLocationHelpers.findElement(ElementLocationHelpers.java:156)\n\tat io.appium.uiautomator2.handler.FindElement.safeHandle(FindElement.java:60)\n\tat io.appium.uiautomator2.handler.request.SafeRequestHandler.handle(SafeRequestHandler.java:59)\n\tat io.appium.uiautomator2.server.AppiumServlet.handleRequest(AppiumServlet.java:277)\n\tat io.appium.uiautomator2.server.AppiumServlet.handleHttpRequest(AppiumServlet.java:271)\n\tat io.appium.uiautomator2.http.ServerHandler.channelRead(ServerHandler.java:77)\n\tat io.netty.channel.AbstractChannelHandlerContext.invokeChannelRead(AbstractChannelHandlerContext.java:366)\n\tat io.netty.channel.Abstr...
&amp#27;[38;5;128m[W3C]&amp#27;[0m Matched W3C error code 'no such element' to NoSuchElementError
&amp#27;[38;5;32m[AndroidUiautomator2Driver@e3cd (9c0ff67f)]&amp#27;[0m Encountered internal error running command: NoSuchElementError: An element could not be located on the page using the given search parameters.
&amp#27;[38;5;32m[AndroidUiautomator2Driver@e3cd (9c0ff67f)]&amp#27;[0m     at AndroidUiautomator2Driver.findElOrEls (C:\Users\abuba\.appium\node_modules\appium-uiautomator2-driver\node_modules\appium-android-driver\lib\commands\find.ts:87:11)
&amp#27;[38;5;32m[AndroidUiautomator2Driver@e3cd (9c0ff67f)]&amp#27;[0m     at processTicksAndRejections (node:internal/process/task_queues:95:5)
&amp#27;[38;5;32m[AndroidUiautomator2Driver@e3cd (9c0ff67f)]&amp#27;[0m     at AndroidUiautomator2Driver.findElOrElsWithProcessing (C:\Users\abuba\AppData\Roaming\npm\node_modules\appium\node_modules\@appium\base-driver\lib\basedriver\commands\find.ts:60:12)
&amp#27;[38;5;32m[AndroidUiautomator2Driver@e3cd (9c0ff67f)]&amp#27;[0m     at AndroidUiautomator2Driver.findElement (C:\Users\abuba\AppData\Roaming\npm\node_modules\appium\node_modules\@appium\base-driver\lib\basedriver\commands\find.ts:75:12)
&amp#27;[38;5;0m[HTTP]&amp#27;[0m &amp#27;[37m<-- POST /session/9c0ff67f-6efc-443b-a62f-dce2bca5d56b/element &amp#27;[39m&amp#27;[33m404&amp#27;[39m &amp#27;[90m72 ms - 890&amp#27;[39m
&amp#27;[38;5;0m[HTTP]&amp#27;[0m &amp#27;[90m&amp#27;[39m
&amp#27;[38;5;0m[HTTP]&amp#27;[0m &amp#27;[37m-->&amp#27;[39m &amp#27;[37mPOST&amp#27;[39m &amp#27;[37m/session/9c0ff67f-6efc-443b-a62f-dce2bca5d56b/element&amp#27;[39m
&amp#27;[38;5;0m[HTTP]&amp#27;[0m &amp#27;[90m{"using":"xpath","value":"//android.view.View[@text='Today']"}&amp#27;[39m
&amp#27;[38;5;32m[AndroidUiautomator2Driver@e3cd (9c0ff67f)]&amp#27;[0m Calling AppiumDriver.findElement() with args: ["xpath","//android.view.View[@text='Today']","9c0ff67f-6efc-443b-a62f-dce2bca5d56b"]
&amp#27;[38;5;32m[AndroidUiautomator2Driver@e3cd (9c0ff67f)]&amp#27;[0m Valid locator strategies for this request: xpath, id, class name, accessibility id, css selector, -android uiautomator
&amp#27;[38;5;32m[AndroidUiautomator2Driver@e3cd (9c0ff67f)]&amp#27;[0m Waiting up to 0 ms for condition
&amp#27;[38;5;32m[AndroidUiautomator2Driver@e3cd (9c0ff67f)]&amp#27;[0m Matched '/element' to command name 'findElement'
&amp#27;[38;5;32m[AndroidUiautomator2Driver@e3cd (9c0ff67f)]&amp#27;[0m Proxying [POST /element] to [POST http://127.0.0.1:8200/session/2fea60ff-cc1e-449a-891a-56c913714252/element] with body: {"strategy":"xpath","selector":"//android.view.View[@text='Today']","context":"","multiple":false}
&amp#27;[38;5;32m[AndroidUiautomator2Driver@e3cd (9c0ff67f)]&amp#27;[0m Got response with status 404: {"sessionId":"2fea60ff-cc1e-449a-891a-56c913714252","value":{"error":"no such element","message":"An element could not be located on the page using the given search parameters","stacktrace":"io.appium.uiautomator2.common.exceptions.ElementNotFoundException: An element could not be located on the page using the given search parameters\n\tat io.appium.uiautomator2.utils.ElementLocationHelpers.findElement(ElementLocationHelpers.java:156)\n\tat io.appium.uiautomator2.handler.FindElement.safeHandle(FindElement.java:60)\n\tat io.appium.uiautomator2.handler.request.SafeRequestHandler.handle(SafeRequestHandler.java:59)\n\tat io.appium.uiautomator2.server.AppiumServlet.handleRequest(AppiumServlet.java:277)\n\tat io.appium.uiautomator2.server.AppiumServlet.handleHttpRequest(AppiumServlet.java:271)\n\tat io.appium.uiautomator2.http.ServerHandler.channelRead(ServerHandler.java:77)\n\tat io.netty.channel.AbstractChannelHandlerContext.invokeChannelRead(AbstractChannelHandlerContext.java:366)\n\tat io.netty.channel.Abstr...
&amp#27;[38;5;128m[W3C]&amp#27;[0m Matched W3C error code 'no such element' to NoSuchElementError
&amp#27;[38;5;32m[AndroidUiautomator2Driver@e3cd (9c0ff67f)]&amp#27;[0m Encountered internal error running command: NoSuchElementError: An element could not be located on the page using the given search parameters.
&amp#27;[38;5;32m[AndroidUiautomator2Driver@e3cd (9c0ff67f)]&amp#27;[0m     at AndroidUiautomator2Driver.findElOrEls (C:\Users\abuba\.appium\node_modules\appium-uiautomator2-driver\node_modules\appium-android-driver\lib\commands\find.ts:87:11)
&amp#27;[38;5;32m[AndroidUiautomator2Driver@e3cd (9c0ff67f)]&amp#27;[0m     at processTicksAndRejections (node:internal/process/task_queues:95:5)
&amp#27;[38;5;32m[AndroidUiautomator2Driver@e3cd (9c0ff67f)]&amp#27;[0m     at AndroidUiautomator2Driver.findElOrElsWithProcessing (C:\Users\abuba\AppData\Roaming\npm\node_modules\appium\node_modules\@appium\base-driver\lib\basedriver\commands\find.ts:60:12)
&amp#27;[38;5;32m[AndroidUiautomator2Driver@e3cd (9c0ff67f)]&amp#27;[0m     at AndroidUiautomator2Driver.findElement (C:\Users\abuba\AppData\Roaming\npm\node_modules\appium\node_modules\@appium\base-driver\lib\basedriver\commands\find.ts:75:12)
&amp#27;[38;5;0m[HTTP]&amp#27;[0m &amp#27;[37m<-- POST /session/9c0ff67f-6efc-443b-a62f-dce2bca5d56b/element &amp#27;[39m&amp#27;[33m404&amp#27;[39m &amp#27;[90m94 ms - 890&amp#27;[39m
&amp#27;[38;5;0m[HTTP]&amp#27;[0m &amp#27;[90m&amp#27;[39m
&amp#27;[38;5;0m[HTTP]&amp#27;[0m &amp#27;[37m-->&amp#27;[39m &amp#27;[37mPOST&amp#27;[39m &amp#27;[37m/session/9c0ff67f-6efc-443b-a62f-dce2bca5d56b/element&amp#27;[39m
&amp#27;[38;5;0m[HTTP]&amp#27;[0m &amp#27;[90m{"using":"xpath","value":"//android.view.View[@text='Today']"}&amp#27;[39m
&amp#27;[38;5;32m[AndroidUiautomator2Driver@e3cd (9c0ff67f)]&amp#27;[0m Calling AppiumDriver.findElement() with args: ["xpath","//android.view.View[@text='Today']","9c0ff67f-6efc-443b-a62f-dce2bca5d56b"]
&amp#27;[38;5;32m[AndroidUiautomator2Driver@e3cd (9c0ff67f)]&amp#27;[0m Valid locator strategies for this request: xpath, id, class name, accessibility id, css selector, -android uiautomator
&amp#27;[38;5;32m[AndroidUiautomator2Driver@e3cd (9c0ff67f)]&amp#27;[0m Waiting up to 0 ms for condition
&amp#27;[38;5;32m[AndroidUiautomator2Driver@e3cd (9c0ff67f)]&amp#27;[0m Matched '/element' to command name 'findElement'
&amp#27;[38;5;32m[AndroidUiautomator2Driver@e3cd (9c0ff67f)]&amp#27;[0m Proxying [POST /element] to [POST http://127.0.0.1:8200/session/2fea60ff-cc1e-449a-891a-56c913714252/element] with body: {"strategy":"xpath","selector":"//android.view.View[@text='Today']","context":"","multiple":false}
&amp#27;[38;5;32m[AndroidUiautomator2Driver@e3cd (9c0ff67f)]&amp#27;[0m Got response with status 404: {"sessionId":"2fea60ff-cc1e-449a-891a-56c913714252","value":{"error":"no such element","message":"An element could not be located on the page using the given search parameters","stacktrace":"io.appium.uiautomator2.common.exceptions.ElementNotFoundException: An element could not be located on the page using the given search parameters\n\tat io.appium.uiautomator2.utils.ElementLocationHelpers.findElement(ElementLocationHelpers.java:156)\n\tat io.appium.uiautomator2.handler.FindElement.safeHandle(FindElement.java:60)\n\tat io.appium.uiautomator2.handler.request.SafeRequestHandler.handle(SafeRequestHandler.java:59)\n\tat io.appium.uiautomator2.server.AppiumServlet.handleRequest(AppiumServlet.java:277)\n\tat io.appium.uiautomator2.server.AppiumServlet.handleHttpRequest(AppiumServlet.java:271)\n\tat io.appium.uiautomator2.http.ServerHandler.channelRead(ServerHandler.java:77)\n\tat io.netty.channel.AbstractChannelHandlerContext.invokeChannelRead(AbstractChannelHandlerContext.java:366)\n\tat io.netty.channel.Abstr...
&amp#27;[38;5;128m[W3C]&amp#27;[0m Matched W3C error code 'no such element' to NoSuchElementError
&amp#27;[38;5;32m[AndroidUiautomator2Driver@e3cd (9c0ff67f)]&amp#27;[0m Encountered internal error running command: NoSuchElementError: An element could not be located on the page using the given search parameters.
&amp#27;[38;5;32m[AndroidUiautomator2Driver@e3cd (9c0ff67f)]&amp#27;[0m     at AndroidUiautomator2Driver.findElOrEls (C:\Users\abuba\.appium\node_modules\appium-uiautomator2-driver\node_modules\appium-android-driver\lib\commands\find.ts:87:11)
&amp#27;[38;5;32m[AndroidUiautomator2Driver@e3cd (9c0ff67f)]&amp#27;[0m     at processTicksAndRejections (node:internal/process/task_queues:95:5)
&amp#27;[38;5;32m[AndroidUiautomator2Driver@e3cd (9c0ff67f)]&amp#27;[0m     at AndroidUiautomator2Driver.findElOrElsWithProcessing (C:\Users\abuba\AppData\Roaming\npm\node_modules\appium\node_modules\@appium\base-driver\lib\basedriver\commands\find.ts:60:12)
&amp#27;[38;5;32m[AndroidUiautomator2Driver@e3cd (9c0ff67f)]&amp#27;[0m     at AndroidUiautomator2Driver.findElement (C:\Users\abuba\AppData\Roaming\npm\node_modules\appium\node_modules\@appium\base-driver\lib\basedriver\commands\find.ts:75:12)
&amp#27;[38;5;0m[HTTP]&amp#27;[0m &amp#27;[37m<-- POST /session/9c0ff67f-6efc-443b-a62f-dce2bca5d56b/element &amp#27;[39m&amp#27;[33m404&amp#27;[39m &amp#27;[90m72 ms - 890&amp#27;[39m
&amp#27;[38;5;0m[HTTP]&amp#27;[0m &amp#27;[90m&amp#27;[39m
&amp#27;[38;5;0m[HTTP]&amp#27;[0m &amp#27;[37m-->&amp#27;[39m &amp#27;[37mPOST&amp#27;[39m &amp#27;[37m/session/9c0ff67f-6efc-443b-a62f-dce2bca5d56b/element&amp#27;[39m
&amp#27;[38;5;0m[HTTP]&amp#27;[0m &amp#27;[90m{"using":"xpath","value":"//android.view.View[@text='Today']"}&amp#27;[39m
&amp#27;[38;5;32m[AndroidUiautomator2Driver@e3cd (9c0ff67f)]&amp#27;[0m Calling AppiumDriver.findElement() with args: ["xpath","//android.view.View[@text='Today']","9c0ff67f-6efc-443b-a62f-dce2bca5d56b"]
&amp#27;[38;5;32m[AndroidUiautomator2Driver@e3cd (9c0ff67f)]&amp#27;[0m Valid locator strategies for this request: xpath, id, class name, accessibility id, css selector, -android uiautomator
&amp#27;[38;5;32m[AndroidUiautomator2Driver@e3cd (9c0ff67f)]&amp#27;[0m Waiting up to 0 ms for condition
&amp#27;[38;5;32m[AndroidUiautomator2Driver@e3cd (9c0ff67f)]&amp#27;[0m Matched '/element' to command name 'findElement'
&amp#27;[38;5;32m[AndroidUiautomator2Driver@e3cd (9c0ff67f)]&amp#27;[0m Proxying [POST /element] to [POST http://127.0.0.1:8200/session/2fea60ff-cc1e-449a-891a-56c913714252/element] with body: {"strategy":"xpath","selector":"//android.view.View[@text='Today']","context":"","multiple":false}
&amp#27;[38;5;32m[AndroidUiautomator2Driver@e3cd (9c0ff67f)]&amp#27;[0m Got response with status 404: {"sessionId":"2fea60ff-cc1e-449a-891a-56c913714252","value":{"error":"no such element","message":"An element could not be located on the page using the given search parameters","stacktrace":"io.appium.uiautomator2.common.exceptions.ElementNotFoundException: An element could not be located on the page using the given search parameters\n\tat io.appium.uiautomator2.utils.ElementLocationHelpers.findElement(ElementLocationHelpers.java:156)\n\tat io.appium.uiautomator2.handler.FindElement.safeHandle(FindElement.java:60)\n\tat io.appium.uiautomator2.handler.request.SafeRequestHandler.handle(SafeRequestHandler.java:59)\n\tat io.appium.uiautomator2.server.AppiumServlet.handleRequest(AppiumServlet.java:277)\n\tat io.appium.uiautomator2.server.AppiumServlet.handleHttpRequest(AppiumServlet.java:271)\n\tat io.appium.uiautomator2.http.ServerHandler.channelRead(ServerHandler.java:77)\n\tat io.netty.channel.AbstractChannelHandlerContext.invokeChannelRead(AbstractChannelHandlerContext.java:366)\n\tat io.netty.channel.Abstr...
&amp#27;[38;5;128m[W3C]&amp#27;[0m Matched W3C error code 'no such element' to NoSuchElementError
&amp#27;[38;5;32m[AndroidUiautomator2Driver@e3cd (9c0ff67f)]&amp#27;[0m Encountered internal error running command: NoSuchElementError: An element could not be located on the page using the given search parameters.
&amp#27;[38;5;32m[AndroidUiautomator2Driver@e3cd (9c0ff67f)]&amp#27;[0m     at AndroidUiautomator2Driver.findElOrEls (C:\Users\abuba\.appium\node_modules\appium-uiautomator2-driver\node_modules\appium-android-driver\lib\commands\find.ts:87:11)
&amp#27;[38;5;32m[AndroidUiautomator2Driver@e3cd (9c0ff67f)]&amp#27;[0m     at processTicksAndRejections (node:internal/process/task_queues:95:5)
&amp#27;[38;5;32m[AndroidUiautomator2Driver@e3cd (9c0ff67f)]&amp#27;[0m     at AndroidUiautomator2Driver.findElOrElsWithProcessing (C:\Users\abuba\AppData\Roaming\npm\node_modules\appium\node_modules\@appium\base-driver\lib\basedriver\commands\find.ts:60:12)
&amp#27;[38;5;32m[AndroidUiautomator2Driver@e3cd (9c0ff67f)]&amp#27;[0m     at AndroidUiautomator2Driver.findElement (C:\Users\abuba\AppData\Roaming\npm\node_modules\appium\node_modules\@appium\base-driver\lib\basedriver\commands\find.ts:75:12)
&amp#27;[38;5;0m[HTTP]&amp#27;[0m &amp#27;[37m<-- POST /session/9c0ff67f-6efc-443b-a62f-dce2bca5d56b/element &amp#27;[39m&amp#27;[33m404&amp#27;[39m &amp#27;[90m78 ms - 890&amp#27;[39m
&amp#27;[38;5;0m[HTTP]&amp#27;[0m &amp#27;[90m&amp#27;[39m
&amp#27;[38;5;0m[HTTP]&amp#27;[0m &amp#27;[37m-->&amp#27;[39m &amp#27;[37mPOST&amp#27;[39m &amp#27;[37m/session/9c0ff67f-6efc-443b-a62f-dce2bca5d56b/element&amp#27;[39m
&amp#27;[38;5;0m[HTTP]&amp#27;[0m &amp#27;[90m{"using":"xpath","value":"//android.view.View[@text='Today']"}&amp#27;[39m
&amp#27;[38;5;32m[AndroidUiautomator2Driver@e3cd (9c0ff67f)]&amp#27;[0m Calling AppiumDriver.findElement() with args: ["xpath","//android.view.View[@text='Today']","9c0ff67f-6efc-443b-a62f-dce2bca5d56b"]
&amp#27;[38;5;32m[AndroidUiautomator2Driver@e3cd (9c0ff67f)]&amp#27;[0m Valid locator strategies for this request: xpath, id, class name, accessibility id, css selector, -android uiautomator
&amp#27;[38;5;32m[AndroidUiautomator2Driver@e3cd (9c0ff67f)]&amp#27;[0m Waiting up to 0 ms for condition
&amp#27;[38;5;32m[AndroidUiautomator2Driver@e3cd (9c0ff67f)]&amp#27;[0m Matched '/element' to command name 'findElement'
&amp#27;[38;5;32m[AndroidUiautomator2Driver@e3cd (9c0ff67f)]&amp#27;[0m Proxying [POST /element] to [POST http://127.0.0.1:8200/session/2fea60ff-cc1e-449a-891a-56c913714252/element] with body: {"strategy":"xpath","selector":"//android.view.View[@text='Today']","context":"","multiple":false}
&amp#27;[38;5;32m[AndroidUiautomator2Driver@e3cd (9c0ff67f)]&amp#27;[0m Got response with status 404: {"sessionId":"2fea60ff-cc1e-449a-891a-56c913714252","value":{"error":"no such element","message":"An element could not be located on the page using the given search parameters","stacktrace":"io.appium.uiautomator2.common.exceptions.ElementNotFoundException: An element could not be located on the page using the given search parameters\n\tat io.appium.uiautomator2.utils.ElementLocationHelpers.findElement(ElementLocationHelpers.java:156)\n\tat io.appium.uiautomator2.handler.FindElement.safeHandle(FindElement.java:60)\n\tat io.appium.uiautomator2.handler.request.SafeRequestHandler.handle(SafeRequestHandler.java:59)\n\tat io.appium.uiautomator2.server.AppiumServlet.handleRequest(AppiumServlet.java:277)\n\tat io.appium.uiautomator2.server.AppiumServlet.handleHttpRequest(AppiumServlet.java:271)\n\tat io.appium.uiautomator2.http.ServerHandler.channelRead(ServerHandler.java:77)\n\tat io.netty.channel.AbstractChannelHandlerContext.invokeChannelRead(AbstractChannelHandlerContext.java:366)\n\tat io.netty.channel.Abstr...
&amp#27;[38;5;128m[W3C]&amp#27;[0m Matched W3C error code 'no such element' to NoSuchElementError
&amp#27;[38;5;32m[AndroidUiautomator2Driver@e3cd (9c0ff67f)]&amp#27;[0m Encountered internal error running command: NoSuchElementError: An element could not be located on the page using the given search parameters.
&amp#27;[38;5;32m[AndroidUiautomator2Driver@e3cd (9c0ff67f)]&amp#27;[0m     at AndroidUiautomator2Driver.findElOrEls (C:\Users\abuba\.appium\node_modules\appium-uiautomator2-driver\node_modules\appium-android-driver\lib\commands\find.ts:87:11)
&amp#27;[38;5;32m[AndroidUiautomator2Driver@e3cd (9c0ff67f)]&amp#27;[0m     at processTicksAndRejections (node:internal/process/task_queues:95:5)
&amp#27;[38;5;32m[AndroidUiautomator2Driver@e3cd (9c0ff67f)]&amp#27;[0m     at AndroidUiautomator2Driver.findElOrElsWithProcessing (C:\Users\abuba\AppData\Roaming\npm\node_modules\appium\node_modules\@appium\base-driver\lib\basedriver\commands\find.ts:60:12)
&amp#27;[38;5;32m[AndroidUiautomator2Driver@e3cd (9c0ff67f)]&amp#27;[0m     at AndroidUiautomator2Driver.findElement (C:\Users\abuba\AppData\Roaming\npm\node_modules\appium\node_modules\@appium\base-driver\lib\basedriver\commands\find.ts:75:12)
&amp#27;[38;5;0m[HTTP]&amp#27;[0m &amp#27;[37m<-- POST /session/9c0ff67f-6efc-443b-a62f-dce2bca5d56b/element &amp#27;[39m&amp#27;[33m404&amp#27;[39m &amp#27;[90m86 ms - 890&amp#27;[39m
&amp#27;[38;5;0m[HTTP]&amp#27;[0m &amp#27;[90m&amp#27;[39m
&amp#27;[38;5;0m[HTTP]&amp#27;[0m &amp#27;[37m-->&amp#27;[39m &amp#27;[37mPOST&amp#27;[39m &amp#27;[37m/session/9c0ff67f-6efc-443b-a62f-dce2bca5d56b/element&amp#27;[39m
&amp#27;[38;5;0m[HTTP]&amp#27;[0m &amp#27;[90m{"using":"xpath","value":"//android.view.View[@text='Today']"}&amp#27;[39m
&amp#27;[38;5;32m[AndroidUiautomator2Driver@e3cd (9c0ff67f)]&amp#27;[0m Calling AppiumDriver.findElement() with args: ["xpath","//android.view.View[@text='Today']","9c0ff67f-6efc-443b-a62f-dce2bca5d56b"]
&amp#27;[38;5;32m[AndroidUiautomator2Driver@e3cd (9c0ff67f)]&amp#27;[0m Valid locator strategies for this request: xpath, id, class name, accessibility id, css selector, -android uiautomator
&amp#27;[38;5;32m[AndroidUiautomator2Driver@e3cd (9c0ff67f)]&amp#27;[0m Waiting up to 0 ms for condition
&amp#27;[38;5;32m[AndroidUiautomator2Driver@e3cd (9c0ff67f)]&amp#27;[0m Matched '/element' to command name 'findElement'
&amp#27;[38;5;32m[AndroidUiautomator2Driver@e3cd (9c0ff67f)]&amp#27;[0m Proxying [POST /element] to [POST http://127.0.0.1:8200/session/2fea60ff-cc1e-449a-891a-56c913714252/element] with body: {"strategy":"xpath","selector":"//android.view.View[@text='Today']","context":"","multiple":false}
&amp#27;[38;5;32m[AndroidUiautomator2Driver@e3cd (9c0ff67f)]&amp#27;[0m Got response with status 404: {"sessionId":"2fea60ff-cc1e-449a-891a-56c913714252","value":{"error":"no such element","message":"An element could not be located on the page using the given search parameters","stacktrace":"io.appium.uiautomator2.common.exceptions.ElementNotFoundException: An element could not be located on the page using the given search parameters\n\tat io.appium.uiautomator2.utils.ElementLocationHelpers.findElement(ElementLocationHelpers.java:156)\n\tat io.appium.uiautomator2.handler.FindElement.safeHandle(FindElement.java:60)\n\tat io.appium.uiautomator2.handler.request.SafeRequestHandler.handle(SafeRequestHandler.java:59)\n\tat io.appium.uiautomator2.server.AppiumServlet.handleRequest(AppiumServlet.java:277)\n\tat io.appium.uiautomator2.server.AppiumServlet.handleHttpRequest(AppiumServlet.java:271)\n\tat io.appium.uiautomator2.http.ServerHandler.channelRead(ServerHandler.java:77)\n\tat io.netty.channel.AbstractChannelHandlerContext.invokeChannelRead(AbstractChannelHandlerContext.java:366)\n\tat io.netty.channel.Abstr...
&amp#27;[38;5;128m[W3C]&amp#27;[0m Matched W3C error code 'no such element' to NoSuchElementError
&amp#27;[38;5;32m[AndroidUiautomator2Driver@e3cd (9c0ff67f)]&amp#27;[0m Encountered internal error running command: NoSuchElementError: An element could not be located on the page using the given search parameters.
&amp#27;[38;5;32m[AndroidUiautomator2Driver@e3cd (9c0ff67f)]&amp#27;[0m     at AndroidUiautomator2Driver.findElOrEls (C:\Users\abuba\.appium\node_modules\appium-uiautomator2-driver\node_modules\appium-android-driver\lib\commands\find.ts:87:11)
&amp#27;[38;5;32m[AndroidUiautomator2Driver@e3cd (9c0ff67f)]&amp#27;[0m     at processTicksAndRejections (node:internal/process/task_queues:95:5)
&amp#27;[38;5;32m[AndroidUiautomator2Driver@e3cd (9c0ff67f)]&amp#27;[0m     at AndroidUiautomator2Driver.findElOrElsWithProcessing (C:\Users\abuba\AppData\Roaming\npm\node_modules\appium\node_modules\@appium\base-driver\lib\basedriver\commands\find.ts:60:12)
&amp#27;[38;5;32m[AndroidUiautomator2Driver@e3cd (9c0ff67f)]&amp#27;[0m     at AndroidUiautomator2Driver.findElement (C:\Users\abuba\AppData\Roaming\npm\node_modules\appium\node_modules\@appium\base-driver\lib\basedriver\commands\find.ts:75:12)
&amp#27;[38;5;0m[HTTP]&amp#27;[0m &amp#27;[37m<-- POST /session/9c0ff67f-6efc-443b-a62f-dce2bca5d56b/element &amp#27;[39m&amp#27;[33m404&amp#27;[39m &amp#27;[90m100 ms - 890&amp#27;[39m
&amp#27;[38;5;0m[HTTP]&amp#27;[0m &amp#27;[90m&amp#27;[39m
&amp#27;[38;5;0m[HTTP]&amp#27;[0m &amp#27;[37m-->&amp#27;[39m &amp#27;[37mPOST&amp#27;[39m &amp#27;[37m/session/9c0ff67f-6efc-443b-a62f-dce2bca5d56b/element&amp#27;[39m
&amp#27;[38;5;0m[HTTP]&amp#27;[0m &amp#27;[90m{"using":"xpath","value":"//android.view.View[@text='Today']"}&amp#27;[39m
&amp#27;[38;5;32m[AndroidUiautomator2Driver@e3cd (9c0ff67f)]&amp#27;[0m Calling AppiumDriver.findElement() with args: ["xpath","//android.view.View[@text='Today']","9c0ff67f-6efc-443b-a62f-dce2bca5d56b"]
&amp#27;[38;5;32m[AndroidUiautomator2Driver@e3cd (9c0ff67f)]&amp#27;[0m Valid locator strategies for this request: xpath, id, class name, accessibility id, css selector, -android uiautomator
&amp#27;[38;5;32m[AndroidUiautomator2Driver@e3cd (9c0ff67f)]&amp#27;[0m Waiting up to 0 ms for condition
&amp#27;[38;5;32m[AndroidUiautomator2Driver@e3cd (9c0ff67f)]&amp#27;[0m Matched '/element' to command name 'findElement'
&amp#27;[38;5;32m[AndroidUiautomator2Driver@e3cd (9c0ff67f)]&amp#27;[0m Proxying [POST /element] to [POST http://127.0.0.1:8200/session/2fea60ff-cc1e-449a-891a-56c913714252/element] with body: {"strategy":"xpath","selector":"//android.view.View[@text='Today']","context":"","multiple":false}
&amp#27;[38;5;32m[AndroidUiautomator2Driver@e3cd (9c0ff67f)]&amp#27;[0m Got response with status 404: {"sessionId":"2fea60ff-cc1e-449a-891a-56c913714252","value":{"error":"no such element","message":"An element could not be located on the page using the given search parameters","stacktrace":"io.appium.uiautomator2.common.exceptions.ElementNotFoundException: An element could not be located on the page using the given search parameters\n\tat io.appium.uiautomator2.utils.ElementLocationHelpers.findElement(ElementLocationHelpers.java:156)\n\tat io.appium.uiautomator2.handler.FindElement.safeHandle(FindElement.java:60)\n\tat io.appium.uiautomator2.handler.request.SafeRequestHandler.handle(SafeRequestHandler.java:59)\n\tat io.appium.uiautomator2.server.AppiumServlet.handleRequest(AppiumServlet.java:277)\n\tat io.appium.uiautomator2.server.AppiumServlet.handleHttpRequest(AppiumServlet.java:271)\n\tat io.appium.uiautomator2.http.ServerHandler.channelRead(ServerHandler.java:77)\n\tat io.netty.channel.AbstractChannelHandlerContext.invokeChannelRead(AbstractChannelHandlerContext.java:366)\n\tat io.netty.channel.Abstr...
&amp#27;[38;5;128m[W3C]&amp#27;[0m Matched W3C error code 'no such element' to NoSuchElementError
&amp#27;[38;5;32m[AndroidUiautomator2Driver@e3cd (9c0ff67f)]&amp#27;[0m Encountered internal error running command: NoSuchElementError: An element could not be located on the page using the given search parameters.
&amp#27;[38;5;32m[AndroidUiautomator2Driver@e3cd (9c0ff67f)]&amp#27;[0m     at AndroidUiautomator2Driver.findElOrEls (C:\Users\abuba\.appium\node_modules\appium-uiautomator2-driver\node_modules\appium-android-driver\lib\commands\find.ts:87:11)
&amp#27;[38;5;32m[AndroidUiautomator2Driver@e3cd (9c0ff67f)]&amp#27;[0m     at processTicksAndRejections (node:internal/process/task_queues:95:5)
&amp#27;[38;5;32m[AndroidUiautomator2Driver@e3cd (9c0ff67f)]&amp#27;[0m     at AndroidUiautomator2Driver.findElOrElsWithProcessing (C:\Users\abuba\AppData\Roaming\npm\node_modules\appium\node_modules\@appium\base-driver\lib\basedriver\commands\find.ts:60:12)
&amp#27;[38;5;32m[AndroidUiautomator2Driver@e3cd (9c0ff67f)]&amp#27;[0m     at AndroidUiautomator2Driver.findElement (C:\Users\abuba\AppData\Roaming\npm\node_modules\appium\node_modules\@appium\base-driver\lib\basedriver\commands\find.ts:75:12)
&amp#27;[38;5;0m[HTTP]&amp#27;[0m &amp#27;[37m<-- POST /session/9c0ff67f-6efc-443b-a62f-dce2bca5d56b/element &amp#27;[39m&amp#27;[33m404&amp#27;[39m &amp#27;[90m93 ms - 890&amp#27;[39m
&amp#27;[38;5;0m[HTTP]&amp#27;[0m &amp#27;[90m&amp#27;[39m
&amp#27;[38;5;0m[HTTP]&amp#27;[0m &amp#27;[37m-->&amp#27;[39m &amp#27;[37mPOST&amp#27;[39m &amp#27;[37m/session/9c0ff67f-6efc-443b-a62f-dce2bca5d56b/element&amp#27;[39m
&amp#27;[38;5;0m[HTTP]&amp#27;[0m &amp#27;[90m{"using":"xpath","value":"//android.view.View[@text='Today']"}&amp#27;[39m
&amp#27;[38;5;32m[AndroidUiautomator2Driver@e3cd (9c0ff67f)]&amp#27;[0m Calling AppiumDriver.findElement() with args: ["xpath","//android.view.View[@text='Today']","9c0ff67f-6efc-443b-a62f-dce2bca5d56b"]
&amp#27;[38;5;32m[AndroidUiautomator2Driver@e3cd (9c0ff67f)]&amp#27;[0m Valid locator strategies for this request: xpath, id, class name, accessibility id, css selector, -android uiautomator
&amp#27;[38;5;32m[AndroidUiautomator2Driver@e3cd (9c0ff67f)]&amp#27;[0m Waiting up to 0 ms for condition
&amp#27;[38;5;32m[AndroidUiautomator2Driver@e3cd (9c0ff67f)]&amp#27;[0m Matched '/element' to command name 'findElement'
&amp#27;[38;5;32m[AndroidUiautomator2Driver@e3cd (9c0ff67f)]&amp#27;[0m Proxying [POST /element] to [POST http://127.0.0.1:8200/session/2fea60ff-cc1e-449a-891a-56c913714252/element] with body: {"strategy":"xpath","selector":"//android.view.View[@text='Today']","context":"","multiple":false}
&amp#27;[38;5;32m[AndroidUiautomator2Driver@e3cd (9c0ff67f)]&amp#27;[0m Got response with status 404: {"sessionId":"2fea60ff-cc1e-449a-891a-56c913714252","value":{"error":"no such element","message":"An element could not be located on the page using the given search parameters","stacktrace":"io.appium.uiautomator2.common.exceptions.ElementNotFoundException: An element could not be located on the page using the given search parameters\n\tat io.appium.uiautomator2.utils.ElementLocationHelpers.findElement(ElementLocationHelpers.java:156)\n\tat io.appium.uiautomator2.handler.FindElement.safeHandle(FindElement.java:60)\n\tat io.appium.uiautomator2.handler.request.SafeRequestHandler.handle(SafeRequestHandler.java:59)\n\tat io.appium.uiautomator2.server.AppiumServlet.handleRequest(AppiumServlet.java:277)\n\tat io.appium.uiautomator2.server.AppiumServlet.handleHttpRequest(AppiumServlet.java:271)\n\tat io.appium.uiautomator2.http.ServerHandler.channelRead(ServerHandler.java:77)\n\tat io.netty.channel.AbstractChannelHandlerContext.invokeChannelRead(AbstractChannelHandlerContext.java:366)\n\tat io.netty.channel.Abstr...
&amp#27;[38;5;128m[W3C]&amp#27;[0m Matched W3C error code 'no such element' to NoSuchElementError
&amp#27;[38;5;32m[AndroidUiautomator2Driver@e3cd (9c0ff67f)]&amp#27;[0m Encountered internal error running command: NoSuchElementError: An element could not be located on the page using the given search parameters.
&amp#27;[38;5;32m[AndroidUiautomator2Driver@e3cd (9c0ff67f)]&amp#27;[0m     at AndroidUiautomator2Driver.findElOrEls (C:\Users\abuba\.appium\node_modules\appium-uiautomator2-driver\node_modules\appium-android-driver\lib\commands\find.ts:87:11)
&amp#27;[38;5;32m[AndroidUiautomator2Driver@e3cd (9c0ff67f)]&amp#27;[0m     at processTicksAndRejections (node:internal/process/task_queues:95:5)
&amp#27;[38;5;32m[AndroidUiautomator2Driver@e3cd (9c0ff67f)]&amp#27;[0m     at AndroidUiautomator2Driver.findElOrElsWithProcessing (C:\Users\abuba\AppData\Roaming\npm\node_modules\appium\node_modules\@appium\base-driver\lib\basedriver\commands\find.ts:60:12)
&amp#27;[38;5;32m[AndroidUiautomator2Driver@e3cd (9c0ff67f)]&amp#27;[0m     at AndroidUiautomator2Driver.findElement (C:\Users\abuba\AppData\Roaming\npm\node_modules\appium\node_modules\@appium\base-driver\lib\basedriver\commands\find.ts:75:12)
&amp#27;[38;5;0m[HTTP]&amp#27;[0m &amp#27;[37m<-- POST /session/9c0ff67f-6efc-443b-a62f-dce2bca5d56b/element &amp#27;[39m&amp#27;[33m404&amp#27;[39m &amp#27;[90m89 ms - 890&amp#27;[39m
&amp#27;[38;5;0m[HTTP]&amp#27;[0m &amp#27;[90m&amp#27;[39m
&amp#27;[38;5;0m[HTTP]&amp#27;[0m &amp#27;[37m-->&amp#27;[39m &amp#27;[37mPOST&amp#27;[39m &amp#27;[37m/session/9c0ff67f-6efc-443b-a62f-dce2bca5d56b/element&amp#27;[39m
&amp#27;[38;5;0m[HTTP]&amp#27;[0m &amp#27;[90m{"using":"xpath","value":"//android.view.View[@text='Today']"}&amp#27;[39m
&amp#27;[38;5;32m[AndroidUiautomator2Driver@e3cd (9c0ff67f)]&amp#27;[0m Calling AppiumDriver.findElement() with args: ["xpath","//android.view.View[@text='Today']","9c0ff67f-6efc-443b-a62f-dce2bca5d56b"]
&amp#27;[38;5;32m[AndroidUiautomator2Driver@e3cd (9c0ff67f)]&amp#27;[0m Valid locator strategies for this request: xpath, id, class name, accessibility id, css selector, -android uiautomator
&amp#27;[38;5;32m[AndroidUiautomator2Driver@e3cd (9c0ff67f)]&amp#27;[0m Waiting up to 0 ms for condition
&amp#27;[38;5;32m[AndroidUiautomator2Driver@e3cd (9c0ff67f)]&amp#27;[0m Matched '/element' to command name 'findElement'
&amp#27;[38;5;32m[AndroidUiautomator2Driver@e3cd (9c0ff67f)]&amp#27;[0m Proxying [POST /element] to [POST http://127.0.0.1:8200/session/2fea60ff-cc1e-449a-891a-56c913714252/element] with body: {"strategy":"xpath","selector":"//android.view.View[@text='Today']","context":"","multiple":false}
&amp#27;[38;5;32m[AndroidUiautomator2Driver@e3cd (9c0ff67f)]&amp#27;[0m Got response with status 404: {"sessionId":"2fea60ff-cc1e-449a-891a-56c913714252","value":{"error":"no such element","message":"An element could not be located on the page using the given search parameters","stacktrace":"io.appium.uiautomator2.common.exceptions.ElementNotFoundException: An element could not be located on the page using the given search parameters\n\tat io.appium.uiautomator2.utils.ElementLocationHelpers.findElement(ElementLocationHelpers.java:156)\n\tat io.appium.uiautomator2.handler.FindElement.safeHandle(FindElement.java:60)\n\tat io.appium.uiautomator2.handler.request.SafeRequestHandler.handle(SafeRequestHandler.java:59)\n\tat io.appium.uiautomator2.server.AppiumServlet.handleRequest(AppiumServlet.java:277)\n\tat io.appium.uiautomator2.server.AppiumServlet.handleHttpRequest(AppiumServlet.java:271)\n\tat io.appium.uiautomator2.http.ServerHandler.channelRead(ServerHandler.java:77)\n\tat io.netty.channel.AbstractChannelHandlerContext.invokeChannelRead(AbstractChannelHandlerContext.java:366)\n\tat io.netty.channel.Abstr...
&amp#27;[38;5;128m[W3C]&amp#27;[0m Matched W3C error code 'no such element' to NoSuchElementError
&amp#27;[38;5;32m[AndroidUiautomator2Driver@e3cd (9c0ff67f)]&amp#27;[0m Encountered internal error running command: NoSuchElementError: An element could not be located on the page using the given search parameters.
&amp#27;[38;5;32m[AndroidUiautomator2Driver@e3cd (9c0ff67f)]&amp#27;[0m     at AndroidUiautomator2Driver.findElOrEls (C:\Users\abuba\.appium\node_modules\appium-uiautomator2-driver\node_modules\appium-android-driver\lib\commands\find.ts:87:11)
&amp#27;[38;5;32m[AndroidUiautomator2Driver@e3cd (9c0ff67f)]&amp#27;[0m     at processTicksAndRejections (node:internal/process/task_queues:95:5)
&amp#27;[38;5;32m[AndroidUiautomator2Driver@e3cd (9c0ff67f)]&amp#27;[0m     at AndroidUiautomator2Driver.findElOrElsWithProcessing (C:\Users\abuba\AppData\Roaming\npm\node_modules\appium\node_modules\@appium\base-driver\lib\basedriver\commands\find.ts:60:12)
&amp#27;[38;5;32m[AndroidUiautomator2Driver@e3cd (9c0ff67f)]&amp#27;[0m     at AndroidUiautomator2Driver.findElement (C:\Users\abuba\AppData\Roaming\npm\node_modules\appium\node_modules\@appium\base-driver\lib\basedriver\commands\find.ts:75:12)
&amp#27;[38;5;0m[HTTP]&amp#27;[0m &amp#27;[37m<-- POST /session/9c0ff67f-6efc-443b-a62f-dce2bca5d56b/element &amp#27;[39m&amp#27;[33m404&amp#27;[39m &amp#27;[90m82 ms - 890&amp#27;[39m
&amp#27;[38;5;0m[HTTP]&amp#27;[0m &amp#27;[90m&amp#27;[39m
&amp#27;[38;5;0m[HTTP]&amp#27;[0m &amp#27;[37m-->&amp#27;[39m &amp#27;[37mPOST&amp#27;[39m &amp#27;[37m/session/9c0ff67f-6efc-443b-a62f-dce2bca5d56b/element&amp#27;[39m
&amp#27;[38;5;0m[HTTP]&amp#27;[0m &amp#27;[90m{"using":"xpath","value":"//android.view.View[@text='Today']"}&amp#27;[39m
&amp#27;[38;5;32m[AndroidUiautomator2Driver@e3cd (9c0ff67f)]&amp#27;[0m Calling AppiumDriver.findElement() with args: ["xpath","//android.view.View[@text='Today']","9c0ff67f-6efc-443b-a62f-dce2bca5d56b"]
&amp#27;[38;5;32m[AndroidUiautomator2Driver@e3cd (9c0ff67f)]&amp#27;[0m Valid locator strategies for this request: xpath, id, class name, accessibility id, css selector, -android uiautomator
&amp#27;[38;5;32m[AndroidUiautomator2Driver@e3cd (9c0ff67f)]&amp#27;[0m Waiting up to 0 ms for condition
&amp#27;[38;5;32m[AndroidUiautomator2Driver@e3cd (9c0ff67f)]&amp#27;[0m Matched '/element' to command name 'findElement'
&amp#27;[38;5;32m[AndroidUiautomator2Driver@e3cd (9c0ff67f)]&amp#27;[0m Proxying [POST /element] to [POST http://127.0.0.1:8200/session/2fea60ff-cc1e-449a-891a-56c913714252/element] with body: {"strategy":"xpath","selector":"//android.view.View[@text='Today']","context":"","multiple":false}
&amp#27;[38;5;32m[AndroidUiautomator2Driver@e3cd (9c0ff67f)]&amp#27;[0m Got response with status 404: {"sessionId":"2fea60ff-cc1e-449a-891a-56c913714252","value":{"error":"no such element","message":"An element could not be located on the page using the given search parameters","stacktrace":"io.appium.uiautomator2.common.exceptions.ElementNotFoundException: An element could not be located on the page using the given search parameters\n\tat io.appium.uiautomator2.utils.ElementLocationHelpers.findElement(ElementLocationHelpers.java:156)\n\tat io.appium.uiautomator2.handler.FindElement.safeHandle(FindElement.java:60)\n\tat io.appium.uiautomator2.handler.request.SafeRequestHandler.handle(SafeRequestHandler.java:59)\n\tat io.appium.uiautomator2.server.AppiumServlet.handleRequest(AppiumServlet.java:277)\n\tat io.appium.uiautomator2.server.AppiumServlet.handleHttpRequest(AppiumServlet.java:271)\n\tat io.appium.uiautomator2.http.ServerHandler.channelRead(ServerHandler.java:77)\n\tat io.netty.channel.AbstractChannelHandlerContext.invokeChannelRead(AbstractChannelHandlerContext.java:366)\n\tat io.netty.channel.Abstr...
&amp#27;[38;5;128m[W3C]&amp#27;[0m Matched W3C error code 'no such element' to NoSuchElementError
&amp#27;[38;5;32m[AndroidUiautomator2Driver@e3cd (9c0ff67f)]&amp#27;[0m Encountered internal error running command: NoSuchElementError: An element could not be located on the page using the given search parameters.
&amp#27;[38;5;32m[AndroidUiautomator2Driver@e3cd (9c0ff67f)]&amp#27;[0m     at AndroidUiautomator2Driver.findElOrEls (C:\Users\abuba\.appium\node_modules\appium-uiautomator2-driver\node_modules\appium-android-driver\lib\commands\find.ts:87:11)
&amp#27;[38;5;32m[AndroidUiautomator2Driver@e3cd (9c0ff67f)]&amp#27;[0m     at processTicksAndRejections (node:internal/process/task_queues:95:5)
&amp#27;[38;5;32m[AndroidUiautomator2Driver@e3cd (9c0ff67f)]&amp#27;[0m     at AndroidUiautomator2Driver.findElOrElsWithProcessing (C:\Users\abuba\AppData\Roaming\npm\node_modules\appium\node_modules\@appium\base-driver\lib\basedriver\commands\find.ts:60:12)
&amp#27;[38;5;32m[AndroidUiautomator2Driver@e3cd (9c0ff67f)]&amp#27;[0m     at AndroidUiautomator2Driver.findElement (C:\Users\abuba\AppData\Roaming\npm\node_modules\appium\node_modules\@appium\base-driver\lib\basedriver\commands\find.ts:75:12)
&amp#27;[38;5;0m[HTTP]&amp#27;[0m &amp#27;[37m<-- POST /session/9c0ff67f-6efc-443b-a62f-dce2bca5d56b/element &amp#27;[39m&amp#27;[33m404&amp#27;[39m &amp#27;[90m95 ms - 890&amp#27;[39m
&amp#27;[38;5;0m[HTTP]&amp#27;[0m &amp#27;[90m&amp#27;[39m
&amp#27;[38;5;0m[HTTP]&amp#27;[0m &amp#27;[37m-->&amp#27;[39m &amp#27;[37mPOST&amp#27;[39m &amp#27;[37m/session/9c0ff67f-6efc-443b-a62f-dce2bca5d56b/element&amp#27;[39m
&amp#27;[38;5;0m[HTTP]&amp#27;[0m &amp#27;[90m{"using":"xpath","value":"//android.view.View[@text='Today']"}&amp#27;[39m
&amp#27;[38;5;32m[AndroidUiautomator2Driver@e3cd (9c0ff67f)]&amp#27;[0m Calling AppiumDriver.findElement() with args: ["xpath","//android.view.View[@text='Today']","9c0ff67f-6efc-443b-a62f-dce2bca5d56b"]
&amp#27;[38;5;32m[AndroidUiautomator2Driver@e3cd (9c0ff67f)]&amp#27;[0m Valid locator strategies for this request: xpath, id, class name, accessibility id, css selector, -android uiautomator
&amp#27;[38;5;32m[AndroidUiautomator2Driver@e3cd (9c0ff67f)]&amp#27;[0m Waiting up to 0 ms for condition
&amp#27;[38;5;32m[AndroidUiautomator2Driver@e3cd (9c0ff67f)]&amp#27;[0m Matched '/element' to command name 'findElement'
&amp#27;[38;5;32m[AndroidUiautomator2Driver@e3cd (9c0ff67f)]&amp#27;[0m Proxying [POST /element] to [POST http://127.0.0.1:8200/session/2fea60ff-cc1e-449a-891a-56c913714252/element] with body: {"strategy":"xpath","selector":"//android.view.View[@text='Today']","context":"","multiple":false}
&amp#27;[38;5;32m[AndroidUiautomator2Driver@e3cd (9c0ff67f)]&amp#27;[0m Got response with status 404: {"sessionId":"2fea60ff-cc1e-449a-891a-56c913714252","value":{"error":"no such element","message":"An element could not be located on the page using the given search parameters","stacktrace":"io.appium.uiautomator2.common.exceptions.ElementNotFoundException: An element could not be located on the page using the given search parameters\n\tat io.appium.uiautomator2.utils.ElementLocationHelpers.findElement(ElementLocationHelpers.java:156)\n\tat io.appium.uiautomator2.handler.FindElement.safeHandle(FindElement.java:60)\n\tat io.appium.uiautomator2.handler.request.SafeRequestHandler.handle(SafeRequestHandler.java:59)\n\tat io.appium.uiautomator2.server.AppiumServlet.handleRequest(AppiumServlet.java:277)\n\tat io.appium.uiautomator2.server.AppiumServlet.handleHttpRequest(AppiumServlet.java:271)\n\tat io.appium.uiautomator2.http.ServerHandler.channelRead(ServerHandler.java:77)\n\tat io.netty.channel.AbstractChannelHandlerContext.invokeChannelRead(AbstractChannelHandlerContext.java:366)\n\tat io.netty.channel.Abstr...
&amp#27;[38;5;128m[W3C]&amp#27;[0m Matched W3C error code 'no such element' to NoSuchElementError
&amp#27;[38;5;32m[AndroidUiautomator2Driver@e3cd (9c0ff67f)]&amp#27;[0m Encountered internal error running command: NoSuchElementError: An element could not be located on the page using the given search parameters.
&amp#27;[38;5;32m[AndroidUiautomator2Driver@e3cd (9c0ff67f)]&amp#27;[0m     at AndroidUiautomator2Driver.findElOrEls (C:\Users\abuba\.appium\node_modules\appium-uiautomator2-driver\node_modules\appium-android-driver\lib\commands\find.ts:87:11)
&amp#27;[38;5;32m[AndroidUiautomator2Driver@e3cd (9c0ff67f)]&amp#27;[0m     at processTicksAndRejections (node:internal/process/task_queues:95:5)
&amp#27;[38;5;32m[AndroidUiautomator2Driver@e3cd (9c0ff67f)]&amp#27;[0m     at AndroidUiautomator2Driver.findElOrElsWithProcessing (C:\Users\abuba\AppData\Roaming\npm\node_modules\appium\node_modules\@appium\base-driver\lib\basedriver\commands\find.ts:60:12)
&amp#27;[38;5;32m[AndroidUiautomator2Driver@e3cd (9c0ff67f)]&amp#27;[0m     at AndroidUiautomator2Driver.findElement (C:\Users\abuba\AppData\Roaming\npm\node_modules\appium\node_modules\@appium\base-driver\lib\basedriver\commands\find.ts:75:12)
&amp#27;[38;5;0m[HTTP]&amp#27;[0m &amp#27;[37m<-- POST /session/9c0ff67f-6efc-443b-a62f-dce2bca5d56b/element &amp#27;[39m&amp#27;[33m404&amp#27;[39m &amp#27;[90m88 ms - 890&amp#27;[39m
&amp#27;[38;5;0m[HTTP]&amp#27;[0m &amp#27;[90m&amp#27;[39m
&amp#27;[38;5;0m[HTTP]&amp#27;[0m &amp#27;[37m-->&amp#27;[39m &amp#27;[37mPOST&amp#27;[39m &amp#27;[37m/session/9c0ff67f-6efc-443b-a62f-dce2bca5d56b/element&amp#27;[39m
&amp#27;[38;5;0m[HTTP]&amp#27;[0m &amp#27;[90m{"using":"xpath","value":"//android.view.View[@text='Today']"}&amp#27;[39m
&amp#27;[38;5;32m[AndroidUiautomator2Driver@e3cd (9c0ff67f)]&amp#27;[0m Calling AppiumDriver.findElement() with args: ["xpath","//android.view.View[@text='Today']","9c0ff67f-6efc-443b-a62f-dce2bca5d56b"]
&amp#27;[38;5;32m[AndroidUiautomator2Driver@e3cd (9c0ff67f)]&amp#27;[0m Valid locator strategies for this request: xpath, id, class name, accessibility id, css selector, -android uiautomator
&amp#27;[38;5;32m[AndroidUiautomator2Driver@e3cd (9c0ff67f)]&amp#27;[0m Waiting up to 0 ms for condition
&amp#27;[38;5;32m[AndroidUiautomator2Driver@e3cd (9c0ff67f)]&amp#27;[0m Matched '/element' to command name 'findElement'
&amp#27;[38;5;32m[AndroidUiautomator2Driver@e3cd (9c0ff67f)]&amp#27;[0m Proxying [POST /element] to [POST http://127.0.0.1:8200/session/2fea60ff-cc1e-449a-891a-56c913714252/element] with body: {"strategy":"xpath","selector":"//android.view.View[@text='Today']","context":"","multiple":false}
&amp#27;[38;5;32m[AndroidUiautomator2Driver@e3cd (9c0ff67f)]&amp#27;[0m Got response with status 404: {"sessionId":"2fea60ff-cc1e-449a-891a-56c913714252","value":{"error":"no such element","message":"An element could not be located on the page using the given search parameters","stacktrace":"io.appium.uiautomator2.common.exceptions.ElementNotFoundException: An element could not be located on the page using the given search parameters\n\tat io.appium.uiautomator2.utils.ElementLocationHelpers.findElement(ElementLocationHelpers.java:156)\n\tat io.appium.uiautomator2.handler.FindElement.safeHandle(FindElement.java:60)\n\tat io.appium.uiautomator2.handler.request.SafeRequestHandler.handle(SafeRequestHandler.java:59)\n\tat io.appium.uiautomator2.server.AppiumServlet.handleRequest(AppiumServlet.java:277)\n\tat io.appium.uiautomator2.server.AppiumServlet.handleHttpRequest(AppiumServlet.java:271)\n\tat io.appium.uiautomator2.http.ServerHandler.channelRead(ServerHandler.java:77)\n\tat io.netty.channel.AbstractChannelHandlerContext.invokeChannelRead(AbstractChannelHandlerContext.java:366)\n\tat io.netty.channel.Abstr...
&amp#27;[38;5;128m[W3C]&amp#27;[0m Matched W3C error code 'no such element' to NoSuchElementError
&amp#27;[38;5;32m[AndroidUiautomator2Driver@e3cd (9c0ff67f)]&amp#27;[0m Encountered internal error running command: NoSuchElementError: An element could not be located on the page using the given search parameters.
&amp#27;[38;5;32m[AndroidUiautomator2Driver@e3cd (9c0ff67f)]&amp#27;[0m     at AndroidUiautomator2Driver.findElOrEls (C:\Users\abuba\.appium\node_modules\appium-uiautomator2-driver\node_modules\appium-android-driver\lib\commands\find.ts:87:11)
&amp#27;[38;5;32m[AndroidUiautomator2Driver@e3cd (9c0ff67f)]&amp#27;[0m     at processTicksAndRejections (node:internal/process/task_queues:95:5)
&amp#27;[38;5;32m[AndroidUiautomator2Driver@e3cd (9c0ff67f)]&amp#27;[0m     at AndroidUiautomator2Driver.findElOrElsWithProcessing (C:\Users\abuba\AppData\Roaming\npm\node_modules\appium\node_modules\@appium\base-driver\lib\basedriver\commands\find.ts:60:12)
&amp#27;[38;5;32m[AndroidUiautomator2Driver@e3cd (9c0ff67f)]&amp#27;[0m     at AndroidUiautomator2Driver.findElement (C:\Users\abuba\AppData\Roaming\npm\node_modules\appium\node_modules\@appium\base-driver\lib\basedriver\commands\find.ts:75:12)
&amp#27;[38;5;0m[HTTP]&amp#27;[0m &amp#27;[37m<-- POST /session/9c0ff67f-6efc-443b-a62f-dce2bca5d56b/element &amp#27;[39m&amp#27;[33m404&amp#27;[39m &amp#27;[90m93 ms - 890&amp#27;[39m
&amp#27;[38;5;0m[HTTP]&amp#27;[0m &amp#27;[90m&amp#27;[39m
&amp#27;[38;5;0m[HTTP]&amp#27;[0m &amp#27;[37m-->&amp#27;[39m &amp#27;[37mPOST&amp#27;[39m &amp#27;[37m/session/9c0ff67f-6efc-443b-a62f-dce2bca5d56b/element&amp#27;[39m
&amp#27;[38;5;0m[HTTP]&amp#27;[0m &amp#27;[90m{"using":"xpath","value":"//android.view.View[@text='Today']"}&amp#27;[39m
&amp#27;[38;5;32m[AndroidUiautomator2Driver@e3cd (9c0ff67f)]&amp#27;[0m Calling AppiumDriver.findElement() with args: ["xpath","//android.view.View[@text='Today']","9c0ff67f-6efc-443b-a62f-dce2bca5d56b"]
&amp#27;[38;5;32m[AndroidUiautomator2Driver@e3cd (9c0ff67f)]&amp#27;[0m Valid locator strategies for this request: xpath, id, class name, accessibility id, css selector, -android uiautomator
&amp#27;[38;5;32m[AndroidUiautomator2Driver@e3cd (9c0ff67f)]&amp#27;[0m Waiting up to 0 ms for condition
&amp#27;[38;5;32m[AndroidUiautomator2Driver@e3cd (9c0ff67f)]&amp#27;[0m Matched '/element' to command name 'findElement'
&amp#27;[38;5;32m[AndroidUiautomator2Driver@e3cd (9c0ff67f)]&amp#27;[0m Proxying [POST /element] to [POST http://127.0.0.1:8200/session/2fea60ff-cc1e-449a-891a-56c913714252/element] with body: {"strategy":"xpath","selector":"//android.view.View[@text='Today']","context":"","multiple":false}
&amp#27;[38;5;32m[AndroidUiautomator2Driver@e3cd (9c0ff67f)]&amp#27;[0m Got response with status 200: {"sessionId":"2fea60ff-cc1e-449a-891a-56c913714252","value":{"ELEMENT":"00000000-0000-0042-0000-001b00000004","element-6066-11e4-a52e-4f735466cecf":"00000000-0000-0042-0000-001b00000004"}}
&amp#27;[38;5;32m[AndroidUiautomator2Driver@e3cd (9c0ff67f)]&amp#27;[0m Responding to client with driver.findElement() result: {"element-6066-11e4-a52e-4f735466cecf":"00000000-0000-0042-0000-001b00000004","ELEMENT":"00000000-0000-0042-0000-001b00000004"}
&amp#27;[38;5;0m[HTTP]&amp#27;[0m &amp#27;[37m<-- POST /session/9c0ff67f-6efc-443b-a62f-dce2bca5d56b/element &amp#27;[39m&amp#27;[32m200&amp#27;[39m &amp#27;[90m466 ms - 137&amp#27;[39m
&amp#27;[38;5;0m[HTTP]&amp#27;[0m &amp#27;[90m&amp#27;[39m
&amp#27;[38;5;0m[HTTP]&amp#27;[0m &amp#27;[37m-->&amp#27;[39m &amp#27;[37mGET&amp#27;[39m &amp#27;[37m/session/9c0ff67f-6efc-443b-a62f-dce2bca5d56b/element/00000000-0000-0042-0000-001b00000004/displayed&amp#27;[39m
&amp#27;[38;5;0m[HTTP]&amp#27;[0m &amp#27;[90m{}&amp#27;[39m
&amp#27;[38;5;32m[AndroidUiautomator2Driver@e3cd (9c0ff67f)]&amp#27;[0m Calling AppiumDriver.elementDisplayed() with args: ["00000000-0000-0042-0000-001b00000004","9c0ff67f-6efc-443b-a62f-dce2bca5d56b"]
&amp#27;[38;5;32m[AndroidUiautomator2Driver@e3cd (9c0ff67f)]&amp#27;[0m Matched '/element/00000000-0000-0042-0000-001b00000004/attribute/displayed' to command name 'getAttribute'
&amp#27;[38;5;32m[AndroidUiautomator2Driver@e3cd (9c0ff67f)]&amp#27;[0m Proxying [GET /element/00000000-0000-0042-0000-001b00000004/attribute/displayed] to [GET http://127.0.0.1:8200/session/2fea60ff-cc1e-449a-891a-56c913714252/element/00000000-0000-0042-0000-001b00000004/attribute/displayed] with no body
&amp#27;[38;5;32m[AndroidUiautomator2Driver@e3cd (9c0ff67f)]&amp#27;[0m Got response with status 200: {"sessionId":"2fea60ff-cc1e-449a-891a-56c913714252","value":"true"}
&amp#27;[38;5;32m[AndroidUiautomator2Driver@e3cd (9c0ff67f)]&amp#27;[0m Responding to client with driver.elementDisplayed() result: true
&amp#27;[38;5;0m[HTTP]&amp#27;[0m &amp#27;[37m<-- GET /session/9c0ff67f-6efc-443b-a62f-dce2bca5d56b/element/00000000-0000-0042-0000-001b00000004/displayed &amp#27;[39m&amp#27;[32m200&amp#27;[39m &amp#27;[90m10 ms - 14&amp#27;[39m
&amp#27;[38;5;0m[HTTP]&amp#27;[0m &amp#27;[90m&amp#27;[39m
&amp#27;[38;5;0m[HTTP]&amp#27;[0m &amp#27;[37m-->&amp#27;[39m &amp#27;[37mPOST&amp#27;[39m &amp#27;[37m/session/9c0ff67f-6efc-443b-a62f-dce2bca5d56b/element&amp#27;[39m
&amp#27;[38;5;0m[HTTP]&amp#27;[0m &amp#27;[90m{"using":"xpath","value":"//android.view.View[@text='Today']"}&amp#27;[39m
&amp#27;[38;5;32m[AndroidUiautomator2Driver@e3cd (9c0ff67f)]&amp#27;[0m Calling AppiumDriver.findElement() with args: ["xpath","//android.view.View[@text='Today']","9c0ff67f-6efc-443b-a62f-dce2bca5d56b"]
&amp#27;[38;5;32m[AndroidUiautomator2Driver@e3cd (9c0ff67f)]&amp#27;[0m Valid locator strategies for this request: xpath, id, class name, accessibility id, css selector, -android uiautomator
&amp#27;[38;5;32m[AndroidUiautomator2Driver@e3cd (9c0ff67f)]&amp#27;[0m Waiting up to 0 ms for condition
&amp#27;[38;5;32m[AndroidUiautomator2Driver@e3cd (9c0ff67f)]&amp#27;[0m Matched '/element' to command name 'findElement'
&amp#27;[38;5;32m[AndroidUiautomator2Driver@e3cd (9c0ff67f)]&amp#27;[0m Proxying [POST /element] to [POST http://127.0.0.1:8200/session/2fea60ff-cc1e-449a-891a-56c913714252/element] with body: {"strategy":"xpath","selector":"//android.view.View[@text='Today']","context":"","multiple":false}
&amp#27;[38;5;32m[AndroidUiautomator2Driver@e3cd (9c0ff67f)]&amp#27;[0m Got response with status 200: {"sessionId":"2fea60ff-cc1e-449a-891a-56c913714252","value":{"ELEMENT":"00000000-0000-0042-0000-001b00000004","element-6066-11e4-a52e-4f735466cecf":"00000000-0000-0042-0000-001b00000004"}}
&amp#27;[38;5;32m[AndroidUiautomator2Driver@e3cd (9c0ff67f)]&amp#27;[0m Responding to client with driver.findElement() result: {"element-6066-11e4-a52e-4f735466cecf":"00000000-0000-0042-0000-001b00000004","ELEMENT":"00000000-0000-0042-0000-001b00000004"}
&amp#27;[38;5;0m[HTTP]&amp#27;[0m &amp#27;[37m<-- POST /session/9c0ff67f-6efc-443b-a62f-dce2bca5d56b/element &amp#27;[39m&amp#27;[32m200&amp#27;[39m &amp#27;[90m127 ms - 137&amp#27;[39m
&amp#27;[38;5;0m[HTTP]&amp#27;[0m &amp#27;[90m&amp#27;[39m
&amp#27;[38;5;0m[HTTP]&amp#27;[0m &amp#27;[37m-->&amp#27;[39m &amp#27;[37mPOST&amp#27;[39m &amp#27;[37m/session/9c0ff67f-6efc-443b-a62f-dce2bca5d56b/element&amp#27;[39m
&amp#27;[38;5;0m[HTTP]&amp#27;[0m &amp#27;[90m{"using":"xpath","value":"//android.view.View[@text='Today']"}&amp#27;[39m
&amp#27;[38;5;32m[AndroidUiautomator2Driver@e3cd (9c0ff67f)]&amp#27;[0m Calling AppiumDriver.findElement() with args: ["xpath","//android.view.View[@text='Today']","9c0ff67f-6efc-443b-a62f-dce2bca5d56b"]
&amp#27;[38;5;32m[AndroidUiautomator2Driver@e3cd (9c0ff67f)]&amp#27;[0m Valid locator strategies for this request: xpath, id, class name, accessibility id, css selector, -android uiautomator
&amp#27;[38;5;32m[AndroidUiautomator2Driver@e3cd (9c0ff67f)]&amp#27;[0m Waiting up to 0 ms for condition
&amp#27;[38;5;32m[AndroidUiautomator2Driver@e3cd (9c0ff67f)]&amp#27;[0m Matched '/element' to command name 'findElement'
&amp#27;[38;5;32m[AndroidUiautomator2Driver@e3cd (9c0ff67f)]&amp#27;[0m Proxying [POST /element] to [POST http://127.0.0.1:8200/session/2fea60ff-cc1e-449a-891a-56c913714252/element] with body: {"strategy":"xpath","selector":"//android.view.View[@text='Today']","context":"","multiple":false}
&amp#27;[38;5;32m[AndroidUiautomator2Driver@e3cd (9c0ff67f)]&amp#27;[0m Got response with status 200: {"sessionId":"2fea60ff-cc1e-449a-891a-56c913714252","value":{"ELEMENT":"00000000-0000-0042-0000-001b00000004","element-6066-11e4-a52e-4f735466cecf":"00000000-0000-0042-0000-001b00000004"}}
&amp#27;[38;5;32m[AndroidUiautomator2Driver@e3cd (9c0ff67f)]&amp#27;[0m Responding to client with driver.findElement() result: {"element-6066-11e4-a52e-4f735466cecf":"00000000-0000-0042-0000-001b00000004","ELEMENT":"00000000-0000-0042-0000-001b00000004"}
&amp#27;[38;5;0m[HTTP]&amp#27;[0m &amp#27;[37m<-- POST /session/9c0ff67f-6efc-443b-a62f-dce2bca5d56b/element &amp#27;[39m&amp#27;[32m200&amp#27;[39m &amp#27;[90m123 ms - 137&amp#27;[39m
&amp#27;[38;5;0m[HTTP]&amp#27;[0m &amp#27;[90m&amp#27;[39m
&amp#27;[38;5;0m[HTTP]&amp#27;[0m &amp#27;[37m-->&amp#27;[39m &amp#27;[37mGET&amp#27;[39m &amp#27;[37m/session/9c0ff67f-6efc-443b-a62f-dce2bca5d56b/element/00000000-0000-0042-0000-001b00000004/text&amp#27;[39m
&amp#27;[38;5;0m[HTTP]&amp#27;[0m &amp#27;[90m{}&amp#27;[39m
&amp#27;[38;5;32m[AndroidUiautomator2Driver@e3cd (9c0ff67f)]&amp#27;[0m Driver proxy active, passing request on via HTTP proxy
&amp#27;[38;5;32m[AndroidUiautomator2Driver@e3cd (9c0ff67f)]&amp#27;[0m Matched '/session/9c0ff67f-6efc-443b-a62f-dce2bca5d56b/element/00000000-0000-0042-0000-001b00000004/text' to command name 'getText'
&amp#27;[38;5;32m[AndroidUiautomator2Driver@e3cd (9c0ff67f)]&amp#27;[0m Proxying [GET /session/9c0ff67f-6efc-443b-a62f-dce2bca5d56b/element/00000000-0000-0042-0000-001b00000004/text] to [GET http://127.0.0.1:8200/session/2fea60ff-cc1e-449a-891a-56c913714252/element/00000000-0000-0042-0000-001b00000004/text] with no body
&amp#27;[38;5;32m[AndroidUiautomator2Driver@e3cd (9c0ff67f)]&amp#27;[0m Got response with status 200: {"sessionId":"2fea60ff-cc1e-449a-891a-56c913714252","value":"Today"}
&amp#27;[38;5;32m[AndroidUiautomator2Driver@e3cd (9c0ff67f)]&amp#27;[0m Replacing sessionId 2fea60ff-cc1e-449a-891a-56c913714252 with 9c0ff67f-6efc-443b-a62f-dce2bca5d56b
&amp#27;[38;5;0m[HTTP]&amp#27;[0m &amp#27;[37m<-- GET /session/9c0ff67f-6efc-443b-a62f-dce2bca5d56b/element/00000000-0000-0042-0000-001b00000004/text &amp#27;[39m&amp#27;[32m200&amp#27;[39m &amp#27;[90m18 ms - 68&amp#27;[39m
&amp#27;[38;5;0m[HTTP]&amp#27;[0m &amp#27;[90m&amp#27;[39m
&amp#27;[38;5;0m[HTTP]&amp#27;[0m &amp#27;[37m-->&amp#27;[39m &amp#27;[37mPOST&amp#27;[39m &amp#27;[37m/session/9c0ff67f-6efc-443b-a62f-dce2bca5d56b/elements&amp#27;[39m
&amp#27;[38;5;0m[HTTP]&amp#27;[0m &amp#27;[90m{"using":"xpath","value":"//android.widget.HorizontalScrollView"}&amp#27;[39m
&amp#27;[38;5;32m[AndroidUiautomator2Driver@e3cd (9c0ff67f)]&amp#27;[0m Calling AppiumDriver.findElements() with args: ["xpath","//android.widget.HorizontalScrollView","9c0ff67f-6efc-443b-a62f-dce2bca5d56b"]
&amp#27;[38;5;32m[AndroidUiautomator2Driver@e3cd (9c0ff67f)]&amp#27;[0m Valid locator strategies for this request: xpath, id, class name, accessibility id, css selector, -android uiautomator
&amp#27;[38;5;32m[AndroidUiautomator2Driver@e3cd (9c0ff67f)]&amp#27;[0m Waiting up to 0 ms for condition
&amp#27;[38;5;32m[AndroidUiautomator2Driver@e3cd (9c0ff67f)]&amp#27;[0m Matched '/elements' to command name 'findElements'
&amp#27;[38;5;32m[AndroidUiautomator2Driver@e3cd (9c0ff67f)]&amp#27;[0m Proxying [POST /elements] to [POST http://127.0.0.1:8200/session/2fea60ff-cc1e-449a-891a-56c913714252/elements] with body: {"strategy":"xpath","selector":"//android.widget.HorizontalScrollView","context":"","multiple":true}
&amp#27;[38;5;32m[AndroidUiautomator2Driver@e3cd (9c0ff67f)]&amp#27;[0m Got response with status 200: {"sessionId":"2fea60ff-cc1e-449a-891a-56c913714252","value":[{"ELEMENT":"00000000-0000-0042-0000-001d00000004","element-6066-11e4-a52e-4f735466cecf":"00000000-0000-0042-0000-001d00000004"},{"ELEMENT":"00000000-0000-0042-0000-001e00000004","element-6066-11e4-a52e-4f735466cecf":"00000000-0000-0042-0000-001e00000004"}]}
&amp#27;[38;5;32m[AndroidUiautomator2Driver@e3cd (9c0ff67f)]&amp#27;[0m Responding to client with driver.findElements() result: [{"element-6066-11e4-a52e-4f735466cecf":"00000000-0000-0042-0000-001d00000004","ELEMENT":"00000000-0000-0042-0000-001d00000004"},{"element-6066-11e4-a52e-4f735466cecf":"00000000-0000-0042-0000-001e00000004","ELEMENT":"00000000-0000-0042-0000-001e00000004"}]
&amp#27;[38;5;0m[HTTP]&amp#27;[0m &amp#27;[37m<-- POST /session/9c0ff67f-6efc-443b-a62f-dce2bca5d56b/elements &amp#27;[39m&amp#27;[32m200&amp#27;[39m &amp#27;[90m118 ms - 267&amp#27;[39m
&amp#27;[38;5;0m[HTTP]&amp#27;[0m &amp#27;[90m&amp#27;[39m
&amp#27;[38;5;0m[HTTP]&amp#27;[0m &amp#27;[37m-->&amp#27;[39m &amp#27;[37mPOST&amp#27;[39m &amp#27;[37m/session/9c0ff67f-6efc-443b-a62f-dce2bca5d56b/elements&amp#27;[39m
&amp#27;[38;5;0m[HTTP]&amp#27;[0m &amp#27;[90m{"using":"xpath","value":"//android.widget.HorizontalScrollView"}&amp#27;[39m
&amp#27;[38;5;32m[AndroidUiautomator2Driver@e3cd (9c0ff67f)]&amp#27;[0m Calling AppiumDriver.findElements() with args: ["xpath","//android.widget.HorizontalScrollView","9c0ff67f-6efc-443b-a62f-dce2bca5d56b"]
&amp#27;[38;5;32m[AndroidUiautomator2Driver@e3cd (9c0ff67f)]&amp#27;[0m Valid locator strategies for this request: xpath, id, class name, accessibility id, css selector, -android uiautomator
&amp#27;[38;5;32m[AndroidUiautomator2Driver@e3cd (9c0ff67f)]&amp#27;[0m Waiting up to 0 ms for condition
&amp#27;[38;5;32m[AndroidUiautomator2Driver@e3cd (9c0ff67f)]&amp#27;[0m Matched '/elements' to command name 'findElements'
&amp#27;[38;5;32m[AndroidUiautomator2Driver@e3cd (9c0ff67f)]&amp#27;[0m Proxying [POST /elements] to [POST http://127.0.0.1:8200/session/2fea60ff-cc1e-449a-891a-56c913714252/elements] with body: {"strategy":"xpath","selector":"//android.widget.HorizontalScrollView","context":"","multiple":true}
&amp#27;[38;5;32m[AndroidUiautomator2Driver@e3cd (9c0ff67f)]&amp#27;[0m Got response with status 200: {"sessionId":"2fea60ff-cc1e-449a-891a-56c913714252","value":[{"ELEMENT":"00000000-0000-0042-0000-001d00000004","element-6066-11e4-a52e-4f735466cecf":"00000000-0000-0042-0000-001d00000004"},{"ELEMENT":"00000000-0000-0042-0000-001e00000004","element-6066-11e4-a52e-4f735466cecf":"00000000-0000-0042-0000-001e00000004"}]}
&amp#27;[38;5;32m[AndroidUiautomator2Driver@e3cd (9c0ff67f)]&amp#27;[0m Responding to client with driver.findElements() result: [{"element-6066-11e4-a52e-4f735466cecf":"00000000-0000-0042-0000-001d00000004","ELEMENT":"00000000-0000-0042-0000-001d00000004"},{"element-6066-11e4-a52e-4f735466cecf":"00000000-0000-0042-0000-001e00000004","ELEMENT":"00000000-0000-0042-0000-001e00000004"}]
&amp#27;[38;5;0m[HTTP]&amp#27;[0m &amp#27;[37m<-- POST /session/9c0ff67f-6efc-443b-a62f-dce2bca5d56b/elements &amp#27;[39m&amp#27;[32m200&amp#27;[39m &amp#27;[90m104 ms - 267&amp#27;[39m
&amp#27;[38;5;0m[HTTP]&amp#27;[0m &amp#27;[90m&amp#27;[39m
&amp#27;[38;5;0m[HTTP]&amp#27;[0m &amp#27;[37m-->&amp#27;[39m &amp#27;[37mPOST&amp#27;[39m &amp#27;[37m/session/9c0ff67f-6efc-443b-a62f-dce2bca5d56b/element/00000000-0000-0042-0000-001d00000004/elements&amp#27;[39m
&amp#27;[38;5;0m[HTTP]&amp#27;[0m &amp#27;[90m{"id":"00000000-0000-0042-0000-001d00000004","using":"xpath","value":"//android.view.View"}&amp#27;[39m
&amp#27;[38;5;32m[AndroidUiautomator2Driver@e3cd (9c0ff67f)]&amp#27;[0m Calling AppiumDriver.findElementsFromElement() with args: ["xpath","//android.view.View","00000000-0000-0042-0000-001d00000004","9c0ff67f-6efc-443b-a62f-dce2bca5d56b"]
&amp#27;[38;5;32m[AndroidUiautomator2Driver@e3cd (9c0ff67f)]&amp#27;[0m Valid locator strategies for this request: xpath, id, class name, accessibility id, css selector, -android uiautomator
&amp#27;[38;5;32m[AndroidUiautomator2Driver@e3cd (9c0ff67f)]&amp#27;[0m Waiting up to 0 ms for condition
&amp#27;[38;5;32m[AndroidUiautomator2Driver@e3cd (9c0ff67f)]&amp#27;[0m Matched '/elements' to command name 'findElements'
&amp#27;[38;5;32m[AndroidUiautomator2Driver@e3cd (9c0ff67f)]&amp#27;[0m Proxying [POST /elements] to [POST http://127.0.0.1:8200/session/2fea60ff-cc1e-449a-891a-56c913714252/elements] with body: {"strategy":"xpath","selector":"//android.view.View","context":"00000000-0000-0042-0000-001d00000004","multiple":true}
&amp#27;[38;5;32m[AndroidUiautomator2Driver@e3cd (9c0ff67f)]&amp#27;[0m Got response with status 200: {"sessionId":"2fea60ff-cc1e-449a-891a-56c913714252","value":[{"ELEMENT":"00000000-0000-0042-0000-001f00000004","element-6066-11e4-a52e-4f735466cecf":"00000000-0000-0042-0000-001f00000004"},{"ELEMENT":"00000000-0000-0042-0000-002100000004","element-6066-11e4-a52e-4f735466cecf":"00000000-0000-0042-0000-002100000004"},{"ELEMENT":"00000000-0000-0042-0000-002300000004","element-6066-11e4-a52e-4f735466cecf":"00000000-0000-0042-0000-002300000004"},{"ELEMENT":"00000000-0000-0042-0000-002500000004","element-6066-11e4-a52e-4f735466cecf":"00000000-0000-0042-0000-002500000004"},{"ELEMENT":"00000000-0000-0042-0000-002700000004","element-6066-11e4-a52e-4f735466cecf":"00000000-0000-0042-0000-002700000004"},{"ELEMENT":"00000000-0000-0042-0000-002900000004","element-6066-11e4-a52e-4f735466cecf":"00000000-0000-0042-0000-002900000004"},{"ELEMENT":"00000000-0000-0042-0000-002b00000004","element-6066-11e4-a52e-4f735466cecf":"00000000-0000-0042-0000-002b00000004"},{"ELEMENT":"00000000-0000-0042-0000-002d00000004","element-6066-...
&amp#27;[38;5;32m[AndroidUiautomator2Driver@e3cd (9c0ff67f)]&amp#27;[0m Responding to client with driver.findElementsFromElement() result: [{"element-6066-11e4-a52e-4f735466cecf":"00000000-0000-0042-0000-001f00000004","ELEMENT":"00000000-0000-0042-0000-001f00000004"},{"element-6066-11e4-a52e-4f735466cecf":"00000000-0000-0042-0000-002100000004","ELEMENT":"00000000-0000-0042-0000-002100000004"},{"element-6066-11e4-a52e-4f735466cecf":"00000000-0000-0042-0000-002300000004","ELEMENT":"00000000-0000-0042-0000-002300000004"},{"element-6066-11e4-a52e-4f735466cecf":"00000000-0000-0042-0000-002500000004","ELEMENT":"00000000-0000-0042-0000-002500000004"},{"element-6066-11e4-a52e-4f735466cecf":"00000000-0000-0042-0000-002700000004","ELEMENT":"00000000-0000-0042-0000-002700000004"},{"element-6066-11e4-a52e-4f735466cecf":"00000000-0000-0042-0000-002900000004","ELEMENT":"00000000-0000-0042-0000-002900000004"},{"element-6066-11e4-a52e-4f735466cecf":"00000000-0000-0042-0000-002b00000004","ELEMENT":"00000000-0000-0042-0000-002b00000004"},{"element-6066-11e4-a52e-4f735466cecf":"00000000-0000-0042-0000-002d00000004","ELEMENT":"00000000-0000-0042-0000-002d0000000...
&amp#27;[38;5;0m[HTTP]&amp#27;[0m &amp#27;[37m<-- POST /session/9c0ff67f-6efc-443b-a62f-dce2bca5d56b/element/00000000-0000-0042-0000-001d00000004/elements &amp#27;[39m&amp#27;[32m200&amp#27;[39m &amp#27;[90m51 ms - 2059&amp#27;[39m
&amp#27;[38;5;0m[HTTP]&amp#27;[0m &amp#27;[90m&amp#27;[39m
&amp#27;[38;5;0m[HTTP]&amp#27;[0m &amp#27;[37m-->&amp#27;[39m &amp#27;[37mGET&amp#27;[39m &amp#27;[37m/session/9c0ff67f-6efc-443b-a62f-dce2bca5d56b/element/00000000-0000-0042-0000-001f00000004/text&amp#27;[39m
&amp#27;[38;5;0m[HTTP]&amp#27;[0m &amp#27;[90m{}&amp#27;[39m
&amp#27;[38;5;32m[AndroidUiautomator2Driver@e3cd (9c0ff67f)]&amp#27;[0m Driver proxy active, passing request on via HTTP proxy
&amp#27;[38;5;32m[AndroidUiautomator2Driver@e3cd (9c0ff67f)]&amp#27;[0m Matched '/session/9c0ff67f-6efc-443b-a62f-dce2bca5d56b/element/00000000-0000-0042-0000-001f00000004/text' to command name 'getText'
&amp#27;[38;5;32m[AndroidUiautomator2Driver@e3cd (9c0ff67f)]&amp#27;[0m Proxying [GET /session/9c0ff67f-6efc-443b-a62f-dce2bca5d56b/element/00000000-0000-0042-0000-001f00000004/text] to [GET http://127.0.0.1:8200/session/2fea60ff-cc1e-449a-891a-56c913714252/element/00000000-0000-0042-0000-001f00000004/text] with no body
&amp#27;[38;5;32m[AndroidUiautomator2Driver@e3cd (9c0ff67f)]&amp#27;[0m Got response with status 200: {"sessionId":"2fea60ff-cc1e-449a-891a-56c913714252","value":"16:00"}
&amp#27;[38;5;32m[AndroidUiautomator2Driver@e3cd (9c0ff67f)]&amp#27;[0m Replacing sessionId 2fea60ff-cc1e-449a-891a-56c913714252 with 9c0ff67f-6efc-443b-a62f-dce2bca5d56b
&amp#27;[38;5;0m[HTTP]&amp#27;[0m &amp#27;[37m<-- GET /session/9c0ff67f-6efc-443b-a62f-dce2bca5d56b/element/00000000-0000-0042-0000-001f00000004/text &amp#27;[39m&amp#27;[32m200&amp#27;[39m &amp#27;[90m11 ms - 68&amp#27;[39m
&amp#27;[38;5;0m[HTTP]&amp#27;[0m &amp#27;[90m&amp#27;[39m
&amp#27;[38;5;0m[HTTP]&amp#27;[0m &amp#27;[37m-->&amp#27;[39m &amp#27;[37mGET&amp#27;[39m &amp#27;[37m/session/9c0ff67f-6efc-443b-a62f-dce2bca5d56b/element/00000000-0000-0042-0000-002100000004/text&amp#27;[39m
&amp#27;[38;5;0m[HTTP]&amp#27;[0m &amp#27;[90m{}&amp#27;[39m
&amp#27;[38;5;32m[AndroidUiautomator2Driver@e3cd (9c0ff67f)]&amp#27;[0m Driver proxy active, passing request on via HTTP proxy
&amp#27;[38;5;32m[AndroidUiautomator2Driver@e3cd (9c0ff67f)]&amp#27;[0m Matched '/session/9c0ff67f-6efc-443b-a62f-dce2bca5d56b/element/00000000-0000-0042-0000-002100000004/text' to command name 'getText'
&amp#27;[38;5;32m[AndroidUiautomator2Driver@e3cd (9c0ff67f)]&amp#27;[0m Proxying [GET /session/9c0ff67f-6efc-443b-a62f-dce2bca5d56b/element/00000000-0000-0042-0000-002100000004/text] to [GET http://127.0.0.1:8200/session/2fea60ff-cc1e-449a-891a-56c913714252/element/00000000-0000-0042-0000-002100000004/text] with no body
&amp#27;[38;5;32m[AndroidUiautomator2Driver@e3cd (9c0ff67f)]&amp#27;[0m Got response with status 200: {"sessionId":"2fea60ff-cc1e-449a-891a-56c913714252","value":"overcast clouds"}
&amp#27;[38;5;32m[AndroidUiautomator2Driver@e3cd (9c0ff67f)]&amp#27;[0m Replacing sessionId 2fea60ff-cc1e-449a-891a-56c913714252 with 9c0ff67f-6efc-443b-a62f-dce2bca5d56b
&amp#27;[38;5;0m[HTTP]&amp#27;[0m &amp#27;[37m<-- GET /session/9c0ff67f-6efc-443b-a62f-dce2bca5d56b/element/00000000-0000-0042-0000-002100000004/text &amp#27;[39m&amp#27;[32m200&amp#27;[39m &amp#27;[90m9 ms - 78&amp#27;[39m
&amp#27;[38;5;0m[HTTP]&amp#27;[0m &amp#27;[90m&amp#27;[39m
&amp#27;[38;5;0m[HTTP]&amp#27;[0m &amp#27;[37m-->&amp#27;[39m &amp#27;[37mGET&amp#27;[39m &amp#27;[37m/session/9c0ff67f-6efc-443b-a62f-dce2bca5d56b/element/00000000-0000-0042-0000-002300000004/text&amp#27;[39m
&amp#27;[38;5;0m[HTTP]&amp#27;[0m &amp#27;[90m{}&amp#27;[39m
&amp#27;[38;5;32m[AndroidUiautomator2Driver@e3cd (9c0ff67f)]&amp#27;[0m Driver proxy active, passing request on via HTTP proxy
&amp#27;[38;5;32m[AndroidUiautomator2Driver@e3cd (9c0ff67f)]&amp#27;[0m Matched '/session/9c0ff67f-6efc-443b-a62f-dce2bca5d56b/element/00000000-0000-0042-0000-002300000004/text' to command name 'getText'
&amp#27;[38;5;32m[AndroidUiautomator2Driver@e3cd (9c0ff67f)]&amp#27;[0m Proxying [GET /session/9c0ff67f-6efc-443b-a62f-dce2bca5d56b/element/00000000-0000-0042-0000-002300000004/text] to [GET http://127.0.0.1:8200/session/2fea60ff-cc1e-449a-891a-56c913714252/element/00000000-0000-0042-0000-002300000004/text] with no body
&amp#27;[38;5;32m[AndroidUiautomator2Driver@e3cd (9c0ff67f)]&amp#27;[0m Got response with status 200: {"sessionId":"2fea60ff-cc1e-449a-891a-56c913714252","value":"92 %"}
&amp#27;[38;5;32m[AndroidUiautomator2Driver@e3cd (9c0ff67f)]&amp#27;[0m Replacing sessionId 2fea60ff-cc1e-449a-891a-56c913714252 with 9c0ff67f-6efc-443b-a62f-dce2bca5d56b
&amp#27;[38;5;0m[HTTP]&amp#27;[0m &amp#27;[37m<-- GET /session/9c0ff67f-6efc-443b-a62f-dce2bca5d56b/element/00000000-0000-0042-0000-002300000004/text &amp#27;[39m&amp#27;[32m200&amp#27;[39m &amp#27;[90m9 ms - 67&amp#27;[39m
&amp#27;[38;5;0m[HTTP]&amp#27;[0m &amp#27;[90m&amp#27;[39m
&amp#27;[38;5;0m[HTTP]&amp#27;[0m &amp#27;[37m-->&amp#27;[39m &amp#27;[37mGET&amp#27;[39m &amp#27;[37m/session/9c0ff67f-6efc-443b-a62f-dce2bca5d56b/element/00000000-0000-0042-0000-002500000004/text&amp#27;[39m
&amp#27;[38;5;0m[HTTP]&amp#27;[0m &amp#27;[90m{}&amp#27;[39m
&amp#27;[38;5;32m[AndroidUiautomator2Driver@e3cd (9c0ff67f)]&amp#27;[0m Driver proxy active, passing request on via HTTP proxy
&amp#27;[38;5;32m[AndroidUiautomator2Driver@e3cd (9c0ff67f)]&amp#27;[0m Matched '/session/9c0ff67f-6efc-443b-a62f-dce2bca5d56b/element/00000000-0000-0042-0000-002500000004/text' to command name 'getText'
&amp#27;[38;5;32m[AndroidUiautomator2Driver@e3cd (9c0ff67f)]&amp#27;[0m Proxying [GET /session/9c0ff67f-6efc-443b-a62f-dce2bca5d56b/element/00000000-0000-0042-0000-002500000004/text] to [GET http://127.0.0.1:8200/session/2fea60ff-cc1e-449a-891a-56c913714252/element/00000000-0000-0042-0000-002500000004/text] with no body
&amp#27;[38;5;32m[AndroidUiautomator2Driver@e3cd (9c0ff67f)]&amp#27;[0m Got response with status 200: {"sessionId":"2fea60ff-cc1e-449a-891a-56c913714252","value":"9 Â°C"}
&amp#27;[38;5;32m[AndroidUiautomator2Driver@e3cd (9c0ff67f)]&amp#27;[0m Replacing sessionId 2fea60ff-cc1e-449a-891a-56c913714252 with 9c0ff67f-6efc-443b-a62f-dce2bca5d56b
&amp#27;[38;5;0m[HTTP]&amp#27;[0m &amp#27;[37m<-- GET /session/9c0ff67f-6efc-443b-a62f-dce2bca5d56b/element/00000000-0000-0042-0000-002500000004/text &amp#27;[39m&amp#27;[32m200&amp#27;[39m &amp#27;[90m9 ms - 68&amp#27;[39m
&amp#27;[38;5;0m[HTTP]&amp#27;[0m &amp#27;[90m&amp#27;[39m
&amp#27;[38;5;0m[HTTP]&amp#27;[0m &amp#27;[37m-->&amp#27;[39m &amp#27;[37mGET&amp#27;[39m &amp#27;[37m/session/9c0ff67f-6efc-443b-a62f-dce2bca5d56b/element/00000000-0000-0042-0000-002700000004/text&amp#27;[39m
&amp#27;[38;5;0m[HTTP]&amp#27;[0m &amp#27;[90m{}&amp#27;[39m
&amp#27;[38;5;32m[AndroidUiautomator2Driver@e3cd (9c0ff67f)]&amp#27;[0m Driver proxy active, passing request on via HTTP proxy
&amp#27;[38;5;32m[AndroidUiautomator2Driver@e3cd (9c0ff67f)]&amp#27;[0m Matched '/session/9c0ff67f-6efc-443b-a62f-dce2bca5d56b/element/00000000-0000-0042-0000-002700000004/text' to command name 'getText'
&amp#27;[38;5;32m[AndroidUiautomator2Driver@e3cd (9c0ff67f)]&amp#27;[0m Proxying [GET /session/9c0ff67f-6efc-443b-a62f-dce2bca5d56b/element/00000000-0000-0042-0000-002700000004/text] to [GET http://127.0.0.1:8200/session/2fea60ff-cc1e-449a-891a-56c913714252/element/00000000-0000-0042-0000-002700000004/text] with no body
&amp#27;[38;5;32m[AndroidUiautomator2Driver@e3cd (9c0ff67f)]&amp#27;[0m Got response with status 200: {"sessionId":"2fea60ff-cc1e-449a-891a-56c913714252","value":"17:00"}
&amp#27;[38;5;32m[AndroidUiautomator2Driver@e3cd (9c0ff67f)]&amp#27;[0m Replacing sessionId 2fea60ff-cc1e-449a-891a-56c913714252 with 9c0ff67f-6efc-443b-a62f-dce2bca5d56b
&amp#27;[38;5;0m[HTTP]&amp#27;[0m &amp#27;[37m<-- GET /session/9c0ff67f-6efc-443b-a62f-dce2bca5d56b/element/00000000-0000-0042-0000-002700000004/text &amp#27;[39m&amp#27;[32m200&amp#27;[39m &amp#27;[90m10 ms - 68&amp#27;[39m
&amp#27;[38;5;0m[HTTP]&amp#27;[0m &amp#27;[90m&amp#27;[39m
&amp#27;[38;5;0m[HTTP]&amp#27;[0m &amp#27;[37m-->&amp#27;[39m &amp#27;[37mGET&amp#27;[39m &amp#27;[37m/session/9c0ff67f-6efc-443b-a62f-dce2bca5d56b/element/00000000-0000-0042-0000-002900000004/text&amp#27;[39m
&amp#27;[38;5;0m[HTTP]&amp#27;[0m &amp#27;[90m{}&amp#27;[39m
&amp#27;[38;5;32m[AndroidUiautomator2Driver@e3cd (9c0ff67f)]&amp#27;[0m Driver proxy active, passing request on via HTTP proxy
&amp#27;[38;5;32m[AndroidUiautomator2Driver@e3cd (9c0ff67f)]&amp#27;[0m Matched '/session/9c0ff67f-6efc-443b-a62f-dce2bca5d56b/element/00000000-0000-0042-0000-002900000004/text' to command name 'getText'
&amp#27;[38;5;32m[AndroidUiautomator2Driver@e3cd (9c0ff67f)]&amp#27;[0m Proxying [GET /session/9c0ff67f-6efc-443b-a62f-dce2bca5d56b/element/00000000-0000-0042-0000-002900000004/text] to [GET http://127.0.0.1:8200/session/2fea60ff-cc1e-449a-891a-56c913714252/element/00000000-0000-0042-0000-002900000004/text] with no body
&amp#27;[38;5;32m[AndroidUiautomator2Driver@e3cd (9c0ff67f)]&amp#27;[0m Got response with status 200: {"sessionId":"2fea60ff-cc1e-449a-891a-56c913714252","value":"overcast clouds"}
&amp#27;[38;5;32m[AndroidUiautomator2Driver@e3cd (9c0ff67f)]&amp#27;[0m Replacing sessionId 2fea60ff-cc1e-449a-891a-56c913714252 with 9c0ff67f-6efc-443b-a62f-dce2bca5d56b
&amp#27;[38;5;0m[HTTP]&amp#27;[0m &amp#27;[37m<-- GET /session/9c0ff67f-6efc-443b-a62f-dce2bca5d56b/element/00000000-0000-0042-0000-002900000004/text &amp#27;[39m&amp#27;[32m200&amp#27;[39m &amp#27;[90m9 ms - 78&amp#27;[39m
&amp#27;[38;5;0m[HTTP]&amp#27;[0m &amp#27;[90m&amp#27;[39m
&amp#27;[38;5;0m[HTTP]&amp#27;[0m &amp#27;[37m-->&amp#27;[39m &amp#27;[37mGET&amp#27;[39m &amp#27;[37m/session/9c0ff67f-6efc-443b-a62f-dce2bca5d56b/element/00000000-0000-0042-0000-002b00000004/text&amp#27;[39m
&amp#27;[38;5;0m[HTTP]&amp#27;[0m &amp#27;[90m{}&amp#27;[39m
&amp#27;[38;5;32m[AndroidUiautomator2Driver@e3cd (9c0ff67f)]&amp#27;[0m Driver proxy active, passing request on via HTTP proxy
&amp#27;[38;5;32m[AndroidUiautomator2Driver@e3cd (9c0ff67f)]&amp#27;[0m Matched '/session/9c0ff67f-6efc-443b-a62f-dce2bca5d56b/element/00000000-0000-0042-0000-002b00000004/text' to command name 'getText'
&amp#27;[38;5;32m[AndroidUiautomator2Driver@e3cd (9c0ff67f)]&amp#27;[0m Proxying [GET /session/9c0ff67f-6efc-443b-a62f-dce2bca5d56b/element/00000000-0000-0042-0000-002b00000004/text] to [GET http://127.0.0.1:8200/session/2fea60ff-cc1e-449a-891a-56c913714252/element/00000000-0000-0042-0000-002b00000004/text] with no body
&amp#27;[38;5;32m[AndroidUiautomator2Driver@e3cd (9c0ff67f)]&amp#27;[0m Got response with status 200: {"sessionId":"2fea60ff-cc1e-449a-891a-56c913714252","value":"91 %"}
&amp#27;[38;5;32m[AndroidUiautomator2Driver@e3cd (9c0ff67f)]&amp#27;[0m Replacing sessionId 2fea60ff-cc1e-449a-891a-56c913714252 with 9c0ff67f-6efc-443b-a62f-dce2bca5d56b
&amp#27;[38;5;0m[HTTP]&amp#27;[0m &amp#27;[37m<-- GET /session/9c0ff67f-6efc-443b-a62f-dce2bca5d56b/element/00000000-0000-0042-0000-002b00000004/text &amp#27;[39m&amp#27;[32m200&amp#27;[39m &amp#27;[90m9 ms - 67&amp#27;[39m
&amp#27;[38;5;0m[HTTP]&amp#27;[0m &amp#27;[90m&amp#27;[39m
&amp#27;[38;5;0m[HTTP]&amp#27;[0m &amp#27;[37m-->&amp#27;[39m &amp#27;[37mGET&amp#27;[39m &amp#27;[37m/session/9c0ff67f-6efc-443b-a62f-dce2bca5d56b/element/00000000-0000-0042-0000-002d00000004/text&amp#27;[39m
&amp#27;[38;5;0m[HTTP]&amp#27;[0m &amp#27;[90m{}&amp#27;[39m
&amp#27;[38;5;32m[AndroidUiautomator2Driver@e3cd (9c0ff67f)]&amp#27;[0m Driver proxy active, passing request on via HTTP proxy
&amp#27;[38;5;32m[AndroidUiautomator2Driver@e3cd (9c0ff67f)]&amp#27;[0m Matched '/session/9c0ff67f-6efc-443b-a62f-dce2bca5d56b/element/00000000-0000-0042-0000-002d00000004/text' to command name 'getText'
&amp#27;[38;5;32m[AndroidUiautomator2Driver@e3cd (9c0ff67f)]&amp#27;[0m Proxying [GET /session/9c0ff67f-6efc-443b-a62f-dce2bca5d56b/element/00000000-0000-0042-0000-002d00000004/text] to [GET http://127.0.0.1:8200/session/2fea60ff-cc1e-449a-891a-56c913714252/element/00000000-0000-0042-0000-002d00000004/text] with no body
&amp#27;[38;5;32m[AndroidUiautomator2Driver@e3cd (9c0ff67f)]&amp#27;[0m Got response with status 200: {"sessionId":"2fea60ff-cc1e-449a-891a-56c913714252","value":"9 Â°C"}
&amp#27;[38;5;32m[AndroidUiautomator2Driver@e3cd (9c0ff67f)]&amp#27;[0m Replacing sessionId 2fea60ff-cc1e-449a-891a-56c913714252 with 9c0ff67f-6efc-443b-a62f-dce2bca5d56b
&amp#27;[38;5;0m[HTTP]&amp#27;[0m &amp#27;[37m<-- GET /session/9c0ff67f-6efc-443b-a62f-dce2bca5d56b/element/00000000-0000-0042-0000-002d00000004/text &amp#27;[39m&amp#27;[32m200&amp#27;[39m &amp#27;[90m9 ms - 68&amp#27;[39m
&amp#27;[38;5;0m[HTTP]&amp#27;[0m &amp#27;[90m&amp#27;[39m
&amp#27;[38;5;0m[HTTP]&amp#27;[0m &amp#27;[37m-->&amp#27;[39m &amp#27;[37mGET&amp#27;[39m &amp#27;[37m/session/9c0ff67f-6efc-443b-a62f-dce2bca5d56b/element/00000000-0000-0042-0000-002f00000004/text&amp#27;[39m
&amp#27;[38;5;0m[HTTP]&amp#27;[0m &amp#27;[90m{}&amp#27;[39m
&amp#27;[38;5;32m[AndroidUiautomator2Driver@e3cd (9c0ff67f)]&amp#27;[0m Driver proxy active, passing request on via HTTP proxy
&amp#27;[38;5;32m[AndroidUiautomator2Driver@e3cd (9c0ff67f)]&amp#27;[0m Matched '/session/9c0ff67f-6efc-443b-a62f-dce2bca5d56b/element/00000000-0000-0042-0000-002f00000004/text' to command name 'getText'
&amp#27;[38;5;32m[AndroidUiautomator2Driver@e3cd (9c0ff67f)]&amp#27;[0m Proxying [GET /session/9c0ff67f-6efc-443b-a62f-dce2bca5d56b/element/00000000-0000-0042-0000-002f00000004/text] to [GET http://127.0.0.1:8200/session/2fea60ff-cc1e-449a-891a-56c913714252/element/00000000-0000-0042-0000-002f00000004/text] with no body
&amp#27;[38;5;32m[AndroidUiautomator2Driver@e3cd (9c0ff67f)]&amp#27;[0m Got response with status 200: {"sessionId":"2fea60ff-cc1e-449a-891a-56c913714252","value":"18:00"}
&amp#27;[38;5;32m[AndroidUiautomator2Driver@e3cd (9c0ff67f)]&amp#27;[0m Replacing sessionId 2fea60ff-cc1e-449a-891a-56c913714252 with 9c0ff67f-6efc-443b-a62f-dce2bca5d56b
&amp#27;[38;5;0m[HTTP]&amp#27;[0m &amp#27;[37m<-- GET /session/9c0ff67f-6efc-443b-a62f-dce2bca5d56b/element/00000000-0000-0042-0000-002f00000004/text &amp#27;[39m&amp#27;[32m200&amp#27;[39m &amp#27;[90m9 ms - 68&amp#27;[39m
&amp#27;[38;5;0m[HTTP]&amp#27;[0m &amp#27;[90m&amp#27;[39m
&amp#27;[38;5;0m[HTTP]&amp#27;[0m &amp#27;[37m-->&amp#27;[39m &amp#27;[37mGET&amp#27;[39m &amp#27;[37m/session/9c0ff67f-6efc-443b-a62f-dce2bca5d56b/element/00000000-0000-0042-0000-003100000004/text&amp#27;[39m
&amp#27;[38;5;0m[HTTP]&amp#27;[0m &amp#27;[90m{}&amp#27;[39m
&amp#27;[38;5;32m[AndroidUiautomator2Driver@e3cd (9c0ff67f)]&amp#27;[0m Driver proxy active, passing request on via HTTP proxy
&amp#27;[38;5;32m[AndroidUiautomator2Driver@e3cd (9c0ff67f)]&amp#27;[0m Matched '/session/9c0ff67f-6efc-443b-a62f-dce2bca5d56b/element/00000000-0000-0042-0000-003100000004/text' to command name 'getText'
&amp#27;[38;5;32m[AndroidUiautomator2Driver@e3cd (9c0ff67f)]&amp#27;[0m Proxying [GET /session/9c0ff67f-6efc-443b-a62f-dce2bca5d56b/element/00000000-0000-0042-0000-003100000004/text] to [GET http://127.0.0.1:8200/session/2fea60ff-cc1e-449a-891a-56c913714252/element/00000000-0000-0042-0000-003100000004/text] with no body
&amp#27;[38;5;32m[AndroidUiautomator2Driver@e3cd (9c0ff67f)]&amp#27;[0m Got response with status 200: {"sessionId":"2fea60ff-cc1e-449a-891a-56c913714252","value":"overcast clouds"}
&amp#27;[38;5;32m[AndroidUiautomator2Driver@e3cd (9c0ff67f)]&amp#27;[0m Replacing sessionId 2fea60ff-cc1e-449a-891a-56c913714252 with 9c0ff67f-6efc-443b-a62f-dce2bca5d56b
&amp#27;[38;5;0m[HTTP]&amp#27;[0m &amp#27;[37m<-- GET /session/9c0ff67f-6efc-443b-a62f-dce2bca5d56b/element/00000000-0000-0042-0000-003100000004/text &amp#27;[39m&amp#27;[32m200&amp#27;[39m &amp#27;[90m9 ms - 78&amp#27;[39m
&amp#27;[38;5;0m[HTTP]&amp#27;[0m &amp#27;[90m&amp#27;[39m
&amp#27;[38;5;0m[HTTP]&amp#27;[0m &amp#27;[37m-->&amp#27;[39m &amp#27;[37mGET&amp#27;[39m &amp#27;[37m/session/9c0ff67f-6efc-443b-a62f-dce2bca5d56b/element/00000000-0000-0042-0000-003300000004/text&amp#27;[39m
&amp#27;[38;5;0m[HTTP]&amp#27;[0m &amp#27;[90m{}&amp#27;[39m
&amp#27;[38;5;32m[AndroidUiautomator2Driver@e3cd (9c0ff67f)]&amp#27;[0m Driver proxy active, passing request on via HTTP proxy
&amp#27;[38;5;32m[AndroidUiautomator2Driver@e3cd (9c0ff67f)]&amp#27;[0m Matched '/session/9c0ff67f-6efc-443b-a62f-dce2bca5d56b/element/00000000-0000-0042-0000-003300000004/text' to command name 'getText'
&amp#27;[38;5;32m[AndroidUiautomator2Driver@e3cd (9c0ff67f)]&amp#27;[0m Proxying [GET /session/9c0ff67f-6efc-443b-a62f-dce2bca5d56b/element/00000000-0000-0042-0000-003300000004/text] to [GET http://127.0.0.1:8200/session/2fea60ff-cc1e-449a-891a-56c913714252/element/00000000-0000-0042-0000-003300000004/text] with no body
&amp#27;[38;5;32m[AndroidUiautomator2Driver@e3cd (9c0ff67f)]&amp#27;[0m Got response with status 200: {"sessionId":"2fea60ff-cc1e-449a-891a-56c913714252","value":"90 %"}
&amp#27;[38;5;32m[AndroidUiautomator2Driver@e3cd (9c0ff67f)]&amp#27;[0m Replacing sessionId 2fea60ff-cc1e-449a-891a-56c913714252 with 9c0ff67f-6efc-443b-a62f-dce2bca5d56b
&amp#27;[38;5;0m[HTTP]&amp#27;[0m &amp#27;[37m<-- GET /session/9c0ff67f-6efc-443b-a62f-dce2bca5d56b/element/00000000-0000-0042-0000-003300000004/text &amp#27;[39m&amp#27;[32m200&amp#27;[39m &amp#27;[90m9 ms - 67&amp#27;[39m
&amp#27;[38;5;0m[HTTP]&amp#27;[0m &amp#27;[90m&amp#27;[39m
&amp#27;[38;5;0m[HTTP]&amp#27;[0m &amp#27;[37m-->&amp#27;[39m &amp#27;[37mGET&amp#27;[39m &amp#27;[37m/session/9c0ff67f-6efc-443b-a62f-dce2bca5d56b/element/00000000-0000-0042-0000-003500000004/text&amp#27;[39m
&amp#27;[38;5;0m[HTTP]&amp#27;[0m &amp#27;[90m{}&amp#27;[39m
&amp#27;[38;5;32m[AndroidUiautomator2Driver@e3cd (9c0ff67f)]&amp#27;[0m Driver proxy active, passing request on via HTTP proxy
&amp#27;[38;5;32m[AndroidUiautomator2Driver@e3cd (9c0ff67f)]&amp#27;[0m Matched '/session/9c0ff67f-6efc-443b-a62f-dce2bca5d56b/element/00000000-0000-0042-0000-003500000004/text' to command name 'getText'
&amp#27;[38;5;32m[AndroidUiautomator2Driver@e3cd (9c0ff67f)]&amp#27;[0m Proxying [GET /session/9c0ff67f-6efc-443b-a62f-dce2bca5d56b/element/00000000-0000-0042-0000-003500000004/text] to [GET http://127.0.0.1:8200/session/2fea60ff-cc1e-449a-891a-56c913714252/element/00000000-0000-0042-0000-003500000004/text] with no body
&amp#27;[38;5;32m[AndroidUiautomator2Driver@e3cd (9c0ff67f)]&amp#27;[0m Got response with status 200: {"sessionId":"2fea60ff-cc1e-449a-891a-56c913714252","value":"9 Â°C"}
&amp#27;[38;5;32m[AndroidUiautomator2Driver@e3cd (9c0ff67f)]&amp#27;[0m Replacing sessionId 2fea60ff-cc1e-449a-891a-56c913714252 with 9c0ff67f-6efc-443b-a62f-dce2bca5d56b
&amp#27;[38;5;0m[HTTP]&amp#27;[0m &amp#27;[37m<-- GET /session/9c0ff67f-6efc-443b-a62f-dce2bca5d56b/element/00000000-0000-0042-0000-003500000004/text &amp#27;[39m&amp#27;[32m200&amp#27;[39m &amp#27;[90m10 ms - 68&amp#27;[39m
&amp#27;[38;5;0m[HTTP]&amp#27;[0m &amp#27;[90m&amp#27;[39m
&amp#27;[38;5;0m[HTTP]&amp#27;[0m &amp#27;[37m-->&amp#27;[39m &amp#27;[37mGET&amp#27;[39m &amp#27;[37m/session/9c0ff67f-6efc-443b-a62f-dce2bca5d56b/element/00000000-0000-0042-0000-003700000004/text&amp#27;[39m
&amp#27;[38;5;0m[HTTP]&amp#27;[0m &amp#27;[90m{}&amp#27;[39m
&amp#27;[38;5;32m[AndroidUiautomator2Driver@e3cd (9c0ff67f)]&amp#27;[0m Driver proxy active, passing request on via HTTP proxy
&amp#27;[38;5;32m[AndroidUiautomator2Driver@e3cd (9c0ff67f)]&amp#27;[0m Matched '/session/9c0ff67f-6efc-443b-a62f-dce2bca5d56b/element/00000000-0000-0042-0000-003700000004/text' to command name 'getText'
&amp#27;[38;5;32m[AndroidUiautomator2Driver@e3cd (9c0ff67f)]&amp#27;[0m Proxying [GET /session/9c0ff67f-6efc-443b-a62f-dce2bca5d56b/element/00000000-0000-0042-0000-003700000004/text] to [GET http://127.0.0.1:8200/session/2fea60ff-cc1e-449a-891a-56c913714252/element/00000000-0000-0042-0000-003700000004/text] with no body
&amp#27;[38;5;32m[AndroidUiautomator2Driver@e3cd (9c0ff67f)]&amp#27;[0m Got response with status 200: {"sessionId":"2fea60ff-cc1e-449a-891a-56c913714252","value":"19:00"}
&amp#27;[38;5;32m[AndroidUiautomator2Driver@e3cd (9c0ff67f)]&amp#27;[0m Replacing sessionId 2fea60ff-cc1e-449a-891a-56c913714252 with 9c0ff67f-6efc-443b-a62f-dce2bca5d56b
&amp#27;[38;5;0m[HTTP]&amp#27;[0m &amp#27;[37m<-- GET /session/9c0ff67f-6efc-443b-a62f-dce2bca5d56b/element/00000000-0000-0042-0000-003700000004/text &amp#27;[39m&amp#27;[32m200&amp#27;[39m &amp#27;[90m11 ms - 68&amp#27;[39m
&amp#27;[38;5;0m[HTTP]&amp#27;[0m &amp#27;[90m&amp#27;[39m
&amp#27;[38;5;0m[HTTP]&amp#27;[0m &amp#27;[37m-->&amp#27;[39m &amp#27;[37mGET&amp#27;[39m &amp#27;[37m/session/9c0ff67f-6efc-443b-a62f-dce2bca5d56b/element/00000000-0000-0042-0000-003900000004/text&amp#27;[39m
&amp#27;[38;5;0m[HTTP]&amp#27;[0m &amp#27;[90m{}&amp#27;[39m
&amp#27;[38;5;32m[AndroidUiautomator2Driver@e3cd (9c0ff67f)]&amp#27;[0m Driver proxy active, passing request on via HTTP proxy
&amp#27;[38;5;32m[AndroidUiautomator2Driver@e3cd (9c0ff67f)]&amp#27;[0m Matched '/session/9c0ff67f-6efc-443b-a62f-dce2bca5d56b/element/00000000-0000-0042-0000-003900000004/text' to command name 'getText'
&amp#27;[38;5;32m[AndroidUiautomator2Driver@e3cd (9c0ff67f)]&amp#27;[0m Proxying [GET /session/9c0ff67f-6efc-443b-a62f-dce2bca5d56b/element/00000000-0000-0042-0000-003900000004/text] to [GET http://127.0.0.1:8200/session/2fea60ff-cc1e-449a-891a-56c913714252/element/00000000-0000-0042-0000-003900000004/text] with no body
&amp#27;[38;5;32m[AndroidUiautomator2Driver@e3cd (9c0ff67f)]&amp#27;[0m Got response with status 200: {"sessionId":"2fea60ff-cc1e-449a-891a-56c913714252","value":"overcast clouds"}
&amp#27;[38;5;32m[AndroidUiautomator2Driver@e3cd (9c0ff67f)]&amp#27;[0m Replacing sessionId 2fea60ff-cc1e-449a-891a-56c913714252 with 9c0ff67f-6efc-443b-a62f-dce2bca5d56b
&amp#27;[38;5;0m[HTTP]&amp#27;[0m &amp#27;[37m<-- GET /session/9c0ff67f-6efc-443b-a62f-dce2bca5d56b/element/00000000-0000-0042-0000-003900000004/text &amp#27;[39m&amp#27;[32m200&amp#27;[39m &amp#27;[90m10 ms - 78&amp#27;[39m
&amp#27;[38;5;0m[HTTP]&amp#27;[0m &amp#27;[90m&amp#27;[39m
&amp#27;[38;5;0m[HTTP]&amp#27;[0m &amp#27;[37m-->&amp#27;[39m &amp#27;[37mGET&amp#27;[39m &amp#27;[37m/session/9c0ff67f-6efc-443b-a62f-dce2bca5d56b/element/00000000-0000-0042-0000-003b00000004/text&amp#27;[39m
&amp#27;[38;5;0m[HTTP]&amp#27;[0m &amp#27;[90m{}&amp#27;[39m
&amp#27;[38;5;32m[AndroidUiautomator2Driver@e3cd (9c0ff67f)]&amp#27;[0m Driver proxy active, passing request on via HTTP proxy
&amp#27;[38;5;32m[AndroidUiautomator2Driver@e3cd (9c0ff67f)]&amp#27;[0m Matched '/session/9c0ff67f-6efc-443b-a62f-dce2bca5d56b/element/00000000-0000-0042-0000-003b00000004/text' to command name 'getText'
&amp#27;[38;5;32m[AndroidUiautomator2Driver@e3cd (9c0ff67f)]&amp#27;[0m Proxying [GET /session/9c0ff67f-6efc-443b-a62f-dce2bca5d56b/element/00000000-0000-0042-0000-003b00000004/text] to [GET http://127.0.0.1:8200/session/2fea60ff-cc1e-449a-891a-56c913714252/element/00000000-0000-0042-0000-003b00000004/text] with no body
&amp#27;[38;5;32m[AndroidUiautomator2Driver@e3cd (9c0ff67f)]&amp#27;[0m Got response with status 200: {"sessionId":"2fea60ff-cc1e-449a-891a-56c913714252","value":"90 %"}
&amp#27;[38;5;32m[AndroidUiautomator2Driver@e3cd (9c0ff67f)]&amp#27;[0m Replacing sessionId 2fea60ff-cc1e-449a-891a-56c913714252 with 9c0ff67f-6efc-443b-a62f-dce2bca5d56b
&amp#27;[38;5;0m[HTTP]&amp#27;[0m &amp#27;[37m<-- GET /session/9c0ff67f-6efc-443b-a62f-dce2bca5d56b/element/00000000-0000-0042-0000-003b00000004/text &amp#27;[39m&amp#27;[32m200&amp#27;[39m &amp#27;[90m10 ms - 67&amp#27;[39m
&amp#27;[38;5;0m[HTTP]&amp#27;[0m &amp#27;[90m&amp#27;[39m
&amp#27;[38;5;0m[HTTP]&amp#27;[0m &amp#27;[37m-->&amp#27;[39m &amp#27;[37mGET&amp#27;[39m &amp#27;[37m/session/9c0ff67f-6efc-443b-a62f-dce2bca5d56b/element/00000000-0000-0042-0000-003d00000004/text&amp#27;[39m
&amp#27;[38;5;0m[HTTP]&amp#27;[0m &amp#27;[90m{}&amp#27;[39m
&amp#27;[38;5;32m[AndroidUiautomator2Driver@e3cd (9c0ff67f)]&amp#27;[0m Driver proxy active, passing request on via HTTP proxy
&amp#27;[38;5;32m[AndroidUiautomator2Driver@e3cd (9c0ff67f)]&amp#27;[0m Matched '/session/9c0ff67f-6efc-443b-a62f-dce2bca5d56b/element/00000000-0000-0042-0000-003d00000004/text' to command name 'getText'
&amp#27;[38;5;32m[AndroidUiautomator2Driver@e3cd (9c0ff67f)]&amp#27;[0m Proxying [GET /session/9c0ff67f-6efc-443b-a62f-dce2bca5d56b/element/00000000-0000-0042-0000-003d00000004/text] to [GET http://127.0.0.1:8200/session/2fea60ff-cc1e-449a-891a-56c913714252/element/00000000-0000-0042-0000-003d00000004/text] with no body
&amp#27;[38;5;32m[AndroidUiautomator2Driver@e3cd (9c0ff67f)]&amp#27;[0m Got response with status 200: {"sessionId":"2fea60ff-cc1e-449a-891a-56c913714252","value":"9 Â°C"}
&amp#27;[38;5;32m[AndroidUiautomator2Driver@e3cd (9c0ff67f)]&amp#27;[0m Replacing sessionId 2fea60ff-cc1e-449a-891a-56c913714252 with 9c0ff67f-6efc-443b-a62f-dce2bca5d56b
&amp#27;[38;5;0m[HTTP]&amp#27;[0m &amp#27;[37m<-- GET /session/9c0ff67f-6efc-443b-a62f-dce2bca5d56b/element/00000000-0000-0042-0000-003d00000004/text &amp#27;[39m&amp#27;[32m200&amp#27;[39m &amp#27;[90m11 ms - 68&amp#27;[39m
&amp#27;[38;5;0m[HTTP]&amp#27;[0m &amp#27;[90m&amp#27;[39m
&amp#27;[38;5;0m[HTTP]&amp#27;[0m &amp#27;[37m-->&amp#27;[39m &amp#27;[37mPOST&amp#27;[39m &amp#27;[37m/session/9c0ff67f-6efc-443b-a62f-dce2bca5d56b/execute/sync&amp#27;[39m
&amp#27;[38;5;0m[HTTP]&amp#27;[0m &amp#27;[90m{"script":"mobile: swipeGesture","args":[{"elementId":"00000000-0000-0042-0000-001d00000004","percent":0.4,"speed":320,"direction":"left"}]}&amp#27;[39m
&amp#27;[38;5;32m[AndroidUiautomator2Driver@e3cd (9c0ff67f)]&amp#27;[0m Calling AppiumDriver.execute() with args: ["mobile: swipeGesture",[{"elementId":"00000000-0000-0042-0000-001d00000004","percent":0.4,"speed":320,"direction":"left"}],"9c0ff67f-6efc-443b-a62f-dce2bca5d56b"]
&amp#27;[38;5;32m[AndroidUiautomator2Driver@e3cd (9c0ff67f)]&amp#27;[0m Executing method 'mobile: swipeGesture'
&amp#27;[38;5;32m[AndroidUiautomator2Driver@e3cd (9c0ff67f)]&amp#27;[0m Proxying [POST /appium/gestures/swipe] to [POST http://127.0.0.1:8200/session/2fea60ff-cc1e-449a-891a-56c913714252/appium/gestures/swipe] with body: {"origin":{"ELEMENT":"00000000-0000-0042-0000-001d00000004","element-6066-11e4-a52e-4f735466cecf":"00000000-0000-0042-0000-001d00000004"},"direction":"left","percent":0.4,"speed":320}
&amp#27;[38;5;32m[AndroidUiautomator2Driver@e3cd (9c0ff67f)]&amp#27;[0m Got response with status 200: {"sessionId":"2fea60ff-cc1e-449a-891a-56c913714252","value":null}
&amp#27;[38;5;32m[AndroidUiautomator2Driver@e3cd (9c0ff67f)]&amp#27;[0m Responding to client with driver.execute() result: null
&amp#27;[38;5;0m[HTTP]&amp#27;[0m &amp#27;[37m<-- POST /session/9c0ff67f-6efc-443b-a62f-dce2bca5d56b/execute/sync &amp#27;[39m&amp#27;[32m200&amp#27;[39m &amp#27;[90m1561 ms - 14&amp#27;[39m
&amp#27;[38;5;0m[HTTP]&amp#27;[0m &amp#27;[90m&amp#27;[39m
&amp#27;[38;5;0m[HTTP]&amp#27;[0m &amp#27;[37m-->&amp#27;[39m &amp#27;[37mPOST&amp#27;[39m &amp#27;[37m/session/9c0ff67f-6efc-443b-a62f-dce2bca5d56b/elements&amp#27;[39m
&amp#27;[38;5;0m[HTTP]&amp#27;[0m &amp#27;[90m{"using":"xpath","value":"//android.widget.HorizontalScrollView"}&amp#27;[39m
&amp#27;[38;5;32m[AndroidUiautomator2Driver@e3cd (9c0ff67f)]&amp#27;[0m Calling AppiumDriver.findElements() with args: ["xpath","//android.widget.HorizontalScrollView","9c0ff67f-6efc-443b-a62f-dce2bca5d56b"]
&amp#27;[38;5;32m[AndroidUiautomator2Driver@e3cd (9c0ff67f)]&amp#27;[0m Valid locator strategies for this request: xpath, id, class name, accessibility id, css selector, -android uiautomator
&amp#27;[38;5;32m[AndroidUiautomator2Driver@e3cd (9c0ff67f)]&amp#27;[0m Waiting up to 0 ms for condition
&amp#27;[38;5;32m[AndroidUiautomator2Driver@e3cd (9c0ff67f)]&amp#27;[0m Matched '/elements' to command name 'findElements'
&amp#27;[38;5;32m[AndroidUiautomator2Driver@e3cd (9c0ff67f)]&amp#27;[0m Proxying [POST /elements] to [POST http://127.0.0.1:8200/session/2fea60ff-cc1e-449a-891a-56c913714252/elements] with body: {"strategy":"xpath","selector":"//android.widget.HorizontalScrollView","context":"","multiple":true}
&amp#27;[38;5;32m[AndroidUiautomator2Driver@e3cd (9c0ff67f)]&amp#27;[0m Got response with status 200: {"sessionId":"2fea60ff-cc1e-449a-891a-56c913714252","value":[{"ELEMENT":"00000000-0000-0042-0000-001d00000004","element-6066-11e4-a52e-4f735466cecf":"00000000-0000-0042-0000-001d00000004"},{"ELEMENT":"00000000-0000-0042-0000-001e00000004","element-6066-11e4-a52e-4f735466cecf":"00000000-0000-0042-0000-001e00000004"}]}
&amp#27;[38;5;32m[AndroidUiautomator2Driver@e3cd (9c0ff67f)]&amp#27;[0m Responding to client with driver.findElements() result: [{"element-6066-11e4-a52e-4f735466cecf":"00000000-0000-0042-0000-001d00000004","ELEMENT":"00000000-0000-0042-0000-001d00000004"},{"element-6066-11e4-a52e-4f735466cecf":"00000000-0000-0042-0000-001e00000004","ELEMENT":"00000000-0000-0042-0000-001e00000004"}]
&amp#27;[38;5;0m[HTTP]&amp#27;[0m &amp#27;[37m<-- POST /session/9c0ff67f-6efc-443b-a62f-dce2bca5d56b/elements &amp#27;[39m&amp#27;[32m200&amp#27;[39m &amp#27;[90m125 ms - 267&amp#27;[39m
&amp#27;[38;5;0m[HTTP]&amp#27;[0m &amp#27;[90m&amp#27;[39m
&amp#27;[38;5;0m[HTTP]&amp#27;[0m &amp#27;[37m-->&amp#27;[39m &amp#27;[37mPOST&amp#27;[39m &amp#27;[37m/session/9c0ff67f-6efc-443b-a62f-dce2bca5d56b/element/00000000-0000-0042-0000-001d00000004/elements&amp#27;[39m
&amp#27;[38;5;0m[HTTP]&amp#27;[0m &amp#27;[90m{"id":"00000000-0000-0042-0000-001d00000004","using":"xpath","value":"//android.view.View"}&amp#27;[39m
&amp#27;[38;5;32m[AndroidUiautomator2Driver@e3cd (9c0ff67f)]&amp#27;[0m Calling AppiumDriver.findElementsFromElement() with args: ["xpath","//android.view.View","00000000-0000-0042-0000-001d00000004","9c0ff67f-6efc-443b-a62f-dce2bca5d56b"]
&amp#27;[38;5;32m[AndroidUiautomator2Driver@e3cd (9c0ff67f)]&amp#27;[0m Valid locator strategies for this request: xpath, id, class name, accessibility id, css selector, -android uiautomator
&amp#27;[38;5;32m[AndroidUiautomator2Driver@e3cd (9c0ff67f)]&amp#27;[0m Waiting up to 0 ms for condition
&amp#27;[38;5;32m[AndroidUiautomator2Driver@e3cd (9c0ff67f)]&amp#27;[0m Matched '/elements' to command name 'findElements'
&amp#27;[38;5;32m[AndroidUiautomator2Driver@e3cd (9c0ff67f)]&amp#27;[0m Proxying [POST /elements] to [POST http://127.0.0.1:8200/session/2fea60ff-cc1e-449a-891a-56c913714252/elements] with body: {"strategy":"xpath","selector":"//android.view.View","context":"00000000-0000-0042-0000-001d00000004","multiple":true}
&amp#27;[38;5;32m[AndroidUiautomator2Driver@e3cd (9c0ff67f)]&amp#27;[0m Got response with status 200: {"sessionId":"2fea60ff-cc1e-449a-891a-56c913714252","value":[{"ELEMENT":"00000000-0000-0042-0000-002700000004","element-6066-11e4-a52e-4f735466cecf":"00000000-0000-0042-0000-002700000004"},{"ELEMENT":"00000000-0000-0042-0000-002900000004","element-6066-11e4-a52e-4f735466cecf":"00000000-0000-0042-0000-002900000004"},{"ELEMENT":"00000000-0000-0042-0000-002b00000004","element-6066-11e4-a52e-4f735466cecf":"00000000-0000-0042-0000-002b00000004"},{"ELEMENT":"00000000-0000-0042-0000-002d00000004","element-6066-11e4-a52e-4f735466cecf":"00000000-0000-0042-0000-002d00000004"},{"ELEMENT":"00000000-0000-0042-0000-002f00000004","element-6066-11e4-a52e-4f735466cecf":"00000000-0000-0042-0000-002f00000004"},{"ELEMENT":"00000000-0000-0042-0000-003100000004","element-6066-11e4-a52e-4f735466cecf":"00000000-0000-0042-0000-003100000004"},{"ELEMENT":"00000000-0000-0042-0000-003300000004","element-6066-11e4-a52e-4f735466cecf":"00000000-0000-0042-0000-003300000004"},{"ELEMENT":"00000000-0000-0042-0000-003500000004","element-6066-...
&amp#27;[38;5;32m[AndroidUiautomator2Driver@e3cd (9c0ff67f)]&amp#27;[0m Responding to client with driver.findElementsFromElement() result: [{"element-6066-11e4-a52e-4f735466cecf":"00000000-0000-0042-0000-002700000004","ELEMENT":"00000000-0000-0042-0000-002700000004"},{"element-6066-11e4-a52e-4f735466cecf":"00000000-0000-0042-0000-002900000004","ELEMENT":"00000000-0000-0042-0000-002900000004"},{"element-6066-11e4-a52e-4f735466cecf":"00000000-0000-0042-0000-002b00000004","ELEMENT":"00000000-0000-0042-0000-002b00000004"},{"element-6066-11e4-a52e-4f735466cecf":"00000000-0000-0042-0000-002d00000004","ELEMENT":"00000000-0000-0042-0000-002d00000004"},{"element-6066-11e4-a52e-4f735466cecf":"00000000-0000-0042-0000-002f00000004","ELEMENT":"00000000-0000-0042-0000-002f00000004"},{"element-6066-11e4-a52e-4f735466cecf":"00000000-0000-0042-0000-003100000004","ELEMENT":"00000000-0000-0042-0000-003100000004"},{"element-6066-11e4-a52e-4f735466cecf":"00000000-0000-0042-0000-003300000004","ELEMENT":"00000000-0000-0042-0000-003300000004"},{"element-6066-11e4-a52e-4f735466cecf":"00000000-0000-0042-0000-003500000004","ELEMENT":"00000000-0000-0042-0000-00350000000...
&amp#27;[38;5;0m[HTTP]&amp#27;[0m &amp#27;[37m<-- POST /session/9c0ff67f-6efc-443b-a62f-dce2bca5d56b/element/00000000-0000-0042-0000-001d00000004/elements &amp#27;[39m&amp#27;[32m200&amp#27;[39m &amp#27;[90m57 ms - 2059&amp#27;[39m
&amp#27;[38;5;0m[HTTP]&amp#27;[0m &amp#27;[90m&amp#27;[39m
&amp#27;[38;5;0m[HTTP]&amp#27;[0m &amp#27;[37m-->&amp#27;[39m &amp#27;[37mGET&amp#27;[39m &amp#27;[37m/session/9c0ff67f-6efc-443b-a62f-dce2bca5d56b/element/00000000-0000-0042-0000-002700000004/text&amp#27;[39m
&amp#27;[38;5;0m[HTTP]&amp#27;[0m &amp#27;[90m{}&amp#27;[39m
&amp#27;[38;5;32m[AndroidUiautomator2Driver@e3cd (9c0ff67f)]&amp#27;[0m Driver proxy active, passing request on via HTTP proxy
&amp#27;[38;5;32m[AndroidUiautomator2Driver@e3cd (9c0ff67f)]&amp#27;[0m Matched '/session/9c0ff67f-6efc-443b-a62f-dce2bca5d56b/element/00000000-0000-0042-0000-002700000004/text' to command name 'getText'
&amp#27;[38;5;32m[AndroidUiautomator2Driver@e3cd (9c0ff67f)]&amp#27;[0m Proxying [GET /session/9c0ff67f-6efc-443b-a62f-dce2bca5d56b/element/00000000-0000-0042-0000-002700000004/text] to [GET http://127.0.0.1:8200/session/2fea60ff-cc1e-449a-891a-56c913714252/element/00000000-0000-0042-0000-002700000004/text] with no body
&amp#27;[38;5;32m[AndroidUiautomator2Driver@e3cd (9c0ff67f)]&amp#27;[0m Got response with status 200: {"sessionId":"2fea60ff-cc1e-449a-891a-56c913714252","value":"17:00"}
&amp#27;[38;5;32m[AndroidUiautomator2Driver@e3cd (9c0ff67f)]&amp#27;[0m Replacing sessionId 2fea60ff-cc1e-449a-891a-56c913714252 with 9c0ff67f-6efc-443b-a62f-dce2bca5d56b
&amp#27;[38;5;0m[HTTP]&amp#27;[0m &amp#27;[37m<-- GET /session/9c0ff67f-6efc-443b-a62f-dce2bca5d56b/element/00000000-0000-0042-0000-002700000004/text &amp#27;[39m&amp#27;[32m200&amp#27;[39m &amp#27;[90m9 ms - 68&amp#27;[39m
&amp#27;[38;5;0m[HTTP]&amp#27;[0m &amp#27;[90m&amp#27;[39m
&amp#27;[38;5;0m[HTTP]&amp#27;[0m &amp#27;[37m-->&amp#27;[39m &amp#27;[37mGET&amp#27;[39m &amp#27;[37m/session/9c0ff67f-6efc-443b-a62f-dce2bca5d56b/element/00000000-0000-0042-0000-002900000004/text&amp#27;[39m
&amp#27;[38;5;0m[HTTP]&amp#27;[0m &amp#27;[90m{}&amp#27;[39m
&amp#27;[38;5;32m[AndroidUiautomator2Driver@e3cd (9c0ff67f)]&amp#27;[0m Driver proxy active, passing request on via HTTP proxy
&amp#27;[38;5;32m[AndroidUiautomator2Driver@e3cd (9c0ff67f)]&amp#27;[0m Matched '/session/9c0ff67f-6efc-443b-a62f-dce2bca5d56b/element/00000000-0000-0042-0000-002900000004/text' to command name 'getText'
&amp#27;[38;5;32m[AndroidUiautomator2Driver@e3cd (9c0ff67f)]&amp#27;[0m Proxying [GET /session/9c0ff67f-6efc-443b-a62f-dce2bca5d56b/element/00000000-0000-0042-0000-002900000004/text] to [GET http://127.0.0.1:8200/session/2fea60ff-cc1e-449a-891a-56c913714252/element/00000000-0000-0042-0000-002900000004/text] with no body
&amp#27;[38;5;32m[AndroidUiautomator2Driver@e3cd (9c0ff67f)]&amp#27;[0m Got response with status 200: {"sessionId":"2fea60ff-cc1e-449a-891a-56c913714252","value":"overcast clouds"}
&amp#27;[38;5;32m[AndroidUiautomator2Driver@e3cd (9c0ff67f)]&amp#27;[0m Replacing sessionId 2fea60ff-cc1e-449a-891a-56c913714252 with 9c0ff67f-6efc-443b-a62f-dce2bca5d56b
&amp#27;[38;5;0m[HTTP]&amp#27;[0m &amp#27;[37m<-- GET /session/9c0ff67f-6efc-443b-a62f-dce2bca5d56b/element/00000000-0000-0042-0000-002900000004/text &amp#27;[39m&amp#27;[32m200&amp#27;[39m &amp#27;[90m9 ms - 78&amp#27;[39m
&amp#27;[38;5;0m[HTTP]&amp#27;[0m &amp#27;[90m&amp#27;[39m
&amp#27;[38;5;0m[HTTP]&amp#27;[0m &amp#27;[37m-->&amp#27;[39m &amp#27;[37mGET&amp#27;[39m &amp#27;[37m/session/9c0ff67f-6efc-443b-a62f-dce2bca5d56b/element/00000000-0000-0042-0000-002b00000004/text&amp#27;[39m
&amp#27;[38;5;0m[HTTP]&amp#27;[0m &amp#27;[90m{}&amp#27;[39m
&amp#27;[38;5;32m[AndroidUiautomator2Driver@e3cd (9c0ff67f)]&amp#27;[0m Driver proxy active, passing request on via HTTP proxy
&amp#27;[38;5;32m[AndroidUiautomator2Driver@e3cd (9c0ff67f)]&amp#27;[0m Matched '/session/9c0ff67f-6efc-443b-a62f-dce2bca5d56b/element/00000000-0000-0042-0000-002b00000004/text' to command name 'getText'
&amp#27;[38;5;32m[AndroidUiautomator2Driver@e3cd (9c0ff67f)]&amp#27;[0m Proxying [GET /session/9c0ff67f-6efc-443b-a62f-dce2bca5d56b/element/00000000-0000-0042-0000-002b00000004/text] to [GET http://127.0.0.1:8200/session/2fea60ff-cc1e-449a-891a-56c913714252/element/00000000-0000-0042-0000-002b00000004/text] with no body
&amp#27;[38;5;32m[AndroidUiautomator2Driver@e3cd (9c0ff67f)]&amp#27;[0m Got response with status 200: {"sessionId":"2fea60ff-cc1e-449a-891a-56c913714252","value":"91 %"}
&amp#27;[38;5;32m[AndroidUiautomator2Driver@e3cd (9c0ff67f)]&amp#27;[0m Replacing sessionId 2fea60ff-cc1e-449a-891a-56c913714252 with 9c0ff67f-6efc-443b-a62f-dce2bca5d56b
&amp#27;[38;5;0m[HTTP]&amp#27;[0m &amp#27;[37m<-- GET /session/9c0ff67f-6efc-443b-a62f-dce2bca5d56b/element/00000000-0000-0042-0000-002b00000004/text &amp#27;[39m&amp#27;[32m200&amp#27;[39m &amp#27;[90m9 ms - 67&amp#27;[39m
&amp#27;[38;5;0m[HTTP]&amp#27;[0m &amp#27;[90m&amp#27;[39m
&amp#27;[38;5;0m[HTTP]&amp#27;[0m &amp#27;[37m-->&amp#27;[39m &amp#27;[37mGET&amp#27;[39m &amp#27;[37m/session/9c0ff67f-6efc-443b-a62f-dce2bca5d56b/element/00000000-0000-0042-0000-002d00000004/text&amp#27;[39m
&amp#27;[38;5;0m[HTTP]&amp#27;[0m &amp#27;[90m{}&amp#27;[39m
&amp#27;[38;5;32m[AndroidUiautomator2Driver@e3cd (9c0ff67f)]&amp#27;[0m Driver proxy active, passing request on via HTTP proxy
&amp#27;[38;5;32m[AndroidUiautomator2Driver@e3cd (9c0ff67f)]&amp#27;[0m Matched '/session/9c0ff67f-6efc-443b-a62f-dce2bca5d56b/element/00000000-0000-0042-0000-002d00000004/text' to command name 'getText'
&amp#27;[38;5;32m[AndroidUiautomator2Driver@e3cd (9c0ff67f)]&amp#27;[0m Proxying [GET /session/9c0ff67f-6efc-443b-a62f-dce2bca5d56b/element/00000000-0000-0042-0000-002d00000004/text] to [GET http://127.0.0.1:8200/session/2fea60ff-cc1e-449a-891a-56c913714252/element/00000000-0000-0042-0000-002d00000004/text] with no body
&amp#27;[38;5;32m[AndroidUiautomator2Driver@e3cd (9c0ff67f)]&amp#27;[0m Got response with status 200: {"sessionId":"2fea60ff-cc1e-449a-891a-56c913714252","value":"9 Â°C"}
&amp#27;[38;5;32m[AndroidUiautomator2Driver@e3cd (9c0ff67f)]&amp#27;[0m Replacing sessionId 2fea60ff-cc1e-449a-891a-56c913714252 with 9c0ff67f-6efc-443b-a62f-dce2bca5d56b
&amp#27;[38;5;0m[HTTP]&amp#27;[0m &amp#27;[37m<-- GET /session/9c0ff67f-6efc-443b-a62f-dce2bca5d56b/element/00000000-0000-0042-0000-002d00000004/text &amp#27;[39m&amp#27;[32m200&amp#27;[39m &amp#27;[90m9 ms - 68&amp#27;[39m
&amp#27;[38;5;0m[HTTP]&amp#27;[0m &amp#27;[90m&amp#27;[39m
&amp#27;[38;5;0m[HTTP]&amp#27;[0m &amp#27;[37m-->&amp#27;[39m &amp#27;[37mGET&amp#27;[39m &amp#27;[37m/session/9c0ff67f-6efc-443b-a62f-dce2bca5d56b/element/00000000-0000-0042-0000-002f00000004/text&amp#27;[39m
&amp#27;[38;5;0m[HTTP]&amp#27;[0m &amp#27;[90m{}&amp#27;[39m
&amp#27;[38;5;32m[AndroidUiautomator2Driver@e3cd (9c0ff67f)]&amp#27;[0m Driver proxy active, passing request on via HTTP proxy
&amp#27;[38;5;32m[AndroidUiautomator2Driver@e3cd (9c0ff67f)]&amp#27;[0m Matched '/session/9c0ff67f-6efc-443b-a62f-dce2bca5d56b/element/00000000-0000-0042-0000-002f00000004/text' to command name 'getText'
&amp#27;[38;5;32m[AndroidUiautomator2Driver@e3cd (9c0ff67f)]&amp#27;[0m Proxying [GET /session/9c0ff67f-6efc-443b-a62f-dce2bca5d56b/element/00000000-0000-0042-0000-002f00000004/text] to [GET http://127.0.0.1:8200/session/2fea60ff-cc1e-449a-891a-56c913714252/element/00000000-0000-0042-0000-002f00000004/text] with no body
&amp#27;[38;5;32m[AndroidUiautomator2Driver@e3cd (9c0ff67f)]&amp#27;[0m Got response with status 200: {"sessionId":"2fea60ff-cc1e-449a-891a-56c913714252","value":"18:00"}
&amp#27;[38;5;32m[AndroidUiautomator2Driver@e3cd (9c0ff67f)]&amp#27;[0m Replacing sessionId 2fea60ff-cc1e-449a-891a-56c913714252 with 9c0ff67f-6efc-443b-a62f-dce2bca5d56b
&amp#27;[38;5;0m[HTTP]&amp#27;[0m &amp#27;[37m<-- GET /session/9c0ff67f-6efc-443b-a62f-dce2bca5d56b/element/00000000-0000-0042-0000-002f00000004/text &amp#27;[39m&amp#27;[32m200&amp#27;[39m &amp#27;[90m10 ms - 68&amp#27;[39m
&amp#27;[38;5;0m[HTTP]&amp#27;[0m &amp#27;[90m&amp#27;[39m
&amp#27;[38;5;0m[HTTP]&amp#27;[0m &amp#27;[37m-->&amp#27;[39m &amp#27;[37mGET&amp#27;[39m &amp#27;[37m/session/9c0ff67f-6efc-443b-a62f-dce2bca5d56b/element/00000000-0000-0042-0000-003100000004/text&amp#27;[39m
&amp#27;[38;5;0m[HTTP]&amp#27;[0m &amp#27;[90m{}&amp#27;[39m
&amp#27;[38;5;32m[AndroidUiautomator2Driver@e3cd (9c0ff67f)]&amp#27;[0m Driver proxy active, passing request on via HTTP proxy
&amp#27;[38;5;32m[AndroidUiautomator2Driver@e3cd (9c0ff67f)]&amp#27;[0m Matched '/session/9c0ff67f-6efc-443b-a62f-dce2bca5d56b/element/00000000-0000-0042-0000-003100000004/text' to command name 'getText'
&amp#27;[38;5;32m[AndroidUiautomator2Driver@e3cd (9c0ff67f)]&amp#27;[0m Proxying [GET /session/9c0ff67f-6efc-443b-a62f-dce2bca5d56b/element/00000000-0000-0042-0000-003100000004/text] to [GET http://127.0.0.1:8200/session/2fea60ff-cc1e-449a-891a-56c913714252/element/00000000-0000-0042-0000-003100000004/text] with no body
&amp#27;[38;5;32m[AndroidUiautomator2Driver@e3cd (9c0ff67f)]&amp#27;[0m Got response with status 200: {"sessionId":"2fea60ff-cc1e-449a-891a-56c913714252","value":"overcast clouds"}
&amp#27;[38;5;32m[AndroidUiautomator2Driver@e3cd (9c0ff67f)]&amp#27;[0m Replacing sessionId 2fea60ff-cc1e-449a-891a-56c913714252 with 9c0ff67f-6efc-443b-a62f-dce2bca5d56b
&amp#27;[38;5;0m[HTTP]&amp#27;[0m &amp#27;[37m<-- GET /session/9c0ff67f-6efc-443b-a62f-dce2bca5d56b/element/00000000-0000-0042-0000-003100000004/text &amp#27;[39m&amp#27;[32m200&amp#27;[39m &amp#27;[90m10 ms - 78&amp#27;[39m
&amp#27;[38;5;0m[HTTP]&amp#27;[0m &amp#27;[90m&amp#27;[39m
&amp#27;[38;5;0m[HTTP]&amp#27;[0m &amp#27;[37m-->&amp#27;[39m &amp#27;[37mGET&amp#27;[39m &amp#27;[37m/session/9c0ff67f-6efc-443b-a62f-dce2bca5d56b/element/00000000-0000-0042-0000-003300000004/text&amp#27;[39m
&amp#27;[38;5;0m[HTTP]&amp#27;[0m &amp#27;[90m{}&amp#27;[39m
&amp#27;[38;5;32m[AndroidUiautomator2Driver@e3cd (9c0ff67f)]&amp#27;[0m Driver proxy active, passing request on via HTTP proxy
&amp#27;[38;5;32m[AndroidUiautomator2Driver@e3cd (9c0ff67f)]&amp#27;[0m Matched '/session/9c0ff67f-6efc-443b-a62f-dce2bca5d56b/element/00000000-0000-0042-0000-003300000004/text' to command name 'getText'
&amp#27;[38;5;32m[AndroidUiautomator2Driver@e3cd (9c0ff67f)]&amp#27;[0m Proxying [GET /session/9c0ff67f-6efc-443b-a62f-dce2bca5d56b/element/00000000-0000-0042-0000-003300000004/text] to [GET http://127.0.0.1:8200/session/2fea60ff-cc1e-449a-891a-56c913714252/element/00000000-0000-0042-0000-003300000004/text] with no body
&amp#27;[38;5;32m[AndroidUiautomator2Driver@e3cd (9c0ff67f)]&amp#27;[0m Got response with status 200: {"sessionId":"2fea60ff-cc1e-449a-891a-56c913714252","value":"90 %"}
&amp#27;[38;5;32m[AndroidUiautomator2Driver@e3cd (9c0ff67f)]&amp#27;[0m Replacing sessionId 2fea60ff-cc1e-449a-891a-56c913714252 with 9c0ff67f-6efc-443b-a62f-dce2bca5d56b
&amp#27;[38;5;0m[HTTP]&amp#27;[0m &amp#27;[37m<-- GET /session/9c0ff67f-6efc-443b-a62f-dce2bca5d56b/element/00000000-0000-0042-0000-003300000004/text &amp#27;[39m&amp#27;[32m200&amp#27;[39m &amp#27;[90m10 ms - 67&amp#27;[39m
&amp#27;[38;5;0m[HTTP]&amp#27;[0m &amp#27;[90m&amp#27;[39m
&amp#27;[38;5;0m[HTTP]&amp#27;[0m &amp#27;[37m-->&amp#27;[39m &amp#27;[37mGET&amp#27;[39m &amp#27;[37m/session/9c0ff67f-6efc-443b-a62f-dce2bca5d56b/element/00000000-0000-0042-0000-003500000004/text&amp#27;[39m
&amp#27;[38;5;0m[HTTP]&amp#27;[0m &amp#27;[90m{}&amp#27;[39m
&amp#27;[38;5;32m[AndroidUiautomator2Driver@e3cd (9c0ff67f)]&amp#27;[0m Driver proxy active, passing request on via HTTP proxy
&amp#27;[38;5;32m[AndroidUiautomator2Driver@e3cd (9c0ff67f)]&amp#27;[0m Matched '/session/9c0ff67f-6efc-443b-a62f-dce2bca5d56b/element/00000000-0000-0042-0000-003500000004/text' to command name 'getText'
&amp#27;[38;5;32m[AndroidUiautomator2Driver@e3cd (9c0ff67f)]&amp#27;[0m Proxying [GET /session/9c0ff67f-6efc-443b-a62f-dce2bca5d56b/element/00000000-0000-0042-0000-003500000004/text] to [GET http://127.0.0.1:8200/session/2fea60ff-cc1e-449a-891a-56c913714252/element/00000000-0000-0042-0000-003500000004/text] with no body
&amp#27;[38;5;32m[AndroidUiautomator2Driver@e3cd (9c0ff67f)]&amp#27;[0m Got response with status 200: {"sessionId":"2fea60ff-cc1e-449a-891a-56c913714252","value":"9 Â°C"}
&amp#27;[38;5;32m[AndroidUiautomator2Driver@e3cd (9c0ff67f)]&amp#27;[0m Replacing sessionId 2fea60ff-cc1e-449a-891a-56c913714252 with 9c0ff67f-6efc-443b-a62f-dce2bca5d56b
&amp#27;[38;5;0m[HTTP]&amp#27;[0m &amp#27;[37m<-- GET /session/9c0ff67f-6efc-443b-a62f-dce2bca5d56b/element/00000000-0000-0042-0000-003500000004/text &amp#27;[39m&amp#27;[32m200&amp#27;[39m &amp#27;[90m10 ms - 68&amp#27;[39m
&amp#27;[38;5;0m[HTTP]&amp#27;[0m &amp#27;[90m&amp#27;[39m
&amp#27;[38;5;0m[HTTP]&amp#27;[0m &amp#27;[37m-->&amp#27;[39m &amp#27;[37mGET&amp#27;[39m &amp#27;[37m/session/9c0ff67f-6efc-443b-a62f-dce2bca5d56b/element/00000000-0000-0042-0000-003700000004/text&amp#27;[39m
&amp#27;[38;5;0m[HTTP]&amp#27;[0m &amp#27;[90m{}&amp#27;[39m
&amp#27;[38;5;32m[AndroidUiautomator2Driver@e3cd (9c0ff67f)]&amp#27;[0m Driver proxy active, passing request on via HTTP proxy
&amp#27;[38;5;32m[AndroidUiautomator2Driver@e3cd (9c0ff67f)]&amp#27;[0m Matched '/session/9c0ff67f-6efc-443b-a62f-dce2bca5d56b/element/00000000-0000-0042-0000-003700000004/text' to command name 'getText'
&amp#27;[38;5;32m[AndroidUiautomator2Driver@e3cd (9c0ff67f)]&amp#27;[0m Proxying [GET /session/9c0ff67f-6efc-443b-a62f-dce2bca5d56b/element/00000000-0000-0042-0000-003700000004/text] to [GET http://127.0.0.1:8200/session/2fea60ff-cc1e-449a-891a-56c913714252/element/00000000-0000-0042-0000-003700000004/text] with no body
&amp#27;[38;5;32m[AndroidUiautomator2Driver@e3cd (9c0ff67f)]&amp#27;[0m Got response with status 200: {"sessionId":"2fea60ff-cc1e-449a-891a-56c913714252","value":"19:00"}
&amp#27;[38;5;32m[AndroidUiautomator2Driver@e3cd (9c0ff67f)]&amp#27;[0m Replacing sessionId 2fea60ff-cc1e-449a-891a-56c913714252 with 9c0ff67f-6efc-443b-a62f-dce2bca5d56b
&amp#27;[38;5;0m[HTTP]&amp#27;[0m &amp#27;[37m<-- GET /session/9c0ff67f-6efc-443b-a62f-dce2bca5d56b/element/00000000-0000-0042-0000-003700000004/text &amp#27;[39m&amp#27;[32m200&amp#27;[39m &amp#27;[90m10 ms - 68&amp#27;[39m
&amp#27;[38;5;0m[HTTP]&amp#27;[0m &amp#27;[90m&amp#27;[39m
&amp#27;[38;5;0m[HTTP]&amp#27;[0m &amp#27;[37m-->&amp#27;[39m &amp#27;[37mGET&amp#27;[39m &amp#27;[37m/session/9c0ff67f-6efc-443b-a62f-dce2bca5d56b/element/00000000-0000-0042-0000-003900000004/text&amp#27;[39m
&amp#27;[38;5;0m[HTTP]&amp#27;[0m &amp#27;[90m{}&amp#27;[39m
&amp#27;[38;5;32m[AndroidUiautomator2Driver@e3cd (9c0ff67f)]&amp#27;[0m Driver proxy active, passing request on via HTTP proxy
&amp#27;[38;5;32m[AndroidUiautomator2Driver@e3cd (9c0ff67f)]&amp#27;[0m Matched '/session/9c0ff67f-6efc-443b-a62f-dce2bca5d56b/element/00000000-0000-0042-0000-003900000004/text' to command name 'getText'
&amp#27;[38;5;32m[AndroidUiautomator2Driver@e3cd (9c0ff67f)]&amp#27;[0m Proxying [GET /session/9c0ff67f-6efc-443b-a62f-dce2bca5d56b/element/00000000-0000-0042-0000-003900000004/text] to [GET http://127.0.0.1:8200/session/2fea60ff-cc1e-449a-891a-56c913714252/element/00000000-0000-0042-0000-003900000004/text] with no body
&amp#27;[38;5;32m[AndroidUiautomator2Driver@e3cd (9c0ff67f)]&amp#27;[0m Got response with status 200: {"sessionId":"2fea60ff-cc1e-449a-891a-56c913714252","value":"overcast clouds"}
&amp#27;[38;5;32m[AndroidUiautomator2Driver@e3cd (9c0ff67f)]&amp#27;[0m Replacing sessionId 2fea60ff-cc1e-449a-891a-56c913714252 with 9c0ff67f-6efc-443b-a62f-dce2bca5d56b
&amp#27;[38;5;0m[HTTP]&amp#27;[0m &amp#27;[37m<-- GET /session/9c0ff67f-6efc-443b-a62f-dce2bca5d56b/element/00000000-0000-0042-0000-003900000004/text &amp#27;[39m&amp#27;[32m200&amp#27;[39m &amp#27;[90m10 ms - 78&amp#27;[39m
&amp#27;[38;5;0m[HTTP]&amp#27;[0m &amp#27;[90m&amp#27;[39m
&amp#27;[38;5;0m[HTTP]&amp#27;[0m &amp#27;[37m-->&amp#27;[39m &amp#27;[37mGET&amp#27;[39m &amp#27;[37m/session/9c0ff67f-6efc-443b-a62f-dce2bca5d56b/element/00000000-0000-0042-0000-003b00000004/text&amp#27;[39m
&amp#27;[38;5;0m[HTTP]&amp#27;[0m &amp#27;[90m{}&amp#27;[39m
&amp#27;[38;5;32m[AndroidUiautomator2Driver@e3cd (9c0ff67f)]&amp#27;[0m Driver proxy active, passing request on via HTTP proxy
&amp#27;[38;5;32m[AndroidUiautomator2Driver@e3cd (9c0ff67f)]&amp#27;[0m Matched '/session/9c0ff67f-6efc-443b-a62f-dce2bca5d56b/element/00000000-0000-0042-0000-003b00000004/text' to command name 'getText'
&amp#27;[38;5;32m[AndroidUiautomator2Driver@e3cd (9c0ff67f)]&amp#27;[0m Proxying [GET /session/9c0ff67f-6efc-443b-a62f-dce2bca5d56b/element/00000000-0000-0042-0000-003b00000004/text] to [GET http://127.0.0.1:8200/session/2fea60ff-cc1e-449a-891a-56c913714252/element/00000000-0000-0042-0000-003b00000004/text] with no body
&amp#27;[38;5;32m[AndroidUiautomator2Driver@e3cd (9c0ff67f)]&amp#27;[0m Got response with status 200: {"sessionId":"2fea60ff-cc1e-449a-891a-56c913714252","value":"90 %"}
&amp#27;[38;5;32m[AndroidUiautomator2Driver@e3cd (9c0ff67f)]&amp#27;[0m Replacing sessionId 2fea60ff-cc1e-449a-891a-56c913714252 with 9c0ff67f-6efc-443b-a62f-dce2bca5d56b
&amp#27;[38;5;0m[HTTP]&amp#27;[0m &amp#27;[37m<-- GET /session/9c0ff67f-6efc-443b-a62f-dce2bca5d56b/element/00000000-0000-0042-0000-003b00000004/text &amp#27;[39m&amp#27;[32m200&amp#27;[39m &amp#27;[90m11 ms - 67&amp#27;[39m
&amp#27;[38;5;0m[HTTP]&amp#27;[0m &amp#27;[90m&amp#27;[39m
&amp#27;[38;5;0m[HTTP]&amp#27;[0m &amp#27;[37m-->&amp#27;[39m &amp#27;[37mGET&amp#27;[39m &amp#27;[37m/session/9c0ff67f-6efc-443b-a62f-dce2bca5d56b/element/00000000-0000-0042-0000-003d00000004/text&amp#27;[39m
&amp#27;[38;5;0m[HTTP]&amp#27;[0m &amp#27;[90m{}&amp#27;[39m
&amp#27;[38;5;32m[AndroidUiautomator2Driver@e3cd (9c0ff67f)]&amp#27;[0m Driver proxy active, passing request on via HTTP proxy
&amp#27;[38;5;32m[AndroidUiautomator2Driver@e3cd (9c0ff67f)]&amp#27;[0m Matched '/session/9c0ff67f-6efc-443b-a62f-dce2bca5d56b/element/00000000-0000-0042-0000-003d00000004/text' to command name 'getText'
&amp#27;[38;5;32m[AndroidUiautomator2Driver@e3cd (9c0ff67f)]&amp#27;[0m Proxying [GET /session/9c0ff67f-6efc-443b-a62f-dce2bca5d56b/element/00000000-0000-0042-0000-003d00000004/text] to [GET http://127.0.0.1:8200/session/2fea60ff-cc1e-449a-891a-56c913714252/element/00000000-0000-0042-0000-003d00000004/text] with no body
&amp#27;[38;5;32m[AndroidUiautomator2Driver@e3cd (9c0ff67f)]&amp#27;[0m Got response with status 200: {"sessionId":"2fea60ff-cc1e-449a-891a-56c913714252","value":"9 Â°C"}
&amp#27;[38;5;32m[AndroidUiautomator2Driver@e3cd (9c0ff67f)]&amp#27;[0m Replacing sessionId 2fea60ff-cc1e-449a-891a-56c913714252 with 9c0ff67f-6efc-443b-a62f-dce2bca5d56b
&amp#27;[38;5;0m[HTTP]&amp#27;[0m &amp#27;[37m<-- GET /session/9c0ff67f-6efc-443b-a62f-dce2bca5d56b/element/00000000-0000-0042-0000-003d00000004/text &amp#27;[39m&amp#27;[32m200&amp#27;[39m &amp#27;[90m10 ms - 68&amp#27;[39m
&amp#27;[38;5;0m[HTTP]&amp#27;[0m &amp#27;[90m&amp#27;[39m
&amp#27;[38;5;0m[HTTP]&amp#27;[0m &amp#27;[37m-->&amp#27;[39m &amp#27;[37mGET&amp#27;[39m &amp#27;[37m/session/9c0ff67f-6efc-443b-a62f-dce2bca5d56b/element/00000000-0000-0042-0000-005f00000004/text&amp#27;[39m
&amp#27;[38;5;0m[HTTP]&amp#27;[0m &amp#27;[90m{}&amp#27;[39m
&amp#27;[38;5;32m[AndroidUiautomator2Driver@e3cd (9c0ff67f)]&amp#27;[0m Driver proxy active, passing request on via HTTP proxy
&amp#27;[38;5;32m[AndroidUiautomator2Driver@e3cd (9c0ff67f)]&amp#27;[0m Matched '/session/9c0ff67f-6efc-443b-a62f-dce2bca5d56b/element/00000000-0000-0042-0000-005f00000004/text' to command name 'getText'
&amp#27;[38;5;32m[AndroidUiautomator2Driver@e3cd (9c0ff67f)]&amp#27;[0m Proxying [GET /session/9c0ff67f-6efc-443b-a62f-dce2bca5d56b/element/00000000-0000-0042-0000-005f00000004/text] to [GET http://127.0.0.1:8200/session/2fea60ff-cc1e-449a-891a-56c913714252/element/00000000-0000-0042-0000-005f00000004/text] with no body
&amp#27;[38;5;32m[AndroidUiautomator2Driver@e3cd (9c0ff67f)]&amp#27;[0m Got response with status 200: {"sessionId":"2fea60ff-cc1e-449a-891a-56c913714252","value":"20:00"}
&amp#27;[38;5;32m[AndroidUiautomator2Driver@e3cd (9c0ff67f)]&amp#27;[0m Replacing sessionId 2fea60ff-cc1e-449a-891a-56c913714252 with 9c0ff67f-6efc-443b-a62f-dce2bca5d56b
&amp#27;[38;5;0m[HTTP]&amp#27;[0m &amp#27;[37m<-- GET /session/9c0ff67f-6efc-443b-a62f-dce2bca5d56b/element/00000000-0000-0042-0000-005f00000004/text &amp#27;[39m&amp#27;[32m200&amp#27;[39m &amp#27;[90m9 ms - 68&amp#27;[39m
&amp#27;[38;5;0m[HTTP]&amp#27;[0m &amp#27;[90m&amp#27;[39m
&amp#27;[38;5;0m[HTTP]&amp#27;[0m &amp#27;[37m-->&amp#27;[39m &amp#27;[37mGET&amp#27;[39m &amp#27;[37m/session/9c0ff67f-6efc-443b-a62f-dce2bca5d56b/element/00000000-0000-0042-0000-006100000004/text&amp#27;[39m
&amp#27;[38;5;0m[HTTP]&amp#27;[0m &amp#27;[90m{}&amp#27;[39m
&amp#27;[38;5;32m[AndroidUiautomator2Driver@e3cd (9c0ff67f)]&amp#27;[0m Driver proxy active, passing request on via HTTP proxy
&amp#27;[38;5;32m[AndroidUiautomator2Driver@e3cd (9c0ff67f)]&amp#27;[0m Matched '/session/9c0ff67f-6efc-443b-a62f-dce2bca5d56b/element/00000000-0000-0042-0000-006100000004/text' to command name 'getText'
&amp#27;[38;5;32m[AndroidUiautomator2Driver@e3cd (9c0ff67f)]&amp#27;[0m Proxying [GET /session/9c0ff67f-6efc-443b-a62f-dce2bca5d56b/element/00000000-0000-0042-0000-006100000004/text] to [GET http://127.0.0.1:8200/session/2fea60ff-cc1e-449a-891a-56c913714252/element/00000000-0000-0042-0000-006100000004/text] with no body
&amp#27;[38;5;32m[AndroidUiautomator2Driver@e3cd (9c0ff67f)]&amp#27;[0m Got response with status 200: {"sessionId":"2fea60ff-cc1e-449a-891a-56c913714252","value":"overcast clouds"}
&amp#27;[38;5;32m[AndroidUiautomator2Driver@e3cd (9c0ff67f)]&amp#27;[0m Replacing sessionId 2fea60ff-cc1e-449a-891a-56c913714252 with 9c0ff67f-6efc-443b-a62f-dce2bca5d56b
&amp#27;[38;5;0m[HTTP]&amp#27;[0m &amp#27;[37m<-- GET /session/9c0ff67f-6efc-443b-a62f-dce2bca5d56b/element/00000000-0000-0042-0000-006100000004/text &amp#27;[39m&amp#27;[32m200&amp#27;[39m &amp#27;[90m9 ms - 78&amp#27;[39m
&amp#27;[38;5;0m[HTTP]&amp#27;[0m &amp#27;[90m&amp#27;[39m
&amp#27;[38;5;0m[HTTP]&amp#27;[0m &amp#27;[37m-->&amp#27;[39m &amp#27;[37mGET&amp#27;[39m &amp#27;[37m/session/9c0ff67f-6efc-443b-a62f-dce2bca5d56b/element/00000000-0000-0042-0000-006300000004/text&amp#27;[39m
&amp#27;[38;5;0m[HTTP]&amp#27;[0m &amp#27;[90m{}&amp#27;[39m
&amp#27;[38;5;32m[AndroidUiautomator2Driver@e3cd (9c0ff67f)]&amp#27;[0m Driver proxy active, passing request on via HTTP proxy
&amp#27;[38;5;32m[AndroidUiautomator2Driver@e3cd (9c0ff67f)]&amp#27;[0m Matched '/session/9c0ff67f-6efc-443b-a62f-dce2bca5d56b/element/00000000-0000-0042-0000-006300000004/text' to command name 'getText'
&amp#27;[38;5;32m[AndroidUiautomator2Driver@e3cd (9c0ff67f)]&amp#27;[0m Proxying [GET /session/9c0ff67f-6efc-443b-a62f-dce2bca5d56b/element/00000000-0000-0042-0000-006300000004/text] to [GET http://127.0.0.1:8200/session/2fea60ff-cc1e-449a-891a-56c913714252/element/00000000-0000-0042-0000-006300000004/text] with no body
&amp#27;[38;5;32m[AndroidUiautomator2Driver@e3cd (9c0ff67f)]&amp#27;[0m Got response with status 200: {"sessionId":"2fea60ff-cc1e-449a-891a-56c913714252","value":"89 %"}
&amp#27;[38;5;32m[AndroidUiautomator2Driver@e3cd (9c0ff67f)]&amp#27;[0m Replacing sessionId 2fea60ff-cc1e-449a-891a-56c913714252 with 9c0ff67f-6efc-443b-a62f-dce2bca5d56b
&amp#27;[38;5;0m[HTTP]&amp#27;[0m &amp#27;[37m<-- GET /session/9c0ff67f-6efc-443b-a62f-dce2bca5d56b/element/00000000-0000-0042-0000-006300000004/text &amp#27;[39m&amp#27;[32m200&amp#27;[39m &amp#27;[90m9 ms - 67&amp#27;[39m
&amp#27;[38;5;0m[HTTP]&amp#27;[0m &amp#27;[90m&amp#27;[39m
&amp#27;[38;5;0m[HTTP]&amp#27;[0m &amp#27;[37m-->&amp#27;[39m &amp#27;[37mGET&amp#27;[39m &amp#27;[37m/session/9c0ff67f-6efc-443b-a62f-dce2bca5d56b/element/00000000-0000-0042-0000-006500000004/text&amp#27;[39m
&amp#27;[38;5;0m[HTTP]&amp#27;[0m &amp#27;[90m{}&amp#27;[39m
&amp#27;[38;5;32m[AndroidUiautomator2Driver@e3cd (9c0ff67f)]&amp#27;[0m Driver proxy active, passing request on via HTTP proxy
&amp#27;[38;5;32m[AndroidUiautomator2Driver@e3cd (9c0ff67f)]&amp#27;[0m Matched '/session/9c0ff67f-6efc-443b-a62f-dce2bca5d56b/element/00000000-0000-0042-0000-006500000004/text' to command name 'getText'
&amp#27;[38;5;32m[AndroidUiautomator2Driver@e3cd (9c0ff67f)]&amp#27;[0m Proxying [GET /session/9c0ff67f-6efc-443b-a62f-dce2bca5d56b/element/00000000-0000-0042-0000-006500000004/text] to [GET http://127.0.0.1:8200/session/2fea60ff-cc1e-449a-891a-56c913714252/element/00000000-0000-0042-0000-006500000004/text] with no body
&amp#27;[38;5;32m[AndroidUiautomator2Driver@e3cd (9c0ff67f)]&amp#27;[0m Got response with status 200: {"sessionId":"2fea60ff-cc1e-449a-891a-56c913714252","value":"9 Â°C"}
&amp#27;[38;5;32m[AndroidUiautomator2Driver@e3cd (9c0ff67f)]&amp#27;[0m Replacing sessionId 2fea60ff-cc1e-449a-891a-56c913714252 with 9c0ff67f-6efc-443b-a62f-dce2bca5d56b
&amp#27;[38;5;0m[HTTP]&amp#27;[0m &amp#27;[37m<-- GET /session/9c0ff67f-6efc-443b-a62f-dce2bca5d56b/element/00000000-0000-0042-0000-006500000004/text &amp#27;[39m&amp#27;[32m200&amp#27;[39m &amp#27;[90m9 ms - 68&amp#27;[39m
&amp#27;[38;5;0m[HTTP]&amp#27;[0m &amp#27;[90m&amp#27;[39m
&amp#27;[38;5;0m[HTTP]&amp#27;[0m &amp#27;[37m-->&amp#27;[39m &amp#27;[37mPOST&amp#27;[39m &amp#27;[37m/session/9c0ff67f-6efc-443b-a62f-dce2bca5d56b/execute/sync&amp#27;[39m
&amp#27;[38;5;0m[HTTP]&amp#27;[0m &amp#27;[90m{"script":"mobile: swipeGesture","args":[{"elementId":"00000000-0000-0042-0000-001d00000004","percent":0.4,"speed":320,"direction":"left"}]}&amp#27;[39m
&amp#27;[38;5;32m[AndroidUiautomator2Driver@e3cd (9c0ff67f)]&amp#27;[0m Calling AppiumDriver.execute() with args: ["mobile: swipeGesture",[{"elementId":"00000000-0000-0042-0000-001d00000004","percent":0.4,"speed":320,"direction":"left"}],"9c0ff67f-6efc-443b-a62f-dce2bca5d56b"]
&amp#27;[38;5;32m[AndroidUiautomator2Driver@e3cd (9c0ff67f)]&amp#27;[0m Executing method 'mobile: swipeGesture'
&amp#27;[38;5;32m[AndroidUiautomator2Driver@e3cd (9c0ff67f)]&amp#27;[0m Proxying [POST /appium/gestures/swipe] to [POST http://127.0.0.1:8200/session/2fea60ff-cc1e-449a-891a-56c913714252/appium/gestures/swipe] with body: {"origin":{"ELEMENT":"00000000-0000-0042-0000-001d00000004","element-6066-11e4-a52e-4f735466cecf":"00000000-0000-0042-0000-001d00000004"},"direction":"left","percent":0.4,"speed":320}
&amp#27;[38;5;32m[AndroidUiautomator2Driver@e3cd (9c0ff67f)]&amp#27;[0m Got response with status 200: {"sessionId":"2fea60ff-cc1e-449a-891a-56c913714252","value":null}
&amp#27;[38;5;32m[AndroidUiautomator2Driver@e3cd (9c0ff67f)]&amp#27;[0m Responding to client with driver.execute() result: null
&amp#27;[38;5;0m[HTTP]&amp#27;[0m &amp#27;[37m<-- POST /session/9c0ff67f-6efc-443b-a62f-dce2bca5d56b/execute/sync &amp#27;[39m&amp#27;[32m200&amp#27;[39m &amp#27;[90m1534 ms - 14&amp#27;[39m
&amp#27;[38;5;0m[HTTP]&amp#27;[0m &amp#27;[90m&amp#27;[39m
&amp#27;[38;5;0m[HTTP]&amp#27;[0m &amp#27;[37m-->&amp#27;[39m &amp#27;[37mPOST&amp#27;[39m &amp#27;[37m/session/9c0ff67f-6efc-443b-a62f-dce2bca5d56b/elements&amp#27;[39m
&amp#27;[38;5;0m[HTTP]&amp#27;[0m &amp#27;[90m{"using":"xpath","value":"//android.widget.HorizontalScrollView"}&amp#27;[39m
&amp#27;[38;5;32m[AndroidUiautomator2Driver@e3cd (9c0ff67f)]&amp#27;[0m Calling AppiumDriver.findElements() with args: ["xpath","//android.widget.HorizontalScrollView","9c0ff67f-6efc-443b-a62f-dce2bca5d56b"]
&amp#27;[38;5;32m[AndroidUiautomator2Driver@e3cd (9c0ff67f)]&amp#27;[0m Valid locator strategies for this request: xpath, id, class name, accessibility id, css selector, -android uiautomator
&amp#27;[38;5;32m[AndroidUiautomator2Driver@e3cd (9c0ff67f)]&amp#27;[0m Waiting up to 0 ms for condition
&amp#27;[38;5;32m[AndroidUiautomator2Driver@e3cd (9c0ff67f)]&amp#27;[0m Matched '/elements' to command name 'findElements'
&amp#27;[38;5;32m[AndroidUiautomator2Driver@e3cd (9c0ff67f)]&amp#27;[0m Proxying [POST /elements] to [POST http://127.0.0.1:8200/session/2fea60ff-cc1e-449a-891a-56c913714252/elements] with body: {"strategy":"xpath","selector":"//android.widget.HorizontalScrollView","context":"","multiple":true}
&amp#27;[38;5;32m[AndroidUiautomator2Driver@e3cd (9c0ff67f)]&amp#27;[0m Got response with status 200: {"sessionId":"2fea60ff-cc1e-449a-891a-56c913714252","value":[{"ELEMENT":"00000000-0000-0042-0000-001d00000004","element-6066-11e4-a52e-4f735466cecf":"00000000-0000-0042-0000-001d00000004"},{"ELEMENT":"00000000-0000-0042-0000-001e00000004","element-6066-11e4-a52e-4f735466cecf":"00000000-0000-0042-0000-001e00000004"}]}
&amp#27;[38;5;32m[AndroidUiautomator2Driver@e3cd (9c0ff67f)]&amp#27;[0m Responding to client with driver.findElements() result: [{"element-6066-11e4-a52e-4f735466cecf":"00000000-0000-0042-0000-001d00000004","ELEMENT":"00000000-0000-0042-0000-001d00000004"},{"element-6066-11e4-a52e-4f735466cecf":"00000000-0000-0042-0000-001e00000004","ELEMENT":"00000000-0000-0042-0000-001e00000004"}]
&amp#27;[38;5;0m[HTTP]&amp#27;[0m &amp#27;[37m<-- POST /session/9c0ff67f-6efc-443b-a62f-dce2bca5d56b/elements &amp#27;[39m&amp#27;[32m200&amp#27;[39m &amp#27;[90m125 ms - 267&amp#27;[39m
&amp#27;[38;5;0m[HTTP]&amp#27;[0m &amp#27;[90m&amp#27;[39m
&amp#27;[38;5;0m[HTTP]&amp#27;[0m &amp#27;[37m-->&amp#27;[39m &amp#27;[37mPOST&amp#27;[39m &amp#27;[37m/session/9c0ff67f-6efc-443b-a62f-dce2bca5d56b/element/00000000-0000-0042-0000-001d00000004/elements&amp#27;[39m
&amp#27;[38;5;0m[HTTP]&amp#27;[0m &amp#27;[90m{"id":"00000000-0000-0042-0000-001d00000004","using":"xpath","value":"//android.view.View"}&amp#27;[39m
&amp#27;[38;5;32m[AndroidUiautomator2Driver@e3cd (9c0ff67f)]&amp#27;[0m Calling AppiumDriver.findElementsFromElement() with args: ["xpath","//android.view.View","00000000-0000-0042-0000-001d00000004","9c0ff67f-6efc-443b-a62f-dce2bca5d56b"]
&amp#27;[38;5;32m[AndroidUiautomator2Driver@e3cd (9c0ff67f)]&amp#27;[0m Valid locator strategies for this request: xpath, id, class name, accessibility id, css selector, -android uiautomator
&amp#27;[38;5;32m[AndroidUiautomator2Driver@e3cd (9c0ff67f)]&amp#27;[0m Waiting up to 0 ms for condition
&amp#27;[38;5;32m[AndroidUiautomator2Driver@e3cd (9c0ff67f)]&amp#27;[0m Matched '/elements' to command name 'findElements'
&amp#27;[38;5;32m[AndroidUiautomator2Driver@e3cd (9c0ff67f)]&amp#27;[0m Proxying [POST /elements] to [POST http://127.0.0.1:8200/session/2fea60ff-cc1e-449a-891a-56c913714252/elements] with body: {"strategy":"xpath","selector":"//android.view.View","context":"00000000-0000-0042-0000-001d00000004","multiple":true}
&amp#27;[38;5;32m[AndroidUiautomator2Driver@e3cd (9c0ff67f)]&amp#27;[0m Got response with status 200: {"sessionId":"2fea60ff-cc1e-449a-891a-56c913714252","value":[{"ELEMENT":"00000000-0000-0042-0000-002f00000004","element-6066-11e4-a52e-4f735466cecf":"00000000-0000-0042-0000-002f00000004"},{"ELEMENT":"00000000-0000-0042-0000-003100000004","element-6066-11e4-a52e-4f735466cecf":"00000000-0000-0042-0000-003100000004"},{"ELEMENT":"00000000-0000-0042-0000-003300000004","element-6066-11e4-a52e-4f735466cecf":"00000000-0000-0042-0000-003300000004"},{"ELEMENT":"00000000-0000-0042-0000-003500000004","element-6066-11e4-a52e-4f735466cecf":"00000000-0000-0042-0000-003500000004"},{"ELEMENT":"00000000-0000-0042-0000-003700000004","element-6066-11e4-a52e-4f735466cecf":"00000000-0000-0042-0000-003700000004"},{"ELEMENT":"00000000-0000-0042-0000-003900000004","element-6066-11e4-a52e-4f735466cecf":"00000000-0000-0042-0000-003900000004"},{"ELEMENT":"00000000-0000-0042-0000-003b00000004","element-6066-11e4-a52e-4f735466cecf":"00000000-0000-0042-0000-003b00000004"},{"ELEMENT":"00000000-0000-0042-0000-003d00000004","element-6066-...
&amp#27;[38;5;32m[AndroidUiautomator2Driver@e3cd (9c0ff67f)]&amp#27;[0m Responding to client with driver.findElementsFromElement() result: [{"element-6066-11e4-a52e-4f735466cecf":"00000000-0000-0042-0000-002f00000004","ELEMENT":"00000000-0000-0042-0000-002f00000004"},{"element-6066-11e4-a52e-4f735466cecf":"00000000-0000-0042-0000-003100000004","ELEMENT":"00000000-0000-0042-0000-003100000004"},{"element-6066-11e4-a52e-4f735466cecf":"00000000-0000-0042-0000-003300000004","ELEMENT":"00000000-0000-0042-0000-003300000004"},{"element-6066-11e4-a52e-4f735466cecf":"00000000-0000-0042-0000-003500000004","ELEMENT":"00000000-0000-0042-0000-003500000004"},{"element-6066-11e4-a52e-4f735466cecf":"00000000-0000-0042-0000-003700000004","ELEMENT":"00000000-0000-0042-0000-003700000004"},{"element-6066-11e4-a52e-4f735466cecf":"00000000-0000-0042-0000-003900000004","ELEMENT":"00000000-0000-0042-0000-003900000004"},{"element-6066-11e4-a52e-4f735466cecf":"00000000-0000-0042-0000-003b00000004","ELEMENT":"00000000-0000-0042-0000-003b00000004"},{"element-6066-11e4-a52e-4f735466cecf":"00000000-0000-0042-0000-003d00000004","ELEMENT":"00000000-0000-0042-0000-003d0000000...
&amp#27;[38;5;0m[HTTP]&amp#27;[0m &amp#27;[37m<-- POST /session/9c0ff67f-6efc-443b-a62f-dce2bca5d56b/element/00000000-0000-0042-0000-001d00000004/elements &amp#27;[39m&amp#27;[32m200&amp#27;[39m &amp#27;[90m48 ms - 2059&amp#27;[39m
&amp#27;[38;5;0m[HTTP]&amp#27;[0m &amp#27;[90m&amp#27;[39m
&amp#27;[38;5;0m[HTTP]&amp#27;[0m &amp#27;[37m-->&amp#27;[39m &amp#27;[37mGET&amp#27;[39m &amp#27;[37m/session/9c0ff67f-6efc-443b-a62f-dce2bca5d56b/element/00000000-0000-0042-0000-002f00000004/text&amp#27;[39m
&amp#27;[38;5;0m[HTTP]&amp#27;[0m &amp#27;[90m{}&amp#27;[39m
&amp#27;[38;5;32m[AndroidUiautomator2Driver@e3cd (9c0ff67f)]&amp#27;[0m Driver proxy active, passing request on via HTTP proxy
&amp#27;[38;5;32m[AndroidUiautomator2Driver@e3cd (9c0ff67f)]&amp#27;[0m Matched '/session/9c0ff67f-6efc-443b-a62f-dce2bca5d56b/element/00000000-0000-0042-0000-002f00000004/text' to command name 'getText'
&amp#27;[38;5;32m[AndroidUiautomator2Driver@e3cd (9c0ff67f)]&amp#27;[0m Proxying [GET /session/9c0ff67f-6efc-443b-a62f-dce2bca5d56b/element/00000000-0000-0042-0000-002f00000004/text] to [GET http://127.0.0.1:8200/session/2fea60ff-cc1e-449a-891a-56c913714252/element/00000000-0000-0042-0000-002f00000004/text] with no body
&amp#27;[38;5;32m[AndroidUiautomator2Driver@e3cd (9c0ff67f)]&amp#27;[0m Got response with status 200: {"sessionId":"2fea60ff-cc1e-449a-891a-56c913714252","value":"18:00"}
&amp#27;[38;5;32m[AndroidUiautomator2Driver@e3cd (9c0ff67f)]&amp#27;[0m Replacing sessionId 2fea60ff-cc1e-449a-891a-56c913714252 with 9c0ff67f-6efc-443b-a62f-dce2bca5d56b
&amp#27;[38;5;0m[HTTP]&amp#27;[0m &amp#27;[37m<-- GET /session/9c0ff67f-6efc-443b-a62f-dce2bca5d56b/element/00000000-0000-0042-0000-002f00000004/text &amp#27;[39m&amp#27;[32m200&amp#27;[39m &amp#27;[90m10 ms - 68&amp#27;[39m
&amp#27;[38;5;0m[HTTP]&amp#27;[0m &amp#27;[90m&amp#27;[39m
&amp#27;[38;5;0m[HTTP]&amp#27;[0m &amp#27;[37m-->&amp#27;[39m &amp#27;[37mGET&amp#27;[39m &amp#27;[37m/session/9c0ff67f-6efc-443b-a62f-dce2bca5d56b/element/00000000-0000-0042-0000-003100000004/text&amp#27;[39m
&amp#27;[38;5;0m[HTTP]&amp#27;[0m &amp#27;[90m{}&amp#27;[39m
&amp#27;[38;5;32m[AndroidUiautomator2Driver@e3cd (9c0ff67f)]&amp#27;[0m Driver proxy active, passing request on via HTTP proxy
&amp#27;[38;5;32m[AndroidUiautomator2Driver@e3cd (9c0ff67f)]&amp#27;[0m Matched '/session/9c0ff67f-6efc-443b-a62f-dce2bca5d56b/element/00000000-0000-0042-0000-003100000004/text' to command name 'getText'
&amp#27;[38;5;32m[AndroidUiautomator2Driver@e3cd (9c0ff67f)]&amp#27;[0m Proxying [GET /session/9c0ff67f-6efc-443b-a62f-dce2bca5d56b/element/00000000-0000-0042-0000-003100000004/text] to [GET http://127.0.0.1:8200/session/2fea60ff-cc1e-449a-891a-56c913714252/element/00000000-0000-0042-0000-003100000004/text] with no body
&amp#27;[38;5;32m[AndroidUiautomator2Driver@e3cd (9c0ff67f)]&amp#27;[0m Got response with status 200: {"sessionId":"2fea60ff-cc1e-449a-891a-56c913714252","value":"overcast clouds"}
&amp#27;[38;5;32m[AndroidUiautomator2Driver@e3cd (9c0ff67f)]&amp#27;[0m Replacing sessionId 2fea60ff-cc1e-449a-891a-56c913714252 with 9c0ff67f-6efc-443b-a62f-dce2bca5d56b
&amp#27;[38;5;0m[HTTP]&amp#27;[0m &amp#27;[37m<-- GET /session/9c0ff67f-6efc-443b-a62f-dce2bca5d56b/element/00000000-0000-0042-0000-003100000004/text &amp#27;[39m&amp#27;[32m200&amp#27;[39m &amp#27;[90m9 ms - 78&amp#27;[39m
&amp#27;[38;5;0m[HTTP]&amp#27;[0m &amp#27;[90m&amp#27;[39m
&amp#27;[38;5;0m[HTTP]&amp#27;[0m &amp#27;[37m-->&amp#27;[39m &amp#27;[37mGET&amp#27;[39m &amp#27;[37m/session/9c0ff67f-6efc-443b-a62f-dce2bca5d56b/element/00000000-0000-0042-0000-003300000004/text&amp#27;[39m
&amp#27;[38;5;0m[HTTP]&amp#27;[0m &amp#27;[90m{}&amp#27;[39m
&amp#27;[38;5;32m[AndroidUiautomator2Driver@e3cd (9c0ff67f)]&amp#27;[0m Driver proxy active, passing request on via HTTP proxy
&amp#27;[38;5;32m[AndroidUiautomator2Driver@e3cd (9c0ff67f)]&amp#27;[0m Matched '/session/9c0ff67f-6efc-443b-a62f-dce2bca5d56b/element/00000000-0000-0042-0000-003300000004/text' to command name 'getText'
&amp#27;[38;5;32m[AndroidUiautomator2Driver@e3cd (9c0ff67f)]&amp#27;[0m Proxying [GET /session/9c0ff67f-6efc-443b-a62f-dce2bca5d56b/element/00000000-0000-0042-0000-003300000004/text] to [GET http://127.0.0.1:8200/session/2fea60ff-cc1e-449a-891a-56c913714252/element/00000000-0000-0042-0000-003300000004/text] with no body
&amp#27;[38;5;32m[AndroidUiautomator2Driver@e3cd (9c0ff67f)]&amp#27;[0m Got response with status 200: {"sessionId":"2fea60ff-cc1e-449a-891a-56c913714252","value":"90 %"}
&amp#27;[38;5;32m[AndroidUiautomator2Driver@e3cd (9c0ff67f)]&amp#27;[0m Replacing sessionId 2fea60ff-cc1e-449a-891a-56c913714252 with 9c0ff67f-6efc-443b-a62f-dce2bca5d56b
&amp#27;[38;5;0m[HTTP]&amp#27;[0m &amp#27;[37m<-- GET /session/9c0ff67f-6efc-443b-a62f-dce2bca5d56b/element/00000000-0000-0042-0000-003300000004/text &amp#27;[39m&amp#27;[32m200&amp#27;[39m &amp#27;[90m9 ms - 67&amp#27;[39m
&amp#27;[38;5;0m[HTTP]&amp#27;[0m &amp#27;[90m&amp#27;[39m
&amp#27;[38;5;0m[HTTP]&amp#27;[0m &amp#27;[37m-->&amp#27;[39m &amp#27;[37mGET&amp#27;[39m &amp#27;[37m/session/9c0ff67f-6efc-443b-a62f-dce2bca5d56b/element/00000000-0000-0042-0000-003500000004/text&amp#27;[39m
&amp#27;[38;5;0m[HTTP]&amp#27;[0m &amp#27;[90m{}&amp#27;[39m
&amp#27;[38;5;32m[AndroidUiautomator2Driver@e3cd (9c0ff67f)]&amp#27;[0m Driver proxy active, passing request on via HTTP proxy
&amp#27;[38;5;32m[AndroidUiautomator2Driver@e3cd (9c0ff67f)]&amp#27;[0m Matched '/session/9c0ff67f-6efc-443b-a62f-dce2bca5d56b/element/00000000-0000-0042-0000-003500000004/text' to command name 'getText'
&amp#27;[38;5;32m[AndroidUiautomator2Driver@e3cd (9c0ff67f)]&amp#27;[0m Proxying [GET /session/9c0ff67f-6efc-443b-a62f-dce2bca5d56b/element/00000000-0000-0042-0000-003500000004/text] to [GET http://127.0.0.1:8200/session/2fea60ff-cc1e-449a-891a-56c913714252/element/00000000-0000-0042-0000-003500000004/text] with no body
&amp#27;[38;5;32m[AndroidUiautomator2Driver@e3cd (9c0ff67f)]&amp#27;[0m Got response with status 200: {"sessionId":"2fea60ff-cc1e-449a-891a-56c913714252","value":"9 Â°C"}
&amp#27;[38;5;32m[AndroidUiautomator2Driver@e3cd (9c0ff67f)]&amp#27;[0m Replacing sessionId 2fea60ff-cc1e-449a-891a-56c913714252 with 9c0ff67f-6efc-443b-a62f-dce2bca5d56b
&amp#27;[38;5;0m[HTTP]&amp#27;[0m &amp#27;[37m<-- GET /session/9c0ff67f-6efc-443b-a62f-dce2bca5d56b/element/00000000-0000-0042-0000-003500000004/text &amp#27;[39m&amp#27;[32m200&amp#27;[39m &amp#27;[90m9 ms - 68&amp#27;[39m
&amp#27;[38;5;0m[HTTP]&amp#27;[0m &amp#27;[90m&amp#27;[39m
&amp#27;[38;5;0m[HTTP]&amp#27;[0m &amp#27;[37m-->&amp#27;[39m &amp#27;[37mGET&amp#27;[39m &amp#27;[37m/session/9c0ff67f-6efc-443b-a62f-dce2bca5d56b/element/00000000-0000-0042-0000-003700000004/text&amp#27;[39m
&amp#27;[38;5;0m[HTTP]&amp#27;[0m &amp#27;[90m{}&amp#27;[39m
&amp#27;[38;5;32m[AndroidUiautomator2Driver@e3cd (9c0ff67f)]&amp#27;[0m Driver proxy active, passing request on via HTTP proxy
&amp#27;[38;5;32m[AndroidUiautomator2Driver@e3cd (9c0ff67f)]&amp#27;[0m Matched '/session/9c0ff67f-6efc-443b-a62f-dce2bca5d56b/element/00000000-0000-0042-0000-003700000004/text' to command name 'getText'
&amp#27;[38;5;32m[AndroidUiautomator2Driver@e3cd (9c0ff67f)]&amp#27;[0m Proxying [GET /session/9c0ff67f-6efc-443b-a62f-dce2bca5d56b/element/00000000-0000-0042-0000-003700000004/text] to [GET http://127.0.0.1:8200/session/2fea60ff-cc1e-449a-891a-56c913714252/element/00000000-0000-0042-0000-003700000004/text] with no body
&amp#27;[38;5;32m[AndroidUiautomator2Driver@e3cd (9c0ff67f)]&amp#27;[0m Got response with status 200: {"sessionId":"2fea60ff-cc1e-449a-891a-56c913714252","value":"19:00"}
&amp#27;[38;5;32m[AndroidUiautomator2Driver@e3cd (9c0ff67f)]&amp#27;[0m Replacing sessionId 2fea60ff-cc1e-449a-891a-56c913714252 with 9c0ff67f-6efc-443b-a62f-dce2bca5d56b
&amp#27;[38;5;0m[HTTP]&amp#27;[0m &amp#27;[37m<-- GET /session/9c0ff67f-6efc-443b-a62f-dce2bca5d56b/element/00000000-0000-0042-0000-003700000004/text &amp#27;[39m&amp#27;[32m200&amp#27;[39m &amp#27;[90m9 ms - 68&amp#27;[39m
&amp#27;[38;5;0m[HTTP]&amp#27;[0m &amp#27;[90m&amp#27;[39m
&amp#27;[38;5;0m[HTTP]&amp#27;[0m &amp#27;[37m-->&amp#27;[39m &amp#27;[37mGET&amp#27;[39m &amp#27;[37m/session/9c0ff67f-6efc-443b-a62f-dce2bca5d56b/element/00000000-0000-0042-0000-003900000004/text&amp#27;[39m
&amp#27;[38;5;0m[HTTP]&amp#27;[0m &amp#27;[90m{}&amp#27;[39m
&amp#27;[38;5;32m[AndroidUiautomator2Driver@e3cd (9c0ff67f)]&amp#27;[0m Driver proxy active, passing request on via HTTP proxy
&amp#27;[38;5;32m[AndroidUiautomator2Driver@e3cd (9c0ff67f)]&amp#27;[0m Matched '/session/9c0ff67f-6efc-443b-a62f-dce2bca5d56b/element/00000000-0000-0042-0000-003900000004/text' to command name 'getText'
&amp#27;[38;5;32m[AndroidUiautomator2Driver@e3cd (9c0ff67f)]&amp#27;[0m Proxying [GET /session/9c0ff67f-6efc-443b-a62f-dce2bca5d56b/element/00000000-0000-0042-0000-003900000004/text] to [GET http://127.0.0.1:8200/session/2fea60ff-cc1e-449a-891a-56c913714252/element/00000000-0000-0042-0000-003900000004/text] with no body
&amp#27;[38;5;32m[AndroidUiautomator2Driver@e3cd (9c0ff67f)]&amp#27;[0m Got response with status 200: {"sessionId":"2fea60ff-cc1e-449a-891a-56c913714252","value":"overcast clouds"}
&amp#27;[38;5;32m[AndroidUiautomator2Driver@e3cd (9c0ff67f)]&amp#27;[0m Replacing sessionId 2fea60ff-cc1e-449a-891a-56c913714252 with 9c0ff67f-6efc-443b-a62f-dce2bca5d56b
&amp#27;[38;5;0m[HTTP]&amp#27;[0m &amp#27;[37m<-- GET /session/9c0ff67f-6efc-443b-a62f-dce2bca5d56b/element/00000000-0000-0042-0000-003900000004/text &amp#27;[39m&amp#27;[32m200&amp#27;[39m &amp#27;[90m9 ms - 78&amp#27;[39m
&amp#27;[38;5;0m[HTTP]&amp#27;[0m &amp#27;[90m&amp#27;[39m
&amp#27;[38;5;0m[HTTP]&amp#27;[0m &amp#27;[37m-->&amp#27;[39m &amp#27;[37mGET&amp#27;[39m &amp#27;[37m/session/9c0ff67f-6efc-443b-a62f-dce2bca5d56b/element/00000000-0000-0042-0000-003b00000004/text&amp#27;[39m
&amp#27;[38;5;0m[HTTP]&amp#27;[0m &amp#27;[90m{}&amp#27;[39m
&amp#27;[38;5;32m[AndroidUiautomator2Driver@e3cd (9c0ff67f)]&amp#27;[0m Driver proxy active, passing request on via HTTP proxy
&amp#27;[38;5;32m[AndroidUiautomator2Driver@e3cd (9c0ff67f)]&amp#27;[0m Matched '/session/9c0ff67f-6efc-443b-a62f-dce2bca5d56b/element/00000000-0000-0042-0000-003b00000004/text' to command name 'getText'
&amp#27;[38;5;32m[AndroidUiautomator2Driver@e3cd (9c0ff67f)]&amp#27;[0m Proxying [GET /session/9c0ff67f-6efc-443b-a62f-dce2bca5d56b/element/00000000-0000-0042-0000-003b00000004/text] to [GET http://127.0.0.1:8200/session/2fea60ff-cc1e-449a-891a-56c913714252/element/00000000-0000-0042-0000-003b00000004/text] with no body
&amp#27;[38;5;32m[AndroidUiautomator2Driver@e3cd (9c0ff67f)]&amp#27;[0m Got response with status 200: {"sessionId":"2fea60ff-cc1e-449a-891a-56c913714252","value":"90 %"}
&amp#27;[38;5;32m[AndroidUiautomator2Driver@e3cd (9c0ff67f)]&amp#27;[0m Replacing sessionId 2fea60ff-cc1e-449a-891a-56c913714252 with 9c0ff67f-6efc-443b-a62f-dce2bca5d56b
&amp#27;[38;5;0m[HTTP]&amp#27;[0m &amp#27;[37m<-- GET /session/9c0ff67f-6efc-443b-a62f-dce2bca5d56b/element/00000000-0000-0042-0000-003b00000004/text &amp#27;[39m&amp#27;[32m200&amp#27;[39m &amp#27;[90m9 ms - 67&amp#27;[39m
&amp#27;[38;5;0m[HTTP]&amp#27;[0m &amp#27;[90m&amp#27;[39m
&amp#27;[38;5;0m[HTTP]&amp#27;[0m &amp#27;[37m-->&amp#27;[39m &amp#27;[37mGET&amp#27;[39m &amp#27;[37m/session/9c0ff67f-6efc-443b-a62f-dce2bca5d56b/element/00000000-0000-0042-0000-003d00000004/text&amp#27;[39m
&amp#27;[38;5;0m[HTTP]&amp#27;[0m &amp#27;[90m{}&amp#27;[39m
&amp#27;[38;5;32m[AndroidUiautomator2Driver@e3cd (9c0ff67f)]&amp#27;[0m Driver proxy active, passing request on via HTTP proxy
&amp#27;[38;5;32m[AndroidUiautomator2Driver@e3cd (9c0ff67f)]&amp#27;[0m Matched '/session/9c0ff67f-6efc-443b-a62f-dce2bca5d56b/element/00000000-0000-0042-0000-003d00000004/text' to command name 'getText'
&amp#27;[38;5;32m[AndroidUiautomator2Driver@e3cd (9c0ff67f)]&amp#27;[0m Proxying [GET /session/9c0ff67f-6efc-443b-a62f-dce2bca5d56b/element/00000000-0000-0042-0000-003d00000004/text] to [GET http://127.0.0.1:8200/session/2fea60ff-cc1e-449a-891a-56c913714252/element/00000000-0000-0042-0000-003d00000004/text] with no body
&amp#27;[38;5;32m[AndroidUiautomator2Driver@e3cd (9c0ff67f)]&amp#27;[0m Got response with status 200: {"sessionId":"2fea60ff-cc1e-449a-891a-56c913714252","value":"9 Â°C"}
&amp#27;[38;5;32m[AndroidUiautomator2Driver@e3cd (9c0ff67f)]&amp#27;[0m Replacing sessionId 2fea60ff-cc1e-449a-891a-56c913714252 with 9c0ff67f-6efc-443b-a62f-dce2bca5d56b
&amp#27;[38;5;0m[HTTP]&amp#27;[0m &amp#27;[37m<-- GET /session/9c0ff67f-6efc-443b-a62f-dce2bca5d56b/element/00000000-0000-0042-0000-003d00000004/text &amp#27;[39m&amp#27;[32m200&amp#27;[39m &amp#27;[90m9 ms - 68&amp#27;[39m
&amp#27;[38;5;0m[HTTP]&amp#27;[0m &amp#27;[90m&amp#27;[39m
&amp#27;[38;5;0m[HTTP]&amp#27;[0m &amp#27;[37m-->&amp#27;[39m &amp#27;[37mGET&amp#27;[39m &amp#27;[37m/session/9c0ff67f-6efc-443b-a62f-dce2bca5d56b/element/00000000-0000-0042-0000-005f00000004/text&amp#27;[39m
&amp#27;[38;5;0m[HTTP]&amp#27;[0m &amp#27;[90m{}&amp#27;[39m
&amp#27;[38;5;32m[AndroidUiautomator2Driver@e3cd (9c0ff67f)]&amp#27;[0m Driver proxy active, passing request on via HTTP proxy
&amp#27;[38;5;32m[AndroidUiautomator2Driver@e3cd (9c0ff67f)]&amp#27;[0m Matched '/session/9c0ff67f-6efc-443b-a62f-dce2bca5d56b/element/00000000-0000-0042-0000-005f00000004/text' to command name 'getText'
&amp#27;[38;5;32m[AndroidUiautomator2Driver@e3cd (9c0ff67f)]&amp#27;[0m Proxying [GET /session/9c0ff67f-6efc-443b-a62f-dce2bca5d56b/element/00000000-0000-0042-0000-005f00000004/text] to [GET http://127.0.0.1:8200/session/2fea60ff-cc1e-449a-891a-56c913714252/element/00000000-0000-0042-0000-005f00000004/text] with no body
&amp#27;[38;5;32m[AndroidUiautomator2Driver@e3cd (9c0ff67f)]&amp#27;[0m Got response with status 200: {"sessionId":"2fea60ff-cc1e-449a-891a-56c913714252","value":"20:00"}
&amp#27;[38;5;32m[AndroidUiautomator2Driver@e3cd (9c0ff67f)]&amp#27;[0m Replacing sessionId 2fea60ff-cc1e-449a-891a-56c913714252 with 9c0ff67f-6efc-443b-a62f-dce2bca5d56b
&amp#27;[38;5;0m[HTTP]&amp#27;[0m &amp#27;[37m<-- GET /session/9c0ff67f-6efc-443b-a62f-dce2bca5d56b/element/00000000-0000-0042-0000-005f00000004/text &amp#27;[39m&amp#27;[32m200&amp#27;[39m &amp#27;[90m9 ms - 68&amp#27;[39m
&amp#27;[38;5;0m[HTTP]&amp#27;[0m &amp#27;[90m&amp#27;[39m
&amp#27;[38;5;0m[HTTP]&amp#27;[0m &amp#27;[37m-->&amp#27;[39m &amp#27;[37mGET&amp#27;[39m &amp#27;[37m/session/9c0ff67f-6efc-443b-a62f-dce2bca5d56b/element/00000000-0000-0042-0000-006100000004/text&amp#27;[39m
&amp#27;[38;5;0m[HTTP]&amp#27;[0m &amp#27;[90m{}&amp#27;[39m
&amp#27;[38;5;32m[AndroidUiautomator2Driver@e3cd (9c0ff67f)]&amp#27;[0m Driver proxy active, passing request on via HTTP proxy
&amp#27;[38;5;32m[AndroidUiautomator2Driver@e3cd (9c0ff67f)]&amp#27;[0m Matched '/session/9c0ff67f-6efc-443b-a62f-dce2bca5d56b/element/00000000-0000-0042-0000-006100000004/text' to command name 'getText'
&amp#27;[38;5;32m[AndroidUiautomator2Driver@e3cd (9c0ff67f)]&amp#27;[0m Proxying [GET /session/9c0ff67f-6efc-443b-a62f-dce2bca5d56b/element/00000000-0000-0042-0000-006100000004/text] to [GET http://127.0.0.1:8200/session/2fea60ff-cc1e-449a-891a-56c913714252/element/00000000-0000-0042-0000-006100000004/text] with no body
&amp#27;[38;5;32m[AndroidUiautomator2Driver@e3cd (9c0ff67f)]&amp#27;[0m Got response with status 200: {"sessionId":"2fea60ff-cc1e-449a-891a-56c913714252","value":"overcast clouds"}
&amp#27;[38;5;32m[AndroidUiautomator2Driver@e3cd (9c0ff67f)]&amp#27;[0m Replacing sessionId 2fea60ff-cc1e-449a-891a-56c913714252 with 9c0ff67f-6efc-443b-a62f-dce2bca5d56b
&amp#27;[38;5;0m[HTTP]&amp#27;[0m &amp#27;[37m<-- GET /session/9c0ff67f-6efc-443b-a62f-dce2bca5d56b/element/00000000-0000-0042-0000-006100000004/text &amp#27;[39m&amp#27;[32m200&amp#27;[39m &amp#27;[90m9 ms - 78&amp#27;[39m
&amp#27;[38;5;0m[HTTP]&amp#27;[0m &amp#27;[90m&amp#27;[39m
&amp#27;[38;5;0m[HTTP]&amp#27;[0m &amp#27;[37m-->&amp#27;[39m &amp#27;[37mGET&amp#27;[39m &amp#27;[37m/session/9c0ff67f-6efc-443b-a62f-dce2bca5d56b/element/00000000-0000-0042-0000-006300000004/text&amp#27;[39m
&amp#27;[38;5;0m[HTTP]&amp#27;[0m &amp#27;[90m{}&amp#27;[39m
&amp#27;[38;5;32m[AndroidUiautomator2Driver@e3cd (9c0ff67f)]&amp#27;[0m Driver proxy active, passing request on via HTTP proxy
&amp#27;[38;5;32m[AndroidUiautomator2Driver@e3cd (9c0ff67f)]&amp#27;[0m Matched '/session/9c0ff67f-6efc-443b-a62f-dce2bca5d56b/element/00000000-0000-0042-0000-006300000004/text' to command name 'getText'
&amp#27;[38;5;32m[AndroidUiautomator2Driver@e3cd (9c0ff67f)]&amp#27;[0m Proxying [GET /session/9c0ff67f-6efc-443b-a62f-dce2bca5d56b/element/00000000-0000-0042-0000-006300000004/text] to [GET http://127.0.0.1:8200/session/2fea60ff-cc1e-449a-891a-56c913714252/element/00000000-0000-0042-0000-006300000004/text] with no body
&amp#27;[38;5;32m[AndroidUiautomator2Driver@e3cd (9c0ff67f)]&amp#27;[0m Got response with status 200: {"sessionId":"2fea60ff-cc1e-449a-891a-56c913714252","value":"89 %"}
&amp#27;[38;5;32m[AndroidUiautomator2Driver@e3cd (9c0ff67f)]&amp#27;[0m Replacing sessionId 2fea60ff-cc1e-449a-891a-56c913714252 with 9c0ff67f-6efc-443b-a62f-dce2bca5d56b
&amp#27;[38;5;0m[HTTP]&amp#27;[0m &amp#27;[37m<-- GET /session/9c0ff67f-6efc-443b-a62f-dce2bca5d56b/element/00000000-0000-0042-0000-006300000004/text &amp#27;[39m&amp#27;[32m200&amp#27;[39m &amp#27;[90m10 ms - 67&amp#27;[39m
&amp#27;[38;5;0m[HTTP]&amp#27;[0m &amp#27;[90m&amp#27;[39m
&amp#27;[38;5;0m[HTTP]&amp#27;[0m &amp#27;[37m-->&amp#27;[39m &amp#27;[37mGET&amp#27;[39m &amp#27;[37m/session/9c0ff67f-6efc-443b-a62f-dce2bca5d56b/element/00000000-0000-0042-0000-006500000004/text&amp#27;[39m
&amp#27;[38;5;0m[HTTP]&amp#27;[0m &amp#27;[90m{}&amp#27;[39m
&amp#27;[38;5;32m[AndroidUiautomator2Driver@e3cd (9c0ff67f)]&amp#27;[0m Driver proxy active, passing request on via HTTP proxy
&amp#27;[38;5;32m[AndroidUiautomator2Driver@e3cd (9c0ff67f)]&amp#27;[0m Matched '/session/9c0ff67f-6efc-443b-a62f-dce2bca5d56b/element/00000000-0000-0042-0000-006500000004/text' to command name 'getText'
&amp#27;[38;5;32m[AndroidUiautomator2Driver@e3cd (9c0ff67f)]&amp#27;[0m Proxying [GET /session/9c0ff67f-6efc-443b-a62f-dce2bca5d56b/element/00000000-0000-0042-0000-006500000004/text] to [GET http://127.0.0.1:8200/session/2fea60ff-cc1e-449a-891a-56c913714252/element/00000000-0000-0042-0000-006500000004/text] with no body
&amp#27;[38;5;32m[AndroidUiautomator2Driver@e3cd (9c0ff67f)]&amp#27;[0m Got response with status 200: {"sessionId":"2fea60ff-cc1e-449a-891a-56c913714252","value":"9 Â°C"}
&amp#27;[38;5;32m[AndroidUiautomator2Driver@e3cd (9c0ff67f)]&amp#27;[0m Replacing sessionId 2fea60ff-cc1e-449a-891a-56c913714252 with 9c0ff67f-6efc-443b-a62f-dce2bca5d56b
&amp#27;[38;5;0m[HTTP]&amp#27;[0m &amp#27;[37m<-- GET /session/9c0ff67f-6efc-443b-a62f-dce2bca5d56b/element/00000000-0000-0042-0000-006500000004/text &amp#27;[39m&amp#27;[32m200&amp#27;[39m &amp#27;[90m10 ms - 68&amp#27;[39m
&amp#27;[38;5;0m[HTTP]&amp#27;[0m &amp#27;[90m&amp#27;[39m
&amp#27;[38;5;0m[HTTP]&amp#27;[0m &amp#27;[37m-->&amp#27;[39m &amp#27;[37mGET&amp#27;[39m &amp#27;[37m/session/9c0ff67f-6efc-443b-a62f-dce2bca5d56b/element/00000000-0000-0042-0000-006700000004/text&amp#27;[39m
&amp#27;[38;5;0m[HTTP]&amp#27;[0m &amp#27;[90m{}&amp#27;[39m
&amp#27;[38;5;32m[AndroidUiautomator2Driver@e3cd (9c0ff67f)]&amp#27;[0m Driver proxy active, passing request on via HTTP proxy
&amp#27;[38;5;32m[AndroidUiautomator2Driver@e3cd (9c0ff67f)]&amp#27;[0m Matched '/session/9c0ff67f-6efc-443b-a62f-dce2bca5d56b/element/00000000-0000-0042-0000-006700000004/text' to command name 'getText'
&amp#27;[38;5;32m[AndroidUiautomator2Driver@e3cd (9c0ff67f)]&amp#27;[0m Proxying [GET /session/9c0ff67f-6efc-443b-a62f-dce2bca5d56b/element/00000000-0000-0042-0000-006700000004/text] to [GET http://127.0.0.1:8200/session/2fea60ff-cc1e-449a-891a-56c913714252/element/00000000-0000-0042-0000-006700000004/text] with no body
&amp#27;[38;5;32m[AndroidUiautomator2Driver@e3cd (9c0ff67f)]&amp#27;[0m Got response with status 200: {"sessionId":"2fea60ff-cc1e-449a-891a-56c913714252","value":"21:00"}
&amp#27;[38;5;32m[AndroidUiautomator2Driver@e3cd (9c0ff67f)]&amp#27;[0m Replacing sessionId 2fea60ff-cc1e-449a-891a-56c913714252 with 9c0ff67f-6efc-443b-a62f-dce2bca5d56b
&amp#27;[38;5;0m[HTTP]&amp#27;[0m &amp#27;[37m<-- GET /session/9c0ff67f-6efc-443b-a62f-dce2bca5d56b/element/00000000-0000-0042-0000-006700000004/text &amp#27;[39m&amp#27;[32m200&amp#27;[39m &amp#27;[90m10 ms - 68&amp#27;[39m
&amp#27;[38;5;0m[HTTP]&amp#27;[0m &amp#27;[90m&amp#27;[39m
&amp#27;[38;5;0m[HTTP]&amp#27;[0m &amp#27;[37m-->&amp#27;[39m &amp#27;[37mGET&amp#27;[39m &amp#27;[37m/session/9c0ff67f-6efc-443b-a62f-dce2bca5d56b/element/00000000-0000-0042-0000-006900000004/text&amp#27;[39m
&amp#27;[38;5;0m[HTTP]&amp#27;[0m &amp#27;[90m{}&amp#27;[39m
&amp#27;[38;5;32m[AndroidUiautomator2Driver@e3cd (9c0ff67f)]&amp#27;[0m Driver proxy active, passing request on via HTTP proxy
&amp#27;[38;5;32m[AndroidUiautomator2Driver@e3cd (9c0ff67f)]&amp#27;[0m Matched '/session/9c0ff67f-6efc-443b-a62f-dce2bca5d56b/element/00000000-0000-0042-0000-006900000004/text' to command name 'getText'
&amp#27;[38;5;32m[AndroidUiautomator2Driver@e3cd (9c0ff67f)]&amp#27;[0m Proxying [GET /session/9c0ff67f-6efc-443b-a62f-dce2bca5d56b/element/00000000-0000-0042-0000-006900000004/text] to [GET http://127.0.0.1:8200/session/2fea60ff-cc1e-449a-891a-56c913714252/element/00000000-0000-0042-0000-006900000004/text] with no body
&amp#27;[38;5;32m[AndroidUiautomator2Driver@e3cd (9c0ff67f)]&amp#27;[0m Got response with status 200: {"sessionId":"2fea60ff-cc1e-449a-891a-56c913714252","value":"overcast clouds"}
&amp#27;[38;5;32m[AndroidUiautomator2Driver@e3cd (9c0ff67f)]&amp#27;[0m Replacing sessionId 2fea60ff-cc1e-449a-891a-56c913714252 with 9c0ff67f-6efc-443b-a62f-dce2bca5d56b
&amp#27;[38;5;0m[HTTP]&amp#27;[0m &amp#27;[37m<-- GET /session/9c0ff67f-6efc-443b-a62f-dce2bca5d56b/element/00000000-0000-0042-0000-006900000004/text &amp#27;[39m&amp#27;[32m200&amp#27;[39m &amp#27;[90m10 ms - 78&amp#27;[39m
&amp#27;[38;5;0m[HTTP]&amp#27;[0m &amp#27;[90m&amp#27;[39m
&amp#27;[38;5;0m[HTTP]&amp#27;[0m &amp#27;[37m-->&amp#27;[39m &amp#27;[37mGET&amp#27;[39m &amp#27;[37m/session/9c0ff67f-6efc-443b-a62f-dce2bca5d56b/element/00000000-0000-0042-0000-006b00000004/text&amp#27;[39m
&amp#27;[38;5;0m[HTTP]&amp#27;[0m &amp#27;[90m{}&amp#27;[39m
&amp#27;[38;5;32m[AndroidUiautomator2Driver@e3cd (9c0ff67f)]&amp#27;[0m Driver proxy active, passing request on via HTTP proxy
&amp#27;[38;5;32m[AndroidUiautomator2Driver@e3cd (9c0ff67f)]&amp#27;[0m Matched '/session/9c0ff67f-6efc-443b-a62f-dce2bca5d56b/element/00000000-0000-0042-0000-006b00000004/text' to command name 'getText'
&amp#27;[38;5;32m[AndroidUiautomator2Driver@e3cd (9c0ff67f)]&amp#27;[0m Proxying [GET /session/9c0ff67f-6efc-443b-a62f-dce2bca5d56b/element/00000000-0000-0042-0000-006b00000004/text] to [GET http://127.0.0.1:8200/session/2fea60ff-cc1e-449a-891a-56c913714252/element/00000000-0000-0042-0000-006b00000004/text] with no body
&amp#27;[38;5;32m[AndroidUiautomator2Driver@e3cd (9c0ff67f)]&amp#27;[0m Got response with status 200: {"sessionId":"2fea60ff-cc1e-449a-891a-56c913714252","value":"88 %"}
&amp#27;[38;5;32m[AndroidUiautomator2Driver@e3cd (9c0ff67f)]&amp#27;[0m Replacing sessionId 2fea60ff-cc1e-449a-891a-56c913714252 with 9c0ff67f-6efc-443b-a62f-dce2bca5d56b
&amp#27;[38;5;0m[HTTP]&amp#27;[0m &amp#27;[37m<-- GET /session/9c0ff67f-6efc-443b-a62f-dce2bca5d56b/element/00000000-0000-0042-0000-006b00000004/text &amp#27;[39m&amp#27;[32m200&amp#27;[39m &amp#27;[90m10 ms - 67&amp#27;[39m
&amp#27;[38;5;0m[HTTP]&amp#27;[0m &amp#27;[90m&amp#27;[39m
&amp#27;[38;5;0m[HTTP]&amp#27;[0m &amp#27;[37m-->&amp#27;[39m &amp#27;[37mGET&amp#27;[39m &amp#27;[37m/session/9c0ff67f-6efc-443b-a62f-dce2bca5d56b/element/00000000-0000-0042-0000-006d00000004/text&amp#27;[39m
&amp#27;[38;5;0m[HTTP]&amp#27;[0m &amp#27;[90m{}&amp#27;[39m
&amp#27;[38;5;32m[AndroidUiautomator2Driver@e3cd (9c0ff67f)]&amp#27;[0m Driver proxy active, passing request on via HTTP proxy
&amp#27;[38;5;32m[AndroidUiautomator2Driver@e3cd (9c0ff67f)]&amp#27;[0m Matched '/session/9c0ff67f-6efc-443b-a62f-dce2bca5d56b/element/00000000-0000-0042-0000-006d00000004/text' to command name 'getText'
&amp#27;[38;5;32m[AndroidUiautomator2Driver@e3cd (9c0ff67f)]&amp#27;[0m Proxying [GET /session/9c0ff67f-6efc-443b-a62f-dce2bca5d56b/element/00000000-0000-0042-0000-006d00000004/text] to [GET http://127.0.0.1:8200/session/2fea60ff-cc1e-449a-891a-56c913714252/element/00000000-0000-0042-0000-006d00000004/text] with no body
&amp#27;[38;5;32m[AndroidUiautomator2Driver@e3cd (9c0ff67f)]&amp#27;[0m Got response with status 200: {"sessionId":"2fea60ff-cc1e-449a-891a-56c913714252","value":"9 Â°C"}
&amp#27;[38;5;32m[AndroidUiautomator2Driver@e3cd (9c0ff67f)]&amp#27;[0m Replacing sessionId 2fea60ff-cc1e-449a-891a-56c913714252 with 9c0ff67f-6efc-443b-a62f-dce2bca5d56b
&amp#27;[38;5;0m[HTTP]&amp#27;[0m &amp#27;[37m<-- GET /session/9c0ff67f-6efc-443b-a62f-dce2bca5d56b/element/00000000-0000-0042-0000-006d00000004/text &amp#27;[39m&amp#27;[32m200&amp#27;[39m &amp#27;[90m10 ms - 68&amp#27;[39m
&amp#27;[38;5;0m[HTTP]&amp#27;[0m &amp#27;[90m&amp#27;[39m
&amp#27;[38;5;0m[HTTP]&amp#27;[0m &amp#27;[37m-->&amp#27;[39m &amp#27;[37mPOST&amp#27;[39m &amp#27;[37m/session/9c0ff67f-6efc-443b-a62f-dce2bca5d56b/execute/sync&amp#27;[39m
&amp#27;[38;5;0m[HTTP]&amp#27;[0m &amp#27;[90m{"script":"mobile: swipeGesture","args":[{"elementId":"00000000-0000-0042-0000-001d00000004","percent":0.4,"speed":320,"direction":"left"}]}&amp#27;[39m
&amp#27;[38;5;32m[AndroidUiautomator2Driver@e3cd (9c0ff67f)]&amp#27;[0m Calling AppiumDriver.execute() with args: ["mobile: swipeGesture",[{"elementId":"00000000-0000-0042-0000-001d00000004","percent":0.4,"speed":320,"direction":"left"}],"9c0ff67f-6efc-443b-a62f-dce2bca5d56b"]
&amp#27;[38;5;32m[AndroidUiautomator2Driver@e3cd (9c0ff67f)]&amp#27;[0m Executing method 'mobile: swipeGesture'
&amp#27;[38;5;32m[AndroidUiautomator2Driver@e3cd (9c0ff67f)]&amp#27;[0m Proxying [POST /appium/gestures/swipe] to [POST http://127.0.0.1:8200/session/2fea60ff-cc1e-449a-891a-56c913714252/appium/gestures/swipe] with body: {"origin":{"ELEMENT":"00000000-0000-0042-0000-001d00000004","element-6066-11e4-a52e-4f735466cecf":"00000000-0000-0042-0000-001d00000004"},"direction":"left","percent":0.4,"speed":320}
&amp#27;[38;5;32m[AndroidUiautomator2Driver@e3cd (9c0ff67f)]&amp#27;[0m Got response with status 200: {"sessionId":"2fea60ff-cc1e-449a-891a-56c913714252","value":null}
&amp#27;[38;5;32m[AndroidUiautomator2Driver@e3cd (9c0ff67f)]&amp#27;[0m Responding to client with driver.execute() result: null
&amp#27;[38;5;0m[HTTP]&amp#27;[0m &amp#27;[37m<-- POST /session/9c0ff67f-6efc-443b-a62f-dce2bca5d56b/execute/sync &amp#27;[39m&amp#27;[32m200&amp#27;[39m &amp#27;[90m1553 ms - 14&amp#27;[39m
&amp#27;[38;5;0m[HTTP]&amp#27;[0m &amp#27;[90m&amp#27;[39m
&amp#27;[38;5;0m[HTTP]&amp#27;[0m &amp#27;[37m-->&amp#27;[39m &amp#27;[37mPOST&amp#27;[39m &amp#27;[37m/session/9c0ff67f-6efc-443b-a62f-dce2bca5d56b/elements&amp#27;[39m
&amp#27;[38;5;0m[HTTP]&amp#27;[0m &amp#27;[90m{"using":"xpath","value":"//android.widget.HorizontalScrollView"}&amp#27;[39m
&amp#27;[38;5;32m[AndroidUiautomator2Driver@e3cd (9c0ff67f)]&amp#27;[0m Calling AppiumDriver.findElements() with args: ["xpath","//android.widget.HorizontalScrollView","9c0ff67f-6efc-443b-a62f-dce2bca5d56b"]
&amp#27;[38;5;32m[AndroidUiautomator2Driver@e3cd (9c0ff67f)]&amp#27;[0m Valid locator strategies for this request: xpath, id, class name, accessibility id, css selector, -android uiautomator
&amp#27;[38;5;32m[AndroidUiautomator2Driver@e3cd (9c0ff67f)]&amp#27;[0m Waiting up to 0 ms for condition
&amp#27;[38;5;32m[AndroidUiautomator2Driver@e3cd (9c0ff67f)]&amp#27;[0m Matched '/elements' to command name 'findElements'
&amp#27;[38;5;32m[AndroidUiautomator2Driver@e3cd (9c0ff67f)]&amp#27;[0m Proxying [POST /elements] to [POST http://127.0.0.1:8200/session/2fea60ff-cc1e-449a-891a-56c913714252/elements] with body: {"strategy":"xpath","selector":"//android.widget.HorizontalScrollView","context":"","multiple":true}
&amp#27;[38;5;32m[AndroidUiautomator2Driver@e3cd (9c0ff67f)]&amp#27;[0m Got response with status 200: {"sessionId":"2fea60ff-cc1e-449a-891a-56c913714252","value":[{"ELEMENT":"00000000-0000-0042-0000-001d00000004","element-6066-11e4-a52e-4f735466cecf":"00000000-0000-0042-0000-001d00000004"},{"ELEMENT":"00000000-0000-0042-0000-001e00000004","element-6066-11e4-a52e-4f735466cecf":"00000000-0000-0042-0000-001e00000004"}]}
&amp#27;[38;5;32m[AndroidUiautomator2Driver@e3cd (9c0ff67f)]&amp#27;[0m Responding to client with driver.findElements() result: [{"element-6066-11e4-a52e-4f735466cecf":"00000000-0000-0042-0000-001d00000004","ELEMENT":"00000000-0000-0042-0000-001d00000004"},{"element-6066-11e4-a52e-4f735466cecf":"00000000-0000-0042-0000-001e00000004","ELEMENT":"00000000-0000-0042-0000-001e00000004"}]
&amp#27;[38;5;0m[HTTP]&amp#27;[0m &amp#27;[37m<-- POST /session/9c0ff67f-6efc-443b-a62f-dce2bca5d56b/elements &amp#27;[39m&amp#27;[32m200&amp#27;[39m &amp#27;[90m131 ms - 267&amp#27;[39m
&amp#27;[38;5;0m[HTTP]&amp#27;[0m &amp#27;[90m&amp#27;[39m
&amp#27;[38;5;0m[HTTP]&amp#27;[0m &amp#27;[37m-->&amp#27;[39m &amp#27;[37mPOST&amp#27;[39m &amp#27;[37m/session/9c0ff67f-6efc-443b-a62f-dce2bca5d56b/element/00000000-0000-0042-0000-001d00000004/elements&amp#27;[39m
&amp#27;[38;5;0m[HTTP]&amp#27;[0m &amp#27;[90m{"id":"00000000-0000-0042-0000-001d00000004","using":"xpath","value":"//android.view.View"}&amp#27;[39m
&amp#27;[38;5;32m[AndroidUiautomator2Driver@e3cd (9c0ff67f)]&amp#27;[0m Calling AppiumDriver.findElementsFromElement() with args: ["xpath","//android.view.View","00000000-0000-0042-0000-001d00000004","9c0ff67f-6efc-443b-a62f-dce2bca5d56b"]
&amp#27;[38;5;32m[AndroidUiautomator2Driver@e3cd (9c0ff67f)]&amp#27;[0m Valid locator strategies for this request: xpath, id, class name, accessibility id, css selector, -android uiautomator
&amp#27;[38;5;32m[AndroidUiautomator2Driver@e3cd (9c0ff67f)]&amp#27;[0m Waiting up to 0 ms for condition
&amp#27;[38;5;32m[AndroidUiautomator2Driver@e3cd (9c0ff67f)]&amp#27;[0m Matched '/elements' to command name 'findElements'
&amp#27;[38;5;32m[AndroidUiautomator2Driver@e3cd (9c0ff67f)]&amp#27;[0m Proxying [POST /elements] to [POST http://127.0.0.1:8200/session/2fea60ff-cc1e-449a-891a-56c913714252/elements] with body: {"strategy":"xpath","selector":"//android.view.View","context":"00000000-0000-0042-0000-001d00000004","multiple":true}
&amp#27;[38;5;32m[AndroidUiautomator2Driver@e3cd (9c0ff67f)]&amp#27;[0m Got response with status 200: {"sessionId":"2fea60ff-cc1e-449a-891a-56c913714252","value":[{"ELEMENT":"00000000-0000-0042-0000-003700000004","element-6066-11e4-a52e-4f735466cecf":"00000000-0000-0042-0000-003700000004"},{"ELEMENT":"00000000-0000-0042-0000-003900000004","element-6066-11e4-a52e-4f735466cecf":"00000000-0000-0042-0000-003900000004"},{"ELEMENT":"00000000-0000-0042-0000-003b00000004","element-6066-11e4-a52e-4f735466cecf":"00000000-0000-0042-0000-003b00000004"},{"ELEMENT":"00000000-0000-0042-0000-003d00000004","element-6066-11e4-a52e-4f735466cecf":"00000000-0000-0042-0000-003d00000004"},{"ELEMENT":"00000000-0000-0042-0000-005f00000004","element-6066-11e4-a52e-4f735466cecf":"00000000-0000-0042-0000-005f00000004"},{"ELEMENT":"00000000-0000-0042-0000-006100000004","element-6066-11e4-a52e-4f735466cecf":"00000000-0000-0042-0000-006100000004"},{"ELEMENT":"00000000-0000-0042-0000-006300000004","element-6066-11e4-a52e-4f735466cecf":"00000000-0000-0042-0000-006300000004"},{"ELEMENT":"00000000-0000-0042-0000-006500000004","element-6066-...
&amp#27;[38;5;32m[AndroidUiautomator2Driver@e3cd (9c0ff67f)]&amp#27;[0m Responding to client with driver.findElementsFromElement() result: [{"element-6066-11e4-a52e-4f735466cecf":"00000000-0000-0042-0000-003700000004","ELEMENT":"00000000-0000-0042-0000-003700000004"},{"element-6066-11e4-a52e-4f735466cecf":"00000000-0000-0042-0000-003900000004","ELEMENT":"00000000-0000-0042-0000-003900000004"},{"element-6066-11e4-a52e-4f735466cecf":"00000000-0000-0042-0000-003b00000004","ELEMENT":"00000000-0000-0042-0000-003b00000004"},{"element-6066-11e4-a52e-4f735466cecf":"00000000-0000-0042-0000-003d00000004","ELEMENT":"00000000-0000-0042-0000-003d00000004"},{"element-6066-11e4-a52e-4f735466cecf":"00000000-0000-0042-0000-005f00000004","ELEMENT":"00000000-0000-0042-0000-005f00000004"},{"element-6066-11e4-a52e-4f735466cecf":"00000000-0000-0042-0000-006100000004","ELEMENT":"00000000-0000-0042-0000-006100000004"},{"element-6066-11e4-a52e-4f735466cecf":"00000000-0000-0042-0000-006300000004","ELEMENT":"00000000-0000-0042-0000-006300000004"},{"element-6066-11e4-a52e-4f735466cecf":"00000000-0000-0042-0000-006500000004","ELEMENT":"00000000-0000-0042-0000-00650000000...
&amp#27;[38;5;0m[HTTP]&amp#27;[0m &amp#27;[37m<-- POST /session/9c0ff67f-6efc-443b-a62f-dce2bca5d56b/element/00000000-0000-0042-0000-001d00000004/elements &amp#27;[39m&amp#27;[32m200&amp#27;[39m &amp#27;[90m50 ms - 2059&amp#27;[39m
&amp#27;[38;5;0m[HTTP]&amp#27;[0m &amp#27;[90m&amp#27;[39m
&amp#27;[38;5;0m[HTTP]&amp#27;[0m &amp#27;[37m-->&amp#27;[39m &amp#27;[37mGET&amp#27;[39m &amp#27;[37m/session/9c0ff67f-6efc-443b-a62f-dce2bca5d56b/element/00000000-0000-0042-0000-003700000004/text&amp#27;[39m
&amp#27;[38;5;0m[HTTP]&amp#27;[0m &amp#27;[90m{}&amp#27;[39m
&amp#27;[38;5;32m[AndroidUiautomator2Driver@e3cd (9c0ff67f)]&amp#27;[0m Driver proxy active, passing request on via HTTP proxy
&amp#27;[38;5;32m[AndroidUiautomator2Driver@e3cd (9c0ff67f)]&amp#27;[0m Matched '/session/9c0ff67f-6efc-443b-a62f-dce2bca5d56b/element/00000000-0000-0042-0000-003700000004/text' to command name 'getText'
&amp#27;[38;5;32m[AndroidUiautomator2Driver@e3cd (9c0ff67f)]&amp#27;[0m Proxying [GET /session/9c0ff67f-6efc-443b-a62f-dce2bca5d56b/element/00000000-0000-0042-0000-003700000004/text] to [GET http://127.0.0.1:8200/session/2fea60ff-cc1e-449a-891a-56c913714252/element/00000000-0000-0042-0000-003700000004/text] with no body
&amp#27;[38;5;32m[AndroidUiautomator2Driver@e3cd (9c0ff67f)]&amp#27;[0m Got response with status 200: {"sessionId":"2fea60ff-cc1e-449a-891a-56c913714252","value":"19:00"}
&amp#27;[38;5;32m[AndroidUiautomator2Driver@e3cd (9c0ff67f)]&amp#27;[0m Replacing sessionId 2fea60ff-cc1e-449a-891a-56c913714252 with 9c0ff67f-6efc-443b-a62f-dce2bca5d56b
&amp#27;[38;5;0m[HTTP]&amp#27;[0m &amp#27;[37m<-- GET /session/9c0ff67f-6efc-443b-a62f-dce2bca5d56b/element/00000000-0000-0042-0000-003700000004/text &amp#27;[39m&amp#27;[32m200&amp#27;[39m &amp#27;[90m9 ms - 68&amp#27;[39m
&amp#27;[38;5;0m[HTTP]&amp#27;[0m &amp#27;[90m&amp#27;[39m
&amp#27;[38;5;0m[HTTP]&amp#27;[0m &amp#27;[37m-->&amp#27;[39m &amp#27;[37mGET&amp#27;[39m &amp#27;[37m/session/9c0ff67f-6efc-443b-a62f-dce2bca5d56b/element/00000000-0000-0042-0000-003900000004/text&amp#27;[39m
&amp#27;[38;5;0m[HTTP]&amp#27;[0m &amp#27;[90m{}&amp#27;[39m
&amp#27;[38;5;32m[AndroidUiautomator2Driver@e3cd (9c0ff67f)]&amp#27;[0m Driver proxy active, passing request on via HTTP proxy
&amp#27;[38;5;32m[AndroidUiautomator2Driver@e3cd (9c0ff67f)]&amp#27;[0m Matched '/session/9c0ff67f-6efc-443b-a62f-dce2bca5d56b/element/00000000-0000-0042-0000-003900000004/text' to command name 'getText'
&amp#27;[38;5;32m[AndroidUiautomator2Driver@e3cd (9c0ff67f)]&amp#27;[0m Proxying [GET /session/9c0ff67f-6efc-443b-a62f-dce2bca5d56b/element/00000000-0000-0042-0000-003900000004/text] to [GET http://127.0.0.1:8200/session/2fea60ff-cc1e-449a-891a-56c913714252/element/00000000-0000-0042-0000-003900000004/text] with no body
&amp#27;[38;5;32m[AndroidUiautomator2Driver@e3cd (9c0ff67f)]&amp#27;[0m Got response with status 200: {"sessionId":"2fea60ff-cc1e-449a-891a-56c913714252","value":"overcast clouds"}
&amp#27;[38;5;32m[AndroidUiautomator2Driver@e3cd (9c0ff67f)]&amp#27;[0m Replacing sessionId 2fea60ff-cc1e-449a-891a-56c913714252 with 9c0ff67f-6efc-443b-a62f-dce2bca5d56b
&amp#27;[38;5;0m[HTTP]&amp#27;[0m &amp#27;[37m<-- GET /session/9c0ff67f-6efc-443b-a62f-dce2bca5d56b/element/00000000-0000-0042-0000-003900000004/text &amp#27;[39m&amp#27;[32m200&amp#27;[39m &amp#27;[90m10 ms - 78&amp#27;[39m
&amp#27;[38;5;0m[HTTP]&amp#27;[0m &amp#27;[90m&amp#27;[39m
&amp#27;[38;5;0m[HTTP]&amp#27;[0m &amp#27;[37m-->&amp#27;[39m &amp#27;[37mGET&amp#27;[39m &amp#27;[37m/session/9c0ff67f-6efc-443b-a62f-dce2bca5d56b/element/00000000-0000-0042-0000-003b00000004/text&amp#27;[39m
&amp#27;[38;5;0m[HTTP]&amp#27;[0m &amp#27;[90m{}&amp#27;[39m
&amp#27;[38;5;32m[AndroidUiautomator2Driver@e3cd (9c0ff67f)]&amp#27;[0m Driver proxy active, passing request on via HTTP proxy
&amp#27;[38;5;32m[AndroidUiautomator2Driver@e3cd (9c0ff67f)]&amp#27;[0m Matched '/session/9c0ff67f-6efc-443b-a62f-dce2bca5d56b/element/00000000-0000-0042-0000-003b00000004/text' to command name 'getText'
&amp#27;[38;5;32m[AndroidUiautomator2Driver@e3cd (9c0ff67f)]&amp#27;[0m Proxying [GET /session/9c0ff67f-6efc-443b-a62f-dce2bca5d56b/element/00000000-0000-0042-0000-003b00000004/text] to [GET http://127.0.0.1:8200/session/2fea60ff-cc1e-449a-891a-56c913714252/element/00000000-0000-0042-0000-003b00000004/text] with no body
&amp#27;[38;5;32m[AndroidUiautomator2Driver@e3cd (9c0ff67f)]&amp#27;[0m Got response with status 200: {"sessionId":"2fea60ff-cc1e-449a-891a-56c913714252","value":"90 %"}
&amp#27;[38;5;32m[AndroidUiautomator2Driver@e3cd (9c0ff67f)]&amp#27;[0m Replacing sessionId 2fea60ff-cc1e-449a-891a-56c913714252 with 9c0ff67f-6efc-443b-a62f-dce2bca5d56b
&amp#27;[38;5;0m[HTTP]&amp#27;[0m &amp#27;[37m<-- GET /session/9c0ff67f-6efc-443b-a62f-dce2bca5d56b/element/00000000-0000-0042-0000-003b00000004/text &amp#27;[39m&amp#27;[32m200&amp#27;[39m &amp#27;[90m9 ms - 67&amp#27;[39m
&amp#27;[38;5;0m[HTTP]&amp#27;[0m &amp#27;[90m&amp#27;[39m
&amp#27;[38;5;0m[HTTP]&amp#27;[0m &amp#27;[37m-->&amp#27;[39m &amp#27;[37mGET&amp#27;[39m &amp#27;[37m/session/9c0ff67f-6efc-443b-a62f-dce2bca5d56b/element/00000000-0000-0042-0000-003d00000004/text&amp#27;[39m
&amp#27;[38;5;0m[HTTP]&amp#27;[0m &amp#27;[90m{}&amp#27;[39m
&amp#27;[38;5;32m[AndroidUiautomator2Driver@e3cd (9c0ff67f)]&amp#27;[0m Driver proxy active, passing request on via HTTP proxy
&amp#27;[38;5;32m[AndroidUiautomator2Driver@e3cd (9c0ff67f)]&amp#27;[0m Matched '/session/9c0ff67f-6efc-443b-a62f-dce2bca5d56b/element/00000000-0000-0042-0000-003d00000004/text' to command name 'getText'
&amp#27;[38;5;32m[AndroidUiautomator2Driver@e3cd (9c0ff67f)]&amp#27;[0m Proxying [GET /session/9c0ff67f-6efc-443b-a62f-dce2bca5d56b/element/00000000-0000-0042-0000-003d00000004/text] to [GET http://127.0.0.1:8200/session/2fea60ff-cc1e-449a-891a-56c913714252/element/00000000-0000-0042-0000-003d00000004/text] with no body
&amp#27;[38;5;32m[AndroidUiautomator2Driver@e3cd (9c0ff67f)]&amp#27;[0m Got response with status 200: {"sessionId":"2fea60ff-cc1e-449a-891a-56c913714252","value":"9 Â°C"}
&amp#27;[38;5;32m[AndroidUiautomator2Driver@e3cd (9c0ff67f)]&amp#27;[0m Replacing sessionId 2fea60ff-cc1e-449a-891a-56c913714252 with 9c0ff67f-6efc-443b-a62f-dce2bca5d56b
&amp#27;[38;5;0m[HTTP]&amp#27;[0m &amp#27;[37m<-- GET /session/9c0ff67f-6efc-443b-a62f-dce2bca5d56b/element/00000000-0000-0042-0000-003d00000004/text &amp#27;[39m&amp#27;[32m200&amp#27;[39m &amp#27;[90m10 ms - 68&amp#27;[39m
&amp#27;[38;5;0m[HTTP]&amp#27;[0m &amp#27;[90m&amp#27;[39m
&amp#27;[38;5;0m[HTTP]&amp#27;[0m &amp#27;[37m-->&amp#27;[39m &amp#27;[37mGET&amp#27;[39m &amp#27;[37m/session/9c0ff67f-6efc-443b-a62f-dce2bca5d56b/element/00000000-0000-0042-0000-005f00000004/text&amp#27;[39m
&amp#27;[38;5;0m[HTTP]&amp#27;[0m &amp#27;[90m{}&amp#27;[39m
&amp#27;[38;5;32m[AndroidUiautomator2Driver@e3cd (9c0ff67f)]&amp#27;[0m Driver proxy active, passing request on via HTTP proxy
&amp#27;[38;5;32m[AndroidUiautomator2Driver@e3cd (9c0ff67f)]&amp#27;[0m Matched '/session/9c0ff67f-6efc-443b-a62f-dce2bca5d56b/element/00000000-0000-0042-0000-005f00000004/text' to command name 'getText'
&amp#27;[38;5;32m[AndroidUiautomator2Driver@e3cd (9c0ff67f)]&amp#27;[0m Proxying [GET /session/9c0ff67f-6efc-443b-a62f-dce2bca5d56b/element/00000000-0000-0042-0000-005f00000004/text] to [GET http://127.0.0.1:8200/session/2fea60ff-cc1e-449a-891a-56c913714252/element/00000000-0000-0042-0000-005f00000004/text] with no body
&amp#27;[38;5;32m[AndroidUiautomator2Driver@e3cd (9c0ff67f)]&amp#27;[0m Got response with status 200: {"sessionId":"2fea60ff-cc1e-449a-891a-56c913714252","value":"20:00"}
&amp#27;[38;5;32m[AndroidUiautomator2Driver@e3cd (9c0ff67f)]&amp#27;[0m Replacing sessionId 2fea60ff-cc1e-449a-891a-56c913714252 with 9c0ff67f-6efc-443b-a62f-dce2bca5d56b
&amp#27;[38;5;0m[HTTP]&amp#27;[0m &amp#27;[37m<-- GET /session/9c0ff67f-6efc-443b-a62f-dce2bca5d56b/element/00000000-0000-0042-0000-005f00000004/text &amp#27;[39m&amp#27;[32m200&amp#27;[39m &amp#27;[90m10 ms - 68&amp#27;[39m
&amp#27;[38;5;0m[HTTP]&amp#27;[0m &amp#27;[90m&amp#27;[39m
&amp#27;[38;5;0m[HTTP]&amp#27;[0m &amp#27;[37m-->&amp#27;[39m &amp#27;[37mGET&amp#27;[39m &amp#27;[37m/session/9c0ff67f-6efc-443b-a62f-dce2bca5d56b/element/00000000-0000-0042-0000-006100000004/text&amp#27;[39m
&amp#27;[38;5;0m[HTTP]&amp#27;[0m &amp#27;[90m{}&amp#27;[39m
&amp#27;[38;5;32m[AndroidUiautomator2Driver@e3cd (9c0ff67f)]&amp#27;[0m Driver proxy active, passing request on via HTTP proxy
&amp#27;[38;5;32m[AndroidUiautomator2Driver@e3cd (9c0ff67f)]&amp#27;[0m Matched '/session/9c0ff67f-6efc-443b-a62f-dce2bca5d56b/element/00000000-0000-0042-0000-006100000004/text' to command name 'getText'
&amp#27;[38;5;32m[AndroidUiautomator2Driver@e3cd (9c0ff67f)]&amp#27;[0m Proxying [GET /session/9c0ff67f-6efc-443b-a62f-dce2bca5d56b/element/00000000-0000-0042-0000-006100000004/text] to [GET http://127.0.0.1:8200/session/2fea60ff-cc1e-449a-891a-56c913714252/element/00000000-0000-0042-0000-006100000004/text] with no body
&amp#27;[38;5;32m[AndroidUiautomator2Driver@e3cd (9c0ff67f)]&amp#27;[0m Got response with status 200: {"sessionId":"2fea60ff-cc1e-449a-891a-56c913714252","value":"overcast clouds"}
&amp#27;[38;5;32m[AndroidUiautomator2Driver@e3cd (9c0ff67f)]&amp#27;[0m Replacing sessionId 2fea60ff-cc1e-449a-891a-56c913714252 with 9c0ff67f-6efc-443b-a62f-dce2bca5d56b
&amp#27;[38;5;0m[HTTP]&amp#27;[0m &amp#27;[37m<-- GET /session/9c0ff67f-6efc-443b-a62f-dce2bca5d56b/element/00000000-0000-0042-0000-006100000004/text &amp#27;[39m&amp#27;[32m200&amp#27;[39m &amp#27;[90m11 ms - 78&amp#27;[39m
&amp#27;[38;5;0m[HTTP]&amp#27;[0m &amp#27;[90m&amp#27;[39m
&amp#27;[38;5;0m[HTTP]&amp#27;[0m &amp#27;[37m-->&amp#27;[39m &amp#27;[37mGET&amp#27;[39m &amp#27;[37m/session/9c0ff67f-6efc-443b-a62f-dce2bca5d56b/element/00000000-0000-0042-0000-006300000004/text&amp#27;[39m
&amp#27;[38;5;0m[HTTP]&amp#27;[0m &amp#27;[90m{}&amp#27;[39m
&amp#27;[38;5;32m[AndroidUiautomator2Driver@e3cd (9c0ff67f)]&amp#27;[0m Driver proxy active, passing request on via HTTP proxy
&amp#27;[38;5;32m[AndroidUiautomator2Driver@e3cd (9c0ff67f)]&amp#27;[0m Matched '/session/9c0ff67f-6efc-443b-a62f-dce2bca5d56b/element/00000000-0000-0042-0000-006300000004/text' to command name 'getText'
&amp#27;[38;5;32m[AndroidUiautomator2Driver@e3cd (9c0ff67f)]&amp#27;[0m Proxying [GET /session/9c0ff67f-6efc-443b-a62f-dce2bca5d56b/element/00000000-0000-0042-0000-006300000004/text] to [GET http://127.0.0.1:8200/session/2fea60ff-cc1e-449a-891a-56c913714252/element/00000000-0000-0042-0000-006300000004/text] with no body
&amp#27;[38;5;32m[AndroidUiautomator2Driver@e3cd (9c0ff67f)]&amp#27;[0m Got response with status 200: {"sessionId":"2fea60ff-cc1e-449a-891a-56c913714252","value":"89 %"}
&amp#27;[38;5;32m[AndroidUiautomator2Driver@e3cd (9c0ff67f)]&amp#27;[0m Replacing sessionId 2fea60ff-cc1e-449a-891a-56c913714252 with 9c0ff67f-6efc-443b-a62f-dce2bca5d56b
&amp#27;[38;5;0m[HTTP]&amp#27;[0m &amp#27;[37m<-- GET /session/9c0ff67f-6efc-443b-a62f-dce2bca5d56b/element/00000000-0000-0042-0000-006300000004/text &amp#27;[39m&amp#27;[32m200&amp#27;[39m &amp#27;[90m10 ms - 67&amp#27;[39m
&amp#27;[38;5;0m[HTTP]&amp#27;[0m &amp#27;[90m&amp#27;[39m
&amp#27;[38;5;0m[HTTP]&amp#27;[0m &amp#27;[37m-->&amp#27;[39m &amp#27;[37mGET&amp#27;[39m &amp#27;[37m/session/9c0ff67f-6efc-443b-a62f-dce2bca5d56b/element/00000000-0000-0042-0000-006500000004/text&amp#27;[39m
&amp#27;[38;5;0m[HTTP]&amp#27;[0m &amp#27;[90m{}&amp#27;[39m
&amp#27;[38;5;32m[AndroidUiautomator2Driver@e3cd (9c0ff67f)]&amp#27;[0m Driver proxy active, passing request on via HTTP proxy
&amp#27;[38;5;32m[AndroidUiautomator2Driver@e3cd (9c0ff67f)]&amp#27;[0m Matched '/session/9c0ff67f-6efc-443b-a62f-dce2bca5d56b/element/00000000-0000-0042-0000-006500000004/text' to command name 'getText'
&amp#27;[38;5;32m[AndroidUiautomator2Driver@e3cd (9c0ff67f)]&amp#27;[0m Proxying [GET /session/9c0ff67f-6efc-443b-a62f-dce2bca5d56b/element/00000000-0000-0042-0000-006500000004/text] to [GET http://127.0.0.1:8200/session/2fea60ff-cc1e-449a-891a-56c913714252/element/00000000-0000-0042-0000-006500000004/text] with no body
&amp#27;[38;5;32m[AndroidUiautomator2Driver@e3cd (9c0ff67f)]&amp#27;[0m Got response with status 200: {"sessionId":"2fea60ff-cc1e-449a-891a-56c913714252","value":"9 Â°C"}
&amp#27;[38;5;32m[AndroidUiautomator2Driver@e3cd (9c0ff67f)]&amp#27;[0m Replacing sessionId 2fea60ff-cc1e-449a-891a-56c913714252 with 9c0ff67f-6efc-443b-a62f-dce2bca5d56b
&amp#27;[38;5;0m[HTTP]&amp#27;[0m &amp#27;[37m<-- GET /session/9c0ff67f-6efc-443b-a62f-dce2bca5d56b/element/00000000-0000-0042-0000-006500000004/text &amp#27;[39m&amp#27;[32m200&amp#27;[39m &amp#27;[90m10 ms - 68&amp#27;[39m
&amp#27;[38;5;0m[HTTP]&amp#27;[0m &amp#27;[90m&amp#27;[39m
&amp#27;[38;5;0m[HTTP]&amp#27;[0m &amp#27;[37m-->&amp#27;[39m &amp#27;[37mGET&amp#27;[39m &amp#27;[37m/session/9c0ff67f-6efc-443b-a62f-dce2bca5d56b/element/00000000-0000-0042-0000-006700000004/text&amp#27;[39m
&amp#27;[38;5;0m[HTTP]&amp#27;[0m &amp#27;[90m{}&amp#27;[39m
&amp#27;[38;5;32m[AndroidUiautomator2Driver@e3cd (9c0ff67f)]&amp#27;[0m Driver proxy active, passing request on via HTTP proxy
&amp#27;[38;5;32m[AndroidUiautomator2Driver@e3cd (9c0ff67f)]&amp#27;[0m Matched '/session/9c0ff67f-6efc-443b-a62f-dce2bca5d56b/element/00000000-0000-0042-0000-006700000004/text' to command name 'getText'
&amp#27;[38;5;32m[AndroidUiautomator2Driver@e3cd (9c0ff67f)]&amp#27;[0m Proxying [GET /session/9c0ff67f-6efc-443b-a62f-dce2bca5d56b/element/00000000-0000-0042-0000-006700000004/text] to [GET http://127.0.0.1:8200/session/2fea60ff-cc1e-449a-891a-56c913714252/element/00000000-0000-0042-0000-006700000004/text] with no body
&amp#27;[38;5;32m[AndroidUiautomator2Driver@e3cd (9c0ff67f)]&amp#27;[0m Got response with status 200: {"sessionId":"2fea60ff-cc1e-449a-891a-56c913714252","value":"21:00"}
&amp#27;[38;5;32m[AndroidUiautomator2Driver@e3cd (9c0ff67f)]&amp#27;[0m Replacing sessionId 2fea60ff-cc1e-449a-891a-56c913714252 with 9c0ff67f-6efc-443b-a62f-dce2bca5d56b
&amp#27;[38;5;0m[HTTP]&amp#27;[0m &amp#27;[37m<-- GET /session/9c0ff67f-6efc-443b-a62f-dce2bca5d56b/element/00000000-0000-0042-0000-006700000004/text &amp#27;[39m&amp#27;[32m200&amp#27;[39m &amp#27;[90m10 ms - 68&amp#27;[39m
&amp#27;[38;5;0m[HTTP]&amp#27;[0m &amp#27;[90m&amp#27;[39m
&amp#27;[38;5;0m[HTTP]&amp#27;[0m &amp#27;[37m-->&amp#27;[39m &amp#27;[37mGET&amp#27;[39m &amp#27;[37m/session/9c0ff67f-6efc-443b-a62f-dce2bca5d56b/element/00000000-0000-0042-0000-006900000004/text&amp#27;[39m
&amp#27;[38;5;0m[HTTP]&amp#27;[0m &amp#27;[90m{}&amp#27;[39m
&amp#27;[38;5;32m[AndroidUiautomator2Driver@e3cd (9c0ff67f)]&amp#27;[0m Driver proxy active, passing request on via HTTP proxy
&amp#27;[38;5;32m[AndroidUiautomator2Driver@e3cd (9c0ff67f)]&amp#27;[0m Matched '/session/9c0ff67f-6efc-443b-a62f-dce2bca5d56b/element/00000000-0000-0042-0000-006900000004/text' to command name 'getText'
&amp#27;[38;5;32m[AndroidUiautomator2Driver@e3cd (9c0ff67f)]&amp#27;[0m Proxying [GET /session/9c0ff67f-6efc-443b-a62f-dce2bca5d56b/element/00000000-0000-0042-0000-006900000004/text] to [GET http://127.0.0.1:8200/session/2fea60ff-cc1e-449a-891a-56c913714252/element/00000000-0000-0042-0000-006900000004/text] with no body
&amp#27;[38;5;32m[AndroidUiautomator2Driver@e3cd (9c0ff67f)]&amp#27;[0m Got response with status 200: {"sessionId":"2fea60ff-cc1e-449a-891a-56c913714252","value":"overcast clouds"}
&amp#27;[38;5;32m[AndroidUiautomator2Driver@e3cd (9c0ff67f)]&amp#27;[0m Replacing sessionId 2fea60ff-cc1e-449a-891a-56c913714252 with 9c0ff67f-6efc-443b-a62f-dce2bca5d56b
&amp#27;[38;5;0m[HTTP]&amp#27;[0m &amp#27;[37m<-- GET /session/9c0ff67f-6efc-443b-a62f-dce2bca5d56b/element/00000000-0000-0042-0000-006900000004/text &amp#27;[39m&amp#27;[32m200&amp#27;[39m &amp#27;[90m10 ms - 78&amp#27;[39m
&amp#27;[38;5;0m[HTTP]&amp#27;[0m &amp#27;[90m&amp#27;[39m
&amp#27;[38;5;0m[HTTP]&amp#27;[0m &amp#27;[37m-->&amp#27;[39m &amp#27;[37mGET&amp#27;[39m &amp#27;[37m/session/9c0ff67f-6efc-443b-a62f-dce2bca5d56b/element/00000000-0000-0042-0000-006b00000004/text&amp#27;[39m
&amp#27;[38;5;0m[HTTP]&amp#27;[0m &amp#27;[90m{}&amp#27;[39m
&amp#27;[38;5;32m[AndroidUiautomator2Driver@e3cd (9c0ff67f)]&amp#27;[0m Driver proxy active, passing request on via HTTP proxy
&amp#27;[38;5;32m[AndroidUiautomator2Driver@e3cd (9c0ff67f)]&amp#27;[0m Matched '/session/9c0ff67f-6efc-443b-a62f-dce2bca5d56b/element/00000000-0000-0042-0000-006b00000004/text' to command name 'getText'
&amp#27;[38;5;32m[AndroidUiautomator2Driver@e3cd (9c0ff67f)]&amp#27;[0m Proxying [GET /session/9c0ff67f-6efc-443b-a62f-dce2bca5d56b/element/00000000-0000-0042-0000-006b00000004/text] to [GET http://127.0.0.1:8200/session/2fea60ff-cc1e-449a-891a-56c913714252/element/00000000-0000-0042-0000-006b00000004/text] with no body
&amp#27;[38;5;32m[AndroidUiautomator2Driver@e3cd (9c0ff67f)]&amp#27;[0m Got response with status 200: {"sessionId":"2fea60ff-cc1e-449a-891a-56c913714252","value":"88 %"}
&amp#27;[38;5;32m[AndroidUiautomator2Driver@e3cd (9c0ff67f)]&amp#27;[0m Replacing sessionId 2fea60ff-cc1e-449a-891a-56c913714252 with 9c0ff67f-6efc-443b-a62f-dce2bca5d56b
&amp#27;[38;5;0m[HTTP]&amp#27;[0m &amp#27;[37m<-- GET /session/9c0ff67f-6efc-443b-a62f-dce2bca5d56b/element/00000000-0000-0042-0000-006b00000004/text &amp#27;[39m&amp#27;[32m200&amp#27;[39m &amp#27;[90m10 ms - 67&amp#27;[39m
&amp#27;[38;5;0m[HTTP]&amp#27;[0m &amp#27;[90m&amp#27;[39m
&amp#27;[38;5;0m[HTTP]&amp#27;[0m &amp#27;[37m-->&amp#27;[39m &amp#27;[37mGET&amp#27;[39m &amp#27;[37m/session/9c0ff67f-6efc-443b-a62f-dce2bca5d56b/element/00000000-0000-0042-0000-006d00000004/text&amp#27;[39m
&amp#27;[38;5;0m[HTTP]&amp#27;[0m &amp#27;[90m{}&amp#27;[39m
&amp#27;[38;5;32m[AndroidUiautomator2Driver@e3cd (9c0ff67f)]&amp#27;[0m Driver proxy active, passing request on via HTTP proxy
&amp#27;[38;5;32m[AndroidUiautomator2Driver@e3cd (9c0ff67f)]&amp#27;[0m Matched '/session/9c0ff67f-6efc-443b-a62f-dce2bca5d56b/element/00000000-0000-0042-0000-006d00000004/text' to command name 'getText'
&amp#27;[38;5;32m[AndroidUiautomator2Driver@e3cd (9c0ff67f)]&amp#27;[0m Proxying [GET /session/9c0ff67f-6efc-443b-a62f-dce2bca5d56b/element/00000000-0000-0042-0000-006d00000004/text] to [GET http://127.0.0.1:8200/session/2fea60ff-cc1e-449a-891a-56c913714252/element/00000000-0000-0042-0000-006d00000004/text] with no body
&amp#27;[38;5;32m[AndroidUiautomator2Driver@e3cd (9c0ff67f)]&amp#27;[0m Got response with status 200: {"sessionId":"2fea60ff-cc1e-449a-891a-56c913714252","value":"9 Â°C"}
&amp#27;[38;5;32m[AndroidUiautomator2Driver@e3cd (9c0ff67f)]&amp#27;[0m Replacing sessionId 2fea60ff-cc1e-449a-891a-56c913714252 with 9c0ff67f-6efc-443b-a62f-dce2bca5d56b
&amp#27;[38;5;0m[HTTP]&amp#27;[0m &amp#27;[37m<-- GET /session/9c0ff67f-6efc-443b-a62f-dce2bca5d56b/element/00000000-0000-0042-0000-006d00000004/text &amp#27;[39m&amp#27;[32m200&amp#27;[39m &amp#27;[90m9 ms - 68&amp#27;[39m
&amp#27;[38;5;0m[HTTP]&amp#27;[0m &amp#27;[90m&amp#27;[39m
&amp#27;[38;5;0m[HTTP]&amp#27;[0m &amp#27;[37m-->&amp#27;[39m &amp#27;[37mGET&amp#27;[39m &amp#27;[37m/session/9c0ff67f-6efc-443b-a62f-dce2bca5d56b/element/00000000-0000-0042-0000-006f00000004/text&amp#27;[39m
&amp#27;[38;5;0m[HTTP]&amp#27;[0m &amp#27;[90m{}&amp#27;[39m
&amp#27;[38;5;32m[AndroidUiautomator2Driver@e3cd (9c0ff67f)]&amp#27;[0m Driver proxy active, passing request on via HTTP proxy
&amp#27;[38;5;32m[AndroidUiautomator2Driver@e3cd (9c0ff67f)]&amp#27;[0m Matched '/session/9c0ff67f-6efc-443b-a62f-dce2bca5d56b/element/00000000-0000-0042-0000-006f00000004/text' to command name 'getText'
&amp#27;[38;5;32m[AndroidUiautomator2Driver@e3cd (9c0ff67f)]&amp#27;[0m Proxying [GET /session/9c0ff67f-6efc-443b-a62f-dce2bca5d56b/element/00000000-0000-0042-0000-006f00000004/text] to [GET http://127.0.0.1:8200/session/2fea60ff-cc1e-449a-891a-56c913714252/element/00000000-0000-0042-0000-006f00000004/text] with no body
&amp#27;[38;5;32m[AndroidUiautomator2Driver@e3cd (9c0ff67f)]&amp#27;[0m Got response with status 200: {"sessionId":"2fea60ff-cc1e-449a-891a-56c913714252","value":"22:00"}
&amp#27;[38;5;32m[AndroidUiautomator2Driver@e3cd (9c0ff67f)]&amp#27;[0m Replacing sessionId 2fea60ff-cc1e-449a-891a-56c913714252 with 9c0ff67f-6efc-443b-a62f-dce2bca5d56b
&amp#27;[38;5;0m[HTTP]&amp#27;[0m &amp#27;[37m<-- GET /session/9c0ff67f-6efc-443b-a62f-dce2bca5d56b/element/00000000-0000-0042-0000-006f00000004/text &amp#27;[39m&amp#27;[32m200&amp#27;[39m &amp#27;[90m9 ms - 68&amp#27;[39m
&amp#27;[38;5;0m[HTTP]&amp#27;[0m &amp#27;[90m&amp#27;[39m
&amp#27;[38;5;0m[HTTP]&amp#27;[0m &amp#27;[37m-->&amp#27;[39m &amp#27;[37mGET&amp#27;[39m &amp#27;[37m/session/9c0ff67f-6efc-443b-a62f-dce2bca5d56b/element/00000000-0000-0042-0000-007100000004/text&amp#27;[39m
&amp#27;[38;5;0m[HTTP]&amp#27;[0m &amp#27;[90m{}&amp#27;[39m
&amp#27;[38;5;32m[AndroidUiautomator2Driver@e3cd (9c0ff67f)]&amp#27;[0m Driver proxy active, passing request on via HTTP proxy
&amp#27;[38;5;32m[AndroidUiautomator2Driver@e3cd (9c0ff67f)]&amp#27;[0m Matched '/session/9c0ff67f-6efc-443b-a62f-dce2bca5d56b/element/00000000-0000-0042-0000-007100000004/text' to command name 'getText'
&amp#27;[38;5;32m[AndroidUiautomator2Driver@e3cd (9c0ff67f)]&amp#27;[0m Proxying [GET /session/9c0ff67f-6efc-443b-a62f-dce2bca5d56b/element/00000000-0000-0042-0000-007100000004/text] to [GET http://127.0.0.1:8200/session/2fea60ff-cc1e-449a-891a-56c913714252/element/00000000-0000-0042-0000-007100000004/text] with no body
&amp#27;[38;5;32m[AndroidUiautomator2Driver@e3cd (9c0ff67f)]&amp#27;[0m Got response with status 200: {"sessionId":"2fea60ff-cc1e-449a-891a-56c913714252","value":"overcast clouds"}
&amp#27;[38;5;32m[AndroidUiautomator2Driver@e3cd (9c0ff67f)]&amp#27;[0m Replacing sessionId 2fea60ff-cc1e-449a-891a-56c913714252 with 9c0ff67f-6efc-443b-a62f-dce2bca5d56b
&amp#27;[38;5;0m[HTTP]&amp#27;[0m &amp#27;[37m<-- GET /session/9c0ff67f-6efc-443b-a62f-dce2bca5d56b/element/00000000-0000-0042-0000-007100000004/text &amp#27;[39m&amp#27;[32m200&amp#27;[39m &amp#27;[90m9 ms - 78&amp#27;[39m
&amp#27;[38;5;0m[HTTP]&amp#27;[0m &amp#27;[90m&amp#27;[39m
&amp#27;[38;5;0m[HTTP]&amp#27;[0m &amp#27;[37m-->&amp#27;[39m &amp#27;[37mGET&amp#27;[39m &amp#27;[37m/session/9c0ff67f-6efc-443b-a62f-dce2bca5d56b/element/00000000-0000-0042-0000-007300000004/text&amp#27;[39m
&amp#27;[38;5;0m[HTTP]&amp#27;[0m &amp#27;[90m{}&amp#27;[39m
&amp#27;[38;5;32m[AndroidUiautomator2Driver@e3cd (9c0ff67f)]&amp#27;[0m Driver proxy active, passing request on via HTTP proxy
&amp#27;[38;5;32m[AndroidUiautomator2Driver@e3cd (9c0ff67f)]&amp#27;[0m Matched '/session/9c0ff67f-6efc-443b-a62f-dce2bca5d56b/element/00000000-0000-0042-0000-007300000004/text' to command name 'getText'
&amp#27;[38;5;32m[AndroidUiautomator2Driver@e3cd (9c0ff67f)]&amp#27;[0m Proxying [GET /session/9c0ff67f-6efc-443b-a62f-dce2bca5d56b/element/00000000-0000-0042-0000-007300000004/text] to [GET http://127.0.0.1:8200/session/2fea60ff-cc1e-449a-891a-56c913714252/element/00000000-0000-0042-0000-007300000004/text] with no body
&amp#27;[38;5;32m[AndroidUiautomator2Driver@e3cd (9c0ff67f)]&amp#27;[0m Got response with status 200: {"sessionId":"2fea60ff-cc1e-449a-891a-56c913714252","value":"86 %"}
&amp#27;[38;5;32m[AndroidUiautomator2Driver@e3cd (9c0ff67f)]&amp#27;[0m Replacing sessionId 2fea60ff-cc1e-449a-891a-56c913714252 with 9c0ff67f-6efc-443b-a62f-dce2bca5d56b
&amp#27;[38;5;0m[HTTP]&amp#27;[0m &amp#27;[37m<-- GET /session/9c0ff67f-6efc-443b-a62f-dce2bca5d56b/element/00000000-0000-0042-0000-007300000004/text &amp#27;[39m&amp#27;[32m200&amp#27;[39m &amp#27;[90m9 ms - 67&amp#27;[39m
&amp#27;[38;5;0m[HTTP]&amp#27;[0m &amp#27;[90m&amp#27;[39m
&amp#27;[38;5;0m[HTTP]&amp#27;[0m &amp#27;[37m-->&amp#27;[39m &amp#27;[37mGET&amp#27;[39m &amp#27;[37m/session/9c0ff67f-6efc-443b-a62f-dce2bca5d56b/element/00000000-0000-0042-0000-007500000004/text&amp#27;[39m
&amp#27;[38;5;0m[HTTP]&amp#27;[0m &amp#27;[90m{}&amp#27;[39m
&amp#27;[38;5;32m[AndroidUiautomator2Driver@e3cd (9c0ff67f)]&amp#27;[0m Driver proxy active, passing request on via HTTP proxy
&amp#27;[38;5;32m[AndroidUiautomator2Driver@e3cd (9c0ff67f)]&amp#27;[0m Matched '/session/9c0ff67f-6efc-443b-a62f-dce2bca5d56b/element/00000000-0000-0042-0000-007500000004/text' to command name 'getText'
&amp#27;[38;5;32m[AndroidUiautomator2Driver@e3cd (9c0ff67f)]&amp#27;[0m Proxying [GET /session/9c0ff67f-6efc-443b-a62f-dce2bca5d56b/element/00000000-0000-0042-0000-007500000004/text] to [GET http://127.0.0.1:8200/session/2fea60ff-cc1e-449a-891a-56c913714252/element/00000000-0000-0042-0000-007500000004/text] with no body
&amp#27;[38;5;32m[AndroidUiautomator2Driver@e3cd (9c0ff67f)]&amp#27;[0m Got response with status 200: {"sessionId":"2fea60ff-cc1e-449a-891a-56c913714252","value":"9 Â°C"}
&amp#27;[38;5;32m[AndroidUiautomator2Driver@e3cd (9c0ff67f)]&amp#27;[0m Replacing sessionId 2fea60ff-cc1e-449a-891a-56c913714252 with 9c0ff67f-6efc-443b-a62f-dce2bca5d56b
&amp#27;[38;5;0m[HTTP]&amp#27;[0m &amp#27;[37m<-- GET /session/9c0ff67f-6efc-443b-a62f-dce2bca5d56b/element/00000000-0000-0042-0000-007500000004/text &amp#27;[39m&amp#27;[32m200&amp#27;[39m &amp#27;[90m9 ms - 68&amp#27;[39m
&amp#27;[38;5;0m[HTTP]&amp#27;[0m &amp#27;[90m&amp#27;[39m
&amp#27;[38;5;0m[HTTP]&amp#27;[0m &amp#27;[37m-->&amp#27;[39m &amp#27;[37mPOST&amp#27;[39m &amp#27;[37m/session/9c0ff67f-6efc-443b-a62f-dce2bca5d56b/execute/sync&amp#27;[39m
&amp#27;[38;5;0m[HTTP]&amp#27;[0m &amp#27;[90m{"script":"mobile: swipeGesture","args":[{"elementId":"00000000-0000-0042-0000-001d00000004","percent":0.4,"speed":320,"direction":"left"}]}&amp#27;[39m
&amp#27;[38;5;32m[AndroidUiautomator2Driver@e3cd (9c0ff67f)]&amp#27;[0m Calling AppiumDriver.execute() with args: ["mobile: swipeGesture",[{"elementId":"00000000-0000-0042-0000-001d00000004","percent":0.4,"speed":320,"direction":"left"}],"9c0ff67f-6efc-443b-a62f-dce2bca5d56b"]
&amp#27;[38;5;32m[AndroidUiautomator2Driver@e3cd (9c0ff67f)]&amp#27;[0m Executing method 'mobile: swipeGesture'
&amp#27;[38;5;32m[AndroidUiautomator2Driver@e3cd (9c0ff67f)]&amp#27;[0m Proxying [POST /appium/gestures/swipe] to [POST http://127.0.0.1:8200/session/2fea60ff-cc1e-449a-891a-56c913714252/appium/gestures/swipe] with body: {"origin":{"ELEMENT":"00000000-0000-0042-0000-001d00000004","element-6066-11e4-a52e-4f735466cecf":"00000000-0000-0042-0000-001d00000004"},"direction":"left","percent":0.4,"speed":320}
&amp#27;[38;5;32m[AndroidUiautomator2Driver@e3cd (9c0ff67f)]&amp#27;[0m Got response with status 200: {"sessionId":"2fea60ff-cc1e-449a-891a-56c913714252","value":null}
&amp#27;[38;5;32m[AndroidUiautomator2Driver@e3cd (9c0ff67f)]&amp#27;[0m Responding to client with driver.execute() result: null
&amp#27;[38;5;0m[HTTP]&amp#27;[0m &amp#27;[37m<-- POST /session/9c0ff67f-6efc-443b-a62f-dce2bca5d56b/execute/sync &amp#27;[39m&amp#27;[32m200&amp#27;[39m &amp#27;[90m1559 ms - 14&amp#27;[39m
&amp#27;[38;5;0m[HTTP]&amp#27;[0m &amp#27;[90m&amp#27;[39m
&amp#27;[38;5;0m[HTTP]&amp#27;[0m &amp#27;[37m-->&amp#27;[39m &amp#27;[37mPOST&amp#27;[39m &amp#27;[37m/session/9c0ff67f-6efc-443b-a62f-dce2bca5d56b/elements&amp#27;[39m
&amp#27;[38;5;0m[HTTP]&amp#27;[0m &amp#27;[90m{"using":"xpath","value":"//android.widget.HorizontalScrollView"}&amp#27;[39m
&amp#27;[38;5;32m[AndroidUiautomator2Driver@e3cd (9c0ff67f)]&amp#27;[0m Calling AppiumDriver.findElements() with args: ["xpath","//android.widget.HorizontalScrollView","9c0ff67f-6efc-443b-a62f-dce2bca5d56b"]
&amp#27;[38;5;32m[AndroidUiautomator2Driver@e3cd (9c0ff67f)]&amp#27;[0m Valid locator strategies for this request: xpath, id, class name, accessibility id, css selector, -android uiautomator
&amp#27;[38;5;32m[AndroidUiautomator2Driver@e3cd (9c0ff67f)]&amp#27;[0m Waiting up to 0 ms for condition
&amp#27;[38;5;32m[AndroidUiautomator2Driver@e3cd (9c0ff67f)]&amp#27;[0m Matched '/elements' to command name 'findElements'
&amp#27;[38;5;32m[AndroidUiautomator2Driver@e3cd (9c0ff67f)]&amp#27;[0m Proxying [POST /elements] to [POST http://127.0.0.1:8200/session/2fea60ff-cc1e-449a-891a-56c913714252/elements] with body: {"strategy":"xpath","selector":"//android.widget.HorizontalScrollView","context":"","multiple":true}
&amp#27;[38;5;32m[AndroidUiautomator2Driver@e3cd (9c0ff67f)]&amp#27;[0m Got response with status 200: {"sessionId":"2fea60ff-cc1e-449a-891a-56c913714252","value":[{"ELEMENT":"00000000-0000-0042-0000-001d00000004","element-6066-11e4-a52e-4f735466cecf":"00000000-0000-0042-0000-001d00000004"},{"ELEMENT":"00000000-0000-0042-0000-001e00000004","element-6066-11e4-a52e-4f735466cecf":"00000000-0000-0042-0000-001e00000004"}]}
&amp#27;[38;5;32m[AndroidUiautomator2Driver@e3cd (9c0ff67f)]&amp#27;[0m Responding to client with driver.findElements() result: [{"element-6066-11e4-a52e-4f735466cecf":"00000000-0000-0042-0000-001d00000004","ELEMENT":"00000000-0000-0042-0000-001d00000004"},{"element-6066-11e4-a52e-4f735466cecf":"00000000-0000-0042-0000-001e00000004","ELEMENT":"00000000-0000-0042-0000-001e00000004"}]
&amp#27;[38;5;0m[HTTP]&amp#27;[0m &amp#27;[37m<-- POST /session/9c0ff67f-6efc-443b-a62f-dce2bca5d56b/elements &amp#27;[39m&amp#27;[32m200&amp#27;[39m &amp#27;[90m133 ms - 267&amp#27;[39m
&amp#27;[38;5;0m[HTTP]&amp#27;[0m &amp#27;[90m&amp#27;[39m
&amp#27;[38;5;0m[HTTP]&amp#27;[0m &amp#27;[37m-->&amp#27;[39m &amp#27;[37mPOST&amp#27;[39m &amp#27;[37m/session/9c0ff67f-6efc-443b-a62f-dce2bca5d56b/element/00000000-0000-0042-0000-001d00000004/elements&amp#27;[39m
&amp#27;[38;5;0m[HTTP]&amp#27;[0m &amp#27;[90m{"id":"00000000-0000-0042-0000-001d00000004","using":"xpath","value":"//android.view.View"}&amp#27;[39m
&amp#27;[38;5;32m[AndroidUiautomator2Driver@e3cd (9c0ff67f)]&amp#27;[0m Calling AppiumDriver.findElementsFromElement() with args: ["xpath","//android.view.View","00000000-0000-0042-0000-001d00000004","9c0ff67f-6efc-443b-a62f-dce2bca5d56b"]
&amp#27;[38;5;32m[AndroidUiautomator2Driver@e3cd (9c0ff67f)]&amp#27;[0m Valid locator strategies for this request: xpath, id, class name, accessibility id, css selector, -android uiautomator
&amp#27;[38;5;32m[AndroidUiautomator2Driver@e3cd (9c0ff67f)]&amp#27;[0m Waiting up to 0 ms for condition
&amp#27;[38;5;32m[AndroidUiautomator2Driver@e3cd (9c0ff67f)]&amp#27;[0m Matched '/elements' to command name 'findElements'
&amp#27;[38;5;32m[AndroidUiautomator2Driver@e3cd (9c0ff67f)]&amp#27;[0m Proxying [POST /elements] to [POST http://127.0.0.1:8200/session/2fea60ff-cc1e-449a-891a-56c913714252/elements] with body: {"strategy":"xpath","selector":"//android.view.View","context":"00000000-0000-0042-0000-001d00000004","multiple":true}
&amp#27;[38;5;32m[AndroidUiautomator2Driver@e3cd (9c0ff67f)]&amp#27;[0m Got response with status 200: {"sessionId":"2fea60ff-cc1e-449a-891a-56c913714252","value":[{"ELEMENT":"00000000-0000-0042-0000-005f00000004","element-6066-11e4-a52e-4f735466cecf":"00000000-0000-0042-0000-005f00000004"},{"ELEMENT":"00000000-0000-0042-0000-006100000004","element-6066-11e4-a52e-4f735466cecf":"00000000-0000-0042-0000-006100000004"},{"ELEMENT":"00000000-0000-0042-0000-006300000004","element-6066-11e4-a52e-4f735466cecf":"00000000-0000-0042-0000-006300000004"},{"ELEMENT":"00000000-0000-0042-0000-006500000004","element-6066-11e4-a52e-4f735466cecf":"00000000-0000-0042-0000-006500000004"},{"ELEMENT":"00000000-0000-0042-0000-006700000004","element-6066-11e4-a52e-4f735466cecf":"00000000-0000-0042-0000-006700000004"},{"ELEMENT":"00000000-0000-0042-0000-006900000004","element-6066-11e4-a52e-4f735466cecf":"00000000-0000-0042-0000-006900000004"},{"ELEMENT":"00000000-0000-0042-0000-006b00000004","element-6066-11e4-a52e-4f735466cecf":"00000000-0000-0042-0000-006b00000004"},{"ELEMENT":"00000000-0000-0042-0000-006d00000004","element-6066-...
&amp#27;[38;5;32m[AndroidUiautomator2Driver@e3cd (9c0ff67f)]&amp#27;[0m Responding to client with driver.findElementsFromElement() result: [{"element-6066-11e4-a52e-4f735466cecf":"00000000-0000-0042-0000-005f00000004","ELEMENT":"00000000-0000-0042-0000-005f00000004"},{"element-6066-11e4-a52e-4f735466cecf":"00000000-0000-0042-0000-006100000004","ELEMENT":"00000000-0000-0042-0000-006100000004"},{"element-6066-11e4-a52e-4f735466cecf":"00000000-0000-0042-0000-006300000004","ELEMENT":"00000000-0000-0042-0000-006300000004"},{"element-6066-11e4-a52e-4f735466cecf":"00000000-0000-0042-0000-006500000004","ELEMENT":"00000000-0000-0042-0000-006500000004"},{"element-6066-11e4-a52e-4f735466cecf":"00000000-0000-0042-0000-006700000004","ELEMENT":"00000000-0000-0042-0000-006700000004"},{"element-6066-11e4-a52e-4f735466cecf":"00000000-0000-0042-0000-006900000004","ELEMENT":"00000000-0000-0042-0000-006900000004"},{"element-6066-11e4-a52e-4f735466cecf":"00000000-0000-0042-0000-006b00000004","ELEMENT":"00000000-0000-0042-0000-006b00000004"},{"element-6066-11e4-a52e-4f735466cecf":"00000000-0000-0042-0000-006d00000004","ELEMENT":"00000000-0000-0042-0000-006d0000000...
&amp#27;[38;5;0m[HTTP]&amp#27;[0m &amp#27;[37m<-- POST /session/9c0ff67f-6efc-443b-a62f-dce2bca5d56b/element/00000000-0000-0042-0000-001d00000004/elements &amp#27;[39m&amp#27;[32m200&amp#27;[39m &amp#27;[90m53 ms - 2059&amp#27;[39m
&amp#27;[38;5;0m[HTTP]&amp#27;[0m &amp#27;[90m&amp#27;[39m
&amp#27;[38;5;0m[HTTP]&amp#27;[0m &amp#27;[37m-->&amp#27;[39m &amp#27;[37mGET&amp#27;[39m &amp#27;[37m/session/9c0ff67f-6efc-443b-a62f-dce2bca5d56b/element/00000000-0000-0042-0000-005f00000004/text&amp#27;[39m
&amp#27;[38;5;0m[HTTP]&amp#27;[0m &amp#27;[90m{}&amp#27;[39m
&amp#27;[38;5;32m[AndroidUiautomator2Driver@e3cd (9c0ff67f)]&amp#27;[0m Driver proxy active, passing request on via HTTP proxy
&amp#27;[38;5;32m[AndroidUiautomator2Driver@e3cd (9c0ff67f)]&amp#27;[0m Matched '/session/9c0ff67f-6efc-443b-a62f-dce2bca5d56b/element/00000000-0000-0042-0000-005f00000004/text' to command name 'getText'
&amp#27;[38;5;32m[AndroidUiautomator2Driver@e3cd (9c0ff67f)]&amp#27;[0m Proxying [GET /session/9c0ff67f-6efc-443b-a62f-dce2bca5d56b/element/00000000-0000-0042-0000-005f00000004/text] to [GET http://127.0.0.1:8200/session/2fea60ff-cc1e-449a-891a-56c913714252/element/00000000-0000-0042-0000-005f00000004/text] with no body
&amp#27;[38;5;32m[AndroidUiautomator2Driver@e3cd (9c0ff67f)]&amp#27;[0m Got response with status 200: {"sessionId":"2fea60ff-cc1e-449a-891a-56c913714252","value":"20:00"}
&amp#27;[38;5;32m[AndroidUiautomator2Driver@e3cd (9c0ff67f)]&amp#27;[0m Replacing sessionId 2fea60ff-cc1e-449a-891a-56c913714252 with 9c0ff67f-6efc-443b-a62f-dce2bca5d56b
&amp#27;[38;5;0m[HTTP]&amp#27;[0m &amp#27;[37m<-- GET /session/9c0ff67f-6efc-443b-a62f-dce2bca5d56b/element/00000000-0000-0042-0000-005f00000004/text &amp#27;[39m&amp#27;[32m200&amp#27;[39m &amp#27;[90m10 ms - 68&amp#27;[39m
&amp#27;[38;5;0m[HTTP]&amp#27;[0m &amp#27;[90m&amp#27;[39m
&amp#27;[38;5;0m[HTTP]&amp#27;[0m &amp#27;[37m-->&amp#27;[39m &amp#27;[37mGET&amp#27;[39m &amp#27;[37m/session/9c0ff67f-6efc-443b-a62f-dce2bca5d56b/element/00000000-0000-0042-0000-006100000004/text&amp#27;[39m
&amp#27;[38;5;0m[HTTP]&amp#27;[0m &amp#27;[90m{}&amp#27;[39m
&amp#27;[38;5;32m[AndroidUiautomator2Driver@e3cd (9c0ff67f)]&amp#27;[0m Driver proxy active, passing request on via HTTP proxy
&amp#27;[38;5;32m[AndroidUiautomator2Driver@e3cd (9c0ff67f)]&amp#27;[0m Matched '/session/9c0ff67f-6efc-443b-a62f-dce2bca5d56b/element/00000000-0000-0042-0000-006100000004/text' to command name 'getText'
&amp#27;[38;5;32m[AndroidUiautomator2Driver@e3cd (9c0ff67f)]&amp#27;[0m Proxying [GET /session/9c0ff67f-6efc-443b-a62f-dce2bca5d56b/element/00000000-0000-0042-0000-006100000004/text] to [GET http://127.0.0.1:8200/session/2fea60ff-cc1e-449a-891a-56c913714252/element/00000000-0000-0042-0000-006100000004/text] with no body
&amp#27;[38;5;32m[AndroidUiautomator2Driver@e3cd (9c0ff67f)]&amp#27;[0m Got response with status 200: {"sessionId":"2fea60ff-cc1e-449a-891a-56c913714252","value":"overcast clouds"}
&amp#27;[38;5;32m[AndroidUiautomator2Driver@e3cd (9c0ff67f)]&amp#27;[0m Replacing sessionId 2fea60ff-cc1e-449a-891a-56c913714252 with 9c0ff67f-6efc-443b-a62f-dce2bca5d56b
&amp#27;[38;5;0m[HTTP]&amp#27;[0m &amp#27;[37m<-- GET /session/9c0ff67f-6efc-443b-a62f-dce2bca5d56b/element/00000000-0000-0042-0000-006100000004/text &amp#27;[39m&amp#27;[32m200&amp#27;[39m &amp#27;[90m9 ms - 78&amp#27;[39m
&amp#27;[38;5;0m[HTTP]&amp#27;[0m &amp#27;[90m&amp#27;[39m
&amp#27;[38;5;0m[HTTP]&amp#27;[0m &amp#27;[37m-->&amp#27;[39m &amp#27;[37mGET&amp#27;[39m &amp#27;[37m/session/9c0ff67f-6efc-443b-a62f-dce2bca5d56b/element/00000000-0000-0042-0000-006300000004/text&amp#27;[39m
&amp#27;[38;5;0m[HTTP]&amp#27;[0m &amp#27;[90m{}&amp#27;[39m
&amp#27;[38;5;32m[AndroidUiautomator2Driver@e3cd (9c0ff67f)]&amp#27;[0m Driver proxy active, passing request on via HTTP proxy
&amp#27;[38;5;32m[AndroidUiautomator2Driver@e3cd (9c0ff67f)]&amp#27;[0m Matched '/session/9c0ff67f-6efc-443b-a62f-dce2bca5d56b/element/00000000-0000-0042-0000-006300000004/text' to command name 'getText'
&amp#27;[38;5;32m[AndroidUiautomator2Driver@e3cd (9c0ff67f)]&amp#27;[0m Proxying [GET /session/9c0ff67f-6efc-443b-a62f-dce2bca5d56b/element/00000000-0000-0042-0000-006300000004/text] to [GET http://127.0.0.1:8200/session/2fea60ff-cc1e-449a-891a-56c913714252/element/00000000-0000-0042-0000-006300000004/text] with no body
&amp#27;[38;5;32m[AndroidUiautomator2Driver@e3cd (9c0ff67f)]&amp#27;[0m Got response with status 200: {"sessionId":"2fea60ff-cc1e-449a-891a-56c913714252","value":"89 %"}
&amp#27;[38;5;32m[AndroidUiautomator2Driver@e3cd (9c0ff67f)]&amp#27;[0m Replacing sessionId 2fea60ff-cc1e-449a-891a-56c913714252 with 9c0ff67f-6efc-443b-a62f-dce2bca5d56b
&amp#27;[38;5;0m[HTTP]&amp#27;[0m &amp#27;[37m<-- GET /session/9c0ff67f-6efc-443b-a62f-dce2bca5d56b/element/00000000-0000-0042-0000-006300000004/text &amp#27;[39m&amp#27;[32m200&amp#27;[39m &amp#27;[90m9 ms - 67&amp#27;[39m
&amp#27;[38;5;0m[HTTP]&amp#27;[0m &amp#27;[90m&amp#27;[39m
&amp#27;[38;5;0m[HTTP]&amp#27;[0m &amp#27;[37m-->&amp#27;[39m &amp#27;[37mGET&amp#27;[39m &amp#27;[37m/session/9c0ff67f-6efc-443b-a62f-dce2bca5d56b/element/00000000-0000-0042-0000-006500000004/text&amp#27;[39m
&amp#27;[38;5;0m[HTTP]&amp#27;[0m &amp#27;[90m{}&amp#27;[39m
&amp#27;[38;5;32m[AndroidUiautomator2Driver@e3cd (9c0ff67f)]&amp#27;[0m Driver proxy active, passing request on via HTTP proxy
&amp#27;[38;5;32m[AndroidUiautomator2Driver@e3cd (9c0ff67f)]&amp#27;[0m Matched '/session/9c0ff67f-6efc-443b-a62f-dce2bca5d56b/element/00000000-0000-0042-0000-006500000004/text' to command name 'getText'
&amp#27;[38;5;32m[AndroidUiautomator2Driver@e3cd (9c0ff67f)]&amp#27;[0m Proxying [GET /session/9c0ff67f-6efc-443b-a62f-dce2bca5d56b/element/00000000-0000-0042-0000-006500000004/text] to [GET http://127.0.0.1:8200/session/2fea60ff-cc1e-449a-891a-56c913714252/element/00000000-0000-0042-0000-006500000004/text] with no body
&amp#27;[38;5;32m[AndroidUiautomator2Driver@e3cd (9c0ff67f)]&amp#27;[0m Got response with status 200: {"sessionId":"2fea60ff-cc1e-449a-891a-56c913714252","value":"9 Â°C"}
&amp#27;[38;5;32m[AndroidUiautomator2Driver@e3cd (9c0ff67f)]&amp#27;[0m Replacing sessionId 2fea60ff-cc1e-449a-891a-56c913714252 with 9c0ff67f-6efc-443b-a62f-dce2bca5d56b
&amp#27;[38;5;0m[HTTP]&amp#27;[0m &amp#27;[37m<-- GET /session/9c0ff67f-6efc-443b-a62f-dce2bca5d56b/element/00000000-0000-0042-0000-006500000004/text &amp#27;[39m&amp#27;[32m200&amp#27;[39m &amp#27;[90m10 ms - 68&amp#27;[39m
&amp#27;[38;5;0m[HTTP]&amp#27;[0m &amp#27;[90m&amp#27;[39m
&amp#27;[38;5;0m[HTTP]&amp#27;[0m &amp#27;[37m-->&amp#27;[39m &amp#27;[37mGET&amp#27;[39m &amp#27;[37m/session/9c0ff67f-6efc-443b-a62f-dce2bca5d56b/element/00000000-0000-0042-0000-006700000004/text&amp#27;[39m
&amp#27;[38;5;0m[HTTP]&amp#27;[0m &amp#27;[90m{}&amp#27;[39m
&amp#27;[38;5;32m[AndroidUiautomator2Driver@e3cd (9c0ff67f)]&amp#27;[0m Driver proxy active, passing request on via HTTP proxy
&amp#27;[38;5;32m[AndroidUiautomator2Driver@e3cd (9c0ff67f)]&amp#27;[0m Matched '/session/9c0ff67f-6efc-443b-a62f-dce2bca5d56b/element/00000000-0000-0042-0000-006700000004/text' to command name 'getText'
&amp#27;[38;5;32m[AndroidUiautomator2Driver@e3cd (9c0ff67f)]&amp#27;[0m Proxying [GET /session/9c0ff67f-6efc-443b-a62f-dce2bca5d56b/element/00000000-0000-0042-0000-006700000004/text] to [GET http://127.0.0.1:8200/session/2fea60ff-cc1e-449a-891a-56c913714252/element/00000000-0000-0042-0000-006700000004/text] with no body
&amp#27;[38;5;32m[AndroidUiautomator2Driver@e3cd (9c0ff67f)]&amp#27;[0m Got response with status 200: {"sessionId":"2fea60ff-cc1e-449a-891a-56c913714252","value":"21:00"}
&amp#27;[38;5;32m[AndroidUiautomator2Driver@e3cd (9c0ff67f)]&amp#27;[0m Replacing sessionId 2fea60ff-cc1e-449a-891a-56c913714252 with 9c0ff67f-6efc-443b-a62f-dce2bca5d56b
&amp#27;[38;5;0m[HTTP]&amp#27;[0m &amp#27;[37m<-- GET /session/9c0ff67f-6efc-443b-a62f-dce2bca5d56b/element/00000000-0000-0042-0000-006700000004/text &amp#27;[39m&amp#27;[32m200&amp#27;[39m &amp#27;[90m10 ms - 68&amp#27;[39m
&amp#27;[38;5;0m[HTTP]&amp#27;[0m &amp#27;[90m&amp#27;[39m
&amp#27;[38;5;0m[HTTP]&amp#27;[0m &amp#27;[37m-->&amp#27;[39m &amp#27;[37mGET&amp#27;[39m &amp#27;[37m/session/9c0ff67f-6efc-443b-a62f-dce2bca5d56b/element/00000000-0000-0042-0000-006900000004/text&amp#27;[39m
&amp#27;[38;5;0m[HTTP]&amp#27;[0m &amp#27;[90m{}&amp#27;[39m
&amp#27;[38;5;32m[AndroidUiautomator2Driver@e3cd (9c0ff67f)]&amp#27;[0m Driver proxy active, passing request on via HTTP proxy
&amp#27;[38;5;32m[AndroidUiautomator2Driver@e3cd (9c0ff67f)]&amp#27;[0m Matched '/session/9c0ff67f-6efc-443b-a62f-dce2bca5d56b/element/00000000-0000-0042-0000-006900000004/text' to command name 'getText'
&amp#27;[38;5;32m[AndroidUiautomator2Driver@e3cd (9c0ff67f)]&amp#27;[0m Proxying [GET /session/9c0ff67f-6efc-443b-a62f-dce2bca5d56b/element/00000000-0000-0042-0000-006900000004/text] to [GET http://127.0.0.1:8200/session/2fea60ff-cc1e-449a-891a-56c913714252/element/00000000-0000-0042-0000-006900000004/text] with no body
&amp#27;[38;5;32m[AndroidUiautomator2Driver@e3cd (9c0ff67f)]&amp#27;[0m Got response with status 200: {"sessionId":"2fea60ff-cc1e-449a-891a-56c913714252","value":"overcast clouds"}
&amp#27;[38;5;32m[AndroidUiautomator2Driver@e3cd (9c0ff67f)]&amp#27;[0m Replacing sessionId 2fea60ff-cc1e-449a-891a-56c913714252 with 9c0ff67f-6efc-443b-a62f-dce2bca5d56b
&amp#27;[38;5;0m[HTTP]&amp#27;[0m &amp#27;[37m<-- GET /session/9c0ff67f-6efc-443b-a62f-dce2bca5d56b/element/00000000-0000-0042-0000-006900000004/text &amp#27;[39m&amp#27;[32m200&amp#27;[39m &amp#27;[90m10 ms - 78&amp#27;[39m
&amp#27;[38;5;0m[HTTP]&amp#27;[0m &amp#27;[90m&amp#27;[39m
&amp#27;[38;5;0m[HTTP]&amp#27;[0m &amp#27;[37m-->&amp#27;[39m &amp#27;[37mGET&amp#27;[39m &amp#27;[37m/session/9c0ff67f-6efc-443b-a62f-dce2bca5d56b/element/00000000-0000-0042-0000-006b00000004/text&amp#27;[39m
&amp#27;[38;5;0m[HTTP]&amp#27;[0m &amp#27;[90m{}&amp#27;[39m
&amp#27;[38;5;32m[AndroidUiautomator2Driver@e3cd (9c0ff67f)]&amp#27;[0m Driver proxy active, passing request on via HTTP proxy
&amp#27;[38;5;32m[AndroidUiautomator2Driver@e3cd (9c0ff67f)]&amp#27;[0m Matched '/session/9c0ff67f-6efc-443b-a62f-dce2bca5d56b/element/00000000-0000-0042-0000-006b00000004/text' to command name 'getText'
&amp#27;[38;5;32m[AndroidUiautomator2Driver@e3cd (9c0ff67f)]&amp#27;[0m Proxying [GET /session/9c0ff67f-6efc-443b-a62f-dce2bca5d56b/element/00000000-0000-0042-0000-006b00000004/text] to [GET http://127.0.0.1:8200/session/2fea60ff-cc1e-449a-891a-56c913714252/element/00000000-0000-0042-0000-006b00000004/text] with no body
&amp#27;[38;5;32m[AndroidUiautomator2Driver@e3cd (9c0ff67f)]&amp#27;[0m Got response with status 200: {"sessionId":"2fea60ff-cc1e-449a-891a-56c913714252","value":"88 %"}
&amp#27;[38;5;32m[AndroidUiautomator2Driver@e3cd (9c0ff67f)]&amp#27;[0m Replacing sessionId 2fea60ff-cc1e-449a-891a-56c913714252 with 9c0ff67f-6efc-443b-a62f-dce2bca5d56b
&amp#27;[38;5;0m[HTTP]&amp#27;[0m &amp#27;[37m<-- GET /session/9c0ff67f-6efc-443b-a62f-dce2bca5d56b/element/00000000-0000-0042-0000-006b00000004/text &amp#27;[39m&amp#27;[32m200&amp#27;[39m &amp#27;[90m10 ms - 67&amp#27;[39m
&amp#27;[38;5;0m[HTTP]&amp#27;[0m &amp#27;[90m&amp#27;[39m
&amp#27;[38;5;0m[HTTP]&amp#27;[0m &amp#27;[37m-->&amp#27;[39m &amp#27;[37mGET&amp#27;[39m &amp#27;[37m/session/9c0ff67f-6efc-443b-a62f-dce2bca5d56b/element/00000000-0000-0042-0000-006d00000004/text&amp#27;[39m
&amp#27;[38;5;0m[HTTP]&amp#27;[0m &amp#27;[90m{}&amp#27;[39m
&amp#27;[38;5;32m[AndroidUiautomator2Driver@e3cd (9c0ff67f)]&amp#27;[0m Driver proxy active, passing request on via HTTP proxy
&amp#27;[38;5;32m[AndroidUiautomator2Driver@e3cd (9c0ff67f)]&amp#27;[0m Matched '/session/9c0ff67f-6efc-443b-a62f-dce2bca5d56b/element/00000000-0000-0042-0000-006d00000004/text' to command name 'getText'
&amp#27;[38;5;32m[AndroidUiautomator2Driver@e3cd (9c0ff67f)]&amp#27;[0m Proxying [GET /session/9c0ff67f-6efc-443b-a62f-dce2bca5d56b/element/00000000-0000-0042-0000-006d00000004/text] to [GET http://127.0.0.1:8200/session/2fea60ff-cc1e-449a-891a-56c913714252/element/00000000-0000-0042-0000-006d00000004/text] with no body
&amp#27;[38;5;32m[AndroidUiautomator2Driver@e3cd (9c0ff67f)]&amp#27;[0m Got response with status 200: {"sessionId":"2fea60ff-cc1e-449a-891a-56c913714252","value":"9 Â°C"}
&amp#27;[38;5;32m[AndroidUiautomator2Driver@e3cd (9c0ff67f)]&amp#27;[0m Replacing sessionId 2fea60ff-cc1e-449a-891a-56c913714252 with 9c0ff67f-6efc-443b-a62f-dce2bca5d56b
&amp#27;[38;5;0m[HTTP]&amp#27;[0m &amp#27;[37m<-- GET /session/9c0ff67f-6efc-443b-a62f-dce2bca5d56b/element/00000000-0000-0042-0000-006d00000004/text &amp#27;[39m&amp#27;[32m200&amp#27;[39m &amp#27;[90m10 ms - 68&amp#27;[39m
&amp#27;[38;5;0m[HTTP]&amp#27;[0m &amp#27;[90m&amp#27;[39m
&amp#27;[38;5;0m[HTTP]&amp#27;[0m &amp#27;[37m-->&amp#27;[39m &amp#27;[37mGET&amp#27;[39m &amp#27;[37m/session/9c0ff67f-6efc-443b-a62f-dce2bca5d56b/element/00000000-0000-0042-0000-006f00000004/text&amp#27;[39m
&amp#27;[38;5;0m[HTTP]&amp#27;[0m &amp#27;[90m{}&amp#27;[39m
&amp#27;[38;5;32m[AndroidUiautomator2Driver@e3cd (9c0ff67f)]&amp#27;[0m Driver proxy active, passing request on via HTTP proxy
&amp#27;[38;5;32m[AndroidUiautomator2Driver@e3cd (9c0ff67f)]&amp#27;[0m Matched '/session/9c0ff67f-6efc-443b-a62f-dce2bca5d56b/element/00000000-0000-0042-0000-006f00000004/text' to command name 'getText'
&amp#27;[38;5;32m[AndroidUiautomator2Driver@e3cd (9c0ff67f)]&amp#27;[0m Proxying [GET /session/9c0ff67f-6efc-443b-a62f-dce2bca5d56b/element/00000000-0000-0042-0000-006f00000004/text] to [GET http://127.0.0.1:8200/session/2fea60ff-cc1e-449a-891a-56c913714252/element/00000000-0000-0042-0000-006f00000004/text] with no body
&amp#27;[38;5;32m[AndroidUiautomator2Driver@e3cd (9c0ff67f)]&amp#27;[0m Got response with status 200: {"sessionId":"2fea60ff-cc1e-449a-891a-56c913714252","value":"22:00"}
&amp#27;[38;5;32m[AndroidUiautomator2Driver@e3cd (9c0ff67f)]&amp#27;[0m Replacing sessionId 2fea60ff-cc1e-449a-891a-56c913714252 with 9c0ff67f-6efc-443b-a62f-dce2bca5d56b
&amp#27;[38;5;0m[HTTP]&amp#27;[0m &amp#27;[37m<-- GET /session/9c0ff67f-6efc-443b-a62f-dce2bca5d56b/element/00000000-0000-0042-0000-006f00000004/text &amp#27;[39m&amp#27;[32m200&amp#27;[39m &amp#27;[90m10 ms - 68&amp#27;[39m
&amp#27;[38;5;0m[HTTP]&amp#27;[0m &amp#27;[90m&amp#27;[39m
&amp#27;[38;5;0m[HTTP]&amp#27;[0m &amp#27;[37m-->&amp#27;[39m &amp#27;[37mGET&amp#27;[39m &amp#27;[37m/session/9c0ff67f-6efc-443b-a62f-dce2bca5d56b/element/00000000-0000-0042-0000-007100000004/text&amp#27;[39m
&amp#27;[38;5;0m[HTTP]&amp#27;[0m &amp#27;[90m{}&amp#27;[39m
&amp#27;[38;5;32m[AndroidUiautomator2Driver@e3cd (9c0ff67f)]&amp#27;[0m Driver proxy active, passing request on via HTTP proxy
&amp#27;[38;5;32m[AndroidUiautomator2Driver@e3cd (9c0ff67f)]&amp#27;[0m Matched '/session/9c0ff67f-6efc-443b-a62f-dce2bca5d56b/element/00000000-0000-0042-0000-007100000004/text' to command name 'getText'
&amp#27;[38;5;32m[AndroidUiautomator2Driver@e3cd (9c0ff67f)]&amp#27;[0m Proxying [GET /session/9c0ff67f-6efc-443b-a62f-dce2bca5d56b/element/00000000-0000-0042-0000-007100000004/text] to [GET http://127.0.0.1:8200/session/2fea60ff-cc1e-449a-891a-56c913714252/element/00000000-0000-0042-0000-007100000004/text] with no body
&amp#27;[38;5;32m[AndroidUiautomator2Driver@e3cd (9c0ff67f)]&amp#27;[0m Got response with status 200: {"sessionId":"2fea60ff-cc1e-449a-891a-56c913714252","value":"overcast clouds"}
&amp#27;[38;5;32m[AndroidUiautomator2Driver@e3cd (9c0ff67f)]&amp#27;[0m Replacing sessionId 2fea60ff-cc1e-449a-891a-56c913714252 with 9c0ff67f-6efc-443b-a62f-dce2bca5d56b
&amp#27;[38;5;0m[HTTP]&amp#27;[0m &amp#27;[37m<-- GET /session/9c0ff67f-6efc-443b-a62f-dce2bca5d56b/element/00000000-0000-0042-0000-007100000004/text &amp#27;[39m&amp#27;[32m200&amp#27;[39m &amp#27;[90m10 ms - 78&amp#27;[39m
&amp#27;[38;5;0m[HTTP]&amp#27;[0m &amp#27;[90m&amp#27;[39m
&amp#27;[38;5;0m[HTTP]&amp#27;[0m &amp#27;[37m-->&amp#27;[39m &amp#27;[37mGET&amp#27;[39m &amp#27;[37m/session/9c0ff67f-6efc-443b-a62f-dce2bca5d56b/element/00000000-0000-0042-0000-007300000004/text&amp#27;[39m
&amp#27;[38;5;0m[HTTP]&amp#27;[0m &amp#27;[90m{}&amp#27;[39m
&amp#27;[38;5;32m[AndroidUiautomator2Driver@e3cd (9c0ff67f)]&amp#27;[0m Driver proxy active, passing request on via HTTP proxy
&amp#27;[38;5;32m[AndroidUiautomator2Driver@e3cd (9c0ff67f)]&amp#27;[0m Matched '/session/9c0ff67f-6efc-443b-a62f-dce2bca5d56b/element/00000000-0000-0042-0000-007300000004/text' to command name 'getText'
&amp#27;[38;5;32m[AndroidUiautomator2Driver@e3cd (9c0ff67f)]&amp#27;[0m Proxying [GET /session/9c0ff67f-6efc-443b-a62f-dce2bca5d56b/element/00000000-0000-0042-0000-007300000004/text] to [GET http://127.0.0.1:8200/session/2fea60ff-cc1e-449a-891a-56c913714252/element/00000000-0000-0042-0000-007300000004/text] with no body
&amp#27;[38;5;32m[AndroidUiautomator2Driver@e3cd (9c0ff67f)]&amp#27;[0m Got response with status 200: {"sessionId":"2fea60ff-cc1e-449a-891a-56c913714252","value":"86 %"}
&amp#27;[38;5;32m[AndroidUiautomator2Driver@e3cd (9c0ff67f)]&amp#27;[0m Replacing sessionId 2fea60ff-cc1e-449a-891a-56c913714252 with 9c0ff67f-6efc-443b-a62f-dce2bca5d56b
&amp#27;[38;5;0m[HTTP]&amp#27;[0m &amp#27;[37m<-- GET /session/9c0ff67f-6efc-443b-a62f-dce2bca5d56b/element/00000000-0000-0042-0000-007300000004/text &amp#27;[39m&amp#27;[32m200&amp#27;[39m &amp#27;[90m10 ms - 67&amp#27;[39m
&amp#27;[38;5;0m[HTTP]&amp#27;[0m &amp#27;[90m&amp#27;[39m
&amp#27;[38;5;0m[HTTP]&amp#27;[0m &amp#27;[37m-->&amp#27;[39m &amp#27;[37mGET&amp#27;[39m &amp#27;[37m/session/9c0ff67f-6efc-443b-a62f-dce2bca5d56b/element/00000000-0000-0042-0000-007500000004/text&amp#27;[39m
&amp#27;[38;5;0m[HTTP]&amp#27;[0m &amp#27;[90m{}&amp#27;[39m
&amp#27;[38;5;32m[AndroidUiautomator2Driver@e3cd (9c0ff67f)]&amp#27;[0m Driver proxy active, passing request on via HTTP proxy
&amp#27;[38;5;32m[AndroidUiautomator2Driver@e3cd (9c0ff67f)]&amp#27;[0m Matched '/session/9c0ff67f-6efc-443b-a62f-dce2bca5d56b/element/00000000-0000-0042-0000-007500000004/text' to command name 'getText'
&amp#27;[38;5;32m[AndroidUiautomator2Driver@e3cd (9c0ff67f)]&amp#27;[0m Proxying [GET /session/9c0ff67f-6efc-443b-a62f-dce2bca5d56b/element/00000000-0000-0042-0000-007500000004/text] to [GET http://127.0.0.1:8200/session/2fea60ff-cc1e-449a-891a-56c913714252/element/00000000-0000-0042-0000-007500000004/text] with no body
&amp#27;[38;5;32m[AndroidUiautomator2Driver@e3cd (9c0ff67f)]&amp#27;[0m Got response with status 200: {"sessionId":"2fea60ff-cc1e-449a-891a-56c913714252","value":"9 Â°C"}
&amp#27;[38;5;32m[AndroidUiautomator2Driver@e3cd (9c0ff67f)]&amp#27;[0m Replacing sessionId 2fea60ff-cc1e-449a-891a-56c913714252 with 9c0ff67f-6efc-443b-a62f-dce2bca5d56b
&amp#27;[38;5;0m[HTTP]&amp#27;[0m &amp#27;[37m<-- GET /session/9c0ff67f-6efc-443b-a62f-dce2bca5d56b/element/00000000-0000-0042-0000-007500000004/text &amp#27;[39m&amp#27;[32m200&amp#27;[39m &amp#27;[90m10 ms - 68&amp#27;[39m
&amp#27;[38;5;0m[HTTP]&amp#27;[0m &amp#27;[90m&amp#27;[39m
&amp#27;[38;5;0m[HTTP]&amp#27;[0m &amp#27;[37m-->&amp#27;[39m &amp#27;[37mGET&amp#27;[39m &amp#27;[37m/session/9c0ff67f-6efc-443b-a62f-dce2bca5d56b/element/00000000-0000-0042-0000-007700000004/text&amp#27;[39m
&amp#27;[38;5;0m[HTTP]&amp#27;[0m &amp#27;[90m{}&amp#27;[39m
&amp#27;[38;5;32m[AndroidUiautomator2Driver@e3cd (9c0ff67f)]&amp#27;[0m Driver proxy active, passing request on via HTTP proxy
&amp#27;[38;5;32m[AndroidUiautomator2Driver@e3cd (9c0ff67f)]&amp#27;[0m Matched '/session/9c0ff67f-6efc-443b-a62f-dce2bca5d56b/element/00000000-0000-0042-0000-007700000004/text' to command name 'getText'
&amp#27;[38;5;32m[AndroidUiautomator2Driver@e3cd (9c0ff67f)]&amp#27;[0m Proxying [GET /session/9c0ff67f-6efc-443b-a62f-dce2bca5d56b/element/00000000-0000-0042-0000-007700000004/text] to [GET http://127.0.0.1:8200/session/2fea60ff-cc1e-449a-891a-56c913714252/element/00000000-0000-0042-0000-007700000004/text] with no body
&amp#27;[38;5;32m[AndroidUiautomator2Driver@e3cd (9c0ff67f)]&amp#27;[0m Got response with status 200: {"sessionId":"2fea60ff-cc1e-449a-891a-56c913714252","value":"23:00"}
&amp#27;[38;5;32m[AndroidUiautomator2Driver@e3cd (9c0ff67f)]&amp#27;[0m Replacing sessionId 2fea60ff-cc1e-449a-891a-56c913714252 with 9c0ff67f-6efc-443b-a62f-dce2bca5d56b
&amp#27;[38;5;0m[HTTP]&amp#27;[0m &amp#27;[37m<-- GET /session/9c0ff67f-6efc-443b-a62f-dce2bca5d56b/element/00000000-0000-0042-0000-007700000004/text &amp#27;[39m&amp#27;[32m200&amp#27;[39m &amp#27;[90m10 ms - 68&amp#27;[39m
&amp#27;[38;5;0m[HTTP]&amp#27;[0m &amp#27;[90m&amp#27;[39m
&amp#27;[38;5;0m[HTTP]&amp#27;[0m &amp#27;[37m-->&amp#27;[39m &amp#27;[37mGET&amp#27;[39m &amp#27;[37m/session/9c0ff67f-6efc-443b-a62f-dce2bca5d56b/element/00000000-0000-0042-0000-007900000004/text&amp#27;[39m
&amp#27;[38;5;0m[HTTP]&amp#27;[0m &amp#27;[90m{}&amp#27;[39m
&amp#27;[38;5;32m[AndroidUiautomator2Driver@e3cd (9c0ff67f)]&amp#27;[0m Driver proxy active, passing request on via HTTP proxy
&amp#27;[38;5;32m[AndroidUiautomator2Driver@e3cd (9c0ff67f)]&amp#27;[0m Matched '/session/9c0ff67f-6efc-443b-a62f-dce2bca5d56b/element/00000000-0000-0042-0000-007900000004/text' to command name 'getText'
&amp#27;[38;5;32m[AndroidUiautomator2Driver@e3cd (9c0ff67f)]&amp#27;[0m Proxying [GET /session/9c0ff67f-6efc-443b-a62f-dce2bca5d56b/element/00000000-0000-0042-0000-007900000004/text] to [GET http://127.0.0.1:8200/session/2fea60ff-cc1e-449a-891a-56c913714252/element/00000000-0000-0042-0000-007900000004/text] with no body
&amp#27;[38;5;32m[AndroidUiautomator2Driver@e3cd (9c0ff67f)]&amp#27;[0m Got response with status 200: {"sessionId":"2fea60ff-cc1e-449a-891a-56c913714252","value":"overcast clouds"}
&amp#27;[38;5;32m[AndroidUiautomator2Driver@e3cd (9c0ff67f)]&amp#27;[0m Replacing sessionId 2fea60ff-cc1e-449a-891a-56c913714252 with 9c0ff67f-6efc-443b-a62f-dce2bca5d56b
&amp#27;[38;5;0m[HTTP]&amp#27;[0m &amp#27;[37m<-- GET /session/9c0ff67f-6efc-443b-a62f-dce2bca5d56b/element/00000000-0000-0042-0000-007900000004/text &amp#27;[39m&amp#27;[32m200&amp#27;[39m &amp#27;[90m9 ms - 78&amp#27;[39m
&amp#27;[38;5;0m[HTTP]&amp#27;[0m &amp#27;[90m&amp#27;[39m
&amp#27;[38;5;0m[HTTP]&amp#27;[0m &amp#27;[37m-->&amp#27;[39m &amp#27;[37mGET&amp#27;[39m &amp#27;[37m/session/9c0ff67f-6efc-443b-a62f-dce2bca5d56b/element/00000000-0000-0042-0000-007b00000004/text&amp#27;[39m
&amp#27;[38;5;0m[HTTP]&amp#27;[0m &amp#27;[90m{}&amp#27;[39m
&amp#27;[38;5;32m[AndroidUiautomator2Driver@e3cd (9c0ff67f)]&amp#27;[0m Driver proxy active, passing request on via HTTP proxy
&amp#27;[38;5;32m[AndroidUiautomator2Driver@e3cd (9c0ff67f)]&amp#27;[0m Matched '/session/9c0ff67f-6efc-443b-a62f-dce2bca5d56b/element/00000000-0000-0042-0000-007b00000004/text' to command name 'getText'
&amp#27;[38;5;32m[AndroidUiautomator2Driver@e3cd (9c0ff67f)]&amp#27;[0m Proxying [GET /session/9c0ff67f-6efc-443b-a62f-dce2bca5d56b/element/00000000-0000-0042-0000-007b00000004/text] to [GET http://127.0.0.1:8200/session/2fea60ff-cc1e-449a-891a-56c913714252/element/00000000-0000-0042-0000-007b00000004/text] with no body
&amp#27;[38;5;32m[AndroidUiautomator2Driver@e3cd (9c0ff67f)]&amp#27;[0m Got response with status 200: {"sessionId":"2fea60ff-cc1e-449a-891a-56c913714252","value":"82 %"}
&amp#27;[38;5;32m[AndroidUiautomator2Driver@e3cd (9c0ff67f)]&amp#27;[0m Replacing sessionId 2fea60ff-cc1e-449a-891a-56c913714252 with 9c0ff67f-6efc-443b-a62f-dce2bca5d56b
&amp#27;[38;5;0m[HTTP]&amp#27;[0m &amp#27;[37m<-- GET /session/9c0ff67f-6efc-443b-a62f-dce2bca5d56b/element/00000000-0000-0042-0000-007b00000004/text &amp#27;[39m&amp#27;[32m200&amp#27;[39m &amp#27;[90m9 ms - 67&amp#27;[39m
&amp#27;[38;5;0m[HTTP]&amp#27;[0m &amp#27;[90m&amp#27;[39m
&amp#27;[38;5;0m[HTTP]&amp#27;[0m &amp#27;[37m-->&amp#27;[39m &amp#27;[37mGET&amp#27;[39m &amp#27;[37m/session/9c0ff67f-6efc-443b-a62f-dce2bca5d56b/element/00000000-0000-0042-0000-007d00000004/text&amp#27;[39m
&amp#27;[38;5;0m[HTTP]&amp#27;[0m &amp#27;[90m{}&amp#27;[39m
&amp#27;[38;5;32m[AndroidUiautomator2Driver@e3cd (9c0ff67f)]&amp#27;[0m Driver proxy active, passing request on via HTTP proxy
&amp#27;[38;5;32m[AndroidUiautomator2Driver@e3cd (9c0ff67f)]&amp#27;[0m Matched '/session/9c0ff67f-6efc-443b-a62f-dce2bca5d56b/element/00000000-0000-0042-0000-007d00000004/text' to command name 'getText'
&amp#27;[38;5;32m[AndroidUiautomator2Driver@e3cd (9c0ff67f)]&amp#27;[0m Proxying [GET /session/9c0ff67f-6efc-443b-a62f-dce2bca5d56b/element/00000000-0000-0042-0000-007d00000004/text] to [GET http://127.0.0.1:8200/session/2fea60ff-cc1e-449a-891a-56c913714252/element/00000000-0000-0042-0000-007d00000004/text] with no body
&amp#27;[38;5;32m[AndroidUiautomator2Driver@e3cd (9c0ff67f)]&amp#27;[0m Got response with status 200: {"sessionId":"2fea60ff-cc1e-449a-891a-56c913714252","value":"10 Â°C"}
&amp#27;[38;5;32m[AndroidUiautomator2Driver@e3cd (9c0ff67f)]&amp#27;[0m Replacing sessionId 2fea60ff-cc1e-449a-891a-56c913714252 with 9c0ff67f-6efc-443b-a62f-dce2bca5d56b
&amp#27;[38;5;0m[HTTP]&amp#27;[0m &amp#27;[37m<-- GET /session/9c0ff67f-6efc-443b-a62f-dce2bca5d56b/element/00000000-0000-0042-0000-007d00000004/text &amp#27;[39m&amp#27;[32m200&amp#27;[39m &amp#27;[90m9 ms - 69&amp#27;[39m
&amp#27;[38;5;0m[HTTP]&amp#27;[0m &amp#27;[90m&amp#27;[39m
&amp#27;[38;5;0m[HTTP]&amp#27;[0m &amp#27;[37m-->&amp#27;[39m &amp#27;[37mPOST&amp#27;[39m &amp#27;[37m/session/9c0ff67f-6efc-443b-a62f-dce2bca5d56b/execute/sync&amp#27;[39m
&amp#27;[38;5;0m[HTTP]&amp#27;[0m &amp#27;[90m{"script":"mobile: swipeGesture","args":[{"elementId":"00000000-0000-0042-0000-001d00000004","percent":0.4,"speed":320,"direction":"left"}]}&amp#27;[39m
&amp#27;[38;5;32m[AndroidUiautomator2Driver@e3cd (9c0ff67f)]&amp#27;[0m Calling AppiumDriver.execute() with args: ["mobile: swipeGesture",[{"elementId":"00000000-0000-0042-0000-001d00000004","percent":0.4,"speed":320,"direction":"left"}],"9c0ff67f-6efc-443b-a62f-dce2bca5d56b"]
&amp#27;[38;5;32m[AndroidUiautomator2Driver@e3cd (9c0ff67f)]&amp#27;[0m Executing method 'mobile: swipeGesture'
&amp#27;[38;5;32m[AndroidUiautomator2Driver@e3cd (9c0ff67f)]&amp#27;[0m Proxying [POST /appium/gestures/swipe] to [POST http://127.0.0.1:8200/session/2fea60ff-cc1e-449a-891a-56c913714252/appium/gestures/swipe] with body: {"origin":{"ELEMENT":"00000000-0000-0042-0000-001d00000004","element-6066-11e4-a52e-4f735466cecf":"00000000-0000-0042-0000-001d00000004"},"direction":"left","percent":0.4,"speed":320}
&amp#27;[38;5;32m[AndroidUiautomator2Driver@e3cd (9c0ff67f)]&amp#27;[0m Got response with status 200: {"sessionId":"2fea60ff-cc1e-449a-891a-56c913714252","value":null}
&amp#27;[38;5;32m[AndroidUiautomator2Driver@e3cd (9c0ff67f)]&amp#27;[0m Responding to client with driver.execute() result: null
&amp#27;[38;5;0m[HTTP]&amp#27;[0m &amp#27;[37m<-- POST /session/9c0ff67f-6efc-443b-a62f-dce2bca5d56b/execute/sync &amp#27;[39m&amp#27;[32m200&amp#27;[39m &amp#27;[90m1566 ms - 14&amp#27;[39m
&amp#27;[38;5;0m[HTTP]&amp#27;[0m &amp#27;[90m&amp#27;[39m
&amp#27;[38;5;0m[HTTP]&amp#27;[0m &amp#27;[37m-->&amp#27;[39m &amp#27;[37mPOST&amp#27;[39m &amp#27;[37m/session/9c0ff67f-6efc-443b-a62f-dce2bca5d56b/elements&amp#27;[39m
&amp#27;[38;5;0m[HTTP]&amp#27;[0m &amp#27;[90m{"using":"xpath","value":"//android.widget.HorizontalScrollView"}&amp#27;[39m
&amp#27;[38;5;32m[AndroidUiautomator2Driver@e3cd (9c0ff67f)]&amp#27;[0m Calling AppiumDriver.findElements() with args: ["xpath","//android.widget.HorizontalScrollView","9c0ff67f-6efc-443b-a62f-dce2bca5d56b"]
&amp#27;[38;5;32m[AndroidUiautomator2Driver@e3cd (9c0ff67f)]&amp#27;[0m Valid locator strategies for this request: xpath, id, class name, accessibility id, css selector, -android uiautomator
&amp#27;[38;5;32m[AndroidUiautomator2Driver@e3cd (9c0ff67f)]&amp#27;[0m Waiting up to 0 ms for condition
&amp#27;[38;5;32m[AndroidUiautomator2Driver@e3cd (9c0ff67f)]&amp#27;[0m Matched '/elements' to command name 'findElements'
&amp#27;[38;5;32m[AndroidUiautomator2Driver@e3cd (9c0ff67f)]&amp#27;[0m Proxying [POST /elements] to [POST http://127.0.0.1:8200/session/2fea60ff-cc1e-449a-891a-56c913714252/elements] with body: {"strategy":"xpath","selector":"//android.widget.HorizontalScrollView","context":"","multiple":true}
&amp#27;[38;5;32m[AndroidUiautomator2Driver@e3cd (9c0ff67f)]&amp#27;[0m Got response with status 200: {"sessionId":"2fea60ff-cc1e-449a-891a-56c913714252","value":[{"ELEMENT":"00000000-0000-0042-0000-001d00000004","element-6066-11e4-a52e-4f735466cecf":"00000000-0000-0042-0000-001d00000004"},{"ELEMENT":"00000000-0000-0042-0000-001e00000004","element-6066-11e4-a52e-4f735466cecf":"00000000-0000-0042-0000-001e00000004"}]}
&amp#27;[38;5;32m[AndroidUiautomator2Driver@e3cd (9c0ff67f)]&amp#27;[0m Responding to client with driver.findElements() result: [{"element-6066-11e4-a52e-4f735466cecf":"00000000-0000-0042-0000-001d00000004","ELEMENT":"00000000-0000-0042-0000-001d00000004"},{"element-6066-11e4-a52e-4f735466cecf":"00000000-0000-0042-0000-001e00000004","ELEMENT":"00000000-0000-0042-0000-001e00000004"}]
&amp#27;[38;5;0m[HTTP]&amp#27;[0m &amp#27;[37m<-- POST /session/9c0ff67f-6efc-443b-a62f-dce2bca5d56b/elements &amp#27;[39m&amp#27;[32m200&amp#27;[39m &amp#27;[90m113 ms - 267&amp#27;[39m
&amp#27;[38;5;0m[HTTP]&amp#27;[0m &amp#27;[90m&amp#27;[39m
&amp#27;[38;5;0m[HTTP]&amp#27;[0m &amp#27;[37m-->&amp#27;[39m &amp#27;[37mPOST&amp#27;[39m &amp#27;[37m/session/9c0ff67f-6efc-443b-a62f-dce2bca5d56b/element/00000000-0000-0042-0000-001d00000004/elements&amp#27;[39m
&amp#27;[38;5;0m[HTTP]&amp#27;[0m &amp#27;[90m{"id":"00000000-0000-0042-0000-001d00000004","using":"xpath","value":"//android.view.View"}&amp#27;[39m
&amp#27;[38;5;32m[AndroidUiautomator2Driver@e3cd (9c0ff67f)]&amp#27;[0m Calling AppiumDriver.findElementsFromElement() with args: ["xpath","//android.view.View","00000000-0000-0042-0000-001d00000004","9c0ff67f-6efc-443b-a62f-dce2bca5d56b"]
&amp#27;[38;5;32m[AndroidUiautomator2Driver@e3cd (9c0ff67f)]&amp#27;[0m Valid locator strategies for this request: xpath, id, class name, accessibility id, css selector, -android uiautomator
&amp#27;[38;5;32m[AndroidUiautomator2Driver@e3cd (9c0ff67f)]&amp#27;[0m Waiting up to 0 ms for condition
&amp#27;[38;5;32m[AndroidUiautomator2Driver@e3cd (9c0ff67f)]&amp#27;[0m Matched '/elements' to command name 'findElements'
&amp#27;[38;5;32m[AndroidUiautomator2Driver@e3cd (9c0ff67f)]&amp#27;[0m Proxying [POST /elements] to [POST http://127.0.0.1:8200/session/2fea60ff-cc1e-449a-891a-56c913714252/elements] with body: {"strategy":"xpath","selector":"//android.view.View","context":"00000000-0000-0042-0000-001d00000004","multiple":true}
&amp#27;[38;5;32m[AndroidUiautomator2Driver@e3cd (9c0ff67f)]&amp#27;[0m Got response with status 200: {"sessionId":"2fea60ff-cc1e-449a-891a-56c913714252","value":[{"ELEMENT":"00000000-0000-0042-0000-006700000004","element-6066-11e4-a52e-4f735466cecf":"00000000-0000-0042-0000-006700000004"},{"ELEMENT":"00000000-0000-0042-0000-006900000004","element-6066-11e4-a52e-4f735466cecf":"00000000-0000-0042-0000-006900000004"},{"ELEMENT":"00000000-0000-0042-0000-006b00000004","element-6066-11e4-a52e-4f735466cecf":"00000000-0000-0042-0000-006b00000004"},{"ELEMENT":"00000000-0000-0042-0000-006d00000004","element-6066-11e4-a52e-4f735466cecf":"00000000-0000-0042-0000-006d00000004"},{"ELEMENT":"00000000-0000-0042-0000-006f00000004","element-6066-11e4-a52e-4f735466cecf":"00000000-0000-0042-0000-006f00000004"},{"ELEMENT":"00000000-0000-0042-0000-007100000004","element-6066-11e4-a52e-4f735466cecf":"00000000-0000-0042-0000-007100000004"},{"ELEMENT":"00000000-0000-0042-0000-007300000004","element-6066-11e4-a52e-4f735466cecf":"00000000-0000-0042-0000-007300000004"},{"ELEMENT":"00000000-0000-0042-0000-007500000004","element-6066-...
&amp#27;[38;5;32m[AndroidUiautomator2Driver@e3cd (9c0ff67f)]&amp#27;[0m Responding to client with driver.findElementsFromElement() result: [{"element-6066-11e4-a52e-4f735466cecf":"00000000-0000-0042-0000-006700000004","ELEMENT":"00000000-0000-0042-0000-006700000004"},{"element-6066-11e4-a52e-4f735466cecf":"00000000-0000-0042-0000-006900000004","ELEMENT":"00000000-0000-0042-0000-006900000004"},{"element-6066-11e4-a52e-4f735466cecf":"00000000-0000-0042-0000-006b00000004","ELEMENT":"00000000-0000-0042-0000-006b00000004"},{"element-6066-11e4-a52e-4f735466cecf":"00000000-0000-0042-0000-006d00000004","ELEMENT":"00000000-0000-0042-0000-006d00000004"},{"element-6066-11e4-a52e-4f735466cecf":"00000000-0000-0042-0000-006f00000004","ELEMENT":"00000000-0000-0042-0000-006f00000004"},{"element-6066-11e4-a52e-4f735466cecf":"00000000-0000-0042-0000-007100000004","ELEMENT":"00000000-0000-0042-0000-007100000004"},{"element-6066-11e4-a52e-4f735466cecf":"00000000-0000-0042-0000-007300000004","ELEMENT":"00000000-0000-0042-0000-007300000004"},{"element-6066-11e4-a52e-4f735466cecf":"00000000-0000-0042-0000-007500000004","ELEMENT":"00000000-0000-0042-0000-00750000000...
&amp#27;[38;5;0m[HTTP]&amp#27;[0m &amp#27;[37m<-- POST /session/9c0ff67f-6efc-443b-a62f-dce2bca5d56b/element/00000000-0000-0042-0000-001d00000004/elements &amp#27;[39m&amp#27;[32m200&amp#27;[39m &amp#27;[90m49 ms - 2059&amp#27;[39m
&amp#27;[38;5;0m[HTTP]&amp#27;[0m &amp#27;[90m&amp#27;[39m
&amp#27;[38;5;0m[HTTP]&amp#27;[0m &amp#27;[37m-->&amp#27;[39m &amp#27;[37mGET&amp#27;[39m &amp#27;[37m/session/9c0ff67f-6efc-443b-a62f-dce2bca5d56b/element/00000000-0000-0042-0000-006700000004/text&amp#27;[39m
&amp#27;[38;5;0m[HTTP]&amp#27;[0m &amp#27;[90m{}&amp#27;[39m
&amp#27;[38;5;32m[AndroidUiautomator2Driver@e3cd (9c0ff67f)]&amp#27;[0m Driver proxy active, passing request on via HTTP proxy
&amp#27;[38;5;32m[AndroidUiautomator2Driver@e3cd (9c0ff67f)]&amp#27;[0m Matched '/session/9c0ff67f-6efc-443b-a62f-dce2bca5d56b/element/00000000-0000-0042-0000-006700000004/text' to command name 'getText'
&amp#27;[38;5;32m[AndroidUiautomator2Driver@e3cd (9c0ff67f)]&amp#27;[0m Proxying [GET /session/9c0ff67f-6efc-443b-a62f-dce2bca5d56b/element/00000000-0000-0042-0000-006700000004/text] to [GET http://127.0.0.1:8200/session/2fea60ff-cc1e-449a-891a-56c913714252/element/00000000-0000-0042-0000-006700000004/text] with no body
&amp#27;[38;5;32m[AndroidUiautomator2Driver@e3cd (9c0ff67f)]&amp#27;[0m Got response with status 200: {"sessionId":"2fea60ff-cc1e-449a-891a-56c913714252","value":"21:00"}
&amp#27;[38;5;32m[AndroidUiautomator2Driver@e3cd (9c0ff67f)]&amp#27;[0m Replacing sessionId 2fea60ff-cc1e-449a-891a-56c913714252 with 9c0ff67f-6efc-443b-a62f-dce2bca5d56b
&amp#27;[38;5;0m[HTTP]&amp#27;[0m &amp#27;[37m<-- GET /session/9c0ff67f-6efc-443b-a62f-dce2bca5d56b/element/00000000-0000-0042-0000-006700000004/text &amp#27;[39m&amp#27;[32m200&amp#27;[39m &amp#27;[90m9 ms - 68&amp#27;[39m
&amp#27;[38;5;0m[HTTP]&amp#27;[0m &amp#27;[90m&amp#27;[39m
&amp#27;[38;5;0m[HTTP]&amp#27;[0m &amp#27;[37m-->&amp#27;[39m &amp#27;[37mGET&amp#27;[39m &amp#27;[37m/session/9c0ff67f-6efc-443b-a62f-dce2bca5d56b/element/00000000-0000-0042-0000-006900000004/text&amp#27;[39m
&amp#27;[38;5;0m[HTTP]&amp#27;[0m &amp#27;[90m{}&amp#27;[39m
&amp#27;[38;5;32m[AndroidUiautomator2Driver@e3cd (9c0ff67f)]&amp#27;[0m Driver proxy active, passing request on via HTTP proxy
&amp#27;[38;5;32m[AndroidUiautomator2Driver@e3cd (9c0ff67f)]&amp#27;[0m Matched '/session/9c0ff67f-6efc-443b-a62f-dce2bca5d56b/element/00000000-0000-0042-0000-006900000004/text' to command name 'getText'
&amp#27;[38;5;32m[AndroidUiautomator2Driver@e3cd (9c0ff67f)]&amp#27;[0m Proxying [GET /session/9c0ff67f-6efc-443b-a62f-dce2bca5d56b/element/00000000-0000-0042-0000-006900000004/text] to [GET http://127.0.0.1:8200/session/2fea60ff-cc1e-449a-891a-56c913714252/element/00000000-0000-0042-0000-006900000004/text] with no body
&amp#27;[38;5;32m[AndroidUiautomator2Driver@e3cd (9c0ff67f)]&amp#27;[0m Got response with status 200: {"sessionId":"2fea60ff-cc1e-449a-891a-56c913714252","value":"overcast clouds"}
&amp#27;[38;5;32m[AndroidUiautomator2Driver@e3cd (9c0ff67f)]&amp#27;[0m Replacing sessionId 2fea60ff-cc1e-449a-891a-56c913714252 with 9c0ff67f-6efc-443b-a62f-dce2bca5d56b
&amp#27;[38;5;0m[HTTP]&amp#27;[0m &amp#27;[37m<-- GET /session/9c0ff67f-6efc-443b-a62f-dce2bca5d56b/element/00000000-0000-0042-0000-006900000004/text &amp#27;[39m&amp#27;[32m200&amp#27;[39m &amp#27;[90m13 ms - 78&amp#27;[39m
&amp#27;[38;5;0m[HTTP]&amp#27;[0m &amp#27;[90m&amp#27;[39m
&amp#27;[38;5;0m[HTTP]&amp#27;[0m &amp#27;[37m-->&amp#27;[39m &amp#27;[37mGET&amp#27;[39m &amp#27;[37m/session/9c0ff67f-6efc-443b-a62f-dce2bca5d56b/element/00000000-0000-0042-0000-006b00000004/text&amp#27;[39m
&amp#27;[38;5;0m[HTTP]&amp#27;[0m &amp#27;[90m{}&amp#27;[39m
&amp#27;[38;5;32m[AndroidUiautomator2Driver@e3cd (9c0ff67f)]&amp#27;[0m Driver proxy active, passing request on via HTTP proxy
&amp#27;[38;5;32m[AndroidUiautomator2Driver@e3cd (9c0ff67f)]&amp#27;[0m Matched '/session/9c0ff67f-6efc-443b-a62f-dce2bca5d56b/element/00000000-0000-0042-0000-006b00000004/text' to command name 'getText'
&amp#27;[38;5;32m[AndroidUiautomator2Driver@e3cd (9c0ff67f)]&amp#27;[0m Proxying [GET /session/9c0ff67f-6efc-443b-a62f-dce2bca5d56b/element/00000000-0000-0042-0000-006b00000004/text] to [GET http://127.0.0.1:8200/session/2fea60ff-cc1e-449a-891a-56c913714252/element/00000000-0000-0042-0000-006b00000004/text] with no body
&amp#27;[38;5;32m[AndroidUiautomator2Driver@e3cd (9c0ff67f)]&amp#27;[0m Got response with status 200: {"sessionId":"2fea60ff-cc1e-449a-891a-56c913714252","value":"88 %"}
&amp#27;[38;5;32m[AndroidUiautomator2Driver@e3cd (9c0ff67f)]&amp#27;[0m Replacing sessionId 2fea60ff-cc1e-449a-891a-56c913714252 with 9c0ff67f-6efc-443b-a62f-dce2bca5d56b
&amp#27;[38;5;0m[HTTP]&amp#27;[0m &amp#27;[37m<-- GET /session/9c0ff67f-6efc-443b-a62f-dce2bca5d56b/element/00000000-0000-0042-0000-006b00000004/text &amp#27;[39m&amp#27;[32m200&amp#27;[39m &amp#27;[90m9 ms - 67&amp#27;[39m
&amp#27;[38;5;0m[HTTP]&amp#27;[0m &amp#27;[90m&amp#27;[39m
&amp#27;[38;5;0m[HTTP]&amp#27;[0m &amp#27;[37m-->&amp#27;[39m &amp#27;[37mGET&amp#27;[39m &amp#27;[37m/session/9c0ff67f-6efc-443b-a62f-dce2bca5d56b/element/00000000-0000-0042-0000-006d00000004/text&amp#27;[39m
&amp#27;[38;5;0m[HTTP]&amp#27;[0m &amp#27;[90m{}&amp#27;[39m
&amp#27;[38;5;32m[AndroidUiautomator2Driver@e3cd (9c0ff67f)]&amp#27;[0m Driver proxy active, passing request on via HTTP proxy
&amp#27;[38;5;32m[AndroidUiautomator2Driver@e3cd (9c0ff67f)]&amp#27;[0m Matched '/session/9c0ff67f-6efc-443b-a62f-dce2bca5d56b/element/00000000-0000-0042-0000-006d00000004/text' to command name 'getText'
&amp#27;[38;5;32m[AndroidUiautomator2Driver@e3cd (9c0ff67f)]&amp#27;[0m Proxying [GET /session/9c0ff67f-6efc-443b-a62f-dce2bca5d56b/element/00000000-0000-0042-0000-006d00000004/text] to [GET http://127.0.0.1:8200/session/2fea60ff-cc1e-449a-891a-56c913714252/element/00000000-0000-0042-0000-006d00000004/text] with no body
&amp#27;[38;5;32m[AndroidUiautomator2Driver@e3cd (9c0ff67f)]&amp#27;[0m Got response with status 200: {"sessionId":"2fea60ff-cc1e-449a-891a-56c913714252","value":"9 Â°C"}
&amp#27;[38;5;32m[AndroidUiautomator2Driver@e3cd (9c0ff67f)]&amp#27;[0m Replacing sessionId 2fea60ff-cc1e-449a-891a-56c913714252 with 9c0ff67f-6efc-443b-a62f-dce2bca5d56b
&amp#27;[38;5;0m[HTTP]&amp#27;[0m &amp#27;[37m<-- GET /session/9c0ff67f-6efc-443b-a62f-dce2bca5d56b/element/00000000-0000-0042-0000-006d00000004/text &amp#27;[39m&amp#27;[32m200&amp#27;[39m &amp#27;[90m8 ms - 68&amp#27;[39m
&amp#27;[38;5;0m[HTTP]&amp#27;[0m &amp#27;[90m&amp#27;[39m
&amp#27;[38;5;0m[HTTP]&amp#27;[0m &amp#27;[37m-->&amp#27;[39m &amp#27;[37mGET&amp#27;[39m &amp#27;[37m/session/9c0ff67f-6efc-443b-a62f-dce2bca5d56b/element/00000000-0000-0042-0000-006f00000004/text&amp#27;[39m
&amp#27;[38;5;0m[HTTP]&amp#27;[0m &amp#27;[90m{}&amp#27;[39m
&amp#27;[38;5;32m[AndroidUiautomator2Driver@e3cd (9c0ff67f)]&amp#27;[0m Driver proxy active, passing request on via HTTP proxy
&amp#27;[38;5;32m[AndroidUiautomator2Driver@e3cd (9c0ff67f)]&amp#27;[0m Matched '/session/9c0ff67f-6efc-443b-a62f-dce2bca5d56b/element/00000000-0000-0042-0000-006f00000004/text' to command name 'getText'
&amp#27;[38;5;32m[AndroidUiautomator2Driver@e3cd (9c0ff67f)]&amp#27;[0m Proxying [GET /session/9c0ff67f-6efc-443b-a62f-dce2bca5d56b/element/00000000-0000-0042-0000-006f00000004/text] to [GET http://127.0.0.1:8200/session/2fea60ff-cc1e-449a-891a-56c913714252/element/00000000-0000-0042-0000-006f00000004/text] with no body
&amp#27;[38;5;32m[AndroidUiautomator2Driver@e3cd (9c0ff67f)]&amp#27;[0m Got response with status 200: {"sessionId":"2fea60ff-cc1e-449a-891a-56c913714252","value":"22:00"}
&amp#27;[38;5;32m[AndroidUiautomator2Driver@e3cd (9c0ff67f)]&amp#27;[0m Replacing sessionId 2fea60ff-cc1e-449a-891a-56c913714252 with 9c0ff67f-6efc-443b-a62f-dce2bca5d56b
&amp#27;[38;5;0m[HTTP]&amp#27;[0m &amp#27;[37m<-- GET /session/9c0ff67f-6efc-443b-a62f-dce2bca5d56b/element/00000000-0000-0042-0000-006f00000004/text &amp#27;[39m&amp#27;[32m200&amp#27;[39m &amp#27;[90m8 ms - 68&amp#27;[39m
&amp#27;[38;5;0m[HTTP]&amp#27;[0m &amp#27;[90m&amp#27;[39m
&amp#27;[38;5;0m[HTTP]&amp#27;[0m &amp#27;[37m-->&amp#27;[39m &amp#27;[37mGET&amp#27;[39m &amp#27;[37m/session/9c0ff67f-6efc-443b-a62f-dce2bca5d56b/element/00000000-0000-0042-0000-007100000004/text&amp#27;[39m
&amp#27;[38;5;0m[HTTP]&amp#27;[0m &amp#27;[90m{}&amp#27;[39m
&amp#27;[38;5;32m[AndroidUiautomator2Driver@e3cd (9c0ff67f)]&amp#27;[0m Driver proxy active, passing request on via HTTP proxy
&amp#27;[38;5;32m[AndroidUiautomator2Driver@e3cd (9c0ff67f)]&amp#27;[0m Matched '/session/9c0ff67f-6efc-443b-a62f-dce2bca5d56b/element/00000000-0000-0042-0000-007100000004/text' to command name 'getText'
&amp#27;[38;5;32m[AndroidUiautomator2Driver@e3cd (9c0ff67f)]&amp#27;[0m Proxying [GET /session/9c0ff67f-6efc-443b-a62f-dce2bca5d56b/element/00000000-0000-0042-0000-007100000004/text] to [GET http://127.0.0.1:8200/session/2fea60ff-cc1e-449a-891a-56c913714252/element/00000000-0000-0042-0000-007100000004/text] with no body
&amp#27;[38;5;32m[AndroidUiautomator2Driver@e3cd (9c0ff67f)]&amp#27;[0m Got response with status 200: {"sessionId":"2fea60ff-cc1e-449a-891a-56c913714252","value":"overcast clouds"}
&amp#27;[38;5;32m[AndroidUiautomator2Driver@e3cd (9c0ff67f)]&amp#27;[0m Replacing sessionId 2fea60ff-cc1e-449a-891a-56c913714252 with 9c0ff67f-6efc-443b-a62f-dce2bca5d56b
&amp#27;[38;5;0m[HTTP]&amp#27;[0m &amp#27;[37m<-- GET /session/9c0ff67f-6efc-443b-a62f-dce2bca5d56b/element/00000000-0000-0042-0000-007100000004/text &amp#27;[39m&amp#27;[32m200&amp#27;[39m &amp#27;[90m9 ms - 78&amp#27;[39m
&amp#27;[38;5;0m[HTTP]&amp#27;[0m &amp#27;[90m&amp#27;[39m
&amp#27;[38;5;0m[HTTP]&amp#27;[0m &amp#27;[37m-->&amp#27;[39m &amp#27;[37mGET&amp#27;[39m &amp#27;[37m/session/9c0ff67f-6efc-443b-a62f-dce2bca5d56b/element/00000000-0000-0042-0000-007300000004/text&amp#27;[39m
&amp#27;[38;5;0m[HTTP]&amp#27;[0m &amp#27;[90m{}&amp#27;[39m
&amp#27;[38;5;32m[AndroidUiautomator2Driver@e3cd (9c0ff67f)]&amp#27;[0m Driver proxy active, passing request on via HTTP proxy
&amp#27;[38;5;32m[AndroidUiautomator2Driver@e3cd (9c0ff67f)]&amp#27;[0m Matched '/session/9c0ff67f-6efc-443b-a62f-dce2bca5d56b/element/00000000-0000-0042-0000-007300000004/text' to command name 'getText'
&amp#27;[38;5;32m[AndroidUiautomator2Driver@e3cd (9c0ff67f)]&amp#27;[0m Proxying [GET /session/9c0ff67f-6efc-443b-a62f-dce2bca5d56b/element/00000000-0000-0042-0000-007300000004/text] to [GET http://127.0.0.1:8200/session/2fea60ff-cc1e-449a-891a-56c913714252/element/00000000-0000-0042-0000-007300000004/text] with no body
&amp#27;[38;5;32m[AndroidUiautomator2Driver@e3cd (9c0ff67f)]&amp#27;[0m Got response with status 200: {"sessionId":"2fea60ff-cc1e-449a-891a-56c913714252","value":"86 %"}
&amp#27;[38;5;32m[AndroidUiautomator2Driver@e3cd (9c0ff67f)]&amp#27;[0m Replacing sessionId 2fea60ff-cc1e-449a-891a-56c913714252 with 9c0ff67f-6efc-443b-a62f-dce2bca5d56b
&amp#27;[38;5;0m[HTTP]&amp#27;[0m &amp#27;[37m<-- GET /session/9c0ff67f-6efc-443b-a62f-dce2bca5d56b/element/00000000-0000-0042-0000-007300000004/text &amp#27;[39m&amp#27;[32m200&amp#27;[39m &amp#27;[90m9 ms - 67&amp#27;[39m
&amp#27;[38;5;0m[HTTP]&amp#27;[0m &amp#27;[90m&amp#27;[39m
&amp#27;[38;5;0m[HTTP]&amp#27;[0m &amp#27;[37m-->&amp#27;[39m &amp#27;[37mGET&amp#27;[39m &amp#27;[37m/session/9c0ff67f-6efc-443b-a62f-dce2bca5d56b/element/00000000-0000-0042-0000-007500000004/text&amp#27;[39m
&amp#27;[38;5;0m[HTTP]&amp#27;[0m &amp#27;[90m{}&amp#27;[39m
&amp#27;[38;5;32m[AndroidUiautomator2Driver@e3cd (9c0ff67f)]&amp#27;[0m Driver proxy active, passing request on via HTTP proxy
&amp#27;[38;5;32m[AndroidUiautomator2Driver@e3cd (9c0ff67f)]&amp#27;[0m Matched '/session/9c0ff67f-6efc-443b-a62f-dce2bca5d56b/element/00000000-0000-0042-0000-007500000004/text' to command name 'getText'
&amp#27;[38;5;32m[AndroidUiautomator2Driver@e3cd (9c0ff67f)]&amp#27;[0m Proxying [GET /session/9c0ff67f-6efc-443b-a62f-dce2bca5d56b/element/00000000-0000-0042-0000-007500000004/text] to [GET http://127.0.0.1:8200/session/2fea60ff-cc1e-449a-891a-56c913714252/element/00000000-0000-0042-0000-007500000004/text] with no body
&amp#27;[38;5;32m[AndroidUiautomator2Driver@e3cd (9c0ff67f)]&amp#27;[0m Got response with status 200: {"sessionId":"2fea60ff-cc1e-449a-891a-56c913714252","value":"9 Â°C"}
&amp#27;[38;5;32m[AndroidUiautomator2Driver@e3cd (9c0ff67f)]&amp#27;[0m Replacing sessionId 2fea60ff-cc1e-449a-891a-56c913714252 with 9c0ff67f-6efc-443b-a62f-dce2bca5d56b
&amp#27;[38;5;0m[HTTP]&amp#27;[0m &amp#27;[37m<-- GET /session/9c0ff67f-6efc-443b-a62f-dce2bca5d56b/element/00000000-0000-0042-0000-007500000004/text &amp#27;[39m&amp#27;[32m200&amp#27;[39m &amp#27;[90m9 ms - 68&amp#27;[39m
&amp#27;[38;5;0m[HTTP]&amp#27;[0m &amp#27;[90m&amp#27;[39m
&amp#27;[38;5;0m[HTTP]&amp#27;[0m &amp#27;[37m-->&amp#27;[39m &amp#27;[37mGET&amp#27;[39m &amp#27;[37m/session/9c0ff67f-6efc-443b-a62f-dce2bca5d56b/element/00000000-0000-0042-0000-007700000004/text&amp#27;[39m
&amp#27;[38;5;0m[HTTP]&amp#27;[0m &amp#27;[90m{}&amp#27;[39m
&amp#27;[38;5;32m[AndroidUiautomator2Driver@e3cd (9c0ff67f)]&amp#27;[0m Driver proxy active, passing request on via HTTP proxy
&amp#27;[38;5;32m[AndroidUiautomator2Driver@e3cd (9c0ff67f)]&amp#27;[0m Matched '/session/9c0ff67f-6efc-443b-a62f-dce2bca5d56b/element/00000000-0000-0042-0000-007700000004/text' to command name 'getText'
&amp#27;[38;5;32m[AndroidUiautomator2Driver@e3cd (9c0ff67f)]&amp#27;[0m Proxying [GET /session/9c0ff67f-6efc-443b-a62f-dce2bca5d56b/element/00000000-0000-0042-0000-007700000004/text] to [GET http://127.0.0.1:8200/session/2fea60ff-cc1e-449a-891a-56c913714252/element/00000000-0000-0042-0000-007700000004/text] with no body
&amp#27;[38;5;32m[AndroidUiautomator2Driver@e3cd (9c0ff67f)]&amp#27;[0m Got response with status 200: {"sessionId":"2fea60ff-cc1e-449a-891a-56c913714252","value":"23:00"}
&amp#27;[38;5;32m[AndroidUiautomator2Driver@e3cd (9c0ff67f)]&amp#27;[0m Replacing sessionId 2fea60ff-cc1e-449a-891a-56c913714252 with 9c0ff67f-6efc-443b-a62f-dce2bca5d56b
&amp#27;[38;5;0m[HTTP]&amp#27;[0m &amp#27;[37m<-- GET /session/9c0ff67f-6efc-443b-a62f-dce2bca5d56b/element/00000000-0000-0042-0000-007700000004/text &amp#27;[39m&amp#27;[32m200&amp#27;[39m &amp#27;[90m8 ms - 68&amp#27;[39m
&amp#27;[38;5;0m[HTTP]&amp#27;[0m &amp#27;[90m&amp#27;[39m
&amp#27;[38;5;0m[HTTP]&amp#27;[0m &amp#27;[37m-->&amp#27;[39m &amp#27;[37mGET&amp#27;[39m &amp#27;[37m/session/9c0ff67f-6efc-443b-a62f-dce2bca5d56b/element/00000000-0000-0042-0000-007900000004/text&amp#27;[39m
&amp#27;[38;5;0m[HTTP]&amp#27;[0m &amp#27;[90m{}&amp#27;[39m
&amp#27;[38;5;32m[AndroidUiautomator2Driver@e3cd (9c0ff67f)]&amp#27;[0m Driver proxy active, passing request on via HTTP proxy
&amp#27;[38;5;32m[AndroidUiautomator2Driver@e3cd (9c0ff67f)]&amp#27;[0m Matched '/session/9c0ff67f-6efc-443b-a62f-dce2bca5d56b/element/00000000-0000-0042-0000-007900000004/text' to command name 'getText'
&amp#27;[38;5;32m[AndroidUiautomator2Driver@e3cd (9c0ff67f)]&amp#27;[0m Proxying [GET /session/9c0ff67f-6efc-443b-a62f-dce2bca5d56b/element/00000000-0000-0042-0000-007900000004/text] to [GET http://127.0.0.1:8200/session/2fea60ff-cc1e-449a-891a-56c913714252/element/00000000-0000-0042-0000-007900000004/text] with no body
&amp#27;[38;5;32m[AndroidUiautomator2Driver@e3cd (9c0ff67f)]&amp#27;[0m Got response with status 200: {"sessionId":"2fea60ff-cc1e-449a-891a-56c913714252","value":"overcast clouds"}
&amp#27;[38;5;32m[AndroidUiautomator2Driver@e3cd (9c0ff67f)]&amp#27;[0m Replacing sessionId 2fea60ff-cc1e-449a-891a-56c913714252 with 9c0ff67f-6efc-443b-a62f-dce2bca5d56b
&amp#27;[38;5;0m[HTTP]&amp#27;[0m &amp#27;[37m<-- GET /session/9c0ff67f-6efc-443b-a62f-dce2bca5d56b/element/00000000-0000-0042-0000-007900000004/text &amp#27;[39m&amp#27;[32m200&amp#27;[39m &amp#27;[90m9 ms - 78&amp#27;[39m
&amp#27;[38;5;0m[HTTP]&amp#27;[0m &amp#27;[90m&amp#27;[39m
&amp#27;[38;5;0m[HTTP]&amp#27;[0m &amp#27;[37m-->&amp#27;[39m &amp#27;[37mGET&amp#27;[39m &amp#27;[37m/session/9c0ff67f-6efc-443b-a62f-dce2bca5d56b/element/00000000-0000-0042-0000-007b00000004/text&amp#27;[39m
&amp#27;[38;5;0m[HTTP]&amp#27;[0m &amp#27;[90m{}&amp#27;[39m
&amp#27;[38;5;32m[AndroidUiautomator2Driver@e3cd (9c0ff67f)]&amp#27;[0m Driver proxy active, passing request on via HTTP proxy
&amp#27;[38;5;32m[AndroidUiautomator2Driver@e3cd (9c0ff67f)]&amp#27;[0m Matched '/session/9c0ff67f-6efc-443b-a62f-dce2bca5d56b/element/00000000-0000-0042-0000-007b00000004/text' to command name 'getText'
&amp#27;[38;5;32m[AndroidUiautomator2Driver@e3cd (9c0ff67f)]&amp#27;[0m Proxying [GET /session/9c0ff67f-6efc-443b-a62f-dce2bca5d56b/element/00000000-0000-0042-0000-007b00000004/text] to [GET http://127.0.0.1:8200/session/2fea60ff-cc1e-449a-891a-56c913714252/element/00000000-0000-0042-0000-007b00000004/text] with no body
&amp#27;[38;5;32m[AndroidUiautomator2Driver@e3cd (9c0ff67f)]&amp#27;[0m Got response with status 200: {"sessionId":"2fea60ff-cc1e-449a-891a-56c913714252","value":"82 %"}
&amp#27;[38;5;32m[AndroidUiautomator2Driver@e3cd (9c0ff67f)]&amp#27;[0m Replacing sessionId 2fea60ff-cc1e-449a-891a-56c913714252 with 9c0ff67f-6efc-443b-a62f-dce2bca5d56b
&amp#27;[38;5;0m[HTTP]&amp#27;[0m &amp#27;[37m<-- GET /session/9c0ff67f-6efc-443b-a62f-dce2bca5d56b/element/00000000-0000-0042-0000-007b00000004/text &amp#27;[39m&amp#27;[32m200&amp#27;[39m &amp#27;[90m10 ms - 67&amp#27;[39m
&amp#27;[38;5;0m[HTTP]&amp#27;[0m &amp#27;[90m&amp#27;[39m
&amp#27;[38;5;0m[HTTP]&amp#27;[0m &amp#27;[37m-->&amp#27;[39m &amp#27;[37mGET&amp#27;[39m &amp#27;[37m/session/9c0ff67f-6efc-443b-a62f-dce2bca5d56b/element/00000000-0000-0042-0000-007d00000004/text&amp#27;[39m
&amp#27;[38;5;0m[HTTP]&amp#27;[0m &amp#27;[90m{}&amp#27;[39m
&amp#27;[38;5;32m[AndroidUiautomator2Driver@e3cd (9c0ff67f)]&amp#27;[0m Driver proxy active, passing request on via HTTP proxy
&amp#27;[38;5;32m[AndroidUiautomator2Driver@e3cd (9c0ff67f)]&amp#27;[0m Matched '/session/9c0ff67f-6efc-443b-a62f-dce2bca5d56b/element/00000000-0000-0042-0000-007d00000004/text' to command name 'getText'
&amp#27;[38;5;32m[AndroidUiautomator2Driver@e3cd (9c0ff67f)]&amp#27;[0m Proxying [GET /session/9c0ff67f-6efc-443b-a62f-dce2bca5d56b/element/00000000-0000-0042-0000-007d00000004/text] to [GET http://127.0.0.1:8200/session/2fea60ff-cc1e-449a-891a-56c913714252/element/00000000-0000-0042-0000-007d00000004/text] with no body
&amp#27;[38;5;32m[AndroidUiautomator2Driver@e3cd (9c0ff67f)]&amp#27;[0m Got response with status 200: {"sessionId":"2fea60ff-cc1e-449a-891a-56c913714252","value":"10 Â°C"}
&amp#27;[38;5;32m[AndroidUiautomator2Driver@e3cd (9c0ff67f)]&amp#27;[0m Replacing sessionId 2fea60ff-cc1e-449a-891a-56c913714252 with 9c0ff67f-6efc-443b-a62f-dce2bca5d56b
&amp#27;[38;5;0m[HTTP]&amp#27;[0m &amp#27;[37m<-- GET /session/9c0ff67f-6efc-443b-a62f-dce2bca5d56b/element/00000000-0000-0042-0000-007d00000004/text &amp#27;[39m&amp#27;[32m200&amp#27;[39m &amp#27;[90m9 ms - 69&amp#27;[39m
&amp#27;[38;5;0m[HTTP]&amp#27;[0m &amp#27;[90m&amp#27;[39m
&amp#27;[38;5;0m[HTTP]&amp#27;[0m &amp#27;[37m-->&amp#27;[39m &amp#27;[37mGET&amp#27;[39m &amp#27;[37m/session/9c0ff67f-6efc-443b-a62f-dce2bca5d56b/element/00000000-0000-0042-0000-007f00000004/text&amp#27;[39m
&amp#27;[38;5;0m[HTTP]&amp#27;[0m &amp#27;[90m{}&amp#27;[39m
&amp#27;[38;5;32m[AndroidUiautomator2Driver@e3cd (9c0ff67f)]&amp#27;[0m Driver proxy active, passing request on via HTTP proxy
&amp#27;[38;5;32m[AndroidUiautomator2Driver@e3cd (9c0ff67f)]&amp#27;[0m Matched '/session/9c0ff67f-6efc-443b-a62f-dce2bca5d56b/element/00000000-0000-0042-0000-007f00000004/text' to command name 'getText'
&amp#27;[38;5;32m[AndroidUiautomator2Driver@e3cd (9c0ff67f)]&amp#27;[0m Proxying [GET /session/9c0ff67f-6efc-443b-a62f-dce2bca5d56b/element/00000000-0000-0042-0000-007f00000004/text] to [GET http://127.0.0.1:8200/session/2fea60ff-cc1e-449a-891a-56c913714252/element/00000000-0000-0042-0000-007f00000004/text] with no body
&amp#27;[38;5;32m[AndroidUiautomator2Driver@e3cd (9c0ff67f)]&amp#27;[0m Got response with status 200: {"sessionId":"2fea60ff-cc1e-449a-891a-56c913714252","value":"00:00"}
&amp#27;[38;5;32m[AndroidUiautomator2Driver@e3cd (9c0ff67f)]&amp#27;[0m Replacing sessionId 2fea60ff-cc1e-449a-891a-56c913714252 with 9c0ff67f-6efc-443b-a62f-dce2bca5d56b
&amp#27;[38;5;0m[HTTP]&amp#27;[0m &amp#27;[37m<-- GET /session/9c0ff67f-6efc-443b-a62f-dce2bca5d56b/element/00000000-0000-0042-0000-007f00000004/text &amp#27;[39m&amp#27;[32m200&amp#27;[39m &amp#27;[90m9 ms - 68&amp#27;[39m
&amp#27;[38;5;0m[HTTP]&amp#27;[0m &amp#27;[90m&amp#27;[39m
&amp#27;[38;5;0m[HTTP]&amp#27;[0m &amp#27;[37m-->&amp#27;[39m &amp#27;[37mGET&amp#27;[39m &amp#27;[37m/session/9c0ff67f-6efc-443b-a62f-dce2bca5d56b/element/00000000-0000-0042-0000-008100000004/text&amp#27;[39m
&amp#27;[38;5;0m[HTTP]&amp#27;[0m &amp#27;[90m{}&amp#27;[39m
&amp#27;[38;5;32m[AndroidUiautomator2Driver@e3cd (9c0ff67f)]&amp#27;[0m Driver proxy active, passing request on via HTTP proxy
&amp#27;[38;5;32m[AndroidUiautomator2Driver@e3cd (9c0ff67f)]&amp#27;[0m Matched '/session/9c0ff67f-6efc-443b-a62f-dce2bca5d56b/element/00000000-0000-0042-0000-008100000004/text' to command name 'getText'
&amp#27;[38;5;32m[AndroidUiautomator2Driver@e3cd (9c0ff67f)]&amp#27;[0m Proxying [GET /session/9c0ff67f-6efc-443b-a62f-dce2bca5d56b/element/00000000-0000-0042-0000-008100000004/text] to [GET http://127.0.0.1:8200/session/2fea60ff-cc1e-449a-891a-56c913714252/element/00000000-0000-0042-0000-008100000004/text] with no body
&amp#27;[38;5;32m[AndroidUiautomator2Driver@e3cd (9c0ff67f)]&amp#27;[0m Got response with status 200: {"sessionId":"2fea60ff-cc1e-449a-891a-56c913714252","value":"overcast clouds"}
&amp#27;[38;5;32m[AndroidUiautomator2Driver@e3cd (9c0ff67f)]&amp#27;[0m Replacing sessionId 2fea60ff-cc1e-449a-891a-56c913714252 with 9c0ff67f-6efc-443b-a62f-dce2bca5d56b
&amp#27;[38;5;0m[HTTP]&amp#27;[0m &amp#27;[37m<-- GET /session/9c0ff67f-6efc-443b-a62f-dce2bca5d56b/element/00000000-0000-0042-0000-008100000004/text &amp#27;[39m&amp#27;[32m200&amp#27;[39m &amp#27;[90m9 ms - 78&amp#27;[39m
&amp#27;[38;5;0m[HTTP]&amp#27;[0m &amp#27;[90m&amp#27;[39m
&amp#27;[38;5;0m[HTTP]&amp#27;[0m &amp#27;[37m-->&amp#27;[39m &amp#27;[37mGET&amp#27;[39m &amp#27;[37m/session/9c0ff67f-6efc-443b-a62f-dce2bca5d56b/element/00000000-0000-0042-0000-008300000004/text&amp#27;[39m
&amp#27;[38;5;0m[HTTP]&amp#27;[0m &amp#27;[90m{}&amp#27;[39m
&amp#27;[38;5;32m[AndroidUiautomator2Driver@e3cd (9c0ff67f)]&amp#27;[0m Driver proxy active, passing request on via HTTP proxy
&amp#27;[38;5;32m[AndroidUiautomator2Driver@e3cd (9c0ff67f)]&amp#27;[0m Matched '/session/9c0ff67f-6efc-443b-a62f-dce2bca5d56b/element/00000000-0000-0042-0000-008300000004/text' to command name 'getText'
&amp#27;[38;5;32m[AndroidUiautomator2Driver@e3cd (9c0ff67f)]&amp#27;[0m Proxying [GET /session/9c0ff67f-6efc-443b-a62f-dce2bca5d56b/element/00000000-0000-0042-0000-008300000004/text] to [GET http://127.0.0.1:8200/session/2fea60ff-cc1e-449a-891a-56c913714252/element/00000000-0000-0042-0000-008300000004/text] with no body
&amp#27;[38;5;32m[AndroidUiautomator2Driver@e3cd (9c0ff67f)]&amp#27;[0m Got response with status 200: {"sessionId":"2fea60ff-cc1e-449a-891a-56c913714252","value":"78 %"}
&amp#27;[38;5;32m[AndroidUiautomator2Driver@e3cd (9c0ff67f)]&amp#27;[0m Replacing sessionId 2fea60ff-cc1e-449a-891a-56c913714252 with 9c0ff67f-6efc-443b-a62f-dce2bca5d56b
&amp#27;[38;5;0m[HTTP]&amp#27;[0m &amp#27;[37m<-- GET /session/9c0ff67f-6efc-443b-a62f-dce2bca5d56b/element/00000000-0000-0042-0000-008300000004/text &amp#27;[39m&amp#27;[32m200&amp#27;[39m &amp#27;[90m9 ms - 67&amp#27;[39m
&amp#27;[38;5;0m[HTTP]&amp#27;[0m &amp#27;[90m&amp#27;[39m
&amp#27;[38;5;0m[HTTP]&amp#27;[0m &amp#27;[37m-->&amp#27;[39m &amp#27;[37mGET&amp#27;[39m &amp#27;[37m/session/9c0ff67f-6efc-443b-a62f-dce2bca5d56b/element/00000000-0000-0042-0000-008500000004/text&amp#27;[39m
&amp#27;[38;5;0m[HTTP]&amp#27;[0m &amp#27;[90m{}&amp#27;[39m
&amp#27;[38;5;32m[AndroidUiautomator2Driver@e3cd (9c0ff67f)]&amp#27;[0m Driver proxy active, passing request on via HTTP proxy
&amp#27;[38;5;32m[AndroidUiautomator2Driver@e3cd (9c0ff67f)]&amp#27;[0m Matched '/session/9c0ff67f-6efc-443b-a62f-dce2bca5d56b/element/00000000-0000-0042-0000-008500000004/text' to command name 'getText'
&amp#27;[38;5;32m[AndroidUiautomator2Driver@e3cd (9c0ff67f)]&amp#27;[0m Proxying [GET /session/9c0ff67f-6efc-443b-a62f-dce2bca5d56b/element/00000000-0000-0042-0000-008500000004/text] to [GET http://127.0.0.1:8200/session/2fea60ff-cc1e-449a-891a-56c913714252/element/00000000-0000-0042-0000-008500000004/text] with no body
&amp#27;[38;5;32m[AndroidUiautomator2Driver@e3cd (9c0ff67f)]&amp#27;[0m Got response with status 200: {"sessionId":"2fea60ff-cc1e-449a-891a-56c913714252","value":"11 Â°C"}
&amp#27;[38;5;32m[AndroidUiautomator2Driver@e3cd (9c0ff67f)]&amp#27;[0m Replacing sessionId 2fea60ff-cc1e-449a-891a-56c913714252 with 9c0ff67f-6efc-443b-a62f-dce2bca5d56b
&amp#27;[38;5;0m[HTTP]&amp#27;[0m &amp#27;[37m<-- GET /session/9c0ff67f-6efc-443b-a62f-dce2bca5d56b/element/00000000-0000-0042-0000-008500000004/text &amp#27;[39m&amp#27;[32m200&amp#27;[39m &amp#27;[90m10 ms - 69&amp#27;[39m
&amp#27;[38;5;0m[HTTP]&amp#27;[0m &amp#27;[90m&amp#27;[39m
&amp#27;[38;5;0m[HTTP]&amp#27;[0m &amp#27;[37m-->&amp#27;[39m &amp#27;[37mPOST&amp#27;[39m &amp#27;[37m/session/9c0ff67f-6efc-443b-a62f-dce2bca5d56b/execute/sync&amp#27;[39m
&amp#27;[38;5;0m[HTTP]&amp#27;[0m &amp#27;[90m{"script":"mobile: swipeGesture","args":[{"elementId":"00000000-0000-0042-0000-001d00000004","percent":0.4,"speed":320,"direction":"left"}]}&amp#27;[39m
&amp#27;[38;5;32m[AndroidUiautomator2Driver@e3cd (9c0ff67f)]&amp#27;[0m Calling AppiumDriver.execute() with args: ["mobile: swipeGesture",[{"elementId":"00000000-0000-0042-0000-001d00000004","percent":0.4,"speed":320,"direction":"left"}],"9c0ff67f-6efc-443b-a62f-dce2bca5d56b"]
&amp#27;[38;5;32m[AndroidUiautomator2Driver@e3cd (9c0ff67f)]&amp#27;[0m Executing method 'mobile: swipeGesture'
&amp#27;[38;5;32m[AndroidUiautomator2Driver@e3cd (9c0ff67f)]&amp#27;[0m Proxying [POST /appium/gestures/swipe] to [POST http://127.0.0.1:8200/session/2fea60ff-cc1e-449a-891a-56c913714252/appium/gestures/swipe] with body: {"origin":{"ELEMENT":"00000000-0000-0042-0000-001d00000004","element-6066-11e4-a52e-4f735466cecf":"00000000-0000-0042-0000-001d00000004"},"direction":"left","percent":0.4,"speed":320}
&amp#27;[38;5;32m[AndroidUiautomator2Driver@e3cd (9c0ff67f)]&amp#27;[0m Got response with status 200: {"sessionId":"2fea60ff-cc1e-449a-891a-56c913714252","value":null}
&amp#27;[38;5;32m[AndroidUiautomator2Driver@e3cd (9c0ff67f)]&amp#27;[0m Responding to client with driver.execute() result: null
&amp#27;[38;5;0m[HTTP]&amp#27;[0m &amp#27;[37m<-- POST /session/9c0ff67f-6efc-443b-a62f-dce2bca5d56b/execute/sync &amp#27;[39m&amp#27;[32m200&amp#27;[39m &amp#27;[90m1554 ms - 14&amp#27;[39m
&amp#27;[38;5;0m[HTTP]&amp#27;[0m &amp#27;[90m&amp#27;[39m
&amp#27;[38;5;0m[HTTP]&amp#27;[0m &amp#27;[37m-->&amp#27;[39m &amp#27;[37mPOST&amp#27;[39m &amp#27;[37m/session/9c0ff67f-6efc-443b-a62f-dce2bca5d56b/elements&amp#27;[39m
&amp#27;[38;5;0m[HTTP]&amp#27;[0m &amp#27;[90m{"using":"xpath","value":"//android.widget.HorizontalScrollView"}&amp#27;[39m
&amp#27;[38;5;32m[AndroidUiautomator2Driver@e3cd (9c0ff67f)]&amp#27;[0m Calling AppiumDriver.findElements() with args: ["xpath","//android.widget.HorizontalScrollView","9c0ff67f-6efc-443b-a62f-dce2bca5d56b"]
&amp#27;[38;5;32m[AndroidUiautomator2Driver@e3cd (9c0ff67f)]&amp#27;[0m Valid locator strategies for this request: xpath, id, class name, accessibility id, css selector, -android uiautomator
&amp#27;[38;5;32m[AndroidUiautomator2Driver@e3cd (9c0ff67f)]&amp#27;[0m Waiting up to 0 ms for condition
&amp#27;[38;5;32m[AndroidUiautomator2Driver@e3cd (9c0ff67f)]&amp#27;[0m Matched '/elements' to command name 'findElements'
&amp#27;[38;5;32m[AndroidUiautomator2Driver@e3cd (9c0ff67f)]&amp#27;[0m Proxying [POST /elements] to [POST http://127.0.0.1:8200/session/2fea60ff-cc1e-449a-891a-56c913714252/elements] with body: {"strategy":"xpath","selector":"//android.widget.HorizontalScrollView","context":"","multiple":true}
&amp#27;[38;5;32m[AndroidUiautomator2Driver@e3cd (9c0ff67f)]&amp#27;[0m Got response with status 200: {"sessionId":"2fea60ff-cc1e-449a-891a-56c913714252","value":[{"ELEMENT":"00000000-0000-0042-0000-001d00000004","element-6066-11e4-a52e-4f735466cecf":"00000000-0000-0042-0000-001d00000004"},{"ELEMENT":"00000000-0000-0042-0000-001e00000004","element-6066-11e4-a52e-4f735466cecf":"00000000-0000-0042-0000-001e00000004"}]}
&amp#27;[38;5;32m[AndroidUiautomator2Driver@e3cd (9c0ff67f)]&amp#27;[0m Responding to client with driver.findElements() result: [{"element-6066-11e4-a52e-4f735466cecf":"00000000-0000-0042-0000-001d00000004","ELEMENT":"00000000-0000-0042-0000-001d00000004"},{"element-6066-11e4-a52e-4f735466cecf":"00000000-0000-0042-0000-001e00000004","ELEMENT":"00000000-0000-0042-0000-001e00000004"}]
&amp#27;[38;5;0m[HTTP]&amp#27;[0m &amp#27;[37m<-- POST /session/9c0ff67f-6efc-443b-a62f-dce2bca5d56b/elements &amp#27;[39m&amp#27;[32m200&amp#27;[39m &amp#27;[90m125 ms - 267&amp#27;[39m
&amp#27;[38;5;0m[HTTP]&amp#27;[0m &amp#27;[90m&amp#27;[39m
&amp#27;[38;5;0m[HTTP]&amp#27;[0m &amp#27;[37m-->&amp#27;[39m &amp#27;[37mPOST&amp#27;[39m &amp#27;[37m/session/9c0ff67f-6efc-443b-a62f-dce2bca5d56b/element/00000000-0000-0042-0000-001d00000004/elements&amp#27;[39m
&amp#27;[38;5;0m[HTTP]&amp#27;[0m &amp#27;[90m{"id":"00000000-0000-0042-0000-001d00000004","using":"xpath","value":"//android.view.View"}&amp#27;[39m
&amp#27;[38;5;32m[AndroidUiautomator2Driver@e3cd (9c0ff67f)]&amp#27;[0m Calling AppiumDriver.findElementsFromElement() with args: ["xpath","//android.view.View","00000000-0000-0042-0000-001d00000004","9c0ff67f-6efc-443b-a62f-dce2bca5d56b"]
&amp#27;[38;5;32m[AndroidUiautomator2Driver@e3cd (9c0ff67f)]&amp#27;[0m Valid locator strategies for this request: xpath, id, class name, accessibility id, css selector, -android uiautomator
&amp#27;[38;5;32m[AndroidUiautomator2Driver@e3cd (9c0ff67f)]&amp#27;[0m Waiting up to 0 ms for condition
&amp#27;[38;5;32m[AndroidUiautomator2Driver@e3cd (9c0ff67f)]&amp#27;[0m Matched '/elements' to command name 'findElements'
&amp#27;[38;5;32m[AndroidUiautomator2Driver@e3cd (9c0ff67f)]&amp#27;[0m Proxying [POST /elements] to [POST http://127.0.0.1:8200/session/2fea60ff-cc1e-449a-891a-56c913714252/elements] with body: {"strategy":"xpath","selector":"//android.view.View","context":"00000000-0000-0042-0000-001d00000004","multiple":true}
&amp#27;[38;5;32m[AndroidUiautomator2Driver@e3cd (9c0ff67f)]&amp#27;[0m Got response with status 200: {"sessionId":"2fea60ff-cc1e-449a-891a-56c913714252","value":[{"ELEMENT":"00000000-0000-0042-0000-006f00000004","element-6066-11e4-a52e-4f735466cecf":"00000000-0000-0042-0000-006f00000004"},{"ELEMENT":"00000000-0000-0042-0000-007100000004","element-6066-11e4-a52e-4f735466cecf":"00000000-0000-0042-0000-007100000004"},{"ELEMENT":"00000000-0000-0042-0000-007300000004","element-6066-11e4-a52e-4f735466cecf":"00000000-0000-0042-0000-007300000004"},{"ELEMENT":"00000000-0000-0042-0000-007500000004","element-6066-11e4-a52e-4f735466cecf":"00000000-0000-0042-0000-007500000004"},{"ELEMENT":"00000000-0000-0042-0000-007700000004","element-6066-11e4-a52e-4f735466cecf":"00000000-0000-0042-0000-007700000004"},{"ELEMENT":"00000000-0000-0042-0000-007900000004","element-6066-11e4-a52e-4f735466cecf":"00000000-0000-0042-0000-007900000004"},{"ELEMENT":"00000000-0000-0042-0000-007b00000004","element-6066-11e4-a52e-4f735466cecf":"00000000-0000-0042-0000-007b00000004"},{"ELEMENT":"00000000-0000-0042-0000-007d00000004","element-6066-...
&amp#27;[38;5;32m[AndroidUiautomator2Driver@e3cd (9c0ff67f)]&amp#27;[0m Responding to client with driver.findElementsFromElement() result: [{"element-6066-11e4-a52e-4f735466cecf":"00000000-0000-0042-0000-006f00000004","ELEMENT":"00000000-0000-0042-0000-006f00000004"},{"element-6066-11e4-a52e-4f735466cecf":"00000000-0000-0042-0000-007100000004","ELEMENT":"00000000-0000-0042-0000-007100000004"},{"element-6066-11e4-a52e-4f735466cecf":"00000000-0000-0042-0000-007300000004","ELEMENT":"00000000-0000-0042-0000-007300000004"},{"element-6066-11e4-a52e-4f735466cecf":"00000000-0000-0042-0000-007500000004","ELEMENT":"00000000-0000-0042-0000-007500000004"},{"element-6066-11e4-a52e-4f735466cecf":"00000000-0000-0042-0000-007700000004","ELEMENT":"00000000-0000-0042-0000-007700000004"},{"element-6066-11e4-a52e-4f735466cecf":"00000000-0000-0042-0000-007900000004","ELEMENT":"00000000-0000-0042-0000-007900000004"},{"element-6066-11e4-a52e-4f735466cecf":"00000000-0000-0042-0000-007b00000004","ELEMENT":"00000000-0000-0042-0000-007b00000004"},{"element-6066-11e4-a52e-4f735466cecf":"00000000-0000-0042-0000-007d00000004","ELEMENT":"00000000-0000-0042-0000-007d0000000...
&amp#27;[38;5;0m[HTTP]&amp#27;[0m &amp#27;[37m<-- POST /session/9c0ff67f-6efc-443b-a62f-dce2bca5d56b/element/00000000-0000-0042-0000-001d00000004/elements &amp#27;[39m&amp#27;[32m200&amp#27;[39m &amp#27;[90m48 ms - 2059&amp#27;[39m
&amp#27;[38;5;0m[HTTP]&amp#27;[0m &amp#27;[90m&amp#27;[39m
&amp#27;[38;5;0m[HTTP]&amp#27;[0m &amp#27;[37m-->&amp#27;[39m &amp#27;[37mGET&amp#27;[39m &amp#27;[37m/session/9c0ff67f-6efc-443b-a62f-dce2bca5d56b/element/00000000-0000-0042-0000-006f00000004/text&amp#27;[39m
&amp#27;[38;5;0m[HTTP]&amp#27;[0m &amp#27;[90m{}&amp#27;[39m
&amp#27;[38;5;32m[AndroidUiautomator2Driver@e3cd (9c0ff67f)]&amp#27;[0m Driver proxy active, passing request on via HTTP proxy
&amp#27;[38;5;32m[AndroidUiautomator2Driver@e3cd (9c0ff67f)]&amp#27;[0m Matched '/session/9c0ff67f-6efc-443b-a62f-dce2bca5d56b/element/00000000-0000-0042-0000-006f00000004/text' to command name 'getText'
&amp#27;[38;5;32m[AndroidUiautomator2Driver@e3cd (9c0ff67f)]&amp#27;[0m Proxying [GET /session/9c0ff67f-6efc-443b-a62f-dce2bca5d56b/element/00000000-0000-0042-0000-006f00000004/text] to [GET http://127.0.0.1:8200/session/2fea60ff-cc1e-449a-891a-56c913714252/element/00000000-0000-0042-0000-006f00000004/text] with no body
&amp#27;[38;5;32m[AndroidUiautomator2Driver@e3cd (9c0ff67f)]&amp#27;[0m Got response with status 200: {"sessionId":"2fea60ff-cc1e-449a-891a-56c913714252","value":"22:00"}
&amp#27;[38;5;32m[AndroidUiautomator2Driver@e3cd (9c0ff67f)]&amp#27;[0m Replacing sessionId 2fea60ff-cc1e-449a-891a-56c913714252 with 9c0ff67f-6efc-443b-a62f-dce2bca5d56b
&amp#27;[38;5;0m[HTTP]&amp#27;[0m &amp#27;[37m<-- GET /session/9c0ff67f-6efc-443b-a62f-dce2bca5d56b/element/00000000-0000-0042-0000-006f00000004/text &amp#27;[39m&amp#27;[32m200&amp#27;[39m &amp#27;[90m9 ms - 68&amp#27;[39m
&amp#27;[38;5;0m[HTTP]&amp#27;[0m &amp#27;[90m&amp#27;[39m
&amp#27;[38;5;0m[HTTP]&amp#27;[0m &amp#27;[37m-->&amp#27;[39m &amp#27;[37mGET&amp#27;[39m &amp#27;[37m/session/9c0ff67f-6efc-443b-a62f-dce2bca5d56b/element/00000000-0000-0042-0000-007100000004/text&amp#27;[39m
&amp#27;[38;5;0m[HTTP]&amp#27;[0m &amp#27;[90m{}&amp#27;[39m
&amp#27;[38;5;32m[AndroidUiautomator2Driver@e3cd (9c0ff67f)]&amp#27;[0m Driver proxy active, passing request on via HTTP proxy
&amp#27;[38;5;32m[AndroidUiautomator2Driver@e3cd (9c0ff67f)]&amp#27;[0m Matched '/session/9c0ff67f-6efc-443b-a62f-dce2bca5d56b/element/00000000-0000-0042-0000-007100000004/text' to command name 'getText'
&amp#27;[38;5;32m[AndroidUiautomator2Driver@e3cd (9c0ff67f)]&amp#27;[0m Proxying [GET /session/9c0ff67f-6efc-443b-a62f-dce2bca5d56b/element/00000000-0000-0042-0000-007100000004/text] to [GET http://127.0.0.1:8200/session/2fea60ff-cc1e-449a-891a-56c913714252/element/00000000-0000-0042-0000-007100000004/text] with no body
&amp#27;[38;5;32m[AndroidUiautomator2Driver@e3cd (9c0ff67f)]&amp#27;[0m Got response with status 200: {"sessionId":"2fea60ff-cc1e-449a-891a-56c913714252","value":"overcast clouds"}
&amp#27;[38;5;32m[AndroidUiautomator2Driver@e3cd (9c0ff67f)]&amp#27;[0m Replacing sessionId 2fea60ff-cc1e-449a-891a-56c913714252 with 9c0ff67f-6efc-443b-a62f-dce2bca5d56b
&amp#27;[38;5;0m[HTTP]&amp#27;[0m &amp#27;[37m<-- GET /session/9c0ff67f-6efc-443b-a62f-dce2bca5d56b/element/00000000-0000-0042-0000-007100000004/text &amp#27;[39m&amp#27;[32m200&amp#27;[39m &amp#27;[90m8 ms - 78&amp#27;[39m
&amp#27;[38;5;0m[HTTP]&amp#27;[0m &amp#27;[90m&amp#27;[39m
&amp#27;[38;5;0m[HTTP]&amp#27;[0m &amp#27;[37m-->&amp#27;[39m &amp#27;[37mGET&amp#27;[39m &amp#27;[37m/session/9c0ff67f-6efc-443b-a62f-dce2bca5d56b/element/00000000-0000-0042-0000-007300000004/text&amp#27;[39m
&amp#27;[38;5;0m[HTTP]&amp#27;[0m &amp#27;[90m{}&amp#27;[39m
&amp#27;[38;5;32m[AndroidUiautomator2Driver@e3cd (9c0ff67f)]&amp#27;[0m Driver proxy active, passing request on via HTTP proxy
&amp#27;[38;5;32m[AndroidUiautomator2Driver@e3cd (9c0ff67f)]&amp#27;[0m Matched '/session/9c0ff67f-6efc-443b-a62f-dce2bca5d56b/element/00000000-0000-0042-0000-007300000004/text' to command name 'getText'
&amp#27;[38;5;32m[AndroidUiautomator2Driver@e3cd (9c0ff67f)]&amp#27;[0m Proxying [GET /session/9c0ff67f-6efc-443b-a62f-dce2bca5d56b/element/00000000-0000-0042-0000-007300000004/text] to [GET http://127.0.0.1:8200/session/2fea60ff-cc1e-449a-891a-56c913714252/element/00000000-0000-0042-0000-007300000004/text] with no body
&amp#27;[38;5;32m[AndroidUiautomator2Driver@e3cd (9c0ff67f)]&amp#27;[0m Got response with status 200: {"sessionId":"2fea60ff-cc1e-449a-891a-56c913714252","value":"86 %"}
&amp#27;[38;5;32m[AndroidUiautomator2Driver@e3cd (9c0ff67f)]&amp#27;[0m Replacing sessionId 2fea60ff-cc1e-449a-891a-56c913714252 with 9c0ff67f-6efc-443b-a62f-dce2bca5d56b
&amp#27;[38;5;0m[HTTP]&amp#27;[0m &amp#27;[37m<-- GET /session/9c0ff67f-6efc-443b-a62f-dce2bca5d56b/element/00000000-0000-0042-0000-007300000004/text &amp#27;[39m&amp#27;[32m200&amp#27;[39m &amp#27;[90m8 ms - 67&amp#27;[39m
&amp#27;[38;5;0m[HTTP]&amp#27;[0m &amp#27;[90m&amp#27;[39m
&amp#27;[38;5;0m[HTTP]&amp#27;[0m &amp#27;[37m-->&amp#27;[39m &amp#27;[37mGET&amp#27;[39m &amp#27;[37m/session/9c0ff67f-6efc-443b-a62f-dce2bca5d56b/element/00000000-0000-0042-0000-007500000004/text&amp#27;[39m
&amp#27;[38;5;0m[HTTP]&amp#27;[0m &amp#27;[90m{}&amp#27;[39m
&amp#27;[38;5;32m[AndroidUiautomator2Driver@e3cd (9c0ff67f)]&amp#27;[0m Driver proxy active, passing request on via HTTP proxy
&amp#27;[38;5;32m[AndroidUiautomator2Driver@e3cd (9c0ff67f)]&amp#27;[0m Matched '/session/9c0ff67f-6efc-443b-a62f-dce2bca5d56b/element/00000000-0000-0042-0000-007500000004/text' to command name 'getText'
&amp#27;[38;5;32m[AndroidUiautomator2Driver@e3cd (9c0ff67f)]&amp#27;[0m Proxying [GET /session/9c0ff67f-6efc-443b-a62f-dce2bca5d56b/element/00000000-0000-0042-0000-007500000004/text] to [GET http://127.0.0.1:8200/session/2fea60ff-cc1e-449a-891a-56c913714252/element/00000000-0000-0042-0000-007500000004/text] with no body
&amp#27;[38;5;32m[AndroidUiautomator2Driver@e3cd (9c0ff67f)]&amp#27;[0m Got response with status 200: {"sessionId":"2fea60ff-cc1e-449a-891a-56c913714252","value":"9 Â°C"}
&amp#27;[38;5;32m[AndroidUiautomator2Driver@e3cd (9c0ff67f)]&amp#27;[0m Replacing sessionId 2fea60ff-cc1e-449a-891a-56c913714252 with 9c0ff67f-6efc-443b-a62f-dce2bca5d56b
&amp#27;[38;5;0m[HTTP]&amp#27;[0m &amp#27;[37m<-- GET /session/9c0ff67f-6efc-443b-a62f-dce2bca5d56b/element/00000000-0000-0042-0000-007500000004/text &amp#27;[39m&amp#27;[32m200&amp#27;[39m &amp#27;[90m8 ms - 68&amp#27;[39m
&amp#27;[38;5;0m[HTTP]&amp#27;[0m &amp#27;[90m&amp#27;[39m
&amp#27;[38;5;0m[HTTP]&amp#27;[0m &amp#27;[37m-->&amp#27;[39m &amp#27;[37mGET&amp#27;[39m &amp#27;[37m/session/9c0ff67f-6efc-443b-a62f-dce2bca5d56b/element/00000000-0000-0042-0000-007700000004/text&amp#27;[39m
&amp#27;[38;5;0m[HTTP]&amp#27;[0m &amp#27;[90m{}&amp#27;[39m
&amp#27;[38;5;32m[AndroidUiautomator2Driver@e3cd (9c0ff67f)]&amp#27;[0m Driver proxy active, passing request on via HTTP proxy
&amp#27;[38;5;32m[AndroidUiautomator2Driver@e3cd (9c0ff67f)]&amp#27;[0m Matched '/session/9c0ff67f-6efc-443b-a62f-dce2bca5d56b/element/00000000-0000-0042-0000-007700000004/text' to command name 'getText'
&amp#27;[38;5;32m[AndroidUiautomator2Driver@e3cd (9c0ff67f)]&amp#27;[0m Proxying [GET /session/9c0ff67f-6efc-443b-a62f-dce2bca5d56b/element/00000000-0000-0042-0000-007700000004/text] to [GET http://127.0.0.1:8200/session/2fea60ff-cc1e-449a-891a-56c913714252/element/00000000-0000-0042-0000-007700000004/text] with no body
&amp#27;[38;5;32m[AndroidUiautomator2Driver@e3cd (9c0ff67f)]&amp#27;[0m Got response with status 200: {"sessionId":"2fea60ff-cc1e-449a-891a-56c913714252","value":"23:00"}
&amp#27;[38;5;32m[AndroidUiautomator2Driver@e3cd (9c0ff67f)]&amp#27;[0m Replacing sessionId 2fea60ff-cc1e-449a-891a-56c913714252 with 9c0ff67f-6efc-443b-a62f-dce2bca5d56b
&amp#27;[38;5;0m[HTTP]&amp#27;[0m &amp#27;[37m<-- GET /session/9c0ff67f-6efc-443b-a62f-dce2bca5d56b/element/00000000-0000-0042-0000-007700000004/text &amp#27;[39m&amp#27;[32m200&amp#27;[39m &amp#27;[90m8 ms - 68&amp#27;[39m
&amp#27;[38;5;0m[HTTP]&amp#27;[0m &amp#27;[90m&amp#27;[39m
&amp#27;[38;5;0m[HTTP]&amp#27;[0m &amp#27;[37m-->&amp#27;[39m &amp#27;[37mGET&amp#27;[39m &amp#27;[37m/session/9c0ff67f-6efc-443b-a62f-dce2bca5d56b/element/00000000-0000-0042-0000-007900000004/text&amp#27;[39m
&amp#27;[38;5;0m[HTTP]&amp#27;[0m &amp#27;[90m{}&amp#27;[39m
&amp#27;[38;5;32m[AndroidUiautomator2Driver@e3cd (9c0ff67f)]&amp#27;[0m Driver proxy active, passing request on via HTTP proxy
&amp#27;[38;5;32m[AndroidUiautomator2Driver@e3cd (9c0ff67f)]&amp#27;[0m Matched '/session/9c0ff67f-6efc-443b-a62f-dce2bca5d56b/element/00000000-0000-0042-0000-007900000004/text' to command name 'getText'
&amp#27;[38;5;32m[AndroidUiautomator2Driver@e3cd (9c0ff67f)]&amp#27;[0m Proxying [GET /session/9c0ff67f-6efc-443b-a62f-dce2bca5d56b/element/00000000-0000-0042-0000-007900000004/text] to [GET http://127.0.0.1:8200/session/2fea60ff-cc1e-449a-891a-56c913714252/element/00000000-0000-0042-0000-007900000004/text] with no body
&amp#27;[38;5;32m[AndroidUiautomator2Driver@e3cd (9c0ff67f)]&amp#27;[0m Got response with status 200: {"sessionId":"2fea60ff-cc1e-449a-891a-56c913714252","value":"overcast clouds"}
&amp#27;[38;5;32m[AndroidUiautomator2Driver@e3cd (9c0ff67f)]&amp#27;[0m Replacing sessionId 2fea60ff-cc1e-449a-891a-56c913714252 with 9c0ff67f-6efc-443b-a62f-dce2bca5d56b
&amp#27;[38;5;0m[HTTP]&amp#27;[0m &amp#27;[37m<-- GET /session/9c0ff67f-6efc-443b-a62f-dce2bca5d56b/element/00000000-0000-0042-0000-007900000004/text &amp#27;[39m&amp#27;[32m200&amp#27;[39m &amp#27;[90m10 ms - 78&amp#27;[39m
&amp#27;[38;5;0m[HTTP]&amp#27;[0m &amp#27;[90m&amp#27;[39m
&amp#27;[38;5;0m[HTTP]&amp#27;[0m &amp#27;[37m-->&amp#27;[39m &amp#27;[37mGET&amp#27;[39m &amp#27;[37m/session/9c0ff67f-6efc-443b-a62f-dce2bca5d56b/element/00000000-0000-0042-0000-007b00000004/text&amp#27;[39m
&amp#27;[38;5;0m[HTTP]&amp#27;[0m &amp#27;[90m{}&amp#27;[39m
&amp#27;[38;5;32m[AndroidUiautomator2Driver@e3cd (9c0ff67f)]&amp#27;[0m Driver proxy active, passing request on via HTTP proxy
&amp#27;[38;5;32m[AndroidUiautomator2Driver@e3cd (9c0ff67f)]&amp#27;[0m Matched '/session/9c0ff67f-6efc-443b-a62f-dce2bca5d56b/element/00000000-0000-0042-0000-007b00000004/text' to command name 'getText'
&amp#27;[38;5;32m[AndroidUiautomator2Driver@e3cd (9c0ff67f)]&amp#27;[0m Proxying [GET /session/9c0ff67f-6efc-443b-a62f-dce2bca5d56b/element/00000000-0000-0042-0000-007b00000004/text] to [GET http://127.0.0.1:8200/session/2fea60ff-cc1e-449a-891a-56c913714252/element/00000000-0000-0042-0000-007b00000004/text] with no body
&amp#27;[38;5;32m[AndroidUiautomator2Driver@e3cd (9c0ff67f)]&amp#27;[0m Got response with status 200: {"sessionId":"2fea60ff-cc1e-449a-891a-56c913714252","value":"82 %"}
&amp#27;[38;5;32m[AndroidUiautomator2Driver@e3cd (9c0ff67f)]&amp#27;[0m Replacing sessionId 2fea60ff-cc1e-449a-891a-56c913714252 with 9c0ff67f-6efc-443b-a62f-dce2bca5d56b
&amp#27;[38;5;0m[HTTP]&amp#27;[0m &amp#27;[37m<-- GET /session/9c0ff67f-6efc-443b-a62f-dce2bca5d56b/element/00000000-0000-0042-0000-007b00000004/text &amp#27;[39m&amp#27;[32m200&amp#27;[39m &amp#27;[90m11 ms - 67&amp#27;[39m
&amp#27;[38;5;0m[HTTP]&amp#27;[0m &amp#27;[90m&amp#27;[39m
&amp#27;[38;5;0m[HTTP]&amp#27;[0m &amp#27;[37m-->&amp#27;[39m &amp#27;[37mGET&amp#27;[39m &amp#27;[37m/session/9c0ff67f-6efc-443b-a62f-dce2bca5d56b/element/00000000-0000-0042-0000-007d00000004/text&amp#27;[39m
&amp#27;[38;5;0m[HTTP]&amp#27;[0m &amp#27;[90m{}&amp#27;[39m
&amp#27;[38;5;32m[AndroidUiautomator2Driver@e3cd (9c0ff67f)]&amp#27;[0m Driver proxy active, passing request on via HTTP proxy
&amp#27;[38;5;32m[AndroidUiautomator2Driver@e3cd (9c0ff67f)]&amp#27;[0m Matched '/session/9c0ff67f-6efc-443b-a62f-dce2bca5d56b/element/00000000-0000-0042-0000-007d00000004/text' to command name 'getText'
&amp#27;[38;5;32m[AndroidUiautomator2Driver@e3cd (9c0ff67f)]&amp#27;[0m Proxying [GET /session/9c0ff67f-6efc-443b-a62f-dce2bca5d56b/element/00000000-0000-0042-0000-007d00000004/text] to [GET http://127.0.0.1:8200/session/2fea60ff-cc1e-449a-891a-56c913714252/element/00000000-0000-0042-0000-007d00000004/text] with no body
&amp#27;[38;5;32m[AndroidUiautomator2Driver@e3cd (9c0ff67f)]&amp#27;[0m Got response with status 200: {"sessionId":"2fea60ff-cc1e-449a-891a-56c913714252","value":"10 Â°C"}
&amp#27;[38;5;32m[AndroidUiautomator2Driver@e3cd (9c0ff67f)]&amp#27;[0m Replacing sessionId 2fea60ff-cc1e-449a-891a-56c913714252 with 9c0ff67f-6efc-443b-a62f-dce2bca5d56b
&amp#27;[38;5;0m[HTTP]&amp#27;[0m &amp#27;[37m<-- GET /session/9c0ff67f-6efc-443b-a62f-dce2bca5d56b/element/00000000-0000-0042-0000-007d00000004/text &amp#27;[39m&amp#27;[32m200&amp#27;[39m &amp#27;[90m10 ms - 69&amp#27;[39m
&amp#27;[38;5;0m[HTTP]&amp#27;[0m &amp#27;[90m&amp#27;[39m
&amp#27;[38;5;0m[HTTP]&amp#27;[0m &amp#27;[37m-->&amp#27;[39m &amp#27;[37mGET&amp#27;[39m &amp#27;[37m/session/9c0ff67f-6efc-443b-a62f-dce2bca5d56b/element/00000000-0000-0042-0000-007f00000004/text&amp#27;[39m
&amp#27;[38;5;0m[HTTP]&amp#27;[0m &amp#27;[90m{}&amp#27;[39m
&amp#27;[38;5;32m[AndroidUiautomator2Driver@e3cd (9c0ff67f)]&amp#27;[0m Driver proxy active, passing request on via HTTP proxy
&amp#27;[38;5;32m[AndroidUiautomator2Driver@e3cd (9c0ff67f)]&amp#27;[0m Matched '/session/9c0ff67f-6efc-443b-a62f-dce2bca5d56b/element/00000000-0000-0042-0000-007f00000004/text' to command name 'getText'
&amp#27;[38;5;32m[AndroidUiautomator2Driver@e3cd (9c0ff67f)]&amp#27;[0m Proxying [GET /session/9c0ff67f-6efc-443b-a62f-dce2bca5d56b/element/00000000-0000-0042-0000-007f00000004/text] to [GET http://127.0.0.1:8200/session/2fea60ff-cc1e-449a-891a-56c913714252/element/00000000-0000-0042-0000-007f00000004/text] with no body
&amp#27;[38;5;32m[AndroidUiautomator2Driver@e3cd (9c0ff67f)]&amp#27;[0m Got response with status 200: {"sessionId":"2fea60ff-cc1e-449a-891a-56c913714252","value":"00:00"}
&amp#27;[38;5;32m[AndroidUiautomator2Driver@e3cd (9c0ff67f)]&amp#27;[0m Replacing sessionId 2fea60ff-cc1e-449a-891a-56c913714252 with 9c0ff67f-6efc-443b-a62f-dce2bca5d56b
&amp#27;[38;5;0m[HTTP]&amp#27;[0m &amp#27;[37m<-- GET /session/9c0ff67f-6efc-443b-a62f-dce2bca5d56b/element/00000000-0000-0042-0000-007f00000004/text &amp#27;[39m&amp#27;[32m200&amp#27;[39m &amp#27;[90m10 ms - 68&amp#27;[39m
&amp#27;[38;5;0m[HTTP]&amp#27;[0m &amp#27;[90m&amp#27;[39m
&amp#27;[38;5;0m[HTTP]&amp#27;[0m &amp#27;[37m-->&amp#27;[39m &amp#27;[37mGET&amp#27;[39m &amp#27;[37m/session/9c0ff67f-6efc-443b-a62f-dce2bca5d56b/element/00000000-0000-0042-0000-008100000004/text&amp#27;[39m
&amp#27;[38;5;0m[HTTP]&amp#27;[0m &amp#27;[90m{}&amp#27;[39m
&amp#27;[38;5;32m[AndroidUiautomator2Driver@e3cd (9c0ff67f)]&amp#27;[0m Driver proxy active, passing request on via HTTP proxy
&amp#27;[38;5;32m[AndroidUiautomator2Driver@e3cd (9c0ff67f)]&amp#27;[0m Matched '/session/9c0ff67f-6efc-443b-a62f-dce2bca5d56b/element/00000000-0000-0042-0000-008100000004/text' to command name 'getText'
&amp#27;[38;5;32m[AndroidUiautomator2Driver@e3cd (9c0ff67f)]&amp#27;[0m Proxying [GET /session/9c0ff67f-6efc-443b-a62f-dce2bca5d56b/element/00000000-0000-0042-0000-008100000004/text] to [GET http://127.0.0.1:8200/session/2fea60ff-cc1e-449a-891a-56c913714252/element/00000000-0000-0042-0000-008100000004/text] with no body
&amp#27;[38;5;32m[AndroidUiautomator2Driver@e3cd (9c0ff67f)]&amp#27;[0m Got response with status 200: {"sessionId":"2fea60ff-cc1e-449a-891a-56c913714252","value":"overcast clouds"}
&amp#27;[38;5;32m[AndroidUiautomator2Driver@e3cd (9c0ff67f)]&amp#27;[0m Replacing sessionId 2fea60ff-cc1e-449a-891a-56c913714252 with 9c0ff67f-6efc-443b-a62f-dce2bca5d56b
&amp#27;[38;5;0m[HTTP]&amp#27;[0m &amp#27;[37m<-- GET /session/9c0ff67f-6efc-443b-a62f-dce2bca5d56b/element/00000000-0000-0042-0000-008100000004/text &amp#27;[39m&amp#27;[32m200&amp#27;[39m &amp#27;[90m10 ms - 78&amp#27;[39m
&amp#27;[38;5;0m[HTTP]&amp#27;[0m &amp#27;[90m&amp#27;[39m
&amp#27;[38;5;0m[HTTP]&amp#27;[0m &amp#27;[37m-->&amp#27;[39m &amp#27;[37mGET&amp#27;[39m &amp#27;[37m/session/9c0ff67f-6efc-443b-a62f-dce2bca5d56b/element/00000000-0000-0042-0000-008300000004/text&amp#27;[39m
&amp#27;[38;5;0m[HTTP]&amp#27;[0m &amp#27;[90m{}&amp#27;[39m
&amp#27;[38;5;32m[AndroidUiautomator2Driver@e3cd (9c0ff67f)]&amp#27;[0m Driver proxy active, passing request on via HTTP proxy
&amp#27;[38;5;32m[AndroidUiautomator2Driver@e3cd (9c0ff67f)]&amp#27;[0m Matched '/session/9c0ff67f-6efc-443b-a62f-dce2bca5d56b/element/00000000-0000-0042-0000-008300000004/text' to command name 'getText'
&amp#27;[38;5;32m[AndroidUiautomator2Driver@e3cd (9c0ff67f)]&amp#27;[0m Proxying [GET /session/9c0ff67f-6efc-443b-a62f-dce2bca5d56b/element/00000000-0000-0042-0000-008300000004/text] to [GET http://127.0.0.1:8200/session/2fea60ff-cc1e-449a-891a-56c913714252/element/00000000-0000-0042-0000-008300000004/text] with no body
&amp#27;[38;5;32m[AndroidUiautomator2Driver@e3cd (9c0ff67f)]&amp#27;[0m Got response with status 200: {"sessionId":"2fea60ff-cc1e-449a-891a-56c913714252","value":"78 %"}
&amp#27;[38;5;32m[AndroidUiautomator2Driver@e3cd (9c0ff67f)]&amp#27;[0m Replacing sessionId 2fea60ff-cc1e-449a-891a-56c913714252 with 9c0ff67f-6efc-443b-a62f-dce2bca5d56b
&amp#27;[38;5;0m[HTTP]&amp#27;[0m &amp#27;[37m<-- GET /session/9c0ff67f-6efc-443b-a62f-dce2bca5d56b/element/00000000-0000-0042-0000-008300000004/text &amp#27;[39m&amp#27;[32m200&amp#27;[39m &amp#27;[90m10 ms - 67&amp#27;[39m
&amp#27;[38;5;0m[HTTP]&amp#27;[0m &amp#27;[90m&amp#27;[39m
&amp#27;[38;5;0m[HTTP]&amp#27;[0m &amp#27;[37m-->&amp#27;[39m &amp#27;[37mGET&amp#27;[39m &amp#27;[37m/session/9c0ff67f-6efc-443b-a62f-dce2bca5d56b/element/00000000-0000-0042-0000-008500000004/text&amp#27;[39m
&amp#27;[38;5;0m[HTTP]&amp#27;[0m &amp#27;[90m{}&amp#27;[39m
&amp#27;[38;5;32m[AndroidUiautomator2Driver@e3cd (9c0ff67f)]&amp#27;[0m Driver proxy active, passing request on via HTTP proxy
&amp#27;[38;5;32m[AndroidUiautomator2Driver@e3cd (9c0ff67f)]&amp#27;[0m Matched '/session/9c0ff67f-6efc-443b-a62f-dce2bca5d56b/element/00000000-0000-0042-0000-008500000004/text' to command name 'getText'
&amp#27;[38;5;32m[AndroidUiautomator2Driver@e3cd (9c0ff67f)]&amp#27;[0m Proxying [GET /session/9c0ff67f-6efc-443b-a62f-dce2bca5d56b/element/00000000-0000-0042-0000-008500000004/text] to [GET http://127.0.0.1:8200/session/2fea60ff-cc1e-449a-891a-56c913714252/element/00000000-0000-0042-0000-008500000004/text] with no body
&amp#27;[38;5;32m[AndroidUiautomator2Driver@e3cd (9c0ff67f)]&amp#27;[0m Got response with status 200: {"sessionId":"2fea60ff-cc1e-449a-891a-56c913714252","value":"11 Â°C"}
&amp#27;[38;5;32m[AndroidUiautomator2Driver@e3cd (9c0ff67f)]&amp#27;[0m Replacing sessionId 2fea60ff-cc1e-449a-891a-56c913714252 with 9c0ff67f-6efc-443b-a62f-dce2bca5d56b
&amp#27;[38;5;0m[HTTP]&amp#27;[0m &amp#27;[37m<-- GET /session/9c0ff67f-6efc-443b-a62f-dce2bca5d56b/element/00000000-0000-0042-0000-008500000004/text &amp#27;[39m&amp#27;[32m200&amp#27;[39m &amp#27;[90m9 ms - 69&amp#27;[39m
&amp#27;[38;5;0m[HTTP]&amp#27;[0m &amp#27;[90m&amp#27;[39m
&amp#27;[38;5;0m[HTTP]&amp#27;[0m &amp#27;[37m-->&amp#27;[39m &amp#27;[37mGET&amp#27;[39m &amp#27;[37m/session/9c0ff67f-6efc-443b-a62f-dce2bca5d56b/element/00000000-0000-0042-0000-008700000004/text&amp#27;[39m
&amp#27;[38;5;0m[HTTP]&amp#27;[0m &amp#27;[90m{}&amp#27;[39m
&amp#27;[38;5;32m[AndroidUiautomator2Driver@e3cd (9c0ff67f)]&amp#27;[0m Driver proxy active, passing request on via HTTP proxy
&amp#27;[38;5;32m[AndroidUiautomator2Driver@e3cd (9c0ff67f)]&amp#27;[0m Matched '/session/9c0ff67f-6efc-443b-a62f-dce2bca5d56b/element/00000000-0000-0042-0000-008700000004/text' to command name 'getText'
&amp#27;[38;5;32m[AndroidUiautomator2Driver@e3cd (9c0ff67f)]&amp#27;[0m Proxying [GET /session/9c0ff67f-6efc-443b-a62f-dce2bca5d56b/element/00000000-0000-0042-0000-008700000004/text] to [GET http://127.0.0.1:8200/session/2fea60ff-cc1e-449a-891a-56c913714252/element/00000000-0000-0042-0000-008700000004/text] with no body
&amp#27;[38;5;32m[AndroidUiautomator2Driver@e3cd (9c0ff67f)]&amp#27;[0m Got response with status 200: {"sessionId":"2fea60ff-cc1e-449a-891a-56c913714252","value":"01:00"}
&amp#27;[38;5;32m[AndroidUiautomator2Driver@e3cd (9c0ff67f)]&amp#27;[0m Replacing sessionId 2fea60ff-cc1e-449a-891a-56c913714252 with 9c0ff67f-6efc-443b-a62f-dce2bca5d56b
&amp#27;[38;5;0m[HTTP]&amp#27;[0m &amp#27;[37m<-- GET /session/9c0ff67f-6efc-443b-a62f-dce2bca5d56b/element/00000000-0000-0042-0000-008700000004/text &amp#27;[39m&amp#27;[32m200&amp#27;[39m &amp#27;[90m10 ms - 68&amp#27;[39m
&amp#27;[38;5;0m[HTTP]&amp#27;[0m &amp#27;[90m&amp#27;[39m
&amp#27;[38;5;0m[HTTP]&amp#27;[0m &amp#27;[37m-->&amp#27;[39m &amp#27;[37mGET&amp#27;[39m &amp#27;[37m/session/9c0ff67f-6efc-443b-a62f-dce2bca5d56b/element/00000000-0000-0042-0000-008900000004/text&amp#27;[39m
&amp#27;[38;5;0m[HTTP]&amp#27;[0m &amp#27;[90m{}&amp#27;[39m
&amp#27;[38;5;32m[AndroidUiautomator2Driver@e3cd (9c0ff67f)]&amp#27;[0m Driver proxy active, passing request on via HTTP proxy
&amp#27;[38;5;32m[AndroidUiautomator2Driver@e3cd (9c0ff67f)]&amp#27;[0m Matched '/session/9c0ff67f-6efc-443b-a62f-dce2bca5d56b/element/00000000-0000-0042-0000-008900000004/text' to command name 'getText'
&amp#27;[38;5;32m[AndroidUiautomator2Driver@e3cd (9c0ff67f)]&amp#27;[0m Proxying [GET /session/9c0ff67f-6efc-443b-a62f-dce2bca5d56b/element/00000000-0000-0042-0000-008900000004/text] to [GET http://127.0.0.1:8200/session/2fea60ff-cc1e-449a-891a-56c913714252/element/00000000-0000-0042-0000-008900000004/text] with no body
&amp#27;[38;5;32m[AndroidUiautomator2Driver@e3cd (9c0ff67f)]&amp#27;[0m Got response with status 200: {"sessionId":"2fea60ff-cc1e-449a-891a-56c913714252","value":"overcast clouds"}
&amp#27;[38;5;32m[AndroidUiautomator2Driver@e3cd (9c0ff67f)]&amp#27;[0m Replacing sessionId 2fea60ff-cc1e-449a-891a-56c913714252 with 9c0ff67f-6efc-443b-a62f-dce2bca5d56b
&amp#27;[38;5;0m[HTTP]&amp#27;[0m &amp#27;[37m<-- GET /session/9c0ff67f-6efc-443b-a62f-dce2bca5d56b/element/00000000-0000-0042-0000-008900000004/text &amp#27;[39m&amp#27;[32m200&amp#27;[39m &amp#27;[90m10 ms - 78&amp#27;[39m
&amp#27;[38;5;0m[HTTP]&amp#27;[0m &amp#27;[90m&amp#27;[39m
&amp#27;[38;5;0m[HTTP]&amp#27;[0m &amp#27;[37m-->&amp#27;[39m &amp#27;[37mGET&amp#27;[39m &amp#27;[37m/session/9c0ff67f-6efc-443b-a62f-dce2bca5d56b/element/00000000-0000-0042-0000-008b00000004/text&amp#27;[39m
&amp#27;[38;5;0m[HTTP]&amp#27;[0m &amp#27;[90m{}&amp#27;[39m
&amp#27;[38;5;32m[AndroidUiautomator2Driver@e3cd (9c0ff67f)]&amp#27;[0m Driver proxy active, passing request on via HTTP proxy
&amp#27;[38;5;32m[AndroidUiautomator2Driver@e3cd (9c0ff67f)]&amp#27;[0m Matched '/session/9c0ff67f-6efc-443b-a62f-dce2bca5d56b/element/00000000-0000-0042-0000-008b00000004/text' to command name 'getText'
&amp#27;[38;5;32m[AndroidUiautomator2Driver@e3cd (9c0ff67f)]&amp#27;[0m Proxying [GET /session/9c0ff67f-6efc-443b-a62f-dce2bca5d56b/element/00000000-0000-0042-0000-008b00000004/text] to [GET http://127.0.0.1:8200/session/2fea60ff-cc1e-449a-891a-56c913714252/element/00000000-0000-0042-0000-008b00000004/text] with no body
&amp#27;[38;5;32m[AndroidUiautomator2Driver@e3cd (9c0ff67f)]&amp#27;[0m Got response with status 200: {"sessionId":"2fea60ff-cc1e-449a-891a-56c913714252","value":"72 %"}
&amp#27;[38;5;32m[AndroidUiautomator2Driver@e3cd (9c0ff67f)]&amp#27;[0m Replacing sessionId 2fea60ff-cc1e-449a-891a-56c913714252 with 9c0ff67f-6efc-443b-a62f-dce2bca5d56b
&amp#27;[38;5;0m[HTTP]&amp#27;[0m &amp#27;[37m<-- GET /session/9c0ff67f-6efc-443b-a62f-dce2bca5d56b/element/00000000-0000-0042-0000-008b00000004/text &amp#27;[39m&amp#27;[32m200&amp#27;[39m &amp#27;[90m9 ms - 67&amp#27;[39m
&amp#27;[38;5;0m[HTTP]&amp#27;[0m &amp#27;[90m&amp#27;[39m
&amp#27;[38;5;0m[HTTP]&amp#27;[0m &amp#27;[37m-->&amp#27;[39m &amp#27;[37mGET&amp#27;[39m &amp#27;[37m/session/9c0ff67f-6efc-443b-a62f-dce2bca5d56b/element/00000000-0000-0042-0000-008d00000004/text&amp#27;[39m
&amp#27;[38;5;0m[HTTP]&amp#27;[0m &amp#27;[90m{}&amp#27;[39m
&amp#27;[38;5;32m[AndroidUiautomator2Driver@e3cd (9c0ff67f)]&amp#27;[0m Driver proxy active, passing request on via HTTP proxy
&amp#27;[38;5;32m[AndroidUiautomator2Driver@e3cd (9c0ff67f)]&amp#27;[0m Matched '/session/9c0ff67f-6efc-443b-a62f-dce2bca5d56b/element/00000000-0000-0042-0000-008d00000004/text' to command name 'getText'
&amp#27;[38;5;32m[AndroidUiautomator2Driver@e3cd (9c0ff67f)]&amp#27;[0m Proxying [GET /session/9c0ff67f-6efc-443b-a62f-dce2bca5d56b/element/00000000-0000-0042-0000-008d00000004/text] to [GET http://127.0.0.1:8200/session/2fea60ff-cc1e-449a-891a-56c913714252/element/00000000-0000-0042-0000-008d00000004/text] with no body
&amp#27;[38;5;32m[AndroidUiautomator2Driver@e3cd (9c0ff67f)]&amp#27;[0m Got response with status 200: {"sessionId":"2fea60ff-cc1e-449a-891a-56c913714252","value":"12 Â°C"}
&amp#27;[38;5;32m[AndroidUiautomator2Driver@e3cd (9c0ff67f)]&amp#27;[0m Replacing sessionId 2fea60ff-cc1e-449a-891a-56c913714252 with 9c0ff67f-6efc-443b-a62f-dce2bca5d56b
&amp#27;[38;5;0m[HTTP]&amp#27;[0m &amp#27;[37m<-- GET /session/9c0ff67f-6efc-443b-a62f-dce2bca5d56b/element/00000000-0000-0042-0000-008d00000004/text &amp#27;[39m&amp#27;[32m200&amp#27;[39m &amp#27;[90m10 ms - 69&amp#27;[39m
&amp#27;[38;5;0m[HTTP]&amp#27;[0m &amp#27;[90m&amp#27;[39m
&amp#27;[38;5;0m[HTTP]&amp#27;[0m &amp#27;[37m-->&amp#27;[39m &amp#27;[37mPOST&amp#27;[39m &amp#27;[37m/session/9c0ff67f-6efc-443b-a62f-dce2bca5d56b/execute/sync&amp#27;[39m
&amp#27;[38;5;0m[HTTP]&amp#27;[0m &amp#27;[90m{"script":"mobile: swipeGesture","args":[{"elementId":"00000000-0000-0042-0000-001d00000004","percent":0.4,"speed":320,"direction":"left"}]}&amp#27;[39m
&amp#27;[38;5;32m[AndroidUiautomator2Driver@e3cd (9c0ff67f)]&amp#27;[0m Calling AppiumDriver.execute() with args: ["mobile: swipeGesture",[{"elementId":"00000000-0000-0042-0000-001d00000004","percent":0.4,"speed":320,"direction":"left"}],"9c0ff67f-6efc-443b-a62f-dce2bca5d56b"]
&amp#27;[38;5;32m[AndroidUiautomator2Driver@e3cd (9c0ff67f)]&amp#27;[0m Executing method 'mobile: swipeGesture'
&amp#27;[38;5;32m[AndroidUiautomator2Driver@e3cd (9c0ff67f)]&amp#27;[0m Proxying [POST /appium/gestures/swipe] to [POST http://127.0.0.1:8200/session/2fea60ff-cc1e-449a-891a-56c913714252/appium/gestures/swipe] with body: {"origin":{"ELEMENT":"00000000-0000-0042-0000-001d00000004","element-6066-11e4-a52e-4f735466cecf":"00000000-0000-0042-0000-001d00000004"},"direction":"left","percent":0.4,"speed":320}
&amp#27;[38;5;32m[AndroidUiautomator2Driver@e3cd (9c0ff67f)]&amp#27;[0m Got response with status 200: {"sessionId":"2fea60ff-cc1e-449a-891a-56c913714252","value":null}
&amp#27;[38;5;32m[AndroidUiautomator2Driver@e3cd (9c0ff67f)]&amp#27;[0m Responding to client with driver.execute() result: null
&amp#27;[38;5;0m[HTTP]&amp#27;[0m &amp#27;[37m<-- POST /session/9c0ff67f-6efc-443b-a62f-dce2bca5d56b/execute/sync &amp#27;[39m&amp#27;[32m200&amp#27;[39m &amp#27;[90m1555 ms - 14&amp#27;[39m
&amp#27;[38;5;0m[HTTP]&amp#27;[0m &amp#27;[90m&amp#27;[39m
&amp#27;[38;5;0m[HTTP]&amp#27;[0m &amp#27;[37m-->&amp#27;[39m &amp#27;[37mPOST&amp#27;[39m &amp#27;[37m/session/9c0ff67f-6efc-443b-a62f-dce2bca5d56b/elements&amp#27;[39m
&amp#27;[38;5;0m[HTTP]&amp#27;[0m &amp#27;[90m{"using":"xpath","value":"//android.widget.HorizontalScrollView"}&amp#27;[39m
&amp#27;[38;5;32m[AndroidUiautomator2Driver@e3cd (9c0ff67f)]&amp#27;[0m Calling AppiumDriver.findElements() with args: ["xpath","//android.widget.HorizontalScrollView","9c0ff67f-6efc-443b-a62f-dce2bca5d56b"]
&amp#27;[38;5;32m[AndroidUiautomator2Driver@e3cd (9c0ff67f)]&amp#27;[0m Valid locator strategies for this request: xpath, id, class name, accessibility id, css selector, -android uiautomator
&amp#27;[38;5;32m[AndroidUiautomator2Driver@e3cd (9c0ff67f)]&amp#27;[0m Waiting up to 0 ms for condition
&amp#27;[38;5;32m[AndroidUiautomator2Driver@e3cd (9c0ff67f)]&amp#27;[0m Matched '/elements' to command name 'findElements'
&amp#27;[38;5;32m[AndroidUiautomator2Driver@e3cd (9c0ff67f)]&amp#27;[0m Proxying [POST /elements] to [POST http://127.0.0.1:8200/session/2fea60ff-cc1e-449a-891a-56c913714252/elements] with body: {"strategy":"xpath","selector":"//android.widget.HorizontalScrollView","context":"","multiple":true}
&amp#27;[38;5;32m[AndroidUiautomator2Driver@e3cd (9c0ff67f)]&amp#27;[0m Got response with status 200: {"sessionId":"2fea60ff-cc1e-449a-891a-56c913714252","value":[{"ELEMENT":"00000000-0000-0042-0000-001d00000004","element-6066-11e4-a52e-4f735466cecf":"00000000-0000-0042-0000-001d00000004"},{"ELEMENT":"00000000-0000-0042-0000-001e00000004","element-6066-11e4-a52e-4f735466cecf":"00000000-0000-0042-0000-001e00000004"}]}
&amp#27;[38;5;32m[AndroidUiautomator2Driver@e3cd (9c0ff67f)]&amp#27;[0m Responding to client with driver.findElements() result: [{"element-6066-11e4-a52e-4f735466cecf":"00000000-0000-0042-0000-001d00000004","ELEMENT":"00000000-0000-0042-0000-001d00000004"},{"element-6066-11e4-a52e-4f735466cecf":"00000000-0000-0042-0000-001e00000004","ELEMENT":"00000000-0000-0042-0000-001e00000004"}]
&amp#27;[38;5;0m[HTTP]&amp#27;[0m &amp#27;[37m<-- POST /session/9c0ff67f-6efc-443b-a62f-dce2bca5d56b/elements &amp#27;[39m&amp#27;[32m200&amp#27;[39m &amp#27;[90m117 ms - 267&amp#27;[39m
&amp#27;[38;5;0m[HTTP]&amp#27;[0m &amp#27;[90m&amp#27;[39m
&amp#27;[38;5;0m[HTTP]&amp#27;[0m &amp#27;[37m-->&amp#27;[39m &amp#27;[37mPOST&amp#27;[39m &amp#27;[37m/session/9c0ff67f-6efc-443b-a62f-dce2bca5d56b/element/00000000-0000-0042-0000-001d00000004/elements&amp#27;[39m
&amp#27;[38;5;0m[HTTP]&amp#27;[0m &amp#27;[90m{"id":"00000000-0000-0042-0000-001d00000004","using":"xpath","value":"//android.view.View"}&amp#27;[39m
&amp#27;[38;5;32m[AndroidUiautomator2Driver@e3cd (9c0ff67f)]&amp#27;[0m Calling AppiumDriver.findElementsFromElement() with args: ["xpath","//android.view.View","00000000-0000-0042-0000-001d00000004","9c0ff67f-6efc-443b-a62f-dce2bca5d56b"]
&amp#27;[38;5;32m[AndroidUiautomator2Driver@e3cd (9c0ff67f)]&amp#27;[0m Valid locator strategies for this request: xpath, id, class name, accessibility id, css selector, -android uiautomator
&amp#27;[38;5;32m[AndroidUiautomator2Driver@e3cd (9c0ff67f)]&amp#27;[0m Waiting up to 0 ms for condition
&amp#27;[38;5;32m[AndroidUiautomator2Driver@e3cd (9c0ff67f)]&amp#27;[0m Matched '/elements' to command name 'findElements'
&amp#27;[38;5;32m[AndroidUiautomator2Driver@e3cd (9c0ff67f)]&amp#27;[0m Proxying [POST /elements] to [POST http://127.0.0.1:8200/session/2fea60ff-cc1e-449a-891a-56c913714252/elements] with body: {"strategy":"xpath","selector":"//android.view.View","context":"00000000-0000-0042-0000-001d00000004","multiple":true}
&amp#27;[38;5;32m[AndroidUiautomator2Driver@e3cd (9c0ff67f)]&amp#27;[0m Got response with status 200: {"sessionId":"2fea60ff-cc1e-449a-891a-56c913714252","value":[{"ELEMENT":"00000000-0000-0042-0000-007700000004","element-6066-11e4-a52e-4f735466cecf":"00000000-0000-0042-0000-007700000004"},{"ELEMENT":"00000000-0000-0042-0000-007900000004","element-6066-11e4-a52e-4f735466cecf":"00000000-0000-0042-0000-007900000004"},{"ELEMENT":"00000000-0000-0042-0000-007b00000004","element-6066-11e4-a52e-4f735466cecf":"00000000-0000-0042-0000-007b00000004"},{"ELEMENT":"00000000-0000-0042-0000-007d00000004","element-6066-11e4-a52e-4f735466cecf":"00000000-0000-0042-0000-007d00000004"},{"ELEMENT":"00000000-0000-0042-0000-007f00000004","element-6066-11e4-a52e-4f735466cecf":"00000000-0000-0042-0000-007f00000004"},{"ELEMENT":"00000000-0000-0042-0000-008100000004","element-6066-11e4-a52e-4f735466cecf":"00000000-0000-0042-0000-008100000004"},{"ELEMENT":"00000000-0000-0042-0000-008300000004","element-6066-11e4-a52e-4f735466cecf":"00000000-0000-0042-0000-008300000004"},{"ELEMENT":"00000000-0000-0042-0000-008500000004","element-6066-...
&amp#27;[38;5;32m[AndroidUiautomator2Driver@e3cd (9c0ff67f)]&amp#27;[0m Responding to client with driver.findElementsFromElement() result: [{"element-6066-11e4-a52e-4f735466cecf":"00000000-0000-0042-0000-007700000004","ELEMENT":"00000000-0000-0042-0000-007700000004"},{"element-6066-11e4-a52e-4f735466cecf":"00000000-0000-0042-0000-007900000004","ELEMENT":"00000000-0000-0042-0000-007900000004"},{"element-6066-11e4-a52e-4f735466cecf":"00000000-0000-0042-0000-007b00000004","ELEMENT":"00000000-0000-0042-0000-007b00000004"},{"element-6066-11e4-a52e-4f735466cecf":"00000000-0000-0042-0000-007d00000004","ELEMENT":"00000000-0000-0042-0000-007d00000004"},{"element-6066-11e4-a52e-4f735466cecf":"00000000-0000-0042-0000-007f00000004","ELEMENT":"00000000-0000-0042-0000-007f00000004"},{"element-6066-11e4-a52e-4f735466cecf":"00000000-0000-0042-0000-008100000004","ELEMENT":"00000000-0000-0042-0000-008100000004"},{"element-6066-11e4-a52e-4f735466cecf":"00000000-0000-0042-0000-008300000004","ELEMENT":"00000000-0000-0042-0000-008300000004"},{"element-6066-11e4-a52e-4f735466cecf":"00000000-0000-0042-0000-008500000004","ELEMENT":"00000000-0000-0042-0000-00850000000...
&amp#27;[38;5;0m[HTTP]&amp#27;[0m &amp#27;[37m<-- POST /session/9c0ff67f-6efc-443b-a62f-dce2bca5d56b/element/00000000-0000-0042-0000-001d00000004/elements &amp#27;[39m&amp#27;[32m200&amp#27;[39m &amp#27;[90m47 ms - 2059&amp#27;[39m
&amp#27;[38;5;0m[HTTP]&amp#27;[0m &amp#27;[90m&amp#27;[39m
&amp#27;[38;5;0m[HTTP]&amp#27;[0m &amp#27;[37m-->&amp#27;[39m &amp#27;[37mGET&amp#27;[39m &amp#27;[37m/session/9c0ff67f-6efc-443b-a62f-dce2bca5d56b/element/00000000-0000-0042-0000-007700000004/text&amp#27;[39m
&amp#27;[38;5;0m[HTTP]&amp#27;[0m &amp#27;[90m{}&amp#27;[39m
&amp#27;[38;5;32m[AndroidUiautomator2Driver@e3cd (9c0ff67f)]&amp#27;[0m Driver proxy active, passing request on via HTTP proxy
&amp#27;[38;5;32m[AndroidUiautomator2Driver@e3cd (9c0ff67f)]&amp#27;[0m Matched '/session/9c0ff67f-6efc-443b-a62f-dce2bca5d56b/element/00000000-0000-0042-0000-007700000004/text' to command name 'getText'
&amp#27;[38;5;32m[AndroidUiautomator2Driver@e3cd (9c0ff67f)]&amp#27;[0m Proxying [GET /session/9c0ff67f-6efc-443b-a62f-dce2bca5d56b/element/00000000-0000-0042-0000-007700000004/text] to [GET http://127.0.0.1:8200/session/2fea60ff-cc1e-449a-891a-56c913714252/element/00000000-0000-0042-0000-007700000004/text] with no body
&amp#27;[38;5;32m[AndroidUiautomator2Driver@e3cd (9c0ff67f)]&amp#27;[0m Got response with status 200: {"sessionId":"2fea60ff-cc1e-449a-891a-56c913714252","value":"23:00"}
&amp#27;[38;5;32m[AndroidUiautomator2Driver@e3cd (9c0ff67f)]&amp#27;[0m Replacing sessionId 2fea60ff-cc1e-449a-891a-56c913714252 with 9c0ff67f-6efc-443b-a62f-dce2bca5d56b
&amp#27;[38;5;0m[HTTP]&amp#27;[0m &amp#27;[37m<-- GET /session/9c0ff67f-6efc-443b-a62f-dce2bca5d56b/element/00000000-0000-0042-0000-007700000004/text &amp#27;[39m&amp#27;[32m200&amp#27;[39m &amp#27;[90m9 ms - 68&amp#27;[39m
&amp#27;[38;5;0m[HTTP]&amp#27;[0m &amp#27;[90m&amp#27;[39m
&amp#27;[38;5;0m[HTTP]&amp#27;[0m &amp#27;[37m-->&amp#27;[39m &amp#27;[37mGET&amp#27;[39m &amp#27;[37m/session/9c0ff67f-6efc-443b-a62f-dce2bca5d56b/element/00000000-0000-0042-0000-007900000004/text&amp#27;[39m
&amp#27;[38;5;0m[HTTP]&amp#27;[0m &amp#27;[90m{}&amp#27;[39m
&amp#27;[38;5;32m[AndroidUiautomator2Driver@e3cd (9c0ff67f)]&amp#27;[0m Driver proxy active, passing request on via HTTP proxy
&amp#27;[38;5;32m[AndroidUiautomator2Driver@e3cd (9c0ff67f)]&amp#27;[0m Matched '/session/9c0ff67f-6efc-443b-a62f-dce2bca5d56b/element/00000000-0000-0042-0000-007900000004/text' to command name 'getText'
&amp#27;[38;5;32m[AndroidUiautomator2Driver@e3cd (9c0ff67f)]&amp#27;[0m Proxying [GET /session/9c0ff67f-6efc-443b-a62f-dce2bca5d56b/element/00000000-0000-0042-0000-007900000004/text] to [GET http://127.0.0.1:8200/session/2fea60ff-cc1e-449a-891a-56c913714252/element/00000000-0000-0042-0000-007900000004/text] with no body
&amp#27;[38;5;32m[AndroidUiautomator2Driver@e3cd (9c0ff67f)]&amp#27;[0m Got response with status 200: {"sessionId":"2fea60ff-cc1e-449a-891a-56c913714252","value":"overcast clouds"}
&amp#27;[38;5;32m[AndroidUiautomator2Driver@e3cd (9c0ff67f)]&amp#27;[0m Replacing sessionId 2fea60ff-cc1e-449a-891a-56c913714252 with 9c0ff67f-6efc-443b-a62f-dce2bca5d56b
&amp#27;[38;5;0m[HTTP]&amp#27;[0m &amp#27;[37m<-- GET /session/9c0ff67f-6efc-443b-a62f-dce2bca5d56b/element/00000000-0000-0042-0000-007900000004/text &amp#27;[39m&amp#27;[32m200&amp#27;[39m &amp#27;[90m9 ms - 78&amp#27;[39m
&amp#27;[38;5;0m[HTTP]&amp#27;[0m &amp#27;[90m&amp#27;[39m
&amp#27;[38;5;0m[HTTP]&amp#27;[0m &amp#27;[37m-->&amp#27;[39m &amp#27;[37mGET&amp#27;[39m &amp#27;[37m/session/9c0ff67f-6efc-443b-a62f-dce2bca5d56b/element/00000000-0000-0042-0000-007b00000004/text&amp#27;[39m
&amp#27;[38;5;0m[HTTP]&amp#27;[0m &amp#27;[90m{}&amp#27;[39m
&amp#27;[38;5;32m[AndroidUiautomator2Driver@e3cd (9c0ff67f)]&amp#27;[0m Driver proxy active, passing request on via HTTP proxy
&amp#27;[38;5;32m[AndroidUiautomator2Driver@e3cd (9c0ff67f)]&amp#27;[0m Matched '/session/9c0ff67f-6efc-443b-a62f-dce2bca5d56b/element/00000000-0000-0042-0000-007b00000004/text' to command name 'getText'
&amp#27;[38;5;32m[AndroidUiautomator2Driver@e3cd (9c0ff67f)]&amp#27;[0m Proxying [GET /session/9c0ff67f-6efc-443b-a62f-dce2bca5d56b/element/00000000-0000-0042-0000-007b00000004/text] to [GET http://127.0.0.1:8200/session/2fea60ff-cc1e-449a-891a-56c913714252/element/00000000-0000-0042-0000-007b00000004/text] with no body
&amp#27;[38;5;32m[AndroidUiautomator2Driver@e3cd (9c0ff67f)]&amp#27;[0m Got response with status 200: {"sessionId":"2fea60ff-cc1e-449a-891a-56c913714252","value":"82 %"}
&amp#27;[38;5;32m[AndroidUiautomator2Driver@e3cd (9c0ff67f)]&amp#27;[0m Replacing sessionId 2fea60ff-cc1e-449a-891a-56c913714252 with 9c0ff67f-6efc-443b-a62f-dce2bca5d56b
&amp#27;[38;5;0m[HTTP]&amp#27;[0m &amp#27;[37m<-- GET /session/9c0ff67f-6efc-443b-a62f-dce2bca5d56b/element/00000000-0000-0042-0000-007b00000004/text &amp#27;[39m&amp#27;[32m200&amp#27;[39m &amp#27;[90m8 ms - 67&amp#27;[39m
&amp#27;[38;5;0m[HTTP]&amp#27;[0m &amp#27;[90m&amp#27;[39m
&amp#27;[38;5;0m[HTTP]&amp#27;[0m &amp#27;[37m-->&amp#27;[39m &amp#27;[37mGET&amp#27;[39m &amp#27;[37m/session/9c0ff67f-6efc-443b-a62f-dce2bca5d56b/element/00000000-0000-0042-0000-007d00000004/text&amp#27;[39m
&amp#27;[38;5;0m[HTTP]&amp#27;[0m &amp#27;[90m{}&amp#27;[39m
&amp#27;[38;5;32m[AndroidUiautomator2Driver@e3cd (9c0ff67f)]&amp#27;[0m Driver proxy active, passing request on via HTTP proxy
&amp#27;[38;5;32m[AndroidUiautomator2Driver@e3cd (9c0ff67f)]&amp#27;[0m Matched '/session/9c0ff67f-6efc-443b-a62f-dce2bca5d56b/element/00000000-0000-0042-0000-007d00000004/text' to command name 'getText'
&amp#27;[38;5;32m[AndroidUiautomator2Driver@e3cd (9c0ff67f)]&amp#27;[0m Proxying [GET /session/9c0ff67f-6efc-443b-a62f-dce2bca5d56b/element/00000000-0000-0042-0000-007d00000004/text] to [GET http://127.0.0.1:8200/session/2fea60ff-cc1e-449a-891a-56c913714252/element/00000000-0000-0042-0000-007d00000004/text] with no body
&amp#27;[38;5;32m[AndroidUiautomator2Driver@e3cd (9c0ff67f)]&amp#27;[0m Got response with status 200: {"sessionId":"2fea60ff-cc1e-449a-891a-56c913714252","value":"10 Â°C"}
&amp#27;[38;5;32m[AndroidUiautomator2Driver@e3cd (9c0ff67f)]&amp#27;[0m Replacing sessionId 2fea60ff-cc1e-449a-891a-56c913714252 with 9c0ff67f-6efc-443b-a62f-dce2bca5d56b
&amp#27;[38;5;0m[HTTP]&amp#27;[0m &amp#27;[37m<-- GET /session/9c0ff67f-6efc-443b-a62f-dce2bca5d56b/element/00000000-0000-0042-0000-007d00000004/text &amp#27;[39m&amp#27;[32m200&amp#27;[39m &amp#27;[90m9 ms - 69&amp#27;[39m
&amp#27;[38;5;0m[HTTP]&amp#27;[0m &amp#27;[90m&amp#27;[39m
&amp#27;[38;5;0m[HTTP]&amp#27;[0m &amp#27;[37m-->&amp#27;[39m &amp#27;[37mGET&amp#27;[39m &amp#27;[37m/session/9c0ff67f-6efc-443b-a62f-dce2bca5d56b/element/00000000-0000-0042-0000-007f00000004/text&amp#27;[39m
&amp#27;[38;5;0m[HTTP]&amp#27;[0m &amp#27;[90m{}&amp#27;[39m
&amp#27;[38;5;32m[AndroidUiautomator2Driver@e3cd (9c0ff67f)]&amp#27;[0m Driver proxy active, passing request on via HTTP proxy
&amp#27;[38;5;32m[AndroidUiautomator2Driver@e3cd (9c0ff67f)]&amp#27;[0m Matched '/session/9c0ff67f-6efc-443b-a62f-dce2bca5d56b/element/00000000-0000-0042-0000-007f00000004/text' to command name 'getText'
&amp#27;[38;5;32m[AndroidUiautomator2Driver@e3cd (9c0ff67f)]&amp#27;[0m Proxying [GET /session/9c0ff67f-6efc-443b-a62f-dce2bca5d56b/element/00000000-0000-0042-0000-007f00000004/text] to [GET http://127.0.0.1:8200/session/2fea60ff-cc1e-449a-891a-56c913714252/element/00000000-0000-0042-0000-007f00000004/text] with no body
&amp#27;[38;5;32m[AndroidUiautomator2Driver@e3cd (9c0ff67f)]&amp#27;[0m Got response with status 200: {"sessionId":"2fea60ff-cc1e-449a-891a-56c913714252","value":"00:00"}
&amp#27;[38;5;32m[AndroidUiautomator2Driver@e3cd (9c0ff67f)]&amp#27;[0m Replacing sessionId 2fea60ff-cc1e-449a-891a-56c913714252 with 9c0ff67f-6efc-443b-a62f-dce2bca5d56b
&amp#27;[38;5;0m[HTTP]&amp#27;[0m &amp#27;[37m<-- GET /session/9c0ff67f-6efc-443b-a62f-dce2bca5d56b/element/00000000-0000-0042-0000-007f00000004/text &amp#27;[39m&amp#27;[32m200&amp#27;[39m &amp#27;[90m8 ms - 68&amp#27;[39m
&amp#27;[38;5;0m[HTTP]&amp#27;[0m &amp#27;[90m&amp#27;[39m
&amp#27;[38;5;0m[HTTP]&amp#27;[0m &amp#27;[37m-->&amp#27;[39m &amp#27;[37mGET&amp#27;[39m &amp#27;[37m/session/9c0ff67f-6efc-443b-a62f-dce2bca5d56b/element/00000000-0000-0042-0000-008100000004/text&amp#27;[39m
&amp#27;[38;5;0m[HTTP]&amp#27;[0m &amp#27;[90m{}&amp#27;[39m
&amp#27;[38;5;32m[AndroidUiautomator2Driver@e3cd (9c0ff67f)]&amp#27;[0m Driver proxy active, passing request on via HTTP proxy
&amp#27;[38;5;32m[AndroidUiautomator2Driver@e3cd (9c0ff67f)]&amp#27;[0m Matched '/session/9c0ff67f-6efc-443b-a62f-dce2bca5d56b/element/00000000-0000-0042-0000-008100000004/text' to command name 'getText'
&amp#27;[38;5;32m[AndroidUiautomator2Driver@e3cd (9c0ff67f)]&amp#27;[0m Proxying [GET /session/9c0ff67f-6efc-443b-a62f-dce2bca5d56b/element/00000000-0000-0042-0000-008100000004/text] to [GET http://127.0.0.1:8200/session/2fea60ff-cc1e-449a-891a-56c913714252/element/00000000-0000-0042-0000-008100000004/text] with no body
&amp#27;[38;5;32m[AndroidUiautomator2Driver@e3cd (9c0ff67f)]&amp#27;[0m Got response with status 200: {"sessionId":"2fea60ff-cc1e-449a-891a-56c913714252","value":"overcast clouds"}
&amp#27;[38;5;32m[AndroidUiautomator2Driver@e3cd (9c0ff67f)]&amp#27;[0m Replacing sessionId 2fea60ff-cc1e-449a-891a-56c913714252 with 9c0ff67f-6efc-443b-a62f-dce2bca5d56b
&amp#27;[38;5;0m[HTTP]&amp#27;[0m &amp#27;[37m<-- GET /session/9c0ff67f-6efc-443b-a62f-dce2bca5d56b/element/00000000-0000-0042-0000-008100000004/text &amp#27;[39m&amp#27;[32m200&amp#27;[39m &amp#27;[90m8 ms - 78&amp#27;[39m
&amp#27;[38;5;0m[HTTP]&amp#27;[0m &amp#27;[90m&amp#27;[39m
&amp#27;[38;5;0m[HTTP]&amp#27;[0m &amp#27;[37m-->&amp#27;[39m &amp#27;[37mGET&amp#27;[39m &amp#27;[37m/session/9c0ff67f-6efc-443b-a62f-dce2bca5d56b/element/00000000-0000-0042-0000-008300000004/text&amp#27;[39m
&amp#27;[38;5;0m[HTTP]&amp#27;[0m &amp#27;[90m{}&amp#27;[39m
&amp#27;[38;5;32m[AndroidUiautomator2Driver@e3cd (9c0ff67f)]&amp#27;[0m Driver proxy active, passing request on via HTTP proxy
&amp#27;[38;5;32m[AndroidUiautomator2Driver@e3cd (9c0ff67f)]&amp#27;[0m Matched '/session/9c0ff67f-6efc-443b-a62f-dce2bca5d56b/element/00000000-0000-0042-0000-008300000004/text' to command name 'getText'
&amp#27;[38;5;32m[AndroidUiautomator2Driver@e3cd (9c0ff67f)]&amp#27;[0m Proxying [GET /session/9c0ff67f-6efc-443b-a62f-dce2bca5d56b/element/00000000-0000-0042-0000-008300000004/text] to [GET http://127.0.0.1:8200/session/2fea60ff-cc1e-449a-891a-56c913714252/element/00000000-0000-0042-0000-008300000004/text] with no body
&amp#27;[38;5;32m[AndroidUiautomator2Driver@e3cd (9c0ff67f)]&amp#27;[0m Got response with status 200: {"sessionId":"2fea60ff-cc1e-449a-891a-56c913714252","value":"78 %"}
&amp#27;[38;5;32m[AndroidUiautomator2Driver@e3cd (9c0ff67f)]&amp#27;[0m Replacing sessionId 2fea60ff-cc1e-449a-891a-56c913714252 with 9c0ff67f-6efc-443b-a62f-dce2bca5d56b
&amp#27;[38;5;0m[HTTP]&amp#27;[0m &amp#27;[37m<-- GET /session/9c0ff67f-6efc-443b-a62f-dce2bca5d56b/element/00000000-0000-0042-0000-008300000004/text &amp#27;[39m&amp#27;[32m200&amp#27;[39m &amp#27;[90m9 ms - 67&amp#27;[39m
&amp#27;[38;5;0m[HTTP]&amp#27;[0m &amp#27;[90m&amp#27;[39m
&amp#27;[38;5;0m[HTTP]&amp#27;[0m &amp#27;[37m-->&amp#27;[39m &amp#27;[37mGET&amp#27;[39m &amp#27;[37m/session/9c0ff67f-6efc-443b-a62f-dce2bca5d56b/element/00000000-0000-0042-0000-008500000004/text&amp#27;[39m
&amp#27;[38;5;0m[HTTP]&amp#27;[0m &amp#27;[90m{}&amp#27;[39m
&amp#27;[38;5;32m[AndroidUiautomator2Driver@e3cd (9c0ff67f)]&amp#27;[0m Driver proxy active, passing request on via HTTP proxy
&amp#27;[38;5;32m[AndroidUiautomator2Driver@e3cd (9c0ff67f)]&amp#27;[0m Matched '/session/9c0ff67f-6efc-443b-a62f-dce2bca5d56b/element/00000000-0000-0042-0000-008500000004/text' to command name 'getText'
&amp#27;[38;5;32m[AndroidUiautomator2Driver@e3cd (9c0ff67f)]&amp#27;[0m Proxying [GET /session/9c0ff67f-6efc-443b-a62f-dce2bca5d56b/element/00000000-0000-0042-0000-008500000004/text] to [GET http://127.0.0.1:8200/session/2fea60ff-cc1e-449a-891a-56c913714252/element/00000000-0000-0042-0000-008500000004/text] with no body
&amp#27;[38;5;32m[AndroidUiautomator2Driver@e3cd (9c0ff67f)]&amp#27;[0m Got response with status 200: {"sessionId":"2fea60ff-cc1e-449a-891a-56c913714252","value":"11 Â°C"}
&amp#27;[38;5;32m[AndroidUiautomator2Driver@e3cd (9c0ff67f)]&amp#27;[0m Replacing sessionId 2fea60ff-cc1e-449a-891a-56c913714252 with 9c0ff67f-6efc-443b-a62f-dce2bca5d56b
&amp#27;[38;5;0m[HTTP]&amp#27;[0m &amp#27;[37m<-- GET /session/9c0ff67f-6efc-443b-a62f-dce2bca5d56b/element/00000000-0000-0042-0000-008500000004/text &amp#27;[39m&amp#27;[32m200&amp#27;[39m &amp#27;[90m8 ms - 69&amp#27;[39m
&amp#27;[38;5;0m[HTTP]&amp#27;[0m &amp#27;[90m&amp#27;[39m
&amp#27;[38;5;0m[HTTP]&amp#27;[0m &amp#27;[37m-->&amp#27;[39m &amp#27;[37mGET&amp#27;[39m &amp#27;[37m/session/9c0ff67f-6efc-443b-a62f-dce2bca5d56b/element/00000000-0000-0042-0000-008700000004/text&amp#27;[39m
&amp#27;[38;5;0m[HTTP]&amp#27;[0m &amp#27;[90m{}&amp#27;[39m
&amp#27;[38;5;32m[AndroidUiautomator2Driver@e3cd (9c0ff67f)]&amp#27;[0m Driver proxy active, passing request on via HTTP proxy
&amp#27;[38;5;32m[AndroidUiautomator2Driver@e3cd (9c0ff67f)]&amp#27;[0m Matched '/session/9c0ff67f-6efc-443b-a62f-dce2bca5d56b/element/00000000-0000-0042-0000-008700000004/text' to command name 'getText'
&amp#27;[38;5;32m[AndroidUiautomator2Driver@e3cd (9c0ff67f)]&amp#27;[0m Proxying [GET /session/9c0ff67f-6efc-443b-a62f-dce2bca5d56b/element/00000000-0000-0042-0000-008700000004/text] to [GET http://127.0.0.1:8200/session/2fea60ff-cc1e-449a-891a-56c913714252/element/00000000-0000-0042-0000-008700000004/text] with no body
&amp#27;[38;5;32m[AndroidUiautomator2Driver@e3cd (9c0ff67f)]&amp#27;[0m Got response with status 200: {"sessionId":"2fea60ff-cc1e-449a-891a-56c913714252","value":"01:00"}
&amp#27;[38;5;32m[AndroidUiautomator2Driver@e3cd (9c0ff67f)]&amp#27;[0m Replacing sessionId 2fea60ff-cc1e-449a-891a-56c913714252 with 9c0ff67f-6efc-443b-a62f-dce2bca5d56b
&amp#27;[38;5;0m[HTTP]&amp#27;[0m &amp#27;[37m<-- GET /session/9c0ff67f-6efc-443b-a62f-dce2bca5d56b/element/00000000-0000-0042-0000-008700000004/text &amp#27;[39m&amp#27;[32m200&amp#27;[39m &amp#27;[90m8 ms - 68&amp#27;[39m
&amp#27;[38;5;0m[HTTP]&amp#27;[0m &amp#27;[90m&amp#27;[39m
&amp#27;[38;5;0m[HTTP]&amp#27;[0m &amp#27;[37m-->&amp#27;[39m &amp#27;[37mGET&amp#27;[39m &amp#27;[37m/session/9c0ff67f-6efc-443b-a62f-dce2bca5d56b/element/00000000-0000-0042-0000-008900000004/text&amp#27;[39m
&amp#27;[38;5;0m[HTTP]&amp#27;[0m &amp#27;[90m{}&amp#27;[39m
&amp#27;[38;5;32m[AndroidUiautomator2Driver@e3cd (9c0ff67f)]&amp#27;[0m Driver proxy active, passing request on via HTTP proxy
&amp#27;[38;5;32m[AndroidUiautomator2Driver@e3cd (9c0ff67f)]&amp#27;[0m Matched '/session/9c0ff67f-6efc-443b-a62f-dce2bca5d56b/element/00000000-0000-0042-0000-008900000004/text' to command name 'getText'
&amp#27;[38;5;32m[AndroidUiautomator2Driver@e3cd (9c0ff67f)]&amp#27;[0m Proxying [GET /session/9c0ff67f-6efc-443b-a62f-dce2bca5d56b/element/00000000-0000-0042-0000-008900000004/text] to [GET http://127.0.0.1:8200/session/2fea60ff-cc1e-449a-891a-56c913714252/element/00000000-0000-0042-0000-008900000004/text] with no body
&amp#27;[38;5;32m[AndroidUiautomator2Driver@e3cd (9c0ff67f)]&amp#27;[0m Got response with status 200: {"sessionId":"2fea60ff-cc1e-449a-891a-56c913714252","value":"overcast clouds"}
&amp#27;[38;5;32m[AndroidUiautomator2Driver@e3cd (9c0ff67f)]&amp#27;[0m Replacing sessionId 2fea60ff-cc1e-449a-891a-56c913714252 with 9c0ff67f-6efc-443b-a62f-dce2bca5d56b
&amp#27;[38;5;0m[HTTP]&amp#27;[0m &amp#27;[37m<-- GET /session/9c0ff67f-6efc-443b-a62f-dce2bca5d56b/element/00000000-0000-0042-0000-008900000004/text &amp#27;[39m&amp#27;[32m200&amp#27;[39m &amp#27;[90m8 ms - 78&amp#27;[39m
&amp#27;[38;5;0m[HTTP]&amp#27;[0m &amp#27;[90m&amp#27;[39m
&amp#27;[38;5;0m[HTTP]&amp#27;[0m &amp#27;[37m-->&amp#27;[39m &amp#27;[37mGET&amp#27;[39m &amp#27;[37m/session/9c0ff67f-6efc-443b-a62f-dce2bca5d56b/element/00000000-0000-0042-0000-008b00000004/text&amp#27;[39m
&amp#27;[38;5;0m[HTTP]&amp#27;[0m &amp#27;[90m{}&amp#27;[39m
&amp#27;[38;5;32m[AndroidUiautomator2Driver@e3cd (9c0ff67f)]&amp#27;[0m Driver proxy active, passing request on via HTTP proxy
&amp#27;[38;5;32m[AndroidUiautomator2Driver@e3cd (9c0ff67f)]&amp#27;[0m Matched '/session/9c0ff67f-6efc-443b-a62f-dce2bca5d56b/element/00000000-0000-0042-0000-008b00000004/text' to command name 'getText'
&amp#27;[38;5;32m[AndroidUiautomator2Driver@e3cd (9c0ff67f)]&amp#27;[0m Proxying [GET /session/9c0ff67f-6efc-443b-a62f-dce2bca5d56b/element/00000000-0000-0042-0000-008b00000004/text] to [GET http://127.0.0.1:8200/session/2fea60ff-cc1e-449a-891a-56c913714252/element/00000000-0000-0042-0000-008b00000004/text] with no body
&amp#27;[38;5;32m[AndroidUiautomator2Driver@e3cd (9c0ff67f)]&amp#27;[0m Got response with status 200: {"sessionId":"2fea60ff-cc1e-449a-891a-56c913714252","value":"72 %"}
&amp#27;[38;5;32m[AndroidUiautomator2Driver@e3cd (9c0ff67f)]&amp#27;[0m Replacing sessionId 2fea60ff-cc1e-449a-891a-56c913714252 with 9c0ff67f-6efc-443b-a62f-dce2bca5d56b
&amp#27;[38;5;0m[HTTP]&amp#27;[0m &amp#27;[37m<-- GET /session/9c0ff67f-6efc-443b-a62f-dce2bca5d56b/element/00000000-0000-0042-0000-008b00000004/text &amp#27;[39m&amp#27;[32m200&amp#27;[39m &amp#27;[90m8 ms - 67&amp#27;[39m
&amp#27;[38;5;0m[HTTP]&amp#27;[0m &amp#27;[90m&amp#27;[39m
&amp#27;[38;5;0m[HTTP]&amp#27;[0m &amp#27;[37m-->&amp#27;[39m &amp#27;[37mGET&amp#27;[39m &amp#27;[37m/session/9c0ff67f-6efc-443b-a62f-dce2bca5d56b/element/00000000-0000-0042-0000-008d00000004/text&amp#27;[39m
&amp#27;[38;5;0m[HTTP]&amp#27;[0m &amp#27;[90m{}&amp#27;[39m
&amp#27;[38;5;32m[AndroidUiautomator2Driver@e3cd (9c0ff67f)]&amp#27;[0m Driver proxy active, passing request on via HTTP proxy
&amp#27;[38;5;32m[AndroidUiautomator2Driver@e3cd (9c0ff67f)]&amp#27;[0m Matched '/session/9c0ff67f-6efc-443b-a62f-dce2bca5d56b/element/00000000-0000-0042-0000-008d00000004/text' to command name 'getText'
&amp#27;[38;5;32m[AndroidUiautomator2Driver@e3cd (9c0ff67f)]&amp#27;[0m Proxying [GET /session/9c0ff67f-6efc-443b-a62f-dce2bca5d56b/element/00000000-0000-0042-0000-008d00000004/text] to [GET http://127.0.0.1:8200/session/2fea60ff-cc1e-449a-891a-56c913714252/element/00000000-0000-0042-0000-008d00000004/text] with no body
&amp#27;[38;5;32m[AndroidUiautomator2Driver@e3cd (9c0ff67f)]&amp#27;[0m Got response with status 200: {"sessionId":"2fea60ff-cc1e-449a-891a-56c913714252","value":"12 Â°C"}
&amp#27;[38;5;32m[AndroidUiautomator2Driver@e3cd (9c0ff67f)]&amp#27;[0m Replacing sessionId 2fea60ff-cc1e-449a-891a-56c913714252 with 9c0ff67f-6efc-443b-a62f-dce2bca5d56b
&amp#27;[38;5;0m[HTTP]&amp#27;[0m &amp#27;[37m<-- GET /session/9c0ff67f-6efc-443b-a62f-dce2bca5d56b/element/00000000-0000-0042-0000-008d00000004/text &amp#27;[39m&amp#27;[32m200&amp#27;[39m &amp#27;[90m8 ms - 69&amp#27;[39m
&amp#27;[38;5;0m[HTTP]&amp#27;[0m &amp#27;[90m&amp#27;[39m
&amp#27;[38;5;0m[HTTP]&amp#27;[0m &amp#27;[37m-->&amp#27;[39m &amp#27;[37mGET&amp#27;[39m &amp#27;[37m/session/9c0ff67f-6efc-443b-a62f-dce2bca5d56b/element/00000000-0000-0042-0000-008f00000004/text&amp#27;[39m
&amp#27;[38;5;0m[HTTP]&amp#27;[0m &amp#27;[90m{}&amp#27;[39m
&amp#27;[38;5;32m[AndroidUiautomator2Driver@e3cd (9c0ff67f)]&amp#27;[0m Driver proxy active, passing request on via HTTP proxy
&amp#27;[38;5;32m[AndroidUiautomator2Driver@e3cd (9c0ff67f)]&amp#27;[0m Matched '/session/9c0ff67f-6efc-443b-a62f-dce2bca5d56b/element/00000000-0000-0042-0000-008f00000004/text' to command name 'getText'
&amp#27;[38;5;32m[AndroidUiautomator2Driver@e3cd (9c0ff67f)]&amp#27;[0m Proxying [GET /session/9c0ff67f-6efc-443b-a62f-dce2bca5d56b/element/00000000-0000-0042-0000-008f00000004/text] to [GET http://127.0.0.1:8200/session/2fea60ff-cc1e-449a-891a-56c913714252/element/00000000-0000-0042-0000-008f00000004/text] with no body
&amp#27;[38;5;32m[AndroidUiautomator2Driver@e3cd (9c0ff67f)]&amp#27;[0m Got response with status 200: {"sessionId":"2fea60ff-cc1e-449a-891a-56c913714252","value":"02:00"}
&amp#27;[38;5;32m[AndroidUiautomator2Driver@e3cd (9c0ff67f)]&amp#27;[0m Replacing sessionId 2fea60ff-cc1e-449a-891a-56c913714252 with 9c0ff67f-6efc-443b-a62f-dce2bca5d56b
&amp#27;[38;5;0m[HTTP]&amp#27;[0m &amp#27;[37m<-- GET /session/9c0ff67f-6efc-443b-a62f-dce2bca5d56b/element/00000000-0000-0042-0000-008f00000004/text &amp#27;[39m&amp#27;[32m200&amp#27;[39m &amp#27;[90m9 ms - 68&amp#27;[39m
&amp#27;[38;5;0m[HTTP]&amp#27;[0m &amp#27;[90m&amp#27;[39m
&amp#27;[38;5;0m[HTTP]&amp#27;[0m &amp#27;[37m-->&amp#27;[39m &amp#27;[37mGET&amp#27;[39m &amp#27;[37m/session/9c0ff67f-6efc-443b-a62f-dce2bca5d56b/element/00000000-0000-0042-0000-009100000004/text&amp#27;[39m
&amp#27;[38;5;0m[HTTP]&amp#27;[0m &amp#27;[90m{}&amp#27;[39m
&amp#27;[38;5;32m[AndroidUiautomator2Driver@e3cd (9c0ff67f)]&amp#27;[0m Driver proxy active, passing request on via HTTP proxy
&amp#27;[38;5;32m[AndroidUiautomator2Driver@e3cd (9c0ff67f)]&amp#27;[0m Matched '/session/9c0ff67f-6efc-443b-a62f-dce2bca5d56b/element/00000000-0000-0042-0000-009100000004/text' to command name 'getText'
&amp#27;[38;5;32m[AndroidUiautomator2Driver@e3cd (9c0ff67f)]&amp#27;[0m Proxying [GET /session/9c0ff67f-6efc-443b-a62f-dce2bca5d56b/element/00000000-0000-0042-0000-009100000004/text] to [GET http://127.0.0.1:8200/session/2fea60ff-cc1e-449a-891a-56c913714252/element/00000000-0000-0042-0000-009100000004/text] with no body
&amp#27;[38;5;32m[AndroidUiautomator2Driver@e3cd (9c0ff67f)]&amp#27;[0m Got response with status 200: {"sessionId":"2fea60ff-cc1e-449a-891a-56c913714252","value":"overcast clouds"}
&amp#27;[38;5;32m[AndroidUiautomator2Driver@e3cd (9c0ff67f)]&amp#27;[0m Replacing sessionId 2fea60ff-cc1e-449a-891a-56c913714252 with 9c0ff67f-6efc-443b-a62f-dce2bca5d56b
&amp#27;[38;5;0m[HTTP]&amp#27;[0m &amp#27;[37m<-- GET /session/9c0ff67f-6efc-443b-a62f-dce2bca5d56b/element/00000000-0000-0042-0000-009100000004/text &amp#27;[39m&amp#27;[32m200&amp#27;[39m &amp#27;[90m9 ms - 78&amp#27;[39m
&amp#27;[38;5;0m[HTTP]&amp#27;[0m &amp#27;[90m&amp#27;[39m
&amp#27;[38;5;0m[HTTP]&amp#27;[0m &amp#27;[37m-->&amp#27;[39m &amp#27;[37mGET&amp#27;[39m &amp#27;[37m/session/9c0ff67f-6efc-443b-a62f-dce2bca5d56b/element/00000000-0000-0042-0000-009300000004/text&amp#27;[39m
&amp#27;[38;5;0m[HTTP]&amp#27;[0m &amp#27;[90m{}&amp#27;[39m
&amp#27;[38;5;32m[AndroidUiautomator2Driver@e3cd (9c0ff67f)]&amp#27;[0m Driver proxy active, passing request on via HTTP proxy
&amp#27;[38;5;32m[AndroidUiautomator2Driver@e3cd (9c0ff67f)]&amp#27;[0m Matched '/session/9c0ff67f-6efc-443b-a62f-dce2bca5d56b/element/00000000-0000-0042-0000-009300000004/text' to command name 'getText'
&amp#27;[38;5;32m[AndroidUiautomator2Driver@e3cd (9c0ff67f)]&amp#27;[0m Proxying [GET /session/9c0ff67f-6efc-443b-a62f-dce2bca5d56b/element/00000000-0000-0042-0000-009300000004/text] to [GET http://127.0.0.1:8200/session/2fea60ff-cc1e-449a-891a-56c913714252/element/00000000-0000-0042-0000-009300000004/text] with no body
&amp#27;[38;5;32m[AndroidUiautomator2Driver@e3cd (9c0ff67f)]&amp#27;[0m Got response with status 200: {"sessionId":"2fea60ff-cc1e-449a-891a-56c913714252","value":"65 %"}
&amp#27;[38;5;32m[AndroidUiautomator2Driver@e3cd (9c0ff67f)]&amp#27;[0m Replacing sessionId 2fea60ff-cc1e-449a-891a-56c913714252 with 9c0ff67f-6efc-443b-a62f-dce2bca5d56b
&amp#27;[38;5;0m[HTTP]&amp#27;[0m &amp#27;[37m<-- GET /session/9c0ff67f-6efc-443b-a62f-dce2bca5d56b/element/00000000-0000-0042-0000-009300000004/text &amp#27;[39m&amp#27;[32m200&amp#27;[39m &amp#27;[90m9 ms - 67&amp#27;[39m
&amp#27;[38;5;0m[HTTP]&amp#27;[0m &amp#27;[90m&amp#27;[39m
&amp#27;[38;5;0m[HTTP]&amp#27;[0m &amp#27;[37m-->&amp#27;[39m &amp#27;[37mGET&amp#27;[39m &amp#27;[37m/session/9c0ff67f-6efc-443b-a62f-dce2bca5d56b/element/00000000-0000-0042-0000-009500000004/text&amp#27;[39m
&amp#27;[38;5;0m[HTTP]&amp#27;[0m &amp#27;[90m{}&amp#27;[39m
&amp#27;[38;5;32m[AndroidUiautomator2Driver@e3cd (9c0ff67f)]&amp#27;[0m Driver proxy active, passing request on via HTTP proxy
&amp#27;[38;5;32m[AndroidUiautomator2Driver@e3cd (9c0ff67f)]&amp#27;[0m Matched '/session/9c0ff67f-6efc-443b-a62f-dce2bca5d56b/element/00000000-0000-0042-0000-009500000004/text' to command name 'getText'
&amp#27;[38;5;32m[AndroidUiautomator2Driver@e3cd (9c0ff67f)]&amp#27;[0m Proxying [GET /session/9c0ff67f-6efc-443b-a62f-dce2bca5d56b/element/00000000-0000-0042-0000-009500000004/text] to [GET http://127.0.0.1:8200/session/2fea60ff-cc1e-449a-891a-56c913714252/element/00000000-0000-0042-0000-009500000004/text] with no body
&amp#27;[38;5;32m[AndroidUiautomator2Driver@e3cd (9c0ff67f)]&amp#27;[0m Got response with status 200: {"sessionId":"2fea60ff-cc1e-449a-891a-56c913714252","value":"14 Â°C"}
&amp#27;[38;5;32m[AndroidUiautomator2Driver@e3cd (9c0ff67f)]&amp#27;[0m Replacing sessionId 2fea60ff-cc1e-449a-891a-56c913714252 with 9c0ff67f-6efc-443b-a62f-dce2bca5d56b
&amp#27;[38;5;0m[HTTP]&amp#27;[0m &amp#27;[37m<-- GET /session/9c0ff67f-6efc-443b-a62f-dce2bca5d56b/element/00000000-0000-0042-0000-009500000004/text &amp#27;[39m&amp#27;[32m200&amp#27;[39m &amp#27;[90m9 ms - 69&amp#27;[39m
&amp#27;[38;5;0m[HTTP]&amp#27;[0m &amp#27;[90m&amp#27;[39m
&amp#27;[38;5;0m[HTTP]&amp#27;[0m &amp#27;[37m-->&amp#27;[39m &amp#27;[37mPOST&amp#27;[39m &amp#27;[37m/session/9c0ff67f-6efc-443b-a62f-dce2bca5d56b/execute/sync&amp#27;[39m
&amp#27;[38;5;0m[HTTP]&amp#27;[0m &amp#27;[90m{"script":"mobile: swipeGesture","args":[{"elementId":"00000000-0000-0042-0000-001d00000004","percent":0.4,"speed":320,"direction":"left"}]}&amp#27;[39m
&amp#27;[38;5;32m[AndroidUiautomator2Driver@e3cd (9c0ff67f)]&amp#27;[0m Calling AppiumDriver.execute() with args: ["mobile: swipeGesture",[{"elementId":"00000000-0000-0042-0000-001d00000004","percent":0.4,"speed":320,"direction":"left"}],"9c0ff67f-6efc-443b-a62f-dce2bca5d56b"]
&amp#27;[38;5;32m[AndroidUiautomator2Driver@e3cd (9c0ff67f)]&amp#27;[0m Executing method 'mobile: swipeGesture'
&amp#27;[38;5;32m[AndroidUiautomator2Driver@e3cd (9c0ff67f)]&amp#27;[0m Proxying [POST /appium/gestures/swipe] to [POST http://127.0.0.1:8200/session/2fea60ff-cc1e-449a-891a-56c913714252/appium/gestures/swipe] with body: {"origin":{"ELEMENT":"00000000-0000-0042-0000-001d00000004","element-6066-11e4-a52e-4f735466cecf":"00000000-0000-0042-0000-001d00000004"},"direction":"left","percent":0.4,"speed":320}
&amp#27;[38;5;32m[AndroidUiautomator2Driver@e3cd (9c0ff67f)]&amp#27;[0m Got response with status 200: {"sessionId":"2fea60ff-cc1e-449a-891a-56c913714252","value":null}
&amp#27;[38;5;32m[AndroidUiautomator2Driver@e3cd (9c0ff67f)]&amp#27;[0m Responding to client with driver.execute() result: null
&amp#27;[38;5;0m[HTTP]&amp#27;[0m &amp#27;[37m<-- POST /session/9c0ff67f-6efc-443b-a62f-dce2bca5d56b/execute/sync &amp#27;[39m&amp#27;[32m200&amp#27;[39m &amp#27;[90m1550 ms - 14&amp#27;[39m
&amp#27;[38;5;0m[HTTP]&amp#27;[0m &amp#27;[90m&amp#27;[39m
&amp#27;[38;5;0m[HTTP]&amp#27;[0m &amp#27;[37m-->&amp#27;[39m &amp#27;[37mPOST&amp#27;[39m &amp#27;[37m/session/9c0ff67f-6efc-443b-a62f-dce2bca5d56b/elements&amp#27;[39m
&amp#27;[38;5;0m[HTTP]&amp#27;[0m &amp#27;[90m{"using":"xpath","value":"//android.widget.HorizontalScrollView"}&amp#27;[39m
&amp#27;[38;5;32m[AndroidUiautomator2Driver@e3cd (9c0ff67f)]&amp#27;[0m Calling AppiumDriver.findElements() with args: ["xpath","//android.widget.HorizontalScrollView","9c0ff67f-6efc-443b-a62f-dce2bca5d56b"]
&amp#27;[38;5;32m[AndroidUiautomator2Driver@e3cd (9c0ff67f)]&amp#27;[0m Valid locator strategies for this request: xpath, id, class name, accessibility id, css selector, -android uiautomator
&amp#27;[38;5;32m[AndroidUiautomator2Driver@e3cd (9c0ff67f)]&amp#27;[0m Waiting up to 0 ms for condition
&amp#27;[38;5;32m[AndroidUiautomator2Driver@e3cd (9c0ff67f)]&amp#27;[0m Matched '/elements' to command name 'findElements'
&amp#27;[38;5;32m[AndroidUiautomator2Driver@e3cd (9c0ff67f)]&amp#27;[0m Proxying [POST /elements] to [POST http://127.0.0.1:8200/session/2fea60ff-cc1e-449a-891a-56c913714252/elements] with body: {"strategy":"xpath","selector":"//android.widget.HorizontalScrollView","context":"","multiple":true}
&amp#27;[38;5;32m[AndroidUiautomator2Driver@e3cd (9c0ff67f)]&amp#27;[0m Got response with status 200: {"sessionId":"2fea60ff-cc1e-449a-891a-56c913714252","value":[{"ELEMENT":"00000000-0000-0042-0000-001d00000004","element-6066-11e4-a52e-4f735466cecf":"00000000-0000-0042-0000-001d00000004"},{"ELEMENT":"00000000-0000-0042-0000-001e00000004","element-6066-11e4-a52e-4f735466cecf":"00000000-0000-0042-0000-001e00000004"}]}
&amp#27;[38;5;32m[AndroidUiautomator2Driver@e3cd (9c0ff67f)]&amp#27;[0m Responding to client with driver.findElements() result: [{"element-6066-11e4-a52e-4f735466cecf":"00000000-0000-0042-0000-001d00000004","ELEMENT":"00000000-0000-0042-0000-001d00000004"},{"element-6066-11e4-a52e-4f735466cecf":"00000000-0000-0042-0000-001e00000004","ELEMENT":"00000000-0000-0042-0000-001e00000004"}]
&amp#27;[38;5;0m[HTTP]&amp#27;[0m &amp#27;[37m<-- POST /session/9c0ff67f-6efc-443b-a62f-dce2bca5d56b/elements &amp#27;[39m&amp#27;[32m200&amp#27;[39m &amp#27;[90m113 ms - 267&amp#27;[39m
&amp#27;[38;5;0m[HTTP]&amp#27;[0m &amp#27;[90m&amp#27;[39m
&amp#27;[38;5;0m[HTTP]&amp#27;[0m &amp#27;[37m-->&amp#27;[39m &amp#27;[37mPOST&amp#27;[39m &amp#27;[37m/session/9c0ff67f-6efc-443b-a62f-dce2bca5d56b/element/00000000-0000-0042-0000-001d00000004/elements&amp#27;[39m
&amp#27;[38;5;0m[HTTP]&amp#27;[0m &amp#27;[90m{"id":"00000000-0000-0042-0000-001d00000004","using":"xpath","value":"//android.view.View"}&amp#27;[39m
&amp#27;[38;5;32m[AndroidUiautomator2Driver@e3cd (9c0ff67f)]&amp#27;[0m Calling AppiumDriver.findElementsFromElement() with args: ["xpath","//android.view.View","00000000-0000-0042-0000-001d00000004","9c0ff67f-6efc-443b-a62f-dce2bca5d56b"]
&amp#27;[38;5;32m[AndroidUiautomator2Driver@e3cd (9c0ff67f)]&amp#27;[0m Valid locator strategies for this request: xpath, id, class name, accessibility id, css selector, -android uiautomator
&amp#27;[38;5;32m[AndroidUiautomator2Driver@e3cd (9c0ff67f)]&amp#27;[0m Waiting up to 0 ms for condition
&amp#27;[38;5;32m[AndroidUiautomator2Driver@e3cd (9c0ff67f)]&amp#27;[0m Matched '/elements' to command name 'findElements'
&amp#27;[38;5;32m[AndroidUiautomator2Driver@e3cd (9c0ff67f)]&amp#27;[0m Proxying [POST /elements] to [POST http://127.0.0.1:8200/session/2fea60ff-cc1e-449a-891a-56c913714252/elements] with body: {"strategy":"xpath","selector":"//android.view.View","context":"00000000-0000-0042-0000-001d00000004","multiple":true}
&amp#27;[38;5;32m[AndroidUiautomator2Driver@e3cd (9c0ff67f)]&amp#27;[0m Got response with status 200: {"sessionId":"2fea60ff-cc1e-449a-891a-56c913714252","value":[{"ELEMENT":"00000000-0000-0042-0000-007f00000004","element-6066-11e4-a52e-4f735466cecf":"00000000-0000-0042-0000-007f00000004"},{"ELEMENT":"00000000-0000-0042-0000-008100000004","element-6066-11e4-a52e-4f735466cecf":"00000000-0000-0042-0000-008100000004"},{"ELEMENT":"00000000-0000-0042-0000-008300000004","element-6066-11e4-a52e-4f735466cecf":"00000000-0000-0042-0000-008300000004"},{"ELEMENT":"00000000-0000-0042-0000-008500000004","element-6066-11e4-a52e-4f735466cecf":"00000000-0000-0042-0000-008500000004"},{"ELEMENT":"00000000-0000-0042-0000-008700000004","element-6066-11e4-a52e-4f735466cecf":"00000000-0000-0042-0000-008700000004"},{"ELEMENT":"00000000-0000-0042-0000-008900000004","element-6066-11e4-a52e-4f735466cecf":"00000000-0000-0042-0000-008900000004"},{"ELEMENT":"00000000-0000-0042-0000-008b00000004","element-6066-11e4-a52e-4f735466cecf":"00000000-0000-0042-0000-008b00000004"},{"ELEMENT":"00000000-0000-0042-0000-008d00000004","element-6066-...
&amp#27;[38;5;32m[AndroidUiautomator2Driver@e3cd (9c0ff67f)]&amp#27;[0m Responding to client with driver.findElementsFromElement() result: [{"element-6066-11e4-a52e-4f735466cecf":"00000000-0000-0042-0000-007f00000004","ELEMENT":"00000000-0000-0042-0000-007f00000004"},{"element-6066-11e4-a52e-4f735466cecf":"00000000-0000-0042-0000-008100000004","ELEMENT":"00000000-0000-0042-0000-008100000004"},{"element-6066-11e4-a52e-4f735466cecf":"00000000-0000-0042-0000-008300000004","ELEMENT":"00000000-0000-0042-0000-008300000004"},{"element-6066-11e4-a52e-4f735466cecf":"00000000-0000-0042-0000-008500000004","ELEMENT":"00000000-0000-0042-0000-008500000004"},{"element-6066-11e4-a52e-4f735466cecf":"00000000-0000-0042-0000-008700000004","ELEMENT":"00000000-0000-0042-0000-008700000004"},{"element-6066-11e4-a52e-4f735466cecf":"00000000-0000-0042-0000-008900000004","ELEMENT":"00000000-0000-0042-0000-008900000004"},{"element-6066-11e4-a52e-4f735466cecf":"00000000-0000-0042-0000-008b00000004","ELEMENT":"00000000-0000-0042-0000-008b00000004"},{"element-6066-11e4-a52e-4f735466cecf":"00000000-0000-0042-0000-008d00000004","ELEMENT":"00000000-0000-0042-0000-008d0000000...
&amp#27;[38;5;0m[HTTP]&amp#27;[0m &amp#27;[37m<-- POST /session/9c0ff67f-6efc-443b-a62f-dce2bca5d56b/element/00000000-0000-0042-0000-001d00000004/elements &amp#27;[39m&amp#27;[32m200&amp#27;[39m &amp#27;[90m46 ms - 2059&amp#27;[39m
&amp#27;[38;5;0m[HTTP]&amp#27;[0m &amp#27;[90m&amp#27;[39m
&amp#27;[38;5;0m[HTTP]&amp#27;[0m &amp#27;[37m-->&amp#27;[39m &amp#27;[37mGET&amp#27;[39m &amp#27;[37m/session/9c0ff67f-6efc-443b-a62f-dce2bca5d56b/element/00000000-0000-0042-0000-007f00000004/text&amp#27;[39m
&amp#27;[38;5;0m[HTTP]&amp#27;[0m &amp#27;[90m{}&amp#27;[39m
&amp#27;[38;5;32m[AndroidUiautomator2Driver@e3cd (9c0ff67f)]&amp#27;[0m Driver proxy active, passing request on via HTTP proxy
&amp#27;[38;5;32m[AndroidUiautomator2Driver@e3cd (9c0ff67f)]&amp#27;[0m Matched '/session/9c0ff67f-6efc-443b-a62f-dce2bca5d56b/element/00000000-0000-0042-0000-007f00000004/text' to command name 'getText'
&amp#27;[38;5;32m[AndroidUiautomator2Driver@e3cd (9c0ff67f)]&amp#27;[0m Proxying [GET /session/9c0ff67f-6efc-443b-a62f-dce2bca5d56b/element/00000000-0000-0042-0000-007f00000004/text] to [GET http://127.0.0.1:8200/session/2fea60ff-cc1e-449a-891a-56c913714252/element/00000000-0000-0042-0000-007f00000004/text] with no body
&amp#27;[38;5;32m[AndroidUiautomator2Driver@e3cd (9c0ff67f)]&amp#27;[0m Got response with status 200: {"sessionId":"2fea60ff-cc1e-449a-891a-56c913714252","value":"00:00"}
&amp#27;[38;5;32m[AndroidUiautomator2Driver@e3cd (9c0ff67f)]&amp#27;[0m Replacing sessionId 2fea60ff-cc1e-449a-891a-56c913714252 with 9c0ff67f-6efc-443b-a62f-dce2bca5d56b
&amp#27;[38;5;0m[HTTP]&amp#27;[0m &amp#27;[37m<-- GET /session/9c0ff67f-6efc-443b-a62f-dce2bca5d56b/element/00000000-0000-0042-0000-007f00000004/text &amp#27;[39m&amp#27;[32m200&amp#27;[39m &amp#27;[90m9 ms - 68&amp#27;[39m
&amp#27;[38;5;0m[HTTP]&amp#27;[0m &amp#27;[90m&amp#27;[39m
&amp#27;[38;5;0m[HTTP]&amp#27;[0m &amp#27;[37m-->&amp#27;[39m &amp#27;[37mGET&amp#27;[39m &amp#27;[37m/session/9c0ff67f-6efc-443b-a62f-dce2bca5d56b/element/00000000-0000-0042-0000-008100000004/text&amp#27;[39m
&amp#27;[38;5;0m[HTTP]&amp#27;[0m &amp#27;[90m{}&amp#27;[39m
&amp#27;[38;5;32m[AndroidUiautomator2Driver@e3cd (9c0ff67f)]&amp#27;[0m Driver proxy active, passing request on via HTTP proxy
&amp#27;[38;5;32m[AndroidUiautomator2Driver@e3cd (9c0ff67f)]&amp#27;[0m Matched '/session/9c0ff67f-6efc-443b-a62f-dce2bca5d56b/element/00000000-0000-0042-0000-008100000004/text' to command name 'getText'
&amp#27;[38;5;32m[AndroidUiautomator2Driver@e3cd (9c0ff67f)]&amp#27;[0m Proxying [GET /session/9c0ff67f-6efc-443b-a62f-dce2bca5d56b/element/00000000-0000-0042-0000-008100000004/text] to [GET http://127.0.0.1:8200/session/2fea60ff-cc1e-449a-891a-56c913714252/element/00000000-0000-0042-0000-008100000004/text] with no body
&amp#27;[38;5;32m[AndroidUiautomator2Driver@e3cd (9c0ff67f)]&amp#27;[0m Got response with status 200: {"sessionId":"2fea60ff-cc1e-449a-891a-56c913714252","value":"overcast clouds"}
&amp#27;[38;5;32m[AndroidUiautomator2Driver@e3cd (9c0ff67f)]&amp#27;[0m Replacing sessionId 2fea60ff-cc1e-449a-891a-56c913714252 with 9c0ff67f-6efc-443b-a62f-dce2bca5d56b
&amp#27;[38;5;0m[HTTP]&amp#27;[0m &amp#27;[37m<-- GET /session/9c0ff67f-6efc-443b-a62f-dce2bca5d56b/element/00000000-0000-0042-0000-008100000004/text &amp#27;[39m&amp#27;[32m200&amp#27;[39m &amp#27;[90m9 ms - 78&amp#27;[39m
&amp#27;[38;5;0m[HTTP]&amp#27;[0m &amp#27;[90m&amp#27;[39m
&amp#27;[38;5;0m[HTTP]&amp#27;[0m &amp#27;[37m-->&amp#27;[39m &amp#27;[37mGET&amp#27;[39m &amp#27;[37m/session/9c0ff67f-6efc-443b-a62f-dce2bca5d56b/element/00000000-0000-0042-0000-008300000004/text&amp#27;[39m
&amp#27;[38;5;0m[HTTP]&amp#27;[0m &amp#27;[90m{}&amp#27;[39m
&amp#27;[38;5;32m[AndroidUiautomator2Driver@e3cd (9c0ff67f)]&amp#27;[0m Driver proxy active, passing request on via HTTP proxy
&amp#27;[38;5;32m[AndroidUiautomator2Driver@e3cd (9c0ff67f)]&amp#27;[0m Matched '/session/9c0ff67f-6efc-443b-a62f-dce2bca5d56b/element/00000000-0000-0042-0000-008300000004/text' to command name 'getText'
&amp#27;[38;5;32m[AndroidUiautomator2Driver@e3cd (9c0ff67f)]&amp#27;[0m Proxying [GET /session/9c0ff67f-6efc-443b-a62f-dce2bca5d56b/element/00000000-0000-0042-0000-008300000004/text] to [GET http://127.0.0.1:8200/session/2fea60ff-cc1e-449a-891a-56c913714252/element/00000000-0000-0042-0000-008300000004/text] with no body
&amp#27;[38;5;32m[AndroidUiautomator2Driver@e3cd (9c0ff67f)]&amp#27;[0m Got response with status 200: {"sessionId":"2fea60ff-cc1e-449a-891a-56c913714252","value":"78 %"}
&amp#27;[38;5;32m[AndroidUiautomator2Driver@e3cd (9c0ff67f)]&amp#27;[0m Replacing sessionId 2fea60ff-cc1e-449a-891a-56c913714252 with 9c0ff67f-6efc-443b-a62f-dce2bca5d56b
&amp#27;[38;5;0m[HTTP]&amp#27;[0m &amp#27;[37m<-- GET /session/9c0ff67f-6efc-443b-a62f-dce2bca5d56b/element/00000000-0000-0042-0000-008300000004/text &amp#27;[39m&amp#27;[32m200&amp#27;[39m &amp#27;[90m8 ms - 67&amp#27;[39m
&amp#27;[38;5;0m[HTTP]&amp#27;[0m &amp#27;[90m&amp#27;[39m
&amp#27;[38;5;0m[HTTP]&amp#27;[0m &amp#27;[37m-->&amp#27;[39m &amp#27;[37mGET&amp#27;[39m &amp#27;[37m/session/9c0ff67f-6efc-443b-a62f-dce2bca5d56b/element/00000000-0000-0042-0000-008500000004/text&amp#27;[39m
&amp#27;[38;5;0m[HTTP]&amp#27;[0m &amp#27;[90m{}&amp#27;[39m
&amp#27;[38;5;32m[AndroidUiautomator2Driver@e3cd (9c0ff67f)]&amp#27;[0m Driver proxy active, passing request on via HTTP proxy
&amp#27;[38;5;32m[AndroidUiautomator2Driver@e3cd (9c0ff67f)]&amp#27;[0m Matched '/session/9c0ff67f-6efc-443b-a62f-dce2bca5d56b/element/00000000-0000-0042-0000-008500000004/text' to command name 'getText'
&amp#27;[38;5;32m[AndroidUiautomator2Driver@e3cd (9c0ff67f)]&amp#27;[0m Proxying [GET /session/9c0ff67f-6efc-443b-a62f-dce2bca5d56b/element/00000000-0000-0042-0000-008500000004/text] to [GET http://127.0.0.1:8200/session/2fea60ff-cc1e-449a-891a-56c913714252/element/00000000-0000-0042-0000-008500000004/text] with no body
&amp#27;[38;5;32m[AndroidUiautomator2Driver@e3cd (9c0ff67f)]&amp#27;[0m Got response with status 200: {"sessionId":"2fea60ff-cc1e-449a-891a-56c913714252","value":"11 Â°C"}
&amp#27;[38;5;32m[AndroidUiautomator2Driver@e3cd (9c0ff67f)]&amp#27;[0m Replacing sessionId 2fea60ff-cc1e-449a-891a-56c913714252 with 9c0ff67f-6efc-443b-a62f-dce2bca5d56b
&amp#27;[38;5;0m[HTTP]&amp#27;[0m &amp#27;[37m<-- GET /session/9c0ff67f-6efc-443b-a62f-dce2bca5d56b/element/00000000-0000-0042-0000-008500000004/text &amp#27;[39m&amp#27;[32m200&amp#27;[39m &amp#27;[90m8 ms - 69&amp#27;[39m
&amp#27;[38;5;0m[HTTP]&amp#27;[0m &amp#27;[90m&amp#27;[39m
&amp#27;[38;5;0m[HTTP]&amp#27;[0m &amp#27;[37m-->&amp#27;[39m &amp#27;[37mGET&amp#27;[39m &amp#27;[37m/session/9c0ff67f-6efc-443b-a62f-dce2bca5d56b/element/00000000-0000-0042-0000-008700000004/text&amp#27;[39m
&amp#27;[38;5;0m[HTTP]&amp#27;[0m &amp#27;[90m{}&amp#27;[39m
&amp#27;[38;5;32m[AndroidUiautomator2Driver@e3cd (9c0ff67f)]&amp#27;[0m Driver proxy active, passing request on via HTTP proxy
&amp#27;[38;5;32m[AndroidUiautomator2Driver@e3cd (9c0ff67f)]&amp#27;[0m Matched '/session/9c0ff67f-6efc-443b-a62f-dce2bca5d56b/element/00000000-0000-0042-0000-008700000004/text' to command name 'getText'
&amp#27;[38;5;32m[AndroidUiautomator2Driver@e3cd (9c0ff67f)]&amp#27;[0m Proxying [GET /session/9c0ff67f-6efc-443b-a62f-dce2bca5d56b/element/00000000-0000-0042-0000-008700000004/text] to [GET http://127.0.0.1:8200/session/2fea60ff-cc1e-449a-891a-56c913714252/element/00000000-0000-0042-0000-008700000004/text] with no body
&amp#27;[38;5;32m[AndroidUiautomator2Driver@e3cd (9c0ff67f)]&amp#27;[0m Got response with status 200: {"sessionId":"2fea60ff-cc1e-449a-891a-56c913714252","value":"01:00"}
&amp#27;[38;5;32m[AndroidUiautomator2Driver@e3cd (9c0ff67f)]&amp#27;[0m Replacing sessionId 2fea60ff-cc1e-449a-891a-56c913714252 with 9c0ff67f-6efc-443b-a62f-dce2bca5d56b
&amp#27;[38;5;0m[HTTP]&amp#27;[0m &amp#27;[37m<-- GET /session/9c0ff67f-6efc-443b-a62f-dce2bca5d56b/element/00000000-0000-0042-0000-008700000004/text &amp#27;[39m&amp#27;[32m200&amp#27;[39m &amp#27;[90m8 ms - 68&amp#27;[39m
&amp#27;[38;5;0m[HTTP]&amp#27;[0m &amp#27;[90m&amp#27;[39m
&amp#27;[38;5;0m[HTTP]&amp#27;[0m &amp#27;[37m-->&amp#27;[39m &amp#27;[37mGET&amp#27;[39m &amp#27;[37m/session/9c0ff67f-6efc-443b-a62f-dce2bca5d56b/element/00000000-0000-0042-0000-008900000004/text&amp#27;[39m
&amp#27;[38;5;0m[HTTP]&amp#27;[0m &amp#27;[90m{}&amp#27;[39m
&amp#27;[38;5;32m[AndroidUiautomator2Driver@e3cd (9c0ff67f)]&amp#27;[0m Driver proxy active, passing request on via HTTP proxy
&amp#27;[38;5;32m[AndroidUiautomator2Driver@e3cd (9c0ff67f)]&amp#27;[0m Matched '/session/9c0ff67f-6efc-443b-a62f-dce2bca5d56b/element/00000000-0000-0042-0000-008900000004/text' to command name 'getText'
&amp#27;[38;5;32m[AndroidUiautomator2Driver@e3cd (9c0ff67f)]&amp#27;[0m Proxying [GET /session/9c0ff67f-6efc-443b-a62f-dce2bca5d56b/element/00000000-0000-0042-0000-008900000004/text] to [GET http://127.0.0.1:8200/session/2fea60ff-cc1e-449a-891a-56c913714252/element/00000000-0000-0042-0000-008900000004/text] with no body
&amp#27;[38;5;32m[AndroidUiautomator2Driver@e3cd (9c0ff67f)]&amp#27;[0m Got response with status 200: {"sessionId":"2fea60ff-cc1e-449a-891a-56c913714252","value":"overcast clouds"}
&amp#27;[38;5;32m[AndroidUiautomator2Driver@e3cd (9c0ff67f)]&amp#27;[0m Replacing sessionId 2fea60ff-cc1e-449a-891a-56c913714252 with 9c0ff67f-6efc-443b-a62f-dce2bca5d56b
&amp#27;[38;5;0m[HTTP]&amp#27;[0m &amp#27;[37m<-- GET /session/9c0ff67f-6efc-443b-a62f-dce2bca5d56b/element/00000000-0000-0042-0000-008900000004/text &amp#27;[39m&amp#27;[32m200&amp#27;[39m &amp#27;[90m9 ms - 78&amp#27;[39m
&amp#27;[38;5;0m[HTTP]&amp#27;[0m &amp#27;[90m&amp#27;[39m
&amp#27;[38;5;0m[HTTP]&amp#27;[0m &amp#27;[37m-->&amp#27;[39m &amp#27;[37mGET&amp#27;[39m &amp#27;[37m/session/9c0ff67f-6efc-443b-a62f-dce2bca5d56b/element/00000000-0000-0042-0000-008b00000004/text&amp#27;[39m
&amp#27;[38;5;0m[HTTP]&amp#27;[0m &amp#27;[90m{}&amp#27;[39m
&amp#27;[38;5;32m[AndroidUiautomator2Driver@e3cd (9c0ff67f)]&amp#27;[0m Driver proxy active, passing request on via HTTP proxy
&amp#27;[38;5;32m[AndroidUiautomator2Driver@e3cd (9c0ff67f)]&amp#27;[0m Matched '/session/9c0ff67f-6efc-443b-a62f-dce2bca5d56b/element/00000000-0000-0042-0000-008b00000004/text' to command name 'getText'
&amp#27;[38;5;32m[AndroidUiautomator2Driver@e3cd (9c0ff67f)]&amp#27;[0m Proxying [GET /session/9c0ff67f-6efc-443b-a62f-dce2bca5d56b/element/00000000-0000-0042-0000-008b00000004/text] to [GET http://127.0.0.1:8200/session/2fea60ff-cc1e-449a-891a-56c913714252/element/00000000-0000-0042-0000-008b00000004/text] with no body
&amp#27;[38;5;32m[AndroidUiautomator2Driver@e3cd (9c0ff67f)]&amp#27;[0m Got response with status 200: {"sessionId":"2fea60ff-cc1e-449a-891a-56c913714252","value":"72 %"}
&amp#27;[38;5;32m[AndroidUiautomator2Driver@e3cd (9c0ff67f)]&amp#27;[0m Replacing sessionId 2fea60ff-cc1e-449a-891a-56c913714252 with 9c0ff67f-6efc-443b-a62f-dce2bca5d56b
&amp#27;[38;5;0m[HTTP]&amp#27;[0m &amp#27;[37m<-- GET /session/9c0ff67f-6efc-443b-a62f-dce2bca5d56b/element/00000000-0000-0042-0000-008b00000004/text &amp#27;[39m&amp#27;[32m200&amp#27;[39m &amp#27;[90m9 ms - 67&amp#27;[39m
&amp#27;[38;5;0m[HTTP]&amp#27;[0m &amp#27;[90m&amp#27;[39m
&amp#27;[38;5;0m[HTTP]&amp#27;[0m &amp#27;[37m-->&amp#27;[39m &amp#27;[37mGET&amp#27;[39m &amp#27;[37m/session/9c0ff67f-6efc-443b-a62f-dce2bca5d56b/element/00000000-0000-0042-0000-008d00000004/text&amp#27;[39m
&amp#27;[38;5;0m[HTTP]&amp#27;[0m &amp#27;[90m{}&amp#27;[39m
&amp#27;[38;5;32m[AndroidUiautomator2Driver@e3cd (9c0ff67f)]&amp#27;[0m Driver proxy active, passing request on via HTTP proxy
&amp#27;[38;5;32m[AndroidUiautomator2Driver@e3cd (9c0ff67f)]&amp#27;[0m Matched '/session/9c0ff67f-6efc-443b-a62f-dce2bca5d56b/element/00000000-0000-0042-0000-008d00000004/text' to command name 'getText'
&amp#27;[38;5;32m[AndroidUiautomator2Driver@e3cd (9c0ff67f)]&amp#27;[0m Proxying [GET /session/9c0ff67f-6efc-443b-a62f-dce2bca5d56b/element/00000000-0000-0042-0000-008d00000004/text] to [GET http://127.0.0.1:8200/session/2fea60ff-cc1e-449a-891a-56c913714252/element/00000000-0000-0042-0000-008d00000004/text] with no body
&amp#27;[38;5;32m[AndroidUiautomator2Driver@e3cd (9c0ff67f)]&amp#27;[0m Got response with status 200: {"sessionId":"2fea60ff-cc1e-449a-891a-56c913714252","value":"12 Â°C"}
&amp#27;[38;5;32m[AndroidUiautomator2Driver@e3cd (9c0ff67f)]&amp#27;[0m Replacing sessionId 2fea60ff-cc1e-449a-891a-56c913714252 with 9c0ff67f-6efc-443b-a62f-dce2bca5d56b
&amp#27;[38;5;0m[HTTP]&amp#27;[0m &amp#27;[37m<-- GET /session/9c0ff67f-6efc-443b-a62f-dce2bca5d56b/element/00000000-0000-0042-0000-008d00000004/text &amp#27;[39m&amp#27;[32m200&amp#27;[39m &amp#27;[90m8 ms - 69&amp#27;[39m
&amp#27;[38;5;0m[HTTP]&amp#27;[0m &amp#27;[90m&amp#27;[39m
&amp#27;[38;5;0m[HTTP]&amp#27;[0m &amp#27;[37m-->&amp#27;[39m &amp#27;[37mGET&amp#27;[39m &amp#27;[37m/session/9c0ff67f-6efc-443b-a62f-dce2bca5d56b/element/00000000-0000-0042-0000-008f00000004/text&amp#27;[39m
&amp#27;[38;5;0m[HTTP]&amp#27;[0m &amp#27;[90m{}&amp#27;[39m
&amp#27;[38;5;32m[AndroidUiautomator2Driver@e3cd (9c0ff67f)]&amp#27;[0m Driver proxy active, passing request on via HTTP proxy
&amp#27;[38;5;32m[AndroidUiautomator2Driver@e3cd (9c0ff67f)]&amp#27;[0m Matched '/session/9c0ff67f-6efc-443b-a62f-dce2bca5d56b/element/00000000-0000-0042-0000-008f00000004/text' to command name 'getText'
&amp#27;[38;5;32m[AndroidUiautomator2Driver@e3cd (9c0ff67f)]&amp#27;[0m Proxying [GET /session/9c0ff67f-6efc-443b-a62f-dce2bca5d56b/element/00000000-0000-0042-0000-008f00000004/text] to [GET http://127.0.0.1:8200/session/2fea60ff-cc1e-449a-891a-56c913714252/element/00000000-0000-0042-0000-008f00000004/text] with no body
&amp#27;[38;5;32m[AndroidUiautomator2Driver@e3cd (9c0ff67f)]&amp#27;[0m Got response with status 200: {"sessionId":"2fea60ff-cc1e-449a-891a-56c913714252","value":"02:00"}
&amp#27;[38;5;32m[AndroidUiautomator2Driver@e3cd (9c0ff67f)]&amp#27;[0m Replacing sessionId 2fea60ff-cc1e-449a-891a-56c913714252 with 9c0ff67f-6efc-443b-a62f-dce2bca5d56b
&amp#27;[38;5;0m[HTTP]&amp#27;[0m &amp#27;[37m<-- GET /session/9c0ff67f-6efc-443b-a62f-dce2bca5d56b/element/00000000-0000-0042-0000-008f00000004/text &amp#27;[39m&amp#27;[32m200&amp#27;[39m &amp#27;[90m9 ms - 68&amp#27;[39m
&amp#27;[38;5;0m[HTTP]&amp#27;[0m &amp#27;[90m&amp#27;[39m
&amp#27;[38;5;0m[HTTP]&amp#27;[0m &amp#27;[37m-->&amp#27;[39m &amp#27;[37mGET&amp#27;[39m &amp#27;[37m/session/9c0ff67f-6efc-443b-a62f-dce2bca5d56b/element/00000000-0000-0042-0000-009100000004/text&amp#27;[39m
&amp#27;[38;5;0m[HTTP]&amp#27;[0m &amp#27;[90m{}&amp#27;[39m
&amp#27;[38;5;32m[AndroidUiautomator2Driver@e3cd (9c0ff67f)]&amp#27;[0m Driver proxy active, passing request on via HTTP proxy
&amp#27;[38;5;32m[AndroidUiautomator2Driver@e3cd (9c0ff67f)]&amp#27;[0m Matched '/session/9c0ff67f-6efc-443b-a62f-dce2bca5d56b/element/00000000-0000-0042-0000-009100000004/text' to command name 'getText'
&amp#27;[38;5;32m[AndroidUiautomator2Driver@e3cd (9c0ff67f)]&amp#27;[0m Proxying [GET /session/9c0ff67f-6efc-443b-a62f-dce2bca5d56b/element/00000000-0000-0042-0000-009100000004/text] to [GET http://127.0.0.1:8200/session/2fea60ff-cc1e-449a-891a-56c913714252/element/00000000-0000-0042-0000-009100000004/text] with no body
&amp#27;[38;5;32m[AndroidUiautomator2Driver@e3cd (9c0ff67f)]&amp#27;[0m Got response with status 200: {"sessionId":"2fea60ff-cc1e-449a-891a-56c913714252","value":"overcast clouds"}
&amp#27;[38;5;32m[AndroidUiautomator2Driver@e3cd (9c0ff67f)]&amp#27;[0m Replacing sessionId 2fea60ff-cc1e-449a-891a-56c913714252 with 9c0ff67f-6efc-443b-a62f-dce2bca5d56b
&amp#27;[38;5;0m[HTTP]&amp#27;[0m &amp#27;[37m<-- GET /session/9c0ff67f-6efc-443b-a62f-dce2bca5d56b/element/00000000-0000-0042-0000-009100000004/text &amp#27;[39m&amp#27;[32m200&amp#27;[39m &amp#27;[90m9 ms - 78&amp#27;[39m
&amp#27;[38;5;0m[HTTP]&amp#27;[0m &amp#27;[90m&amp#27;[39m
&amp#27;[38;5;0m[HTTP]&amp#27;[0m &amp#27;[37m-->&amp#27;[39m &amp#27;[37mGET&amp#27;[39m &amp#27;[37m/session/9c0ff67f-6efc-443b-a62f-dce2bca5d56b/element/00000000-0000-0042-0000-009300000004/text&amp#27;[39m
&amp#27;[38;5;0m[HTTP]&amp#27;[0m &amp#27;[90m{}&amp#27;[39m
&amp#27;[38;5;32m[AndroidUiautomator2Driver@e3cd (9c0ff67f)]&amp#27;[0m Driver proxy active, passing request on via HTTP proxy
&amp#27;[38;5;32m[AndroidUiautomator2Driver@e3cd (9c0ff67f)]&amp#27;[0m Matched '/session/9c0ff67f-6efc-443b-a62f-dce2bca5d56b/element/00000000-0000-0042-0000-009300000004/text' to command name 'getText'
&amp#27;[38;5;32m[AndroidUiautomator2Driver@e3cd (9c0ff67f)]&amp#27;[0m Proxying [GET /session/9c0ff67f-6efc-443b-a62f-dce2bca5d56b/element/00000000-0000-0042-0000-009300000004/text] to [GET http://127.0.0.1:8200/session/2fea60ff-cc1e-449a-891a-56c913714252/element/00000000-0000-0042-0000-009300000004/text] with no body
&amp#27;[38;5;32m[AndroidUiautomator2Driver@e3cd (9c0ff67f)]&amp#27;[0m Got response with status 200: {"sessionId":"2fea60ff-cc1e-449a-891a-56c913714252","value":"65 %"}
&amp#27;[38;5;32m[AndroidUiautomator2Driver@e3cd (9c0ff67f)]&amp#27;[0m Replacing sessionId 2fea60ff-cc1e-449a-891a-56c913714252 with 9c0ff67f-6efc-443b-a62f-dce2bca5d56b
&amp#27;[38;5;0m[HTTP]&amp#27;[0m &amp#27;[37m<-- GET /session/9c0ff67f-6efc-443b-a62f-dce2bca5d56b/element/00000000-0000-0042-0000-009300000004/text &amp#27;[39m&amp#27;[32m200&amp#27;[39m &amp#27;[90m10 ms - 67&amp#27;[39m
&amp#27;[38;5;0m[HTTP]&amp#27;[0m &amp#27;[90m&amp#27;[39m
&amp#27;[38;5;0m[HTTP]&amp#27;[0m &amp#27;[37m-->&amp#27;[39m &amp#27;[37mGET&amp#27;[39m &amp#27;[37m/session/9c0ff67f-6efc-443b-a62f-dce2bca5d56b/element/00000000-0000-0042-0000-009500000004/text&amp#27;[39m
&amp#27;[38;5;0m[HTTP]&amp#27;[0m &amp#27;[90m{}&amp#27;[39m
&amp#27;[38;5;32m[AndroidUiautomator2Driver@e3cd (9c0ff67f)]&amp#27;[0m Driver proxy active, passing request on via HTTP proxy
&amp#27;[38;5;32m[AndroidUiautomator2Driver@e3cd (9c0ff67f)]&amp#27;[0m Matched '/session/9c0ff67f-6efc-443b-a62f-dce2bca5d56b/element/00000000-0000-0042-0000-009500000004/text' to command name 'getText'
&amp#27;[38;5;32m[AndroidUiautomator2Driver@e3cd (9c0ff67f)]&amp#27;[0m Proxying [GET /session/9c0ff67f-6efc-443b-a62f-dce2bca5d56b/element/00000000-0000-0042-0000-009500000004/text] to [GET http://127.0.0.1:8200/session/2fea60ff-cc1e-449a-891a-56c913714252/element/00000000-0000-0042-0000-009500000004/text] with no body
&amp#27;[38;5;32m[AndroidUiautomator2Driver@e3cd (9c0ff67f)]&amp#27;[0m Got response with status 200: {"sessionId":"2fea60ff-cc1e-449a-891a-56c913714252","value":"14 Â°C"}
&amp#27;[38;5;32m[AndroidUiautomator2Driver@e3cd (9c0ff67f)]&amp#27;[0m Replacing sessionId 2fea60ff-cc1e-449a-891a-56c913714252 with 9c0ff67f-6efc-443b-a62f-dce2bca5d56b
&amp#27;[38;5;0m[HTTP]&amp#27;[0m &amp#27;[37m<-- GET /session/9c0ff67f-6efc-443b-a62f-dce2bca5d56b/element/00000000-0000-0042-0000-009500000004/text &amp#27;[39m&amp#27;[32m200&amp#27;[39m &amp#27;[90m9 ms - 69&amp#27;[39m
&amp#27;[38;5;0m[HTTP]&amp#27;[0m &amp#27;[90m&amp#27;[39m
&amp#27;[38;5;0m[HTTP]&amp#27;[0m &amp#27;[37m-->&amp#27;[39m &amp#27;[37mGET&amp#27;[39m &amp#27;[37m/session/9c0ff67f-6efc-443b-a62f-dce2bca5d56b/element/00000000-0000-0042-0000-009700000004/text&amp#27;[39m
&amp#27;[38;5;0m[HTTP]&amp#27;[0m &amp#27;[90m{}&amp#27;[39m
&amp#27;[38;5;32m[AndroidUiautomator2Driver@e3cd (9c0ff67f)]&amp#27;[0m Driver proxy active, passing request on via HTTP proxy
&amp#27;[38;5;32m[AndroidUiautomator2Driver@e3cd (9c0ff67f)]&amp#27;[0m Matched '/session/9c0ff67f-6efc-443b-a62f-dce2bca5d56b/element/00000000-0000-0042-0000-009700000004/text' to command name 'getText'
&amp#27;[38;5;32m[AndroidUiautomator2Driver@e3cd (9c0ff67f)]&amp#27;[0m Proxying [GET /session/9c0ff67f-6efc-443b-a62f-dce2bca5d56b/element/00000000-0000-0042-0000-009700000004/text] to [GET http://127.0.0.1:8200/session/2fea60ff-cc1e-449a-891a-56c913714252/element/00000000-0000-0042-0000-009700000004/text] with no body
&amp#27;[38;5;32m[AndroidUiautomator2Driver@e3cd (9c0ff67f)]&amp#27;[0m Got response with status 200: {"sessionId":"2fea60ff-cc1e-449a-891a-56c913714252","value":"03:00"}
&amp#27;[38;5;32m[AndroidUiautomator2Driver@e3cd (9c0ff67f)]&amp#27;[0m Replacing sessionId 2fea60ff-cc1e-449a-891a-56c913714252 with 9c0ff67f-6efc-443b-a62f-dce2bca5d56b
&amp#27;[38;5;0m[HTTP]&amp#27;[0m &amp#27;[37m<-- GET /session/9c0ff67f-6efc-443b-a62f-dce2bca5d56b/element/00000000-0000-0042-0000-009700000004/text &amp#27;[39m&amp#27;[32m200&amp#27;[39m &amp#27;[90m10 ms - 68&amp#27;[39m
&amp#27;[38;5;0m[HTTP]&amp#27;[0m &amp#27;[90m&amp#27;[39m
&amp#27;[38;5;0m[HTTP]&amp#27;[0m &amp#27;[37m-->&amp#27;[39m &amp#27;[37mGET&amp#27;[39m &amp#27;[37m/session/9c0ff67f-6efc-443b-a62f-dce2bca5d56b/element/00000000-0000-0042-0000-009900000004/text&amp#27;[39m
&amp#27;[38;5;0m[HTTP]&amp#27;[0m &amp#27;[90m{}&amp#27;[39m
&amp#27;[38;5;32m[AndroidUiautomator2Driver@e3cd (9c0ff67f)]&amp#27;[0m Driver proxy active, passing request on via HTTP proxy
&amp#27;[38;5;32m[AndroidUiautomator2Driver@e3cd (9c0ff67f)]&amp#27;[0m Matched '/session/9c0ff67f-6efc-443b-a62f-dce2bca5d56b/element/00000000-0000-0042-0000-009900000004/text' to command name 'getText'
&amp#27;[38;5;32m[AndroidUiautomator2Driver@e3cd (9c0ff67f)]&amp#27;[0m Proxying [GET /session/9c0ff67f-6efc-443b-a62f-dce2bca5d56b/element/00000000-0000-0042-0000-009900000004/text] to [GET http://127.0.0.1:8200/session/2fea60ff-cc1e-449a-891a-56c913714252/element/00000000-0000-0042-0000-009900000004/text] with no body
&amp#27;[38;5;32m[AndroidUiautomator2Driver@e3cd (9c0ff67f)]&amp#27;[0m Got response with status 200: {"sessionId":"2fea60ff-cc1e-449a-891a-56c913714252","value":"overcast clouds"}
&amp#27;[38;5;32m[AndroidUiautomator2Driver@e3cd (9c0ff67f)]&amp#27;[0m Replacing sessionId 2fea60ff-cc1e-449a-891a-56c913714252 with 9c0ff67f-6efc-443b-a62f-dce2bca5d56b
&amp#27;[38;5;0m[HTTP]&amp#27;[0m &amp#27;[37m<-- GET /session/9c0ff67f-6efc-443b-a62f-dce2bca5d56b/element/00000000-0000-0042-0000-009900000004/text &amp#27;[39m&amp#27;[32m200&amp#27;[39m &amp#27;[90m10 ms - 78&amp#27;[39m
&amp#27;[38;5;0m[HTTP]&amp#27;[0m &amp#27;[90m&amp#27;[39m
&amp#27;[38;5;0m[HTTP]&amp#27;[0m &amp#27;[37m-->&amp#27;[39m &amp#27;[37mGET&amp#27;[39m &amp#27;[37m/session/9c0ff67f-6efc-443b-a62f-dce2bca5d56b/element/00000000-0000-0042-0000-009b00000004/text&amp#27;[39m
&amp#27;[38;5;0m[HTTP]&amp#27;[0m &amp#27;[90m{}&amp#27;[39m
&amp#27;[38;5;32m[AndroidUiautomator2Driver@e3cd (9c0ff67f)]&amp#27;[0m Driver proxy active, passing request on via HTTP proxy
&amp#27;[38;5;32m[AndroidUiautomator2Driver@e3cd (9c0ff67f)]&amp#27;[0m Matched '/session/9c0ff67f-6efc-443b-a62f-dce2bca5d56b/element/00000000-0000-0042-0000-009b00000004/text' to command name 'getText'
&amp#27;[38;5;32m[AndroidUiautomator2Driver@e3cd (9c0ff67f)]&amp#27;[0m Proxying [GET /session/9c0ff67f-6efc-443b-a62f-dce2bca5d56b/element/00000000-0000-0042-0000-009b00000004/text] to [GET http://127.0.0.1:8200/session/2fea60ff-cc1e-449a-891a-56c913714252/element/00000000-0000-0042-0000-009b00000004/text] with no body
&amp#27;[38;5;32m[AndroidUiautomator2Driver@e3cd (9c0ff67f)]&amp#27;[0m Got response with status 200: {"sessionId":"2fea60ff-cc1e-449a-891a-56c913714252","value":"63 %"}
&amp#27;[38;5;32m[AndroidUiautomator2Driver@e3cd (9c0ff67f)]&amp#27;[0m Replacing sessionId 2fea60ff-cc1e-449a-891a-56c913714252 with 9c0ff67f-6efc-443b-a62f-dce2bca5d56b
&amp#27;[38;5;0m[HTTP]&amp#27;[0m &amp#27;[37m<-- GET /session/9c0ff67f-6efc-443b-a62f-dce2bca5d56b/element/00000000-0000-0042-0000-009b00000004/text &amp#27;[39m&amp#27;[32m200&amp#27;[39m &amp#27;[90m9 ms - 67&amp#27;[39m
&amp#27;[38;5;0m[HTTP]&amp#27;[0m &amp#27;[90m&amp#27;[39m
&amp#27;[38;5;0m[HTTP]&amp#27;[0m &amp#27;[37m-->&amp#27;[39m &amp#27;[37mGET&amp#27;[39m &amp#27;[37m/session/9c0ff67f-6efc-443b-a62f-dce2bca5d56b/element/00000000-0000-0042-0000-009d00000004/text&amp#27;[39m
&amp#27;[38;5;0m[HTTP]&amp#27;[0m &amp#27;[90m{}&amp#27;[39m
&amp#27;[38;5;32m[AndroidUiautomator2Driver@e3cd (9c0ff67f)]&amp#27;[0m Driver proxy active, passing request on via HTTP proxy
&amp#27;[38;5;32m[AndroidUiautomator2Driver@e3cd (9c0ff67f)]&amp#27;[0m Matched '/session/9c0ff67f-6efc-443b-a62f-dce2bca5d56b/element/00000000-0000-0042-0000-009d00000004/text' to command name 'getText'
&amp#27;[38;5;32m[AndroidUiautomator2Driver@e3cd (9c0ff67f)]&amp#27;[0m Proxying [GET /session/9c0ff67f-6efc-443b-a62f-dce2bca5d56b/element/00000000-0000-0042-0000-009d00000004/text] to [GET http://127.0.0.1:8200/session/2fea60ff-cc1e-449a-891a-56c913714252/element/00000000-0000-0042-0000-009d00000004/text] with no body
&amp#27;[38;5;32m[AndroidUiautomator2Driver@e3cd (9c0ff67f)]&amp#27;[0m Got response with status 200: {"sessionId":"2fea60ff-cc1e-449a-891a-56c913714252","value":"15 Â°C"}
&amp#27;[38;5;32m[AndroidUiautomator2Driver@e3cd (9c0ff67f)]&amp#27;[0m Replacing sessionId 2fea60ff-cc1e-449a-891a-56c913714252 with 9c0ff67f-6efc-443b-a62f-dce2bca5d56b
&amp#27;[38;5;0m[HTTP]&amp#27;[0m &amp#27;[37m<-- GET /session/9c0ff67f-6efc-443b-a62f-dce2bca5d56b/element/00000000-0000-0042-0000-009d00000004/text &amp#27;[39m&amp#27;[32m200&amp#27;[39m &amp#27;[90m9 ms - 69&amp#27;[39m
&amp#27;[38;5;0m[HTTP]&amp#27;[0m &amp#27;[90m&amp#27;[39m
&amp#27;[38;5;0m[HTTP]&amp#27;[0m &amp#27;[37m-->&amp#27;[39m &amp#27;[37mPOST&amp#27;[39m &amp#27;[37m/session/9c0ff67f-6efc-443b-a62f-dce2bca5d56b/execute/sync&amp#27;[39m
&amp#27;[38;5;0m[HTTP]&amp#27;[0m &amp#27;[90m{"script":"mobile: swipeGesture","args":[{"elementId":"00000000-0000-0042-0000-001d00000004","percent":0.4,"speed":320,"direction":"left"}]}&amp#27;[39m
&amp#27;[38;5;32m[AndroidUiautomator2Driver@e3cd (9c0ff67f)]&amp#27;[0m Calling AppiumDriver.execute() with args: ["mobile: swipeGesture",[{"elementId":"00000000-0000-0042-0000-001d00000004","percent":0.4,"speed":320,"direction":"left"}],"9c0ff67f-6efc-443b-a62f-dce2bca5d56b"]
&amp#27;[38;5;32m[AndroidUiautomator2Driver@e3cd (9c0ff67f)]&amp#27;[0m Executing method 'mobile: swipeGesture'
&amp#27;[38;5;32m[AndroidUiautomator2Driver@e3cd (9c0ff67f)]&amp#27;[0m Proxying [POST /appium/gestures/swipe] to [POST http://127.0.0.1:8200/session/2fea60ff-cc1e-449a-891a-56c913714252/appium/gestures/swipe] with body: {"origin":{"ELEMENT":"00000000-0000-0042-0000-001d00000004","element-6066-11e4-a52e-4f735466cecf":"00000000-0000-0042-0000-001d00000004"},"direction":"left","percent":0.4,"speed":320}
&amp#27;[38;5;32m[AndroidUiautomator2Driver@e3cd (9c0ff67f)]&amp#27;[0m Got response with status 200: {"sessionId":"2fea60ff-cc1e-449a-891a-56c913714252","value":null}
&amp#27;[38;5;32m[AndroidUiautomator2Driver@e3cd (9c0ff67f)]&amp#27;[0m Responding to client with driver.execute() result: null
&amp#27;[38;5;0m[HTTP]&amp#27;[0m &amp#27;[37m<-- POST /session/9c0ff67f-6efc-443b-a62f-dce2bca5d56b/execute/sync &amp#27;[39m&amp#27;[32m200&amp#27;[39m &amp#27;[90m1560 ms - 14&amp#27;[39m
&amp#27;[38;5;0m[HTTP]&amp#27;[0m &amp#27;[90m&amp#27;[39m
&amp#27;[38;5;0m[HTTP]&amp#27;[0m &amp#27;[37m-->&amp#27;[39m &amp#27;[37mPOST&amp#27;[39m &amp#27;[37m/session/9c0ff67f-6efc-443b-a62f-dce2bca5d56b/elements&amp#27;[39m
&amp#27;[38;5;0m[HTTP]&amp#27;[0m &amp#27;[90m{"using":"xpath","value":"//android.widget.HorizontalScrollView"}&amp#27;[39m
&amp#27;[38;5;32m[AndroidUiautomator2Driver@e3cd (9c0ff67f)]&amp#27;[0m Calling AppiumDriver.findElements() with args: ["xpath","//android.widget.HorizontalScrollView","9c0ff67f-6efc-443b-a62f-dce2bca5d56b"]
&amp#27;[38;5;32m[AndroidUiautomator2Driver@e3cd (9c0ff67f)]&amp#27;[0m Valid locator strategies for this request: xpath, id, class name, accessibility id, css selector, -android uiautomator
&amp#27;[38;5;32m[AndroidUiautomator2Driver@e3cd (9c0ff67f)]&amp#27;[0m Waiting up to 0 ms for condition
&amp#27;[38;5;32m[AndroidUiautomator2Driver@e3cd (9c0ff67f)]&amp#27;[0m Matched '/elements' to command name 'findElements'
&amp#27;[38;5;32m[AndroidUiautomator2Driver@e3cd (9c0ff67f)]&amp#27;[0m Proxying [POST /elements] to [POST http://127.0.0.1:8200/session/2fea60ff-cc1e-449a-891a-56c913714252/elements] with body: {"strategy":"xpath","selector":"//android.widget.HorizontalScrollView","context":"","multiple":true}
&amp#27;[38;5;32m[AndroidUiautomator2Driver@e3cd (9c0ff67f)]&amp#27;[0m Got response with status 200: {"sessionId":"2fea60ff-cc1e-449a-891a-56c913714252","value":[{"ELEMENT":"00000000-0000-0042-0000-001d00000004","element-6066-11e4-a52e-4f735466cecf":"00000000-0000-0042-0000-001d00000004"},{"ELEMENT":"00000000-0000-0042-0000-001e00000004","element-6066-11e4-a52e-4f735466cecf":"00000000-0000-0042-0000-001e00000004"}]}
&amp#27;[38;5;32m[AndroidUiautomator2Driver@e3cd (9c0ff67f)]&amp#27;[0m Responding to client with driver.findElements() result: [{"element-6066-11e4-a52e-4f735466cecf":"00000000-0000-0042-0000-001d00000004","ELEMENT":"00000000-0000-0042-0000-001d00000004"},{"element-6066-11e4-a52e-4f735466cecf":"00000000-0000-0042-0000-001e00000004","ELEMENT":"00000000-0000-0042-0000-001e00000004"}]
&amp#27;[38;5;0m[HTTP]&amp#27;[0m &amp#27;[37m<-- POST /session/9c0ff67f-6efc-443b-a62f-dce2bca5d56b/elements &amp#27;[39m&amp#27;[32m200&amp#27;[39m &amp#27;[90m110 ms - 267&amp#27;[39m
&amp#27;[38;5;0m[HTTP]&amp#27;[0m &amp#27;[90m&amp#27;[39m
&amp#27;[38;5;0m[HTTP]&amp#27;[0m &amp#27;[37m-->&amp#27;[39m &amp#27;[37mPOST&amp#27;[39m &amp#27;[37m/session/9c0ff67f-6efc-443b-a62f-dce2bca5d56b/element/00000000-0000-0042-0000-001d00000004/elements&amp#27;[39m
&amp#27;[38;5;0m[HTTP]&amp#27;[0m &amp#27;[90m{"id":"00000000-0000-0042-0000-001d00000004","using":"xpath","value":"//android.view.View"}&amp#27;[39m
&amp#27;[38;5;32m[AndroidUiautomator2Driver@e3cd (9c0ff67f)]&amp#27;[0m Calling AppiumDriver.findElementsFromElement() with args: ["xpath","//android.view.View","00000000-0000-0042-0000-001d00000004","9c0ff67f-6efc-443b-a62f-dce2bca5d56b"]
&amp#27;[38;5;32m[AndroidUiautomator2Driver@e3cd (9c0ff67f)]&amp#27;[0m Valid locator strategies for this request: xpath, id, class name, accessibility id, css selector, -android uiautomator
&amp#27;[38;5;32m[AndroidUiautomator2Driver@e3cd (9c0ff67f)]&amp#27;[0m Waiting up to 0 ms for condition
&amp#27;[38;5;32m[AndroidUiautomator2Driver@e3cd (9c0ff67f)]&amp#27;[0m Matched '/elements' to command name 'findElements'
&amp#27;[38;5;32m[AndroidUiautomator2Driver@e3cd (9c0ff67f)]&amp#27;[0m Proxying [POST /elements] to [POST http://127.0.0.1:8200/session/2fea60ff-cc1e-449a-891a-56c913714252/elements] with body: {"strategy":"xpath","selector":"//android.view.View","context":"00000000-0000-0042-0000-001d00000004","multiple":true}
&amp#27;[38;5;32m[AndroidUiautomator2Driver@e3cd (9c0ff67f)]&amp#27;[0m Got response with status 200: {"sessionId":"2fea60ff-cc1e-449a-891a-56c913714252","value":[{"ELEMENT":"00000000-0000-0042-0000-008700000004","element-6066-11e4-a52e-4f735466cecf":"00000000-0000-0042-0000-008700000004"},{"ELEMENT":"00000000-0000-0042-0000-008900000004","element-6066-11e4-a52e-4f735466cecf":"00000000-0000-0042-0000-008900000004"},{"ELEMENT":"00000000-0000-0042-0000-008b00000004","element-6066-11e4-a52e-4f735466cecf":"00000000-0000-0042-0000-008b00000004"},{"ELEMENT":"00000000-0000-0042-0000-008d00000004","element-6066-11e4-a52e-4f735466cecf":"00000000-0000-0042-0000-008d00000004"},{"ELEMENT":"00000000-0000-0042-0000-008f00000004","element-6066-11e4-a52e-4f735466cecf":"00000000-0000-0042-0000-008f00000004"},{"ELEMENT":"00000000-0000-0042-0000-009100000004","element-6066-11e4-a52e-4f735466cecf":"00000000-0000-0042-0000-009100000004"},{"ELEMENT":"00000000-0000-0042-0000-009300000004","element-6066-11e4-a52e-4f735466cecf":"00000000-0000-0042-0000-009300000004"},{"ELEMENT":"00000000-0000-0042-0000-009500000004","element-6066-...
&amp#27;[38;5;32m[AndroidUiautomator2Driver@e3cd (9c0ff67f)]&amp#27;[0m Responding to client with driver.findElementsFromElement() result: [{"element-6066-11e4-a52e-4f735466cecf":"00000000-0000-0042-0000-008700000004","ELEMENT":"00000000-0000-0042-0000-008700000004"},{"element-6066-11e4-a52e-4f735466cecf":"00000000-0000-0042-0000-008900000004","ELEMENT":"00000000-0000-0042-0000-008900000004"},{"element-6066-11e4-a52e-4f735466cecf":"00000000-0000-0042-0000-008b00000004","ELEMENT":"00000000-0000-0042-0000-008b00000004"},{"element-6066-11e4-a52e-4f735466cecf":"00000000-0000-0042-0000-008d00000004","ELEMENT":"00000000-0000-0042-0000-008d00000004"},{"element-6066-11e4-a52e-4f735466cecf":"00000000-0000-0042-0000-008f00000004","ELEMENT":"00000000-0000-0042-0000-008f00000004"},{"element-6066-11e4-a52e-4f735466cecf":"00000000-0000-0042-0000-009100000004","ELEMENT":"00000000-0000-0042-0000-009100000004"},{"element-6066-11e4-a52e-4f735466cecf":"00000000-0000-0042-0000-009300000004","ELEMENT":"00000000-0000-0042-0000-009300000004"},{"element-6066-11e4-a52e-4f735466cecf":"00000000-0000-0042-0000-009500000004","ELEMENT":"00000000-0000-0042-0000-00950000000...
&amp#27;[38;5;0m[HTTP]&amp#27;[0m &amp#27;[37m<-- POST /session/9c0ff67f-6efc-443b-a62f-dce2bca5d56b/element/00000000-0000-0042-0000-001d00000004/elements &amp#27;[39m&amp#27;[32m200&amp#27;[39m &amp#27;[90m46 ms - 2059&amp#27;[39m
&amp#27;[38;5;0m[HTTP]&amp#27;[0m &amp#27;[90m&amp#27;[39m
&amp#27;[38;5;0m[HTTP]&amp#27;[0m &amp#27;[37m-->&amp#27;[39m &amp#27;[37mGET&amp#27;[39m &amp#27;[37m/session/9c0ff67f-6efc-443b-a62f-dce2bca5d56b/element/00000000-0000-0042-0000-008700000004/text&amp#27;[39m
&amp#27;[38;5;0m[HTTP]&amp#27;[0m &amp#27;[90m{}&amp#27;[39m
&amp#27;[38;5;32m[AndroidUiautomator2Driver@e3cd (9c0ff67f)]&amp#27;[0m Driver proxy active, passing request on via HTTP proxy
&amp#27;[38;5;32m[AndroidUiautomator2Driver@e3cd (9c0ff67f)]&amp#27;[0m Matched '/session/9c0ff67f-6efc-443b-a62f-dce2bca5d56b/element/00000000-0000-0042-0000-008700000004/text' to command name 'getText'
&amp#27;[38;5;32m[AndroidUiautomator2Driver@e3cd (9c0ff67f)]&amp#27;[0m Proxying [GET /session/9c0ff67f-6efc-443b-a62f-dce2bca5d56b/element/00000000-0000-0042-0000-008700000004/text] to [GET http://127.0.0.1:8200/session/2fea60ff-cc1e-449a-891a-56c913714252/element/00000000-0000-0042-0000-008700000004/text] with no body
&amp#27;[38;5;32m[AndroidUiautomator2Driver@e3cd (9c0ff67f)]&amp#27;[0m Got response with status 200: {"sessionId":"2fea60ff-cc1e-449a-891a-56c913714252","value":"01:00"}
&amp#27;[38;5;32m[AndroidUiautomator2Driver@e3cd (9c0ff67f)]&amp#27;[0m Replacing sessionId 2fea60ff-cc1e-449a-891a-56c913714252 with 9c0ff67f-6efc-443b-a62f-dce2bca5d56b
&amp#27;[38;5;0m[HTTP]&amp#27;[0m &amp#27;[37m<-- GET /session/9c0ff67f-6efc-443b-a62f-dce2bca5d56b/element/00000000-0000-0042-0000-008700000004/text &amp#27;[39m&amp#27;[32m200&amp#27;[39m &amp#27;[90m8 ms - 68&amp#27;[39m
&amp#27;[38;5;0m[HTTP]&amp#27;[0m &amp#27;[90m&amp#27;[39m
&amp#27;[38;5;0m[HTTP]&amp#27;[0m &amp#27;[37m-->&amp#27;[39m &amp#27;[37mGET&amp#27;[39m &amp#27;[37m/session/9c0ff67f-6efc-443b-a62f-dce2bca5d56b/element/00000000-0000-0042-0000-008900000004/text&amp#27;[39m
&amp#27;[38;5;0m[HTTP]&amp#27;[0m &amp#27;[90m{}&amp#27;[39m
&amp#27;[38;5;32m[AndroidUiautomator2Driver@e3cd (9c0ff67f)]&amp#27;[0m Driver proxy active, passing request on via HTTP proxy
&amp#27;[38;5;32m[AndroidUiautomator2Driver@e3cd (9c0ff67f)]&amp#27;[0m Matched '/session/9c0ff67f-6efc-443b-a62f-dce2bca5d56b/element/00000000-0000-0042-0000-008900000004/text' to command name 'getText'
&amp#27;[38;5;32m[AndroidUiautomator2Driver@e3cd (9c0ff67f)]&amp#27;[0m Proxying [GET /session/9c0ff67f-6efc-443b-a62f-dce2bca5d56b/element/00000000-0000-0042-0000-008900000004/text] to [GET http://127.0.0.1:8200/session/2fea60ff-cc1e-449a-891a-56c913714252/element/00000000-0000-0042-0000-008900000004/text] with no body
&amp#27;[38;5;32m[AndroidUiautomator2Driver@e3cd (9c0ff67f)]&amp#27;[0m Got response with status 200: {"sessionId":"2fea60ff-cc1e-449a-891a-56c913714252","value":"overcast clouds"}
&amp#27;[38;5;32m[AndroidUiautomator2Driver@e3cd (9c0ff67f)]&amp#27;[0m Replacing sessionId 2fea60ff-cc1e-449a-891a-56c913714252 with 9c0ff67f-6efc-443b-a62f-dce2bca5d56b
&amp#27;[38;5;0m[HTTP]&amp#27;[0m &amp#27;[37m<-- GET /session/9c0ff67f-6efc-443b-a62f-dce2bca5d56b/element/00000000-0000-0042-0000-008900000004/text &amp#27;[39m&amp#27;[32m200&amp#27;[39m &amp#27;[90m8 ms - 78&amp#27;[39m
&amp#27;[38;5;0m[HTTP]&amp#27;[0m &amp#27;[90m&amp#27;[39m
&amp#27;[38;5;0m[HTTP]&amp#27;[0m &amp#27;[37m-->&amp#27;[39m &amp#27;[37mGET&amp#27;[39m &amp#27;[37m/session/9c0ff67f-6efc-443b-a62f-dce2bca5d56b/element/00000000-0000-0042-0000-008b00000004/text&amp#27;[39m
&amp#27;[38;5;0m[HTTP]&amp#27;[0m &amp#27;[90m{}&amp#27;[39m
&amp#27;[38;5;32m[AndroidUiautomator2Driver@e3cd (9c0ff67f)]&amp#27;[0m Driver proxy active, passing request on via HTTP proxy
&amp#27;[38;5;32m[AndroidUiautomator2Driver@e3cd (9c0ff67f)]&amp#27;[0m Matched '/session/9c0ff67f-6efc-443b-a62f-dce2bca5d56b/element/00000000-0000-0042-0000-008b00000004/text' to command name 'getText'
&amp#27;[38;5;32m[AndroidUiautomator2Driver@e3cd (9c0ff67f)]&amp#27;[0m Proxying [GET /session/9c0ff67f-6efc-443b-a62f-dce2bca5d56b/element/00000000-0000-0042-0000-008b00000004/text] to [GET http://127.0.0.1:8200/session/2fea60ff-cc1e-449a-891a-56c913714252/element/00000000-0000-0042-0000-008b00000004/text] with no body
&amp#27;[38;5;32m[AndroidUiautomator2Driver@e3cd (9c0ff67f)]&amp#27;[0m Got response with status 200: {"sessionId":"2fea60ff-cc1e-449a-891a-56c913714252","value":"72 %"}
&amp#27;[38;5;32m[AndroidUiautomator2Driver@e3cd (9c0ff67f)]&amp#27;[0m Replacing sessionId 2fea60ff-cc1e-449a-891a-56c913714252 with 9c0ff67f-6efc-443b-a62f-dce2bca5d56b
&amp#27;[38;5;0m[HTTP]&amp#27;[0m &amp#27;[37m<-- GET /session/9c0ff67f-6efc-443b-a62f-dce2bca5d56b/element/00000000-0000-0042-0000-008b00000004/text &amp#27;[39m&amp#27;[32m200&amp#27;[39m &amp#27;[90m8 ms - 67&amp#27;[39m
&amp#27;[38;5;0m[HTTP]&amp#27;[0m &amp#27;[90m&amp#27;[39m
&amp#27;[38;5;0m[HTTP]&amp#27;[0m &amp#27;[37m-->&amp#27;[39m &amp#27;[37mGET&amp#27;[39m &amp#27;[37m/session/9c0ff67f-6efc-443b-a62f-dce2bca5d56b/element/00000000-0000-0042-0000-008d00000004/text&amp#27;[39m
&amp#27;[38;5;0m[HTTP]&amp#27;[0m &amp#27;[90m{}&amp#27;[39m
&amp#27;[38;5;32m[AndroidUiautomator2Driver@e3cd (9c0ff67f)]&amp#27;[0m Driver proxy active, passing request on via HTTP proxy
&amp#27;[38;5;32m[AndroidUiautomator2Driver@e3cd (9c0ff67f)]&amp#27;[0m Matched '/session/9c0ff67f-6efc-443b-a62f-dce2bca5d56b/element/00000000-0000-0042-0000-008d00000004/text' to command name 'getText'
&amp#27;[38;5;32m[AndroidUiautomator2Driver@e3cd (9c0ff67f)]&amp#27;[0m Proxying [GET /session/9c0ff67f-6efc-443b-a62f-dce2bca5d56b/element/00000000-0000-0042-0000-008d00000004/text] to [GET http://127.0.0.1:8200/session/2fea60ff-cc1e-449a-891a-56c913714252/element/00000000-0000-0042-0000-008d00000004/text] with no body
&amp#27;[38;5;32m[AndroidUiautomator2Driver@e3cd (9c0ff67f)]&amp#27;[0m Got response with status 200: {"sessionId":"2fea60ff-cc1e-449a-891a-56c913714252","value":"12 Â°C"}
&amp#27;[38;5;32m[AndroidUiautomator2Driver@e3cd (9c0ff67f)]&amp#27;[0m Replacing sessionId 2fea60ff-cc1e-449a-891a-56c913714252 with 9c0ff67f-6efc-443b-a62f-dce2bca5d56b
&amp#27;[38;5;0m[HTTP]&amp#27;[0m &amp#27;[37m<-- GET /session/9c0ff67f-6efc-443b-a62f-dce2bca5d56b/element/00000000-0000-0042-0000-008d00000004/text &amp#27;[39m&amp#27;[32m200&amp#27;[39m &amp#27;[90m8 ms - 69&amp#27;[39m
&amp#27;[38;5;0m[HTTP]&amp#27;[0m &amp#27;[90m&amp#27;[39m
&amp#27;[38;5;0m[HTTP]&amp#27;[0m &amp#27;[37m-->&amp#27;[39m &amp#27;[37mGET&amp#27;[39m &amp#27;[37m/session/9c0ff67f-6efc-443b-a62f-dce2bca5d56b/element/00000000-0000-0042-0000-008f00000004/text&amp#27;[39m
&amp#27;[38;5;0m[HTTP]&amp#27;[0m &amp#27;[90m{}&amp#27;[39m
&amp#27;[38;5;32m[AndroidUiautomator2Driver@e3cd (9c0ff67f)]&amp#27;[0m Driver proxy active, passing request on via HTTP proxy
&amp#27;[38;5;32m[AndroidUiautomator2Driver@e3cd (9c0ff67f)]&amp#27;[0m Matched '/session/9c0ff67f-6efc-443b-a62f-dce2bca5d56b/element/00000000-0000-0042-0000-008f00000004/text' to command name 'getText'
&amp#27;[38;5;32m[AndroidUiautomator2Driver@e3cd (9c0ff67f)]&amp#27;[0m Proxying [GET /session/9c0ff67f-6efc-443b-a62f-dce2bca5d56b/element/00000000-0000-0042-0000-008f00000004/text] to [GET http://127.0.0.1:8200/session/2fea60ff-cc1e-449a-891a-56c913714252/element/00000000-0000-0042-0000-008f00000004/text] with no body
&amp#27;[38;5;32m[AndroidUiautomator2Driver@e3cd (9c0ff67f)]&amp#27;[0m Got response with status 200: {"sessionId":"2fea60ff-cc1e-449a-891a-56c913714252","value":"02:00"}
&amp#27;[38;5;32m[AndroidUiautomator2Driver@e3cd (9c0ff67f)]&amp#27;[0m Replacing sessionId 2fea60ff-cc1e-449a-891a-56c913714252 with 9c0ff67f-6efc-443b-a62f-dce2bca5d56b
&amp#27;[38;5;0m[HTTP]&amp#27;[0m &amp#27;[37m<-- GET /session/9c0ff67f-6efc-443b-a62f-dce2bca5d56b/element/00000000-0000-0042-0000-008f00000004/text &amp#27;[39m&amp#27;[32m200&amp#27;[39m &amp#27;[90m8 ms - 68&amp#27;[39m
&amp#27;[38;5;0m[HTTP]&amp#27;[0m &amp#27;[90m&amp#27;[39m
&amp#27;[38;5;0m[HTTP]&amp#27;[0m &amp#27;[37m-->&amp#27;[39m &amp#27;[37mGET&amp#27;[39m &amp#27;[37m/session/9c0ff67f-6efc-443b-a62f-dce2bca5d56b/element/00000000-0000-0042-0000-009100000004/text&amp#27;[39m
&amp#27;[38;5;0m[HTTP]&amp#27;[0m &amp#27;[90m{}&amp#27;[39m
&amp#27;[38;5;32m[AndroidUiautomator2Driver@e3cd (9c0ff67f)]&amp#27;[0m Driver proxy active, passing request on via HTTP proxy
&amp#27;[38;5;32m[AndroidUiautomator2Driver@e3cd (9c0ff67f)]&amp#27;[0m Matched '/session/9c0ff67f-6efc-443b-a62f-dce2bca5d56b/element/00000000-0000-0042-0000-009100000004/text' to command name 'getText'
&amp#27;[38;5;32m[AndroidUiautomator2Driver@e3cd (9c0ff67f)]&amp#27;[0m Proxying [GET /session/9c0ff67f-6efc-443b-a62f-dce2bca5d56b/element/00000000-0000-0042-0000-009100000004/text] to [GET http://127.0.0.1:8200/session/2fea60ff-cc1e-449a-891a-56c913714252/element/00000000-0000-0042-0000-009100000004/text] with no body
&amp#27;[38;5;32m[AndroidUiautomator2Driver@e3cd (9c0ff67f)]&amp#27;[0m Got response with status 200: {"sessionId":"2fea60ff-cc1e-449a-891a-56c913714252","value":"overcast clouds"}
&amp#27;[38;5;32m[AndroidUiautomator2Driver@e3cd (9c0ff67f)]&amp#27;[0m Replacing sessionId 2fea60ff-cc1e-449a-891a-56c913714252 with 9c0ff67f-6efc-443b-a62f-dce2bca5d56b
&amp#27;[38;5;0m[HTTP]&amp#27;[0m &amp#27;[37m<-- GET /session/9c0ff67f-6efc-443b-a62f-dce2bca5d56b/element/00000000-0000-0042-0000-009100000004/text &amp#27;[39m&amp#27;[32m200&amp#27;[39m &amp#27;[90m9 ms - 78&amp#27;[39m
&amp#27;[38;5;0m[HTTP]&amp#27;[0m &amp#27;[90m&amp#27;[39m
&amp#27;[38;5;0m[HTTP]&amp#27;[0m &amp#27;[37m-->&amp#27;[39m &amp#27;[37mGET&amp#27;[39m &amp#27;[37m/session/9c0ff67f-6efc-443b-a62f-dce2bca5d56b/element/00000000-0000-0042-0000-009300000004/text&amp#27;[39m
&amp#27;[38;5;0m[HTTP]&amp#27;[0m &amp#27;[90m{}&amp#27;[39m
&amp#27;[38;5;32m[AndroidUiautomator2Driver@e3cd (9c0ff67f)]&amp#27;[0m Driver proxy active, passing request on via HTTP proxy
&amp#27;[38;5;32m[AndroidUiautomator2Driver@e3cd (9c0ff67f)]&amp#27;[0m Matched '/session/9c0ff67f-6efc-443b-a62f-dce2bca5d56b/element/00000000-0000-0042-0000-009300000004/text' to command name 'getText'
&amp#27;[38;5;32m[AndroidUiautomator2Driver@e3cd (9c0ff67f)]&amp#27;[0m Proxying [GET /session/9c0ff67f-6efc-443b-a62f-dce2bca5d56b/element/00000000-0000-0042-0000-009300000004/text] to [GET http://127.0.0.1:8200/session/2fea60ff-cc1e-449a-891a-56c913714252/element/00000000-0000-0042-0000-009300000004/text] with no body
&amp#27;[38;5;32m[AndroidUiautomator2Driver@e3cd (9c0ff67f)]&amp#27;[0m Got response with status 200: {"sessionId":"2fea60ff-cc1e-449a-891a-56c913714252","value":"65 %"}
&amp#27;[38;5;32m[AndroidUiautomator2Driver@e3cd (9c0ff67f)]&amp#27;[0m Replacing sessionId 2fea60ff-cc1e-449a-891a-56c913714252 with 9c0ff67f-6efc-443b-a62f-dce2bca5d56b
&amp#27;[38;5;0m[HTTP]&amp#27;[0m &amp#27;[37m<-- GET /session/9c0ff67f-6efc-443b-a62f-dce2bca5d56b/element/00000000-0000-0042-0000-009300000004/text &amp#27;[39m&amp#27;[32m200&amp#27;[39m &amp#27;[90m8 ms - 67&amp#27;[39m
&amp#27;[38;5;0m[HTTP]&amp#27;[0m &amp#27;[90m&amp#27;[39m
&amp#27;[38;5;0m[HTTP]&amp#27;[0m &amp#27;[37m-->&amp#27;[39m &amp#27;[37mGET&amp#27;[39m &amp#27;[37m/session/9c0ff67f-6efc-443b-a62f-dce2bca5d56b/element/00000000-0000-0042-0000-009500000004/text&amp#27;[39m
&amp#27;[38;5;0m[HTTP]&amp#27;[0m &amp#27;[90m{}&amp#27;[39m
&amp#27;[38;5;32m[AndroidUiautomator2Driver@e3cd (9c0ff67f)]&amp#27;[0m Driver proxy active, passing request on via HTTP proxy
&amp#27;[38;5;32m[AndroidUiautomator2Driver@e3cd (9c0ff67f)]&amp#27;[0m Matched '/session/9c0ff67f-6efc-443b-a62f-dce2bca5d56b/element/00000000-0000-0042-0000-009500000004/text' to command name 'getText'
&amp#27;[38;5;32m[AndroidUiautomator2Driver@e3cd (9c0ff67f)]&amp#27;[0m Proxying [GET /session/9c0ff67f-6efc-443b-a62f-dce2bca5d56b/element/00000000-0000-0042-0000-009500000004/text] to [GET http://127.0.0.1:8200/session/2fea60ff-cc1e-449a-891a-56c913714252/element/00000000-0000-0042-0000-009500000004/text] with no body
&amp#27;[38;5;32m[AndroidUiautomator2Driver@e3cd (9c0ff67f)]&amp#27;[0m Got response with status 200: {"sessionId":"2fea60ff-cc1e-449a-891a-56c913714252","value":"14 Â°C"}
&amp#27;[38;5;32m[AndroidUiautomator2Driver@e3cd (9c0ff67f)]&amp#27;[0m Replacing sessionId 2fea60ff-cc1e-449a-891a-56c913714252 with 9c0ff67f-6efc-443b-a62f-dce2bca5d56b
&amp#27;[38;5;0m[HTTP]&amp#27;[0m &amp#27;[37m<-- GET /session/9c0ff67f-6efc-443b-a62f-dce2bca5d56b/element/00000000-0000-0042-0000-009500000004/text &amp#27;[39m&amp#27;[32m200&amp#27;[39m &amp#27;[90m8 ms - 69&amp#27;[39m
&amp#27;[38;5;0m[HTTP]&amp#27;[0m &amp#27;[90m&amp#27;[39m
&amp#27;[38;5;0m[HTTP]&amp#27;[0m &amp#27;[37m-->&amp#27;[39m &amp#27;[37mGET&amp#27;[39m &amp#27;[37m/session/9c0ff67f-6efc-443b-a62f-dce2bca5d56b/element/00000000-0000-0042-0000-009700000004/text&amp#27;[39m
&amp#27;[38;5;0m[HTTP]&amp#27;[0m &amp#27;[90m{}&amp#27;[39m
&amp#27;[38;5;32m[AndroidUiautomator2Driver@e3cd (9c0ff67f)]&amp#27;[0m Driver proxy active, passing request on via HTTP proxy
&amp#27;[38;5;32m[AndroidUiautomator2Driver@e3cd (9c0ff67f)]&amp#27;[0m Matched '/session/9c0ff67f-6efc-443b-a62f-dce2bca5d56b/element/00000000-0000-0042-0000-009700000004/text' to command name 'getText'
&amp#27;[38;5;32m[AndroidUiautomator2Driver@e3cd (9c0ff67f)]&amp#27;[0m Proxying [GET /session/9c0ff67f-6efc-443b-a62f-dce2bca5d56b/element/00000000-0000-0042-0000-009700000004/text] to [GET http://127.0.0.1:8200/session/2fea60ff-cc1e-449a-891a-56c913714252/element/00000000-0000-0042-0000-009700000004/text] with no body
&amp#27;[38;5;32m[AndroidUiautomator2Driver@e3cd (9c0ff67f)]&amp#27;[0m Got response with status 200: {"sessionId":"2fea60ff-cc1e-449a-891a-56c913714252","value":"03:00"}
&amp#27;[38;5;32m[AndroidUiautomator2Driver@e3cd (9c0ff67f)]&amp#27;[0m Replacing sessionId 2fea60ff-cc1e-449a-891a-56c913714252 with 9c0ff67f-6efc-443b-a62f-dce2bca5d56b
&amp#27;[38;5;0m[HTTP]&amp#27;[0m &amp#27;[37m<-- GET /session/9c0ff67f-6efc-443b-a62f-dce2bca5d56b/element/00000000-0000-0042-0000-009700000004/text &amp#27;[39m&amp#27;[32m200&amp#27;[39m &amp#27;[90m8 ms - 68&amp#27;[39m
&amp#27;[38;5;0m[HTTP]&amp#27;[0m &amp#27;[90m&amp#27;[39m
&amp#27;[38;5;0m[HTTP]&amp#27;[0m &amp#27;[37m-->&amp#27;[39m &amp#27;[37mGET&amp#27;[39m &amp#27;[37m/session/9c0ff67f-6efc-443b-a62f-dce2bca5d56b/element/00000000-0000-0042-0000-009900000004/text&amp#27;[39m
&amp#27;[38;5;0m[HTTP]&amp#27;[0m &amp#27;[90m{}&amp#27;[39m
&amp#27;[38;5;32m[AndroidUiautomator2Driver@e3cd (9c0ff67f)]&amp#27;[0m Driver proxy active, passing request on via HTTP proxy
&amp#27;[38;5;32m[AndroidUiautomator2Driver@e3cd (9c0ff67f)]&amp#27;[0m Matched '/session/9c0ff67f-6efc-443b-a62f-dce2bca5d56b/element/00000000-0000-0042-0000-009900000004/text' to command name 'getText'
&amp#27;[38;5;32m[AndroidUiautomator2Driver@e3cd (9c0ff67f)]&amp#27;[0m Proxying [GET /session/9c0ff67f-6efc-443b-a62f-dce2bca5d56b/element/00000000-0000-0042-0000-009900000004/text] to [GET http://127.0.0.1:8200/session/2fea60ff-cc1e-449a-891a-56c913714252/element/00000000-0000-0042-0000-009900000004/text] with no body
&amp#27;[38;5;32m[AndroidUiautomator2Driver@e3cd (9c0ff67f)]&amp#27;[0m Got response with status 200: {"sessionId":"2fea60ff-cc1e-449a-891a-56c913714252","value":"overcast clouds"}
&amp#27;[38;5;32m[AndroidUiautomator2Driver@e3cd (9c0ff67f)]&amp#27;[0m Replacing sessionId 2fea60ff-cc1e-449a-891a-56c913714252 with 9c0ff67f-6efc-443b-a62f-dce2bca5d56b
&amp#27;[38;5;0m[HTTP]&amp#27;[0m &amp#27;[37m<-- GET /session/9c0ff67f-6efc-443b-a62f-dce2bca5d56b/element/00000000-0000-0042-0000-009900000004/text &amp#27;[39m&amp#27;[32m200&amp#27;[39m &amp#27;[90m8 ms - 78&amp#27;[39m
&amp#27;[38;5;0m[HTTP]&amp#27;[0m &amp#27;[90m&amp#27;[39m
&amp#27;[38;5;0m[HTTP]&amp#27;[0m &amp#27;[37m-->&amp#27;[39m &amp#27;[37mGET&amp#27;[39m &amp#27;[37m/session/9c0ff67f-6efc-443b-a62f-dce2bca5d56b/element/00000000-0000-0042-0000-009b00000004/text&amp#27;[39m
&amp#27;[38;5;0m[HTTP]&amp#27;[0m &amp#27;[90m{}&amp#27;[39m
&amp#27;[38;5;32m[AndroidUiautomator2Driver@e3cd (9c0ff67f)]&amp#27;[0m Driver proxy active, passing request on via HTTP proxy
&amp#27;[38;5;32m[AndroidUiautomator2Driver@e3cd (9c0ff67f)]&amp#27;[0m Matched '/session/9c0ff67f-6efc-443b-a62f-dce2bca5d56b/element/00000000-0000-0042-0000-009b00000004/text' to command name 'getText'
&amp#27;[38;5;32m[AndroidUiautomator2Driver@e3cd (9c0ff67f)]&amp#27;[0m Proxying [GET /session/9c0ff67f-6efc-443b-a62f-dce2bca5d56b/element/00000000-0000-0042-0000-009b00000004/text] to [GET http://127.0.0.1:8200/session/2fea60ff-cc1e-449a-891a-56c913714252/element/00000000-0000-0042-0000-009b00000004/text] with no body
&amp#27;[38;5;32m[AndroidUiautomator2Driver@e3cd (9c0ff67f)]&amp#27;[0m Got response with status 200: {"sessionId":"2fea60ff-cc1e-449a-891a-56c913714252","value":"63 %"}
&amp#27;[38;5;32m[AndroidUiautomator2Driver@e3cd (9c0ff67f)]&amp#27;[0m Replacing sessionId 2fea60ff-cc1e-449a-891a-56c913714252 with 9c0ff67f-6efc-443b-a62f-dce2bca5d56b
&amp#27;[38;5;0m[HTTP]&amp#27;[0m &amp#27;[37m<-- GET /session/9c0ff67f-6efc-443b-a62f-dce2bca5d56b/element/00000000-0000-0042-0000-009b00000004/text &amp#27;[39m&amp#27;[32m200&amp#27;[39m &amp#27;[90m8 ms - 67&amp#27;[39m
&amp#27;[38;5;0m[HTTP]&amp#27;[0m &amp#27;[90m&amp#27;[39m
&amp#27;[38;5;0m[HTTP]&amp#27;[0m &amp#27;[37m-->&amp#27;[39m &amp#27;[37mGET&amp#27;[39m &amp#27;[37m/session/9c0ff67f-6efc-443b-a62f-dce2bca5d56b/element/00000000-0000-0042-0000-009d00000004/text&amp#27;[39m
&amp#27;[38;5;0m[HTTP]&amp#27;[0m &amp#27;[90m{}&amp#27;[39m
&amp#27;[38;5;32m[AndroidUiautomator2Driver@e3cd (9c0ff67f)]&amp#27;[0m Driver proxy active, passing request on via HTTP proxy
&amp#27;[38;5;32m[AndroidUiautomator2Driver@e3cd (9c0ff67f)]&amp#27;[0m Matched '/session/9c0ff67f-6efc-443b-a62f-dce2bca5d56b/element/00000000-0000-0042-0000-009d00000004/text' to command name 'getText'
&amp#27;[38;5;32m[AndroidUiautomator2Driver@e3cd (9c0ff67f)]&amp#27;[0m Proxying [GET /session/9c0ff67f-6efc-443b-a62f-dce2bca5d56b/element/00000000-0000-0042-0000-009d00000004/text] to [GET http://127.0.0.1:8200/session/2fea60ff-cc1e-449a-891a-56c913714252/element/00000000-0000-0042-0000-009d00000004/text] with no body
&amp#27;[38;5;32m[AndroidUiautomator2Driver@e3cd (9c0ff67f)]&amp#27;[0m Got response with status 200: {"sessionId":"2fea60ff-cc1e-449a-891a-56c913714252","value":"15 Â°C"}
&amp#27;[38;5;32m[AndroidUiautomator2Driver@e3cd (9c0ff67f)]&amp#27;[0m Replacing sessionId 2fea60ff-cc1e-449a-891a-56c913714252 with 9c0ff67f-6efc-443b-a62f-dce2bca5d56b
&amp#27;[38;5;0m[HTTP]&amp#27;[0m &amp#27;[37m<-- GET /session/9c0ff67f-6efc-443b-a62f-dce2bca5d56b/element/00000000-0000-0042-0000-009d00000004/text &amp#27;[39m&amp#27;[32m200&amp#27;[39m &amp#27;[90m8 ms - 69&amp#27;[39m
&amp#27;[38;5;0m[HTTP]&amp#27;[0m &amp#27;[90m&amp#27;[39m
&amp#27;[38;5;0m[HTTP]&amp#27;[0m &amp#27;[37m-->&amp#27;[39m &amp#27;[37mGET&amp#27;[39m &amp#27;[37m/session/9c0ff67f-6efc-443b-a62f-dce2bca5d56b/element/00000000-0000-0042-0000-009f00000004/text&amp#27;[39m
&amp#27;[38;5;0m[HTTP]&amp#27;[0m &amp#27;[90m{}&amp#27;[39m
&amp#27;[38;5;32m[AndroidUiautomator2Driver@e3cd (9c0ff67f)]&amp#27;[0m Driver proxy active, passing request on via HTTP proxy
&amp#27;[38;5;32m[AndroidUiautomator2Driver@e3cd (9c0ff67f)]&amp#27;[0m Matched '/session/9c0ff67f-6efc-443b-a62f-dce2bca5d56b/element/00000000-0000-0042-0000-009f00000004/text' to command name 'getText'
&amp#27;[38;5;32m[AndroidUiautomator2Driver@e3cd (9c0ff67f)]&amp#27;[0m Proxying [GET /session/9c0ff67f-6efc-443b-a62f-dce2bca5d56b/element/00000000-0000-0042-0000-009f00000004/text] to [GET http://127.0.0.1:8200/session/2fea60ff-cc1e-449a-891a-56c913714252/element/00000000-0000-0042-0000-009f00000004/text] with no body
&amp#27;[38;5;32m[AndroidUiautomator2Driver@e3cd (9c0ff67f)]&amp#27;[0m Got response with status 200: {"sessionId":"2fea60ff-cc1e-449a-891a-56c913714252","value":"04:00"}
&amp#27;[38;5;32m[AndroidUiautomator2Driver@e3cd (9c0ff67f)]&amp#27;[0m Replacing sessionId 2fea60ff-cc1e-449a-891a-56c913714252 with 9c0ff67f-6efc-443b-a62f-dce2bca5d56b
&amp#27;[38;5;0m[HTTP]&amp#27;[0m &amp#27;[37m<-- GET /session/9c0ff67f-6efc-443b-a62f-dce2bca5d56b/element/00000000-0000-0042-0000-009f00000004/text &amp#27;[39m&amp#27;[32m200&amp#27;[39m &amp#27;[90m8 ms - 68&amp#27;[39m
&amp#27;[38;5;0m[HTTP]&amp#27;[0m &amp#27;[90m&amp#27;[39m
&amp#27;[38;5;0m[HTTP]&amp#27;[0m &amp#27;[37m-->&amp#27;[39m &amp#27;[37mGET&amp#27;[39m &amp#27;[37m/session/9c0ff67f-6efc-443b-a62f-dce2bca5d56b/element/00000000-0000-0042-0000-00a100000004/text&amp#27;[39m
&amp#27;[38;5;0m[HTTP]&amp#27;[0m &amp#27;[90m{}&amp#27;[39m
&amp#27;[38;5;32m[AndroidUiautomator2Driver@e3cd (9c0ff67f)]&amp#27;[0m Driver proxy active, passing request on via HTTP proxy
&amp#27;[38;5;32m[AndroidUiautomator2Driver@e3cd (9c0ff67f)]&amp#27;[0m Matched '/session/9c0ff67f-6efc-443b-a62f-dce2bca5d56b/element/00000000-0000-0042-0000-00a100000004/text' to command name 'getText'
&amp#27;[38;5;32m[AndroidUiautomator2Driver@e3cd (9c0ff67f)]&amp#27;[0m Proxying [GET /session/9c0ff67f-6efc-443b-a62f-dce2bca5d56b/element/00000000-0000-0042-0000-00a100000004/text] to [GET http://127.0.0.1:8200/session/2fea60ff-cc1e-449a-891a-56c913714252/element/00000000-0000-0042-0000-00a100000004/text] with no body
&amp#27;[38;5;32m[AndroidUiautomator2Driver@e3cd (9c0ff67f)]&amp#27;[0m Got response with status 200: {"sessionId":"2fea60ff-cc1e-449a-891a-56c913714252","value":"overcast clouds"}
&amp#27;[38;5;32m[AndroidUiautomator2Driver@e3cd (9c0ff67f)]&amp#27;[0m Replacing sessionId 2fea60ff-cc1e-449a-891a-56c913714252 with 9c0ff67f-6efc-443b-a62f-dce2bca5d56b
&amp#27;[38;5;0m[HTTP]&amp#27;[0m &amp#27;[37m<-- GET /session/9c0ff67f-6efc-443b-a62f-dce2bca5d56b/element/00000000-0000-0042-0000-00a100000004/text &amp#27;[39m&amp#27;[32m200&amp#27;[39m &amp#27;[90m8 ms - 78&amp#27;[39m
&amp#27;[38;5;0m[HTTP]&amp#27;[0m &amp#27;[90m&amp#27;[39m
&amp#27;[38;5;0m[HTTP]&amp#27;[0m &amp#27;[37m-->&amp#27;[39m &amp#27;[37mGET&amp#27;[39m &amp#27;[37m/session/9c0ff67f-6efc-443b-a62f-dce2bca5d56b/element/00000000-0000-0042-0000-00a300000004/text&amp#27;[39m
&amp#27;[38;5;0m[HTTP]&amp#27;[0m &amp#27;[90m{}&amp#27;[39m
&amp#27;[38;5;32m[AndroidUiautomator2Driver@e3cd (9c0ff67f)]&amp#27;[0m Driver proxy active, passing request on via HTTP proxy
&amp#27;[38;5;32m[AndroidUiautomator2Driver@e3cd (9c0ff67f)]&amp#27;[0m Matched '/session/9c0ff67f-6efc-443b-a62f-dce2bca5d56b/element/00000000-0000-0042-0000-00a300000004/text' to command name 'getText'
&amp#27;[38;5;32m[AndroidUiautomator2Driver@e3cd (9c0ff67f)]&amp#27;[0m Proxying [GET /session/9c0ff67f-6efc-443b-a62f-dce2bca5d56b/element/00000000-0000-0042-0000-00a300000004/text] to [GET http://127.0.0.1:8200/session/2fea60ff-cc1e-449a-891a-56c913714252/element/00000000-0000-0042-0000-00a300000004/text] with no body
&amp#27;[38;5;32m[AndroidUiautomator2Driver@e3cd (9c0ff67f)]&amp#27;[0m Got response with status 200: {"sessionId":"2fea60ff-cc1e-449a-891a-56c913714252","value":"61 %"}
&amp#27;[38;5;32m[AndroidUiautomator2Driver@e3cd (9c0ff67f)]&amp#27;[0m Replacing sessionId 2fea60ff-cc1e-449a-891a-56c913714252 with 9c0ff67f-6efc-443b-a62f-dce2bca5d56b
&amp#27;[38;5;0m[HTTP]&amp#27;[0m &amp#27;[37m<-- GET /session/9c0ff67f-6efc-443b-a62f-dce2bca5d56b/element/00000000-0000-0042-0000-00a300000004/text &amp#27;[39m&amp#27;[32m200&amp#27;[39m &amp#27;[90m8 ms - 67&amp#27;[39m
&amp#27;[38;5;0m[HTTP]&amp#27;[0m &amp#27;[90m&amp#27;[39m
&amp#27;[38;5;0m[HTTP]&amp#27;[0m &amp#27;[37m-->&amp#27;[39m &amp#27;[37mGET&amp#27;[39m &amp#27;[37m/session/9c0ff67f-6efc-443b-a62f-dce2bca5d56b/element/00000000-0000-0042-0000-00a500000004/text&amp#27;[39m
&amp#27;[38;5;0m[HTTP]&amp#27;[0m &amp#27;[90m{}&amp#27;[39m
&amp#27;[38;5;32m[AndroidUiautomator2Driver@e3cd (9c0ff67f)]&amp#27;[0m Driver proxy active, passing request on via HTTP proxy
&amp#27;[38;5;32m[AndroidUiautomator2Driver@e3cd (9c0ff67f)]&amp#27;[0m Matched '/session/9c0ff67f-6efc-443b-a62f-dce2bca5d56b/element/00000000-0000-0042-0000-00a500000004/text' to command name 'getText'
&amp#27;[38;5;32m[AndroidUiautomator2Driver@e3cd (9c0ff67f)]&amp#27;[0m Proxying [GET /session/9c0ff67f-6efc-443b-a62f-dce2bca5d56b/element/00000000-0000-0042-0000-00a500000004/text] to [GET http://127.0.0.1:8200/session/2fea60ff-cc1e-449a-891a-56c913714252/element/00000000-0000-0042-0000-00a500000004/text] with no body
&amp#27;[38;5;32m[AndroidUiautomator2Driver@e3cd (9c0ff67f)]&amp#27;[0m Got response with status 200: {"sessionId":"2fea60ff-cc1e-449a-891a-56c913714252","value":"15 Â°C"}
&amp#27;[38;5;32m[AndroidUiautomator2Driver@e3cd (9c0ff67f)]&amp#27;[0m Replacing sessionId 2fea60ff-cc1e-449a-891a-56c913714252 with 9c0ff67f-6efc-443b-a62f-dce2bca5d56b
&amp#27;[38;5;0m[HTTP]&amp#27;[0m &amp#27;[37m<-- GET /session/9c0ff67f-6efc-443b-a62f-dce2bca5d56b/element/00000000-0000-0042-0000-00a500000004/text &amp#27;[39m&amp#27;[32m200&amp#27;[39m &amp#27;[90m9 ms - 69&amp#27;[39m
&amp#27;[38;5;0m[HTTP]&amp#27;[0m &amp#27;[90m&amp#27;[39m
&amp#27;[38;5;0m[HTTP]&amp#27;[0m &amp#27;[37m-->&amp#27;[39m &amp#27;[37mPOST&amp#27;[39m &amp#27;[37m/session/9c0ff67f-6efc-443b-a62f-dce2bca5d56b/execute/sync&amp#27;[39m
&amp#27;[38;5;0m[HTTP]&amp#27;[0m &amp#27;[90m{"script":"mobile: swipeGesture","args":[{"elementId":"00000000-0000-0042-0000-001d00000004","percent":0.4,"speed":320,"direction":"left"}]}&amp#27;[39m
&amp#27;[38;5;32m[AndroidUiautomator2Driver@e3cd (9c0ff67f)]&amp#27;[0m Calling AppiumDriver.execute() with args: ["mobile: swipeGesture",[{"elementId":"00000000-0000-0042-0000-001d00000004","percent":0.4,"speed":320,"direction":"left"}],"9c0ff67f-6efc-443b-a62f-dce2bca5d56b"]
&amp#27;[38;5;32m[AndroidUiautomator2Driver@e3cd (9c0ff67f)]&amp#27;[0m Executing method 'mobile: swipeGesture'
&amp#27;[38;5;32m[AndroidUiautomator2Driver@e3cd (9c0ff67f)]&amp#27;[0m Proxying [POST /appium/gestures/swipe] to [POST http://127.0.0.1:8200/session/2fea60ff-cc1e-449a-891a-56c913714252/appium/gestures/swipe] with body: {"origin":{"ELEMENT":"00000000-0000-0042-0000-001d00000004","element-6066-11e4-a52e-4f735466cecf":"00000000-0000-0042-0000-001d00000004"},"direction":"left","percent":0.4,"speed":320}
&amp#27;[38;5;32m[AndroidUiautomator2Driver@e3cd (9c0ff67f)]&amp#27;[0m Got response with status 200: {"sessionId":"2fea60ff-cc1e-449a-891a-56c913714252","value":null}
&amp#27;[38;5;32m[AndroidUiautomator2Driver@e3cd (9c0ff67f)]&amp#27;[0m Responding to client with driver.execute() result: null
&amp#27;[38;5;0m[HTTP]&amp#27;[0m &amp#27;[37m<-- POST /session/9c0ff67f-6efc-443b-a62f-dce2bca5d56b/execute/sync &amp#27;[39m&amp#27;[32m200&amp#27;[39m &amp#27;[90m1559 ms - 14&amp#27;[39m
&amp#27;[38;5;0m[HTTP]&amp#27;[0m &amp#27;[90m&amp#27;[39m
&amp#27;[38;5;0m[HTTP]&amp#27;[0m &amp#27;[37m-->&amp#27;[39m &amp#27;[37mPOST&amp#27;[39m &amp#27;[37m/session/9c0ff67f-6efc-443b-a62f-dce2bca5d56b/elements&amp#27;[39m
&amp#27;[38;5;0m[HTTP]&amp#27;[0m &amp#27;[90m{"using":"xpath","value":"//android.widget.HorizontalScrollView"}&amp#27;[39m
&amp#27;[38;5;32m[AndroidUiautomator2Driver@e3cd (9c0ff67f)]&amp#27;[0m Calling AppiumDriver.findElements() with args: ["xpath","//android.widget.HorizontalScrollView","9c0ff67f-6efc-443b-a62f-dce2bca5d56b"]
&amp#27;[38;5;32m[AndroidUiautomator2Driver@e3cd (9c0ff67f)]&amp#27;[0m Valid locator strategies for this request: xpath, id, class name, accessibility id, css selector, -android uiautomator
&amp#27;[38;5;32m[AndroidUiautomator2Driver@e3cd (9c0ff67f)]&amp#27;[0m Waiting up to 0 ms for condition
&amp#27;[38;5;32m[AndroidUiautomator2Driver@e3cd (9c0ff67f)]&amp#27;[0m Matched '/elements' to command name 'findElements'
&amp#27;[38;5;32m[AndroidUiautomator2Driver@e3cd (9c0ff67f)]&amp#27;[0m Proxying [POST /elements] to [POST http://127.0.0.1:8200/session/2fea60ff-cc1e-449a-891a-56c913714252/elements] with body: {"strategy":"xpath","selector":"//android.widget.HorizontalScrollView","context":"","multiple":true}
&amp#27;[38;5;32m[AndroidUiautomator2Driver@e3cd (9c0ff67f)]&amp#27;[0m Got response with status 200: {"sessionId":"2fea60ff-cc1e-449a-891a-56c913714252","value":[{"ELEMENT":"00000000-0000-0042-0000-001d00000004","element-6066-11e4-a52e-4f735466cecf":"00000000-0000-0042-0000-001d00000004"},{"ELEMENT":"00000000-0000-0042-0000-001e00000004","element-6066-11e4-a52e-4f735466cecf":"00000000-0000-0042-0000-001e00000004"}]}
&amp#27;[38;5;32m[AndroidUiautomator2Driver@e3cd (9c0ff67f)]&amp#27;[0m Responding to client with driver.findElements() result: [{"element-6066-11e4-a52e-4f735466cecf":"00000000-0000-0042-0000-001d00000004","ELEMENT":"00000000-0000-0042-0000-001d00000004"},{"element-6066-11e4-a52e-4f735466cecf":"00000000-0000-0042-0000-001e00000004","ELEMENT":"00000000-0000-0042-0000-001e00000004"}]
&amp#27;[38;5;0m[HTTP]&amp#27;[0m &amp#27;[37m<-- POST /session/9c0ff67f-6efc-443b-a62f-dce2bca5d56b/elements &amp#27;[39m&amp#27;[32m200&amp#27;[39m &amp#27;[90m329 ms - 267&amp#27;[39m
&amp#27;[38;5;0m[HTTP]&amp#27;[0m &amp#27;[90m&amp#27;[39m
&amp#27;[38;5;0m[HTTP]&amp#27;[0m &amp#27;[37m-->&amp#27;[39m &amp#27;[37mPOST&amp#27;[39m &amp#27;[37m/session/9c0ff67f-6efc-443b-a62f-dce2bca5d56b/element/00000000-0000-0042-0000-001d00000004/elements&amp#27;[39m
&amp#27;[38;5;0m[HTTP]&amp#27;[0m &amp#27;[90m{"id":"00000000-0000-0042-0000-001d00000004","using":"xpath","value":"//android.view.View"}&amp#27;[39m
&amp#27;[38;5;32m[AndroidUiautomator2Driver@e3cd (9c0ff67f)]&amp#27;[0m Calling AppiumDriver.findElementsFromElement() with args: ["xpath","//android.view.View","00000000-0000-0042-0000-001d00000004","9c0ff67f-6efc-443b-a62f-dce2bca5d56b"]
&amp#27;[38;5;32m[AndroidUiautomator2Driver@e3cd (9c0ff67f)]&amp#27;[0m Valid locator strategies for this request: xpath, id, class name, accessibility id, css selector, -android uiautomator
&amp#27;[38;5;32m[AndroidUiautomator2Driver@e3cd (9c0ff67f)]&amp#27;[0m Waiting up to 0 ms for condition
&amp#27;[38;5;32m[AndroidUiautomator2Driver@e3cd (9c0ff67f)]&amp#27;[0m Matched '/elements' to command name 'findElements'
&amp#27;[38;5;32m[AndroidUiautomator2Driver@e3cd (9c0ff67f)]&amp#27;[0m Proxying [POST /elements] to [POST http://127.0.0.1:8200/session/2fea60ff-cc1e-449a-891a-56c913714252/elements] with body: {"strategy":"xpath","selector":"//android.view.View","context":"00000000-0000-0042-0000-001d00000004","multiple":true}
&amp#27;[38;5;32m[AndroidUiautomator2Driver@e3cd (9c0ff67f)]&amp#27;[0m Got response with status 200: {"sessionId":"2fea60ff-cc1e-449a-891a-56c913714252","value":[{"ELEMENT":"00000000-0000-0042-0000-008f00000004","element-6066-11e4-a52e-4f735466cecf":"00000000-0000-0042-0000-008f00000004"},{"ELEMENT":"00000000-0000-0042-0000-009100000004","element-6066-11e4-a52e-4f735466cecf":"00000000-0000-0042-0000-009100000004"},{"ELEMENT":"00000000-0000-0042-0000-009300000004","element-6066-11e4-a52e-4f735466cecf":"00000000-0000-0042-0000-009300000004"},{"ELEMENT":"00000000-0000-0042-0000-009500000004","element-6066-11e4-a52e-4f735466cecf":"00000000-0000-0042-0000-009500000004"},{"ELEMENT":"00000000-0000-0042-0000-009700000004","element-6066-11e4-a52e-4f735466cecf":"00000000-0000-0042-0000-009700000004"},{"ELEMENT":"00000000-0000-0042-0000-009900000004","element-6066-11e4-a52e-4f735466cecf":"00000000-0000-0042-0000-009900000004"},{"ELEMENT":"00000000-0000-0042-0000-009b00000004","element-6066-11e4-a52e-4f735466cecf":"00000000-0000-0042-0000-009b00000004"},{"ELEMENT":"00000000-0000-0042-0000-009d00000004","element-6066-...
&amp#27;[38;5;32m[AndroidUiautomator2Driver@e3cd (9c0ff67f)]&amp#27;[0m Responding to client with driver.findElementsFromElement() result: [{"element-6066-11e4-a52e-4f735466cecf":"00000000-0000-0042-0000-008f00000004","ELEMENT":"00000000-0000-0042-0000-008f00000004"},{"element-6066-11e4-a52e-4f735466cecf":"00000000-0000-0042-0000-009100000004","ELEMENT":"00000000-0000-0042-0000-009100000004"},{"element-6066-11e4-a52e-4f735466cecf":"00000000-0000-0042-0000-009300000004","ELEMENT":"00000000-0000-0042-0000-009300000004"},{"element-6066-11e4-a52e-4f735466cecf":"00000000-0000-0042-0000-009500000004","ELEMENT":"00000000-0000-0042-0000-009500000004"},{"element-6066-11e4-a52e-4f735466cecf":"00000000-0000-0042-0000-009700000004","ELEMENT":"00000000-0000-0042-0000-009700000004"},{"element-6066-11e4-a52e-4f735466cecf":"00000000-0000-0042-0000-009900000004","ELEMENT":"00000000-0000-0042-0000-009900000004"},{"element-6066-11e4-a52e-4f735466cecf":"00000000-0000-0042-0000-009b00000004","ELEMENT":"00000000-0000-0042-0000-009b00000004"},{"element-6066-11e4-a52e-4f735466cecf":"00000000-0000-0042-0000-009d00000004","ELEMENT":"00000000-0000-0042-0000-009d0000000...
&amp#27;[38;5;0m[HTTP]&amp#27;[0m &amp#27;[37m<-- POST /session/9c0ff67f-6efc-443b-a62f-dce2bca5d56b/element/00000000-0000-0042-0000-001d00000004/elements &amp#27;[39m&amp#27;[32m200&amp#27;[39m &amp#27;[90m51 ms - 2059&amp#27;[39m
&amp#27;[38;5;0m[HTTP]&amp#27;[0m &amp#27;[90m&amp#27;[39m
&amp#27;[38;5;0m[HTTP]&amp#27;[0m &amp#27;[37m-->&amp#27;[39m &amp#27;[37mGET&amp#27;[39m &amp#27;[37m/session/9c0ff67f-6efc-443b-a62f-dce2bca5d56b/element/00000000-0000-0042-0000-008f00000004/text&amp#27;[39m
&amp#27;[38;5;0m[HTTP]&amp#27;[0m &amp#27;[90m{}&amp#27;[39m
&amp#27;[38;5;32m[AndroidUiautomator2Driver@e3cd (9c0ff67f)]&amp#27;[0m Driver proxy active, passing request on via HTTP proxy
&amp#27;[38;5;32m[AndroidUiautomator2Driver@e3cd (9c0ff67f)]&amp#27;[0m Matched '/session/9c0ff67f-6efc-443b-a62f-dce2bca5d56b/element/00000000-0000-0042-0000-008f00000004/text' to command name 'getText'
&amp#27;[38;5;32m[AndroidUiautomator2Driver@e3cd (9c0ff67f)]&amp#27;[0m Proxying [GET /session/9c0ff67f-6efc-443b-a62f-dce2bca5d56b/element/00000000-0000-0042-0000-008f00000004/text] to [GET http://127.0.0.1:8200/session/2fea60ff-cc1e-449a-891a-56c913714252/element/00000000-0000-0042-0000-008f00000004/text] with no body
&amp#27;[38;5;32m[AndroidUiautomator2Driver@e3cd (9c0ff67f)]&amp#27;[0m Got response with status 200: {"sessionId":"2fea60ff-cc1e-449a-891a-56c913714252","value":"02:00"}
&amp#27;[38;5;32m[AndroidUiautomator2Driver@e3cd (9c0ff67f)]&amp#27;[0m Replacing sessionId 2fea60ff-cc1e-449a-891a-56c913714252 with 9c0ff67f-6efc-443b-a62f-dce2bca5d56b
&amp#27;[38;5;0m[HTTP]&amp#27;[0m &amp#27;[37m<-- GET /session/9c0ff67f-6efc-443b-a62f-dce2bca5d56b/element/00000000-0000-0042-0000-008f00000004/text &amp#27;[39m&amp#27;[32m200&amp#27;[39m &amp#27;[90m8 ms - 68&amp#27;[39m
&amp#27;[38;5;0m[HTTP]&amp#27;[0m &amp#27;[90m&amp#27;[39m
&amp#27;[38;5;0m[HTTP]&amp#27;[0m &amp#27;[37m-->&amp#27;[39m &amp#27;[37mGET&amp#27;[39m &amp#27;[37m/session/9c0ff67f-6efc-443b-a62f-dce2bca5d56b/element/00000000-0000-0042-0000-009100000004/text&amp#27;[39m
&amp#27;[38;5;0m[HTTP]&amp#27;[0m &amp#27;[90m{}&amp#27;[39m
&amp#27;[38;5;32m[AndroidUiautomator2Driver@e3cd (9c0ff67f)]&amp#27;[0m Driver proxy active, passing request on via HTTP proxy
&amp#27;[38;5;32m[AndroidUiautomator2Driver@e3cd (9c0ff67f)]&amp#27;[0m Matched '/session/9c0ff67f-6efc-443b-a62f-dce2bca5d56b/element/00000000-0000-0042-0000-009100000004/text' to command name 'getText'
&amp#27;[38;5;32m[AndroidUiautomator2Driver@e3cd (9c0ff67f)]&amp#27;[0m Proxying [GET /session/9c0ff67f-6efc-443b-a62f-dce2bca5d56b/element/00000000-0000-0042-0000-009100000004/text] to [GET http://127.0.0.1:8200/session/2fea60ff-cc1e-449a-891a-56c913714252/element/00000000-0000-0042-0000-009100000004/text] with no body
&amp#27;[38;5;32m[AndroidUiautomator2Driver@e3cd (9c0ff67f)]&amp#27;[0m Got response with status 200: {"sessionId":"2fea60ff-cc1e-449a-891a-56c913714252","value":"overcast clouds"}
&amp#27;[38;5;32m[AndroidUiautomator2Driver@e3cd (9c0ff67f)]&amp#27;[0m Replacing sessionId 2fea60ff-cc1e-449a-891a-56c913714252 with 9c0ff67f-6efc-443b-a62f-dce2bca5d56b
&amp#27;[38;5;0m[HTTP]&amp#27;[0m &amp#27;[37m<-- GET /session/9c0ff67f-6efc-443b-a62f-dce2bca5d56b/element/00000000-0000-0042-0000-009100000004/text &amp#27;[39m&amp#27;[32m200&amp#27;[39m &amp#27;[90m8 ms - 78&amp#27;[39m
&amp#27;[38;5;0m[HTTP]&amp#27;[0m &amp#27;[90m&amp#27;[39m
&amp#27;[38;5;0m[HTTP]&amp#27;[0m &amp#27;[37m-->&amp#27;[39m &amp#27;[37mGET&amp#27;[39m &amp#27;[37m/session/9c0ff67f-6efc-443b-a62f-dce2bca5d56b/element/00000000-0000-0042-0000-009300000004/text&amp#27;[39m
&amp#27;[38;5;0m[HTTP]&amp#27;[0m &amp#27;[90m{}&amp#27;[39m
&amp#27;[38;5;32m[AndroidUiautomator2Driver@e3cd (9c0ff67f)]&amp#27;[0m Driver proxy active, passing request on via HTTP proxy
&amp#27;[38;5;32m[AndroidUiautomator2Driver@e3cd (9c0ff67f)]&amp#27;[0m Matched '/session/9c0ff67f-6efc-443b-a62f-dce2bca5d56b/element/00000000-0000-0042-0000-009300000004/text' to command name 'getText'
&amp#27;[38;5;32m[AndroidUiautomator2Driver@e3cd (9c0ff67f)]&amp#27;[0m Proxying [GET /session/9c0ff67f-6efc-443b-a62f-dce2bca5d56b/element/00000000-0000-0042-0000-009300000004/text] to [GET http://127.0.0.1:8200/session/2fea60ff-cc1e-449a-891a-56c913714252/element/00000000-0000-0042-0000-009300000004/text] with no body
&amp#27;[38;5;32m[AndroidUiautomator2Driver@e3cd (9c0ff67f)]&amp#27;[0m Got response with status 200: {"sessionId":"2fea60ff-cc1e-449a-891a-56c913714252","value":"65 %"}
&amp#27;[38;5;32m[AndroidUiautomator2Driver@e3cd (9c0ff67f)]&amp#27;[0m Replacing sessionId 2fea60ff-cc1e-449a-891a-56c913714252 with 9c0ff67f-6efc-443b-a62f-dce2bca5d56b
&amp#27;[38;5;0m[HTTP]&amp#27;[0m &amp#27;[37m<-- GET /session/9c0ff67f-6efc-443b-a62f-dce2bca5d56b/element/00000000-0000-0042-0000-009300000004/text &amp#27;[39m&amp#27;[32m200&amp#27;[39m &amp#27;[90m10 ms - 67&amp#27;[39m
&amp#27;[38;5;0m[HTTP]&amp#27;[0m &amp#27;[90m&amp#27;[39m
&amp#27;[38;5;0m[HTTP]&amp#27;[0m &amp#27;[37m-->&amp#27;[39m &amp#27;[37mGET&amp#27;[39m &amp#27;[37m/session/9c0ff67f-6efc-443b-a62f-dce2bca5d56b/element/00000000-0000-0042-0000-009500000004/text&amp#27;[39m
&amp#27;[38;5;0m[HTTP]&amp#27;[0m &amp#27;[90m{}&amp#27;[39m
&amp#27;[38;5;32m[AndroidUiautomator2Driver@e3cd (9c0ff67f)]&amp#27;[0m Driver proxy active, passing request on via HTTP proxy
&amp#27;[38;5;32m[AndroidUiautomator2Driver@e3cd (9c0ff67f)]&amp#27;[0m Matched '/session/9c0ff67f-6efc-443b-a62f-dce2bca5d56b/element/00000000-0000-0042-0000-009500000004/text' to command name 'getText'
&amp#27;[38;5;32m[AndroidUiautomator2Driver@e3cd (9c0ff67f)]&amp#27;[0m Proxying [GET /session/9c0ff67f-6efc-443b-a62f-dce2bca5d56b/element/00000000-0000-0042-0000-009500000004/text] to [GET http://127.0.0.1:8200/session/2fea60ff-cc1e-449a-891a-56c913714252/element/00000000-0000-0042-0000-009500000004/text] with no body
&amp#27;[38;5;32m[AndroidUiautomator2Driver@e3cd (9c0ff67f)]&amp#27;[0m Got response with status 200: {"sessionId":"2fea60ff-cc1e-449a-891a-56c913714252","value":"14 Â°C"}
&amp#27;[38;5;32m[AndroidUiautomator2Driver@e3cd (9c0ff67f)]&amp#27;[0m Replacing sessionId 2fea60ff-cc1e-449a-891a-56c913714252 with 9c0ff67f-6efc-443b-a62f-dce2bca5d56b
&amp#27;[38;5;0m[HTTP]&amp#27;[0m &amp#27;[37m<-- GET /session/9c0ff67f-6efc-443b-a62f-dce2bca5d56b/element/00000000-0000-0042-0000-009500000004/text &amp#27;[39m&amp#27;[32m200&amp#27;[39m &amp#27;[90m8 ms - 69&amp#27;[39m
&amp#27;[38;5;0m[HTTP]&amp#27;[0m &amp#27;[90m&amp#27;[39m
&amp#27;[38;5;0m[HTTP]&amp#27;[0m &amp#27;[37m-->&amp#27;[39m &amp#27;[37mGET&amp#27;[39m &amp#27;[37m/session/9c0ff67f-6efc-443b-a62f-dce2bca5d56b/element/00000000-0000-0042-0000-009700000004/text&amp#27;[39m
&amp#27;[38;5;0m[HTTP]&amp#27;[0m &amp#27;[90m{}&amp#27;[39m
&amp#27;[38;5;32m[AndroidUiautomator2Driver@e3cd (9c0ff67f)]&amp#27;[0m Driver proxy active, passing request on via HTTP proxy
&amp#27;[38;5;32m[AndroidUiautomator2Driver@e3cd (9c0ff67f)]&amp#27;[0m Matched '/session/9c0ff67f-6efc-443b-a62f-dce2bca5d56b/element/00000000-0000-0042-0000-009700000004/text' to command name 'getText'
&amp#27;[38;5;32m[AndroidUiautomator2Driver@e3cd (9c0ff67f)]&amp#27;[0m Proxying [GET /session/9c0ff67f-6efc-443b-a62f-dce2bca5d56b/element/00000000-0000-0042-0000-009700000004/text] to [GET http://127.0.0.1:8200/session/2fea60ff-cc1e-449a-891a-56c913714252/element/00000000-0000-0042-0000-009700000004/text] with no body
&amp#27;[38;5;32m[AndroidUiautomator2Driver@e3cd (9c0ff67f)]&amp#27;[0m Got response with status 200: {"sessionId":"2fea60ff-cc1e-449a-891a-56c913714252","value":"03:00"}
&amp#27;[38;5;32m[AndroidUiautomator2Driver@e3cd (9c0ff67f)]&amp#27;[0m Replacing sessionId 2fea60ff-cc1e-449a-891a-56c913714252 with 9c0ff67f-6efc-443b-a62f-dce2bca5d56b
&amp#27;[38;5;0m[HTTP]&amp#27;[0m &amp#27;[37m<-- GET /session/9c0ff67f-6efc-443b-a62f-dce2bca5d56b/element/00000000-0000-0042-0000-009700000004/text &amp#27;[39m&amp#27;[32m200&amp#27;[39m &amp#27;[90m9 ms - 68&amp#27;[39m
&amp#27;[38;5;0m[HTTP]&amp#27;[0m &amp#27;[90m&amp#27;[39m
&amp#27;[38;5;0m[HTTP]&amp#27;[0m &amp#27;[37m-->&amp#27;[39m &amp#27;[37mGET&amp#27;[39m &amp#27;[37m/session/9c0ff67f-6efc-443b-a62f-dce2bca5d56b/element/00000000-0000-0042-0000-009900000004/text&amp#27;[39m
&amp#27;[38;5;0m[HTTP]&amp#27;[0m &amp#27;[90m{}&amp#27;[39m
&amp#27;[38;5;32m[AndroidUiautomator2Driver@e3cd (9c0ff67f)]&amp#27;[0m Driver proxy active, passing request on via HTTP proxy
&amp#27;[38;5;32m[AndroidUiautomator2Driver@e3cd (9c0ff67f)]&amp#27;[0m Matched '/session/9c0ff67f-6efc-443b-a62f-dce2bca5d56b/element/00000000-0000-0042-0000-009900000004/text' to command name 'getText'
&amp#27;[38;5;32m[AndroidUiautomator2Driver@e3cd (9c0ff67f)]&amp#27;[0m Proxying [GET /session/9c0ff67f-6efc-443b-a62f-dce2bca5d56b/element/00000000-0000-0042-0000-009900000004/text] to [GET http://127.0.0.1:8200/session/2fea60ff-cc1e-449a-891a-56c913714252/element/00000000-0000-0042-0000-009900000004/text] with no body
&amp#27;[38;5;32m[AndroidUiautomator2Driver@e3cd (9c0ff67f)]&amp#27;[0m Got response with status 200: {"sessionId":"2fea60ff-cc1e-449a-891a-56c913714252","value":"overcast clouds"}
&amp#27;[38;5;32m[AndroidUiautomator2Driver@e3cd (9c0ff67f)]&amp#27;[0m Replacing sessionId 2fea60ff-cc1e-449a-891a-56c913714252 with 9c0ff67f-6efc-443b-a62f-dce2bca5d56b
&amp#27;[38;5;0m[HTTP]&amp#27;[0m &amp#27;[37m<-- GET /session/9c0ff67f-6efc-443b-a62f-dce2bca5d56b/element/00000000-0000-0042-0000-009900000004/text &amp#27;[39m&amp#27;[32m200&amp#27;[39m &amp#27;[90m8 ms - 78&amp#27;[39m
&amp#27;[38;5;0m[HTTP]&amp#27;[0m &amp#27;[90m&amp#27;[39m
&amp#27;[38;5;0m[HTTP]&amp#27;[0m &amp#27;[37m-->&amp#27;[39m &amp#27;[37mGET&amp#27;[39m &amp#27;[37m/session/9c0ff67f-6efc-443b-a62f-dce2bca5d56b/element/00000000-0000-0042-0000-009b00000004/text&amp#27;[39m
&amp#27;[38;5;0m[HTTP]&amp#27;[0m &amp#27;[90m{}&amp#27;[39m
&amp#27;[38;5;32m[AndroidUiautomator2Driver@e3cd (9c0ff67f)]&amp#27;[0m Driver proxy active, passing request on via HTTP proxy
&amp#27;[38;5;32m[AndroidUiautomator2Driver@e3cd (9c0ff67f)]&amp#27;[0m Matched '/session/9c0ff67f-6efc-443b-a62f-dce2bca5d56b/element/00000000-0000-0042-0000-009b00000004/text' to command name 'getText'
&amp#27;[38;5;32m[AndroidUiautomator2Driver@e3cd (9c0ff67f)]&amp#27;[0m Proxying [GET /session/9c0ff67f-6efc-443b-a62f-dce2bca5d56b/element/00000000-0000-0042-0000-009b00000004/text] to [GET http://127.0.0.1:8200/session/2fea60ff-cc1e-449a-891a-56c913714252/element/00000000-0000-0042-0000-009b00000004/text] with no body
&amp#27;[38;5;32m[AndroidUiautomator2Driver@e3cd (9c0ff67f)]&amp#27;[0m Got response with status 200: {"sessionId":"2fea60ff-cc1e-449a-891a-56c913714252","value":"63 %"}
&amp#27;[38;5;32m[AndroidUiautomator2Driver@e3cd (9c0ff67f)]&amp#27;[0m Replacing sessionId 2fea60ff-cc1e-449a-891a-56c913714252 with 9c0ff67f-6efc-443b-a62f-dce2bca5d56b
&amp#27;[38;5;0m[HTTP]&amp#27;[0m &amp#27;[37m<-- GET /session/9c0ff67f-6efc-443b-a62f-dce2bca5d56b/element/00000000-0000-0042-0000-009b00000004/text &amp#27;[39m&amp#27;[32m200&amp#27;[39m &amp#27;[90m8 ms - 67&amp#27;[39m
&amp#27;[38;5;0m[HTTP]&amp#27;[0m &amp#27;[90m&amp#27;[39m
&amp#27;[38;5;0m[HTTP]&amp#27;[0m &amp#27;[37m-->&amp#27;[39m &amp#27;[37mGET&amp#27;[39m &amp#27;[37m/session/9c0ff67f-6efc-443b-a62f-dce2bca5d56b/element/00000000-0000-0042-0000-009d00000004/text&amp#27;[39m
&amp#27;[38;5;0m[HTTP]&amp#27;[0m &amp#27;[90m{}&amp#27;[39m
&amp#27;[38;5;32m[AndroidUiautomator2Driver@e3cd (9c0ff67f)]&amp#27;[0m Driver proxy active, passing request on via HTTP proxy
&amp#27;[38;5;32m[AndroidUiautomator2Driver@e3cd (9c0ff67f)]&amp#27;[0m Matched '/session/9c0ff67f-6efc-443b-a62f-dce2bca5d56b/element/00000000-0000-0042-0000-009d00000004/text' to command name 'getText'
&amp#27;[38;5;32m[AndroidUiautomator2Driver@e3cd (9c0ff67f)]&amp#27;[0m Proxying [GET /session/9c0ff67f-6efc-443b-a62f-dce2bca5d56b/element/00000000-0000-0042-0000-009d00000004/text] to [GET http://127.0.0.1:8200/session/2fea60ff-cc1e-449a-891a-56c913714252/element/00000000-0000-0042-0000-009d00000004/text] with no body
&amp#27;[38;5;32m[AndroidUiautomator2Driver@e3cd (9c0ff67f)]&amp#27;[0m Got response with status 200: {"sessionId":"2fea60ff-cc1e-449a-891a-56c913714252","value":"15 Â°C"}
&amp#27;[38;5;32m[AndroidUiautomator2Driver@e3cd (9c0ff67f)]&amp#27;[0m Replacing sessionId 2fea60ff-cc1e-449a-891a-56c913714252 with 9c0ff67f-6efc-443b-a62f-dce2bca5d56b
&amp#27;[38;5;0m[HTTP]&amp#27;[0m &amp#27;[37m<-- GET /session/9c0ff67f-6efc-443b-a62f-dce2bca5d56b/element/00000000-0000-0042-0000-009d00000004/text &amp#27;[39m&amp#27;[32m200&amp#27;[39m &amp#27;[90m8 ms - 69&amp#27;[39m
&amp#27;[38;5;0m[HTTP]&amp#27;[0m &amp#27;[90m&amp#27;[39m
&amp#27;[38;5;0m[HTTP]&amp#27;[0m &amp#27;[37m-->&amp#27;[39m &amp#27;[37mGET&amp#27;[39m &amp#27;[37m/session/9c0ff67f-6efc-443b-a62f-dce2bca5d56b/element/00000000-0000-0042-0000-009f00000004/text&amp#27;[39m
&amp#27;[38;5;0m[HTTP]&amp#27;[0m &amp#27;[90m{}&amp#27;[39m
&amp#27;[38;5;32m[AndroidUiautomator2Driver@e3cd (9c0ff67f)]&amp#27;[0m Driver proxy active, passing request on via HTTP proxy
&amp#27;[38;5;32m[AndroidUiautomator2Driver@e3cd (9c0ff67f)]&amp#27;[0m Matched '/session/9c0ff67f-6efc-443b-a62f-dce2bca5d56b/element/00000000-0000-0042-0000-009f00000004/text' to command name 'getText'
&amp#27;[38;5;32m[AndroidUiautomator2Driver@e3cd (9c0ff67f)]&amp#27;[0m Proxying [GET /session/9c0ff67f-6efc-443b-a62f-dce2bca5d56b/element/00000000-0000-0042-0000-009f00000004/text] to [GET http://127.0.0.1:8200/session/2fea60ff-cc1e-449a-891a-56c913714252/element/00000000-0000-0042-0000-009f00000004/text] with no body
&amp#27;[38;5;32m[AndroidUiautomator2Driver@e3cd (9c0ff67f)]&amp#27;[0m Got response with status 200: {"sessionId":"2fea60ff-cc1e-449a-891a-56c913714252","value":"04:00"}
&amp#27;[38;5;32m[AndroidUiautomator2Driver@e3cd (9c0ff67f)]&amp#27;[0m Replacing sessionId 2fea60ff-cc1e-449a-891a-56c913714252 with 9c0ff67f-6efc-443b-a62f-dce2bca5d56b
&amp#27;[38;5;0m[HTTP]&amp#27;[0m &amp#27;[37m<-- GET /session/9c0ff67f-6efc-443b-a62f-dce2bca5d56b/element/00000000-0000-0042-0000-009f00000004/text &amp#27;[39m&amp#27;[32m200&amp#27;[39m &amp#27;[90m8 ms - 68&amp#27;[39m
&amp#27;[38;5;0m[HTTP]&amp#27;[0m &amp#27;[90m&amp#27;[39m
&amp#27;[38;5;0m[HTTP]&amp#27;[0m &amp#27;[37m-->&amp#27;[39m &amp#27;[37mGET&amp#27;[39m &amp#27;[37m/session/9c0ff67f-6efc-443b-a62f-dce2bca5d56b/element/00000000-0000-0042-0000-00a100000004/text&amp#27;[39m
&amp#27;[38;5;0m[HTTP]&amp#27;[0m &amp#27;[90m{}&amp#27;[39m
&amp#27;[38;5;32m[AndroidUiautomator2Driver@e3cd (9c0ff67f)]&amp#27;[0m Driver proxy active, passing request on via HTTP proxy
&amp#27;[38;5;32m[AndroidUiautomator2Driver@e3cd (9c0ff67f)]&amp#27;[0m Matched '/session/9c0ff67f-6efc-443b-a62f-dce2bca5d56b/element/00000000-0000-0042-0000-00a100000004/text' to command name 'getText'
&amp#27;[38;5;32m[AndroidUiautomator2Driver@e3cd (9c0ff67f)]&amp#27;[0m Proxying [GET /session/9c0ff67f-6efc-443b-a62f-dce2bca5d56b/element/00000000-0000-0042-0000-00a100000004/text] to [GET http://127.0.0.1:8200/session/2fea60ff-cc1e-449a-891a-56c913714252/element/00000000-0000-0042-0000-00a100000004/text] with no body
&amp#27;[38;5;32m[AndroidUiautomator2Driver@e3cd (9c0ff67f)]&amp#27;[0m Got response with status 200: {"sessionId":"2fea60ff-cc1e-449a-891a-56c913714252","value":"overcast clouds"}
&amp#27;[38;5;32m[AndroidUiautomator2Driver@e3cd (9c0ff67f)]&amp#27;[0m Replacing sessionId 2fea60ff-cc1e-449a-891a-56c913714252 with 9c0ff67f-6efc-443b-a62f-dce2bca5d56b
&amp#27;[38;5;0m[HTTP]&amp#27;[0m &amp#27;[37m<-- GET /session/9c0ff67f-6efc-443b-a62f-dce2bca5d56b/element/00000000-0000-0042-0000-00a100000004/text &amp#27;[39m&amp#27;[32m200&amp#27;[39m &amp#27;[90m9 ms - 78&amp#27;[39m
&amp#27;[38;5;0m[HTTP]&amp#27;[0m &amp#27;[90m&amp#27;[39m
&amp#27;[38;5;0m[HTTP]&amp#27;[0m &amp#27;[37m-->&amp#27;[39m &amp#27;[37mGET&amp#27;[39m &amp#27;[37m/session/9c0ff67f-6efc-443b-a62f-dce2bca5d56b/element/00000000-0000-0042-0000-00a300000004/text&amp#27;[39m
&amp#27;[38;5;0m[HTTP]&amp#27;[0m &amp#27;[90m{}&amp#27;[39m
&amp#27;[38;5;32m[AndroidUiautomator2Driver@e3cd (9c0ff67f)]&amp#27;[0m Driver proxy active, passing request on via HTTP proxy
&amp#27;[38;5;32m[AndroidUiautomator2Driver@e3cd (9c0ff67f)]&amp#27;[0m Matched '/session/9c0ff67f-6efc-443b-a62f-dce2bca5d56b/element/00000000-0000-0042-0000-00a300000004/text' to command name 'getText'
&amp#27;[38;5;32m[AndroidUiautomator2Driver@e3cd (9c0ff67f)]&amp#27;[0m Proxying [GET /session/9c0ff67f-6efc-443b-a62f-dce2bca5d56b/element/00000000-0000-0042-0000-00a300000004/text] to [GET http://127.0.0.1:8200/session/2fea60ff-cc1e-449a-891a-56c913714252/element/00000000-0000-0042-0000-00a300000004/text] with no body
&amp#27;[38;5;32m[AndroidUiautomator2Driver@e3cd (9c0ff67f)]&amp#27;[0m Got response with status 200: {"sessionId":"2fea60ff-cc1e-449a-891a-56c913714252","value":"61 %"}
&amp#27;[38;5;32m[AndroidUiautomator2Driver@e3cd (9c0ff67f)]&amp#27;[0m Replacing sessionId 2fea60ff-cc1e-449a-891a-56c913714252 with 9c0ff67f-6efc-443b-a62f-dce2bca5d56b
&amp#27;[38;5;0m[HTTP]&amp#27;[0m &amp#27;[37m<-- GET /session/9c0ff67f-6efc-443b-a62f-dce2bca5d56b/element/00000000-0000-0042-0000-00a300000004/text &amp#27;[39m&amp#27;[32m200&amp#27;[39m &amp#27;[90m8 ms - 67&amp#27;[39m
&amp#27;[38;5;0m[HTTP]&amp#27;[0m &amp#27;[90m&amp#27;[39m
&amp#27;[38;5;0m[HTTP]&amp#27;[0m &amp#27;[37m-->&amp#27;[39m &amp#27;[37mGET&amp#27;[39m &amp#27;[37m/session/9c0ff67f-6efc-443b-a62f-dce2bca5d56b/element/00000000-0000-0042-0000-00a500000004/text&amp#27;[39m
&amp#27;[38;5;0m[HTTP]&amp#27;[0m &amp#27;[90m{}&amp#27;[39m
&amp#27;[38;5;32m[AndroidUiautomator2Driver@e3cd (9c0ff67f)]&amp#27;[0m Driver proxy active, passing request on via HTTP proxy
&amp#27;[38;5;32m[AndroidUiautomator2Driver@e3cd (9c0ff67f)]&amp#27;[0m Matched '/session/9c0ff67f-6efc-443b-a62f-dce2bca5d56b/element/00000000-0000-0042-0000-00a500000004/text' to command name 'getText'
&amp#27;[38;5;32m[AndroidUiautomator2Driver@e3cd (9c0ff67f)]&amp#27;[0m Proxying [GET /session/9c0ff67f-6efc-443b-a62f-dce2bca5d56b/element/00000000-0000-0042-0000-00a500000004/text] to [GET http://127.0.0.1:8200/session/2fea60ff-cc1e-449a-891a-56c913714252/element/00000000-0000-0042-0000-00a500000004/text] with no body
&amp#27;[38;5;32m[AndroidUiautomator2Driver@e3cd (9c0ff67f)]&amp#27;[0m Got response with status 200: {"sessionId":"2fea60ff-cc1e-449a-891a-56c913714252","value":"15 Â°C"}
&amp#27;[38;5;32m[AndroidUiautomator2Driver@e3cd (9c0ff67f)]&amp#27;[0m Replacing sessionId 2fea60ff-cc1e-449a-891a-56c913714252 with 9c0ff67f-6efc-443b-a62f-dce2bca5d56b
&amp#27;[38;5;0m[HTTP]&amp#27;[0m &amp#27;[37m<-- GET /session/9c0ff67f-6efc-443b-a62f-dce2bca5d56b/element/00000000-0000-0042-0000-00a500000004/text &amp#27;[39m&amp#27;[32m200&amp#27;[39m &amp#27;[90m8 ms - 69&amp#27;[39m
&amp#27;[38;5;0m[HTTP]&amp#27;[0m &amp#27;[90m&amp#27;[39m
&amp#27;[38;5;0m[HTTP]&amp#27;[0m &amp#27;[37m-->&amp#27;[39m &amp#27;[37mGET&amp#27;[39m &amp#27;[37m/session/9c0ff67f-6efc-443b-a62f-dce2bca5d56b/element/00000000-0000-0042-0000-00a700000004/text&amp#27;[39m
&amp#27;[38;5;0m[HTTP]&amp#27;[0m &amp#27;[90m{}&amp#27;[39m
&amp#27;[38;5;32m[AndroidUiautomator2Driver@e3cd (9c0ff67f)]&amp#27;[0m Driver proxy active, passing request on via HTTP proxy
&amp#27;[38;5;32m[AndroidUiautomator2Driver@e3cd (9c0ff67f)]&amp#27;[0m Matched '/session/9c0ff67f-6efc-443b-a62f-dce2bca5d56b/element/00000000-0000-0042-0000-00a700000004/text' to command name 'getText'
&amp#27;[38;5;32m[AndroidUiautomator2Driver@e3cd (9c0ff67f)]&amp#27;[0m Proxying [GET /session/9c0ff67f-6efc-443b-a62f-dce2bca5d56b/element/00000000-0000-0042-0000-00a700000004/text] to [GET http://127.0.0.1:8200/session/2fea60ff-cc1e-449a-891a-56c913714252/element/00000000-0000-0042-0000-00a700000004/text] with no body
&amp#27;[38;5;32m[AndroidUiautomator2Driver@e3cd (9c0ff67f)]&amp#27;[0m Got response with status 200: {"sessionId":"2fea60ff-cc1e-449a-891a-56c913714252","value":"05:00"}
&amp#27;[38;5;32m[AndroidUiautomator2Driver@e3cd (9c0ff67f)]&amp#27;[0m Replacing sessionId 2fea60ff-cc1e-449a-891a-56c913714252 with 9c0ff67f-6efc-443b-a62f-dce2bca5d56b
&amp#27;[38;5;0m[HTTP]&amp#27;[0m &amp#27;[37m<-- GET /session/9c0ff67f-6efc-443b-a62f-dce2bca5d56b/element/00000000-0000-0042-0000-00a700000004/text &amp#27;[39m&amp#27;[32m200&amp#27;[39m &amp#27;[90m9 ms - 68&amp#27;[39m
&amp#27;[38;5;0m[HTTP]&amp#27;[0m &amp#27;[90m&amp#27;[39m
&amp#27;[38;5;0m[HTTP]&amp#27;[0m &amp#27;[37m-->&amp#27;[39m &amp#27;[37mGET&amp#27;[39m &amp#27;[37m/session/9c0ff67f-6efc-443b-a62f-dce2bca5d56b/element/00000000-0000-0042-0000-00a900000004/text&amp#27;[39m
&amp#27;[38;5;0m[HTTP]&amp#27;[0m &amp#27;[90m{}&amp#27;[39m
&amp#27;[38;5;32m[AndroidUiautomator2Driver@e3cd (9c0ff67f)]&amp#27;[0m Driver proxy active, passing request on via HTTP proxy
&amp#27;[38;5;32m[AndroidUiautomator2Driver@e3cd (9c0ff67f)]&amp#27;[0m Matched '/session/9c0ff67f-6efc-443b-a62f-dce2bca5d56b/element/00000000-0000-0042-0000-00a900000004/text' to command name 'getText'
&amp#27;[38;5;32m[AndroidUiautomator2Driver@e3cd (9c0ff67f)]&amp#27;[0m Proxying [GET /session/9c0ff67f-6efc-443b-a62f-dce2bca5d56b/element/00000000-0000-0042-0000-00a900000004/text] to [GET http://127.0.0.1:8200/session/2fea60ff-cc1e-449a-891a-56c913714252/element/00000000-0000-0042-0000-00a900000004/text] with no body
&amp#27;[38;5;32m[AndroidUiautomator2Driver@e3cd (9c0ff67f)]&amp#27;[0m Got response with status 200: {"sessionId":"2fea60ff-cc1e-449a-891a-56c913714252","value":"overcast clouds"}
&amp#27;[38;5;32m[AndroidUiautomator2Driver@e3cd (9c0ff67f)]&amp#27;[0m Replacing sessionId 2fea60ff-cc1e-449a-891a-56c913714252 with 9c0ff67f-6efc-443b-a62f-dce2bca5d56b
&amp#27;[38;5;0m[HTTP]&amp#27;[0m &amp#27;[37m<-- GET /session/9c0ff67f-6efc-443b-a62f-dce2bca5d56b/element/00000000-0000-0042-0000-00a900000004/text &amp#27;[39m&amp#27;[32m200&amp#27;[39m &amp#27;[90m8 ms - 78&amp#27;[39m
&amp#27;[38;5;0m[HTTP]&amp#27;[0m &amp#27;[90m&amp#27;[39m
&amp#27;[38;5;0m[HTTP]&amp#27;[0m &amp#27;[37m-->&amp#27;[39m &amp#27;[37mGET&amp#27;[39m &amp#27;[37m/session/9c0ff67f-6efc-443b-a62f-dce2bca5d56b/element/00000000-0000-0042-0000-00ab00000004/text&amp#27;[39m
&amp#27;[38;5;0m[HTTP]&amp#27;[0m &amp#27;[90m{}&amp#27;[39m
&amp#27;[38;5;32m[AndroidUiautomator2Driver@e3cd (9c0ff67f)]&amp#27;[0m Driver proxy active, passing request on via HTTP proxy
&amp#27;[38;5;32m[AndroidUiautomator2Driver@e3cd (9c0ff67f)]&amp#27;[0m Matched '/session/9c0ff67f-6efc-443b-a62f-dce2bca5d56b/element/00000000-0000-0042-0000-00ab00000004/text' to command name 'getText'
&amp#27;[38;5;32m[AndroidUiautomator2Driver@e3cd (9c0ff67f)]&amp#27;[0m Proxying [GET /session/9c0ff67f-6efc-443b-a62f-dce2bca5d56b/element/00000000-0000-0042-0000-00ab00000004/text] to [GET http://127.0.0.1:8200/session/2fea60ff-cc1e-449a-891a-56c913714252/element/00000000-0000-0042-0000-00ab00000004/text] with no body
&amp#27;[38;5;32m[AndroidUiautomator2Driver@e3cd (9c0ff67f)]&amp#27;[0m Got response with status 200: {"sessionId":"2fea60ff-cc1e-449a-891a-56c913714252","value":"61 %"}
&amp#27;[38;5;32m[AndroidUiautomator2Driver@e3cd (9c0ff67f)]&amp#27;[0m Replacing sessionId 2fea60ff-cc1e-449a-891a-56c913714252 with 9c0ff67f-6efc-443b-a62f-dce2bca5d56b
&amp#27;[38;5;0m[HTTP]&amp#27;[0m &amp#27;[37m<-- GET /session/9c0ff67f-6efc-443b-a62f-dce2bca5d56b/element/00000000-0000-0042-0000-00ab00000004/text &amp#27;[39m&amp#27;[32m200&amp#27;[39m &amp#27;[90m9 ms - 67&amp#27;[39m
&amp#27;[38;5;0m[HTTP]&amp#27;[0m &amp#27;[90m&amp#27;[39m
&amp#27;[38;5;0m[HTTP]&amp#27;[0m &amp#27;[37m-->&amp#27;[39m &amp#27;[37mGET&amp#27;[39m &amp#27;[37m/session/9c0ff67f-6efc-443b-a62f-dce2bca5d56b/element/00000000-0000-0042-0000-00ad00000004/text&amp#27;[39m
&amp#27;[38;5;0m[HTTP]&amp#27;[0m &amp#27;[90m{}&amp#27;[39m
&amp#27;[38;5;32m[AndroidUiautomator2Driver@e3cd (9c0ff67f)]&amp#27;[0m Driver proxy active, passing request on via HTTP proxy
&amp#27;[38;5;32m[AndroidUiautomator2Driver@e3cd (9c0ff67f)]&amp#27;[0m Matched '/session/9c0ff67f-6efc-443b-a62f-dce2bca5d56b/element/00000000-0000-0042-0000-00ad00000004/text' to command name 'getText'
&amp#27;[38;5;32m[AndroidUiautomator2Driver@e3cd (9c0ff67f)]&amp#27;[0m Proxying [GET /session/9c0ff67f-6efc-443b-a62f-dce2bca5d56b/element/00000000-0000-0042-0000-00ad00000004/text] to [GET http://127.0.0.1:8200/session/2fea60ff-cc1e-449a-891a-56c913714252/element/00000000-0000-0042-0000-00ad00000004/text] with no body
&amp#27;[38;5;32m[AndroidUiautomator2Driver@e3cd (9c0ff67f)]&amp#27;[0m Got response with status 200: {"sessionId":"2fea60ff-cc1e-449a-891a-56c913714252","value":"15 Â°C"}
&amp#27;[38;5;32m[AndroidUiautomator2Driver@e3cd (9c0ff67f)]&amp#27;[0m Replacing sessionId 2fea60ff-cc1e-449a-891a-56c913714252 with 9c0ff67f-6efc-443b-a62f-dce2bca5d56b
&amp#27;[38;5;0m[HTTP]&amp#27;[0m &amp#27;[37m<-- GET /session/9c0ff67f-6efc-443b-a62f-dce2bca5d56b/element/00000000-0000-0042-0000-00ad00000004/text &amp#27;[39m&amp#27;[32m200&amp#27;[39m &amp#27;[90m9 ms - 69&amp#27;[39m
&amp#27;[38;5;0m[HTTP]&amp#27;[0m &amp#27;[90m&amp#27;[39m
&amp#27;[38;5;0m[HTTP]&amp#27;[0m &amp#27;[37m-->&amp#27;[39m &amp#27;[37mPOST&amp#27;[39m &amp#27;[37m/session/9c0ff67f-6efc-443b-a62f-dce2bca5d56b/execute/sync&amp#27;[39m
&amp#27;[38;5;0m[HTTP]&amp#27;[0m &amp#27;[90m{"script":"mobile: swipeGesture","args":[{"elementId":"00000000-0000-0042-0000-001d00000004","percent":0.4,"speed":320,"direction":"left"}]}&amp#27;[39m
&amp#27;[38;5;32m[AndroidUiautomator2Driver@e3cd (9c0ff67f)]&amp#27;[0m Calling AppiumDriver.execute() with args: ["mobile: swipeGesture",[{"elementId":"00000000-0000-0042-0000-001d00000004","percent":0.4,"speed":320,"direction":"left"}],"9c0ff67f-6efc-443b-a62f-dce2bca5d56b"]
&amp#27;[38;5;32m[AndroidUiautomator2Driver@e3cd (9c0ff67f)]&amp#27;[0m Executing method 'mobile: swipeGesture'
&amp#27;[38;5;32m[AndroidUiautomator2Driver@e3cd (9c0ff67f)]&amp#27;[0m Proxying [POST /appium/gestures/swipe] to [POST http://127.0.0.1:8200/session/2fea60ff-cc1e-449a-891a-56c913714252/appium/gestures/swipe] with body: {"origin":{"ELEMENT":"00000000-0000-0042-0000-001d00000004","element-6066-11e4-a52e-4f735466cecf":"00000000-0000-0042-0000-001d00000004"},"direction":"left","percent":0.4,"speed":320}
&amp#27;[38;5;32m[AndroidUiautomator2Driver@e3cd (9c0ff67f)]&amp#27;[0m Got response with status 200: {"sessionId":"2fea60ff-cc1e-449a-891a-56c913714252","value":null}
&amp#27;[38;5;32m[AndroidUiautomator2Driver@e3cd (9c0ff67f)]&amp#27;[0m Responding to client with driver.execute() result: null
&amp#27;[38;5;0m[HTTP]&amp#27;[0m &amp#27;[37m<-- POST /session/9c0ff67f-6efc-443b-a62f-dce2bca5d56b/execute/sync &amp#27;[39m&amp#27;[32m200&amp#27;[39m &amp#27;[90m1567 ms - 14&amp#27;[39m
&amp#27;[38;5;0m[HTTP]&amp#27;[0m &amp#27;[90m&amp#27;[39m
&amp#27;[38;5;0m[HTTP]&amp#27;[0m &amp#27;[37m-->&amp#27;[39m &amp#27;[37mPOST&amp#27;[39m &amp#27;[37m/session/9c0ff67f-6efc-443b-a62f-dce2bca5d56b/elements&amp#27;[39m
&amp#27;[38;5;0m[HTTP]&amp#27;[0m &amp#27;[90m{"using":"xpath","value":"//android.widget.HorizontalScrollView"}&amp#27;[39m
&amp#27;[38;5;32m[AndroidUiautomator2Driver@e3cd (9c0ff67f)]&amp#27;[0m Calling AppiumDriver.findElements() with args: ["xpath","//android.widget.HorizontalScrollView","9c0ff67f-6efc-443b-a62f-dce2bca5d56b"]
&amp#27;[38;5;32m[AndroidUiautomator2Driver@e3cd (9c0ff67f)]&amp#27;[0m Valid locator strategies for this request: xpath, id, class name, accessibility id, css selector, -android uiautomator
&amp#27;[38;5;32m[AndroidUiautomator2Driver@e3cd (9c0ff67f)]&amp#27;[0m Waiting up to 0 ms for condition
&amp#27;[38;5;32m[AndroidUiautomator2Driver@e3cd (9c0ff67f)]&amp#27;[0m Matched '/elements' to command name 'findElements'
&amp#27;[38;5;32m[AndroidUiautomator2Driver@e3cd (9c0ff67f)]&amp#27;[0m Proxying [POST /elements] to [POST http://127.0.0.1:8200/session/2fea60ff-cc1e-449a-891a-56c913714252/elements] with body: {"strategy":"xpath","selector":"//android.widget.HorizontalScrollView","context":"","multiple":true}
&amp#27;[38;5;32m[AndroidUiautomator2Driver@e3cd (9c0ff67f)]&amp#27;[0m Got response with status 200: {"sessionId":"2fea60ff-cc1e-449a-891a-56c913714252","value":[{"ELEMENT":"00000000-0000-0042-0000-001d00000004","element-6066-11e4-a52e-4f735466cecf":"00000000-0000-0042-0000-001d00000004"},{"ELEMENT":"00000000-0000-0042-0000-001e00000004","element-6066-11e4-a52e-4f735466cecf":"00000000-0000-0042-0000-001e00000004"}]}
&amp#27;[38;5;32m[AndroidUiautomator2Driver@e3cd (9c0ff67f)]&amp#27;[0m Responding to client with driver.findElements() result: [{"element-6066-11e4-a52e-4f735466cecf":"00000000-0000-0042-0000-001d00000004","ELEMENT":"00000000-0000-0042-0000-001d00000004"},{"element-6066-11e4-a52e-4f735466cecf":"00000000-0000-0042-0000-001e00000004","ELEMENT":"00000000-0000-0042-0000-001e00000004"}]
&amp#27;[38;5;0m[HTTP]&amp#27;[0m &amp#27;[37m<-- POST /session/9c0ff67f-6efc-443b-a62f-dce2bca5d56b/elements &amp#27;[39m&amp#27;[32m200&amp#27;[39m &amp#27;[90m110 ms - 267&amp#27;[39m
&amp#27;[38;5;0m[HTTP]&amp#27;[0m &amp#27;[90m&amp#27;[39m
&amp#27;[38;5;0m[HTTP]&amp#27;[0m &amp#27;[37m-->&amp#27;[39m &amp#27;[37mPOST&amp#27;[39m &amp#27;[37m/session/9c0ff67f-6efc-443b-a62f-dce2bca5d56b/element/00000000-0000-0042-0000-001d00000004/elements&amp#27;[39m
&amp#27;[38;5;0m[HTTP]&amp#27;[0m &amp#27;[90m{"id":"00000000-0000-0042-0000-001d00000004","using":"xpath","value":"//android.view.View"}&amp#27;[39m
&amp#27;[38;5;32m[AndroidUiautomator2Driver@e3cd (9c0ff67f)]&amp#27;[0m Calling AppiumDriver.findElementsFromElement() with args: ["xpath","//android.view.View","00000000-0000-0042-0000-001d00000004","9c0ff67f-6efc-443b-a62f-dce2bca5d56b"]
&amp#27;[38;5;32m[AndroidUiautomator2Driver@e3cd (9c0ff67f)]&amp#27;[0m Valid locator strategies for this request: xpath, id, class name, accessibility id, css selector, -android uiautomator
&amp#27;[38;5;32m[AndroidUiautomator2Driver@e3cd (9c0ff67f)]&amp#27;[0m Waiting up to 0 ms for condition
&amp#27;[38;5;32m[AndroidUiautomator2Driver@e3cd (9c0ff67f)]&amp#27;[0m Matched '/elements' to command name 'findElements'
&amp#27;[38;5;32m[AndroidUiautomator2Driver@e3cd (9c0ff67f)]&amp#27;[0m Proxying [POST /elements] to [POST http://127.0.0.1:8200/session/2fea60ff-cc1e-449a-891a-56c913714252/elements] with body: {"strategy":"xpath","selector":"//android.view.View","context":"00000000-0000-0042-0000-001d00000004","multiple":true}
&amp#27;[38;5;32m[AndroidUiautomator2Driver@e3cd (9c0ff67f)]&amp#27;[0m Got response with status 200: {"sessionId":"2fea60ff-cc1e-449a-891a-56c913714252","value":[{"ELEMENT":"00000000-0000-0042-0000-009700000004","element-6066-11e4-a52e-4f735466cecf":"00000000-0000-0042-0000-009700000004"},{"ELEMENT":"00000000-0000-0042-0000-009900000004","element-6066-11e4-a52e-4f735466cecf":"00000000-0000-0042-0000-009900000004"},{"ELEMENT":"00000000-0000-0042-0000-009d00000004","element-6066-11e4-a52e-4f735466cecf":"00000000-0000-0042-0000-009d00000004"},{"ELEMENT":"00000000-0000-0042-0000-009f00000004","element-6066-11e4-a52e-4f735466cecf":"00000000-0000-0042-0000-009f00000004"},{"ELEMENT":"00000000-0000-0042-0000-00a100000004","element-6066-11e4-a52e-4f735466cecf":"00000000-0000-0042-0000-00a100000004"},{"ELEMENT":"00000000-0000-0042-0000-00a300000004","element-6066-11e4-a52e-4f735466cecf":"00000000-0000-0042-0000-00a300000004"},{"ELEMENT":"00000000-0000-0042-0000-00a500000004","element-6066-11e4-a52e-4f735466cecf":"00000000-0000-0042-0000-00a500000004"},{"ELEMENT":"00000000-0000-0042-0000-00a700000004","element-6066-...
&amp#27;[38;5;32m[AndroidUiautomator2Driver@e3cd (9c0ff67f)]&amp#27;[0m Responding to client with driver.findElementsFromElement() result: [{"element-6066-11e4-a52e-4f735466cecf":"00000000-0000-0042-0000-009700000004","ELEMENT":"00000000-0000-0042-0000-009700000004"},{"element-6066-11e4-a52e-4f735466cecf":"00000000-0000-0042-0000-009900000004","ELEMENT":"00000000-0000-0042-0000-009900000004"},{"element-6066-11e4-a52e-4f735466cecf":"00000000-0000-0042-0000-009d00000004","ELEMENT":"00000000-0000-0042-0000-009d00000004"},{"element-6066-11e4-a52e-4f735466cecf":"00000000-0000-0042-0000-009f00000004","ELEMENT":"00000000-0000-0042-0000-009f00000004"},{"element-6066-11e4-a52e-4f735466cecf":"00000000-0000-0042-0000-00a100000004","ELEMENT":"00000000-0000-0042-0000-00a100000004"},{"element-6066-11e4-a52e-4f735466cecf":"00000000-0000-0042-0000-00a300000004","ELEMENT":"00000000-0000-0042-0000-00a300000004"},{"element-6066-11e4-a52e-4f735466cecf":"00000000-0000-0042-0000-00a500000004","ELEMENT":"00000000-0000-0042-0000-00a500000004"},{"element-6066-11e4-a52e-4f735466cecf":"00000000-0000-0042-0000-00a700000004","ELEMENT":"00000000-0000-0042-0000-00a70000000...
&amp#27;[38;5;0m[HTTP]&amp#27;[0m &amp#27;[37m<-- POST /session/9c0ff67f-6efc-443b-a62f-dce2bca5d56b/element/00000000-0000-0042-0000-001d00000004/elements &amp#27;[39m&amp#27;[32m200&amp#27;[39m &amp#27;[90m44 ms - 1931&amp#27;[39m
&amp#27;[38;5;0m[HTTP]&amp#27;[0m &amp#27;[90m&amp#27;[39m
&amp#27;[38;5;0m[HTTP]&amp#27;[0m &amp#27;[37m-->&amp#27;[39m &amp#27;[37mGET&amp#27;[39m &amp#27;[37m/session/9c0ff67f-6efc-443b-a62f-dce2bca5d56b/element/00000000-0000-0042-0000-009700000004/text&amp#27;[39m
&amp#27;[38;5;0m[HTTP]&amp#27;[0m &amp#27;[90m{}&amp#27;[39m
&amp#27;[38;5;32m[AndroidUiautomator2Driver@e3cd (9c0ff67f)]&amp#27;[0m Driver proxy active, passing request on via HTTP proxy
&amp#27;[38;5;32m[AndroidUiautomator2Driver@e3cd (9c0ff67f)]&amp#27;[0m Matched '/session/9c0ff67f-6efc-443b-a62f-dce2bca5d56b/element/00000000-0000-0042-0000-009700000004/text' to command name 'getText'
&amp#27;[38;5;32m[AndroidUiautomator2Driver@e3cd (9c0ff67f)]&amp#27;[0m Proxying [GET /session/9c0ff67f-6efc-443b-a62f-dce2bca5d56b/element/00000000-0000-0042-0000-009700000004/text] to [GET http://127.0.0.1:8200/session/2fea60ff-cc1e-449a-891a-56c913714252/element/00000000-0000-0042-0000-009700000004/text] with no body
&amp#27;[38;5;32m[AndroidUiautomator2Driver@e3cd (9c0ff67f)]&amp#27;[0m Got response with status 200: {"sessionId":"2fea60ff-cc1e-449a-891a-56c913714252","value":"03:00"}
&amp#27;[38;5;32m[AndroidUiautomator2Driver@e3cd (9c0ff67f)]&amp#27;[0m Replacing sessionId 2fea60ff-cc1e-449a-891a-56c913714252 with 9c0ff67f-6efc-443b-a62f-dce2bca5d56b
&amp#27;[38;5;0m[HTTP]&amp#27;[0m &amp#27;[37m<-- GET /session/9c0ff67f-6efc-443b-a62f-dce2bca5d56b/element/00000000-0000-0042-0000-009700000004/text &amp#27;[39m&amp#27;[32m200&amp#27;[39m &amp#27;[90m9 ms - 68&amp#27;[39m
&amp#27;[38;5;0m[HTTP]&amp#27;[0m &amp#27;[90m&amp#27;[39m
&amp#27;[38;5;0m[HTTP]&amp#27;[0m &amp#27;[37m-->&amp#27;[39m &amp#27;[37mGET&amp#27;[39m &amp#27;[37m/session/9c0ff67f-6efc-443b-a62f-dce2bca5d56b/element/00000000-0000-0042-0000-009900000004/text&amp#27;[39m
&amp#27;[38;5;0m[HTTP]&amp#27;[0m &amp#27;[90m{}&amp#27;[39m
&amp#27;[38;5;32m[AndroidUiautomator2Driver@e3cd (9c0ff67f)]&amp#27;[0m Driver proxy active, passing request on via HTTP proxy
&amp#27;[38;5;32m[AndroidUiautomator2Driver@e3cd (9c0ff67f)]&amp#27;[0m Matched '/session/9c0ff67f-6efc-443b-a62f-dce2bca5d56b/element/00000000-0000-0042-0000-009900000004/text' to command name 'getText'
&amp#27;[38;5;32m[AndroidUiautomator2Driver@e3cd (9c0ff67f)]&amp#27;[0m Proxying [GET /session/9c0ff67f-6efc-443b-a62f-dce2bca5d56b/element/00000000-0000-0042-0000-009900000004/text] to [GET http://127.0.0.1:8200/session/2fea60ff-cc1e-449a-891a-56c913714252/element/00000000-0000-0042-0000-009900000004/text] with no body
&amp#27;[38;5;32m[AndroidUiautomator2Driver@e3cd (9c0ff67f)]&amp#27;[0m Got response with status 200: {"sessionId":"2fea60ff-cc1e-449a-891a-56c913714252","value":"overcast clouds"}
&amp#27;[38;5;32m[AndroidUiautomator2Driver@e3cd (9c0ff67f)]&amp#27;[0m Replacing sessionId 2fea60ff-cc1e-449a-891a-56c913714252 with 9c0ff67f-6efc-443b-a62f-dce2bca5d56b
&amp#27;[38;5;0m[HTTP]&amp#27;[0m &amp#27;[37m<-- GET /session/9c0ff67f-6efc-443b-a62f-dce2bca5d56b/element/00000000-0000-0042-0000-009900000004/text &amp#27;[39m&amp#27;[32m200&amp#27;[39m &amp#27;[90m8 ms - 78&amp#27;[39m
&amp#27;[38;5;0m[HTTP]&amp#27;[0m &amp#27;[90m&amp#27;[39m
&amp#27;[38;5;0m[HTTP]&amp#27;[0m &amp#27;[37m-->&amp#27;[39m &amp#27;[37mGET&amp#27;[39m &amp#27;[37m/session/9c0ff67f-6efc-443b-a62f-dce2bca5d56b/element/00000000-0000-0042-0000-009d00000004/text&amp#27;[39m
&amp#27;[38;5;0m[HTTP]&amp#27;[0m &amp#27;[90m{}&amp#27;[39m
&amp#27;[38;5;32m[AndroidUiautomator2Driver@e3cd (9c0ff67f)]&amp#27;[0m Driver proxy active, passing request on via HTTP proxy
&amp#27;[38;5;32m[AndroidUiautomator2Driver@e3cd (9c0ff67f)]&amp#27;[0m Matched '/session/9c0ff67f-6efc-443b-a62f-dce2bca5d56b/element/00000000-0000-0042-0000-009d00000004/text' to command name 'getText'
&amp#27;[38;5;32m[AndroidUiautomator2Driver@e3cd (9c0ff67f)]&amp#27;[0m Proxying [GET /session/9c0ff67f-6efc-443b-a62f-dce2bca5d56b/element/00000000-0000-0042-0000-009d00000004/text] to [GET http://127.0.0.1:8200/session/2fea60ff-cc1e-449a-891a-56c913714252/element/00000000-0000-0042-0000-009d00000004/text] with no body
&amp#27;[38;5;32m[AndroidUiautomator2Driver@e3cd (9c0ff67f)]&amp#27;[0m Got response with status 200: {"sessionId":"2fea60ff-cc1e-449a-891a-56c913714252","value":"15 Â°C"}
&amp#27;[38;5;32m[AndroidUiautomator2Driver@e3cd (9c0ff67f)]&amp#27;[0m Replacing sessionId 2fea60ff-cc1e-449a-891a-56c913714252 with 9c0ff67f-6efc-443b-a62f-dce2bca5d56b
&amp#27;[38;5;0m[HTTP]&amp#27;[0m &amp#27;[37m<-- GET /session/9c0ff67f-6efc-443b-a62f-dce2bca5d56b/element/00000000-0000-0042-0000-009d00000004/text &amp#27;[39m&amp#27;[32m200&amp#27;[39m &amp#27;[90m8 ms - 69&amp#27;[39m
&amp#27;[38;5;0m[HTTP]&amp#27;[0m &amp#27;[90m&amp#27;[39m
&amp#27;[38;5;0m[HTTP]&amp#27;[0m &amp#27;[37m-->&amp#27;[39m &amp#27;[37mGET&amp#27;[39m &amp#27;[37m/session/9c0ff67f-6efc-443b-a62f-dce2bca5d56b/element/00000000-0000-0042-0000-009f00000004/text&amp#27;[39m
&amp#27;[38;5;0m[HTTP]&amp#27;[0m &amp#27;[90m{}&amp#27;[39m
&amp#27;[38;5;32m[AndroidUiautomator2Driver@e3cd (9c0ff67f)]&amp#27;[0m Driver proxy active, passing request on via HTTP proxy
&amp#27;[38;5;32m[AndroidUiautomator2Driver@e3cd (9c0ff67f)]&amp#27;[0m Matched '/session/9c0ff67f-6efc-443b-a62f-dce2bca5d56b/element/00000000-0000-0042-0000-009f00000004/text' to command name 'getText'
&amp#27;[38;5;32m[AndroidUiautomator2Driver@e3cd (9c0ff67f)]&amp#27;[0m Proxying [GET /session/9c0ff67f-6efc-443b-a62f-dce2bca5d56b/element/00000000-0000-0042-0000-009f00000004/text] to [GET http://127.0.0.1:8200/session/2fea60ff-cc1e-449a-891a-56c913714252/element/00000000-0000-0042-0000-009f00000004/text] with no body
&amp#27;[38;5;32m[AndroidUiautomator2Driver@e3cd (9c0ff67f)]&amp#27;[0m Got response with status 200: {"sessionId":"2fea60ff-cc1e-449a-891a-56c913714252","value":"04:00"}
&amp#27;[38;5;32m[AndroidUiautomator2Driver@e3cd (9c0ff67f)]&amp#27;[0m Replacing sessionId 2fea60ff-cc1e-449a-891a-56c913714252 with 9c0ff67f-6efc-443b-a62f-dce2bca5d56b
&amp#27;[38;5;0m[HTTP]&amp#27;[0m &amp#27;[37m<-- GET /session/9c0ff67f-6efc-443b-a62f-dce2bca5d56b/element/00000000-0000-0042-0000-009f00000004/text &amp#27;[39m&amp#27;[32m200&amp#27;[39m &amp#27;[90m9 ms - 68&amp#27;[39m
&amp#27;[38;5;0m[HTTP]&amp#27;[0m &amp#27;[90m&amp#27;[39m
&amp#27;[38;5;0m[HTTP]&amp#27;[0m &amp#27;[37m-->&amp#27;[39m &amp#27;[37mGET&amp#27;[39m &amp#27;[37m/session/9c0ff67f-6efc-443b-a62f-dce2bca5d56b/element/00000000-0000-0042-0000-00a100000004/text&amp#27;[39m
&amp#27;[38;5;0m[HTTP]&amp#27;[0m &amp#27;[90m{}&amp#27;[39m
&amp#27;[38;5;32m[AndroidUiautomator2Driver@e3cd (9c0ff67f)]&amp#27;[0m Driver proxy active, passing request on via HTTP proxy
&amp#27;[38;5;32m[AndroidUiautomator2Driver@e3cd (9c0ff67f)]&amp#27;[0m Matched '/session/9c0ff67f-6efc-443b-a62f-dce2bca5d56b/element/00000000-0000-0042-0000-00a100000004/text' to command name 'getText'
&amp#27;[38;5;32m[AndroidUiautomator2Driver@e3cd (9c0ff67f)]&amp#27;[0m Proxying [GET /session/9c0ff67f-6efc-443b-a62f-dce2bca5d56b/element/00000000-0000-0042-0000-00a100000004/text] to [GET http://127.0.0.1:8200/session/2fea60ff-cc1e-449a-891a-56c913714252/element/00000000-0000-0042-0000-00a100000004/text] with no body
&amp#27;[38;5;32m[AndroidUiautomator2Driver@e3cd (9c0ff67f)]&amp#27;[0m Got response with status 200: {"sessionId":"2fea60ff-cc1e-449a-891a-56c913714252","value":"overcast clouds"}
&amp#27;[38;5;32m[AndroidUiautomator2Driver@e3cd (9c0ff67f)]&amp#27;[0m Replacing sessionId 2fea60ff-cc1e-449a-891a-56c913714252 with 9c0ff67f-6efc-443b-a62f-dce2bca5d56b
&amp#27;[38;5;0m[HTTP]&amp#27;[0m &amp#27;[37m<-- GET /session/9c0ff67f-6efc-443b-a62f-dce2bca5d56b/element/00000000-0000-0042-0000-00a100000004/text &amp#27;[39m&amp#27;[32m200&amp#27;[39m &amp#27;[90m9 ms - 78&amp#27;[39m
&amp#27;[38;5;0m[HTTP]&amp#27;[0m &amp#27;[90m&amp#27;[39m
&amp#27;[38;5;0m[HTTP]&amp#27;[0m &amp#27;[37m-->&amp#27;[39m &amp#27;[37mGET&amp#27;[39m &amp#27;[37m/session/9c0ff67f-6efc-443b-a62f-dce2bca5d56b/element/00000000-0000-0042-0000-00a300000004/text&amp#27;[39m
&amp#27;[38;5;0m[HTTP]&amp#27;[0m &amp#27;[90m{}&amp#27;[39m
&amp#27;[38;5;32m[AndroidUiautomator2Driver@e3cd (9c0ff67f)]&amp#27;[0m Driver proxy active, passing request on via HTTP proxy
&amp#27;[38;5;32m[AndroidUiautomator2Driver@e3cd (9c0ff67f)]&amp#27;[0m Matched '/session/9c0ff67f-6efc-443b-a62f-dce2bca5d56b/element/00000000-0000-0042-0000-00a300000004/text' to command name 'getText'
&amp#27;[38;5;32m[AndroidUiautomator2Driver@e3cd (9c0ff67f)]&amp#27;[0m Proxying [GET /session/9c0ff67f-6efc-443b-a62f-dce2bca5d56b/element/00000000-0000-0042-0000-00a300000004/text] to [GET http://127.0.0.1:8200/session/2fea60ff-cc1e-449a-891a-56c913714252/element/00000000-0000-0042-0000-00a300000004/text] with no body
&amp#27;[38;5;32m[AndroidUiautomator2Driver@e3cd (9c0ff67f)]&amp#27;[0m Got response with status 200: {"sessionId":"2fea60ff-cc1e-449a-891a-56c913714252","value":"61 %"}
&amp#27;[38;5;32m[AndroidUiautomator2Driver@e3cd (9c0ff67f)]&amp#27;[0m Replacing sessionId 2fea60ff-cc1e-449a-891a-56c913714252 with 9c0ff67f-6efc-443b-a62f-dce2bca5d56b
&amp#27;[38;5;0m[HTTP]&amp#27;[0m &amp#27;[37m<-- GET /session/9c0ff67f-6efc-443b-a62f-dce2bca5d56b/element/00000000-0000-0042-0000-00a300000004/text &amp#27;[39m&amp#27;[32m200&amp#27;[39m &amp#27;[90m9 ms - 67&amp#27;[39m
&amp#27;[38;5;0m[HTTP]&amp#27;[0m &amp#27;[90m&amp#27;[39m
&amp#27;[38;5;0m[HTTP]&amp#27;[0m &amp#27;[37m-->&amp#27;[39m &amp#27;[37mGET&amp#27;[39m &amp#27;[37m/session/9c0ff67f-6efc-443b-a62f-dce2bca5d56b/element/00000000-0000-0042-0000-00a500000004/text&amp#27;[39m
&amp#27;[38;5;0m[HTTP]&amp#27;[0m &amp#27;[90m{}&amp#27;[39m
&amp#27;[38;5;32m[AndroidUiautomator2Driver@e3cd (9c0ff67f)]&amp#27;[0m Driver proxy active, passing request on via HTTP proxy
&amp#27;[38;5;32m[AndroidUiautomator2Driver@e3cd (9c0ff67f)]&amp#27;[0m Matched '/session/9c0ff67f-6efc-443b-a62f-dce2bca5d56b/element/00000000-0000-0042-0000-00a500000004/text' to command name 'getText'
&amp#27;[38;5;32m[AndroidUiautomator2Driver@e3cd (9c0ff67f)]&amp#27;[0m Proxying [GET /session/9c0ff67f-6efc-443b-a62f-dce2bca5d56b/element/00000000-0000-0042-0000-00a500000004/text] to [GET http://127.0.0.1:8200/session/2fea60ff-cc1e-449a-891a-56c913714252/element/00000000-0000-0042-0000-00a500000004/text] with no body
&amp#27;[38;5;32m[AndroidUiautomator2Driver@e3cd (9c0ff67f)]&amp#27;[0m Got response with status 200: {"sessionId":"2fea60ff-cc1e-449a-891a-56c913714252","value":"15 Â°C"}
&amp#27;[38;5;32m[AndroidUiautomator2Driver@e3cd (9c0ff67f)]&amp#27;[0m Replacing sessionId 2fea60ff-cc1e-449a-891a-56c913714252 with 9c0ff67f-6efc-443b-a62f-dce2bca5d56b
&amp#27;[38;5;0m[HTTP]&amp#27;[0m &amp#27;[37m<-- GET /session/9c0ff67f-6efc-443b-a62f-dce2bca5d56b/element/00000000-0000-0042-0000-00a500000004/text &amp#27;[39m&amp#27;[32m200&amp#27;[39m &amp#27;[90m8 ms - 69&amp#27;[39m
&amp#27;[38;5;0m[HTTP]&amp#27;[0m &amp#27;[90m&amp#27;[39m
&amp#27;[38;5;0m[HTTP]&amp#27;[0m &amp#27;[37m-->&amp#27;[39m &amp#27;[37mGET&amp#27;[39m &amp#27;[37m/session/9c0ff67f-6efc-443b-a62f-dce2bca5d56b/element/00000000-0000-0042-0000-00a700000004/text&amp#27;[39m
&amp#27;[38;5;0m[HTTP]&amp#27;[0m &amp#27;[90m{}&amp#27;[39m
&amp#27;[38;5;32m[AndroidUiautomator2Driver@e3cd (9c0ff67f)]&amp#27;[0m Driver proxy active, passing request on via HTTP proxy
&amp#27;[38;5;32m[AndroidUiautomator2Driver@e3cd (9c0ff67f)]&amp#27;[0m Matched '/session/9c0ff67f-6efc-443b-a62f-dce2bca5d56b/element/00000000-0000-0042-0000-00a700000004/text' to command name 'getText'
&amp#27;[38;5;32m[AndroidUiautomator2Driver@e3cd (9c0ff67f)]&amp#27;[0m Proxying [GET /session/9c0ff67f-6efc-443b-a62f-dce2bca5d56b/element/00000000-0000-0042-0000-00a700000004/text] to [GET http://127.0.0.1:8200/session/2fea60ff-cc1e-449a-891a-56c913714252/element/00000000-0000-0042-0000-00a700000004/text] with no body
&amp#27;[38;5;32m[AndroidUiautomator2Driver@e3cd (9c0ff67f)]&amp#27;[0m Got response with status 200: {"sessionId":"2fea60ff-cc1e-449a-891a-56c913714252","value":"05:00"}
&amp#27;[38;5;32m[AndroidUiautomator2Driver@e3cd (9c0ff67f)]&amp#27;[0m Replacing sessionId 2fea60ff-cc1e-449a-891a-56c913714252 with 9c0ff67f-6efc-443b-a62f-dce2bca5d56b
&amp#27;[38;5;0m[HTTP]&amp#27;[0m &amp#27;[37m<-- GET /session/9c0ff67f-6efc-443b-a62f-dce2bca5d56b/element/00000000-0000-0042-0000-00a700000004/text &amp#27;[39m&amp#27;[32m200&amp#27;[39m &amp#27;[90m9 ms - 68&amp#27;[39m
&amp#27;[38;5;0m[HTTP]&amp#27;[0m &amp#27;[90m&amp#27;[39m
&amp#27;[38;5;0m[HTTP]&amp#27;[0m &amp#27;[37m-->&amp#27;[39m &amp#27;[37mGET&amp#27;[39m &amp#27;[37m/session/9c0ff67f-6efc-443b-a62f-dce2bca5d56b/element/00000000-0000-0042-0000-00a900000004/text&amp#27;[39m
&amp#27;[38;5;0m[HTTP]&amp#27;[0m &amp#27;[90m{}&amp#27;[39m
&amp#27;[38;5;32m[AndroidUiautomator2Driver@e3cd (9c0ff67f)]&amp#27;[0m Driver proxy active, passing request on via HTTP proxy
&amp#27;[38;5;32m[AndroidUiautomator2Driver@e3cd (9c0ff67f)]&amp#27;[0m Matched '/session/9c0ff67f-6efc-443b-a62f-dce2bca5d56b/element/00000000-0000-0042-0000-00a900000004/text' to command name 'getText'
&amp#27;[38;5;32m[AndroidUiautomator2Driver@e3cd (9c0ff67f)]&amp#27;[0m Proxying [GET /session/9c0ff67f-6efc-443b-a62f-dce2bca5d56b/element/00000000-0000-0042-0000-00a900000004/text] to [GET http://127.0.0.1:8200/session/2fea60ff-cc1e-449a-891a-56c913714252/element/00000000-0000-0042-0000-00a900000004/text] with no body
&amp#27;[38;5;32m[AndroidUiautomator2Driver@e3cd (9c0ff67f)]&amp#27;[0m Got response with status 200: {"sessionId":"2fea60ff-cc1e-449a-891a-56c913714252","value":"overcast clouds"}
&amp#27;[38;5;32m[AndroidUiautomator2Driver@e3cd (9c0ff67f)]&amp#27;[0m Replacing sessionId 2fea60ff-cc1e-449a-891a-56c913714252 with 9c0ff67f-6efc-443b-a62f-dce2bca5d56b
&amp#27;[38;5;0m[HTTP]&amp#27;[0m &amp#27;[37m<-- GET /session/9c0ff67f-6efc-443b-a62f-dce2bca5d56b/element/00000000-0000-0042-0000-00a900000004/text &amp#27;[39m&amp#27;[32m200&amp#27;[39m &amp#27;[90m9 ms - 78&amp#27;[39m
&amp#27;[38;5;0m[HTTP]&amp#27;[0m &amp#27;[90m&amp#27;[39m
&amp#27;[38;5;0m[HTTP]&amp#27;[0m &amp#27;[37m-->&amp#27;[39m &amp#27;[37mGET&amp#27;[39m &amp#27;[37m/session/9c0ff67f-6efc-443b-a62f-dce2bca5d56b/element/00000000-0000-0042-0000-00ab00000004/text&amp#27;[39m
&amp#27;[38;5;0m[HTTP]&amp#27;[0m &amp#27;[90m{}&amp#27;[39m
&amp#27;[38;5;32m[AndroidUiautomator2Driver@e3cd (9c0ff67f)]&amp#27;[0m Driver proxy active, passing request on via HTTP proxy
&amp#27;[38;5;32m[AndroidUiautomator2Driver@e3cd (9c0ff67f)]&amp#27;[0m Matched '/session/9c0ff67f-6efc-443b-a62f-dce2bca5d56b/element/00000000-0000-0042-0000-00ab00000004/text' to command name 'getText'
&amp#27;[38;5;32m[AndroidUiautomator2Driver@e3cd (9c0ff67f)]&amp#27;[0m Proxying [GET /session/9c0ff67f-6efc-443b-a62f-dce2bca5d56b/element/00000000-0000-0042-0000-00ab00000004/text] to [GET http://127.0.0.1:8200/session/2fea60ff-cc1e-449a-891a-56c913714252/element/00000000-0000-0042-0000-00ab00000004/text] with no body
&amp#27;[38;5;32m[AndroidUiautomator2Driver@e3cd (9c0ff67f)]&amp#27;[0m Got response with status 200: {"sessionId":"2fea60ff-cc1e-449a-891a-56c913714252","value":"61 %"}
&amp#27;[38;5;32m[AndroidUiautomator2Driver@e3cd (9c0ff67f)]&amp#27;[0m Replacing sessionId 2fea60ff-cc1e-449a-891a-56c913714252 with 9c0ff67f-6efc-443b-a62f-dce2bca5d56b
&amp#27;[38;5;0m[HTTP]&amp#27;[0m &amp#27;[37m<-- GET /session/9c0ff67f-6efc-443b-a62f-dce2bca5d56b/element/00000000-0000-0042-0000-00ab00000004/text &amp#27;[39m&amp#27;[32m200&amp#27;[39m &amp#27;[90m9 ms - 67&amp#27;[39m
&amp#27;[38;5;0m[HTTP]&amp#27;[0m &amp#27;[90m&amp#27;[39m
&amp#27;[38;5;0m[HTTP]&amp#27;[0m &amp#27;[37m-->&amp#27;[39m &amp#27;[37mGET&amp#27;[39m &amp#27;[37m/session/9c0ff67f-6efc-443b-a62f-dce2bca5d56b/element/00000000-0000-0042-0000-00ad00000004/text&amp#27;[39m
&amp#27;[38;5;0m[HTTP]&amp#27;[0m &amp#27;[90m{}&amp#27;[39m
&amp#27;[38;5;32m[AndroidUiautomator2Driver@e3cd (9c0ff67f)]&amp#27;[0m Driver proxy active, passing request on via HTTP proxy
&amp#27;[38;5;32m[AndroidUiautomator2Driver@e3cd (9c0ff67f)]&amp#27;[0m Matched '/session/9c0ff67f-6efc-443b-a62f-dce2bca5d56b/element/00000000-0000-0042-0000-00ad00000004/text' to command name 'getText'
&amp#27;[38;5;32m[AndroidUiautomator2Driver@e3cd (9c0ff67f)]&amp#27;[0m Proxying [GET /session/9c0ff67f-6efc-443b-a62f-dce2bca5d56b/element/00000000-0000-0042-0000-00ad00000004/text] to [GET http://127.0.0.1:8200/session/2fea60ff-cc1e-449a-891a-56c913714252/element/00000000-0000-0042-0000-00ad00000004/text] with no body
&amp#27;[38;5;32m[AndroidUiautomator2Driver@e3cd (9c0ff67f)]&amp#27;[0m Got response with status 200: {"sessionId":"2fea60ff-cc1e-449a-891a-56c913714252","value":"15 Â°C"}
&amp#27;[38;5;32m[AndroidUiautomator2Driver@e3cd (9c0ff67f)]&amp#27;[0m Replacing sessionId 2fea60ff-cc1e-449a-891a-56c913714252 with 9c0ff67f-6efc-443b-a62f-dce2bca5d56b
&amp#27;[38;5;0m[HTTP]&amp#27;[0m &amp#27;[37m<-- GET /session/9c0ff67f-6efc-443b-a62f-dce2bca5d56b/element/00000000-0000-0042-0000-00ad00000004/text &amp#27;[39m&amp#27;[32m200&amp#27;[39m &amp#27;[90m9 ms - 69&amp#27;[39m
&amp#27;[38;5;0m[HTTP]&amp#27;[0m &amp#27;[90m&amp#27;[39m
&amp#27;[38;5;0m[HTTP]&amp#27;[0m &amp#27;[37m-->&amp#27;[39m &amp#27;[37mGET&amp#27;[39m &amp#27;[37m/session/9c0ff67f-6efc-443b-a62f-dce2bca5d56b/element/00000000-0000-0042-0000-00af00000004/text&amp#27;[39m
&amp#27;[38;5;0m[HTTP]&amp#27;[0m &amp#27;[90m{}&amp#27;[39m
&amp#27;[38;5;32m[AndroidUiautomator2Driver@e3cd (9c0ff67f)]&amp#27;[0m Driver proxy active, passing request on via HTTP proxy
&amp#27;[38;5;32m[AndroidUiautomator2Driver@e3cd (9c0ff67f)]&amp#27;[0m Matched '/session/9c0ff67f-6efc-443b-a62f-dce2bca5d56b/element/00000000-0000-0042-0000-00af00000004/text' to command name 'getText'
&amp#27;[38;5;32m[AndroidUiautomator2Driver@e3cd (9c0ff67f)]&amp#27;[0m Proxying [GET /session/9c0ff67f-6efc-443b-a62f-dce2bca5d56b/element/00000000-0000-0042-0000-00af00000004/text] to [GET http://127.0.0.1:8200/session/2fea60ff-cc1e-449a-891a-56c913714252/element/00000000-0000-0042-0000-00af00000004/text] with no body
&amp#27;[38;5;32m[AndroidUiautomator2Driver@e3cd (9c0ff67f)]&amp#27;[0m Got response with status 200: {"sessionId":"2fea60ff-cc1e-449a-891a-56c913714252","value":"06:00"}
&amp#27;[38;5;32m[AndroidUiautomator2Driver@e3cd (9c0ff67f)]&amp#27;[0m Replacing sessionId 2fea60ff-cc1e-449a-891a-56c913714252 with 9c0ff67f-6efc-443b-a62f-dce2bca5d56b
&amp#27;[38;5;0m[HTTP]&amp#27;[0m &amp#27;[37m<-- GET /session/9c0ff67f-6efc-443b-a62f-dce2bca5d56b/element/00000000-0000-0042-0000-00af00000004/text &amp#27;[39m&amp#27;[32m200&amp#27;[39m &amp#27;[90m9 ms - 68&amp#27;[39m
&amp#27;[38;5;0m[HTTP]&amp#27;[0m &amp#27;[90m&amp#27;[39m
&amp#27;[38;5;0m[HTTP]&amp#27;[0m &amp#27;[37m-->&amp#27;[39m &amp#27;[37mGET&amp#27;[39m &amp#27;[37m/session/9c0ff67f-6efc-443b-a62f-dce2bca5d56b/element/00000000-0000-0042-0000-00b100000004/text&amp#27;[39m
&amp#27;[38;5;0m[HTTP]&amp#27;[0m &amp#27;[90m{}&amp#27;[39m
&amp#27;[38;5;32m[AndroidUiautomator2Driver@e3cd (9c0ff67f)]&amp#27;[0m Driver proxy active, passing request on via HTTP proxy
&amp#27;[38;5;32m[AndroidUiautomator2Driver@e3cd (9c0ff67f)]&amp#27;[0m Matched '/session/9c0ff67f-6efc-443b-a62f-dce2bca5d56b/element/00000000-0000-0042-0000-00b100000004/text' to command name 'getText'
&amp#27;[38;5;32m[AndroidUiautomator2Driver@e3cd (9c0ff67f)]&amp#27;[0m Proxying [GET /session/9c0ff67f-6efc-443b-a62f-dce2bca5d56b/element/00000000-0000-0042-0000-00b100000004/text] to [GET http://127.0.0.1:8200/session/2fea60ff-cc1e-449a-891a-56c913714252/element/00000000-0000-0042-0000-00b100000004/text] with no body
&amp#27;[38;5;32m[AndroidUiautomator2Driver@e3cd (9c0ff67f)]&amp#27;[0m Got response with status 200: {"sessionId":"2fea60ff-cc1e-449a-891a-56c913714252","value":"overcast clouds"}
&amp#27;[38;5;32m[AndroidUiautomator2Driver@e3cd (9c0ff67f)]&amp#27;[0m Replacing sessionId 2fea60ff-cc1e-449a-891a-56c913714252 with 9c0ff67f-6efc-443b-a62f-dce2bca5d56b
&amp#27;[38;5;0m[HTTP]&amp#27;[0m &amp#27;[37m<-- GET /session/9c0ff67f-6efc-443b-a62f-dce2bca5d56b/element/00000000-0000-0042-0000-00b100000004/text &amp#27;[39m&amp#27;[32m200&amp#27;[39m &amp#27;[90m9 ms - 78&amp#27;[39m
&amp#27;[38;5;0m[HTTP]&amp#27;[0m &amp#27;[90m&amp#27;[39m
&amp#27;[38;5;0m[HTTP]&amp#27;[0m &amp#27;[37m-->&amp#27;[39m &amp#27;[37mGET&amp#27;[39m &amp#27;[37m/session/9c0ff67f-6efc-443b-a62f-dce2bca5d56b/element/00000000-0000-0042-0000-00b300000004/text&amp#27;[39m
&amp#27;[38;5;0m[HTTP]&amp#27;[0m &amp#27;[90m{}&amp#27;[39m
&amp#27;[38;5;32m[AndroidUiautomator2Driver@e3cd (9c0ff67f)]&amp#27;[0m Driver proxy active, passing request on via HTTP proxy
&amp#27;[38;5;32m[AndroidUiautomator2Driver@e3cd (9c0ff67f)]&amp#27;[0m Matched '/session/9c0ff67f-6efc-443b-a62f-dce2bca5d56b/element/00000000-0000-0042-0000-00b300000004/text' to command name 'getText'
&amp#27;[38;5;32m[AndroidUiautomator2Driver@e3cd (9c0ff67f)]&amp#27;[0m Proxying [GET /session/9c0ff67f-6efc-443b-a62f-dce2bca5d56b/element/00000000-0000-0042-0000-00b300000004/text] to [GET http://127.0.0.1:8200/session/2fea60ff-cc1e-449a-891a-56c913714252/element/00000000-0000-0042-0000-00b300000004/text] with no body
&amp#27;[38;5;32m[AndroidUiautomator2Driver@e3cd (9c0ff67f)]&amp#27;[0m Got response with status 200: {"sessionId":"2fea60ff-cc1e-449a-891a-56c913714252","value":"64 %"}
&amp#27;[38;5;32m[AndroidUiautomator2Driver@e3cd (9c0ff67f)]&amp#27;[0m Replacing sessionId 2fea60ff-cc1e-449a-891a-56c913714252 with 9c0ff67f-6efc-443b-a62f-dce2bca5d56b
&amp#27;[38;5;0m[HTTP]&amp#27;[0m &amp#27;[37m<-- GET /session/9c0ff67f-6efc-443b-a62f-dce2bca5d56b/element/00000000-0000-0042-0000-00b300000004/text &amp#27;[39m&amp#27;[32m200&amp#27;[39m &amp#27;[90m9 ms - 67&amp#27;[39m
&amp#27;[38;5;0m[HTTP]&amp#27;[0m &amp#27;[90m&amp#27;[39m
&amp#27;[38;5;0m[HTTP]&amp#27;[0m &amp#27;[37m-->&amp#27;[39m &amp#27;[37mGET&amp#27;[39m &amp#27;[37m/session/9c0ff67f-6efc-443b-a62f-dce2bca5d56b/element/00000000-0000-0042-0000-00b500000004/text&amp#27;[39m
&amp#27;[38;5;0m[HTTP]&amp#27;[0m &amp#27;[90m{}&amp#27;[39m
&amp#27;[38;5;32m[AndroidUiautomator2Driver@e3cd (9c0ff67f)]&amp#27;[0m Driver proxy active, passing request on via HTTP proxy
&amp#27;[38;5;32m[AndroidUiautomator2Driver@e3cd (9c0ff67f)]&amp#27;[0m Matched '/session/9c0ff67f-6efc-443b-a62f-dce2bca5d56b/element/00000000-0000-0042-0000-00b500000004/text' to command name 'getText'
&amp#27;[38;5;32m[AndroidUiautomator2Driver@e3cd (9c0ff67f)]&amp#27;[0m Proxying [GET /session/9c0ff67f-6efc-443b-a62f-dce2bca5d56b/element/00000000-0000-0042-0000-00b500000004/text] to [GET http://127.0.0.1:8200/session/2fea60ff-cc1e-449a-891a-56c913714252/element/00000000-0000-0042-0000-00b500000004/text] with no body
&amp#27;[38;5;32m[AndroidUiautomator2Driver@e3cd (9c0ff67f)]&amp#27;[0m Got response with status 200: {"sessionId":"2fea60ff-cc1e-449a-891a-56c913714252","value":"15 Â°C"}
&amp#27;[38;5;32m[AndroidUiautomator2Driver@e3cd (9c0ff67f)]&amp#27;[0m Replacing sessionId 2fea60ff-cc1e-449a-891a-56c913714252 with 9c0ff67f-6efc-443b-a62f-dce2bca5d56b
&amp#27;[38;5;0m[HTTP]&amp#27;[0m &amp#27;[37m<-- GET /session/9c0ff67f-6efc-443b-a62f-dce2bca5d56b/element/00000000-0000-0042-0000-00b500000004/text &amp#27;[39m&amp#27;[32m200&amp#27;[39m &amp#27;[90m9 ms - 69&amp#27;[39m
&amp#27;[38;5;0m[HTTP]&amp#27;[0m &amp#27;[90m&amp#27;[39m
&amp#27;[38;5;0m[HTTP]&amp#27;[0m &amp#27;[37m-->&amp#27;[39m &amp#27;[37mPOST&amp#27;[39m &amp#27;[37m/session/9c0ff67f-6efc-443b-a62f-dce2bca5d56b/execute/sync&amp#27;[39m
&amp#27;[38;5;0m[HTTP]&amp#27;[0m &amp#27;[90m{"script":"mobile: swipeGesture","args":[{"elementId":"00000000-0000-0042-0000-001d00000004","percent":0.4,"speed":320,"direction":"left"}]}&amp#27;[39m
&amp#27;[38;5;32m[AndroidUiautomator2Driver@e3cd (9c0ff67f)]&amp#27;[0m Calling AppiumDriver.execute() with args: ["mobile: swipeGesture",[{"elementId":"00000000-0000-0042-0000-001d00000004","percent":0.4,"speed":320,"direction":"left"}],"9c0ff67f-6efc-443b-a62f-dce2bca5d56b"]
&amp#27;[38;5;32m[AndroidUiautomator2Driver@e3cd (9c0ff67f)]&amp#27;[0m Executing method 'mobile: swipeGesture'
&amp#27;[38;5;32m[AndroidUiautomator2Driver@e3cd (9c0ff67f)]&amp#27;[0m Proxying [POST /appium/gestures/swipe] to [POST http://127.0.0.1:8200/session/2fea60ff-cc1e-449a-891a-56c913714252/appium/gestures/swipe] with body: {"origin":{"ELEMENT":"00000000-0000-0042-0000-001d00000004","element-6066-11e4-a52e-4f735466cecf":"00000000-0000-0042-0000-001d00000004"},"direction":"left","percent":0.4,"speed":320}
&amp#27;[38;5;32m[AndroidUiautomator2Driver@e3cd (9c0ff67f)]&amp#27;[0m Got response with status 200: {"sessionId":"2fea60ff-cc1e-449a-891a-56c913714252","value":null}
&amp#27;[38;5;32m[AndroidUiautomator2Driver@e3cd (9c0ff67f)]&amp#27;[0m Responding to client with driver.execute() result: null
&amp#27;[38;5;0m[HTTP]&amp#27;[0m &amp#27;[37m<-- POST /session/9c0ff67f-6efc-443b-a62f-dce2bca5d56b/execute/sync &amp#27;[39m&amp#27;[32m200&amp#27;[39m &amp#27;[90m1549 ms - 14&amp#27;[39m
&amp#27;[38;5;0m[HTTP]&amp#27;[0m &amp#27;[90m&amp#27;[39m
&amp#27;[38;5;0m[HTTP]&amp#27;[0m &amp#27;[37m-->&amp#27;[39m &amp#27;[37mPOST&amp#27;[39m &amp#27;[37m/session/9c0ff67f-6efc-443b-a62f-dce2bca5d56b/elements&amp#27;[39m
&amp#27;[38;5;0m[HTTP]&amp#27;[0m &amp#27;[90m{"using":"xpath","value":"//android.widget.HorizontalScrollView"}&amp#27;[39m
&amp#27;[38;5;32m[AndroidUiautomator2Driver@e3cd (9c0ff67f)]&amp#27;[0m Calling AppiumDriver.findElements() with args: ["xpath","//android.widget.HorizontalScrollView","9c0ff67f-6efc-443b-a62f-dce2bca5d56b"]
&amp#27;[38;5;32m[AndroidUiautomator2Driver@e3cd (9c0ff67f)]&amp#27;[0m Valid locator strategies for this request: xpath, id, class name, accessibility id, css selector, -android uiautomator
&amp#27;[38;5;32m[AndroidUiautomator2Driver@e3cd (9c0ff67f)]&amp#27;[0m Waiting up to 0 ms for condition
&amp#27;[38;5;32m[AndroidUiautomator2Driver@e3cd (9c0ff67f)]&amp#27;[0m Matched '/elements' to command name 'findElements'
&amp#27;[38;5;32m[AndroidUiautomator2Driver@e3cd (9c0ff67f)]&amp#27;[0m Proxying [POST /elements] to [POST http://127.0.0.1:8200/session/2fea60ff-cc1e-449a-891a-56c913714252/elements] with body: {"strategy":"xpath","selector":"//android.widget.HorizontalScrollView","context":"","multiple":true}
&amp#27;[38;5;32m[AndroidUiautomator2Driver@e3cd (9c0ff67f)]&amp#27;[0m Got response with status 200: {"sessionId":"2fea60ff-cc1e-449a-891a-56c913714252","value":[{"ELEMENT":"00000000-0000-0042-0000-001d00000004","element-6066-11e4-a52e-4f735466cecf":"00000000-0000-0042-0000-001d00000004"},{"ELEMENT":"00000000-0000-0042-0000-001e00000004","element-6066-11e4-a52e-4f735466cecf":"00000000-0000-0042-0000-001e00000004"}]}
&amp#27;[38;5;32m[AndroidUiautomator2Driver@e3cd (9c0ff67f)]&amp#27;[0m Responding to client with driver.findElements() result: [{"element-6066-11e4-a52e-4f735466cecf":"00000000-0000-0042-0000-001d00000004","ELEMENT":"00000000-0000-0042-0000-001d00000004"},{"element-6066-11e4-a52e-4f735466cecf":"00000000-0000-0042-0000-001e00000004","ELEMENT":"00000000-0000-0042-0000-001e00000004"}]
&amp#27;[38;5;0m[HTTP]&amp#27;[0m &amp#27;[37m<-- POST /session/9c0ff67f-6efc-443b-a62f-dce2bca5d56b/elements &amp#27;[39m&amp#27;[32m200&amp#27;[39m &amp#27;[90m106 ms - 267&amp#27;[39m
&amp#27;[38;5;0m[HTTP]&amp#27;[0m &amp#27;[90m&amp#27;[39m
&amp#27;[38;5;0m[HTTP]&amp#27;[0m &amp#27;[37m-->&amp#27;[39m &amp#27;[37mPOST&amp#27;[39m &amp#27;[37m/session/9c0ff67f-6efc-443b-a62f-dce2bca5d56b/element/00000000-0000-0042-0000-001d00000004/elements&amp#27;[39m
&amp#27;[38;5;0m[HTTP]&amp#27;[0m &amp#27;[90m{"id":"00000000-0000-0042-0000-001d00000004","using":"xpath","value":"//android.view.View"}&amp#27;[39m
&amp#27;[38;5;32m[AndroidUiautomator2Driver@e3cd (9c0ff67f)]&amp#27;[0m Calling AppiumDriver.findElementsFromElement() with args: ["xpath","//android.view.View","00000000-0000-0042-0000-001d00000004","9c0ff67f-6efc-443b-a62f-dce2bca5d56b"]
&amp#27;[38;5;32m[AndroidUiautomator2Driver@e3cd (9c0ff67f)]&amp#27;[0m Valid locator strategies for this request: xpath, id, class name, accessibility id, css selector, -android uiautomator
&amp#27;[38;5;32m[AndroidUiautomator2Driver@e3cd (9c0ff67f)]&amp#27;[0m Waiting up to 0 ms for condition
&amp#27;[38;5;32m[AndroidUiautomator2Driver@e3cd (9c0ff67f)]&amp#27;[0m Matched '/elements' to command name 'findElements'
&amp#27;[38;5;32m[AndroidUiautomator2Driver@e3cd (9c0ff67f)]&amp#27;[0m Proxying [POST /elements] to [POST http://127.0.0.1:8200/session/2fea60ff-cc1e-449a-891a-56c913714252/elements] with body: {"strategy":"xpath","selector":"//android.view.View","context":"00000000-0000-0042-0000-001d00000004","multiple":true}
&amp#27;[38;5;32m[AndroidUiautomator2Driver@e3cd (9c0ff67f)]&amp#27;[0m Got response with status 200: {"sessionId":"2fea60ff-cc1e-449a-891a-56c913714252","value":[{"ELEMENT":"00000000-0000-0042-0000-009f00000004","element-6066-11e4-a52e-4f735466cecf":"00000000-0000-0042-0000-009f00000004"},{"ELEMENT":"00000000-0000-0042-0000-00a100000004","element-6066-11e4-a52e-4f735466cecf":"00000000-0000-0042-0000-00a100000004"},{"ELEMENT":"00000000-0000-0042-0000-00a700000004","element-6066-11e4-a52e-4f735466cecf":"00000000-0000-0042-0000-00a700000004"},{"ELEMENT":"00000000-0000-0042-0000-00a900000004","element-6066-11e4-a52e-4f735466cecf":"00000000-0000-0042-0000-00a900000004"},{"ELEMENT":"00000000-0000-0042-0000-00ab00000004","element-6066-11e4-a52e-4f735466cecf":"00000000-0000-0042-0000-00ab00000004"},{"ELEMENT":"00000000-0000-0042-0000-00ad00000004","element-6066-11e4-a52e-4f735466cecf":"00000000-0000-0042-0000-00ad00000004"},{"ELEMENT":"00000000-0000-0042-0000-00af00000004","element-6066-11e4-a52e-4f735466cecf":"00000000-0000-0042-0000-00af00000004"},{"ELEMENT":"00000000-0000-0042-0000-00b100000004","element-6066-...
&amp#27;[38;5;32m[AndroidUiautomator2Driver@e3cd (9c0ff67f)]&amp#27;[0m Responding to client with driver.findElementsFromElement() result: [{"element-6066-11e4-a52e-4f735466cecf":"00000000-0000-0042-0000-009f00000004","ELEMENT":"00000000-0000-0042-0000-009f00000004"},{"element-6066-11e4-a52e-4f735466cecf":"00000000-0000-0042-0000-00a100000004","ELEMENT":"00000000-0000-0042-0000-00a100000004"},{"element-6066-11e4-a52e-4f735466cecf":"00000000-0000-0042-0000-00a700000004","ELEMENT":"00000000-0000-0042-0000-00a700000004"},{"element-6066-11e4-a52e-4f735466cecf":"00000000-0000-0042-0000-00a900000004","ELEMENT":"00000000-0000-0042-0000-00a900000004"},{"element-6066-11e4-a52e-4f735466cecf":"00000000-0000-0042-0000-00ab00000004","ELEMENT":"00000000-0000-0042-0000-00ab00000004"},{"element-6066-11e4-a52e-4f735466cecf":"00000000-0000-0042-0000-00ad00000004","ELEMENT":"00000000-0000-0042-0000-00ad00000004"},{"element-6066-11e4-a52e-4f735466cecf":"00000000-0000-0042-0000-00af00000004","ELEMENT":"00000000-0000-0042-0000-00af00000004"},{"element-6066-11e4-a52e-4f735466cecf":"00000000-0000-0042-0000-00b100000004","ELEMENT":"00000000-0000-0042-0000-00b10000000...
&amp#27;[38;5;0m[HTTP]&amp#27;[0m &amp#27;[37m<-- POST /session/9c0ff67f-6efc-443b-a62f-dce2bca5d56b/element/00000000-0000-0042-0000-001d00000004/elements &amp#27;[39m&amp#27;[32m200&amp#27;[39m &amp#27;[90m46 ms - 1803&amp#27;[39m
&amp#27;[38;5;0m[HTTP]&amp#27;[0m &amp#27;[90m&amp#27;[39m
&amp#27;[38;5;0m[HTTP]&amp#27;[0m &amp#27;[37m-->&amp#27;[39m &amp#27;[37mGET&amp#27;[39m &amp#27;[37m/session/9c0ff67f-6efc-443b-a62f-dce2bca5d56b/element/00000000-0000-0042-0000-009f00000004/text&amp#27;[39m
&amp#27;[38;5;0m[HTTP]&amp#27;[0m &amp#27;[90m{}&amp#27;[39m
&amp#27;[38;5;32m[AndroidUiautomator2Driver@e3cd (9c0ff67f)]&amp#27;[0m Driver proxy active, passing request on via HTTP proxy
&amp#27;[38;5;32m[AndroidUiautomator2Driver@e3cd (9c0ff67f)]&amp#27;[0m Matched '/session/9c0ff67f-6efc-443b-a62f-dce2bca5d56b/element/00000000-0000-0042-0000-009f00000004/text' to command name 'getText'
&amp#27;[38;5;32m[AndroidUiautomator2Driver@e3cd (9c0ff67f)]&amp#27;[0m Proxying [GET /session/9c0ff67f-6efc-443b-a62f-dce2bca5d56b/element/00000000-0000-0042-0000-009f00000004/text] to [GET http://127.0.0.1:8200/session/2fea60ff-cc1e-449a-891a-56c913714252/element/00000000-0000-0042-0000-009f00000004/text] with no body
&amp#27;[38;5;32m[AndroidUiautomator2Driver@e3cd (9c0ff67f)]&amp#27;[0m Got response with status 200: {"sessionId":"2fea60ff-cc1e-449a-891a-56c913714252","value":"04:00"}
&amp#27;[38;5;32m[AndroidUiautomator2Driver@e3cd (9c0ff67f)]&amp#27;[0m Replacing sessionId 2fea60ff-cc1e-449a-891a-56c913714252 with 9c0ff67f-6efc-443b-a62f-dce2bca5d56b
&amp#27;[38;5;0m[HTTP]&amp#27;[0m &amp#27;[37m<-- GET /session/9c0ff67f-6efc-443b-a62f-dce2bca5d56b/element/00000000-0000-0042-0000-009f00000004/text &amp#27;[39m&amp#27;[32m200&amp#27;[39m &amp#27;[90m9 ms - 68&amp#27;[39m
&amp#27;[38;5;0m[HTTP]&amp#27;[0m &amp#27;[90m&amp#27;[39m
&amp#27;[38;5;0m[HTTP]&amp#27;[0m &amp#27;[37m-->&amp#27;[39m &amp#27;[37mGET&amp#27;[39m &amp#27;[37m/session/9c0ff67f-6efc-443b-a62f-dce2bca5d56b/element/00000000-0000-0042-0000-00a100000004/text&amp#27;[39m
&amp#27;[38;5;0m[HTTP]&amp#27;[0m &amp#27;[90m{}&amp#27;[39m
&amp#27;[38;5;32m[AndroidUiautomator2Driver@e3cd (9c0ff67f)]&amp#27;[0m Driver proxy active, passing request on via HTTP proxy
&amp#27;[38;5;32m[AndroidUiautomator2Driver@e3cd (9c0ff67f)]&amp#27;[0m Matched '/session/9c0ff67f-6efc-443b-a62f-dce2bca5d56b/element/00000000-0000-0042-0000-00a100000004/text' to command name 'getText'
&amp#27;[38;5;32m[AndroidUiautomator2Driver@e3cd (9c0ff67f)]&amp#27;[0m Proxying [GET /session/9c0ff67f-6efc-443b-a62f-dce2bca5d56b/element/00000000-0000-0042-0000-00a100000004/text] to [GET http://127.0.0.1:8200/session/2fea60ff-cc1e-449a-891a-56c913714252/element/00000000-0000-0042-0000-00a100000004/text] with no body
&amp#27;[38;5;32m[AndroidUiautomator2Driver@e3cd (9c0ff67f)]&amp#27;[0m Got response with status 200: {"sessionId":"2fea60ff-cc1e-449a-891a-56c913714252","value":"overcast clouds"}
&amp#27;[38;5;32m[AndroidUiautomator2Driver@e3cd (9c0ff67f)]&amp#27;[0m Replacing sessionId 2fea60ff-cc1e-449a-891a-56c913714252 with 9c0ff67f-6efc-443b-a62f-dce2bca5d56b
&amp#27;[38;5;0m[HTTP]&amp#27;[0m &amp#27;[37m<-- GET /session/9c0ff67f-6efc-443b-a62f-dce2bca5d56b/element/00000000-0000-0042-0000-00a100000004/text &amp#27;[39m&amp#27;[32m200&amp#27;[39m &amp#27;[90m8 ms - 78&amp#27;[39m
&amp#27;[38;5;0m[HTTP]&amp#27;[0m &amp#27;[90m&amp#27;[39m
&amp#27;[38;5;0m[HTTP]&amp#27;[0m &amp#27;[37m-->&amp#27;[39m &amp#27;[37mGET&amp#27;[39m &amp#27;[37m/session/9c0ff67f-6efc-443b-a62f-dce2bca5d56b/element/00000000-0000-0042-0000-00a700000004/text&amp#27;[39m
&amp#27;[38;5;0m[HTTP]&amp#27;[0m &amp#27;[90m{}&amp#27;[39m
&amp#27;[38;5;32m[AndroidUiautomator2Driver@e3cd (9c0ff67f)]&amp#27;[0m Driver proxy active, passing request on via HTTP proxy
&amp#27;[38;5;32m[AndroidUiautomator2Driver@e3cd (9c0ff67f)]&amp#27;[0m Matched '/session/9c0ff67f-6efc-443b-a62f-dce2bca5d56b/element/00000000-0000-0042-0000-00a700000004/text' to command name 'getText'
&amp#27;[38;5;32m[AndroidUiautomator2Driver@e3cd (9c0ff67f)]&amp#27;[0m Proxying [GET /session/9c0ff67f-6efc-443b-a62f-dce2bca5d56b/element/00000000-0000-0042-0000-00a700000004/text] to [GET http://127.0.0.1:8200/session/2fea60ff-cc1e-449a-891a-56c913714252/element/00000000-0000-0042-0000-00a700000004/text] with no body
&amp#27;[38;5;32m[AndroidUiautomator2Driver@e3cd (9c0ff67f)]&amp#27;[0m Got response with status 200: {"sessionId":"2fea60ff-cc1e-449a-891a-56c913714252","value":"05:00"}
&amp#27;[38;5;32m[AndroidUiautomator2Driver@e3cd (9c0ff67f)]&amp#27;[0m Replacing sessionId 2fea60ff-cc1e-449a-891a-56c913714252 with 9c0ff67f-6efc-443b-a62f-dce2bca5d56b
&amp#27;[38;5;0m[HTTP]&amp#27;[0m &amp#27;[37m<-- GET /session/9c0ff67f-6efc-443b-a62f-dce2bca5d56b/element/00000000-0000-0042-0000-00a700000004/text &amp#27;[39m&amp#27;[32m200&amp#27;[39m &amp#27;[90m9 ms - 68&amp#27;[39m
&amp#27;[38;5;0m[HTTP]&amp#27;[0m &amp#27;[90m&amp#27;[39m
&amp#27;[38;5;0m[HTTP]&amp#27;[0m &amp#27;[37m-->&amp#27;[39m &amp#27;[37mGET&amp#27;[39m &amp#27;[37m/session/9c0ff67f-6efc-443b-a62f-dce2bca5d56b/element/00000000-0000-0042-0000-00a900000004/text&amp#27;[39m
&amp#27;[38;5;0m[HTTP]&amp#27;[0m &amp#27;[90m{}&amp#27;[39m
&amp#27;[38;5;32m[AndroidUiautomator2Driver@e3cd (9c0ff67f)]&amp#27;[0m Driver proxy active, passing request on via HTTP proxy
&amp#27;[38;5;32m[AndroidUiautomator2Driver@e3cd (9c0ff67f)]&amp#27;[0m Matched '/session/9c0ff67f-6efc-443b-a62f-dce2bca5d56b/element/00000000-0000-0042-0000-00a900000004/text' to command name 'getText'
&amp#27;[38;5;32m[AndroidUiautomator2Driver@e3cd (9c0ff67f)]&amp#27;[0m Proxying [GET /session/9c0ff67f-6efc-443b-a62f-dce2bca5d56b/element/00000000-0000-0042-0000-00a900000004/text] to [GET http://127.0.0.1:8200/session/2fea60ff-cc1e-449a-891a-56c913714252/element/00000000-0000-0042-0000-00a900000004/text] with no body
&amp#27;[38;5;32m[AndroidUiautomator2Driver@e3cd (9c0ff67f)]&amp#27;[0m Got response with status 200: {"sessionId":"2fea60ff-cc1e-449a-891a-56c913714252","value":"overcast clouds"}
&amp#27;[38;5;32m[AndroidUiautomator2Driver@e3cd (9c0ff67f)]&amp#27;[0m Replacing sessionId 2fea60ff-cc1e-449a-891a-56c913714252 with 9c0ff67f-6efc-443b-a62f-dce2bca5d56b
&amp#27;[38;5;0m[HTTP]&amp#27;[0m &amp#27;[37m<-- GET /session/9c0ff67f-6efc-443b-a62f-dce2bca5d56b/element/00000000-0000-0042-0000-00a900000004/text &amp#27;[39m&amp#27;[32m200&amp#27;[39m &amp#27;[90m8 ms - 78&amp#27;[39m
&amp#27;[38;5;0m[HTTP]&amp#27;[0m &amp#27;[90m&amp#27;[39m
&amp#27;[38;5;0m[HTTP]&amp#27;[0m &amp#27;[37m-->&amp#27;[39m &amp#27;[37mGET&amp#27;[39m &amp#27;[37m/session/9c0ff67f-6efc-443b-a62f-dce2bca5d56b/element/00000000-0000-0042-0000-00ab00000004/text&amp#27;[39m
&amp#27;[38;5;0m[HTTP]&amp#27;[0m &amp#27;[90m{}&amp#27;[39m
&amp#27;[38;5;32m[AndroidUiautomator2Driver@e3cd (9c0ff67f)]&amp#27;[0m Driver proxy active, passing request on via HTTP proxy
&amp#27;[38;5;32m[AndroidUiautomator2Driver@e3cd (9c0ff67f)]&amp#27;[0m Matched '/session/9c0ff67f-6efc-443b-a62f-dce2bca5d56b/element/00000000-0000-0042-0000-00ab00000004/text' to command name 'getText'
&amp#27;[38;5;32m[AndroidUiautomator2Driver@e3cd (9c0ff67f)]&amp#27;[0m Proxying [GET /session/9c0ff67f-6efc-443b-a62f-dce2bca5d56b/element/00000000-0000-0042-0000-00ab00000004/text] to [GET http://127.0.0.1:8200/session/2fea60ff-cc1e-449a-891a-56c913714252/element/00000000-0000-0042-0000-00ab00000004/text] with no body
&amp#27;[38;5;32m[AndroidUiautomator2Driver@e3cd (9c0ff67f)]&amp#27;[0m Got response with status 200: {"sessionId":"2fea60ff-cc1e-449a-891a-56c913714252","value":"61 %"}
&amp#27;[38;5;32m[AndroidUiautomator2Driver@e3cd (9c0ff67f)]&amp#27;[0m Replacing sessionId 2fea60ff-cc1e-449a-891a-56c913714252 with 9c0ff67f-6efc-443b-a62f-dce2bca5d56b
&amp#27;[38;5;0m[HTTP]&amp#27;[0m &amp#27;[37m<-- GET /session/9c0ff67f-6efc-443b-a62f-dce2bca5d56b/element/00000000-0000-0042-0000-00ab00000004/text &amp#27;[39m&amp#27;[32m200&amp#27;[39m &amp#27;[90m8 ms - 67&amp#27;[39m
&amp#27;[38;5;0m[HTTP]&amp#27;[0m &amp#27;[90m&amp#27;[39m
&amp#27;[38;5;0m[HTTP]&amp#27;[0m &amp#27;[37m-->&amp#27;[39m &amp#27;[37mGET&amp#27;[39m &amp#27;[37m/session/9c0ff67f-6efc-443b-a62f-dce2bca5d56b/element/00000000-0000-0042-0000-00ad00000004/text&amp#27;[39m
&amp#27;[38;5;0m[HTTP]&amp#27;[0m &amp#27;[90m{}&amp#27;[39m
&amp#27;[38;5;32m[AndroidUiautomator2Driver@e3cd (9c0ff67f)]&amp#27;[0m Driver proxy active, passing request on via HTTP proxy
&amp#27;[38;5;32m[AndroidUiautomator2Driver@e3cd (9c0ff67f)]&amp#27;[0m Matched '/session/9c0ff67f-6efc-443b-a62f-dce2bca5d56b/element/00000000-0000-0042-0000-00ad00000004/text' to command name 'getText'
&amp#27;[38;5;32m[AndroidUiautomator2Driver@e3cd (9c0ff67f)]&amp#27;[0m Proxying [GET /session/9c0ff67f-6efc-443b-a62f-dce2bca5d56b/element/00000000-0000-0042-0000-00ad00000004/text] to [GET http://127.0.0.1:8200/session/2fea60ff-cc1e-449a-891a-56c913714252/element/00000000-0000-0042-0000-00ad00000004/text] with no body
&amp#27;[38;5;32m[AndroidUiautomator2Driver@e3cd (9c0ff67f)]&amp#27;[0m Got response with status 200: {"sessionId":"2fea60ff-cc1e-449a-891a-56c913714252","value":"15 Â°C"}
&amp#27;[38;5;32m[AndroidUiautomator2Driver@e3cd (9c0ff67f)]&amp#27;[0m Replacing sessionId 2fea60ff-cc1e-449a-891a-56c913714252 with 9c0ff67f-6efc-443b-a62f-dce2bca5d56b
&amp#27;[38;5;0m[HTTP]&amp#27;[0m &amp#27;[37m<-- GET /session/9c0ff67f-6efc-443b-a62f-dce2bca5d56b/element/00000000-0000-0042-0000-00ad00000004/text &amp#27;[39m&amp#27;[32m200&amp#27;[39m &amp#27;[90m8 ms - 69&amp#27;[39m
&amp#27;[38;5;0m[HTTP]&amp#27;[0m &amp#27;[90m&amp#27;[39m
&amp#27;[38;5;0m[HTTP]&amp#27;[0m &amp#27;[37m-->&amp#27;[39m &amp#27;[37mGET&amp#27;[39m &amp#27;[37m/session/9c0ff67f-6efc-443b-a62f-dce2bca5d56b/element/00000000-0000-0042-0000-00af00000004/text&amp#27;[39m
&amp#27;[38;5;0m[HTTP]&amp#27;[0m &amp#27;[90m{}&amp#27;[39m
&amp#27;[38;5;32m[AndroidUiautomator2Driver@e3cd (9c0ff67f)]&amp#27;[0m Driver proxy active, passing request on via HTTP proxy
&amp#27;[38;5;32m[AndroidUiautomator2Driver@e3cd (9c0ff67f)]&amp#27;[0m Matched '/session/9c0ff67f-6efc-443b-a62f-dce2bca5d56b/element/00000000-0000-0042-0000-00af00000004/text' to command name 'getText'
&amp#27;[38;5;32m[AndroidUiautomator2Driver@e3cd (9c0ff67f)]&amp#27;[0m Proxying [GET /session/9c0ff67f-6efc-443b-a62f-dce2bca5d56b/element/00000000-0000-0042-0000-00af00000004/text] to [GET http://127.0.0.1:8200/session/2fea60ff-cc1e-449a-891a-56c913714252/element/00000000-0000-0042-0000-00af00000004/text] with no body
&amp#27;[38;5;32m[AndroidUiautomator2Driver@e3cd (9c0ff67f)]&amp#27;[0m Got response with status 200: {"sessionId":"2fea60ff-cc1e-449a-891a-56c913714252","value":"06:00"}
&amp#27;[38;5;32m[AndroidUiautomator2Driver@e3cd (9c0ff67f)]&amp#27;[0m Replacing sessionId 2fea60ff-cc1e-449a-891a-56c913714252 with 9c0ff67f-6efc-443b-a62f-dce2bca5d56b
&amp#27;[38;5;0m[HTTP]&amp#27;[0m &amp#27;[37m<-- GET /session/9c0ff67f-6efc-443b-a62f-dce2bca5d56b/element/00000000-0000-0042-0000-00af00000004/text &amp#27;[39m&amp#27;[32m200&amp#27;[39m &amp#27;[90m9 ms - 68&amp#27;[39m
&amp#27;[38;5;0m[HTTP]&amp#27;[0m &amp#27;[90m&amp#27;[39m
&amp#27;[38;5;0m[HTTP]&amp#27;[0m &amp#27;[37m-->&amp#27;[39m &amp#27;[37mGET&amp#27;[39m &amp#27;[37m/session/9c0ff67f-6efc-443b-a62f-dce2bca5d56b/element/00000000-0000-0042-0000-00b100000004/text&amp#27;[39m
&amp#27;[38;5;0m[HTTP]&amp#27;[0m &amp#27;[90m{}&amp#27;[39m
&amp#27;[38;5;32m[AndroidUiautomator2Driver@e3cd (9c0ff67f)]&amp#27;[0m Driver proxy active, passing request on via HTTP proxy
&amp#27;[38;5;32m[AndroidUiautomator2Driver@e3cd (9c0ff67f)]&amp#27;[0m Matched '/session/9c0ff67f-6efc-443b-a62f-dce2bca5d56b/element/00000000-0000-0042-0000-00b100000004/text' to command name 'getText'
&amp#27;[38;5;32m[AndroidUiautomator2Driver@e3cd (9c0ff67f)]&amp#27;[0m Proxying [GET /session/9c0ff67f-6efc-443b-a62f-dce2bca5d56b/element/00000000-0000-0042-0000-00b100000004/text] to [GET http://127.0.0.1:8200/session/2fea60ff-cc1e-449a-891a-56c913714252/element/00000000-0000-0042-0000-00b100000004/text] with no body
&amp#27;[38;5;32m[AndroidUiautomator2Driver@e3cd (9c0ff67f)]&amp#27;[0m Got response with status 200: {"sessionId":"2fea60ff-cc1e-449a-891a-56c913714252","value":"overcast clouds"}
&amp#27;[38;5;32m[AndroidUiautomator2Driver@e3cd (9c0ff67f)]&amp#27;[0m Replacing sessionId 2fea60ff-cc1e-449a-891a-56c913714252 with 9c0ff67f-6efc-443b-a62f-dce2bca5d56b
&amp#27;[38;5;0m[HTTP]&amp#27;[0m &amp#27;[37m<-- GET /session/9c0ff67f-6efc-443b-a62f-dce2bca5d56b/element/00000000-0000-0042-0000-00b100000004/text &amp#27;[39m&amp#27;[32m200&amp#27;[39m &amp#27;[90m9 ms - 78&amp#27;[39m
&amp#27;[38;5;0m[HTTP]&amp#27;[0m &amp#27;[90m&amp#27;[39m
&amp#27;[38;5;0m[HTTP]&amp#27;[0m &amp#27;[37m-->&amp#27;[39m &amp#27;[37mGET&amp#27;[39m &amp#27;[37m/session/9c0ff67f-6efc-443b-a62f-dce2bca5d56b/element/00000000-0000-0042-0000-00b300000004/text&amp#27;[39m
&amp#27;[38;5;0m[HTTP]&amp#27;[0m &amp#27;[90m{}&amp#27;[39m
&amp#27;[38;5;32m[AndroidUiautomator2Driver@e3cd (9c0ff67f)]&amp#27;[0m Driver proxy active, passing request on via HTTP proxy
&amp#27;[38;5;32m[AndroidUiautomator2Driver@e3cd (9c0ff67f)]&amp#27;[0m Matched '/session/9c0ff67f-6efc-443b-a62f-dce2bca5d56b/element/00000000-0000-0042-0000-00b300000004/text' to command name 'getText'
&amp#27;[38;5;32m[AndroidUiautomator2Driver@e3cd (9c0ff67f)]&amp#27;[0m Proxying [GET /session/9c0ff67f-6efc-443b-a62f-dce2bca5d56b/element/00000000-0000-0042-0000-00b300000004/text] to [GET http://127.0.0.1:8200/session/2fea60ff-cc1e-449a-891a-56c913714252/element/00000000-0000-0042-0000-00b300000004/text] with no body
&amp#27;[38;5;32m[AndroidUiautomator2Driver@e3cd (9c0ff67f)]&amp#27;[0m Got response with status 200: {"sessionId":"2fea60ff-cc1e-449a-891a-56c913714252","value":"64 %"}
&amp#27;[38;5;32m[AndroidUiautomator2Driver@e3cd (9c0ff67f)]&amp#27;[0m Replacing sessionId 2fea60ff-cc1e-449a-891a-56c913714252 with 9c0ff67f-6efc-443b-a62f-dce2bca5d56b
&amp#27;[38;5;0m[HTTP]&amp#27;[0m &amp#27;[37m<-- GET /session/9c0ff67f-6efc-443b-a62f-dce2bca5d56b/element/00000000-0000-0042-0000-00b300000004/text &amp#27;[39m&amp#27;[32m200&amp#27;[39m &amp#27;[90m9 ms - 67&amp#27;[39m
&amp#27;[38;5;0m[HTTP]&amp#27;[0m &amp#27;[90m&amp#27;[39m
&amp#27;[38;5;0m[HTTP]&amp#27;[0m &amp#27;[37m-->&amp#27;[39m &amp#27;[37mGET&amp#27;[39m &amp#27;[37m/session/9c0ff67f-6efc-443b-a62f-dce2bca5d56b/element/00000000-0000-0042-0000-00b500000004/text&amp#27;[39m
&amp#27;[38;5;0m[HTTP]&amp#27;[0m &amp#27;[90m{}&amp#27;[39m
&amp#27;[38;5;32m[AndroidUiautomator2Driver@e3cd (9c0ff67f)]&amp#27;[0m Driver proxy active, passing request on via HTTP proxy
&amp#27;[38;5;32m[AndroidUiautomator2Driver@e3cd (9c0ff67f)]&amp#27;[0m Matched '/session/9c0ff67f-6efc-443b-a62f-dce2bca5d56b/element/00000000-0000-0042-0000-00b500000004/text' to command name 'getText'
&amp#27;[38;5;32m[AndroidUiautomator2Driver@e3cd (9c0ff67f)]&amp#27;[0m Proxying [GET /session/9c0ff67f-6efc-443b-a62f-dce2bca5d56b/element/00000000-0000-0042-0000-00b500000004/text] to [GET http://127.0.0.1:8200/session/2fea60ff-cc1e-449a-891a-56c913714252/element/00000000-0000-0042-0000-00b500000004/text] with no body
&amp#27;[38;5;32m[AndroidUiautomator2Driver@e3cd (9c0ff67f)]&amp#27;[0m Got response with status 200: {"sessionId":"2fea60ff-cc1e-449a-891a-56c913714252","value":"15 Â°C"}
&amp#27;[38;5;32m[AndroidUiautomator2Driver@e3cd (9c0ff67f)]&amp#27;[0m Replacing sessionId 2fea60ff-cc1e-449a-891a-56c913714252 with 9c0ff67f-6efc-443b-a62f-dce2bca5d56b
&amp#27;[38;5;0m[HTTP]&amp#27;[0m &amp#27;[37m<-- GET /session/9c0ff67f-6efc-443b-a62f-dce2bca5d56b/element/00000000-0000-0042-0000-00b500000004/text &amp#27;[39m&amp#27;[32m200&amp#27;[39m &amp#27;[90m9 ms - 69&amp#27;[39m
&amp#27;[38;5;0m[HTTP]&amp#27;[0m &amp#27;[90m&amp#27;[39m
&amp#27;[38;5;0m[HTTP]&amp#27;[0m &amp#27;[37m-->&amp#27;[39m &amp#27;[37mGET&amp#27;[39m &amp#27;[37m/session/9c0ff67f-6efc-443b-a62f-dce2bca5d56b/element/00000000-0000-0042-0000-00b700000004/text&amp#27;[39m
&amp#27;[38;5;0m[HTTP]&amp#27;[0m &amp#27;[90m{}&amp#27;[39m
&amp#27;[38;5;32m[AndroidUiautomator2Driver@e3cd (9c0ff67f)]&amp#27;[0m Driver proxy active, passing request on via HTTP proxy
&amp#27;[38;5;32m[AndroidUiautomator2Driver@e3cd (9c0ff67f)]&amp#27;[0m Matched '/session/9c0ff67f-6efc-443b-a62f-dce2bca5d56b/element/00000000-0000-0042-0000-00b700000004/text' to command name 'getText'
&amp#27;[38;5;32m[AndroidUiautomator2Driver@e3cd (9c0ff67f)]&amp#27;[0m Proxying [GET /session/9c0ff67f-6efc-443b-a62f-dce2bca5d56b/element/00000000-0000-0042-0000-00b700000004/text] to [GET http://127.0.0.1:8200/session/2fea60ff-cc1e-449a-891a-56c913714252/element/00000000-0000-0042-0000-00b700000004/text] with no body
&amp#27;[38;5;32m[AndroidUiautomator2Driver@e3cd (9c0ff67f)]&amp#27;[0m Got response with status 200: {"sessionId":"2fea60ff-cc1e-449a-891a-56c913714252","value":"07:00"}
&amp#27;[38;5;32m[AndroidUiautomator2Driver@e3cd (9c0ff67f)]&amp#27;[0m Replacing sessionId 2fea60ff-cc1e-449a-891a-56c913714252 with 9c0ff67f-6efc-443b-a62f-dce2bca5d56b
&amp#27;[38;5;0m[HTTP]&amp#27;[0m &amp#27;[37m<-- GET /session/9c0ff67f-6efc-443b-a62f-dce2bca5d56b/element/00000000-0000-0042-0000-00b700000004/text &amp#27;[39m&amp#27;[32m200&amp#27;[39m &amp#27;[90m9 ms - 68&amp#27;[39m
&amp#27;[38;5;0m[HTTP]&amp#27;[0m &amp#27;[90m&amp#27;[39m
&amp#27;[38;5;0m[HTTP]&amp#27;[0m &amp#27;[37m-->&amp#27;[39m &amp#27;[37mGET&amp#27;[39m &amp#27;[37m/session/9c0ff67f-6efc-443b-a62f-dce2bca5d56b/element/00000000-0000-0042-0000-00b900000004/text&amp#27;[39m
&amp#27;[38;5;0m[HTTP]&amp#27;[0m &amp#27;[90m{}&amp#27;[39m
&amp#27;[38;5;32m[AndroidUiautomator2Driver@e3cd (9c0ff67f)]&amp#27;[0m Driver proxy active, passing request on via HTTP proxy
&amp#27;[38;5;32m[AndroidUiautomator2Driver@e3cd (9c0ff67f)]&amp#27;[0m Matched '/session/9c0ff67f-6efc-443b-a62f-dce2bca5d56b/element/00000000-0000-0042-0000-00b900000004/text' to command name 'getText'
&amp#27;[38;5;32m[AndroidUiautomator2Driver@e3cd (9c0ff67f)]&amp#27;[0m Proxying [GET /session/9c0ff67f-6efc-443b-a62f-dce2bca5d56b/element/00000000-0000-0042-0000-00b900000004/text] to [GET http://127.0.0.1:8200/session/2fea60ff-cc1e-449a-891a-56c913714252/element/00000000-0000-0042-0000-00b900000004/text] with no body
&amp#27;[38;5;32m[AndroidUiautomator2Driver@e3cd (9c0ff67f)]&amp#27;[0m Got response with status 200: {"sessionId":"2fea60ff-cc1e-449a-891a-56c913714252","value":"broken clouds"}
&amp#27;[38;5;32m[AndroidUiautomator2Driver@e3cd (9c0ff67f)]&amp#27;[0m Replacing sessionId 2fea60ff-cc1e-449a-891a-56c913714252 with 9c0ff67f-6efc-443b-a62f-dce2bca5d56b
&amp#27;[38;5;0m[HTTP]&amp#27;[0m &amp#27;[37m<-- GET /session/9c0ff67f-6efc-443b-a62f-dce2bca5d56b/element/00000000-0000-0042-0000-00b900000004/text &amp#27;[39m&amp#27;[32m200&amp#27;[39m &amp#27;[90m10 ms - 76&amp#27;[39m
&amp#27;[38;5;0m[HTTP]&amp#27;[0m &amp#27;[90m&amp#27;[39m
&amp#27;[38;5;0m[HTTP]&amp#27;[0m &amp#27;[37m-->&amp#27;[39m &amp#27;[37mGET&amp#27;[39m &amp#27;[37m/session/9c0ff67f-6efc-443b-a62f-dce2bca5d56b/element/00000000-0000-0042-0000-00bb00000004/text&amp#27;[39m
&amp#27;[38;5;0m[HTTP]&amp#27;[0m &amp#27;[90m{}&amp#27;[39m
&amp#27;[38;5;32m[AndroidUiautomator2Driver@e3cd (9c0ff67f)]&amp#27;[0m Driver proxy active, passing request on via HTTP proxy
&amp#27;[38;5;32m[AndroidUiautomator2Driver@e3cd (9c0ff67f)]&amp#27;[0m Matched '/session/9c0ff67f-6efc-443b-a62f-dce2bca5d56b/element/00000000-0000-0042-0000-00bb00000004/text' to command name 'getText'
&amp#27;[38;5;32m[AndroidUiautomator2Driver@e3cd (9c0ff67f)]&amp#27;[0m Proxying [GET /session/9c0ff67f-6efc-443b-a62f-dce2bca5d56b/element/00000000-0000-0042-0000-00bb00000004/text] to [GET http://127.0.0.1:8200/session/2fea60ff-cc1e-449a-891a-56c913714252/element/00000000-0000-0042-0000-00bb00000004/text] with no body
&amp#27;[38;5;32m[AndroidUiautomator2Driver@e3cd (9c0ff67f)]&amp#27;[0m Got response with status 200: {"sessionId":"2fea60ff-cc1e-449a-891a-56c913714252","value":"72 %"}
&amp#27;[38;5;32m[AndroidUiautomator2Driver@e3cd (9c0ff67f)]&amp#27;[0m Replacing sessionId 2fea60ff-cc1e-449a-891a-56c913714252 with 9c0ff67f-6efc-443b-a62f-dce2bca5d56b
&amp#27;[38;5;0m[HTTP]&amp#27;[0m &amp#27;[37m<-- GET /session/9c0ff67f-6efc-443b-a62f-dce2bca5d56b/element/00000000-0000-0042-0000-00bb00000004/text &amp#27;[39m&amp#27;[32m200&amp#27;[39m &amp#27;[90m10 ms - 67&amp#27;[39m
&amp#27;[38;5;0m[HTTP]&amp#27;[0m &amp#27;[90m&amp#27;[39m
&amp#27;[38;5;0m[HTTP]&amp#27;[0m &amp#27;[37m-->&amp#27;[39m &amp#27;[37mGET&amp#27;[39m &amp#27;[37m/session/9c0ff67f-6efc-443b-a62f-dce2bca5d56b/element/00000000-0000-0042-0000-00bd00000004/text&amp#27;[39m
&amp#27;[38;5;0m[HTTP]&amp#27;[0m &amp#27;[90m{}&amp#27;[39m
&amp#27;[38;5;32m[AndroidUiautomator2Driver@e3cd (9c0ff67f)]&amp#27;[0m Driver proxy active, passing request on via HTTP proxy
&amp#27;[38;5;32m[AndroidUiautomator2Driver@e3cd (9c0ff67f)]&amp#27;[0m Matched '/session/9c0ff67f-6efc-443b-a62f-dce2bca5d56b/element/00000000-0000-0042-0000-00bd00000004/text' to command name 'getText'
&amp#27;[38;5;32m[AndroidUiautomator2Driver@e3cd (9c0ff67f)]&amp#27;[0m Proxying [GET /session/9c0ff67f-6efc-443b-a62f-dce2bca5d56b/element/00000000-0000-0042-0000-00bd00000004/text] to [GET http://127.0.0.1:8200/session/2fea60ff-cc1e-449a-891a-56c913714252/element/00000000-0000-0042-0000-00bd00000004/text] with no body
&amp#27;[38;5;32m[AndroidUiautomator2Driver@e3cd (9c0ff67f)]&amp#27;[0m Got response with status 200: {"sessionId":"2fea60ff-cc1e-449a-891a-56c913714252","value":"13 Â°C"}
&amp#27;[38;5;32m[AndroidUiautomator2Driver@e3cd (9c0ff67f)]&amp#27;[0m Replacing sessionId 2fea60ff-cc1e-449a-891a-56c913714252 with 9c0ff67f-6efc-443b-a62f-dce2bca5d56b
&amp#27;[38;5;0m[HTTP]&amp#27;[0m &amp#27;[37m<-- GET /session/9c0ff67f-6efc-443b-a62f-dce2bca5d56b/element/00000000-0000-0042-0000-00bd00000004/text &amp#27;[39m&amp#27;[32m200&amp#27;[39m &amp#27;[90m10 ms - 69&amp#27;[39m
&amp#27;[38;5;0m[HTTP]&amp#27;[0m &amp#27;[90m&amp#27;[39m
&amp#27;[38;5;0m[HTTP]&amp#27;[0m &amp#27;[37m-->&amp#27;[39m &amp#27;[37mPOST&amp#27;[39m &amp#27;[37m/session/9c0ff67f-6efc-443b-a62f-dce2bca5d56b/execute/sync&amp#27;[39m
&amp#27;[38;5;0m[HTTP]&amp#27;[0m &amp#27;[90m{"script":"mobile: swipeGesture","args":[{"elementId":"00000000-0000-0042-0000-001d00000004","percent":0.4,"speed":320,"direction":"left"}]}&amp#27;[39m
&amp#27;[38;5;32m[AndroidUiautomator2Driver@e3cd (9c0ff67f)]&amp#27;[0m Calling AppiumDriver.execute() with args: ["mobile: swipeGesture",[{"elementId":"00000000-0000-0042-0000-001d00000004","percent":0.4,"speed":320,"direction":"left"}],"9c0ff67f-6efc-443b-a62f-dce2bca5d56b"]
&amp#27;[38;5;32m[AndroidUiautomator2Driver@e3cd (9c0ff67f)]&amp#27;[0m Executing method 'mobile: swipeGesture'
&amp#27;[38;5;32m[AndroidUiautomator2Driver@e3cd (9c0ff67f)]&amp#27;[0m Proxying [POST /appium/gestures/swipe] to [POST http://127.0.0.1:8200/session/2fea60ff-cc1e-449a-891a-56c913714252/appium/gestures/swipe] with body: {"origin":{"ELEMENT":"00000000-0000-0042-0000-001d00000004","element-6066-11e4-a52e-4f735466cecf":"00000000-0000-0042-0000-001d00000004"},"direction":"left","percent":0.4,"speed":320}
&amp#27;[38;5;32m[AndroidUiautomator2Driver@e3cd (9c0ff67f)]&amp#27;[0m Got response with status 200: {"sessionId":"2fea60ff-cc1e-449a-891a-56c913714252","value":null}
&amp#27;[38;5;32m[AndroidUiautomator2Driver@e3cd (9c0ff67f)]&amp#27;[0m Responding to client with driver.execute() result: null
&amp#27;[38;5;0m[HTTP]&amp#27;[0m &amp#27;[37m<-- POST /session/9c0ff67f-6efc-443b-a62f-dce2bca5d56b/execute/sync &amp#27;[39m&amp#27;[32m200&amp#27;[39m &amp#27;[90m1562 ms - 14&amp#27;[39m
&amp#27;[38;5;0m[HTTP]&amp#27;[0m &amp#27;[90m&amp#27;[39m
&amp#27;[38;5;0m[HTTP]&amp#27;[0m &amp#27;[37m-->&amp#27;[39m &amp#27;[37mPOST&amp#27;[39m &amp#27;[37m/session/9c0ff67f-6efc-443b-a62f-dce2bca5d56b/elements&amp#27;[39m
&amp#27;[38;5;0m[HTTP]&amp#27;[0m &amp#27;[90m{"using":"xpath","value":"//android.widget.HorizontalScrollView"}&amp#27;[39m
&amp#27;[38;5;32m[AndroidUiautomator2Driver@e3cd (9c0ff67f)]&amp#27;[0m Calling AppiumDriver.findElements() with args: ["xpath","//android.widget.HorizontalScrollView","9c0ff67f-6efc-443b-a62f-dce2bca5d56b"]
&amp#27;[38;5;32m[AndroidUiautomator2Driver@e3cd (9c0ff67f)]&amp#27;[0m Valid locator strategies for this request: xpath, id, class name, accessibility id, css selector, -android uiautomator
&amp#27;[38;5;32m[AndroidUiautomator2Driver@e3cd (9c0ff67f)]&amp#27;[0m Waiting up to 0 ms for condition
&amp#27;[38;5;32m[AndroidUiautomator2Driver@e3cd (9c0ff67f)]&amp#27;[0m Matched '/elements' to command name 'findElements'
&amp#27;[38;5;32m[AndroidUiautomator2Driver@e3cd (9c0ff67f)]&amp#27;[0m Proxying [POST /elements] to [POST http://127.0.0.1:8200/session/2fea60ff-cc1e-449a-891a-56c913714252/elements] with body: {"strategy":"xpath","selector":"//android.widget.HorizontalScrollView","context":"","multiple":true}
&amp#27;[38;5;32m[AndroidUiautomator2Driver@e3cd (9c0ff67f)]&amp#27;[0m Got response with status 200: {"sessionId":"2fea60ff-cc1e-449a-891a-56c913714252","value":[{"ELEMENT":"00000000-0000-0042-0000-001d00000004","element-6066-11e4-a52e-4f735466cecf":"00000000-0000-0042-0000-001d00000004"},{"ELEMENT":"00000000-0000-0042-0000-001e00000004","element-6066-11e4-a52e-4f735466cecf":"00000000-0000-0042-0000-001e00000004"}]}
&amp#27;[38;5;32m[AndroidUiautomator2Driver@e3cd (9c0ff67f)]&amp#27;[0m Responding to client with driver.findElements() result: [{"element-6066-11e4-a52e-4f735466cecf":"00000000-0000-0042-0000-001d00000004","ELEMENT":"00000000-0000-0042-0000-001d00000004"},{"element-6066-11e4-a52e-4f735466cecf":"00000000-0000-0042-0000-001e00000004","ELEMENT":"00000000-0000-0042-0000-001e00000004"}]
&amp#27;[38;5;0m[HTTP]&amp#27;[0m &amp#27;[37m<-- POST /session/9c0ff67f-6efc-443b-a62f-dce2bca5d56b/elements &amp#27;[39m&amp#27;[32m200&amp#27;[39m &amp#27;[90m97 ms - 267&amp#27;[39m
&amp#27;[38;5;0m[HTTP]&amp#27;[0m &amp#27;[90m&amp#27;[39m
&amp#27;[38;5;0m[HTTP]&amp#27;[0m &amp#27;[37m-->&amp#27;[39m &amp#27;[37mPOST&amp#27;[39m &amp#27;[37m/session/9c0ff67f-6efc-443b-a62f-dce2bca5d56b/element/00000000-0000-0042-0000-001d00000004/elements&amp#27;[39m
&amp#27;[38;5;0m[HTTP]&amp#27;[0m &amp#27;[90m{"id":"00000000-0000-0042-0000-001d00000004","using":"xpath","value":"//android.view.View"}&amp#27;[39m
&amp#27;[38;5;32m[AndroidUiautomator2Driver@e3cd (9c0ff67f)]&amp#27;[0m Calling AppiumDriver.findElementsFromElement() with args: ["xpath","//android.view.View","00000000-0000-0042-0000-001d00000004","9c0ff67f-6efc-443b-a62f-dce2bca5d56b"]
&amp#27;[38;5;32m[AndroidUiautomator2Driver@e3cd (9c0ff67f)]&amp#27;[0m Valid locator strategies for this request: xpath, id, class name, accessibility id, css selector, -android uiautomator
&amp#27;[38;5;32m[AndroidUiautomator2Driver@e3cd (9c0ff67f)]&amp#27;[0m Waiting up to 0 ms for condition
&amp#27;[38;5;32m[AndroidUiautomator2Driver@e3cd (9c0ff67f)]&amp#27;[0m Matched '/elements' to command name 'findElements'
&amp#27;[38;5;32m[AndroidUiautomator2Driver@e3cd (9c0ff67f)]&amp#27;[0m Proxying [POST /elements] to [POST http://127.0.0.1:8200/session/2fea60ff-cc1e-449a-891a-56c913714252/elements] with body: {"strategy":"xpath","selector":"//android.view.View","context":"00000000-0000-0042-0000-001d00000004","multiple":true}
&amp#27;[38;5;32m[AndroidUiautomator2Driver@e3cd (9c0ff67f)]&amp#27;[0m Got response with status 200: {"sessionId":"2fea60ff-cc1e-449a-891a-56c913714252","value":[{"ELEMENT":"00000000-0000-0042-0000-00a900000004","element-6066-11e4-a52e-4f735466cecf":"00000000-0000-0042-0000-00a900000004"},{"ELEMENT":"00000000-0000-0042-0000-00af00000004","element-6066-11e4-a52e-4f735466cecf":"00000000-0000-0042-0000-00af00000004"},{"ELEMENT":"00000000-0000-0042-0000-00b100000004","element-6066-11e4-a52e-4f735466cecf":"00000000-0000-0042-0000-00b100000004"},{"ELEMENT":"00000000-0000-0042-0000-00b300000004","element-6066-11e4-a52e-4f735466cecf":"00000000-0000-0042-0000-00b300000004"},{"ELEMENT":"00000000-0000-0042-0000-00b500000004","element-6066-11e4-a52e-4f735466cecf":"00000000-0000-0042-0000-00b500000004"},{"ELEMENT":"00000000-0000-0042-0000-00b700000004","element-6066-11e4-a52e-4f735466cecf":"00000000-0000-0042-0000-00b700000004"},{"ELEMENT":"00000000-0000-0042-0000-00b900000004","element-6066-11e4-a52e-4f735466cecf":"00000000-0000-0042-0000-00b900000004"},{"ELEMENT":"00000000-0000-0042-0000-00bb00000004","element-6066-...
&amp#27;[38;5;32m[AndroidUiautomator2Driver@e3cd (9c0ff67f)]&amp#27;[0m Responding to client with driver.findElementsFromElement() result: [{"element-6066-11e4-a52e-4f735466cecf":"00000000-0000-0042-0000-00a900000004","ELEMENT":"00000000-0000-0042-0000-00a900000004"},{"element-6066-11e4-a52e-4f735466cecf":"00000000-0000-0042-0000-00af00000004","ELEMENT":"00000000-0000-0042-0000-00af00000004"},{"element-6066-11e4-a52e-4f735466cecf":"00000000-0000-0042-0000-00b100000004","ELEMENT":"00000000-0000-0042-0000-00b100000004"},{"element-6066-11e4-a52e-4f735466cecf":"00000000-0000-0042-0000-00b300000004","ELEMENT":"00000000-0000-0042-0000-00b300000004"},{"element-6066-11e4-a52e-4f735466cecf":"00000000-0000-0042-0000-00b500000004","ELEMENT":"00000000-0000-0042-0000-00b500000004"},{"element-6066-11e4-a52e-4f735466cecf":"00000000-0000-0042-0000-00b700000004","ELEMENT":"00000000-0000-0042-0000-00b700000004"},{"element-6066-11e4-a52e-4f735466cecf":"00000000-0000-0042-0000-00b900000004","ELEMENT":"00000000-0000-0042-0000-00b900000004"},{"element-6066-11e4-a52e-4f735466cecf":"00000000-0000-0042-0000-00bb00000004","ELEMENT":"00000000-0000-0042-0000-00bb0000000...
&amp#27;[38;5;0m[HTTP]&amp#27;[0m &amp#27;[37m<-- POST /session/9c0ff67f-6efc-443b-a62f-dce2bca5d56b/element/00000000-0000-0042-0000-001d00000004/elements &amp#27;[39m&amp#27;[32m200&amp#27;[39m &amp#27;[90m42 ms - 1675&amp#27;[39m
&amp#27;[38;5;0m[HTTP]&amp#27;[0m &amp#27;[90m&amp#27;[39m
&amp#27;[38;5;0m[HTTP]&amp#27;[0m &amp#27;[37m-->&amp#27;[39m &amp#27;[37mGET&amp#27;[39m &amp#27;[37m/session/9c0ff67f-6efc-443b-a62f-dce2bca5d56b/element/00000000-0000-0042-0000-00a900000004/text&amp#27;[39m
&amp#27;[38;5;0m[HTTP]&amp#27;[0m &amp#27;[90m{}&amp#27;[39m
&amp#27;[38;5;32m[AndroidUiautomator2Driver@e3cd (9c0ff67f)]&amp#27;[0m Driver proxy active, passing request on via HTTP proxy
&amp#27;[38;5;32m[AndroidUiautomator2Driver@e3cd (9c0ff67f)]&amp#27;[0m Matched '/session/9c0ff67f-6efc-443b-a62f-dce2bca5d56b/element/00000000-0000-0042-0000-00a900000004/text' to command name 'getText'
&amp#27;[38;5;32m[AndroidUiautomator2Driver@e3cd (9c0ff67f)]&amp#27;[0m Proxying [GET /session/9c0ff67f-6efc-443b-a62f-dce2bca5d56b/element/00000000-0000-0042-0000-00a900000004/text] to [GET http://127.0.0.1:8200/session/2fea60ff-cc1e-449a-891a-56c913714252/element/00000000-0000-0042-0000-00a900000004/text] with no body
&amp#27;[38;5;32m[AndroidUiautomator2Driver@e3cd (9c0ff67f)]&amp#27;[0m Got response with status 200: {"sessionId":"2fea60ff-cc1e-449a-891a-56c913714252","value":"overcast clouds"}
&amp#27;[38;5;32m[AndroidUiautomator2Driver@e3cd (9c0ff67f)]&amp#27;[0m Replacing sessionId 2fea60ff-cc1e-449a-891a-56c913714252 with 9c0ff67f-6efc-443b-a62f-dce2bca5d56b
&amp#27;[38;5;0m[HTTP]&amp#27;[0m &amp#27;[37m<-- GET /session/9c0ff67f-6efc-443b-a62f-dce2bca5d56b/element/00000000-0000-0042-0000-00a900000004/text &amp#27;[39m&amp#27;[32m200&amp#27;[39m &amp#27;[90m8 ms - 78&amp#27;[39m
&amp#27;[38;5;0m[HTTP]&amp#27;[0m &amp#27;[90m&amp#27;[39m
&amp#27;[38;5;0m[HTTP]&amp#27;[0m &amp#27;[37m-->&amp#27;[39m &amp#27;[37mGET&amp#27;[39m &amp#27;[37m/session/9c0ff67f-6efc-443b-a62f-dce2bca5d56b/element/00000000-0000-0042-0000-00af00000004/text&amp#27;[39m
&amp#27;[38;5;0m[HTTP]&amp#27;[0m &amp#27;[90m{}&amp#27;[39m
&amp#27;[38;5;32m[AndroidUiautomator2Driver@e3cd (9c0ff67f)]&amp#27;[0m Driver proxy active, passing request on via HTTP proxy
&amp#27;[38;5;32m[AndroidUiautomator2Driver@e3cd (9c0ff67f)]&amp#27;[0m Matched '/session/9c0ff67f-6efc-443b-a62f-dce2bca5d56b/element/00000000-0000-0042-0000-00af00000004/text' to command name 'getText'
&amp#27;[38;5;32m[AndroidUiautomator2Driver@e3cd (9c0ff67f)]&amp#27;[0m Proxying [GET /session/9c0ff67f-6efc-443b-a62f-dce2bca5d56b/element/00000000-0000-0042-0000-00af00000004/text] to [GET http://127.0.0.1:8200/session/2fea60ff-cc1e-449a-891a-56c913714252/element/00000000-0000-0042-0000-00af00000004/text] with no body
&amp#27;[38;5;32m[AndroidUiautomator2Driver@e3cd (9c0ff67f)]&amp#27;[0m Got response with status 200: {"sessionId":"2fea60ff-cc1e-449a-891a-56c913714252","value":"06:00"}
&amp#27;[38;5;32m[AndroidUiautomator2Driver@e3cd (9c0ff67f)]&amp#27;[0m Replacing sessionId 2fea60ff-cc1e-449a-891a-56c913714252 with 9c0ff67f-6efc-443b-a62f-dce2bca5d56b
&amp#27;[38;5;0m[HTTP]&amp#27;[0m &amp#27;[37m<-- GET /session/9c0ff67f-6efc-443b-a62f-dce2bca5d56b/element/00000000-0000-0042-0000-00af00000004/text &amp#27;[39m&amp#27;[32m200&amp#27;[39m &amp#27;[90m8 ms - 68&amp#27;[39m
&amp#27;[38;5;0m[HTTP]&amp#27;[0m &amp#27;[90m&amp#27;[39m
&amp#27;[38;5;0m[HTTP]&amp#27;[0m &amp#27;[37m-->&amp#27;[39m &amp#27;[37mGET&amp#27;[39m &amp#27;[37m/session/9c0ff67f-6efc-443b-a62f-dce2bca5d56b/element/00000000-0000-0042-0000-00b100000004/text&amp#27;[39m
&amp#27;[38;5;0m[HTTP]&amp#27;[0m &amp#27;[90m{}&amp#27;[39m
&amp#27;[38;5;32m[AndroidUiautomator2Driver@e3cd (9c0ff67f)]&amp#27;[0m Driver proxy active, passing request on via HTTP proxy
&amp#27;[38;5;32m[AndroidUiautomator2Driver@e3cd (9c0ff67f)]&amp#27;[0m Matched '/session/9c0ff67f-6efc-443b-a62f-dce2bca5d56b/element/00000000-0000-0042-0000-00b100000004/text' to command name 'getText'
&amp#27;[38;5;32m[AndroidUiautomator2Driver@e3cd (9c0ff67f)]&amp#27;[0m Proxying [GET /session/9c0ff67f-6efc-443b-a62f-dce2bca5d56b/element/00000000-0000-0042-0000-00b100000004/text] to [GET http://127.0.0.1:8200/session/2fea60ff-cc1e-449a-891a-56c913714252/element/00000000-0000-0042-0000-00b100000004/text] with no body
&amp#27;[38;5;32m[AndroidUiautomator2Driver@e3cd (9c0ff67f)]&amp#27;[0m Got response with status 200: {"sessionId":"2fea60ff-cc1e-449a-891a-56c913714252","value":"overcast clouds"}
&amp#27;[38;5;32m[AndroidUiautomator2Driver@e3cd (9c0ff67f)]&amp#27;[0m Replacing sessionId 2fea60ff-cc1e-449a-891a-56c913714252 with 9c0ff67f-6efc-443b-a62f-dce2bca5d56b
&amp#27;[38;5;0m[HTTP]&amp#27;[0m &amp#27;[37m<-- GET /session/9c0ff67f-6efc-443b-a62f-dce2bca5d56b/element/00000000-0000-0042-0000-00b100000004/text &amp#27;[39m&amp#27;[32m200&amp#27;[39m &amp#27;[90m8 ms - 78&amp#27;[39m
&amp#27;[38;5;0m[HTTP]&amp#27;[0m &amp#27;[90m&amp#27;[39m
&amp#27;[38;5;0m[HTTP]&amp#27;[0m &amp#27;[37m-->&amp#27;[39m &amp#27;[37mGET&amp#27;[39m &amp#27;[37m/session/9c0ff67f-6efc-443b-a62f-dce2bca5d56b/element/00000000-0000-0042-0000-00b300000004/text&amp#27;[39m
&amp#27;[38;5;0m[HTTP]&amp#27;[0m &amp#27;[90m{}&amp#27;[39m
&amp#27;[38;5;32m[AndroidUiautomator2Driver@e3cd (9c0ff67f)]&amp#27;[0m Driver proxy active, passing request on via HTTP proxy
&amp#27;[38;5;32m[AndroidUiautomator2Driver@e3cd (9c0ff67f)]&amp#27;[0m Matched '/session/9c0ff67f-6efc-443b-a62f-dce2bca5d56b/element/00000000-0000-0042-0000-00b300000004/text' to command name 'getText'
&amp#27;[38;5;32m[AndroidUiautomator2Driver@e3cd (9c0ff67f)]&amp#27;[0m Proxying [GET /session/9c0ff67f-6efc-443b-a62f-dce2bca5d56b/element/00000000-0000-0042-0000-00b300000004/text] to [GET http://127.0.0.1:8200/session/2fea60ff-cc1e-449a-891a-56c913714252/element/00000000-0000-0042-0000-00b300000004/text] with no body
&amp#27;[38;5;32m[AndroidUiautomator2Driver@e3cd (9c0ff67f)]&amp#27;[0m Got response with status 200: {"sessionId":"2fea60ff-cc1e-449a-891a-56c913714252","value":"64 %"}
&amp#27;[38;5;32m[AndroidUiautomator2Driver@e3cd (9c0ff67f)]&amp#27;[0m Replacing sessionId 2fea60ff-cc1e-449a-891a-56c913714252 with 9c0ff67f-6efc-443b-a62f-dce2bca5d56b
&amp#27;[38;5;0m[HTTP]&amp#27;[0m &amp#27;[37m<-- GET /session/9c0ff67f-6efc-443b-a62f-dce2bca5d56b/element/00000000-0000-0042-0000-00b300000004/text &amp#27;[39m&amp#27;[32m200&amp#27;[39m &amp#27;[90m8 ms - 67&amp#27;[39m
&amp#27;[38;5;0m[HTTP]&amp#27;[0m &amp#27;[90m&amp#27;[39m
&amp#27;[38;5;0m[HTTP]&amp#27;[0m &amp#27;[37m-->&amp#27;[39m &amp#27;[37mGET&amp#27;[39m &amp#27;[37m/session/9c0ff67f-6efc-443b-a62f-dce2bca5d56b/element/00000000-0000-0042-0000-00b500000004/text&amp#27;[39m
&amp#27;[38;5;0m[HTTP]&amp#27;[0m &amp#27;[90m{}&amp#27;[39m
&amp#27;[38;5;32m[AndroidUiautomator2Driver@e3cd (9c0ff67f)]&amp#27;[0m Driver proxy active, passing request on via HTTP proxy
&amp#27;[38;5;32m[AndroidUiautomator2Driver@e3cd (9c0ff67f)]&amp#27;[0m Matched '/session/9c0ff67f-6efc-443b-a62f-dce2bca5d56b/element/00000000-0000-0042-0000-00b500000004/text' to command name 'getText'
&amp#27;[38;5;32m[AndroidUiautomator2Driver@e3cd (9c0ff67f)]&amp#27;[0m Proxying [GET /session/9c0ff67f-6efc-443b-a62f-dce2bca5d56b/element/00000000-0000-0042-0000-00b500000004/text] to [GET http://127.0.0.1:8200/session/2fea60ff-cc1e-449a-891a-56c913714252/element/00000000-0000-0042-0000-00b500000004/text] with no body
&amp#27;[38;5;32m[AndroidUiautomator2Driver@e3cd (9c0ff67f)]&amp#27;[0m Got response with status 200: {"sessionId":"2fea60ff-cc1e-449a-891a-56c913714252","value":"15 Â°C"}
&amp#27;[38;5;32m[AndroidUiautomator2Driver@e3cd (9c0ff67f)]&amp#27;[0m Replacing sessionId 2fea60ff-cc1e-449a-891a-56c913714252 with 9c0ff67f-6efc-443b-a62f-dce2bca5d56b
&amp#27;[38;5;0m[HTTP]&amp#27;[0m &amp#27;[37m<-- GET /session/9c0ff67f-6efc-443b-a62f-dce2bca5d56b/element/00000000-0000-0042-0000-00b500000004/text &amp#27;[39m&amp#27;[32m200&amp#27;[39m &amp#27;[90m8 ms - 69&amp#27;[39m
&amp#27;[38;5;0m[HTTP]&amp#27;[0m &amp#27;[90m&amp#27;[39m
&amp#27;[38;5;0m[HTTP]&amp#27;[0m &amp#27;[37m-->&amp#27;[39m &amp#27;[37mGET&amp#27;[39m &amp#27;[37m/session/9c0ff67f-6efc-443b-a62f-dce2bca5d56b/element/00000000-0000-0042-0000-00b700000004/text&amp#27;[39m
&amp#27;[38;5;0m[HTTP]&amp#27;[0m &amp#27;[90m{}&amp#27;[39m
&amp#27;[38;5;32m[AndroidUiautomator2Driver@e3cd (9c0ff67f)]&amp#27;[0m Driver proxy active, passing request on via HTTP proxy
&amp#27;[38;5;32m[AndroidUiautomator2Driver@e3cd (9c0ff67f)]&amp#27;[0m Matched '/session/9c0ff67f-6efc-443b-a62f-dce2bca5d56b/element/00000000-0000-0042-0000-00b700000004/text' to command name 'getText'
&amp#27;[38;5;32m[AndroidUiautomator2Driver@e3cd (9c0ff67f)]&amp#27;[0m Proxying [GET /session/9c0ff67f-6efc-443b-a62f-dce2bca5d56b/element/00000000-0000-0042-0000-00b700000004/text] to [GET http://127.0.0.1:8200/session/2fea60ff-cc1e-449a-891a-56c913714252/element/00000000-0000-0042-0000-00b700000004/text] with no body
&amp#27;[38;5;32m[AndroidUiautomator2Driver@e3cd (9c0ff67f)]&amp#27;[0m Got response with status 200: {"sessionId":"2fea60ff-cc1e-449a-891a-56c913714252","value":"07:00"}
&amp#27;[38;5;32m[AndroidUiautomator2Driver@e3cd (9c0ff67f)]&amp#27;[0m Replacing sessionId 2fea60ff-cc1e-449a-891a-56c913714252 with 9c0ff67f-6efc-443b-a62f-dce2bca5d56b
&amp#27;[38;5;0m[HTTP]&amp#27;[0m &amp#27;[37m<-- GET /session/9c0ff67f-6efc-443b-a62f-dce2bca5d56b/element/00000000-0000-0042-0000-00b700000004/text &amp#27;[39m&amp#27;[32m200&amp#27;[39m &amp#27;[90m9 ms - 68&amp#27;[39m
&amp#27;[38;5;0m[HTTP]&amp#27;[0m &amp#27;[90m&amp#27;[39m
&amp#27;[38;5;0m[HTTP]&amp#27;[0m &amp#27;[37m-->&amp#27;[39m &amp#27;[37mGET&amp#27;[39m &amp#27;[37m/session/9c0ff67f-6efc-443b-a62f-dce2bca5d56b/element/00000000-0000-0042-0000-00b900000004/text&amp#27;[39m
&amp#27;[38;5;0m[HTTP]&amp#27;[0m &amp#27;[90m{}&amp#27;[39m
&amp#27;[38;5;32m[AndroidUiautomator2Driver@e3cd (9c0ff67f)]&amp#27;[0m Driver proxy active, passing request on via HTTP proxy
&amp#27;[38;5;32m[AndroidUiautomator2Driver@e3cd (9c0ff67f)]&amp#27;[0m Matched '/session/9c0ff67f-6efc-443b-a62f-dce2bca5d56b/element/00000000-0000-0042-0000-00b900000004/text' to command name 'getText'
&amp#27;[38;5;32m[AndroidUiautomator2Driver@e3cd (9c0ff67f)]&amp#27;[0m Proxying [GET /session/9c0ff67f-6efc-443b-a62f-dce2bca5d56b/element/00000000-0000-0042-0000-00b900000004/text] to [GET http://127.0.0.1:8200/session/2fea60ff-cc1e-449a-891a-56c913714252/element/00000000-0000-0042-0000-00b900000004/text] with no body
&amp#27;[38;5;32m[AndroidUiautomator2Driver@e3cd (9c0ff67f)]&amp#27;[0m Got response with status 200: {"sessionId":"2fea60ff-cc1e-449a-891a-56c913714252","value":"broken clouds"}
&amp#27;[38;5;32m[AndroidUiautomator2Driver@e3cd (9c0ff67f)]&amp#27;[0m Replacing sessionId 2fea60ff-cc1e-449a-891a-56c913714252 with 9c0ff67f-6efc-443b-a62f-dce2bca5d56b
&amp#27;[38;5;0m[HTTP]&amp#27;[0m &amp#27;[37m<-- GET /session/9c0ff67f-6efc-443b-a62f-dce2bca5d56b/element/00000000-0000-0042-0000-00b900000004/text &amp#27;[39m&amp#27;[32m200&amp#27;[39m &amp#27;[90m9 ms - 76&amp#27;[39m
&amp#27;[38;5;0m[HTTP]&amp#27;[0m &amp#27;[90m&amp#27;[39m
&amp#27;[38;5;0m[HTTP]&amp#27;[0m &amp#27;[37m-->&amp#27;[39m &amp#27;[37mGET&amp#27;[39m &amp#27;[37m/session/9c0ff67f-6efc-443b-a62f-dce2bca5d56b/element/00000000-0000-0042-0000-00bb00000004/text&amp#27;[39m
&amp#27;[38;5;0m[HTTP]&amp#27;[0m &amp#27;[90m{}&amp#27;[39m
&amp#27;[38;5;32m[AndroidUiautomator2Driver@e3cd (9c0ff67f)]&amp#27;[0m Driver proxy active, passing request on via HTTP proxy
&amp#27;[38;5;32m[AndroidUiautomator2Driver@e3cd (9c0ff67f)]&amp#27;[0m Matched '/session/9c0ff67f-6efc-443b-a62f-dce2bca5d56b/element/00000000-0000-0042-0000-00bb00000004/text' to command name 'getText'
&amp#27;[38;5;32m[AndroidUiautomator2Driver@e3cd (9c0ff67f)]&amp#27;[0m Proxying [GET /session/9c0ff67f-6efc-443b-a62f-dce2bca5d56b/element/00000000-0000-0042-0000-00bb00000004/text] to [GET http://127.0.0.1:8200/session/2fea60ff-cc1e-449a-891a-56c913714252/element/00000000-0000-0042-0000-00bb00000004/text] with no body
&amp#27;[38;5;32m[AndroidUiautomator2Driver@e3cd (9c0ff67f)]&amp#27;[0m Got response with status 200: {"sessionId":"2fea60ff-cc1e-449a-891a-56c913714252","value":"72 %"}
&amp#27;[38;5;32m[AndroidUiautomator2Driver@e3cd (9c0ff67f)]&amp#27;[0m Replacing sessionId 2fea60ff-cc1e-449a-891a-56c913714252 with 9c0ff67f-6efc-443b-a62f-dce2bca5d56b
&amp#27;[38;5;0m[HTTP]&amp#27;[0m &amp#27;[37m<-- GET /session/9c0ff67f-6efc-443b-a62f-dce2bca5d56b/element/00000000-0000-0042-0000-00bb00000004/text &amp#27;[39m&amp#27;[32m200&amp#27;[39m &amp#27;[90m9 ms - 67&amp#27;[39m
&amp#27;[38;5;0m[HTTP]&amp#27;[0m &amp#27;[90m&amp#27;[39m
&amp#27;[38;5;0m[HTTP]&amp#27;[0m &amp#27;[37m-->&amp#27;[39m &amp#27;[37mGET&amp#27;[39m &amp#27;[37m/session/9c0ff67f-6efc-443b-a62f-dce2bca5d56b/element/00000000-0000-0042-0000-00bd00000004/text&amp#27;[39m
&amp#27;[38;5;0m[HTTP]&amp#27;[0m &amp#27;[90m{}&amp#27;[39m
&amp#27;[38;5;32m[AndroidUiautomator2Driver@e3cd (9c0ff67f)]&amp#27;[0m Driver proxy active, passing request on via HTTP proxy
&amp#27;[38;5;32m[AndroidUiautomator2Driver@e3cd (9c0ff67f)]&amp#27;[0m Matched '/session/9c0ff67f-6efc-443b-a62f-dce2bca5d56b/element/00000000-0000-0042-0000-00bd00000004/text' to command name 'getText'
&amp#27;[38;5;32m[AndroidUiautomator2Driver@e3cd (9c0ff67f)]&amp#27;[0m Proxying [GET /session/9c0ff67f-6efc-443b-a62f-dce2bca5d56b/element/00000000-0000-0042-0000-00bd00000004/text] to [GET http://127.0.0.1:8200/session/2fea60ff-cc1e-449a-891a-56c913714252/element/00000000-0000-0042-0000-00bd00000004/text] with no body
&amp#27;[38;5;32m[AndroidUiautomator2Driver@e3cd (9c0ff67f)]&amp#27;[0m Got response with status 200: {"sessionId":"2fea60ff-cc1e-449a-891a-56c913714252","value":"13 Â°C"}
&amp#27;[38;5;32m[AndroidUiautomator2Driver@e3cd (9c0ff67f)]&amp#27;[0m Replacing sessionId 2fea60ff-cc1e-449a-891a-56c913714252 with 9c0ff67f-6efc-443b-a62f-dce2bca5d56b
&amp#27;[38;5;0m[HTTP]&amp#27;[0m &amp#27;[37m<-- GET /session/9c0ff67f-6efc-443b-a62f-dce2bca5d56b/element/00000000-0000-0042-0000-00bd00000004/text &amp#27;[39m&amp#27;[32m200&amp#27;[39m &amp#27;[90m9 ms - 69&amp#27;[39m
&amp#27;[38;5;0m[HTTP]&amp#27;[0m &amp#27;[90m&amp#27;[39m
&amp#27;[38;5;0m[HTTP]&amp#27;[0m &amp#27;[37m-->&amp#27;[39m &amp#27;[37mGET&amp#27;[39m &amp#27;[37m/session/9c0ff67f-6efc-443b-a62f-dce2bca5d56b/element/00000000-0000-0042-0000-00bf00000004/text&amp#27;[39m
&amp#27;[38;5;0m[HTTP]&amp#27;[0m &amp#27;[90m{}&amp#27;[39m
&amp#27;[38;5;32m[AndroidUiautomator2Driver@e3cd (9c0ff67f)]&amp#27;[0m Driver proxy active, passing request on via HTTP proxy
&amp#27;[38;5;32m[AndroidUiautomator2Driver@e3cd (9c0ff67f)]&amp#27;[0m Matched '/session/9c0ff67f-6efc-443b-a62f-dce2bca5d56b/element/00000000-0000-0042-0000-00bf00000004/text' to command name 'getText'
&amp#27;[38;5;32m[AndroidUiautomator2Driver@e3cd (9c0ff67f)]&amp#27;[0m Proxying [GET /session/9c0ff67f-6efc-443b-a62f-dce2bca5d56b/element/00000000-0000-0042-0000-00bf00000004/text] to [GET http://127.0.0.1:8200/session/2fea60ff-cc1e-449a-891a-56c913714252/element/00000000-0000-0042-0000-00bf00000004/text] with no body
&amp#27;[38;5;32m[AndroidUiautomator2Driver@e3cd (9c0ff67f)]&amp#27;[0m Got response with status 200: {"sessionId":"2fea60ff-cc1e-449a-891a-56c913714252","value":"08:00"}
&amp#27;[38;5;32m[AndroidUiautomator2Driver@e3cd (9c0ff67f)]&amp#27;[0m Replacing sessionId 2fea60ff-cc1e-449a-891a-56c913714252 with 9c0ff67f-6efc-443b-a62f-dce2bca5d56b
&amp#27;[38;5;0m[HTTP]&amp#27;[0m &amp#27;[37m<-- GET /session/9c0ff67f-6efc-443b-a62f-dce2bca5d56b/element/00000000-0000-0042-0000-00bf00000004/text &amp#27;[39m&amp#27;[32m200&amp#27;[39m &amp#27;[90m9 ms - 68&amp#27;[39m
&amp#27;[38;5;0m[HTTP]&amp#27;[0m &amp#27;[90m&amp#27;[39m
&amp#27;[38;5;0m[HTTP]&amp#27;[0m &amp#27;[37m-->&amp#27;[39m &amp#27;[37mGET&amp#27;[39m &amp#27;[37m/session/9c0ff67f-6efc-443b-a62f-dce2bca5d56b/element/00000000-0000-0042-0000-00c100000004/text&amp#27;[39m
&amp#27;[38;5;0m[HTTP]&amp#27;[0m &amp#27;[90m{}&amp#27;[39m
&amp#27;[38;5;32m[AndroidUiautomator2Driver@e3cd (9c0ff67f)]&amp#27;[0m Driver proxy active, passing request on via HTTP proxy
&amp#27;[38;5;32m[AndroidUiautomator2Driver@e3cd (9c0ff67f)]&amp#27;[0m Matched '/session/9c0ff67f-6efc-443b-a62f-dce2bca5d56b/element/00000000-0000-0042-0000-00c100000004/text' to command name 'getText'
&amp#27;[38;5;32m[AndroidUiautomator2Driver@e3cd (9c0ff67f)]&amp#27;[0m Proxying [GET /session/9c0ff67f-6efc-443b-a62f-dce2bca5d56b/element/00000000-0000-0042-0000-00c100000004/text] to [GET http://127.0.0.1:8200/session/2fea60ff-cc1e-449a-891a-56c913714252/element/00000000-0000-0042-0000-00c100000004/text] with no body
&amp#27;[38;5;32m[AndroidUiautomator2Driver@e3cd (9c0ff67f)]&amp#27;[0m Got response with status 200: {"sessionId":"2fea60ff-cc1e-449a-891a-56c913714252","value":"overcast clouds"}
&amp#27;[38;5;32m[AndroidUiautomator2Driver@e3cd (9c0ff67f)]&amp#27;[0m Replacing sessionId 2fea60ff-cc1e-449a-891a-56c913714252 with 9c0ff67f-6efc-443b-a62f-dce2bca5d56b
&amp#27;[38;5;0m[HTTP]&amp#27;[0m &amp#27;[37m<-- GET /session/9c0ff67f-6efc-443b-a62f-dce2bca5d56b/element/00000000-0000-0042-0000-00c100000004/text &amp#27;[39m&amp#27;[32m200&amp#27;[39m &amp#27;[90m10 ms - 78&amp#27;[39m
&amp#27;[38;5;0m[HTTP]&amp#27;[0m &amp#27;[90m&amp#27;[39m
&amp#27;[38;5;0m[HTTP]&amp#27;[0m &amp#27;[37m-->&amp#27;[39m &amp#27;[37mGET&amp#27;[39m &amp#27;[37m/session/9c0ff67f-6efc-443b-a62f-dce2bca5d56b/element/00000000-0000-0042-0000-00c300000004/text&amp#27;[39m
&amp#27;[38;5;0m[HTTP]&amp#27;[0m &amp#27;[90m{}&amp#27;[39m
&amp#27;[38;5;32m[AndroidUiautomator2Driver@e3cd (9c0ff67f)]&amp#27;[0m Driver proxy active, passing request on via HTTP proxy
&amp#27;[38;5;32m[AndroidUiautomator2Driver@e3cd (9c0ff67f)]&amp#27;[0m Matched '/session/9c0ff67f-6efc-443b-a62f-dce2bca5d56b/element/00000000-0000-0042-0000-00c300000004/text' to command name 'getText'
&amp#27;[38;5;32m[AndroidUiautomator2Driver@e3cd (9c0ff67f)]&amp#27;[0m Proxying [GET /session/9c0ff67f-6efc-443b-a62f-dce2bca5d56b/element/00000000-0000-0042-0000-00c300000004/text] to [GET http://127.0.0.1:8200/session/2fea60ff-cc1e-449a-891a-56c913714252/element/00000000-0000-0042-0000-00c300000004/text] with no body
&amp#27;[38;5;32m[AndroidUiautomator2Driver@e3cd (9c0ff67f)]&amp#27;[0m Got response with status 200: {"sessionId":"2fea60ff-cc1e-449a-891a-56c913714252","value":"76 %"}
&amp#27;[38;5;32m[AndroidUiautomator2Driver@e3cd (9c0ff67f)]&amp#27;[0m Replacing sessionId 2fea60ff-cc1e-449a-891a-56c913714252 with 9c0ff67f-6efc-443b-a62f-dce2bca5d56b
&amp#27;[38;5;0m[HTTP]&amp#27;[0m &amp#27;[37m<-- GET /session/9c0ff67f-6efc-443b-a62f-dce2bca5d56b/element/00000000-0000-0042-0000-00c300000004/text &amp#27;[39m&amp#27;[32m200&amp#27;[39m &amp#27;[90m9 ms - 67&amp#27;[39m
&amp#27;[38;5;0m[HTTP]&amp#27;[0m &amp#27;[90m&amp#27;[39m
&amp#27;[38;5;0m[HTTP]&amp#27;[0m &amp#27;[37m-->&amp#27;[39m &amp#27;[37mGET&amp#27;[39m &amp#27;[37m/session/9c0ff67f-6efc-443b-a62f-dce2bca5d56b/element/00000000-0000-0042-0000-00c500000004/text&amp#27;[39m
&amp#27;[38;5;0m[HTTP]&amp#27;[0m &amp#27;[90m{}&amp#27;[39m
&amp#27;[38;5;32m[AndroidUiautomator2Driver@e3cd (9c0ff67f)]&amp#27;[0m Driver proxy active, passing request on via HTTP proxy
&amp#27;[38;5;32m[AndroidUiautomator2Driver@e3cd (9c0ff67f)]&amp#27;[0m Matched '/session/9c0ff67f-6efc-443b-a62f-dce2bca5d56b/element/00000000-0000-0042-0000-00c500000004/text' to command name 'getText'
&amp#27;[38;5;32m[AndroidUiautomator2Driver@e3cd (9c0ff67f)]&amp#27;[0m Proxying [GET /session/9c0ff67f-6efc-443b-a62f-dce2bca5d56b/element/00000000-0000-0042-0000-00c500000004/text] to [GET http://127.0.0.1:8200/session/2fea60ff-cc1e-449a-891a-56c913714252/element/00000000-0000-0042-0000-00c500000004/text] with no body
&amp#27;[38;5;32m[AndroidUiautomator2Driver@e3cd (9c0ff67f)]&amp#27;[0m Got response with status 200: {"sessionId":"2fea60ff-cc1e-449a-891a-56c913714252","value":"12 Â°C"}
&amp#27;[38;5;32m[AndroidUiautomator2Driver@e3cd (9c0ff67f)]&amp#27;[0m Replacing sessionId 2fea60ff-cc1e-449a-891a-56c913714252 with 9c0ff67f-6efc-443b-a62f-dce2bca5d56b
&amp#27;[38;5;0m[HTTP]&amp#27;[0m &amp#27;[37m<-- GET /session/9c0ff67f-6efc-443b-a62f-dce2bca5d56b/element/00000000-0000-0042-0000-00c500000004/text &amp#27;[39m&amp#27;[32m200&amp#27;[39m &amp#27;[90m9 ms - 69&amp#27;[39m
&amp#27;[38;5;0m[HTTP]&amp#27;[0m &amp#27;[90m&amp#27;[39m
&amp#27;[38;5;0m[HTTP]&amp#27;[0m &amp#27;[37m-->&amp#27;[39m &amp#27;[37mPOST&amp#27;[39m &amp#27;[37m/session/9c0ff67f-6efc-443b-a62f-dce2bca5d56b/execute/sync&amp#27;[39m
&amp#27;[38;5;0m[HTTP]&amp#27;[0m &amp#27;[90m{"script":"mobile: swipeGesture","args":[{"elementId":"00000000-0000-0042-0000-001d00000004","percent":0.4,"speed":320,"direction":"left"}]}&amp#27;[39m
&amp#27;[38;5;32m[AndroidUiautomator2Driver@e3cd (9c0ff67f)]&amp#27;[0m Calling AppiumDriver.execute() with args: ["mobile: swipeGesture",[{"elementId":"00000000-0000-0042-0000-001d00000004","percent":0.4,"speed":320,"direction":"left"}],"9c0ff67f-6efc-443b-a62f-dce2bca5d56b"]
&amp#27;[38;5;32m[AndroidUiautomator2Driver@e3cd (9c0ff67f)]&amp#27;[0m Executing method 'mobile: swipeGesture'
&amp#27;[38;5;32m[AndroidUiautomator2Driver@e3cd (9c0ff67f)]&amp#27;[0m Proxying [POST /appium/gestures/swipe] to [POST http://127.0.0.1:8200/session/2fea60ff-cc1e-449a-891a-56c913714252/appium/gestures/swipe] with body: {"origin":{"ELEMENT":"00000000-0000-0042-0000-001d00000004","element-6066-11e4-a52e-4f735466cecf":"00000000-0000-0042-0000-001d00000004"},"direction":"left","percent":0.4,"speed":320}
&amp#27;[38;5;32m[AndroidUiautomator2Driver@e3cd (9c0ff67f)]&amp#27;[0m Got response with status 200: {"sessionId":"2fea60ff-cc1e-449a-891a-56c913714252","value":null}
&amp#27;[38;5;32m[AndroidUiautomator2Driver@e3cd (9c0ff67f)]&amp#27;[0m Responding to client with driver.execute() result: null
&amp#27;[38;5;0m[HTTP]&amp#27;[0m &amp#27;[37m<-- POST /session/9c0ff67f-6efc-443b-a62f-dce2bca5d56b/execute/sync &amp#27;[39m&amp#27;[32m200&amp#27;[39m &amp#27;[90m1550 ms - 14&amp#27;[39m
&amp#27;[38;5;0m[HTTP]&amp#27;[0m &amp#27;[90m&amp#27;[39m
&amp#27;[38;5;0m[HTTP]&amp#27;[0m &amp#27;[37m-->&amp#27;[39m &amp#27;[37mPOST&amp#27;[39m &amp#27;[37m/session/9c0ff67f-6efc-443b-a62f-dce2bca5d56b/elements&amp#27;[39m
&amp#27;[38;5;0m[HTTP]&amp#27;[0m &amp#27;[90m{"using":"xpath","value":"//android.widget.HorizontalScrollView"}&amp#27;[39m
&amp#27;[38;5;32m[AndroidUiautomator2Driver@e3cd (9c0ff67f)]&amp#27;[0m Calling AppiumDriver.findElements() with args: ["xpath","//android.widget.HorizontalScrollView","9c0ff67f-6efc-443b-a62f-dce2bca5d56b"]
&amp#27;[38;5;32m[AndroidUiautomator2Driver@e3cd (9c0ff67f)]&amp#27;[0m Valid locator strategies for this request: xpath, id, class name, accessibility id, css selector, -android uiautomator
&amp#27;[38;5;32m[AndroidUiautomator2Driver@e3cd (9c0ff67f)]&amp#27;[0m Waiting up to 0 ms for condition
&amp#27;[38;5;32m[AndroidUiautomator2Driver@e3cd (9c0ff67f)]&amp#27;[0m Matched '/elements' to command name 'findElements'
&amp#27;[38;5;32m[AndroidUiautomator2Driver@e3cd (9c0ff67f)]&amp#27;[0m Proxying [POST /elements] to [POST http://127.0.0.1:8200/session/2fea60ff-cc1e-449a-891a-56c913714252/elements] with body: {"strategy":"xpath","selector":"//android.widget.HorizontalScrollView","context":"","multiple":true}
&amp#27;[38;5;32m[AndroidUiautomator2Driver@e3cd (9c0ff67f)]&amp#27;[0m Got response with status 200: {"sessionId":"2fea60ff-cc1e-449a-891a-56c913714252","value":[{"ELEMENT":"00000000-0000-0042-0000-001d00000004","element-6066-11e4-a52e-4f735466cecf":"00000000-0000-0042-0000-001d00000004"},{"ELEMENT":"00000000-0000-0042-0000-001e00000004","element-6066-11e4-a52e-4f735466cecf":"00000000-0000-0042-0000-001e00000004"}]}
&amp#27;[38;5;32m[AndroidUiautomator2Driver@e3cd (9c0ff67f)]&amp#27;[0m Responding to client with driver.findElements() result: [{"element-6066-11e4-a52e-4f735466cecf":"00000000-0000-0042-0000-001d00000004","ELEMENT":"00000000-0000-0042-0000-001d00000004"},{"element-6066-11e4-a52e-4f735466cecf":"00000000-0000-0042-0000-001e00000004","ELEMENT":"00000000-0000-0042-0000-001e00000004"}]
&amp#27;[38;5;0m[HTTP]&amp#27;[0m &amp#27;[37m<-- POST /session/9c0ff67f-6efc-443b-a62f-dce2bca5d56b/elements &amp#27;[39m&amp#27;[32m200&amp#27;[39m &amp#27;[90m103 ms - 267&amp#27;[39m
&amp#27;[38;5;0m[HTTP]&amp#27;[0m &amp#27;[90m&amp#27;[39m
&amp#27;[38;5;0m[HTTP]&amp#27;[0m &amp#27;[37m-->&amp#27;[39m &amp#27;[37mPOST&amp#27;[39m &amp#27;[37m/session/9c0ff67f-6efc-443b-a62f-dce2bca5d56b/element/00000000-0000-0042-0000-001d00000004/elements&amp#27;[39m
&amp#27;[38;5;0m[HTTP]&amp#27;[0m &amp#27;[90m{"id":"00000000-0000-0042-0000-001d00000004","using":"xpath","value":"//android.view.View"}&amp#27;[39m
&amp#27;[38;5;32m[AndroidUiautomator2Driver@e3cd (9c0ff67f)]&amp#27;[0m Calling AppiumDriver.findElementsFromElement() with args: ["xpath","//android.view.View","00000000-0000-0042-0000-001d00000004","9c0ff67f-6efc-443b-a62f-dce2bca5d56b"]
&amp#27;[38;5;32m[AndroidUiautomator2Driver@e3cd (9c0ff67f)]&amp#27;[0m Valid locator strategies for this request: xpath, id, class name, accessibility id, css selector, -android uiautomator
&amp#27;[38;5;32m[AndroidUiautomator2Driver@e3cd (9c0ff67f)]&amp#27;[0m Waiting up to 0 ms for condition
&amp#27;[38;5;32m[AndroidUiautomator2Driver@e3cd (9c0ff67f)]&amp#27;[0m Matched '/elements' to command name 'findElements'
&amp#27;[38;5;32m[AndroidUiautomator2Driver@e3cd (9c0ff67f)]&amp#27;[0m Proxying [POST /elements] to [POST http://127.0.0.1:8200/session/2fea60ff-cc1e-449a-891a-56c913714252/elements] with body: {"strategy":"xpath","selector":"//android.view.View","context":"00000000-0000-0042-0000-001d00000004","multiple":true}
&amp#27;[38;5;32m[AndroidUiautomator2Driver@e3cd (9c0ff67f)]&amp#27;[0m Got response with status 200: {"sessionId":"2fea60ff-cc1e-449a-891a-56c913714252","value":[{"ELEMENT":"00000000-0000-0042-0000-00b700000004","element-6066-11e4-a52e-4f735466cecf":"00000000-0000-0042-0000-00b700000004"},{"ELEMENT":"00000000-0000-0042-0000-00b900000004","element-6066-11e4-a52e-4f735466cecf":"00000000-0000-0042-0000-00b900000004"},{"ELEMENT":"00000000-0000-0042-0000-00bb00000004","element-6066-11e4-a52e-4f735466cecf":"00000000-0000-0042-0000-00bb00000004"},{"ELEMENT":"00000000-0000-0042-0000-00bd00000004","element-6066-11e4-a52e-4f735466cecf":"00000000-0000-0042-0000-00bd00000004"},{"ELEMENT":"00000000-0000-0042-0000-00bf00000004","element-6066-11e4-a52e-4f735466cecf":"00000000-0000-0042-0000-00bf00000004"},{"ELEMENT":"00000000-0000-0042-0000-00c100000004","element-6066-11e4-a52e-4f735466cecf":"00000000-0000-0042-0000-00c100000004"},{"ELEMENT":"00000000-0000-0042-0000-00c300000004","element-6066-11e4-a52e-4f735466cecf":"00000000-0000-0042-0000-00c300000004"},{"ELEMENT":"00000000-0000-0042-0000-00c500000004","element-6066-...
&amp#27;[38;5;32m[AndroidUiautomator2Driver@e3cd (9c0ff67f)]&amp#27;[0m Responding to client with driver.findElementsFromElement() result: [{"element-6066-11e4-a52e-4f735466cecf":"00000000-0000-0042-0000-00b700000004","ELEMENT":"00000000-0000-0042-0000-00b700000004"},{"element-6066-11e4-a52e-4f735466cecf":"00000000-0000-0042-0000-00b900000004","ELEMENT":"00000000-0000-0042-0000-00b900000004"},{"element-6066-11e4-a52e-4f735466cecf":"00000000-0000-0042-0000-00bb00000004","ELEMENT":"00000000-0000-0042-0000-00bb00000004"},{"element-6066-11e4-a52e-4f735466cecf":"00000000-0000-0042-0000-00bd00000004","ELEMENT":"00000000-0000-0042-0000-00bd00000004"},{"element-6066-11e4-a52e-4f735466cecf":"00000000-0000-0042-0000-00bf00000004","ELEMENT":"00000000-0000-0042-0000-00bf00000004"},{"element-6066-11e4-a52e-4f735466cecf":"00000000-0000-0042-0000-00c100000004","ELEMENT":"00000000-0000-0042-0000-00c100000004"},{"element-6066-11e4-a52e-4f735466cecf":"00000000-0000-0042-0000-00c300000004","ELEMENT":"00000000-0000-0042-0000-00c300000004"},{"element-6066-11e4-a52e-4f735466cecf":"00000000-0000-0042-0000-00c500000004","ELEMENT":"00000000-0000-0042-0000-00c50000000...
&amp#27;[38;5;0m[HTTP]&amp#27;[0m &amp#27;[37m<-- POST /session/9c0ff67f-6efc-443b-a62f-dce2bca5d56b/element/00000000-0000-0042-0000-001d00000004/elements &amp#27;[39m&amp#27;[32m200&amp#27;[39m &amp#27;[90m43 ms - 1675&amp#27;[39m
&amp#27;[38;5;0m[HTTP]&amp#27;[0m &amp#27;[90m&amp#27;[39m
&amp#27;[38;5;0m[HTTP]&amp#27;[0m &amp#27;[37m-->&amp#27;[39m &amp#27;[37mGET&amp#27;[39m &amp#27;[37m/session/9c0ff67f-6efc-443b-a62f-dce2bca5d56b/element/00000000-0000-0042-0000-00b700000004/text&amp#27;[39m
&amp#27;[38;5;0m[HTTP]&amp#27;[0m &amp#27;[90m{}&amp#27;[39m
&amp#27;[38;5;32m[AndroidUiautomator2Driver@e3cd (9c0ff67f)]&amp#27;[0m Driver proxy active, passing request on via HTTP proxy
&amp#27;[38;5;32m[AndroidUiautomator2Driver@e3cd (9c0ff67f)]&amp#27;[0m Matched '/session/9c0ff67f-6efc-443b-a62f-dce2bca5d56b/element/00000000-0000-0042-0000-00b700000004/text' to command name 'getText'
&amp#27;[38;5;32m[AndroidUiautomator2Driver@e3cd (9c0ff67f)]&amp#27;[0m Proxying [GET /session/9c0ff67f-6efc-443b-a62f-dce2bca5d56b/element/00000000-0000-0042-0000-00b700000004/text] to [GET http://127.0.0.1:8200/session/2fea60ff-cc1e-449a-891a-56c913714252/element/00000000-0000-0042-0000-00b700000004/text] with no body
&amp#27;[38;5;32m[AndroidUiautomator2Driver@e3cd (9c0ff67f)]&amp#27;[0m Got response with status 200: {"sessionId":"2fea60ff-cc1e-449a-891a-56c913714252","value":"07:00"}
&amp#27;[38;5;32m[AndroidUiautomator2Driver@e3cd (9c0ff67f)]&amp#27;[0m Replacing sessionId 2fea60ff-cc1e-449a-891a-56c913714252 with 9c0ff67f-6efc-443b-a62f-dce2bca5d56b
&amp#27;[38;5;0m[HTTP]&amp#27;[0m &amp#27;[37m<-- GET /session/9c0ff67f-6efc-443b-a62f-dce2bca5d56b/element/00000000-0000-0042-0000-00b700000004/text &amp#27;[39m&amp#27;[32m200&amp#27;[39m &amp#27;[90m8 ms - 68&amp#27;[39m
&amp#27;[38;5;0m[HTTP]&amp#27;[0m &amp#27;[90m&amp#27;[39m
&amp#27;[38;5;0m[HTTP]&amp#27;[0m &amp#27;[37m-->&amp#27;[39m &amp#27;[37mGET&amp#27;[39m &amp#27;[37m/session/9c0ff67f-6efc-443b-a62f-dce2bca5d56b/element/00000000-0000-0042-0000-00b900000004/text&amp#27;[39m
&amp#27;[38;5;0m[HTTP]&amp#27;[0m &amp#27;[90m{}&amp#27;[39m
&amp#27;[38;5;32m[AndroidUiautomator2Driver@e3cd (9c0ff67f)]&amp#27;[0m Driver proxy active, passing request on via HTTP proxy
&amp#27;[38;5;32m[AndroidUiautomator2Driver@e3cd (9c0ff67f)]&amp#27;[0m Matched '/session/9c0ff67f-6efc-443b-a62f-dce2bca5d56b/element/00000000-0000-0042-0000-00b900000004/text' to command name 'getText'
&amp#27;[38;5;32m[AndroidUiautomator2Driver@e3cd (9c0ff67f)]&amp#27;[0m Proxying [GET /session/9c0ff67f-6efc-443b-a62f-dce2bca5d56b/element/00000000-0000-0042-0000-00b900000004/text] to [GET http://127.0.0.1:8200/session/2fea60ff-cc1e-449a-891a-56c913714252/element/00000000-0000-0042-0000-00b900000004/text] with no body
&amp#27;[38;5;32m[AndroidUiautomator2Driver@e3cd (9c0ff67f)]&amp#27;[0m Got response with status 200: {"sessionId":"2fea60ff-cc1e-449a-891a-56c913714252","value":"broken clouds"}
&amp#27;[38;5;32m[AndroidUiautomator2Driver@e3cd (9c0ff67f)]&amp#27;[0m Replacing sessionId 2fea60ff-cc1e-449a-891a-56c913714252 with 9c0ff67f-6efc-443b-a62f-dce2bca5d56b
&amp#27;[38;5;0m[HTTP]&amp#27;[0m &amp#27;[37m<-- GET /session/9c0ff67f-6efc-443b-a62f-dce2bca5d56b/element/00000000-0000-0042-0000-00b900000004/text &amp#27;[39m&amp#27;[32m200&amp#27;[39m &amp#27;[90m8 ms - 76&amp#27;[39m
&amp#27;[38;5;0m[HTTP]&amp#27;[0m &amp#27;[90m&amp#27;[39m
&amp#27;[38;5;0m[HTTP]&amp#27;[0m &amp#27;[37m-->&amp#27;[39m &amp#27;[37mGET&amp#27;[39m &amp#27;[37m/session/9c0ff67f-6efc-443b-a62f-dce2bca5d56b/element/00000000-0000-0042-0000-00bb00000004/text&amp#27;[39m
&amp#27;[38;5;0m[HTTP]&amp#27;[0m &amp#27;[90m{}&amp#27;[39m
&amp#27;[38;5;32m[AndroidUiautomator2Driver@e3cd (9c0ff67f)]&amp#27;[0m Driver proxy active, passing request on via HTTP proxy
&amp#27;[38;5;32m[AndroidUiautomator2Driver@e3cd (9c0ff67f)]&amp#27;[0m Matched '/session/9c0ff67f-6efc-443b-a62f-dce2bca5d56b/element/00000000-0000-0042-0000-00bb00000004/text' to command name 'getText'
&amp#27;[38;5;32m[AndroidUiautomator2Driver@e3cd (9c0ff67f)]&amp#27;[0m Proxying [GET /session/9c0ff67f-6efc-443b-a62f-dce2bca5d56b/element/00000000-0000-0042-0000-00bb00000004/text] to [GET http://127.0.0.1:8200/session/2fea60ff-cc1e-449a-891a-56c913714252/element/00000000-0000-0042-0000-00bb00000004/text] with no body
&amp#27;[38;5;32m[AndroidUiautomator2Driver@e3cd (9c0ff67f)]&amp#27;[0m Got response with status 200: {"sessionId":"2fea60ff-cc1e-449a-891a-56c913714252","value":"72 %"}
&amp#27;[38;5;32m[AndroidUiautomator2Driver@e3cd (9c0ff67f)]&amp#27;[0m Replacing sessionId 2fea60ff-cc1e-449a-891a-56c913714252 with 9c0ff67f-6efc-443b-a62f-dce2bca5d56b
&amp#27;[38;5;0m[HTTP]&amp#27;[0m &amp#27;[37m<-- GET /session/9c0ff67f-6efc-443b-a62f-dce2bca5d56b/element/00000000-0000-0042-0000-00bb00000004/text &amp#27;[39m&amp#27;[32m200&amp#27;[39m &amp#27;[90m8 ms - 67&amp#27;[39m
&amp#27;[38;5;0m[HTTP]&amp#27;[0m &amp#27;[90m&amp#27;[39m
&amp#27;[38;5;0m[HTTP]&amp#27;[0m &amp#27;[37m-->&amp#27;[39m &amp#27;[37mGET&amp#27;[39m &amp#27;[37m/session/9c0ff67f-6efc-443b-a62f-dce2bca5d56b/element/00000000-0000-0042-0000-00bd00000004/text&amp#27;[39m
&amp#27;[38;5;0m[HTTP]&amp#27;[0m &amp#27;[90m{}&amp#27;[39m
&amp#27;[38;5;32m[AndroidUiautomator2Driver@e3cd (9c0ff67f)]&amp#27;[0m Driver proxy active, passing request on via HTTP proxy
&amp#27;[38;5;32m[AndroidUiautomator2Driver@e3cd (9c0ff67f)]&amp#27;[0m Matched '/session/9c0ff67f-6efc-443b-a62f-dce2bca5d56b/element/00000000-0000-0042-0000-00bd00000004/text' to command name 'getText'
&amp#27;[38;5;32m[AndroidUiautomator2Driver@e3cd (9c0ff67f)]&amp#27;[0m Proxying [GET /session/9c0ff67f-6efc-443b-a62f-dce2bca5d56b/element/00000000-0000-0042-0000-00bd00000004/text] to [GET http://127.0.0.1:8200/session/2fea60ff-cc1e-449a-891a-56c913714252/element/00000000-0000-0042-0000-00bd00000004/text] with no body
&amp#27;[38;5;32m[AndroidUiautomator2Driver@e3cd (9c0ff67f)]&amp#27;[0m Got response with status 200: {"sessionId":"2fea60ff-cc1e-449a-891a-56c913714252","value":"13 Â°C"}
&amp#27;[38;5;32m[AndroidUiautomator2Driver@e3cd (9c0ff67f)]&amp#27;[0m Replacing sessionId 2fea60ff-cc1e-449a-891a-56c913714252 with 9c0ff67f-6efc-443b-a62f-dce2bca5d56b
&amp#27;[38;5;0m[HTTP]&amp#27;[0m &amp#27;[37m<-- GET /session/9c0ff67f-6efc-443b-a62f-dce2bca5d56b/element/00000000-0000-0042-0000-00bd00000004/text &amp#27;[39m&amp#27;[32m200&amp#27;[39m &amp#27;[90m8 ms - 69&amp#27;[39m
&amp#27;[38;5;0m[HTTP]&amp#27;[0m &amp#27;[90m&amp#27;[39m
&amp#27;[38;5;0m[HTTP]&amp#27;[0m &amp#27;[37m-->&amp#27;[39m &amp#27;[37mGET&amp#27;[39m &amp#27;[37m/session/9c0ff67f-6efc-443b-a62f-dce2bca5d56b/element/00000000-0000-0042-0000-00bf00000004/text&amp#27;[39m
&amp#27;[38;5;0m[HTTP]&amp#27;[0m &amp#27;[90m{}&amp#27;[39m
&amp#27;[38;5;32m[AndroidUiautomator2Driver@e3cd (9c0ff67f)]&amp#27;[0m Driver proxy active, passing request on via HTTP proxy
&amp#27;[38;5;32m[AndroidUiautomator2Driver@e3cd (9c0ff67f)]&amp#27;[0m Matched '/session/9c0ff67f-6efc-443b-a62f-dce2bca5d56b/element/00000000-0000-0042-0000-00bf00000004/text' to command name 'getText'
&amp#27;[38;5;32m[AndroidUiautomator2Driver@e3cd (9c0ff67f)]&amp#27;[0m Proxying [GET /session/9c0ff67f-6efc-443b-a62f-dce2bca5d56b/element/00000000-0000-0042-0000-00bf00000004/text] to [GET http://127.0.0.1:8200/session/2fea60ff-cc1e-449a-891a-56c913714252/element/00000000-0000-0042-0000-00bf00000004/text] with no body
&amp#27;[38;5;32m[AndroidUiautomator2Driver@e3cd (9c0ff67f)]&amp#27;[0m Got response with status 200: {"sessionId":"2fea60ff-cc1e-449a-891a-56c913714252","value":"08:00"}
&amp#27;[38;5;32m[AndroidUiautomator2Driver@e3cd (9c0ff67f)]&amp#27;[0m Replacing sessionId 2fea60ff-cc1e-449a-891a-56c913714252 with 9c0ff67f-6efc-443b-a62f-dce2bca5d56b
&amp#27;[38;5;0m[HTTP]&amp#27;[0m &amp#27;[37m<-- GET /session/9c0ff67f-6efc-443b-a62f-dce2bca5d56b/element/00000000-0000-0042-0000-00bf00000004/text &amp#27;[39m&amp#27;[32m200&amp#27;[39m &amp#27;[90m8 ms - 68&amp#27;[39m
&amp#27;[38;5;0m[HTTP]&amp#27;[0m &amp#27;[90m&amp#27;[39m
&amp#27;[38;5;0m[HTTP]&amp#27;[0m &amp#27;[37m-->&amp#27;[39m &amp#27;[37mGET&amp#27;[39m &amp#27;[37m/session/9c0ff67f-6efc-443b-a62f-dce2bca5d56b/element/00000000-0000-0042-0000-00c100000004/text&amp#27;[39m
&amp#27;[38;5;0m[HTTP]&amp#27;[0m &amp#27;[90m{}&amp#27;[39m
&amp#27;[38;5;32m[AndroidUiautomator2Driver@e3cd (9c0ff67f)]&amp#27;[0m Driver proxy active, passing request on via HTTP proxy
&amp#27;[38;5;32m[AndroidUiautomator2Driver@e3cd (9c0ff67f)]&amp#27;[0m Matched '/session/9c0ff67f-6efc-443b-a62f-dce2bca5d56b/element/00000000-0000-0042-0000-00c100000004/text' to command name 'getText'
&amp#27;[38;5;32m[AndroidUiautomator2Driver@e3cd (9c0ff67f)]&amp#27;[0m Proxying [GET /session/9c0ff67f-6efc-443b-a62f-dce2bca5d56b/element/00000000-0000-0042-0000-00c100000004/text] to [GET http://127.0.0.1:8200/session/2fea60ff-cc1e-449a-891a-56c913714252/element/00000000-0000-0042-0000-00c100000004/text] with no body
&amp#27;[38;5;32m[AndroidUiautomator2Driver@e3cd (9c0ff67f)]&amp#27;[0m Got response with status 200: {"sessionId":"2fea60ff-cc1e-449a-891a-56c913714252","value":"overcast clouds"}
&amp#27;[38;5;32m[AndroidUiautomator2Driver@e3cd (9c0ff67f)]&amp#27;[0m Replacing sessionId 2fea60ff-cc1e-449a-891a-56c913714252 with 9c0ff67f-6efc-443b-a62f-dce2bca5d56b
&amp#27;[38;5;0m[HTTP]&amp#27;[0m &amp#27;[37m<-- GET /session/9c0ff67f-6efc-443b-a62f-dce2bca5d56b/element/00000000-0000-0042-0000-00c100000004/text &amp#27;[39m&amp#27;[32m200&amp#27;[39m &amp#27;[90m9 ms - 78&amp#27;[39m
&amp#27;[38;5;0m[HTTP]&amp#27;[0m &amp#27;[90m&amp#27;[39m
&amp#27;[38;5;0m[HTTP]&amp#27;[0m &amp#27;[37m-->&amp#27;[39m &amp#27;[37mGET&amp#27;[39m &amp#27;[37m/session/9c0ff67f-6efc-443b-a62f-dce2bca5d56b/element/00000000-0000-0042-0000-00c300000004/text&amp#27;[39m
&amp#27;[38;5;0m[HTTP]&amp#27;[0m &amp#27;[90m{}&amp#27;[39m
&amp#27;[38;5;32m[AndroidUiautomator2Driver@e3cd (9c0ff67f)]&amp#27;[0m Driver proxy active, passing request on via HTTP proxy
&amp#27;[38;5;32m[AndroidUiautomator2Driver@e3cd (9c0ff67f)]&amp#27;[0m Matched '/session/9c0ff67f-6efc-443b-a62f-dce2bca5d56b/element/00000000-0000-0042-0000-00c300000004/text' to command name 'getText'
&amp#27;[38;5;32m[AndroidUiautomator2Driver@e3cd (9c0ff67f)]&amp#27;[0m Proxying [GET /session/9c0ff67f-6efc-443b-a62f-dce2bca5d56b/element/00000000-0000-0042-0000-00c300000004/text] to [GET http://127.0.0.1:8200/session/2fea60ff-cc1e-449a-891a-56c913714252/element/00000000-0000-0042-0000-00c300000004/text] with no body
&amp#27;[38;5;32m[AndroidUiautomator2Driver@e3cd (9c0ff67f)]&amp#27;[0m Got response with status 200: {"sessionId":"2fea60ff-cc1e-449a-891a-56c913714252","value":"76 %"}
&amp#27;[38;5;32m[AndroidUiautomator2Driver@e3cd (9c0ff67f)]&amp#27;[0m Replacing sessionId 2fea60ff-cc1e-449a-891a-56c913714252 with 9c0ff67f-6efc-443b-a62f-dce2bca5d56b
&amp#27;[38;5;0m[HTTP]&amp#27;[0m &amp#27;[37m<-- GET /session/9c0ff67f-6efc-443b-a62f-dce2bca5d56b/element/00000000-0000-0042-0000-00c300000004/text &amp#27;[39m&amp#27;[32m200&amp#27;[39m &amp#27;[90m9 ms - 67&amp#27;[39m
&amp#27;[38;5;0m[HTTP]&amp#27;[0m &amp#27;[90m&amp#27;[39m
&amp#27;[38;5;0m[HTTP]&amp#27;[0m &amp#27;[37m-->&amp#27;[39m &amp#27;[37mGET&amp#27;[39m &amp#27;[37m/session/9c0ff67f-6efc-443b-a62f-dce2bca5d56b/element/00000000-0000-0042-0000-00c500000004/text&amp#27;[39m
&amp#27;[38;5;0m[HTTP]&amp#27;[0m &amp#27;[90m{}&amp#27;[39m
&amp#27;[38;5;32m[AndroidUiautomator2Driver@e3cd (9c0ff67f)]&amp#27;[0m Driver proxy active, passing request on via HTTP proxy
&amp#27;[38;5;32m[AndroidUiautomator2Driver@e3cd (9c0ff67f)]&amp#27;[0m Matched '/session/9c0ff67f-6efc-443b-a62f-dce2bca5d56b/element/00000000-0000-0042-0000-00c500000004/text' to command name 'getText'
&amp#27;[38;5;32m[AndroidUiautomator2Driver@e3cd (9c0ff67f)]&amp#27;[0m Proxying [GET /session/9c0ff67f-6efc-443b-a62f-dce2bca5d56b/element/00000000-0000-0042-0000-00c500000004/text] to [GET http://127.0.0.1:8200/session/2fea60ff-cc1e-449a-891a-56c913714252/element/00000000-0000-0042-0000-00c500000004/text] with no body
&amp#27;[38;5;32m[AndroidUiautomator2Driver@e3cd (9c0ff67f)]&amp#27;[0m Got response with status 200: {"sessionId":"2fea60ff-cc1e-449a-891a-56c913714252","value":"12 Â°C"}
&amp#27;[38;5;32m[AndroidUiautomator2Driver@e3cd (9c0ff67f)]&amp#27;[0m Replacing sessionId 2fea60ff-cc1e-449a-891a-56c913714252 with 9c0ff67f-6efc-443b-a62f-dce2bca5d56b
&amp#27;[38;5;0m[HTTP]&amp#27;[0m &amp#27;[37m<-- GET /session/9c0ff67f-6efc-443b-a62f-dce2bca5d56b/element/00000000-0000-0042-0000-00c500000004/text &amp#27;[39m&amp#27;[32m200&amp#27;[39m &amp#27;[90m8 ms - 69&amp#27;[39m
&amp#27;[38;5;0m[HTTP]&amp#27;[0m &amp#27;[90m&amp#27;[39m
&amp#27;[38;5;0m[HTTP]&amp#27;[0m &amp#27;[37m-->&amp#27;[39m &amp#27;[37mGET&amp#27;[39m &amp#27;[37m/session/9c0ff67f-6efc-443b-a62f-dce2bca5d56b/element/00000000-0000-0042-0000-00c700000004/text&amp#27;[39m
&amp#27;[38;5;0m[HTTP]&amp#27;[0m &amp#27;[90m{}&amp#27;[39m
&amp#27;[38;5;32m[AndroidUiautomator2Driver@e3cd (9c0ff67f)]&amp#27;[0m Driver proxy active, passing request on via HTTP proxy
&amp#27;[38;5;32m[AndroidUiautomator2Driver@e3cd (9c0ff67f)]&amp#27;[0m Matched '/session/9c0ff67f-6efc-443b-a62f-dce2bca5d56b/element/00000000-0000-0042-0000-00c700000004/text' to command name 'getText'
&amp#27;[38;5;32m[AndroidUiautomator2Driver@e3cd (9c0ff67f)]&amp#27;[0m Proxying [GET /session/9c0ff67f-6efc-443b-a62f-dce2bca5d56b/element/00000000-0000-0042-0000-00c700000004/text] to [GET http://127.0.0.1:8200/session/2fea60ff-cc1e-449a-891a-56c913714252/element/00000000-0000-0042-0000-00c700000004/text] with no body
&amp#27;[38;5;32m[AndroidUiautomator2Driver@e3cd (9c0ff67f)]&amp#27;[0m Got response with status 200: {"sessionId":"2fea60ff-cc1e-449a-891a-56c913714252","value":"09:00"}
&amp#27;[38;5;32m[AndroidUiautomator2Driver@e3cd (9c0ff67f)]&amp#27;[0m Replacing sessionId 2fea60ff-cc1e-449a-891a-56c913714252 with 9c0ff67f-6efc-443b-a62f-dce2bca5d56b
&amp#27;[38;5;0m[HTTP]&amp#27;[0m &amp#27;[37m<-- GET /session/9c0ff67f-6efc-443b-a62f-dce2bca5d56b/element/00000000-0000-0042-0000-00c700000004/text &amp#27;[39m&amp#27;[32m200&amp#27;[39m &amp#27;[90m9 ms - 68&amp#27;[39m
&amp#27;[38;5;0m[HTTP]&amp#27;[0m &amp#27;[90m&amp#27;[39m
&amp#27;[38;5;0m[HTTP]&amp#27;[0m &amp#27;[37m-->&amp#27;[39m &amp#27;[37mGET&amp#27;[39m &amp#27;[37m/session/9c0ff67f-6efc-443b-a62f-dce2bca5d56b/element/00000000-0000-0042-0000-00c900000004/text&amp#27;[39m
&amp#27;[38;5;0m[HTTP]&amp#27;[0m &amp#27;[90m{}&amp#27;[39m
&amp#27;[38;5;32m[AndroidUiautomator2Driver@e3cd (9c0ff67f)]&amp#27;[0m Driver proxy active, passing request on via HTTP proxy
&amp#27;[38;5;32m[AndroidUiautomator2Driver@e3cd (9c0ff67f)]&amp#27;[0m Matched '/session/9c0ff67f-6efc-443b-a62f-dce2bca5d56b/element/00000000-0000-0042-0000-00c900000004/text' to command name 'getText'
&amp#27;[38;5;32m[AndroidUiautomator2Driver@e3cd (9c0ff67f)]&amp#27;[0m Proxying [GET /session/9c0ff67f-6efc-443b-a62f-dce2bca5d56b/element/00000000-0000-0042-0000-00c900000004/text] to [GET http://127.0.0.1:8200/session/2fea60ff-cc1e-449a-891a-56c913714252/element/00000000-0000-0042-0000-00c900000004/text] with no body
&amp#27;[38;5;32m[AndroidUiautomator2Driver@e3cd (9c0ff67f)]&amp#27;[0m Got response with status 200: {"sessionId":"2fea60ff-cc1e-449a-891a-56c913714252","value":"broken clouds"}
&amp#27;[38;5;32m[AndroidUiautomator2Driver@e3cd (9c0ff67f)]&amp#27;[0m Replacing sessionId 2fea60ff-cc1e-449a-891a-56c913714252 with 9c0ff67f-6efc-443b-a62f-dce2bca5d56b
&amp#27;[38;5;0m[HTTP]&amp#27;[0m &amp#27;[37m<-- GET /session/9c0ff67f-6efc-443b-a62f-dce2bca5d56b/element/00000000-0000-0042-0000-00c900000004/text &amp#27;[39m&amp#27;[32m200&amp#27;[39m &amp#27;[90m9 ms - 76&amp#27;[39m
&amp#27;[38;5;0m[HTTP]&amp#27;[0m &amp#27;[90m&amp#27;[39m
&amp#27;[38;5;0m[HTTP]&amp#27;[0m &amp#27;[37m-->&amp#27;[39m &amp#27;[37mGET&amp#27;[39m &amp#27;[37m/session/9c0ff67f-6efc-443b-a62f-dce2bca5d56b/element/00000000-0000-0042-0000-00cb00000004/text&amp#27;[39m
&amp#27;[38;5;0m[HTTP]&amp#27;[0m &amp#27;[90m{}&amp#27;[39m
&amp#27;[38;5;32m[AndroidUiautomator2Driver@e3cd (9c0ff67f)]&amp#27;[0m Driver proxy active, passing request on via HTTP proxy
&amp#27;[38;5;32m[AndroidUiautomator2Driver@e3cd (9c0ff67f)]&amp#27;[0m Matched '/session/9c0ff67f-6efc-443b-a62f-dce2bca5d56b/element/00000000-0000-0042-0000-00cb00000004/text' to command name 'getText'
&amp#27;[38;5;32m[AndroidUiautomator2Driver@e3cd (9c0ff67f)]&amp#27;[0m Proxying [GET /session/9c0ff67f-6efc-443b-a62f-dce2bca5d56b/element/00000000-0000-0042-0000-00cb00000004/text] to [GET http://127.0.0.1:8200/session/2fea60ff-cc1e-449a-891a-56c913714252/element/00000000-0000-0042-0000-00cb00000004/text] with no body
&amp#27;[38;5;32m[AndroidUiautomator2Driver@e3cd (9c0ff67f)]&amp#27;[0m Got response with status 200: {"sessionId":"2fea60ff-cc1e-449a-891a-56c913714252","value":"79 %"}
&amp#27;[38;5;32m[AndroidUiautomator2Driver@e3cd (9c0ff67f)]&amp#27;[0m Replacing sessionId 2fea60ff-cc1e-449a-891a-56c913714252 with 9c0ff67f-6efc-443b-a62f-dce2bca5d56b
&amp#27;[38;5;0m[HTTP]&amp#27;[0m &amp#27;[37m<-- GET /session/9c0ff67f-6efc-443b-a62f-dce2bca5d56b/element/00000000-0000-0042-0000-00cb00000004/text &amp#27;[39m&amp#27;[32m200&amp#27;[39m &amp#27;[90m10 ms - 67&amp#27;[39m
&amp#27;[38;5;0m[HTTP]&amp#27;[0m &amp#27;[90m&amp#27;[39m
&amp#27;[38;5;0m[HTTP]&amp#27;[0m &amp#27;[37m-->&amp#27;[39m &amp#27;[37mGET&amp#27;[39m &amp#27;[37m/session/9c0ff67f-6efc-443b-a62f-dce2bca5d56b/element/00000000-0000-0042-0000-00cd00000004/text&amp#27;[39m
&amp#27;[38;5;0m[HTTP]&amp#27;[0m &amp#27;[90m{}&amp#27;[39m
&amp#27;[38;5;32m[AndroidUiautomator2Driver@e3cd (9c0ff67f)]&amp#27;[0m Driver proxy active, passing request on via HTTP proxy
&amp#27;[38;5;32m[AndroidUiautomator2Driver@e3cd (9c0ff67f)]&amp#27;[0m Matched '/session/9c0ff67f-6efc-443b-a62f-dce2bca5d56b/element/00000000-0000-0042-0000-00cd00000004/text' to command name 'getText'
&amp#27;[38;5;32m[AndroidUiautomator2Driver@e3cd (9c0ff67f)]&amp#27;[0m Proxying [GET /session/9c0ff67f-6efc-443b-a62f-dce2bca5d56b/element/00000000-0000-0042-0000-00cd00000004/text] to [GET http://127.0.0.1:8200/session/2fea60ff-cc1e-449a-891a-56c913714252/element/00000000-0000-0042-0000-00cd00000004/text] with no body
&amp#27;[38;5;32m[AndroidUiautomator2Driver@e3cd (9c0ff67f)]&amp#27;[0m Got response with status 200: {"sessionId":"2fea60ff-cc1e-449a-891a-56c913714252","value":"12 Â°C"}
&amp#27;[38;5;32m[AndroidUiautomator2Driver@e3cd (9c0ff67f)]&amp#27;[0m Replacing sessionId 2fea60ff-cc1e-449a-891a-56c913714252 with 9c0ff67f-6efc-443b-a62f-dce2bca5d56b
&amp#27;[38;5;0m[HTTP]&amp#27;[0m &amp#27;[37m<-- GET /session/9c0ff67f-6efc-443b-a62f-dce2bca5d56b/element/00000000-0000-0042-0000-00cd00000004/text &amp#27;[39m&amp#27;[32m200&amp#27;[39m &amp#27;[90m11 ms - 69&amp#27;[39m
&amp#27;[38;5;0m[HTTP]&amp#27;[0m &amp#27;[90m&amp#27;[39m
&amp#27;[38;5;0m[HTTP]&amp#27;[0m &amp#27;[37m-->&amp#27;[39m &amp#27;[37mGET&amp#27;[39m &amp#27;[37m/session/9c0ff67f-6efc-443b-a62f-dce2bca5d56b/element/00000000-0000-0042-0000-00d100000004/text&amp#27;[39m
&amp#27;[38;5;0m[HTTP]&amp#27;[0m &amp#27;[90m{}&amp#27;[39m
&amp#27;[38;5;32m[AndroidUiautomator2Driver@e3cd (9c0ff67f)]&amp#27;[0m Driver proxy active, passing request on via HTTP proxy
&amp#27;[38;5;32m[AndroidUiautomator2Driver@e3cd (9c0ff67f)]&amp#27;[0m Matched '/session/9c0ff67f-6efc-443b-a62f-dce2bca5d56b/element/00000000-0000-0042-0000-00d100000004/text' to command name 'getText'
&amp#27;[38;5;32m[AndroidUiautomator2Driver@e3cd (9c0ff67f)]&amp#27;[0m Proxying [GET /session/9c0ff67f-6efc-443b-a62f-dce2bca5d56b/element/00000000-0000-0042-0000-00d100000004/text] to [GET http://127.0.0.1:8200/session/2fea60ff-cc1e-449a-891a-56c913714252/element/00000000-0000-0042-0000-00d100000004/text] with no body
&amp#27;[38;5;32m[AndroidUiautomator2Driver@e3cd (9c0ff67f)]&amp#27;[0m Got response with status 200: {"sessionId":"2fea60ff-cc1e-449a-891a-56c913714252","value":"broken clouds"}
&amp#27;[38;5;32m[AndroidUiautomator2Driver@e3cd (9c0ff67f)]&amp#27;[0m Replacing sessionId 2fea60ff-cc1e-449a-891a-56c913714252 with 9c0ff67f-6efc-443b-a62f-dce2bca5d56b
&amp#27;[38;5;0m[HTTP]&amp#27;[0m &amp#27;[37m<-- GET /session/9c0ff67f-6efc-443b-a62f-dce2bca5d56b/element/00000000-0000-0042-0000-00d100000004/text &amp#27;[39m&amp#27;[32m200&amp#27;[39m &amp#27;[90m11 ms - 76&amp#27;[39m
&amp#27;[38;5;0m[HTTP]&amp#27;[0m &amp#27;[90m&amp#27;[39m
&amp#27;[38;5;0m[HTTP]&amp#27;[0m &amp#27;[37m-->&amp#27;[39m &amp#27;[37mPOST&amp#27;[39m &amp#27;[37m/session/9c0ff67f-6efc-443b-a62f-dce2bca5d56b/execute/sync&amp#27;[39m
&amp#27;[38;5;0m[HTTP]&amp#27;[0m &amp#27;[90m{"script":"mobile: swipeGesture","args":[{"elementId":"00000000-0000-0042-0000-001d00000004","percent":0.4,"speed":320,"direction":"left"}]}&amp#27;[39m
&amp#27;[38;5;32m[AndroidUiautomator2Driver@e3cd (9c0ff67f)]&amp#27;[0m Calling AppiumDriver.execute() with args: ["mobile: swipeGesture",[{"elementId":"00000000-0000-0042-0000-001d00000004","percent":0.4,"speed":320,"direction":"left"}],"9c0ff67f-6efc-443b-a62f-dce2bca5d56b"]
&amp#27;[38;5;32m[AndroidUiautomator2Driver@e3cd (9c0ff67f)]&amp#27;[0m Executing method 'mobile: swipeGesture'
&amp#27;[38;5;32m[AndroidUiautomator2Driver@e3cd (9c0ff67f)]&amp#27;[0m Proxying [POST /appium/gestures/swipe] to [POST http://127.0.0.1:8200/session/2fea60ff-cc1e-449a-891a-56c913714252/appium/gestures/swipe] with body: {"origin":{"ELEMENT":"00000000-0000-0042-0000-001d00000004","element-6066-11e4-a52e-4f735466cecf":"00000000-0000-0042-0000-001d00000004"},"direction":"left","percent":0.4,"speed":320}
&amp#27;[38;5;32m[AndroidUiautomator2Driver@e3cd (9c0ff67f)]&amp#27;[0m Got response with status 200: {"sessionId":"2fea60ff-cc1e-449a-891a-56c913714252","value":null}
&amp#27;[38;5;32m[AndroidUiautomator2Driver@e3cd (9c0ff67f)]&amp#27;[0m Responding to client with driver.execute() result: null
&amp#27;[38;5;0m[HTTP]&amp#27;[0m &amp#27;[37m<-- POST /session/9c0ff67f-6efc-443b-a62f-dce2bca5d56b/execute/sync &amp#27;[39m&amp#27;[32m200&amp#27;[39m &amp#27;[90m1557 ms - 14&amp#27;[39m
&amp#27;[38;5;0m[HTTP]&amp#27;[0m &amp#27;[90m&amp#27;[39m
&amp#27;[38;5;0m[HTTP]&amp#27;[0m &amp#27;[37m-->&amp#27;[39m &amp#27;[37mPOST&amp#27;[39m &amp#27;[37m/session/9c0ff67f-6efc-443b-a62f-dce2bca5d56b/elements&amp#27;[39m
&amp#27;[38;5;0m[HTTP]&amp#27;[0m &amp#27;[90m{"using":"xpath","value":"//android.widget.HorizontalScrollView"}&amp#27;[39m
&amp#27;[38;5;32m[AndroidUiautomator2Driver@e3cd (9c0ff67f)]&amp#27;[0m Calling AppiumDriver.findElements() with args: ["xpath","//android.widget.HorizontalScrollView","9c0ff67f-6efc-443b-a62f-dce2bca5d56b"]
&amp#27;[38;5;32m[AndroidUiautomator2Driver@e3cd (9c0ff67f)]&amp#27;[0m Valid locator strategies for this request: xpath, id, class name, accessibility id, css selector, -android uiautomator
&amp#27;[38;5;32m[AndroidUiautomator2Driver@e3cd (9c0ff67f)]&amp#27;[0m Waiting up to 0 ms for condition
&amp#27;[38;5;32m[AndroidUiautomator2Driver@e3cd (9c0ff67f)]&amp#27;[0m Matched '/elements' to command name 'findElements'
&amp#27;[38;5;32m[AndroidUiautomator2Driver@e3cd (9c0ff67f)]&amp#27;[0m Proxying [POST /elements] to [POST http://127.0.0.1:8200/session/2fea60ff-cc1e-449a-891a-56c913714252/elements] with body: {"strategy":"xpath","selector":"//android.widget.HorizontalScrollView","context":"","multiple":true}
&amp#27;[38;5;32m[AndroidUiautomator2Driver@e3cd (9c0ff67f)]&amp#27;[0m Got response with status 200: {"sessionId":"2fea60ff-cc1e-449a-891a-56c913714252","value":[{"ELEMENT":"00000000-0000-0042-0000-001d00000004","element-6066-11e4-a52e-4f735466cecf":"00000000-0000-0042-0000-001d00000004"},{"ELEMENT":"00000000-0000-0042-0000-001e00000004","element-6066-11e4-a52e-4f735466cecf":"00000000-0000-0042-0000-001e00000004"}]}
&amp#27;[38;5;32m[AndroidUiautomator2Driver@e3cd (9c0ff67f)]&amp#27;[0m Responding to client with driver.findElements() result: [{"element-6066-11e4-a52e-4f735466cecf":"00000000-0000-0042-0000-001d00000004","ELEMENT":"00000000-0000-0042-0000-001d00000004"},{"element-6066-11e4-a52e-4f735466cecf":"00000000-0000-0042-0000-001e00000004","ELEMENT":"00000000-0000-0042-0000-001e00000004"}]
&amp#27;[38;5;0m[HTTP]&amp#27;[0m &amp#27;[37m<-- POST /session/9c0ff67f-6efc-443b-a62f-dce2bca5d56b/elements &amp#27;[39m&amp#27;[32m200&amp#27;[39m &amp#27;[90m102 ms - 267&amp#27;[39m
&amp#27;[38;5;0m[HTTP]&amp#27;[0m &amp#27;[90m&amp#27;[39m
&amp#27;[38;5;0m[HTTP]&amp#27;[0m &amp#27;[37m-->&amp#27;[39m &amp#27;[37mPOST&amp#27;[39m &amp#27;[37m/session/9c0ff67f-6efc-443b-a62f-dce2bca5d56b/element/00000000-0000-0042-0000-001d00000004/elements&amp#27;[39m
&amp#27;[38;5;0m[HTTP]&amp#27;[0m &amp#27;[90m{"id":"00000000-0000-0042-0000-001d00000004","using":"xpath","value":"//android.view.View"}&amp#27;[39m
&amp#27;[38;5;32m[AndroidUiautomator2Driver@e3cd (9c0ff67f)]&amp#27;[0m Calling AppiumDriver.findElementsFromElement() with args: ["xpath","//android.view.View","00000000-0000-0042-0000-001d00000004","9c0ff67f-6efc-443b-a62f-dce2bca5d56b"]
&amp#27;[38;5;32m[AndroidUiautomator2Driver@e3cd (9c0ff67f)]&amp#27;[0m Valid locator strategies for this request: xpath, id, class name, accessibility id, css selector, -android uiautomator
&amp#27;[38;5;32m[AndroidUiautomator2Driver@e3cd (9c0ff67f)]&amp#27;[0m Waiting up to 0 ms for condition
&amp#27;[38;5;32m[AndroidUiautomator2Driver@e3cd (9c0ff67f)]&amp#27;[0m Matched '/elements' to command name 'findElements'
&amp#27;[38;5;32m[AndroidUiautomator2Driver@e3cd (9c0ff67f)]&amp#27;[0m Proxying [POST /elements] to [POST http://127.0.0.1:8200/session/2fea60ff-cc1e-449a-891a-56c913714252/elements] with body: {"strategy":"xpath","selector":"//android.view.View","context":"00000000-0000-0042-0000-001d00000004","multiple":true}
&amp#27;[38;5;32m[AndroidUiautomator2Driver@e3cd (9c0ff67f)]&amp#27;[0m Got response with status 200: {"sessionId":"2fea60ff-cc1e-449a-891a-56c913714252","value":[{"ELEMENT":"00000000-0000-0042-0000-00bf00000004","element-6066-11e4-a52e-4f735466cecf":"00000000-0000-0042-0000-00bf00000004"},{"ELEMENT":"00000000-0000-0042-0000-00c100000004","element-6066-11e4-a52e-4f735466cecf":"00000000-0000-0042-0000-00c100000004"},{"ELEMENT":"00000000-0000-0042-0000-00c300000004","element-6066-11e4-a52e-4f735466cecf":"00000000-0000-0042-0000-00c300000004"},{"ELEMENT":"00000000-0000-0042-0000-00c500000004","element-6066-11e4-a52e-4f735466cecf":"00000000-0000-0042-0000-00c500000004"},{"ELEMENT":"00000000-0000-0042-0000-00c700000004","element-6066-11e4-a52e-4f735466cecf":"00000000-0000-0042-0000-00c700000004"},{"ELEMENT":"00000000-0000-0042-0000-00c900000004","element-6066-11e4-a52e-4f735466cecf":"00000000-0000-0042-0000-00c900000004"},{"ELEMENT":"00000000-0000-0042-0000-00cb00000004","element-6066-11e4-a52e-4f735466cecf":"00000000-0000-0042-0000-00cb00000004"},{"ELEMENT":"00000000-0000-0042-0000-00cd00000004","element-6066-...
&amp#27;[38;5;32m[AndroidUiautomator2Driver@e3cd (9c0ff67f)]&amp#27;[0m Responding to client with driver.findElementsFromElement() result: [{"element-6066-11e4-a52e-4f735466cecf":"00000000-0000-0042-0000-00bf00000004","ELEMENT":"00000000-0000-0042-0000-00bf00000004"},{"element-6066-11e4-a52e-4f735466cecf":"00000000-0000-0042-0000-00c100000004","ELEMENT":"00000000-0000-0042-0000-00c100000004"},{"element-6066-11e4-a52e-4f735466cecf":"00000000-0000-0042-0000-00c300000004","ELEMENT":"00000000-0000-0042-0000-00c300000004"},{"element-6066-11e4-a52e-4f735466cecf":"00000000-0000-0042-0000-00c500000004","ELEMENT":"00000000-0000-0042-0000-00c500000004"},{"element-6066-11e4-a52e-4f735466cecf":"00000000-0000-0042-0000-00c700000004","ELEMENT":"00000000-0000-0042-0000-00c700000004"},{"element-6066-11e4-a52e-4f735466cecf":"00000000-0000-0042-0000-00c900000004","ELEMENT":"00000000-0000-0042-0000-00c900000004"},{"element-6066-11e4-a52e-4f735466cecf":"00000000-0000-0042-0000-00cb00000004","ELEMENT":"00000000-0000-0042-0000-00cb00000004"},{"element-6066-11e4-a52e-4f735466cecf":"00000000-0000-0042-0000-00cd00000004","ELEMENT":"00000000-0000-0042-0000-00cd0000000...
&amp#27;[38;5;0m[HTTP]&amp#27;[0m &amp#27;[37m<-- POST /session/9c0ff67f-6efc-443b-a62f-dce2bca5d56b/element/00000000-0000-0042-0000-001d00000004/elements &amp#27;[39m&amp#27;[32m200&amp#27;[39m &amp#27;[90m41 ms - 1675&amp#27;[39m
&amp#27;[38;5;0m[HTTP]&amp#27;[0m &amp#27;[90m&amp#27;[39m
&amp#27;[38;5;0m[HTTP]&amp#27;[0m &amp#27;[37m-->&amp#27;[39m &amp#27;[37mGET&amp#27;[39m &amp#27;[37m/session/9c0ff67f-6efc-443b-a62f-dce2bca5d56b/element/00000000-0000-0042-0000-00bf00000004/text&amp#27;[39m
&amp#27;[38;5;0m[HTTP]&amp#27;[0m &amp#27;[90m{}&amp#27;[39m
&amp#27;[38;5;32m[AndroidUiautomator2Driver@e3cd (9c0ff67f)]&amp#27;[0m Driver proxy active, passing request on via HTTP proxy
&amp#27;[38;5;32m[AndroidUiautomator2Driver@e3cd (9c0ff67f)]&amp#27;[0m Matched '/session/9c0ff67f-6efc-443b-a62f-dce2bca5d56b/element/00000000-0000-0042-0000-00bf00000004/text' to command name 'getText'
&amp#27;[38;5;32m[AndroidUiautomator2Driver@e3cd (9c0ff67f)]&amp#27;[0m Proxying [GET /session/9c0ff67f-6efc-443b-a62f-dce2bca5d56b/element/00000000-0000-0042-0000-00bf00000004/text] to [GET http://127.0.0.1:8200/session/2fea60ff-cc1e-449a-891a-56c913714252/element/00000000-0000-0042-0000-00bf00000004/text] with no body
&amp#27;[38;5;32m[AndroidUiautomator2Driver@e3cd (9c0ff67f)]&amp#27;[0m Got response with status 200: {"sessionId":"2fea60ff-cc1e-449a-891a-56c913714252","value":"08:00"}
&amp#27;[38;5;32m[AndroidUiautomator2Driver@e3cd (9c0ff67f)]&amp#27;[0m Replacing sessionId 2fea60ff-cc1e-449a-891a-56c913714252 with 9c0ff67f-6efc-443b-a62f-dce2bca5d56b
&amp#27;[38;5;0m[HTTP]&amp#27;[0m &amp#27;[37m<-- GET /session/9c0ff67f-6efc-443b-a62f-dce2bca5d56b/element/00000000-0000-0042-0000-00bf00000004/text &amp#27;[39m&amp#27;[32m200&amp#27;[39m &amp#27;[90m8 ms - 68&amp#27;[39m
&amp#27;[38;5;0m[HTTP]&amp#27;[0m &amp#27;[90m&amp#27;[39m
&amp#27;[38;5;0m[HTTP]&amp#27;[0m &amp#27;[37m-->&amp#27;[39m &amp#27;[37mGET&amp#27;[39m &amp#27;[37m/session/9c0ff67f-6efc-443b-a62f-dce2bca5d56b/element/00000000-0000-0042-0000-00c100000004/text&amp#27;[39m
&amp#27;[38;5;0m[HTTP]&amp#27;[0m &amp#27;[90m{}&amp#27;[39m
&amp#27;[38;5;32m[AndroidUiautomator2Driver@e3cd (9c0ff67f)]&amp#27;[0m Driver proxy active, passing request on via HTTP proxy
&amp#27;[38;5;32m[AndroidUiautomator2Driver@e3cd (9c0ff67f)]&amp#27;[0m Matched '/session/9c0ff67f-6efc-443b-a62f-dce2bca5d56b/element/00000000-0000-0042-0000-00c100000004/text' to command name 'getText'
&amp#27;[38;5;32m[AndroidUiautomator2Driver@e3cd (9c0ff67f)]&amp#27;[0m Proxying [GET /session/9c0ff67f-6efc-443b-a62f-dce2bca5d56b/element/00000000-0000-0042-0000-00c100000004/text] to [GET http://127.0.0.1:8200/session/2fea60ff-cc1e-449a-891a-56c913714252/element/00000000-0000-0042-0000-00c100000004/text] with no body
&amp#27;[38;5;32m[AndroidUiautomator2Driver@e3cd (9c0ff67f)]&amp#27;[0m Got response with status 200: {"sessionId":"2fea60ff-cc1e-449a-891a-56c913714252","value":"overcast clouds"}
&amp#27;[38;5;32m[AndroidUiautomator2Driver@e3cd (9c0ff67f)]&amp#27;[0m Replacing sessionId 2fea60ff-cc1e-449a-891a-56c913714252 with 9c0ff67f-6efc-443b-a62f-dce2bca5d56b
&amp#27;[38;5;0m[HTTP]&amp#27;[0m &amp#27;[37m<-- GET /session/9c0ff67f-6efc-443b-a62f-dce2bca5d56b/element/00000000-0000-0042-0000-00c100000004/text &amp#27;[39m&amp#27;[32m200&amp#27;[39m &amp#27;[90m8 ms - 78&amp#27;[39m
&amp#27;[38;5;0m[HTTP]&amp#27;[0m &amp#27;[90m&amp#27;[39m
&amp#27;[38;5;0m[HTTP]&amp#27;[0m &amp#27;[37m-->&amp#27;[39m &amp#27;[37mGET&amp#27;[39m &amp#27;[37m/session/9c0ff67f-6efc-443b-a62f-dce2bca5d56b/element/00000000-0000-0042-0000-00c300000004/text&amp#27;[39m
&amp#27;[38;5;0m[HTTP]&amp#27;[0m &amp#27;[90m{}&amp#27;[39m
&amp#27;[38;5;32m[AndroidUiautomator2Driver@e3cd (9c0ff67f)]&amp#27;[0m Driver proxy active, passing request on via HTTP proxy
&amp#27;[38;5;32m[AndroidUiautomator2Driver@e3cd (9c0ff67f)]&amp#27;[0m Matched '/session/9c0ff67f-6efc-443b-a62f-dce2bca5d56b/element/00000000-0000-0042-0000-00c300000004/text' to command name 'getText'
&amp#27;[38;5;32m[AndroidUiautomator2Driver@e3cd (9c0ff67f)]&amp#27;[0m Proxying [GET /session/9c0ff67f-6efc-443b-a62f-dce2bca5d56b/element/00000000-0000-0042-0000-00c300000004/text] to [GET http://127.0.0.1:8200/session/2fea60ff-cc1e-449a-891a-56c913714252/element/00000000-0000-0042-0000-00c300000004/text] with no body
&amp#27;[38;5;32m[AndroidUiautomator2Driver@e3cd (9c0ff67f)]&amp#27;[0m Got response with status 200: {"sessionId":"2fea60ff-cc1e-449a-891a-56c913714252","value":"76 %"}
&amp#27;[38;5;32m[AndroidUiautomator2Driver@e3cd (9c0ff67f)]&amp#27;[0m Replacing sessionId 2fea60ff-cc1e-449a-891a-56c913714252 with 9c0ff67f-6efc-443b-a62f-dce2bca5d56b
&amp#27;[38;5;0m[HTTP]&amp#27;[0m &amp#27;[37m<-- GET /session/9c0ff67f-6efc-443b-a62f-dce2bca5d56b/element/00000000-0000-0042-0000-00c300000004/text &amp#27;[39m&amp#27;[32m200&amp#27;[39m &amp#27;[90m8 ms - 67&amp#27;[39m
&amp#27;[38;5;0m[HTTP]&amp#27;[0m &amp#27;[90m&amp#27;[39m
&amp#27;[38;5;0m[HTTP]&amp#27;[0m &amp#27;[37m-->&amp#27;[39m &amp#27;[37mGET&amp#27;[39m &amp#27;[37m/session/9c0ff67f-6efc-443b-a62f-dce2bca5d56b/element/00000000-0000-0042-0000-00c500000004/text&amp#27;[39m
&amp#27;[38;5;0m[HTTP]&amp#27;[0m &amp#27;[90m{}&amp#27;[39m
&amp#27;[38;5;32m[AndroidUiautomator2Driver@e3cd (9c0ff67f)]&amp#27;[0m Driver proxy active, passing request on via HTTP proxy
&amp#27;[38;5;32m[AndroidUiautomator2Driver@e3cd (9c0ff67f)]&amp#27;[0m Matched '/session/9c0ff67f-6efc-443b-a62f-dce2bca5d56b/element/00000000-0000-0042-0000-00c500000004/text' to command name 'getText'
&amp#27;[38;5;32m[AndroidUiautomator2Driver@e3cd (9c0ff67f)]&amp#27;[0m Proxying [GET /session/9c0ff67f-6efc-443b-a62f-dce2bca5d56b/element/00000000-0000-0042-0000-00c500000004/text] to [GET http://127.0.0.1:8200/session/2fea60ff-cc1e-449a-891a-56c913714252/element/00000000-0000-0042-0000-00c500000004/text] with no body
&amp#27;[38;5;32m[AndroidUiautomator2Driver@e3cd (9c0ff67f)]&amp#27;[0m Got response with status 200: {"sessionId":"2fea60ff-cc1e-449a-891a-56c913714252","value":"12 Â°C"}
&amp#27;[38;5;32m[AndroidUiautomator2Driver@e3cd (9c0ff67f)]&amp#27;[0m Replacing sessionId 2fea60ff-cc1e-449a-891a-56c913714252 with 9c0ff67f-6efc-443b-a62f-dce2bca5d56b
&amp#27;[38;5;0m[HTTP]&amp#27;[0m &amp#27;[37m<-- GET /session/9c0ff67f-6efc-443b-a62f-dce2bca5d56b/element/00000000-0000-0042-0000-00c500000004/text &amp#27;[39m&amp#27;[32m200&amp#27;[39m &amp#27;[90m9 ms - 69&amp#27;[39m
&amp#27;[38;5;0m[HTTP]&amp#27;[0m &amp#27;[90m&amp#27;[39m
&amp#27;[38;5;0m[HTTP]&amp#27;[0m &amp#27;[37m-->&amp#27;[39m &amp#27;[37mGET&amp#27;[39m &amp#27;[37m/session/9c0ff67f-6efc-443b-a62f-dce2bca5d56b/element/00000000-0000-0042-0000-00c700000004/text&amp#27;[39m
&amp#27;[38;5;0m[HTTP]&amp#27;[0m &amp#27;[90m{}&amp#27;[39m
&amp#27;[38;5;32m[AndroidUiautomator2Driver@e3cd (9c0ff67f)]&amp#27;[0m Driver proxy active, passing request on via HTTP proxy
&amp#27;[38;5;32m[AndroidUiautomator2Driver@e3cd (9c0ff67f)]&amp#27;[0m Matched '/session/9c0ff67f-6efc-443b-a62f-dce2bca5d56b/element/00000000-0000-0042-0000-00c700000004/text' to command name 'getText'
&amp#27;[38;5;32m[AndroidUiautomator2Driver@e3cd (9c0ff67f)]&amp#27;[0m Proxying [GET /session/9c0ff67f-6efc-443b-a62f-dce2bca5d56b/element/00000000-0000-0042-0000-00c700000004/text] to [GET http://127.0.0.1:8200/session/2fea60ff-cc1e-449a-891a-56c913714252/element/00000000-0000-0042-0000-00c700000004/text] with no body
&amp#27;[38;5;32m[AndroidUiautomator2Driver@e3cd (9c0ff67f)]&amp#27;[0m Got response with status 200: {"sessionId":"2fea60ff-cc1e-449a-891a-56c913714252","value":"09:00"}
&amp#27;[38;5;32m[AndroidUiautomator2Driver@e3cd (9c0ff67f)]&amp#27;[0m Replacing sessionId 2fea60ff-cc1e-449a-891a-56c913714252 with 9c0ff67f-6efc-443b-a62f-dce2bca5d56b
&amp#27;[38;5;0m[HTTP]&amp#27;[0m &amp#27;[37m<-- GET /session/9c0ff67f-6efc-443b-a62f-dce2bca5d56b/element/00000000-0000-0042-0000-00c700000004/text &amp#27;[39m&amp#27;[32m200&amp#27;[39m &amp#27;[90m8 ms - 68&amp#27;[39m
&amp#27;[38;5;0m[HTTP]&amp#27;[0m &amp#27;[90m&amp#27;[39m
&amp#27;[38;5;0m[HTTP]&amp#27;[0m &amp#27;[37m-->&amp#27;[39m &amp#27;[37mGET&amp#27;[39m &amp#27;[37m/session/9c0ff67f-6efc-443b-a62f-dce2bca5d56b/element/00000000-0000-0042-0000-00c900000004/text&amp#27;[39m
&amp#27;[38;5;0m[HTTP]&amp#27;[0m &amp#27;[90m{}&amp#27;[39m
&amp#27;[38;5;32m[AndroidUiautomator2Driver@e3cd (9c0ff67f)]&amp#27;[0m Driver proxy active, passing request on via HTTP proxy
&amp#27;[38;5;32m[AndroidUiautomator2Driver@e3cd (9c0ff67f)]&amp#27;[0m Matched '/session/9c0ff67f-6efc-443b-a62f-dce2bca5d56b/element/00000000-0000-0042-0000-00c900000004/text' to command name 'getText'
&amp#27;[38;5;32m[AndroidUiautomator2Driver@e3cd (9c0ff67f)]&amp#27;[0m Proxying [GET /session/9c0ff67f-6efc-443b-a62f-dce2bca5d56b/element/00000000-0000-0042-0000-00c900000004/text] to [GET http://127.0.0.1:8200/session/2fea60ff-cc1e-449a-891a-56c913714252/element/00000000-0000-0042-0000-00c900000004/text] with no body
&amp#27;[38;5;32m[AndroidUiautomator2Driver@e3cd (9c0ff67f)]&amp#27;[0m Got response with status 200: {"sessionId":"2fea60ff-cc1e-449a-891a-56c913714252","value":"broken clouds"}
&amp#27;[38;5;32m[AndroidUiautomator2Driver@e3cd (9c0ff67f)]&amp#27;[0m Replacing sessionId 2fea60ff-cc1e-449a-891a-56c913714252 with 9c0ff67f-6efc-443b-a62f-dce2bca5d56b
&amp#27;[38;5;0m[HTTP]&amp#27;[0m &amp#27;[37m<-- GET /session/9c0ff67f-6efc-443b-a62f-dce2bca5d56b/element/00000000-0000-0042-0000-00c900000004/text &amp#27;[39m&amp#27;[32m200&amp#27;[39m &amp#27;[90m9 ms - 76&amp#27;[39m
&amp#27;[38;5;0m[HTTP]&amp#27;[0m &amp#27;[90m&amp#27;[39m
&amp#27;[38;5;0m[HTTP]&amp#27;[0m &amp#27;[37m-->&amp#27;[39m &amp#27;[37mGET&amp#27;[39m &amp#27;[37m/session/9c0ff67f-6efc-443b-a62f-dce2bca5d56b/element/00000000-0000-0042-0000-00cb00000004/text&amp#27;[39m
&amp#27;[38;5;0m[HTTP]&amp#27;[0m &amp#27;[90m{}&amp#27;[39m
&amp#27;[38;5;32m[AndroidUiautomator2Driver@e3cd (9c0ff67f)]&amp#27;[0m Driver proxy active, passing request on via HTTP proxy
&amp#27;[38;5;32m[AndroidUiautomator2Driver@e3cd (9c0ff67f)]&amp#27;[0m Matched '/session/9c0ff67f-6efc-443b-a62f-dce2bca5d56b/element/00000000-0000-0042-0000-00cb00000004/text' to command name 'getText'
&amp#27;[38;5;32m[AndroidUiautomator2Driver@e3cd (9c0ff67f)]&amp#27;[0m Proxying [GET /session/9c0ff67f-6efc-443b-a62f-dce2bca5d56b/element/00000000-0000-0042-0000-00cb00000004/text] to [GET http://127.0.0.1:8200/session/2fea60ff-cc1e-449a-891a-56c913714252/element/00000000-0000-0042-0000-00cb00000004/text] with no body
&amp#27;[38;5;32m[AndroidUiautomator2Driver@e3cd (9c0ff67f)]&amp#27;[0m Got response with status 200: {"sessionId":"2fea60ff-cc1e-449a-891a-56c913714252","value":"79 %"}
&amp#27;[38;5;32m[AndroidUiautomator2Driver@e3cd (9c0ff67f)]&amp#27;[0m Replacing sessionId 2fea60ff-cc1e-449a-891a-56c913714252 with 9c0ff67f-6efc-443b-a62f-dce2bca5d56b
&amp#27;[38;5;0m[HTTP]&amp#27;[0m &amp#27;[37m<-- GET /session/9c0ff67f-6efc-443b-a62f-dce2bca5d56b/element/00000000-0000-0042-0000-00cb00000004/text &amp#27;[39m&amp#27;[32m200&amp#27;[39m &amp#27;[90m9 ms - 67&amp#27;[39m
&amp#27;[38;5;0m[HTTP]&amp#27;[0m &amp#27;[90m&amp#27;[39m
&amp#27;[38;5;0m[HTTP]&amp#27;[0m &amp#27;[37m-->&amp#27;[39m &amp#27;[37mGET&amp#27;[39m &amp#27;[37m/session/9c0ff67f-6efc-443b-a62f-dce2bca5d56b/element/00000000-0000-0042-0000-00cd00000004/text&amp#27;[39m
&amp#27;[38;5;0m[HTTP]&amp#27;[0m &amp#27;[90m{}&amp#27;[39m
&amp#27;[38;5;32m[AndroidUiautomator2Driver@e3cd (9c0ff67f)]&amp#27;[0m Driver proxy active, passing request on via HTTP proxy
&amp#27;[38;5;32m[AndroidUiautomator2Driver@e3cd (9c0ff67f)]&amp#27;[0m Matched '/session/9c0ff67f-6efc-443b-a62f-dce2bca5d56b/element/00000000-0000-0042-0000-00cd00000004/text' to command name 'getText'
&amp#27;[38;5;32m[AndroidUiautomator2Driver@e3cd (9c0ff67f)]&amp#27;[0m Proxying [GET /session/9c0ff67f-6efc-443b-a62f-dce2bca5d56b/element/00000000-0000-0042-0000-00cd00000004/text] to [GET http://127.0.0.1:8200/session/2fea60ff-cc1e-449a-891a-56c913714252/element/00000000-0000-0042-0000-00cd00000004/text] with no body
&amp#27;[38;5;32m[AndroidUiautomator2Driver@e3cd (9c0ff67f)]&amp#27;[0m Got response with status 200: {"sessionId":"2fea60ff-cc1e-449a-891a-56c913714252","value":"12 Â°C"}
&amp#27;[38;5;32m[AndroidUiautomator2Driver@e3cd (9c0ff67f)]&amp#27;[0m Replacing sessionId 2fea60ff-cc1e-449a-891a-56c913714252 with 9c0ff67f-6efc-443b-a62f-dce2bca5d56b
&amp#27;[38;5;0m[HTTP]&amp#27;[0m &amp#27;[37m<-- GET /session/9c0ff67f-6efc-443b-a62f-dce2bca5d56b/element/00000000-0000-0042-0000-00cd00000004/text &amp#27;[39m&amp#27;[32m200&amp#27;[39m &amp#27;[90m9 ms - 69&amp#27;[39m
&amp#27;[38;5;0m[HTTP]&amp#27;[0m &amp#27;[90m&amp#27;[39m
&amp#27;[38;5;0m[HTTP]&amp#27;[0m &amp#27;[37m-->&amp#27;[39m &amp#27;[37mGET&amp#27;[39m &amp#27;[37m/session/9c0ff67f-6efc-443b-a62f-dce2bca5d56b/element/00000000-0000-0042-0000-00cf00000004/text&amp#27;[39m
&amp#27;[38;5;0m[HTTP]&amp#27;[0m &amp#27;[90m{}&amp#27;[39m
&amp#27;[38;5;32m[AndroidUiautomator2Driver@e3cd (9c0ff67f)]&amp#27;[0m Driver proxy active, passing request on via HTTP proxy
&amp#27;[38;5;32m[AndroidUiautomator2Driver@e3cd (9c0ff67f)]&amp#27;[0m Matched '/session/9c0ff67f-6efc-443b-a62f-dce2bca5d56b/element/00000000-0000-0042-0000-00cf00000004/text' to command name 'getText'
&amp#27;[38;5;32m[AndroidUiautomator2Driver@e3cd (9c0ff67f)]&amp#27;[0m Proxying [GET /session/9c0ff67f-6efc-443b-a62f-dce2bca5d56b/element/00000000-0000-0042-0000-00cf00000004/text] to [GET http://127.0.0.1:8200/session/2fea60ff-cc1e-449a-891a-56c913714252/element/00000000-0000-0042-0000-00cf00000004/text] with no body
&amp#27;[38;5;32m[AndroidUiautomator2Driver@e3cd (9c0ff67f)]&amp#27;[0m Got response with status 200: {"sessionId":"2fea60ff-cc1e-449a-891a-56c913714252","value":"10:00"}
&amp#27;[38;5;32m[AndroidUiautomator2Driver@e3cd (9c0ff67f)]&amp#27;[0m Replacing sessionId 2fea60ff-cc1e-449a-891a-56c913714252 with 9c0ff67f-6efc-443b-a62f-dce2bca5d56b
&amp#27;[38;5;0m[HTTP]&amp#27;[0m &amp#27;[37m<-- GET /session/9c0ff67f-6efc-443b-a62f-dce2bca5d56b/element/00000000-0000-0042-0000-00cf00000004/text &amp#27;[39m&amp#27;[32m200&amp#27;[39m &amp#27;[90m8 ms - 68&amp#27;[39m
&amp#27;[38;5;0m[HTTP]&amp#27;[0m &amp#27;[90m&amp#27;[39m
&amp#27;[38;5;0m[HTTP]&amp#27;[0m &amp#27;[37m-->&amp#27;[39m &amp#27;[37mGET&amp#27;[39m &amp#27;[37m/session/9c0ff67f-6efc-443b-a62f-dce2bca5d56b/element/00000000-0000-0042-0000-00d100000004/text&amp#27;[39m
&amp#27;[38;5;0m[HTTP]&amp#27;[0m &amp#27;[90m{}&amp#27;[39m
&amp#27;[38;5;32m[AndroidUiautomator2Driver@e3cd (9c0ff67f)]&amp#27;[0m Driver proxy active, passing request on via HTTP proxy
&amp#27;[38;5;32m[AndroidUiautomator2Driver@e3cd (9c0ff67f)]&amp#27;[0m Matched '/session/9c0ff67f-6efc-443b-a62f-dce2bca5d56b/element/00000000-0000-0042-0000-00d100000004/text' to command name 'getText'
&amp#27;[38;5;32m[AndroidUiautomator2Driver@e3cd (9c0ff67f)]&amp#27;[0m Proxying [GET /session/9c0ff67f-6efc-443b-a62f-dce2bca5d56b/element/00000000-0000-0042-0000-00d100000004/text] to [GET http://127.0.0.1:8200/session/2fea60ff-cc1e-449a-891a-56c913714252/element/00000000-0000-0042-0000-00d100000004/text] with no body
&amp#27;[38;5;32m[AndroidUiautomator2Driver@e3cd (9c0ff67f)]&amp#27;[0m Got response with status 200: {"sessionId":"2fea60ff-cc1e-449a-891a-56c913714252","value":"broken clouds"}
&amp#27;[38;5;32m[AndroidUiautomator2Driver@e3cd (9c0ff67f)]&amp#27;[0m Replacing sessionId 2fea60ff-cc1e-449a-891a-56c913714252 with 9c0ff67f-6efc-443b-a62f-dce2bca5d56b
&amp#27;[38;5;0m[HTTP]&amp#27;[0m &amp#27;[37m<-- GET /session/9c0ff67f-6efc-443b-a62f-dce2bca5d56b/element/00000000-0000-0042-0000-00d100000004/text &amp#27;[39m&amp#27;[32m200&amp#27;[39m &amp#27;[90m9 ms - 76&amp#27;[39m
&amp#27;[38;5;0m[HTTP]&amp#27;[0m &amp#27;[90m&amp#27;[39m
&amp#27;[38;5;0m[HTTP]&amp#27;[0m &amp#27;[37m-->&amp#27;[39m &amp#27;[37mGET&amp#27;[39m &amp#27;[37m/session/9c0ff67f-6efc-443b-a62f-dce2bca5d56b/element/00000000-0000-0042-0000-00d300000004/text&amp#27;[39m
&amp#27;[38;5;0m[HTTP]&amp#27;[0m &amp#27;[90m{}&amp#27;[39m
&amp#27;[38;5;32m[AndroidUiautomator2Driver@e3cd (9c0ff67f)]&amp#27;[0m Driver proxy active, passing request on via HTTP proxy
&amp#27;[38;5;32m[AndroidUiautomator2Driver@e3cd (9c0ff67f)]&amp#27;[0m Matched '/session/9c0ff67f-6efc-443b-a62f-dce2bca5d56b/element/00000000-0000-0042-0000-00d300000004/text' to command name 'getText'
&amp#27;[38;5;32m[AndroidUiautomator2Driver@e3cd (9c0ff67f)]&amp#27;[0m Proxying [GET /session/9c0ff67f-6efc-443b-a62f-dce2bca5d56b/element/00000000-0000-0042-0000-00d300000004/text] to [GET http://127.0.0.1:8200/session/2fea60ff-cc1e-449a-891a-56c913714252/element/00000000-0000-0042-0000-00d300000004/text] with no body
&amp#27;[38;5;32m[AndroidUiautomator2Driver@e3cd (9c0ff67f)]&amp#27;[0m Got response with status 200: {"sessionId":"2fea60ff-cc1e-449a-891a-56c913714252","value":"80 %"}
&amp#27;[38;5;32m[AndroidUiautomator2Driver@e3cd (9c0ff67f)]&amp#27;[0m Replacing sessionId 2fea60ff-cc1e-449a-891a-56c913714252 with 9c0ff67f-6efc-443b-a62f-dce2bca5d56b
&amp#27;[38;5;0m[HTTP]&amp#27;[0m &amp#27;[37m<-- GET /session/9c0ff67f-6efc-443b-a62f-dce2bca5d56b/element/00000000-0000-0042-0000-00d300000004/text &amp#27;[39m&amp#27;[32m200&amp#27;[39m &amp#27;[90m9 ms - 67&amp#27;[39m
&amp#27;[38;5;0m[HTTP]&amp#27;[0m &amp#27;[90m&amp#27;[39m
&amp#27;[38;5;0m[HTTP]&amp#27;[0m &amp#27;[37m-->&amp#27;[39m &amp#27;[37mGET&amp#27;[39m &amp#27;[37m/session/9c0ff67f-6efc-443b-a62f-dce2bca5d56b/element/00000000-0000-0042-0000-00d500000004/text&amp#27;[39m
&amp#27;[38;5;0m[HTTP]&amp#27;[0m &amp#27;[90m{}&amp#27;[39m
&amp#27;[38;5;32m[AndroidUiautomator2Driver@e3cd (9c0ff67f)]&amp#27;[0m Driver proxy active, passing request on via HTTP proxy
&amp#27;[38;5;32m[AndroidUiautomator2Driver@e3cd (9c0ff67f)]&amp#27;[0m Matched '/session/9c0ff67f-6efc-443b-a62f-dce2bca5d56b/element/00000000-0000-0042-0000-00d500000004/text' to command name 'getText'
&amp#27;[38;5;32m[AndroidUiautomator2Driver@e3cd (9c0ff67f)]&amp#27;[0m Proxying [GET /session/9c0ff67f-6efc-443b-a62f-dce2bca5d56b/element/00000000-0000-0042-0000-00d500000004/text] to [GET http://127.0.0.1:8200/session/2fea60ff-cc1e-449a-891a-56c913714252/element/00000000-0000-0042-0000-00d500000004/text] with no body
&amp#27;[38;5;32m[AndroidUiautomator2Driver@e3cd (9c0ff67f)]&amp#27;[0m Got response with status 200: {"sessionId":"2fea60ff-cc1e-449a-891a-56c913714252","value":"11 Â°C"}
&amp#27;[38;5;32m[AndroidUiautomator2Driver@e3cd (9c0ff67f)]&amp#27;[0m Replacing sessionId 2fea60ff-cc1e-449a-891a-56c913714252 with 9c0ff67f-6efc-443b-a62f-dce2bca5d56b
&amp#27;[38;5;0m[HTTP]&amp#27;[0m &amp#27;[37m<-- GET /session/9c0ff67f-6efc-443b-a62f-dce2bca5d56b/element/00000000-0000-0042-0000-00d500000004/text &amp#27;[39m&amp#27;[32m200&amp#27;[39m &amp#27;[90m10 ms - 69&amp#27;[39m
&amp#27;[38;5;0m[HTTP]&amp#27;[0m &amp#27;[90m&amp#27;[39m
&amp#27;[38;5;0m[HTTP]&amp#27;[0m &amp#27;[37m-->&amp#27;[39m &amp#27;[37mGET&amp#27;[39m &amp#27;[37m/session/9c0ff67f-6efc-443b-a62f-dce2bca5d56b/element/00000000-0000-0042-0000-00d900000004/text&amp#27;[39m
&amp#27;[38;5;0m[HTTP]&amp#27;[0m &amp#27;[90m{}&amp#27;[39m
&amp#27;[38;5;32m[AndroidUiautomator2Driver@e3cd (9c0ff67f)]&amp#27;[0m Driver proxy active, passing request on via HTTP proxy
&amp#27;[38;5;32m[AndroidUiautomator2Driver@e3cd (9c0ff67f)]&amp#27;[0m Matched '/session/9c0ff67f-6efc-443b-a62f-dce2bca5d56b/element/00000000-0000-0042-0000-00d900000004/text' to command name 'getText'
&amp#27;[38;5;32m[AndroidUiautomator2Driver@e3cd (9c0ff67f)]&amp#27;[0m Proxying [GET /session/9c0ff67f-6efc-443b-a62f-dce2bca5d56b/element/00000000-0000-0042-0000-00d900000004/text] to [GET http://127.0.0.1:8200/session/2fea60ff-cc1e-449a-891a-56c913714252/element/00000000-0000-0042-0000-00d900000004/text] with no body
&amp#27;[38;5;32m[AndroidUiautomator2Driver@e3cd (9c0ff67f)]&amp#27;[0m Got response with status 200: {"sessionId":"2fea60ff-cc1e-449a-891a-56c913714252","value":"broken clouds"}
&amp#27;[38;5;32m[AndroidUiautomator2Driver@e3cd (9c0ff67f)]&amp#27;[0m Replacing sessionId 2fea60ff-cc1e-449a-891a-56c913714252 with 9c0ff67f-6efc-443b-a62f-dce2bca5d56b
&amp#27;[38;5;0m[HTTP]&amp#27;[0m &amp#27;[37m<-- GET /session/9c0ff67f-6efc-443b-a62f-dce2bca5d56b/element/00000000-0000-0042-0000-00d900000004/text &amp#27;[39m&amp#27;[32m200&amp#27;[39m &amp#27;[90m9 ms - 76&amp#27;[39m
&amp#27;[38;5;0m[HTTP]&amp#27;[0m &amp#27;[90m&amp#27;[39m
&amp#27;[38;5;0m[HTTP]&amp#27;[0m &amp#27;[37m-->&amp#27;[39m &amp#27;[37mPOST&amp#27;[39m &amp#27;[37m/session/9c0ff67f-6efc-443b-a62f-dce2bca5d56b/execute/sync&amp#27;[39m
&amp#27;[38;5;0m[HTTP]&amp#27;[0m &amp#27;[90m{"script":"mobile: swipeGesture","args":[{"elementId":"00000000-0000-0042-0000-001d00000004","percent":0.4,"speed":320,"direction":"left"}]}&amp#27;[39m
&amp#27;[38;5;32m[AndroidUiautomator2Driver@e3cd (9c0ff67f)]&amp#27;[0m Calling AppiumDriver.execute() with args: ["mobile: swipeGesture",[{"elementId":"00000000-0000-0042-0000-001d00000004","percent":0.4,"speed":320,"direction":"left"}],"9c0ff67f-6efc-443b-a62f-dce2bca5d56b"]
&amp#27;[38;5;32m[AndroidUiautomator2Driver@e3cd (9c0ff67f)]&amp#27;[0m Executing method 'mobile: swipeGesture'
&amp#27;[38;5;32m[AndroidUiautomator2Driver@e3cd (9c0ff67f)]&amp#27;[0m Proxying [POST /appium/gestures/swipe] to [POST http://127.0.0.1:8200/session/2fea60ff-cc1e-449a-891a-56c913714252/appium/gestures/swipe] with body: {"origin":{"ELEMENT":"00000000-0000-0042-0000-001d00000004","element-6066-11e4-a52e-4f735466cecf":"00000000-0000-0042-0000-001d00000004"},"direction":"left","percent":0.4,"speed":320}
&amp#27;[38;5;32m[AndroidUiautomator2Driver@e3cd (9c0ff67f)]&amp#27;[0m Got response with status 200: {"sessionId":"2fea60ff-cc1e-449a-891a-56c913714252","value":null}
&amp#27;[38;5;32m[AndroidUiautomator2Driver@e3cd (9c0ff67f)]&amp#27;[0m Responding to client with driver.execute() result: null
&amp#27;[38;5;0m[HTTP]&amp#27;[0m &amp#27;[37m<-- POST /session/9c0ff67f-6efc-443b-a62f-dce2bca5d56b/execute/sync &amp#27;[39m&amp#27;[32m200&amp#27;[39m &amp#27;[90m1549 ms - 14&amp#27;[39m
&amp#27;[38;5;0m[HTTP]&amp#27;[0m &amp#27;[90m&amp#27;[39m
&amp#27;[38;5;0m[HTTP]&amp#27;[0m &amp#27;[37m-->&amp#27;[39m &amp#27;[37mPOST&amp#27;[39m &amp#27;[37m/session/9c0ff67f-6efc-443b-a62f-dce2bca5d56b/elements&amp#27;[39m
&amp#27;[38;5;0m[HTTP]&amp#27;[0m &amp#27;[90m{"using":"xpath","value":"//android.widget.HorizontalScrollView"}&amp#27;[39m
&amp#27;[38;5;32m[AndroidUiautomator2Driver@e3cd (9c0ff67f)]&amp#27;[0m Calling AppiumDriver.findElements() with args: ["xpath","//android.widget.HorizontalScrollView","9c0ff67f-6efc-443b-a62f-dce2bca5d56b"]
&amp#27;[38;5;32m[AndroidUiautomator2Driver@e3cd (9c0ff67f)]&amp#27;[0m Valid locator strategies for this request: xpath, id, class name, accessibility id, css selector, -android uiautomator
&amp#27;[38;5;32m[AndroidUiautomator2Driver@e3cd (9c0ff67f)]&amp#27;[0m Waiting up to 0 ms for condition
&amp#27;[38;5;32m[AndroidUiautomator2Driver@e3cd (9c0ff67f)]&amp#27;[0m Matched '/elements' to command name 'findElements'
&amp#27;[38;5;32m[AndroidUiautomator2Driver@e3cd (9c0ff67f)]&amp#27;[0m Proxying [POST /elements] to [POST http://127.0.0.1:8200/session/2fea60ff-cc1e-449a-891a-56c913714252/elements] with body: {"strategy":"xpath","selector":"//android.widget.HorizontalScrollView","context":"","multiple":true}
&amp#27;[38;5;32m[AndroidUiautomator2Driver@e3cd (9c0ff67f)]&amp#27;[0m Got response with status 200: {"sessionId":"2fea60ff-cc1e-449a-891a-56c913714252","value":[{"ELEMENT":"00000000-0000-0042-0000-001d00000004","element-6066-11e4-a52e-4f735466cecf":"00000000-0000-0042-0000-001d00000004"},{"ELEMENT":"00000000-0000-0042-0000-001e00000004","element-6066-11e4-a52e-4f735466cecf":"00000000-0000-0042-0000-001e00000004"}]}
&amp#27;[38;5;32m[AndroidUiautomator2Driver@e3cd (9c0ff67f)]&amp#27;[0m Responding to client with driver.findElements() result: [{"element-6066-11e4-a52e-4f735466cecf":"00000000-0000-0042-0000-001d00000004","ELEMENT":"00000000-0000-0042-0000-001d00000004"},{"element-6066-11e4-a52e-4f735466cecf":"00000000-0000-0042-0000-001e00000004","ELEMENT":"00000000-0000-0042-0000-001e00000004"}]
&amp#27;[38;5;0m[HTTP]&amp#27;[0m &amp#27;[37m<-- POST /session/9c0ff67f-6efc-443b-a62f-dce2bca5d56b/elements &amp#27;[39m&amp#27;[32m200&amp#27;[39m &amp#27;[90m100 ms - 267&amp#27;[39m
&amp#27;[38;5;0m[HTTP]&amp#27;[0m &amp#27;[90m&amp#27;[39m
&amp#27;[38;5;0m[HTTP]&amp#27;[0m &amp#27;[37m-->&amp#27;[39m &amp#27;[37mPOST&amp#27;[39m &amp#27;[37m/session/9c0ff67f-6efc-443b-a62f-dce2bca5d56b/element/00000000-0000-0042-0000-001d00000004/elements&amp#27;[39m
&amp#27;[38;5;0m[HTTP]&amp#27;[0m &amp#27;[90m{"id":"00000000-0000-0042-0000-001d00000004","using":"xpath","value":"//android.view.View"}&amp#27;[39m
&amp#27;[38;5;32m[AndroidUiautomator2Driver@e3cd (9c0ff67f)]&amp#27;[0m Calling AppiumDriver.findElementsFromElement() with args: ["xpath","//android.view.View","00000000-0000-0042-0000-001d00000004","9c0ff67f-6efc-443b-a62f-dce2bca5d56b"]
&amp#27;[38;5;32m[AndroidUiautomator2Driver@e3cd (9c0ff67f)]&amp#27;[0m Valid locator strategies for this request: xpath, id, class name, accessibility id, css selector, -android uiautomator
&amp#27;[38;5;32m[AndroidUiautomator2Driver@e3cd (9c0ff67f)]&amp#27;[0m Waiting up to 0 ms for condition
&amp#27;[38;5;32m[AndroidUiautomator2Driver@e3cd (9c0ff67f)]&amp#27;[0m Matched '/elements' to command name 'findElements'
&amp#27;[38;5;32m[AndroidUiautomator2Driver@e3cd (9c0ff67f)]&amp#27;[0m Proxying [POST /elements] to [POST http://127.0.0.1:8200/session/2fea60ff-cc1e-449a-891a-56c913714252/elements] with body: {"strategy":"xpath","selector":"//android.view.View","context":"00000000-0000-0042-0000-001d00000004","multiple":true}
&amp#27;[38;5;32m[AndroidUiautomator2Driver@e3cd (9c0ff67f)]&amp#27;[0m Got response with status 200: {"sessionId":"2fea60ff-cc1e-449a-891a-56c913714252","value":[{"ELEMENT":"00000000-0000-0042-0000-00c700000004","element-6066-11e4-a52e-4f735466cecf":"00000000-0000-0042-0000-00c700000004"},{"ELEMENT":"00000000-0000-0042-0000-00c900000004","element-6066-11e4-a52e-4f735466cecf":"00000000-0000-0042-0000-00c900000004"},{"ELEMENT":"00000000-0000-0042-0000-00cb00000004","element-6066-11e4-a52e-4f735466cecf":"00000000-0000-0042-0000-00cb00000004"},{"ELEMENT":"00000000-0000-0042-0000-00cd00000004","element-6066-11e4-a52e-4f735466cecf":"00000000-0000-0042-0000-00cd00000004"},{"ELEMENT":"00000000-0000-0042-0000-00cf00000004","element-6066-11e4-a52e-4f735466cecf":"00000000-0000-0042-0000-00cf00000004"},{"ELEMENT":"00000000-0000-0042-0000-00d100000004","element-6066-11e4-a52e-4f735466cecf":"00000000-0000-0042-0000-00d100000004"},{"ELEMENT":"00000000-0000-0042-0000-00d300000004","element-6066-11e4-a52e-4f735466cecf":"00000000-0000-0042-0000-00d300000004"},{"ELEMENT":"00000000-0000-0042-0000-00d500000004","element-6066-...
&amp#27;[38;5;32m[AndroidUiautomator2Driver@e3cd (9c0ff67f)]&amp#27;[0m Responding to client with driver.findElementsFromElement() result: [{"element-6066-11e4-a52e-4f735466cecf":"00000000-0000-0042-0000-00c700000004","ELEMENT":"00000000-0000-0042-0000-00c700000004"},{"element-6066-11e4-a52e-4f735466cecf":"00000000-0000-0042-0000-00c900000004","ELEMENT":"00000000-0000-0042-0000-00c900000004"},{"element-6066-11e4-a52e-4f735466cecf":"00000000-0000-0042-0000-00cb00000004","ELEMENT":"00000000-0000-0042-0000-00cb00000004"},{"element-6066-11e4-a52e-4f735466cecf":"00000000-0000-0042-0000-00cd00000004","ELEMENT":"00000000-0000-0042-0000-00cd00000004"},{"element-6066-11e4-a52e-4f735466cecf":"00000000-0000-0042-0000-00cf00000004","ELEMENT":"00000000-0000-0042-0000-00cf00000004"},{"element-6066-11e4-a52e-4f735466cecf":"00000000-0000-0042-0000-00d100000004","ELEMENT":"00000000-0000-0042-0000-00d100000004"},{"element-6066-11e4-a52e-4f735466cecf":"00000000-0000-0042-0000-00d300000004","ELEMENT":"00000000-0000-0042-0000-00d300000004"},{"element-6066-11e4-a52e-4f735466cecf":"00000000-0000-0042-0000-00d500000004","ELEMENT":"00000000-0000-0042-0000-00d50000000...
&amp#27;[38;5;0m[HTTP]&amp#27;[0m &amp#27;[37m<-- POST /session/9c0ff67f-6efc-443b-a62f-dce2bca5d56b/element/00000000-0000-0042-0000-001d00000004/elements &amp#27;[39m&amp#27;[32m200&amp#27;[39m &amp#27;[90m45 ms - 1931&amp#27;[39m
&amp#27;[38;5;0m[HTTP]&amp#27;[0m &amp#27;[90m&amp#27;[39m
&amp#27;[38;5;0m[HTTP]&amp#27;[0m &amp#27;[37m-->&amp#27;[39m &amp#27;[37mGET&amp#27;[39m &amp#27;[37m/session/9c0ff67f-6efc-443b-a62f-dce2bca5d56b/element/00000000-0000-0042-0000-00c700000004/text&amp#27;[39m
&amp#27;[38;5;0m[HTTP]&amp#27;[0m &amp#27;[90m{}&amp#27;[39m
&amp#27;[38;5;32m[AndroidUiautomator2Driver@e3cd (9c0ff67f)]&amp#27;[0m Driver proxy active, passing request on via HTTP proxy
&amp#27;[38;5;32m[AndroidUiautomator2Driver@e3cd (9c0ff67f)]&amp#27;[0m Matched '/session/9c0ff67f-6efc-443b-a62f-dce2bca5d56b/element/00000000-0000-0042-0000-00c700000004/text' to command name 'getText'
&amp#27;[38;5;32m[AndroidUiautomator2Driver@e3cd (9c0ff67f)]&amp#27;[0m Proxying [GET /session/9c0ff67f-6efc-443b-a62f-dce2bca5d56b/element/00000000-0000-0042-0000-00c700000004/text] to [GET http://127.0.0.1:8200/session/2fea60ff-cc1e-449a-891a-56c913714252/element/00000000-0000-0042-0000-00c700000004/text] with no body
&amp#27;[38;5;32m[AndroidUiautomator2Driver@e3cd (9c0ff67f)]&amp#27;[0m Got response with status 200: {"sessionId":"2fea60ff-cc1e-449a-891a-56c913714252","value":"09:00"}
&amp#27;[38;5;32m[AndroidUiautomator2Driver@e3cd (9c0ff67f)]&amp#27;[0m Replacing sessionId 2fea60ff-cc1e-449a-891a-56c913714252 with 9c0ff67f-6efc-443b-a62f-dce2bca5d56b
&amp#27;[38;5;0m[HTTP]&amp#27;[0m &amp#27;[37m<-- GET /session/9c0ff67f-6efc-443b-a62f-dce2bca5d56b/element/00000000-0000-0042-0000-00c700000004/text &amp#27;[39m&amp#27;[32m200&amp#27;[39m &amp#27;[90m8 ms - 68&amp#27;[39m
&amp#27;[38;5;0m[HTTP]&amp#27;[0m &amp#27;[90m&amp#27;[39m
&amp#27;[38;5;0m[HTTP]&amp#27;[0m &amp#27;[37m-->&amp#27;[39m &amp#27;[37mGET&amp#27;[39m &amp#27;[37m/session/9c0ff67f-6efc-443b-a62f-dce2bca5d56b/element/00000000-0000-0042-0000-00c900000004/text&amp#27;[39m
&amp#27;[38;5;0m[HTTP]&amp#27;[0m &amp#27;[90m{}&amp#27;[39m
&amp#27;[38;5;32m[AndroidUiautomator2Driver@e3cd (9c0ff67f)]&amp#27;[0m Driver proxy active, passing request on via HTTP proxy
&amp#27;[38;5;32m[AndroidUiautomator2Driver@e3cd (9c0ff67f)]&amp#27;[0m Matched '/session/9c0ff67f-6efc-443b-a62f-dce2bca5d56b/element/00000000-0000-0042-0000-00c900000004/text' to command name 'getText'
&amp#27;[38;5;32m[AndroidUiautomator2Driver@e3cd (9c0ff67f)]&amp#27;[0m Proxying [GET /session/9c0ff67f-6efc-443b-a62f-dce2bca5d56b/element/00000000-0000-0042-0000-00c900000004/text] to [GET http://127.0.0.1:8200/session/2fea60ff-cc1e-449a-891a-56c913714252/element/00000000-0000-0042-0000-00c900000004/text] with no body
&amp#27;[38;5;32m[AndroidUiautomator2Driver@e3cd (9c0ff67f)]&amp#27;[0m Got response with status 200: {"sessionId":"2fea60ff-cc1e-449a-891a-56c913714252","value":"broken clouds"}
&amp#27;[38;5;32m[AndroidUiautomator2Driver@e3cd (9c0ff67f)]&amp#27;[0m Replacing sessionId 2fea60ff-cc1e-449a-891a-56c913714252 with 9c0ff67f-6efc-443b-a62f-dce2bca5d56b
&amp#27;[38;5;0m[HTTP]&amp#27;[0m &amp#27;[37m<-- GET /session/9c0ff67f-6efc-443b-a62f-dce2bca5d56b/element/00000000-0000-0042-0000-00c900000004/text &amp#27;[39m&amp#27;[32m200&amp#27;[39m &amp#27;[90m8 ms - 76&amp#27;[39m
&amp#27;[38;5;0m[HTTP]&amp#27;[0m &amp#27;[90m&amp#27;[39m
&amp#27;[38;5;0m[HTTP]&amp#27;[0m &amp#27;[37m-->&amp#27;[39m &amp#27;[37mGET&amp#27;[39m &amp#27;[37m/session/9c0ff67f-6efc-443b-a62f-dce2bca5d56b/element/00000000-0000-0042-0000-00cb00000004/text&amp#27;[39m
&amp#27;[38;5;0m[HTTP]&amp#27;[0m &amp#27;[90m{}&amp#27;[39m
&amp#27;[38;5;32m[AndroidUiautomator2Driver@e3cd (9c0ff67f)]&amp#27;[0m Driver proxy active, passing request on via HTTP proxy
&amp#27;[38;5;32m[AndroidUiautomator2Driver@e3cd (9c0ff67f)]&amp#27;[0m Matched '/session/9c0ff67f-6efc-443b-a62f-dce2bca5d56b/element/00000000-0000-0042-0000-00cb00000004/text' to command name 'getText'
&amp#27;[38;5;32m[AndroidUiautomator2Driver@e3cd (9c0ff67f)]&amp#27;[0m Proxying [GET /session/9c0ff67f-6efc-443b-a62f-dce2bca5d56b/element/00000000-0000-0042-0000-00cb00000004/text] to [GET http://127.0.0.1:8200/session/2fea60ff-cc1e-449a-891a-56c913714252/element/00000000-0000-0042-0000-00cb00000004/text] with no body
&amp#27;[38;5;32m[AndroidUiautomator2Driver@e3cd (9c0ff67f)]&amp#27;[0m Got response with status 200: {"sessionId":"2fea60ff-cc1e-449a-891a-56c913714252","value":"79 %"}
&amp#27;[38;5;32m[AndroidUiautomator2Driver@e3cd (9c0ff67f)]&amp#27;[0m Replacing sessionId 2fea60ff-cc1e-449a-891a-56c913714252 with 9c0ff67f-6efc-443b-a62f-dce2bca5d56b
&amp#27;[38;5;0m[HTTP]&amp#27;[0m &amp#27;[37m<-- GET /session/9c0ff67f-6efc-443b-a62f-dce2bca5d56b/element/00000000-0000-0042-0000-00cb00000004/text &amp#27;[39m&amp#27;[32m200&amp#27;[39m &amp#27;[90m8 ms - 67&amp#27;[39m
&amp#27;[38;5;0m[HTTP]&amp#27;[0m &amp#27;[90m&amp#27;[39m
&amp#27;[38;5;0m[HTTP]&amp#27;[0m &amp#27;[37m-->&amp#27;[39m &amp#27;[37mGET&amp#27;[39m &amp#27;[37m/session/9c0ff67f-6efc-443b-a62f-dce2bca5d56b/element/00000000-0000-0042-0000-00cd00000004/text&amp#27;[39m
&amp#27;[38;5;0m[HTTP]&amp#27;[0m &amp#27;[90m{}&amp#27;[39m
&amp#27;[38;5;32m[AndroidUiautomator2Driver@e3cd (9c0ff67f)]&amp#27;[0m Driver proxy active, passing request on via HTTP proxy
&amp#27;[38;5;32m[AndroidUiautomator2Driver@e3cd (9c0ff67f)]&amp#27;[0m Matched '/session/9c0ff67f-6efc-443b-a62f-dce2bca5d56b/element/00000000-0000-0042-0000-00cd00000004/text' to command name 'getText'
&amp#27;[38;5;32m[AndroidUiautomator2Driver@e3cd (9c0ff67f)]&amp#27;[0m Proxying [GET /session/9c0ff67f-6efc-443b-a62f-dce2bca5d56b/element/00000000-0000-0042-0000-00cd00000004/text] to [GET http://127.0.0.1:8200/session/2fea60ff-cc1e-449a-891a-56c913714252/element/00000000-0000-0042-0000-00cd00000004/text] with no body
&amp#27;[38;5;32m[AndroidUiautomator2Driver@e3cd (9c0ff67f)]&amp#27;[0m Got response with status 200: {"sessionId":"2fea60ff-cc1e-449a-891a-56c913714252","value":"12 Â°C"}
&amp#27;[38;5;32m[AndroidUiautomator2Driver@e3cd (9c0ff67f)]&amp#27;[0m Replacing sessionId 2fea60ff-cc1e-449a-891a-56c913714252 with 9c0ff67f-6efc-443b-a62f-dce2bca5d56b
&amp#27;[38;5;0m[HTTP]&amp#27;[0m &amp#27;[37m<-- GET /session/9c0ff67f-6efc-443b-a62f-dce2bca5d56b/element/00000000-0000-0042-0000-00cd00000004/text &amp#27;[39m&amp#27;[32m200&amp#27;[39m &amp#27;[90m8 ms - 69&amp#27;[39m
&amp#27;[38;5;0m[HTTP]&amp#27;[0m &amp#27;[90m&amp#27;[39m
&amp#27;[38;5;0m[HTTP]&amp#27;[0m &amp#27;[37m-->&amp#27;[39m &amp#27;[37mGET&amp#27;[39m &amp#27;[37m/session/9c0ff67f-6efc-443b-a62f-dce2bca5d56b/element/00000000-0000-0042-0000-00cf00000004/text&amp#27;[39m
&amp#27;[38;5;0m[HTTP]&amp#27;[0m &amp#27;[90m{}&amp#27;[39m
&amp#27;[38;5;32m[AndroidUiautomator2Driver@e3cd (9c0ff67f)]&amp#27;[0m Driver proxy active, passing request on via HTTP proxy
&amp#27;[38;5;32m[AndroidUiautomator2Driver@e3cd (9c0ff67f)]&amp#27;[0m Matched '/session/9c0ff67f-6efc-443b-a62f-dce2bca5d56b/element/00000000-0000-0042-0000-00cf00000004/text' to command name 'getText'
&amp#27;[38;5;32m[AndroidUiautomator2Driver@e3cd (9c0ff67f)]&amp#27;[0m Proxying [GET /session/9c0ff67f-6efc-443b-a62f-dce2bca5d56b/element/00000000-0000-0042-0000-00cf00000004/text] to [GET http://127.0.0.1:8200/session/2fea60ff-cc1e-449a-891a-56c913714252/element/00000000-0000-0042-0000-00cf00000004/text] with no body
&amp#27;[38;5;32m[AndroidUiautomator2Driver@e3cd (9c0ff67f)]&amp#27;[0m Got response with status 200: {"sessionId":"2fea60ff-cc1e-449a-891a-56c913714252","value":"10:00"}
&amp#27;[38;5;32m[AndroidUiautomator2Driver@e3cd (9c0ff67f)]&amp#27;[0m Replacing sessionId 2fea60ff-cc1e-449a-891a-56c913714252 with 9c0ff67f-6efc-443b-a62f-dce2bca5d56b
&amp#27;[38;5;0m[HTTP]&amp#27;[0m &amp#27;[37m<-- GET /session/9c0ff67f-6efc-443b-a62f-dce2bca5d56b/element/00000000-0000-0042-0000-00cf00000004/text &amp#27;[39m&amp#27;[32m200&amp#27;[39m &amp#27;[90m8 ms - 68&amp#27;[39m
&amp#27;[38;5;0m[HTTP]&amp#27;[0m &amp#27;[90m&amp#27;[39m
&amp#27;[38;5;0m[HTTP]&amp#27;[0m &amp#27;[37m-->&amp#27;[39m &amp#27;[37mGET&amp#27;[39m &amp#27;[37m/session/9c0ff67f-6efc-443b-a62f-dce2bca5d56b/element/00000000-0000-0042-0000-00d100000004/text&amp#27;[39m
&amp#27;[38;5;0m[HTTP]&amp#27;[0m &amp#27;[90m{}&amp#27;[39m
&amp#27;[38;5;32m[AndroidUiautomator2Driver@e3cd (9c0ff67f)]&amp#27;[0m Driver proxy active, passing request on via HTTP proxy
&amp#27;[38;5;32m[AndroidUiautomator2Driver@e3cd (9c0ff67f)]&amp#27;[0m Matched '/session/9c0ff67f-6efc-443b-a62f-dce2bca5d56b/element/00000000-0000-0042-0000-00d100000004/text' to command name 'getText'
&amp#27;[38;5;32m[AndroidUiautomator2Driver@e3cd (9c0ff67f)]&amp#27;[0m Proxying [GET /session/9c0ff67f-6efc-443b-a62f-dce2bca5d56b/element/00000000-0000-0042-0000-00d100000004/text] to [GET http://127.0.0.1:8200/session/2fea60ff-cc1e-449a-891a-56c913714252/element/00000000-0000-0042-0000-00d100000004/text] with no body
&amp#27;[38;5;32m[AndroidUiautomator2Driver@e3cd (9c0ff67f)]&amp#27;[0m Got response with status 200: {"sessionId":"2fea60ff-cc1e-449a-891a-56c913714252","value":"broken clouds"}
&amp#27;[38;5;32m[AndroidUiautomator2Driver@e3cd (9c0ff67f)]&amp#27;[0m Replacing sessionId 2fea60ff-cc1e-449a-891a-56c913714252 with 9c0ff67f-6efc-443b-a62f-dce2bca5d56b
&amp#27;[38;5;0m[HTTP]&amp#27;[0m &amp#27;[37m<-- GET /session/9c0ff67f-6efc-443b-a62f-dce2bca5d56b/element/00000000-0000-0042-0000-00d100000004/text &amp#27;[39m&amp#27;[32m200&amp#27;[39m &amp#27;[90m8 ms - 76&amp#27;[39m
&amp#27;[38;5;0m[HTTP]&amp#27;[0m &amp#27;[90m&amp#27;[39m
&amp#27;[38;5;0m[HTTP]&amp#27;[0m &amp#27;[37m-->&amp#27;[39m &amp#27;[37mGET&amp#27;[39m &amp#27;[37m/session/9c0ff67f-6efc-443b-a62f-dce2bca5d56b/element/00000000-0000-0042-0000-00d300000004/text&amp#27;[39m
&amp#27;[38;5;0m[HTTP]&amp#27;[0m &amp#27;[90m{}&amp#27;[39m
&amp#27;[38;5;32m[AndroidUiautomator2Driver@e3cd (9c0ff67f)]&amp#27;[0m Driver proxy active, passing request on via HTTP proxy
&amp#27;[38;5;32m[AndroidUiautomator2Driver@e3cd (9c0ff67f)]&amp#27;[0m Matched '/session/9c0ff67f-6efc-443b-a62f-dce2bca5d56b/element/00000000-0000-0042-0000-00d300000004/text' to command name 'getText'
&amp#27;[38;5;32m[AndroidUiautomator2Driver@e3cd (9c0ff67f)]&amp#27;[0m Proxying [GET /session/9c0ff67f-6efc-443b-a62f-dce2bca5d56b/element/00000000-0000-0042-0000-00d300000004/text] to [GET http://127.0.0.1:8200/session/2fea60ff-cc1e-449a-891a-56c913714252/element/00000000-0000-0042-0000-00d300000004/text] with no body
&amp#27;[38;5;32m[AndroidUiautomator2Driver@e3cd (9c0ff67f)]&amp#27;[0m Got response with status 200: {"sessionId":"2fea60ff-cc1e-449a-891a-56c913714252","value":"80 %"}
&amp#27;[38;5;32m[AndroidUiautomator2Driver@e3cd (9c0ff67f)]&amp#27;[0m Replacing sessionId 2fea60ff-cc1e-449a-891a-56c913714252 with 9c0ff67f-6efc-443b-a62f-dce2bca5d56b
&amp#27;[38;5;0m[HTTP]&amp#27;[0m &amp#27;[37m<-- GET /session/9c0ff67f-6efc-443b-a62f-dce2bca5d56b/element/00000000-0000-0042-0000-00d300000004/text &amp#27;[39m&amp#27;[32m200&amp#27;[39m &amp#27;[90m8 ms - 67&amp#27;[39m
&amp#27;[38;5;0m[HTTP]&amp#27;[0m &amp#27;[90m&amp#27;[39m
&amp#27;[38;5;0m[HTTP]&amp#27;[0m &amp#27;[37m-->&amp#27;[39m &amp#27;[37mGET&amp#27;[39m &amp#27;[37m/session/9c0ff67f-6efc-443b-a62f-dce2bca5d56b/element/00000000-0000-0042-0000-00d500000004/text&amp#27;[39m
&amp#27;[38;5;0m[HTTP]&amp#27;[0m &amp#27;[90m{}&amp#27;[39m
&amp#27;[38;5;32m[AndroidUiautomator2Driver@e3cd (9c0ff67f)]&amp#27;[0m Driver proxy active, passing request on via HTTP proxy
&amp#27;[38;5;32m[AndroidUiautomator2Driver@e3cd (9c0ff67f)]&amp#27;[0m Matched '/session/9c0ff67f-6efc-443b-a62f-dce2bca5d56b/element/00000000-0000-0042-0000-00d500000004/text' to command name 'getText'
&amp#27;[38;5;32m[AndroidUiautomator2Driver@e3cd (9c0ff67f)]&amp#27;[0m Proxying [GET /session/9c0ff67f-6efc-443b-a62f-dce2bca5d56b/element/00000000-0000-0042-0000-00d500000004/text] to [GET http://127.0.0.1:8200/session/2fea60ff-cc1e-449a-891a-56c913714252/element/00000000-0000-0042-0000-00d500000004/text] with no body
&amp#27;[38;5;32m[AndroidUiautomator2Driver@e3cd (9c0ff67f)]&amp#27;[0m Got response with status 200: {"sessionId":"2fea60ff-cc1e-449a-891a-56c913714252","value":"11 Â°C"}
&amp#27;[38;5;32m[AndroidUiautomator2Driver@e3cd (9c0ff67f)]&amp#27;[0m Replacing sessionId 2fea60ff-cc1e-449a-891a-56c913714252 with 9c0ff67f-6efc-443b-a62f-dce2bca5d56b
&amp#27;[38;5;0m[HTTP]&amp#27;[0m &amp#27;[37m<-- GET /session/9c0ff67f-6efc-443b-a62f-dce2bca5d56b/element/00000000-0000-0042-0000-00d500000004/text &amp#27;[39m&amp#27;[32m200&amp#27;[39m &amp#27;[90m8 ms - 69&amp#27;[39m
&amp#27;[38;5;0m[HTTP]&amp#27;[0m &amp#27;[90m&amp#27;[39m
&amp#27;[38;5;0m[HTTP]&amp#27;[0m &amp#27;[37m-->&amp#27;[39m &amp#27;[37mGET&amp#27;[39m &amp#27;[37m/session/9c0ff67f-6efc-443b-a62f-dce2bca5d56b/element/00000000-0000-0042-0000-00d700000004/text&amp#27;[39m
&amp#27;[38;5;0m[HTTP]&amp#27;[0m &amp#27;[90m{}&amp#27;[39m
&amp#27;[38;5;32m[AndroidUiautomator2Driver@e3cd (9c0ff67f)]&amp#27;[0m Driver proxy active, passing request on via HTTP proxy
&amp#27;[38;5;32m[AndroidUiautomator2Driver@e3cd (9c0ff67f)]&amp#27;[0m Matched '/session/9c0ff67f-6efc-443b-a62f-dce2bca5d56b/element/00000000-0000-0042-0000-00d700000004/text' to command name 'getText'
&amp#27;[38;5;32m[AndroidUiautomator2Driver@e3cd (9c0ff67f)]&amp#27;[0m Proxying [GET /session/9c0ff67f-6efc-443b-a62f-dce2bca5d56b/element/00000000-0000-0042-0000-00d700000004/text] to [GET http://127.0.0.1:8200/session/2fea60ff-cc1e-449a-891a-56c913714252/element/00000000-0000-0042-0000-00d700000004/text] with no body
&amp#27;[38;5;32m[AndroidUiautomator2Driver@e3cd (9c0ff67f)]&amp#27;[0m Got response with status 200: {"sessionId":"2fea60ff-cc1e-449a-891a-56c913714252","value":"11:00"}
&amp#27;[38;5;32m[AndroidUiautomator2Driver@e3cd (9c0ff67f)]&amp#27;[0m Replacing sessionId 2fea60ff-cc1e-449a-891a-56c913714252 with 9c0ff67f-6efc-443b-a62f-dce2bca5d56b
&amp#27;[38;5;0m[HTTP]&amp#27;[0m &amp#27;[37m<-- GET /session/9c0ff67f-6efc-443b-a62f-dce2bca5d56b/element/00000000-0000-0042-0000-00d700000004/text &amp#27;[39m&amp#27;[32m200&amp#27;[39m &amp#27;[90m8 ms - 68&amp#27;[39m
&amp#27;[38;5;0m[HTTP]&amp#27;[0m &amp#27;[90m&amp#27;[39m
&amp#27;[38;5;0m[HTTP]&amp#27;[0m &amp#27;[37m-->&amp#27;[39m &amp#27;[37mGET&amp#27;[39m &amp#27;[37m/session/9c0ff67f-6efc-443b-a62f-dce2bca5d56b/element/00000000-0000-0042-0000-00d900000004/text&amp#27;[39m
&amp#27;[38;5;0m[HTTP]&amp#27;[0m &amp#27;[90m{}&amp#27;[39m
&amp#27;[38;5;32m[AndroidUiautomator2Driver@e3cd (9c0ff67f)]&amp#27;[0m Driver proxy active, passing request on via HTTP proxy
&amp#27;[38;5;32m[AndroidUiautomator2Driver@e3cd (9c0ff67f)]&amp#27;[0m Matched '/session/9c0ff67f-6efc-443b-a62f-dce2bca5d56b/element/00000000-0000-0042-0000-00d900000004/text' to command name 'getText'
&amp#27;[38;5;32m[AndroidUiautomator2Driver@e3cd (9c0ff67f)]&amp#27;[0m Proxying [GET /session/9c0ff67f-6efc-443b-a62f-dce2bca5d56b/element/00000000-0000-0042-0000-00d900000004/text] to [GET http://127.0.0.1:8200/session/2fea60ff-cc1e-449a-891a-56c913714252/element/00000000-0000-0042-0000-00d900000004/text] with no body
&amp#27;[38;5;32m[AndroidUiautomator2Driver@e3cd (9c0ff67f)]&amp#27;[0m Got response with status 200: {"sessionId":"2fea60ff-cc1e-449a-891a-56c913714252","value":"broken clouds"}
&amp#27;[38;5;32m[AndroidUiautomator2Driver@e3cd (9c0ff67f)]&amp#27;[0m Replacing sessionId 2fea60ff-cc1e-449a-891a-56c913714252 with 9c0ff67f-6efc-443b-a62f-dce2bca5d56b
&amp#27;[38;5;0m[HTTP]&amp#27;[0m &amp#27;[37m<-- GET /session/9c0ff67f-6efc-443b-a62f-dce2bca5d56b/element/00000000-0000-0042-0000-00d900000004/text &amp#27;[39m&amp#27;[32m200&amp#27;[39m &amp#27;[90m8 ms - 76&amp#27;[39m
&amp#27;[38;5;0m[HTTP]&amp#27;[0m &amp#27;[90m&amp#27;[39m
&amp#27;[38;5;0m[HTTP]&amp#27;[0m &amp#27;[37m-->&amp#27;[39m &amp#27;[37mGET&amp#27;[39m &amp#27;[37m/session/9c0ff67f-6efc-443b-a62f-dce2bca5d56b/element/00000000-0000-0042-0000-00db00000004/text&amp#27;[39m
&amp#27;[38;5;0m[HTTP]&amp#27;[0m &amp#27;[90m{}&amp#27;[39m
&amp#27;[38;5;32m[AndroidUiautomator2Driver@e3cd (9c0ff67f)]&amp#27;[0m Driver proxy active, passing request on via HTTP proxy
&amp#27;[38;5;32m[AndroidUiautomator2Driver@e3cd (9c0ff67f)]&amp#27;[0m Matched '/session/9c0ff67f-6efc-443b-a62f-dce2bca5d56b/element/00000000-0000-0042-0000-00db00000004/text' to command name 'getText'
&amp#27;[38;5;32m[AndroidUiautomator2Driver@e3cd (9c0ff67f)]&amp#27;[0m Proxying [GET /session/9c0ff67f-6efc-443b-a62f-dce2bca5d56b/element/00000000-0000-0042-0000-00db00000004/text] to [GET http://127.0.0.1:8200/session/2fea60ff-cc1e-449a-891a-56c913714252/element/00000000-0000-0042-0000-00db00000004/text] with no body
&amp#27;[38;5;32m[AndroidUiautomator2Driver@e3cd (9c0ff67f)]&amp#27;[0m Got response with status 200: {"sessionId":"2fea60ff-cc1e-449a-891a-56c913714252","value":"81 %"}
&amp#27;[38;5;32m[AndroidUiautomator2Driver@e3cd (9c0ff67f)]&amp#27;[0m Replacing sessionId 2fea60ff-cc1e-449a-891a-56c913714252 with 9c0ff67f-6efc-443b-a62f-dce2bca5d56b
&amp#27;[38;5;0m[HTTP]&amp#27;[0m &amp#27;[37m<-- GET /session/9c0ff67f-6efc-443b-a62f-dce2bca5d56b/element/00000000-0000-0042-0000-00db00000004/text &amp#27;[39m&amp#27;[32m200&amp#27;[39m &amp#27;[90m8 ms - 67&amp#27;[39m
&amp#27;[38;5;0m[HTTP]&amp#27;[0m &amp#27;[90m&amp#27;[39m
&amp#27;[38;5;0m[HTTP]&amp#27;[0m &amp#27;[37m-->&amp#27;[39m &amp#27;[37mGET&amp#27;[39m &amp#27;[37m/session/9c0ff67f-6efc-443b-a62f-dce2bca5d56b/element/00000000-0000-0042-0000-00dd00000004/text&amp#27;[39m
&amp#27;[38;5;0m[HTTP]&amp#27;[0m &amp#27;[90m{}&amp#27;[39m
&amp#27;[38;5;32m[AndroidUiautomator2Driver@e3cd (9c0ff67f)]&amp#27;[0m Driver proxy active, passing request on via HTTP proxy
&amp#27;[38;5;32m[AndroidUiautomator2Driver@e3cd (9c0ff67f)]&amp#27;[0m Matched '/session/9c0ff67f-6efc-443b-a62f-dce2bca5d56b/element/00000000-0000-0042-0000-00dd00000004/text' to command name 'getText'
&amp#27;[38;5;32m[AndroidUiautomator2Driver@e3cd (9c0ff67f)]&amp#27;[0m Proxying [GET /session/9c0ff67f-6efc-443b-a62f-dce2bca5d56b/element/00000000-0000-0042-0000-00dd00000004/text] to [GET http://127.0.0.1:8200/session/2fea60ff-cc1e-449a-891a-56c913714252/element/00000000-0000-0042-0000-00dd00000004/text] with no body
&amp#27;[38;5;32m[AndroidUiautomator2Driver@e3cd (9c0ff67f)]&amp#27;[0m Got response with status 200: {"sessionId":"2fea60ff-cc1e-449a-891a-56c913714252","value":"11 Â°C"}
&amp#27;[38;5;32m[AndroidUiautomator2Driver@e3cd (9c0ff67f)]&amp#27;[0m Replacing sessionId 2fea60ff-cc1e-449a-891a-56c913714252 with 9c0ff67f-6efc-443b-a62f-dce2bca5d56b
&amp#27;[38;5;0m[HTTP]&amp#27;[0m &amp#27;[37m<-- GET /session/9c0ff67f-6efc-443b-a62f-dce2bca5d56b/element/00000000-0000-0042-0000-00dd00000004/text &amp#27;[39m&amp#27;[32m200&amp#27;[39m &amp#27;[90m8 ms - 69&amp#27;[39m
&amp#27;[38;5;0m[HTTP]&amp#27;[0m &amp#27;[90m&amp#27;[39m
&amp#27;[38;5;0m[HTTP]&amp#27;[0m &amp#27;[37m-->&amp#27;[39m &amp#27;[37mGET&amp#27;[39m &amp#27;[37m/session/9c0ff67f-6efc-443b-a62f-dce2bca5d56b/element/00000000-0000-0042-0000-00df00000004/text&amp#27;[39m
&amp#27;[38;5;0m[HTTP]&amp#27;[0m &amp#27;[90m{}&amp#27;[39m
&amp#27;[38;5;32m[AndroidUiautomator2Driver@e3cd (9c0ff67f)]&amp#27;[0m Driver proxy active, passing request on via HTTP proxy
&amp#27;[38;5;32m[AndroidUiautomator2Driver@e3cd (9c0ff67f)]&amp#27;[0m Matched '/session/9c0ff67f-6efc-443b-a62f-dce2bca5d56b/element/00000000-0000-0042-0000-00df00000004/text' to command name 'getText'
&amp#27;[38;5;32m[AndroidUiautomator2Driver@e3cd (9c0ff67f)]&amp#27;[0m Proxying [GET /session/9c0ff67f-6efc-443b-a62f-dce2bca5d56b/element/00000000-0000-0042-0000-00df00000004/text] to [GET http://127.0.0.1:8200/session/2fea60ff-cc1e-449a-891a-56c913714252/element/00000000-0000-0042-0000-00df00000004/text] with no body
&amp#27;[38;5;32m[AndroidUiautomator2Driver@e3cd (9c0ff67f)]&amp#27;[0m Got response with status 200: {"sessionId":"2fea60ff-cc1e-449a-891a-56c913714252","value":"12:00"}
&amp#27;[38;5;32m[AndroidUiautomator2Driver@e3cd (9c0ff67f)]&amp#27;[0m Replacing sessionId 2fea60ff-cc1e-449a-891a-56c913714252 with 9c0ff67f-6efc-443b-a62f-dce2bca5d56b
&amp#27;[38;5;0m[HTTP]&amp#27;[0m &amp#27;[37m<-- GET /session/9c0ff67f-6efc-443b-a62f-dce2bca5d56b/element/00000000-0000-0042-0000-00df00000004/text &amp#27;[39m&amp#27;[32m200&amp#27;[39m &amp#27;[90m9 ms - 68&amp#27;[39m
&amp#27;[38;5;0m[HTTP]&amp#27;[0m &amp#27;[90m&amp#27;[39m
&amp#27;[38;5;0m[HTTP]&amp#27;[0m &amp#27;[37m-->&amp#27;[39m &amp#27;[37mGET&amp#27;[39m &amp#27;[37m/session/9c0ff67f-6efc-443b-a62f-dce2bca5d56b/element/00000000-0000-0042-0000-00e100000004/text&amp#27;[39m
&amp#27;[38;5;0m[HTTP]&amp#27;[0m &amp#27;[90m{}&amp#27;[39m
&amp#27;[38;5;32m[AndroidUiautomator2Driver@e3cd (9c0ff67f)]&amp#27;[0m Driver proxy active, passing request on via HTTP proxy
&amp#27;[38;5;32m[AndroidUiautomator2Driver@e3cd (9c0ff67f)]&amp#27;[0m Matched '/session/9c0ff67f-6efc-443b-a62f-dce2bca5d56b/element/00000000-0000-0042-0000-00e100000004/text' to command name 'getText'
&amp#27;[38;5;32m[AndroidUiautomator2Driver@e3cd (9c0ff67f)]&amp#27;[0m Proxying [GET /session/9c0ff67f-6efc-443b-a62f-dce2bca5d56b/element/00000000-0000-0042-0000-00e100000004/text] to [GET http://127.0.0.1:8200/session/2fea60ff-cc1e-449a-891a-56c913714252/element/00000000-0000-0042-0000-00e100000004/text] with no body
&amp#27;[38;5;32m[AndroidUiautomator2Driver@e3cd (9c0ff67f)]&amp#27;[0m Got response with status 200: {"sessionId":"2fea60ff-cc1e-449a-891a-56c913714252","value":"broken clouds"}
&amp#27;[38;5;32m[AndroidUiautomator2Driver@e3cd (9c0ff67f)]&amp#27;[0m Replacing sessionId 2fea60ff-cc1e-449a-891a-56c913714252 with 9c0ff67f-6efc-443b-a62f-dce2bca5d56b
&amp#27;[38;5;0m[HTTP]&amp#27;[0m &amp#27;[37m<-- GET /session/9c0ff67f-6efc-443b-a62f-dce2bca5d56b/element/00000000-0000-0042-0000-00e100000004/text &amp#27;[39m&amp#27;[32m200&amp#27;[39m &amp#27;[90m10 ms - 76&amp#27;[39m
&amp#27;[38;5;0m[HTTP]&amp#27;[0m &amp#27;[90m&amp#27;[39m
&amp#27;[38;5;0m[HTTP]&amp#27;[0m &amp#27;[37m-->&amp#27;[39m &amp#27;[37mGET&amp#27;[39m &amp#27;[37m/session/9c0ff67f-6efc-443b-a62f-dce2bca5d56b/element/00000000-0000-0042-0000-00e500000004/text&amp#27;[39m
&amp#27;[38;5;0m[HTTP]&amp#27;[0m &amp#27;[90m{}&amp#27;[39m
&amp#27;[38;5;32m[AndroidUiautomator2Driver@e3cd (9c0ff67f)]&amp#27;[0m Driver proxy active, passing request on via HTTP proxy
&amp#27;[38;5;32m[AndroidUiautomator2Driver@e3cd (9c0ff67f)]&amp#27;[0m Matched '/session/9c0ff67f-6efc-443b-a62f-dce2bca5d56b/element/00000000-0000-0042-0000-00e500000004/text' to command name 'getText'
&amp#27;[38;5;32m[AndroidUiautomator2Driver@e3cd (9c0ff67f)]&amp#27;[0m Proxying [GET /session/9c0ff67f-6efc-443b-a62f-dce2bca5d56b/element/00000000-0000-0042-0000-00e500000004/text] to [GET http://127.0.0.1:8200/session/2fea60ff-cc1e-449a-891a-56c913714252/element/00000000-0000-0042-0000-00e500000004/text] with no body
&amp#27;[38;5;32m[AndroidUiautomator2Driver@e3cd (9c0ff67f)]&amp#27;[0m Got response with status 200: {"sessionId":"2fea60ff-cc1e-449a-891a-56c913714252","value":"11 Â°C"}
&amp#27;[38;5;32m[AndroidUiautomator2Driver@e3cd (9c0ff67f)]&amp#27;[0m Replacing sessionId 2fea60ff-cc1e-449a-891a-56c913714252 with 9c0ff67f-6efc-443b-a62f-dce2bca5d56b
&amp#27;[38;5;0m[HTTP]&amp#27;[0m &amp#27;[37m<-- GET /session/9c0ff67f-6efc-443b-a62f-dce2bca5d56b/element/00000000-0000-0042-0000-00e500000004/text &amp#27;[39m&amp#27;[32m200&amp#27;[39m &amp#27;[90m9 ms - 69&amp#27;[39m
&amp#27;[38;5;0m[HTTP]&amp#27;[0m &amp#27;[90m&amp#27;[39m
&amp#27;[38;5;0m[HTTP]&amp#27;[0m &amp#27;[37m-->&amp#27;[39m &amp#27;[37mPOST&amp#27;[39m &amp#27;[37m/session/9c0ff67f-6efc-443b-a62f-dce2bca5d56b/execute/sync&amp#27;[39m
&amp#27;[38;5;0m[HTTP]&amp#27;[0m &amp#27;[90m{"script":"mobile: swipeGesture","args":[{"elementId":"00000000-0000-0042-0000-001d00000004","percent":0.4,"speed":320,"direction":"left"}]}&amp#27;[39m
&amp#27;[38;5;32m[AndroidUiautomator2Driver@e3cd (9c0ff67f)]&amp#27;[0m Calling AppiumDriver.execute() with args: ["mobile: swipeGesture",[{"elementId":"00000000-0000-0042-0000-001d00000004","percent":0.4,"speed":320,"direction":"left"}],"9c0ff67f-6efc-443b-a62f-dce2bca5d56b"]
&amp#27;[38;5;32m[AndroidUiautomator2Driver@e3cd (9c0ff67f)]&amp#27;[0m Executing method 'mobile: swipeGesture'
&amp#27;[38;5;32m[AndroidUiautomator2Driver@e3cd (9c0ff67f)]&amp#27;[0m Proxying [POST /appium/gestures/swipe] to [POST http://127.0.0.1:8200/session/2fea60ff-cc1e-449a-891a-56c913714252/appium/gestures/swipe] with body: {"origin":{"ELEMENT":"00000000-0000-0042-0000-001d00000004","element-6066-11e4-a52e-4f735466cecf":"00000000-0000-0042-0000-001d00000004"},"direction":"left","percent":0.4,"speed":320}
&amp#27;[38;5;32m[AndroidUiautomator2Driver@e3cd (9c0ff67f)]&amp#27;[0m Got response with status 200: {"sessionId":"2fea60ff-cc1e-449a-891a-56c913714252","value":null}
&amp#27;[38;5;32m[AndroidUiautomator2Driver@e3cd (9c0ff67f)]&amp#27;[0m Responding to client with driver.execute() result: null
&amp#27;[38;5;0m[HTTP]&amp#27;[0m &amp#27;[37m<-- POST /session/9c0ff67f-6efc-443b-a62f-dce2bca5d56b/execute/sync &amp#27;[39m&amp#27;[32m200&amp#27;[39m &amp#27;[90m1553 ms - 14&amp#27;[39m
&amp#27;[38;5;0m[HTTP]&amp#27;[0m &amp#27;[90m&amp#27;[39m
&amp#27;[38;5;0m[HTTP]&amp#27;[0m &amp#27;[37m-->&amp#27;[39m &amp#27;[37mPOST&amp#27;[39m &amp#27;[37m/session/9c0ff67f-6efc-443b-a62f-dce2bca5d56b/elements&amp#27;[39m
&amp#27;[38;5;0m[HTTP]&amp#27;[0m &amp#27;[90m{"using":"xpath","value":"//android.widget.HorizontalScrollView"}&amp#27;[39m
&amp#27;[38;5;32m[AndroidUiautomator2Driver@e3cd (9c0ff67f)]&amp#27;[0m Calling AppiumDriver.findElements() with args: ["xpath","//android.widget.HorizontalScrollView","9c0ff67f-6efc-443b-a62f-dce2bca5d56b"]
&amp#27;[38;5;32m[AndroidUiautomator2Driver@e3cd (9c0ff67f)]&amp#27;[0m Valid locator strategies for this request: xpath, id, class name, accessibility id, css selector, -android uiautomator
&amp#27;[38;5;32m[AndroidUiautomator2Driver@e3cd (9c0ff67f)]&amp#27;[0m Waiting up to 0 ms for condition
&amp#27;[38;5;32m[AndroidUiautomator2Driver@e3cd (9c0ff67f)]&amp#27;[0m Matched '/elements' to command name 'findElements'
&amp#27;[38;5;32m[AndroidUiautomator2Driver@e3cd (9c0ff67f)]&amp#27;[0m Proxying [POST /elements] to [POST http://127.0.0.1:8200/session/2fea60ff-cc1e-449a-891a-56c913714252/elements] with body: {"strategy":"xpath","selector":"//android.widget.HorizontalScrollView","context":"","multiple":true}
&amp#27;[38;5;32m[AndroidUiautomator2Driver@e3cd (9c0ff67f)]&amp#27;[0m Got response with status 200: {"sessionId":"2fea60ff-cc1e-449a-891a-56c913714252","value":[{"ELEMENT":"00000000-0000-0042-0000-001d00000004","element-6066-11e4-a52e-4f735466cecf":"00000000-0000-0042-0000-001d00000004"},{"ELEMENT":"00000000-0000-0042-0000-001e00000004","element-6066-11e4-a52e-4f735466cecf":"00000000-0000-0042-0000-001e00000004"}]}
&amp#27;[38;5;32m[AndroidUiautomator2Driver@e3cd (9c0ff67f)]&amp#27;[0m Responding to client with driver.findElements() result: [{"element-6066-11e4-a52e-4f735466cecf":"00000000-0000-0042-0000-001d00000004","ELEMENT":"00000000-0000-0042-0000-001d00000004"},{"element-6066-11e4-a52e-4f735466cecf":"00000000-0000-0042-0000-001e00000004","ELEMENT":"00000000-0000-0042-0000-001e00000004"}]
&amp#27;[38;5;0m[HTTP]&amp#27;[0m &amp#27;[37m<-- POST /session/9c0ff67f-6efc-443b-a62f-dce2bca5d56b/elements &amp#27;[39m&amp#27;[32m200&amp#27;[39m &amp#27;[90m107 ms - 267&amp#27;[39m
&amp#27;[38;5;0m[HTTP]&amp#27;[0m &amp#27;[90m&amp#27;[39m
&amp#27;[38;5;0m[HTTP]&amp#27;[0m &amp#27;[37m-->&amp#27;[39m &amp#27;[37mPOST&amp#27;[39m &amp#27;[37m/session/9c0ff67f-6efc-443b-a62f-dce2bca5d56b/element/00000000-0000-0042-0000-001d00000004/elements&amp#27;[39m
&amp#27;[38;5;0m[HTTP]&amp#27;[0m &amp#27;[90m{"id":"00000000-0000-0042-0000-001d00000004","using":"xpath","value":"//android.view.View"}&amp#27;[39m
&amp#27;[38;5;32m[AndroidUiautomator2Driver@e3cd (9c0ff67f)]&amp#27;[0m Calling AppiumDriver.findElementsFromElement() with args: ["xpath","//android.view.View","00000000-0000-0042-0000-001d00000004","9c0ff67f-6efc-443b-a62f-dce2bca5d56b"]
&amp#27;[38;5;32m[AndroidUiautomator2Driver@e3cd (9c0ff67f)]&amp#27;[0m Valid locator strategies for this request: xpath, id, class name, accessibility id, css selector, -android uiautomator
&amp#27;[38;5;32m[AndroidUiautomator2Driver@e3cd (9c0ff67f)]&amp#27;[0m Waiting up to 0 ms for condition
&amp#27;[38;5;32m[AndroidUiautomator2Driver@e3cd (9c0ff67f)]&amp#27;[0m Matched '/elements' to command name 'findElements'
&amp#27;[38;5;32m[AndroidUiautomator2Driver@e3cd (9c0ff67f)]&amp#27;[0m Proxying [POST /elements] to [POST http://127.0.0.1:8200/session/2fea60ff-cc1e-449a-891a-56c913714252/elements] with body: {"strategy":"xpath","selector":"//android.view.View","context":"00000000-0000-0042-0000-001d00000004","multiple":true}
&amp#27;[38;5;32m[AndroidUiautomator2Driver@e3cd (9c0ff67f)]&amp#27;[0m Got response with status 200: {"sessionId":"2fea60ff-cc1e-449a-891a-56c913714252","value":[{"ELEMENT":"00000000-0000-0042-0000-00cf00000004","element-6066-11e4-a52e-4f735466cecf":"00000000-0000-0042-0000-00cf00000004"},{"ELEMENT":"00000000-0000-0042-0000-00d100000004","element-6066-11e4-a52e-4f735466cecf":"00000000-0000-0042-0000-00d100000004"},{"ELEMENT":"00000000-0000-0042-0000-00d300000004","element-6066-11e4-a52e-4f735466cecf":"00000000-0000-0042-0000-00d300000004"},{"ELEMENT":"00000000-0000-0042-0000-00d500000004","element-6066-11e4-a52e-4f735466cecf":"00000000-0000-0042-0000-00d500000004"},{"ELEMENT":"00000000-0000-0042-0000-00d700000004","element-6066-11e4-a52e-4f735466cecf":"00000000-0000-0042-0000-00d700000004"},{"ELEMENT":"00000000-0000-0042-0000-00d900000004","element-6066-11e4-a52e-4f735466cecf":"00000000-0000-0042-0000-00d900000004"},{"ELEMENT":"00000000-0000-0042-0000-00db00000004","element-6066-11e4-a52e-4f735466cecf":"00000000-0000-0042-0000-00db00000004"},{"ELEMENT":"00000000-0000-0042-0000-00dd00000004","element-6066-...
&amp#27;[38;5;32m[AndroidUiautomator2Driver@e3cd (9c0ff67f)]&amp#27;[0m Responding to client with driver.findElementsFromElement() result: [{"element-6066-11e4-a52e-4f735466cecf":"00000000-0000-0042-0000-00cf00000004","ELEMENT":"00000000-0000-0042-0000-00cf00000004"},{"element-6066-11e4-a52e-4f735466cecf":"00000000-0000-0042-0000-00d100000004","ELEMENT":"00000000-0000-0042-0000-00d100000004"},{"element-6066-11e4-a52e-4f735466cecf":"00000000-0000-0042-0000-00d300000004","ELEMENT":"00000000-0000-0042-0000-00d300000004"},{"element-6066-11e4-a52e-4f735466cecf":"00000000-0000-0042-0000-00d500000004","ELEMENT":"00000000-0000-0042-0000-00d500000004"},{"element-6066-11e4-a52e-4f735466cecf":"00000000-0000-0042-0000-00d700000004","ELEMENT":"00000000-0000-0042-0000-00d700000004"},{"element-6066-11e4-a52e-4f735466cecf":"00000000-0000-0042-0000-00d900000004","ELEMENT":"00000000-0000-0042-0000-00d900000004"},{"element-6066-11e4-a52e-4f735466cecf":"00000000-0000-0042-0000-00db00000004","ELEMENT":"00000000-0000-0042-0000-00db00000004"},{"element-6066-11e4-a52e-4f735466cecf":"00000000-0000-0042-0000-00dd00000004","ELEMENT":"00000000-0000-0042-0000-00dd0000000...
&amp#27;[38;5;0m[HTTP]&amp#27;[0m &amp#27;[37m<-- POST /session/9c0ff67f-6efc-443b-a62f-dce2bca5d56b/element/00000000-0000-0042-0000-001d00000004/elements &amp#27;[39m&amp#27;[32m200&amp#27;[39m &amp#27;[90m45 ms - 2059&amp#27;[39m
&amp#27;[38;5;0m[HTTP]&amp#27;[0m &amp#27;[90m&amp#27;[39m
&amp#27;[38;5;0m[HTTP]&amp#27;[0m &amp#27;[37m-->&amp#27;[39m &amp#27;[37mGET&amp#27;[39m &amp#27;[37m/session/9c0ff67f-6efc-443b-a62f-dce2bca5d56b/element/00000000-0000-0042-0000-00cf00000004/text&amp#27;[39m
&amp#27;[38;5;0m[HTTP]&amp#27;[0m &amp#27;[90m{}&amp#27;[39m
&amp#27;[38;5;32m[AndroidUiautomator2Driver@e3cd (9c0ff67f)]&amp#27;[0m Driver proxy active, passing request on via HTTP proxy
&amp#27;[38;5;32m[AndroidUiautomator2Driver@e3cd (9c0ff67f)]&amp#27;[0m Matched '/session/9c0ff67f-6efc-443b-a62f-dce2bca5d56b/element/00000000-0000-0042-0000-00cf00000004/text' to command name 'getText'
&amp#27;[38;5;32m[AndroidUiautomator2Driver@e3cd (9c0ff67f)]&amp#27;[0m Proxying [GET /session/9c0ff67f-6efc-443b-a62f-dce2bca5d56b/element/00000000-0000-0042-0000-00cf00000004/text] to [GET http://127.0.0.1:8200/session/2fea60ff-cc1e-449a-891a-56c913714252/element/00000000-0000-0042-0000-00cf00000004/text] with no body
&amp#27;[38;5;32m[AndroidUiautomator2Driver@e3cd (9c0ff67f)]&amp#27;[0m Got response with status 200: {"sessionId":"2fea60ff-cc1e-449a-891a-56c913714252","value":"10:00"}
&amp#27;[38;5;32m[AndroidUiautomator2Driver@e3cd (9c0ff67f)]&amp#27;[0m Replacing sessionId 2fea60ff-cc1e-449a-891a-56c913714252 with 9c0ff67f-6efc-443b-a62f-dce2bca5d56b
&amp#27;[38;5;0m[HTTP]&amp#27;[0m &amp#27;[37m<-- GET /session/9c0ff67f-6efc-443b-a62f-dce2bca5d56b/element/00000000-0000-0042-0000-00cf00000004/text &amp#27;[39m&amp#27;[32m200&amp#27;[39m &amp#27;[90m8 ms - 68&amp#27;[39m
&amp#27;[38;5;0m[HTTP]&amp#27;[0m &amp#27;[90m&amp#27;[39m
&amp#27;[38;5;0m[HTTP]&amp#27;[0m &amp#27;[37m-->&amp#27;[39m &amp#27;[37mGET&amp#27;[39m &amp#27;[37m/session/9c0ff67f-6efc-443b-a62f-dce2bca5d56b/element/00000000-0000-0042-0000-00d100000004/text&amp#27;[39m
&amp#27;[38;5;0m[HTTP]&amp#27;[0m &amp#27;[90m{}&amp#27;[39m
&amp#27;[38;5;32m[AndroidUiautomator2Driver@e3cd (9c0ff67f)]&amp#27;[0m Driver proxy active, passing request on via HTTP proxy
&amp#27;[38;5;32m[AndroidUiautomator2Driver@e3cd (9c0ff67f)]&amp#27;[0m Matched '/session/9c0ff67f-6efc-443b-a62f-dce2bca5d56b/element/00000000-0000-0042-0000-00d100000004/text' to command name 'getText'
&amp#27;[38;5;32m[AndroidUiautomator2Driver@e3cd (9c0ff67f)]&amp#27;[0m Proxying [GET /session/9c0ff67f-6efc-443b-a62f-dce2bca5d56b/element/00000000-0000-0042-0000-00d100000004/text] to [GET http://127.0.0.1:8200/session/2fea60ff-cc1e-449a-891a-56c913714252/element/00000000-0000-0042-0000-00d100000004/text] with no body
&amp#27;[38;5;32m[AndroidUiautomator2Driver@e3cd (9c0ff67f)]&amp#27;[0m Got response with status 200: {"sessionId":"2fea60ff-cc1e-449a-891a-56c913714252","value":"broken clouds"}
&amp#27;[38;5;32m[AndroidUiautomator2Driver@e3cd (9c0ff67f)]&amp#27;[0m Replacing sessionId 2fea60ff-cc1e-449a-891a-56c913714252 with 9c0ff67f-6efc-443b-a62f-dce2bca5d56b
&amp#27;[38;5;0m[HTTP]&amp#27;[0m &amp#27;[37m<-- GET /session/9c0ff67f-6efc-443b-a62f-dce2bca5d56b/element/00000000-0000-0042-0000-00d100000004/text &amp#27;[39m&amp#27;[32m200&amp#27;[39m &amp#27;[90m8 ms - 76&amp#27;[39m
&amp#27;[38;5;0m[HTTP]&amp#27;[0m &amp#27;[90m&amp#27;[39m
&amp#27;[38;5;0m[HTTP]&amp#27;[0m &amp#27;[37m-->&amp#27;[39m &amp#27;[37mGET&amp#27;[39m &amp#27;[37m/session/9c0ff67f-6efc-443b-a62f-dce2bca5d56b/element/00000000-0000-0042-0000-00d300000004/text&amp#27;[39m
&amp#27;[38;5;0m[HTTP]&amp#27;[0m &amp#27;[90m{}&amp#27;[39m
&amp#27;[38;5;32m[AndroidUiautomator2Driver@e3cd (9c0ff67f)]&amp#27;[0m Driver proxy active, passing request on via HTTP proxy
&amp#27;[38;5;32m[AndroidUiautomator2Driver@e3cd (9c0ff67f)]&amp#27;[0m Matched '/session/9c0ff67f-6efc-443b-a62f-dce2bca5d56b/element/00000000-0000-0042-0000-00d300000004/text' to command name 'getText'
&amp#27;[38;5;32m[AndroidUiautomator2Driver@e3cd (9c0ff67f)]&amp#27;[0m Proxying [GET /session/9c0ff67f-6efc-443b-a62f-dce2bca5d56b/element/00000000-0000-0042-0000-00d300000004/text] to [GET http://127.0.0.1:8200/session/2fea60ff-cc1e-449a-891a-56c913714252/element/00000000-0000-0042-0000-00d300000004/text] with no body
&amp#27;[38;5;32m[AndroidUiautomator2Driver@e3cd (9c0ff67f)]&amp#27;[0m Got response with status 200: {"sessionId":"2fea60ff-cc1e-449a-891a-56c913714252","value":"80 %"}
&amp#27;[38;5;32m[AndroidUiautomator2Driver@e3cd (9c0ff67f)]&amp#27;[0m Replacing sessionId 2fea60ff-cc1e-449a-891a-56c913714252 with 9c0ff67f-6efc-443b-a62f-dce2bca5d56b
&amp#27;[38;5;0m[HTTP]&amp#27;[0m &amp#27;[37m<-- GET /session/9c0ff67f-6efc-443b-a62f-dce2bca5d56b/element/00000000-0000-0042-0000-00d300000004/text &amp#27;[39m&amp#27;[32m200&amp#27;[39m &amp#27;[90m8 ms - 67&amp#27;[39m
&amp#27;[38;5;0m[HTTP]&amp#27;[0m &amp#27;[90m&amp#27;[39m
&amp#27;[38;5;0m[HTTP]&amp#27;[0m &amp#27;[37m-->&amp#27;[39m &amp#27;[37mGET&amp#27;[39m &amp#27;[37m/session/9c0ff67f-6efc-443b-a62f-dce2bca5d56b/element/00000000-0000-0042-0000-00d500000004/text&amp#27;[39m
&amp#27;[38;5;0m[HTTP]&amp#27;[0m &amp#27;[90m{}&amp#27;[39m
&amp#27;[38;5;32m[AndroidUiautomator2Driver@e3cd (9c0ff67f)]&amp#27;[0m Driver proxy active, passing request on via HTTP proxy
&amp#27;[38;5;32m[AndroidUiautomator2Driver@e3cd (9c0ff67f)]&amp#27;[0m Matched '/session/9c0ff67f-6efc-443b-a62f-dce2bca5d56b/element/00000000-0000-0042-0000-00d500000004/text' to command name 'getText'
&amp#27;[38;5;32m[AndroidUiautomator2Driver@e3cd (9c0ff67f)]&amp#27;[0m Proxying [GET /session/9c0ff67f-6efc-443b-a62f-dce2bca5d56b/element/00000000-0000-0042-0000-00d500000004/text] to [GET http://127.0.0.1:8200/session/2fea60ff-cc1e-449a-891a-56c913714252/element/00000000-0000-0042-0000-00d500000004/text] with no body
&amp#27;[38;5;32m[AndroidUiautomator2Driver@e3cd (9c0ff67f)]&amp#27;[0m Got response with status 200: {"sessionId":"2fea60ff-cc1e-449a-891a-56c913714252","value":"11 Â°C"}
&amp#27;[38;5;32m[AndroidUiautomator2Driver@e3cd (9c0ff67f)]&amp#27;[0m Replacing sessionId 2fea60ff-cc1e-449a-891a-56c913714252 with 9c0ff67f-6efc-443b-a62f-dce2bca5d56b
&amp#27;[38;5;0m[HTTP]&amp#27;[0m &amp#27;[37m<-- GET /session/9c0ff67f-6efc-443b-a62f-dce2bca5d56b/element/00000000-0000-0042-0000-00d500000004/text &amp#27;[39m&amp#27;[32m200&amp#27;[39m &amp#27;[90m8 ms - 69&amp#27;[39m
&amp#27;[38;5;0m[HTTP]&amp#27;[0m &amp#27;[90m&amp#27;[39m
&amp#27;[38;5;0m[HTTP]&amp#27;[0m &amp#27;[37m-->&amp#27;[39m &amp#27;[37mGET&amp#27;[39m &amp#27;[37m/session/9c0ff67f-6efc-443b-a62f-dce2bca5d56b/element/00000000-0000-0042-0000-00d700000004/text&amp#27;[39m
&amp#27;[38;5;0m[HTTP]&amp#27;[0m &amp#27;[90m{}&amp#27;[39m
&amp#27;[38;5;32m[AndroidUiautomator2Driver@e3cd (9c0ff67f)]&amp#27;[0m Driver proxy active, passing request on via HTTP proxy
&amp#27;[38;5;32m[AndroidUiautomator2Driver@e3cd (9c0ff67f)]&amp#27;[0m Matched '/session/9c0ff67f-6efc-443b-a62f-dce2bca5d56b/element/00000000-0000-0042-0000-00d700000004/text' to command name 'getText'
&amp#27;[38;5;32m[AndroidUiautomator2Driver@e3cd (9c0ff67f)]&amp#27;[0m Proxying [GET /session/9c0ff67f-6efc-443b-a62f-dce2bca5d56b/element/00000000-0000-0042-0000-00d700000004/text] to [GET http://127.0.0.1:8200/session/2fea60ff-cc1e-449a-891a-56c913714252/element/00000000-0000-0042-0000-00d700000004/text] with no body
&amp#27;[38;5;32m[AndroidUiautomator2Driver@e3cd (9c0ff67f)]&amp#27;[0m Got response with status 200: {"sessionId":"2fea60ff-cc1e-449a-891a-56c913714252","value":"11:00"}
&amp#27;[38;5;32m[AndroidUiautomator2Driver@e3cd (9c0ff67f)]&amp#27;[0m Replacing sessionId 2fea60ff-cc1e-449a-891a-56c913714252 with 9c0ff67f-6efc-443b-a62f-dce2bca5d56b
&amp#27;[38;5;0m[HTTP]&amp#27;[0m &amp#27;[37m<-- GET /session/9c0ff67f-6efc-443b-a62f-dce2bca5d56b/element/00000000-0000-0042-0000-00d700000004/text &amp#27;[39m&amp#27;[32m200&amp#27;[39m &amp#27;[90m8 ms - 68&amp#27;[39m
&amp#27;[38;5;0m[HTTP]&amp#27;[0m &amp#27;[90m&amp#27;[39m
&amp#27;[38;5;0m[HTTP]&amp#27;[0m &amp#27;[37m-->&amp#27;[39m &amp#27;[37mGET&amp#27;[39m &amp#27;[37m/session/9c0ff67f-6efc-443b-a62f-dce2bca5d56b/element/00000000-0000-0042-0000-00d900000004/text&amp#27;[39m
&amp#27;[38;5;0m[HTTP]&amp#27;[0m &amp#27;[90m{}&amp#27;[39m
&amp#27;[38;5;32m[AndroidUiautomator2Driver@e3cd (9c0ff67f)]&amp#27;[0m Driver proxy active, passing request on via HTTP proxy
&amp#27;[38;5;32m[AndroidUiautomator2Driver@e3cd (9c0ff67f)]&amp#27;[0m Matched '/session/9c0ff67f-6efc-443b-a62f-dce2bca5d56b/element/00000000-0000-0042-0000-00d900000004/text' to command name 'getText'
&amp#27;[38;5;32m[AndroidUiautomator2Driver@e3cd (9c0ff67f)]&amp#27;[0m Proxying [GET /session/9c0ff67f-6efc-443b-a62f-dce2bca5d56b/element/00000000-0000-0042-0000-00d900000004/text] to [GET http://127.0.0.1:8200/session/2fea60ff-cc1e-449a-891a-56c913714252/element/00000000-0000-0042-0000-00d900000004/text] with no body
&amp#27;[38;5;32m[AndroidUiautomator2Driver@e3cd (9c0ff67f)]&amp#27;[0m Got response with status 200: {"sessionId":"2fea60ff-cc1e-449a-891a-56c913714252","value":"broken clouds"}
&amp#27;[38;5;32m[AndroidUiautomator2Driver@e3cd (9c0ff67f)]&amp#27;[0m Replacing sessionId 2fea60ff-cc1e-449a-891a-56c913714252 with 9c0ff67f-6efc-443b-a62f-dce2bca5d56b
&amp#27;[38;5;0m[HTTP]&amp#27;[0m &amp#27;[37m<-- GET /session/9c0ff67f-6efc-443b-a62f-dce2bca5d56b/element/00000000-0000-0042-0000-00d900000004/text &amp#27;[39m&amp#27;[32m200&amp#27;[39m &amp#27;[90m9 ms - 76&amp#27;[39m
&amp#27;[38;5;0m[HTTP]&amp#27;[0m &amp#27;[90m&amp#27;[39m
&amp#27;[38;5;0m[HTTP]&amp#27;[0m &amp#27;[37m-->&amp#27;[39m &amp#27;[37mGET&amp#27;[39m &amp#27;[37m/session/9c0ff67f-6efc-443b-a62f-dce2bca5d56b/element/00000000-0000-0042-0000-00db00000004/text&amp#27;[39m
&amp#27;[38;5;0m[HTTP]&amp#27;[0m &amp#27;[90m{}&amp#27;[39m
&amp#27;[38;5;32m[AndroidUiautomator2Driver@e3cd (9c0ff67f)]&amp#27;[0m Driver proxy active, passing request on via HTTP proxy
&amp#27;[38;5;32m[AndroidUiautomator2Driver@e3cd (9c0ff67f)]&amp#27;[0m Matched '/session/9c0ff67f-6efc-443b-a62f-dce2bca5d56b/element/00000000-0000-0042-0000-00db00000004/text' to command name 'getText'
&amp#27;[38;5;32m[AndroidUiautomator2Driver@e3cd (9c0ff67f)]&amp#27;[0m Proxying [GET /session/9c0ff67f-6efc-443b-a62f-dce2bca5d56b/element/00000000-0000-0042-0000-00db00000004/text] to [GET http://127.0.0.1:8200/session/2fea60ff-cc1e-449a-891a-56c913714252/element/00000000-0000-0042-0000-00db00000004/text] with no body
&amp#27;[38;5;32m[AndroidUiautomator2Driver@e3cd (9c0ff67f)]&amp#27;[0m Got response with status 200: {"sessionId":"2fea60ff-cc1e-449a-891a-56c913714252","value":"81 %"}
&amp#27;[38;5;32m[AndroidUiautomator2Driver@e3cd (9c0ff67f)]&amp#27;[0m Replacing sessionId 2fea60ff-cc1e-449a-891a-56c913714252 with 9c0ff67f-6efc-443b-a62f-dce2bca5d56b
&amp#27;[38;5;0m[HTTP]&amp#27;[0m &amp#27;[37m<-- GET /session/9c0ff67f-6efc-443b-a62f-dce2bca5d56b/element/00000000-0000-0042-0000-00db00000004/text &amp#27;[39m&amp#27;[32m200&amp#27;[39m &amp#27;[90m8 ms - 67&amp#27;[39m
&amp#27;[38;5;0m[HTTP]&amp#27;[0m &amp#27;[90m&amp#27;[39m
&amp#27;[38;5;0m[HTTP]&amp#27;[0m &amp#27;[37m-->&amp#27;[39m &amp#27;[37mGET&amp#27;[39m &amp#27;[37m/session/9c0ff67f-6efc-443b-a62f-dce2bca5d56b/element/00000000-0000-0042-0000-00dd00000004/text&amp#27;[39m
&amp#27;[38;5;0m[HTTP]&amp#27;[0m &amp#27;[90m{}&amp#27;[39m
&amp#27;[38;5;32m[AndroidUiautomator2Driver@e3cd (9c0ff67f)]&amp#27;[0m Driver proxy active, passing request on via HTTP proxy
&amp#27;[38;5;32m[AndroidUiautomator2Driver@e3cd (9c0ff67f)]&amp#27;[0m Matched '/session/9c0ff67f-6efc-443b-a62f-dce2bca5d56b/element/00000000-0000-0042-0000-00dd00000004/text' to command name 'getText'
&amp#27;[38;5;32m[AndroidUiautomator2Driver@e3cd (9c0ff67f)]&amp#27;[0m Proxying [GET /session/9c0ff67f-6efc-443b-a62f-dce2bca5d56b/element/00000000-0000-0042-0000-00dd00000004/text] to [GET http://127.0.0.1:8200/session/2fea60ff-cc1e-449a-891a-56c913714252/element/00000000-0000-0042-0000-00dd00000004/text] with no body
&amp#27;[38;5;32m[AndroidUiautomator2Driver@e3cd (9c0ff67f)]&amp#27;[0m Got response with status 200: {"sessionId":"2fea60ff-cc1e-449a-891a-56c913714252","value":"11 Â°C"}
&amp#27;[38;5;32m[AndroidUiautomator2Driver@e3cd (9c0ff67f)]&amp#27;[0m Replacing sessionId 2fea60ff-cc1e-449a-891a-56c913714252 with 9c0ff67f-6efc-443b-a62f-dce2bca5d56b
&amp#27;[38;5;0m[HTTP]&amp#27;[0m &amp#27;[37m<-- GET /session/9c0ff67f-6efc-443b-a62f-dce2bca5d56b/element/00000000-0000-0042-0000-00dd00000004/text &amp#27;[39m&amp#27;[32m200&amp#27;[39m &amp#27;[90m8 ms - 69&amp#27;[39m
&amp#27;[38;5;0m[HTTP]&amp#27;[0m &amp#27;[90m&amp#27;[39m
&amp#27;[38;5;0m[HTTP]&amp#27;[0m &amp#27;[37m-->&amp#27;[39m &amp#27;[37mGET&amp#27;[39m &amp#27;[37m/session/9c0ff67f-6efc-443b-a62f-dce2bca5d56b/element/00000000-0000-0042-0000-00df00000004/text&amp#27;[39m
&amp#27;[38;5;0m[HTTP]&amp#27;[0m &amp#27;[90m{}&amp#27;[39m
&amp#27;[38;5;32m[AndroidUiautomator2Driver@e3cd (9c0ff67f)]&amp#27;[0m Driver proxy active, passing request on via HTTP proxy
&amp#27;[38;5;32m[AndroidUiautomator2Driver@e3cd (9c0ff67f)]&amp#27;[0m Matched '/session/9c0ff67f-6efc-443b-a62f-dce2bca5d56b/element/00000000-0000-0042-0000-00df00000004/text' to command name 'getText'
&amp#27;[38;5;32m[AndroidUiautomator2Driver@e3cd (9c0ff67f)]&amp#27;[0m Proxying [GET /session/9c0ff67f-6efc-443b-a62f-dce2bca5d56b/element/00000000-0000-0042-0000-00df00000004/text] to [GET http://127.0.0.1:8200/session/2fea60ff-cc1e-449a-891a-56c913714252/element/00000000-0000-0042-0000-00df00000004/text] with no body
&amp#27;[38;5;32m[AndroidUiautomator2Driver@e3cd (9c0ff67f)]&amp#27;[0m Got response with status 200: {"sessionId":"2fea60ff-cc1e-449a-891a-56c913714252","value":"12:00"}
&amp#27;[38;5;32m[AndroidUiautomator2Driver@e3cd (9c0ff67f)]&amp#27;[0m Replacing sessionId 2fea60ff-cc1e-449a-891a-56c913714252 with 9c0ff67f-6efc-443b-a62f-dce2bca5d56b
&amp#27;[38;5;0m[HTTP]&amp#27;[0m &amp#27;[37m<-- GET /session/9c0ff67f-6efc-443b-a62f-dce2bca5d56b/element/00000000-0000-0042-0000-00df00000004/text &amp#27;[39m&amp#27;[32m200&amp#27;[39m &amp#27;[90m8 ms - 68&amp#27;[39m
&amp#27;[38;5;0m[HTTP]&amp#27;[0m &amp#27;[90m&amp#27;[39m
&amp#27;[38;5;0m[HTTP]&amp#27;[0m &amp#27;[37m-->&amp#27;[39m &amp#27;[37mGET&amp#27;[39m &amp#27;[37m/session/9c0ff67f-6efc-443b-a62f-dce2bca5d56b/element/00000000-0000-0042-0000-00e100000004/text&amp#27;[39m
&amp#27;[38;5;0m[HTTP]&amp#27;[0m &amp#27;[90m{}&amp#27;[39m
&amp#27;[38;5;32m[AndroidUiautomator2Driver@e3cd (9c0ff67f)]&amp#27;[0m Driver proxy active, passing request on via HTTP proxy
&amp#27;[38;5;32m[AndroidUiautomator2Driver@e3cd (9c0ff67f)]&amp#27;[0m Matched '/session/9c0ff67f-6efc-443b-a62f-dce2bca5d56b/element/00000000-0000-0042-0000-00e100000004/text' to command name 'getText'
&amp#27;[38;5;32m[AndroidUiautomator2Driver@e3cd (9c0ff67f)]&amp#27;[0m Proxying [GET /session/9c0ff67f-6efc-443b-a62f-dce2bca5d56b/element/00000000-0000-0042-0000-00e100000004/text] to [GET http://127.0.0.1:8200/session/2fea60ff-cc1e-449a-891a-56c913714252/element/00000000-0000-0042-0000-00e100000004/text] with no body
&amp#27;[38;5;32m[AndroidUiautomator2Driver@e3cd (9c0ff67f)]&amp#27;[0m Got response with status 200: {"sessionId":"2fea60ff-cc1e-449a-891a-56c913714252","value":"broken clouds"}
&amp#27;[38;5;32m[AndroidUiautomator2Driver@e3cd (9c0ff67f)]&amp#27;[0m Replacing sessionId 2fea60ff-cc1e-449a-891a-56c913714252 with 9c0ff67f-6efc-443b-a62f-dce2bca5d56b
&amp#27;[38;5;0m[HTTP]&amp#27;[0m &amp#27;[37m<-- GET /session/9c0ff67f-6efc-443b-a62f-dce2bca5d56b/element/00000000-0000-0042-0000-00e100000004/text &amp#27;[39m&amp#27;[32m200&amp#27;[39m &amp#27;[90m8 ms - 76&amp#27;[39m
&amp#27;[38;5;0m[HTTP]&amp#27;[0m &amp#27;[90m&amp#27;[39m
&amp#27;[38;5;0m[HTTP]&amp#27;[0m &amp#27;[37m-->&amp#27;[39m &amp#27;[37mGET&amp#27;[39m &amp#27;[37m/session/9c0ff67f-6efc-443b-a62f-dce2bca5d56b/element/00000000-0000-0042-0000-00e300000004/text&amp#27;[39m
&amp#27;[38;5;0m[HTTP]&amp#27;[0m &amp#27;[90m{}&amp#27;[39m
&amp#27;[38;5;32m[AndroidUiautomator2Driver@e3cd (9c0ff67f)]&amp#27;[0m Driver proxy active, passing request on via HTTP proxy
&amp#27;[38;5;32m[AndroidUiautomator2Driver@e3cd (9c0ff67f)]&amp#27;[0m Matched '/session/9c0ff67f-6efc-443b-a62f-dce2bca5d56b/element/00000000-0000-0042-0000-00e300000004/text' to command name 'getText'
&amp#27;[38;5;32m[AndroidUiautomator2Driver@e3cd (9c0ff67f)]&amp#27;[0m Proxying [GET /session/9c0ff67f-6efc-443b-a62f-dce2bca5d56b/element/00000000-0000-0042-0000-00e300000004/text] to [GET http://127.0.0.1:8200/session/2fea60ff-cc1e-449a-891a-56c913714252/element/00000000-0000-0042-0000-00e300000004/text] with no body
&amp#27;[38;5;32m[AndroidUiautomator2Driver@e3cd (9c0ff67f)]&amp#27;[0m Got response with status 200: {"sessionId":"2fea60ff-cc1e-449a-891a-56c913714252","value":"82 %"}
&amp#27;[38;5;32m[AndroidUiautomator2Driver@e3cd (9c0ff67f)]&amp#27;[0m Replacing sessionId 2fea60ff-cc1e-449a-891a-56c913714252 with 9c0ff67f-6efc-443b-a62f-dce2bca5d56b
&amp#27;[38;5;0m[HTTP]&amp#27;[0m &amp#27;[37m<-- GET /session/9c0ff67f-6efc-443b-a62f-dce2bca5d56b/element/00000000-0000-0042-0000-00e300000004/text &amp#27;[39m&amp#27;[32m200&amp#27;[39m &amp#27;[90m8 ms - 67&amp#27;[39m
&amp#27;[38;5;0m[HTTP]&amp#27;[0m &amp#27;[90m&amp#27;[39m
&amp#27;[38;5;0m[HTTP]&amp#27;[0m &amp#27;[37m-->&amp#27;[39m &amp#27;[37mGET&amp#27;[39m &amp#27;[37m/session/9c0ff67f-6efc-443b-a62f-dce2bca5d56b/element/00000000-0000-0042-0000-00e500000004/text&amp#27;[39m
&amp#27;[38;5;0m[HTTP]&amp#27;[0m &amp#27;[90m{}&amp#27;[39m
&amp#27;[38;5;32m[AndroidUiautomator2Driver@e3cd (9c0ff67f)]&amp#27;[0m Driver proxy active, passing request on via HTTP proxy
&amp#27;[38;5;32m[AndroidUiautomator2Driver@e3cd (9c0ff67f)]&amp#27;[0m Matched '/session/9c0ff67f-6efc-443b-a62f-dce2bca5d56b/element/00000000-0000-0042-0000-00e500000004/text' to command name 'getText'
&amp#27;[38;5;32m[AndroidUiautomator2Driver@e3cd (9c0ff67f)]&amp#27;[0m Proxying [GET /session/9c0ff67f-6efc-443b-a62f-dce2bca5d56b/element/00000000-0000-0042-0000-00e500000004/text] to [GET http://127.0.0.1:8200/session/2fea60ff-cc1e-449a-891a-56c913714252/element/00000000-0000-0042-0000-00e500000004/text] with no body
&amp#27;[38;5;32m[AndroidUiautomator2Driver@e3cd (9c0ff67f)]&amp#27;[0m Got response with status 200: {"sessionId":"2fea60ff-cc1e-449a-891a-56c913714252","value":"11 Â°C"}
&amp#27;[38;5;32m[AndroidUiautomator2Driver@e3cd (9c0ff67f)]&amp#27;[0m Replacing sessionId 2fea60ff-cc1e-449a-891a-56c913714252 with 9c0ff67f-6efc-443b-a62f-dce2bca5d56b
&amp#27;[38;5;0m[HTTP]&amp#27;[0m &amp#27;[37m<-- GET /session/9c0ff67f-6efc-443b-a62f-dce2bca5d56b/element/00000000-0000-0042-0000-00e500000004/text &amp#27;[39m&amp#27;[32m200&amp#27;[39m &amp#27;[90m8 ms - 69&amp#27;[39m
&amp#27;[38;5;0m[HTTP]&amp#27;[0m &amp#27;[90m&amp#27;[39m
&amp#27;[38;5;0m[HTTP]&amp#27;[0m &amp#27;[37m-->&amp#27;[39m &amp#27;[37mGET&amp#27;[39m &amp#27;[37m/session/9c0ff67f-6efc-443b-a62f-dce2bca5d56b/element/00000000-0000-0042-0000-00e700000004/text&amp#27;[39m
&amp#27;[38;5;0m[HTTP]&amp#27;[0m &amp#27;[90m{}&amp#27;[39m
&amp#27;[38;5;32m[AndroidUiautomator2Driver@e3cd (9c0ff67f)]&amp#27;[0m Driver proxy active, passing request on via HTTP proxy
&amp#27;[38;5;32m[AndroidUiautomator2Driver@e3cd (9c0ff67f)]&amp#27;[0m Matched '/session/9c0ff67f-6efc-443b-a62f-dce2bca5d56b/element/00000000-0000-0042-0000-00e700000004/text' to command name 'getText'
&amp#27;[38;5;32m[AndroidUiautomator2Driver@e3cd (9c0ff67f)]&amp#27;[0m Proxying [GET /session/9c0ff67f-6efc-443b-a62f-dce2bca5d56b/element/00000000-0000-0042-0000-00e700000004/text] to [GET http://127.0.0.1:8200/session/2fea60ff-cc1e-449a-891a-56c913714252/element/00000000-0000-0042-0000-00e700000004/text] with no body
&amp#27;[38;5;32m[AndroidUiautomator2Driver@e3cd (9c0ff67f)]&amp#27;[0m Got response with status 200: {"sessionId":"2fea60ff-cc1e-449a-891a-56c913714252","value":"13:00"}
&amp#27;[38;5;32m[AndroidUiautomator2Driver@e3cd (9c0ff67f)]&amp#27;[0m Replacing sessionId 2fea60ff-cc1e-449a-891a-56c913714252 with 9c0ff67f-6efc-443b-a62f-dce2bca5d56b
&amp#27;[38;5;0m[HTTP]&amp#27;[0m &amp#27;[37m<-- GET /session/9c0ff67f-6efc-443b-a62f-dce2bca5d56b/element/00000000-0000-0042-0000-00e700000004/text &amp#27;[39m&amp#27;[32m200&amp#27;[39m &amp#27;[90m9 ms - 68&amp#27;[39m
&amp#27;[38;5;0m[HTTP]&amp#27;[0m &amp#27;[90m&amp#27;[39m
&amp#27;[38;5;0m[HTTP]&amp#27;[0m &amp#27;[37m-->&amp#27;[39m &amp#27;[37mGET&amp#27;[39m &amp#27;[37m/session/9c0ff67f-6efc-443b-a62f-dce2bca5d56b/element/00000000-0000-0042-0000-00e900000004/text&amp#27;[39m
&amp#27;[38;5;0m[HTTP]&amp#27;[0m &amp#27;[90m{}&amp#27;[39m
&amp#27;[38;5;32m[AndroidUiautomator2Driver@e3cd (9c0ff67f)]&amp#27;[0m Driver proxy active, passing request on via HTTP proxy
&amp#27;[38;5;32m[AndroidUiautomator2Driver@e3cd (9c0ff67f)]&amp#27;[0m Matched '/session/9c0ff67f-6efc-443b-a62f-dce2bca5d56b/element/00000000-0000-0042-0000-00e900000004/text' to command name 'getText'
&amp#27;[38;5;32m[AndroidUiautomator2Driver@e3cd (9c0ff67f)]&amp#27;[0m Proxying [GET /session/9c0ff67f-6efc-443b-a62f-dce2bca5d56b/element/00000000-0000-0042-0000-00e900000004/text] to [GET http://127.0.0.1:8200/session/2fea60ff-cc1e-449a-891a-56c913714252/element/00000000-0000-0042-0000-00e900000004/text] with no body
&amp#27;[38;5;32m[AndroidUiautomator2Driver@e3cd (9c0ff67f)]&amp#27;[0m Got response with status 200: {"sessionId":"2fea60ff-cc1e-449a-891a-56c913714252","value":"scattered clouds"}
&amp#27;[38;5;32m[AndroidUiautomator2Driver@e3cd (9c0ff67f)]&amp#27;[0m Replacing sessionId 2fea60ff-cc1e-449a-891a-56c913714252 with 9c0ff67f-6efc-443b-a62f-dce2bca5d56b
&amp#27;[38;5;0m[HTTP]&amp#27;[0m &amp#27;[37m<-- GET /session/9c0ff67f-6efc-443b-a62f-dce2bca5d56b/element/00000000-0000-0042-0000-00e900000004/text &amp#27;[39m&amp#27;[32m200&amp#27;[39m &amp#27;[90m10 ms - 79&amp#27;[39m
&amp#27;[38;5;0m[HTTP]&amp#27;[0m &amp#27;[90m&amp#27;[39m
&amp#27;[38;5;0m[HTTP]&amp#27;[0m &amp#27;[37m-->&amp#27;[39m &amp#27;[37mGET&amp#27;[39m &amp#27;[37m/session/9c0ff67f-6efc-443b-a62f-dce2bca5d56b/element/00000000-0000-0042-0000-00eb00000004/text&amp#27;[39m
&amp#27;[38;5;0m[HTTP]&amp#27;[0m &amp#27;[90m{}&amp#27;[39m
&amp#27;[38;5;32m[AndroidUiautomator2Driver@e3cd (9c0ff67f)]&amp#27;[0m Driver proxy active, passing request on via HTTP proxy
&amp#27;[38;5;32m[AndroidUiautomator2Driver@e3cd (9c0ff67f)]&amp#27;[0m Matched '/session/9c0ff67f-6efc-443b-a62f-dce2bca5d56b/element/00000000-0000-0042-0000-00eb00000004/text' to command name 'getText'
&amp#27;[38;5;32m[AndroidUiautomator2Driver@e3cd (9c0ff67f)]&amp#27;[0m Proxying [GET /session/9c0ff67f-6efc-443b-a62f-dce2bca5d56b/element/00000000-0000-0042-0000-00eb00000004/text] to [GET http://127.0.0.1:8200/session/2fea60ff-cc1e-449a-891a-56c913714252/element/00000000-0000-0042-0000-00eb00000004/text] with no body
&amp#27;[38;5;32m[AndroidUiautomator2Driver@e3cd (9c0ff67f)]&amp#27;[0m Got response with status 200: {"sessionId":"2fea60ff-cc1e-449a-891a-56c913714252","value":"84 %"}
&amp#27;[38;5;32m[AndroidUiautomator2Driver@e3cd (9c0ff67f)]&amp#27;[0m Replacing sessionId 2fea60ff-cc1e-449a-891a-56c913714252 with 9c0ff67f-6efc-443b-a62f-dce2bca5d56b
&amp#27;[38;5;0m[HTTP]&amp#27;[0m &amp#27;[37m<-- GET /session/9c0ff67f-6efc-443b-a62f-dce2bca5d56b/element/00000000-0000-0042-0000-00eb00000004/text &amp#27;[39m&amp#27;[32m200&amp#27;[39m &amp#27;[90m9 ms - 67&amp#27;[39m
&amp#27;[38;5;0m[HTTP]&amp#27;[0m &amp#27;[90m&amp#27;[39m
&amp#27;[38;5;0m[HTTP]&amp#27;[0m &amp#27;[37m-->&amp#27;[39m &amp#27;[37mGET&amp#27;[39m &amp#27;[37m/session/9c0ff67f-6efc-443b-a62f-dce2bca5d56b/element/00000000-0000-0042-0000-00ed00000004/text&amp#27;[39m
&amp#27;[38;5;0m[HTTP]&amp#27;[0m &amp#27;[90m{}&amp#27;[39m
&amp#27;[38;5;32m[AndroidUiautomator2Driver@e3cd (9c0ff67f)]&amp#27;[0m Driver proxy active, passing request on via HTTP proxy
&amp#27;[38;5;32m[AndroidUiautomator2Driver@e3cd (9c0ff67f)]&amp#27;[0m Matched '/session/9c0ff67f-6efc-443b-a62f-dce2bca5d56b/element/00000000-0000-0042-0000-00ed00000004/text' to command name 'getText'
&amp#27;[38;5;32m[AndroidUiautomator2Driver@e3cd (9c0ff67f)]&amp#27;[0m Proxying [GET /session/9c0ff67f-6efc-443b-a62f-dce2bca5d56b/element/00000000-0000-0042-0000-00ed00000004/text] to [GET http://127.0.0.1:8200/session/2fea60ff-cc1e-449a-891a-56c913714252/element/00000000-0000-0042-0000-00ed00000004/text] with no body
&amp#27;[38;5;32m[AndroidUiautomator2Driver@e3cd (9c0ff67f)]&amp#27;[0m Got response with status 200: {"sessionId":"2fea60ff-cc1e-449a-891a-56c913714252","value":"10 Â°C"}
&amp#27;[38;5;32m[AndroidUiautomator2Driver@e3cd (9c0ff67f)]&amp#27;[0m Replacing sessionId 2fea60ff-cc1e-449a-891a-56c913714252 with 9c0ff67f-6efc-443b-a62f-dce2bca5d56b
&amp#27;[38;5;0m[HTTP]&amp#27;[0m &amp#27;[37m<-- GET /session/9c0ff67f-6efc-443b-a62f-dce2bca5d56b/element/00000000-0000-0042-0000-00ed00000004/text &amp#27;[39m&amp#27;[32m200&amp#27;[39m &amp#27;[90m9 ms - 69&amp#27;[39m
&amp#27;[38;5;0m[HTTP]&amp#27;[0m &amp#27;[90m&amp#27;[39m
&amp#27;[38;5;0m[HTTP]&amp#27;[0m &amp#27;[37m-->&amp#27;[39m &amp#27;[37mPOST&amp#27;[39m &amp#27;[37m/session/9c0ff67f-6efc-443b-a62f-dce2bca5d56b/execute/sync&amp#27;[39m
&amp#27;[38;5;0m[HTTP]&amp#27;[0m &amp#27;[90m{"script":"mobile: swipeGesture","args":[{"elementId":"00000000-0000-0042-0000-001d00000004","percent":0.4,"speed":320,"direction":"left"}]}&amp#27;[39m
&amp#27;[38;5;32m[AndroidUiautomator2Driver@e3cd (9c0ff67f)]&amp#27;[0m Calling AppiumDriver.execute() with args: ["mobile: swipeGesture",[{"elementId":"00000000-0000-0042-0000-001d00000004","percent":0.4,"speed":320,"direction":"left"}],"9c0ff67f-6efc-443b-a62f-dce2bca5d56b"]
&amp#27;[38;5;32m[AndroidUiautomator2Driver@e3cd (9c0ff67f)]&amp#27;[0m Executing method 'mobile: swipeGesture'
&amp#27;[38;5;32m[AndroidUiautomator2Driver@e3cd (9c0ff67f)]&amp#27;[0m Proxying [POST /appium/gestures/swipe] to [POST http://127.0.0.1:8200/session/2fea60ff-cc1e-449a-891a-56c913714252/appium/gestures/swipe] with body: {"origin":{"ELEMENT":"00000000-0000-0042-0000-001d00000004","element-6066-11e4-a52e-4f735466cecf":"00000000-0000-0042-0000-001d00000004"},"direction":"left","percent":0.4,"speed":320}
&amp#27;[38;5;32m[AndroidUiautomator2Driver@e3cd (9c0ff67f)]&amp#27;[0m Got response with status 200: {"sessionId":"2fea60ff-cc1e-449a-891a-56c913714252","value":null}
&amp#27;[38;5;32m[AndroidUiautomator2Driver@e3cd (9c0ff67f)]&amp#27;[0m Responding to client with driver.execute() result: null
&amp#27;[38;5;0m[HTTP]&amp#27;[0m &amp#27;[37m<-- POST /session/9c0ff67f-6efc-443b-a62f-dce2bca5d56b/execute/sync &amp#27;[39m&amp#27;[32m200&amp#27;[39m &amp#27;[90m1565 ms - 14&amp#27;[39m
&amp#27;[38;5;0m[HTTP]&amp#27;[0m &amp#27;[90m&amp#27;[39m
&amp#27;[38;5;0m[HTTP]&amp#27;[0m &amp#27;[37m-->&amp#27;[39m &amp#27;[37mPOST&amp#27;[39m &amp#27;[37m/session/9c0ff67f-6efc-443b-a62f-dce2bca5d56b/elements&amp#27;[39m
&amp#27;[38;5;0m[HTTP]&amp#27;[0m &amp#27;[90m{"using":"xpath","value":"//android.widget.HorizontalScrollView"}&amp#27;[39m
&amp#27;[38;5;32m[AndroidUiautomator2Driver@e3cd (9c0ff67f)]&amp#27;[0m Calling AppiumDriver.findElements() with args: ["xpath","//android.widget.HorizontalScrollView","9c0ff67f-6efc-443b-a62f-dce2bca5d56b"]
&amp#27;[38;5;32m[AndroidUiautomator2Driver@e3cd (9c0ff67f)]&amp#27;[0m Valid locator strategies for this request: xpath, id, class name, accessibility id, css selector, -android uiautomator
&amp#27;[38;5;32m[AndroidUiautomator2Driver@e3cd (9c0ff67f)]&amp#27;[0m Waiting up to 0 ms for condition
&amp#27;[38;5;32m[AndroidUiautomator2Driver@e3cd (9c0ff67f)]&amp#27;[0m Matched '/elements' to command name 'findElements'
&amp#27;[38;5;32m[AndroidUiautomator2Driver@e3cd (9c0ff67f)]&amp#27;[0m Proxying [POST /elements] to [POST http://127.0.0.1:8200/session/2fea60ff-cc1e-449a-891a-56c913714252/elements] with body: {"strategy":"xpath","selector":"//android.widget.HorizontalScrollView","context":"","multiple":true}
&amp#27;[38;5;32m[AndroidUiautomator2Driver@e3cd (9c0ff67f)]&amp#27;[0m Got response with status 200: {"sessionId":"2fea60ff-cc1e-449a-891a-56c913714252","value":[{"ELEMENT":"00000000-0000-0042-0000-001d00000004","element-6066-11e4-a52e-4f735466cecf":"00000000-0000-0042-0000-001d00000004"},{"ELEMENT":"00000000-0000-0042-0000-001e00000004","element-6066-11e4-a52e-4f735466cecf":"00000000-0000-0042-0000-001e00000004"}]}
&amp#27;[38;5;32m[AndroidUiautomator2Driver@e3cd (9c0ff67f)]&amp#27;[0m Responding to client with driver.findElements() result: [{"element-6066-11e4-a52e-4f735466cecf":"00000000-0000-0042-0000-001d00000004","ELEMENT":"00000000-0000-0042-0000-001d00000004"},{"element-6066-11e4-a52e-4f735466cecf":"00000000-0000-0042-0000-001e00000004","ELEMENT":"00000000-0000-0042-0000-001e00000004"}]
&amp#27;[38;5;0m[HTTP]&amp#27;[0m &amp#27;[37m<-- POST /session/9c0ff67f-6efc-443b-a62f-dce2bca5d56b/elements &amp#27;[39m&amp#27;[32m200&amp#27;[39m &amp#27;[90m104 ms - 267&amp#27;[39m
&amp#27;[38;5;0m[HTTP]&amp#27;[0m &amp#27;[90m&amp#27;[39m
&amp#27;[38;5;0m[HTTP]&amp#27;[0m &amp#27;[37m-->&amp#27;[39m &amp#27;[37mPOST&amp#27;[39m &amp#27;[37m/session/9c0ff67f-6efc-443b-a62f-dce2bca5d56b/element/00000000-0000-0042-0000-001d00000004/elements&amp#27;[39m
&amp#27;[38;5;0m[HTTP]&amp#27;[0m &amp#27;[90m{"id":"00000000-0000-0042-0000-001d00000004","using":"xpath","value":"//android.view.View"}&amp#27;[39m
&amp#27;[38;5;32m[AndroidUiautomator2Driver@e3cd (9c0ff67f)]&amp#27;[0m Calling AppiumDriver.findElementsFromElement() with args: ["xpath","//android.view.View","00000000-0000-0042-0000-001d00000004","9c0ff67f-6efc-443b-a62f-dce2bca5d56b"]
&amp#27;[38;5;32m[AndroidUiautomator2Driver@e3cd (9c0ff67f)]&amp#27;[0m Valid locator strategies for this request: xpath, id, class name, accessibility id, css selector, -android uiautomator
&amp#27;[38;5;32m[AndroidUiautomator2Driver@e3cd (9c0ff67f)]&amp#27;[0m Waiting up to 0 ms for condition
&amp#27;[38;5;32m[AndroidUiautomator2Driver@e3cd (9c0ff67f)]&amp#27;[0m Matched '/elements' to command name 'findElements'
&amp#27;[38;5;32m[AndroidUiautomator2Driver@e3cd (9c0ff67f)]&amp#27;[0m Proxying [POST /elements] to [POST http://127.0.0.1:8200/session/2fea60ff-cc1e-449a-891a-56c913714252/elements] with body: {"strategy":"xpath","selector":"//android.view.View","context":"00000000-0000-0042-0000-001d00000004","multiple":true}
&amp#27;[38;5;32m[AndroidUiautomator2Driver@e3cd (9c0ff67f)]&amp#27;[0m Got response with status 200: {"sessionId":"2fea60ff-cc1e-449a-891a-56c913714252","value":[{"ELEMENT":"00000000-0000-0042-0000-00d700000004","element-6066-11e4-a52e-4f735466cecf":"00000000-0000-0042-0000-00d700000004"},{"ELEMENT":"00000000-0000-0042-0000-00d900000004","element-6066-11e4-a52e-4f735466cecf":"00000000-0000-0042-0000-00d900000004"},{"ELEMENT":"00000000-0000-0042-0000-00db00000004","element-6066-11e4-a52e-4f735466cecf":"00000000-0000-0042-0000-00db00000004"},{"ELEMENT":"00000000-0000-0042-0000-00dd00000004","element-6066-11e4-a52e-4f735466cecf":"00000000-0000-0042-0000-00dd00000004"},{"ELEMENT":"00000000-0000-0042-0000-00df00000004","element-6066-11e4-a52e-4f735466cecf":"00000000-0000-0042-0000-00df00000004"},{"ELEMENT":"00000000-0000-0042-0000-00e100000004","element-6066-11e4-a52e-4f735466cecf":"00000000-0000-0042-0000-00e100000004"},{"ELEMENT":"00000000-0000-0042-0000-00e300000004","element-6066-11e4-a52e-4f735466cecf":"00000000-0000-0042-0000-00e300000004"},{"ELEMENT":"00000000-0000-0042-0000-00e500000004","element-6066-...
&amp#27;[38;5;32m[AndroidUiautomator2Driver@e3cd (9c0ff67f)]&amp#27;[0m Responding to client with driver.findElementsFromElement() result: [{"element-6066-11e4-a52e-4f735466cecf":"00000000-0000-0042-0000-00d700000004","ELEMENT":"00000000-0000-0042-0000-00d700000004"},{"element-6066-11e4-a52e-4f735466cecf":"00000000-0000-0042-0000-00d900000004","ELEMENT":"00000000-0000-0042-0000-00d900000004"},{"element-6066-11e4-a52e-4f735466cecf":"00000000-0000-0042-0000-00db00000004","ELEMENT":"00000000-0000-0042-0000-00db00000004"},{"element-6066-11e4-a52e-4f735466cecf":"00000000-0000-0042-0000-00dd00000004","ELEMENT":"00000000-0000-0042-0000-00dd00000004"},{"element-6066-11e4-a52e-4f735466cecf":"00000000-0000-0042-0000-00df00000004","ELEMENT":"00000000-0000-0042-0000-00df00000004"},{"element-6066-11e4-a52e-4f735466cecf":"00000000-0000-0042-0000-00e100000004","ELEMENT":"00000000-0000-0042-0000-00e100000004"},{"element-6066-11e4-a52e-4f735466cecf":"00000000-0000-0042-0000-00e300000004","ELEMENT":"00000000-0000-0042-0000-00e300000004"},{"element-6066-11e4-a52e-4f735466cecf":"00000000-0000-0042-0000-00e500000004","ELEMENT":"00000000-0000-0042-0000-00e50000000...
&amp#27;[38;5;0m[HTTP]&amp#27;[0m &amp#27;[37m<-- POST /session/9c0ff67f-6efc-443b-a62f-dce2bca5d56b/element/00000000-0000-0042-0000-001d00000004/elements &amp#27;[39m&amp#27;[32m200&amp#27;[39m &amp#27;[90m50 ms - 2059&amp#27;[39m
&amp#27;[38;5;0m[HTTP]&amp#27;[0m &amp#27;[90m&amp#27;[39m
&amp#27;[38;5;0m[HTTP]&amp#27;[0m &amp#27;[37m-->&amp#27;[39m &amp#27;[37mGET&amp#27;[39m &amp#27;[37m/session/9c0ff67f-6efc-443b-a62f-dce2bca5d56b/element/00000000-0000-0042-0000-00d700000004/text&amp#27;[39m
&amp#27;[38;5;0m[HTTP]&amp#27;[0m &amp#27;[90m{}&amp#27;[39m
&amp#27;[38;5;32m[AndroidUiautomator2Driver@e3cd (9c0ff67f)]&amp#27;[0m Driver proxy active, passing request on via HTTP proxy
&amp#27;[38;5;32m[AndroidUiautomator2Driver@e3cd (9c0ff67f)]&amp#27;[0m Matched '/session/9c0ff67f-6efc-443b-a62f-dce2bca5d56b/element/00000000-0000-0042-0000-00d700000004/text' to command name 'getText'
&amp#27;[38;5;32m[AndroidUiautomator2Driver@e3cd (9c0ff67f)]&amp#27;[0m Proxying [GET /session/9c0ff67f-6efc-443b-a62f-dce2bca5d56b/element/00000000-0000-0042-0000-00d700000004/text] to [GET http://127.0.0.1:8200/session/2fea60ff-cc1e-449a-891a-56c913714252/element/00000000-0000-0042-0000-00d700000004/text] with no body
&amp#27;[38;5;32m[AndroidUiautomator2Driver@e3cd (9c0ff67f)]&amp#27;[0m Got response with status 200: {"sessionId":"2fea60ff-cc1e-449a-891a-56c913714252","value":"11:00"}
&amp#27;[38;5;32m[AndroidUiautomator2Driver@e3cd (9c0ff67f)]&amp#27;[0m Replacing sessionId 2fea60ff-cc1e-449a-891a-56c913714252 with 9c0ff67f-6efc-443b-a62f-dce2bca5d56b
&amp#27;[38;5;0m[HTTP]&amp#27;[0m &amp#27;[37m<-- GET /session/9c0ff67f-6efc-443b-a62f-dce2bca5d56b/element/00000000-0000-0042-0000-00d700000004/text &amp#27;[39m&amp#27;[32m200&amp#27;[39m &amp#27;[90m10 ms - 68&amp#27;[39m
&amp#27;[38;5;0m[HTTP]&amp#27;[0m &amp#27;[90m&amp#27;[39m
&amp#27;[38;5;0m[HTTP]&amp#27;[0m &amp#27;[37m-->&amp#27;[39m &amp#27;[37mGET&amp#27;[39m &amp#27;[37m/session/9c0ff67f-6efc-443b-a62f-dce2bca5d56b/element/00000000-0000-0042-0000-00d900000004/text&amp#27;[39m
&amp#27;[38;5;0m[HTTP]&amp#27;[0m &amp#27;[90m{}&amp#27;[39m
&amp#27;[38;5;32m[AndroidUiautomator2Driver@e3cd (9c0ff67f)]&amp#27;[0m Driver proxy active, passing request on via HTTP proxy
&amp#27;[38;5;32m[AndroidUiautomator2Driver@e3cd (9c0ff67f)]&amp#27;[0m Matched '/session/9c0ff67f-6efc-443b-a62f-dce2bca5d56b/element/00000000-0000-0042-0000-00d900000004/text' to command name 'getText'
&amp#27;[38;5;32m[AndroidUiautomator2Driver@e3cd (9c0ff67f)]&amp#27;[0m Proxying [GET /session/9c0ff67f-6efc-443b-a62f-dce2bca5d56b/element/00000000-0000-0042-0000-00d900000004/text] to [GET http://127.0.0.1:8200/session/2fea60ff-cc1e-449a-891a-56c913714252/element/00000000-0000-0042-0000-00d900000004/text] with no body
&amp#27;[38;5;32m[AndroidUiautomator2Driver@e3cd (9c0ff67f)]&amp#27;[0m Got response with status 200: {"sessionId":"2fea60ff-cc1e-449a-891a-56c913714252","value":"broken clouds"}
&amp#27;[38;5;32m[AndroidUiautomator2Driver@e3cd (9c0ff67f)]&amp#27;[0m Replacing sessionId 2fea60ff-cc1e-449a-891a-56c913714252 with 9c0ff67f-6efc-443b-a62f-dce2bca5d56b
&amp#27;[38;5;0m[HTTP]&amp#27;[0m &amp#27;[37m<-- GET /session/9c0ff67f-6efc-443b-a62f-dce2bca5d56b/element/00000000-0000-0042-0000-00d900000004/text &amp#27;[39m&amp#27;[32m200&amp#27;[39m &amp#27;[90m8 ms - 76&amp#27;[39m
&amp#27;[38;5;0m[HTTP]&amp#27;[0m &amp#27;[90m&amp#27;[39m
&amp#27;[38;5;0m[HTTP]&amp#27;[0m &amp#27;[37m-->&amp#27;[39m &amp#27;[37mGET&amp#27;[39m &amp#27;[37m/session/9c0ff67f-6efc-443b-a62f-dce2bca5d56b/element/00000000-0000-0042-0000-00db00000004/text&amp#27;[39m
&amp#27;[38;5;0m[HTTP]&amp#27;[0m &amp#27;[90m{}&amp#27;[39m
&amp#27;[38;5;32m[AndroidUiautomator2Driver@e3cd (9c0ff67f)]&amp#27;[0m Driver proxy active, passing request on via HTTP proxy
&amp#27;[38;5;32m[AndroidUiautomator2Driver@e3cd (9c0ff67f)]&amp#27;[0m Matched '/session/9c0ff67f-6efc-443b-a62f-dce2bca5d56b/element/00000000-0000-0042-0000-00db00000004/text' to command name 'getText'
&amp#27;[38;5;32m[AndroidUiautomator2Driver@e3cd (9c0ff67f)]&amp#27;[0m Proxying [GET /session/9c0ff67f-6efc-443b-a62f-dce2bca5d56b/element/00000000-0000-0042-0000-00db00000004/text] to [GET http://127.0.0.1:8200/session/2fea60ff-cc1e-449a-891a-56c913714252/element/00000000-0000-0042-0000-00db00000004/text] with no body
&amp#27;[38;5;32m[AndroidUiautomator2Driver@e3cd (9c0ff67f)]&amp#27;[0m Got response with status 200: {"sessionId":"2fea60ff-cc1e-449a-891a-56c913714252","value":"81 %"}
&amp#27;[38;5;32m[AndroidUiautomator2Driver@e3cd (9c0ff67f)]&amp#27;[0m Replacing sessionId 2fea60ff-cc1e-449a-891a-56c913714252 with 9c0ff67f-6efc-443b-a62f-dce2bca5d56b
&amp#27;[38;5;0m[HTTP]&amp#27;[0m &amp#27;[37m<-- GET /session/9c0ff67f-6efc-443b-a62f-dce2bca5d56b/element/00000000-0000-0042-0000-00db00000004/text &amp#27;[39m&amp#27;[32m200&amp#27;[39m &amp#27;[90m8 ms - 67&amp#27;[39m
&amp#27;[38;5;0m[HTTP]&amp#27;[0m &amp#27;[90m&amp#27;[39m
&amp#27;[38;5;0m[HTTP]&amp#27;[0m &amp#27;[37m-->&amp#27;[39m &amp#27;[37mGET&amp#27;[39m &amp#27;[37m/session/9c0ff67f-6efc-443b-a62f-dce2bca5d56b/element/00000000-0000-0042-0000-00dd00000004/text&amp#27;[39m
&amp#27;[38;5;0m[HTTP]&amp#27;[0m &amp#27;[90m{}&amp#27;[39m
&amp#27;[38;5;32m[AndroidUiautomator2Driver@e3cd (9c0ff67f)]&amp#27;[0m Driver proxy active, passing request on via HTTP proxy
&amp#27;[38;5;32m[AndroidUiautomator2Driver@e3cd (9c0ff67f)]&amp#27;[0m Matched '/session/9c0ff67f-6efc-443b-a62f-dce2bca5d56b/element/00000000-0000-0042-0000-00dd00000004/text' to command name 'getText'
&amp#27;[38;5;32m[AndroidUiautomator2Driver@e3cd (9c0ff67f)]&amp#27;[0m Proxying [GET /session/9c0ff67f-6efc-443b-a62f-dce2bca5d56b/element/00000000-0000-0042-0000-00dd00000004/text] to [GET http://127.0.0.1:8200/session/2fea60ff-cc1e-449a-891a-56c913714252/element/00000000-0000-0042-0000-00dd00000004/text] with no body
&amp#27;[38;5;32m[AndroidUiautomator2Driver@e3cd (9c0ff67f)]&amp#27;[0m Got response with status 200: {"sessionId":"2fea60ff-cc1e-449a-891a-56c913714252","value":"11 Â°C"}
&amp#27;[38;5;32m[AndroidUiautomator2Driver@e3cd (9c0ff67f)]&amp#27;[0m Replacing sessionId 2fea60ff-cc1e-449a-891a-56c913714252 with 9c0ff67f-6efc-443b-a62f-dce2bca5d56b
&amp#27;[38;5;0m[HTTP]&amp#27;[0m &amp#27;[37m<-- GET /session/9c0ff67f-6efc-443b-a62f-dce2bca5d56b/element/00000000-0000-0042-0000-00dd00000004/text &amp#27;[39m&amp#27;[32m200&amp#27;[39m &amp#27;[90m8 ms - 69&amp#27;[39m
&amp#27;[38;5;0m[HTTP]&amp#27;[0m &amp#27;[90m&amp#27;[39m
&amp#27;[38;5;0m[HTTP]&amp#27;[0m &amp#27;[37m-->&amp#27;[39m &amp#27;[37mGET&amp#27;[39m &amp#27;[37m/session/9c0ff67f-6efc-443b-a62f-dce2bca5d56b/element/00000000-0000-0042-0000-00df00000004/text&amp#27;[39m
&amp#27;[38;5;0m[HTTP]&amp#27;[0m &amp#27;[90m{}&amp#27;[39m
&amp#27;[38;5;32m[AndroidUiautomator2Driver@e3cd (9c0ff67f)]&amp#27;[0m Driver proxy active, passing request on via HTTP proxy
&amp#27;[38;5;32m[AndroidUiautomator2Driver@e3cd (9c0ff67f)]&amp#27;[0m Matched '/session/9c0ff67f-6efc-443b-a62f-dce2bca5d56b/element/00000000-0000-0042-0000-00df00000004/text' to command name 'getText'
&amp#27;[38;5;32m[AndroidUiautomator2Driver@e3cd (9c0ff67f)]&amp#27;[0m Proxying [GET /session/9c0ff67f-6efc-443b-a62f-dce2bca5d56b/element/00000000-0000-0042-0000-00df00000004/text] to [GET http://127.0.0.1:8200/session/2fea60ff-cc1e-449a-891a-56c913714252/element/00000000-0000-0042-0000-00df00000004/text] with no body
&amp#27;[38;5;32m[AndroidUiautomator2Driver@e3cd (9c0ff67f)]&amp#27;[0m Got response with status 200: {"sessionId":"2fea60ff-cc1e-449a-891a-56c913714252","value":"12:00"}
&amp#27;[38;5;32m[AndroidUiautomator2Driver@e3cd (9c0ff67f)]&amp#27;[0m Replacing sessionId 2fea60ff-cc1e-449a-891a-56c913714252 with 9c0ff67f-6efc-443b-a62f-dce2bca5d56b
&amp#27;[38;5;0m[HTTP]&amp#27;[0m &amp#27;[37m<-- GET /session/9c0ff67f-6efc-443b-a62f-dce2bca5d56b/element/00000000-0000-0042-0000-00df00000004/text &amp#27;[39m&amp#27;[32m200&amp#27;[39m &amp#27;[90m8 ms - 68&amp#27;[39m
&amp#27;[38;5;0m[HTTP]&amp#27;[0m &amp#27;[90m&amp#27;[39m
&amp#27;[38;5;0m[HTTP]&amp#27;[0m &amp#27;[37m-->&amp#27;[39m &amp#27;[37mGET&amp#27;[39m &amp#27;[37m/session/9c0ff67f-6efc-443b-a62f-dce2bca5d56b/element/00000000-0000-0042-0000-00e100000004/text&amp#27;[39m
&amp#27;[38;5;0m[HTTP]&amp#27;[0m &amp#27;[90m{}&amp#27;[39m
&amp#27;[38;5;32m[AndroidUiautomator2Driver@e3cd (9c0ff67f)]&amp#27;[0m Driver proxy active, passing request on via HTTP proxy
&amp#27;[38;5;32m[AndroidUiautomator2Driver@e3cd (9c0ff67f)]&amp#27;[0m Matched '/session/9c0ff67f-6efc-443b-a62f-dce2bca5d56b/element/00000000-0000-0042-0000-00e100000004/text' to command name 'getText'
&amp#27;[38;5;32m[AndroidUiautomator2Driver@e3cd (9c0ff67f)]&amp#27;[0m Proxying [GET /session/9c0ff67f-6efc-443b-a62f-dce2bca5d56b/element/00000000-0000-0042-0000-00e100000004/text] to [GET http://127.0.0.1:8200/session/2fea60ff-cc1e-449a-891a-56c913714252/element/00000000-0000-0042-0000-00e100000004/text] with no body
&amp#27;[38;5;32m[AndroidUiautomator2Driver@e3cd (9c0ff67f)]&amp#27;[0m Got response with status 200: {"sessionId":"2fea60ff-cc1e-449a-891a-56c913714252","value":"broken clouds"}
&amp#27;[38;5;32m[AndroidUiautomator2Driver@e3cd (9c0ff67f)]&amp#27;[0m Replacing sessionId 2fea60ff-cc1e-449a-891a-56c913714252 with 9c0ff67f-6efc-443b-a62f-dce2bca5d56b
&amp#27;[38;5;0m[HTTP]&amp#27;[0m &amp#27;[37m<-- GET /session/9c0ff67f-6efc-443b-a62f-dce2bca5d56b/element/00000000-0000-0042-0000-00e100000004/text &amp#27;[39m&amp#27;[32m200&amp#27;[39m &amp#27;[90m9 ms - 76&amp#27;[39m
&amp#27;[38;5;0m[HTTP]&amp#27;[0m &amp#27;[90m&amp#27;[39m
&amp#27;[38;5;0m[HTTP]&amp#27;[0m &amp#27;[37m-->&amp#27;[39m &amp#27;[37mGET&amp#27;[39m &amp#27;[37m/session/9c0ff67f-6efc-443b-a62f-dce2bca5d56b/element/00000000-0000-0042-0000-00e300000004/text&amp#27;[39m
&amp#27;[38;5;0m[HTTP]&amp#27;[0m &amp#27;[90m{}&amp#27;[39m
&amp#27;[38;5;32m[AndroidUiautomator2Driver@e3cd (9c0ff67f)]&amp#27;[0m Driver proxy active, passing request on via HTTP proxy
&amp#27;[38;5;32m[AndroidUiautomator2Driver@e3cd (9c0ff67f)]&amp#27;[0m Matched '/session/9c0ff67f-6efc-443b-a62f-dce2bca5d56b/element/00000000-0000-0042-0000-00e300000004/text' to command name 'getText'
&amp#27;[38;5;32m[AndroidUiautomator2Driver@e3cd (9c0ff67f)]&amp#27;[0m Proxying [GET /session/9c0ff67f-6efc-443b-a62f-dce2bca5d56b/element/00000000-0000-0042-0000-00e300000004/text] to [GET http://127.0.0.1:8200/session/2fea60ff-cc1e-449a-891a-56c913714252/element/00000000-0000-0042-0000-00e300000004/text] with no body
&amp#27;[38;5;32m[AndroidUiautomator2Driver@e3cd (9c0ff67f)]&amp#27;[0m Got response with status 200: {"sessionId":"2fea60ff-cc1e-449a-891a-56c913714252","value":"82 %"}
&amp#27;[38;5;32m[AndroidUiautomator2Driver@e3cd (9c0ff67f)]&amp#27;[0m Replacing sessionId 2fea60ff-cc1e-449a-891a-56c913714252 with 9c0ff67f-6efc-443b-a62f-dce2bca5d56b
&amp#27;[38;5;0m[HTTP]&amp#27;[0m &amp#27;[37m<-- GET /session/9c0ff67f-6efc-443b-a62f-dce2bca5d56b/element/00000000-0000-0042-0000-00e300000004/text &amp#27;[39m&amp#27;[32m200&amp#27;[39m &amp#27;[90m9 ms - 67&amp#27;[39m
&amp#27;[38;5;0m[HTTP]&amp#27;[0m &amp#27;[90m&amp#27;[39m
&amp#27;[38;5;0m[HTTP]&amp#27;[0m &amp#27;[37m-->&amp#27;[39m &amp#27;[37mGET&amp#27;[39m &amp#27;[37m/session/9c0ff67f-6efc-443b-a62f-dce2bca5d56b/element/00000000-0000-0042-0000-00e500000004/text&amp#27;[39m
&amp#27;[38;5;0m[HTTP]&amp#27;[0m &amp#27;[90m{}&amp#27;[39m
&amp#27;[38;5;32m[AndroidUiautomator2Driver@e3cd (9c0ff67f)]&amp#27;[0m Driver proxy active, passing request on via HTTP proxy
&amp#27;[38;5;32m[AndroidUiautomator2Driver@e3cd (9c0ff67f)]&amp#27;[0m Matched '/session/9c0ff67f-6efc-443b-a62f-dce2bca5d56b/element/00000000-0000-0042-0000-00e500000004/text' to command name 'getText'
&amp#27;[38;5;32m[AndroidUiautomator2Driver@e3cd (9c0ff67f)]&amp#27;[0m Proxying [GET /session/9c0ff67f-6efc-443b-a62f-dce2bca5d56b/element/00000000-0000-0042-0000-00e500000004/text] to [GET http://127.0.0.1:8200/session/2fea60ff-cc1e-449a-891a-56c913714252/element/00000000-0000-0042-0000-00e500000004/text] with no body
&amp#27;[38;5;32m[AndroidUiautomator2Driver@e3cd (9c0ff67f)]&amp#27;[0m Got response with status 200: {"sessionId":"2fea60ff-cc1e-449a-891a-56c913714252","value":"11 Â°C"}
&amp#27;[38;5;32m[AndroidUiautomator2Driver@e3cd (9c0ff67f)]&amp#27;[0m Replacing sessionId 2fea60ff-cc1e-449a-891a-56c913714252 with 9c0ff67f-6efc-443b-a62f-dce2bca5d56b
&amp#27;[38;5;0m[HTTP]&amp#27;[0m &amp#27;[37m<-- GET /session/9c0ff67f-6efc-443b-a62f-dce2bca5d56b/element/00000000-0000-0042-0000-00e500000004/text &amp#27;[39m&amp#27;[32m200&amp#27;[39m &amp#27;[90m8 ms - 69&amp#27;[39m
&amp#27;[38;5;0m[HTTP]&amp#27;[0m &amp#27;[90m&amp#27;[39m
&amp#27;[38;5;0m[HTTP]&amp#27;[0m &amp#27;[37m-->&amp#27;[39m &amp#27;[37mGET&amp#27;[39m &amp#27;[37m/session/9c0ff67f-6efc-443b-a62f-dce2bca5d56b/element/00000000-0000-0042-0000-00e700000004/text&amp#27;[39m
&amp#27;[38;5;0m[HTTP]&amp#27;[0m &amp#27;[90m{}&amp#27;[39m
&amp#27;[38;5;32m[AndroidUiautomator2Driver@e3cd (9c0ff67f)]&amp#27;[0m Driver proxy active, passing request on via HTTP proxy
&amp#27;[38;5;32m[AndroidUiautomator2Driver@e3cd (9c0ff67f)]&amp#27;[0m Matched '/session/9c0ff67f-6efc-443b-a62f-dce2bca5d56b/element/00000000-0000-0042-0000-00e700000004/text' to command name 'getText'
&amp#27;[38;5;32m[AndroidUiautomator2Driver@e3cd (9c0ff67f)]&amp#27;[0m Proxying [GET /session/9c0ff67f-6efc-443b-a62f-dce2bca5d56b/element/00000000-0000-0042-0000-00e700000004/text] to [GET http://127.0.0.1:8200/session/2fea60ff-cc1e-449a-891a-56c913714252/element/00000000-0000-0042-0000-00e700000004/text] with no body
&amp#27;[38;5;32m[AndroidUiautomator2Driver@e3cd (9c0ff67f)]&amp#27;[0m Got response with status 200: {"sessionId":"2fea60ff-cc1e-449a-891a-56c913714252","value":"13:00"}
&amp#27;[38;5;32m[AndroidUiautomator2Driver@e3cd (9c0ff67f)]&amp#27;[0m Replacing sessionId 2fea60ff-cc1e-449a-891a-56c913714252 with 9c0ff67f-6efc-443b-a62f-dce2bca5d56b
&amp#27;[38;5;0m[HTTP]&amp#27;[0m &amp#27;[37m<-- GET /session/9c0ff67f-6efc-443b-a62f-dce2bca5d56b/element/00000000-0000-0042-0000-00e700000004/text &amp#27;[39m&amp#27;[32m200&amp#27;[39m &amp#27;[90m9 ms - 68&amp#27;[39m
&amp#27;[38;5;0m[HTTP]&amp#27;[0m &amp#27;[90m&amp#27;[39m
&amp#27;[38;5;0m[HTTP]&amp#27;[0m &amp#27;[37m-->&amp#27;[39m &amp#27;[37mGET&amp#27;[39m &amp#27;[37m/session/9c0ff67f-6efc-443b-a62f-dce2bca5d56b/element/00000000-0000-0042-0000-00e900000004/text&amp#27;[39m
&amp#27;[38;5;0m[HTTP]&amp#27;[0m &amp#27;[90m{}&amp#27;[39m
&amp#27;[38;5;32m[AndroidUiautomator2Driver@e3cd (9c0ff67f)]&amp#27;[0m Driver proxy active, passing request on via HTTP proxy
&amp#27;[38;5;32m[AndroidUiautomator2Driver@e3cd (9c0ff67f)]&amp#27;[0m Matched '/session/9c0ff67f-6efc-443b-a62f-dce2bca5d56b/element/00000000-0000-0042-0000-00e900000004/text' to command name 'getText'
&amp#27;[38;5;32m[AndroidUiautomator2Driver@e3cd (9c0ff67f)]&amp#27;[0m Proxying [GET /session/9c0ff67f-6efc-443b-a62f-dce2bca5d56b/element/00000000-0000-0042-0000-00e900000004/text] to [GET http://127.0.0.1:8200/session/2fea60ff-cc1e-449a-891a-56c913714252/element/00000000-0000-0042-0000-00e900000004/text] with no body
&amp#27;[38;5;32m[AndroidUiautomator2Driver@e3cd (9c0ff67f)]&amp#27;[0m Got response with status 200: {"sessionId":"2fea60ff-cc1e-449a-891a-56c913714252","value":"scattered clouds"}
&amp#27;[38;5;32m[AndroidUiautomator2Driver@e3cd (9c0ff67f)]&amp#27;[0m Replacing sessionId 2fea60ff-cc1e-449a-891a-56c913714252 with 9c0ff67f-6efc-443b-a62f-dce2bca5d56b
&amp#27;[38;5;0m[HTTP]&amp#27;[0m &amp#27;[37m<-- GET /session/9c0ff67f-6efc-443b-a62f-dce2bca5d56b/element/00000000-0000-0042-0000-00e900000004/text &amp#27;[39m&amp#27;[32m200&amp#27;[39m &amp#27;[90m9 ms - 79&amp#27;[39m
&amp#27;[38;5;0m[HTTP]&amp#27;[0m &amp#27;[90m&amp#27;[39m
&amp#27;[38;5;0m[HTTP]&amp#27;[0m &amp#27;[37m-->&amp#27;[39m &amp#27;[37mGET&amp#27;[39m &amp#27;[37m/session/9c0ff67f-6efc-443b-a62f-dce2bca5d56b/element/00000000-0000-0042-0000-00eb00000004/text&amp#27;[39m
&amp#27;[38;5;0m[HTTP]&amp#27;[0m &amp#27;[90m{}&amp#27;[39m
&amp#27;[38;5;32m[AndroidUiautomator2Driver@e3cd (9c0ff67f)]&amp#27;[0m Driver proxy active, passing request on via HTTP proxy
&amp#27;[38;5;32m[AndroidUiautomator2Driver@e3cd (9c0ff67f)]&amp#27;[0m Matched '/session/9c0ff67f-6efc-443b-a62f-dce2bca5d56b/element/00000000-0000-0042-0000-00eb00000004/text' to command name 'getText'
&amp#27;[38;5;32m[AndroidUiautomator2Driver@e3cd (9c0ff67f)]&amp#27;[0m Proxying [GET /session/9c0ff67f-6efc-443b-a62f-dce2bca5d56b/element/00000000-0000-0042-0000-00eb00000004/text] to [GET http://127.0.0.1:8200/session/2fea60ff-cc1e-449a-891a-56c913714252/element/00000000-0000-0042-0000-00eb00000004/text] with no body
&amp#27;[38;5;32m[AndroidUiautomator2Driver@e3cd (9c0ff67f)]&amp#27;[0m Got response with status 200: {"sessionId":"2fea60ff-cc1e-449a-891a-56c913714252","value":"84 %"}
&amp#27;[38;5;32m[AndroidUiautomator2Driver@e3cd (9c0ff67f)]&amp#27;[0m Replacing sessionId 2fea60ff-cc1e-449a-891a-56c913714252 with 9c0ff67f-6efc-443b-a62f-dce2bca5d56b
&amp#27;[38;5;0m[HTTP]&amp#27;[0m &amp#27;[37m<-- GET /session/9c0ff67f-6efc-443b-a62f-dce2bca5d56b/element/00000000-0000-0042-0000-00eb00000004/text &amp#27;[39m&amp#27;[32m200&amp#27;[39m &amp#27;[90m9 ms - 67&amp#27;[39m
&amp#27;[38;5;0m[HTTP]&amp#27;[0m &amp#27;[90m&amp#27;[39m
&amp#27;[38;5;0m[HTTP]&amp#27;[0m &amp#27;[37m-->&amp#27;[39m &amp#27;[37mGET&amp#27;[39m &amp#27;[37m/session/9c0ff67f-6efc-443b-a62f-dce2bca5d56b/element/00000000-0000-0042-0000-00ed00000004/text&amp#27;[39m
&amp#27;[38;5;0m[HTTP]&amp#27;[0m &amp#27;[90m{}&amp#27;[39m
&amp#27;[38;5;32m[AndroidUiautomator2Driver@e3cd (9c0ff67f)]&amp#27;[0m Driver proxy active, passing request on via HTTP proxy
&amp#27;[38;5;32m[AndroidUiautomator2Driver@e3cd (9c0ff67f)]&amp#27;[0m Matched '/session/9c0ff67f-6efc-443b-a62f-dce2bca5d56b/element/00000000-0000-0042-0000-00ed00000004/text' to command name 'getText'
&amp#27;[38;5;32m[AndroidUiautomator2Driver@e3cd (9c0ff67f)]&amp#27;[0m Proxying [GET /session/9c0ff67f-6efc-443b-a62f-dce2bca5d56b/element/00000000-0000-0042-0000-00ed00000004/text] to [GET http://127.0.0.1:8200/session/2fea60ff-cc1e-449a-891a-56c913714252/element/00000000-0000-0042-0000-00ed00000004/text] with no body
&amp#27;[38;5;32m[AndroidUiautomator2Driver@e3cd (9c0ff67f)]&amp#27;[0m Got response with status 200: {"sessionId":"2fea60ff-cc1e-449a-891a-56c913714252","value":"10 Â°C"}
&amp#27;[38;5;32m[AndroidUiautomator2Driver@e3cd (9c0ff67f)]&amp#27;[0m Replacing sessionId 2fea60ff-cc1e-449a-891a-56c913714252 with 9c0ff67f-6efc-443b-a62f-dce2bca5d56b
&amp#27;[38;5;0m[HTTP]&amp#27;[0m &amp#27;[37m<-- GET /session/9c0ff67f-6efc-443b-a62f-dce2bca5d56b/element/00000000-0000-0042-0000-00ed00000004/text &amp#27;[39m&amp#27;[32m200&amp#27;[39m &amp#27;[90m9 ms - 69&amp#27;[39m
&amp#27;[38;5;0m[HTTP]&amp#27;[0m &amp#27;[90m&amp#27;[39m
&amp#27;[38;5;0m[HTTP]&amp#27;[0m &amp#27;[37m-->&amp#27;[39m &amp#27;[37mGET&amp#27;[39m &amp#27;[37m/session/9c0ff67f-6efc-443b-a62f-dce2bca5d56b/element/00000000-0000-0042-0000-00ef00000004/text&amp#27;[39m
&amp#27;[38;5;0m[HTTP]&amp#27;[0m &amp#27;[90m{}&amp#27;[39m
&amp#27;[38;5;32m[AndroidUiautomator2Driver@e3cd (9c0ff67f)]&amp#27;[0m Driver proxy active, passing request on via HTTP proxy
&amp#27;[38;5;32m[AndroidUiautomator2Driver@e3cd (9c0ff67f)]&amp#27;[0m Matched '/session/9c0ff67f-6efc-443b-a62f-dce2bca5d56b/element/00000000-0000-0042-0000-00ef00000004/text' to command name 'getText'
&amp#27;[38;5;32m[AndroidUiautomator2Driver@e3cd (9c0ff67f)]&amp#27;[0m Proxying [GET /session/9c0ff67f-6efc-443b-a62f-dce2bca5d56b/element/00000000-0000-0042-0000-00ef00000004/text] to [GET http://127.0.0.1:8200/session/2fea60ff-cc1e-449a-891a-56c913714252/element/00000000-0000-0042-0000-00ef00000004/text] with no body
&amp#27;[38;5;32m[AndroidUiautomator2Driver@e3cd (9c0ff67f)]&amp#27;[0m Got response with status 200: {"sessionId":"2fea60ff-cc1e-449a-891a-56c913714252","value":"14:00"}
&amp#27;[38;5;32m[AndroidUiautomator2Driver@e3cd (9c0ff67f)]&amp#27;[0m Replacing sessionId 2fea60ff-cc1e-449a-891a-56c913714252 with 9c0ff67f-6efc-443b-a62f-dce2bca5d56b
&amp#27;[38;5;0m[HTTP]&amp#27;[0m &amp#27;[37m<-- GET /session/9c0ff67f-6efc-443b-a62f-dce2bca5d56b/element/00000000-0000-0042-0000-00ef00000004/text &amp#27;[39m&amp#27;[32m200&amp#27;[39m &amp#27;[90m9 ms - 68&amp#27;[39m
&amp#27;[38;5;0m[HTTP]&amp#27;[0m &amp#27;[90m&amp#27;[39m
&amp#27;[38;5;0m[HTTP]&amp#27;[0m &amp#27;[37m-->&amp#27;[39m &amp#27;[37mGET&amp#27;[39m &amp#27;[37m/session/9c0ff67f-6efc-443b-a62f-dce2bca5d56b/element/00000000-0000-0042-0000-00f100000004/text&amp#27;[39m
&amp#27;[38;5;0m[HTTP]&amp#27;[0m &amp#27;[90m{}&amp#27;[39m
&amp#27;[38;5;32m[AndroidUiautomator2Driver@e3cd (9c0ff67f)]&amp#27;[0m Driver proxy active, passing request on via HTTP proxy
&amp#27;[38;5;32m[AndroidUiautomator2Driver@e3cd (9c0ff67f)]&amp#27;[0m Matched '/session/9c0ff67f-6efc-443b-a62f-dce2bca5d56b/element/00000000-0000-0042-0000-00f100000004/text' to command name 'getText'
&amp#27;[38;5;32m[AndroidUiautomator2Driver@e3cd (9c0ff67f)]&amp#27;[0m Proxying [GET /session/9c0ff67f-6efc-443b-a62f-dce2bca5d56b/element/00000000-0000-0042-0000-00f100000004/text] to [GET http://127.0.0.1:8200/session/2fea60ff-cc1e-449a-891a-56c913714252/element/00000000-0000-0042-0000-00f100000004/text] with no body
&amp#27;[38;5;32m[AndroidUiautomator2Driver@e3cd (9c0ff67f)]&amp#27;[0m Got response with status 200: {"sessionId":"2fea60ff-cc1e-449a-891a-56c913714252","value":"scattered clouds"}
&amp#27;[38;5;32m[AndroidUiautomator2Driver@e3cd (9c0ff67f)]&amp#27;[0m Replacing sessionId 2fea60ff-cc1e-449a-891a-56c913714252 with 9c0ff67f-6efc-443b-a62f-dce2bca5d56b
&amp#27;[38;5;0m[HTTP]&amp#27;[0m &amp#27;[37m<-- GET /session/9c0ff67f-6efc-443b-a62f-dce2bca5d56b/element/00000000-0000-0042-0000-00f100000004/text &amp#27;[39m&amp#27;[32m200&amp#27;[39m &amp#27;[90m10 ms - 79&amp#27;[39m
&amp#27;[38;5;0m[HTTP]&amp#27;[0m &amp#27;[90m&amp#27;[39m
&amp#27;[38;5;0m[HTTP]&amp#27;[0m &amp#27;[37m-->&amp#27;[39m &amp#27;[37mGET&amp#27;[39m &amp#27;[37m/session/9c0ff67f-6efc-443b-a62f-dce2bca5d56b/element/00000000-0000-0042-0000-00f300000004/text&amp#27;[39m
&amp#27;[38;5;0m[HTTP]&amp#27;[0m &amp#27;[90m{}&amp#27;[39m
&amp#27;[38;5;32m[AndroidUiautomator2Driver@e3cd (9c0ff67f)]&amp#27;[0m Driver proxy active, passing request on via HTTP proxy
&amp#27;[38;5;32m[AndroidUiautomator2Driver@e3cd (9c0ff67f)]&amp#27;[0m Matched '/session/9c0ff67f-6efc-443b-a62f-dce2bca5d56b/element/00000000-0000-0042-0000-00f300000004/text' to command name 'getText'
&amp#27;[38;5;32m[AndroidUiautomator2Driver@e3cd (9c0ff67f)]&amp#27;[0m Proxying [GET /session/9c0ff67f-6efc-443b-a62f-dce2bca5d56b/element/00000000-0000-0042-0000-00f300000004/text] to [GET http://127.0.0.1:8200/session/2fea60ff-cc1e-449a-891a-56c913714252/element/00000000-0000-0042-0000-00f300000004/text] with no body
&amp#27;[38;5;32m[AndroidUiautomator2Driver@e3cd (9c0ff67f)]&amp#27;[0m Got response with status 200: {"sessionId":"2fea60ff-cc1e-449a-891a-56c913714252","value":"84 %"}
&amp#27;[38;5;32m[AndroidUiautomator2Driver@e3cd (9c0ff67f)]&amp#27;[0m Replacing sessionId 2fea60ff-cc1e-449a-891a-56c913714252 with 9c0ff67f-6efc-443b-a62f-dce2bca5d56b
&amp#27;[38;5;0m[HTTP]&amp#27;[0m &amp#27;[37m<-- GET /session/9c0ff67f-6efc-443b-a62f-dce2bca5d56b/element/00000000-0000-0042-0000-00f300000004/text &amp#27;[39m&amp#27;[32m200&amp#27;[39m &amp#27;[90m9 ms - 67&amp#27;[39m
&amp#27;[38;5;0m[HTTP]&amp#27;[0m &amp#27;[90m&amp#27;[39m
&amp#27;[38;5;0m[HTTP]&amp#27;[0m &amp#27;[37m-->&amp#27;[39m &amp#27;[37mGET&amp#27;[39m &amp#27;[37m/session/9c0ff67f-6efc-443b-a62f-dce2bca5d56b/element/00000000-0000-0042-0000-00f500000004/text&amp#27;[39m
&amp#27;[38;5;0m[HTTP]&amp#27;[0m &amp#27;[90m{}&amp#27;[39m
&amp#27;[38;5;32m[AndroidUiautomator2Driver@e3cd (9c0ff67f)]&amp#27;[0m Driver proxy active, passing request on via HTTP proxy
&amp#27;[38;5;32m[AndroidUiautomator2Driver@e3cd (9c0ff67f)]&amp#27;[0m Matched '/session/9c0ff67f-6efc-443b-a62f-dce2bca5d56b/element/00000000-0000-0042-0000-00f500000004/text' to command name 'getText'
&amp#27;[38;5;32m[AndroidUiautomator2Driver@e3cd (9c0ff67f)]&amp#27;[0m Proxying [GET /session/9c0ff67f-6efc-443b-a62f-dce2bca5d56b/element/00000000-0000-0042-0000-00f500000004/text] to [GET http://127.0.0.1:8200/session/2fea60ff-cc1e-449a-891a-56c913714252/element/00000000-0000-0042-0000-00f500000004/text] with no body
&amp#27;[38;5;32m[AndroidUiautomator2Driver@e3cd (9c0ff67f)]&amp#27;[0m Got response with status 200: {"sessionId":"2fea60ff-cc1e-449a-891a-56c913714252","value":"10 Â°C"}
&amp#27;[38;5;32m[AndroidUiautomator2Driver@e3cd (9c0ff67f)]&amp#27;[0m Replacing sessionId 2fea60ff-cc1e-449a-891a-56c913714252 with 9c0ff67f-6efc-443b-a62f-dce2bca5d56b
&amp#27;[38;5;0m[HTTP]&amp#27;[0m &amp#27;[37m<-- GET /session/9c0ff67f-6efc-443b-a62f-dce2bca5d56b/element/00000000-0000-0042-0000-00f500000004/text &amp#27;[39m&amp#27;[32m200&amp#27;[39m &amp#27;[90m9 ms - 69&amp#27;[39m
&amp#27;[38;5;0m[HTTP]&amp#27;[0m &amp#27;[90m&amp#27;[39m
&amp#27;[38;5;0m[HTTP]&amp#27;[0m &amp#27;[37m-->&amp#27;[39m &amp#27;[37mPOST&amp#27;[39m &amp#27;[37m/session/9c0ff67f-6efc-443b-a62f-dce2bca5d56b/execute/sync&amp#27;[39m
&amp#27;[38;5;0m[HTTP]&amp#27;[0m &amp#27;[90m{"script":"mobile: swipeGesture","args":[{"elementId":"00000000-0000-0042-0000-001d00000004","percent":0.4,"speed":320,"direction":"left"}]}&amp#27;[39m
&amp#27;[38;5;32m[AndroidUiautomator2Driver@e3cd (9c0ff67f)]&amp#27;[0m Calling AppiumDriver.execute() with args: ["mobile: swipeGesture",[{"elementId":"00000000-0000-0042-0000-001d00000004","percent":0.4,"speed":320,"direction":"left"}],"9c0ff67f-6efc-443b-a62f-dce2bca5d56b"]
&amp#27;[38;5;32m[AndroidUiautomator2Driver@e3cd (9c0ff67f)]&amp#27;[0m Executing method 'mobile: swipeGesture'
&amp#27;[38;5;32m[AndroidUiautomator2Driver@e3cd (9c0ff67f)]&amp#27;[0m Proxying [POST /appium/gestures/swipe] to [POST http://127.0.0.1:8200/session/2fea60ff-cc1e-449a-891a-56c913714252/appium/gestures/swipe] with body: {"origin":{"ELEMENT":"00000000-0000-0042-0000-001d00000004","element-6066-11e4-a52e-4f735466cecf":"00000000-0000-0042-0000-001d00000004"},"direction":"left","percent":0.4,"speed":320}
&amp#27;[38;5;32m[AndroidUiautomator2Driver@e3cd (9c0ff67f)]&amp#27;[0m Got response with status 200: {"sessionId":"2fea60ff-cc1e-449a-891a-56c913714252","value":null}
&amp#27;[38;5;32m[AndroidUiautomator2Driver@e3cd (9c0ff67f)]&amp#27;[0m Responding to client with driver.execute() result: null
&amp#27;[38;5;0m[HTTP]&amp#27;[0m &amp#27;[37m<-- POST /session/9c0ff67f-6efc-443b-a62f-dce2bca5d56b/execute/sync &amp#27;[39m&amp#27;[32m200&amp#27;[39m &amp#27;[90m1524 ms - 14&amp#27;[39m
&amp#27;[38;5;0m[HTTP]&amp#27;[0m &amp#27;[90m&amp#27;[39m
&amp#27;[38;5;0m[HTTP]&amp#27;[0m &amp#27;[37m-->&amp#27;[39m &amp#27;[37mPOST&amp#27;[39m &amp#27;[37m/session/9c0ff67f-6efc-443b-a62f-dce2bca5d56b/elements&amp#27;[39m
&amp#27;[38;5;0m[HTTP]&amp#27;[0m &amp#27;[90m{"using":"xpath","value":"//android.widget.HorizontalScrollView"}&amp#27;[39m
&amp#27;[38;5;32m[AndroidUiautomator2Driver@e3cd (9c0ff67f)]&amp#27;[0m Calling AppiumDriver.findElements() with args: ["xpath","//android.widget.HorizontalScrollView","9c0ff67f-6efc-443b-a62f-dce2bca5d56b"]
&amp#27;[38;5;32m[AndroidUiautomator2Driver@e3cd (9c0ff67f)]&amp#27;[0m Valid locator strategies for this request: xpath, id, class name, accessibility id, css selector, -android uiautomator
&amp#27;[38;5;32m[AndroidUiautomator2Driver@e3cd (9c0ff67f)]&amp#27;[0m Waiting up to 0 ms for condition
&amp#27;[38;5;32m[AndroidUiautomator2Driver@e3cd (9c0ff67f)]&amp#27;[0m Matched '/elements' to command name 'findElements'
&amp#27;[38;5;32m[AndroidUiautomator2Driver@e3cd (9c0ff67f)]&amp#27;[0m Proxying [POST /elements] to [POST http://127.0.0.1:8200/session/2fea60ff-cc1e-449a-891a-56c913714252/elements] with body: {"strategy":"xpath","selector":"//android.widget.HorizontalScrollView","context":"","multiple":true}
&amp#27;[38;5;32m[AndroidUiautomator2Driver@e3cd (9c0ff67f)]&amp#27;[0m Got response with status 200: {"sessionId":"2fea60ff-cc1e-449a-891a-56c913714252","value":[{"ELEMENT":"00000000-0000-0042-0000-001d00000004","element-6066-11e4-a52e-4f735466cecf":"00000000-0000-0042-0000-001d00000004"},{"ELEMENT":"00000000-0000-0042-0000-001e00000004","element-6066-11e4-a52e-4f735466cecf":"00000000-0000-0042-0000-001e00000004"}]}
&amp#27;[38;5;32m[AndroidUiautomator2Driver@e3cd (9c0ff67f)]&amp#27;[0m Responding to client with driver.findElements() result: [{"element-6066-11e4-a52e-4f735466cecf":"00000000-0000-0042-0000-001d00000004","ELEMENT":"00000000-0000-0042-0000-001d00000004"},{"element-6066-11e4-a52e-4f735466cecf":"00000000-0000-0042-0000-001e00000004","ELEMENT":"00000000-0000-0042-0000-001e00000004"}]
&amp#27;[38;5;0m[HTTP]&amp#27;[0m &amp#27;[37m<-- POST /session/9c0ff67f-6efc-443b-a62f-dce2bca5d56b/elements &amp#27;[39m&amp#27;[32m200&amp#27;[39m &amp#27;[90m107 ms - 267&amp#27;[39m
&amp#27;[38;5;0m[HTTP]&amp#27;[0m &amp#27;[90m&amp#27;[39m
&amp#27;[38;5;0m[HTTP]&amp#27;[0m &amp#27;[37m-->&amp#27;[39m &amp#27;[37mPOST&amp#27;[39m &amp#27;[37m/session/9c0ff67f-6efc-443b-a62f-dce2bca5d56b/element/00000000-0000-0042-0000-001d00000004/elements&amp#27;[39m
&amp#27;[38;5;0m[HTTP]&amp#27;[0m &amp#27;[90m{"id":"00000000-0000-0042-0000-001d00000004","using":"xpath","value":"//android.view.View"}&amp#27;[39m
&amp#27;[38;5;32m[AndroidUiautomator2Driver@e3cd (9c0ff67f)]&amp#27;[0m Calling AppiumDriver.findElementsFromElement() with args: ["xpath","//android.view.View","00000000-0000-0042-0000-001d00000004","9c0ff67f-6efc-443b-a62f-dce2bca5d56b"]
&amp#27;[38;5;32m[AndroidUiautomator2Driver@e3cd (9c0ff67f)]&amp#27;[0m Valid locator strategies for this request: xpath, id, class name, accessibility id, css selector, -android uiautomator
&amp#27;[38;5;32m[AndroidUiautomator2Driver@e3cd (9c0ff67f)]&amp#27;[0m Waiting up to 0 ms for condition
&amp#27;[38;5;32m[AndroidUiautomator2Driver@e3cd (9c0ff67f)]&amp#27;[0m Matched '/elements' to command name 'findElements'
&amp#27;[38;5;32m[AndroidUiautomator2Driver@e3cd (9c0ff67f)]&amp#27;[0m Proxying [POST /elements] to [POST http://127.0.0.1:8200/session/2fea60ff-cc1e-449a-891a-56c913714252/elements] with body: {"strategy":"xpath","selector":"//android.view.View","context":"00000000-0000-0042-0000-001d00000004","multiple":true}
&amp#27;[38;5;32m[AndroidUiautomator2Driver@e3cd (9c0ff67f)]&amp#27;[0m Got response with status 200: {"sessionId":"2fea60ff-cc1e-449a-891a-56c913714252","value":[{"ELEMENT":"00000000-0000-0042-0000-00df00000004","element-6066-11e4-a52e-4f735466cecf":"00000000-0000-0042-0000-00df00000004"},{"ELEMENT":"00000000-0000-0042-0000-00e100000004","element-6066-11e4-a52e-4f735466cecf":"00000000-0000-0042-0000-00e100000004"},{"ELEMENT":"00000000-0000-0042-0000-00e300000004","element-6066-11e4-a52e-4f735466cecf":"00000000-0000-0042-0000-00e300000004"},{"ELEMENT":"00000000-0000-0042-0000-00e500000004","element-6066-11e4-a52e-4f735466cecf":"00000000-0000-0042-0000-00e500000004"},{"ELEMENT":"00000000-0000-0042-0000-00e700000004","element-6066-11e4-a52e-4f735466cecf":"00000000-0000-0042-0000-00e700000004"},{"ELEMENT":"00000000-0000-0042-0000-00e900000004","element-6066-11e4-a52e-4f735466cecf":"00000000-0000-0042-0000-00e900000004"},{"ELEMENT":"00000000-0000-0042-0000-00eb00000004","element-6066-11e4-a52e-4f735466cecf":"00000000-0000-0042-0000-00eb00000004"},{"ELEMENT":"00000000-0000-0042-0000-00ed00000004","element-6066-...
&amp#27;[38;5;32m[AndroidUiautomator2Driver@e3cd (9c0ff67f)]&amp#27;[0m Responding to client with driver.findElementsFromElement() result: [{"element-6066-11e4-a52e-4f735466cecf":"00000000-0000-0042-0000-00df00000004","ELEMENT":"00000000-0000-0042-0000-00df00000004"},{"element-6066-11e4-a52e-4f735466cecf":"00000000-0000-0042-0000-00e100000004","ELEMENT":"00000000-0000-0042-0000-00e100000004"},{"element-6066-11e4-a52e-4f735466cecf":"00000000-0000-0042-0000-00e300000004","ELEMENT":"00000000-0000-0042-0000-00e300000004"},{"element-6066-11e4-a52e-4f735466cecf":"00000000-0000-0042-0000-00e500000004","ELEMENT":"00000000-0000-0042-0000-00e500000004"},{"element-6066-11e4-a52e-4f735466cecf":"00000000-0000-0042-0000-00e700000004","ELEMENT":"00000000-0000-0042-0000-00e700000004"},{"element-6066-11e4-a52e-4f735466cecf":"00000000-0000-0042-0000-00e900000004","ELEMENT":"00000000-0000-0042-0000-00e900000004"},{"element-6066-11e4-a52e-4f735466cecf":"00000000-0000-0042-0000-00eb00000004","ELEMENT":"00000000-0000-0042-0000-00eb00000004"},{"element-6066-11e4-a52e-4f735466cecf":"00000000-0000-0042-0000-00ed00000004","ELEMENT":"00000000-0000-0042-0000-00ed0000000...
&amp#27;[38;5;0m[HTTP]&amp#27;[0m &amp#27;[37m<-- POST /session/9c0ff67f-6efc-443b-a62f-dce2bca5d56b/element/00000000-0000-0042-0000-001d00000004/elements &amp#27;[39m&amp#27;[32m200&amp#27;[39m &amp#27;[90m47 ms - 2059&amp#27;[39m
&amp#27;[38;5;0m[HTTP]&amp#27;[0m &amp#27;[90m&amp#27;[39m
&amp#27;[38;5;0m[HTTP]&amp#27;[0m &amp#27;[37m-->&amp#27;[39m &amp#27;[37mGET&amp#27;[39m &amp#27;[37m/session/9c0ff67f-6efc-443b-a62f-dce2bca5d56b/element/00000000-0000-0042-0000-00df00000004/text&amp#27;[39m
&amp#27;[38;5;0m[HTTP]&amp#27;[0m &amp#27;[90m{}&amp#27;[39m
&amp#27;[38;5;32m[AndroidUiautomator2Driver@e3cd (9c0ff67f)]&amp#27;[0m Driver proxy active, passing request on via HTTP proxy
&amp#27;[38;5;32m[AndroidUiautomator2Driver@e3cd (9c0ff67f)]&amp#27;[0m Matched '/session/9c0ff67f-6efc-443b-a62f-dce2bca5d56b/element/00000000-0000-0042-0000-00df00000004/text' to command name 'getText'
&amp#27;[38;5;32m[AndroidUiautomator2Driver@e3cd (9c0ff67f)]&amp#27;[0m Proxying [GET /session/9c0ff67f-6efc-443b-a62f-dce2bca5d56b/element/00000000-0000-0042-0000-00df00000004/text] to [GET http://127.0.0.1:8200/session/2fea60ff-cc1e-449a-891a-56c913714252/element/00000000-0000-0042-0000-00df00000004/text] with no body
&amp#27;[38;5;32m[AndroidUiautomator2Driver@e3cd (9c0ff67f)]&amp#27;[0m Got response with status 200: {"sessionId":"2fea60ff-cc1e-449a-891a-56c913714252","value":"12:00"}
&amp#27;[38;5;32m[AndroidUiautomator2Driver@e3cd (9c0ff67f)]&amp#27;[0m Replacing sessionId 2fea60ff-cc1e-449a-891a-56c913714252 with 9c0ff67f-6efc-443b-a62f-dce2bca5d56b
&amp#27;[38;5;0m[HTTP]&amp#27;[0m &amp#27;[37m<-- GET /session/9c0ff67f-6efc-443b-a62f-dce2bca5d56b/element/00000000-0000-0042-0000-00df00000004/text &amp#27;[39m&amp#27;[32m200&amp#27;[39m &amp#27;[90m9 ms - 68&amp#27;[39m
&amp#27;[38;5;0m[HTTP]&amp#27;[0m &amp#27;[90m&amp#27;[39m
&amp#27;[38;5;0m[HTTP]&amp#27;[0m &amp#27;[37m-->&amp#27;[39m &amp#27;[37mGET&amp#27;[39m &amp#27;[37m/session/9c0ff67f-6efc-443b-a62f-dce2bca5d56b/element/00000000-0000-0042-0000-00e100000004/text&amp#27;[39m
&amp#27;[38;5;0m[HTTP]&amp#27;[0m &amp#27;[90m{}&amp#27;[39m
&amp#27;[38;5;32m[AndroidUiautomator2Driver@e3cd (9c0ff67f)]&amp#27;[0m Driver proxy active, passing request on via HTTP proxy
&amp#27;[38;5;32m[AndroidUiautomator2Driver@e3cd (9c0ff67f)]&amp#27;[0m Matched '/session/9c0ff67f-6efc-443b-a62f-dce2bca5d56b/element/00000000-0000-0042-0000-00e100000004/text' to command name 'getText'
&amp#27;[38;5;32m[AndroidUiautomator2Driver@e3cd (9c0ff67f)]&amp#27;[0m Proxying [GET /session/9c0ff67f-6efc-443b-a62f-dce2bca5d56b/element/00000000-0000-0042-0000-00e100000004/text] to [GET http://127.0.0.1:8200/session/2fea60ff-cc1e-449a-891a-56c913714252/element/00000000-0000-0042-0000-00e100000004/text] with no body
&amp#27;[38;5;32m[AndroidUiautomator2Driver@e3cd (9c0ff67f)]&amp#27;[0m Got response with status 200: {"sessionId":"2fea60ff-cc1e-449a-891a-56c913714252","value":"broken clouds"}
&amp#27;[38;5;32m[AndroidUiautomator2Driver@e3cd (9c0ff67f)]&amp#27;[0m Replacing sessionId 2fea60ff-cc1e-449a-891a-56c913714252 with 9c0ff67f-6efc-443b-a62f-dce2bca5d56b
&amp#27;[38;5;0m[HTTP]&amp#27;[0m &amp#27;[37m<-- GET /session/9c0ff67f-6efc-443b-a62f-dce2bca5d56b/element/00000000-0000-0042-0000-00e100000004/text &amp#27;[39m&amp#27;[32m200&amp#27;[39m &amp#27;[90m8 ms - 76&amp#27;[39m
&amp#27;[38;5;0m[HTTP]&amp#27;[0m &amp#27;[90m&amp#27;[39m
&amp#27;[38;5;0m[HTTP]&amp#27;[0m &amp#27;[37m-->&amp#27;[39m &amp#27;[37mGET&amp#27;[39m &amp#27;[37m/session/9c0ff67f-6efc-443b-a62f-dce2bca5d56b/element/00000000-0000-0042-0000-00e300000004/text&amp#27;[39m
&amp#27;[38;5;0m[HTTP]&amp#27;[0m &amp#27;[90m{}&amp#27;[39m
&amp#27;[38;5;32m[AndroidUiautomator2Driver@e3cd (9c0ff67f)]&amp#27;[0m Driver proxy active, passing request on via HTTP proxy
&amp#27;[38;5;32m[AndroidUiautomator2Driver@e3cd (9c0ff67f)]&amp#27;[0m Matched '/session/9c0ff67f-6efc-443b-a62f-dce2bca5d56b/element/00000000-0000-0042-0000-00e300000004/text' to command name 'getText'
&amp#27;[38;5;32m[AndroidUiautomator2Driver@e3cd (9c0ff67f)]&amp#27;[0m Proxying [GET /session/9c0ff67f-6efc-443b-a62f-dce2bca5d56b/element/00000000-0000-0042-0000-00e300000004/text] to [GET http://127.0.0.1:8200/session/2fea60ff-cc1e-449a-891a-56c913714252/element/00000000-0000-0042-0000-00e300000004/text] with no body
&amp#27;[38;5;32m[AndroidUiautomator2Driver@e3cd (9c0ff67f)]&amp#27;[0m Got response with status 200: {"sessionId":"2fea60ff-cc1e-449a-891a-56c913714252","value":"82 %"}
&amp#27;[38;5;32m[AndroidUiautomator2Driver@e3cd (9c0ff67f)]&amp#27;[0m Replacing sessionId 2fea60ff-cc1e-449a-891a-56c913714252 with 9c0ff67f-6efc-443b-a62f-dce2bca5d56b
&amp#27;[38;5;0m[HTTP]&amp#27;[0m &amp#27;[37m<-- GET /session/9c0ff67f-6efc-443b-a62f-dce2bca5d56b/element/00000000-0000-0042-0000-00e300000004/text &amp#27;[39m&amp#27;[32m200&amp#27;[39m &amp#27;[90m8 ms - 67&amp#27;[39m
&amp#27;[38;5;0m[HTTP]&amp#27;[0m &amp#27;[90m&amp#27;[39m
&amp#27;[38;5;0m[HTTP]&amp#27;[0m &amp#27;[37m-->&amp#27;[39m &amp#27;[37mGET&amp#27;[39m &amp#27;[37m/session/9c0ff67f-6efc-443b-a62f-dce2bca5d56b/element/00000000-0000-0042-0000-00e500000004/text&amp#27;[39m
&amp#27;[38;5;0m[HTTP]&amp#27;[0m &amp#27;[90m{}&amp#27;[39m
&amp#27;[38;5;32m[AndroidUiautomator2Driver@e3cd (9c0ff67f)]&amp#27;[0m Driver proxy active, passing request on via HTTP proxy
&amp#27;[38;5;32m[AndroidUiautomator2Driver@e3cd (9c0ff67f)]&amp#27;[0m Matched '/session/9c0ff67f-6efc-443b-a62f-dce2bca5d56b/element/00000000-0000-0042-0000-00e500000004/text' to command name 'getText'
&amp#27;[38;5;32m[AndroidUiautomator2Driver@e3cd (9c0ff67f)]&amp#27;[0m Proxying [GET /session/9c0ff67f-6efc-443b-a62f-dce2bca5d56b/element/00000000-0000-0042-0000-00e500000004/text] to [GET http://127.0.0.1:8200/session/2fea60ff-cc1e-449a-891a-56c913714252/element/00000000-0000-0042-0000-00e500000004/text] with no body
&amp#27;[38;5;32m[AndroidUiautomator2Driver@e3cd (9c0ff67f)]&amp#27;[0m Got response with status 200: {"sessionId":"2fea60ff-cc1e-449a-891a-56c913714252","value":"11 Â°C"}
&amp#27;[38;5;32m[AndroidUiautomator2Driver@e3cd (9c0ff67f)]&amp#27;[0m Replacing sessionId 2fea60ff-cc1e-449a-891a-56c913714252 with 9c0ff67f-6efc-443b-a62f-dce2bca5d56b
&amp#27;[38;5;0m[HTTP]&amp#27;[0m &amp#27;[37m<-- GET /session/9c0ff67f-6efc-443b-a62f-dce2bca5d56b/element/00000000-0000-0042-0000-00e500000004/text &amp#27;[39m&amp#27;[32m200&amp#27;[39m &amp#27;[90m8 ms - 69&amp#27;[39m
&amp#27;[38;5;0m[HTTP]&amp#27;[0m &amp#27;[90m&amp#27;[39m
&amp#27;[38;5;0m[HTTP]&amp#27;[0m &amp#27;[37m-->&amp#27;[39m &amp#27;[37mGET&amp#27;[39m &amp#27;[37m/session/9c0ff67f-6efc-443b-a62f-dce2bca5d56b/element/00000000-0000-0042-0000-00e700000004/text&amp#27;[39m
&amp#27;[38;5;0m[HTTP]&amp#27;[0m &amp#27;[90m{}&amp#27;[39m
&amp#27;[38;5;32m[AndroidUiautomator2Driver@e3cd (9c0ff67f)]&amp#27;[0m Driver proxy active, passing request on via HTTP proxy
&amp#27;[38;5;32m[AndroidUiautomator2Driver@e3cd (9c0ff67f)]&amp#27;[0m Matched '/session/9c0ff67f-6efc-443b-a62f-dce2bca5d56b/element/00000000-0000-0042-0000-00e700000004/text' to command name 'getText'
&amp#27;[38;5;32m[AndroidUiautomator2Driver@e3cd (9c0ff67f)]&amp#27;[0m Proxying [GET /session/9c0ff67f-6efc-443b-a62f-dce2bca5d56b/element/00000000-0000-0042-0000-00e700000004/text] to [GET http://127.0.0.1:8200/session/2fea60ff-cc1e-449a-891a-56c913714252/element/00000000-0000-0042-0000-00e700000004/text] with no body
&amp#27;[38;5;32m[AndroidUiautomator2Driver@e3cd (9c0ff67f)]&amp#27;[0m Got response with status 200: {"sessionId":"2fea60ff-cc1e-449a-891a-56c913714252","value":"13:00"}
&amp#27;[38;5;32m[AndroidUiautomator2Driver@e3cd (9c0ff67f)]&amp#27;[0m Replacing sessionId 2fea60ff-cc1e-449a-891a-56c913714252 with 9c0ff67f-6efc-443b-a62f-dce2bca5d56b
&amp#27;[38;5;0m[HTTP]&amp#27;[0m &amp#27;[37m<-- GET /session/9c0ff67f-6efc-443b-a62f-dce2bca5d56b/element/00000000-0000-0042-0000-00e700000004/text &amp#27;[39m&amp#27;[32m200&amp#27;[39m &amp#27;[90m8 ms - 68&amp#27;[39m
&amp#27;[38;5;0m[HTTP]&amp#27;[0m &amp#27;[90m&amp#27;[39m
&amp#27;[38;5;0m[HTTP]&amp#27;[0m &amp#27;[37m-->&amp#27;[39m &amp#27;[37mGET&amp#27;[39m &amp#27;[37m/session/9c0ff67f-6efc-443b-a62f-dce2bca5d56b/element/00000000-0000-0042-0000-00e900000004/text&amp#27;[39m
&amp#27;[38;5;0m[HTTP]&amp#27;[0m &amp#27;[90m{}&amp#27;[39m
&amp#27;[38;5;32m[AndroidUiautomator2Driver@e3cd (9c0ff67f)]&amp#27;[0m Driver proxy active, passing request on via HTTP proxy
&amp#27;[38;5;32m[AndroidUiautomator2Driver@e3cd (9c0ff67f)]&amp#27;[0m Matched '/session/9c0ff67f-6efc-443b-a62f-dce2bca5d56b/element/00000000-0000-0042-0000-00e900000004/text' to command name 'getText'
&amp#27;[38;5;32m[AndroidUiautomator2Driver@e3cd (9c0ff67f)]&amp#27;[0m Proxying [GET /session/9c0ff67f-6efc-443b-a62f-dce2bca5d56b/element/00000000-0000-0042-0000-00e900000004/text] to [GET http://127.0.0.1:8200/session/2fea60ff-cc1e-449a-891a-56c913714252/element/00000000-0000-0042-0000-00e900000004/text] with no body
&amp#27;[38;5;32m[AndroidUiautomator2Driver@e3cd (9c0ff67f)]&amp#27;[0m Got response with status 200: {"sessionId":"2fea60ff-cc1e-449a-891a-56c913714252","value":"scattered clouds"}
&amp#27;[38;5;32m[AndroidUiautomator2Driver@e3cd (9c0ff67f)]&amp#27;[0m Replacing sessionId 2fea60ff-cc1e-449a-891a-56c913714252 with 9c0ff67f-6efc-443b-a62f-dce2bca5d56b
&amp#27;[38;5;0m[HTTP]&amp#27;[0m &amp#27;[37m<-- GET /session/9c0ff67f-6efc-443b-a62f-dce2bca5d56b/element/00000000-0000-0042-0000-00e900000004/text &amp#27;[39m&amp#27;[32m200&amp#27;[39m &amp#27;[90m9 ms - 79&amp#27;[39m
&amp#27;[38;5;0m[HTTP]&amp#27;[0m &amp#27;[90m&amp#27;[39m
&amp#27;[38;5;0m[HTTP]&amp#27;[0m &amp#27;[37m-->&amp#27;[39m &amp#27;[37mGET&amp#27;[39m &amp#27;[37m/session/9c0ff67f-6efc-443b-a62f-dce2bca5d56b/element/00000000-0000-0042-0000-00eb00000004/text&amp#27;[39m
&amp#27;[38;5;0m[HTTP]&amp#27;[0m &amp#27;[90m{}&amp#27;[39m
&amp#27;[38;5;32m[AndroidUiautomator2Driver@e3cd (9c0ff67f)]&amp#27;[0m Driver proxy active, passing request on via HTTP proxy
&amp#27;[38;5;32m[AndroidUiautomator2Driver@e3cd (9c0ff67f)]&amp#27;[0m Matched '/session/9c0ff67f-6efc-443b-a62f-dce2bca5d56b/element/00000000-0000-0042-0000-00eb00000004/text' to command name 'getText'
&amp#27;[38;5;32m[AndroidUiautomator2Driver@e3cd (9c0ff67f)]&amp#27;[0m Proxying [GET /session/9c0ff67f-6efc-443b-a62f-dce2bca5d56b/element/00000000-0000-0042-0000-00eb00000004/text] to [GET http://127.0.0.1:8200/session/2fea60ff-cc1e-449a-891a-56c913714252/element/00000000-0000-0042-0000-00eb00000004/text] with no body
&amp#27;[38;5;32m[AndroidUiautomator2Driver@e3cd (9c0ff67f)]&amp#27;[0m Got response with status 200: {"sessionId":"2fea60ff-cc1e-449a-891a-56c913714252","value":"84 %"}
&amp#27;[38;5;32m[AndroidUiautomator2Driver@e3cd (9c0ff67f)]&amp#27;[0m Replacing sessionId 2fea60ff-cc1e-449a-891a-56c913714252 with 9c0ff67f-6efc-443b-a62f-dce2bca5d56b
&amp#27;[38;5;0m[HTTP]&amp#27;[0m &amp#27;[37m<-- GET /session/9c0ff67f-6efc-443b-a62f-dce2bca5d56b/element/00000000-0000-0042-0000-00eb00000004/text &amp#27;[39m&amp#27;[32m200&amp#27;[39m &amp#27;[90m8 ms - 67&amp#27;[39m
&amp#27;[38;5;0m[HTTP]&amp#27;[0m &amp#27;[90m&amp#27;[39m
&amp#27;[38;5;0m[HTTP]&amp#27;[0m &amp#27;[37m-->&amp#27;[39m &amp#27;[37mGET&amp#27;[39m &amp#27;[37m/session/9c0ff67f-6efc-443b-a62f-dce2bca5d56b/element/00000000-0000-0042-0000-00ed00000004/text&amp#27;[39m
&amp#27;[38;5;0m[HTTP]&amp#27;[0m &amp#27;[90m{}&amp#27;[39m
&amp#27;[38;5;32m[AndroidUiautomator2Driver@e3cd (9c0ff67f)]&amp#27;[0m Driver proxy active, passing request on via HTTP proxy
&amp#27;[38;5;32m[AndroidUiautomator2Driver@e3cd (9c0ff67f)]&amp#27;[0m Matched '/session/9c0ff67f-6efc-443b-a62f-dce2bca5d56b/element/00000000-0000-0042-0000-00ed00000004/text' to command name 'getText'
&amp#27;[38;5;32m[AndroidUiautomator2Driver@e3cd (9c0ff67f)]&amp#27;[0m Proxying [GET /session/9c0ff67f-6efc-443b-a62f-dce2bca5d56b/element/00000000-0000-0042-0000-00ed00000004/text] to [GET http://127.0.0.1:8200/session/2fea60ff-cc1e-449a-891a-56c913714252/element/00000000-0000-0042-0000-00ed00000004/text] with no body
&amp#27;[38;5;32m[AndroidUiautomator2Driver@e3cd (9c0ff67f)]&amp#27;[0m Got response with status 200: {"sessionId":"2fea60ff-cc1e-449a-891a-56c913714252","value":"10 Â°C"}
&amp#27;[38;5;32m[AndroidUiautomator2Driver@e3cd (9c0ff67f)]&amp#27;[0m Replacing sessionId 2fea60ff-cc1e-449a-891a-56c913714252 with 9c0ff67f-6efc-443b-a62f-dce2bca5d56b
&amp#27;[38;5;0m[HTTP]&amp#27;[0m &amp#27;[37m<-- GET /session/9c0ff67f-6efc-443b-a62f-dce2bca5d56b/element/00000000-0000-0042-0000-00ed00000004/text &amp#27;[39m&amp#27;[32m200&amp#27;[39m &amp#27;[90m8 ms - 69&amp#27;[39m
&amp#27;[38;5;0m[HTTP]&amp#27;[0m &amp#27;[90m&amp#27;[39m
&amp#27;[38;5;0m[HTTP]&amp#27;[0m &amp#27;[37m-->&amp#27;[39m &amp#27;[37mGET&amp#27;[39m &amp#27;[37m/session/9c0ff67f-6efc-443b-a62f-dce2bca5d56b/element/00000000-0000-0042-0000-00ef00000004/text&amp#27;[39m
&amp#27;[38;5;0m[HTTP]&amp#27;[0m &amp#27;[90m{}&amp#27;[39m
&amp#27;[38;5;32m[AndroidUiautomator2Driver@e3cd (9c0ff67f)]&amp#27;[0m Driver proxy active, passing request on via HTTP proxy
&amp#27;[38;5;32m[AndroidUiautomator2Driver@e3cd (9c0ff67f)]&amp#27;[0m Matched '/session/9c0ff67f-6efc-443b-a62f-dce2bca5d56b/element/00000000-0000-0042-0000-00ef00000004/text' to command name 'getText'
&amp#27;[38;5;32m[AndroidUiautomator2Driver@e3cd (9c0ff67f)]&amp#27;[0m Proxying [GET /session/9c0ff67f-6efc-443b-a62f-dce2bca5d56b/element/00000000-0000-0042-0000-00ef00000004/text] to [GET http://127.0.0.1:8200/session/2fea60ff-cc1e-449a-891a-56c913714252/element/00000000-0000-0042-0000-00ef00000004/text] with no body
&amp#27;[38;5;32m[AndroidUiautomator2Driver@e3cd (9c0ff67f)]&amp#27;[0m Got response with status 200: {"sessionId":"2fea60ff-cc1e-449a-891a-56c913714252","value":"14:00"}
&amp#27;[38;5;32m[AndroidUiautomator2Driver@e3cd (9c0ff67f)]&amp#27;[0m Replacing sessionId 2fea60ff-cc1e-449a-891a-56c913714252 with 9c0ff67f-6efc-443b-a62f-dce2bca5d56b
&amp#27;[38;5;0m[HTTP]&amp#27;[0m &amp#27;[37m<-- GET /session/9c0ff67f-6efc-443b-a62f-dce2bca5d56b/element/00000000-0000-0042-0000-00ef00000004/text &amp#27;[39m&amp#27;[32m200&amp#27;[39m &amp#27;[90m8 ms - 68&amp#27;[39m
&amp#27;[38;5;0m[HTTP]&amp#27;[0m &amp#27;[90m&amp#27;[39m
&amp#27;[38;5;0m[HTTP]&amp#27;[0m &amp#27;[37m-->&amp#27;[39m &amp#27;[37mGET&amp#27;[39m &amp#27;[37m/session/9c0ff67f-6efc-443b-a62f-dce2bca5d56b/element/00000000-0000-0042-0000-00f100000004/text&amp#27;[39m
&amp#27;[38;5;0m[HTTP]&amp#27;[0m &amp#27;[90m{}&amp#27;[39m
&amp#27;[38;5;32m[AndroidUiautomator2Driver@e3cd (9c0ff67f)]&amp#27;[0m Driver proxy active, passing request on via HTTP proxy
&amp#27;[38;5;32m[AndroidUiautomator2Driver@e3cd (9c0ff67f)]&amp#27;[0m Matched '/session/9c0ff67f-6efc-443b-a62f-dce2bca5d56b/element/00000000-0000-0042-0000-00f100000004/text' to command name 'getText'
&amp#27;[38;5;32m[AndroidUiautomator2Driver@e3cd (9c0ff67f)]&amp#27;[0m Proxying [GET /session/9c0ff67f-6efc-443b-a62f-dce2bca5d56b/element/00000000-0000-0042-0000-00f100000004/text] to [GET http://127.0.0.1:8200/session/2fea60ff-cc1e-449a-891a-56c913714252/element/00000000-0000-0042-0000-00f100000004/text] with no body
&amp#27;[38;5;32m[AndroidUiautomator2Driver@e3cd (9c0ff67f)]&amp#27;[0m Got response with status 200: {"sessionId":"2fea60ff-cc1e-449a-891a-56c913714252","value":"scattered clouds"}
&amp#27;[38;5;32m[AndroidUiautomator2Driver@e3cd (9c0ff67f)]&amp#27;[0m Replacing sessionId 2fea60ff-cc1e-449a-891a-56c913714252 with 9c0ff67f-6efc-443b-a62f-dce2bca5d56b
&amp#27;[38;5;0m[HTTP]&amp#27;[0m &amp#27;[37m<-- GET /session/9c0ff67f-6efc-443b-a62f-dce2bca5d56b/element/00000000-0000-0042-0000-00f100000004/text &amp#27;[39m&amp#27;[32m200&amp#27;[39m &amp#27;[90m9 ms - 79&amp#27;[39m
&amp#27;[38;5;0m[HTTP]&amp#27;[0m &amp#27;[90m&amp#27;[39m
&amp#27;[38;5;0m[HTTP]&amp#27;[0m &amp#27;[37m-->&amp#27;[39m &amp#27;[37mGET&amp#27;[39m &amp#27;[37m/session/9c0ff67f-6efc-443b-a62f-dce2bca5d56b/element/00000000-0000-0042-0000-00f300000004/text&amp#27;[39m
&amp#27;[38;5;0m[HTTP]&amp#27;[0m &amp#27;[90m{}&amp#27;[39m
&amp#27;[38;5;32m[AndroidUiautomator2Driver@e3cd (9c0ff67f)]&amp#27;[0m Driver proxy active, passing request on via HTTP proxy
&amp#27;[38;5;32m[AndroidUiautomator2Driver@e3cd (9c0ff67f)]&amp#27;[0m Matched '/session/9c0ff67f-6efc-443b-a62f-dce2bca5d56b/element/00000000-0000-0042-0000-00f300000004/text' to command name 'getText'
&amp#27;[38;5;32m[AndroidUiautomator2Driver@e3cd (9c0ff67f)]&amp#27;[0m Proxying [GET /session/9c0ff67f-6efc-443b-a62f-dce2bca5d56b/element/00000000-0000-0042-0000-00f300000004/text] to [GET http://127.0.0.1:8200/session/2fea60ff-cc1e-449a-891a-56c913714252/element/00000000-0000-0042-0000-00f300000004/text] with no body
&amp#27;[38;5;32m[AndroidUiautomator2Driver@e3cd (9c0ff67f)]&amp#27;[0m Got response with status 200: {"sessionId":"2fea60ff-cc1e-449a-891a-56c913714252","value":"84 %"}
&amp#27;[38;5;32m[AndroidUiautomator2Driver@e3cd (9c0ff67f)]&amp#27;[0m Replacing sessionId 2fea60ff-cc1e-449a-891a-56c913714252 with 9c0ff67f-6efc-443b-a62f-dce2bca5d56b
&amp#27;[38;5;0m[HTTP]&amp#27;[0m &amp#27;[37m<-- GET /session/9c0ff67f-6efc-443b-a62f-dce2bca5d56b/element/00000000-0000-0042-0000-00f300000004/text &amp#27;[39m&amp#27;[32m200&amp#27;[39m &amp#27;[90m10 ms - 67&amp#27;[39m
&amp#27;[38;5;0m[HTTP]&amp#27;[0m &amp#27;[90m&amp#27;[39m
&amp#27;[38;5;0m[HTTP]&amp#27;[0m &amp#27;[37m-->&amp#27;[39m &amp#27;[37mGET&amp#27;[39m &amp#27;[37m/session/9c0ff67f-6efc-443b-a62f-dce2bca5d56b/element/00000000-0000-0042-0000-00f500000004/text&amp#27;[39m
&amp#27;[38;5;0m[HTTP]&amp#27;[0m &amp#27;[90m{}&amp#27;[39m
&amp#27;[38;5;32m[AndroidUiautomator2Driver@e3cd (9c0ff67f)]&amp#27;[0m Driver proxy active, passing request on via HTTP proxy
&amp#27;[38;5;32m[AndroidUiautomator2Driver@e3cd (9c0ff67f)]&amp#27;[0m Matched '/session/9c0ff67f-6efc-443b-a62f-dce2bca5d56b/element/00000000-0000-0042-0000-00f500000004/text' to command name 'getText'
&amp#27;[38;5;32m[AndroidUiautomator2Driver@e3cd (9c0ff67f)]&amp#27;[0m Proxying [GET /session/9c0ff67f-6efc-443b-a62f-dce2bca5d56b/element/00000000-0000-0042-0000-00f500000004/text] to [GET http://127.0.0.1:8200/session/2fea60ff-cc1e-449a-891a-56c913714252/element/00000000-0000-0042-0000-00f500000004/text] with no body
&amp#27;[38;5;32m[AndroidUiautomator2Driver@e3cd (9c0ff67f)]&amp#27;[0m Got response with status 200: {"sessionId":"2fea60ff-cc1e-449a-891a-56c913714252","value":"10 Â°C"}
&amp#27;[38;5;32m[AndroidUiautomator2Driver@e3cd (9c0ff67f)]&amp#27;[0m Replacing sessionId 2fea60ff-cc1e-449a-891a-56c913714252 with 9c0ff67f-6efc-443b-a62f-dce2bca5d56b
&amp#27;[38;5;0m[HTTP]&amp#27;[0m &amp#27;[37m<-- GET /session/9c0ff67f-6efc-443b-a62f-dce2bca5d56b/element/00000000-0000-0042-0000-00f500000004/text &amp#27;[39m&amp#27;[32m200&amp#27;[39m &amp#27;[90m10 ms - 69&amp#27;[39m
&amp#27;[38;5;0m[HTTP]&amp#27;[0m &amp#27;[90m&amp#27;[39m
&amp#27;[38;5;0m[HTTP]&amp#27;[0m &amp#27;[37m-->&amp#27;[39m &amp#27;[37mGET&amp#27;[39m &amp#27;[37m/session/9c0ff67f-6efc-443b-a62f-dce2bca5d56b/element/00000000-0000-0042-0000-00f700000004/text&amp#27;[39m
&amp#27;[38;5;0m[HTTP]&amp#27;[0m &amp#27;[90m{}&amp#27;[39m
&amp#27;[38;5;32m[AndroidUiautomator2Driver@e3cd (9c0ff67f)]&amp#27;[0m Driver proxy active, passing request on via HTTP proxy
&amp#27;[38;5;32m[AndroidUiautomator2Driver@e3cd (9c0ff67f)]&amp#27;[0m Matched '/session/9c0ff67f-6efc-443b-a62f-dce2bca5d56b/element/00000000-0000-0042-0000-00f700000004/text' to command name 'getText'
&amp#27;[38;5;32m[AndroidUiautomator2Driver@e3cd (9c0ff67f)]&amp#27;[0m Proxying [GET /session/9c0ff67f-6efc-443b-a62f-dce2bca5d56b/element/00000000-0000-0042-0000-00f700000004/text] to [GET http://127.0.0.1:8200/session/2fea60ff-cc1e-449a-891a-56c913714252/element/00000000-0000-0042-0000-00f700000004/text] with no body
&amp#27;[38;5;32m[AndroidUiautomator2Driver@e3cd (9c0ff67f)]&amp#27;[0m Got response with status 200: {"sessionId":"2fea60ff-cc1e-449a-891a-56c913714252","value":"15:00"}
&amp#27;[38;5;32m[AndroidUiautomator2Driver@e3cd (9c0ff67f)]&amp#27;[0m Replacing sessionId 2fea60ff-cc1e-449a-891a-56c913714252 with 9c0ff67f-6efc-443b-a62f-dce2bca5d56b
&amp#27;[38;5;0m[HTTP]&amp#27;[0m &amp#27;[37m<-- GET /session/9c0ff67f-6efc-443b-a62f-dce2bca5d56b/element/00000000-0000-0042-0000-00f700000004/text &amp#27;[39m&amp#27;[32m200&amp#27;[39m &amp#27;[90m9 ms - 68&amp#27;[39m
&amp#27;[38;5;0m[HTTP]&amp#27;[0m &amp#27;[90m&amp#27;[39m
&amp#27;[38;5;0m[HTTP]&amp#27;[0m &amp#27;[37m-->&amp#27;[39m &amp#27;[37mGET&amp#27;[39m &amp#27;[37m/session/9c0ff67f-6efc-443b-a62f-dce2bca5d56b/element/00000000-0000-0042-0000-00f900000004/text&amp#27;[39m
&amp#27;[38;5;0m[HTTP]&amp#27;[0m &amp#27;[90m{}&amp#27;[39m
&amp#27;[38;5;32m[AndroidUiautomator2Driver@e3cd (9c0ff67f)]&amp#27;[0m Driver proxy active, passing request on via HTTP proxy
&amp#27;[38;5;32m[AndroidUiautomator2Driver@e3cd (9c0ff67f)]&amp#27;[0m Matched '/session/9c0ff67f-6efc-443b-a62f-dce2bca5d56b/element/00000000-0000-0042-0000-00f900000004/text' to command name 'getText'
&amp#27;[38;5;32m[AndroidUiautomator2Driver@e3cd (9c0ff67f)]&amp#27;[0m Proxying [GET /session/9c0ff67f-6efc-443b-a62f-dce2bca5d56b/element/00000000-0000-0042-0000-00f900000004/text] to [GET http://127.0.0.1:8200/session/2fea60ff-cc1e-449a-891a-56c913714252/element/00000000-0000-0042-0000-00f900000004/text] with no body
&amp#27;[38;5;32m[AndroidUiautomator2Driver@e3cd (9c0ff67f)]&amp#27;[0m Got response with status 200: {"sessionId":"2fea60ff-cc1e-449a-891a-56c913714252","value":"scattered clouds"}
&amp#27;[38;5;32m[AndroidUiautomator2Driver@e3cd (9c0ff67f)]&amp#27;[0m Replacing sessionId 2fea60ff-cc1e-449a-891a-56c913714252 with 9c0ff67f-6efc-443b-a62f-dce2bca5d56b
&amp#27;[38;5;0m[HTTP]&amp#27;[0m &amp#27;[37m<-- GET /session/9c0ff67f-6efc-443b-a62f-dce2bca5d56b/element/00000000-0000-0042-0000-00f900000004/text &amp#27;[39m&amp#27;[32m200&amp#27;[39m &amp#27;[90m9 ms - 79&amp#27;[39m
&amp#27;[38;5;0m[HTTP]&amp#27;[0m &amp#27;[90m&amp#27;[39m
&amp#27;[38;5;0m[HTTP]&amp#27;[0m &amp#27;[37m-->&amp#27;[39m &amp#27;[37mGET&amp#27;[39m &amp#27;[37m/session/9c0ff67f-6efc-443b-a62f-dce2bca5d56b/element/00000000-0000-0042-0000-00fb00000004/text&amp#27;[39m
&amp#27;[38;5;0m[HTTP]&amp#27;[0m &amp#27;[90m{}&amp#27;[39m
&amp#27;[38;5;32m[AndroidUiautomator2Driver@e3cd (9c0ff67f)]&amp#27;[0m Driver proxy active, passing request on via HTTP proxy
&amp#27;[38;5;32m[AndroidUiautomator2Driver@e3cd (9c0ff67f)]&amp#27;[0m Matched '/session/9c0ff67f-6efc-443b-a62f-dce2bca5d56b/element/00000000-0000-0042-0000-00fb00000004/text' to command name 'getText'
&amp#27;[38;5;32m[AndroidUiautomator2Driver@e3cd (9c0ff67f)]&amp#27;[0m Proxying [GET /session/9c0ff67f-6efc-443b-a62f-dce2bca5d56b/element/00000000-0000-0042-0000-00fb00000004/text] to [GET http://127.0.0.1:8200/session/2fea60ff-cc1e-449a-891a-56c913714252/element/00000000-0000-0042-0000-00fb00000004/text] with no body
&amp#27;[38;5;32m[AndroidUiautomator2Driver@e3cd (9c0ff67f)]&amp#27;[0m Got response with status 200: {"sessionId":"2fea60ff-cc1e-449a-891a-56c913714252","value":"85 %"}
&amp#27;[38;5;32m[AndroidUiautomator2Driver@e3cd (9c0ff67f)]&amp#27;[0m Replacing sessionId 2fea60ff-cc1e-449a-891a-56c913714252 with 9c0ff67f-6efc-443b-a62f-dce2bca5d56b
&amp#27;[38;5;0m[HTTP]&amp#27;[0m &amp#27;[37m<-- GET /session/9c0ff67f-6efc-443b-a62f-dce2bca5d56b/element/00000000-0000-0042-0000-00fb00000004/text &amp#27;[39m&amp#27;[32m200&amp#27;[39m &amp#27;[90m9 ms - 67&amp#27;[39m
&amp#27;[38;5;0m[HTTP]&amp#27;[0m &amp#27;[90m&amp#27;[39m
&amp#27;[38;5;0m[HTTP]&amp#27;[0m &amp#27;[37m-->&amp#27;[39m &amp#27;[37mGET&amp#27;[39m &amp#27;[37m/session/9c0ff67f-6efc-443b-a62f-dce2bca5d56b/element/00000000-0000-0042-0000-00fd00000004/text&amp#27;[39m
&amp#27;[38;5;0m[HTTP]&amp#27;[0m &amp#27;[90m{}&amp#27;[39m
&amp#27;[38;5;32m[AndroidUiautomator2Driver@e3cd (9c0ff67f)]&amp#27;[0m Driver proxy active, passing request on via HTTP proxy
&amp#27;[38;5;32m[AndroidUiautomator2Driver@e3cd (9c0ff67f)]&amp#27;[0m Matched '/session/9c0ff67f-6efc-443b-a62f-dce2bca5d56b/element/00000000-0000-0042-0000-00fd00000004/text' to command name 'getText'
&amp#27;[38;5;32m[AndroidUiautomator2Driver@e3cd (9c0ff67f)]&amp#27;[0m Proxying [GET /session/9c0ff67f-6efc-443b-a62f-dce2bca5d56b/element/00000000-0000-0042-0000-00fd00000004/text] to [GET http://127.0.0.1:8200/session/2fea60ff-cc1e-449a-891a-56c913714252/element/00000000-0000-0042-0000-00fd00000004/text] with no body
&amp#27;[38;5;32m[AndroidUiautomator2Driver@e3cd (9c0ff67f)]&amp#27;[0m Got response with status 200: {"sessionId":"2fea60ff-cc1e-449a-891a-56c913714252","value":"10 Â°C"}
&amp#27;[38;5;32m[AndroidUiautomator2Driver@e3cd (9c0ff67f)]&amp#27;[0m Replacing sessionId 2fea60ff-cc1e-449a-891a-56c913714252 with 9c0ff67f-6efc-443b-a62f-dce2bca5d56b
&amp#27;[38;5;0m[HTTP]&amp#27;[0m &amp#27;[37m<-- GET /session/9c0ff67f-6efc-443b-a62f-dce2bca5d56b/element/00000000-0000-0042-0000-00fd00000004/text &amp#27;[39m&amp#27;[32m200&amp#27;[39m &amp#27;[90m9 ms - 69&amp#27;[39m
&amp#27;[38;5;0m[HTTP]&amp#27;[0m &amp#27;[90m&amp#27;[39m
&amp#27;[38;5;0m[HTTP]&amp#27;[0m &amp#27;[37m-->&amp#27;[39m &amp#27;[37mPOST&amp#27;[39m &amp#27;[37m/session/9c0ff67f-6efc-443b-a62f-dce2bca5d56b/execute/sync&amp#27;[39m
&amp#27;[38;5;0m[HTTP]&amp#27;[0m &amp#27;[90m{"script":"mobile: swipeGesture","args":[{"elementId":"00000000-0000-0042-0000-001d00000004","percent":0.4,"speed":320,"direction":"left"}]}&amp#27;[39m
&amp#27;[38;5;32m[AndroidUiautomator2Driver@e3cd (9c0ff67f)]&amp#27;[0m Calling AppiumDriver.execute() with args: ["mobile: swipeGesture",[{"elementId":"00000000-0000-0042-0000-001d00000004","percent":0.4,"speed":320,"direction":"left"}],"9c0ff67f-6efc-443b-a62f-dce2bca5d56b"]
&amp#27;[38;5;32m[AndroidUiautomator2Driver@e3cd (9c0ff67f)]&amp#27;[0m Executing method 'mobile: swipeGesture'
&amp#27;[38;5;32m[AndroidUiautomator2Driver@e3cd (9c0ff67f)]&amp#27;[0m Proxying [POST /appium/gestures/swipe] to [POST http://127.0.0.1:8200/session/2fea60ff-cc1e-449a-891a-56c913714252/appium/gestures/swipe] with body: {"origin":{"ELEMENT":"00000000-0000-0042-0000-001d00000004","element-6066-11e4-a52e-4f735466cecf":"00000000-0000-0042-0000-001d00000004"},"direction":"left","percent":0.4,"speed":320}
&amp#27;[38;5;32m[AndroidUiautomator2Driver@e3cd (9c0ff67f)]&amp#27;[0m Got response with status 200: {"sessionId":"2fea60ff-cc1e-449a-891a-56c913714252","value":null}
&amp#27;[38;5;32m[AndroidUiautomator2Driver@e3cd (9c0ff67f)]&amp#27;[0m Responding to client with driver.execute() result: null
&amp#27;[38;5;0m[HTTP]&amp#27;[0m &amp#27;[37m<-- POST /session/9c0ff67f-6efc-443b-a62f-dce2bca5d56b/execute/sync &amp#27;[39m&amp#27;[32m200&amp#27;[39m &amp#27;[90m1557 ms - 14&amp#27;[39m
&amp#27;[38;5;0m[HTTP]&amp#27;[0m &amp#27;[90m&amp#27;[39m
&amp#27;[38;5;0m[HTTP]&amp#27;[0m &amp#27;[37m-->&amp#27;[39m &amp#27;[37mPOST&amp#27;[39m &amp#27;[37m/session/9c0ff67f-6efc-443b-a62f-dce2bca5d56b/elements&amp#27;[39m
&amp#27;[38;5;0m[HTTP]&amp#27;[0m &amp#27;[90m{"using":"xpath","value":"//android.widget.HorizontalScrollView"}&amp#27;[39m
&amp#27;[38;5;32m[AndroidUiautomator2Driver@e3cd (9c0ff67f)]&amp#27;[0m Calling AppiumDriver.findElements() with args: ["xpath","//android.widget.HorizontalScrollView","9c0ff67f-6efc-443b-a62f-dce2bca5d56b"]
&amp#27;[38;5;32m[AndroidUiautomator2Driver@e3cd (9c0ff67f)]&amp#27;[0m Valid locator strategies for this request: xpath, id, class name, accessibility id, css selector, -android uiautomator
&amp#27;[38;5;32m[AndroidUiautomator2Driver@e3cd (9c0ff67f)]&amp#27;[0m Waiting up to 0 ms for condition
&amp#27;[38;5;32m[AndroidUiautomator2Driver@e3cd (9c0ff67f)]&amp#27;[0m Matched '/elements' to command name 'findElements'
&amp#27;[38;5;32m[AndroidUiautomator2Driver@e3cd (9c0ff67f)]&amp#27;[0m Proxying [POST /elements] to [POST http://127.0.0.1:8200/session/2fea60ff-cc1e-449a-891a-56c913714252/elements] with body: {"strategy":"xpath","selector":"//android.widget.HorizontalScrollView","context":"","multiple":true}
&amp#27;[38;5;32m[AndroidUiautomator2Driver@e3cd (9c0ff67f)]&amp#27;[0m Got response with status 200: {"sessionId":"2fea60ff-cc1e-449a-891a-56c913714252","value":[{"ELEMENT":"00000000-0000-0042-0000-001d00000004","element-6066-11e4-a52e-4f735466cecf":"00000000-0000-0042-0000-001d00000004"},{"ELEMENT":"00000000-0000-0042-0000-001e00000004","element-6066-11e4-a52e-4f735466cecf":"00000000-0000-0042-0000-001e00000004"}]}
&amp#27;[38;5;32m[AndroidUiautomator2Driver@e3cd (9c0ff67f)]&amp#27;[0m Responding to client with driver.findElements() result: [{"element-6066-11e4-a52e-4f735466cecf":"00000000-0000-0042-0000-001d00000004","ELEMENT":"00000000-0000-0042-0000-001d00000004"},{"element-6066-11e4-a52e-4f735466cecf":"00000000-0000-0042-0000-001e00000004","ELEMENT":"00000000-0000-0042-0000-001e00000004"}]
&amp#27;[38;5;0m[HTTP]&amp#27;[0m &amp#27;[37m<-- POST /session/9c0ff67f-6efc-443b-a62f-dce2bca5d56b/elements &amp#27;[39m&amp#27;[32m200&amp#27;[39m &amp#27;[90m107 ms - 267&amp#27;[39m
&amp#27;[38;5;0m[HTTP]&amp#27;[0m &amp#27;[90m&amp#27;[39m
&amp#27;[38;5;0m[HTTP]&amp#27;[0m &amp#27;[37m-->&amp#27;[39m &amp#27;[37mPOST&amp#27;[39m &amp#27;[37m/session/9c0ff67f-6efc-443b-a62f-dce2bca5d56b/element/00000000-0000-0042-0000-001d00000004/elements&amp#27;[39m
&amp#27;[38;5;0m[HTTP]&amp#27;[0m &amp#27;[90m{"id":"00000000-0000-0042-0000-001d00000004","using":"xpath","value":"//android.view.View"}&amp#27;[39m
&amp#27;[38;5;32m[AndroidUiautomator2Driver@e3cd (9c0ff67f)]&amp#27;[0m Calling AppiumDriver.findElementsFromElement() with args: ["xpath","//android.view.View","00000000-0000-0042-0000-001d00000004","9c0ff67f-6efc-443b-a62f-dce2bca5d56b"]
&amp#27;[38;5;32m[AndroidUiautomator2Driver@e3cd (9c0ff67f)]&amp#27;[0m Valid locator strategies for this request: xpath, id, class name, accessibility id, css selector, -android uiautomator
&amp#27;[38;5;32m[AndroidUiautomator2Driver@e3cd (9c0ff67f)]&amp#27;[0m Waiting up to 0 ms for condition
&amp#27;[38;5;32m[AndroidUiautomator2Driver@e3cd (9c0ff67f)]&amp#27;[0m Matched '/elements' to command name 'findElements'
&amp#27;[38;5;32m[AndroidUiautomator2Driver@e3cd (9c0ff67f)]&amp#27;[0m Proxying [POST /elements] to [POST http://127.0.0.1:8200/session/2fea60ff-cc1e-449a-891a-56c913714252/elements] with body: {"strategy":"xpath","selector":"//android.view.View","context":"00000000-0000-0042-0000-001d00000004","multiple":true}
&amp#27;[38;5;32m[AndroidUiautomator2Driver@e3cd (9c0ff67f)]&amp#27;[0m Got response with status 200: {"sessionId":"2fea60ff-cc1e-449a-891a-56c913714252","value":[{"ELEMENT":"00000000-0000-0042-0000-00e700000004","element-6066-11e4-a52e-4f735466cecf":"00000000-0000-0042-0000-00e700000004"},{"ELEMENT":"00000000-0000-0042-0000-00e900000004","element-6066-11e4-a52e-4f735466cecf":"00000000-0000-0042-0000-00e900000004"},{"ELEMENT":"00000000-0000-0042-0000-00eb00000004","element-6066-11e4-a52e-4f735466cecf":"00000000-0000-0042-0000-00eb00000004"},{"ELEMENT":"00000000-0000-0042-0000-00ed00000004","element-6066-11e4-a52e-4f735466cecf":"00000000-0000-0042-0000-00ed00000004"},{"ELEMENT":"00000000-0000-0042-0000-00ef00000004","element-6066-11e4-a52e-4f735466cecf":"00000000-0000-0042-0000-00ef00000004"},{"ELEMENT":"00000000-0000-0042-0000-00f100000004","element-6066-11e4-a52e-4f735466cecf":"00000000-0000-0042-0000-00f100000004"},{"ELEMENT":"00000000-0000-0042-0000-00f300000004","element-6066-11e4-a52e-4f735466cecf":"00000000-0000-0042-0000-00f300000004"},{"ELEMENT":"00000000-0000-0042-0000-00f500000004","element-6066-...
&amp#27;[38;5;32m[AndroidUiautomator2Driver@e3cd (9c0ff67f)]&amp#27;[0m Responding to client with driver.findElementsFromElement() result: [{"element-6066-11e4-a52e-4f735466cecf":"00000000-0000-0042-0000-00e700000004","ELEMENT":"00000000-0000-0042-0000-00e700000004"},{"element-6066-11e4-a52e-4f735466cecf":"00000000-0000-0042-0000-00e900000004","ELEMENT":"00000000-0000-0042-0000-00e900000004"},{"element-6066-11e4-a52e-4f735466cecf":"00000000-0000-0042-0000-00eb00000004","ELEMENT":"00000000-0000-0042-0000-00eb00000004"},{"element-6066-11e4-a52e-4f735466cecf":"00000000-0000-0042-0000-00ed00000004","ELEMENT":"00000000-0000-0042-0000-00ed00000004"},{"element-6066-11e4-a52e-4f735466cecf":"00000000-0000-0042-0000-00ef00000004","ELEMENT":"00000000-0000-0042-0000-00ef00000004"},{"element-6066-11e4-a52e-4f735466cecf":"00000000-0000-0042-0000-00f100000004","ELEMENT":"00000000-0000-0042-0000-00f100000004"},{"element-6066-11e4-a52e-4f735466cecf":"00000000-0000-0042-0000-00f300000004","ELEMENT":"00000000-0000-0042-0000-00f300000004"},{"element-6066-11e4-a52e-4f735466cecf":"00000000-0000-0042-0000-00f500000004","ELEMENT":"00000000-0000-0042-0000-00f50000000...
&amp#27;[38;5;0m[HTTP]&amp#27;[0m &amp#27;[37m<-- POST /session/9c0ff67f-6efc-443b-a62f-dce2bca5d56b/element/00000000-0000-0042-0000-001d00000004/elements &amp#27;[39m&amp#27;[32m200&amp#27;[39m &amp#27;[90m45 ms - 2059&amp#27;[39m
&amp#27;[38;5;0m[HTTP]&amp#27;[0m &amp#27;[90m&amp#27;[39m
&amp#27;[38;5;0m[HTTP]&amp#27;[0m &amp#27;[37m-->&amp#27;[39m &amp#27;[37mGET&amp#27;[39m &amp#27;[37m/session/9c0ff67f-6efc-443b-a62f-dce2bca5d56b/element/00000000-0000-0042-0000-00e700000004/text&amp#27;[39m
&amp#27;[38;5;0m[HTTP]&amp#27;[0m &amp#27;[90m{}&amp#27;[39m
&amp#27;[38;5;32m[AndroidUiautomator2Driver@e3cd (9c0ff67f)]&amp#27;[0m Driver proxy active, passing request on via HTTP proxy
&amp#27;[38;5;32m[AndroidUiautomator2Driver@e3cd (9c0ff67f)]&amp#27;[0m Matched '/session/9c0ff67f-6efc-443b-a62f-dce2bca5d56b/element/00000000-0000-0042-0000-00e700000004/text' to command name 'getText'
&amp#27;[38;5;32m[AndroidUiautomator2Driver@e3cd (9c0ff67f)]&amp#27;[0m Proxying [GET /session/9c0ff67f-6efc-443b-a62f-dce2bca5d56b/element/00000000-0000-0042-0000-00e700000004/text] to [GET http://127.0.0.1:8200/session/2fea60ff-cc1e-449a-891a-56c913714252/element/00000000-0000-0042-0000-00e700000004/text] with no body
&amp#27;[38;5;32m[AndroidUiautomator2Driver@e3cd (9c0ff67f)]&amp#27;[0m Got response with status 200: {"sessionId":"2fea60ff-cc1e-449a-891a-56c913714252","value":"13:00"}
&amp#27;[38;5;32m[AndroidUiautomator2Driver@e3cd (9c0ff67f)]&amp#27;[0m Replacing sessionId 2fea60ff-cc1e-449a-891a-56c913714252 with 9c0ff67f-6efc-443b-a62f-dce2bca5d56b
&amp#27;[38;5;0m[HTTP]&amp#27;[0m &amp#27;[37m<-- GET /session/9c0ff67f-6efc-443b-a62f-dce2bca5d56b/element/00000000-0000-0042-0000-00e700000004/text &amp#27;[39m&amp#27;[32m200&amp#27;[39m &amp#27;[90m9 ms - 68&amp#27;[39m
&amp#27;[38;5;0m[HTTP]&amp#27;[0m &amp#27;[90m&amp#27;[39m
&amp#27;[38;5;0m[HTTP]&amp#27;[0m &amp#27;[37m-->&amp#27;[39m &amp#27;[37mGET&amp#27;[39m &amp#27;[37m/session/9c0ff67f-6efc-443b-a62f-dce2bca5d56b/element/00000000-0000-0042-0000-00e900000004/text&amp#27;[39m
&amp#27;[38;5;0m[HTTP]&amp#27;[0m &amp#27;[90m{}&amp#27;[39m
&amp#27;[38;5;32m[AndroidUiautomator2Driver@e3cd (9c0ff67f)]&amp#27;[0m Driver proxy active, passing request on via HTTP proxy
&amp#27;[38;5;32m[AndroidUiautomator2Driver@e3cd (9c0ff67f)]&amp#27;[0m Matched '/session/9c0ff67f-6efc-443b-a62f-dce2bca5d56b/element/00000000-0000-0042-0000-00e900000004/text' to command name 'getText'
&amp#27;[38;5;32m[AndroidUiautomator2Driver@e3cd (9c0ff67f)]&amp#27;[0m Proxying [GET /session/9c0ff67f-6efc-443b-a62f-dce2bca5d56b/element/00000000-0000-0042-0000-00e900000004/text] to [GET http://127.0.0.1:8200/session/2fea60ff-cc1e-449a-891a-56c913714252/element/00000000-0000-0042-0000-00e900000004/text] with no body
&amp#27;[38;5;32m[AndroidUiautomator2Driver@e3cd (9c0ff67f)]&amp#27;[0m Got response with status 200: {"sessionId":"2fea60ff-cc1e-449a-891a-56c913714252","value":"scattered clouds"}
&amp#27;[38;5;32m[AndroidUiautomator2Driver@e3cd (9c0ff67f)]&amp#27;[0m Replacing sessionId 2fea60ff-cc1e-449a-891a-56c913714252 with 9c0ff67f-6efc-443b-a62f-dce2bca5d56b
&amp#27;[38;5;0m[HTTP]&amp#27;[0m &amp#27;[37m<-- GET /session/9c0ff67f-6efc-443b-a62f-dce2bca5d56b/element/00000000-0000-0042-0000-00e900000004/text &amp#27;[39m&amp#27;[32m200&amp#27;[39m &amp#27;[90m9 ms - 79&amp#27;[39m
&amp#27;[38;5;0m[HTTP]&amp#27;[0m &amp#27;[90m&amp#27;[39m
&amp#27;[38;5;0m[HTTP]&amp#27;[0m &amp#27;[37m-->&amp#27;[39m &amp#27;[37mGET&amp#27;[39m &amp#27;[37m/session/9c0ff67f-6efc-443b-a62f-dce2bca5d56b/element/00000000-0000-0042-0000-00eb00000004/text&amp#27;[39m
&amp#27;[38;5;0m[HTTP]&amp#27;[0m &amp#27;[90m{}&amp#27;[39m
&amp#27;[38;5;32m[AndroidUiautomator2Driver@e3cd (9c0ff67f)]&amp#27;[0m Driver proxy active, passing request on via HTTP proxy
&amp#27;[38;5;32m[AndroidUiautomator2Driver@e3cd (9c0ff67f)]&amp#27;[0m Matched '/session/9c0ff67f-6efc-443b-a62f-dce2bca5d56b/element/00000000-0000-0042-0000-00eb00000004/text' to command name 'getText'
&amp#27;[38;5;32m[AndroidUiautomator2Driver@e3cd (9c0ff67f)]&amp#27;[0m Proxying [GET /session/9c0ff67f-6efc-443b-a62f-dce2bca5d56b/element/00000000-0000-0042-0000-00eb00000004/text] to [GET http://127.0.0.1:8200/session/2fea60ff-cc1e-449a-891a-56c913714252/element/00000000-0000-0042-0000-00eb00000004/text] with no body
&amp#27;[38;5;32m[AndroidUiautomator2Driver@e3cd (9c0ff67f)]&amp#27;[0m Got response with status 200: {"sessionId":"2fea60ff-cc1e-449a-891a-56c913714252","value":"84 %"}
&amp#27;[38;5;32m[AndroidUiautomator2Driver@e3cd (9c0ff67f)]&amp#27;[0m Replacing sessionId 2fea60ff-cc1e-449a-891a-56c913714252 with 9c0ff67f-6efc-443b-a62f-dce2bca5d56b
&amp#27;[38;5;0m[HTTP]&amp#27;[0m &amp#27;[37m<-- GET /session/9c0ff67f-6efc-443b-a62f-dce2bca5d56b/element/00000000-0000-0042-0000-00eb00000004/text &amp#27;[39m&amp#27;[32m200&amp#27;[39m &amp#27;[90m8 ms - 67&amp#27;[39m
&amp#27;[38;5;0m[HTTP]&amp#27;[0m &amp#27;[90m&amp#27;[39m
&amp#27;[38;5;0m[HTTP]&amp#27;[0m &amp#27;[37m-->&amp#27;[39m &amp#27;[37mGET&amp#27;[39m &amp#27;[37m/session/9c0ff67f-6efc-443b-a62f-dce2bca5d56b/element/00000000-0000-0042-0000-00ed00000004/text&amp#27;[39m
&amp#27;[38;5;0m[HTTP]&amp#27;[0m &amp#27;[90m{}&amp#27;[39m
&amp#27;[38;5;32m[AndroidUiautomator2Driver@e3cd (9c0ff67f)]&amp#27;[0m Driver proxy active, passing request on via HTTP proxy
&amp#27;[38;5;32m[AndroidUiautomator2Driver@e3cd (9c0ff67f)]&amp#27;[0m Matched '/session/9c0ff67f-6efc-443b-a62f-dce2bca5d56b/element/00000000-0000-0042-0000-00ed00000004/text' to command name 'getText'
&amp#27;[38;5;32m[AndroidUiautomator2Driver@e3cd (9c0ff67f)]&amp#27;[0m Proxying [GET /session/9c0ff67f-6efc-443b-a62f-dce2bca5d56b/element/00000000-0000-0042-0000-00ed00000004/text] to [GET http://127.0.0.1:8200/session/2fea60ff-cc1e-449a-891a-56c913714252/element/00000000-0000-0042-0000-00ed00000004/text] with no body
&amp#27;[38;5;32m[AndroidUiautomator2Driver@e3cd (9c0ff67f)]&amp#27;[0m Got response with status 200: {"sessionId":"2fea60ff-cc1e-449a-891a-56c913714252","value":"10 Â°C"}
&amp#27;[38;5;32m[AndroidUiautomator2Driver@e3cd (9c0ff67f)]&amp#27;[0m Replacing sessionId 2fea60ff-cc1e-449a-891a-56c913714252 with 9c0ff67f-6efc-443b-a62f-dce2bca5d56b
&amp#27;[38;5;0m[HTTP]&amp#27;[0m &amp#27;[37m<-- GET /session/9c0ff67f-6efc-443b-a62f-dce2bca5d56b/element/00000000-0000-0042-0000-00ed00000004/text &amp#27;[39m&amp#27;[32m200&amp#27;[39m &amp#27;[90m8 ms - 69&amp#27;[39m
&amp#27;[38;5;0m[HTTP]&amp#27;[0m &amp#27;[90m&amp#27;[39m
&amp#27;[38;5;0m[HTTP]&amp#27;[0m &amp#27;[37m-->&amp#27;[39m &amp#27;[37mGET&amp#27;[39m &amp#27;[37m/session/9c0ff67f-6efc-443b-a62f-dce2bca5d56b/element/00000000-0000-0042-0000-00ef00000004/text&amp#27;[39m
&amp#27;[38;5;0m[HTTP]&amp#27;[0m &amp#27;[90m{}&amp#27;[39m
&amp#27;[38;5;32m[AndroidUiautomator2Driver@e3cd (9c0ff67f)]&amp#27;[0m Driver proxy active, passing request on via HTTP proxy
&amp#27;[38;5;32m[AndroidUiautomator2Driver@e3cd (9c0ff67f)]&amp#27;[0m Matched '/session/9c0ff67f-6efc-443b-a62f-dce2bca5d56b/element/00000000-0000-0042-0000-00ef00000004/text' to command name 'getText'
&amp#27;[38;5;32m[AndroidUiautomator2Driver@e3cd (9c0ff67f)]&amp#27;[0m Proxying [GET /session/9c0ff67f-6efc-443b-a62f-dce2bca5d56b/element/00000000-0000-0042-0000-00ef00000004/text] to [GET http://127.0.0.1:8200/session/2fea60ff-cc1e-449a-891a-56c913714252/element/00000000-0000-0042-0000-00ef00000004/text] with no body
&amp#27;[38;5;32m[AndroidUiautomator2Driver@e3cd (9c0ff67f)]&amp#27;[0m Got response with status 200: {"sessionId":"2fea60ff-cc1e-449a-891a-56c913714252","value":"14:00"}
&amp#27;[38;5;32m[AndroidUiautomator2Driver@e3cd (9c0ff67f)]&amp#27;[0m Replacing sessionId 2fea60ff-cc1e-449a-891a-56c913714252 with 9c0ff67f-6efc-443b-a62f-dce2bca5d56b
&amp#27;[38;5;0m[HTTP]&amp#27;[0m &amp#27;[37m<-- GET /session/9c0ff67f-6efc-443b-a62f-dce2bca5d56b/element/00000000-0000-0042-0000-00ef00000004/text &amp#27;[39m&amp#27;[32m200&amp#27;[39m &amp#27;[90m8 ms - 68&amp#27;[39m
&amp#27;[38;5;0m[HTTP]&amp#27;[0m &amp#27;[90m&amp#27;[39m
&amp#27;[38;5;0m[HTTP]&amp#27;[0m &amp#27;[37m-->&amp#27;[39m &amp#27;[37mGET&amp#27;[39m &amp#27;[37m/session/9c0ff67f-6efc-443b-a62f-dce2bca5d56b/element/00000000-0000-0042-0000-00f100000004/text&amp#27;[39m
&amp#27;[38;5;0m[HTTP]&amp#27;[0m &amp#27;[90m{}&amp#27;[39m
&amp#27;[38;5;32m[AndroidUiautomator2Driver@e3cd (9c0ff67f)]&amp#27;[0m Driver proxy active, passing request on via HTTP proxy
&amp#27;[38;5;32m[AndroidUiautomator2Driver@e3cd (9c0ff67f)]&amp#27;[0m Matched '/session/9c0ff67f-6efc-443b-a62f-dce2bca5d56b/element/00000000-0000-0042-0000-00f100000004/text' to command name 'getText'
&amp#27;[38;5;32m[AndroidUiautomator2Driver@e3cd (9c0ff67f)]&amp#27;[0m Proxying [GET /session/9c0ff67f-6efc-443b-a62f-dce2bca5d56b/element/00000000-0000-0042-0000-00f100000004/text] to [GET http://127.0.0.1:8200/session/2fea60ff-cc1e-449a-891a-56c913714252/element/00000000-0000-0042-0000-00f100000004/text] with no body
&amp#27;[38;5;32m[AndroidUiautomator2Driver@e3cd (9c0ff67f)]&amp#27;[0m Got response with status 200: {"sessionId":"2fea60ff-cc1e-449a-891a-56c913714252","value":"scattered clouds"}
&amp#27;[38;5;32m[AndroidUiautomator2Driver@e3cd (9c0ff67f)]&amp#27;[0m Replacing sessionId 2fea60ff-cc1e-449a-891a-56c913714252 with 9c0ff67f-6efc-443b-a62f-dce2bca5d56b
&amp#27;[38;5;0m[HTTP]&amp#27;[0m &amp#27;[37m<-- GET /session/9c0ff67f-6efc-443b-a62f-dce2bca5d56b/element/00000000-0000-0042-0000-00f100000004/text &amp#27;[39m&amp#27;[32m200&amp#27;[39m &amp#27;[90m8 ms - 79&amp#27;[39m
&amp#27;[38;5;0m[HTTP]&amp#27;[0m &amp#27;[90m&amp#27;[39m
&amp#27;[38;5;0m[HTTP]&amp#27;[0m &amp#27;[37m-->&amp#27;[39m &amp#27;[37mGET&amp#27;[39m &amp#27;[37m/session/9c0ff67f-6efc-443b-a62f-dce2bca5d56b/element/00000000-0000-0042-0000-00f300000004/text&amp#27;[39m
&amp#27;[38;5;0m[HTTP]&amp#27;[0m &amp#27;[90m{}&amp#27;[39m
&amp#27;[38;5;32m[AndroidUiautomator2Driver@e3cd (9c0ff67f)]&amp#27;[0m Driver proxy active, passing request on via HTTP proxy
&amp#27;[38;5;32m[AndroidUiautomator2Driver@e3cd (9c0ff67f)]&amp#27;[0m Matched '/session/9c0ff67f-6efc-443b-a62f-dce2bca5d56b/element/00000000-0000-0042-0000-00f300000004/text' to command name 'getText'
&amp#27;[38;5;32m[AndroidUiautomator2Driver@e3cd (9c0ff67f)]&amp#27;[0m Proxying [GET /session/9c0ff67f-6efc-443b-a62f-dce2bca5d56b/element/00000000-0000-0042-0000-00f300000004/text] to [GET http://127.0.0.1:8200/session/2fea60ff-cc1e-449a-891a-56c913714252/element/00000000-0000-0042-0000-00f300000004/text] with no body
&amp#27;[38;5;32m[AndroidUiautomator2Driver@e3cd (9c0ff67f)]&amp#27;[0m Got response with status 200: {"sessionId":"2fea60ff-cc1e-449a-891a-56c913714252","value":"84 %"}
&amp#27;[38;5;32m[AndroidUiautomator2Driver@e3cd (9c0ff67f)]&amp#27;[0m Replacing sessionId 2fea60ff-cc1e-449a-891a-56c913714252 with 9c0ff67f-6efc-443b-a62f-dce2bca5d56b
&amp#27;[38;5;0m[HTTP]&amp#27;[0m &amp#27;[37m<-- GET /session/9c0ff67f-6efc-443b-a62f-dce2bca5d56b/element/00000000-0000-0042-0000-00f300000004/text &amp#27;[39m&amp#27;[32m200&amp#27;[39m &amp#27;[90m8 ms - 67&amp#27;[39m
&amp#27;[38;5;0m[HTTP]&amp#27;[0m &amp#27;[90m&amp#27;[39m
&amp#27;[38;5;0m[HTTP]&amp#27;[0m &amp#27;[37m-->&amp#27;[39m &amp#27;[37mGET&amp#27;[39m &amp#27;[37m/session/9c0ff67f-6efc-443b-a62f-dce2bca5d56b/element/00000000-0000-0042-0000-00f500000004/text&amp#27;[39m
&amp#27;[38;5;0m[HTTP]&amp#27;[0m &amp#27;[90m{}&amp#27;[39m
&amp#27;[38;5;32m[AndroidUiautomator2Driver@e3cd (9c0ff67f)]&amp#27;[0m Driver proxy active, passing request on via HTTP proxy
&amp#27;[38;5;32m[AndroidUiautomator2Driver@e3cd (9c0ff67f)]&amp#27;[0m Matched '/session/9c0ff67f-6efc-443b-a62f-dce2bca5d56b/element/00000000-0000-0042-0000-00f500000004/text' to command name 'getText'
&amp#27;[38;5;32m[AndroidUiautomator2Driver@e3cd (9c0ff67f)]&amp#27;[0m Proxying [GET /session/9c0ff67f-6efc-443b-a62f-dce2bca5d56b/element/00000000-0000-0042-0000-00f500000004/text] to [GET http://127.0.0.1:8200/session/2fea60ff-cc1e-449a-891a-56c913714252/element/00000000-0000-0042-0000-00f500000004/text] with no body
&amp#27;[38;5;32m[AndroidUiautomator2Driver@e3cd (9c0ff67f)]&amp#27;[0m Got response with status 200: {"sessionId":"2fea60ff-cc1e-449a-891a-56c913714252","value":"10 Â°C"}
&amp#27;[38;5;32m[AndroidUiautomator2Driver@e3cd (9c0ff67f)]&amp#27;[0m Replacing sessionId 2fea60ff-cc1e-449a-891a-56c913714252 with 9c0ff67f-6efc-443b-a62f-dce2bca5d56b
&amp#27;[38;5;0m[HTTP]&amp#27;[0m &amp#27;[37m<-- GET /session/9c0ff67f-6efc-443b-a62f-dce2bca5d56b/element/00000000-0000-0042-0000-00f500000004/text &amp#27;[39m&amp#27;[32m200&amp#27;[39m &amp#27;[90m9 ms - 69&amp#27;[39m
&amp#27;[38;5;0m[HTTP]&amp#27;[0m &amp#27;[90m&amp#27;[39m
&amp#27;[38;5;0m[HTTP]&amp#27;[0m &amp#27;[37m-->&amp#27;[39m &amp#27;[37mGET&amp#27;[39m &amp#27;[37m/session/9c0ff67f-6efc-443b-a62f-dce2bca5d56b/element/00000000-0000-0042-0000-00f700000004/text&amp#27;[39m
&amp#27;[38;5;0m[HTTP]&amp#27;[0m &amp#27;[90m{}&amp#27;[39m
&amp#27;[38;5;32m[AndroidUiautomator2Driver@e3cd (9c0ff67f)]&amp#27;[0m Driver proxy active, passing request on via HTTP proxy
&amp#27;[38;5;32m[AndroidUiautomator2Driver@e3cd (9c0ff67f)]&amp#27;[0m Matched '/session/9c0ff67f-6efc-443b-a62f-dce2bca5d56b/element/00000000-0000-0042-0000-00f700000004/text' to command name 'getText'
&amp#27;[38;5;32m[AndroidUiautomator2Driver@e3cd (9c0ff67f)]&amp#27;[0m Proxying [GET /session/9c0ff67f-6efc-443b-a62f-dce2bca5d56b/element/00000000-0000-0042-0000-00f700000004/text] to [GET http://127.0.0.1:8200/session/2fea60ff-cc1e-449a-891a-56c913714252/element/00000000-0000-0042-0000-00f700000004/text] with no body
&amp#27;[38;5;32m[AndroidUiautomator2Driver@e3cd (9c0ff67f)]&amp#27;[0m Got response with status 200: {"sessionId":"2fea60ff-cc1e-449a-891a-56c913714252","value":"15:00"}
&amp#27;[38;5;32m[AndroidUiautomator2Driver@e3cd (9c0ff67f)]&amp#27;[0m Replacing sessionId 2fea60ff-cc1e-449a-891a-56c913714252 with 9c0ff67f-6efc-443b-a62f-dce2bca5d56b
&amp#27;[38;5;0m[HTTP]&amp#27;[0m &amp#27;[37m<-- GET /session/9c0ff67f-6efc-443b-a62f-dce2bca5d56b/element/00000000-0000-0042-0000-00f700000004/text &amp#27;[39m&amp#27;[32m200&amp#27;[39m &amp#27;[90m9 ms - 68&amp#27;[39m
&amp#27;[38;5;0m[HTTP]&amp#27;[0m &amp#27;[90m&amp#27;[39m
&amp#27;[38;5;0m[HTTP]&amp#27;[0m &amp#27;[37m-->&amp#27;[39m &amp#27;[37mGET&amp#27;[39m &amp#27;[37m/session/9c0ff67f-6efc-443b-a62f-dce2bca5d56b/element/00000000-0000-0042-0000-00f900000004/text&amp#27;[39m
&amp#27;[38;5;0m[HTTP]&amp#27;[0m &amp#27;[90m{}&amp#27;[39m
&amp#27;[38;5;32m[AndroidUiautomator2Driver@e3cd (9c0ff67f)]&amp#27;[0m Driver proxy active, passing request on via HTTP proxy
&amp#27;[38;5;32m[AndroidUiautomator2Driver@e3cd (9c0ff67f)]&amp#27;[0m Matched '/session/9c0ff67f-6efc-443b-a62f-dce2bca5d56b/element/00000000-0000-0042-0000-00f900000004/text' to command name 'getText'
&amp#27;[38;5;32m[AndroidUiautomator2Driver@e3cd (9c0ff67f)]&amp#27;[0m Proxying [GET /session/9c0ff67f-6efc-443b-a62f-dce2bca5d56b/element/00000000-0000-0042-0000-00f900000004/text] to [GET http://127.0.0.1:8200/session/2fea60ff-cc1e-449a-891a-56c913714252/element/00000000-0000-0042-0000-00f900000004/text] with no body
&amp#27;[38;5;32m[AndroidUiautomator2Driver@e3cd (9c0ff67f)]&amp#27;[0m Got response with status 200: {"sessionId":"2fea60ff-cc1e-449a-891a-56c913714252","value":"scattered clouds"}
&amp#27;[38;5;32m[AndroidUiautomator2Driver@e3cd (9c0ff67f)]&amp#27;[0m Replacing sessionId 2fea60ff-cc1e-449a-891a-56c913714252 with 9c0ff67f-6efc-443b-a62f-dce2bca5d56b
&amp#27;[38;5;0m[HTTP]&amp#27;[0m &amp#27;[37m<-- GET /session/9c0ff67f-6efc-443b-a62f-dce2bca5d56b/element/00000000-0000-0042-0000-00f900000004/text &amp#27;[39m&amp#27;[32m200&amp#27;[39m &amp#27;[90m9 ms - 79&amp#27;[39m
&amp#27;[38;5;0m[HTTP]&amp#27;[0m &amp#27;[90m&amp#27;[39m
&amp#27;[38;5;0m[HTTP]&amp#27;[0m &amp#27;[37m-->&amp#27;[39m &amp#27;[37mGET&amp#27;[39m &amp#27;[37m/session/9c0ff67f-6efc-443b-a62f-dce2bca5d56b/element/00000000-0000-0042-0000-00fb00000004/text&amp#27;[39m
&amp#27;[38;5;0m[HTTP]&amp#27;[0m &amp#27;[90m{}&amp#27;[39m
&amp#27;[38;5;32m[AndroidUiautomator2Driver@e3cd (9c0ff67f)]&amp#27;[0m Driver proxy active, passing request on via HTTP proxy
&amp#27;[38;5;32m[AndroidUiautomator2Driver@e3cd (9c0ff67f)]&amp#27;[0m Matched '/session/9c0ff67f-6efc-443b-a62f-dce2bca5d56b/element/00000000-0000-0042-0000-00fb00000004/text' to command name 'getText'
&amp#27;[38;5;32m[AndroidUiautomator2Driver@e3cd (9c0ff67f)]&amp#27;[0m Proxying [GET /session/9c0ff67f-6efc-443b-a62f-dce2bca5d56b/element/00000000-0000-0042-0000-00fb00000004/text] to [GET http://127.0.0.1:8200/session/2fea60ff-cc1e-449a-891a-56c913714252/element/00000000-0000-0042-0000-00fb00000004/text] with no body
&amp#27;[38;5;32m[AndroidUiautomator2Driver@e3cd (9c0ff67f)]&amp#27;[0m Got response with status 200: {"sessionId":"2fea60ff-cc1e-449a-891a-56c913714252","value":"85 %"}
&amp#27;[38;5;32m[AndroidUiautomator2Driver@e3cd (9c0ff67f)]&amp#27;[0m Replacing sessionId 2fea60ff-cc1e-449a-891a-56c913714252 with 9c0ff67f-6efc-443b-a62f-dce2bca5d56b
&amp#27;[38;5;0m[HTTP]&amp#27;[0m &amp#27;[37m<-- GET /session/9c0ff67f-6efc-443b-a62f-dce2bca5d56b/element/00000000-0000-0042-0000-00fb00000004/text &amp#27;[39m&amp#27;[32m200&amp#27;[39m &amp#27;[90m9 ms - 67&amp#27;[39m
&amp#27;[38;5;0m[HTTP]&amp#27;[0m &amp#27;[90m&amp#27;[39m
&amp#27;[38;5;0m[HTTP]&amp#27;[0m &amp#27;[37m-->&amp#27;[39m &amp#27;[37mGET&amp#27;[39m &amp#27;[37m/session/9c0ff67f-6efc-443b-a62f-dce2bca5d56b/element/00000000-0000-0042-0000-00fd00000004/text&amp#27;[39m
&amp#27;[38;5;0m[HTTP]&amp#27;[0m &amp#27;[90m{}&amp#27;[39m
&amp#27;[38;5;32m[AndroidUiautomator2Driver@e3cd (9c0ff67f)]&amp#27;[0m Driver proxy active, passing request on via HTTP proxy
&amp#27;[38;5;32m[AndroidUiautomator2Driver@e3cd (9c0ff67f)]&amp#27;[0m Matched '/session/9c0ff67f-6efc-443b-a62f-dce2bca5d56b/element/00000000-0000-0042-0000-00fd00000004/text' to command name 'getText'
&amp#27;[38;5;32m[AndroidUiautomator2Driver@e3cd (9c0ff67f)]&amp#27;[0m Proxying [GET /session/9c0ff67f-6efc-443b-a62f-dce2bca5d56b/element/00000000-0000-0042-0000-00fd00000004/text] to [GET http://127.0.0.1:8200/session/2fea60ff-cc1e-449a-891a-56c913714252/element/00000000-0000-0042-0000-00fd00000004/text] with no body
&amp#27;[38;5;32m[AndroidUiautomator2Driver@e3cd (9c0ff67f)]&amp#27;[0m Got response with status 200: {"sessionId":"2fea60ff-cc1e-449a-891a-56c913714252","value":"10 Â°C"}
&amp#27;[38;5;32m[AndroidUiautomator2Driver@e3cd (9c0ff67f)]&amp#27;[0m Replacing sessionId 2fea60ff-cc1e-449a-891a-56c913714252 with 9c0ff67f-6efc-443b-a62f-dce2bca5d56b
&amp#27;[38;5;0m[HTTP]&amp#27;[0m &amp#27;[37m<-- GET /session/9c0ff67f-6efc-443b-a62f-dce2bca5d56b/element/00000000-0000-0042-0000-00fd00000004/text &amp#27;[39m&amp#27;[32m200&amp#27;[39m &amp#27;[90m9 ms - 69&amp#27;[39m
&amp#27;[38;5;0m[HTTP]&amp#27;[0m &amp#27;[90m&amp#27;[39m
&amp#27;[38;5;0m[HTTP]&amp#27;[0m &amp#27;[37m-->&amp#27;[39m &amp#27;[37mGET&amp#27;[39m &amp#27;[37m/session/9c0ff67f-6efc-443b-a62f-dce2bca5d56b/element/00000000-0000-0042-0000-00ff00000004/text&amp#27;[39m
&amp#27;[38;5;0m[HTTP]&amp#27;[0m &amp#27;[90m{}&amp#27;[39m
&amp#27;[38;5;32m[AndroidUiautomator2Driver@e3cd (9c0ff67f)]&amp#27;[0m Driver proxy active, passing request on via HTTP proxy
&amp#27;[38;5;32m[AndroidUiautomator2Driver@e3cd (9c0ff67f)]&amp#27;[0m Matched '/session/9c0ff67f-6efc-443b-a62f-dce2bca5d56b/element/00000000-0000-0042-0000-00ff00000004/text' to command name 'getText'
&amp#27;[38;5;32m[AndroidUiautomator2Driver@e3cd (9c0ff67f)]&amp#27;[0m Proxying [GET /session/9c0ff67f-6efc-443b-a62f-dce2bca5d56b/element/00000000-0000-0042-0000-00ff00000004/text] to [GET http://127.0.0.1:8200/session/2fea60ff-cc1e-449a-891a-56c913714252/element/00000000-0000-0042-0000-00ff00000004/text] with no body
&amp#27;[38;5;32m[AndroidUiautomator2Driver@e3cd (9c0ff67f)]&amp#27;[0m Got response with status 200: {"sessionId":"2fea60ff-cc1e-449a-891a-56c913714252","value":"16:00"}
&amp#27;[38;5;32m[AndroidUiautomator2Driver@e3cd (9c0ff67f)]&amp#27;[0m Replacing sessionId 2fea60ff-cc1e-449a-891a-56c913714252 with 9c0ff67f-6efc-443b-a62f-dce2bca5d56b
&amp#27;[38;5;0m[HTTP]&amp#27;[0m &amp#27;[37m<-- GET /session/9c0ff67f-6efc-443b-a62f-dce2bca5d56b/element/00000000-0000-0042-0000-00ff00000004/text &amp#27;[39m&amp#27;[32m200&amp#27;[39m &amp#27;[90m9 ms - 68&amp#27;[39m
&amp#27;[38;5;0m[HTTP]&amp#27;[0m &amp#27;[90m&amp#27;[39m
&amp#27;[38;5;0m[HTTP]&amp#27;[0m &amp#27;[37m-->&amp#27;[39m &amp#27;[37mGET&amp#27;[39m &amp#27;[37m/session/9c0ff67f-6efc-443b-a62f-dce2bca5d56b/element/00000000-0000-0042-0000-010100000004/text&amp#27;[39m
&amp#27;[38;5;0m[HTTP]&amp#27;[0m &amp#27;[90m{}&amp#27;[39m
&amp#27;[38;5;32m[AndroidUiautomator2Driver@e3cd (9c0ff67f)]&amp#27;[0m Driver proxy active, passing request on via HTTP proxy
&amp#27;[38;5;32m[AndroidUiautomator2Driver@e3cd (9c0ff67f)]&amp#27;[0m Matched '/session/9c0ff67f-6efc-443b-a62f-dce2bca5d56b/element/00000000-0000-0042-0000-010100000004/text' to command name 'getText'
&amp#27;[38;5;32m[AndroidUiautomator2Driver@e3cd (9c0ff67f)]&amp#27;[0m Proxying [GET /session/9c0ff67f-6efc-443b-a62f-dce2bca5d56b/element/00000000-0000-0042-0000-010100000004/text] to [GET http://127.0.0.1:8200/session/2fea60ff-cc1e-449a-891a-56c913714252/element/00000000-0000-0042-0000-010100000004/text] with no body
&amp#27;[38;5;32m[AndroidUiautomator2Driver@e3cd (9c0ff67f)]&amp#27;[0m Got response with status 200: {"sessionId":"2fea60ff-cc1e-449a-891a-56c913714252","value":"scattered clouds"}
&amp#27;[38;5;32m[AndroidUiautomator2Driver@e3cd (9c0ff67f)]&amp#27;[0m Replacing sessionId 2fea60ff-cc1e-449a-891a-56c913714252 with 9c0ff67f-6efc-443b-a62f-dce2bca5d56b
&amp#27;[38;5;0m[HTTP]&amp#27;[0m &amp#27;[37m<-- GET /session/9c0ff67f-6efc-443b-a62f-dce2bca5d56b/element/00000000-0000-0042-0000-010100000004/text &amp#27;[39m&amp#27;[32m200&amp#27;[39m &amp#27;[90m9 ms - 79&amp#27;[39m
&amp#27;[38;5;0m[HTTP]&amp#27;[0m &amp#27;[90m&amp#27;[39m
&amp#27;[38;5;0m[HTTP]&amp#27;[0m &amp#27;[37m-->&amp#27;[39m &amp#27;[37mGET&amp#27;[39m &amp#27;[37m/session/9c0ff67f-6efc-443b-a62f-dce2bca5d56b/element/00000000-0000-0042-0000-010300000004/text&amp#27;[39m
&amp#27;[38;5;0m[HTTP]&amp#27;[0m &amp#27;[90m{}&amp#27;[39m
&amp#27;[38;5;32m[AndroidUiautomator2Driver@e3cd (9c0ff67f)]&amp#27;[0m Driver proxy active, passing request on via HTTP proxy
&amp#27;[38;5;32m[AndroidUiautomator2Driver@e3cd (9c0ff67f)]&amp#27;[0m Matched '/session/9c0ff67f-6efc-443b-a62f-dce2bca5d56b/element/00000000-0000-0042-0000-010300000004/text' to command name 'getText'
&amp#27;[38;5;32m[AndroidUiautomator2Driver@e3cd (9c0ff67f)]&amp#27;[0m Proxying [GET /session/9c0ff67f-6efc-443b-a62f-dce2bca5d56b/element/00000000-0000-0042-0000-010300000004/text] to [GET http://127.0.0.1:8200/session/2fea60ff-cc1e-449a-891a-56c913714252/element/00000000-0000-0042-0000-010300000004/text] with no body
&amp#27;[38;5;32m[AndroidUiautomator2Driver@e3cd (9c0ff67f)]&amp#27;[0m Got response with status 200: {"sessionId":"2fea60ff-cc1e-449a-891a-56c913714252","value":"85 %"}
&amp#27;[38;5;32m[AndroidUiautomator2Driver@e3cd (9c0ff67f)]&amp#27;[0m Replacing sessionId 2fea60ff-cc1e-449a-891a-56c913714252 with 9c0ff67f-6efc-443b-a62f-dce2bca5d56b
&amp#27;[38;5;0m[HTTP]&amp#27;[0m &amp#27;[37m<-- GET /session/9c0ff67f-6efc-443b-a62f-dce2bca5d56b/element/00000000-0000-0042-0000-010300000004/text &amp#27;[39m&amp#27;[32m200&amp#27;[39m &amp#27;[90m10 ms - 67&amp#27;[39m
&amp#27;[38;5;0m[HTTP]&amp#27;[0m &amp#27;[90m&amp#27;[39m
&amp#27;[38;5;0m[HTTP]&amp#27;[0m &amp#27;[37m-->&amp#27;[39m &amp#27;[37mGET&amp#27;[39m &amp#27;[37m/session/9c0ff67f-6efc-443b-a62f-dce2bca5d56b/element/00000000-0000-0042-0000-010500000004/text&amp#27;[39m
&amp#27;[38;5;0m[HTTP]&amp#27;[0m &amp#27;[90m{}&amp#27;[39m
&amp#27;[38;5;32m[AndroidUiautomator2Driver@e3cd (9c0ff67f)]&amp#27;[0m Driver proxy active, passing request on via HTTP proxy
&amp#27;[38;5;32m[AndroidUiautomator2Driver@e3cd (9c0ff67f)]&amp#27;[0m Matched '/session/9c0ff67f-6efc-443b-a62f-dce2bca5d56b/element/00000000-0000-0042-0000-010500000004/text' to command name 'getText'
&amp#27;[38;5;32m[AndroidUiautomator2Driver@e3cd (9c0ff67f)]&amp#27;[0m Proxying [GET /session/9c0ff67f-6efc-443b-a62f-dce2bca5d56b/element/00000000-0000-0042-0000-010500000004/text] to [GET http://127.0.0.1:8200/session/2fea60ff-cc1e-449a-891a-56c913714252/element/00000000-0000-0042-0000-010500000004/text] with no body
&amp#27;[38;5;32m[AndroidUiautomator2Driver@e3cd (9c0ff67f)]&amp#27;[0m Got response with status 200: {"sessionId":"2fea60ff-cc1e-449a-891a-56c913714252","value":"10 Â°C"}
&amp#27;[38;5;32m[AndroidUiautomator2Driver@e3cd (9c0ff67f)]&amp#27;[0m Replacing sessionId 2fea60ff-cc1e-449a-891a-56c913714252 with 9c0ff67f-6efc-443b-a62f-dce2bca5d56b
&amp#27;[38;5;0m[HTTP]&amp#27;[0m &amp#27;[37m<-- GET /session/9c0ff67f-6efc-443b-a62f-dce2bca5d56b/element/00000000-0000-0042-0000-010500000004/text &amp#27;[39m&amp#27;[32m200&amp#27;[39m &amp#27;[90m9 ms - 69&amp#27;[39m
&amp#27;[38;5;0m[HTTP]&amp#27;[0m &amp#27;[90m&amp#27;[39m
&amp#27;[38;5;0m[HTTP]&amp#27;[0m &amp#27;[37m-->&amp#27;[39m &amp#27;[37mPOST&amp#27;[39m &amp#27;[37m/session/9c0ff67f-6efc-443b-a62f-dce2bca5d56b/execute/sync&amp#27;[39m
&amp#27;[38;5;0m[HTTP]&amp#27;[0m &amp#27;[90m{"script":"mobile: swipeGesture","args":[{"elementId":"00000000-0000-0042-0000-001d00000004","percent":0.4,"speed":320,"direction":"left"}]}&amp#27;[39m
&amp#27;[38;5;32m[AndroidUiautomator2Driver@e3cd (9c0ff67f)]&amp#27;[0m Calling AppiumDriver.execute() with args: ["mobile: swipeGesture",[{"elementId":"00000000-0000-0042-0000-001d00000004","percent":0.4,"speed":320,"direction":"left"}],"9c0ff67f-6efc-443b-a62f-dce2bca5d56b"]
&amp#27;[38;5;32m[AndroidUiautomator2Driver@e3cd (9c0ff67f)]&amp#27;[0m Executing method 'mobile: swipeGesture'
&amp#27;[38;5;32m[AndroidUiautomator2Driver@e3cd (9c0ff67f)]&amp#27;[0m Proxying [POST /appium/gestures/swipe] to [POST http://127.0.0.1:8200/session/2fea60ff-cc1e-449a-891a-56c913714252/appium/gestures/swipe] with body: {"origin":{"ELEMENT":"00000000-0000-0042-0000-001d00000004","element-6066-11e4-a52e-4f735466cecf":"00000000-0000-0042-0000-001d00000004"},"direction":"left","percent":0.4,"speed":320}
&amp#27;[38;5;32m[AndroidUiautomator2Driver@e3cd (9c0ff67f)]&amp#27;[0m Got response with status 200: {"sessionId":"2fea60ff-cc1e-449a-891a-56c913714252","value":null}
&amp#27;[38;5;32m[AndroidUiautomator2Driver@e3cd (9c0ff67f)]&amp#27;[0m Responding to client with driver.execute() result: null
&amp#27;[38;5;0m[HTTP]&amp#27;[0m &amp#27;[37m<-- POST /session/9c0ff67f-6efc-443b-a62f-dce2bca5d56b/execute/sync &amp#27;[39m&amp#27;[32m200&amp#27;[39m &amp#27;[90m1546 ms - 14&amp#27;[39m
&amp#27;[38;5;0m[HTTP]&amp#27;[0m &amp#27;[90m&amp#27;[39m
&amp#27;[38;5;0m[HTTP]&amp#27;[0m &amp#27;[37m-->&amp#27;[39m &amp#27;[37mPOST&amp#27;[39m &amp#27;[37m/session/9c0ff67f-6efc-443b-a62f-dce2bca5d56b/elements&amp#27;[39m
&amp#27;[38;5;0m[HTTP]&amp#27;[0m &amp#27;[90m{"using":"xpath","value":"//android.widget.HorizontalScrollView"}&amp#27;[39m
&amp#27;[38;5;32m[AndroidUiautomator2Driver@e3cd (9c0ff67f)]&amp#27;[0m Calling AppiumDriver.findElements() with args: ["xpath","//android.widget.HorizontalScrollView","9c0ff67f-6efc-443b-a62f-dce2bca5d56b"]
&amp#27;[38;5;32m[AndroidUiautomator2Driver@e3cd (9c0ff67f)]&amp#27;[0m Valid locator strategies for this request: xpath, id, class name, accessibility id, css selector, -android uiautomator
&amp#27;[38;5;32m[AndroidUiautomator2Driver@e3cd (9c0ff67f)]&amp#27;[0m Waiting up to 0 ms for condition
&amp#27;[38;5;32m[AndroidUiautomator2Driver@e3cd (9c0ff67f)]&amp#27;[0m Matched '/elements' to command name 'findElements'
&amp#27;[38;5;32m[AndroidUiautomator2Driver@e3cd (9c0ff67f)]&amp#27;[0m Proxying [POST /elements] to [POST http://127.0.0.1:8200/session/2fea60ff-cc1e-449a-891a-56c913714252/elements] with body: {"strategy":"xpath","selector":"//android.widget.HorizontalScrollView","context":"","multiple":true}
&amp#27;[38;5;32m[AndroidUiautomator2Driver@e3cd (9c0ff67f)]&amp#27;[0m Got response with status 200: {"sessionId":"2fea60ff-cc1e-449a-891a-56c913714252","value":[{"ELEMENT":"00000000-0000-0042-0000-001d00000004","element-6066-11e4-a52e-4f735466cecf":"00000000-0000-0042-0000-001d00000004"},{"ELEMENT":"00000000-0000-0042-0000-001e00000004","element-6066-11e4-a52e-4f735466cecf":"00000000-0000-0042-0000-001e00000004"}]}
&amp#27;[38;5;32m[AndroidUiautomator2Driver@e3cd (9c0ff67f)]&amp#27;[0m Responding to client with driver.findElements() result: [{"element-6066-11e4-a52e-4f735466cecf":"00000000-0000-0042-0000-001d00000004","ELEMENT":"00000000-0000-0042-0000-001d00000004"},{"element-6066-11e4-a52e-4f735466cecf":"00000000-0000-0042-0000-001e00000004","ELEMENT":"00000000-0000-0042-0000-001e00000004"}]
&amp#27;[38;5;0m[HTTP]&amp#27;[0m &amp#27;[37m<-- POST /session/9c0ff67f-6efc-443b-a62f-dce2bca5d56b/elements &amp#27;[39m&amp#27;[32m200&amp#27;[39m &amp#27;[90m108 ms - 267&amp#27;[39m
&amp#27;[38;5;0m[HTTP]&amp#27;[0m &amp#27;[90m&amp#27;[39m
&amp#27;[38;5;0m[HTTP]&amp#27;[0m &amp#27;[37m-->&amp#27;[39m &amp#27;[37mPOST&amp#27;[39m &amp#27;[37m/session/9c0ff67f-6efc-443b-a62f-dce2bca5d56b/element/00000000-0000-0042-0000-001d00000004/elements&amp#27;[39m
&amp#27;[38;5;0m[HTTP]&amp#27;[0m &amp#27;[90m{"id":"00000000-0000-0042-0000-001d00000004","using":"xpath","value":"//android.view.View"}&amp#27;[39m
&amp#27;[38;5;32m[AndroidUiautomator2Driver@e3cd (9c0ff67f)]&amp#27;[0m Calling AppiumDriver.findElementsFromElement() with args: ["xpath","//android.view.View","00000000-0000-0042-0000-001d00000004","9c0ff67f-6efc-443b-a62f-dce2bca5d56b"]
&amp#27;[38;5;32m[AndroidUiautomator2Driver@e3cd (9c0ff67f)]&amp#27;[0m Valid locator strategies for this request: xpath, id, class name, accessibility id, css selector, -android uiautomator
&amp#27;[38;5;32m[AndroidUiautomator2Driver@e3cd (9c0ff67f)]&amp#27;[0m Waiting up to 0 ms for condition
&amp#27;[38;5;32m[AndroidUiautomator2Driver@e3cd (9c0ff67f)]&amp#27;[0m Matched '/elements' to command name 'findElements'
&amp#27;[38;5;32m[AndroidUiautomator2Driver@e3cd (9c0ff67f)]&amp#27;[0m Proxying [POST /elements] to [POST http://127.0.0.1:8200/session/2fea60ff-cc1e-449a-891a-56c913714252/elements] with body: {"strategy":"xpath","selector":"//android.view.View","context":"00000000-0000-0042-0000-001d00000004","multiple":true}
&amp#27;[38;5;32m[AndroidUiautomator2Driver@e3cd (9c0ff67f)]&amp#27;[0m Got response with status 200: {"sessionId":"2fea60ff-cc1e-449a-891a-56c913714252","value":[{"ELEMENT":"00000000-0000-0042-0000-00ef00000004","element-6066-11e4-a52e-4f735466cecf":"00000000-0000-0042-0000-00ef00000004"},{"ELEMENT":"00000000-0000-0042-0000-00f100000004","element-6066-11e4-a52e-4f735466cecf":"00000000-0000-0042-0000-00f100000004"},{"ELEMENT":"00000000-0000-0042-0000-00f300000004","element-6066-11e4-a52e-4f735466cecf":"00000000-0000-0042-0000-00f300000004"},{"ELEMENT":"00000000-0000-0042-0000-00f500000004","element-6066-11e4-a52e-4f735466cecf":"00000000-0000-0042-0000-00f500000004"},{"ELEMENT":"00000000-0000-0042-0000-00f700000004","element-6066-11e4-a52e-4f735466cecf":"00000000-0000-0042-0000-00f700000004"},{"ELEMENT":"00000000-0000-0042-0000-00f900000004","element-6066-11e4-a52e-4f735466cecf":"00000000-0000-0042-0000-00f900000004"},{"ELEMENT":"00000000-0000-0042-0000-00fb00000004","element-6066-11e4-a52e-4f735466cecf":"00000000-0000-0042-0000-00fb00000004"},{"ELEMENT":"00000000-0000-0042-0000-00fd00000004","element-6066-...
&amp#27;[38;5;32m[AndroidUiautomator2Driver@e3cd (9c0ff67f)]&amp#27;[0m Responding to client with driver.findElementsFromElement() result: [{"element-6066-11e4-a52e-4f735466cecf":"00000000-0000-0042-0000-00ef00000004","ELEMENT":"00000000-0000-0042-0000-00ef00000004"},{"element-6066-11e4-a52e-4f735466cecf":"00000000-0000-0042-0000-00f100000004","ELEMENT":"00000000-0000-0042-0000-00f100000004"},{"element-6066-11e4-a52e-4f735466cecf":"00000000-0000-0042-0000-00f300000004","ELEMENT":"00000000-0000-0042-0000-00f300000004"},{"element-6066-11e4-a52e-4f735466cecf":"00000000-0000-0042-0000-00f500000004","ELEMENT":"00000000-0000-0042-0000-00f500000004"},{"element-6066-11e4-a52e-4f735466cecf":"00000000-0000-0042-0000-00f700000004","ELEMENT":"00000000-0000-0042-0000-00f700000004"},{"element-6066-11e4-a52e-4f735466cecf":"00000000-0000-0042-0000-00f900000004","ELEMENT":"00000000-0000-0042-0000-00f900000004"},{"element-6066-11e4-a52e-4f735466cecf":"00000000-0000-0042-0000-00fb00000004","ELEMENT":"00000000-0000-0042-0000-00fb00000004"},{"element-6066-11e4-a52e-4f735466cecf":"00000000-0000-0042-0000-00fd00000004","ELEMENT":"00000000-0000-0042-0000-00fd0000000...
&amp#27;[38;5;0m[HTTP]&amp#27;[0m &amp#27;[37m<-- POST /session/9c0ff67f-6efc-443b-a62f-dce2bca5d56b/element/00000000-0000-0042-0000-001d00000004/elements &amp#27;[39m&amp#27;[32m200&amp#27;[39m &amp#27;[90m49 ms - 2059&amp#27;[39m
&amp#27;[38;5;0m[HTTP]&amp#27;[0m &amp#27;[90m&amp#27;[39m
&amp#27;[38;5;0m[HTTP]&amp#27;[0m &amp#27;[37m-->&amp#27;[39m &amp#27;[37mGET&amp#27;[39m &amp#27;[37m/session/9c0ff67f-6efc-443b-a62f-dce2bca5d56b/element/00000000-0000-0042-0000-00ef00000004/text&amp#27;[39m
&amp#27;[38;5;0m[HTTP]&amp#27;[0m &amp#27;[90m{}&amp#27;[39m
&amp#27;[38;5;32m[AndroidUiautomator2Driver@e3cd (9c0ff67f)]&amp#27;[0m Driver proxy active, passing request on via HTTP proxy
&amp#27;[38;5;32m[AndroidUiautomator2Driver@e3cd (9c0ff67f)]&amp#27;[0m Matched '/session/9c0ff67f-6efc-443b-a62f-dce2bca5d56b/element/00000000-0000-0042-0000-00ef00000004/text' to command name 'getText'
&amp#27;[38;5;32m[AndroidUiautomator2Driver@e3cd (9c0ff67f)]&amp#27;[0m Proxying [GET /session/9c0ff67f-6efc-443b-a62f-dce2bca5d56b/element/00000000-0000-0042-0000-00ef00000004/text] to [GET http://127.0.0.1:8200/session/2fea60ff-cc1e-449a-891a-56c913714252/element/00000000-0000-0042-0000-00ef00000004/text] with no body
&amp#27;[38;5;32m[AndroidUiautomator2Driver@e3cd (9c0ff67f)]&amp#27;[0m Got response with status 200: {"sessionId":"2fea60ff-cc1e-449a-891a-56c913714252","value":"14:00"}
&amp#27;[38;5;32m[AndroidUiautomator2Driver@e3cd (9c0ff67f)]&amp#27;[0m Replacing sessionId 2fea60ff-cc1e-449a-891a-56c913714252 with 9c0ff67f-6efc-443b-a62f-dce2bca5d56b
&amp#27;[38;5;0m[HTTP]&amp#27;[0m &amp#27;[37m<-- GET /session/9c0ff67f-6efc-443b-a62f-dce2bca5d56b/element/00000000-0000-0042-0000-00ef00000004/text &amp#27;[39m&amp#27;[32m200&amp#27;[39m &amp#27;[90m9 ms - 68&amp#27;[39m
&amp#27;[38;5;0m[HTTP]&amp#27;[0m &amp#27;[90m&amp#27;[39m
&amp#27;[38;5;0m[HTTP]&amp#27;[0m &amp#27;[37m-->&amp#27;[39m &amp#27;[37mGET&amp#27;[39m &amp#27;[37m/session/9c0ff67f-6efc-443b-a62f-dce2bca5d56b/element/00000000-0000-0042-0000-00f100000004/text&amp#27;[39m
&amp#27;[38;5;0m[HTTP]&amp#27;[0m &amp#27;[90m{}&amp#27;[39m
&amp#27;[38;5;32m[AndroidUiautomator2Driver@e3cd (9c0ff67f)]&amp#27;[0m Driver proxy active, passing request on via HTTP proxy
&amp#27;[38;5;32m[AndroidUiautomator2Driver@e3cd (9c0ff67f)]&amp#27;[0m Matched '/session/9c0ff67f-6efc-443b-a62f-dce2bca5d56b/element/00000000-0000-0042-0000-00f100000004/text' to command name 'getText'
&amp#27;[38;5;32m[AndroidUiautomator2Driver@e3cd (9c0ff67f)]&amp#27;[0m Proxying [GET /session/9c0ff67f-6efc-443b-a62f-dce2bca5d56b/element/00000000-0000-0042-0000-00f100000004/text] to [GET http://127.0.0.1:8200/session/2fea60ff-cc1e-449a-891a-56c913714252/element/00000000-0000-0042-0000-00f100000004/text] with no body
&amp#27;[38;5;32m[AndroidUiautomator2Driver@e3cd (9c0ff67f)]&amp#27;[0m Got response with status 200: {"sessionId":"2fea60ff-cc1e-449a-891a-56c913714252","value":"scattered clouds"}
&amp#27;[38;5;32m[AndroidUiautomator2Driver@e3cd (9c0ff67f)]&amp#27;[0m Replacing sessionId 2fea60ff-cc1e-449a-891a-56c913714252 with 9c0ff67f-6efc-443b-a62f-dce2bca5d56b
&amp#27;[38;5;0m[HTTP]&amp#27;[0m &amp#27;[37m<-- GET /session/9c0ff67f-6efc-443b-a62f-dce2bca5d56b/element/00000000-0000-0042-0000-00f100000004/text &amp#27;[39m&amp#27;[32m200&amp#27;[39m &amp#27;[90m7 ms - 79&amp#27;[39m
&amp#27;[38;5;0m[HTTP]&amp#27;[0m &amp#27;[90m&amp#27;[39m
&amp#27;[38;5;0m[HTTP]&amp#27;[0m &amp#27;[37m-->&amp#27;[39m &amp#27;[37mGET&amp#27;[39m &amp#27;[37m/session/9c0ff67f-6efc-443b-a62f-dce2bca5d56b/element/00000000-0000-0042-0000-00f300000004/text&amp#27;[39m
&amp#27;[38;5;0m[HTTP]&amp#27;[0m &amp#27;[90m{}&amp#27;[39m
&amp#27;[38;5;32m[AndroidUiautomator2Driver@e3cd (9c0ff67f)]&amp#27;[0m Driver proxy active, passing request on via HTTP proxy
&amp#27;[38;5;32m[AndroidUiautomator2Driver@e3cd (9c0ff67f)]&amp#27;[0m Matched '/session/9c0ff67f-6efc-443b-a62f-dce2bca5d56b/element/00000000-0000-0042-0000-00f300000004/text' to command name 'getText'
&amp#27;[38;5;32m[AndroidUiautomator2Driver@e3cd (9c0ff67f)]&amp#27;[0m Proxying [GET /session/9c0ff67f-6efc-443b-a62f-dce2bca5d56b/element/00000000-0000-0042-0000-00f300000004/text] to [GET http://127.0.0.1:8200/session/2fea60ff-cc1e-449a-891a-56c913714252/element/00000000-0000-0042-0000-00f300000004/text] with no body
&amp#27;[38;5;32m[AndroidUiautomator2Driver@e3cd (9c0ff67f)]&amp#27;[0m Got response with status 200: {"sessionId":"2fea60ff-cc1e-449a-891a-56c913714252","value":"84 %"}
&amp#27;[38;5;32m[AndroidUiautomator2Driver@e3cd (9c0ff67f)]&amp#27;[0m Replacing sessionId 2fea60ff-cc1e-449a-891a-56c913714252 with 9c0ff67f-6efc-443b-a62f-dce2bca5d56b
&amp#27;[38;5;0m[HTTP]&amp#27;[0m &amp#27;[37m<-- GET /session/9c0ff67f-6efc-443b-a62f-dce2bca5d56b/element/00000000-0000-0042-0000-00f300000004/text &amp#27;[39m&amp#27;[32m200&amp#27;[39m &amp#27;[90m8 ms - 67&amp#27;[39m
&amp#27;[38;5;0m[HTTP]&amp#27;[0m &amp#27;[90m&amp#27;[39m
&amp#27;[38;5;0m[HTTP]&amp#27;[0m &amp#27;[37m-->&amp#27;[39m &amp#27;[37mGET&amp#27;[39m &amp#27;[37m/session/9c0ff67f-6efc-443b-a62f-dce2bca5d56b/element/00000000-0000-0042-0000-00f500000004/text&amp#27;[39m
&amp#27;[38;5;0m[HTTP]&amp#27;[0m &amp#27;[90m{}&amp#27;[39m
&amp#27;[38;5;32m[AndroidUiautomator2Driver@e3cd (9c0ff67f)]&amp#27;[0m Driver proxy active, passing request on via HTTP proxy
&amp#27;[38;5;32m[AndroidUiautomator2Driver@e3cd (9c0ff67f)]&amp#27;[0m Matched '/session/9c0ff67f-6efc-443b-a62f-dce2bca5d56b/element/00000000-0000-0042-0000-00f500000004/text' to command name 'getText'
&amp#27;[38;5;32m[AndroidUiautomator2Driver@e3cd (9c0ff67f)]&amp#27;[0m Proxying [GET /session/9c0ff67f-6efc-443b-a62f-dce2bca5d56b/element/00000000-0000-0042-0000-00f500000004/text] to [GET http://127.0.0.1:8200/session/2fea60ff-cc1e-449a-891a-56c913714252/element/00000000-0000-0042-0000-00f500000004/text] with no body
&amp#27;[38;5;32m[AndroidUiautomator2Driver@e3cd (9c0ff67f)]&amp#27;[0m Got response with status 200: {"sessionId":"2fea60ff-cc1e-449a-891a-56c913714252","value":"10 Â°C"}
&amp#27;[38;5;32m[AndroidUiautomator2Driver@e3cd (9c0ff67f)]&amp#27;[0m Replacing sessionId 2fea60ff-cc1e-449a-891a-56c913714252 with 9c0ff67f-6efc-443b-a62f-dce2bca5d56b
&amp#27;[38;5;0m[HTTP]&amp#27;[0m &amp#27;[37m<-- GET /session/9c0ff67f-6efc-443b-a62f-dce2bca5d56b/element/00000000-0000-0042-0000-00f500000004/text &amp#27;[39m&amp#27;[32m200&amp#27;[39m &amp#27;[90m8 ms - 69&amp#27;[39m
&amp#27;[38;5;0m[HTTP]&amp#27;[0m &amp#27;[90m&amp#27;[39m
&amp#27;[38;5;0m[HTTP]&amp#27;[0m &amp#27;[37m-->&amp#27;[39m &amp#27;[37mGET&amp#27;[39m &amp#27;[37m/session/9c0ff67f-6efc-443b-a62f-dce2bca5d56b/element/00000000-0000-0042-0000-00f700000004/text&amp#27;[39m
&amp#27;[38;5;0m[HTTP]&amp#27;[0m &amp#27;[90m{}&amp#27;[39m
&amp#27;[38;5;32m[AndroidUiautomator2Driver@e3cd (9c0ff67f)]&amp#27;[0m Driver proxy active, passing request on via HTTP proxy
&amp#27;[38;5;32m[AndroidUiautomator2Driver@e3cd (9c0ff67f)]&amp#27;[0m Matched '/session/9c0ff67f-6efc-443b-a62f-dce2bca5d56b/element/00000000-0000-0042-0000-00f700000004/text' to command name 'getText'
&amp#27;[38;5;32m[AndroidUiautomator2Driver@e3cd (9c0ff67f)]&amp#27;[0m Proxying [GET /session/9c0ff67f-6efc-443b-a62f-dce2bca5d56b/element/00000000-0000-0042-0000-00f700000004/text] to [GET http://127.0.0.1:8200/session/2fea60ff-cc1e-449a-891a-56c913714252/element/00000000-0000-0042-0000-00f700000004/text] with no body
&amp#27;[38;5;32m[AndroidUiautomator2Driver@e3cd (9c0ff67f)]&amp#27;[0m Got response with status 200: {"sessionId":"2fea60ff-cc1e-449a-891a-56c913714252","value":"15:00"}
&amp#27;[38;5;32m[AndroidUiautomator2Driver@e3cd (9c0ff67f)]&amp#27;[0m Replacing sessionId 2fea60ff-cc1e-449a-891a-56c913714252 with 9c0ff67f-6efc-443b-a62f-dce2bca5d56b
&amp#27;[38;5;0m[HTTP]&amp#27;[0m &amp#27;[37m<-- GET /session/9c0ff67f-6efc-443b-a62f-dce2bca5d56b/element/00000000-0000-0042-0000-00f700000004/text &amp#27;[39m&amp#27;[32m200&amp#27;[39m &amp#27;[90m8 ms - 68&amp#27;[39m
&amp#27;[38;5;0m[HTTP]&amp#27;[0m &amp#27;[90m&amp#27;[39m
&amp#27;[38;5;0m[HTTP]&amp#27;[0m &amp#27;[37m-->&amp#27;[39m &amp#27;[37mGET&amp#27;[39m &amp#27;[37m/session/9c0ff67f-6efc-443b-a62f-dce2bca5d56b/element/00000000-0000-0042-0000-00f900000004/text&amp#27;[39m
&amp#27;[38;5;0m[HTTP]&amp#27;[0m &amp#27;[90m{}&amp#27;[39m
&amp#27;[38;5;32m[AndroidUiautomator2Driver@e3cd (9c0ff67f)]&amp#27;[0m Driver proxy active, passing request on via HTTP proxy
&amp#27;[38;5;32m[AndroidUiautomator2Driver@e3cd (9c0ff67f)]&amp#27;[0m Matched '/session/9c0ff67f-6efc-443b-a62f-dce2bca5d56b/element/00000000-0000-0042-0000-00f900000004/text' to command name 'getText'
&amp#27;[38;5;32m[AndroidUiautomator2Driver@e3cd (9c0ff67f)]&amp#27;[0m Proxying [GET /session/9c0ff67f-6efc-443b-a62f-dce2bca5d56b/element/00000000-0000-0042-0000-00f900000004/text] to [GET http://127.0.0.1:8200/session/2fea60ff-cc1e-449a-891a-56c913714252/element/00000000-0000-0042-0000-00f900000004/text] with no body
&amp#27;[38;5;32m[AndroidUiautomator2Driver@e3cd (9c0ff67f)]&amp#27;[0m Got response with status 200: {"sessionId":"2fea60ff-cc1e-449a-891a-56c913714252","value":"scattered clouds"}
&amp#27;[38;5;32m[AndroidUiautomator2Driver@e3cd (9c0ff67f)]&amp#27;[0m Replacing sessionId 2fea60ff-cc1e-449a-891a-56c913714252 with 9c0ff67f-6efc-443b-a62f-dce2bca5d56b
&amp#27;[38;5;0m[HTTP]&amp#27;[0m &amp#27;[37m<-- GET /session/9c0ff67f-6efc-443b-a62f-dce2bca5d56b/element/00000000-0000-0042-0000-00f900000004/text &amp#27;[39m&amp#27;[32m200&amp#27;[39m &amp#27;[90m8 ms - 79&amp#27;[39m
&amp#27;[38;5;0m[HTTP]&amp#27;[0m &amp#27;[90m&amp#27;[39m
&amp#27;[38;5;0m[HTTP]&amp#27;[0m &amp#27;[37m-->&amp#27;[39m &amp#27;[37mGET&amp#27;[39m &amp#27;[37m/session/9c0ff67f-6efc-443b-a62f-dce2bca5d56b/element/00000000-0000-0042-0000-00fb00000004/text&amp#27;[39m
&amp#27;[38;5;0m[HTTP]&amp#27;[0m &amp#27;[90m{}&amp#27;[39m
&amp#27;[38;5;32m[AndroidUiautomator2Driver@e3cd (9c0ff67f)]&amp#27;[0m Driver proxy active, passing request on via HTTP proxy
&amp#27;[38;5;32m[AndroidUiautomator2Driver@e3cd (9c0ff67f)]&amp#27;[0m Matched '/session/9c0ff67f-6efc-443b-a62f-dce2bca5d56b/element/00000000-0000-0042-0000-00fb00000004/text' to command name 'getText'
&amp#27;[38;5;32m[AndroidUiautomator2Driver@e3cd (9c0ff67f)]&amp#27;[0m Proxying [GET /session/9c0ff67f-6efc-443b-a62f-dce2bca5d56b/element/00000000-0000-0042-0000-00fb00000004/text] to [GET http://127.0.0.1:8200/session/2fea60ff-cc1e-449a-891a-56c913714252/element/00000000-0000-0042-0000-00fb00000004/text] with no body
&amp#27;[38;5;32m[AndroidUiautomator2Driver@e3cd (9c0ff67f)]&amp#27;[0m Got response with status 200: {"sessionId":"2fea60ff-cc1e-449a-891a-56c913714252","value":"85 %"}
&amp#27;[38;5;32m[AndroidUiautomator2Driver@e3cd (9c0ff67f)]&amp#27;[0m Replacing sessionId 2fea60ff-cc1e-449a-891a-56c913714252 with 9c0ff67f-6efc-443b-a62f-dce2bca5d56b
&amp#27;[38;5;0m[HTTP]&amp#27;[0m &amp#27;[37m<-- GET /session/9c0ff67f-6efc-443b-a62f-dce2bca5d56b/element/00000000-0000-0042-0000-00fb00000004/text &amp#27;[39m&amp#27;[32m200&amp#27;[39m &amp#27;[90m9 ms - 67&amp#27;[39m
&amp#27;[38;5;0m[HTTP]&amp#27;[0m &amp#27;[90m&amp#27;[39m
&amp#27;[38;5;0m[HTTP]&amp#27;[0m &amp#27;[37m-->&amp#27;[39m &amp#27;[37mGET&amp#27;[39m &amp#27;[37m/session/9c0ff67f-6efc-443b-a62f-dce2bca5d56b/element/00000000-0000-0042-0000-00fd00000004/text&amp#27;[39m
&amp#27;[38;5;0m[HTTP]&amp#27;[0m &amp#27;[90m{}&amp#27;[39m
&amp#27;[38;5;32m[AndroidUiautomator2Driver@e3cd (9c0ff67f)]&amp#27;[0m Driver proxy active, passing request on via HTTP proxy
&amp#27;[38;5;32m[AndroidUiautomator2Driver@e3cd (9c0ff67f)]&amp#27;[0m Matched '/session/9c0ff67f-6efc-443b-a62f-dce2bca5d56b/element/00000000-0000-0042-0000-00fd00000004/text' to command name 'getText'
&amp#27;[38;5;32m[AndroidUiautomator2Driver@e3cd (9c0ff67f)]&amp#27;[0m Proxying [GET /session/9c0ff67f-6efc-443b-a62f-dce2bca5d56b/element/00000000-0000-0042-0000-00fd00000004/text] to [GET http://127.0.0.1:8200/session/2fea60ff-cc1e-449a-891a-56c913714252/element/00000000-0000-0042-0000-00fd00000004/text] with no body
&amp#27;[38;5;32m[AndroidUiautomator2Driver@e3cd (9c0ff67f)]&amp#27;[0m Got response with status 200: {"sessionId":"2fea60ff-cc1e-449a-891a-56c913714252","value":"10 Â°C"}
&amp#27;[38;5;32m[AndroidUiautomator2Driver@e3cd (9c0ff67f)]&amp#27;[0m Replacing sessionId 2fea60ff-cc1e-449a-891a-56c913714252 with 9c0ff67f-6efc-443b-a62f-dce2bca5d56b
&amp#27;[38;5;0m[HTTP]&amp#27;[0m &amp#27;[37m<-- GET /session/9c0ff67f-6efc-443b-a62f-dce2bca5d56b/element/00000000-0000-0042-0000-00fd00000004/text &amp#27;[39m&amp#27;[32m200&amp#27;[39m &amp#27;[90m9 ms - 69&amp#27;[39m
&amp#27;[38;5;0m[HTTP]&amp#27;[0m &amp#27;[90m&amp#27;[39m
&amp#27;[38;5;0m[HTTP]&amp#27;[0m &amp#27;[37m-->&amp#27;[39m &amp#27;[37mGET&amp#27;[39m &amp#27;[37m/session/9c0ff67f-6efc-443b-a62f-dce2bca5d56b/element/00000000-0000-0042-0000-00ff00000004/text&amp#27;[39m
&amp#27;[38;5;0m[HTTP]&amp#27;[0m &amp#27;[90m{}&amp#27;[39m
&amp#27;[38;5;32m[AndroidUiautomator2Driver@e3cd (9c0ff67f)]&amp#27;[0m Driver proxy active, passing request on via HTTP proxy
&amp#27;[38;5;32m[AndroidUiautomator2Driver@e3cd (9c0ff67f)]&amp#27;[0m Matched '/session/9c0ff67f-6efc-443b-a62f-dce2bca5d56b/element/00000000-0000-0042-0000-00ff00000004/text' to command name 'getText'
&amp#27;[38;5;32m[AndroidUiautomator2Driver@e3cd (9c0ff67f)]&amp#27;[0m Proxying [GET /session/9c0ff67f-6efc-443b-a62f-dce2bca5d56b/element/00000000-0000-0042-0000-00ff00000004/text] to [GET http://127.0.0.1:8200/session/2fea60ff-cc1e-449a-891a-56c913714252/element/00000000-0000-0042-0000-00ff00000004/text] with no body
&amp#27;[38;5;32m[AndroidUiautomator2Driver@e3cd (9c0ff67f)]&amp#27;[0m Got response with status 200: {"sessionId":"2fea60ff-cc1e-449a-891a-56c913714252","value":"16:00"}
&amp#27;[38;5;32m[AndroidUiautomator2Driver@e3cd (9c0ff67f)]&amp#27;[0m Replacing sessionId 2fea60ff-cc1e-449a-891a-56c913714252 with 9c0ff67f-6efc-443b-a62f-dce2bca5d56b
&amp#27;[38;5;0m[HTTP]&amp#27;[0m &amp#27;[37m<-- GET /session/9c0ff67f-6efc-443b-a62f-dce2bca5d56b/element/00000000-0000-0042-0000-00ff00000004/text &amp#27;[39m&amp#27;[32m200&amp#27;[39m &amp#27;[90m9 ms - 68&amp#27;[39m
&amp#27;[38;5;0m[HTTP]&amp#27;[0m &amp#27;[90m&amp#27;[39m
&amp#27;[38;5;0m[HTTP]&amp#27;[0m &amp#27;[37m-->&amp#27;[39m &amp#27;[37mGET&amp#27;[39m &amp#27;[37m/session/9c0ff67f-6efc-443b-a62f-dce2bca5d56b/element/00000000-0000-0042-0000-010100000004/text&amp#27;[39m
&amp#27;[38;5;0m[HTTP]&amp#27;[0m &amp#27;[90m{}&amp#27;[39m
&amp#27;[38;5;32m[AndroidUiautomator2Driver@e3cd (9c0ff67f)]&amp#27;[0m Driver proxy active, passing request on via HTTP proxy
&amp#27;[38;5;32m[AndroidUiautomator2Driver@e3cd (9c0ff67f)]&amp#27;[0m Matched '/session/9c0ff67f-6efc-443b-a62f-dce2bca5d56b/element/00000000-0000-0042-0000-010100000004/text' to command name 'getText'
&amp#27;[38;5;32m[AndroidUiautomator2Driver@e3cd (9c0ff67f)]&amp#27;[0m Proxying [GET /session/9c0ff67f-6efc-443b-a62f-dce2bca5d56b/element/00000000-0000-0042-0000-010100000004/text] to [GET http://127.0.0.1:8200/session/2fea60ff-cc1e-449a-891a-56c913714252/element/00000000-0000-0042-0000-010100000004/text] with no body
&amp#27;[38;5;32m[AndroidUiautomator2Driver@e3cd (9c0ff67f)]&amp#27;[0m Got response with status 200: {"sessionId":"2fea60ff-cc1e-449a-891a-56c913714252","value":"scattered clouds"}
&amp#27;[38;5;32m[AndroidUiautomator2Driver@e3cd (9c0ff67f)]&amp#27;[0m Replacing sessionId 2fea60ff-cc1e-449a-891a-56c913714252 with 9c0ff67f-6efc-443b-a62f-dce2bca5d56b
&amp#27;[38;5;0m[HTTP]&amp#27;[0m &amp#27;[37m<-- GET /session/9c0ff67f-6efc-443b-a62f-dce2bca5d56b/element/00000000-0000-0042-0000-010100000004/text &amp#27;[39m&amp#27;[32m200&amp#27;[39m &amp#27;[90m9 ms - 79&amp#27;[39m
&amp#27;[38;5;0m[HTTP]&amp#27;[0m &amp#27;[90m&amp#27;[39m
&amp#27;[38;5;0m[HTTP]&amp#27;[0m &amp#27;[37m-->&amp#27;[39m &amp#27;[37mGET&amp#27;[39m &amp#27;[37m/session/9c0ff67f-6efc-443b-a62f-dce2bca5d56b/element/00000000-0000-0042-0000-010300000004/text&amp#27;[39m
&amp#27;[38;5;0m[HTTP]&amp#27;[0m &amp#27;[90m{}&amp#27;[39m
&amp#27;[38;5;32m[AndroidUiautomator2Driver@e3cd (9c0ff67f)]&amp#27;[0m Driver proxy active, passing request on via HTTP proxy
&amp#27;[38;5;32m[AndroidUiautomator2Driver@e3cd (9c0ff67f)]&amp#27;[0m Matched '/session/9c0ff67f-6efc-443b-a62f-dce2bca5d56b/element/00000000-0000-0042-0000-010300000004/text' to command name 'getText'
&amp#27;[38;5;32m[AndroidUiautomator2Driver@e3cd (9c0ff67f)]&amp#27;[0m Proxying [GET /session/9c0ff67f-6efc-443b-a62f-dce2bca5d56b/element/00000000-0000-0042-0000-010300000004/text] to [GET http://127.0.0.1:8200/session/2fea60ff-cc1e-449a-891a-56c913714252/element/00000000-0000-0042-0000-010300000004/text] with no body
&amp#27;[38;5;32m[AndroidUiautomator2Driver@e3cd (9c0ff67f)]&amp#27;[0m Got response with status 200: {"sessionId":"2fea60ff-cc1e-449a-891a-56c913714252","value":"85 %"}
&amp#27;[38;5;32m[AndroidUiautomator2Driver@e3cd (9c0ff67f)]&amp#27;[0m Replacing sessionId 2fea60ff-cc1e-449a-891a-56c913714252 with 9c0ff67f-6efc-443b-a62f-dce2bca5d56b
&amp#27;[38;5;0m[HTTP]&amp#27;[0m &amp#27;[37m<-- GET /session/9c0ff67f-6efc-443b-a62f-dce2bca5d56b/element/00000000-0000-0042-0000-010300000004/text &amp#27;[39m&amp#27;[32m200&amp#27;[39m &amp#27;[90m9 ms - 67&amp#27;[39m
&amp#27;[38;5;0m[HTTP]&amp#27;[0m &amp#27;[90m&amp#27;[39m
&amp#27;[38;5;0m[HTTP]&amp#27;[0m &amp#27;[37m-->&amp#27;[39m &amp#27;[37mGET&amp#27;[39m &amp#27;[37m/session/9c0ff67f-6efc-443b-a62f-dce2bca5d56b/element/00000000-0000-0042-0000-010500000004/text&amp#27;[39m
&amp#27;[38;5;0m[HTTP]&amp#27;[0m &amp#27;[90m{}&amp#27;[39m
&amp#27;[38;5;32m[AndroidUiautomator2Driver@e3cd (9c0ff67f)]&amp#27;[0m Driver proxy active, passing request on via HTTP proxy
&amp#27;[38;5;32m[AndroidUiautomator2Driver@e3cd (9c0ff67f)]&amp#27;[0m Matched '/session/9c0ff67f-6efc-443b-a62f-dce2bca5d56b/element/00000000-0000-0042-0000-010500000004/text' to command name 'getText'
&amp#27;[38;5;32m[AndroidUiautomator2Driver@e3cd (9c0ff67f)]&amp#27;[0m Proxying [GET /session/9c0ff67f-6efc-443b-a62f-dce2bca5d56b/element/00000000-0000-0042-0000-010500000004/text] to [GET http://127.0.0.1:8200/session/2fea60ff-cc1e-449a-891a-56c913714252/element/00000000-0000-0042-0000-010500000004/text] with no body
&amp#27;[38;5;32m[AndroidUiautomator2Driver@e3cd (9c0ff67f)]&amp#27;[0m Got response with status 200: {"sessionId":"2fea60ff-cc1e-449a-891a-56c913714252","value":"10 Â°C"}
&amp#27;[38;5;32m[AndroidUiautomator2Driver@e3cd (9c0ff67f)]&amp#27;[0m Replacing sessionId 2fea60ff-cc1e-449a-891a-56c913714252 with 9c0ff67f-6efc-443b-a62f-dce2bca5d56b
&amp#27;[38;5;0m[HTTP]&amp#27;[0m &amp#27;[37m<-- GET /session/9c0ff67f-6efc-443b-a62f-dce2bca5d56b/element/00000000-0000-0042-0000-010500000004/text &amp#27;[39m&amp#27;[32m200&amp#27;[39m &amp#27;[90m9 ms - 69&amp#27;[39m
&amp#27;[38;5;0m[HTTP]&amp#27;[0m &amp#27;[90m&amp#27;[39m
&amp#27;[38;5;0m[HTTP]&amp#27;[0m &amp#27;[37m-->&amp#27;[39m &amp#27;[37mGET&amp#27;[39m &amp#27;[37m/session/9c0ff67f-6efc-443b-a62f-dce2bca5d56b/element/00000000-0000-0042-0000-010700000004/text&amp#27;[39m
&amp#27;[38;5;0m[HTTP]&amp#27;[0m &amp#27;[90m{}&amp#27;[39m
&amp#27;[38;5;32m[AndroidUiautomator2Driver@e3cd (9c0ff67f)]&amp#27;[0m Driver proxy active, passing request on via HTTP proxy
&amp#27;[38;5;32m[AndroidUiautomator2Driver@e3cd (9c0ff67f)]&amp#27;[0m Matched '/session/9c0ff67f-6efc-443b-a62f-dce2bca5d56b/element/00000000-0000-0042-0000-010700000004/text' to command name 'getText'
&amp#27;[38;5;32m[AndroidUiautomator2Driver@e3cd (9c0ff67f)]&amp#27;[0m Proxying [GET /session/9c0ff67f-6efc-443b-a62f-dce2bca5d56b/element/00000000-0000-0042-0000-010700000004/text] to [GET http://127.0.0.1:8200/session/2fea60ff-cc1e-449a-891a-56c913714252/element/00000000-0000-0042-0000-010700000004/text] with no body
&amp#27;[38;5;32m[AndroidUiautomator2Driver@e3cd (9c0ff67f)]&amp#27;[0m Got response with status 200: {"sessionId":"2fea60ff-cc1e-449a-891a-56c913714252","value":"17:00"}
&amp#27;[38;5;32m[AndroidUiautomator2Driver@e3cd (9c0ff67f)]&amp#27;[0m Replacing sessionId 2fea60ff-cc1e-449a-891a-56c913714252 with 9c0ff67f-6efc-443b-a62f-dce2bca5d56b
&amp#27;[38;5;0m[HTTP]&amp#27;[0m &amp#27;[37m<-- GET /session/9c0ff67f-6efc-443b-a62f-dce2bca5d56b/element/00000000-0000-0042-0000-010700000004/text &amp#27;[39m&amp#27;[32m200&amp#27;[39m &amp#27;[90m9 ms - 68&amp#27;[39m
&amp#27;[38;5;0m[HTTP]&amp#27;[0m &amp#27;[90m&amp#27;[39m
&amp#27;[38;5;0m[HTTP]&amp#27;[0m &amp#27;[37m-->&amp#27;[39m &amp#27;[37mGET&amp#27;[39m &amp#27;[37m/session/9c0ff67f-6efc-443b-a62f-dce2bca5d56b/element/00000000-0000-0042-0000-010900000004/text&amp#27;[39m
&amp#27;[38;5;0m[HTTP]&amp#27;[0m &amp#27;[90m{}&amp#27;[39m
&amp#27;[38;5;32m[AndroidUiautomator2Driver@e3cd (9c0ff67f)]&amp#27;[0m Driver proxy active, passing request on via HTTP proxy
&amp#27;[38;5;32m[AndroidUiautomator2Driver@e3cd (9c0ff67f)]&amp#27;[0m Matched '/session/9c0ff67f-6efc-443b-a62f-dce2bca5d56b/element/00000000-0000-0042-0000-010900000004/text' to command name 'getText'
&amp#27;[38;5;32m[AndroidUiautomator2Driver@e3cd (9c0ff67f)]&amp#27;[0m Proxying [GET /session/9c0ff67f-6efc-443b-a62f-dce2bca5d56b/element/00000000-0000-0042-0000-010900000004/text] to [GET http://127.0.0.1:8200/session/2fea60ff-cc1e-449a-891a-56c913714252/element/00000000-0000-0042-0000-010900000004/text] with no body
&amp#27;[38;5;32m[AndroidUiautomator2Driver@e3cd (9c0ff67f)]&amp#27;[0m Got response with status 200: {"sessionId":"2fea60ff-cc1e-449a-891a-56c913714252","value":"scattered clouds"}
&amp#27;[38;5;32m[AndroidUiautomator2Driver@e3cd (9c0ff67f)]&amp#27;[0m Replacing sessionId 2fea60ff-cc1e-449a-891a-56c913714252 with 9c0ff67f-6efc-443b-a62f-dce2bca5d56b
&amp#27;[38;5;0m[HTTP]&amp#27;[0m &amp#27;[37m<-- GET /session/9c0ff67f-6efc-443b-a62f-dce2bca5d56b/element/00000000-0000-0042-0000-010900000004/text &amp#27;[39m&amp#27;[32m200&amp#27;[39m &amp#27;[90m9 ms - 79&amp#27;[39m
&amp#27;[38;5;0m[HTTP]&amp#27;[0m &amp#27;[90m&amp#27;[39m
&amp#27;[38;5;0m[HTTP]&amp#27;[0m &amp#27;[37m-->&amp#27;[39m &amp#27;[37mGET&amp#27;[39m &amp#27;[37m/session/9c0ff67f-6efc-443b-a62f-dce2bca5d56b/element/00000000-0000-0042-0000-010b00000004/text&amp#27;[39m
&amp#27;[38;5;0m[HTTP]&amp#27;[0m &amp#27;[90m{}&amp#27;[39m
&amp#27;[38;5;32m[AndroidUiautomator2Driver@e3cd (9c0ff67f)]&amp#27;[0m Driver proxy active, passing request on via HTTP proxy
&amp#27;[38;5;32m[AndroidUiautomator2Driver@e3cd (9c0ff67f)]&amp#27;[0m Matched '/session/9c0ff67f-6efc-443b-a62f-dce2bca5d56b/element/00000000-0000-0042-0000-010b00000004/text' to command name 'getText'
&amp#27;[38;5;32m[AndroidUiautomator2Driver@e3cd (9c0ff67f)]&amp#27;[0m Proxying [GET /session/9c0ff67f-6efc-443b-a62f-dce2bca5d56b/element/00000000-0000-0042-0000-010b00000004/text] to [GET http://127.0.0.1:8200/session/2fea60ff-cc1e-449a-891a-56c913714252/element/00000000-0000-0042-0000-010b00000004/text] with no body
&amp#27;[38;5;32m[AndroidUiautomator2Driver@e3cd (9c0ff67f)]&amp#27;[0m Got response with status 200: {"sessionId":"2fea60ff-cc1e-449a-891a-56c913714252","value":"86 %"}
&amp#27;[38;5;32m[AndroidUiautomator2Driver@e3cd (9c0ff67f)]&amp#27;[0m Replacing sessionId 2fea60ff-cc1e-449a-891a-56c913714252 with 9c0ff67f-6efc-443b-a62f-dce2bca5d56b
&amp#27;[38;5;0m[HTTP]&amp#27;[0m &amp#27;[37m<-- GET /session/9c0ff67f-6efc-443b-a62f-dce2bca5d56b/element/00000000-0000-0042-0000-010b00000004/text &amp#27;[39m&amp#27;[32m200&amp#27;[39m &amp#27;[90m9 ms - 67&amp#27;[39m
&amp#27;[38;5;0m[HTTP]&amp#27;[0m &amp#27;[90m&amp#27;[39m
&amp#27;[38;5;0m[HTTP]&amp#27;[0m &amp#27;[37m-->&amp#27;[39m &amp#27;[37mGET&amp#27;[39m &amp#27;[37m/session/9c0ff67f-6efc-443b-a62f-dce2bca5d56b/element/00000000-0000-0042-0000-010d00000004/text&amp#27;[39m
&amp#27;[38;5;0m[HTTP]&amp#27;[0m &amp#27;[90m{}&amp#27;[39m
&amp#27;[38;5;32m[AndroidUiautomator2Driver@e3cd (9c0ff67f)]&amp#27;[0m Driver proxy active, passing request on via HTTP proxy
&amp#27;[38;5;32m[AndroidUiautomator2Driver@e3cd (9c0ff67f)]&amp#27;[0m Matched '/session/9c0ff67f-6efc-443b-a62f-dce2bca5d56b/element/00000000-0000-0042-0000-010d00000004/text' to command name 'getText'
&amp#27;[38;5;32m[AndroidUiautomator2Driver@e3cd (9c0ff67f)]&amp#27;[0m Proxying [GET /session/9c0ff67f-6efc-443b-a62f-dce2bca5d56b/element/00000000-0000-0042-0000-010d00000004/text] to [GET http://127.0.0.1:8200/session/2fea60ff-cc1e-449a-891a-56c913714252/element/00000000-0000-0042-0000-010d00000004/text] with no body
&amp#27;[38;5;32m[AndroidUiautomator2Driver@e3cd (9c0ff67f)]&amp#27;[0m Got response with status 200: {"sessionId":"2fea60ff-cc1e-449a-891a-56c913714252","value":"9 Â°C"}
&amp#27;[38;5;32m[AndroidUiautomator2Driver@e3cd (9c0ff67f)]&amp#27;[0m Replacing sessionId 2fea60ff-cc1e-449a-891a-56c913714252 with 9c0ff67f-6efc-443b-a62f-dce2bca5d56b
&amp#27;[38;5;0m[HTTP]&amp#27;[0m &amp#27;[37m<-- GET /session/9c0ff67f-6efc-443b-a62f-dce2bca5d56b/element/00000000-0000-0042-0000-010d00000004/text &amp#27;[39m&amp#27;[32m200&amp#27;[39m &amp#27;[90m9 ms - 68&amp#27;[39m
&amp#27;[38;5;0m[HTTP]&amp#27;[0m &amp#27;[90m&amp#27;[39m
&amp#27;[38;5;0m[HTTP]&amp#27;[0m &amp#27;[37m-->&amp#27;[39m &amp#27;[37mPOST&amp#27;[39m &amp#27;[37m/session/9c0ff67f-6efc-443b-a62f-dce2bca5d56b/execute/sync&amp#27;[39m
&amp#27;[38;5;0m[HTTP]&amp#27;[0m &amp#27;[90m{"script":"mobile: swipeGesture","args":[{"elementId":"00000000-0000-0042-0000-001d00000004","percent":0.4,"speed":320,"direction":"left"}]}&amp#27;[39m
&amp#27;[38;5;32m[AndroidUiautomator2Driver@e3cd (9c0ff67f)]&amp#27;[0m Calling AppiumDriver.execute() with args: ["mobile: swipeGesture",[{"elementId":"00000000-0000-0042-0000-001d00000004","percent":0.4,"speed":320,"direction":"left"}],"9c0ff67f-6efc-443b-a62f-dce2bca5d56b"]
&amp#27;[38;5;32m[AndroidUiautomator2Driver@e3cd (9c0ff67f)]&amp#27;[0m Executing method 'mobile: swipeGesture'
&amp#27;[38;5;32m[AndroidUiautomator2Driver@e3cd (9c0ff67f)]&amp#27;[0m Proxying [POST /appium/gestures/swipe] to [POST http://127.0.0.1:8200/session/2fea60ff-cc1e-449a-891a-56c913714252/appium/gestures/swipe] with body: {"origin":{"ELEMENT":"00000000-0000-0042-0000-001d00000004","element-6066-11e4-a52e-4f735466cecf":"00000000-0000-0042-0000-001d00000004"},"direction":"left","percent":0.4,"speed":320}
&amp#27;[38;5;32m[AndroidUiautomator2Driver@e3cd (9c0ff67f)]&amp#27;[0m Got response with status 200: {"sessionId":"2fea60ff-cc1e-449a-891a-56c913714252","value":null}
&amp#27;[38;5;32m[AndroidUiautomator2Driver@e3cd (9c0ff67f)]&amp#27;[0m Responding to client with driver.execute() result: null
&amp#27;[38;5;0m[HTTP]&amp#27;[0m &amp#27;[37m<-- POST /session/9c0ff67f-6efc-443b-a62f-dce2bca5d56b/execute/sync &amp#27;[39m&amp#27;[32m200&amp#27;[39m &amp#27;[90m1560 ms - 14&amp#27;[39m
&amp#27;[38;5;0m[HTTP]&amp#27;[0m &amp#27;[90m&amp#27;[39m
&amp#27;[38;5;0m[HTTP]&amp#27;[0m &amp#27;[37m-->&amp#27;[39m &amp#27;[37mPOST&amp#27;[39m &amp#27;[37m/session/9c0ff67f-6efc-443b-a62f-dce2bca5d56b/elements&amp#27;[39m
&amp#27;[38;5;0m[HTTP]&amp#27;[0m &amp#27;[90m{"using":"xpath","value":"//android.widget.HorizontalScrollView"}&amp#27;[39m
&amp#27;[38;5;32m[AndroidUiautomator2Driver@e3cd (9c0ff67f)]&amp#27;[0m Calling AppiumDriver.findElements() with args: ["xpath","//android.widget.HorizontalScrollView","9c0ff67f-6efc-443b-a62f-dce2bca5d56b"]
&amp#27;[38;5;32m[AndroidUiautomator2Driver@e3cd (9c0ff67f)]&amp#27;[0m Valid locator strategies for this request: xpath, id, class name, accessibility id, css selector, -android uiautomator
&amp#27;[38;5;32m[AndroidUiautomator2Driver@e3cd (9c0ff67f)]&amp#27;[0m Waiting up to 0 ms for condition
&amp#27;[38;5;32m[AndroidUiautomator2Driver@e3cd (9c0ff67f)]&amp#27;[0m Matched '/elements' to command name 'findElements'
&amp#27;[38;5;32m[AndroidUiautomator2Driver@e3cd (9c0ff67f)]&amp#27;[0m Proxying [POST /elements] to [POST http://127.0.0.1:8200/session/2fea60ff-cc1e-449a-891a-56c913714252/elements] with body: {"strategy":"xpath","selector":"//android.widget.HorizontalScrollView","context":"","multiple":true}
&amp#27;[38;5;32m[AndroidUiautomator2Driver@e3cd (9c0ff67f)]&amp#27;[0m Got response with status 200: {"sessionId":"2fea60ff-cc1e-449a-891a-56c913714252","value":[{"ELEMENT":"00000000-0000-0042-0000-001d00000004","element-6066-11e4-a52e-4f735466cecf":"00000000-0000-0042-0000-001d00000004"},{"ELEMENT":"00000000-0000-0042-0000-001e00000004","element-6066-11e4-a52e-4f735466cecf":"00000000-0000-0042-0000-001e00000004"}]}
&amp#27;[38;5;32m[AndroidUiautomator2Driver@e3cd (9c0ff67f)]&amp#27;[0m Responding to client with driver.findElements() result: [{"element-6066-11e4-a52e-4f735466cecf":"00000000-0000-0042-0000-001d00000004","ELEMENT":"00000000-0000-0042-0000-001d00000004"},{"element-6066-11e4-a52e-4f735466cecf":"00000000-0000-0042-0000-001e00000004","ELEMENT":"00000000-0000-0042-0000-001e00000004"}]
&amp#27;[38;5;0m[HTTP]&amp#27;[0m &amp#27;[37m<-- POST /session/9c0ff67f-6efc-443b-a62f-dce2bca5d56b/elements &amp#27;[39m&amp#27;[32m200&amp#27;[39m &amp#27;[90m106 ms - 267&amp#27;[39m
&amp#27;[38;5;0m[HTTP]&amp#27;[0m &amp#27;[90m&amp#27;[39m
&amp#27;[38;5;0m[HTTP]&amp#27;[0m &amp#27;[37m-->&amp#27;[39m &amp#27;[37mPOST&amp#27;[39m &amp#27;[37m/session/9c0ff67f-6efc-443b-a62f-dce2bca5d56b/element/00000000-0000-0042-0000-001d00000004/elements&amp#27;[39m
&amp#27;[38;5;0m[HTTP]&amp#27;[0m &amp#27;[90m{"id":"00000000-0000-0042-0000-001d00000004","using":"xpath","value":"//android.view.View"}&amp#27;[39m
&amp#27;[38;5;32m[AndroidUiautomator2Driver@e3cd (9c0ff67f)]&amp#27;[0m Calling AppiumDriver.findElementsFromElement() with args: ["xpath","//android.view.View","00000000-0000-0042-0000-001d00000004","9c0ff67f-6efc-443b-a62f-dce2bca5d56b"]
&amp#27;[38;5;32m[AndroidUiautomator2Driver@e3cd (9c0ff67f)]&amp#27;[0m Valid locator strategies for this request: xpath, id, class name, accessibility id, css selector, -android uiautomator
&amp#27;[38;5;32m[AndroidUiautomator2Driver@e3cd (9c0ff67f)]&amp#27;[0m Waiting up to 0 ms for condition
&amp#27;[38;5;32m[AndroidUiautomator2Driver@e3cd (9c0ff67f)]&amp#27;[0m Matched '/elements' to command name 'findElements'
&amp#27;[38;5;32m[AndroidUiautomator2Driver@e3cd (9c0ff67f)]&amp#27;[0m Proxying [POST /elements] to [POST http://127.0.0.1:8200/session/2fea60ff-cc1e-449a-891a-56c913714252/elements] with body: {"strategy":"xpath","selector":"//android.view.View","context":"00000000-0000-0042-0000-001d00000004","multiple":true}
&amp#27;[38;5;32m[AndroidUiautomator2Driver@e3cd (9c0ff67f)]&amp#27;[0m Got response with status 200: {"sessionId":"2fea60ff-cc1e-449a-891a-56c913714252","value":[{"ELEMENT":"00000000-0000-0042-0000-00f700000004","element-6066-11e4-a52e-4f735466cecf":"00000000-0000-0042-0000-00f700000004"},{"ELEMENT":"00000000-0000-0042-0000-00f900000004","element-6066-11e4-a52e-4f735466cecf":"00000000-0000-0042-0000-00f900000004"},{"ELEMENT":"00000000-0000-0042-0000-00fb00000004","element-6066-11e4-a52e-4f735466cecf":"00000000-0000-0042-0000-00fb00000004"},{"ELEMENT":"00000000-0000-0042-0000-00fd00000004","element-6066-11e4-a52e-4f735466cecf":"00000000-0000-0042-0000-00fd00000004"},{"ELEMENT":"00000000-0000-0042-0000-00ff00000004","element-6066-11e4-a52e-4f735466cecf":"00000000-0000-0042-0000-00ff00000004"},{"ELEMENT":"00000000-0000-0042-0000-010100000004","element-6066-11e4-a52e-4f735466cecf":"00000000-0000-0042-0000-010100000004"},{"ELEMENT":"00000000-0000-0042-0000-010300000004","element-6066-11e4-a52e-4f735466cecf":"00000000-0000-0042-0000-010300000004"},{"ELEMENT":"00000000-0000-0042-0000-010500000004","element-6066-...
&amp#27;[38;5;32m[AndroidUiautomator2Driver@e3cd (9c0ff67f)]&amp#27;[0m Responding to client with driver.findElementsFromElement() result: [{"element-6066-11e4-a52e-4f735466cecf":"00000000-0000-0042-0000-00f700000004","ELEMENT":"00000000-0000-0042-0000-00f700000004"},{"element-6066-11e4-a52e-4f735466cecf":"00000000-0000-0042-0000-00f900000004","ELEMENT":"00000000-0000-0042-0000-00f900000004"},{"element-6066-11e4-a52e-4f735466cecf":"00000000-0000-0042-0000-00fb00000004","ELEMENT":"00000000-0000-0042-0000-00fb00000004"},{"element-6066-11e4-a52e-4f735466cecf":"00000000-0000-0042-0000-00fd00000004","ELEMENT":"00000000-0000-0042-0000-00fd00000004"},{"element-6066-11e4-a52e-4f735466cecf":"00000000-0000-0042-0000-00ff00000004","ELEMENT":"00000000-0000-0042-0000-00ff00000004"},{"element-6066-11e4-a52e-4f735466cecf":"00000000-0000-0042-0000-010100000004","ELEMENT":"00000000-0000-0042-0000-010100000004"},{"element-6066-11e4-a52e-4f735466cecf":"00000000-0000-0042-0000-010300000004","ELEMENT":"00000000-0000-0042-0000-010300000004"},{"element-6066-11e4-a52e-4f735466cecf":"00000000-0000-0042-0000-010500000004","ELEMENT":"00000000-0000-0042-0000-01050000000...
&amp#27;[38;5;0m[HTTP]&amp#27;[0m &amp#27;[37m<-- POST /session/9c0ff67f-6efc-443b-a62f-dce2bca5d56b/element/00000000-0000-0042-0000-001d00000004/elements &amp#27;[39m&amp#27;[32m200&amp#27;[39m &amp#27;[90m46 ms - 2059&amp#27;[39m
&amp#27;[38;5;0m[HTTP]&amp#27;[0m &amp#27;[90m&amp#27;[39m
&amp#27;[38;5;0m[HTTP]&amp#27;[0m &amp#27;[37m-->&amp#27;[39m &amp#27;[37mGET&amp#27;[39m &amp#27;[37m/session/9c0ff67f-6efc-443b-a62f-dce2bca5d56b/element/00000000-0000-0042-0000-00f700000004/text&amp#27;[39m
&amp#27;[38;5;0m[HTTP]&amp#27;[0m &amp#27;[90m{}&amp#27;[39m
&amp#27;[38;5;32m[AndroidUiautomator2Driver@e3cd (9c0ff67f)]&amp#27;[0m Driver proxy active, passing request on via HTTP proxy
&amp#27;[38;5;32m[AndroidUiautomator2Driver@e3cd (9c0ff67f)]&amp#27;[0m Matched '/session/9c0ff67f-6efc-443b-a62f-dce2bca5d56b/element/00000000-0000-0042-0000-00f700000004/text' to command name 'getText'
&amp#27;[38;5;32m[AndroidUiautomator2Driver@e3cd (9c0ff67f)]&amp#27;[0m Proxying [GET /session/9c0ff67f-6efc-443b-a62f-dce2bca5d56b/element/00000000-0000-0042-0000-00f700000004/text] to [GET http://127.0.0.1:8200/session/2fea60ff-cc1e-449a-891a-56c913714252/element/00000000-0000-0042-0000-00f700000004/text] with no body
&amp#27;[38;5;32m[AndroidUiautomator2Driver@e3cd (9c0ff67f)]&amp#27;[0m Got response with status 200: {"sessionId":"2fea60ff-cc1e-449a-891a-56c913714252","value":"15:00"}
&amp#27;[38;5;32m[AndroidUiautomator2Driver@e3cd (9c0ff67f)]&amp#27;[0m Replacing sessionId 2fea60ff-cc1e-449a-891a-56c913714252 with 9c0ff67f-6efc-443b-a62f-dce2bca5d56b
&amp#27;[38;5;0m[HTTP]&amp#27;[0m &amp#27;[37m<-- GET /session/9c0ff67f-6efc-443b-a62f-dce2bca5d56b/element/00000000-0000-0042-0000-00f700000004/text &amp#27;[39m&amp#27;[32m200&amp#27;[39m &amp#27;[90m9 ms - 68&amp#27;[39m
&amp#27;[38;5;0m[HTTP]&amp#27;[0m &amp#27;[90m&amp#27;[39m
&amp#27;[38;5;0m[HTTP]&amp#27;[0m &amp#27;[37m-->&amp#27;[39m &amp#27;[37mGET&amp#27;[39m &amp#27;[37m/session/9c0ff67f-6efc-443b-a62f-dce2bca5d56b/element/00000000-0000-0042-0000-00f900000004/text&amp#27;[39m
&amp#27;[38;5;0m[HTTP]&amp#27;[0m &amp#27;[90m{}&amp#27;[39m
&amp#27;[38;5;32m[AndroidUiautomator2Driver@e3cd (9c0ff67f)]&amp#27;[0m Driver proxy active, passing request on via HTTP proxy
&amp#27;[38;5;32m[AndroidUiautomator2Driver@e3cd (9c0ff67f)]&amp#27;[0m Matched '/session/9c0ff67f-6efc-443b-a62f-dce2bca5d56b/element/00000000-0000-0042-0000-00f900000004/text' to command name 'getText'
&amp#27;[38;5;32m[AndroidUiautomator2Driver@e3cd (9c0ff67f)]&amp#27;[0m Proxying [GET /session/9c0ff67f-6efc-443b-a62f-dce2bca5d56b/element/00000000-0000-0042-0000-00f900000004/text] to [GET http://127.0.0.1:8200/session/2fea60ff-cc1e-449a-891a-56c913714252/element/00000000-0000-0042-0000-00f900000004/text] with no body
&amp#27;[38;5;32m[AndroidUiautomator2Driver@e3cd (9c0ff67f)]&amp#27;[0m Got response with status 200: {"sessionId":"2fea60ff-cc1e-449a-891a-56c913714252","value":"scattered clouds"}
&amp#27;[38;5;32m[AndroidUiautomator2Driver@e3cd (9c0ff67f)]&amp#27;[0m Replacing sessionId 2fea60ff-cc1e-449a-891a-56c913714252 with 9c0ff67f-6efc-443b-a62f-dce2bca5d56b
&amp#27;[38;5;0m[HTTP]&amp#27;[0m &amp#27;[37m<-- GET /session/9c0ff67f-6efc-443b-a62f-dce2bca5d56b/element/00000000-0000-0042-0000-00f900000004/text &amp#27;[39m&amp#27;[32m200&amp#27;[39m &amp#27;[90m8 ms - 79&amp#27;[39m
&amp#27;[38;5;0m[HTTP]&amp#27;[0m &amp#27;[90m&amp#27;[39m
&amp#27;[38;5;0m[HTTP]&amp#27;[0m &amp#27;[37m-->&amp#27;[39m &amp#27;[37mGET&amp#27;[39m &amp#27;[37m/session/9c0ff67f-6efc-443b-a62f-dce2bca5d56b/element/00000000-0000-0042-0000-00fb00000004/text&amp#27;[39m
&amp#27;[38;5;0m[HTTP]&amp#27;[0m &amp#27;[90m{}&amp#27;[39m
&amp#27;[38;5;32m[AndroidUiautomator2Driver@e3cd (9c0ff67f)]&amp#27;[0m Driver proxy active, passing request on via HTTP proxy
&amp#27;[38;5;32m[AndroidUiautomator2Driver@e3cd (9c0ff67f)]&amp#27;[0m Matched '/session/9c0ff67f-6efc-443b-a62f-dce2bca5d56b/element/00000000-0000-0042-0000-00fb00000004/text' to command name 'getText'
&amp#27;[38;5;32m[AndroidUiautomator2Driver@e3cd (9c0ff67f)]&amp#27;[0m Proxying [GET /session/9c0ff67f-6efc-443b-a62f-dce2bca5d56b/element/00000000-0000-0042-0000-00fb00000004/text] to [GET http://127.0.0.1:8200/session/2fea60ff-cc1e-449a-891a-56c913714252/element/00000000-0000-0042-0000-00fb00000004/text] with no body
&amp#27;[38;5;32m[AndroidUiautomator2Driver@e3cd (9c0ff67f)]&amp#27;[0m Got response with status 200: {"sessionId":"2fea60ff-cc1e-449a-891a-56c913714252","value":"85 %"}
&amp#27;[38;5;32m[AndroidUiautomator2Driver@e3cd (9c0ff67f)]&amp#27;[0m Replacing sessionId 2fea60ff-cc1e-449a-891a-56c913714252 with 9c0ff67f-6efc-443b-a62f-dce2bca5d56b
&amp#27;[38;5;0m[HTTP]&amp#27;[0m &amp#27;[37m<-- GET /session/9c0ff67f-6efc-443b-a62f-dce2bca5d56b/element/00000000-0000-0042-0000-00fb00000004/text &amp#27;[39m&amp#27;[32m200&amp#27;[39m &amp#27;[90m8 ms - 67&amp#27;[39m
&amp#27;[38;5;0m[HTTP]&amp#27;[0m &amp#27;[90m&amp#27;[39m
&amp#27;[38;5;0m[HTTP]&amp#27;[0m &amp#27;[37m-->&amp#27;[39m &amp#27;[37mGET&amp#27;[39m &amp#27;[37m/session/9c0ff67f-6efc-443b-a62f-dce2bca5d56b/element/00000000-0000-0042-0000-00fd00000004/text&amp#27;[39m
&amp#27;[38;5;0m[HTTP]&amp#27;[0m &amp#27;[90m{}&amp#27;[39m
&amp#27;[38;5;32m[AndroidUiautomator2Driver@e3cd (9c0ff67f)]&amp#27;[0m Driver proxy active, passing request on via HTTP proxy
&amp#27;[38;5;32m[AndroidUiautomator2Driver@e3cd (9c0ff67f)]&amp#27;[0m Matched '/session/9c0ff67f-6efc-443b-a62f-dce2bca5d56b/element/00000000-0000-0042-0000-00fd00000004/text' to command name 'getText'
&amp#27;[38;5;32m[AndroidUiautomator2Driver@e3cd (9c0ff67f)]&amp#27;[0m Proxying [GET /session/9c0ff67f-6efc-443b-a62f-dce2bca5d56b/element/00000000-0000-0042-0000-00fd00000004/text] to [GET http://127.0.0.1:8200/session/2fea60ff-cc1e-449a-891a-56c913714252/element/00000000-0000-0042-0000-00fd00000004/text] with no body
&amp#27;[38;5;32m[AndroidUiautomator2Driver@e3cd (9c0ff67f)]&amp#27;[0m Got response with status 200: {"sessionId":"2fea60ff-cc1e-449a-891a-56c913714252","value":"10 Â°C"}
&amp#27;[38;5;32m[AndroidUiautomator2Driver@e3cd (9c0ff67f)]&amp#27;[0m Replacing sessionId 2fea60ff-cc1e-449a-891a-56c913714252 with 9c0ff67f-6efc-443b-a62f-dce2bca5d56b
&amp#27;[38;5;0m[HTTP]&amp#27;[0m &amp#27;[37m<-- GET /session/9c0ff67f-6efc-443b-a62f-dce2bca5d56b/element/00000000-0000-0042-0000-00fd00000004/text &amp#27;[39m&amp#27;[32m200&amp#27;[39m &amp#27;[90m8 ms - 69&amp#27;[39m
&amp#27;[38;5;0m[HTTP]&amp#27;[0m &amp#27;[90m&amp#27;[39m
&amp#27;[38;5;0m[HTTP]&amp#27;[0m &amp#27;[37m-->&amp#27;[39m &amp#27;[37mGET&amp#27;[39m &amp#27;[37m/session/9c0ff67f-6efc-443b-a62f-dce2bca5d56b/element/00000000-0000-0042-0000-00ff00000004/text&amp#27;[39m
&amp#27;[38;5;0m[HTTP]&amp#27;[0m &amp#27;[90m{}&amp#27;[39m
&amp#27;[38;5;32m[AndroidUiautomator2Driver@e3cd (9c0ff67f)]&amp#27;[0m Driver proxy active, passing request on via HTTP proxy
&amp#27;[38;5;32m[AndroidUiautomator2Driver@e3cd (9c0ff67f)]&amp#27;[0m Matched '/session/9c0ff67f-6efc-443b-a62f-dce2bca5d56b/element/00000000-0000-0042-0000-00ff00000004/text' to command name 'getText'
&amp#27;[38;5;32m[AndroidUiautomator2Driver@e3cd (9c0ff67f)]&amp#27;[0m Proxying [GET /session/9c0ff67f-6efc-443b-a62f-dce2bca5d56b/element/00000000-0000-0042-0000-00ff00000004/text] to [GET http://127.0.0.1:8200/session/2fea60ff-cc1e-449a-891a-56c913714252/element/00000000-0000-0042-0000-00ff00000004/text] with no body
&amp#27;[38;5;32m[AndroidUiautomator2Driver@e3cd (9c0ff67f)]&amp#27;[0m Got response with status 200: {"sessionId":"2fea60ff-cc1e-449a-891a-56c913714252","value":"16:00"}
&amp#27;[38;5;32m[AndroidUiautomator2Driver@e3cd (9c0ff67f)]&amp#27;[0m Replacing sessionId 2fea60ff-cc1e-449a-891a-56c913714252 with 9c0ff67f-6efc-443b-a62f-dce2bca5d56b
&amp#27;[38;5;0m[HTTP]&amp#27;[0m &amp#27;[37m<-- GET /session/9c0ff67f-6efc-443b-a62f-dce2bca5d56b/element/00000000-0000-0042-0000-00ff00000004/text &amp#27;[39m&amp#27;[32m200&amp#27;[39m &amp#27;[90m8 ms - 68&amp#27;[39m
&amp#27;[38;5;0m[HTTP]&amp#27;[0m &amp#27;[90m&amp#27;[39m
&amp#27;[38;5;0m[HTTP]&amp#27;[0m &amp#27;[37m-->&amp#27;[39m &amp#27;[37mGET&amp#27;[39m &amp#27;[37m/session/9c0ff67f-6efc-443b-a62f-dce2bca5d56b/element/00000000-0000-0042-0000-010100000004/text&amp#27;[39m
&amp#27;[38;5;0m[HTTP]&amp#27;[0m &amp#27;[90m{}&amp#27;[39m
&amp#27;[38;5;32m[AndroidUiautomator2Driver@e3cd (9c0ff67f)]&amp#27;[0m Driver proxy active, passing request on via HTTP proxy
&amp#27;[38;5;32m[AndroidUiautomator2Driver@e3cd (9c0ff67f)]&amp#27;[0m Matched '/session/9c0ff67f-6efc-443b-a62f-dce2bca5d56b/element/00000000-0000-0042-0000-010100000004/text' to command name 'getText'
&amp#27;[38;5;32m[AndroidUiautomator2Driver@e3cd (9c0ff67f)]&amp#27;[0m Proxying [GET /session/9c0ff67f-6efc-443b-a62f-dce2bca5d56b/element/00000000-0000-0042-0000-010100000004/text] to [GET http://127.0.0.1:8200/session/2fea60ff-cc1e-449a-891a-56c913714252/element/00000000-0000-0042-0000-010100000004/text] with no body
&amp#27;[38;5;32m[AndroidUiautomator2Driver@e3cd (9c0ff67f)]&amp#27;[0m Got response with status 200: {"sessionId":"2fea60ff-cc1e-449a-891a-56c913714252","value":"scattered clouds"}
&amp#27;[38;5;32m[AndroidUiautomator2Driver@e3cd (9c0ff67f)]&amp#27;[0m Replacing sessionId 2fea60ff-cc1e-449a-891a-56c913714252 with 9c0ff67f-6efc-443b-a62f-dce2bca5d56b
&amp#27;[38;5;0m[HTTP]&amp#27;[0m &amp#27;[37m<-- GET /session/9c0ff67f-6efc-443b-a62f-dce2bca5d56b/element/00000000-0000-0042-0000-010100000004/text &amp#27;[39m&amp#27;[32m200&amp#27;[39m &amp#27;[90m8 ms - 79&amp#27;[39m
&amp#27;[38;5;0m[HTTP]&amp#27;[0m &amp#27;[90m&amp#27;[39m
&amp#27;[38;5;0m[HTTP]&amp#27;[0m &amp#27;[37m-->&amp#27;[39m &amp#27;[37mGET&amp#27;[39m &amp#27;[37m/session/9c0ff67f-6efc-443b-a62f-dce2bca5d56b/element/00000000-0000-0042-0000-010300000004/text&amp#27;[39m
&amp#27;[38;5;0m[HTTP]&amp#27;[0m &amp#27;[90m{}&amp#27;[39m
&amp#27;[38;5;32m[AndroidUiautomator2Driver@e3cd (9c0ff67f)]&amp#27;[0m Driver proxy active, passing request on via HTTP proxy
&amp#27;[38;5;32m[AndroidUiautomator2Driver@e3cd (9c0ff67f)]&amp#27;[0m Matched '/session/9c0ff67f-6efc-443b-a62f-dce2bca5d56b/element/00000000-0000-0042-0000-010300000004/text' to command name 'getText'
&amp#27;[38;5;32m[AndroidUiautomator2Driver@e3cd (9c0ff67f)]&amp#27;[0m Proxying [GET /session/9c0ff67f-6efc-443b-a62f-dce2bca5d56b/element/00000000-0000-0042-0000-010300000004/text] to [GET http://127.0.0.1:8200/session/2fea60ff-cc1e-449a-891a-56c913714252/element/00000000-0000-0042-0000-010300000004/text] with no body
&amp#27;[38;5;32m[AndroidUiautomator2Driver@e3cd (9c0ff67f)]&amp#27;[0m Got response with status 200: {"sessionId":"2fea60ff-cc1e-449a-891a-56c913714252","value":"85 %"}
&amp#27;[38;5;32m[AndroidUiautomator2Driver@e3cd (9c0ff67f)]&amp#27;[0m Replacing sessionId 2fea60ff-cc1e-449a-891a-56c913714252 with 9c0ff67f-6efc-443b-a62f-dce2bca5d56b
&amp#27;[38;5;0m[HTTP]&amp#27;[0m &amp#27;[37m<-- GET /session/9c0ff67f-6efc-443b-a62f-dce2bca5d56b/element/00000000-0000-0042-0000-010300000004/text &amp#27;[39m&amp#27;[32m200&amp#27;[39m &amp#27;[90m8 ms - 67&amp#27;[39m
&amp#27;[38;5;0m[HTTP]&amp#27;[0m &amp#27;[90m&amp#27;[39m
&amp#27;[38;5;0m[HTTP]&amp#27;[0m &amp#27;[37m-->&amp#27;[39m &amp#27;[37mGET&amp#27;[39m &amp#27;[37m/session/9c0ff67f-6efc-443b-a62f-dce2bca5d56b/element/00000000-0000-0042-0000-010500000004/text&amp#27;[39m
&amp#27;[38;5;0m[HTTP]&amp#27;[0m &amp#27;[90m{}&amp#27;[39m
&amp#27;[38;5;32m[AndroidUiautomator2Driver@e3cd (9c0ff67f)]&amp#27;[0m Driver proxy active, passing request on via HTTP proxy
&amp#27;[38;5;32m[AndroidUiautomator2Driver@e3cd (9c0ff67f)]&amp#27;[0m Matched '/session/9c0ff67f-6efc-443b-a62f-dce2bca5d56b/element/00000000-0000-0042-0000-010500000004/text' to command name 'getText'
&amp#27;[38;5;32m[AndroidUiautomator2Driver@e3cd (9c0ff67f)]&amp#27;[0m Proxying [GET /session/9c0ff67f-6efc-443b-a62f-dce2bca5d56b/element/00000000-0000-0042-0000-010500000004/text] to [GET http://127.0.0.1:8200/session/2fea60ff-cc1e-449a-891a-56c913714252/element/00000000-0000-0042-0000-010500000004/text] with no body
&amp#27;[38;5;32m[AndroidUiautomator2Driver@e3cd (9c0ff67f)]&amp#27;[0m Got response with status 200: {"sessionId":"2fea60ff-cc1e-449a-891a-56c913714252","value":"10 Â°C"}
&amp#27;[38;5;32m[AndroidUiautomator2Driver@e3cd (9c0ff67f)]&amp#27;[0m Replacing sessionId 2fea60ff-cc1e-449a-891a-56c913714252 with 9c0ff67f-6efc-443b-a62f-dce2bca5d56b
&amp#27;[38;5;0m[HTTP]&amp#27;[0m &amp#27;[37m<-- GET /session/9c0ff67f-6efc-443b-a62f-dce2bca5d56b/element/00000000-0000-0042-0000-010500000004/text &amp#27;[39m&amp#27;[32m200&amp#27;[39m &amp#27;[90m8 ms - 69&amp#27;[39m
&amp#27;[38;5;0m[HTTP]&amp#27;[0m &amp#27;[90m&amp#27;[39m
&amp#27;[38;5;0m[HTTP]&amp#27;[0m &amp#27;[37m-->&amp#27;[39m &amp#27;[37mGET&amp#27;[39m &amp#27;[37m/session/9c0ff67f-6efc-443b-a62f-dce2bca5d56b/element/00000000-0000-0042-0000-010700000004/text&amp#27;[39m
&amp#27;[38;5;0m[HTTP]&amp#27;[0m &amp#27;[90m{}&amp#27;[39m
&amp#27;[38;5;32m[AndroidUiautomator2Driver@e3cd (9c0ff67f)]&amp#27;[0m Driver proxy active, passing request on via HTTP proxy
&amp#27;[38;5;32m[AndroidUiautomator2Driver@e3cd (9c0ff67f)]&amp#27;[0m Matched '/session/9c0ff67f-6efc-443b-a62f-dce2bca5d56b/element/00000000-0000-0042-0000-010700000004/text' to command name 'getText'
&amp#27;[38;5;32m[AndroidUiautomator2Driver@e3cd (9c0ff67f)]&amp#27;[0m Proxying [GET /session/9c0ff67f-6efc-443b-a62f-dce2bca5d56b/element/00000000-0000-0042-0000-010700000004/text] to [GET http://127.0.0.1:8200/session/2fea60ff-cc1e-449a-891a-56c913714252/element/00000000-0000-0042-0000-010700000004/text] with no body
&amp#27;[38;5;32m[AndroidUiautomator2Driver@e3cd (9c0ff67f)]&amp#27;[0m Got response with status 200: {"sessionId":"2fea60ff-cc1e-449a-891a-56c913714252","value":"17:00"}
&amp#27;[38;5;32m[AndroidUiautomator2Driver@e3cd (9c0ff67f)]&amp#27;[0m Replacing sessionId 2fea60ff-cc1e-449a-891a-56c913714252 with 9c0ff67f-6efc-443b-a62f-dce2bca5d56b
&amp#27;[38;5;0m[HTTP]&amp#27;[0m &amp#27;[37m<-- GET /session/9c0ff67f-6efc-443b-a62f-dce2bca5d56b/element/00000000-0000-0042-0000-010700000004/text &amp#27;[39m&amp#27;[32m200&amp#27;[39m &amp#27;[90m8 ms - 68&amp#27;[39m
&amp#27;[38;5;0m[HTTP]&amp#27;[0m &amp#27;[90m&amp#27;[39m
&amp#27;[38;5;0m[HTTP]&amp#27;[0m &amp#27;[37m-->&amp#27;[39m &amp#27;[37mGET&amp#27;[39m &amp#27;[37m/session/9c0ff67f-6efc-443b-a62f-dce2bca5d56b/element/00000000-0000-0042-0000-010900000004/text&amp#27;[39m
&amp#27;[38;5;0m[HTTP]&amp#27;[0m &amp#27;[90m{}&amp#27;[39m
&amp#27;[38;5;32m[AndroidUiautomator2Driver@e3cd (9c0ff67f)]&amp#27;[0m Driver proxy active, passing request on via HTTP proxy
&amp#27;[38;5;32m[AndroidUiautomator2Driver@e3cd (9c0ff67f)]&amp#27;[0m Matched '/session/9c0ff67f-6efc-443b-a62f-dce2bca5d56b/element/00000000-0000-0042-0000-010900000004/text' to command name 'getText'
&amp#27;[38;5;32m[AndroidUiautomator2Driver@e3cd (9c0ff67f)]&amp#27;[0m Proxying [GET /session/9c0ff67f-6efc-443b-a62f-dce2bca5d56b/element/00000000-0000-0042-0000-010900000004/text] to [GET http://127.0.0.1:8200/session/2fea60ff-cc1e-449a-891a-56c913714252/element/00000000-0000-0042-0000-010900000004/text] with no body
&amp#27;[38;5;32m[AndroidUiautomator2Driver@e3cd (9c0ff67f)]&amp#27;[0m Got response with status 200: {"sessionId":"2fea60ff-cc1e-449a-891a-56c913714252","value":"scattered clouds"}
&amp#27;[38;5;32m[AndroidUiautomator2Driver@e3cd (9c0ff67f)]&amp#27;[0m Replacing sessionId 2fea60ff-cc1e-449a-891a-56c913714252 with 9c0ff67f-6efc-443b-a62f-dce2bca5d56b
&amp#27;[38;5;0m[HTTP]&amp#27;[0m &amp#27;[37m<-- GET /session/9c0ff67f-6efc-443b-a62f-dce2bca5d56b/element/00000000-0000-0042-0000-010900000004/text &amp#27;[39m&amp#27;[32m200&amp#27;[39m &amp#27;[90m8 ms - 79&amp#27;[39m
&amp#27;[38;5;0m[HTTP]&amp#27;[0m &amp#27;[90m&amp#27;[39m
&amp#27;[38;5;0m[HTTP]&amp#27;[0m &amp#27;[37m-->&amp#27;[39m &amp#27;[37mGET&amp#27;[39m &amp#27;[37m/session/9c0ff67f-6efc-443b-a62f-dce2bca5d56b/element/00000000-0000-0042-0000-010b00000004/text&amp#27;[39m
&amp#27;[38;5;0m[HTTP]&amp#27;[0m &amp#27;[90m{}&amp#27;[39m
&amp#27;[38;5;32m[AndroidUiautomator2Driver@e3cd (9c0ff67f)]&amp#27;[0m Driver proxy active, passing request on via HTTP proxy
&amp#27;[38;5;32m[AndroidUiautomator2Driver@e3cd (9c0ff67f)]&amp#27;[0m Matched '/session/9c0ff67f-6efc-443b-a62f-dce2bca5d56b/element/00000000-0000-0042-0000-010b00000004/text' to command name 'getText'
&amp#27;[38;5;32m[AndroidUiautomator2Driver@e3cd (9c0ff67f)]&amp#27;[0m Proxying [GET /session/9c0ff67f-6efc-443b-a62f-dce2bca5d56b/element/00000000-0000-0042-0000-010b00000004/text] to [GET http://127.0.0.1:8200/session/2fea60ff-cc1e-449a-891a-56c913714252/element/00000000-0000-0042-0000-010b00000004/text] with no body
&amp#27;[38;5;32m[AndroidUiautomator2Driver@e3cd (9c0ff67f)]&amp#27;[0m Got response with status 200: {"sessionId":"2fea60ff-cc1e-449a-891a-56c913714252","value":"86 %"}
&amp#27;[38;5;32m[AndroidUiautomator2Driver@e3cd (9c0ff67f)]&amp#27;[0m Replacing sessionId 2fea60ff-cc1e-449a-891a-56c913714252 with 9c0ff67f-6efc-443b-a62f-dce2bca5d56b
&amp#27;[38;5;0m[HTTP]&amp#27;[0m &amp#27;[37m<-- GET /session/9c0ff67f-6efc-443b-a62f-dce2bca5d56b/element/00000000-0000-0042-0000-010b00000004/text &amp#27;[39m&amp#27;[32m200&amp#27;[39m &amp#27;[90m8 ms - 67&amp#27;[39m
&amp#27;[38;5;0m[HTTP]&amp#27;[0m &amp#27;[90m&amp#27;[39m
&amp#27;[38;5;0m[HTTP]&amp#27;[0m &amp#27;[37m-->&amp#27;[39m &amp#27;[37mGET&amp#27;[39m &amp#27;[37m/session/9c0ff67f-6efc-443b-a62f-dce2bca5d56b/element/00000000-0000-0042-0000-010d00000004/text&amp#27;[39m
&amp#27;[38;5;0m[HTTP]&amp#27;[0m &amp#27;[90m{}&amp#27;[39m
&amp#27;[38;5;32m[AndroidUiautomator2Driver@e3cd (9c0ff67f)]&amp#27;[0m Driver proxy active, passing request on via HTTP proxy
&amp#27;[38;5;32m[AndroidUiautomator2Driver@e3cd (9c0ff67f)]&amp#27;[0m Matched '/session/9c0ff67f-6efc-443b-a62f-dce2bca5d56b/element/00000000-0000-0042-0000-010d00000004/text' to command name 'getText'
&amp#27;[38;5;32m[AndroidUiautomator2Driver@e3cd (9c0ff67f)]&amp#27;[0m Proxying [GET /session/9c0ff67f-6efc-443b-a62f-dce2bca5d56b/element/00000000-0000-0042-0000-010d00000004/text] to [GET http://127.0.0.1:8200/session/2fea60ff-cc1e-449a-891a-56c913714252/element/00000000-0000-0042-0000-010d00000004/text] with no body
&amp#27;[38;5;32m[AndroidUiautomator2Driver@e3cd (9c0ff67f)]&amp#27;[0m Got response with status 200: {"sessionId":"2fea60ff-cc1e-449a-891a-56c913714252","value":"9 Â°C"}
&amp#27;[38;5;32m[AndroidUiautomator2Driver@e3cd (9c0ff67f)]&amp#27;[0m Replacing sessionId 2fea60ff-cc1e-449a-891a-56c913714252 with 9c0ff67f-6efc-443b-a62f-dce2bca5d56b
&amp#27;[38;5;0m[HTTP]&amp#27;[0m &amp#27;[37m<-- GET /session/9c0ff67f-6efc-443b-a62f-dce2bca5d56b/element/00000000-0000-0042-0000-010d00000004/text &amp#27;[39m&amp#27;[32m200&amp#27;[39m &amp#27;[90m9 ms - 68&amp#27;[39m
&amp#27;[38;5;0m[HTTP]&amp#27;[0m &amp#27;[90m&amp#27;[39m
&amp#27;[38;5;0m[HTTP]&amp#27;[0m &amp#27;[37m-->&amp#27;[39m &amp#27;[37mGET&amp#27;[39m &amp#27;[37m/session/9c0ff67f-6efc-443b-a62f-dce2bca5d56b/element/00000000-0000-0042-0000-010f00000004/text&amp#27;[39m
&amp#27;[38;5;0m[HTTP]&amp#27;[0m &amp#27;[90m{}&amp#27;[39m
&amp#27;[38;5;32m[AndroidUiautomator2Driver@e3cd (9c0ff67f)]&amp#27;[0m Driver proxy active, passing request on via HTTP proxy
&amp#27;[38;5;32m[AndroidUiautomator2Driver@e3cd (9c0ff67f)]&amp#27;[0m Matched '/session/9c0ff67f-6efc-443b-a62f-dce2bca5d56b/element/00000000-0000-0042-0000-010f00000004/text' to command name 'getText'
&amp#27;[38;5;32m[AndroidUiautomator2Driver@e3cd (9c0ff67f)]&amp#27;[0m Proxying [GET /session/9c0ff67f-6efc-443b-a62f-dce2bca5d56b/element/00000000-0000-0042-0000-010f00000004/text] to [GET http://127.0.0.1:8200/session/2fea60ff-cc1e-449a-891a-56c913714252/element/00000000-0000-0042-0000-010f00000004/text] with no body
&amp#27;[38;5;32m[AndroidUiautomator2Driver@e3cd (9c0ff67f)]&amp#27;[0m Got response with status 200: {"sessionId":"2fea60ff-cc1e-449a-891a-56c913714252","value":"18:00"}
&amp#27;[38;5;32m[AndroidUiautomator2Driver@e3cd (9c0ff67f)]&amp#27;[0m Replacing sessionId 2fea60ff-cc1e-449a-891a-56c913714252 with 9c0ff67f-6efc-443b-a62f-dce2bca5d56b
&amp#27;[38;5;0m[HTTP]&amp#27;[0m &amp#27;[37m<-- GET /session/9c0ff67f-6efc-443b-a62f-dce2bca5d56b/element/00000000-0000-0042-0000-010f00000004/text &amp#27;[39m&amp#27;[32m200&amp#27;[39m &amp#27;[90m8 ms - 68&amp#27;[39m
&amp#27;[38;5;0m[HTTP]&amp#27;[0m &amp#27;[90m&amp#27;[39m
&amp#27;[38;5;0m[HTTP]&amp#27;[0m &amp#27;[37m-->&amp#27;[39m &amp#27;[37mGET&amp#27;[39m &amp#27;[37m/session/9c0ff67f-6efc-443b-a62f-dce2bca5d56b/element/00000000-0000-0042-0000-011100000004/text&amp#27;[39m
&amp#27;[38;5;0m[HTTP]&amp#27;[0m &amp#27;[90m{}&amp#27;[39m
&amp#27;[38;5;32m[AndroidUiautomator2Driver@e3cd (9c0ff67f)]&amp#27;[0m Driver proxy active, passing request on via HTTP proxy
&amp#27;[38;5;32m[AndroidUiautomator2Driver@e3cd (9c0ff67f)]&amp#27;[0m Matched '/session/9c0ff67f-6efc-443b-a62f-dce2bca5d56b/element/00000000-0000-0042-0000-011100000004/text' to command name 'getText'
&amp#27;[38;5;32m[AndroidUiautomator2Driver@e3cd (9c0ff67f)]&amp#27;[0m Proxying [GET /session/9c0ff67f-6efc-443b-a62f-dce2bca5d56b/element/00000000-0000-0042-0000-011100000004/text] to [GET http://127.0.0.1:8200/session/2fea60ff-cc1e-449a-891a-56c913714252/element/00000000-0000-0042-0000-011100000004/text] with no body
&amp#27;[38;5;32m[AndroidUiautomator2Driver@e3cd (9c0ff67f)]&amp#27;[0m Got response with status 200: {"sessionId":"2fea60ff-cc1e-449a-891a-56c913714252","value":"scattered clouds"}
&amp#27;[38;5;32m[AndroidUiautomator2Driver@e3cd (9c0ff67f)]&amp#27;[0m Replacing sessionId 2fea60ff-cc1e-449a-891a-56c913714252 with 9c0ff67f-6efc-443b-a62f-dce2bca5d56b
&amp#27;[38;5;0m[HTTP]&amp#27;[0m &amp#27;[37m<-- GET /session/9c0ff67f-6efc-443b-a62f-dce2bca5d56b/element/00000000-0000-0042-0000-011100000004/text &amp#27;[39m&amp#27;[32m200&amp#27;[39m &amp#27;[90m8 ms - 79&amp#27;[39m
&amp#27;[38;5;0m[HTTP]&amp#27;[0m &amp#27;[90m&amp#27;[39m
&amp#27;[38;5;0m[HTTP]&amp#27;[0m &amp#27;[37m-->&amp#27;[39m &amp#27;[37mGET&amp#27;[39m &amp#27;[37m/session/9c0ff67f-6efc-443b-a62f-dce2bca5d56b/element/00000000-0000-0042-0000-011300000004/text&amp#27;[39m
&amp#27;[38;5;0m[HTTP]&amp#27;[0m &amp#27;[90m{}&amp#27;[39m
&amp#27;[38;5;32m[AndroidUiautomator2Driver@e3cd (9c0ff67f)]&amp#27;[0m Driver proxy active, passing request on via HTTP proxy
&amp#27;[38;5;32m[AndroidUiautomator2Driver@e3cd (9c0ff67f)]&amp#27;[0m Matched '/session/9c0ff67f-6efc-443b-a62f-dce2bca5d56b/element/00000000-0000-0042-0000-011300000004/text' to command name 'getText'
&amp#27;[38;5;32m[AndroidUiautomator2Driver@e3cd (9c0ff67f)]&amp#27;[0m Proxying [GET /session/9c0ff67f-6efc-443b-a62f-dce2bca5d56b/element/00000000-0000-0042-0000-011300000004/text] to [GET http://127.0.0.1:8200/session/2fea60ff-cc1e-449a-891a-56c913714252/element/00000000-0000-0042-0000-011300000004/text] with no body
&amp#27;[38;5;32m[AndroidUiautomator2Driver@e3cd (9c0ff67f)]&amp#27;[0m Got response with status 200: {"sessionId":"2fea60ff-cc1e-449a-891a-56c913714252","value":"86 %"}
&amp#27;[38;5;32m[AndroidUiautomator2Driver@e3cd (9c0ff67f)]&amp#27;[0m Replacing sessionId 2fea60ff-cc1e-449a-891a-56c913714252 with 9c0ff67f-6efc-443b-a62f-dce2bca5d56b
&amp#27;[38;5;0m[HTTP]&amp#27;[0m &amp#27;[37m<-- GET /session/9c0ff67f-6efc-443b-a62f-dce2bca5d56b/element/00000000-0000-0042-0000-011300000004/text &amp#27;[39m&amp#27;[32m200&amp#27;[39m &amp#27;[90m8 ms - 67&amp#27;[39m
&amp#27;[38;5;0m[HTTP]&amp#27;[0m &amp#27;[90m&amp#27;[39m
&amp#27;[38;5;0m[HTTP]&amp#27;[0m &amp#27;[37m-->&amp#27;[39m &amp#27;[37mGET&amp#27;[39m &amp#27;[37m/session/9c0ff67f-6efc-443b-a62f-dce2bca5d56b/element/00000000-0000-0042-0000-011500000004/text&amp#27;[39m
&amp#27;[38;5;0m[HTTP]&amp#27;[0m &amp#27;[90m{}&amp#27;[39m
&amp#27;[38;5;32m[AndroidUiautomator2Driver@e3cd (9c0ff67f)]&amp#27;[0m Driver proxy active, passing request on via HTTP proxy
&amp#27;[38;5;32m[AndroidUiautomator2Driver@e3cd (9c0ff67f)]&amp#27;[0m Matched '/session/9c0ff67f-6efc-443b-a62f-dce2bca5d56b/element/00000000-0000-0042-0000-011500000004/text' to command name 'getText'
&amp#27;[38;5;32m[AndroidUiautomator2Driver@e3cd (9c0ff67f)]&amp#27;[0m Proxying [GET /session/9c0ff67f-6efc-443b-a62f-dce2bca5d56b/element/00000000-0000-0042-0000-011500000004/text] to [GET http://127.0.0.1:8200/session/2fea60ff-cc1e-449a-891a-56c913714252/element/00000000-0000-0042-0000-011500000004/text] with no body
&amp#27;[38;5;32m[AndroidUiautomator2Driver@e3cd (9c0ff67f)]&amp#27;[0m Got response with status 200: {"sessionId":"2fea60ff-cc1e-449a-891a-56c913714252","value":"9 Â°C"}
&amp#27;[38;5;32m[AndroidUiautomator2Driver@e3cd (9c0ff67f)]&amp#27;[0m Replacing sessionId 2fea60ff-cc1e-449a-891a-56c913714252 with 9c0ff67f-6efc-443b-a62f-dce2bca5d56b
&amp#27;[38;5;0m[HTTP]&amp#27;[0m &amp#27;[37m<-- GET /session/9c0ff67f-6efc-443b-a62f-dce2bca5d56b/element/00000000-0000-0042-0000-011500000004/text &amp#27;[39m&amp#27;[32m200&amp#27;[39m &amp#27;[90m9 ms - 68&amp#27;[39m
&amp#27;[38;5;0m[HTTP]&amp#27;[0m &amp#27;[90m&amp#27;[39m
&amp#27;[38;5;0m[HTTP]&amp#27;[0m &amp#27;[37m-->&amp#27;[39m &amp#27;[37mPOST&amp#27;[39m &amp#27;[37m/session/9c0ff67f-6efc-443b-a62f-dce2bca5d56b/execute/sync&amp#27;[39m
&amp#27;[38;5;0m[HTTP]&amp#27;[0m &amp#27;[90m{"script":"mobile: swipeGesture","args":[{"elementId":"00000000-0000-0042-0000-001d00000004","percent":0.4,"speed":320,"direction":"left"}]}&amp#27;[39m
&amp#27;[38;5;32m[AndroidUiautomator2Driver@e3cd (9c0ff67f)]&amp#27;[0m Calling AppiumDriver.execute() with args: ["mobile: swipeGesture",[{"elementId":"00000000-0000-0042-0000-001d00000004","percent":0.4,"speed":320,"direction":"left"}],"9c0ff67f-6efc-443b-a62f-dce2bca5d56b"]
&amp#27;[38;5;32m[AndroidUiautomator2Driver@e3cd (9c0ff67f)]&amp#27;[0m Executing method 'mobile: swipeGesture'
&amp#27;[38;5;32m[AndroidUiautomator2Driver@e3cd (9c0ff67f)]&amp#27;[0m Proxying [POST /appium/gestures/swipe] to [POST http://127.0.0.1:8200/session/2fea60ff-cc1e-449a-891a-56c913714252/appium/gestures/swipe] with body: {"origin":{"ELEMENT":"00000000-0000-0042-0000-001d00000004","element-6066-11e4-a52e-4f735466cecf":"00000000-0000-0042-0000-001d00000004"},"direction":"left","percent":0.4,"speed":320}
&amp#27;[38;5;32m[AndroidUiautomator2Driver@e3cd (9c0ff67f)]&amp#27;[0m Got response with status 200: {"sessionId":"2fea60ff-cc1e-449a-891a-56c913714252","value":null}
&amp#27;[38;5;32m[AndroidUiautomator2Driver@e3cd (9c0ff67f)]&amp#27;[0m Responding to client with driver.execute() result: null
&amp#27;[38;5;0m[HTTP]&amp#27;[0m &amp#27;[37m<-- POST /session/9c0ff67f-6efc-443b-a62f-dce2bca5d56b/execute/sync &amp#27;[39m&amp#27;[32m200&amp#27;[39m &amp#27;[90m1576 ms - 14&amp#27;[39m
&amp#27;[38;5;0m[HTTP]&amp#27;[0m &amp#27;[90m&amp#27;[39m
&amp#27;[38;5;0m[HTTP]&amp#27;[0m &amp#27;[37m-->&amp#27;[39m &amp#27;[37mPOST&amp#27;[39m &amp#27;[37m/session/9c0ff67f-6efc-443b-a62f-dce2bca5d56b/elements&amp#27;[39m
&amp#27;[38;5;0m[HTTP]&amp#27;[0m &amp#27;[90m{"using":"xpath","value":"//android.widget.HorizontalScrollView"}&amp#27;[39m
&amp#27;[38;5;32m[AndroidUiautomator2Driver@e3cd (9c0ff67f)]&amp#27;[0m Calling AppiumDriver.findElements() with args: ["xpath","//android.widget.HorizontalScrollView","9c0ff67f-6efc-443b-a62f-dce2bca5d56b"]
&amp#27;[38;5;32m[AndroidUiautomator2Driver@e3cd (9c0ff67f)]&amp#27;[0m Valid locator strategies for this request: xpath, id, class name, accessibility id, css selector, -android uiautomator
&amp#27;[38;5;32m[AndroidUiautomator2Driver@e3cd (9c0ff67f)]&amp#27;[0m Waiting up to 0 ms for condition
&amp#27;[38;5;32m[AndroidUiautomator2Driver@e3cd (9c0ff67f)]&amp#27;[0m Matched '/elements' to command name 'findElements'
&amp#27;[38;5;32m[AndroidUiautomator2Driver@e3cd (9c0ff67f)]&amp#27;[0m Proxying [POST /elements] to [POST http://127.0.0.1:8200/session/2fea60ff-cc1e-449a-891a-56c913714252/elements] with body: {"strategy":"xpath","selector":"//android.widget.HorizontalScrollView","context":"","multiple":true}
&amp#27;[38;5;32m[AndroidUiautomator2Driver@e3cd (9c0ff67f)]&amp#27;[0m Got response with status 200: {"sessionId":"2fea60ff-cc1e-449a-891a-56c913714252","value":[{"ELEMENT":"00000000-0000-0042-0000-001d00000004","element-6066-11e4-a52e-4f735466cecf":"00000000-0000-0042-0000-001d00000004"},{"ELEMENT":"00000000-0000-0042-0000-001e00000004","element-6066-11e4-a52e-4f735466cecf":"00000000-0000-0042-0000-001e00000004"}]}
&amp#27;[38;5;32m[AndroidUiautomator2Driver@e3cd (9c0ff67f)]&amp#27;[0m Responding to client with driver.findElements() result: [{"element-6066-11e4-a52e-4f735466cecf":"00000000-0000-0042-0000-001d00000004","ELEMENT":"00000000-0000-0042-0000-001d00000004"},{"element-6066-11e4-a52e-4f735466cecf":"00000000-0000-0042-0000-001e00000004","ELEMENT":"00000000-0000-0042-0000-001e00000004"}]
&amp#27;[38;5;0m[HTTP]&amp#27;[0m &amp#27;[37m<-- POST /session/9c0ff67f-6efc-443b-a62f-dce2bca5d56b/elements &amp#27;[39m&amp#27;[32m200&amp#27;[39m &amp#27;[90m100 ms - 267&amp#27;[39m
&amp#27;[38;5;0m[HTTP]&amp#27;[0m &amp#27;[90m&amp#27;[39m
&amp#27;[38;5;0m[HTTP]&amp#27;[0m &amp#27;[37m-->&amp#27;[39m &amp#27;[37mPOST&amp#27;[39m &amp#27;[37m/session/9c0ff67f-6efc-443b-a62f-dce2bca5d56b/element/00000000-0000-0042-0000-001d00000004/elements&amp#27;[39m
&amp#27;[38;5;0m[HTTP]&amp#27;[0m &amp#27;[90m{"id":"00000000-0000-0042-0000-001d00000004","using":"xpath","value":"//android.view.View"}&amp#27;[39m
&amp#27;[38;5;32m[AndroidUiautomator2Driver@e3cd (9c0ff67f)]&amp#27;[0m Calling AppiumDriver.findElementsFromElement() with args: ["xpath","//android.view.View","00000000-0000-0042-0000-001d00000004","9c0ff67f-6efc-443b-a62f-dce2bca5d56b"]
&amp#27;[38;5;32m[AndroidUiautomator2Driver@e3cd (9c0ff67f)]&amp#27;[0m Valid locator strategies for this request: xpath, id, class name, accessibility id, css selector, -android uiautomator
&amp#27;[38;5;32m[AndroidUiautomator2Driver@e3cd (9c0ff67f)]&amp#27;[0m Waiting up to 0 ms for condition
&amp#27;[38;5;32m[AndroidUiautomator2Driver@e3cd (9c0ff67f)]&amp#27;[0m Matched '/elements' to command name 'findElements'
&amp#27;[38;5;32m[AndroidUiautomator2Driver@e3cd (9c0ff67f)]&amp#27;[0m Proxying [POST /elements] to [POST http://127.0.0.1:8200/session/2fea60ff-cc1e-449a-891a-56c913714252/elements] with body: {"strategy":"xpath","selector":"//android.view.View","context":"00000000-0000-0042-0000-001d00000004","multiple":true}
&amp#27;[38;5;32m[AndroidUiautomator2Driver@e3cd (9c0ff67f)]&amp#27;[0m Got response with status 200: {"sessionId":"2fea60ff-cc1e-449a-891a-56c913714252","value":[{"ELEMENT":"00000000-0000-0042-0000-00ff00000004","element-6066-11e4-a52e-4f735466cecf":"00000000-0000-0042-0000-00ff00000004"},{"ELEMENT":"00000000-0000-0042-0000-010100000004","element-6066-11e4-a52e-4f735466cecf":"00000000-0000-0042-0000-010100000004"},{"ELEMENT":"00000000-0000-0042-0000-010300000004","element-6066-11e4-a52e-4f735466cecf":"00000000-0000-0042-0000-010300000004"},{"ELEMENT":"00000000-0000-0042-0000-010500000004","element-6066-11e4-a52e-4f735466cecf":"00000000-0000-0042-0000-010500000004"},{"ELEMENT":"00000000-0000-0042-0000-010700000004","element-6066-11e4-a52e-4f735466cecf":"00000000-0000-0042-0000-010700000004"},{"ELEMENT":"00000000-0000-0042-0000-010900000004","element-6066-11e4-a52e-4f735466cecf":"00000000-0000-0042-0000-010900000004"},{"ELEMENT":"00000000-0000-0042-0000-010b00000004","element-6066-11e4-a52e-4f735466cecf":"00000000-0000-0042-0000-010b00000004"},{"ELEMENT":"00000000-0000-0042-0000-010d00000004","element-6066-...
&amp#27;[38;5;32m[AndroidUiautomator2Driver@e3cd (9c0ff67f)]&amp#27;[0m Responding to client with driver.findElementsFromElement() result: [{"element-6066-11e4-a52e-4f735466cecf":"00000000-0000-0042-0000-00ff00000004","ELEMENT":"00000000-0000-0042-0000-00ff00000004"},{"element-6066-11e4-a52e-4f735466cecf":"00000000-0000-0042-0000-010100000004","ELEMENT":"00000000-0000-0042-0000-010100000004"},{"element-6066-11e4-a52e-4f735466cecf":"00000000-0000-0042-0000-010300000004","ELEMENT":"00000000-0000-0042-0000-010300000004"},{"element-6066-11e4-a52e-4f735466cecf":"00000000-0000-0042-0000-010500000004","ELEMENT":"00000000-0000-0042-0000-010500000004"},{"element-6066-11e4-a52e-4f735466cecf":"00000000-0000-0042-0000-010700000004","ELEMENT":"00000000-0000-0042-0000-010700000004"},{"element-6066-11e4-a52e-4f735466cecf":"00000000-0000-0042-0000-010900000004","ELEMENT":"00000000-0000-0042-0000-010900000004"},{"element-6066-11e4-a52e-4f735466cecf":"00000000-0000-0042-0000-010b00000004","ELEMENT":"00000000-0000-0042-0000-010b00000004"},{"element-6066-11e4-a52e-4f735466cecf":"00000000-0000-0042-0000-010d00000004","ELEMENT":"00000000-0000-0042-0000-010d0000000...
&amp#27;[38;5;0m[HTTP]&amp#27;[0m &amp#27;[37m<-- POST /session/9c0ff67f-6efc-443b-a62f-dce2bca5d56b/element/00000000-0000-0042-0000-001d00000004/elements &amp#27;[39m&amp#27;[32m200&amp#27;[39m &amp#27;[90m45 ms - 2059&amp#27;[39m
&amp#27;[38;5;0m[HTTP]&amp#27;[0m &amp#27;[90m&amp#27;[39m
&amp#27;[38;5;0m[HTTP]&amp#27;[0m &amp#27;[37m-->&amp#27;[39m &amp#27;[37mGET&amp#27;[39m &amp#27;[37m/session/9c0ff67f-6efc-443b-a62f-dce2bca5d56b/element/00000000-0000-0042-0000-00ff00000004/text&amp#27;[39m
&amp#27;[38;5;0m[HTTP]&amp#27;[0m &amp#27;[90m{}&amp#27;[39m
&amp#27;[38;5;32m[AndroidUiautomator2Driver@e3cd (9c0ff67f)]&amp#27;[0m Driver proxy active, passing request on via HTTP proxy
&amp#27;[38;5;32m[AndroidUiautomator2Driver@e3cd (9c0ff67f)]&amp#27;[0m Matched '/session/9c0ff67f-6efc-443b-a62f-dce2bca5d56b/element/00000000-0000-0042-0000-00ff00000004/text' to command name 'getText'
&amp#27;[38;5;32m[AndroidUiautomator2Driver@e3cd (9c0ff67f)]&amp#27;[0m Proxying [GET /session/9c0ff67f-6efc-443b-a62f-dce2bca5d56b/element/00000000-0000-0042-0000-00ff00000004/text] to [GET http://127.0.0.1:8200/session/2fea60ff-cc1e-449a-891a-56c913714252/element/00000000-0000-0042-0000-00ff00000004/text] with no body
&amp#27;[38;5;32m[AndroidUiautomator2Driver@e3cd (9c0ff67f)]&amp#27;[0m Got response with status 200: {"sessionId":"2fea60ff-cc1e-449a-891a-56c913714252","value":"16:00"}
&amp#27;[38;5;32m[AndroidUiautomator2Driver@e3cd (9c0ff67f)]&amp#27;[0m Replacing sessionId 2fea60ff-cc1e-449a-891a-56c913714252 with 9c0ff67f-6efc-443b-a62f-dce2bca5d56b
&amp#27;[38;5;0m[HTTP]&amp#27;[0m &amp#27;[37m<-- GET /session/9c0ff67f-6efc-443b-a62f-dce2bca5d56b/element/00000000-0000-0042-0000-00ff00000004/text &amp#27;[39m&amp#27;[32m200&amp#27;[39m &amp#27;[90m8 ms - 68&amp#27;[39m
&amp#27;[38;5;0m[HTTP]&amp#27;[0m &amp#27;[90m&amp#27;[39m
&amp#27;[38;5;0m[HTTP]&amp#27;[0m &amp#27;[37m-->&amp#27;[39m &amp#27;[37mGET&amp#27;[39m &amp#27;[37m/session/9c0ff67f-6efc-443b-a62f-dce2bca5d56b/element/00000000-0000-0042-0000-010100000004/text&amp#27;[39m
&amp#27;[38;5;0m[HTTP]&amp#27;[0m &amp#27;[90m{}&amp#27;[39m
&amp#27;[38;5;32m[AndroidUiautomator2Driver@e3cd (9c0ff67f)]&amp#27;[0m Driver proxy active, passing request on via HTTP proxy
&amp#27;[38;5;32m[AndroidUiautomator2Driver@e3cd (9c0ff67f)]&amp#27;[0m Matched '/session/9c0ff67f-6efc-443b-a62f-dce2bca5d56b/element/00000000-0000-0042-0000-010100000004/text' to command name 'getText'
&amp#27;[38;5;32m[AndroidUiautomator2Driver@e3cd (9c0ff67f)]&amp#27;[0m Proxying [GET /session/9c0ff67f-6efc-443b-a62f-dce2bca5d56b/element/00000000-0000-0042-0000-010100000004/text] to [GET http://127.0.0.1:8200/session/2fea60ff-cc1e-449a-891a-56c913714252/element/00000000-0000-0042-0000-010100000004/text] with no body
&amp#27;[38;5;32m[AndroidUiautomator2Driver@e3cd (9c0ff67f)]&amp#27;[0m Got response with status 200: {"sessionId":"2fea60ff-cc1e-449a-891a-56c913714252","value":"scattered clouds"}
&amp#27;[38;5;32m[AndroidUiautomator2Driver@e3cd (9c0ff67f)]&amp#27;[0m Replacing sessionId 2fea60ff-cc1e-449a-891a-56c913714252 with 9c0ff67f-6efc-443b-a62f-dce2bca5d56b
&amp#27;[38;5;0m[HTTP]&amp#27;[0m &amp#27;[37m<-- GET /session/9c0ff67f-6efc-443b-a62f-dce2bca5d56b/element/00000000-0000-0042-0000-010100000004/text &amp#27;[39m&amp#27;[32m200&amp#27;[39m &amp#27;[90m8 ms - 79&amp#27;[39m
&amp#27;[38;5;0m[HTTP]&amp#27;[0m &amp#27;[90m&amp#27;[39m
&amp#27;[38;5;0m[HTTP]&amp#27;[0m &amp#27;[37m-->&amp#27;[39m &amp#27;[37mGET&amp#27;[39m &amp#27;[37m/session/9c0ff67f-6efc-443b-a62f-dce2bca5d56b/element/00000000-0000-0042-0000-010300000004/text&amp#27;[39m
&amp#27;[38;5;0m[HTTP]&amp#27;[0m &amp#27;[90m{}&amp#27;[39m
&amp#27;[38;5;32m[AndroidUiautomator2Driver@e3cd (9c0ff67f)]&amp#27;[0m Driver proxy active, passing request on via HTTP proxy
&amp#27;[38;5;32m[AndroidUiautomator2Driver@e3cd (9c0ff67f)]&amp#27;[0m Matched '/session/9c0ff67f-6efc-443b-a62f-dce2bca5d56b/element/00000000-0000-0042-0000-010300000004/text' to command name 'getText'
&amp#27;[38;5;32m[AndroidUiautomator2Driver@e3cd (9c0ff67f)]&amp#27;[0m Proxying [GET /session/9c0ff67f-6efc-443b-a62f-dce2bca5d56b/element/00000000-0000-0042-0000-010300000004/text] to [GET http://127.0.0.1:8200/session/2fea60ff-cc1e-449a-891a-56c913714252/element/00000000-0000-0042-0000-010300000004/text] with no body
&amp#27;[38;5;32m[AndroidUiautomator2Driver@e3cd (9c0ff67f)]&amp#27;[0m Got response with status 200: {"sessionId":"2fea60ff-cc1e-449a-891a-56c913714252","value":"85 %"}
&amp#27;[38;5;32m[AndroidUiautomator2Driver@e3cd (9c0ff67f)]&amp#27;[0m Replacing sessionId 2fea60ff-cc1e-449a-891a-56c913714252 with 9c0ff67f-6efc-443b-a62f-dce2bca5d56b
&amp#27;[38;5;0m[HTTP]&amp#27;[0m &amp#27;[37m<-- GET /session/9c0ff67f-6efc-443b-a62f-dce2bca5d56b/element/00000000-0000-0042-0000-010300000004/text &amp#27;[39m&amp#27;[32m200&amp#27;[39m &amp#27;[90m8 ms - 67&amp#27;[39m
&amp#27;[38;5;0m[HTTP]&amp#27;[0m &amp#27;[90m&amp#27;[39m
&amp#27;[38;5;0m[HTTP]&amp#27;[0m &amp#27;[37m-->&amp#27;[39m &amp#27;[37mGET&amp#27;[39m &amp#27;[37m/session/9c0ff67f-6efc-443b-a62f-dce2bca5d56b/element/00000000-0000-0042-0000-010500000004/text&amp#27;[39m
&amp#27;[38;5;0m[HTTP]&amp#27;[0m &amp#27;[90m{}&amp#27;[39m
&amp#27;[38;5;32m[AndroidUiautomator2Driver@e3cd (9c0ff67f)]&amp#27;[0m Driver proxy active, passing request on via HTTP proxy
&amp#27;[38;5;32m[AndroidUiautomator2Driver@e3cd (9c0ff67f)]&amp#27;[0m Matched '/session/9c0ff67f-6efc-443b-a62f-dce2bca5d56b/element/00000000-0000-0042-0000-010500000004/text' to command name 'getText'
&amp#27;[38;5;32m[AndroidUiautomator2Driver@e3cd (9c0ff67f)]&amp#27;[0m Proxying [GET /session/9c0ff67f-6efc-443b-a62f-dce2bca5d56b/element/00000000-0000-0042-0000-010500000004/text] to [GET http://127.0.0.1:8200/session/2fea60ff-cc1e-449a-891a-56c913714252/element/00000000-0000-0042-0000-010500000004/text] with no body
&amp#27;[38;5;32m[AndroidUiautomator2Driver@e3cd (9c0ff67f)]&amp#27;[0m Got response with status 200: {"sessionId":"2fea60ff-cc1e-449a-891a-56c913714252","value":"10 Â°C"}
&amp#27;[38;5;32m[AndroidUiautomator2Driver@e3cd (9c0ff67f)]&amp#27;[0m Replacing sessionId 2fea60ff-cc1e-449a-891a-56c913714252 with 9c0ff67f-6efc-443b-a62f-dce2bca5d56b
&amp#27;[38;5;0m[HTTP]&amp#27;[0m &amp#27;[37m<-- GET /session/9c0ff67f-6efc-443b-a62f-dce2bca5d56b/element/00000000-0000-0042-0000-010500000004/text &amp#27;[39m&amp#27;[32m200&amp#27;[39m &amp#27;[90m8 ms - 69&amp#27;[39m
&amp#27;[38;5;0m[HTTP]&amp#27;[0m &amp#27;[90m&amp#27;[39m
&amp#27;[38;5;0m[HTTP]&amp#27;[0m &amp#27;[37m-->&amp#27;[39m &amp#27;[37mGET&amp#27;[39m &amp#27;[37m/session/9c0ff67f-6efc-443b-a62f-dce2bca5d56b/element/00000000-0000-0042-0000-010700000004/text&amp#27;[39m
&amp#27;[38;5;0m[HTTP]&amp#27;[0m &amp#27;[90m{}&amp#27;[39m
&amp#27;[38;5;32m[AndroidUiautomator2Driver@e3cd (9c0ff67f)]&amp#27;[0m Driver proxy active, passing request on via HTTP proxy
&amp#27;[38;5;32m[AndroidUiautomator2Driver@e3cd (9c0ff67f)]&amp#27;[0m Matched '/session/9c0ff67f-6efc-443b-a62f-dce2bca5d56b/element/00000000-0000-0042-0000-010700000004/text' to command name 'getText'
&amp#27;[38;5;32m[AndroidUiautomator2Driver@e3cd (9c0ff67f)]&amp#27;[0m Proxying [GET /session/9c0ff67f-6efc-443b-a62f-dce2bca5d56b/element/00000000-0000-0042-0000-010700000004/text] to [GET http://127.0.0.1:8200/session/2fea60ff-cc1e-449a-891a-56c913714252/element/00000000-0000-0042-0000-010700000004/text] with no body
&amp#27;[38;5;32m[AndroidUiautomator2Driver@e3cd (9c0ff67f)]&amp#27;[0m Got response with status 200: {"sessionId":"2fea60ff-cc1e-449a-891a-56c913714252","value":"17:00"}
&amp#27;[38;5;32m[AndroidUiautomator2Driver@e3cd (9c0ff67f)]&amp#27;[0m Replacing sessionId 2fea60ff-cc1e-449a-891a-56c913714252 with 9c0ff67f-6efc-443b-a62f-dce2bca5d56b
&amp#27;[38;5;0m[HTTP]&amp#27;[0m &amp#27;[37m<-- GET /session/9c0ff67f-6efc-443b-a62f-dce2bca5d56b/element/00000000-0000-0042-0000-010700000004/text &amp#27;[39m&amp#27;[32m200&amp#27;[39m &amp#27;[90m8 ms - 68&amp#27;[39m
&amp#27;[38;5;0m[HTTP]&amp#27;[0m &amp#27;[90m&amp#27;[39m
&amp#27;[38;5;0m[HTTP]&amp#27;[0m &amp#27;[37m-->&amp#27;[39m &amp#27;[37mGET&amp#27;[39m &amp#27;[37m/session/9c0ff67f-6efc-443b-a62f-dce2bca5d56b/element/00000000-0000-0042-0000-010900000004/text&amp#27;[39m
&amp#27;[38;5;0m[HTTP]&amp#27;[0m &amp#27;[90m{}&amp#27;[39m
&amp#27;[38;5;32m[AndroidUiautomator2Driver@e3cd (9c0ff67f)]&amp#27;[0m Driver proxy active, passing request on via HTTP proxy
&amp#27;[38;5;32m[AndroidUiautomator2Driver@e3cd (9c0ff67f)]&amp#27;[0m Matched '/session/9c0ff67f-6efc-443b-a62f-dce2bca5d56b/element/00000000-0000-0042-0000-010900000004/text' to command name 'getText'
&amp#27;[38;5;32m[AndroidUiautomator2Driver@e3cd (9c0ff67f)]&amp#27;[0m Proxying [GET /session/9c0ff67f-6efc-443b-a62f-dce2bca5d56b/element/00000000-0000-0042-0000-010900000004/text] to [GET http://127.0.0.1:8200/session/2fea60ff-cc1e-449a-891a-56c913714252/element/00000000-0000-0042-0000-010900000004/text] with no body
&amp#27;[38;5;32m[AndroidUiautomator2Driver@e3cd (9c0ff67f)]&amp#27;[0m Got response with status 200: {"sessionId":"2fea60ff-cc1e-449a-891a-56c913714252","value":"scattered clouds"}
&amp#27;[38;5;32m[AndroidUiautomator2Driver@e3cd (9c0ff67f)]&amp#27;[0m Replacing sessionId 2fea60ff-cc1e-449a-891a-56c913714252 with 9c0ff67f-6efc-443b-a62f-dce2bca5d56b
&amp#27;[38;5;0m[HTTP]&amp#27;[0m &amp#27;[37m<-- GET /session/9c0ff67f-6efc-443b-a62f-dce2bca5d56b/element/00000000-0000-0042-0000-010900000004/text &amp#27;[39m&amp#27;[32m200&amp#27;[39m &amp#27;[90m8 ms - 79&amp#27;[39m
&amp#27;[38;5;0m[HTTP]&amp#27;[0m &amp#27;[90m&amp#27;[39m
&amp#27;[38;5;0m[HTTP]&amp#27;[0m &amp#27;[37m-->&amp#27;[39m &amp#27;[37mGET&amp#27;[39m &amp#27;[37m/session/9c0ff67f-6efc-443b-a62f-dce2bca5d56b/element/00000000-0000-0042-0000-010b00000004/text&amp#27;[39m
&amp#27;[38;5;0m[HTTP]&amp#27;[0m &amp#27;[90m{}&amp#27;[39m
&amp#27;[38;5;32m[AndroidUiautomator2Driver@e3cd (9c0ff67f)]&amp#27;[0m Driver proxy active, passing request on via HTTP proxy
&amp#27;[38;5;32m[AndroidUiautomator2Driver@e3cd (9c0ff67f)]&amp#27;[0m Matched '/session/9c0ff67f-6efc-443b-a62f-dce2bca5d56b/element/00000000-0000-0042-0000-010b00000004/text' to command name 'getText'
&amp#27;[38;5;32m[AndroidUiautomator2Driver@e3cd (9c0ff67f)]&amp#27;[0m Proxying [GET /session/9c0ff67f-6efc-443b-a62f-dce2bca5d56b/element/00000000-0000-0042-0000-010b00000004/text] to [GET http://127.0.0.1:8200/session/2fea60ff-cc1e-449a-891a-56c913714252/element/00000000-0000-0042-0000-010b00000004/text] with no body
&amp#27;[38;5;32m[AndroidUiautomator2Driver@e3cd (9c0ff67f)]&amp#27;[0m Got response with status 200: {"sessionId":"2fea60ff-cc1e-449a-891a-56c913714252","value":"86 %"}
&amp#27;[38;5;32m[AndroidUiautomator2Driver@e3cd (9c0ff67f)]&amp#27;[0m Replacing sessionId 2fea60ff-cc1e-449a-891a-56c913714252 with 9c0ff67f-6efc-443b-a62f-dce2bca5d56b
&amp#27;[38;5;0m[HTTP]&amp#27;[0m &amp#27;[37m<-- GET /session/9c0ff67f-6efc-443b-a62f-dce2bca5d56b/element/00000000-0000-0042-0000-010b00000004/text &amp#27;[39m&amp#27;[32m200&amp#27;[39m &amp#27;[90m8 ms - 67&amp#27;[39m
&amp#27;[38;5;0m[HTTP]&amp#27;[0m &amp#27;[90m&amp#27;[39m
&amp#27;[38;5;0m[HTTP]&amp#27;[0m &amp#27;[37m-->&amp#27;[39m &amp#27;[37mGET&amp#27;[39m &amp#27;[37m/session/9c0ff67f-6efc-443b-a62f-dce2bca5d56b/element/00000000-0000-0042-0000-010d00000004/text&amp#27;[39m
&amp#27;[38;5;0m[HTTP]&amp#27;[0m &amp#27;[90m{}&amp#27;[39m
&amp#27;[38;5;32m[AndroidUiautomator2Driver@e3cd (9c0ff67f)]&amp#27;[0m Driver proxy active, passing request on via HTTP proxy
&amp#27;[38;5;32m[AndroidUiautomator2Driver@e3cd (9c0ff67f)]&amp#27;[0m Matched '/session/9c0ff67f-6efc-443b-a62f-dce2bca5d56b/element/00000000-0000-0042-0000-010d00000004/text' to command name 'getText'
&amp#27;[38;5;32m[AndroidUiautomator2Driver@e3cd (9c0ff67f)]&amp#27;[0m Proxying [GET /session/9c0ff67f-6efc-443b-a62f-dce2bca5d56b/element/00000000-0000-0042-0000-010d00000004/text] to [GET http://127.0.0.1:8200/session/2fea60ff-cc1e-449a-891a-56c913714252/element/00000000-0000-0042-0000-010d00000004/text] with no body
&amp#27;[38;5;32m[AndroidUiautomator2Driver@e3cd (9c0ff67f)]&amp#27;[0m Got response with status 200: {"sessionId":"2fea60ff-cc1e-449a-891a-56c913714252","value":"9 Â°C"}
&amp#27;[38;5;32m[AndroidUiautomator2Driver@e3cd (9c0ff67f)]&amp#27;[0m Replacing sessionId 2fea60ff-cc1e-449a-891a-56c913714252 with 9c0ff67f-6efc-443b-a62f-dce2bca5d56b
&amp#27;[38;5;0m[HTTP]&amp#27;[0m &amp#27;[37m<-- GET /session/9c0ff67f-6efc-443b-a62f-dce2bca5d56b/element/00000000-0000-0042-0000-010d00000004/text &amp#27;[39m&amp#27;[32m200&amp#27;[39m &amp#27;[90m8 ms - 68&amp#27;[39m
&amp#27;[38;5;0m[HTTP]&amp#27;[0m &amp#27;[90m&amp#27;[39m
&amp#27;[38;5;0m[HTTP]&amp#27;[0m &amp#27;[37m-->&amp#27;[39m &amp#27;[37mGET&amp#27;[39m &amp#27;[37m/session/9c0ff67f-6efc-443b-a62f-dce2bca5d56b/element/00000000-0000-0042-0000-010f00000004/text&amp#27;[39m
&amp#27;[38;5;0m[HTTP]&amp#27;[0m &amp#27;[90m{}&amp#27;[39m
&amp#27;[38;5;32m[AndroidUiautomator2Driver@e3cd (9c0ff67f)]&amp#27;[0m Driver proxy active, passing request on via HTTP proxy
&amp#27;[38;5;32m[AndroidUiautomator2Driver@e3cd (9c0ff67f)]&amp#27;[0m Matched '/session/9c0ff67f-6efc-443b-a62f-dce2bca5d56b/element/00000000-0000-0042-0000-010f00000004/text' to command name 'getText'
&amp#27;[38;5;32m[AndroidUiautomator2Driver@e3cd (9c0ff67f)]&amp#27;[0m Proxying [GET /session/9c0ff67f-6efc-443b-a62f-dce2bca5d56b/element/00000000-0000-0042-0000-010f00000004/text] to [GET http://127.0.0.1:8200/session/2fea60ff-cc1e-449a-891a-56c913714252/element/00000000-0000-0042-0000-010f00000004/text] with no body
&amp#27;[38;5;32m[AndroidUiautomator2Driver@e3cd (9c0ff67f)]&amp#27;[0m Got response with status 200: {"sessionId":"2fea60ff-cc1e-449a-891a-56c913714252","value":"18:00"}
&amp#27;[38;5;32m[AndroidUiautomator2Driver@e3cd (9c0ff67f)]&amp#27;[0m Replacing sessionId 2fea60ff-cc1e-449a-891a-56c913714252 with 9c0ff67f-6efc-443b-a62f-dce2bca5d56b
&amp#27;[38;5;0m[HTTP]&amp#27;[0m &amp#27;[37m<-- GET /session/9c0ff67f-6efc-443b-a62f-dce2bca5d56b/element/00000000-0000-0042-0000-010f00000004/text &amp#27;[39m&amp#27;[32m200&amp#27;[39m &amp#27;[90m8 ms - 68&amp#27;[39m
&amp#27;[38;5;0m[HTTP]&amp#27;[0m &amp#27;[90m&amp#27;[39m
&amp#27;[38;5;0m[HTTP]&amp#27;[0m &amp#27;[37m-->&amp#27;[39m &amp#27;[37mGET&amp#27;[39m &amp#27;[37m/session/9c0ff67f-6efc-443b-a62f-dce2bca5d56b/element/00000000-0000-0042-0000-011100000004/text&amp#27;[39m
&amp#27;[38;5;0m[HTTP]&amp#27;[0m &amp#27;[90m{}&amp#27;[39m
&amp#27;[38;5;32m[AndroidUiautomator2Driver@e3cd (9c0ff67f)]&amp#27;[0m Driver proxy active, passing request on via HTTP proxy
&amp#27;[38;5;32m[AndroidUiautomator2Driver@e3cd (9c0ff67f)]&amp#27;[0m Matched '/session/9c0ff67f-6efc-443b-a62f-dce2bca5d56b/element/00000000-0000-0042-0000-011100000004/text' to command name 'getText'
&amp#27;[38;5;32m[AndroidUiautomator2Driver@e3cd (9c0ff67f)]&amp#27;[0m Proxying [GET /session/9c0ff67f-6efc-443b-a62f-dce2bca5d56b/element/00000000-0000-0042-0000-011100000004/text] to [GET http://127.0.0.1:8200/session/2fea60ff-cc1e-449a-891a-56c913714252/element/00000000-0000-0042-0000-011100000004/text] with no body
&amp#27;[38;5;32m[AndroidUiautomator2Driver@e3cd (9c0ff67f)]&amp#27;[0m Got response with status 200: {"sessionId":"2fea60ff-cc1e-449a-891a-56c913714252","value":"scattered clouds"}
&amp#27;[38;5;32m[AndroidUiautomator2Driver@e3cd (9c0ff67f)]&amp#27;[0m Replacing sessionId 2fea60ff-cc1e-449a-891a-56c913714252 with 9c0ff67f-6efc-443b-a62f-dce2bca5d56b
&amp#27;[38;5;0m[HTTP]&amp#27;[0m &amp#27;[37m<-- GET /session/9c0ff67f-6efc-443b-a62f-dce2bca5d56b/element/00000000-0000-0042-0000-011100000004/text &amp#27;[39m&amp#27;[32m200&amp#27;[39m &amp#27;[90m8 ms - 79&amp#27;[39m
&amp#27;[38;5;0m[HTTP]&amp#27;[0m &amp#27;[90m&amp#27;[39m
&amp#27;[38;5;0m[HTTP]&amp#27;[0m &amp#27;[37m-->&amp#27;[39m &amp#27;[37mGET&amp#27;[39m &amp#27;[37m/session/9c0ff67f-6efc-443b-a62f-dce2bca5d56b/element/00000000-0000-0042-0000-011300000004/text&amp#27;[39m
&amp#27;[38;5;0m[HTTP]&amp#27;[0m &amp#27;[90m{}&amp#27;[39m
&amp#27;[38;5;32m[AndroidUiautomator2Driver@e3cd (9c0ff67f)]&amp#27;[0m Driver proxy active, passing request on via HTTP proxy
&amp#27;[38;5;32m[AndroidUiautomator2Driver@e3cd (9c0ff67f)]&amp#27;[0m Matched '/session/9c0ff67f-6efc-443b-a62f-dce2bca5d56b/element/00000000-0000-0042-0000-011300000004/text' to command name 'getText'
&amp#27;[38;5;32m[AndroidUiautomator2Driver@e3cd (9c0ff67f)]&amp#27;[0m Proxying [GET /session/9c0ff67f-6efc-443b-a62f-dce2bca5d56b/element/00000000-0000-0042-0000-011300000004/text] to [GET http://127.0.0.1:8200/session/2fea60ff-cc1e-449a-891a-56c913714252/element/00000000-0000-0042-0000-011300000004/text] with no body
&amp#27;[38;5;32m[AndroidUiautomator2Driver@e3cd (9c0ff67f)]&amp#27;[0m Got response with status 200: {"sessionId":"2fea60ff-cc1e-449a-891a-56c913714252","value":"86 %"}
&amp#27;[38;5;32m[AndroidUiautomator2Driver@e3cd (9c0ff67f)]&amp#27;[0m Replacing sessionId 2fea60ff-cc1e-449a-891a-56c913714252 with 9c0ff67f-6efc-443b-a62f-dce2bca5d56b
&amp#27;[38;5;0m[HTTP]&amp#27;[0m &amp#27;[37m<-- GET /session/9c0ff67f-6efc-443b-a62f-dce2bca5d56b/element/00000000-0000-0042-0000-011300000004/text &amp#27;[39m&amp#27;[32m200&amp#27;[39m &amp#27;[90m8 ms - 67&amp#27;[39m
&amp#27;[38;5;0m[HTTP]&amp#27;[0m &amp#27;[90m&amp#27;[39m
&amp#27;[38;5;0m[HTTP]&amp#27;[0m &amp#27;[37m-->&amp#27;[39m &amp#27;[37mGET&amp#27;[39m &amp#27;[37m/session/9c0ff67f-6efc-443b-a62f-dce2bca5d56b/element/00000000-0000-0042-0000-011500000004/text&amp#27;[39m
&amp#27;[38;5;0m[HTTP]&amp#27;[0m &amp#27;[90m{}&amp#27;[39m
&amp#27;[38;5;32m[AndroidUiautomator2Driver@e3cd (9c0ff67f)]&amp#27;[0m Driver proxy active, passing request on via HTTP proxy
&amp#27;[38;5;32m[AndroidUiautomator2Driver@e3cd (9c0ff67f)]&amp#27;[0m Matched '/session/9c0ff67f-6efc-443b-a62f-dce2bca5d56b/element/00000000-0000-0042-0000-011500000004/text' to command name 'getText'
&amp#27;[38;5;32m[AndroidUiautomator2Driver@e3cd (9c0ff67f)]&amp#27;[0m Proxying [GET /session/9c0ff67f-6efc-443b-a62f-dce2bca5d56b/element/00000000-0000-0042-0000-011500000004/text] to [GET http://127.0.0.1:8200/session/2fea60ff-cc1e-449a-891a-56c913714252/element/00000000-0000-0042-0000-011500000004/text] with no body
&amp#27;[38;5;32m[AndroidUiautomator2Driver@e3cd (9c0ff67f)]&amp#27;[0m Got response with status 200: {"sessionId":"2fea60ff-cc1e-449a-891a-56c913714252","value":"9 Â°C"}
&amp#27;[38;5;32m[AndroidUiautomator2Driver@e3cd (9c0ff67f)]&amp#27;[0m Replacing sessionId 2fea60ff-cc1e-449a-891a-56c913714252 with 9c0ff67f-6efc-443b-a62f-dce2bca5d56b
&amp#27;[38;5;0m[HTTP]&amp#27;[0m &amp#27;[37m<-- GET /session/9c0ff67f-6efc-443b-a62f-dce2bca5d56b/element/00000000-0000-0042-0000-011500000004/text &amp#27;[39m&amp#27;[32m200&amp#27;[39m &amp#27;[90m8 ms - 68&amp#27;[39m
&amp#27;[38;5;0m[HTTP]&amp#27;[0m &amp#27;[90m&amp#27;[39m
&amp#27;[38;5;0m[HTTP]&amp#27;[0m &amp#27;[37m-->&amp#27;[39m &amp#27;[37mGET&amp#27;[39m &amp#27;[37m/session/9c0ff67f-6efc-443b-a62f-dce2bca5d56b/element/00000000-0000-0042-0000-011700000004/text&amp#27;[39m
&amp#27;[38;5;0m[HTTP]&amp#27;[0m &amp#27;[90m{}&amp#27;[39m
&amp#27;[38;5;32m[AndroidUiautomator2Driver@e3cd (9c0ff67f)]&amp#27;[0m Driver proxy active, passing request on via HTTP proxy
&amp#27;[38;5;32m[AndroidUiautomator2Driver@e3cd (9c0ff67f)]&amp#27;[0m Matched '/session/9c0ff67f-6efc-443b-a62f-dce2bca5d56b/element/00000000-0000-0042-0000-011700000004/text' to command name 'getText'
&amp#27;[38;5;32m[AndroidUiautomator2Driver@e3cd (9c0ff67f)]&amp#27;[0m Proxying [GET /session/9c0ff67f-6efc-443b-a62f-dce2bca5d56b/element/00000000-0000-0042-0000-011700000004/text] to [GET http://127.0.0.1:8200/session/2fea60ff-cc1e-449a-891a-56c913714252/element/00000000-0000-0042-0000-011700000004/text] with no body
&amp#27;[38;5;32m[AndroidUiautomator2Driver@e3cd (9c0ff67f)]&amp#27;[0m Got response with status 200: {"sessionId":"2fea60ff-cc1e-449a-891a-56c913714252","value":"19:00"}
&amp#27;[38;5;32m[AndroidUiautomator2Driver@e3cd (9c0ff67f)]&amp#27;[0m Replacing sessionId 2fea60ff-cc1e-449a-891a-56c913714252 with 9c0ff67f-6efc-443b-a62f-dce2bca5d56b
&amp#27;[38;5;0m[HTTP]&amp#27;[0m &amp#27;[37m<-- GET /session/9c0ff67f-6efc-443b-a62f-dce2bca5d56b/element/00000000-0000-0042-0000-011700000004/text &amp#27;[39m&amp#27;[32m200&amp#27;[39m &amp#27;[90m9 ms - 68&amp#27;[39m
&amp#27;[38;5;0m[HTTP]&amp#27;[0m &amp#27;[90m&amp#27;[39m
&amp#27;[38;5;0m[HTTP]&amp#27;[0m &amp#27;[37m-->&amp#27;[39m &amp#27;[37mGET&amp#27;[39m &amp#27;[37m/session/9c0ff67f-6efc-443b-a62f-dce2bca5d56b/element/00000000-0000-0042-0000-011900000004/text&amp#27;[39m
&amp#27;[38;5;0m[HTTP]&amp#27;[0m &amp#27;[90m{}&amp#27;[39m
&amp#27;[38;5;32m[AndroidUiautomator2Driver@e3cd (9c0ff67f)]&amp#27;[0m Driver proxy active, passing request on via HTTP proxy
&amp#27;[38;5;32m[AndroidUiautomator2Driver@e3cd (9c0ff67f)]&amp#27;[0m Matched '/session/9c0ff67f-6efc-443b-a62f-dce2bca5d56b/element/00000000-0000-0042-0000-011900000004/text' to command name 'getText'
&amp#27;[38;5;32m[AndroidUiautomator2Driver@e3cd (9c0ff67f)]&amp#27;[0m Proxying [GET /session/9c0ff67f-6efc-443b-a62f-dce2bca5d56b/element/00000000-0000-0042-0000-011900000004/text] to [GET http://127.0.0.1:8200/session/2fea60ff-cc1e-449a-891a-56c913714252/element/00000000-0000-0042-0000-011900000004/text] with no body
&amp#27;[38;5;32m[AndroidUiautomator2Driver@e3cd (9c0ff67f)]&amp#27;[0m Got response with status 200: {"sessionId":"2fea60ff-cc1e-449a-891a-56c913714252","value":"overcast clouds"}
&amp#27;[38;5;32m[AndroidUiautomator2Driver@e3cd (9c0ff67f)]&amp#27;[0m Replacing sessionId 2fea60ff-cc1e-449a-891a-56c913714252 with 9c0ff67f-6efc-443b-a62f-dce2bca5d56b
&amp#27;[38;5;0m[HTTP]&amp#27;[0m &amp#27;[37m<-- GET /session/9c0ff67f-6efc-443b-a62f-dce2bca5d56b/element/00000000-0000-0042-0000-011900000004/text &amp#27;[39m&amp#27;[32m200&amp#27;[39m &amp#27;[90m10 ms - 78&amp#27;[39m
&amp#27;[38;5;0m[HTTP]&amp#27;[0m &amp#27;[90m&amp#27;[39m
&amp#27;[38;5;0m[HTTP]&amp#27;[0m &amp#27;[37m-->&amp#27;[39m &amp#27;[37mGET&amp#27;[39m &amp#27;[37m/session/9c0ff67f-6efc-443b-a62f-dce2bca5d56b/element/00000000-0000-0042-0000-011b00000004/text&amp#27;[39m
&amp#27;[38;5;0m[HTTP]&amp#27;[0m &amp#27;[90m{}&amp#27;[39m
&amp#27;[38;5;32m[AndroidUiautomator2Driver@e3cd (9c0ff67f)]&amp#27;[0m Driver proxy active, passing request on via HTTP proxy
&amp#27;[38;5;32m[AndroidUiautomator2Driver@e3cd (9c0ff67f)]&amp#27;[0m Matched '/session/9c0ff67f-6efc-443b-a62f-dce2bca5d56b/element/00000000-0000-0042-0000-011b00000004/text' to command name 'getText'
&amp#27;[38;5;32m[AndroidUiautomator2Driver@e3cd (9c0ff67f)]&amp#27;[0m Proxying [GET /session/9c0ff67f-6efc-443b-a62f-dce2bca5d56b/element/00000000-0000-0042-0000-011b00000004/text] to [GET http://127.0.0.1:8200/session/2fea60ff-cc1e-449a-891a-56c913714252/element/00000000-0000-0042-0000-011b00000004/text] with no body
&amp#27;[38;5;32m[AndroidUiautomator2Driver@e3cd (9c0ff67f)]&amp#27;[0m Got response with status 200: {"sessionId":"2fea60ff-cc1e-449a-891a-56c913714252","value":"86 %"}
&amp#27;[38;5;32m[AndroidUiautomator2Driver@e3cd (9c0ff67f)]&amp#27;[0m Replacing sessionId 2fea60ff-cc1e-449a-891a-56c913714252 with 9c0ff67f-6efc-443b-a62f-dce2bca5d56b
&amp#27;[38;5;0m[HTTP]&amp#27;[0m &amp#27;[37m<-- GET /session/9c0ff67f-6efc-443b-a62f-dce2bca5d56b/element/00000000-0000-0042-0000-011b00000004/text &amp#27;[39m&amp#27;[32m200&amp#27;[39m &amp#27;[90m9 ms - 67&amp#27;[39m
&amp#27;[38;5;0m[HTTP]&amp#27;[0m &amp#27;[90m&amp#27;[39m
&amp#27;[38;5;0m[HTTP]&amp#27;[0m &amp#27;[37m-->&amp#27;[39m &amp#27;[37mGET&amp#27;[39m &amp#27;[37m/session/9c0ff67f-6efc-443b-a62f-dce2bca5d56b/element/00000000-0000-0042-0000-011d00000004/text&amp#27;[39m
&amp#27;[38;5;0m[HTTP]&amp#27;[0m &amp#27;[90m{}&amp#27;[39m
&amp#27;[38;5;32m[AndroidUiautomator2Driver@e3cd (9c0ff67f)]&amp#27;[0m Driver proxy active, passing request on via HTTP proxy
&amp#27;[38;5;32m[AndroidUiautomator2Driver@e3cd (9c0ff67f)]&amp#27;[0m Matched '/session/9c0ff67f-6efc-443b-a62f-dce2bca5d56b/element/00000000-0000-0042-0000-011d00000004/text' to command name 'getText'
&amp#27;[38;5;32m[AndroidUiautomator2Driver@e3cd (9c0ff67f)]&amp#27;[0m Proxying [GET /session/9c0ff67f-6efc-443b-a62f-dce2bca5d56b/element/00000000-0000-0042-0000-011d00000004/text] to [GET http://127.0.0.1:8200/session/2fea60ff-cc1e-449a-891a-56c913714252/element/00000000-0000-0042-0000-011d00000004/text] with no body
&amp#27;[38;5;32m[AndroidUiautomator2Driver@e3cd (9c0ff67f)]&amp#27;[0m Got response with status 200: {"sessionId":"2fea60ff-cc1e-449a-891a-56c913714252","value":"9 Â°C"}
&amp#27;[38;5;32m[AndroidUiautomator2Driver@e3cd (9c0ff67f)]&amp#27;[0m Replacing sessionId 2fea60ff-cc1e-449a-891a-56c913714252 with 9c0ff67f-6efc-443b-a62f-dce2bca5d56b
&amp#27;[38;5;0m[HTTP]&amp#27;[0m &amp#27;[37m<-- GET /session/9c0ff67f-6efc-443b-a62f-dce2bca5d56b/element/00000000-0000-0042-0000-011d00000004/text &amp#27;[39m&amp#27;[32m200&amp#27;[39m &amp#27;[90m10 ms - 68&amp#27;[39m
&amp#27;[38;5;0m[HTTP]&amp#27;[0m &amp#27;[90m&amp#27;[39m
&amp#27;[38;5;0m[HTTP]&amp#27;[0m &amp#27;[37m-->&amp#27;[39m &amp#27;[37mPOST&amp#27;[39m &amp#27;[37m/session/9c0ff67f-6efc-443b-a62f-dce2bca5d56b/execute/sync&amp#27;[39m
&amp#27;[38;5;0m[HTTP]&amp#27;[0m &amp#27;[90m{"script":"mobile: swipeGesture","args":[{"elementId":"00000000-0000-0042-0000-001d00000004","percent":0.4,"speed":320,"direction":"left"}]}&amp#27;[39m
&amp#27;[38;5;32m[AndroidUiautomator2Driver@e3cd (9c0ff67f)]&amp#27;[0m Calling AppiumDriver.execute() with args: ["mobile: swipeGesture",[{"elementId":"00000000-0000-0042-0000-001d00000004","percent":0.4,"speed":320,"direction":"left"}],"9c0ff67f-6efc-443b-a62f-dce2bca5d56b"]
&amp#27;[38;5;32m[AndroidUiautomator2Driver@e3cd (9c0ff67f)]&amp#27;[0m Executing method 'mobile: swipeGesture'
&amp#27;[38;5;32m[AndroidUiautomator2Driver@e3cd (9c0ff67f)]&amp#27;[0m Proxying [POST /appium/gestures/swipe] to [POST http://127.0.0.1:8200/session/2fea60ff-cc1e-449a-891a-56c913714252/appium/gestures/swipe] with body: {"origin":{"ELEMENT":"00000000-0000-0042-0000-001d00000004","element-6066-11e4-a52e-4f735466cecf":"00000000-0000-0042-0000-001d00000004"},"direction":"left","percent":0.4,"speed":320}
&amp#27;[38;5;32m[AndroidUiautomator2Driver@e3cd (9c0ff67f)]&amp#27;[0m Got response with status 200: {"sessionId":"2fea60ff-cc1e-449a-891a-56c913714252","value":null}
&amp#27;[38;5;32m[AndroidUiautomator2Driver@e3cd (9c0ff67f)]&amp#27;[0m Responding to client with driver.execute() result: null
&amp#27;[38;5;0m[HTTP]&amp#27;[0m &amp#27;[37m<-- POST /session/9c0ff67f-6efc-443b-a62f-dce2bca5d56b/execute/sync &amp#27;[39m&amp#27;[32m200&amp#27;[39m &amp#27;[90m1571 ms - 14&amp#27;[39m
&amp#27;[38;5;0m[HTTP]&amp#27;[0m &amp#27;[90m&amp#27;[39m
&amp#27;[38;5;0m[HTTP]&amp#27;[0m &amp#27;[37m-->&amp#27;[39m &amp#27;[37mDELETE&amp#27;[39m &amp#27;[37m/session/9c0ff67f-6efc-443b-a62f-dce2bca5d56b&amp#27;[39m
&amp#27;[38;5;0m[HTTP]&amp#27;[0m &amp#27;[90m{}&amp#27;[39m
&amp#27;[38;5;32m[AndroidUiautomator2Driver@e3cd (9c0ff67f)]&amp#27;[0m Calling AppiumDriver.deleteSession() with args: ["9c0ff67f-6efc-443b-a62f-dce2bca5d56b"]
&amp#27;[38;5;16m[AppiumDriver@1ce0]&amp#27;[0m Event 'quitSessionRequested' logged at 1705314460598 (16:27:40 GMT+0600 (Bangladesh Standard Time))
&amp#27;[38;5;16m[AppiumDriver@1ce0]&amp#27;[0m Removing session 9c0ff67f-6efc-443b-a62f-dce2bca5d56b from our master session list
&amp#27;[38;5;32m[AndroidUiautomator2Driver@e3cd (9c0ff67f)]&amp#27;[0m Deleting UiAutomator2 session
&amp#27;[38;5;32m[AndroidUiautomator2Driver@e3cd (9c0ff67f)]&amp#27;[0m Deleting UiAutomator2 server session
&amp#27;[38;5;32m[AndroidUiautomator2Driver@e3cd (9c0ff67f)]&amp#27;[0m Matched '/' to command name 'deleteSession'
&amp#27;[38;5;32m[AndroidUiautomator2Driver@e3cd (9c0ff67f)]&amp#27;[0m Proxying [DELETE /] to [DELETE http://127.0.0.1:8200/session/2fea60ff-cc1e-449a-891a-56c913714252] with no body
&amp#27;[38;5;32m[AndroidUiautomator2Driver@e3cd (9c0ff67f)]&amp#27;[0m Got response with status 200: {"sessionId":"2fea60ff-cc1e-449a-891a-56c913714252","value":null}
&amp#27;[38;5;64m[ADB]&amp#27;[0m Running 'C:\Users\abuba\AppData\Local\Android\Sdk\platform-tools\adb.exe -P 5037 -s emulator-5554 shell dumpsys activity services io.appium.settings/.recorder.RecorderService'
&amp#27;[38;5;64m[ADB]&amp#27;[0m Running 'C:\Users\abuba\AppData\Local\Android\Sdk\platform-tools\adb.exe -P 5037 -s emulator-5554 shell am force-stop me.example.android.weatherapp'
&amp#27;[38;5;112m[Instrumentation]&amp#27;[0m .
&amp#27;[38;5;96m[Logcat]&amp#27;[0m Stopping logcat capture
&amp#27;[38;5;64m[ADB]&amp#27;[0m Removing forwarded port socket connection: 8200 
&amp#27;[38;5;64m[ADB]&amp#27;[0m Running 'C:\Users\abuba\AppData\Local\Android\Sdk\platform-tools\adb.exe -P 5037 -s emulator-5554 forward --remove tcp:8200'
&amp#27;[38;5;112m[Instrumentation]&amp#27;[0m Time: 60.221
&amp#27;[38;5;112m[Instrumentation]&amp#27;[0m 
&amp#27;[38;5;112m[Instrumentation]&amp#27;[0m OK (1 test)
&amp#27;[38;5;32m[AndroidUiautomator2Driver@e3cd (9c0ff67f)]&amp#27;[0m Restoring hidden api policy to the device default configuration
&amp#27;[38;5;64m[ADB]&amp#27;[0m Running 'C:\Users\abuba\AppData\Local\Android\Sdk\platform-tools\adb.exe -P 5037 -s emulator-5554 shell 'settings delete global hidden_api_policy_pre_p_apps;settings delete global hidden_api_policy_p_apps;settings delete global hidden_api_policy''
&amp#27;[38;5;112m[Instrumentation]&amp#27;[0m The process has exited with code 0
&amp#27;[38;5;16m[AppiumDriver@1ce0]&amp#27;[0m Event 'quitSessionFinished' logged at 1705314460754 (16:27:40 GMT+0600 (Bangladesh Standard Time))
&amp#27;[38;5;16m[AppiumDriver@1ce0]&amp#27;[0m Received response: null
&amp#27;[38;5;16m[AppiumDriver@1ce0]&amp#27;[0m But deleting session, so not returning
&amp#27;[38;5;16m[AppiumDriver@1ce0]&amp#27;[0m Responding to client with driver.deleteSession() result: null
&amp#27;[38;5;0m[HTTP]&amp#27;[0m &amp#27;[37m<-- DELETE /session/9c0ff67f-6efc-443b-a62f-dce2bca5d56b &amp#27;[39m&amp#27;[32m200&amp#27;[39m &amp#27;[90m157 ms - 14&amp#27;[39m
&amp#27;[38;5;0m[HTTP]&amp#27;[0m &amp#27;[90m&amp#27;[39m
]]></system-out>
  </testcase>
  <testcase name="Verify the weather app displays the weather forcast for the entire week." classname="Weather Application Test" time="29.666">
    <system-out><![CDATA[&amp#27;[38;5;0m[HTTP]&amp#27;[0m Request idempotency key: 2330fdb9-827f-47d5-aa59-89d60915ea8b
&amp#27;[38;5;0m[HTTP]&amp#27;[0m &amp#27;[37m-->&amp#27;[39m &amp#27;[37mPOST&amp#27;[39m &amp#27;[37m/session&amp#27;[39m
&amp#27;[38;5;0m[HTTP]&amp#27;[0m &amp#27;[90m{"capabilities":{"firstMatch":[{}],"alwaysMatch":{"appium:app":"src/test/resources/apk/app-debug.apk","appium:autoGrantPermissions":true,"appium:automationName":"UIAutomator2","appium:udid":"emulator-5554","platformName":"ANDROID"}}}&amp#27;[39m
&amp#27;[38;5;16m[AppiumDriver@1ce0]&amp#27;[0m Calling AppiumDriver.createSession() with args: [null,null,{"firstMatch":[{}],"alwaysMatch":{"appium:app":"src/test/resources/apk/app-debug.apk","appium:autoGrantPermissions":true,"appium:automationName":"UIAutomator2","appium:udid":"emulator-5554","platformName":"ANDROID"}}]
&amp#27;[38;5;16m[AppiumDriver@1ce0]&amp#27;[0m Event 'newSessionRequested' logged at 1705314460770 (16:27:40 GMT+0600 (Bangladesh Standard Time))
&amp#27;[35m[Appium]&amp#27;[39m Attempting to find matching driver for automationName 'UIAutomator2' and platformName 'ANDROID'
&amp#27;[35m[Appium]&amp#27;[39m The 'uiautomator2' driver was installed and matched caps.
&amp#27;[35m[Appium]&amp#27;[39m Will require it at C:\Users\abuba\.appium\node_modules\appium-uiautomator2-driver
&amp#27;[35m[Appium]&amp#27;[39m Requiring driver at C:\Users\abuba\.appium\node_modules\appium-uiautomator2-driver\build\index.js
&amp#27;[38;5;16m[AppiumDriver@1ce0]&amp#27;[0m Appium v2.4.1 creating new AndroidUiautomator2Driver (v2.42.0) session
&amp#27;[38;5;16m[AppiumDriver@1ce0]&amp#27;[0m Checking BaseDriver versions for Appium and AndroidUiautomator2Driver
&amp#27;[38;5;16m[AppiumDriver@1ce0]&amp#27;[0m Appium's BaseDriver version is 9.5.0
&amp#27;[38;5;16m[AppiumDriver@1ce0]&amp#27;[0m AndroidUiautomator2Driver's BaseDriver version is 9.5.0
&amp#27;[38;5;32m[AndroidUiautomator2Driver@820d]&amp#27;[0m Creating session with W3C capabilities: {
&amp#27;[38;5;32m[AndroidUiautomator2Driver@820d]&amp#27;[0m   "alwaysMatch": {
&amp#27;[38;5;32m[AndroidUiautomator2Driver@820d]&amp#27;[0m     "platformName": "ANDROID",
&amp#27;[38;5;32m[AndroidUiautomator2Driver@820d]&amp#27;[0m     "appium:app": "src/test/resources/apk/app-debug.apk",
&amp#27;[38;5;32m[AndroidUiautomator2Driver@820d]&amp#27;[0m     "appium:autoGrantPermissions": true,
&amp#27;[38;5;32m[AndroidUiautomator2Driver@820d]&amp#27;[0m     "appium:automationName": "UIAutomator2",
&amp#27;[38;5;32m[AndroidUiautomator2Driver@820d]&amp#27;[0m     "appium:udid": "emulator-5554"
&amp#27;[38;5;32m[AndroidUiautomator2Driver@820d]&amp#27;[0m   },
&amp#27;[38;5;32m[AndroidUiautomator2Driver@820d]&amp#27;[0m   "firstMatch": [
&amp#27;[38;5;32m[AndroidUiautomator2Driver@820d]&amp#27;[0m     {}
&amp#27;[38;5;32m[AndroidUiautomator2Driver@820d]&amp#27;[0m   ]
&amp#27;[38;5;32m[AndroidUiautomator2Driver@820d]&amp#27;[0m }
&amp#27;[38;5;32m[AndroidUiautomator2Driver@820d (d12fe72d)]&amp#27;[0m Session created with session id: d12fe72d-7a4f-481e-9083-8cd36615e04a
&amp#27;[38;5;48m[BaseDriver]&amp#27;[0m Using local app 'src/test/resources/apk/app-debug.apk'
&amp#27;[38;5;48m[BaseDriver]&amp#27;[0m The current application path 'src/test/resources/apk/app-debug.apk' is not absolute and has been rewritten to 'C:\Users\abuba\java_projects\weatherAppTest\src\test\resources\apk\app-debug.apk'. Consider using absolute paths rather than relative
&amp#27;[38;5;32m[AndroidUiautomator2Driver@820d (d12fe72d)]&amp#27;[0m Checking whether app is actually present
&amp#27;[38;5;64m[ADB]&amp#27;[0m Using 'adb.exe' from 'C:\Users\abuba\AppData\Local\Android\Sdk\platform-tools\adb.exe'
&amp#27;[38;5;64m[ADB]&amp#27;[0m Running 'C:\Users\abuba\AppData\Local\Android\Sdk\platform-tools\adb.exe -P 5037 start-server'
&amp#27;[38;5;80m[AndroidDriver]&amp#27;[0m Retrieving device list
&amp#27;[38;5;64m[ADB]&amp#27;[0m Trying to find connected Android devices
&amp#27;[38;5;64m[ADB]&amp#27;[0m Getting connected devices
&amp#27;[38;5;64m[ADB]&amp#27;[0m Connected devices: [{"udid":"emulator-5554","state":"device"}]
&amp#27;[38;5;80m[AndroidDriver]&amp#27;[0m Using device: emulator-5554
&amp#27;[38;5;64m[ADB]&amp#27;[0m Using 'adb.exe' from 'C:\Users\abuba\AppData\Local\Android\Sdk\platform-tools\adb.exe'
&amp#27;[38;5;64m[ADB]&amp#27;[0m Running 'C:\Users\abuba\AppData\Local\Android\Sdk\platform-tools\adb.exe -P 5037 start-server'
&amp#27;[38;5;64m[ADB]&amp#27;[0m Setting device id to emulator-5554
&amp#27;[38;5;64m[ADB]&amp#27;[0m Running 'C:\Users\abuba\AppData\Local\Android\Sdk\platform-tools\adb.exe -P 5037 -s emulator-5554 shell getprop ro.build.version.sdk'
&amp#27;[38;5;64m[ADB]&amp#27;[0m Current device property 'ro.build.version.sdk': 34
&amp#27;[38;5;64m[ADB]&amp#27;[0m Getting device platform version
&amp#27;[38;5;64m[ADB]&amp#27;[0m Running 'C:\Users\abuba\AppData\Local\Android\Sdk\platform-tools\adb.exe -P 5037 -s emulator-5554 shell getprop ro.build.version.release'
&amp#27;[38;5;64m[ADB]&amp#27;[0m Current device property 'ro.build.version.release': 14
&amp#27;[38;5;64m[ADB]&amp#27;[0m Device API level: 34
&amp#27;[38;5;32m[AndroidUiautomator2Driver@820d (d12fe72d)]&amp#27;[0m Relaxing hidden api policy
&amp#27;[38;5;64m[ADB]&amp#27;[0m Running 'C:\Users\abuba\AppData\Local\Android\Sdk\platform-tools\adb.exe -P 5037 -s emulator-5554 shell 'settings put global hidden_api_policy_pre_p_apps 1;settings put global hidden_api_policy_p_apps 1;settings put global hidden_api_policy 1''
&amp#27;[38;5;80m[AndroidDriver]&amp#27;[0m Parsing package and activity from app manifest
&amp#27;[38;5;64m[ADB]&amp#27;[0m Package name: 'me.example.android.weatherapp'
&amp#27;[38;5;64m[ADB]&amp#27;[0m Main activity name: 'me.example.android.weatherapp.MainActivity'
&amp#27;[38;5;80m[AndroidDriver]&amp#27;[0m Parsed package and activity are: me.example.android.weatherapp/me.example.android.weatherapp.MainActivity
&amp#27;[38;5;64m[ADB]&amp#27;[0m Running 'C:\Users\abuba\AppData\Local\Android\Sdk\platform-tools\adb.exe -P 5037 -s emulator-5554 wait-for-device'
&amp#27;[38;5;64m[ADB]&amp#27;[0m Running 'C:\Users\abuba\AppData\Local\Android\Sdk\platform-tools\adb.exe -P 5037 -s emulator-5554 shell echo ping'
&amp#27;[38;5;80m[AndroidDriver]&amp#27;[0m Pushing settings apk to device...
&amp#27;[38;5;64m[ADB]&amp#27;[0m Getting package info for 'io.appium.settings'
&amp#27;[38;5;64m[ADB]&amp#27;[0m Running 'C:\Users\abuba\AppData\Local\Android\Sdk\platform-tools\adb.exe -P 5037 -s emulator-5554 shell dumpsys package io.appium.settings'
&amp#27;[38;5;64m[ADB]&amp#27;[0m The version name of the installed 'io.appium.settings' is greater or equal to the application version name ('5.7.1' >= '5.7.1')
&amp#27;[38;5;64m[ADB]&amp#27;[0m There is no need to install/upgrade 'C:\Users\abuba\.appium\node_modules\appium-uiautomator2-driver\node_modules\io.appium.settings\apks\settings_apk-debug.apk'
&amp#27;[38;5;64m[ADB]&amp#27;[0m Running 'C:\Users\abuba\AppData\Local\Android\Sdk\platform-tools\adb.exe -P 5037 -s emulator-5554 shell dumpsys activity services io.appium.settings'
&amp#27;[38;5;80m[AndroidDriver]&amp#27;[0m io.appium.settings is already running. There is no need to reset its permissions.
&amp#27;[38;5;96m[Logcat]&amp#27;[0m Starting logs capture with command: C:\\Users\\abuba\\AppData\\Local\\Android\\Sdk\\platform-tools\\adb.exe -P 5037 -s emulator-5554 logcat -v threadtime
&amp#27;[38;5;32m[AndroidUiautomator2Driver@820d (d12fe72d)]&amp#27;[0m Forwarding UiAutomator2 Server port 6790 to local port 8200
&amp#27;[38;5;64m[ADB]&amp#27;[0m Forwarding system: 8200 to device: 6790
&amp#27;[38;5;64m[ADB]&amp#27;[0m Running 'C:\Users\abuba\AppData\Local\Android\Sdk\platform-tools\adb.exe -P 5037 -s emulator-5554 forward tcp:8200 tcp:6790'
&amp#27;[38;5;64m[ADB]&amp#27;[0m Checking app cert for C:\Users\abuba\.appium\node_modules\appium-uiautomator2-driver\node_modules\appium-uiautomator2-server\apks\appium-uiautomator2-server-v6.0.3.apk
&amp#27;[38;5;64m[ADB]&amp#27;[0m Checking app cert for C:\Users\abuba\.appium\node_modules\appium-uiautomator2-driver\node_modules\appium-uiautomator2-server\apks\appium-uiautomator2-server-debug-androidTest.apk
&amp#27;[38;5;64m[ADB]&amp#27;[0m Using the previously cached signature entry for 'appium-uiautomator2-server-debug-androidTest.apk'
&amp#27;[38;5;64m[ADB]&amp#27;[0m sha256 hash did match for 'appium-uiautomator2-server-debug-androidTest.apk'
&amp#27;[38;5;64m[ADB]&amp#27;[0m Getting install status for io.appium.uiautomator2.server.test
&amp#27;[38;5;64m[ADB]&amp#27;[0m Running 'C:\Users\abuba\AppData\Local\Android\Sdk\platform-tools\adb.exe -P 5037 -s emulator-5554 shell pm path io.appium.uiautomator2.server.test'
&amp#27;[38;5;64m[ADB]&amp#27;[0m 'io.appium.uiautomator2.server.test' is installed
&amp#27;[38;5;64m[ADB]&amp#27;[0m Using the previously cached signature entry for 'appium-uiautomator2-server-v6.0.3.apk'
&amp#27;[38;5;64m[ADB]&amp#27;[0m sha256 hash did match for 'appium-uiautomator2-server-v6.0.3.apk'
&amp#27;[38;5;64m[ADB]&amp#27;[0m Getting package info for 'io.appium.uiautomator2.server'
&amp#27;[38;5;64m[ADB]&amp#27;[0m Running 'C:\Users\abuba\AppData\Local\Android\Sdk\platform-tools\adb.exe -P 5037 -s emulator-5554 shell dumpsys package io.appium.uiautomator2.server'
&amp#27;[38;5;64m[ADB]&amp#27;[0m The version name of the installed 'io.appium.uiautomator2.server' is greater or equal to the application version name ('6.0.3' >= '6.0.3')
&amp#27;[38;5;32m[AndroidUiautomator2Driver@820d (d12fe72d)]&amp#27;[0m Server packages status: [{"wasSigned":true,"installState":"sameVersionInstalled","appPath":"C:\\Users\\abuba\\.appium\\node_modules\\appium-uiautomator2-driver\\node_modules\\appium-uiautomator2-server\\apks\\appium-uiautomator2-server-v6.0.3.apk","appId":"io.appium.uiautomator2.server"},{"wasSigned":true,"installState":"sameVersionInstalled","appPath":"C:\\Users\\abuba\\.appium\\node_modules\\appium-uiautomator2-driver\\node_modules\\appium-uiautomator2-server\\apks\\appium-uiautomator2-server-debug-androidTest.apk","appId":"io.appium.uiautomator2.server.test"}]
&amp#27;[38;5;32m[AndroidUiautomator2Driver@820d (d12fe72d)]&amp#27;[0m Server packages are not going to be (re)installed
&amp#27;[38;5;32m[AndroidUiautomator2Driver@820d (d12fe72d)]&amp#27;[0m Waiting up to 30000ms for services to be available
&amp#27;[38;5;64m[ADB]&amp#27;[0m Running 'C:\Users\abuba\AppData\Local\Android\Sdk\platform-tools\adb.exe -P 5037 -s emulator-5554 shell pm list instrumentation'
&amp#27;[38;5;32m[AndroidUiautomator2Driver@820d (d12fe72d)]&amp#27;[0m Instrumentation target 'io.appium.uiautomator2.server.test/androidx.test.runner.AndroidJUnitRunner' is available
&amp#27;[38;5;64m[ADB]&amp#27;[0m Adding packages ["io.appium.settings","io.appium.uiautomator2.server","io.appium.uiautomator2.server.test"] to Doze whitelist
&amp#27;[38;5;64m[ADB]&amp#27;[0m Got the following command chunks to execute: [["dumpsys","deviceidle","whitelist","+io.appium.settings",";","dumpsys","deviceidle","whitelist","+io.appium.uiautomator2.server",";","dumpsys","deviceidle","whitelist","+io.appium.uiautomator2.server.test",";"]]
&amp#27;[38;5;64m[ADB]&amp#27;[0m Running 'C:\Users\abuba\AppData\Local\Android\Sdk\platform-tools\adb.exe -P 5037 -s emulator-5554 shell dumpsys deviceidle whitelist +io.appium.settings ; dumpsys deviceidle whitelist +io.appium.uiautomator2.server ; dumpsys deviceidle whitelist +io.appium.uiautomator2.server.test ;'
&amp#27;[38;5;64m[ADB]&amp#27;[0m Checking app cert for C:\Users\abuba\java_projects\weatherAppTest\src\test\resources\apk\app-debug.apk
&amp#27;[38;5;64m[ADB]&amp#27;[0m Using the previously cached signature entry for 'app-debug.apk'
&amp#27;[38;5;64m[ADB]&amp#27;[0m Getting package info for 'me.example.android.weatherapp'
&amp#27;[38;5;64m[ADB]&amp#27;[0m Running 'C:\Users\abuba\AppData\Local\Android\Sdk\platform-tools\adb.exe -P 5037 -s emulator-5554 shell dumpsys package me.example.android.weatherapp'
&amp#27;[38;5;64m[ADB]&amp#27;[0m The version name of the installed 'me.example.android.weatherapp' is greater or equal to the application version name ('1.0.0' >= '1.0.0')
&amp#27;[38;5;64m[ADB]&amp#27;[0m There is no need to install/upgrade 'C:\Users\abuba\java_projects\weatherAppTest\src\test\resources\apk\app-debug.apk'
&amp#27;[38;5;80m[AndroidDriver]&amp#27;[0m Performing fast reset on 'me.example.android.weatherapp'
&amp#27;[38;5;64m[ADB]&amp#27;[0m Getting install status for me.example.android.weatherapp
&amp#27;[38;5;64m[ADB]&amp#27;[0m Running 'C:\Users\abuba\AppData\Local\Android\Sdk\platform-tools\adb.exe -P 5037 -s emulator-5554 shell pm path me.example.android.weatherapp'
&amp#27;[38;5;64m[ADB]&amp#27;[0m 'me.example.android.weatherapp' is installed
&amp#27;[38;5;64m[ADB]&amp#27;[0m Running 'C:\Users\abuba\AppData\Local\Android\Sdk\platform-tools\adb.exe -P 5037 -s emulator-5554 shell am force-stop me.example.android.weatherapp'
&amp#27;[38;5;64m[ADB]&amp#27;[0m Running 'C:\Users\abuba\AppData\Local\Android\Sdk\platform-tools\adb.exe -P 5037 -s emulator-5554 shell pm clear me.example.android.weatherapp'
&amp#27;[38;5;64m[ADB]&amp#27;[0m Running 'C:\Users\abuba\AppData\Local\Android\Sdk\platform-tools\adb.exe -P 5037 -s emulator-5554 shell dumpsys package me.example.android.weatherapp'
&amp#27;[38;5;64m[ADB]&amp#27;[0m Retrieving requested permissions
&amp#27;[38;5;64m[ADB]&amp#27;[0m Retrieved 8 permissions from requested group
&amp#27;[38;5;64m[ADB]&amp#27;[0m Retrieving granted permissions
&amp#27;[38;5;64m[ADB]&amp#27;[0m Retrieved 1 permission from install,runtime groups
&amp#27;[38;5;64m[ADB]&amp#27;[0m Granting permissions ["android.permission.ACCESS_FINE_LOCATION","android.permission.ACCESS_COARSE_LOCATION","android.permission.POST_NOTIFICATIONS","android.permission.POST_NOTIFICATIONS","android.permission.ACCESS_FINE_LOCATION","android.permission.ACCESS_COARSE_LOCATION"] to 'me.example.android.weatherapp'
&amp#27;[38;5;64m[ADB]&amp#27;[0m Got the following command chunks to execute: [["pm","grant","me.example.android.weatherapp","android.permission.ACCESS_FINE_LOCATION",";","pm","grant","me.example.android.weatherapp","android.permission.ACCESS_COARSE_LOCATION",";","pm","grant","me.example.android.weatherapp","android.permission.POST_NOTIFICATIONS",";","pm","grant","me.example.android.weatherapp","android.permission.POST_NOTIFICATIONS",";","pm","grant","me.example.android.weatherapp","android.permission.ACCESS_FINE_LOCATION",";","pm","grant","me.example.android.weatherapp","android.permission.ACCESS_COARSE_LOCATION",";"]]
&amp#27;[38;5;64m[ADB]&amp#27;[0m Running 'C:\Users\abuba\AppData\Local\Android\Sdk\platform-tools\adb.exe -P 5037 -s emulator-5554 shell pm grant me.example.android.weatherapp android.permission.ACCESS_FINE_LOCATION ; pm grant me.example.android.weatherapp android.permission.ACCESS_COARSE_LOCATION ; pm grant me.example.android.weatherapp android.permission.POST_NOTIFICATIONS ; pm grant me.example.android.weatherapp android.permission.POST_NOTIFICATIONS ; pm grant me.example.android.weatherapp android.permission.ACCESS_FINE_LOCATION ; pm grant me.example.android.weatherapp android.permission.ACCESS_COARSE_LOCATION ;'
&amp#27;[38;5;80m[AndroidDriver]&amp#27;[0m Performed fast reset on the installed 'me.example.android.weatherapp' application (stop and clear)
&amp#27;[38;5;32m[AndroidUiautomator2Driver@820d (d12fe72d)]&amp#27;[0m Performing shallow cleanup of automation leftovers
&amp#27;[38;5;32m[AndroidUiautomator2Driver@820d (d12fe72d)]&amp#27;[0m No obsolete sessions have been detected (socket hang up)
&amp#27;[38;5;64m[ADB]&amp#27;[0m Running 'C:\Users\abuba\AppData\Local\Android\Sdk\platform-tools\adb.exe -P 5037 -s emulator-5554 shell am force-stop io.appium.uiautomator2.server.test'
&amp#27;[38;5;32m[AndroidUiautomator2Driver@820d (d12fe72d)]&amp#27;[0m Starting UIAutomator2 server 6.0.3
&amp#27;[38;5;32m[AndroidUiautomator2Driver@820d (d12fe72d)]&amp#27;[0m Using UIAutomator2 server from 'C:\Users\abuba\.appium\node_modules\appium-uiautomator2-driver\node_modules\appium-uiautomator2-server\apks\appium-uiautomator2-server-v6.0.3.apk' and test from 'C:\Users\abuba\.appium\node_modules\appium-uiautomator2-driver\node_modules\appium-uiautomator2-server\apks\appium-uiautomator2-server-debug-androidTest.apk'
&amp#27;[38;5;32m[AndroidUiautomator2Driver@820d (d12fe72d)]&amp#27;[0m Waiting up to 30000ms for UiAutomator2 to be online...
&amp#27;[38;5;64m[ADB]&amp#27;[0m Creating ADB subprocess with args: ["-P","5037","-s","emulator-5554","shell","am","instrument","-w","-e","disableAnalytics","true","io.appium.uiautomator2.server.test/androidx.test.runner.AndroidJUnitRunner"]
&amp#27;[38;5;32m[AndroidUiautomator2Driver@820d (d12fe72d)]&amp#27;[0m Matched '/status' to command name 'getStatus'
&amp#27;[38;5;32m[AndroidUiautomator2Driver@820d (d12fe72d)]&amp#27;[0m Proxying [GET /status] to [GET http://127.0.0.1:8200/status] with no body
&amp#27;[38;5;32m[AndroidUiautomator2Driver@820d (d12fe72d)]&amp#27;[0m socket hang up
&amp#27;[38;5;112m[Instrumentation]&amp#27;[0m io.appium.uiautomator2.server.test.AppiumUiAutomator2Server:
&amp#27;[38;5;32m[AndroidUiautomator2Driver@820d (d12fe72d)]&amp#27;[0m Matched '/status' to command name 'getStatus'
&amp#27;[38;5;32m[AndroidUiautomator2Driver@820d (d12fe72d)]&amp#27;[0m Proxying [GET /status] to [GET http://127.0.0.1:8200/status] with no body
&amp#27;[38;5;32m[AndroidUiautomator2Driver@820d (d12fe72d)]&amp#27;[0m socket hang up
&amp#27;[38;5;32m[AndroidUiautomator2Driver@820d (d12fe72d)]&amp#27;[0m Matched '/status' to command name 'getStatus'
&amp#27;[38;5;32m[AndroidUiautomator2Driver@820d (d12fe72d)]&amp#27;[0m Proxying [GET /status] to [GET http://127.0.0.1:8200/status] with no body
&amp#27;[38;5;32m[AndroidUiautomator2Driver@820d (d12fe72d)]&amp#27;[0m Got response with status 200: {"sessionId":"None","value":{"message":"UiAutomator2 Server is ready to accept commands","ready":true}}
&amp#27;[38;5;32m[AndroidUiautomator2Driver@820d (d12fe72d)]&amp#27;[0m The initialization of the instrumentation process took 2113ms
&amp#27;[38;5;32m[AndroidUiautomator2Driver@820d (d12fe72d)]&amp#27;[0m Matched '/session' to command name 'createSession'
&amp#27;[38;5;32m[AndroidUiautomator2Driver@820d (d12fe72d)]&amp#27;[0m Proxying [POST /session] to [POST http://127.0.0.1:8200/session] with body: {"capabilities":{"firstMatch":[{"platformName":"ANDROID","app":"src/test/resources/apk/app-debug.apk","autoGrantPermissions":true,"automationName":"UIAutomator2","udid":"emulator-5554","platform":"LINUX","webStorageEnabled":false,"takesScreenshot":true,"javascriptEnabled":true,"databaseEnabled":false,"networkConnectionEnabled":true,"locationContextEnabled":false,"warnings":{},"desired":{"platformName":"ANDROID","app":"src/test/resources/apk/app-debug.apk","autoGrantPermissions":true,"automationName":"UIAutomator2","udid":"emulator-5554"},"deviceName":"emulator-5554","deviceUDID":"emulator-5554","appPackage":"me.example.android.weatherapp"}],"alwaysMatch":{}}}
&amp#27;[38;5;32m[AndroidUiautomator2Driver@820d (d12fe72d)]&amp#27;[0m Got response with status 200: {"sessionId":"5b82ceeb-9e4c-4729-8c90-d8641a83fc81","value":{"capabilities":{"firstMatch":[{"platformName":"ANDROID","app":"src/test/resources/apk/app-debug.apk","autoGrantPermissions":true,"automationName":"UIAutomator2","udid":"emulator-5554","platform":"LINUX","webStorageEnabled":false,"takesScreenshot":true,"javascriptEnabled":true,"databaseEnabled":false,"networkConnectionEnabled":true,"locationContextEnabled":false,"warnings":{},"desired":{"platformName":"ANDROID","app":"src/test/resources/apk/app-debug.apk","autoGrantPermissions":true,"automationName":"UIAutomator2","udid":"emulator-5554"},"deviceName":"emulator-5554","deviceUDID":"emulator-5554","appPackage":"me.example.android.weatherapp"}],"alwaysMatch":{}},"sessionId":"5b82ceeb-9e4c-4729-8c90-d8641a83fc81"}}
&amp#27;[38;5;32m[AndroidUiautomator2Driver@820d (d12fe72d)]&amp#27;[0m Determined the downstream protocol as 'W3C'
&amp#27;[38;5;32m[AndroidUiautomator2Driver@820d (d12fe72d)]&amp#27;[0m Proxying [GET /appium/device/pixel_ratio] to [GET http://127.0.0.1:8200/session/5b82ceeb-9e4c-4729-8c90-d8641a83fc81/appium/device/pixel_ratio] with no body
&amp#27;[38;5;32m[AndroidUiautomator2Driver@820d (d12fe72d)]&amp#27;[0m Matched '/appium/device/system_bars' to command name 'getSystemBars'
&amp#27;[38;5;32m[AndroidUiautomator2Driver@820d (d12fe72d)]&amp#27;[0m Proxying [GET /appium/device/system_bars] to [GET http://127.0.0.1:8200/session/5b82ceeb-9e4c-4729-8c90-d8641a83fc81/appium/device/system_bars] with no body
&amp#27;[38;5;32m[AndroidUiautomator2Driver@820d (d12fe72d)]&amp#27;[0m Matched '/window/current/size' to command name 'getWindowSize'
&amp#27;[38;5;32m[AndroidUiautomator2Driver@820d (d12fe72d)]&amp#27;[0m Proxying [GET /window/current/size] to [GET http://127.0.0.1:8200/session/5b82ceeb-9e4c-4729-8c90-d8641a83fc81/window/current/size] with no body
&amp#27;[38;5;32m[AndroidUiautomator2Driver@820d (d12fe72d)]&amp#27;[0m Proxying [GET /appium/device/info] to [GET http://127.0.0.1:8200/session/5b82ceeb-9e4c-4729-8c90-d8641a83fc81/appium/device/info] with no body
&amp#27;[38;5;64m[ADB]&amp#27;[0m Running 'C:\Users\abuba\AppData\Local\Android\Sdk\platform-tools\adb.exe -P 5037 -s emulator-5554 shell dumpsys window'
&amp#27;[38;5;32m[AndroidUiautomator2Driver@820d (d12fe72d)]&amp#27;[0m Got response with status 200: {"sessionId":"5b82ceeb-9e4c-4729-8c90-d8641a83fc81","value":2.75}
&amp#27;[38;5;32m[AndroidUiautomator2Driver@820d (d12fe72d)]&amp#27;[0m Got response with status 200: {"sessionId":"5b82ceeb-9e4c-4729-8c90-d8641a83fc81","value":{"statusBar":66}}
&amp#27;[38;5;32m[AndroidUiautomator2Driver@820d (d12fe72d)]&amp#27;[0m Got response with status 200: {"sessionId":"5b82ceeb-9e4c-4729-8c90-d8641a83fc81","value":{"height":2220,"width":1080}}
&amp#27;[38;5;32m[AndroidUiautomator2Driver@820d (d12fe72d)]&amp#27;[0m Got response with status 200: {"sessionId":"5b82ceeb-9e4c-4729-8c90-d8641a83fc81","value":{"androidId":"f238964dfab8eda9","apiVersion":"34","bluetooth":{"state":"ON"},"brand":"google","carrierName":"T-Mobile","displayDensity":440,"locale":"en_US","manufacturer":"Google","model":"sdk_gphone64_x86_64","networks":[{"capabilities":{"SSID":null,"linkDownBandwidthKbps":30000,"linkUpstreamBandwidthKbps":15000,"networkCapabilities":"NET_CAPABILITY_MMS,NET_CAPABILITY_SUPL,NET_CAPABILITY_DUN,NET_CAPABILITY_FOTA,NET_CAPABILITY_IMS,NET_CAPABILITY_CBS,NET_CAPABILITY_INTERNET,NET_CAPABILITY_NOT_RESTRICTED,NET_CAPABILITY_TRUSTED,NET_CAPABILITY_NOT_VPN,NET_CAPABILITY_VALIDATED,NET_CAPABILITY_NOT_ROAMING,NET_CAPABILITY_NOT_CONGESTED,NET_CAPABILITY_NOT_SUSPENDED","signalStrength":-2147483648,"transportTypes":"TRANSPORT_CELLULAR"},"detailedState":"CONNECTED","extraInfo":"epc.tmobile.com","isAvailable":true,"isConnected":true,"isFailover":false,"isRoaming":false,"state":"CONNECTED","subtype":10,"subtypeName":"HSPA","type":0,"typeName":"MOBILE"},{"capabili...
&amp#27;[38;5;80m[AndroidDriver]&amp#27;[0m Screen already unlocked, doing nothing
&amp#27;[38;5;32m[AndroidUiautomator2Driver@820d (d12fe72d)]&amp#27;[0m Starting 'me.example.android.weatherapp/me.example.android.weatherapp.MainActivity and waiting for 'me.example.android.weatherapp/me.example.android.weatherapp.MainActivity'
&amp#27;[38;5;64m[ADB]&amp#27;[0m Running 'C:\Users\abuba\AppData\Local\Android\Sdk\platform-tools\adb.exe -P 5037 -s emulator-5554 shell am start -W -n me.example.android.weatherapp/me.example.android.weatherapp.MainActivity -S -a android.intent.action.MAIN -c android.intent.category.LAUNCHER -f 0x10200000'
&amp#27;[38;5;64m[ADB]&amp#27;[0m Waiting up to 20000ms for activity matching pkg: 'me.example.android.weatherapp' and activity: 'me.example.android.weatherapp.MainActivity' to be focused
&amp#27;[38;5;64m[ADB]&amp#27;[0m Possible activities, to be checked: 'me.example.android.weatherapp.MainActivity', 'me.example.android.weatherapp.me.example.android.weatherapp.MainActivity'
&amp#27;[38;5;64m[ADB]&amp#27;[0m Getting focused package and activity
&amp#27;[38;5;64m[ADB]&amp#27;[0m Running 'C:\Users\abuba\AppData\Local\Android\Sdk\platform-tools\adb.exe -P 5037 -s emulator-5554 shell dumpsys window displays'
&amp#27;[38;5;64m[ADB]&amp#27;[0m Found package: 'me.example.android.weatherapp' and fully qualified activity name : 'me.example.android.weatherapp.MainActivity'
&amp#27;[38;5;16m[AppiumDriver@1ce0]&amp#27;[0m New AndroidUiautomator2Driver session created successfully, session d12fe72d-7a4f-481e-9083-8cd36615e04a added to master session list
&amp#27;[38;5;16m[AppiumDriver@1ce0]&amp#27;[0m Event 'newSessionStarted' logged at 1705314465101 (16:27:45 GMT+0600 (Bangladesh Standard Time))
&amp#27;[38;5;32m[AndroidUiautomator2Driver@820d (d12fe72d)]&amp#27;[0m Cached the protocol value 'W3C' for the new session d12fe72d-7a4f-481e-9083-8cd36615e04a
&amp#27;[38;5;32m[AndroidUiautomator2Driver@820d (d12fe72d)]&amp#27;[0m Responding to client with driver.createSession() result: {"capabilities":{"platformName":"ANDROID","app":"src/test/resources/apk/app-debug.apk","autoGrantPermissions":true,"automationName":"UIAutomator2","udid":"emulator-5554","platform":"LINUX","webStorageEnabled":false,"takesScreenshot":true,"javascriptEnabled":true,"databaseEnabled":false,"networkConnectionEnabled":true,"locationContextEnabled":false,"warnings":{},"desired":{"platformName":"ANDROID","app":"src/test/resources/apk/app-debug.apk","autoGrantPermissions":true,"automationName":"UIAutomator2","udid":"emulator-5554"},"deviceName":"emulator-5554","deviceUDID":"emulator-5554","appPackage":"me.example.android.weatherapp","pixelRatio":"2.75","statBarHeight":66,"viewportRect":{"left":0,"top":66,"width":1080,"height":2154},"deviceApiLevel":34,"platformVersion":"14","deviceManufacturer":"Google","deviceModel":"sdk_gphone64_x86_64","deviceScreenSize":"1080x2220","deviceScreenDensity":440}}
&amp#27;[38;5;0m[HTTP]&amp#27;[0m &amp#27;[37m<-- POST /session &amp#27;[39m&amp#27;[32m200&amp#27;[39m &amp#27;[90m4332 ms - 961&amp#27;[39m
&amp#27;[38;5;0m[HTTP]&amp#27;[0m &amp#27;[90m&amp#27;[39m
&amp#27;[38;5;0m[HTTP]&amp#27;[0m &amp#27;[37m-->&amp#27;[39m &amp#27;[37mPOST&amp#27;[39m &amp#27;[37m/session/d12fe72d-7a4f-481e-9083-8cd36615e04a/element&amp#27;[39m
&amp#27;[38;5;0m[HTTP]&amp#27;[0m &amp#27;[90m{"using":"xpath","value":"//android.view.View[@text='Today']"}&amp#27;[39m
&amp#27;[38;5;32m[AndroidUiautomator2Driver@820d (d12fe72d)]&amp#27;[0m Calling AppiumDriver.findElement() with args: ["xpath","//android.view.View[@text='Today']","d12fe72d-7a4f-481e-9083-8cd36615e04a"]
&amp#27;[38;5;32m[AndroidUiautomator2Driver@820d (d12fe72d)]&amp#27;[0m Valid locator strategies for this request: xpath, id, class name, accessibility id, css selector, -android uiautomator
&amp#27;[38;5;32m[AndroidUiautomator2Driver@820d (d12fe72d)]&amp#27;[0m Waiting up to 0 ms for condition
&amp#27;[38;5;32m[AndroidUiautomator2Driver@820d (d12fe72d)]&amp#27;[0m Matched '/element' to command name 'findElement'
&amp#27;[38;5;32m[AndroidUiautomator2Driver@820d (d12fe72d)]&amp#27;[0m Proxying [POST /element] to [POST http://127.0.0.1:8200/session/5b82ceeb-9e4c-4729-8c90-d8641a83fc81/element] with body: {"strategy":"xpath","selector":"//android.view.View[@text='Today']","context":"","multiple":false}
&amp#27;[38;5;32m[AndroidUiautomator2Driver@820d (d12fe72d)]&amp#27;[0m Got response with status 404: {"sessionId":"5b82ceeb-9e4c-4729-8c90-d8641a83fc81","value":{"error":"no such element","message":"An element could not be located on the page using the given search parameters","stacktrace":"io.appium.uiautomator2.common.exceptions.ElementNotFoundException: An element could not be located on the page using the given search parameters\n\tat io.appium.uiautomator2.utils.ElementLocationHelpers.findElement(ElementLocationHelpers.java:156)\n\tat io.appium.uiautomator2.handler.FindElement.safeHandle(FindElement.java:60)\n\tat io.appium.uiautomator2.handler.request.SafeRequestHandler.handle(SafeRequestHandler.java:59)\n\tat io.appium.uiautomator2.server.AppiumServlet.handleRequest(AppiumServlet.java:277)\n\tat io.appium.uiautomator2.server.AppiumServlet.handleHttpRequest(AppiumServlet.java:271)\n\tat io.appium.uiautomator2.http.ServerHandler.channelRead(ServerHandler.java:77)\n\tat io.netty.channel.AbstractChannelHandlerContext.invokeChannelRead(AbstractChannelHandlerContext.java:366)\n\tat io.netty.channel.Abstr...
&amp#27;[38;5;128m[W3C]&amp#27;[0m Matched W3C error code 'no such element' to NoSuchElementError
&amp#27;[38;5;32m[AndroidUiautomator2Driver@820d (d12fe72d)]&amp#27;[0m Encountered internal error running command: NoSuchElementError: An element could not be located on the page using the given search parameters.
&amp#27;[38;5;32m[AndroidUiautomator2Driver@820d (d12fe72d)]&amp#27;[0m     at AndroidUiautomator2Driver.findElOrEls (C:\Users\abuba\.appium\node_modules\appium-uiautomator2-driver\node_modules\appium-android-driver\lib\commands\find.ts:87:11)
&amp#27;[38;5;32m[AndroidUiautomator2Driver@820d (d12fe72d)]&amp#27;[0m     at processTicksAndRejections (node:internal/process/task_queues:95:5)
&amp#27;[38;5;32m[AndroidUiautomator2Driver@820d (d12fe72d)]&amp#27;[0m     at AndroidUiautomator2Driver.findElOrElsWithProcessing (C:\Users\abuba\AppData\Roaming\npm\node_modules\appium\node_modules\@appium\base-driver\lib\basedriver\commands\find.ts:60:12)
&amp#27;[38;5;32m[AndroidUiautomator2Driver@820d (d12fe72d)]&amp#27;[0m     at AndroidUiautomator2Driver.findElement (C:\Users\abuba\AppData\Roaming\npm\node_modules\appium\node_modules\@appium\base-driver\lib\basedriver\commands\find.ts:75:12)
&amp#27;[38;5;0m[HTTP]&amp#27;[0m &amp#27;[37m<-- POST /session/d12fe72d-7a4f-481e-9083-8cd36615e04a/element &amp#27;[39m&amp#27;[33m404&amp#27;[39m &amp#27;[90m1480 ms - 890&amp#27;[39m
&amp#27;[38;5;0m[HTTP]&amp#27;[0m &amp#27;[90m&amp#27;[39m
&amp#27;[38;5;0m[HTTP]&amp#27;[0m &amp#27;[37m-->&amp#27;[39m &amp#27;[37mPOST&amp#27;[39m &amp#27;[37m/session/d12fe72d-7a4f-481e-9083-8cd36615e04a/element&amp#27;[39m
&amp#27;[38;5;0m[HTTP]&amp#27;[0m &amp#27;[90m{"using":"xpath","value":"//android.view.View[@text='Today']"}&amp#27;[39m
&amp#27;[38;5;32m[AndroidUiautomator2Driver@820d (d12fe72d)]&amp#27;[0m Calling AppiumDriver.findElement() with args: ["xpath","//android.view.View[@text='Today']","d12fe72d-7a4f-481e-9083-8cd36615e04a"]
&amp#27;[38;5;32m[AndroidUiautomator2Driver@820d (d12fe72d)]&amp#27;[0m Valid locator strategies for this request: xpath, id, class name, accessibility id, css selector, -android uiautomator
&amp#27;[38;5;32m[AndroidUiautomator2Driver@820d (d12fe72d)]&amp#27;[0m Waiting up to 0 ms for condition
&amp#27;[38;5;32m[AndroidUiautomator2Driver@820d (d12fe72d)]&amp#27;[0m Matched '/element' to command name 'findElement'
&amp#27;[38;5;32m[AndroidUiautomator2Driver@820d (d12fe72d)]&amp#27;[0m Proxying [POST /element] to [POST http://127.0.0.1:8200/session/5b82ceeb-9e4c-4729-8c90-d8641a83fc81/element] with body: {"strategy":"xpath","selector":"//android.view.View[@text='Today']","context":"","multiple":false}
&amp#27;[38;5;32m[AndroidUiautomator2Driver@820d (d12fe72d)]&amp#27;[0m Got response with status 404: {"sessionId":"5b82ceeb-9e4c-4729-8c90-d8641a83fc81","value":{"error":"no such element","message":"An element could not be located on the page using the given search parameters","stacktrace":"io.appium.uiautomator2.common.exceptions.ElementNotFoundException: An element could not be located on the page using the given search parameters\n\tat io.appium.uiautomator2.utils.ElementLocationHelpers.findElement(ElementLocationHelpers.java:156)\n\tat io.appium.uiautomator2.handler.FindElement.safeHandle(FindElement.java:60)\n\tat io.appium.uiautomator2.handler.request.SafeRequestHandler.handle(SafeRequestHandler.java:59)\n\tat io.appium.uiautomator2.server.AppiumServlet.handleRequest(AppiumServlet.java:277)\n\tat io.appium.uiautomator2.server.AppiumServlet.handleHttpRequest(AppiumServlet.java:271)\n\tat io.appium.uiautomator2.http.ServerHandler.channelRead(ServerHandler.java:77)\n\tat io.netty.channel.AbstractChannelHandlerContext.invokeChannelRead(AbstractChannelHandlerContext.java:366)\n\tat io.netty.channel.Abstr...
&amp#27;[38;5;128m[W3C]&amp#27;[0m Matched W3C error code 'no such element' to NoSuchElementError
&amp#27;[38;5;32m[AndroidUiautomator2Driver@820d (d12fe72d)]&amp#27;[0m Encountered internal error running command: NoSuchElementError: An element could not be located on the page using the given search parameters.
&amp#27;[38;5;32m[AndroidUiautomator2Driver@820d (d12fe72d)]&amp#27;[0m     at AndroidUiautomator2Driver.findElOrEls (C:\Users\abuba\.appium\node_modules\appium-uiautomator2-driver\node_modules\appium-android-driver\lib\commands\find.ts:87:11)
&amp#27;[38;5;32m[AndroidUiautomator2Driver@820d (d12fe72d)]&amp#27;[0m     at processTicksAndRejections (node:internal/process/task_queues:95:5)
&amp#27;[38;5;32m[AndroidUiautomator2Driver@820d (d12fe72d)]&amp#27;[0m     at AndroidUiautomator2Driver.findElOrElsWithProcessing (C:\Users\abuba\AppData\Roaming\npm\node_modules\appium\node_modules\@appium\base-driver\lib\basedriver\commands\find.ts:60:12)
&amp#27;[38;5;32m[AndroidUiautomator2Driver@820d (d12fe72d)]&amp#27;[0m     at AndroidUiautomator2Driver.findElement (C:\Users\abuba\AppData\Roaming\npm\node_modules\appium\node_modules\@appium\base-driver\lib\basedriver\commands\find.ts:75:12)
&amp#27;[38;5;0m[HTTP]&amp#27;[0m &amp#27;[37m<-- POST /session/d12fe72d-7a4f-481e-9083-8cd36615e04a/element &amp#27;[39m&amp#27;[33m404&amp#27;[39m &amp#27;[90m50 ms - 890&amp#27;[39m
&amp#27;[38;5;0m[HTTP]&amp#27;[0m &amp#27;[90m&amp#27;[39m
&amp#27;[38;5;0m[HTTP]&amp#27;[0m &amp#27;[37m-->&amp#27;[39m &amp#27;[37mPOST&amp#27;[39m &amp#27;[37m/session/d12fe72d-7a4f-481e-9083-8cd36615e04a/element&amp#27;[39m
&amp#27;[38;5;0m[HTTP]&amp#27;[0m &amp#27;[90m{"using":"xpath","value":"//android.view.View[@text='Today']"}&amp#27;[39m
&amp#27;[38;5;32m[AndroidUiautomator2Driver@820d (d12fe72d)]&amp#27;[0m Calling AppiumDriver.findElement() with args: ["xpath","//android.view.View[@text='Today']","d12fe72d-7a4f-481e-9083-8cd36615e04a"]
&amp#27;[38;5;32m[AndroidUiautomator2Driver@820d (d12fe72d)]&amp#27;[0m Valid locator strategies for this request: xpath, id, class name, accessibility id, css selector, -android uiautomator
&amp#27;[38;5;32m[AndroidUiautomator2Driver@820d (d12fe72d)]&amp#27;[0m Waiting up to 0 ms for condition
&amp#27;[38;5;32m[AndroidUiautomator2Driver@820d (d12fe72d)]&amp#27;[0m Matched '/element' to command name 'findElement'
&amp#27;[38;5;32m[AndroidUiautomator2Driver@820d (d12fe72d)]&amp#27;[0m Proxying [POST /element] to [POST http://127.0.0.1:8200/session/5b82ceeb-9e4c-4729-8c90-d8641a83fc81/element] with body: {"strategy":"xpath","selector":"//android.view.View[@text='Today']","context":"","multiple":false}
&amp#27;[38;5;32m[AndroidUiautomator2Driver@820d (d12fe72d)]&amp#27;[0m Got response with status 404: {"sessionId":"5b82ceeb-9e4c-4729-8c90-d8641a83fc81","value":{"error":"no such element","message":"An element could not be located on the page using the given search parameters","stacktrace":"io.appium.uiautomator2.common.exceptions.ElementNotFoundException: An element could not be located on the page using the given search parameters\n\tat io.appium.uiautomator2.utils.ElementLocationHelpers.findElement(ElementLocationHelpers.java:156)\n\tat io.appium.uiautomator2.handler.FindElement.safeHandle(FindElement.java:60)\n\tat io.appium.uiautomator2.handler.request.SafeRequestHandler.handle(SafeRequestHandler.java:59)\n\tat io.appium.uiautomator2.server.AppiumServlet.handleRequest(AppiumServlet.java:277)\n\tat io.appium.uiautomator2.server.AppiumServlet.handleHttpRequest(AppiumServlet.java:271)\n\tat io.appium.uiautomator2.http.ServerHandler.channelRead(ServerHandler.java:77)\n\tat io.netty.channel.AbstractChannelHandlerContext.invokeChannelRead(AbstractChannelHandlerContext.java:366)\n\tat io.netty.channel.Abstr...
&amp#27;[38;5;128m[W3C]&amp#27;[0m Matched W3C error code 'no such element' to NoSuchElementError
&amp#27;[38;5;32m[AndroidUiautomator2Driver@820d (d12fe72d)]&amp#27;[0m Encountered internal error running command: NoSuchElementError: An element could not be located on the page using the given search parameters.
&amp#27;[38;5;32m[AndroidUiautomator2Driver@820d (d12fe72d)]&amp#27;[0m     at AndroidUiautomator2Driver.findElOrEls (C:\Users\abuba\.appium\node_modules\appium-uiautomator2-driver\node_modules\appium-android-driver\lib\commands\find.ts:87:11)
&amp#27;[38;5;32m[AndroidUiautomator2Driver@820d (d12fe72d)]&amp#27;[0m     at processTicksAndRejections (node:internal/process/task_queues:95:5)
&amp#27;[38;5;32m[AndroidUiautomator2Driver@820d (d12fe72d)]&amp#27;[0m     at AndroidUiautomator2Driver.findElOrElsWithProcessing (C:\Users\abuba\AppData\Roaming\npm\node_modules\appium\node_modules\@appium\base-driver\lib\basedriver\commands\find.ts:60:12)
&amp#27;[38;5;32m[AndroidUiautomator2Driver@820d (d12fe72d)]&amp#27;[0m     at AndroidUiautomator2Driver.findElement (C:\Users\abuba\AppData\Roaming\npm\node_modules\appium\node_modules\@appium\base-driver\lib\basedriver\commands\find.ts:75:12)
&amp#27;[38;5;0m[HTTP]&amp#27;[0m &amp#27;[37m<-- POST /session/d12fe72d-7a4f-481e-9083-8cd36615e04a/element &amp#27;[39m&amp#27;[33m404&amp#27;[39m &amp#27;[90m49 ms - 890&amp#27;[39m
&amp#27;[38;5;0m[HTTP]&amp#27;[0m &amp#27;[90m&amp#27;[39m
&amp#27;[38;5;0m[HTTP]&amp#27;[0m &amp#27;[37m-->&amp#27;[39m &amp#27;[37mPOST&amp#27;[39m &amp#27;[37m/session/d12fe72d-7a4f-481e-9083-8cd36615e04a/element&amp#27;[39m
&amp#27;[38;5;0m[HTTP]&amp#27;[0m &amp#27;[90m{"using":"xpath","value":"//android.view.View[@text='Today']"}&amp#27;[39m
&amp#27;[38;5;32m[AndroidUiautomator2Driver@820d (d12fe72d)]&amp#27;[0m Calling AppiumDriver.findElement() with args: ["xpath","//android.view.View[@text='Today']","d12fe72d-7a4f-481e-9083-8cd36615e04a"]
&amp#27;[38;5;32m[AndroidUiautomator2Driver@820d (d12fe72d)]&amp#27;[0m Valid locator strategies for this request: xpath, id, class name, accessibility id, css selector, -android uiautomator
&amp#27;[38;5;32m[AndroidUiautomator2Driver@820d (d12fe72d)]&amp#27;[0m Waiting up to 0 ms for condition
&amp#27;[38;5;32m[AndroidUiautomator2Driver@820d (d12fe72d)]&amp#27;[0m Matched '/element' to command name 'findElement'
&amp#27;[38;5;32m[AndroidUiautomator2Driver@820d (d12fe72d)]&amp#27;[0m Proxying [POST /element] to [POST http://127.0.0.1:8200/session/5b82ceeb-9e4c-4729-8c90-d8641a83fc81/element] with body: {"strategy":"xpath","selector":"//android.view.View[@text='Today']","context":"","multiple":false}
&amp#27;[38;5;32m[AndroidUiautomator2Driver@820d (d12fe72d)]&amp#27;[0m Got response with status 404: {"sessionId":"5b82ceeb-9e4c-4729-8c90-d8641a83fc81","value":{"error":"no such element","message":"An element could not be located on the page using the given search parameters","stacktrace":"io.appium.uiautomator2.common.exceptions.ElementNotFoundException: An element could not be located on the page using the given search parameters\n\tat io.appium.uiautomator2.utils.ElementLocationHelpers.findElement(ElementLocationHelpers.java:156)\n\tat io.appium.uiautomator2.handler.FindElement.safeHandle(FindElement.java:60)\n\tat io.appium.uiautomator2.handler.request.SafeRequestHandler.handle(SafeRequestHandler.java:59)\n\tat io.appium.uiautomator2.server.AppiumServlet.handleRequest(AppiumServlet.java:277)\n\tat io.appium.uiautomator2.server.AppiumServlet.handleHttpRequest(AppiumServlet.java:271)\n\tat io.appium.uiautomator2.http.ServerHandler.channelRead(ServerHandler.java:77)\n\tat io.netty.channel.AbstractChannelHandlerContext.invokeChannelRead(AbstractChannelHandlerContext.java:366)\n\tat io.netty.channel.Abstr...
&amp#27;[38;5;128m[W3C]&amp#27;[0m Matched W3C error code 'no such element' to NoSuchElementError
&amp#27;[38;5;32m[AndroidUiautomator2Driver@820d (d12fe72d)]&amp#27;[0m Encountered internal error running command: NoSuchElementError: An element could not be located on the page using the given search parameters.
&amp#27;[38;5;32m[AndroidUiautomator2Driver@820d (d12fe72d)]&amp#27;[0m     at AndroidUiautomator2Driver.findElOrEls (C:\Users\abuba\.appium\node_modules\appium-uiautomator2-driver\node_modules\appium-android-driver\lib\commands\find.ts:87:11)
&amp#27;[38;5;32m[AndroidUiautomator2Driver@820d (d12fe72d)]&amp#27;[0m     at processTicksAndRejections (node:internal/process/task_queues:95:5)
&amp#27;[38;5;32m[AndroidUiautomator2Driver@820d (d12fe72d)]&amp#27;[0m     at AndroidUiautomator2Driver.findElOrElsWithProcessing (C:\Users\abuba\AppData\Roaming\npm\node_modules\appium\node_modules\@appium\base-driver\lib\basedriver\commands\find.ts:60:12)
&amp#27;[38;5;32m[AndroidUiautomator2Driver@820d (d12fe72d)]&amp#27;[0m     at AndroidUiautomator2Driver.findElement (C:\Users\abuba\AppData\Roaming\npm\node_modules\appium\node_modules\@appium\base-driver\lib\basedriver\commands\find.ts:75:12)
&amp#27;[38;5;0m[HTTP]&amp#27;[0m &amp#27;[37m<-- POST /session/d12fe72d-7a4f-481e-9083-8cd36615e04a/element &amp#27;[39m&amp#27;[33m404&amp#27;[39m &amp#27;[90m49 ms - 890&amp#27;[39m
&amp#27;[38;5;0m[HTTP]&amp#27;[0m &amp#27;[90m&amp#27;[39m
&amp#27;[38;5;0m[HTTP]&amp#27;[0m &amp#27;[37m-->&amp#27;[39m &amp#27;[37mPOST&amp#27;[39m &amp#27;[37m/session/d12fe72d-7a4f-481e-9083-8cd36615e04a/element&amp#27;[39m
&amp#27;[38;5;0m[HTTP]&amp#27;[0m &amp#27;[90m{"using":"xpath","value":"//android.view.View[@text='Today']"}&amp#27;[39m
&amp#27;[38;5;32m[AndroidUiautomator2Driver@820d (d12fe72d)]&amp#27;[0m Calling AppiumDriver.findElement() with args: ["xpath","//android.view.View[@text='Today']","d12fe72d-7a4f-481e-9083-8cd36615e04a"]
&amp#27;[38;5;32m[AndroidUiautomator2Driver@820d (d12fe72d)]&amp#27;[0m Valid locator strategies for this request: xpath, id, class name, accessibility id, css selector, -android uiautomator
&amp#27;[38;5;32m[AndroidUiautomator2Driver@820d (d12fe72d)]&amp#27;[0m Waiting up to 0 ms for condition
&amp#27;[38;5;32m[AndroidUiautomator2Driver@820d (d12fe72d)]&amp#27;[0m Matched '/element' to command name 'findElement'
&amp#27;[38;5;32m[AndroidUiautomator2Driver@820d (d12fe72d)]&amp#27;[0m Proxying [POST /element] to [POST http://127.0.0.1:8200/session/5b82ceeb-9e4c-4729-8c90-d8641a83fc81/element] with body: {"strategy":"xpath","selector":"//android.view.View[@text='Today']","context":"","multiple":false}
&amp#27;[38;5;32m[AndroidUiautomator2Driver@820d (d12fe72d)]&amp#27;[0m Got response with status 404: {"sessionId":"5b82ceeb-9e4c-4729-8c90-d8641a83fc81","value":{"error":"no such element","message":"An element could not be located on the page using the given search parameters","stacktrace":"io.appium.uiautomator2.common.exceptions.ElementNotFoundException: An element could not be located on the page using the given search parameters\n\tat io.appium.uiautomator2.utils.ElementLocationHelpers.findElement(ElementLocationHelpers.java:156)\n\tat io.appium.uiautomator2.handler.FindElement.safeHandle(FindElement.java:60)\n\tat io.appium.uiautomator2.handler.request.SafeRequestHandler.handle(SafeRequestHandler.java:59)\n\tat io.appium.uiautomator2.server.AppiumServlet.handleRequest(AppiumServlet.java:277)\n\tat io.appium.uiautomator2.server.AppiumServlet.handleHttpRequest(AppiumServlet.java:271)\n\tat io.appium.uiautomator2.http.ServerHandler.channelRead(ServerHandler.java:77)\n\tat io.netty.channel.AbstractChannelHandlerContext.invokeChannelRead(AbstractChannelHandlerContext.java:366)\n\tat io.netty.channel.Abstr...
&amp#27;[38;5;128m[W3C]&amp#27;[0m Matched W3C error code 'no such element' to NoSuchElementError
&amp#27;[38;5;32m[AndroidUiautomator2Driver@820d (d12fe72d)]&amp#27;[0m Encountered internal error running command: NoSuchElementError: An element could not be located on the page using the given search parameters.
&amp#27;[38;5;32m[AndroidUiautomator2Driver@820d (d12fe72d)]&amp#27;[0m     at AndroidUiautomator2Driver.findElOrEls (C:\Users\abuba\.appium\node_modules\appium-uiautomator2-driver\node_modules\appium-android-driver\lib\commands\find.ts:87:11)
&amp#27;[38;5;32m[AndroidUiautomator2Driver@820d (d12fe72d)]&amp#27;[0m     at processTicksAndRejections (node:internal/process/task_queues:95:5)
&amp#27;[38;5;32m[AndroidUiautomator2Driver@820d (d12fe72d)]&amp#27;[0m     at AndroidUiautomator2Driver.findElOrElsWithProcessing (C:\Users\abuba\AppData\Roaming\npm\node_modules\appium\node_modules\@appium\base-driver\lib\basedriver\commands\find.ts:60:12)
&amp#27;[38;5;32m[AndroidUiautomator2Driver@820d (d12fe72d)]&amp#27;[0m     at AndroidUiautomator2Driver.findElement (C:\Users\abuba\AppData\Roaming\npm\node_modules\appium\node_modules\@appium\base-driver\lib\basedriver\commands\find.ts:75:12)
&amp#27;[38;5;0m[HTTP]&amp#27;[0m &amp#27;[37m<-- POST /session/d12fe72d-7a4f-481e-9083-8cd36615e04a/element &amp#27;[39m&amp#27;[33m404&amp#27;[39m &amp#27;[90m47 ms - 890&amp#27;[39m
&amp#27;[38;5;0m[HTTP]&amp#27;[0m &amp#27;[90m&amp#27;[39m
&amp#27;[38;5;0m[HTTP]&amp#27;[0m &amp#27;[37m-->&amp#27;[39m &amp#27;[37mPOST&amp#27;[39m &amp#27;[37m/session/d12fe72d-7a4f-481e-9083-8cd36615e04a/element&amp#27;[39m
&amp#27;[38;5;0m[HTTP]&amp#27;[0m &amp#27;[90m{"using":"xpath","value":"//android.view.View[@text='Today']"}&amp#27;[39m
&amp#27;[38;5;32m[AndroidUiautomator2Driver@820d (d12fe72d)]&amp#27;[0m Calling AppiumDriver.findElement() with args: ["xpath","//android.view.View[@text='Today']","d12fe72d-7a4f-481e-9083-8cd36615e04a"]
&amp#27;[38;5;32m[AndroidUiautomator2Driver@820d (d12fe72d)]&amp#27;[0m Valid locator strategies for this request: xpath, id, class name, accessibility id, css selector, -android uiautomator
&amp#27;[38;5;32m[AndroidUiautomator2Driver@820d (d12fe72d)]&amp#27;[0m Waiting up to 0 ms for condition
&amp#27;[38;5;32m[AndroidUiautomator2Driver@820d (d12fe72d)]&amp#27;[0m Matched '/element' to command name 'findElement'
&amp#27;[38;5;32m[AndroidUiautomator2Driver@820d (d12fe72d)]&amp#27;[0m Proxying [POST /element] to [POST http://127.0.0.1:8200/session/5b82ceeb-9e4c-4729-8c90-d8641a83fc81/element] with body: {"strategy":"xpath","selector":"//android.view.View[@text='Today']","context":"","multiple":false}
&amp#27;[38;5;32m[AndroidUiautomator2Driver@820d (d12fe72d)]&amp#27;[0m Got response with status 404: {"sessionId":"5b82ceeb-9e4c-4729-8c90-d8641a83fc81","value":{"error":"no such element","message":"An element could not be located on the page using the given search parameters","stacktrace":"io.appium.uiautomator2.common.exceptions.ElementNotFoundException: An element could not be located on the page using the given search parameters\n\tat io.appium.uiautomator2.utils.ElementLocationHelpers.findElement(ElementLocationHelpers.java:156)\n\tat io.appium.uiautomator2.handler.FindElement.safeHandle(FindElement.java:60)\n\tat io.appium.uiautomator2.handler.request.SafeRequestHandler.handle(SafeRequestHandler.java:59)\n\tat io.appium.uiautomator2.server.AppiumServlet.handleRequest(AppiumServlet.java:277)\n\tat io.appium.uiautomator2.server.AppiumServlet.handleHttpRequest(AppiumServlet.java:271)\n\tat io.appium.uiautomator2.http.ServerHandler.channelRead(ServerHandler.java:77)\n\tat io.netty.channel.AbstractChannelHandlerContext.invokeChannelRead(AbstractChannelHandlerContext.java:366)\n\tat io.netty.channel.Abstr...
&amp#27;[38;5;128m[W3C]&amp#27;[0m Matched W3C error code 'no such element' to NoSuchElementError
&amp#27;[38;5;32m[AndroidUiautomator2Driver@820d (d12fe72d)]&amp#27;[0m Encountered internal error running command: NoSuchElementError: An element could not be located on the page using the given search parameters.
&amp#27;[38;5;32m[AndroidUiautomator2Driver@820d (d12fe72d)]&amp#27;[0m     at AndroidUiautomator2Driver.findElOrEls (C:\Users\abuba\.appium\node_modules\appium-uiautomator2-driver\node_modules\appium-android-driver\lib\commands\find.ts:87:11)
&amp#27;[38;5;32m[AndroidUiautomator2Driver@820d (d12fe72d)]&amp#27;[0m     at processTicksAndRejections (node:internal/process/task_queues:95:5)
&amp#27;[38;5;32m[AndroidUiautomator2Driver@820d (d12fe72d)]&amp#27;[0m     at AndroidUiautomator2Driver.findElOrElsWithProcessing (C:\Users\abuba\AppData\Roaming\npm\node_modules\appium\node_modules\@appium\base-driver\lib\basedriver\commands\find.ts:60:12)
&amp#27;[38;5;32m[AndroidUiautomator2Driver@820d (d12fe72d)]&amp#27;[0m     at AndroidUiautomator2Driver.findElement (C:\Users\abuba\AppData\Roaming\npm\node_modules\appium\node_modules\@appium\base-driver\lib\basedriver\commands\find.ts:75:12)
&amp#27;[38;5;0m[HTTP]&amp#27;[0m &amp#27;[37m<-- POST /session/d12fe72d-7a4f-481e-9083-8cd36615e04a/element &amp#27;[39m&amp#27;[33m404&amp#27;[39m &amp#27;[90m47 ms - 890&amp#27;[39m
&amp#27;[38;5;0m[HTTP]&amp#27;[0m &amp#27;[90m&amp#27;[39m
&amp#27;[38;5;0m[HTTP]&amp#27;[0m &amp#27;[37m-->&amp#27;[39m &amp#27;[37mPOST&amp#27;[39m &amp#27;[37m/session/d12fe72d-7a4f-481e-9083-8cd36615e04a/element&amp#27;[39m
&amp#27;[38;5;0m[HTTP]&amp#27;[0m &amp#27;[90m{"using":"xpath","value":"//android.view.View[@text='Today']"}&amp#27;[39m
&amp#27;[38;5;32m[AndroidUiautomator2Driver@820d (d12fe72d)]&amp#27;[0m Calling AppiumDriver.findElement() with args: ["xpath","//android.view.View[@text='Today']","d12fe72d-7a4f-481e-9083-8cd36615e04a"]
&amp#27;[38;5;32m[AndroidUiautomator2Driver@820d (d12fe72d)]&amp#27;[0m Valid locator strategies for this request: xpath, id, class name, accessibility id, css selector, -android uiautomator
&amp#27;[38;5;32m[AndroidUiautomator2Driver@820d (d12fe72d)]&amp#27;[0m Waiting up to 0 ms for condition
&amp#27;[38;5;32m[AndroidUiautomator2Driver@820d (d12fe72d)]&amp#27;[0m Matched '/element' to command name 'findElement'
&amp#27;[38;5;32m[AndroidUiautomator2Driver@820d (d12fe72d)]&amp#27;[0m Proxying [POST /element] to [POST http://127.0.0.1:8200/session/5b82ceeb-9e4c-4729-8c90-d8641a83fc81/element] with body: {"strategy":"xpath","selector":"//android.view.View[@text='Today']","context":"","multiple":false}
&amp#27;[38;5;32m[AndroidUiautomator2Driver@820d (d12fe72d)]&amp#27;[0m Got response with status 404: {"sessionId":"5b82ceeb-9e4c-4729-8c90-d8641a83fc81","value":{"error":"no such element","message":"An element could not be located on the page using the given search parameters","stacktrace":"io.appium.uiautomator2.common.exceptions.ElementNotFoundException: An element could not be located on the page using the given search parameters\n\tat io.appium.uiautomator2.utils.ElementLocationHelpers.findElement(ElementLocationHelpers.java:156)\n\tat io.appium.uiautomator2.handler.FindElement.safeHandle(FindElement.java:60)\n\tat io.appium.uiautomator2.handler.request.SafeRequestHandler.handle(SafeRequestHandler.java:59)\n\tat io.appium.uiautomator2.server.AppiumServlet.handleRequest(AppiumServlet.java:277)\n\tat io.appium.uiautomator2.server.AppiumServlet.handleHttpRequest(AppiumServlet.java:271)\n\tat io.appium.uiautomator2.http.ServerHandler.channelRead(ServerHandler.java:77)\n\tat io.netty.channel.AbstractChannelHandlerContext.invokeChannelRead(AbstractChannelHandlerContext.java:366)\n\tat io.netty.channel.Abstr...
&amp#27;[38;5;128m[W3C]&amp#27;[0m Matched W3C error code 'no such element' to NoSuchElementError
&amp#27;[38;5;32m[AndroidUiautomator2Driver@820d (d12fe72d)]&amp#27;[0m Encountered internal error running command: NoSuchElementError: An element could not be located on the page using the given search parameters.
&amp#27;[38;5;32m[AndroidUiautomator2Driver@820d (d12fe72d)]&amp#27;[0m     at AndroidUiautomator2Driver.findElOrEls (C:\Users\abuba\.appium\node_modules\appium-uiautomator2-driver\node_modules\appium-android-driver\lib\commands\find.ts:87:11)
&amp#27;[38;5;32m[AndroidUiautomator2Driver@820d (d12fe72d)]&amp#27;[0m     at processTicksAndRejections (node:internal/process/task_queues:95:5)
&amp#27;[38;5;32m[AndroidUiautomator2Driver@820d (d12fe72d)]&amp#27;[0m     at AndroidUiautomator2Driver.findElOrElsWithProcessing (C:\Users\abuba\AppData\Roaming\npm\node_modules\appium\node_modules\@appium\base-driver\lib\basedriver\commands\find.ts:60:12)
&amp#27;[38;5;32m[AndroidUiautomator2Driver@820d (d12fe72d)]&amp#27;[0m     at AndroidUiautomator2Driver.findElement (C:\Users\abuba\AppData\Roaming\npm\node_modules\appium\node_modules\@appium\base-driver\lib\basedriver\commands\find.ts:75:12)
&amp#27;[38;5;0m[HTTP]&amp#27;[0m &amp#27;[37m<-- POST /session/d12fe72d-7a4f-481e-9083-8cd36615e04a/element &amp#27;[39m&amp#27;[33m404&amp#27;[39m &amp#27;[90m49 ms - 890&amp#27;[39m
&amp#27;[38;5;0m[HTTP]&amp#27;[0m &amp#27;[90m&amp#27;[39m
&amp#27;[38;5;0m[HTTP]&amp#27;[0m &amp#27;[37m-->&amp#27;[39m &amp#27;[37mPOST&amp#27;[39m &amp#27;[37m/session/d12fe72d-7a4f-481e-9083-8cd36615e04a/element&amp#27;[39m
&amp#27;[38;5;0m[HTTP]&amp#27;[0m &amp#27;[90m{"using":"xpath","value":"//android.view.View[@text='Today']"}&amp#27;[39m
&amp#27;[38;5;32m[AndroidUiautomator2Driver@820d (d12fe72d)]&amp#27;[0m Calling AppiumDriver.findElement() with args: ["xpath","//android.view.View[@text='Today']","d12fe72d-7a4f-481e-9083-8cd36615e04a"]
&amp#27;[38;5;32m[AndroidUiautomator2Driver@820d (d12fe72d)]&amp#27;[0m Valid locator strategies for this request: xpath, id, class name, accessibility id, css selector, -android uiautomator
&amp#27;[38;5;32m[AndroidUiautomator2Driver@820d (d12fe72d)]&amp#27;[0m Waiting up to 0 ms for condition
&amp#27;[38;5;32m[AndroidUiautomator2Driver@820d (d12fe72d)]&amp#27;[0m Matched '/element' to command name 'findElement'
&amp#27;[38;5;32m[AndroidUiautomator2Driver@820d (d12fe72d)]&amp#27;[0m Proxying [POST /element] to [POST http://127.0.0.1:8200/session/5b82ceeb-9e4c-4729-8c90-d8641a83fc81/element] with body: {"strategy":"xpath","selector":"//android.view.View[@text='Today']","context":"","multiple":false}
&amp#27;[38;5;32m[AndroidUiautomator2Driver@820d (d12fe72d)]&amp#27;[0m Got response with status 404: {"sessionId":"5b82ceeb-9e4c-4729-8c90-d8641a83fc81","value":{"error":"no such element","message":"An element could not be located on the page using the given search parameters","stacktrace":"io.appium.uiautomator2.common.exceptions.ElementNotFoundException: An element could not be located on the page using the given search parameters\n\tat io.appium.uiautomator2.utils.ElementLocationHelpers.findElement(ElementLocationHelpers.java:156)\n\tat io.appium.uiautomator2.handler.FindElement.safeHandle(FindElement.java:60)\n\tat io.appium.uiautomator2.handler.request.SafeRequestHandler.handle(SafeRequestHandler.java:59)\n\tat io.appium.uiautomator2.server.AppiumServlet.handleRequest(AppiumServlet.java:277)\n\tat io.appium.uiautomator2.server.AppiumServlet.handleHttpRequest(AppiumServlet.java:271)\n\tat io.appium.uiautomator2.http.ServerHandler.channelRead(ServerHandler.java:77)\n\tat io.netty.channel.AbstractChannelHandlerContext.invokeChannelRead(AbstractChannelHandlerContext.java:366)\n\tat io.netty.channel.Abstr...
&amp#27;[38;5;128m[W3C]&amp#27;[0m Matched W3C error code 'no such element' to NoSuchElementError
&amp#27;[38;5;32m[AndroidUiautomator2Driver@820d (d12fe72d)]&amp#27;[0m Encountered internal error running command: NoSuchElementError: An element could not be located on the page using the given search parameters.
&amp#27;[38;5;32m[AndroidUiautomator2Driver@820d (d12fe72d)]&amp#27;[0m     at AndroidUiautomator2Driver.findElOrEls (C:\Users\abuba\.appium\node_modules\appium-uiautomator2-driver\node_modules\appium-android-driver\lib\commands\find.ts:87:11)
&amp#27;[38;5;32m[AndroidUiautomator2Driver@820d (d12fe72d)]&amp#27;[0m     at processTicksAndRejections (node:internal/process/task_queues:95:5)
&amp#27;[38;5;32m[AndroidUiautomator2Driver@820d (d12fe72d)]&amp#27;[0m     at AndroidUiautomator2Driver.findElOrElsWithProcessing (C:\Users\abuba\AppData\Roaming\npm\node_modules\appium\node_modules\@appium\base-driver\lib\basedriver\commands\find.ts:60:12)
&amp#27;[38;5;32m[AndroidUiautomator2Driver@820d (d12fe72d)]&amp#27;[0m     at AndroidUiautomator2Driver.findElement (C:\Users\abuba\AppData\Roaming\npm\node_modules\appium\node_modules\@appium\base-driver\lib\basedriver\commands\find.ts:75:12)
&amp#27;[38;5;0m[HTTP]&amp#27;[0m &amp#27;[37m<-- POST /session/d12fe72d-7a4f-481e-9083-8cd36615e04a/element &amp#27;[39m&amp#27;[33m404&amp#27;[39m &amp#27;[90m47 ms - 890&amp#27;[39m
&amp#27;[38;5;0m[HTTP]&amp#27;[0m &amp#27;[90m&amp#27;[39m
&amp#27;[38;5;0m[HTTP]&amp#27;[0m &amp#27;[37m-->&amp#27;[39m &amp#27;[37mPOST&amp#27;[39m &amp#27;[37m/session/d12fe72d-7a4f-481e-9083-8cd36615e04a/element&amp#27;[39m
&amp#27;[38;5;0m[HTTP]&amp#27;[0m &amp#27;[90m{"using":"xpath","value":"//android.view.View[@text='Today']"}&amp#27;[39m
&amp#27;[38;5;32m[AndroidUiautomator2Driver@820d (d12fe72d)]&amp#27;[0m Calling AppiumDriver.findElement() with args: ["xpath","//android.view.View[@text='Today']","d12fe72d-7a4f-481e-9083-8cd36615e04a"]
&amp#27;[38;5;32m[AndroidUiautomator2Driver@820d (d12fe72d)]&amp#27;[0m Valid locator strategies for this request: xpath, id, class name, accessibility id, css selector, -android uiautomator
&amp#27;[38;5;32m[AndroidUiautomator2Driver@820d (d12fe72d)]&amp#27;[0m Waiting up to 0 ms for condition
&amp#27;[38;5;32m[AndroidUiautomator2Driver@820d (d12fe72d)]&amp#27;[0m Matched '/element' to command name 'findElement'
&amp#27;[38;5;32m[AndroidUiautomator2Driver@820d (d12fe72d)]&amp#27;[0m Proxying [POST /element] to [POST http://127.0.0.1:8200/session/5b82ceeb-9e4c-4729-8c90-d8641a83fc81/element] with body: {"strategy":"xpath","selector":"//android.view.View[@text='Today']","context":"","multiple":false}
&amp#27;[38;5;32m[AndroidUiautomator2Driver@820d (d12fe72d)]&amp#27;[0m Got response with status 404: {"sessionId":"5b82ceeb-9e4c-4729-8c90-d8641a83fc81","value":{"error":"no such element","message":"An element could not be located on the page using the given search parameters","stacktrace":"io.appium.uiautomator2.common.exceptions.ElementNotFoundException: An element could not be located on the page using the given search parameters\n\tat io.appium.uiautomator2.utils.ElementLocationHelpers.findElement(ElementLocationHelpers.java:156)\n\tat io.appium.uiautomator2.handler.FindElement.safeHandle(FindElement.java:60)\n\tat io.appium.uiautomator2.handler.request.SafeRequestHandler.handle(SafeRequestHandler.java:59)\n\tat io.appium.uiautomator2.server.AppiumServlet.handleRequest(AppiumServlet.java:277)\n\tat io.appium.uiautomator2.server.AppiumServlet.handleHttpRequest(AppiumServlet.java:271)\n\tat io.appium.uiautomator2.http.ServerHandler.channelRead(ServerHandler.java:77)\n\tat io.netty.channel.AbstractChannelHandlerContext.invokeChannelRead(AbstractChannelHandlerContext.java:366)\n\tat io.netty.channel.Abstr...
&amp#27;[38;5;128m[W3C]&amp#27;[0m Matched W3C error code 'no such element' to NoSuchElementError
&amp#27;[38;5;32m[AndroidUiautomator2Driver@820d (d12fe72d)]&amp#27;[0m Encountered internal error running command: NoSuchElementError: An element could not be located on the page using the given search parameters.
&amp#27;[38;5;32m[AndroidUiautomator2Driver@820d (d12fe72d)]&amp#27;[0m     at AndroidUiautomator2Driver.findElOrEls (C:\Users\abuba\.appium\node_modules\appium-uiautomator2-driver\node_modules\appium-android-driver\lib\commands\find.ts:87:11)
&amp#27;[38;5;32m[AndroidUiautomator2Driver@820d (d12fe72d)]&amp#27;[0m     at processTicksAndRejections (node:internal/process/task_queues:95:5)
&amp#27;[38;5;32m[AndroidUiautomator2Driver@820d (d12fe72d)]&amp#27;[0m     at AndroidUiautomator2Driver.findElOrElsWithProcessing (C:\Users\abuba\AppData\Roaming\npm\node_modules\appium\node_modules\@appium\base-driver\lib\basedriver\commands\find.ts:60:12)
&amp#27;[38;5;32m[AndroidUiautomator2Driver@820d (d12fe72d)]&amp#27;[0m     at AndroidUiautomator2Driver.findElement (C:\Users\abuba\AppData\Roaming\npm\node_modules\appium\node_modules\@appium\base-driver\lib\basedriver\commands\find.ts:75:12)
&amp#27;[38;5;0m[HTTP]&amp#27;[0m &amp#27;[37m<-- POST /session/d12fe72d-7a4f-481e-9083-8cd36615e04a/element &amp#27;[39m&amp#27;[33m404&amp#27;[39m &amp#27;[90m50 ms - 890&amp#27;[39m
&amp#27;[38;5;0m[HTTP]&amp#27;[0m &amp#27;[90m&amp#27;[39m
&amp#27;[38;5;0m[HTTP]&amp#27;[0m &amp#27;[37m-->&amp#27;[39m &amp#27;[37mPOST&amp#27;[39m &amp#27;[37m/session/d12fe72d-7a4f-481e-9083-8cd36615e04a/element&amp#27;[39m
&amp#27;[38;5;0m[HTTP]&amp#27;[0m &amp#27;[90m{"using":"xpath","value":"//android.view.View[@text='Today']"}&amp#27;[39m
&amp#27;[38;5;32m[AndroidUiautomator2Driver@820d (d12fe72d)]&amp#27;[0m Calling AppiumDriver.findElement() with args: ["xpath","//android.view.View[@text='Today']","d12fe72d-7a4f-481e-9083-8cd36615e04a"]
&amp#27;[38;5;32m[AndroidUiautomator2Driver@820d (d12fe72d)]&amp#27;[0m Valid locator strategies for this request: xpath, id, class name, accessibility id, css selector, -android uiautomator
&amp#27;[38;5;32m[AndroidUiautomator2Driver@820d (d12fe72d)]&amp#27;[0m Waiting up to 0 ms for condition
&amp#27;[38;5;32m[AndroidUiautomator2Driver@820d (d12fe72d)]&amp#27;[0m Matched '/element' to command name 'findElement'
&amp#27;[38;5;32m[AndroidUiautomator2Driver@820d (d12fe72d)]&amp#27;[0m Proxying [POST /element] to [POST http://127.0.0.1:8200/session/5b82ceeb-9e4c-4729-8c90-d8641a83fc81/element] with body: {"strategy":"xpath","selector":"//android.view.View[@text='Today']","context":"","multiple":false}
&amp#27;[38;5;32m[AndroidUiautomator2Driver@820d (d12fe72d)]&amp#27;[0m Got response with status 404: {"sessionId":"5b82ceeb-9e4c-4729-8c90-d8641a83fc81","value":{"error":"no such element","message":"An element could not be located on the page using the given search parameters","stacktrace":"io.appium.uiautomator2.common.exceptions.ElementNotFoundException: An element could not be located on the page using the given search parameters\n\tat io.appium.uiautomator2.utils.ElementLocationHelpers.findElement(ElementLocationHelpers.java:156)\n\tat io.appium.uiautomator2.handler.FindElement.safeHandle(FindElement.java:60)\n\tat io.appium.uiautomator2.handler.request.SafeRequestHandler.handle(SafeRequestHandler.java:59)\n\tat io.appium.uiautomator2.server.AppiumServlet.handleRequest(AppiumServlet.java:277)\n\tat io.appium.uiautomator2.server.AppiumServlet.handleHttpRequest(AppiumServlet.java:271)\n\tat io.appium.uiautomator2.http.ServerHandler.channelRead(ServerHandler.java:77)\n\tat io.netty.channel.AbstractChannelHandlerContext.invokeChannelRead(AbstractChannelHandlerContext.java:366)\n\tat io.netty.channel.Abstr...
&amp#27;[38;5;128m[W3C]&amp#27;[0m Matched W3C error code 'no such element' to NoSuchElementError
&amp#27;[38;5;32m[AndroidUiautomator2Driver@820d (d12fe72d)]&amp#27;[0m Encountered internal error running command: NoSuchElementError: An element could not be located on the page using the given search parameters.
&amp#27;[38;5;32m[AndroidUiautomator2Driver@820d (d12fe72d)]&amp#27;[0m     at AndroidUiautomator2Driver.findElOrEls (C:\Users\abuba\.appium\node_modules\appium-uiautomator2-driver\node_modules\appium-android-driver\lib\commands\find.ts:87:11)
&amp#27;[38;5;32m[AndroidUiautomator2Driver@820d (d12fe72d)]&amp#27;[0m     at processTicksAndRejections (node:internal/process/task_queues:95:5)
&amp#27;[38;5;32m[AndroidUiautomator2Driver@820d (d12fe72d)]&amp#27;[0m     at AndroidUiautomator2Driver.findElOrElsWithProcessing (C:\Users\abuba\AppData\Roaming\npm\node_modules\appium\node_modules\@appium\base-driver\lib\basedriver\commands\find.ts:60:12)
&amp#27;[38;5;32m[AndroidUiautomator2Driver@820d (d12fe72d)]&amp#27;[0m     at AndroidUiautomator2Driver.findElement (C:\Users\abuba\AppData\Roaming\npm\node_modules\appium\node_modules\@appium\base-driver\lib\basedriver\commands\find.ts:75:12)
&amp#27;[38;5;0m[HTTP]&amp#27;[0m &amp#27;[37m<-- POST /session/d12fe72d-7a4f-481e-9083-8cd36615e04a/element &amp#27;[39m&amp#27;[33m404&amp#27;[39m &amp#27;[90m46 ms - 890&amp#27;[39m
&amp#27;[38;5;0m[HTTP]&amp#27;[0m &amp#27;[90m&amp#27;[39m
&amp#27;[38;5;0m[HTTP]&amp#27;[0m &amp#27;[37m-->&amp#27;[39m &amp#27;[37mPOST&amp#27;[39m &amp#27;[37m/session/d12fe72d-7a4f-481e-9083-8cd36615e04a/element&amp#27;[39m
&amp#27;[38;5;0m[HTTP]&amp#27;[0m &amp#27;[90m{"using":"xpath","value":"//android.view.View[@text='Today']"}&amp#27;[39m
&amp#27;[38;5;32m[AndroidUiautomator2Driver@820d (d12fe72d)]&amp#27;[0m Calling AppiumDriver.findElement() with args: ["xpath","//android.view.View[@text='Today']","d12fe72d-7a4f-481e-9083-8cd36615e04a"]
&amp#27;[38;5;32m[AndroidUiautomator2Driver@820d (d12fe72d)]&amp#27;[0m Valid locator strategies for this request: xpath, id, class name, accessibility id, css selector, -android uiautomator
&amp#27;[38;5;32m[AndroidUiautomator2Driver@820d (d12fe72d)]&amp#27;[0m Waiting up to 0 ms for condition
&amp#27;[38;5;32m[AndroidUiautomator2Driver@820d (d12fe72d)]&amp#27;[0m Matched '/element' to command name 'findElement'
&amp#27;[38;5;32m[AndroidUiautomator2Driver@820d (d12fe72d)]&amp#27;[0m Proxying [POST /element] to [POST http://127.0.0.1:8200/session/5b82ceeb-9e4c-4729-8c90-d8641a83fc81/element] with body: {"strategy":"xpath","selector":"//android.view.View[@text='Today']","context":"","multiple":false}
&amp#27;[38;5;32m[AndroidUiautomator2Driver@820d (d12fe72d)]&amp#27;[0m Got response with status 404: {"sessionId":"5b82ceeb-9e4c-4729-8c90-d8641a83fc81","value":{"error":"no such element","message":"An element could not be located on the page using the given search parameters","stacktrace":"io.appium.uiautomator2.common.exceptions.ElementNotFoundException: An element could not be located on the page using the given search parameters\n\tat io.appium.uiautomator2.utils.ElementLocationHelpers.findElement(ElementLocationHelpers.java:156)\n\tat io.appium.uiautomator2.handler.FindElement.safeHandle(FindElement.java:60)\n\tat io.appium.uiautomator2.handler.request.SafeRequestHandler.handle(SafeRequestHandler.java:59)\n\tat io.appium.uiautomator2.server.AppiumServlet.handleRequest(AppiumServlet.java:277)\n\tat io.appium.uiautomator2.server.AppiumServlet.handleHttpRequest(AppiumServlet.java:271)\n\tat io.appium.uiautomator2.http.ServerHandler.channelRead(ServerHandler.java:77)\n\tat io.netty.channel.AbstractChannelHandlerContext.invokeChannelRead(AbstractChannelHandlerContext.java:366)\n\tat io.netty.channel.Abstr...
&amp#27;[38;5;128m[W3C]&amp#27;[0m Matched W3C error code 'no such element' to NoSuchElementError
&amp#27;[38;5;32m[AndroidUiautomator2Driver@820d (d12fe72d)]&amp#27;[0m Encountered internal error running command: NoSuchElementError: An element could not be located on the page using the given search parameters.
&amp#27;[38;5;32m[AndroidUiautomator2Driver@820d (d12fe72d)]&amp#27;[0m     at AndroidUiautomator2Driver.findElOrEls (C:\Users\abuba\.appium\node_modules\appium-uiautomator2-driver\node_modules\appium-android-driver\lib\commands\find.ts:87:11)
&amp#27;[38;5;32m[AndroidUiautomator2Driver@820d (d12fe72d)]&amp#27;[0m     at processTicksAndRejections (node:internal/process/task_queues:95:5)
&amp#27;[38;5;32m[AndroidUiautomator2Driver@820d (d12fe72d)]&amp#27;[0m     at AndroidUiautomator2Driver.findElOrElsWithProcessing (C:\Users\abuba\AppData\Roaming\npm\node_modules\appium\node_modules\@appium\base-driver\lib\basedriver\commands\find.ts:60:12)
&amp#27;[38;5;32m[AndroidUiautomator2Driver@820d (d12fe72d)]&amp#27;[0m     at AndroidUiautomator2Driver.findElement (C:\Users\abuba\AppData\Roaming\npm\node_modules\appium\node_modules\@appium\base-driver\lib\basedriver\commands\find.ts:75:12)
&amp#27;[38;5;0m[HTTP]&amp#27;[0m &amp#27;[37m<-- POST /session/d12fe72d-7a4f-481e-9083-8cd36615e04a/element &amp#27;[39m&amp#27;[33m404&amp#27;[39m &amp#27;[90m57 ms - 890&amp#27;[39m
&amp#27;[38;5;0m[HTTP]&amp#27;[0m &amp#27;[90m&amp#27;[39m
&amp#27;[38;5;0m[HTTP]&amp#27;[0m &amp#27;[37m-->&amp#27;[39m &amp#27;[37mPOST&amp#27;[39m &amp#27;[37m/session/d12fe72d-7a4f-481e-9083-8cd36615e04a/element&amp#27;[39m
&amp#27;[38;5;0m[HTTP]&amp#27;[0m &amp#27;[90m{"using":"xpath","value":"//android.view.View[@text='Today']"}&amp#27;[39m
&amp#27;[38;5;32m[AndroidUiautomator2Driver@820d (d12fe72d)]&amp#27;[0m Calling AppiumDriver.findElement() with args: ["xpath","//android.view.View[@text='Today']","d12fe72d-7a4f-481e-9083-8cd36615e04a"]
&amp#27;[38;5;32m[AndroidUiautomator2Driver@820d (d12fe72d)]&amp#27;[0m Valid locator strategies for this request: xpath, id, class name, accessibility id, css selector, -android uiautomator
&amp#27;[38;5;32m[AndroidUiautomator2Driver@820d (d12fe72d)]&amp#27;[0m Waiting up to 0 ms for condition
&amp#27;[38;5;32m[AndroidUiautomator2Driver@820d (d12fe72d)]&amp#27;[0m Matched '/element' to command name 'findElement'
&amp#27;[38;5;32m[AndroidUiautomator2Driver@820d (d12fe72d)]&amp#27;[0m Proxying [POST /element] to [POST http://127.0.0.1:8200/session/5b82ceeb-9e4c-4729-8c90-d8641a83fc81/element] with body: {"strategy":"xpath","selector":"//android.view.View[@text='Today']","context":"","multiple":false}
&amp#27;[38;5;32m[AndroidUiautomator2Driver@820d (d12fe72d)]&amp#27;[0m Got response with status 404: {"sessionId":"5b82ceeb-9e4c-4729-8c90-d8641a83fc81","value":{"error":"no such element","message":"An element could not be located on the page using the given search parameters","stacktrace":"io.appium.uiautomator2.common.exceptions.ElementNotFoundException: An element could not be located on the page using the given search parameters\n\tat io.appium.uiautomator2.utils.ElementLocationHelpers.findElement(ElementLocationHelpers.java:156)\n\tat io.appium.uiautomator2.handler.FindElement.safeHandle(FindElement.java:60)\n\tat io.appium.uiautomator2.handler.request.SafeRequestHandler.handle(SafeRequestHandler.java:59)\n\tat io.appium.uiautomator2.server.AppiumServlet.handleRequest(AppiumServlet.java:277)\n\tat io.appium.uiautomator2.server.AppiumServlet.handleHttpRequest(AppiumServlet.java:271)\n\tat io.appium.uiautomator2.http.ServerHandler.channelRead(ServerHandler.java:77)\n\tat io.netty.channel.AbstractChannelHandlerContext.invokeChannelRead(AbstractChannelHandlerContext.java:366)\n\tat io.netty.channel.Abstr...
&amp#27;[38;5;128m[W3C]&amp#27;[0m Matched W3C error code 'no such element' to NoSuchElementError
&amp#27;[38;5;32m[AndroidUiautomator2Driver@820d (d12fe72d)]&amp#27;[0m Encountered internal error running command: NoSuchElementError: An element could not be located on the page using the given search parameters.
&amp#27;[38;5;32m[AndroidUiautomator2Driver@820d (d12fe72d)]&amp#27;[0m     at AndroidUiautomator2Driver.findElOrEls (C:\Users\abuba\.appium\node_modules\appium-uiautomator2-driver\node_modules\appium-android-driver\lib\commands\find.ts:87:11)
&amp#27;[38;5;32m[AndroidUiautomator2Driver@820d (d12fe72d)]&amp#27;[0m     at processTicksAndRejections (node:internal/process/task_queues:95:5)
&amp#27;[38;5;32m[AndroidUiautomator2Driver@820d (d12fe72d)]&amp#27;[0m     at AndroidUiautomator2Driver.findElOrElsWithProcessing (C:\Users\abuba\AppData\Roaming\npm\node_modules\appium\node_modules\@appium\base-driver\lib\basedriver\commands\find.ts:60:12)
&amp#27;[38;5;32m[AndroidUiautomator2Driver@820d (d12fe72d)]&amp#27;[0m     at AndroidUiautomator2Driver.findElement (C:\Users\abuba\AppData\Roaming\npm\node_modules\appium\node_modules\@appium\base-driver\lib\basedriver\commands\find.ts:75:12)
&amp#27;[38;5;0m[HTTP]&amp#27;[0m &amp#27;[37m<-- POST /session/d12fe72d-7a4f-481e-9083-8cd36615e04a/element &amp#27;[39m&amp#27;[33m404&amp#27;[39m &amp#27;[90m49 ms - 890&amp#27;[39m
&amp#27;[38;5;0m[HTTP]&amp#27;[0m &amp#27;[90m&amp#27;[39m
&amp#27;[38;5;0m[HTTP]&amp#27;[0m &amp#27;[37m-->&amp#27;[39m &amp#27;[37mPOST&amp#27;[39m &amp#27;[37m/session/d12fe72d-7a4f-481e-9083-8cd36615e04a/element&amp#27;[39m
&amp#27;[38;5;0m[HTTP]&amp#27;[0m &amp#27;[90m{"using":"xpath","value":"//android.view.View[@text='Today']"}&amp#27;[39m
&amp#27;[38;5;32m[AndroidUiautomator2Driver@820d (d12fe72d)]&amp#27;[0m Calling AppiumDriver.findElement() with args: ["xpath","//android.view.View[@text='Today']","d12fe72d-7a4f-481e-9083-8cd36615e04a"]
&amp#27;[38;5;32m[AndroidUiautomator2Driver@820d (d12fe72d)]&amp#27;[0m Valid locator strategies for this request: xpath, id, class name, accessibility id, css selector, -android uiautomator
&amp#27;[38;5;32m[AndroidUiautomator2Driver@820d (d12fe72d)]&amp#27;[0m Waiting up to 0 ms for condition
&amp#27;[38;5;32m[AndroidUiautomator2Driver@820d (d12fe72d)]&amp#27;[0m Matched '/element' to command name 'findElement'
&amp#27;[38;5;32m[AndroidUiautomator2Driver@820d (d12fe72d)]&amp#27;[0m Proxying [POST /element] to [POST http://127.0.0.1:8200/session/5b82ceeb-9e4c-4729-8c90-d8641a83fc81/element] with body: {"strategy":"xpath","selector":"//android.view.View[@text='Today']","context":"","multiple":false}
&amp#27;[38;5;32m[AndroidUiautomator2Driver@820d (d12fe72d)]&amp#27;[0m Got response with status 404: {"sessionId":"5b82ceeb-9e4c-4729-8c90-d8641a83fc81","value":{"error":"no such element","message":"An element could not be located on the page using the given search parameters","stacktrace":"io.appium.uiautomator2.common.exceptions.ElementNotFoundException: An element could not be located on the page using the given search parameters\n\tat io.appium.uiautomator2.utils.ElementLocationHelpers.findElement(ElementLocationHelpers.java:156)\n\tat io.appium.uiautomator2.handler.FindElement.safeHandle(FindElement.java:60)\n\tat io.appium.uiautomator2.handler.request.SafeRequestHandler.handle(SafeRequestHandler.java:59)\n\tat io.appium.uiautomator2.server.AppiumServlet.handleRequest(AppiumServlet.java:277)\n\tat io.appium.uiautomator2.server.AppiumServlet.handleHttpRequest(AppiumServlet.java:271)\n\tat io.appium.uiautomator2.http.ServerHandler.channelRead(ServerHandler.java:77)\n\tat io.netty.channel.AbstractChannelHandlerContext.invokeChannelRead(AbstractChannelHandlerContext.java:366)\n\tat io.netty.channel.Abstr...
&amp#27;[38;5;128m[W3C]&amp#27;[0m Matched W3C error code 'no such element' to NoSuchElementError
&amp#27;[38;5;32m[AndroidUiautomator2Driver@820d (d12fe72d)]&amp#27;[0m Encountered internal error running command: NoSuchElementError: An element could not be located on the page using the given search parameters.
&amp#27;[38;5;32m[AndroidUiautomator2Driver@820d (d12fe72d)]&amp#27;[0m     at AndroidUiautomator2Driver.findElOrEls (C:\Users\abuba\.appium\node_modules\appium-uiautomator2-driver\node_modules\appium-android-driver\lib\commands\find.ts:87:11)
&amp#27;[38;5;32m[AndroidUiautomator2Driver@820d (d12fe72d)]&amp#27;[0m     at processTicksAndRejections (node:internal/process/task_queues:95:5)
&amp#27;[38;5;32m[AndroidUiautomator2Driver@820d (d12fe72d)]&amp#27;[0m     at AndroidUiautomator2Driver.findElOrElsWithProcessing (C:\Users\abuba\AppData\Roaming\npm\node_modules\appium\node_modules\@appium\base-driver\lib\basedriver\commands\find.ts:60:12)
&amp#27;[38;5;32m[AndroidUiautomator2Driver@820d (d12fe72d)]&amp#27;[0m     at AndroidUiautomator2Driver.findElement (C:\Users\abuba\AppData\Roaming\npm\node_modules\appium\node_modules\@appium\base-driver\lib\basedriver\commands\find.ts:75:12)
&amp#27;[38;5;0m[HTTP]&amp#27;[0m &amp#27;[37m<-- POST /session/d12fe72d-7a4f-481e-9083-8cd36615e04a/element &amp#27;[39m&amp#27;[33m404&amp#27;[39m &amp#27;[90m46 ms - 890&amp#27;[39m
&amp#27;[38;5;0m[HTTP]&amp#27;[0m &amp#27;[90m&amp#27;[39m
&amp#27;[38;5;0m[HTTP]&amp#27;[0m &amp#27;[37m-->&amp#27;[39m &amp#27;[37mPOST&amp#27;[39m &amp#27;[37m/session/d12fe72d-7a4f-481e-9083-8cd36615e04a/element&amp#27;[39m
&amp#27;[38;5;0m[HTTP]&amp#27;[0m &amp#27;[90m{"using":"xpath","value":"//android.view.View[@text='Today']"}&amp#27;[39m
&amp#27;[38;5;32m[AndroidUiautomator2Driver@820d (d12fe72d)]&amp#27;[0m Calling AppiumDriver.findElement() with args: ["xpath","//android.view.View[@text='Today']","d12fe72d-7a4f-481e-9083-8cd36615e04a"]
&amp#27;[38;5;32m[AndroidUiautomator2Driver@820d (d12fe72d)]&amp#27;[0m Valid locator strategies for this request: xpath, id, class name, accessibility id, css selector, -android uiautomator
&amp#27;[38;5;32m[AndroidUiautomator2Driver@820d (d12fe72d)]&amp#27;[0m Waiting up to 0 ms for condition
&amp#27;[38;5;32m[AndroidUiautomator2Driver@820d (d12fe72d)]&amp#27;[0m Matched '/element' to command name 'findElement'
&amp#27;[38;5;32m[AndroidUiautomator2Driver@820d (d12fe72d)]&amp#27;[0m Proxying [POST /element] to [POST http://127.0.0.1:8200/session/5b82ceeb-9e4c-4729-8c90-d8641a83fc81/element] with body: {"strategy":"xpath","selector":"//android.view.View[@text='Today']","context":"","multiple":false}
&amp#27;[38;5;32m[AndroidUiautomator2Driver@820d (d12fe72d)]&amp#27;[0m Got response with status 404: {"sessionId":"5b82ceeb-9e4c-4729-8c90-d8641a83fc81","value":{"error":"no such element","message":"An element could not be located on the page using the given search parameters","stacktrace":"io.appium.uiautomator2.common.exceptions.ElementNotFoundException: An element could not be located on the page using the given search parameters\n\tat io.appium.uiautomator2.utils.ElementLocationHelpers.findElement(ElementLocationHelpers.java:156)\n\tat io.appium.uiautomator2.handler.FindElement.safeHandle(FindElement.java:60)\n\tat io.appium.uiautomator2.handler.request.SafeRequestHandler.handle(SafeRequestHandler.java:59)\n\tat io.appium.uiautomator2.server.AppiumServlet.handleRequest(AppiumServlet.java:277)\n\tat io.appium.uiautomator2.server.AppiumServlet.handleHttpRequest(AppiumServlet.java:271)\n\tat io.appium.uiautomator2.http.ServerHandler.channelRead(ServerHandler.java:77)\n\tat io.netty.channel.AbstractChannelHandlerContext.invokeChannelRead(AbstractChannelHandlerContext.java:366)\n\tat io.netty.channel.Abstr...
&amp#27;[38;5;128m[W3C]&amp#27;[0m Matched W3C error code 'no such element' to NoSuchElementError
&amp#27;[38;5;32m[AndroidUiautomator2Driver@820d (d12fe72d)]&amp#27;[0m Encountered internal error running command: NoSuchElementError: An element could not be located on the page using the given search parameters.
&amp#27;[38;5;32m[AndroidUiautomator2Driver@820d (d12fe72d)]&amp#27;[0m     at AndroidUiautomator2Driver.findElOrEls (C:\Users\abuba\.appium\node_modules\appium-uiautomator2-driver\node_modules\appium-android-driver\lib\commands\find.ts:87:11)
&amp#27;[38;5;32m[AndroidUiautomator2Driver@820d (d12fe72d)]&amp#27;[0m     at processTicksAndRejections (node:internal/process/task_queues:95:5)
&amp#27;[38;5;32m[AndroidUiautomator2Driver@820d (d12fe72d)]&amp#27;[0m     at AndroidUiautomator2Driver.findElOrElsWithProcessing (C:\Users\abuba\AppData\Roaming\npm\node_modules\appium\node_modules\@appium\base-driver\lib\basedriver\commands\find.ts:60:12)
&amp#27;[38;5;32m[AndroidUiautomator2Driver@820d (d12fe72d)]&amp#27;[0m     at AndroidUiautomator2Driver.findElement (C:\Users\abuba\AppData\Roaming\npm\node_modules\appium\node_modules\@appium\base-driver\lib\basedriver\commands\find.ts:75:12)
&amp#27;[38;5;0m[HTTP]&amp#27;[0m &amp#27;[37m<-- POST /session/d12fe72d-7a4f-481e-9083-8cd36615e04a/element &amp#27;[39m&amp#27;[33m404&amp#27;[39m &amp#27;[90m46 ms - 890&amp#27;[39m
&amp#27;[38;5;0m[HTTP]&amp#27;[0m &amp#27;[90m&amp#27;[39m
&amp#27;[38;5;0m[HTTP]&amp#27;[0m &amp#27;[37m-->&amp#27;[39m &amp#27;[37mPOST&amp#27;[39m &amp#27;[37m/session/d12fe72d-7a4f-481e-9083-8cd36615e04a/element&amp#27;[39m
&amp#27;[38;5;0m[HTTP]&amp#27;[0m &amp#27;[90m{"using":"xpath","value":"//android.view.View[@text='Today']"}&amp#27;[39m
&amp#27;[38;5;32m[AndroidUiautomator2Driver@820d (d12fe72d)]&amp#27;[0m Calling AppiumDriver.findElement() with args: ["xpath","//android.view.View[@text='Today']","d12fe72d-7a4f-481e-9083-8cd36615e04a"]
&amp#27;[38;5;32m[AndroidUiautomator2Driver@820d (d12fe72d)]&amp#27;[0m Valid locator strategies for this request: xpath, id, class name, accessibility id, css selector, -android uiautomator
&amp#27;[38;5;32m[AndroidUiautomator2Driver@820d (d12fe72d)]&amp#27;[0m Waiting up to 0 ms for condition
&amp#27;[38;5;32m[AndroidUiautomator2Driver@820d (d12fe72d)]&amp#27;[0m Matched '/element' to command name 'findElement'
&amp#27;[38;5;32m[AndroidUiautomator2Driver@820d (d12fe72d)]&amp#27;[0m Proxying [POST /element] to [POST http://127.0.0.1:8200/session/5b82ceeb-9e4c-4729-8c90-d8641a83fc81/element] with body: {"strategy":"xpath","selector":"//android.view.View[@text='Today']","context":"","multiple":false}
&amp#27;[38;5;32m[AndroidUiautomator2Driver@820d (d12fe72d)]&amp#27;[0m Got response with status 404: {"sessionId":"5b82ceeb-9e4c-4729-8c90-d8641a83fc81","value":{"error":"no such element","message":"An element could not be located on the page using the given search parameters","stacktrace":"io.appium.uiautomator2.common.exceptions.ElementNotFoundException: An element could not be located on the page using the given search parameters\n\tat io.appium.uiautomator2.utils.ElementLocationHelpers.findElement(ElementLocationHelpers.java:156)\n\tat io.appium.uiautomator2.handler.FindElement.safeHandle(FindElement.java:60)\n\tat io.appium.uiautomator2.handler.request.SafeRequestHandler.handle(SafeRequestHandler.java:59)\n\tat io.appium.uiautomator2.server.AppiumServlet.handleRequest(AppiumServlet.java:277)\n\tat io.appium.uiautomator2.server.AppiumServlet.handleHttpRequest(AppiumServlet.java:271)\n\tat io.appium.uiautomator2.http.ServerHandler.channelRead(ServerHandler.java:77)\n\tat io.netty.channel.AbstractChannelHandlerContext.invokeChannelRead(AbstractChannelHandlerContext.java:366)\n\tat io.netty.channel.Abstr...
&amp#27;[38;5;128m[W3C]&amp#27;[0m Matched W3C error code 'no such element' to NoSuchElementError
&amp#27;[38;5;32m[AndroidUiautomator2Driver@820d (d12fe72d)]&amp#27;[0m Encountered internal error running command: NoSuchElementError: An element could not be located on the page using the given search parameters.
&amp#27;[38;5;32m[AndroidUiautomator2Driver@820d (d12fe72d)]&amp#27;[0m     at AndroidUiautomator2Driver.findElOrEls (C:\Users\abuba\.appium\node_modules\appium-uiautomator2-driver\node_modules\appium-android-driver\lib\commands\find.ts:87:11)
&amp#27;[38;5;32m[AndroidUiautomator2Driver@820d (d12fe72d)]&amp#27;[0m     at processTicksAndRejections (node:internal/process/task_queues:95:5)
&amp#27;[38;5;32m[AndroidUiautomator2Driver@820d (d12fe72d)]&amp#27;[0m     at AndroidUiautomator2Driver.findElOrElsWithProcessing (C:\Users\abuba\AppData\Roaming\npm\node_modules\appium\node_modules\@appium\base-driver\lib\basedriver\commands\find.ts:60:12)
&amp#27;[38;5;32m[AndroidUiautomator2Driver@820d (d12fe72d)]&amp#27;[0m     at AndroidUiautomator2Driver.findElement (C:\Users\abuba\AppData\Roaming\npm\node_modules\appium\node_modules\@appium\base-driver\lib\basedriver\commands\find.ts:75:12)
&amp#27;[38;5;0m[HTTP]&amp#27;[0m &amp#27;[37m<-- POST /session/d12fe72d-7a4f-481e-9083-8cd36615e04a/element &amp#27;[39m&amp#27;[33m404&amp#27;[39m &amp#27;[90m132 ms - 890&amp#27;[39m
&amp#27;[38;5;0m[HTTP]&amp#27;[0m &amp#27;[90m&amp#27;[39m
&amp#27;[38;5;0m[HTTP]&amp#27;[0m &amp#27;[37m-->&amp#27;[39m &amp#27;[37mPOST&amp#27;[39m &amp#27;[37m/session/d12fe72d-7a4f-481e-9083-8cd36615e04a/element&amp#27;[39m
&amp#27;[38;5;0m[HTTP]&amp#27;[0m &amp#27;[90m{"using":"xpath","value":"//android.view.View[@text='Today']"}&amp#27;[39m
&amp#27;[38;5;32m[AndroidUiautomator2Driver@820d (d12fe72d)]&amp#27;[0m Calling AppiumDriver.findElement() with args: ["xpath","//android.view.View[@text='Today']","d12fe72d-7a4f-481e-9083-8cd36615e04a"]
&amp#27;[38;5;32m[AndroidUiautomator2Driver@820d (d12fe72d)]&amp#27;[0m Valid locator strategies for this request: xpath, id, class name, accessibility id, css selector, -android uiautomator
&amp#27;[38;5;32m[AndroidUiautomator2Driver@820d (d12fe72d)]&amp#27;[0m Waiting up to 0 ms for condition
&amp#27;[38;5;32m[AndroidUiautomator2Driver@820d (d12fe72d)]&amp#27;[0m Matched '/element' to command name 'findElement'
&amp#27;[38;5;32m[AndroidUiautomator2Driver@820d (d12fe72d)]&amp#27;[0m Proxying [POST /element] to [POST http://127.0.0.1:8200/session/5b82ceeb-9e4c-4729-8c90-d8641a83fc81/element] with body: {"strategy":"xpath","selector":"//android.view.View[@text='Today']","context":"","multiple":false}
&amp#27;[38;5;32m[AndroidUiautomator2Driver@820d (d12fe72d)]&amp#27;[0m Got response with status 404: {"sessionId":"5b82ceeb-9e4c-4729-8c90-d8641a83fc81","value":{"error":"no such element","message":"An element could not be located on the page using the given search parameters","stacktrace":"io.appium.uiautomator2.common.exceptions.ElementNotFoundException: An element could not be located on the page using the given search parameters\n\tat io.appium.uiautomator2.utils.ElementLocationHelpers.findElement(ElementLocationHelpers.java:156)\n\tat io.appium.uiautomator2.handler.FindElement.safeHandle(FindElement.java:60)\n\tat io.appium.uiautomator2.handler.request.SafeRequestHandler.handle(SafeRequestHandler.java:59)\n\tat io.appium.uiautomator2.server.AppiumServlet.handleRequest(AppiumServlet.java:277)\n\tat io.appium.uiautomator2.server.AppiumServlet.handleHttpRequest(AppiumServlet.java:271)\n\tat io.appium.uiautomator2.http.ServerHandler.channelRead(ServerHandler.java:77)\n\tat io.netty.channel.AbstractChannelHandlerContext.invokeChannelRead(AbstractChannelHandlerContext.java:366)\n\tat io.netty.channel.Abstr...
&amp#27;[38;5;128m[W3C]&amp#27;[0m Matched W3C error code 'no such element' to NoSuchElementError
&amp#27;[38;5;32m[AndroidUiautomator2Driver@820d (d12fe72d)]&amp#27;[0m Encountered internal error running command: NoSuchElementError: An element could not be located on the page using the given search parameters.
&amp#27;[38;5;32m[AndroidUiautomator2Driver@820d (d12fe72d)]&amp#27;[0m     at AndroidUiautomator2Driver.findElOrEls (C:\Users\abuba\.appium\node_modules\appium-uiautomator2-driver\node_modules\appium-android-driver\lib\commands\find.ts:87:11)
&amp#27;[38;5;32m[AndroidUiautomator2Driver@820d (d12fe72d)]&amp#27;[0m     at processTicksAndRejections (node:internal/process/task_queues:95:5)
&amp#27;[38;5;32m[AndroidUiautomator2Driver@820d (d12fe72d)]&amp#27;[0m     at AndroidUiautomator2Driver.findElOrElsWithProcessing (C:\Users\abuba\AppData\Roaming\npm\node_modules\appium\node_modules\@appium\base-driver\lib\basedriver\commands\find.ts:60:12)
&amp#27;[38;5;32m[AndroidUiautomator2Driver@820d (d12fe72d)]&amp#27;[0m     at AndroidUiautomator2Driver.findElement (C:\Users\abuba\AppData\Roaming\npm\node_modules\appium\node_modules\@appium\base-driver\lib\basedriver\commands\find.ts:75:12)
&amp#27;[38;5;0m[HTTP]&amp#27;[0m &amp#27;[37m<-- POST /session/d12fe72d-7a4f-481e-9083-8cd36615e04a/element &amp#27;[39m&amp#27;[33m404&amp#27;[39m &amp#27;[90m46 ms - 890&amp#27;[39m
&amp#27;[38;5;0m[HTTP]&amp#27;[0m &amp#27;[90m&amp#27;[39m
&amp#27;[38;5;0m[HTTP]&amp#27;[0m &amp#27;[37m-->&amp#27;[39m &amp#27;[37mPOST&amp#27;[39m &amp#27;[37m/session/d12fe72d-7a4f-481e-9083-8cd36615e04a/element&amp#27;[39m
&amp#27;[38;5;0m[HTTP]&amp#27;[0m &amp#27;[90m{"using":"xpath","value":"//android.view.View[@text='Today']"}&amp#27;[39m
&amp#27;[38;5;32m[AndroidUiautomator2Driver@820d (d12fe72d)]&amp#27;[0m Calling AppiumDriver.findElement() with args: ["xpath","//android.view.View[@text='Today']","d12fe72d-7a4f-481e-9083-8cd36615e04a"]
&amp#27;[38;5;32m[AndroidUiautomator2Driver@820d (d12fe72d)]&amp#27;[0m Valid locator strategies for this request: xpath, id, class name, accessibility id, css selector, -android uiautomator
&amp#27;[38;5;32m[AndroidUiautomator2Driver@820d (d12fe72d)]&amp#27;[0m Waiting up to 0 ms for condition
&amp#27;[38;5;32m[AndroidUiautomator2Driver@820d (d12fe72d)]&amp#27;[0m Matched '/element' to command name 'findElement'
&amp#27;[38;5;32m[AndroidUiautomator2Driver@820d (d12fe72d)]&amp#27;[0m Proxying [POST /element] to [POST http://127.0.0.1:8200/session/5b82ceeb-9e4c-4729-8c90-d8641a83fc81/element] with body: {"strategy":"xpath","selector":"//android.view.View[@text='Today']","context":"","multiple":false}
&amp#27;[38;5;32m[AndroidUiautomator2Driver@820d (d12fe72d)]&amp#27;[0m Got response with status 404: {"sessionId":"5b82ceeb-9e4c-4729-8c90-d8641a83fc81","value":{"error":"no such element","message":"An element could not be located on the page using the given search parameters","stacktrace":"io.appium.uiautomator2.common.exceptions.ElementNotFoundException: An element could not be located on the page using the given search parameters\n\tat io.appium.uiautomator2.utils.ElementLocationHelpers.findElement(ElementLocationHelpers.java:156)\n\tat io.appium.uiautomator2.handler.FindElement.safeHandle(FindElement.java:60)\n\tat io.appium.uiautomator2.handler.request.SafeRequestHandler.handle(SafeRequestHandler.java:59)\n\tat io.appium.uiautomator2.server.AppiumServlet.handleRequest(AppiumServlet.java:277)\n\tat io.appium.uiautomator2.server.AppiumServlet.handleHttpRequest(AppiumServlet.java:271)\n\tat io.appium.uiautomator2.http.ServerHandler.channelRead(ServerHandler.java:77)\n\tat io.netty.channel.AbstractChannelHandlerContext.invokeChannelRead(AbstractChannelHandlerContext.java:366)\n\tat io.netty.channel.Abstr...
&amp#27;[38;5;128m[W3C]&amp#27;[0m Matched W3C error code 'no such element' to NoSuchElementError
&amp#27;[38;5;32m[AndroidUiautomator2Driver@820d (d12fe72d)]&amp#27;[0m Encountered internal error running command: NoSuchElementError: An element could not be located on the page using the given search parameters.
&amp#27;[38;5;32m[AndroidUiautomator2Driver@820d (d12fe72d)]&amp#27;[0m     at AndroidUiautomator2Driver.findElOrEls (C:\Users\abuba\.appium\node_modules\appium-uiautomator2-driver\node_modules\appium-android-driver\lib\commands\find.ts:87:11)
&amp#27;[38;5;32m[AndroidUiautomator2Driver@820d (d12fe72d)]&amp#27;[0m     at processTicksAndRejections (node:internal/process/task_queues:95:5)
&amp#27;[38;5;32m[AndroidUiautomator2Driver@820d (d12fe72d)]&amp#27;[0m     at AndroidUiautomator2Driver.findElOrElsWithProcessing (C:\Users\abuba\AppData\Roaming\npm\node_modules\appium\node_modules\@appium\base-driver\lib\basedriver\commands\find.ts:60:12)
&amp#27;[38;5;32m[AndroidUiautomator2Driver@820d (d12fe72d)]&amp#27;[0m     at AndroidUiautomator2Driver.findElement (C:\Users\abuba\AppData\Roaming\npm\node_modules\appium\node_modules\@appium\base-driver\lib\basedriver\commands\find.ts:75:12)
&amp#27;[38;5;0m[HTTP]&amp#27;[0m &amp#27;[37m<-- POST /session/d12fe72d-7a4f-481e-9083-8cd36615e04a/element &amp#27;[39m&amp#27;[33m404&amp#27;[39m &amp#27;[90m50 ms - 890&amp#27;[39m
&amp#27;[38;5;0m[HTTP]&amp#27;[0m &amp#27;[90m&amp#27;[39m
&amp#27;[38;5;0m[HTTP]&amp#27;[0m &amp#27;[37m-->&amp#27;[39m &amp#27;[37mPOST&amp#27;[39m &amp#27;[37m/session/d12fe72d-7a4f-481e-9083-8cd36615e04a/element&amp#27;[39m
&amp#27;[38;5;0m[HTTP]&amp#27;[0m &amp#27;[90m{"using":"xpath","value":"//android.view.View[@text='Today']"}&amp#27;[39m
&amp#27;[38;5;32m[AndroidUiautomator2Driver@820d (d12fe72d)]&amp#27;[0m Calling AppiumDriver.findElement() with args: ["xpath","//android.view.View[@text='Today']","d12fe72d-7a4f-481e-9083-8cd36615e04a"]
&amp#27;[38;5;32m[AndroidUiautomator2Driver@820d (d12fe72d)]&amp#27;[0m Valid locator strategies for this request: xpath, id, class name, accessibility id, css selector, -android uiautomator
&amp#27;[38;5;32m[AndroidUiautomator2Driver@820d (d12fe72d)]&amp#27;[0m Waiting up to 0 ms for condition
&amp#27;[38;5;32m[AndroidUiautomator2Driver@820d (d12fe72d)]&amp#27;[0m Matched '/element' to command name 'findElement'
&amp#27;[38;5;32m[AndroidUiautomator2Driver@820d (d12fe72d)]&amp#27;[0m Proxying [POST /element] to [POST http://127.0.0.1:8200/session/5b82ceeb-9e4c-4729-8c90-d8641a83fc81/element] with body: {"strategy":"xpath","selector":"//android.view.View[@text='Today']","context":"","multiple":false}
&amp#27;[38;5;32m[AndroidUiautomator2Driver@820d (d12fe72d)]&amp#27;[0m Got response with status 200: {"sessionId":"5b82ceeb-9e4c-4729-8c90-d8641a83fc81","value":{"ELEMENT":"00000000-0000-004f-0000-001b00000004","element-6066-11e4-a52e-4f735466cecf":"00000000-0000-004f-0000-001b00000004"}}
&amp#27;[38;5;32m[AndroidUiautomator2Driver@820d (d12fe72d)]&amp#27;[0m Responding to client with driver.findElement() result: {"element-6066-11e4-a52e-4f735466cecf":"00000000-0000-004f-0000-001b00000004","ELEMENT":"00000000-0000-004f-0000-001b00000004"}
&amp#27;[38;5;0m[HTTP]&amp#27;[0m &amp#27;[37m<-- POST /session/d12fe72d-7a4f-481e-9083-8cd36615e04a/element &amp#27;[39m&amp#27;[32m200&amp#27;[39m &amp#27;[90m456 ms - 137&amp#27;[39m
&amp#27;[38;5;0m[HTTP]&amp#27;[0m &amp#27;[90m&amp#27;[39m
&amp#27;[38;5;0m[HTTP]&amp#27;[0m &amp#27;[37m-->&amp#27;[39m &amp#27;[37mGET&amp#27;[39m &amp#27;[37m/session/d12fe72d-7a4f-481e-9083-8cd36615e04a/element/00000000-0000-004f-0000-001b00000004/displayed&amp#27;[39m
&amp#27;[38;5;0m[HTTP]&amp#27;[0m &amp#27;[90m{}&amp#27;[39m
&amp#27;[38;5;32m[AndroidUiautomator2Driver@820d (d12fe72d)]&amp#27;[0m Calling AppiumDriver.elementDisplayed() with args: ["00000000-0000-004f-0000-001b00000004","d12fe72d-7a4f-481e-9083-8cd36615e04a"]
&amp#27;[38;5;32m[AndroidUiautomator2Driver@820d (d12fe72d)]&amp#27;[0m Matched '/element/00000000-0000-004f-0000-001b00000004/attribute/displayed' to command name 'getAttribute'
&amp#27;[38;5;32m[AndroidUiautomator2Driver@820d (d12fe72d)]&amp#27;[0m Proxying [GET /element/00000000-0000-004f-0000-001b00000004/attribute/displayed] to [GET http://127.0.0.1:8200/session/5b82ceeb-9e4c-4729-8c90-d8641a83fc81/element/00000000-0000-004f-0000-001b00000004/attribute/displayed] with no body
&amp#27;[38;5;32m[AndroidUiautomator2Driver@820d (d12fe72d)]&amp#27;[0m Got response with status 200: {"sessionId":"5b82ceeb-9e4c-4729-8c90-d8641a83fc81","value":"true"}
&amp#27;[38;5;32m[AndroidUiautomator2Driver@820d (d12fe72d)]&amp#27;[0m Responding to client with driver.elementDisplayed() result: true
&amp#27;[38;5;0m[HTTP]&amp#27;[0m &amp#27;[37m<-- GET /session/d12fe72d-7a4f-481e-9083-8cd36615e04a/element/00000000-0000-004f-0000-001b00000004/displayed &amp#27;[39m&amp#27;[32m200&amp#27;[39m &amp#27;[90m10 ms - 14&amp#27;[39m
&amp#27;[38;5;0m[HTTP]&amp#27;[0m &amp#27;[90m&amp#27;[39m
&amp#27;[38;5;0m[HTTP]&amp#27;[0m &amp#27;[37m-->&amp#27;[39m &amp#27;[37mPOST&amp#27;[39m &amp#27;[37m/session/d12fe72d-7a4f-481e-9083-8cd36615e04a/element&amp#27;[39m
&amp#27;[38;5;0m[HTTP]&amp#27;[0m &amp#27;[90m{"using":"xpath","value":"//android.view.View[@text='Today']"}&amp#27;[39m
&amp#27;[38;5;32m[AndroidUiautomator2Driver@820d (d12fe72d)]&amp#27;[0m Calling AppiumDriver.findElement() with args: ["xpath","//android.view.View[@text='Today']","d12fe72d-7a4f-481e-9083-8cd36615e04a"]
&amp#27;[38;5;32m[AndroidUiautomator2Driver@820d (d12fe72d)]&amp#27;[0m Valid locator strategies for this request: xpath, id, class name, accessibility id, css selector, -android uiautomator
&amp#27;[38;5;32m[AndroidUiautomator2Driver@820d (d12fe72d)]&amp#27;[0m Waiting up to 0 ms for condition
&amp#27;[38;5;32m[AndroidUiautomator2Driver@820d (d12fe72d)]&amp#27;[0m Matched '/element' to command name 'findElement'
&amp#27;[38;5;32m[AndroidUiautomator2Driver@820d (d12fe72d)]&amp#27;[0m Proxying [POST /element] to [POST http://127.0.0.1:8200/session/5b82ceeb-9e4c-4729-8c90-d8641a83fc81/element] with body: {"strategy":"xpath","selector":"//android.view.View[@text='Today']","context":"","multiple":false}
&amp#27;[38;5;32m[AndroidUiautomator2Driver@820d (d12fe72d)]&amp#27;[0m Got response with status 200: {"sessionId":"5b82ceeb-9e4c-4729-8c90-d8641a83fc81","value":{"ELEMENT":"00000000-0000-004f-0000-001b00000004","element-6066-11e4-a52e-4f735466cecf":"00000000-0000-004f-0000-001b00000004"}}
&amp#27;[38;5;32m[AndroidUiautomator2Driver@820d (d12fe72d)]&amp#27;[0m Responding to client with driver.findElement() result: {"element-6066-11e4-a52e-4f735466cecf":"00000000-0000-004f-0000-001b00000004","ELEMENT":"00000000-0000-004f-0000-001b00000004"}
&amp#27;[38;5;0m[HTTP]&amp#27;[0m &amp#27;[37m<-- POST /session/d12fe72d-7a4f-481e-9083-8cd36615e04a/element &amp#27;[39m&amp#27;[32m200&amp#27;[39m &amp#27;[90m126 ms - 137&amp#27;[39m
&amp#27;[38;5;0m[HTTP]&amp#27;[0m &amp#27;[90m&amp#27;[39m
&amp#27;[38;5;0m[HTTP]&amp#27;[0m &amp#27;[37m-->&amp#27;[39m &amp#27;[37mPOST&amp#27;[39m &amp#27;[37m/session/d12fe72d-7a4f-481e-9083-8cd36615e04a/element&amp#27;[39m
&amp#27;[38;5;0m[HTTP]&amp#27;[0m &amp#27;[90m{"using":"xpath","value":"//android.view.View[@text='Today']"}&amp#27;[39m
&amp#27;[38;5;32m[AndroidUiautomator2Driver@820d (d12fe72d)]&amp#27;[0m Calling AppiumDriver.findElement() with args: ["xpath","//android.view.View[@text='Today']","d12fe72d-7a4f-481e-9083-8cd36615e04a"]
&amp#27;[38;5;32m[AndroidUiautomator2Driver@820d (d12fe72d)]&amp#27;[0m Valid locator strategies for this request: xpath, id, class name, accessibility id, css selector, -android uiautomator
&amp#27;[38;5;32m[AndroidUiautomator2Driver@820d (d12fe72d)]&amp#27;[0m Waiting up to 0 ms for condition
&amp#27;[38;5;32m[AndroidUiautomator2Driver@820d (d12fe72d)]&amp#27;[0m Matched '/element' to command name 'findElement'
&amp#27;[38;5;32m[AndroidUiautomator2Driver@820d (d12fe72d)]&amp#27;[0m Proxying [POST /element] to [POST http://127.0.0.1:8200/session/5b82ceeb-9e4c-4729-8c90-d8641a83fc81/element] with body: {"strategy":"xpath","selector":"//android.view.View[@text='Today']","context":"","multiple":false}
&amp#27;[38;5;32m[AndroidUiautomator2Driver@820d (d12fe72d)]&amp#27;[0m Got response with status 200: {"sessionId":"5b82ceeb-9e4c-4729-8c90-d8641a83fc81","value":{"ELEMENT":"00000000-0000-004f-0000-001b00000004","element-6066-11e4-a52e-4f735466cecf":"00000000-0000-004f-0000-001b00000004"}}
&amp#27;[38;5;32m[AndroidUiautomator2Driver@820d (d12fe72d)]&amp#27;[0m Responding to client with driver.findElement() result: {"element-6066-11e4-a52e-4f735466cecf":"00000000-0000-004f-0000-001b00000004","ELEMENT":"00000000-0000-004f-0000-001b00000004"}
&amp#27;[38;5;0m[HTTP]&amp#27;[0m &amp#27;[37m<-- POST /session/d12fe72d-7a4f-481e-9083-8cd36615e04a/element &amp#27;[39m&amp#27;[32m200&amp#27;[39m &amp#27;[90m121 ms - 137&amp#27;[39m
&amp#27;[38;5;0m[HTTP]&amp#27;[0m &amp#27;[90m&amp#27;[39m
&amp#27;[38;5;0m[HTTP]&amp#27;[0m &amp#27;[37m-->&amp#27;[39m &amp#27;[37mGET&amp#27;[39m &amp#27;[37m/session/d12fe72d-7a4f-481e-9083-8cd36615e04a/element/00000000-0000-004f-0000-001b00000004/text&amp#27;[39m
&amp#27;[38;5;0m[HTTP]&amp#27;[0m &amp#27;[90m{}&amp#27;[39m
&amp#27;[38;5;32m[AndroidUiautomator2Driver@820d (d12fe72d)]&amp#27;[0m Driver proxy active, passing request on via HTTP proxy
&amp#27;[38;5;32m[AndroidUiautomator2Driver@820d (d12fe72d)]&amp#27;[0m Matched '/session/d12fe72d-7a4f-481e-9083-8cd36615e04a/element/00000000-0000-004f-0000-001b00000004/text' to command name 'getText'
&amp#27;[38;5;32m[AndroidUiautomator2Driver@820d (d12fe72d)]&amp#27;[0m Proxying [GET /session/d12fe72d-7a4f-481e-9083-8cd36615e04a/element/00000000-0000-004f-0000-001b00000004/text] to [GET http://127.0.0.1:8200/session/5b82ceeb-9e4c-4729-8c90-d8641a83fc81/element/00000000-0000-004f-0000-001b00000004/text] with no body
&amp#27;[38;5;32m[AndroidUiautomator2Driver@820d (d12fe72d)]&amp#27;[0m Got response with status 200: {"sessionId":"5b82ceeb-9e4c-4729-8c90-d8641a83fc81","value":"Today"}
&amp#27;[38;5;32m[AndroidUiautomator2Driver@820d (d12fe72d)]&amp#27;[0m Replacing sessionId 5b82ceeb-9e4c-4729-8c90-d8641a83fc81 with d12fe72d-7a4f-481e-9083-8cd36615e04a
&amp#27;[38;5;0m[HTTP]&amp#27;[0m &amp#27;[37m<-- GET /session/d12fe72d-7a4f-481e-9083-8cd36615e04a/element/00000000-0000-004f-0000-001b00000004/text &amp#27;[39m&amp#27;[32m200&amp#27;[39m &amp#27;[90m10 ms - 68&amp#27;[39m
&amp#27;[38;5;0m[HTTP]&amp#27;[0m &amp#27;[90m&amp#27;[39m
&amp#27;[38;5;0m[HTTP]&amp#27;[0m &amp#27;[37m-->&amp#27;[39m &amp#27;[37mPOST&amp#27;[39m &amp#27;[37m/session/d12fe72d-7a4f-481e-9083-8cd36615e04a/elements&amp#27;[39m
&amp#27;[38;5;0m[HTTP]&amp#27;[0m &amp#27;[90m{"using":"xpath","value":"//android.widget.HorizontalScrollView"}&amp#27;[39m
&amp#27;[38;5;32m[AndroidUiautomator2Driver@820d (d12fe72d)]&amp#27;[0m Calling AppiumDriver.findElements() with args: ["xpath","//android.widget.HorizontalScrollView","d12fe72d-7a4f-481e-9083-8cd36615e04a"]
&amp#27;[38;5;32m[AndroidUiautomator2Driver@820d (d12fe72d)]&amp#27;[0m Valid locator strategies for this request: xpath, id, class name, accessibility id, css selector, -android uiautomator
&amp#27;[38;5;32m[AndroidUiautomator2Driver@820d (d12fe72d)]&amp#27;[0m Waiting up to 0 ms for condition
&amp#27;[38;5;32m[AndroidUiautomator2Driver@820d (d12fe72d)]&amp#27;[0m Matched '/elements' to command name 'findElements'
&amp#27;[38;5;32m[AndroidUiautomator2Driver@820d (d12fe72d)]&amp#27;[0m Proxying [POST /elements] to [POST http://127.0.0.1:8200/session/5b82ceeb-9e4c-4729-8c90-d8641a83fc81/elements] with body: {"strategy":"xpath","selector":"//android.widget.HorizontalScrollView","context":"","multiple":true}
&amp#27;[38;5;32m[AndroidUiautomator2Driver@820d (d12fe72d)]&amp#27;[0m Got response with status 200: {"sessionId":"5b82ceeb-9e4c-4729-8c90-d8641a83fc81","value":[{"ELEMENT":"00000000-0000-004f-0000-001d00000004","element-6066-11e4-a52e-4f735466cecf":"00000000-0000-004f-0000-001d00000004"},{"ELEMENT":"00000000-0000-004f-0000-001e00000004","element-6066-11e4-a52e-4f735466cecf":"00000000-0000-004f-0000-001e00000004"}]}
&amp#27;[38;5;32m[AndroidUiautomator2Driver@820d (d12fe72d)]&amp#27;[0m Responding to client with driver.findElements() result: [{"element-6066-11e4-a52e-4f735466cecf":"00000000-0000-004f-0000-001d00000004","ELEMENT":"00000000-0000-004f-0000-001d00000004"},{"element-6066-11e4-a52e-4f735466cecf":"00000000-0000-004f-0000-001e00000004","ELEMENT":"00000000-0000-004f-0000-001e00000004"}]
&amp#27;[38;5;0m[HTTP]&amp#27;[0m &amp#27;[37m<-- POST /session/d12fe72d-7a4f-481e-9083-8cd36615e04a/elements &amp#27;[39m&amp#27;[32m200&amp#27;[39m &amp#27;[90m116 ms - 267&amp#27;[39m
&amp#27;[38;5;0m[HTTP]&amp#27;[0m &amp#27;[90m&amp#27;[39m
&amp#27;[38;5;0m[HTTP]&amp#27;[0m &amp#27;[37m-->&amp#27;[39m &amp#27;[37mPOST&amp#27;[39m &amp#27;[37m/session/d12fe72d-7a4f-481e-9083-8cd36615e04a/elements&amp#27;[39m
&amp#27;[38;5;0m[HTTP]&amp#27;[0m &amp#27;[90m{"using":"xpath","value":"//android.widget.HorizontalScrollView"}&amp#27;[39m
&amp#27;[38;5;32m[AndroidUiautomator2Driver@820d (d12fe72d)]&amp#27;[0m Calling AppiumDriver.findElements() with args: ["xpath","//android.widget.HorizontalScrollView","d12fe72d-7a4f-481e-9083-8cd36615e04a"]
&amp#27;[38;5;32m[AndroidUiautomator2Driver@820d (d12fe72d)]&amp#27;[0m Valid locator strategies for this request: xpath, id, class name, accessibility id, css selector, -android uiautomator
&amp#27;[38;5;32m[AndroidUiautomator2Driver@820d (d12fe72d)]&amp#27;[0m Waiting up to 0 ms for condition
&amp#27;[38;5;32m[AndroidUiautomator2Driver@820d (d12fe72d)]&amp#27;[0m Matched '/elements' to command name 'findElements'
&amp#27;[38;5;32m[AndroidUiautomator2Driver@820d (d12fe72d)]&amp#27;[0m Proxying [POST /elements] to [POST http://127.0.0.1:8200/session/5b82ceeb-9e4c-4729-8c90-d8641a83fc81/elements] with body: {"strategy":"xpath","selector":"//android.widget.HorizontalScrollView","context":"","multiple":true}
&amp#27;[38;5;32m[AndroidUiautomator2Driver@820d (d12fe72d)]&amp#27;[0m Got response with status 200: {"sessionId":"5b82ceeb-9e4c-4729-8c90-d8641a83fc81","value":[{"ELEMENT":"00000000-0000-004f-0000-001d00000004","element-6066-11e4-a52e-4f735466cecf":"00000000-0000-004f-0000-001d00000004"},{"ELEMENT":"00000000-0000-004f-0000-001e00000004","element-6066-11e4-a52e-4f735466cecf":"00000000-0000-004f-0000-001e00000004"}]}
&amp#27;[38;5;32m[AndroidUiautomator2Driver@820d (d12fe72d)]&amp#27;[0m Responding to client with driver.findElements() result: [{"element-6066-11e4-a52e-4f735466cecf":"00000000-0000-004f-0000-001d00000004","ELEMENT":"00000000-0000-004f-0000-001d00000004"},{"element-6066-11e4-a52e-4f735466cecf":"00000000-0000-004f-0000-001e00000004","ELEMENT":"00000000-0000-004f-0000-001e00000004"}]
&amp#27;[38;5;0m[HTTP]&amp#27;[0m &amp#27;[37m<-- POST /session/d12fe72d-7a4f-481e-9083-8cd36615e04a/elements &amp#27;[39m&amp#27;[32m200&amp#27;[39m &amp#27;[90m108 ms - 267&amp#27;[39m
&amp#27;[38;5;0m[HTTP]&amp#27;[0m &amp#27;[90m&amp#27;[39m
&amp#27;[38;5;0m[HTTP]&amp#27;[0m &amp#27;[37m-->&amp#27;[39m &amp#27;[37mPOST&amp#27;[39m &amp#27;[37m/session/d12fe72d-7a4f-481e-9083-8cd36615e04a/element/00000000-0000-004f-0000-001e00000004/elements&amp#27;[39m
&amp#27;[38;5;0m[HTTP]&amp#27;[0m &amp#27;[90m{"id":"00000000-0000-004f-0000-001e00000004","using":"xpath","value":"//android.view.View"}&amp#27;[39m
&amp#27;[38;5;32m[AndroidUiautomator2Driver@820d (d12fe72d)]&amp#27;[0m Calling AppiumDriver.findElementsFromElement() with args: ["xpath","//android.view.View","00000000-0000-004f-0000-001e00000004","d12fe72d-7a4f-481e-9083-8cd36615e04a"]
&amp#27;[38;5;32m[AndroidUiautomator2Driver@820d (d12fe72d)]&amp#27;[0m Valid locator strategies for this request: xpath, id, class name, accessibility id, css selector, -android uiautomator
&amp#27;[38;5;32m[AndroidUiautomator2Driver@820d (d12fe72d)]&amp#27;[0m Waiting up to 0 ms for condition
&amp#27;[38;5;32m[AndroidUiautomator2Driver@820d (d12fe72d)]&amp#27;[0m Matched '/elements' to command name 'findElements'
&amp#27;[38;5;32m[AndroidUiautomator2Driver@820d (d12fe72d)]&amp#27;[0m Proxying [POST /elements] to [POST http://127.0.0.1:8200/session/5b82ceeb-9e4c-4729-8c90-d8641a83fc81/elements] with body: {"strategy":"xpath","selector":"//android.view.View","context":"00000000-0000-004f-0000-001e00000004","multiple":true}
&amp#27;[38;5;32m[AndroidUiautomator2Driver@820d (d12fe72d)]&amp#27;[0m Got response with status 200: {"sessionId":"5b82ceeb-9e4c-4729-8c90-d8641a83fc81","value":[{"ELEMENT":"00000000-0000-004f-0000-003f00000004","element-6066-11e4-a52e-4f735466cecf":"00000000-0000-004f-0000-003f00000004"},{"ELEMENT":"00000000-0000-004f-0000-004100000004","element-6066-11e4-a52e-4f735466cecf":"00000000-0000-004f-0000-004100000004"},{"ELEMENT":"00000000-0000-004f-0000-004300000004","element-6066-11e4-a52e-4f735466cecf":"00000000-0000-004f-0000-004300000004"},{"ELEMENT":"00000000-0000-004f-0000-004500000004","element-6066-11e4-a52e-4f735466cecf":"00000000-0000-004f-0000-004500000004"},{"ELEMENT":"00000000-0000-004f-0000-004700000004","element-6066-11e4-a52e-4f735466cecf":"00000000-0000-004f-0000-004700000004"},{"ELEMENT":"00000000-0000-004f-0000-004900000004","element-6066-11e4-a52e-4f735466cecf":"00000000-0000-004f-0000-004900000004"},{"ELEMENT":"00000000-0000-004f-0000-004b00000004","element-6066-11e4-a52e-4f735466cecf":"00000000-0000-004f-0000-004b00000004"},{"ELEMENT":"00000000-0000-004f-0000-004d00000004","element-6066-...
&amp#27;[38;5;32m[AndroidUiautomator2Driver@820d (d12fe72d)]&amp#27;[0m Responding to client with driver.findElementsFromElement() result: [{"element-6066-11e4-a52e-4f735466cecf":"00000000-0000-004f-0000-003f00000004","ELEMENT":"00000000-0000-004f-0000-003f00000004"},{"element-6066-11e4-a52e-4f735466cecf":"00000000-0000-004f-0000-004100000004","ELEMENT":"00000000-0000-004f-0000-004100000004"},{"element-6066-11e4-a52e-4f735466cecf":"00000000-0000-004f-0000-004300000004","ELEMENT":"00000000-0000-004f-0000-004300000004"},{"element-6066-11e4-a52e-4f735466cecf":"00000000-0000-004f-0000-004500000004","ELEMENT":"00000000-0000-004f-0000-004500000004"},{"element-6066-11e4-a52e-4f735466cecf":"00000000-0000-004f-0000-004700000004","ELEMENT":"00000000-0000-004f-0000-004700000004"},{"element-6066-11e4-a52e-4f735466cecf":"00000000-0000-004f-0000-004900000004","ELEMENT":"00000000-0000-004f-0000-004900000004"},{"element-6066-11e4-a52e-4f735466cecf":"00000000-0000-004f-0000-004b00000004","ELEMENT":"00000000-0000-004f-0000-004b00000004"},{"element-6066-11e4-a52e-4f735466cecf":"00000000-0000-004f-0000-004d00000004","ELEMENT":"00000000-0000-004f-0000-004d0000000...
&amp#27;[38;5;0m[HTTP]&amp#27;[0m &amp#27;[37m<-- POST /session/d12fe72d-7a4f-481e-9083-8cd36615e04a/element/00000000-0000-004f-0000-001e00000004/elements &amp#27;[39m&amp#27;[32m200&amp#27;[39m &amp#27;[90m50 ms - 2059&amp#27;[39m
&amp#27;[38;5;0m[HTTP]&amp#27;[0m &amp#27;[90m&amp#27;[39m
&amp#27;[38;5;0m[HTTP]&amp#27;[0m &amp#27;[37m-->&amp#27;[39m &amp#27;[37mGET&amp#27;[39m &amp#27;[37m/session/d12fe72d-7a4f-481e-9083-8cd36615e04a/element/00000000-0000-004f-0000-003f00000004/text&amp#27;[39m
&amp#27;[38;5;0m[HTTP]&amp#27;[0m &amp#27;[90m{}&amp#27;[39m
&amp#27;[38;5;32m[AndroidUiautomator2Driver@820d (d12fe72d)]&amp#27;[0m Driver proxy active, passing request on via HTTP proxy
&amp#27;[38;5;32m[AndroidUiautomator2Driver@820d (d12fe72d)]&amp#27;[0m Matched '/session/d12fe72d-7a4f-481e-9083-8cd36615e04a/element/00000000-0000-004f-0000-003f00000004/text' to command name 'getText'
&amp#27;[38;5;32m[AndroidUiautomator2Driver@820d (d12fe72d)]&amp#27;[0m Proxying [GET /session/d12fe72d-7a4f-481e-9083-8cd36615e04a/element/00000000-0000-004f-0000-003f00000004/text] to [GET http://127.0.0.1:8200/session/5b82ceeb-9e4c-4729-8c90-d8641a83fc81/element/00000000-0000-004f-0000-003f00000004/text] with no body
&amp#27;[38;5;32m[AndroidUiautomator2Driver@820d (d12fe72d)]&amp#27;[0m Got response with status 200: {"sessionId":"5b82ceeb-9e4c-4729-8c90-d8641a83fc81","value":"Tue"}
&amp#27;[38;5;32m[AndroidUiautomator2Driver@820d (d12fe72d)]&amp#27;[0m Replacing sessionId 5b82ceeb-9e4c-4729-8c90-d8641a83fc81 with d12fe72d-7a4f-481e-9083-8cd36615e04a
&amp#27;[38;5;0m[HTTP]&amp#27;[0m &amp#27;[37m<-- GET /session/d12fe72d-7a4f-481e-9083-8cd36615e04a/element/00000000-0000-004f-0000-003f00000004/text &amp#27;[39m&amp#27;[32m200&amp#27;[39m &amp#27;[90m10 ms - 66&amp#27;[39m
&amp#27;[38;5;0m[HTTP]&amp#27;[0m &amp#27;[90m&amp#27;[39m
&amp#27;[38;5;0m[HTTP]&amp#27;[0m &amp#27;[37m-->&amp#27;[39m &amp#27;[37mGET&amp#27;[39m &amp#27;[37m/session/d12fe72d-7a4f-481e-9083-8cd36615e04a/element/00000000-0000-004f-0000-004100000004/text&amp#27;[39m
&amp#27;[38;5;0m[HTTP]&amp#27;[0m &amp#27;[90m{}&amp#27;[39m
&amp#27;[38;5;32m[AndroidUiautomator2Driver@820d (d12fe72d)]&amp#27;[0m Driver proxy active, passing request on via HTTP proxy
&amp#27;[38;5;32m[AndroidUiautomator2Driver@820d (d12fe72d)]&amp#27;[0m Matched '/session/d12fe72d-7a4f-481e-9083-8cd36615e04a/element/00000000-0000-004f-0000-004100000004/text' to command name 'getText'
&amp#27;[38;5;32m[AndroidUiautomator2Driver@820d (d12fe72d)]&amp#27;[0m Proxying [GET /session/d12fe72d-7a4f-481e-9083-8cd36615e04a/element/00000000-0000-004f-0000-004100000004/text] to [GET http://127.0.0.1:8200/session/5b82ceeb-9e4c-4729-8c90-d8641a83fc81/element/00000000-0000-004f-0000-004100000004/text] with no body
&amp#27;[38;5;32m[AndroidUiautomator2Driver@820d (d12fe72d)]&amp#27;[0m Got response with status 200: {"sessionId":"5b82ceeb-9e4c-4729-8c90-d8641a83fc81","value":"overcast clouds"}
&amp#27;[38;5;32m[AndroidUiautomator2Driver@820d (d12fe72d)]&amp#27;[0m Replacing sessionId 5b82ceeb-9e4c-4729-8c90-d8641a83fc81 with d12fe72d-7a4f-481e-9083-8cd36615e04a
&amp#27;[38;5;0m[HTTP]&amp#27;[0m &amp#27;[37m<-- GET /session/d12fe72d-7a4f-481e-9083-8cd36615e04a/element/00000000-0000-004f-0000-004100000004/text &amp#27;[39m&amp#27;[32m200&amp#27;[39m &amp#27;[90m10 ms - 78&amp#27;[39m
&amp#27;[38;5;0m[HTTP]&amp#27;[0m &amp#27;[90m&amp#27;[39m
&amp#27;[38;5;0m[HTTP]&amp#27;[0m &amp#27;[37m-->&amp#27;[39m &amp#27;[37mGET&amp#27;[39m &amp#27;[37m/session/d12fe72d-7a4f-481e-9083-8cd36615e04a/element/00000000-0000-004f-0000-004300000004/text&amp#27;[39m
&amp#27;[38;5;0m[HTTP]&amp#27;[0m &amp#27;[90m{}&amp#27;[39m
&amp#27;[38;5;32m[AndroidUiautomator2Driver@820d (d12fe72d)]&amp#27;[0m Driver proxy active, passing request on via HTTP proxy
&amp#27;[38;5;32m[AndroidUiautomator2Driver@820d (d12fe72d)]&amp#27;[0m Matched '/session/d12fe72d-7a4f-481e-9083-8cd36615e04a/element/00000000-0000-004f-0000-004300000004/text' to command name 'getText'
&amp#27;[38;5;32m[AndroidUiautomator2Driver@820d (d12fe72d)]&amp#27;[0m Proxying [GET /session/d12fe72d-7a4f-481e-9083-8cd36615e04a/element/00000000-0000-004f-0000-004300000004/text] to [GET http://127.0.0.1:8200/session/5b82ceeb-9e4c-4729-8c90-d8641a83fc81/element/00000000-0000-004f-0000-004300000004/text] with no body
&amp#27;[38;5;32m[AndroidUiautomator2Driver@820d (d12fe72d)]&amp#27;[0m Got response with status 200: {"sessionId":"5b82ceeb-9e4c-4729-8c90-d8641a83fc81","value":"65 %"}
&amp#27;[38;5;32m[AndroidUiautomator2Driver@820d (d12fe72d)]&amp#27;[0m Replacing sessionId 5b82ceeb-9e4c-4729-8c90-d8641a83fc81 with d12fe72d-7a4f-481e-9083-8cd36615e04a
&amp#27;[38;5;0m[HTTP]&amp#27;[0m &amp#27;[37m<-- GET /session/d12fe72d-7a4f-481e-9083-8cd36615e04a/element/00000000-0000-004f-0000-004300000004/text &amp#27;[39m&amp#27;[32m200&amp#27;[39m &amp#27;[90m9 ms - 67&amp#27;[39m
&amp#27;[38;5;0m[HTTP]&amp#27;[0m &amp#27;[90m&amp#27;[39m
&amp#27;[38;5;0m[HTTP]&amp#27;[0m &amp#27;[37m-->&amp#27;[39m &amp#27;[37mGET&amp#27;[39m &amp#27;[37m/session/d12fe72d-7a4f-481e-9083-8cd36615e04a/element/00000000-0000-004f-0000-004500000004/text&amp#27;[39m
&amp#27;[38;5;0m[HTTP]&amp#27;[0m &amp#27;[90m{}&amp#27;[39m
&amp#27;[38;5;32m[AndroidUiautomator2Driver@820d (d12fe72d)]&amp#27;[0m Driver proxy active, passing request on via HTTP proxy
&amp#27;[38;5;32m[AndroidUiautomator2Driver@820d (d12fe72d)]&amp#27;[0m Matched '/session/d12fe72d-7a4f-481e-9083-8cd36615e04a/element/00000000-0000-004f-0000-004500000004/text' to command name 'getText'
&amp#27;[38;5;32m[AndroidUiautomator2Driver@820d (d12fe72d)]&amp#27;[0m Proxying [GET /session/d12fe72d-7a4f-481e-9083-8cd36615e04a/element/00000000-0000-004f-0000-004500000004/text] to [GET http://127.0.0.1:8200/session/5b82ceeb-9e4c-4729-8c90-d8641a83fc81/element/00000000-0000-004f-0000-004500000004/text] with no body
&amp#27;[38;5;32m[AndroidUiautomator2Driver@820d (d12fe72d)]&amp#27;[0m Got response with status 200: {"sessionId":"5b82ceeb-9e4c-4729-8c90-d8641a83fc81","value":"15 Â°C"}
&amp#27;[38;5;32m[AndroidUiautomator2Driver@820d (d12fe72d)]&amp#27;[0m Replacing sessionId 5b82ceeb-9e4c-4729-8c90-d8641a83fc81 with d12fe72d-7a4f-481e-9083-8cd36615e04a
&amp#27;[38;5;0m[HTTP]&amp#27;[0m &amp#27;[37m<-- GET /session/d12fe72d-7a4f-481e-9083-8cd36615e04a/element/00000000-0000-004f-0000-004500000004/text &amp#27;[39m&amp#27;[32m200&amp#27;[39m &amp#27;[90m10 ms - 69&amp#27;[39m
&amp#27;[38;5;0m[HTTP]&amp#27;[0m &amp#27;[90m&amp#27;[39m
&amp#27;[38;5;0m[HTTP]&amp#27;[0m &amp#27;[37m-->&amp#27;[39m &amp#27;[37mGET&amp#27;[39m &amp#27;[37m/session/d12fe72d-7a4f-481e-9083-8cd36615e04a/element/00000000-0000-004f-0000-004700000004/text&amp#27;[39m
&amp#27;[38;5;0m[HTTP]&amp#27;[0m &amp#27;[90m{}&amp#27;[39m
&amp#27;[38;5;32m[AndroidUiautomator2Driver@820d (d12fe72d)]&amp#27;[0m Driver proxy active, passing request on via HTTP proxy
&amp#27;[38;5;32m[AndroidUiautomator2Driver@820d (d12fe72d)]&amp#27;[0m Matched '/session/d12fe72d-7a4f-481e-9083-8cd36615e04a/element/00000000-0000-004f-0000-004700000004/text' to command name 'getText'
&amp#27;[38;5;32m[AndroidUiautomator2Driver@820d (d12fe72d)]&amp#27;[0m Proxying [GET /session/d12fe72d-7a4f-481e-9083-8cd36615e04a/element/00000000-0000-004f-0000-004700000004/text] to [GET http://127.0.0.1:8200/session/5b82ceeb-9e4c-4729-8c90-d8641a83fc81/element/00000000-0000-004f-0000-004700000004/text] with no body
&amp#27;[38;5;32m[AndroidUiautomator2Driver@820d (d12fe72d)]&amp#27;[0m Got response with status 200: {"sessionId":"5b82ceeb-9e4c-4729-8c90-d8641a83fc81","value":"Wed"}
&amp#27;[38;5;32m[AndroidUiautomator2Driver@820d (d12fe72d)]&amp#27;[0m Replacing sessionId 5b82ceeb-9e4c-4729-8c90-d8641a83fc81 with d12fe72d-7a4f-481e-9083-8cd36615e04a
&amp#27;[38;5;0m[HTTP]&amp#27;[0m &amp#27;[37m<-- GET /session/d12fe72d-7a4f-481e-9083-8cd36615e04a/element/00000000-0000-004f-0000-004700000004/text &amp#27;[39m&amp#27;[32m200&amp#27;[39m &amp#27;[90m9 ms - 66&amp#27;[39m
&amp#27;[38;5;0m[HTTP]&amp#27;[0m &amp#27;[90m&amp#27;[39m
&amp#27;[38;5;0m[HTTP]&amp#27;[0m &amp#27;[37m-->&amp#27;[39m &amp#27;[37mGET&amp#27;[39m &amp#27;[37m/session/d12fe72d-7a4f-481e-9083-8cd36615e04a/element/00000000-0000-004f-0000-004900000004/text&amp#27;[39m
&amp#27;[38;5;0m[HTTP]&amp#27;[0m &amp#27;[90m{}&amp#27;[39m
&amp#27;[38;5;32m[AndroidUiautomator2Driver@820d (d12fe72d)]&amp#27;[0m Driver proxy active, passing request on via HTTP proxy
&amp#27;[38;5;32m[AndroidUiautomator2Driver@820d (d12fe72d)]&amp#27;[0m Matched '/session/d12fe72d-7a4f-481e-9083-8cd36615e04a/element/00000000-0000-004f-0000-004900000004/text' to command name 'getText'
&amp#27;[38;5;32m[AndroidUiautomator2Driver@820d (d12fe72d)]&amp#27;[0m Proxying [GET /session/d12fe72d-7a4f-481e-9083-8cd36615e04a/element/00000000-0000-004f-0000-004900000004/text] to [GET http://127.0.0.1:8200/session/5b82ceeb-9e4c-4729-8c90-d8641a83fc81/element/00000000-0000-004f-0000-004900000004/text] with no body
&amp#27;[38;5;32m[AndroidUiautomator2Driver@820d (d12fe72d)]&amp#27;[0m Got response with status 200: {"sessionId":"5b82ceeb-9e4c-4729-8c90-d8641a83fc81","value":"light rain"}
&amp#27;[38;5;32m[AndroidUiautomator2Driver@820d (d12fe72d)]&amp#27;[0m Replacing sessionId 5b82ceeb-9e4c-4729-8c90-d8641a83fc81 with d12fe72d-7a4f-481e-9083-8cd36615e04a
&amp#27;[38;5;0m[HTTP]&amp#27;[0m &amp#27;[37m<-- GET /session/d12fe72d-7a4f-481e-9083-8cd36615e04a/element/00000000-0000-004f-0000-004900000004/text &amp#27;[39m&amp#27;[32m200&amp#27;[39m &amp#27;[90m10 ms - 73&amp#27;[39m
&amp#27;[38;5;0m[HTTP]&amp#27;[0m &amp#27;[90m&amp#27;[39m
&amp#27;[38;5;0m[HTTP]&amp#27;[0m &amp#27;[37m-->&amp#27;[39m &amp#27;[37mGET&amp#27;[39m &amp#27;[37m/session/d12fe72d-7a4f-481e-9083-8cd36615e04a/element/00000000-0000-004f-0000-004b00000004/text&amp#27;[39m
&amp#27;[38;5;0m[HTTP]&amp#27;[0m &amp#27;[90m{}&amp#27;[39m
&amp#27;[38;5;32m[AndroidUiautomator2Driver@820d (d12fe72d)]&amp#27;[0m Driver proxy active, passing request on via HTTP proxy
&amp#27;[38;5;32m[AndroidUiautomator2Driver@820d (d12fe72d)]&amp#27;[0m Matched '/session/d12fe72d-7a4f-481e-9083-8cd36615e04a/element/00000000-0000-004f-0000-004b00000004/text' to command name 'getText'
&amp#27;[38;5;32m[AndroidUiautomator2Driver@820d (d12fe72d)]&amp#27;[0m Proxying [GET /session/d12fe72d-7a4f-481e-9083-8cd36615e04a/element/00000000-0000-004f-0000-004b00000004/text] to [GET http://127.0.0.1:8200/session/5b82ceeb-9e4c-4729-8c90-d8641a83fc81/element/00000000-0000-004f-0000-004b00000004/text] with no body
&amp#27;[38;5;32m[AndroidUiautomator2Driver@820d (d12fe72d)]&amp#27;[0m Got response with status 200: {"sessionId":"5b82ceeb-9e4c-4729-8c90-d8641a83fc81","value":"59 %"}
&amp#27;[38;5;32m[AndroidUiautomator2Driver@820d (d12fe72d)]&amp#27;[0m Replacing sessionId 5b82ceeb-9e4c-4729-8c90-d8641a83fc81 with d12fe72d-7a4f-481e-9083-8cd36615e04a
&amp#27;[38;5;0m[HTTP]&amp#27;[0m &amp#27;[37m<-- GET /session/d12fe72d-7a4f-481e-9083-8cd36615e04a/element/00000000-0000-004f-0000-004b00000004/text &amp#27;[39m&amp#27;[32m200&amp#27;[39m &amp#27;[90m9 ms - 67&amp#27;[39m
&amp#27;[38;5;0m[HTTP]&amp#27;[0m &amp#27;[90m&amp#27;[39m
&amp#27;[38;5;0m[HTTP]&amp#27;[0m &amp#27;[37m-->&amp#27;[39m &amp#27;[37mGET&amp#27;[39m &amp#27;[37m/session/d12fe72d-7a4f-481e-9083-8cd36615e04a/element/00000000-0000-004f-0000-004d00000004/text&amp#27;[39m
&amp#27;[38;5;0m[HTTP]&amp#27;[0m &amp#27;[90m{}&amp#27;[39m
&amp#27;[38;5;32m[AndroidUiautomator2Driver@820d (d12fe72d)]&amp#27;[0m Driver proxy active, passing request on via HTTP proxy
&amp#27;[38;5;32m[AndroidUiautomator2Driver@820d (d12fe72d)]&amp#27;[0m Matched '/session/d12fe72d-7a4f-481e-9083-8cd36615e04a/element/00000000-0000-004f-0000-004d00000004/text' to command name 'getText'
&amp#27;[38;5;32m[AndroidUiautomator2Driver@820d (d12fe72d)]&amp#27;[0m Proxying [GET /session/d12fe72d-7a4f-481e-9083-8cd36615e04a/element/00000000-0000-004f-0000-004d00000004/text] to [GET http://127.0.0.1:8200/session/5b82ceeb-9e4c-4729-8c90-d8641a83fc81/element/00000000-0000-004f-0000-004d00000004/text] with no body
&amp#27;[38;5;32m[AndroidUiautomator2Driver@820d (d12fe72d)]&amp#27;[0m Got response with status 200: {"sessionId":"5b82ceeb-9e4c-4729-8c90-d8641a83fc81","value":"16 Â°C"}
&amp#27;[38;5;32m[AndroidUiautomator2Driver@820d (d12fe72d)]&amp#27;[0m Replacing sessionId 5b82ceeb-9e4c-4729-8c90-d8641a83fc81 with d12fe72d-7a4f-481e-9083-8cd36615e04a
&amp#27;[38;5;0m[HTTP]&amp#27;[0m &amp#27;[37m<-- GET /session/d12fe72d-7a4f-481e-9083-8cd36615e04a/element/00000000-0000-004f-0000-004d00000004/text &amp#27;[39m&amp#27;[32m200&amp#27;[39m &amp#27;[90m9 ms - 69&amp#27;[39m
&amp#27;[38;5;0m[HTTP]&amp#27;[0m &amp#27;[90m&amp#27;[39m
&amp#27;[38;5;0m[HTTP]&amp#27;[0m &amp#27;[37m-->&amp#27;[39m &amp#27;[37mGET&amp#27;[39m &amp#27;[37m/session/d12fe72d-7a4f-481e-9083-8cd36615e04a/element/00000000-0000-004f-0000-004f00000004/text&amp#27;[39m
&amp#27;[38;5;0m[HTTP]&amp#27;[0m &amp#27;[90m{}&amp#27;[39m
&amp#27;[38;5;32m[AndroidUiautomator2Driver@820d (d12fe72d)]&amp#27;[0m Driver proxy active, passing request on via HTTP proxy
&amp#27;[38;5;32m[AndroidUiautomator2Driver@820d (d12fe72d)]&amp#27;[0m Matched '/session/d12fe72d-7a4f-481e-9083-8cd36615e04a/element/00000000-0000-004f-0000-004f00000004/text' to command name 'getText'
&amp#27;[38;5;32m[AndroidUiautomator2Driver@820d (d12fe72d)]&amp#27;[0m Proxying [GET /session/d12fe72d-7a4f-481e-9083-8cd36615e04a/element/00000000-0000-004f-0000-004f00000004/text] to [GET http://127.0.0.1:8200/session/5b82ceeb-9e4c-4729-8c90-d8641a83fc81/element/00000000-0000-004f-0000-004f00000004/text] with no body
&amp#27;[38;5;32m[AndroidUiautomator2Driver@820d (d12fe72d)]&amp#27;[0m Got response with status 200: {"sessionId":"5b82ceeb-9e4c-4729-8c90-d8641a83fc81","value":"Thu"}
&amp#27;[38;5;32m[AndroidUiautomator2Driver@820d (d12fe72d)]&amp#27;[0m Replacing sessionId 5b82ceeb-9e4c-4729-8c90-d8641a83fc81 with d12fe72d-7a4f-481e-9083-8cd36615e04a
&amp#27;[38;5;0m[HTTP]&amp#27;[0m &amp#27;[37m<-- GET /session/d12fe72d-7a4f-481e-9083-8cd36615e04a/element/00000000-0000-004f-0000-004f00000004/text &amp#27;[39m&amp#27;[32m200&amp#27;[39m &amp#27;[90m9 ms - 66&amp#27;[39m
&amp#27;[38;5;0m[HTTP]&amp#27;[0m &amp#27;[90m&amp#27;[39m
&amp#27;[38;5;0m[HTTP]&amp#27;[0m &amp#27;[37m-->&amp#27;[39m &amp#27;[37mGET&amp#27;[39m &amp#27;[37m/session/d12fe72d-7a4f-481e-9083-8cd36615e04a/element/00000000-0000-004f-0000-005100000004/text&amp#27;[39m
&amp#27;[38;5;0m[HTTP]&amp#27;[0m &amp#27;[90m{}&amp#27;[39m
&amp#27;[38;5;32m[AndroidUiautomator2Driver@820d (d12fe72d)]&amp#27;[0m Driver proxy active, passing request on via HTTP proxy
&amp#27;[38;5;32m[AndroidUiautomator2Driver@820d (d12fe72d)]&amp#27;[0m Matched '/session/d12fe72d-7a4f-481e-9083-8cd36615e04a/element/00000000-0000-004f-0000-005100000004/text' to command name 'getText'
&amp#27;[38;5;32m[AndroidUiautomator2Driver@820d (d12fe72d)]&amp#27;[0m Proxying [GET /session/d12fe72d-7a4f-481e-9083-8cd36615e04a/element/00000000-0000-004f-0000-005100000004/text] to [GET http://127.0.0.1:8200/session/5b82ceeb-9e4c-4729-8c90-d8641a83fc81/element/00000000-0000-004f-0000-005100000004/text] with no body
&amp#27;[38;5;32m[AndroidUiautomator2Driver@820d (d12fe72d)]&amp#27;[0m Got response with status 200: {"sessionId":"5b82ceeb-9e4c-4729-8c90-d8641a83fc81","value":"light rain"}
&amp#27;[38;5;32m[AndroidUiautomator2Driver@820d (d12fe72d)]&amp#27;[0m Replacing sessionId 5b82ceeb-9e4c-4729-8c90-d8641a83fc81 with d12fe72d-7a4f-481e-9083-8cd36615e04a
&amp#27;[38;5;0m[HTTP]&amp#27;[0m &amp#27;[37m<-- GET /session/d12fe72d-7a4f-481e-9083-8cd36615e04a/element/00000000-0000-004f-0000-005100000004/text &amp#27;[39m&amp#27;[32m200&amp#27;[39m &amp#27;[90m9 ms - 73&amp#27;[39m
&amp#27;[38;5;0m[HTTP]&amp#27;[0m &amp#27;[90m&amp#27;[39m
&amp#27;[38;5;0m[HTTP]&amp#27;[0m &amp#27;[37m-->&amp#27;[39m &amp#27;[37mGET&amp#27;[39m &amp#27;[37m/session/d12fe72d-7a4f-481e-9083-8cd36615e04a/element/00000000-0000-004f-0000-005300000004/text&amp#27;[39m
&amp#27;[38;5;0m[HTTP]&amp#27;[0m &amp#27;[90m{}&amp#27;[39m
&amp#27;[38;5;32m[AndroidUiautomator2Driver@820d (d12fe72d)]&amp#27;[0m Driver proxy active, passing request on via HTTP proxy
&amp#27;[38;5;32m[AndroidUiautomator2Driver@820d (d12fe72d)]&amp#27;[0m Matched '/session/d12fe72d-7a4f-481e-9083-8cd36615e04a/element/00000000-0000-004f-0000-005300000004/text' to command name 'getText'
&amp#27;[38;5;32m[AndroidUiautomator2Driver@820d (d12fe72d)]&amp#27;[0m Proxying [GET /session/d12fe72d-7a4f-481e-9083-8cd36615e04a/element/00000000-0000-004f-0000-005300000004/text] to [GET http://127.0.0.1:8200/session/5b82ceeb-9e4c-4729-8c90-d8641a83fc81/element/00000000-0000-004f-0000-005300000004/text] with no body
&amp#27;[38;5;32m[AndroidUiautomator2Driver@820d (d12fe72d)]&amp#27;[0m Got response with status 200: {"sessionId":"5b82ceeb-9e4c-4729-8c90-d8641a83fc81","value":"80 %"}
&amp#27;[38;5;32m[AndroidUiautomator2Driver@820d (d12fe72d)]&amp#27;[0m Replacing sessionId 5b82ceeb-9e4c-4729-8c90-d8641a83fc81 with d12fe72d-7a4f-481e-9083-8cd36615e04a
&amp#27;[38;5;0m[HTTP]&amp#27;[0m &amp#27;[37m<-- GET /session/d12fe72d-7a4f-481e-9083-8cd36615e04a/element/00000000-0000-004f-0000-005300000004/text &amp#27;[39m&amp#27;[32m200&amp#27;[39m &amp#27;[90m9 ms - 67&amp#27;[39m
&amp#27;[38;5;0m[HTTP]&amp#27;[0m &amp#27;[90m&amp#27;[39m
&amp#27;[38;5;0m[HTTP]&amp#27;[0m &amp#27;[37m-->&amp#27;[39m &amp#27;[37mGET&amp#27;[39m &amp#27;[37m/session/d12fe72d-7a4f-481e-9083-8cd36615e04a/element/00000000-0000-004f-0000-005500000004/text&amp#27;[39m
&amp#27;[38;5;0m[HTTP]&amp#27;[0m &amp#27;[90m{}&amp#27;[39m
&amp#27;[38;5;32m[AndroidUiautomator2Driver@820d (d12fe72d)]&amp#27;[0m Driver proxy active, passing request on via HTTP proxy
&amp#27;[38;5;32m[AndroidUiautomator2Driver@820d (d12fe72d)]&amp#27;[0m Matched '/session/d12fe72d-7a4f-481e-9083-8cd36615e04a/element/00000000-0000-004f-0000-005500000004/text' to command name 'getText'
&amp#27;[38;5;32m[AndroidUiautomator2Driver@820d (d12fe72d)]&amp#27;[0m Proxying [GET /session/d12fe72d-7a4f-481e-9083-8cd36615e04a/element/00000000-0000-004f-0000-005500000004/text] to [GET http://127.0.0.1:8200/session/5b82ceeb-9e4c-4729-8c90-d8641a83fc81/element/00000000-0000-004f-0000-005500000004/text] with no body
&amp#27;[38;5;32m[AndroidUiautomator2Driver@820d (d12fe72d)]&amp#27;[0m Got response with status 200: {"sessionId":"5b82ceeb-9e4c-4729-8c90-d8641a83fc81","value":"16 Â°C"}
&amp#27;[38;5;32m[AndroidUiautomator2Driver@820d (d12fe72d)]&amp#27;[0m Replacing sessionId 5b82ceeb-9e4c-4729-8c90-d8641a83fc81 with d12fe72d-7a4f-481e-9083-8cd36615e04a
&amp#27;[38;5;0m[HTTP]&amp#27;[0m &amp#27;[37m<-- GET /session/d12fe72d-7a4f-481e-9083-8cd36615e04a/element/00000000-0000-004f-0000-005500000004/text &amp#27;[39m&amp#27;[32m200&amp#27;[39m &amp#27;[90m9 ms - 69&amp#27;[39m
&amp#27;[38;5;0m[HTTP]&amp#27;[0m &amp#27;[90m&amp#27;[39m
&amp#27;[38;5;0m[HTTP]&amp#27;[0m &amp#27;[37m-->&amp#27;[39m &amp#27;[37mGET&amp#27;[39m &amp#27;[37m/session/d12fe72d-7a4f-481e-9083-8cd36615e04a/element/00000000-0000-004f-0000-005700000004/text&amp#27;[39m
&amp#27;[38;5;0m[HTTP]&amp#27;[0m &amp#27;[90m{}&amp#27;[39m
&amp#27;[38;5;32m[AndroidUiautomator2Driver@820d (d12fe72d)]&amp#27;[0m Driver proxy active, passing request on via HTTP proxy
&amp#27;[38;5;32m[AndroidUiautomator2Driver@820d (d12fe72d)]&amp#27;[0m Matched '/session/d12fe72d-7a4f-481e-9083-8cd36615e04a/element/00000000-0000-004f-0000-005700000004/text' to command name 'getText'
&amp#27;[38;5;32m[AndroidUiautomator2Driver@820d (d12fe72d)]&amp#27;[0m Proxying [GET /session/d12fe72d-7a4f-481e-9083-8cd36615e04a/element/00000000-0000-004f-0000-005700000004/text] to [GET http://127.0.0.1:8200/session/5b82ceeb-9e4c-4729-8c90-d8641a83fc81/element/00000000-0000-004f-0000-005700000004/text] with no body
&amp#27;[38;5;32m[AndroidUiautomator2Driver@820d (d12fe72d)]&amp#27;[0m Got response with status 200: {"sessionId":"5b82ceeb-9e4c-4729-8c90-d8641a83fc81","value":"Fri"}
&amp#27;[38;5;32m[AndroidUiautomator2Driver@820d (d12fe72d)]&amp#27;[0m Replacing sessionId 5b82ceeb-9e4c-4729-8c90-d8641a83fc81 with d12fe72d-7a4f-481e-9083-8cd36615e04a
&amp#27;[38;5;0m[HTTP]&amp#27;[0m &amp#27;[37m<-- GET /session/d12fe72d-7a4f-481e-9083-8cd36615e04a/element/00000000-0000-004f-0000-005700000004/text &amp#27;[39m&amp#27;[32m200&amp#27;[39m &amp#27;[90m9 ms - 66&amp#27;[39m
&amp#27;[38;5;0m[HTTP]&amp#27;[0m &amp#27;[90m&amp#27;[39m
&amp#27;[38;5;0m[HTTP]&amp#27;[0m &amp#27;[37m-->&amp#27;[39m &amp#27;[37mGET&amp#27;[39m &amp#27;[37m/session/d12fe72d-7a4f-481e-9083-8cd36615e04a/element/00000000-0000-004f-0000-005900000004/text&amp#27;[39m
&amp#27;[38;5;0m[HTTP]&amp#27;[0m &amp#27;[90m{}&amp#27;[39m
&amp#27;[38;5;32m[AndroidUiautomator2Driver@820d (d12fe72d)]&amp#27;[0m Driver proxy active, passing request on via HTTP proxy
&amp#27;[38;5;32m[AndroidUiautomator2Driver@820d (d12fe72d)]&amp#27;[0m Matched '/session/d12fe72d-7a4f-481e-9083-8cd36615e04a/element/00000000-0000-004f-0000-005900000004/text' to command name 'getText'
&amp#27;[38;5;32m[AndroidUiautomator2Driver@820d (d12fe72d)]&amp#27;[0m Proxying [GET /session/d12fe72d-7a4f-481e-9083-8cd36615e04a/element/00000000-0000-004f-0000-005900000004/text] to [GET http://127.0.0.1:8200/session/5b82ceeb-9e4c-4729-8c90-d8641a83fc81/element/00000000-0000-004f-0000-005900000004/text] with no body
&amp#27;[38;5;32m[AndroidUiautomator2Driver@820d (d12fe72d)]&amp#27;[0m Got response with status 200: {"sessionId":"5b82ceeb-9e4c-4729-8c90-d8641a83fc81","value":"broken clouds"}
&amp#27;[38;5;32m[AndroidUiautomator2Driver@820d (d12fe72d)]&amp#27;[0m Replacing sessionId 5b82ceeb-9e4c-4729-8c90-d8641a83fc81 with d12fe72d-7a4f-481e-9083-8cd36615e04a
&amp#27;[38;5;0m[HTTP]&amp#27;[0m &amp#27;[37m<-- GET /session/d12fe72d-7a4f-481e-9083-8cd36615e04a/element/00000000-0000-004f-0000-005900000004/text &amp#27;[39m&amp#27;[32m200&amp#27;[39m &amp#27;[90m8 ms - 76&amp#27;[39m
&amp#27;[38;5;0m[HTTP]&amp#27;[0m &amp#27;[90m&amp#27;[39m
&amp#27;[38;5;0m[HTTP]&amp#27;[0m &amp#27;[37m-->&amp#27;[39m &amp#27;[37mGET&amp#27;[39m &amp#27;[37m/session/d12fe72d-7a4f-481e-9083-8cd36615e04a/element/00000000-0000-004f-0000-005b00000004/text&amp#27;[39m
&amp#27;[38;5;0m[HTTP]&amp#27;[0m &amp#27;[90m{}&amp#27;[39m
&amp#27;[38;5;32m[AndroidUiautomator2Driver@820d (d12fe72d)]&amp#27;[0m Driver proxy active, passing request on via HTTP proxy
&amp#27;[38;5;32m[AndroidUiautomator2Driver@820d (d12fe72d)]&amp#27;[0m Matched '/session/d12fe72d-7a4f-481e-9083-8cd36615e04a/element/00000000-0000-004f-0000-005b00000004/text' to command name 'getText'
&amp#27;[38;5;32m[AndroidUiautomator2Driver@820d (d12fe72d)]&amp#27;[0m Proxying [GET /session/d12fe72d-7a4f-481e-9083-8cd36615e04a/element/00000000-0000-004f-0000-005b00000004/text] to [GET http://127.0.0.1:8200/session/5b82ceeb-9e4c-4729-8c90-d8641a83fc81/element/00000000-0000-004f-0000-005b00000004/text] with no body
&amp#27;[38;5;32m[AndroidUiautomator2Driver@820d (d12fe72d)]&amp#27;[0m Got response with status 200: {"sessionId":"5b82ceeb-9e4c-4729-8c90-d8641a83fc81","value":"49 %"}
&amp#27;[38;5;32m[AndroidUiautomator2Driver@820d (d12fe72d)]&amp#27;[0m Replacing sessionId 5b82ceeb-9e4c-4729-8c90-d8641a83fc81 with d12fe72d-7a4f-481e-9083-8cd36615e04a
&amp#27;[38;5;0m[HTTP]&amp#27;[0m &amp#27;[37m<-- GET /session/d12fe72d-7a4f-481e-9083-8cd36615e04a/element/00000000-0000-004f-0000-005b00000004/text &amp#27;[39m&amp#27;[32m200&amp#27;[39m &amp#27;[90m9 ms - 67&amp#27;[39m
&amp#27;[38;5;0m[HTTP]&amp#27;[0m &amp#27;[90m&amp#27;[39m
&amp#27;[38;5;0m[HTTP]&amp#27;[0m &amp#27;[37m-->&amp#27;[39m &amp#27;[37mGET&amp#27;[39m &amp#27;[37m/session/d12fe72d-7a4f-481e-9083-8cd36615e04a/element/00000000-0000-004f-0000-005d00000004/text&amp#27;[39m
&amp#27;[38;5;0m[HTTP]&amp#27;[0m &amp#27;[90m{}&amp#27;[39m
&amp#27;[38;5;32m[AndroidUiautomator2Driver@820d (d12fe72d)]&amp#27;[0m Driver proxy active, passing request on via HTTP proxy
&amp#27;[38;5;32m[AndroidUiautomator2Driver@820d (d12fe72d)]&amp#27;[0m Matched '/session/d12fe72d-7a4f-481e-9083-8cd36615e04a/element/00000000-0000-004f-0000-005d00000004/text' to command name 'getText'
&amp#27;[38;5;32m[AndroidUiautomator2Driver@820d (d12fe72d)]&amp#27;[0m Proxying [GET /session/d12fe72d-7a4f-481e-9083-8cd36615e04a/element/00000000-0000-004f-0000-005d00000004/text] to [GET http://127.0.0.1:8200/session/5b82ceeb-9e4c-4729-8c90-d8641a83fc81/element/00000000-0000-004f-0000-005d00000004/text] with no body
&amp#27;[38;5;32m[AndroidUiautomator2Driver@820d (d12fe72d)]&amp#27;[0m Got response with status 200: {"sessionId":"5b82ceeb-9e4c-4729-8c90-d8641a83fc81","value":"17 Â°C"}
&amp#27;[38;5;32m[AndroidUiautomator2Driver@820d (d12fe72d)]&amp#27;[0m Replacing sessionId 5b82ceeb-9e4c-4729-8c90-d8641a83fc81 with d12fe72d-7a4f-481e-9083-8cd36615e04a
&amp#27;[38;5;0m[HTTP]&amp#27;[0m &amp#27;[37m<-- GET /session/d12fe72d-7a4f-481e-9083-8cd36615e04a/element/00000000-0000-004f-0000-005d00000004/text &amp#27;[39m&amp#27;[32m200&amp#27;[39m &amp#27;[90m9 ms - 69&amp#27;[39m
&amp#27;[38;5;0m[HTTP]&amp#27;[0m &amp#27;[90m&amp#27;[39m
&amp#27;[38;5;0m[HTTP]&amp#27;[0m &amp#27;[37m-->&amp#27;[39m &amp#27;[37mPOST&amp#27;[39m &amp#27;[37m/session/d12fe72d-7a4f-481e-9083-8cd36615e04a/execute/sync&amp#27;[39m
&amp#27;[38;5;0m[HTTP]&amp#27;[0m &amp#27;[90m{"script":"mobile: swipeGesture","args":[{"elementId":"00000000-0000-004f-0000-001e00000004","percent":0.4,"speed":320,"direction":"left"}]}&amp#27;[39m
&amp#27;[38;5;32m[AndroidUiautomator2Driver@820d (d12fe72d)]&amp#27;[0m Calling AppiumDriver.execute() with args: ["mobile: swipeGesture",[{"elementId":"00000000-0000-004f-0000-001e00000004","percent":0.4,"speed":320,"direction":"left"}],"d12fe72d-7a4f-481e-9083-8cd36615e04a"]
&amp#27;[38;5;32m[AndroidUiautomator2Driver@820d (d12fe72d)]&amp#27;[0m Executing method 'mobile: swipeGesture'
&amp#27;[38;5;32m[AndroidUiautomator2Driver@820d (d12fe72d)]&amp#27;[0m Proxying [POST /appium/gestures/swipe] to [POST http://127.0.0.1:8200/session/5b82ceeb-9e4c-4729-8c90-d8641a83fc81/appium/gestures/swipe] with body: {"origin":{"ELEMENT":"00000000-0000-004f-0000-001e00000004","element-6066-11e4-a52e-4f735466cecf":"00000000-0000-004f-0000-001e00000004"},"direction":"left","percent":0.4,"speed":320}
&amp#27;[38;5;32m[AndroidUiautomator2Driver@820d (d12fe72d)]&amp#27;[0m Got response with status 200: {"sessionId":"5b82ceeb-9e4c-4729-8c90-d8641a83fc81","value":null}
&amp#27;[38;5;32m[AndroidUiautomator2Driver@820d (d12fe72d)]&amp#27;[0m Responding to client with driver.execute() result: null
&amp#27;[38;5;0m[HTTP]&amp#27;[0m &amp#27;[37m<-- POST /session/d12fe72d-7a4f-481e-9083-8cd36615e04a/execute/sync &amp#27;[39m&amp#27;[32m200&amp#27;[39m &amp#27;[90m1553 ms - 14&amp#27;[39m
&amp#27;[38;5;0m[HTTP]&amp#27;[0m &amp#27;[90m&amp#27;[39m
&amp#27;[38;5;0m[HTTP]&amp#27;[0m &amp#27;[37m-->&amp#27;[39m &amp#27;[37mPOST&amp#27;[39m &amp#27;[37m/session/d12fe72d-7a4f-481e-9083-8cd36615e04a/elements&amp#27;[39m
&amp#27;[38;5;0m[HTTP]&amp#27;[0m &amp#27;[90m{"using":"xpath","value":"//android.widget.HorizontalScrollView"}&amp#27;[39m
&amp#27;[38;5;32m[AndroidUiautomator2Driver@820d (d12fe72d)]&amp#27;[0m Calling AppiumDriver.findElements() with args: ["xpath","//android.widget.HorizontalScrollView","d12fe72d-7a4f-481e-9083-8cd36615e04a"]
&amp#27;[38;5;32m[AndroidUiautomator2Driver@820d (d12fe72d)]&amp#27;[0m Valid locator strategies for this request: xpath, id, class name, accessibility id, css selector, -android uiautomator
&amp#27;[38;5;32m[AndroidUiautomator2Driver@820d (d12fe72d)]&amp#27;[0m Waiting up to 0 ms for condition
&amp#27;[38;5;32m[AndroidUiautomator2Driver@820d (d12fe72d)]&amp#27;[0m Matched '/elements' to command name 'findElements'
&amp#27;[38;5;32m[AndroidUiautomator2Driver@820d (d12fe72d)]&amp#27;[0m Proxying [POST /elements] to [POST http://127.0.0.1:8200/session/5b82ceeb-9e4c-4729-8c90-d8641a83fc81/elements] with body: {"strategy":"xpath","selector":"//android.widget.HorizontalScrollView","context":"","multiple":true}
&amp#27;[38;5;32m[AndroidUiautomator2Driver@820d (d12fe72d)]&amp#27;[0m Got response with status 200: {"sessionId":"5b82ceeb-9e4c-4729-8c90-d8641a83fc81","value":[{"ELEMENT":"00000000-0000-004f-0000-001d00000004","element-6066-11e4-a52e-4f735466cecf":"00000000-0000-004f-0000-001d00000004"},{"ELEMENT":"00000000-0000-004f-0000-001e00000004","element-6066-11e4-a52e-4f735466cecf":"00000000-0000-004f-0000-001e00000004"}]}
&amp#27;[38;5;32m[AndroidUiautomator2Driver@820d (d12fe72d)]&amp#27;[0m Responding to client with driver.findElements() result: [{"element-6066-11e4-a52e-4f735466cecf":"00000000-0000-004f-0000-001d00000004","ELEMENT":"00000000-0000-004f-0000-001d00000004"},{"element-6066-11e4-a52e-4f735466cecf":"00000000-0000-004f-0000-001e00000004","ELEMENT":"00000000-0000-004f-0000-001e00000004"}]
&amp#27;[38;5;0m[HTTP]&amp#27;[0m &amp#27;[37m<-- POST /session/d12fe72d-7a4f-481e-9083-8cd36615e04a/elements &amp#27;[39m&amp#27;[32m200&amp#27;[39m &amp#27;[90m144 ms - 267&amp#27;[39m
&amp#27;[38;5;0m[HTTP]&amp#27;[0m &amp#27;[90m&amp#27;[39m
&amp#27;[38;5;0m[HTTP]&amp#27;[0m &amp#27;[37m-->&amp#27;[39m &amp#27;[37mPOST&amp#27;[39m &amp#27;[37m/session/d12fe72d-7a4f-481e-9083-8cd36615e04a/element/00000000-0000-004f-0000-001e00000004/elements&amp#27;[39m
&amp#27;[38;5;0m[HTTP]&amp#27;[0m &amp#27;[90m{"id":"00000000-0000-004f-0000-001e00000004","using":"xpath","value":"//android.view.View"}&amp#27;[39m
&amp#27;[38;5;32m[AndroidUiautomator2Driver@820d (d12fe72d)]&amp#27;[0m Calling AppiumDriver.findElementsFromElement() with args: ["xpath","//android.view.View","00000000-0000-004f-0000-001e00000004","d12fe72d-7a4f-481e-9083-8cd36615e04a"]
&amp#27;[38;5;32m[AndroidUiautomator2Driver@820d (d12fe72d)]&amp#27;[0m Valid locator strategies for this request: xpath, id, class name, accessibility id, css selector, -android uiautomator
&amp#27;[38;5;32m[AndroidUiautomator2Driver@820d (d12fe72d)]&amp#27;[0m Waiting up to 0 ms for condition
&amp#27;[38;5;32m[AndroidUiautomator2Driver@820d (d12fe72d)]&amp#27;[0m Matched '/elements' to command name 'findElements'
&amp#27;[38;5;32m[AndroidUiautomator2Driver@820d (d12fe72d)]&amp#27;[0m Proxying [POST /elements] to [POST http://127.0.0.1:8200/session/5b82ceeb-9e4c-4729-8c90-d8641a83fc81/elements] with body: {"strategy":"xpath","selector":"//android.view.View","context":"00000000-0000-004f-0000-001e00000004","multiple":true}
&amp#27;[38;5;32m[AndroidUiautomator2Driver@820d (d12fe72d)]&amp#27;[0m Got response with status 200: {"sessionId":"5b82ceeb-9e4c-4729-8c90-d8641a83fc81","value":[{"ELEMENT":"00000000-0000-004f-0000-004700000004","element-6066-11e4-a52e-4f735466cecf":"00000000-0000-004f-0000-004700000004"},{"ELEMENT":"00000000-0000-004f-0000-004900000004","element-6066-11e4-a52e-4f735466cecf":"00000000-0000-004f-0000-004900000004"},{"ELEMENT":"00000000-0000-004f-0000-004b00000004","element-6066-11e4-a52e-4f735466cecf":"00000000-0000-004f-0000-004b00000004"},{"ELEMENT":"00000000-0000-004f-0000-004d00000004","element-6066-11e4-a52e-4f735466cecf":"00000000-0000-004f-0000-004d00000004"},{"ELEMENT":"00000000-0000-004f-0000-004f00000004","element-6066-11e4-a52e-4f735466cecf":"00000000-0000-004f-0000-004f00000004"},{"ELEMENT":"00000000-0000-004f-0000-005100000004","element-6066-11e4-a52e-4f735466cecf":"00000000-0000-004f-0000-005100000004"},{"ELEMENT":"00000000-0000-004f-0000-005300000004","element-6066-11e4-a52e-4f735466cecf":"00000000-0000-004f-0000-005300000004"},{"ELEMENT":"00000000-0000-004f-0000-005500000004","element-6066-...
&amp#27;[38;5;32m[AndroidUiautomator2Driver@820d (d12fe72d)]&amp#27;[0m Responding to client with driver.findElementsFromElement() result: [{"element-6066-11e4-a52e-4f735466cecf":"00000000-0000-004f-0000-004700000004","ELEMENT":"00000000-0000-004f-0000-004700000004"},{"element-6066-11e4-a52e-4f735466cecf":"00000000-0000-004f-0000-004900000004","ELEMENT":"00000000-0000-004f-0000-004900000004"},{"element-6066-11e4-a52e-4f735466cecf":"00000000-0000-004f-0000-004b00000004","ELEMENT":"00000000-0000-004f-0000-004b00000004"},{"element-6066-11e4-a52e-4f735466cecf":"00000000-0000-004f-0000-004d00000004","ELEMENT":"00000000-0000-004f-0000-004d00000004"},{"element-6066-11e4-a52e-4f735466cecf":"00000000-0000-004f-0000-004f00000004","ELEMENT":"00000000-0000-004f-0000-004f00000004"},{"element-6066-11e4-a52e-4f735466cecf":"00000000-0000-004f-0000-005100000004","ELEMENT":"00000000-0000-004f-0000-005100000004"},{"element-6066-11e4-a52e-4f735466cecf":"00000000-0000-004f-0000-005300000004","ELEMENT":"00000000-0000-004f-0000-005300000004"},{"element-6066-11e4-a52e-4f735466cecf":"00000000-0000-004f-0000-005500000004","ELEMENT":"00000000-0000-004f-0000-00550000000...
&amp#27;[38;5;0m[HTTP]&amp#27;[0m &amp#27;[37m<-- POST /session/d12fe72d-7a4f-481e-9083-8cd36615e04a/element/00000000-0000-004f-0000-001e00000004/elements &amp#27;[39m&amp#27;[32m200&amp#27;[39m &amp#27;[90m49 ms - 2059&amp#27;[39m
&amp#27;[38;5;0m[HTTP]&amp#27;[0m &amp#27;[90m&amp#27;[39m
&amp#27;[38;5;0m[HTTP]&amp#27;[0m &amp#27;[37m-->&amp#27;[39m &amp#27;[37mGET&amp#27;[39m &amp#27;[37m/session/d12fe72d-7a4f-481e-9083-8cd36615e04a/element/00000000-0000-004f-0000-004700000004/text&amp#27;[39m
&amp#27;[38;5;0m[HTTP]&amp#27;[0m &amp#27;[90m{}&amp#27;[39m
&amp#27;[38;5;32m[AndroidUiautomator2Driver@820d (d12fe72d)]&amp#27;[0m Driver proxy active, passing request on via HTTP proxy
&amp#27;[38;5;32m[AndroidUiautomator2Driver@820d (d12fe72d)]&amp#27;[0m Matched '/session/d12fe72d-7a4f-481e-9083-8cd36615e04a/element/00000000-0000-004f-0000-004700000004/text' to command name 'getText'
&amp#27;[38;5;32m[AndroidUiautomator2Driver@820d (d12fe72d)]&amp#27;[0m Proxying [GET /session/d12fe72d-7a4f-481e-9083-8cd36615e04a/element/00000000-0000-004f-0000-004700000004/text] to [GET http://127.0.0.1:8200/session/5b82ceeb-9e4c-4729-8c90-d8641a83fc81/element/00000000-0000-004f-0000-004700000004/text] with no body
&amp#27;[38;5;32m[AndroidUiautomator2Driver@820d (d12fe72d)]&amp#27;[0m Got response with status 200: {"sessionId":"5b82ceeb-9e4c-4729-8c90-d8641a83fc81","value":"Wed"}
&amp#27;[38;5;32m[AndroidUiautomator2Driver@820d (d12fe72d)]&amp#27;[0m Replacing sessionId 5b82ceeb-9e4c-4729-8c90-d8641a83fc81 with d12fe72d-7a4f-481e-9083-8cd36615e04a
&amp#27;[38;5;0m[HTTP]&amp#27;[0m &amp#27;[37m<-- GET /session/d12fe72d-7a4f-481e-9083-8cd36615e04a/element/00000000-0000-004f-0000-004700000004/text &amp#27;[39m&amp#27;[32m200&amp#27;[39m &amp#27;[90m9 ms - 66&amp#27;[39m
&amp#27;[38;5;0m[HTTP]&amp#27;[0m &amp#27;[90m&amp#27;[39m
&amp#27;[38;5;0m[HTTP]&amp#27;[0m &amp#27;[37m-->&amp#27;[39m &amp#27;[37mGET&amp#27;[39m &amp#27;[37m/session/d12fe72d-7a4f-481e-9083-8cd36615e04a/element/00000000-0000-004f-0000-004900000004/text&amp#27;[39m
&amp#27;[38;5;0m[HTTP]&amp#27;[0m &amp#27;[90m{}&amp#27;[39m
&amp#27;[38;5;32m[AndroidUiautomator2Driver@820d (d12fe72d)]&amp#27;[0m Driver proxy active, passing request on via HTTP proxy
&amp#27;[38;5;32m[AndroidUiautomator2Driver@820d (d12fe72d)]&amp#27;[0m Matched '/session/d12fe72d-7a4f-481e-9083-8cd36615e04a/element/00000000-0000-004f-0000-004900000004/text' to command name 'getText'
&amp#27;[38;5;32m[AndroidUiautomator2Driver@820d (d12fe72d)]&amp#27;[0m Proxying [GET /session/d12fe72d-7a4f-481e-9083-8cd36615e04a/element/00000000-0000-004f-0000-004900000004/text] to [GET http://127.0.0.1:8200/session/5b82ceeb-9e4c-4729-8c90-d8641a83fc81/element/00000000-0000-004f-0000-004900000004/text] with no body
&amp#27;[38;5;32m[AndroidUiautomator2Driver@820d (d12fe72d)]&amp#27;[0m Got response with status 200: {"sessionId":"5b82ceeb-9e4c-4729-8c90-d8641a83fc81","value":"light rain"}
&amp#27;[38;5;32m[AndroidUiautomator2Driver@820d (d12fe72d)]&amp#27;[0m Replacing sessionId 5b82ceeb-9e4c-4729-8c90-d8641a83fc81 with d12fe72d-7a4f-481e-9083-8cd36615e04a
&amp#27;[38;5;0m[HTTP]&amp#27;[0m &amp#27;[37m<-- GET /session/d12fe72d-7a4f-481e-9083-8cd36615e04a/element/00000000-0000-004f-0000-004900000004/text &amp#27;[39m&amp#27;[32m200&amp#27;[39m &amp#27;[90m9 ms - 73&amp#27;[39m
&amp#27;[38;5;0m[HTTP]&amp#27;[0m &amp#27;[90m&amp#27;[39m
&amp#27;[38;5;0m[HTTP]&amp#27;[0m &amp#27;[37m-->&amp#27;[39m &amp#27;[37mGET&amp#27;[39m &amp#27;[37m/session/d12fe72d-7a4f-481e-9083-8cd36615e04a/element/00000000-0000-004f-0000-004b00000004/text&amp#27;[39m
&amp#27;[38;5;0m[HTTP]&amp#27;[0m &amp#27;[90m{}&amp#27;[39m
&amp#27;[38;5;32m[AndroidUiautomator2Driver@820d (d12fe72d)]&amp#27;[0m Driver proxy active, passing request on via HTTP proxy
&amp#27;[38;5;32m[AndroidUiautomator2Driver@820d (d12fe72d)]&amp#27;[0m Matched '/session/d12fe72d-7a4f-481e-9083-8cd36615e04a/element/00000000-0000-004f-0000-004b00000004/text' to command name 'getText'
&amp#27;[38;5;32m[AndroidUiautomator2Driver@820d (d12fe72d)]&amp#27;[0m Proxying [GET /session/d12fe72d-7a4f-481e-9083-8cd36615e04a/element/00000000-0000-004f-0000-004b00000004/text] to [GET http://127.0.0.1:8200/session/5b82ceeb-9e4c-4729-8c90-d8641a83fc81/element/00000000-0000-004f-0000-004b00000004/text] with no body
&amp#27;[38;5;32m[AndroidUiautomator2Driver@820d (d12fe72d)]&amp#27;[0m Got response with status 200: {"sessionId":"5b82ceeb-9e4c-4729-8c90-d8641a83fc81","value":"59 %"}
&amp#27;[38;5;32m[AndroidUiautomator2Driver@820d (d12fe72d)]&amp#27;[0m Replacing sessionId 5b82ceeb-9e4c-4729-8c90-d8641a83fc81 with d12fe72d-7a4f-481e-9083-8cd36615e04a
&amp#27;[38;5;0m[HTTP]&amp#27;[0m &amp#27;[37m<-- GET /session/d12fe72d-7a4f-481e-9083-8cd36615e04a/element/00000000-0000-004f-0000-004b00000004/text &amp#27;[39m&amp#27;[32m200&amp#27;[39m &amp#27;[90m9 ms - 67&amp#27;[39m
&amp#27;[38;5;0m[HTTP]&amp#27;[0m &amp#27;[90m&amp#27;[39m
&amp#27;[38;5;0m[HTTP]&amp#27;[0m &amp#27;[37m-->&amp#27;[39m &amp#27;[37mGET&amp#27;[39m &amp#27;[37m/session/d12fe72d-7a4f-481e-9083-8cd36615e04a/element/00000000-0000-004f-0000-004d00000004/text&amp#27;[39m
&amp#27;[38;5;0m[HTTP]&amp#27;[0m &amp#27;[90m{}&amp#27;[39m
&amp#27;[38;5;32m[AndroidUiautomator2Driver@820d (d12fe72d)]&amp#27;[0m Driver proxy active, passing request on via HTTP proxy
&amp#27;[38;5;32m[AndroidUiautomator2Driver@820d (d12fe72d)]&amp#27;[0m Matched '/session/d12fe72d-7a4f-481e-9083-8cd36615e04a/element/00000000-0000-004f-0000-004d00000004/text' to command name 'getText'
&amp#27;[38;5;32m[AndroidUiautomator2Driver@820d (d12fe72d)]&amp#27;[0m Proxying [GET /session/d12fe72d-7a4f-481e-9083-8cd36615e04a/element/00000000-0000-004f-0000-004d00000004/text] to [GET http://127.0.0.1:8200/session/5b82ceeb-9e4c-4729-8c90-d8641a83fc81/element/00000000-0000-004f-0000-004d00000004/text] with no body
&amp#27;[38;5;32m[AndroidUiautomator2Driver@820d (d12fe72d)]&amp#27;[0m Got response with status 200: {"sessionId":"5b82ceeb-9e4c-4729-8c90-d8641a83fc81","value":"16 Â°C"}
&amp#27;[38;5;32m[AndroidUiautomator2Driver@820d (d12fe72d)]&amp#27;[0m Replacing sessionId 5b82ceeb-9e4c-4729-8c90-d8641a83fc81 with d12fe72d-7a4f-481e-9083-8cd36615e04a
&amp#27;[38;5;0m[HTTP]&amp#27;[0m &amp#27;[37m<-- GET /session/d12fe72d-7a4f-481e-9083-8cd36615e04a/element/00000000-0000-004f-0000-004d00000004/text &amp#27;[39m&amp#27;[32m200&amp#27;[39m &amp#27;[90m9 ms - 69&amp#27;[39m
&amp#27;[38;5;0m[HTTP]&amp#27;[0m &amp#27;[90m&amp#27;[39m
&amp#27;[38;5;0m[HTTP]&amp#27;[0m &amp#27;[37m-->&amp#27;[39m &amp#27;[37mGET&amp#27;[39m &amp#27;[37m/session/d12fe72d-7a4f-481e-9083-8cd36615e04a/element/00000000-0000-004f-0000-004f00000004/text&amp#27;[39m
&amp#27;[38;5;0m[HTTP]&amp#27;[0m &amp#27;[90m{}&amp#27;[39m
&amp#27;[38;5;32m[AndroidUiautomator2Driver@820d (d12fe72d)]&amp#27;[0m Driver proxy active, passing request on via HTTP proxy
&amp#27;[38;5;32m[AndroidUiautomator2Driver@820d (d12fe72d)]&amp#27;[0m Matched '/session/d12fe72d-7a4f-481e-9083-8cd36615e04a/element/00000000-0000-004f-0000-004f00000004/text' to command name 'getText'
&amp#27;[38;5;32m[AndroidUiautomator2Driver@820d (d12fe72d)]&amp#27;[0m Proxying [GET /session/d12fe72d-7a4f-481e-9083-8cd36615e04a/element/00000000-0000-004f-0000-004f00000004/text] to [GET http://127.0.0.1:8200/session/5b82ceeb-9e4c-4729-8c90-d8641a83fc81/element/00000000-0000-004f-0000-004f00000004/text] with no body
&amp#27;[38;5;32m[AndroidUiautomator2Driver@820d (d12fe72d)]&amp#27;[0m Got response with status 200: {"sessionId":"5b82ceeb-9e4c-4729-8c90-d8641a83fc81","value":"Thu"}
&amp#27;[38;5;32m[AndroidUiautomator2Driver@820d (d12fe72d)]&amp#27;[0m Replacing sessionId 5b82ceeb-9e4c-4729-8c90-d8641a83fc81 with d12fe72d-7a4f-481e-9083-8cd36615e04a
&amp#27;[38;5;0m[HTTP]&amp#27;[0m &amp#27;[37m<-- GET /session/d12fe72d-7a4f-481e-9083-8cd36615e04a/element/00000000-0000-004f-0000-004f00000004/text &amp#27;[39m&amp#27;[32m200&amp#27;[39m &amp#27;[90m9 ms - 66&amp#27;[39m
&amp#27;[38;5;0m[HTTP]&amp#27;[0m &amp#27;[90m&amp#27;[39m
&amp#27;[38;5;0m[HTTP]&amp#27;[0m &amp#27;[37m-->&amp#27;[39m &amp#27;[37mGET&amp#27;[39m &amp#27;[37m/session/d12fe72d-7a4f-481e-9083-8cd36615e04a/element/00000000-0000-004f-0000-005100000004/text&amp#27;[39m
&amp#27;[38;5;0m[HTTP]&amp#27;[0m &amp#27;[90m{}&amp#27;[39m
&amp#27;[38;5;32m[AndroidUiautomator2Driver@820d (d12fe72d)]&amp#27;[0m Driver proxy active, passing request on via HTTP proxy
&amp#27;[38;5;32m[AndroidUiautomator2Driver@820d (d12fe72d)]&amp#27;[0m Matched '/session/d12fe72d-7a4f-481e-9083-8cd36615e04a/element/00000000-0000-004f-0000-005100000004/text' to command name 'getText'
&amp#27;[38;5;32m[AndroidUiautomator2Driver@820d (d12fe72d)]&amp#27;[0m Proxying [GET /session/d12fe72d-7a4f-481e-9083-8cd36615e04a/element/00000000-0000-004f-0000-005100000004/text] to [GET http://127.0.0.1:8200/session/5b82ceeb-9e4c-4729-8c90-d8641a83fc81/element/00000000-0000-004f-0000-005100000004/text] with no body
&amp#27;[38;5;32m[AndroidUiautomator2Driver@820d (d12fe72d)]&amp#27;[0m Got response with status 200: {"sessionId":"5b82ceeb-9e4c-4729-8c90-d8641a83fc81","value":"light rain"}
&amp#27;[38;5;32m[AndroidUiautomator2Driver@820d (d12fe72d)]&amp#27;[0m Replacing sessionId 5b82ceeb-9e4c-4729-8c90-d8641a83fc81 with d12fe72d-7a4f-481e-9083-8cd36615e04a
&amp#27;[38;5;0m[HTTP]&amp#27;[0m &amp#27;[37m<-- GET /session/d12fe72d-7a4f-481e-9083-8cd36615e04a/element/00000000-0000-004f-0000-005100000004/text &amp#27;[39m&amp#27;[32m200&amp#27;[39m &amp#27;[90m9 ms - 73&amp#27;[39m
&amp#27;[38;5;0m[HTTP]&amp#27;[0m &amp#27;[90m&amp#27;[39m
&amp#27;[38;5;0m[HTTP]&amp#27;[0m &amp#27;[37m-->&amp#27;[39m &amp#27;[37mGET&amp#27;[39m &amp#27;[37m/session/d12fe72d-7a4f-481e-9083-8cd36615e04a/element/00000000-0000-004f-0000-005300000004/text&amp#27;[39m
&amp#27;[38;5;0m[HTTP]&amp#27;[0m &amp#27;[90m{}&amp#27;[39m
&amp#27;[38;5;32m[AndroidUiautomator2Driver@820d (d12fe72d)]&amp#27;[0m Driver proxy active, passing request on via HTTP proxy
&amp#27;[38;5;32m[AndroidUiautomator2Driver@820d (d12fe72d)]&amp#27;[0m Matched '/session/d12fe72d-7a4f-481e-9083-8cd36615e04a/element/00000000-0000-004f-0000-005300000004/text' to command name 'getText'
&amp#27;[38;5;32m[AndroidUiautomator2Driver@820d (d12fe72d)]&amp#27;[0m Proxying [GET /session/d12fe72d-7a4f-481e-9083-8cd36615e04a/element/00000000-0000-004f-0000-005300000004/text] to [GET http://127.0.0.1:8200/session/5b82ceeb-9e4c-4729-8c90-d8641a83fc81/element/00000000-0000-004f-0000-005300000004/text] with no body
&amp#27;[38;5;32m[AndroidUiautomator2Driver@820d (d12fe72d)]&amp#27;[0m Got response with status 200: {"sessionId":"5b82ceeb-9e4c-4729-8c90-d8641a83fc81","value":"80 %"}
&amp#27;[38;5;32m[AndroidUiautomator2Driver@820d (d12fe72d)]&amp#27;[0m Replacing sessionId 5b82ceeb-9e4c-4729-8c90-d8641a83fc81 with d12fe72d-7a4f-481e-9083-8cd36615e04a
&amp#27;[38;5;0m[HTTP]&amp#27;[0m &amp#27;[37m<-- GET /session/d12fe72d-7a4f-481e-9083-8cd36615e04a/element/00000000-0000-004f-0000-005300000004/text &amp#27;[39m&amp#27;[32m200&amp#27;[39m &amp#27;[90m9 ms - 67&amp#27;[39m
&amp#27;[38;5;0m[HTTP]&amp#27;[0m &amp#27;[90m&amp#27;[39m
&amp#27;[38;5;0m[HTTP]&amp#27;[0m &amp#27;[37m-->&amp#27;[39m &amp#27;[37mGET&amp#27;[39m &amp#27;[37m/session/d12fe72d-7a4f-481e-9083-8cd36615e04a/element/00000000-0000-004f-0000-005500000004/text&amp#27;[39m
&amp#27;[38;5;0m[HTTP]&amp#27;[0m &amp#27;[90m{}&amp#27;[39m
&amp#27;[38;5;32m[AndroidUiautomator2Driver@820d (d12fe72d)]&amp#27;[0m Driver proxy active, passing request on via HTTP proxy
&amp#27;[38;5;32m[AndroidUiautomator2Driver@820d (d12fe72d)]&amp#27;[0m Matched '/session/d12fe72d-7a4f-481e-9083-8cd36615e04a/element/00000000-0000-004f-0000-005500000004/text' to command name 'getText'
&amp#27;[38;5;32m[AndroidUiautomator2Driver@820d (d12fe72d)]&amp#27;[0m Proxying [GET /session/d12fe72d-7a4f-481e-9083-8cd36615e04a/element/00000000-0000-004f-0000-005500000004/text] to [GET http://127.0.0.1:8200/session/5b82ceeb-9e4c-4729-8c90-d8641a83fc81/element/00000000-0000-004f-0000-005500000004/text] with no body
&amp#27;[38;5;32m[AndroidUiautomator2Driver@820d (d12fe72d)]&amp#27;[0m Got response with status 200: {"sessionId":"5b82ceeb-9e4c-4729-8c90-d8641a83fc81","value":"16 Â°C"}
&amp#27;[38;5;32m[AndroidUiautomator2Driver@820d (d12fe72d)]&amp#27;[0m Replacing sessionId 5b82ceeb-9e4c-4729-8c90-d8641a83fc81 with d12fe72d-7a4f-481e-9083-8cd36615e04a
&amp#27;[38;5;0m[HTTP]&amp#27;[0m &amp#27;[37m<-- GET /session/d12fe72d-7a4f-481e-9083-8cd36615e04a/element/00000000-0000-004f-0000-005500000004/text &amp#27;[39m&amp#27;[32m200&amp#27;[39m &amp#27;[90m9 ms - 69&amp#27;[39m
&amp#27;[38;5;0m[HTTP]&amp#27;[0m &amp#27;[90m&amp#27;[39m
&amp#27;[38;5;0m[HTTP]&amp#27;[0m &amp#27;[37m-->&amp#27;[39m &amp#27;[37mGET&amp#27;[39m &amp#27;[37m/session/d12fe72d-7a4f-481e-9083-8cd36615e04a/element/00000000-0000-004f-0000-005700000004/text&amp#27;[39m
&amp#27;[38;5;0m[HTTP]&amp#27;[0m &amp#27;[90m{}&amp#27;[39m
&amp#27;[38;5;32m[AndroidUiautomator2Driver@820d (d12fe72d)]&amp#27;[0m Driver proxy active, passing request on via HTTP proxy
&amp#27;[38;5;32m[AndroidUiautomator2Driver@820d (d12fe72d)]&amp#27;[0m Matched '/session/d12fe72d-7a4f-481e-9083-8cd36615e04a/element/00000000-0000-004f-0000-005700000004/text' to command name 'getText'
&amp#27;[38;5;32m[AndroidUiautomator2Driver@820d (d12fe72d)]&amp#27;[0m Proxying [GET /session/d12fe72d-7a4f-481e-9083-8cd36615e04a/element/00000000-0000-004f-0000-005700000004/text] to [GET http://127.0.0.1:8200/session/5b82ceeb-9e4c-4729-8c90-d8641a83fc81/element/00000000-0000-004f-0000-005700000004/text] with no body
&amp#27;[38;5;32m[AndroidUiautomator2Driver@820d (d12fe72d)]&amp#27;[0m Got response with status 200: {"sessionId":"5b82ceeb-9e4c-4729-8c90-d8641a83fc81","value":"Fri"}
&amp#27;[38;5;32m[AndroidUiautomator2Driver@820d (d12fe72d)]&amp#27;[0m Replacing sessionId 5b82ceeb-9e4c-4729-8c90-d8641a83fc81 with d12fe72d-7a4f-481e-9083-8cd36615e04a
&amp#27;[38;5;0m[HTTP]&amp#27;[0m &amp#27;[37m<-- GET /session/d12fe72d-7a4f-481e-9083-8cd36615e04a/element/00000000-0000-004f-0000-005700000004/text &amp#27;[39m&amp#27;[32m200&amp#27;[39m &amp#27;[90m8 ms - 66&amp#27;[39m
&amp#27;[38;5;0m[HTTP]&amp#27;[0m &amp#27;[90m&amp#27;[39m
&amp#27;[38;5;0m[HTTP]&amp#27;[0m &amp#27;[37m-->&amp#27;[39m &amp#27;[37mGET&amp#27;[39m &amp#27;[37m/session/d12fe72d-7a4f-481e-9083-8cd36615e04a/element/00000000-0000-004f-0000-005900000004/text&amp#27;[39m
&amp#27;[38;5;0m[HTTP]&amp#27;[0m &amp#27;[90m{}&amp#27;[39m
&amp#27;[38;5;32m[AndroidUiautomator2Driver@820d (d12fe72d)]&amp#27;[0m Driver proxy active, passing request on via HTTP proxy
&amp#27;[38;5;32m[AndroidUiautomator2Driver@820d (d12fe72d)]&amp#27;[0m Matched '/session/d12fe72d-7a4f-481e-9083-8cd36615e04a/element/00000000-0000-004f-0000-005900000004/text' to command name 'getText'
&amp#27;[38;5;32m[AndroidUiautomator2Driver@820d (d12fe72d)]&amp#27;[0m Proxying [GET /session/d12fe72d-7a4f-481e-9083-8cd36615e04a/element/00000000-0000-004f-0000-005900000004/text] to [GET http://127.0.0.1:8200/session/5b82ceeb-9e4c-4729-8c90-d8641a83fc81/element/00000000-0000-004f-0000-005900000004/text] with no body
&amp#27;[38;5;32m[AndroidUiautomator2Driver@820d (d12fe72d)]&amp#27;[0m Got response with status 200: {"sessionId":"5b82ceeb-9e4c-4729-8c90-d8641a83fc81","value":"broken clouds"}
&amp#27;[38;5;32m[AndroidUiautomator2Driver@820d (d12fe72d)]&amp#27;[0m Replacing sessionId 5b82ceeb-9e4c-4729-8c90-d8641a83fc81 with d12fe72d-7a4f-481e-9083-8cd36615e04a
&amp#27;[38;5;0m[HTTP]&amp#27;[0m &amp#27;[37m<-- GET /session/d12fe72d-7a4f-481e-9083-8cd36615e04a/element/00000000-0000-004f-0000-005900000004/text &amp#27;[39m&amp#27;[32m200&amp#27;[39m &amp#27;[90m9 ms - 76&amp#27;[39m
&amp#27;[38;5;0m[HTTP]&amp#27;[0m &amp#27;[90m&amp#27;[39m
&amp#27;[38;5;0m[HTTP]&amp#27;[0m &amp#27;[37m-->&amp#27;[39m &amp#27;[37mGET&amp#27;[39m &amp#27;[37m/session/d12fe72d-7a4f-481e-9083-8cd36615e04a/element/00000000-0000-004f-0000-005b00000004/text&amp#27;[39m
&amp#27;[38;5;0m[HTTP]&amp#27;[0m &amp#27;[90m{}&amp#27;[39m
&amp#27;[38;5;32m[AndroidUiautomator2Driver@820d (d12fe72d)]&amp#27;[0m Driver proxy active, passing request on via HTTP proxy
&amp#27;[38;5;32m[AndroidUiautomator2Driver@820d (d12fe72d)]&amp#27;[0m Matched '/session/d12fe72d-7a4f-481e-9083-8cd36615e04a/element/00000000-0000-004f-0000-005b00000004/text' to command name 'getText'
&amp#27;[38;5;32m[AndroidUiautomator2Driver@820d (d12fe72d)]&amp#27;[0m Proxying [GET /session/d12fe72d-7a4f-481e-9083-8cd36615e04a/element/00000000-0000-004f-0000-005b00000004/text] to [GET http://127.0.0.1:8200/session/5b82ceeb-9e4c-4729-8c90-d8641a83fc81/element/00000000-0000-004f-0000-005b00000004/text] with no body
&amp#27;[38;5;32m[AndroidUiautomator2Driver@820d (d12fe72d)]&amp#27;[0m Got response with status 200: {"sessionId":"5b82ceeb-9e4c-4729-8c90-d8641a83fc81","value":"49 %"}
&amp#27;[38;5;32m[AndroidUiautomator2Driver@820d (d12fe72d)]&amp#27;[0m Replacing sessionId 5b82ceeb-9e4c-4729-8c90-d8641a83fc81 with d12fe72d-7a4f-481e-9083-8cd36615e04a
&amp#27;[38;5;0m[HTTP]&amp#27;[0m &amp#27;[37m<-- GET /session/d12fe72d-7a4f-481e-9083-8cd36615e04a/element/00000000-0000-004f-0000-005b00000004/text &amp#27;[39m&amp#27;[32m200&amp#27;[39m &amp#27;[90m9 ms - 67&amp#27;[39m
&amp#27;[38;5;0m[HTTP]&amp#27;[0m &amp#27;[90m&amp#27;[39m
&amp#27;[38;5;0m[HTTP]&amp#27;[0m &amp#27;[37m-->&amp#27;[39m &amp#27;[37mGET&amp#27;[39m &amp#27;[37m/session/d12fe72d-7a4f-481e-9083-8cd36615e04a/element/00000000-0000-004f-0000-005d00000004/text&amp#27;[39m
&amp#27;[38;5;0m[HTTP]&amp#27;[0m &amp#27;[90m{}&amp#27;[39m
&amp#27;[38;5;32m[AndroidUiautomator2Driver@820d (d12fe72d)]&amp#27;[0m Driver proxy active, passing request on via HTTP proxy
&amp#27;[38;5;32m[AndroidUiautomator2Driver@820d (d12fe72d)]&amp#27;[0m Matched '/session/d12fe72d-7a4f-481e-9083-8cd36615e04a/element/00000000-0000-004f-0000-005d00000004/text' to command name 'getText'
&amp#27;[38;5;32m[AndroidUiautomator2Driver@820d (d12fe72d)]&amp#27;[0m Proxying [GET /session/d12fe72d-7a4f-481e-9083-8cd36615e04a/element/00000000-0000-004f-0000-005d00000004/text] to [GET http://127.0.0.1:8200/session/5b82ceeb-9e4c-4729-8c90-d8641a83fc81/element/00000000-0000-004f-0000-005d00000004/text] with no body
&amp#27;[38;5;32m[AndroidUiautomator2Driver@820d (d12fe72d)]&amp#27;[0m Got response with status 200: {"sessionId":"5b82ceeb-9e4c-4729-8c90-d8641a83fc81","value":"17 Â°C"}
&amp#27;[38;5;32m[AndroidUiautomator2Driver@820d (d12fe72d)]&amp#27;[0m Replacing sessionId 5b82ceeb-9e4c-4729-8c90-d8641a83fc81 with d12fe72d-7a4f-481e-9083-8cd36615e04a
&amp#27;[38;5;0m[HTTP]&amp#27;[0m &amp#27;[37m<-- GET /session/d12fe72d-7a4f-481e-9083-8cd36615e04a/element/00000000-0000-004f-0000-005d00000004/text &amp#27;[39m&amp#27;[32m200&amp#27;[39m &amp#27;[90m9 ms - 69&amp#27;[39m
&amp#27;[38;5;0m[HTTP]&amp#27;[0m &amp#27;[90m&amp#27;[39m
&amp#27;[38;5;0m[HTTP]&amp#27;[0m &amp#27;[37m-->&amp#27;[39m &amp#27;[37mGET&amp#27;[39m &amp#27;[37m/session/d12fe72d-7a4f-481e-9083-8cd36615e04a/element/00000000-0000-004f-0000-005f00000004/text&amp#27;[39m
&amp#27;[38;5;0m[HTTP]&amp#27;[0m &amp#27;[90m{}&amp#27;[39m
&amp#27;[38;5;32m[AndroidUiautomator2Driver@820d (d12fe72d)]&amp#27;[0m Driver proxy active, passing request on via HTTP proxy
&amp#27;[38;5;32m[AndroidUiautomator2Driver@820d (d12fe72d)]&amp#27;[0m Matched '/session/d12fe72d-7a4f-481e-9083-8cd36615e04a/element/00000000-0000-004f-0000-005f00000004/text' to command name 'getText'
&amp#27;[38;5;32m[AndroidUiautomator2Driver@820d (d12fe72d)]&amp#27;[0m Proxying [GET /session/d12fe72d-7a4f-481e-9083-8cd36615e04a/element/00000000-0000-004f-0000-005f00000004/text] to [GET http://127.0.0.1:8200/session/5b82ceeb-9e4c-4729-8c90-d8641a83fc81/element/00000000-0000-004f-0000-005f00000004/text] with no body
&amp#27;[38;5;32m[AndroidUiautomator2Driver@820d (d12fe72d)]&amp#27;[0m Got response with status 200: {"sessionId":"5b82ceeb-9e4c-4729-8c90-d8641a83fc81","value":"Sat"}
&amp#27;[38;5;32m[AndroidUiautomator2Driver@820d (d12fe72d)]&amp#27;[0m Replacing sessionId 5b82ceeb-9e4c-4729-8c90-d8641a83fc81 with d12fe72d-7a4f-481e-9083-8cd36615e04a
&amp#27;[38;5;0m[HTTP]&amp#27;[0m &amp#27;[37m<-- GET /session/d12fe72d-7a4f-481e-9083-8cd36615e04a/element/00000000-0000-004f-0000-005f00000004/text &amp#27;[39m&amp#27;[32m200&amp#27;[39m &amp#27;[90m10 ms - 66&amp#27;[39m
&amp#27;[38;5;0m[HTTP]&amp#27;[0m &amp#27;[90m&amp#27;[39m
&amp#27;[38;5;0m[HTTP]&amp#27;[0m &amp#27;[37m-->&amp#27;[39m &amp#27;[37mGET&amp#27;[39m &amp#27;[37m/session/d12fe72d-7a4f-481e-9083-8cd36615e04a/element/00000000-0000-004f-0000-006100000004/text&amp#27;[39m
&amp#27;[38;5;0m[HTTP]&amp#27;[0m &amp#27;[90m{}&amp#27;[39m
&amp#27;[38;5;32m[AndroidUiautomator2Driver@820d (d12fe72d)]&amp#27;[0m Driver proxy active, passing request on via HTTP proxy
&amp#27;[38;5;32m[AndroidUiautomator2Driver@820d (d12fe72d)]&amp#27;[0m Matched '/session/d12fe72d-7a4f-481e-9083-8cd36615e04a/element/00000000-0000-004f-0000-006100000004/text' to command name 'getText'
&amp#27;[38;5;32m[AndroidUiautomator2Driver@820d (d12fe72d)]&amp#27;[0m Proxying [GET /session/d12fe72d-7a4f-481e-9083-8cd36615e04a/element/00000000-0000-004f-0000-006100000004/text] to [GET http://127.0.0.1:8200/session/5b82ceeb-9e4c-4729-8c90-d8641a83fc81/element/00000000-0000-004f-0000-006100000004/text] with no body
&amp#27;[38;5;32m[AndroidUiautomator2Driver@820d (d12fe72d)]&amp#27;[0m Got response with status 200: {"sessionId":"5b82ceeb-9e4c-4729-8c90-d8641a83fc81","value":"moderate rain"}
&amp#27;[38;5;32m[AndroidUiautomator2Driver@820d (d12fe72d)]&amp#27;[0m Replacing sessionId 5b82ceeb-9e4c-4729-8c90-d8641a83fc81 with d12fe72d-7a4f-481e-9083-8cd36615e04a
&amp#27;[38;5;0m[HTTP]&amp#27;[0m &amp#27;[37m<-- GET /session/d12fe72d-7a4f-481e-9083-8cd36615e04a/element/00000000-0000-004f-0000-006100000004/text &amp#27;[39m&amp#27;[32m200&amp#27;[39m &amp#27;[90m10 ms - 76&amp#27;[39m
&amp#27;[38;5;0m[HTTP]&amp#27;[0m &amp#27;[90m&amp#27;[39m
&amp#27;[38;5;0m[HTTP]&amp#27;[0m &amp#27;[37m-->&amp#27;[39m &amp#27;[37mGET&amp#27;[39m &amp#27;[37m/session/d12fe72d-7a4f-481e-9083-8cd36615e04a/element/00000000-0000-004f-0000-006300000004/text&amp#27;[39m
&amp#27;[38;5;0m[HTTP]&amp#27;[0m &amp#27;[90m{}&amp#27;[39m
&amp#27;[38;5;32m[AndroidUiautomator2Driver@820d (d12fe72d)]&amp#27;[0m Driver proxy active, passing request on via HTTP proxy
&amp#27;[38;5;32m[AndroidUiautomator2Driver@820d (d12fe72d)]&amp#27;[0m Matched '/session/d12fe72d-7a4f-481e-9083-8cd36615e04a/element/00000000-0000-004f-0000-006300000004/text' to command name 'getText'
&amp#27;[38;5;32m[AndroidUiautomator2Driver@820d (d12fe72d)]&amp#27;[0m Proxying [GET /session/d12fe72d-7a4f-481e-9083-8cd36615e04a/element/00000000-0000-004f-0000-006300000004/text] to [GET http://127.0.0.1:8200/session/5b82ceeb-9e4c-4729-8c90-d8641a83fc81/element/00000000-0000-004f-0000-006300000004/text] with no body
&amp#27;[38;5;32m[AndroidUiautomator2Driver@820d (d12fe72d)]&amp#27;[0m Got response with status 200: {"sessionId":"5b82ceeb-9e4c-4729-8c90-d8641a83fc81","value":"57 %"}
&amp#27;[38;5;32m[AndroidUiautomator2Driver@820d (d12fe72d)]&amp#27;[0m Replacing sessionId 5b82ceeb-9e4c-4729-8c90-d8641a83fc81 with d12fe72d-7a4f-481e-9083-8cd36615e04a
&amp#27;[38;5;0m[HTTP]&amp#27;[0m &amp#27;[37m<-- GET /session/d12fe72d-7a4f-481e-9083-8cd36615e04a/element/00000000-0000-004f-0000-006300000004/text &amp#27;[39m&amp#27;[32m200&amp#27;[39m &amp#27;[90m9 ms - 67&amp#27;[39m
&amp#27;[38;5;0m[HTTP]&amp#27;[0m &amp#27;[90m&amp#27;[39m
&amp#27;[38;5;0m[HTTP]&amp#27;[0m &amp#27;[37m-->&amp#27;[39m &amp#27;[37mGET&amp#27;[39m &amp#27;[37m/session/d12fe72d-7a4f-481e-9083-8cd36615e04a/element/00000000-0000-004f-0000-006500000004/text&amp#27;[39m
&amp#27;[38;5;0m[HTTP]&amp#27;[0m &amp#27;[90m{}&amp#27;[39m
&amp#27;[38;5;32m[AndroidUiautomator2Driver@820d (d12fe72d)]&amp#27;[0m Driver proxy active, passing request on via HTTP proxy
&amp#27;[38;5;32m[AndroidUiautomator2Driver@820d (d12fe72d)]&amp#27;[0m Matched '/session/d12fe72d-7a4f-481e-9083-8cd36615e04a/element/00000000-0000-004f-0000-006500000004/text' to command name 'getText'
&amp#27;[38;5;32m[AndroidUiautomator2Driver@820d (d12fe72d)]&amp#27;[0m Proxying [GET /session/d12fe72d-7a4f-481e-9083-8cd36615e04a/element/00000000-0000-004f-0000-006500000004/text] to [GET http://127.0.0.1:8200/session/5b82ceeb-9e4c-4729-8c90-d8641a83fc81/element/00000000-0000-004f-0000-006500000004/text] with no body
&amp#27;[38;5;32m[AndroidUiautomator2Driver@820d (d12fe72d)]&amp#27;[0m Got response with status 200: {"sessionId":"5b82ceeb-9e4c-4729-8c90-d8641a83fc81","value":"17 Â°C"}
&amp#27;[38;5;32m[AndroidUiautomator2Driver@820d (d12fe72d)]&amp#27;[0m Replacing sessionId 5b82ceeb-9e4c-4729-8c90-d8641a83fc81 with d12fe72d-7a4f-481e-9083-8cd36615e04a
&amp#27;[38;5;0m[HTTP]&amp#27;[0m &amp#27;[37m<-- GET /session/d12fe72d-7a4f-481e-9083-8cd36615e04a/element/00000000-0000-004f-0000-006500000004/text &amp#27;[39m&amp#27;[32m200&amp#27;[39m &amp#27;[90m9 ms - 69&amp#27;[39m
&amp#27;[38;5;0m[HTTP]&amp#27;[0m &amp#27;[90m&amp#27;[39m
&amp#27;[38;5;0m[HTTP]&amp#27;[0m &amp#27;[37m-->&amp#27;[39m &amp#27;[37mPOST&amp#27;[39m &amp#27;[37m/session/d12fe72d-7a4f-481e-9083-8cd36615e04a/execute/sync&amp#27;[39m
&amp#27;[38;5;0m[HTTP]&amp#27;[0m &amp#27;[90m{"script":"mobile: swipeGesture","args":[{"elementId":"00000000-0000-004f-0000-001e00000004","percent":0.4,"speed":320,"direction":"left"}]}&amp#27;[39m
&amp#27;[38;5;32m[AndroidUiautomator2Driver@820d (d12fe72d)]&amp#27;[0m Calling AppiumDriver.execute() with args: ["mobile: swipeGesture",[{"elementId":"00000000-0000-004f-0000-001e00000004","percent":0.4,"speed":320,"direction":"left"}],"d12fe72d-7a4f-481e-9083-8cd36615e04a"]
&amp#27;[38;5;32m[AndroidUiautomator2Driver@820d (d12fe72d)]&amp#27;[0m Executing method 'mobile: swipeGesture'
&amp#27;[38;5;32m[AndroidUiautomator2Driver@820d (d12fe72d)]&amp#27;[0m Proxying [POST /appium/gestures/swipe] to [POST http://127.0.0.1:8200/session/5b82ceeb-9e4c-4729-8c90-d8641a83fc81/appium/gestures/swipe] with body: {"origin":{"ELEMENT":"00000000-0000-004f-0000-001e00000004","element-6066-11e4-a52e-4f735466cecf":"00000000-0000-004f-0000-001e00000004"},"direction":"left","percent":0.4,"speed":320}
&amp#27;[38;5;32m[AndroidUiautomator2Driver@820d (d12fe72d)]&amp#27;[0m Got response with status 200: {"sessionId":"5b82ceeb-9e4c-4729-8c90-d8641a83fc81","value":null}
&amp#27;[38;5;32m[AndroidUiautomator2Driver@820d (d12fe72d)]&amp#27;[0m Responding to client with driver.execute() result: null
&amp#27;[38;5;0m[HTTP]&amp#27;[0m &amp#27;[37m<-- POST /session/d12fe72d-7a4f-481e-9083-8cd36615e04a/execute/sync &amp#27;[39m&amp#27;[32m200&amp#27;[39m &amp#27;[90m1555 ms - 14&amp#27;[39m
&amp#27;[38;5;0m[HTTP]&amp#27;[0m &amp#27;[90m&amp#27;[39m
&amp#27;[38;5;0m[HTTP]&amp#27;[0m &amp#27;[37m-->&amp#27;[39m &amp#27;[37mPOST&amp#27;[39m &amp#27;[37m/session/d12fe72d-7a4f-481e-9083-8cd36615e04a/elements&amp#27;[39m
&amp#27;[38;5;0m[HTTP]&amp#27;[0m &amp#27;[90m{"using":"xpath","value":"//android.widget.HorizontalScrollView"}&amp#27;[39m
&amp#27;[38;5;32m[AndroidUiautomator2Driver@820d (d12fe72d)]&amp#27;[0m Calling AppiumDriver.findElements() with args: ["xpath","//android.widget.HorizontalScrollView","d12fe72d-7a4f-481e-9083-8cd36615e04a"]
&amp#27;[38;5;32m[AndroidUiautomator2Driver@820d (d12fe72d)]&amp#27;[0m Valid locator strategies for this request: xpath, id, class name, accessibility id, css selector, -android uiautomator
&amp#27;[38;5;32m[AndroidUiautomator2Driver@820d (d12fe72d)]&amp#27;[0m Waiting up to 0 ms for condition
&amp#27;[38;5;32m[AndroidUiautomator2Driver@820d (d12fe72d)]&amp#27;[0m Matched '/elements' to command name 'findElements'
&amp#27;[38;5;32m[AndroidUiautomator2Driver@820d (d12fe72d)]&amp#27;[0m Proxying [POST /elements] to [POST http://127.0.0.1:8200/session/5b82ceeb-9e4c-4729-8c90-d8641a83fc81/elements] with body: {"strategy":"xpath","selector":"//android.widget.HorizontalScrollView","context":"","multiple":true}
&amp#27;[38;5;32m[AndroidUiautomator2Driver@820d (d12fe72d)]&amp#27;[0m Got response with status 200: {"sessionId":"5b82ceeb-9e4c-4729-8c90-d8641a83fc81","value":[{"ELEMENT":"00000000-0000-004f-0000-001d00000004","element-6066-11e4-a52e-4f735466cecf":"00000000-0000-004f-0000-001d00000004"},{"ELEMENT":"00000000-0000-004f-0000-001e00000004","element-6066-11e4-a52e-4f735466cecf":"00000000-0000-004f-0000-001e00000004"}]}
&amp#27;[38;5;32m[AndroidUiautomator2Driver@820d (d12fe72d)]&amp#27;[0m Responding to client with driver.findElements() result: [{"element-6066-11e4-a52e-4f735466cecf":"00000000-0000-004f-0000-001d00000004","ELEMENT":"00000000-0000-004f-0000-001d00000004"},{"element-6066-11e4-a52e-4f735466cecf":"00000000-0000-004f-0000-001e00000004","ELEMENT":"00000000-0000-004f-0000-001e00000004"}]
&amp#27;[38;5;0m[HTTP]&amp#27;[0m &amp#27;[37m<-- POST /session/d12fe72d-7a4f-481e-9083-8cd36615e04a/elements &amp#27;[39m&amp#27;[32m200&amp#27;[39m &amp#27;[90m131 ms - 267&amp#27;[39m
&amp#27;[38;5;0m[HTTP]&amp#27;[0m &amp#27;[90m&amp#27;[39m
&amp#27;[38;5;0m[HTTP]&amp#27;[0m &amp#27;[37m-->&amp#27;[39m &amp#27;[37mPOST&amp#27;[39m &amp#27;[37m/session/d12fe72d-7a4f-481e-9083-8cd36615e04a/element/00000000-0000-004f-0000-001e00000004/elements&amp#27;[39m
&amp#27;[38;5;0m[HTTP]&amp#27;[0m &amp#27;[90m{"id":"00000000-0000-004f-0000-001e00000004","using":"xpath","value":"//android.view.View"}&amp#27;[39m
&amp#27;[38;5;32m[AndroidUiautomator2Driver@820d (d12fe72d)]&amp#27;[0m Calling AppiumDriver.findElementsFromElement() with args: ["xpath","//android.view.View","00000000-0000-004f-0000-001e00000004","d12fe72d-7a4f-481e-9083-8cd36615e04a"]
&amp#27;[38;5;32m[AndroidUiautomator2Driver@820d (d12fe72d)]&amp#27;[0m Valid locator strategies for this request: xpath, id, class name, accessibility id, css selector, -android uiautomator
&amp#27;[38;5;32m[AndroidUiautomator2Driver@820d (d12fe72d)]&amp#27;[0m Waiting up to 0 ms for condition
&amp#27;[38;5;32m[AndroidUiautomator2Driver@820d (d12fe72d)]&amp#27;[0m Matched '/elements' to command name 'findElements'
&amp#27;[38;5;32m[AndroidUiautomator2Driver@820d (d12fe72d)]&amp#27;[0m Proxying [POST /elements] to [POST http://127.0.0.1:8200/session/5b82ceeb-9e4c-4729-8c90-d8641a83fc81/elements] with body: {"strategy":"xpath","selector":"//android.view.View","context":"00000000-0000-004f-0000-001e00000004","multiple":true}
&amp#27;[38;5;32m[AndroidUiautomator2Driver@820d (d12fe72d)]&amp#27;[0m Got response with status 200: {"sessionId":"5b82ceeb-9e4c-4729-8c90-d8641a83fc81","value":[{"ELEMENT":"00000000-0000-004f-0000-004f00000004","element-6066-11e4-a52e-4f735466cecf":"00000000-0000-004f-0000-004f00000004"},{"ELEMENT":"00000000-0000-004f-0000-005100000004","element-6066-11e4-a52e-4f735466cecf":"00000000-0000-004f-0000-005100000004"},{"ELEMENT":"00000000-0000-004f-0000-005300000004","element-6066-11e4-a52e-4f735466cecf":"00000000-0000-004f-0000-005300000004"},{"ELEMENT":"00000000-0000-004f-0000-005500000004","element-6066-11e4-a52e-4f735466cecf":"00000000-0000-004f-0000-005500000004"},{"ELEMENT":"00000000-0000-004f-0000-005700000004","element-6066-11e4-a52e-4f735466cecf":"00000000-0000-004f-0000-005700000004"},{"ELEMENT":"00000000-0000-004f-0000-005900000004","element-6066-11e4-a52e-4f735466cecf":"00000000-0000-004f-0000-005900000004"},{"ELEMENT":"00000000-0000-004f-0000-005b00000004","element-6066-11e4-a52e-4f735466cecf":"00000000-0000-004f-0000-005b00000004"},{"ELEMENT":"00000000-0000-004f-0000-005d00000004","element-6066-...
&amp#27;[38;5;32m[AndroidUiautomator2Driver@820d (d12fe72d)]&amp#27;[0m Responding to client with driver.findElementsFromElement() result: [{"element-6066-11e4-a52e-4f735466cecf":"00000000-0000-004f-0000-004f00000004","ELEMENT":"00000000-0000-004f-0000-004f00000004"},{"element-6066-11e4-a52e-4f735466cecf":"00000000-0000-004f-0000-005100000004","ELEMENT":"00000000-0000-004f-0000-005100000004"},{"element-6066-11e4-a52e-4f735466cecf":"00000000-0000-004f-0000-005300000004","ELEMENT":"00000000-0000-004f-0000-005300000004"},{"element-6066-11e4-a52e-4f735466cecf":"00000000-0000-004f-0000-005500000004","ELEMENT":"00000000-0000-004f-0000-005500000004"},{"element-6066-11e4-a52e-4f735466cecf":"00000000-0000-004f-0000-005700000004","ELEMENT":"00000000-0000-004f-0000-005700000004"},{"element-6066-11e4-a52e-4f735466cecf":"00000000-0000-004f-0000-005900000004","ELEMENT":"00000000-0000-004f-0000-005900000004"},{"element-6066-11e4-a52e-4f735466cecf":"00000000-0000-004f-0000-005b00000004","ELEMENT":"00000000-0000-004f-0000-005b00000004"},{"element-6066-11e4-a52e-4f735466cecf":"00000000-0000-004f-0000-005d00000004","ELEMENT":"00000000-0000-004f-0000-005d0000000...
&amp#27;[38;5;0m[HTTP]&amp#27;[0m &amp#27;[37m<-- POST /session/d12fe72d-7a4f-481e-9083-8cd36615e04a/element/00000000-0000-004f-0000-001e00000004/elements &amp#27;[39m&amp#27;[32m200&amp#27;[39m &amp#27;[90m53 ms - 2059&amp#27;[39m
&amp#27;[38;5;0m[HTTP]&amp#27;[0m &amp#27;[90m&amp#27;[39m
&amp#27;[38;5;0m[HTTP]&amp#27;[0m &amp#27;[37m-->&amp#27;[39m &amp#27;[37mGET&amp#27;[39m &amp#27;[37m/session/d12fe72d-7a4f-481e-9083-8cd36615e04a/element/00000000-0000-004f-0000-004f00000004/text&amp#27;[39m
&amp#27;[38;5;0m[HTTP]&amp#27;[0m &amp#27;[90m{}&amp#27;[39m
&amp#27;[38;5;32m[AndroidUiautomator2Driver@820d (d12fe72d)]&amp#27;[0m Driver proxy active, passing request on via HTTP proxy
&amp#27;[38;5;32m[AndroidUiautomator2Driver@820d (d12fe72d)]&amp#27;[0m Matched '/session/d12fe72d-7a4f-481e-9083-8cd36615e04a/element/00000000-0000-004f-0000-004f00000004/text' to command name 'getText'
&amp#27;[38;5;32m[AndroidUiautomator2Driver@820d (d12fe72d)]&amp#27;[0m Proxying [GET /session/d12fe72d-7a4f-481e-9083-8cd36615e04a/element/00000000-0000-004f-0000-004f00000004/text] to [GET http://127.0.0.1:8200/session/5b82ceeb-9e4c-4729-8c90-d8641a83fc81/element/00000000-0000-004f-0000-004f00000004/text] with no body
&amp#27;[38;5;32m[AndroidUiautomator2Driver@820d (d12fe72d)]&amp#27;[0m Got response with status 200: {"sessionId":"5b82ceeb-9e4c-4729-8c90-d8641a83fc81","value":"Thu"}
&amp#27;[38;5;32m[AndroidUiautomator2Driver@820d (d12fe72d)]&amp#27;[0m Replacing sessionId 5b82ceeb-9e4c-4729-8c90-d8641a83fc81 with d12fe72d-7a4f-481e-9083-8cd36615e04a
&amp#27;[38;5;0m[HTTP]&amp#27;[0m &amp#27;[37m<-- GET /session/d12fe72d-7a4f-481e-9083-8cd36615e04a/element/00000000-0000-004f-0000-004f00000004/text &amp#27;[39m&amp#27;[32m200&amp#27;[39m &amp#27;[90m12 ms - 66&amp#27;[39m
&amp#27;[38;5;0m[HTTP]&amp#27;[0m &amp#27;[90m&amp#27;[39m
&amp#27;[38;5;0m[HTTP]&amp#27;[0m &amp#27;[37m-->&amp#27;[39m &amp#27;[37mGET&amp#27;[39m &amp#27;[37m/session/d12fe72d-7a4f-481e-9083-8cd36615e04a/element/00000000-0000-004f-0000-005100000004/text&amp#27;[39m
&amp#27;[38;5;0m[HTTP]&amp#27;[0m &amp#27;[90m{}&amp#27;[39m
&amp#27;[38;5;32m[AndroidUiautomator2Driver@820d (d12fe72d)]&amp#27;[0m Driver proxy active, passing request on via HTTP proxy
&amp#27;[38;5;32m[AndroidUiautomator2Driver@820d (d12fe72d)]&amp#27;[0m Matched '/session/d12fe72d-7a4f-481e-9083-8cd36615e04a/element/00000000-0000-004f-0000-005100000004/text' to command name 'getText'
&amp#27;[38;5;32m[AndroidUiautomator2Driver@820d (d12fe72d)]&amp#27;[0m Proxying [GET /session/d12fe72d-7a4f-481e-9083-8cd36615e04a/element/00000000-0000-004f-0000-005100000004/text] to [GET http://127.0.0.1:8200/session/5b82ceeb-9e4c-4729-8c90-d8641a83fc81/element/00000000-0000-004f-0000-005100000004/text] with no body
&amp#27;[38;5;32m[AndroidUiautomator2Driver@820d (d12fe72d)]&amp#27;[0m Got response with status 200: {"sessionId":"5b82ceeb-9e4c-4729-8c90-d8641a83fc81","value":"light rain"}
&amp#27;[38;5;32m[AndroidUiautomator2Driver@820d (d12fe72d)]&amp#27;[0m Replacing sessionId 5b82ceeb-9e4c-4729-8c90-d8641a83fc81 with d12fe72d-7a4f-481e-9083-8cd36615e04a
&amp#27;[38;5;0m[HTTP]&amp#27;[0m &amp#27;[37m<-- GET /session/d12fe72d-7a4f-481e-9083-8cd36615e04a/element/00000000-0000-004f-0000-005100000004/text &amp#27;[39m&amp#27;[32m200&amp#27;[39m &amp#27;[90m11 ms - 73&amp#27;[39m
&amp#27;[38;5;0m[HTTP]&amp#27;[0m &amp#27;[90m&amp#27;[39m
&amp#27;[38;5;0m[HTTP]&amp#27;[0m &amp#27;[37m-->&amp#27;[39m &amp#27;[37mGET&amp#27;[39m &amp#27;[37m/session/d12fe72d-7a4f-481e-9083-8cd36615e04a/element/00000000-0000-004f-0000-005300000004/text&amp#27;[39m
&amp#27;[38;5;0m[HTTP]&amp#27;[0m &amp#27;[90m{}&amp#27;[39m
&amp#27;[38;5;32m[AndroidUiautomator2Driver@820d (d12fe72d)]&amp#27;[0m Driver proxy active, passing request on via HTTP proxy
&amp#27;[38;5;32m[AndroidUiautomator2Driver@820d (d12fe72d)]&amp#27;[0m Matched '/session/d12fe72d-7a4f-481e-9083-8cd36615e04a/element/00000000-0000-004f-0000-005300000004/text' to command name 'getText'
&amp#27;[38;5;32m[AndroidUiautomator2Driver@820d (d12fe72d)]&amp#27;[0m Proxying [GET /session/d12fe72d-7a4f-481e-9083-8cd36615e04a/element/00000000-0000-004f-0000-005300000004/text] to [GET http://127.0.0.1:8200/session/5b82ceeb-9e4c-4729-8c90-d8641a83fc81/element/00000000-0000-004f-0000-005300000004/text] with no body
&amp#27;[38;5;32m[AndroidUiautomator2Driver@820d (d12fe72d)]&amp#27;[0m Got response with status 200: {"sessionId":"5b82ceeb-9e4c-4729-8c90-d8641a83fc81","value":"80 %"}
&amp#27;[38;5;32m[AndroidUiautomator2Driver@820d (d12fe72d)]&amp#27;[0m Replacing sessionId 5b82ceeb-9e4c-4729-8c90-d8641a83fc81 with d12fe72d-7a4f-481e-9083-8cd36615e04a
&amp#27;[38;5;0m[HTTP]&amp#27;[0m &amp#27;[37m<-- GET /session/d12fe72d-7a4f-481e-9083-8cd36615e04a/element/00000000-0000-004f-0000-005300000004/text &amp#27;[39m&amp#27;[32m200&amp#27;[39m &amp#27;[90m10 ms - 67&amp#27;[39m
&amp#27;[38;5;0m[HTTP]&amp#27;[0m &amp#27;[90m&amp#27;[39m
&amp#27;[38;5;0m[HTTP]&amp#27;[0m &amp#27;[37m-->&amp#27;[39m &amp#27;[37mGET&amp#27;[39m &amp#27;[37m/session/d12fe72d-7a4f-481e-9083-8cd36615e04a/element/00000000-0000-004f-0000-005500000004/text&amp#27;[39m
&amp#27;[38;5;0m[HTTP]&amp#27;[0m &amp#27;[90m{}&amp#27;[39m
&amp#27;[38;5;32m[AndroidUiautomator2Driver@820d (d12fe72d)]&amp#27;[0m Driver proxy active, passing request on via HTTP proxy
&amp#27;[38;5;32m[AndroidUiautomator2Driver@820d (d12fe72d)]&amp#27;[0m Matched '/session/d12fe72d-7a4f-481e-9083-8cd36615e04a/element/00000000-0000-004f-0000-005500000004/text' to command name 'getText'
&amp#27;[38;5;32m[AndroidUiautomator2Driver@820d (d12fe72d)]&amp#27;[0m Proxying [GET /session/d12fe72d-7a4f-481e-9083-8cd36615e04a/element/00000000-0000-004f-0000-005500000004/text] to [GET http://127.0.0.1:8200/session/5b82ceeb-9e4c-4729-8c90-d8641a83fc81/element/00000000-0000-004f-0000-005500000004/text] with no body
&amp#27;[38;5;32m[AndroidUiautomator2Driver@820d (d12fe72d)]&amp#27;[0m Got response with status 200: {"sessionId":"5b82ceeb-9e4c-4729-8c90-d8641a83fc81","value":"16 Â°C"}
&amp#27;[38;5;32m[AndroidUiautomator2Driver@820d (d12fe72d)]&amp#27;[0m Replacing sessionId 5b82ceeb-9e4c-4729-8c90-d8641a83fc81 with d12fe72d-7a4f-481e-9083-8cd36615e04a
&amp#27;[38;5;0m[HTTP]&amp#27;[0m &amp#27;[37m<-- GET /session/d12fe72d-7a4f-481e-9083-8cd36615e04a/element/00000000-0000-004f-0000-005500000004/text &amp#27;[39m&amp#27;[32m200&amp#27;[39m &amp#27;[90m10 ms - 69&amp#27;[39m
&amp#27;[38;5;0m[HTTP]&amp#27;[0m &amp#27;[90m&amp#27;[39m
&amp#27;[38;5;0m[HTTP]&amp#27;[0m &amp#27;[37m-->&amp#27;[39m &amp#27;[37mGET&amp#27;[39m &amp#27;[37m/session/d12fe72d-7a4f-481e-9083-8cd36615e04a/element/00000000-0000-004f-0000-005700000004/text&amp#27;[39m
&amp#27;[38;5;0m[HTTP]&amp#27;[0m &amp#27;[90m{}&amp#27;[39m
&amp#27;[38;5;32m[AndroidUiautomator2Driver@820d (d12fe72d)]&amp#27;[0m Driver proxy active, passing request on via HTTP proxy
&amp#27;[38;5;32m[AndroidUiautomator2Driver@820d (d12fe72d)]&amp#27;[0m Matched '/session/d12fe72d-7a4f-481e-9083-8cd36615e04a/element/00000000-0000-004f-0000-005700000004/text' to command name 'getText'
&amp#27;[38;5;32m[AndroidUiautomator2Driver@820d (d12fe72d)]&amp#27;[0m Proxying [GET /session/d12fe72d-7a4f-481e-9083-8cd36615e04a/element/00000000-0000-004f-0000-005700000004/text] to [GET http://127.0.0.1:8200/session/5b82ceeb-9e4c-4729-8c90-d8641a83fc81/element/00000000-0000-004f-0000-005700000004/text] with no body
&amp#27;[38;5;32m[AndroidUiautomator2Driver@820d (d12fe72d)]&amp#27;[0m Got response with status 200: {"sessionId":"5b82ceeb-9e4c-4729-8c90-d8641a83fc81","value":"Fri"}
&amp#27;[38;5;32m[AndroidUiautomator2Driver@820d (d12fe72d)]&amp#27;[0m Replacing sessionId 5b82ceeb-9e4c-4729-8c90-d8641a83fc81 with d12fe72d-7a4f-481e-9083-8cd36615e04a
&amp#27;[38;5;0m[HTTP]&amp#27;[0m &amp#27;[37m<-- GET /session/d12fe72d-7a4f-481e-9083-8cd36615e04a/element/00000000-0000-004f-0000-005700000004/text &amp#27;[39m&amp#27;[32m200&amp#27;[39m &amp#27;[90m9 ms - 66&amp#27;[39m
&amp#27;[38;5;0m[HTTP]&amp#27;[0m &amp#27;[90m&amp#27;[39m
&amp#27;[38;5;0m[HTTP]&amp#27;[0m &amp#27;[37m-->&amp#27;[39m &amp#27;[37mGET&amp#27;[39m &amp#27;[37m/session/d12fe72d-7a4f-481e-9083-8cd36615e04a/element/00000000-0000-004f-0000-005900000004/text&amp#27;[39m
&amp#27;[38;5;0m[HTTP]&amp#27;[0m &amp#27;[90m{}&amp#27;[39m
&amp#27;[38;5;32m[AndroidUiautomator2Driver@820d (d12fe72d)]&amp#27;[0m Driver proxy active, passing request on via HTTP proxy
&amp#27;[38;5;32m[AndroidUiautomator2Driver@820d (d12fe72d)]&amp#27;[0m Matched '/session/d12fe72d-7a4f-481e-9083-8cd36615e04a/element/00000000-0000-004f-0000-005900000004/text' to command name 'getText'
&amp#27;[38;5;32m[AndroidUiautomator2Driver@820d (d12fe72d)]&amp#27;[0m Proxying [GET /session/d12fe72d-7a4f-481e-9083-8cd36615e04a/element/00000000-0000-004f-0000-005900000004/text] to [GET http://127.0.0.1:8200/session/5b82ceeb-9e4c-4729-8c90-d8641a83fc81/element/00000000-0000-004f-0000-005900000004/text] with no body
&amp#27;[38;5;32m[AndroidUiautomator2Driver@820d (d12fe72d)]&amp#27;[0m Got response with status 200: {"sessionId":"5b82ceeb-9e4c-4729-8c90-d8641a83fc81","value":"broken clouds"}
&amp#27;[38;5;32m[AndroidUiautomator2Driver@820d (d12fe72d)]&amp#27;[0m Replacing sessionId 5b82ceeb-9e4c-4729-8c90-d8641a83fc81 with d12fe72d-7a4f-481e-9083-8cd36615e04a
&amp#27;[38;5;0m[HTTP]&amp#27;[0m &amp#27;[37m<-- GET /session/d12fe72d-7a4f-481e-9083-8cd36615e04a/element/00000000-0000-004f-0000-005900000004/text &amp#27;[39m&amp#27;[32m200&amp#27;[39m &amp#27;[90m10 ms - 76&amp#27;[39m
&amp#27;[38;5;0m[HTTP]&amp#27;[0m &amp#27;[90m&amp#27;[39m
&amp#27;[38;5;0m[HTTP]&amp#27;[0m &amp#27;[37m-->&amp#27;[39m &amp#27;[37mGET&amp#27;[39m &amp#27;[37m/session/d12fe72d-7a4f-481e-9083-8cd36615e04a/element/00000000-0000-004f-0000-005b00000004/text&amp#27;[39m
&amp#27;[38;5;0m[HTTP]&amp#27;[0m &amp#27;[90m{}&amp#27;[39m
&amp#27;[38;5;32m[AndroidUiautomator2Driver@820d (d12fe72d)]&amp#27;[0m Driver proxy active, passing request on via HTTP proxy
&amp#27;[38;5;32m[AndroidUiautomator2Driver@820d (d12fe72d)]&amp#27;[0m Matched '/session/d12fe72d-7a4f-481e-9083-8cd36615e04a/element/00000000-0000-004f-0000-005b00000004/text' to command name 'getText'
&amp#27;[38;5;32m[AndroidUiautomator2Driver@820d (d12fe72d)]&amp#27;[0m Proxying [GET /session/d12fe72d-7a4f-481e-9083-8cd36615e04a/element/00000000-0000-004f-0000-005b00000004/text] to [GET http://127.0.0.1:8200/session/5b82ceeb-9e4c-4729-8c90-d8641a83fc81/element/00000000-0000-004f-0000-005b00000004/text] with no body
&amp#27;[38;5;32m[AndroidUiautomator2Driver@820d (d12fe72d)]&amp#27;[0m Got response with status 200: {"sessionId":"5b82ceeb-9e4c-4729-8c90-d8641a83fc81","value":"49 %"}
&amp#27;[38;5;32m[AndroidUiautomator2Driver@820d (d12fe72d)]&amp#27;[0m Replacing sessionId 5b82ceeb-9e4c-4729-8c90-d8641a83fc81 with d12fe72d-7a4f-481e-9083-8cd36615e04a
&amp#27;[38;5;0m[HTTP]&amp#27;[0m &amp#27;[37m<-- GET /session/d12fe72d-7a4f-481e-9083-8cd36615e04a/element/00000000-0000-004f-0000-005b00000004/text &amp#27;[39m&amp#27;[32m200&amp#27;[39m &amp#27;[90m10 ms - 67&amp#27;[39m
&amp#27;[38;5;0m[HTTP]&amp#27;[0m &amp#27;[90m&amp#27;[39m
&amp#27;[38;5;0m[HTTP]&amp#27;[0m &amp#27;[37m-->&amp#27;[39m &amp#27;[37mGET&amp#27;[39m &amp#27;[37m/session/d12fe72d-7a4f-481e-9083-8cd36615e04a/element/00000000-0000-004f-0000-005d00000004/text&amp#27;[39m
&amp#27;[38;5;0m[HTTP]&amp#27;[0m &amp#27;[90m{}&amp#27;[39m
&amp#27;[38;5;32m[AndroidUiautomator2Driver@820d (d12fe72d)]&amp#27;[0m Driver proxy active, passing request on via HTTP proxy
&amp#27;[38;5;32m[AndroidUiautomator2Driver@820d (d12fe72d)]&amp#27;[0m Matched '/session/d12fe72d-7a4f-481e-9083-8cd36615e04a/element/00000000-0000-004f-0000-005d00000004/text' to command name 'getText'
&amp#27;[38;5;32m[AndroidUiautomator2Driver@820d (d12fe72d)]&amp#27;[0m Proxying [GET /session/d12fe72d-7a4f-481e-9083-8cd36615e04a/element/00000000-0000-004f-0000-005d00000004/text] to [GET http://127.0.0.1:8200/session/5b82ceeb-9e4c-4729-8c90-d8641a83fc81/element/00000000-0000-004f-0000-005d00000004/text] with no body
&amp#27;[38;5;32m[AndroidUiautomator2Driver@820d (d12fe72d)]&amp#27;[0m Got response with status 200: {"sessionId":"5b82ceeb-9e4c-4729-8c90-d8641a83fc81","value":"17 Â°C"}
&amp#27;[38;5;32m[AndroidUiautomator2Driver@820d (d12fe72d)]&amp#27;[0m Replacing sessionId 5b82ceeb-9e4c-4729-8c90-d8641a83fc81 with d12fe72d-7a4f-481e-9083-8cd36615e04a
&amp#27;[38;5;0m[HTTP]&amp#27;[0m &amp#27;[37m<-- GET /session/d12fe72d-7a4f-481e-9083-8cd36615e04a/element/00000000-0000-004f-0000-005d00000004/text &amp#27;[39m&amp#27;[32m200&amp#27;[39m &amp#27;[90m9 ms - 69&amp#27;[39m
&amp#27;[38;5;0m[HTTP]&amp#27;[0m &amp#27;[90m&amp#27;[39m
&amp#27;[38;5;0m[HTTP]&amp#27;[0m &amp#27;[37m-->&amp#27;[39m &amp#27;[37mGET&amp#27;[39m &amp#27;[37m/session/d12fe72d-7a4f-481e-9083-8cd36615e04a/element/00000000-0000-004f-0000-005f00000004/text&amp#27;[39m
&amp#27;[38;5;0m[HTTP]&amp#27;[0m &amp#27;[90m{}&amp#27;[39m
&amp#27;[38;5;32m[AndroidUiautomator2Driver@820d (d12fe72d)]&amp#27;[0m Driver proxy active, passing request on via HTTP proxy
&amp#27;[38;5;32m[AndroidUiautomator2Driver@820d (d12fe72d)]&amp#27;[0m Matched '/session/d12fe72d-7a4f-481e-9083-8cd36615e04a/element/00000000-0000-004f-0000-005f00000004/text' to command name 'getText'
&amp#27;[38;5;32m[AndroidUiautomator2Driver@820d (d12fe72d)]&amp#27;[0m Proxying [GET /session/d12fe72d-7a4f-481e-9083-8cd36615e04a/element/00000000-0000-004f-0000-005f00000004/text] to [GET http://127.0.0.1:8200/session/5b82ceeb-9e4c-4729-8c90-d8641a83fc81/element/00000000-0000-004f-0000-005f00000004/text] with no body
&amp#27;[38;5;32m[AndroidUiautomator2Driver@820d (d12fe72d)]&amp#27;[0m Got response with status 200: {"sessionId":"5b82ceeb-9e4c-4729-8c90-d8641a83fc81","value":"Sat"}
&amp#27;[38;5;32m[AndroidUiautomator2Driver@820d (d12fe72d)]&amp#27;[0m Replacing sessionId 5b82ceeb-9e4c-4729-8c90-d8641a83fc81 with d12fe72d-7a4f-481e-9083-8cd36615e04a
&amp#27;[38;5;0m[HTTP]&amp#27;[0m &amp#27;[37m<-- GET /session/d12fe72d-7a4f-481e-9083-8cd36615e04a/element/00000000-0000-004f-0000-005f00000004/text &amp#27;[39m&amp#27;[32m200&amp#27;[39m &amp#27;[90m10 ms - 66&amp#27;[39m
&amp#27;[38;5;0m[HTTP]&amp#27;[0m &amp#27;[90m&amp#27;[39m
&amp#27;[38;5;0m[HTTP]&amp#27;[0m &amp#27;[37m-->&amp#27;[39m &amp#27;[37mGET&amp#27;[39m &amp#27;[37m/session/d12fe72d-7a4f-481e-9083-8cd36615e04a/element/00000000-0000-004f-0000-006100000004/text&amp#27;[39m
&amp#27;[38;5;0m[HTTP]&amp#27;[0m &amp#27;[90m{}&amp#27;[39m
&amp#27;[38;5;32m[AndroidUiautomator2Driver@820d (d12fe72d)]&amp#27;[0m Driver proxy active, passing request on via HTTP proxy
&amp#27;[38;5;32m[AndroidUiautomator2Driver@820d (d12fe72d)]&amp#27;[0m Matched '/session/d12fe72d-7a4f-481e-9083-8cd36615e04a/element/00000000-0000-004f-0000-006100000004/text' to command name 'getText'
&amp#27;[38;5;32m[AndroidUiautomator2Driver@820d (d12fe72d)]&amp#27;[0m Proxying [GET /session/d12fe72d-7a4f-481e-9083-8cd36615e04a/element/00000000-0000-004f-0000-006100000004/text] to [GET http://127.0.0.1:8200/session/5b82ceeb-9e4c-4729-8c90-d8641a83fc81/element/00000000-0000-004f-0000-006100000004/text] with no body
&amp#27;[38;5;32m[AndroidUiautomator2Driver@820d (d12fe72d)]&amp#27;[0m Got response with status 200: {"sessionId":"5b82ceeb-9e4c-4729-8c90-d8641a83fc81","value":"moderate rain"}
&amp#27;[38;5;32m[AndroidUiautomator2Driver@820d (d12fe72d)]&amp#27;[0m Replacing sessionId 5b82ceeb-9e4c-4729-8c90-d8641a83fc81 with d12fe72d-7a4f-481e-9083-8cd36615e04a
&amp#27;[38;5;0m[HTTP]&amp#27;[0m &amp#27;[37m<-- GET /session/d12fe72d-7a4f-481e-9083-8cd36615e04a/element/00000000-0000-004f-0000-006100000004/text &amp#27;[39m&amp#27;[32m200&amp#27;[39m &amp#27;[90m10 ms - 76&amp#27;[39m
&amp#27;[38;5;0m[HTTP]&amp#27;[0m &amp#27;[90m&amp#27;[39m
&amp#27;[38;5;0m[HTTP]&amp#27;[0m &amp#27;[37m-->&amp#27;[39m &amp#27;[37mGET&amp#27;[39m &amp#27;[37m/session/d12fe72d-7a4f-481e-9083-8cd36615e04a/element/00000000-0000-004f-0000-006300000004/text&amp#27;[39m
&amp#27;[38;5;0m[HTTP]&amp#27;[0m &amp#27;[90m{}&amp#27;[39m
&amp#27;[38;5;32m[AndroidUiautomator2Driver@820d (d12fe72d)]&amp#27;[0m Driver proxy active, passing request on via HTTP proxy
&amp#27;[38;5;32m[AndroidUiautomator2Driver@820d (d12fe72d)]&amp#27;[0m Matched '/session/d12fe72d-7a4f-481e-9083-8cd36615e04a/element/00000000-0000-004f-0000-006300000004/text' to command name 'getText'
&amp#27;[38;5;32m[AndroidUiautomator2Driver@820d (d12fe72d)]&amp#27;[0m Proxying [GET /session/d12fe72d-7a4f-481e-9083-8cd36615e04a/element/00000000-0000-004f-0000-006300000004/text] to [GET http://127.0.0.1:8200/session/5b82ceeb-9e4c-4729-8c90-d8641a83fc81/element/00000000-0000-004f-0000-006300000004/text] with no body
&amp#27;[38;5;32m[AndroidUiautomator2Driver@820d (d12fe72d)]&amp#27;[0m Got response with status 200: {"sessionId":"5b82ceeb-9e4c-4729-8c90-d8641a83fc81","value":"57 %"}
&amp#27;[38;5;32m[AndroidUiautomator2Driver@820d (d12fe72d)]&amp#27;[0m Replacing sessionId 5b82ceeb-9e4c-4729-8c90-d8641a83fc81 with d12fe72d-7a4f-481e-9083-8cd36615e04a
&amp#27;[38;5;0m[HTTP]&amp#27;[0m &amp#27;[37m<-- GET /session/d12fe72d-7a4f-481e-9083-8cd36615e04a/element/00000000-0000-004f-0000-006300000004/text &amp#27;[39m&amp#27;[32m200&amp#27;[39m &amp#27;[90m10 ms - 67&amp#27;[39m
&amp#27;[38;5;0m[HTTP]&amp#27;[0m &amp#27;[90m&amp#27;[39m
&amp#27;[38;5;0m[HTTP]&amp#27;[0m &amp#27;[37m-->&amp#27;[39m &amp#27;[37mGET&amp#27;[39m &amp#27;[37m/session/d12fe72d-7a4f-481e-9083-8cd36615e04a/element/00000000-0000-004f-0000-006500000004/text&amp#27;[39m
&amp#27;[38;5;0m[HTTP]&amp#27;[0m &amp#27;[90m{}&amp#27;[39m
&amp#27;[38;5;32m[AndroidUiautomator2Driver@820d (d12fe72d)]&amp#27;[0m Driver proxy active, passing request on via HTTP proxy
&amp#27;[38;5;32m[AndroidUiautomator2Driver@820d (d12fe72d)]&amp#27;[0m Matched '/session/d12fe72d-7a4f-481e-9083-8cd36615e04a/element/00000000-0000-004f-0000-006500000004/text' to command name 'getText'
&amp#27;[38;5;32m[AndroidUiautomator2Driver@820d (d12fe72d)]&amp#27;[0m Proxying [GET /session/d12fe72d-7a4f-481e-9083-8cd36615e04a/element/00000000-0000-004f-0000-006500000004/text] to [GET http://127.0.0.1:8200/session/5b82ceeb-9e4c-4729-8c90-d8641a83fc81/element/00000000-0000-004f-0000-006500000004/text] with no body
&amp#27;[38;5;32m[AndroidUiautomator2Driver@820d (d12fe72d)]&amp#27;[0m Got response with status 200: {"sessionId":"5b82ceeb-9e4c-4729-8c90-d8641a83fc81","value":"17 Â°C"}
&amp#27;[38;5;32m[AndroidUiautomator2Driver@820d (d12fe72d)]&amp#27;[0m Replacing sessionId 5b82ceeb-9e4c-4729-8c90-d8641a83fc81 with d12fe72d-7a4f-481e-9083-8cd36615e04a
&amp#27;[38;5;0m[HTTP]&amp#27;[0m &amp#27;[37m<-- GET /session/d12fe72d-7a4f-481e-9083-8cd36615e04a/element/00000000-0000-004f-0000-006500000004/text &amp#27;[39m&amp#27;[32m200&amp#27;[39m &amp#27;[90m9 ms - 69&amp#27;[39m
&amp#27;[38;5;0m[HTTP]&amp#27;[0m &amp#27;[90m&amp#27;[39m
&amp#27;[38;5;0m[HTTP]&amp#27;[0m &amp#27;[37m-->&amp#27;[39m &amp#27;[37mGET&amp#27;[39m &amp#27;[37m/session/d12fe72d-7a4f-481e-9083-8cd36615e04a/element/00000000-0000-004f-0000-006700000004/text&amp#27;[39m
&amp#27;[38;5;0m[HTTP]&amp#27;[0m &amp#27;[90m{}&amp#27;[39m
&amp#27;[38;5;32m[AndroidUiautomator2Driver@820d (d12fe72d)]&amp#27;[0m Driver proxy active, passing request on via HTTP proxy
&amp#27;[38;5;32m[AndroidUiautomator2Driver@820d (d12fe72d)]&amp#27;[0m Matched '/session/d12fe72d-7a4f-481e-9083-8cd36615e04a/element/00000000-0000-004f-0000-006700000004/text' to command name 'getText'
&amp#27;[38;5;32m[AndroidUiautomator2Driver@820d (d12fe72d)]&amp#27;[0m Proxying [GET /session/d12fe72d-7a4f-481e-9083-8cd36615e04a/element/00000000-0000-004f-0000-006700000004/text] to [GET http://127.0.0.1:8200/session/5b82ceeb-9e4c-4729-8c90-d8641a83fc81/element/00000000-0000-004f-0000-006700000004/text] with no body
&amp#27;[38;5;32m[AndroidUiautomator2Driver@820d (d12fe72d)]&amp#27;[0m Got response with status 200: {"sessionId":"5b82ceeb-9e4c-4729-8c90-d8641a83fc81","value":"Sun"}
&amp#27;[38;5;32m[AndroidUiautomator2Driver@820d (d12fe72d)]&amp#27;[0m Replacing sessionId 5b82ceeb-9e4c-4729-8c90-d8641a83fc81 with d12fe72d-7a4f-481e-9083-8cd36615e04a
&amp#27;[38;5;0m[HTTP]&amp#27;[0m &amp#27;[37m<-- GET /session/d12fe72d-7a4f-481e-9083-8cd36615e04a/element/00000000-0000-004f-0000-006700000004/text &amp#27;[39m&amp#27;[32m200&amp#27;[39m &amp#27;[90m10 ms - 66&amp#27;[39m
&amp#27;[38;5;0m[HTTP]&amp#27;[0m &amp#27;[90m&amp#27;[39m
&amp#27;[38;5;0m[HTTP]&amp#27;[0m &amp#27;[37m-->&amp#27;[39m &amp#27;[37mGET&amp#27;[39m &amp#27;[37m/session/d12fe72d-7a4f-481e-9083-8cd36615e04a/element/00000000-0000-004f-0000-006900000004/text&amp#27;[39m
&amp#27;[38;5;0m[HTTP]&amp#27;[0m &amp#27;[90m{}&amp#27;[39m
&amp#27;[38;5;32m[AndroidUiautomator2Driver@820d (d12fe72d)]&amp#27;[0m Driver proxy active, passing request on via HTTP proxy
&amp#27;[38;5;32m[AndroidUiautomator2Driver@820d (d12fe72d)]&amp#27;[0m Matched '/session/d12fe72d-7a4f-481e-9083-8cd36615e04a/element/00000000-0000-004f-0000-006900000004/text' to command name 'getText'
&amp#27;[38;5;32m[AndroidUiautomator2Driver@820d (d12fe72d)]&amp#27;[0m Proxying [GET /session/d12fe72d-7a4f-481e-9083-8cd36615e04a/element/00000000-0000-004f-0000-006900000004/text] to [GET http://127.0.0.1:8200/session/5b82ceeb-9e4c-4729-8c90-d8641a83fc81/element/00000000-0000-004f-0000-006900000004/text] with no body
&amp#27;[38;5;32m[AndroidUiautomator2Driver@820d (d12fe72d)]&amp#27;[0m Got response with status 200: {"sessionId":"5b82ceeb-9e4c-4729-8c90-d8641a83fc81","value":"moderate rain"}
&amp#27;[38;5;32m[AndroidUiautomator2Driver@820d (d12fe72d)]&amp#27;[0m Replacing sessionId 5b82ceeb-9e4c-4729-8c90-d8641a83fc81 with d12fe72d-7a4f-481e-9083-8cd36615e04a
&amp#27;[38;5;0m[HTTP]&amp#27;[0m &amp#27;[37m<-- GET /session/d12fe72d-7a4f-481e-9083-8cd36615e04a/element/00000000-0000-004f-0000-006900000004/text &amp#27;[39m&amp#27;[32m200&amp#27;[39m &amp#27;[90m10 ms - 76&amp#27;[39m
&amp#27;[38;5;0m[HTTP]&amp#27;[0m &amp#27;[90m&amp#27;[39m
&amp#27;[38;5;0m[HTTP]&amp#27;[0m &amp#27;[37m-->&amp#27;[39m &amp#27;[37mGET&amp#27;[39m &amp#27;[37m/session/d12fe72d-7a4f-481e-9083-8cd36615e04a/element/00000000-0000-004f-0000-006b00000004/text&amp#27;[39m
&amp#27;[38;5;0m[HTTP]&amp#27;[0m &amp#27;[90m{}&amp#27;[39m
&amp#27;[38;5;32m[AndroidUiautomator2Driver@820d (d12fe72d)]&amp#27;[0m Driver proxy active, passing request on via HTTP proxy
&amp#27;[38;5;32m[AndroidUiautomator2Driver@820d (d12fe72d)]&amp#27;[0m Matched '/session/d12fe72d-7a4f-481e-9083-8cd36615e04a/element/00000000-0000-004f-0000-006b00000004/text' to command name 'getText'
&amp#27;[38;5;32m[AndroidUiautomator2Driver@820d (d12fe72d)]&amp#27;[0m Proxying [GET /session/d12fe72d-7a4f-481e-9083-8cd36615e04a/element/00000000-0000-004f-0000-006b00000004/text] to [GET http://127.0.0.1:8200/session/5b82ceeb-9e4c-4729-8c90-d8641a83fc81/element/00000000-0000-004f-0000-006b00000004/text] with no body
&amp#27;[38;5;32m[AndroidUiautomator2Driver@820d (d12fe72d)]&amp#27;[0m Got response with status 200: {"sessionId":"5b82ceeb-9e4c-4729-8c90-d8641a83fc81","value":"77 %"}
&amp#27;[38;5;32m[AndroidUiautomator2Driver@820d (d12fe72d)]&amp#27;[0m Replacing sessionId 5b82ceeb-9e4c-4729-8c90-d8641a83fc81 with d12fe72d-7a4f-481e-9083-8cd36615e04a
&amp#27;[38;5;0m[HTTP]&amp#27;[0m &amp#27;[37m<-- GET /session/d12fe72d-7a4f-481e-9083-8cd36615e04a/element/00000000-0000-004f-0000-006b00000004/text &amp#27;[39m&amp#27;[32m200&amp#27;[39m &amp#27;[90m10 ms - 67&amp#27;[39m
&amp#27;[38;5;0m[HTTP]&amp#27;[0m &amp#27;[90m&amp#27;[39m
&amp#27;[38;5;0m[HTTP]&amp#27;[0m &amp#27;[37m-->&amp#27;[39m &amp#27;[37mGET&amp#27;[39m &amp#27;[37m/session/d12fe72d-7a4f-481e-9083-8cd36615e04a/element/00000000-0000-004f-0000-006d00000004/text&amp#27;[39m
&amp#27;[38;5;0m[HTTP]&amp#27;[0m &amp#27;[90m{}&amp#27;[39m
&amp#27;[38;5;32m[AndroidUiautomator2Driver@820d (d12fe72d)]&amp#27;[0m Driver proxy active, passing request on via HTTP proxy
&amp#27;[38;5;32m[AndroidUiautomator2Driver@820d (d12fe72d)]&amp#27;[0m Matched '/session/d12fe72d-7a4f-481e-9083-8cd36615e04a/element/00000000-0000-004f-0000-006d00000004/text' to command name 'getText'
&amp#27;[38;5;32m[AndroidUiautomator2Driver@820d (d12fe72d)]&amp#27;[0m Proxying [GET /session/d12fe72d-7a4f-481e-9083-8cd36615e04a/element/00000000-0000-004f-0000-006d00000004/text] to [GET http://127.0.0.1:8200/session/5b82ceeb-9e4c-4729-8c90-d8641a83fc81/element/00000000-0000-004f-0000-006d00000004/text] with no body
&amp#27;[38;5;32m[AndroidUiautomator2Driver@820d (d12fe72d)]&amp#27;[0m Got response with status 200: {"sessionId":"5b82ceeb-9e4c-4729-8c90-d8641a83fc81","value":"16 Â°C"}
&amp#27;[38;5;32m[AndroidUiautomator2Driver@820d (d12fe72d)]&amp#27;[0m Replacing sessionId 5b82ceeb-9e4c-4729-8c90-d8641a83fc81 with d12fe72d-7a4f-481e-9083-8cd36615e04a
&amp#27;[38;5;0m[HTTP]&amp#27;[0m &amp#27;[37m<-- GET /session/d12fe72d-7a4f-481e-9083-8cd36615e04a/element/00000000-0000-004f-0000-006d00000004/text &amp#27;[39m&amp#27;[32m200&amp#27;[39m &amp#27;[90m10 ms - 69&amp#27;[39m
&amp#27;[38;5;0m[HTTP]&amp#27;[0m &amp#27;[90m&amp#27;[39m
&amp#27;[38;5;0m[HTTP]&amp#27;[0m &amp#27;[37m-->&amp#27;[39m &amp#27;[37mPOST&amp#27;[39m &amp#27;[37m/session/d12fe72d-7a4f-481e-9083-8cd36615e04a/execute/sync&amp#27;[39m
&amp#27;[38;5;0m[HTTP]&amp#27;[0m &amp#27;[90m{"script":"mobile: swipeGesture","args":[{"elementId":"00000000-0000-004f-0000-001e00000004","percent":0.4,"speed":320,"direction":"left"}]}&amp#27;[39m
&amp#27;[38;5;32m[AndroidUiautomator2Driver@820d (d12fe72d)]&amp#27;[0m Calling AppiumDriver.execute() with args: ["mobile: swipeGesture",[{"elementId":"00000000-0000-004f-0000-001e00000004","percent":0.4,"speed":320,"direction":"left"}],"d12fe72d-7a4f-481e-9083-8cd36615e04a"]
&amp#27;[38;5;32m[AndroidUiautomator2Driver@820d (d12fe72d)]&amp#27;[0m Executing method 'mobile: swipeGesture'
&amp#27;[38;5;32m[AndroidUiautomator2Driver@820d (d12fe72d)]&amp#27;[0m Proxying [POST /appium/gestures/swipe] to [POST http://127.0.0.1:8200/session/5b82ceeb-9e4c-4729-8c90-d8641a83fc81/appium/gestures/swipe] with body: {"origin":{"ELEMENT":"00000000-0000-004f-0000-001e00000004","element-6066-11e4-a52e-4f735466cecf":"00000000-0000-004f-0000-001e00000004"},"direction":"left","percent":0.4,"speed":320}
&amp#27;[38;5;32m[AndroidUiautomator2Driver@820d (d12fe72d)]&amp#27;[0m Got response with status 200: {"sessionId":"5b82ceeb-9e4c-4729-8c90-d8641a83fc81","value":null}
&amp#27;[38;5;32m[AndroidUiautomator2Driver@820d (d12fe72d)]&amp#27;[0m Responding to client with driver.execute() result: null
&amp#27;[38;5;0m[HTTP]&amp#27;[0m &amp#27;[37m<-- POST /session/d12fe72d-7a4f-481e-9083-8cd36615e04a/execute/sync &amp#27;[39m&amp#27;[32m200&amp#27;[39m &amp#27;[90m1559 ms - 14&amp#27;[39m
&amp#27;[38;5;0m[HTTP]&amp#27;[0m &amp#27;[90m&amp#27;[39m
&amp#27;[38;5;0m[HTTP]&amp#27;[0m &amp#27;[37m-->&amp#27;[39m &amp#27;[37mPOST&amp#27;[39m &amp#27;[37m/session/d12fe72d-7a4f-481e-9083-8cd36615e04a/elements&amp#27;[39m
&amp#27;[38;5;0m[HTTP]&amp#27;[0m &amp#27;[90m{"using":"xpath","value":"//android.widget.HorizontalScrollView"}&amp#27;[39m
&amp#27;[38;5;32m[AndroidUiautomator2Driver@820d (d12fe72d)]&amp#27;[0m Calling AppiumDriver.findElements() with args: ["xpath","//android.widget.HorizontalScrollView","d12fe72d-7a4f-481e-9083-8cd36615e04a"]
&amp#27;[38;5;32m[AndroidUiautomator2Driver@820d (d12fe72d)]&amp#27;[0m Valid locator strategies for this request: xpath, id, class name, accessibility id, css selector, -android uiautomator
&amp#27;[38;5;32m[AndroidUiautomator2Driver@820d (d12fe72d)]&amp#27;[0m Waiting up to 0 ms for condition
&amp#27;[38;5;32m[AndroidUiautomator2Driver@820d (d12fe72d)]&amp#27;[0m Matched '/elements' to command name 'findElements'
&amp#27;[38;5;32m[AndroidUiautomator2Driver@820d (d12fe72d)]&amp#27;[0m Proxying [POST /elements] to [POST http://127.0.0.1:8200/session/5b82ceeb-9e4c-4729-8c90-d8641a83fc81/elements] with body: {"strategy":"xpath","selector":"//android.widget.HorizontalScrollView","context":"","multiple":true}
&amp#27;[38;5;32m[AndroidUiautomator2Driver@820d (d12fe72d)]&amp#27;[0m Got response with status 200: {"sessionId":"5b82ceeb-9e4c-4729-8c90-d8641a83fc81","value":[{"ELEMENT":"00000000-0000-004f-0000-001d00000004","element-6066-11e4-a52e-4f735466cecf":"00000000-0000-004f-0000-001d00000004"},{"ELEMENT":"00000000-0000-004f-0000-001e00000004","element-6066-11e4-a52e-4f735466cecf":"00000000-0000-004f-0000-001e00000004"}]}
&amp#27;[38;5;32m[AndroidUiautomator2Driver@820d (d12fe72d)]&amp#27;[0m Responding to client with driver.findElements() result: [{"element-6066-11e4-a52e-4f735466cecf":"00000000-0000-004f-0000-001d00000004","ELEMENT":"00000000-0000-004f-0000-001d00000004"},{"element-6066-11e4-a52e-4f735466cecf":"00000000-0000-004f-0000-001e00000004","ELEMENT":"00000000-0000-004f-0000-001e00000004"}]
&amp#27;[38;5;0m[HTTP]&amp#27;[0m &amp#27;[37m<-- POST /session/d12fe72d-7a4f-481e-9083-8cd36615e04a/elements &amp#27;[39m&amp#27;[32m200&amp#27;[39m &amp#27;[90m133 ms - 267&amp#27;[39m
&amp#27;[38;5;0m[HTTP]&amp#27;[0m &amp#27;[90m&amp#27;[39m
&amp#27;[38;5;0m[HTTP]&amp#27;[0m &amp#27;[37m-->&amp#27;[39m &amp#27;[37mPOST&amp#27;[39m &amp#27;[37m/session/d12fe72d-7a4f-481e-9083-8cd36615e04a/element/00000000-0000-004f-0000-001e00000004/elements&amp#27;[39m
&amp#27;[38;5;0m[HTTP]&amp#27;[0m &amp#27;[90m{"id":"00000000-0000-004f-0000-001e00000004","using":"xpath","value":"//android.view.View"}&amp#27;[39m
&amp#27;[38;5;32m[AndroidUiautomator2Driver@820d (d12fe72d)]&amp#27;[0m Calling AppiumDriver.findElementsFromElement() with args: ["xpath","//android.view.View","00000000-0000-004f-0000-001e00000004","d12fe72d-7a4f-481e-9083-8cd36615e04a"]
&amp#27;[38;5;32m[AndroidUiautomator2Driver@820d (d12fe72d)]&amp#27;[0m Valid locator strategies for this request: xpath, id, class name, accessibility id, css selector, -android uiautomator
&amp#27;[38;5;32m[AndroidUiautomator2Driver@820d (d12fe72d)]&amp#27;[0m Waiting up to 0 ms for condition
&amp#27;[38;5;32m[AndroidUiautomator2Driver@820d (d12fe72d)]&amp#27;[0m Matched '/elements' to command name 'findElements'
&amp#27;[38;5;32m[AndroidUiautomator2Driver@820d (d12fe72d)]&amp#27;[0m Proxying [POST /elements] to [POST http://127.0.0.1:8200/session/5b82ceeb-9e4c-4729-8c90-d8641a83fc81/elements] with body: {"strategy":"xpath","selector":"//android.view.View","context":"00000000-0000-004f-0000-001e00000004","multiple":true}
&amp#27;[38;5;32m[AndroidUiautomator2Driver@820d (d12fe72d)]&amp#27;[0m Got response with status 200: {"sessionId":"5b82ceeb-9e4c-4729-8c90-d8641a83fc81","value":[{"ELEMENT":"00000000-0000-004f-0000-005700000004","element-6066-11e4-a52e-4f735466cecf":"00000000-0000-004f-0000-005700000004"},{"ELEMENT":"00000000-0000-004f-0000-005900000004","element-6066-11e4-a52e-4f735466cecf":"00000000-0000-004f-0000-005900000004"},{"ELEMENT":"00000000-0000-004f-0000-005b00000004","element-6066-11e4-a52e-4f735466cecf":"00000000-0000-004f-0000-005b00000004"},{"ELEMENT":"00000000-0000-004f-0000-005d00000004","element-6066-11e4-a52e-4f735466cecf":"00000000-0000-004f-0000-005d00000004"},{"ELEMENT":"00000000-0000-004f-0000-005f00000004","element-6066-11e4-a52e-4f735466cecf":"00000000-0000-004f-0000-005f00000004"},{"ELEMENT":"00000000-0000-004f-0000-006100000004","element-6066-11e4-a52e-4f735466cecf":"00000000-0000-004f-0000-006100000004"},{"ELEMENT":"00000000-0000-004f-0000-006300000004","element-6066-11e4-a52e-4f735466cecf":"00000000-0000-004f-0000-006300000004"},{"ELEMENT":"00000000-0000-004f-0000-006500000004","element-6066-...
&amp#27;[38;5;32m[AndroidUiautomator2Driver@820d (d12fe72d)]&amp#27;[0m Responding to client with driver.findElementsFromElement() result: [{"element-6066-11e4-a52e-4f735466cecf":"00000000-0000-004f-0000-005700000004","ELEMENT":"00000000-0000-004f-0000-005700000004"},{"element-6066-11e4-a52e-4f735466cecf":"00000000-0000-004f-0000-005900000004","ELEMENT":"00000000-0000-004f-0000-005900000004"},{"element-6066-11e4-a52e-4f735466cecf":"00000000-0000-004f-0000-005b00000004","ELEMENT":"00000000-0000-004f-0000-005b00000004"},{"element-6066-11e4-a52e-4f735466cecf":"00000000-0000-004f-0000-005d00000004","ELEMENT":"00000000-0000-004f-0000-005d00000004"},{"element-6066-11e4-a52e-4f735466cecf":"00000000-0000-004f-0000-005f00000004","ELEMENT":"00000000-0000-004f-0000-005f00000004"},{"element-6066-11e4-a52e-4f735466cecf":"00000000-0000-004f-0000-006100000004","ELEMENT":"00000000-0000-004f-0000-006100000004"},{"element-6066-11e4-a52e-4f735466cecf":"00000000-0000-004f-0000-006300000004","ELEMENT":"00000000-0000-004f-0000-006300000004"},{"element-6066-11e4-a52e-4f735466cecf":"00000000-0000-004f-0000-006500000004","ELEMENT":"00000000-0000-004f-0000-00650000000...
&amp#27;[38;5;0m[HTTP]&amp#27;[0m &amp#27;[37m<-- POST /session/d12fe72d-7a4f-481e-9083-8cd36615e04a/element/00000000-0000-004f-0000-001e00000004/elements &amp#27;[39m&amp#27;[32m200&amp#27;[39m &amp#27;[90m50 ms - 2059&amp#27;[39m
&amp#27;[38;5;0m[HTTP]&amp#27;[0m &amp#27;[90m&amp#27;[39m
&amp#27;[38;5;0m[HTTP]&amp#27;[0m &amp#27;[37m-->&amp#27;[39m &amp#27;[37mGET&amp#27;[39m &amp#27;[37m/session/d12fe72d-7a4f-481e-9083-8cd36615e04a/element/00000000-0000-004f-0000-005700000004/text&amp#27;[39m
&amp#27;[38;5;0m[HTTP]&amp#27;[0m &amp#27;[90m{}&amp#27;[39m
&amp#27;[38;5;32m[AndroidUiautomator2Driver@820d (d12fe72d)]&amp#27;[0m Driver proxy active, passing request on via HTTP proxy
&amp#27;[38;5;32m[AndroidUiautomator2Driver@820d (d12fe72d)]&amp#27;[0m Matched '/session/d12fe72d-7a4f-481e-9083-8cd36615e04a/element/00000000-0000-004f-0000-005700000004/text' to command name 'getText'
&amp#27;[38;5;32m[AndroidUiautomator2Driver@820d (d12fe72d)]&amp#27;[0m Proxying [GET /session/d12fe72d-7a4f-481e-9083-8cd36615e04a/element/00000000-0000-004f-0000-005700000004/text] to [GET http://127.0.0.1:8200/session/5b82ceeb-9e4c-4729-8c90-d8641a83fc81/element/00000000-0000-004f-0000-005700000004/text] with no body
&amp#27;[38;5;32m[AndroidUiautomator2Driver@820d (d12fe72d)]&amp#27;[0m Got response with status 200: {"sessionId":"5b82ceeb-9e4c-4729-8c90-d8641a83fc81","value":"Fri"}
&amp#27;[38;5;32m[AndroidUiautomator2Driver@820d (d12fe72d)]&amp#27;[0m Replacing sessionId 5b82ceeb-9e4c-4729-8c90-d8641a83fc81 with d12fe72d-7a4f-481e-9083-8cd36615e04a
&amp#27;[38;5;0m[HTTP]&amp#27;[0m &amp#27;[37m<-- GET /session/d12fe72d-7a4f-481e-9083-8cd36615e04a/element/00000000-0000-004f-0000-005700000004/text &amp#27;[39m&amp#27;[32m200&amp#27;[39m &amp#27;[90m9 ms - 66&amp#27;[39m
&amp#27;[38;5;0m[HTTP]&amp#27;[0m &amp#27;[90m&amp#27;[39m
&amp#27;[38;5;0m[HTTP]&amp#27;[0m &amp#27;[37m-->&amp#27;[39m &amp#27;[37mGET&amp#27;[39m &amp#27;[37m/session/d12fe72d-7a4f-481e-9083-8cd36615e04a/element/00000000-0000-004f-0000-005900000004/text&amp#27;[39m
&amp#27;[38;5;0m[HTTP]&amp#27;[0m &amp#27;[90m{}&amp#27;[39m
&amp#27;[38;5;32m[AndroidUiautomator2Driver@820d (d12fe72d)]&amp#27;[0m Driver proxy active, passing request on via HTTP proxy
&amp#27;[38;5;32m[AndroidUiautomator2Driver@820d (d12fe72d)]&amp#27;[0m Matched '/session/d12fe72d-7a4f-481e-9083-8cd36615e04a/element/00000000-0000-004f-0000-005900000004/text' to command name 'getText'
&amp#27;[38;5;32m[AndroidUiautomator2Driver@820d (d12fe72d)]&amp#27;[0m Proxying [GET /session/d12fe72d-7a4f-481e-9083-8cd36615e04a/element/00000000-0000-004f-0000-005900000004/text] to [GET http://127.0.0.1:8200/session/5b82ceeb-9e4c-4729-8c90-d8641a83fc81/element/00000000-0000-004f-0000-005900000004/text] with no body
&amp#27;[38;5;32m[AndroidUiautomator2Driver@820d (d12fe72d)]&amp#27;[0m Got response with status 200: {"sessionId":"5b82ceeb-9e4c-4729-8c90-d8641a83fc81","value":"broken clouds"}
&amp#27;[38;5;32m[AndroidUiautomator2Driver@820d (d12fe72d)]&amp#27;[0m Replacing sessionId 5b82ceeb-9e4c-4729-8c90-d8641a83fc81 with d12fe72d-7a4f-481e-9083-8cd36615e04a
&amp#27;[38;5;0m[HTTP]&amp#27;[0m &amp#27;[37m<-- GET /session/d12fe72d-7a4f-481e-9083-8cd36615e04a/element/00000000-0000-004f-0000-005900000004/text &amp#27;[39m&amp#27;[32m200&amp#27;[39m &amp#27;[90m9 ms - 76&amp#27;[39m
&amp#27;[38;5;0m[HTTP]&amp#27;[0m &amp#27;[90m&amp#27;[39m
&amp#27;[38;5;0m[HTTP]&amp#27;[0m &amp#27;[37m-->&amp#27;[39m &amp#27;[37mGET&amp#27;[39m &amp#27;[37m/session/d12fe72d-7a4f-481e-9083-8cd36615e04a/element/00000000-0000-004f-0000-005b00000004/text&amp#27;[39m
&amp#27;[38;5;0m[HTTP]&amp#27;[0m &amp#27;[90m{}&amp#27;[39m
&amp#27;[38;5;32m[AndroidUiautomator2Driver@820d (d12fe72d)]&amp#27;[0m Driver proxy active, passing request on via HTTP proxy
&amp#27;[38;5;32m[AndroidUiautomator2Driver@820d (d12fe72d)]&amp#27;[0m Matched '/session/d12fe72d-7a4f-481e-9083-8cd36615e04a/element/00000000-0000-004f-0000-005b00000004/text' to command name 'getText'
&amp#27;[38;5;32m[AndroidUiautomator2Driver@820d (d12fe72d)]&amp#27;[0m Proxying [GET /session/d12fe72d-7a4f-481e-9083-8cd36615e04a/element/00000000-0000-004f-0000-005b00000004/text] to [GET http://127.0.0.1:8200/session/5b82ceeb-9e4c-4729-8c90-d8641a83fc81/element/00000000-0000-004f-0000-005b00000004/text] with no body
&amp#27;[38;5;32m[AndroidUiautomator2Driver@820d (d12fe72d)]&amp#27;[0m Got response with status 200: {"sessionId":"5b82ceeb-9e4c-4729-8c90-d8641a83fc81","value":"49 %"}
&amp#27;[38;5;32m[AndroidUiautomator2Driver@820d (d12fe72d)]&amp#27;[0m Replacing sessionId 5b82ceeb-9e4c-4729-8c90-d8641a83fc81 with d12fe72d-7a4f-481e-9083-8cd36615e04a
&amp#27;[38;5;0m[HTTP]&amp#27;[0m &amp#27;[37m<-- GET /session/d12fe72d-7a4f-481e-9083-8cd36615e04a/element/00000000-0000-004f-0000-005b00000004/text &amp#27;[39m&amp#27;[32m200&amp#27;[39m &amp#27;[90m8 ms - 67&amp#27;[39m
&amp#27;[38;5;0m[HTTP]&amp#27;[0m &amp#27;[90m&amp#27;[39m
&amp#27;[38;5;0m[HTTP]&amp#27;[0m &amp#27;[37m-->&amp#27;[39m &amp#27;[37mGET&amp#27;[39m &amp#27;[37m/session/d12fe72d-7a4f-481e-9083-8cd36615e04a/element/00000000-0000-004f-0000-005d00000004/text&amp#27;[39m
&amp#27;[38;5;0m[HTTP]&amp#27;[0m &amp#27;[90m{}&amp#27;[39m
&amp#27;[38;5;32m[AndroidUiautomator2Driver@820d (d12fe72d)]&amp#27;[0m Driver proxy active, passing request on via HTTP proxy
&amp#27;[38;5;32m[AndroidUiautomator2Driver@820d (d12fe72d)]&amp#27;[0m Matched '/session/d12fe72d-7a4f-481e-9083-8cd36615e04a/element/00000000-0000-004f-0000-005d00000004/text' to command name 'getText'
&amp#27;[38;5;32m[AndroidUiautomator2Driver@820d (d12fe72d)]&amp#27;[0m Proxying [GET /session/d12fe72d-7a4f-481e-9083-8cd36615e04a/element/00000000-0000-004f-0000-005d00000004/text] to [GET http://127.0.0.1:8200/session/5b82ceeb-9e4c-4729-8c90-d8641a83fc81/element/00000000-0000-004f-0000-005d00000004/text] with no body
&amp#27;[38;5;32m[AndroidUiautomator2Driver@820d (d12fe72d)]&amp#27;[0m Got response with status 200: {"sessionId":"5b82ceeb-9e4c-4729-8c90-d8641a83fc81","value":"17 Â°C"}
&amp#27;[38;5;32m[AndroidUiautomator2Driver@820d (d12fe72d)]&amp#27;[0m Replacing sessionId 5b82ceeb-9e4c-4729-8c90-d8641a83fc81 with d12fe72d-7a4f-481e-9083-8cd36615e04a
&amp#27;[38;5;0m[HTTP]&amp#27;[0m &amp#27;[37m<-- GET /session/d12fe72d-7a4f-481e-9083-8cd36615e04a/element/00000000-0000-004f-0000-005d00000004/text &amp#27;[39m&amp#27;[32m200&amp#27;[39m &amp#27;[90m9 ms - 69&amp#27;[39m
&amp#27;[38;5;0m[HTTP]&amp#27;[0m &amp#27;[90m&amp#27;[39m
&amp#27;[38;5;0m[HTTP]&amp#27;[0m &amp#27;[37m-->&amp#27;[39m &amp#27;[37mGET&amp#27;[39m &amp#27;[37m/session/d12fe72d-7a4f-481e-9083-8cd36615e04a/element/00000000-0000-004f-0000-005f00000004/text&amp#27;[39m
&amp#27;[38;5;0m[HTTP]&amp#27;[0m &amp#27;[90m{}&amp#27;[39m
&amp#27;[38;5;32m[AndroidUiautomator2Driver@820d (d12fe72d)]&amp#27;[0m Driver proxy active, passing request on via HTTP proxy
&amp#27;[38;5;32m[AndroidUiautomator2Driver@820d (d12fe72d)]&amp#27;[0m Matched '/session/d12fe72d-7a4f-481e-9083-8cd36615e04a/element/00000000-0000-004f-0000-005f00000004/text' to command name 'getText'
&amp#27;[38;5;32m[AndroidUiautomator2Driver@820d (d12fe72d)]&amp#27;[0m Proxying [GET /session/d12fe72d-7a4f-481e-9083-8cd36615e04a/element/00000000-0000-004f-0000-005f00000004/text] to [GET http://127.0.0.1:8200/session/5b82ceeb-9e4c-4729-8c90-d8641a83fc81/element/00000000-0000-004f-0000-005f00000004/text] with no body
&amp#27;[38;5;32m[AndroidUiautomator2Driver@820d (d12fe72d)]&amp#27;[0m Got response with status 200: {"sessionId":"5b82ceeb-9e4c-4729-8c90-d8641a83fc81","value":"Sat"}
&amp#27;[38;5;32m[AndroidUiautomator2Driver@820d (d12fe72d)]&amp#27;[0m Replacing sessionId 5b82ceeb-9e4c-4729-8c90-d8641a83fc81 with d12fe72d-7a4f-481e-9083-8cd36615e04a
&amp#27;[38;5;0m[HTTP]&amp#27;[0m &amp#27;[37m<-- GET /session/d12fe72d-7a4f-481e-9083-8cd36615e04a/element/00000000-0000-004f-0000-005f00000004/text &amp#27;[39m&amp#27;[32m200&amp#27;[39m &amp#27;[90m9 ms - 66&amp#27;[39m
&amp#27;[38;5;0m[HTTP]&amp#27;[0m &amp#27;[90m&amp#27;[39m
&amp#27;[38;5;0m[HTTP]&amp#27;[0m &amp#27;[37m-->&amp#27;[39m &amp#27;[37mGET&amp#27;[39m &amp#27;[37m/session/d12fe72d-7a4f-481e-9083-8cd36615e04a/element/00000000-0000-004f-0000-006100000004/text&amp#27;[39m
&amp#27;[38;5;0m[HTTP]&amp#27;[0m &amp#27;[90m{}&amp#27;[39m
&amp#27;[38;5;32m[AndroidUiautomator2Driver@820d (d12fe72d)]&amp#27;[0m Driver proxy active, passing request on via HTTP proxy
&amp#27;[38;5;32m[AndroidUiautomator2Driver@820d (d12fe72d)]&amp#27;[0m Matched '/session/d12fe72d-7a4f-481e-9083-8cd36615e04a/element/00000000-0000-004f-0000-006100000004/text' to command name 'getText'
&amp#27;[38;5;32m[AndroidUiautomator2Driver@820d (d12fe72d)]&amp#27;[0m Proxying [GET /session/d12fe72d-7a4f-481e-9083-8cd36615e04a/element/00000000-0000-004f-0000-006100000004/text] to [GET http://127.0.0.1:8200/session/5b82ceeb-9e4c-4729-8c90-d8641a83fc81/element/00000000-0000-004f-0000-006100000004/text] with no body
&amp#27;[38;5;32m[AndroidUiautomator2Driver@820d (d12fe72d)]&amp#27;[0m Got response with status 200: {"sessionId":"5b82ceeb-9e4c-4729-8c90-d8641a83fc81","value":"moderate rain"}
&amp#27;[38;5;32m[AndroidUiautomator2Driver@820d (d12fe72d)]&amp#27;[0m Replacing sessionId 5b82ceeb-9e4c-4729-8c90-d8641a83fc81 with d12fe72d-7a4f-481e-9083-8cd36615e04a
&amp#27;[38;5;0m[HTTP]&amp#27;[0m &amp#27;[37m<-- GET /session/d12fe72d-7a4f-481e-9083-8cd36615e04a/element/00000000-0000-004f-0000-006100000004/text &amp#27;[39m&amp#27;[32m200&amp#27;[39m &amp#27;[90m9 ms - 76&amp#27;[39m
&amp#27;[38;5;0m[HTTP]&amp#27;[0m &amp#27;[90m&amp#27;[39m
&amp#27;[38;5;0m[HTTP]&amp#27;[0m &amp#27;[37m-->&amp#27;[39m &amp#27;[37mGET&amp#27;[39m &amp#27;[37m/session/d12fe72d-7a4f-481e-9083-8cd36615e04a/element/00000000-0000-004f-0000-006300000004/text&amp#27;[39m
&amp#27;[38;5;0m[HTTP]&amp#27;[0m &amp#27;[90m{}&amp#27;[39m
&amp#27;[38;5;32m[AndroidUiautomator2Driver@820d (d12fe72d)]&amp#27;[0m Driver proxy active, passing request on via HTTP proxy
&amp#27;[38;5;32m[AndroidUiautomator2Driver@820d (d12fe72d)]&amp#27;[0m Matched '/session/d12fe72d-7a4f-481e-9083-8cd36615e04a/element/00000000-0000-004f-0000-006300000004/text' to command name 'getText'
&amp#27;[38;5;32m[AndroidUiautomator2Driver@820d (d12fe72d)]&amp#27;[0m Proxying [GET /session/d12fe72d-7a4f-481e-9083-8cd36615e04a/element/00000000-0000-004f-0000-006300000004/text] to [GET http://127.0.0.1:8200/session/5b82ceeb-9e4c-4729-8c90-d8641a83fc81/element/00000000-0000-004f-0000-006300000004/text] with no body
&amp#27;[38;5;32m[AndroidUiautomator2Driver@820d (d12fe72d)]&amp#27;[0m Got response with status 200: {"sessionId":"5b82ceeb-9e4c-4729-8c90-d8641a83fc81","value":"57 %"}
&amp#27;[38;5;32m[AndroidUiautomator2Driver@820d (d12fe72d)]&amp#27;[0m Replacing sessionId 5b82ceeb-9e4c-4729-8c90-d8641a83fc81 with d12fe72d-7a4f-481e-9083-8cd36615e04a
&amp#27;[38;5;0m[HTTP]&amp#27;[0m &amp#27;[37m<-- GET /session/d12fe72d-7a4f-481e-9083-8cd36615e04a/element/00000000-0000-004f-0000-006300000004/text &amp#27;[39m&amp#27;[32m200&amp#27;[39m &amp#27;[90m9 ms - 67&amp#27;[39m
&amp#27;[38;5;0m[HTTP]&amp#27;[0m &amp#27;[90m&amp#27;[39m
&amp#27;[38;5;0m[HTTP]&amp#27;[0m &amp#27;[37m-->&amp#27;[39m &amp#27;[37mGET&amp#27;[39m &amp#27;[37m/session/d12fe72d-7a4f-481e-9083-8cd36615e04a/element/00000000-0000-004f-0000-006500000004/text&amp#27;[39m
&amp#27;[38;5;0m[HTTP]&amp#27;[0m &amp#27;[90m{}&amp#27;[39m
&amp#27;[38;5;32m[AndroidUiautomator2Driver@820d (d12fe72d)]&amp#27;[0m Driver proxy active, passing request on via HTTP proxy
&amp#27;[38;5;32m[AndroidUiautomator2Driver@820d (d12fe72d)]&amp#27;[0m Matched '/session/d12fe72d-7a4f-481e-9083-8cd36615e04a/element/00000000-0000-004f-0000-006500000004/text' to command name 'getText'
&amp#27;[38;5;32m[AndroidUiautomator2Driver@820d (d12fe72d)]&amp#27;[0m Proxying [GET /session/d12fe72d-7a4f-481e-9083-8cd36615e04a/element/00000000-0000-004f-0000-006500000004/text] to [GET http://127.0.0.1:8200/session/5b82ceeb-9e4c-4729-8c90-d8641a83fc81/element/00000000-0000-004f-0000-006500000004/text] with no body
&amp#27;[38;5;32m[AndroidUiautomator2Driver@820d (d12fe72d)]&amp#27;[0m Got response with status 200: {"sessionId":"5b82ceeb-9e4c-4729-8c90-d8641a83fc81","value":"17 Â°C"}
&amp#27;[38;5;32m[AndroidUiautomator2Driver@820d (d12fe72d)]&amp#27;[0m Replacing sessionId 5b82ceeb-9e4c-4729-8c90-d8641a83fc81 with d12fe72d-7a4f-481e-9083-8cd36615e04a
&amp#27;[38;5;0m[HTTP]&amp#27;[0m &amp#27;[37m<-- GET /session/d12fe72d-7a4f-481e-9083-8cd36615e04a/element/00000000-0000-004f-0000-006500000004/text &amp#27;[39m&amp#27;[32m200&amp#27;[39m &amp#27;[90m11 ms - 69&amp#27;[39m
&amp#27;[38;5;0m[HTTP]&amp#27;[0m &amp#27;[90m&amp#27;[39m
&amp#27;[38;5;0m[HTTP]&amp#27;[0m &amp#27;[37m-->&amp#27;[39m &amp#27;[37mGET&amp#27;[39m &amp#27;[37m/session/d12fe72d-7a4f-481e-9083-8cd36615e04a/element/00000000-0000-004f-0000-006700000004/text&amp#27;[39m
&amp#27;[38;5;0m[HTTP]&amp#27;[0m &amp#27;[90m{}&amp#27;[39m
&amp#27;[38;5;32m[AndroidUiautomator2Driver@820d (d12fe72d)]&amp#27;[0m Driver proxy active, passing request on via HTTP proxy
&amp#27;[38;5;32m[AndroidUiautomator2Driver@820d (d12fe72d)]&amp#27;[0m Matched '/session/d12fe72d-7a4f-481e-9083-8cd36615e04a/element/00000000-0000-004f-0000-006700000004/text' to command name 'getText'
&amp#27;[38;5;32m[AndroidUiautomator2Driver@820d (d12fe72d)]&amp#27;[0m Proxying [GET /session/d12fe72d-7a4f-481e-9083-8cd36615e04a/element/00000000-0000-004f-0000-006700000004/text] to [GET http://127.0.0.1:8200/session/5b82ceeb-9e4c-4729-8c90-d8641a83fc81/element/00000000-0000-004f-0000-006700000004/text] with no body
&amp#27;[38;5;32m[AndroidUiautomator2Driver@820d (d12fe72d)]&amp#27;[0m Got response with status 200: {"sessionId":"5b82ceeb-9e4c-4729-8c90-d8641a83fc81","value":"Sun"}
&amp#27;[38;5;32m[AndroidUiautomator2Driver@820d (d12fe72d)]&amp#27;[0m Replacing sessionId 5b82ceeb-9e4c-4729-8c90-d8641a83fc81 with d12fe72d-7a4f-481e-9083-8cd36615e04a
&amp#27;[38;5;0m[HTTP]&amp#27;[0m &amp#27;[37m<-- GET /session/d12fe72d-7a4f-481e-9083-8cd36615e04a/element/00000000-0000-004f-0000-006700000004/text &amp#27;[39m&amp#27;[32m200&amp#27;[39m &amp#27;[90m10 ms - 66&amp#27;[39m
&amp#27;[38;5;0m[HTTP]&amp#27;[0m &amp#27;[90m&amp#27;[39m
&amp#27;[38;5;0m[HTTP]&amp#27;[0m &amp#27;[37m-->&amp#27;[39m &amp#27;[37mGET&amp#27;[39m &amp#27;[37m/session/d12fe72d-7a4f-481e-9083-8cd36615e04a/element/00000000-0000-004f-0000-006900000004/text&amp#27;[39m
&amp#27;[38;5;0m[HTTP]&amp#27;[0m &amp#27;[90m{}&amp#27;[39m
&amp#27;[38;5;32m[AndroidUiautomator2Driver@820d (d12fe72d)]&amp#27;[0m Driver proxy active, passing request on via HTTP proxy
&amp#27;[38;5;32m[AndroidUiautomator2Driver@820d (d12fe72d)]&amp#27;[0m Matched '/session/d12fe72d-7a4f-481e-9083-8cd36615e04a/element/00000000-0000-004f-0000-006900000004/text' to command name 'getText'
&amp#27;[38;5;32m[AndroidUiautomator2Driver@820d (d12fe72d)]&amp#27;[0m Proxying [GET /session/d12fe72d-7a4f-481e-9083-8cd36615e04a/element/00000000-0000-004f-0000-006900000004/text] to [GET http://127.0.0.1:8200/session/5b82ceeb-9e4c-4729-8c90-d8641a83fc81/element/00000000-0000-004f-0000-006900000004/text] with no body
&amp#27;[38;5;32m[AndroidUiautomator2Driver@820d (d12fe72d)]&amp#27;[0m Got response with status 200: {"sessionId":"5b82ceeb-9e4c-4729-8c90-d8641a83fc81","value":"moderate rain"}
&amp#27;[38;5;32m[AndroidUiautomator2Driver@820d (d12fe72d)]&amp#27;[0m Replacing sessionId 5b82ceeb-9e4c-4729-8c90-d8641a83fc81 with d12fe72d-7a4f-481e-9083-8cd36615e04a
&amp#27;[38;5;0m[HTTP]&amp#27;[0m &amp#27;[37m<-- GET /session/d12fe72d-7a4f-481e-9083-8cd36615e04a/element/00000000-0000-004f-0000-006900000004/text &amp#27;[39m&amp#27;[32m200&amp#27;[39m &amp#27;[90m10 ms - 76&amp#27;[39m
&amp#27;[38;5;0m[HTTP]&amp#27;[0m &amp#27;[90m&amp#27;[39m
&amp#27;[38;5;0m[HTTP]&amp#27;[0m &amp#27;[37m-->&amp#27;[39m &amp#27;[37mGET&amp#27;[39m &amp#27;[37m/session/d12fe72d-7a4f-481e-9083-8cd36615e04a/element/00000000-0000-004f-0000-006b00000004/text&amp#27;[39m
&amp#27;[38;5;0m[HTTP]&amp#27;[0m &amp#27;[90m{}&amp#27;[39m
&amp#27;[38;5;32m[AndroidUiautomator2Driver@820d (d12fe72d)]&amp#27;[0m Driver proxy active, passing request on via HTTP proxy
&amp#27;[38;5;32m[AndroidUiautomator2Driver@820d (d12fe72d)]&amp#27;[0m Matched '/session/d12fe72d-7a4f-481e-9083-8cd36615e04a/element/00000000-0000-004f-0000-006b00000004/text' to command name 'getText'
&amp#27;[38;5;32m[AndroidUiautomator2Driver@820d (d12fe72d)]&amp#27;[0m Proxying [GET /session/d12fe72d-7a4f-481e-9083-8cd36615e04a/element/00000000-0000-004f-0000-006b00000004/text] to [GET http://127.0.0.1:8200/session/5b82ceeb-9e4c-4729-8c90-d8641a83fc81/element/00000000-0000-004f-0000-006b00000004/text] with no body
&amp#27;[38;5;32m[AndroidUiautomator2Driver@820d (d12fe72d)]&amp#27;[0m Got response with status 200: {"sessionId":"5b82ceeb-9e4c-4729-8c90-d8641a83fc81","value":"77 %"}
&amp#27;[38;5;32m[AndroidUiautomator2Driver@820d (d12fe72d)]&amp#27;[0m Replacing sessionId 5b82ceeb-9e4c-4729-8c90-d8641a83fc81 with d12fe72d-7a4f-481e-9083-8cd36615e04a
&amp#27;[38;5;0m[HTTP]&amp#27;[0m &amp#27;[37m<-- GET /session/d12fe72d-7a4f-481e-9083-8cd36615e04a/element/00000000-0000-004f-0000-006b00000004/text &amp#27;[39m&amp#27;[32m200&amp#27;[39m &amp#27;[90m9 ms - 67&amp#27;[39m
&amp#27;[38;5;0m[HTTP]&amp#27;[0m &amp#27;[90m&amp#27;[39m
&amp#27;[38;5;0m[HTTP]&amp#27;[0m &amp#27;[37m-->&amp#27;[39m &amp#27;[37mGET&amp#27;[39m &amp#27;[37m/session/d12fe72d-7a4f-481e-9083-8cd36615e04a/element/00000000-0000-004f-0000-006d00000004/text&amp#27;[39m
&amp#27;[38;5;0m[HTTP]&amp#27;[0m &amp#27;[90m{}&amp#27;[39m
&amp#27;[38;5;32m[AndroidUiautomator2Driver@820d (d12fe72d)]&amp#27;[0m Driver proxy active, passing request on via HTTP proxy
&amp#27;[38;5;32m[AndroidUiautomator2Driver@820d (d12fe72d)]&amp#27;[0m Matched '/session/d12fe72d-7a4f-481e-9083-8cd36615e04a/element/00000000-0000-004f-0000-006d00000004/text' to command name 'getText'
&amp#27;[38;5;32m[AndroidUiautomator2Driver@820d (d12fe72d)]&amp#27;[0m Proxying [GET /session/d12fe72d-7a4f-481e-9083-8cd36615e04a/element/00000000-0000-004f-0000-006d00000004/text] to [GET http://127.0.0.1:8200/session/5b82ceeb-9e4c-4729-8c90-d8641a83fc81/element/00000000-0000-004f-0000-006d00000004/text] with no body
&amp#27;[38;5;32m[AndroidUiautomator2Driver@820d (d12fe72d)]&amp#27;[0m Got response with status 200: {"sessionId":"5b82ceeb-9e4c-4729-8c90-d8641a83fc81","value":"16 Â°C"}
&amp#27;[38;5;32m[AndroidUiautomator2Driver@820d (d12fe72d)]&amp#27;[0m Replacing sessionId 5b82ceeb-9e4c-4729-8c90-d8641a83fc81 with d12fe72d-7a4f-481e-9083-8cd36615e04a
&amp#27;[38;5;0m[HTTP]&amp#27;[0m &amp#27;[37m<-- GET /session/d12fe72d-7a4f-481e-9083-8cd36615e04a/element/00000000-0000-004f-0000-006d00000004/text &amp#27;[39m&amp#27;[32m200&amp#27;[39m &amp#27;[90m10 ms - 69&amp#27;[39m
&amp#27;[38;5;0m[HTTP]&amp#27;[0m &amp#27;[90m&amp#27;[39m
&amp#27;[38;5;0m[HTTP]&amp#27;[0m &amp#27;[37m-->&amp#27;[39m &amp#27;[37mGET&amp#27;[39m &amp#27;[37m/session/d12fe72d-7a4f-481e-9083-8cd36615e04a/element/00000000-0000-004f-0000-006f00000004/text&amp#27;[39m
&amp#27;[38;5;0m[HTTP]&amp#27;[0m &amp#27;[90m{}&amp#27;[39m
&amp#27;[38;5;32m[AndroidUiautomator2Driver@820d (d12fe72d)]&amp#27;[0m Driver proxy active, passing request on via HTTP proxy
&amp#27;[38;5;32m[AndroidUiautomator2Driver@820d (d12fe72d)]&amp#27;[0m Matched '/session/d12fe72d-7a4f-481e-9083-8cd36615e04a/element/00000000-0000-004f-0000-006f00000004/text' to command name 'getText'
&amp#27;[38;5;32m[AndroidUiautomator2Driver@820d (d12fe72d)]&amp#27;[0m Proxying [GET /session/d12fe72d-7a4f-481e-9083-8cd36615e04a/element/00000000-0000-004f-0000-006f00000004/text] to [GET http://127.0.0.1:8200/session/5b82ceeb-9e4c-4729-8c90-d8641a83fc81/element/00000000-0000-004f-0000-006f00000004/text] with no body
&amp#27;[38;5;32m[AndroidUiautomator2Driver@820d (d12fe72d)]&amp#27;[0m Got response with status 200: {"sessionId":"5b82ceeb-9e4c-4729-8c90-d8641a83fc81","value":"Mon"}
&amp#27;[38;5;32m[AndroidUiautomator2Driver@820d (d12fe72d)]&amp#27;[0m Replacing sessionId 5b82ceeb-9e4c-4729-8c90-d8641a83fc81 with d12fe72d-7a4f-481e-9083-8cd36615e04a
&amp#27;[38;5;0m[HTTP]&amp#27;[0m &amp#27;[37m<-- GET /session/d12fe72d-7a4f-481e-9083-8cd36615e04a/element/00000000-0000-004f-0000-006f00000004/text &amp#27;[39m&amp#27;[32m200&amp#27;[39m &amp#27;[90m10 ms - 66&amp#27;[39m
&amp#27;[38;5;0m[HTTP]&amp#27;[0m &amp#27;[90m&amp#27;[39m
&amp#27;[38;5;0m[HTTP]&amp#27;[0m &amp#27;[37m-->&amp#27;[39m &amp#27;[37mGET&amp#27;[39m &amp#27;[37m/session/d12fe72d-7a4f-481e-9083-8cd36615e04a/element/00000000-0000-004f-0000-007100000004/text&amp#27;[39m
&amp#27;[38;5;0m[HTTP]&amp#27;[0m &amp#27;[90m{}&amp#27;[39m
&amp#27;[38;5;32m[AndroidUiautomator2Driver@820d (d12fe72d)]&amp#27;[0m Driver proxy active, passing request on via HTTP proxy
&amp#27;[38;5;32m[AndroidUiautomator2Driver@820d (d12fe72d)]&amp#27;[0m Matched '/session/d12fe72d-7a4f-481e-9083-8cd36615e04a/element/00000000-0000-004f-0000-007100000004/text' to command name 'getText'
&amp#27;[38;5;32m[AndroidUiautomator2Driver@820d (d12fe72d)]&amp#27;[0m Proxying [GET /session/d12fe72d-7a4f-481e-9083-8cd36615e04a/element/00000000-0000-004f-0000-007100000004/text] to [GET http://127.0.0.1:8200/session/5b82ceeb-9e4c-4729-8c90-d8641a83fc81/element/00000000-0000-004f-0000-007100000004/text] with no body
&amp#27;[38;5;32m[AndroidUiautomator2Driver@820d (d12fe72d)]&amp#27;[0m Got response with status 200: {"sessionId":"5b82ceeb-9e4c-4729-8c90-d8641a83fc81","value":"heavy intensity rain"}
&amp#27;[38;5;32m[AndroidUiautomator2Driver@820d (d12fe72d)]&amp#27;[0m Replacing sessionId 5b82ceeb-9e4c-4729-8c90-d8641a83fc81 with d12fe72d-7a4f-481e-9083-8cd36615e04a
&amp#27;[38;5;0m[HTTP]&amp#27;[0m &amp#27;[37m<-- GET /session/d12fe72d-7a4f-481e-9083-8cd36615e04a/element/00000000-0000-004f-0000-007100000004/text &amp#27;[39m&amp#27;[32m200&amp#27;[39m &amp#27;[90m10 ms - 83&amp#27;[39m
&amp#27;[38;5;0m[HTTP]&amp#27;[0m &amp#27;[90m&amp#27;[39m
&amp#27;[38;5;0m[HTTP]&amp#27;[0m &amp#27;[37m-->&amp#27;[39m &amp#27;[37mGET&amp#27;[39m &amp#27;[37m/session/d12fe72d-7a4f-481e-9083-8cd36615e04a/element/00000000-0000-004f-0000-007300000004/text&amp#27;[39m
&amp#27;[38;5;0m[HTTP]&amp#27;[0m &amp#27;[90m{}&amp#27;[39m
&amp#27;[38;5;32m[AndroidUiautomator2Driver@820d (d12fe72d)]&amp#27;[0m Driver proxy active, passing request on via HTTP proxy
&amp#27;[38;5;32m[AndroidUiautomator2Driver@820d (d12fe72d)]&amp#27;[0m Matched '/session/d12fe72d-7a4f-481e-9083-8cd36615e04a/element/00000000-0000-004f-0000-007300000004/text' to command name 'getText'
&amp#27;[38;5;32m[AndroidUiautomator2Driver@820d (d12fe72d)]&amp#27;[0m Proxying [GET /session/d12fe72d-7a4f-481e-9083-8cd36615e04a/element/00000000-0000-004f-0000-007300000004/text] to [GET http://127.0.0.1:8200/session/5b82ceeb-9e4c-4729-8c90-d8641a83fc81/element/00000000-0000-004f-0000-007300000004/text] with no body
&amp#27;[38;5;32m[AndroidUiautomator2Driver@820d (d12fe72d)]&amp#27;[0m Got response with status 200: {"sessionId":"5b82ceeb-9e4c-4729-8c90-d8641a83fc81","value":"88 %"}
&amp#27;[38;5;32m[AndroidUiautomator2Driver@820d (d12fe72d)]&amp#27;[0m Replacing sessionId 5b82ceeb-9e4c-4729-8c90-d8641a83fc81 with d12fe72d-7a4f-481e-9083-8cd36615e04a
&amp#27;[38;5;0m[HTTP]&amp#27;[0m &amp#27;[37m<-- GET /session/d12fe72d-7a4f-481e-9083-8cd36615e04a/element/00000000-0000-004f-0000-007300000004/text &amp#27;[39m&amp#27;[32m200&amp#27;[39m &amp#27;[90m10 ms - 67&amp#27;[39m
&amp#27;[38;5;0m[HTTP]&amp#27;[0m &amp#27;[90m&amp#27;[39m
&amp#27;[38;5;0m[HTTP]&amp#27;[0m &amp#27;[37m-->&amp#27;[39m &amp#27;[37mGET&amp#27;[39m &amp#27;[37m/session/d12fe72d-7a4f-481e-9083-8cd36615e04a/element/00000000-0000-004f-0000-007500000004/text&amp#27;[39m
&amp#27;[38;5;0m[HTTP]&amp#27;[0m &amp#27;[90m{}&amp#27;[39m
&amp#27;[38;5;32m[AndroidUiautomator2Driver@820d (d12fe72d)]&amp#27;[0m Driver proxy active, passing request on via HTTP proxy
&amp#27;[38;5;32m[AndroidUiautomator2Driver@820d (d12fe72d)]&amp#27;[0m Matched '/session/d12fe72d-7a4f-481e-9083-8cd36615e04a/element/00000000-0000-004f-0000-007500000004/text' to command name 'getText'
&amp#27;[38;5;32m[AndroidUiautomator2Driver@820d (d12fe72d)]&amp#27;[0m Proxying [GET /session/d12fe72d-7a4f-481e-9083-8cd36615e04a/element/00000000-0000-004f-0000-007500000004/text] to [GET http://127.0.0.1:8200/session/5b82ceeb-9e4c-4729-8c90-d8641a83fc81/element/00000000-0000-004f-0000-007500000004/text] with no body
&amp#27;[38;5;32m[AndroidUiautomator2Driver@820d (d12fe72d)]&amp#27;[0m Got response with status 200: {"sessionId":"5b82ceeb-9e4c-4729-8c90-d8641a83fc81","value":"15 Â°C"}
&amp#27;[38;5;32m[AndroidUiautomator2Driver@820d (d12fe72d)]&amp#27;[0m Replacing sessionId 5b82ceeb-9e4c-4729-8c90-d8641a83fc81 with d12fe72d-7a4f-481e-9083-8cd36615e04a
&amp#27;[38;5;0m[HTTP]&amp#27;[0m &amp#27;[37m<-- GET /session/d12fe72d-7a4f-481e-9083-8cd36615e04a/element/00000000-0000-004f-0000-007500000004/text &amp#27;[39m&amp#27;[32m200&amp#27;[39m &amp#27;[90m10 ms - 69&amp#27;[39m
&amp#27;[38;5;0m[HTTP]&amp#27;[0m &amp#27;[90m&amp#27;[39m
&amp#27;[38;5;0m[HTTP]&amp#27;[0m &amp#27;[37m-->&amp#27;[39m &amp#27;[37mPOST&amp#27;[39m &amp#27;[37m/session/d12fe72d-7a4f-481e-9083-8cd36615e04a/execute/sync&amp#27;[39m
&amp#27;[38;5;0m[HTTP]&amp#27;[0m &amp#27;[90m{"script":"mobile: swipeGesture","args":[{"elementId":"00000000-0000-004f-0000-001e00000004","percent":0.4,"speed":320,"direction":"left"}]}&amp#27;[39m
&amp#27;[38;5;32m[AndroidUiautomator2Driver@820d (d12fe72d)]&amp#27;[0m Calling AppiumDriver.execute() with args: ["mobile: swipeGesture",[{"elementId":"00000000-0000-004f-0000-001e00000004","percent":0.4,"speed":320,"direction":"left"}],"d12fe72d-7a4f-481e-9083-8cd36615e04a"]
&amp#27;[38;5;32m[AndroidUiautomator2Driver@820d (d12fe72d)]&amp#27;[0m Executing method 'mobile: swipeGesture'
&amp#27;[38;5;32m[AndroidUiautomator2Driver@820d (d12fe72d)]&amp#27;[0m Proxying [POST /appium/gestures/swipe] to [POST http://127.0.0.1:8200/session/5b82ceeb-9e4c-4729-8c90-d8641a83fc81/appium/gestures/swipe] with body: {"origin":{"ELEMENT":"00000000-0000-004f-0000-001e00000004","element-6066-11e4-a52e-4f735466cecf":"00000000-0000-004f-0000-001e00000004"},"direction":"left","percent":0.4,"speed":320}
&amp#27;[38;5;32m[AndroidUiautomator2Driver@820d (d12fe72d)]&amp#27;[0m Got response with status 200: {"sessionId":"5b82ceeb-9e4c-4729-8c90-d8641a83fc81","value":null}
&amp#27;[38;5;32m[AndroidUiautomator2Driver@820d (d12fe72d)]&amp#27;[0m Responding to client with driver.execute() result: null
&amp#27;[38;5;0m[HTTP]&amp#27;[0m &amp#27;[37m<-- POST /session/d12fe72d-7a4f-481e-9083-8cd36615e04a/execute/sync &amp#27;[39m&amp#27;[32m200&amp#27;[39m &amp#27;[90m1570 ms - 14&amp#27;[39m
&amp#27;[38;5;0m[HTTP]&amp#27;[0m &amp#27;[90m&amp#27;[39m
&amp#27;[38;5;0m[HTTP]&amp#27;[0m &amp#27;[37m-->&amp#27;[39m &amp#27;[37mPOST&amp#27;[39m &amp#27;[37m/session/d12fe72d-7a4f-481e-9083-8cd36615e04a/elements&amp#27;[39m
&amp#27;[38;5;0m[HTTP]&amp#27;[0m &amp#27;[90m{"using":"xpath","value":"//android.widget.HorizontalScrollView"}&amp#27;[39m
&amp#27;[38;5;32m[AndroidUiautomator2Driver@820d (d12fe72d)]&amp#27;[0m Calling AppiumDriver.findElements() with args: ["xpath","//android.widget.HorizontalScrollView","d12fe72d-7a4f-481e-9083-8cd36615e04a"]
&amp#27;[38;5;32m[AndroidUiautomator2Driver@820d (d12fe72d)]&amp#27;[0m Valid locator strategies for this request: xpath, id, class name, accessibility id, css selector, -android uiautomator
&amp#27;[38;5;32m[AndroidUiautomator2Driver@820d (d12fe72d)]&amp#27;[0m Waiting up to 0 ms for condition
&amp#27;[38;5;32m[AndroidUiautomator2Driver@820d (d12fe72d)]&amp#27;[0m Matched '/elements' to command name 'findElements'
&amp#27;[38;5;32m[AndroidUiautomator2Driver@820d (d12fe72d)]&amp#27;[0m Proxying [POST /elements] to [POST http://127.0.0.1:8200/session/5b82ceeb-9e4c-4729-8c90-d8641a83fc81/elements] with body: {"strategy":"xpath","selector":"//android.widget.HorizontalScrollView","context":"","multiple":true}
&amp#27;[38;5;32m[AndroidUiautomator2Driver@820d (d12fe72d)]&amp#27;[0m Got response with status 200: {"sessionId":"5b82ceeb-9e4c-4729-8c90-d8641a83fc81","value":[{"ELEMENT":"00000000-0000-004f-0000-001d00000004","element-6066-11e4-a52e-4f735466cecf":"00000000-0000-004f-0000-001d00000004"},{"ELEMENT":"00000000-0000-004f-0000-001e00000004","element-6066-11e4-a52e-4f735466cecf":"00000000-0000-004f-0000-001e00000004"}]}
&amp#27;[38;5;32m[AndroidUiautomator2Driver@820d (d12fe72d)]&amp#27;[0m Responding to client with driver.findElements() result: [{"element-6066-11e4-a52e-4f735466cecf":"00000000-0000-004f-0000-001d00000004","ELEMENT":"00000000-0000-004f-0000-001d00000004"},{"element-6066-11e4-a52e-4f735466cecf":"00000000-0000-004f-0000-001e00000004","ELEMENT":"00000000-0000-004f-0000-001e00000004"}]
&amp#27;[38;5;0m[HTTP]&amp#27;[0m &amp#27;[37m<-- POST /session/d12fe72d-7a4f-481e-9083-8cd36615e04a/elements &amp#27;[39m&amp#27;[32m200&amp#27;[39m &amp#27;[90m122 ms - 267&amp#27;[39m
&amp#27;[38;5;0m[HTTP]&amp#27;[0m &amp#27;[90m&amp#27;[39m
&amp#27;[38;5;0m[HTTP]&amp#27;[0m &amp#27;[37m-->&amp#27;[39m &amp#27;[37mPOST&amp#27;[39m &amp#27;[37m/session/d12fe72d-7a4f-481e-9083-8cd36615e04a/element/00000000-0000-004f-0000-001e00000004/elements&amp#27;[39m
&amp#27;[38;5;0m[HTTP]&amp#27;[0m &amp#27;[90m{"id":"00000000-0000-004f-0000-001e00000004","using":"xpath","value":"//android.view.View"}&amp#27;[39m
&amp#27;[38;5;32m[AndroidUiautomator2Driver@820d (d12fe72d)]&amp#27;[0m Calling AppiumDriver.findElementsFromElement() with args: ["xpath","//android.view.View","00000000-0000-004f-0000-001e00000004","d12fe72d-7a4f-481e-9083-8cd36615e04a"]
&amp#27;[38;5;32m[AndroidUiautomator2Driver@820d (d12fe72d)]&amp#27;[0m Valid locator strategies for this request: xpath, id, class name, accessibility id, css selector, -android uiautomator
&amp#27;[38;5;32m[AndroidUiautomator2Driver@820d (d12fe72d)]&amp#27;[0m Waiting up to 0 ms for condition
&amp#27;[38;5;32m[AndroidUiautomator2Driver@820d (d12fe72d)]&amp#27;[0m Matched '/elements' to command name 'findElements'
&amp#27;[38;5;32m[AndroidUiautomator2Driver@820d (d12fe72d)]&amp#27;[0m Proxying [POST /elements] to [POST http://127.0.0.1:8200/session/5b82ceeb-9e4c-4729-8c90-d8641a83fc81/elements] with body: {"strategy":"xpath","selector":"//android.view.View","context":"00000000-0000-004f-0000-001e00000004","multiple":true}
&amp#27;[38;5;32m[AndroidUiautomator2Driver@820d (d12fe72d)]&amp#27;[0m Got response with status 200: {"sessionId":"5b82ceeb-9e4c-4729-8c90-d8641a83fc81","value":[{"ELEMENT":"00000000-0000-004f-0000-005f00000004","element-6066-11e4-a52e-4f735466cecf":"00000000-0000-004f-0000-005f00000004"},{"ELEMENT":"00000000-0000-004f-0000-006100000004","element-6066-11e4-a52e-4f735466cecf":"00000000-0000-004f-0000-006100000004"},{"ELEMENT":"00000000-0000-004f-0000-006300000004","element-6066-11e4-a52e-4f735466cecf":"00000000-0000-004f-0000-006300000004"},{"ELEMENT":"00000000-0000-004f-0000-006500000004","element-6066-11e4-a52e-4f735466cecf":"00000000-0000-004f-0000-006500000004"},{"ELEMENT":"00000000-0000-004f-0000-006700000004","element-6066-11e4-a52e-4f735466cecf":"00000000-0000-004f-0000-006700000004"},{"ELEMENT":"00000000-0000-004f-0000-006900000004","element-6066-11e4-a52e-4f735466cecf":"00000000-0000-004f-0000-006900000004"},{"ELEMENT":"00000000-0000-004f-0000-006b00000004","element-6066-11e4-a52e-4f735466cecf":"00000000-0000-004f-0000-006b00000004"},{"ELEMENT":"00000000-0000-004f-0000-006d00000004","element-6066-...
&amp#27;[38;5;32m[AndroidUiautomator2Driver@820d (d12fe72d)]&amp#27;[0m Responding to client with driver.findElementsFromElement() result: [{"element-6066-11e4-a52e-4f735466cecf":"00000000-0000-004f-0000-005f00000004","ELEMENT":"00000000-0000-004f-0000-005f00000004"},{"element-6066-11e4-a52e-4f735466cecf":"00000000-0000-004f-0000-006100000004","ELEMENT":"00000000-0000-004f-0000-006100000004"},{"element-6066-11e4-a52e-4f735466cecf":"00000000-0000-004f-0000-006300000004","ELEMENT":"00000000-0000-004f-0000-006300000004"},{"element-6066-11e4-a52e-4f735466cecf":"00000000-0000-004f-0000-006500000004","ELEMENT":"00000000-0000-004f-0000-006500000004"},{"element-6066-11e4-a52e-4f735466cecf":"00000000-0000-004f-0000-006700000004","ELEMENT":"00000000-0000-004f-0000-006700000004"},{"element-6066-11e4-a52e-4f735466cecf":"00000000-0000-004f-0000-006900000004","ELEMENT":"00000000-0000-004f-0000-006900000004"},{"element-6066-11e4-a52e-4f735466cecf":"00000000-0000-004f-0000-006b00000004","ELEMENT":"00000000-0000-004f-0000-006b00000004"},{"element-6066-11e4-a52e-4f735466cecf":"00000000-0000-004f-0000-006d00000004","ELEMENT":"00000000-0000-004f-0000-006d0000000...
&amp#27;[38;5;0m[HTTP]&amp#27;[0m &amp#27;[37m<-- POST /session/d12fe72d-7a4f-481e-9083-8cd36615e04a/element/00000000-0000-004f-0000-001e00000004/elements &amp#27;[39m&amp#27;[32m200&amp#27;[39m &amp#27;[90m50 ms - 2059&amp#27;[39m
&amp#27;[38;5;0m[HTTP]&amp#27;[0m &amp#27;[90m&amp#27;[39m
&amp#27;[38;5;0m[HTTP]&amp#27;[0m &amp#27;[37m-->&amp#27;[39m &amp#27;[37mGET&amp#27;[39m &amp#27;[37m/session/d12fe72d-7a4f-481e-9083-8cd36615e04a/element/00000000-0000-004f-0000-005f00000004/text&amp#27;[39m
&amp#27;[38;5;0m[HTTP]&amp#27;[0m &amp#27;[90m{}&amp#27;[39m
&amp#27;[38;5;32m[AndroidUiautomator2Driver@820d (d12fe72d)]&amp#27;[0m Driver proxy active, passing request on via HTTP proxy
&amp#27;[38;5;32m[AndroidUiautomator2Driver@820d (d12fe72d)]&amp#27;[0m Matched '/session/d12fe72d-7a4f-481e-9083-8cd36615e04a/element/00000000-0000-004f-0000-005f00000004/text' to command name 'getText'
&amp#27;[38;5;32m[AndroidUiautomator2Driver@820d (d12fe72d)]&amp#27;[0m Proxying [GET /session/d12fe72d-7a4f-481e-9083-8cd36615e04a/element/00000000-0000-004f-0000-005f00000004/text] to [GET http://127.0.0.1:8200/session/5b82ceeb-9e4c-4729-8c90-d8641a83fc81/element/00000000-0000-004f-0000-005f00000004/text] with no body
&amp#27;[38;5;32m[AndroidUiautomator2Driver@820d (d12fe72d)]&amp#27;[0m Got response with status 200: {"sessionId":"5b82ceeb-9e4c-4729-8c90-d8641a83fc81","value":"Sat"}
&amp#27;[38;5;32m[AndroidUiautomator2Driver@820d (d12fe72d)]&amp#27;[0m Replacing sessionId 5b82ceeb-9e4c-4729-8c90-d8641a83fc81 with d12fe72d-7a4f-481e-9083-8cd36615e04a
&amp#27;[38;5;0m[HTTP]&amp#27;[0m &amp#27;[37m<-- GET /session/d12fe72d-7a4f-481e-9083-8cd36615e04a/element/00000000-0000-004f-0000-005f00000004/text &amp#27;[39m&amp#27;[32m200&amp#27;[39m &amp#27;[90m9 ms - 66&amp#27;[39m
&amp#27;[38;5;0m[HTTP]&amp#27;[0m &amp#27;[90m&amp#27;[39m
&amp#27;[38;5;0m[HTTP]&amp#27;[0m &amp#27;[37m-->&amp#27;[39m &amp#27;[37mGET&amp#27;[39m &amp#27;[37m/session/d12fe72d-7a4f-481e-9083-8cd36615e04a/element/00000000-0000-004f-0000-006100000004/text&amp#27;[39m
&amp#27;[38;5;0m[HTTP]&amp#27;[0m &amp#27;[90m{}&amp#27;[39m
&amp#27;[38;5;32m[AndroidUiautomator2Driver@820d (d12fe72d)]&amp#27;[0m Driver proxy active, passing request on via HTTP proxy
&amp#27;[38;5;32m[AndroidUiautomator2Driver@820d (d12fe72d)]&amp#27;[0m Matched '/session/d12fe72d-7a4f-481e-9083-8cd36615e04a/element/00000000-0000-004f-0000-006100000004/text' to command name 'getText'
&amp#27;[38;5;32m[AndroidUiautomator2Driver@820d (d12fe72d)]&amp#27;[0m Proxying [GET /session/d12fe72d-7a4f-481e-9083-8cd36615e04a/element/00000000-0000-004f-0000-006100000004/text] to [GET http://127.0.0.1:8200/session/5b82ceeb-9e4c-4729-8c90-d8641a83fc81/element/00000000-0000-004f-0000-006100000004/text] with no body
&amp#27;[38;5;32m[AndroidUiautomator2Driver@820d (d12fe72d)]&amp#27;[0m Got response with status 200: {"sessionId":"5b82ceeb-9e4c-4729-8c90-d8641a83fc81","value":"moderate rain"}
&amp#27;[38;5;32m[AndroidUiautomator2Driver@820d (d12fe72d)]&amp#27;[0m Replacing sessionId 5b82ceeb-9e4c-4729-8c90-d8641a83fc81 with d12fe72d-7a4f-481e-9083-8cd36615e04a
&amp#27;[38;5;0m[HTTP]&amp#27;[0m &amp#27;[37m<-- GET /session/d12fe72d-7a4f-481e-9083-8cd36615e04a/element/00000000-0000-004f-0000-006100000004/text &amp#27;[39m&amp#27;[32m200&amp#27;[39m &amp#27;[90m9 ms - 76&amp#27;[39m
&amp#27;[38;5;0m[HTTP]&amp#27;[0m &amp#27;[90m&amp#27;[39m
&amp#27;[38;5;0m[HTTP]&amp#27;[0m &amp#27;[37m-->&amp#27;[39m &amp#27;[37mGET&amp#27;[39m &amp#27;[37m/session/d12fe72d-7a4f-481e-9083-8cd36615e04a/element/00000000-0000-004f-0000-006300000004/text&amp#27;[39m
&amp#27;[38;5;0m[HTTP]&amp#27;[0m &amp#27;[90m{}&amp#27;[39m
&amp#27;[38;5;32m[AndroidUiautomator2Driver@820d (d12fe72d)]&amp#27;[0m Driver proxy active, passing request on via HTTP proxy
&amp#27;[38;5;32m[AndroidUiautomator2Driver@820d (d12fe72d)]&amp#27;[0m Matched '/session/d12fe72d-7a4f-481e-9083-8cd36615e04a/element/00000000-0000-004f-0000-006300000004/text' to command name 'getText'
&amp#27;[38;5;32m[AndroidUiautomator2Driver@820d (d12fe72d)]&amp#27;[0m Proxying [GET /session/d12fe72d-7a4f-481e-9083-8cd36615e04a/element/00000000-0000-004f-0000-006300000004/text] to [GET http://127.0.0.1:8200/session/5b82ceeb-9e4c-4729-8c90-d8641a83fc81/element/00000000-0000-004f-0000-006300000004/text] with no body
&amp#27;[38;5;32m[AndroidUiautomator2Driver@820d (d12fe72d)]&amp#27;[0m Got response with status 200: {"sessionId":"5b82ceeb-9e4c-4729-8c90-d8641a83fc81","value":"57 %"}
&amp#27;[38;5;32m[AndroidUiautomator2Driver@820d (d12fe72d)]&amp#27;[0m Replacing sessionId 5b82ceeb-9e4c-4729-8c90-d8641a83fc81 with d12fe72d-7a4f-481e-9083-8cd36615e04a
&amp#27;[38;5;0m[HTTP]&amp#27;[0m &amp#27;[37m<-- GET /session/d12fe72d-7a4f-481e-9083-8cd36615e04a/element/00000000-0000-004f-0000-006300000004/text &amp#27;[39m&amp#27;[32m200&amp#27;[39m &amp#27;[90m8 ms - 67&amp#27;[39m
&amp#27;[38;5;0m[HTTP]&amp#27;[0m &amp#27;[90m&amp#27;[39m
&amp#27;[38;5;0m[HTTP]&amp#27;[0m &amp#27;[37m-->&amp#27;[39m &amp#27;[37mGET&amp#27;[39m &amp#27;[37m/session/d12fe72d-7a4f-481e-9083-8cd36615e04a/element/00000000-0000-004f-0000-006500000004/text&amp#27;[39m
&amp#27;[38;5;0m[HTTP]&amp#27;[0m &amp#27;[90m{}&amp#27;[39m
&amp#27;[38;5;32m[AndroidUiautomator2Driver@820d (d12fe72d)]&amp#27;[0m Driver proxy active, passing request on via HTTP proxy
&amp#27;[38;5;32m[AndroidUiautomator2Driver@820d (d12fe72d)]&amp#27;[0m Matched '/session/d12fe72d-7a4f-481e-9083-8cd36615e04a/element/00000000-0000-004f-0000-006500000004/text' to command name 'getText'
&amp#27;[38;5;32m[AndroidUiautomator2Driver@820d (d12fe72d)]&amp#27;[0m Proxying [GET /session/d12fe72d-7a4f-481e-9083-8cd36615e04a/element/00000000-0000-004f-0000-006500000004/text] to [GET http://127.0.0.1:8200/session/5b82ceeb-9e4c-4729-8c90-d8641a83fc81/element/00000000-0000-004f-0000-006500000004/text] with no body
&amp#27;[38;5;32m[AndroidUiautomator2Driver@820d (d12fe72d)]&amp#27;[0m Got response with status 200: {"sessionId":"5b82ceeb-9e4c-4729-8c90-d8641a83fc81","value":"17 Â°C"}
&amp#27;[38;5;32m[AndroidUiautomator2Driver@820d (d12fe72d)]&amp#27;[0m Replacing sessionId 5b82ceeb-9e4c-4729-8c90-d8641a83fc81 with d12fe72d-7a4f-481e-9083-8cd36615e04a
&amp#27;[38;5;0m[HTTP]&amp#27;[0m &amp#27;[37m<-- GET /session/d12fe72d-7a4f-481e-9083-8cd36615e04a/element/00000000-0000-004f-0000-006500000004/text &amp#27;[39m&amp#27;[32m200&amp#27;[39m &amp#27;[90m9 ms - 69&amp#27;[39m
&amp#27;[38;5;0m[HTTP]&amp#27;[0m &amp#27;[90m&amp#27;[39m
&amp#27;[38;5;0m[HTTP]&amp#27;[0m &amp#27;[37m-->&amp#27;[39m &amp#27;[37mGET&amp#27;[39m &amp#27;[37m/session/d12fe72d-7a4f-481e-9083-8cd36615e04a/element/00000000-0000-004f-0000-006700000004/text&amp#27;[39m
&amp#27;[38;5;0m[HTTP]&amp#27;[0m &amp#27;[90m{}&amp#27;[39m
&amp#27;[38;5;32m[AndroidUiautomator2Driver@820d (d12fe72d)]&amp#27;[0m Driver proxy active, passing request on via HTTP proxy
&amp#27;[38;5;32m[AndroidUiautomator2Driver@820d (d12fe72d)]&amp#27;[0m Matched '/session/d12fe72d-7a4f-481e-9083-8cd36615e04a/element/00000000-0000-004f-0000-006700000004/text' to command name 'getText'
&amp#27;[38;5;32m[AndroidUiautomator2Driver@820d (d12fe72d)]&amp#27;[0m Proxying [GET /session/d12fe72d-7a4f-481e-9083-8cd36615e04a/element/00000000-0000-004f-0000-006700000004/text] to [GET http://127.0.0.1:8200/session/5b82ceeb-9e4c-4729-8c90-d8641a83fc81/element/00000000-0000-004f-0000-006700000004/text] with no body
&amp#27;[38;5;32m[AndroidUiautomator2Driver@820d (d12fe72d)]&amp#27;[0m Got response with status 200: {"sessionId":"5b82ceeb-9e4c-4729-8c90-d8641a83fc81","value":"Sun"}
&amp#27;[38;5;32m[AndroidUiautomator2Driver@820d (d12fe72d)]&amp#27;[0m Replacing sessionId 5b82ceeb-9e4c-4729-8c90-d8641a83fc81 with d12fe72d-7a4f-481e-9083-8cd36615e04a
&amp#27;[38;5;0m[HTTP]&amp#27;[0m &amp#27;[37m<-- GET /session/d12fe72d-7a4f-481e-9083-8cd36615e04a/element/00000000-0000-004f-0000-006700000004/text &amp#27;[39m&amp#27;[32m200&amp#27;[39m &amp#27;[90m8 ms - 66&amp#27;[39m
&amp#27;[38;5;0m[HTTP]&amp#27;[0m &amp#27;[90m&amp#27;[39m
&amp#27;[38;5;0m[HTTP]&amp#27;[0m &amp#27;[37m-->&amp#27;[39m &amp#27;[37mGET&amp#27;[39m &amp#27;[37m/session/d12fe72d-7a4f-481e-9083-8cd36615e04a/element/00000000-0000-004f-0000-006900000004/text&amp#27;[39m
&amp#27;[38;5;0m[HTTP]&amp#27;[0m &amp#27;[90m{}&amp#27;[39m
&amp#27;[38;5;32m[AndroidUiautomator2Driver@820d (d12fe72d)]&amp#27;[0m Driver proxy active, passing request on via HTTP proxy
&amp#27;[38;5;32m[AndroidUiautomator2Driver@820d (d12fe72d)]&amp#27;[0m Matched '/session/d12fe72d-7a4f-481e-9083-8cd36615e04a/element/00000000-0000-004f-0000-006900000004/text' to command name 'getText'
&amp#27;[38;5;32m[AndroidUiautomator2Driver@820d (d12fe72d)]&amp#27;[0m Proxying [GET /session/d12fe72d-7a4f-481e-9083-8cd36615e04a/element/00000000-0000-004f-0000-006900000004/text] to [GET http://127.0.0.1:8200/session/5b82ceeb-9e4c-4729-8c90-d8641a83fc81/element/00000000-0000-004f-0000-006900000004/text] with no body
&amp#27;[38;5;32m[AndroidUiautomator2Driver@820d (d12fe72d)]&amp#27;[0m Got response with status 200: {"sessionId":"5b82ceeb-9e4c-4729-8c90-d8641a83fc81","value":"moderate rain"}
&amp#27;[38;5;32m[AndroidUiautomator2Driver@820d (d12fe72d)]&amp#27;[0m Replacing sessionId 5b82ceeb-9e4c-4729-8c90-d8641a83fc81 with d12fe72d-7a4f-481e-9083-8cd36615e04a
&amp#27;[38;5;0m[HTTP]&amp#27;[0m &amp#27;[37m<-- GET /session/d12fe72d-7a4f-481e-9083-8cd36615e04a/element/00000000-0000-004f-0000-006900000004/text &amp#27;[39m&amp#27;[32m200&amp#27;[39m &amp#27;[90m9 ms - 76&amp#27;[39m
&amp#27;[38;5;0m[HTTP]&amp#27;[0m &amp#27;[90m&amp#27;[39m
&amp#27;[38;5;0m[HTTP]&amp#27;[0m &amp#27;[37m-->&amp#27;[39m &amp#27;[37mGET&amp#27;[39m &amp#27;[37m/session/d12fe72d-7a4f-481e-9083-8cd36615e04a/element/00000000-0000-004f-0000-006b00000004/text&amp#27;[39m
&amp#27;[38;5;0m[HTTP]&amp#27;[0m &amp#27;[90m{}&amp#27;[39m
&amp#27;[38;5;32m[AndroidUiautomator2Driver@820d (d12fe72d)]&amp#27;[0m Driver proxy active, passing request on via HTTP proxy
&amp#27;[38;5;32m[AndroidUiautomator2Driver@820d (d12fe72d)]&amp#27;[0m Matched '/session/d12fe72d-7a4f-481e-9083-8cd36615e04a/element/00000000-0000-004f-0000-006b00000004/text' to command name 'getText'
&amp#27;[38;5;32m[AndroidUiautomator2Driver@820d (d12fe72d)]&amp#27;[0m Proxying [GET /session/d12fe72d-7a4f-481e-9083-8cd36615e04a/element/00000000-0000-004f-0000-006b00000004/text] to [GET http://127.0.0.1:8200/session/5b82ceeb-9e4c-4729-8c90-d8641a83fc81/element/00000000-0000-004f-0000-006b00000004/text] with no body
&amp#27;[38;5;32m[AndroidUiautomator2Driver@820d (d12fe72d)]&amp#27;[0m Got response with status 200: {"sessionId":"5b82ceeb-9e4c-4729-8c90-d8641a83fc81","value":"77 %"}
&amp#27;[38;5;32m[AndroidUiautomator2Driver@820d (d12fe72d)]&amp#27;[0m Replacing sessionId 5b82ceeb-9e4c-4729-8c90-d8641a83fc81 with d12fe72d-7a4f-481e-9083-8cd36615e04a
&amp#27;[38;5;0m[HTTP]&amp#27;[0m &amp#27;[37m<-- GET /session/d12fe72d-7a4f-481e-9083-8cd36615e04a/element/00000000-0000-004f-0000-006b00000004/text &amp#27;[39m&amp#27;[32m200&amp#27;[39m &amp#27;[90m9 ms - 67&amp#27;[39m
&amp#27;[38;5;0m[HTTP]&amp#27;[0m &amp#27;[90m&amp#27;[39m
&amp#27;[38;5;0m[HTTP]&amp#27;[0m &amp#27;[37m-->&amp#27;[39m &amp#27;[37mGET&amp#27;[39m &amp#27;[37m/session/d12fe72d-7a4f-481e-9083-8cd36615e04a/element/00000000-0000-004f-0000-006d00000004/text&amp#27;[39m
&amp#27;[38;5;0m[HTTP]&amp#27;[0m &amp#27;[90m{}&amp#27;[39m
&amp#27;[38;5;32m[AndroidUiautomator2Driver@820d (d12fe72d)]&amp#27;[0m Driver proxy active, passing request on via HTTP proxy
&amp#27;[38;5;32m[AndroidUiautomator2Driver@820d (d12fe72d)]&amp#27;[0m Matched '/session/d12fe72d-7a4f-481e-9083-8cd36615e04a/element/00000000-0000-004f-0000-006d00000004/text' to command name 'getText'
&amp#27;[38;5;32m[AndroidUiautomator2Driver@820d (d12fe72d)]&amp#27;[0m Proxying [GET /session/d12fe72d-7a4f-481e-9083-8cd36615e04a/element/00000000-0000-004f-0000-006d00000004/text] to [GET http://127.0.0.1:8200/session/5b82ceeb-9e4c-4729-8c90-d8641a83fc81/element/00000000-0000-004f-0000-006d00000004/text] with no body
&amp#27;[38;5;32m[AndroidUiautomator2Driver@820d (d12fe72d)]&amp#27;[0m Got response with status 200: {"sessionId":"5b82ceeb-9e4c-4729-8c90-d8641a83fc81","value":"16 Â°C"}
&amp#27;[38;5;32m[AndroidUiautomator2Driver@820d (d12fe72d)]&amp#27;[0m Replacing sessionId 5b82ceeb-9e4c-4729-8c90-d8641a83fc81 with d12fe72d-7a4f-481e-9083-8cd36615e04a
&amp#27;[38;5;0m[HTTP]&amp#27;[0m &amp#27;[37m<-- GET /session/d12fe72d-7a4f-481e-9083-8cd36615e04a/element/00000000-0000-004f-0000-006d00000004/text &amp#27;[39m&amp#27;[32m200&amp#27;[39m &amp#27;[90m8 ms - 69&amp#27;[39m
&amp#27;[38;5;0m[HTTP]&amp#27;[0m &amp#27;[90m&amp#27;[39m
&amp#27;[38;5;0m[HTTP]&amp#27;[0m &amp#27;[37m-->&amp#27;[39m &amp#27;[37mGET&amp#27;[39m &amp#27;[37m/session/d12fe72d-7a4f-481e-9083-8cd36615e04a/element/00000000-0000-004f-0000-006f00000004/text&amp#27;[39m
&amp#27;[38;5;0m[HTTP]&amp#27;[0m &amp#27;[90m{}&amp#27;[39m
&amp#27;[38;5;32m[AndroidUiautomator2Driver@820d (d12fe72d)]&amp#27;[0m Driver proxy active, passing request on via HTTP proxy
&amp#27;[38;5;32m[AndroidUiautomator2Driver@820d (d12fe72d)]&amp#27;[0m Matched '/session/d12fe72d-7a4f-481e-9083-8cd36615e04a/element/00000000-0000-004f-0000-006f00000004/text' to command name 'getText'
&amp#27;[38;5;32m[AndroidUiautomator2Driver@820d (d12fe72d)]&amp#27;[0m Proxying [GET /session/d12fe72d-7a4f-481e-9083-8cd36615e04a/element/00000000-0000-004f-0000-006f00000004/text] to [GET http://127.0.0.1:8200/session/5b82ceeb-9e4c-4729-8c90-d8641a83fc81/element/00000000-0000-004f-0000-006f00000004/text] with no body
&amp#27;[38;5;32m[AndroidUiautomator2Driver@820d (d12fe72d)]&amp#27;[0m Got response with status 200: {"sessionId":"5b82ceeb-9e4c-4729-8c90-d8641a83fc81","value":"Mon"}
&amp#27;[38;5;32m[AndroidUiautomator2Driver@820d (d12fe72d)]&amp#27;[0m Replacing sessionId 5b82ceeb-9e4c-4729-8c90-d8641a83fc81 with d12fe72d-7a4f-481e-9083-8cd36615e04a
&amp#27;[38;5;0m[HTTP]&amp#27;[0m &amp#27;[37m<-- GET /session/d12fe72d-7a4f-481e-9083-8cd36615e04a/element/00000000-0000-004f-0000-006f00000004/text &amp#27;[39m&amp#27;[32m200&amp#27;[39m &amp#27;[90m9 ms - 66&amp#27;[39m
&amp#27;[38;5;0m[HTTP]&amp#27;[0m &amp#27;[90m&amp#27;[39m
&amp#27;[38;5;0m[HTTP]&amp#27;[0m &amp#27;[37m-->&amp#27;[39m &amp#27;[37mGET&amp#27;[39m &amp#27;[37m/session/d12fe72d-7a4f-481e-9083-8cd36615e04a/element/00000000-0000-004f-0000-007100000004/text&amp#27;[39m
&amp#27;[38;5;0m[HTTP]&amp#27;[0m &amp#27;[90m{}&amp#27;[39m
&amp#27;[38;5;32m[AndroidUiautomator2Driver@820d (d12fe72d)]&amp#27;[0m Driver proxy active, passing request on via HTTP proxy
&amp#27;[38;5;32m[AndroidUiautomator2Driver@820d (d12fe72d)]&amp#27;[0m Matched '/session/d12fe72d-7a4f-481e-9083-8cd36615e04a/element/00000000-0000-004f-0000-007100000004/text' to command name 'getText'
&amp#27;[38;5;32m[AndroidUiautomator2Driver@820d (d12fe72d)]&amp#27;[0m Proxying [GET /session/d12fe72d-7a4f-481e-9083-8cd36615e04a/element/00000000-0000-004f-0000-007100000004/text] to [GET http://127.0.0.1:8200/session/5b82ceeb-9e4c-4729-8c90-d8641a83fc81/element/00000000-0000-004f-0000-007100000004/text] with no body
&amp#27;[38;5;32m[AndroidUiautomator2Driver@820d (d12fe72d)]&amp#27;[0m Got response with status 200: {"sessionId":"5b82ceeb-9e4c-4729-8c90-d8641a83fc81","value":"heavy intensity rain"}
&amp#27;[38;5;32m[AndroidUiautomator2Driver@820d (d12fe72d)]&amp#27;[0m Replacing sessionId 5b82ceeb-9e4c-4729-8c90-d8641a83fc81 with d12fe72d-7a4f-481e-9083-8cd36615e04a
&amp#27;[38;5;0m[HTTP]&amp#27;[0m &amp#27;[37m<-- GET /session/d12fe72d-7a4f-481e-9083-8cd36615e04a/element/00000000-0000-004f-0000-007100000004/text &amp#27;[39m&amp#27;[32m200&amp#27;[39m &amp#27;[90m8 ms - 83&amp#27;[39m
&amp#27;[38;5;0m[HTTP]&amp#27;[0m &amp#27;[90m&amp#27;[39m
&amp#27;[38;5;0m[HTTP]&amp#27;[0m &amp#27;[37m-->&amp#27;[39m &amp#27;[37mGET&amp#27;[39m &amp#27;[37m/session/d12fe72d-7a4f-481e-9083-8cd36615e04a/element/00000000-0000-004f-0000-007300000004/text&amp#27;[39m
&amp#27;[38;5;0m[HTTP]&amp#27;[0m &amp#27;[90m{}&amp#27;[39m
&amp#27;[38;5;32m[AndroidUiautomator2Driver@820d (d12fe72d)]&amp#27;[0m Driver proxy active, passing request on via HTTP proxy
&amp#27;[38;5;32m[AndroidUiautomator2Driver@820d (d12fe72d)]&amp#27;[0m Matched '/session/d12fe72d-7a4f-481e-9083-8cd36615e04a/element/00000000-0000-004f-0000-007300000004/text' to command name 'getText'
&amp#27;[38;5;32m[AndroidUiautomator2Driver@820d (d12fe72d)]&amp#27;[0m Proxying [GET /session/d12fe72d-7a4f-481e-9083-8cd36615e04a/element/00000000-0000-004f-0000-007300000004/text] to [GET http://127.0.0.1:8200/session/5b82ceeb-9e4c-4729-8c90-d8641a83fc81/element/00000000-0000-004f-0000-007300000004/text] with no body
&amp#27;[38;5;32m[AndroidUiautomator2Driver@820d (d12fe72d)]&amp#27;[0m Got response with status 200: {"sessionId":"5b82ceeb-9e4c-4729-8c90-d8641a83fc81","value":"88 %"}
&amp#27;[38;5;32m[AndroidUiautomator2Driver@820d (d12fe72d)]&amp#27;[0m Replacing sessionId 5b82ceeb-9e4c-4729-8c90-d8641a83fc81 with d12fe72d-7a4f-481e-9083-8cd36615e04a
&amp#27;[38;5;0m[HTTP]&amp#27;[0m &amp#27;[37m<-- GET /session/d12fe72d-7a4f-481e-9083-8cd36615e04a/element/00000000-0000-004f-0000-007300000004/text &amp#27;[39m&amp#27;[32m200&amp#27;[39m &amp#27;[90m8 ms - 67&amp#27;[39m
&amp#27;[38;5;0m[HTTP]&amp#27;[0m &amp#27;[90m&amp#27;[39m
&amp#27;[38;5;0m[HTTP]&amp#27;[0m &amp#27;[37m-->&amp#27;[39m &amp#27;[37mGET&amp#27;[39m &amp#27;[37m/session/d12fe72d-7a4f-481e-9083-8cd36615e04a/element/00000000-0000-004f-0000-007500000004/text&amp#27;[39m
&amp#27;[38;5;0m[HTTP]&amp#27;[0m &amp#27;[90m{}&amp#27;[39m
&amp#27;[38;5;32m[AndroidUiautomator2Driver@820d (d12fe72d)]&amp#27;[0m Driver proxy active, passing request on via HTTP proxy
&amp#27;[38;5;32m[AndroidUiautomator2Driver@820d (d12fe72d)]&amp#27;[0m Matched '/session/d12fe72d-7a4f-481e-9083-8cd36615e04a/element/00000000-0000-004f-0000-007500000004/text' to command name 'getText'
&amp#27;[38;5;32m[AndroidUiautomator2Driver@820d (d12fe72d)]&amp#27;[0m Proxying [GET /session/d12fe72d-7a4f-481e-9083-8cd36615e04a/element/00000000-0000-004f-0000-007500000004/text] to [GET http://127.0.0.1:8200/session/5b82ceeb-9e4c-4729-8c90-d8641a83fc81/element/00000000-0000-004f-0000-007500000004/text] with no body
&amp#27;[38;5;32m[AndroidUiautomator2Driver@820d (d12fe72d)]&amp#27;[0m Got response with status 200: {"sessionId":"5b82ceeb-9e4c-4729-8c90-d8641a83fc81","value":"15 Â°C"}
&amp#27;[38;5;32m[AndroidUiautomator2Driver@820d (d12fe72d)]&amp#27;[0m Replacing sessionId 5b82ceeb-9e4c-4729-8c90-d8641a83fc81 with d12fe72d-7a4f-481e-9083-8cd36615e04a
&amp#27;[38;5;0m[HTTP]&amp#27;[0m &amp#27;[37m<-- GET /session/d12fe72d-7a4f-481e-9083-8cd36615e04a/element/00000000-0000-004f-0000-007500000004/text &amp#27;[39m&amp#27;[32m200&amp#27;[39m &amp#27;[90m9 ms - 69&amp#27;[39m
&amp#27;[38;5;0m[HTTP]&amp#27;[0m &amp#27;[90m&amp#27;[39m
&amp#27;[38;5;0m[HTTP]&amp#27;[0m &amp#27;[37m-->&amp#27;[39m &amp#27;[37mGET&amp#27;[39m &amp#27;[37m/session/d12fe72d-7a4f-481e-9083-8cd36615e04a/element/00000000-0000-004f-0000-007700000004/text&amp#27;[39m
&amp#27;[38;5;0m[HTTP]&amp#27;[0m &amp#27;[90m{}&amp#27;[39m
&amp#27;[38;5;32m[AndroidUiautomator2Driver@820d (d12fe72d)]&amp#27;[0m Driver proxy active, passing request on via HTTP proxy
&amp#27;[38;5;32m[AndroidUiautomator2Driver@820d (d12fe72d)]&amp#27;[0m Matched '/session/d12fe72d-7a4f-481e-9083-8cd36615e04a/element/00000000-0000-004f-0000-007700000004/text' to command name 'getText'
&amp#27;[38;5;32m[AndroidUiautomator2Driver@820d (d12fe72d)]&amp#27;[0m Proxying [GET /session/d12fe72d-7a4f-481e-9083-8cd36615e04a/element/00000000-0000-004f-0000-007700000004/text] to [GET http://127.0.0.1:8200/session/5b82ceeb-9e4c-4729-8c90-d8641a83fc81/element/00000000-0000-004f-0000-007700000004/text] with no body
&amp#27;[38;5;32m[AndroidUiautomator2Driver@820d (d12fe72d)]&amp#27;[0m Got response with status 200: {"sessionId":"5b82ceeb-9e4c-4729-8c90-d8641a83fc81","value":"Tue"}
&amp#27;[38;5;32m[AndroidUiautomator2Driver@820d (d12fe72d)]&amp#27;[0m Replacing sessionId 5b82ceeb-9e4c-4729-8c90-d8641a83fc81 with d12fe72d-7a4f-481e-9083-8cd36615e04a
&amp#27;[38;5;0m[HTTP]&amp#27;[0m &amp#27;[37m<-- GET /session/d12fe72d-7a4f-481e-9083-8cd36615e04a/element/00000000-0000-004f-0000-007700000004/text &amp#27;[39m&amp#27;[32m200&amp#27;[39m &amp#27;[90m9 ms - 66&amp#27;[39m
&amp#27;[38;5;0m[HTTP]&amp#27;[0m &amp#27;[90m&amp#27;[39m
&amp#27;[38;5;0m[HTTP]&amp#27;[0m &amp#27;[37m-->&amp#27;[39m &amp#27;[37mGET&amp#27;[39m &amp#27;[37m/session/d12fe72d-7a4f-481e-9083-8cd36615e04a/element/00000000-0000-004f-0000-007900000004/text&amp#27;[39m
&amp#27;[38;5;0m[HTTP]&amp#27;[0m &amp#27;[90m{}&amp#27;[39m
&amp#27;[38;5;32m[AndroidUiautomator2Driver@820d (d12fe72d)]&amp#27;[0m Driver proxy active, passing request on via HTTP proxy
&amp#27;[38;5;32m[AndroidUiautomator2Driver@820d (d12fe72d)]&amp#27;[0m Matched '/session/d12fe72d-7a4f-481e-9083-8cd36615e04a/element/00000000-0000-004f-0000-007900000004/text' to command name 'getText'
&amp#27;[38;5;32m[AndroidUiautomator2Driver@820d (d12fe72d)]&amp#27;[0m Proxying [GET /session/d12fe72d-7a4f-481e-9083-8cd36615e04a/element/00000000-0000-004f-0000-007900000004/text] to [GET http://127.0.0.1:8200/session/5b82ceeb-9e4c-4729-8c90-d8641a83fc81/element/00000000-0000-004f-0000-007900000004/text] with no body
&amp#27;[38;5;32m[AndroidUiautomator2Driver@820d (d12fe72d)]&amp#27;[0m Got response with status 200: {"sessionId":"5b82ceeb-9e4c-4729-8c90-d8641a83fc81","value":"light rain"}
&amp#27;[38;5;32m[AndroidUiautomator2Driver@820d (d12fe72d)]&amp#27;[0m Replacing sessionId 5b82ceeb-9e4c-4729-8c90-d8641a83fc81 with d12fe72d-7a4f-481e-9083-8cd36615e04a
&amp#27;[38;5;0m[HTTP]&amp#27;[0m &amp#27;[37m<-- GET /session/d12fe72d-7a4f-481e-9083-8cd36615e04a/element/00000000-0000-004f-0000-007900000004/text &amp#27;[39m&amp#27;[32m200&amp#27;[39m &amp#27;[90m9 ms - 73&amp#27;[39m
&amp#27;[38;5;0m[HTTP]&amp#27;[0m &amp#27;[90m&amp#27;[39m
&amp#27;[38;5;0m[HTTP]&amp#27;[0m &amp#27;[37m-->&amp#27;[39m &amp#27;[37mGET&amp#27;[39m &amp#27;[37m/session/d12fe72d-7a4f-481e-9083-8cd36615e04a/element/00000000-0000-004f-0000-007b00000004/text&amp#27;[39m
&amp#27;[38;5;0m[HTTP]&amp#27;[0m &amp#27;[90m{}&amp#27;[39m
&amp#27;[38;5;32m[AndroidUiautomator2Driver@820d (d12fe72d)]&amp#27;[0m Driver proxy active, passing request on via HTTP proxy
&amp#27;[38;5;32m[AndroidUiautomator2Driver@820d (d12fe72d)]&amp#27;[0m Matched '/session/d12fe72d-7a4f-481e-9083-8cd36615e04a/element/00000000-0000-004f-0000-007b00000004/text' to command name 'getText'
&amp#27;[38;5;32m[AndroidUiautomator2Driver@820d (d12fe72d)]&amp#27;[0m Proxying [GET /session/d12fe72d-7a4f-481e-9083-8cd36615e04a/element/00000000-0000-004f-0000-007b00000004/text] to [GET http://127.0.0.1:8200/session/5b82ceeb-9e4c-4729-8c90-d8641a83fc81/element/00000000-0000-004f-0000-007b00000004/text] with no body
&amp#27;[38;5;32m[AndroidUiautomator2Driver@820d (d12fe72d)]&amp#27;[0m Got response with status 200: {"sessionId":"5b82ceeb-9e4c-4729-8c90-d8641a83fc81","value":"85 %"}
&amp#27;[38;5;32m[AndroidUiautomator2Driver@820d (d12fe72d)]&amp#27;[0m Replacing sessionId 5b82ceeb-9e4c-4729-8c90-d8641a83fc81 with d12fe72d-7a4f-481e-9083-8cd36615e04a
&amp#27;[38;5;0m[HTTP]&amp#27;[0m &amp#27;[37m<-- GET /session/d12fe72d-7a4f-481e-9083-8cd36615e04a/element/00000000-0000-004f-0000-007b00000004/text &amp#27;[39m&amp#27;[32m200&amp#27;[39m &amp#27;[90m9 ms - 67&amp#27;[39m
&amp#27;[38;5;0m[HTTP]&amp#27;[0m &amp#27;[90m&amp#27;[39m
&amp#27;[38;5;0m[HTTP]&amp#27;[0m &amp#27;[37m-->&amp#27;[39m &amp#27;[37mGET&amp#27;[39m &amp#27;[37m/session/d12fe72d-7a4f-481e-9083-8cd36615e04a/element/00000000-0000-004f-0000-007d00000004/text&amp#27;[39m
&amp#27;[38;5;0m[HTTP]&amp#27;[0m &amp#27;[90m{}&amp#27;[39m
&amp#27;[38;5;32m[AndroidUiautomator2Driver@820d (d12fe72d)]&amp#27;[0m Driver proxy active, passing request on via HTTP proxy
&amp#27;[38;5;32m[AndroidUiautomator2Driver@820d (d12fe72d)]&amp#27;[0m Matched '/session/d12fe72d-7a4f-481e-9083-8cd36615e04a/element/00000000-0000-004f-0000-007d00000004/text' to command name 'getText'
&amp#27;[38;5;32m[AndroidUiautomator2Driver@820d (d12fe72d)]&amp#27;[0m Proxying [GET /session/d12fe72d-7a4f-481e-9083-8cd36615e04a/element/00000000-0000-004f-0000-007d00000004/text] to [GET http://127.0.0.1:8200/session/5b82ceeb-9e4c-4729-8c90-d8641a83fc81/element/00000000-0000-004f-0000-007d00000004/text] with no body
&amp#27;[38;5;32m[AndroidUiautomator2Driver@820d (d12fe72d)]&amp#27;[0m Got response with status 200: {"sessionId":"5b82ceeb-9e4c-4729-8c90-d8641a83fc81","value":"16 Â°C"}
&amp#27;[38;5;32m[AndroidUiautomator2Driver@820d (d12fe72d)]&amp#27;[0m Replacing sessionId 5b82ceeb-9e4c-4729-8c90-d8641a83fc81 with d12fe72d-7a4f-481e-9083-8cd36615e04a
&amp#27;[38;5;0m[HTTP]&amp#27;[0m &amp#27;[37m<-- GET /session/d12fe72d-7a4f-481e-9083-8cd36615e04a/element/00000000-0000-004f-0000-007d00000004/text &amp#27;[39m&amp#27;[32m200&amp#27;[39m &amp#27;[90m10 ms - 69&amp#27;[39m
&amp#27;[38;5;0m[HTTP]&amp#27;[0m &amp#27;[90m&amp#27;[39m
&amp#27;[38;5;0m[HTTP]&amp#27;[0m &amp#27;[37m-->&amp#27;[39m &amp#27;[37mPOST&amp#27;[39m &amp#27;[37m/session/d12fe72d-7a4f-481e-9083-8cd36615e04a/execute/sync&amp#27;[39m
&amp#27;[38;5;0m[HTTP]&amp#27;[0m &amp#27;[90m{"script":"mobile: swipeGesture","args":[{"elementId":"00000000-0000-004f-0000-001e00000004","percent":0.4,"speed":320,"direction":"left"}]}&amp#27;[39m
&amp#27;[38;5;32m[AndroidUiautomator2Driver@820d (d12fe72d)]&amp#27;[0m Calling AppiumDriver.execute() with args: ["mobile: swipeGesture",[{"elementId":"00000000-0000-004f-0000-001e00000004","percent":0.4,"speed":320,"direction":"left"}],"d12fe72d-7a4f-481e-9083-8cd36615e04a"]
&amp#27;[38;5;32m[AndroidUiautomator2Driver@820d (d12fe72d)]&amp#27;[0m Executing method 'mobile: swipeGesture'
&amp#27;[38;5;32m[AndroidUiautomator2Driver@820d (d12fe72d)]&amp#27;[0m Proxying [POST /appium/gestures/swipe] to [POST http://127.0.0.1:8200/session/5b82ceeb-9e4c-4729-8c90-d8641a83fc81/appium/gestures/swipe] with body: {"origin":{"ELEMENT":"00000000-0000-004f-0000-001e00000004","element-6066-11e4-a52e-4f735466cecf":"00000000-0000-004f-0000-001e00000004"},"direction":"left","percent":0.4,"speed":320}
&amp#27;[38;5;32m[AndroidUiautomator2Driver@820d (d12fe72d)]&amp#27;[0m Got response with status 200: {"sessionId":"5b82ceeb-9e4c-4729-8c90-d8641a83fc81","value":null}
&amp#27;[38;5;32m[AndroidUiautomator2Driver@820d (d12fe72d)]&amp#27;[0m Responding to client with driver.execute() result: null
&amp#27;[38;5;0m[HTTP]&amp#27;[0m &amp#27;[37m<-- POST /session/d12fe72d-7a4f-481e-9083-8cd36615e04a/execute/sync &amp#27;[39m&amp#27;[32m200&amp#27;[39m &amp#27;[90m1561 ms - 14&amp#27;[39m
&amp#27;[38;5;0m[HTTP]&amp#27;[0m &amp#27;[90m&amp#27;[39m
&amp#27;[38;5;0m[HTTP]&amp#27;[0m &amp#27;[37m-->&amp#27;[39m &amp#27;[37mPOST&amp#27;[39m &amp#27;[37m/session/d12fe72d-7a4f-481e-9083-8cd36615e04a/elements&amp#27;[39m
&amp#27;[38;5;0m[HTTP]&amp#27;[0m &amp#27;[90m{"using":"xpath","value":"//android.widget.HorizontalScrollView"}&amp#27;[39m
&amp#27;[38;5;32m[AndroidUiautomator2Driver@820d (d12fe72d)]&amp#27;[0m Calling AppiumDriver.findElements() with args: ["xpath","//android.widget.HorizontalScrollView","d12fe72d-7a4f-481e-9083-8cd36615e04a"]
&amp#27;[38;5;32m[AndroidUiautomator2Driver@820d (d12fe72d)]&amp#27;[0m Valid locator strategies for this request: xpath, id, class name, accessibility id, css selector, -android uiautomator
&amp#27;[38;5;32m[AndroidUiautomator2Driver@820d (d12fe72d)]&amp#27;[0m Waiting up to 0 ms for condition
&amp#27;[38;5;32m[AndroidUiautomator2Driver@820d (d12fe72d)]&amp#27;[0m Matched '/elements' to command name 'findElements'
&amp#27;[38;5;32m[AndroidUiautomator2Driver@820d (d12fe72d)]&amp#27;[0m Proxying [POST /elements] to [POST http://127.0.0.1:8200/session/5b82ceeb-9e4c-4729-8c90-d8641a83fc81/elements] with body: {"strategy":"xpath","selector":"//android.widget.HorizontalScrollView","context":"","multiple":true}
&amp#27;[38;5;32m[AndroidUiautomator2Driver@820d (d12fe72d)]&amp#27;[0m Got response with status 200: {"sessionId":"5b82ceeb-9e4c-4729-8c90-d8641a83fc81","value":[{"ELEMENT":"00000000-0000-004f-0000-001d00000004","element-6066-11e4-a52e-4f735466cecf":"00000000-0000-004f-0000-001d00000004"},{"ELEMENT":"00000000-0000-004f-0000-001e00000004","element-6066-11e4-a52e-4f735466cecf":"00000000-0000-004f-0000-001e00000004"}]}
&amp#27;[38;5;32m[AndroidUiautomator2Driver@820d (d12fe72d)]&amp#27;[0m Responding to client with driver.findElements() result: [{"element-6066-11e4-a52e-4f735466cecf":"00000000-0000-004f-0000-001d00000004","ELEMENT":"00000000-0000-004f-0000-001d00000004"},{"element-6066-11e4-a52e-4f735466cecf":"00000000-0000-004f-0000-001e00000004","ELEMENT":"00000000-0000-004f-0000-001e00000004"}]
&amp#27;[38;5;0m[HTTP]&amp#27;[0m &amp#27;[37m<-- POST /session/d12fe72d-7a4f-481e-9083-8cd36615e04a/elements &amp#27;[39m&amp#27;[32m200&amp#27;[39m &amp#27;[90m102 ms - 267&amp#27;[39m
&amp#27;[38;5;0m[HTTP]&amp#27;[0m &amp#27;[90m&amp#27;[39m
&amp#27;[38;5;0m[HTTP]&amp#27;[0m &amp#27;[37m-->&amp#27;[39m &amp#27;[37mPOST&amp#27;[39m &amp#27;[37m/session/d12fe72d-7a4f-481e-9083-8cd36615e04a/element/00000000-0000-004f-0000-001e00000004/elements&amp#27;[39m
&amp#27;[38;5;0m[HTTP]&amp#27;[0m &amp#27;[90m{"id":"00000000-0000-004f-0000-001e00000004","using":"xpath","value":"//android.view.View"}&amp#27;[39m
&amp#27;[38;5;32m[AndroidUiautomator2Driver@820d (d12fe72d)]&amp#27;[0m Calling AppiumDriver.findElementsFromElement() with args: ["xpath","//android.view.View","00000000-0000-004f-0000-001e00000004","d12fe72d-7a4f-481e-9083-8cd36615e04a"]
&amp#27;[38;5;32m[AndroidUiautomator2Driver@820d (d12fe72d)]&amp#27;[0m Valid locator strategies for this request: xpath, id, class name, accessibility id, css selector, -android uiautomator
&amp#27;[38;5;32m[AndroidUiautomator2Driver@820d (d12fe72d)]&amp#27;[0m Waiting up to 0 ms for condition
&amp#27;[38;5;32m[AndroidUiautomator2Driver@820d (d12fe72d)]&amp#27;[0m Matched '/elements' to command name 'findElements'
&amp#27;[38;5;32m[AndroidUiautomator2Driver@820d (d12fe72d)]&amp#27;[0m Proxying [POST /elements] to [POST http://127.0.0.1:8200/session/5b82ceeb-9e4c-4729-8c90-d8641a83fc81/elements] with body: {"strategy":"xpath","selector":"//android.view.View","context":"00000000-0000-004f-0000-001e00000004","multiple":true}
&amp#27;[38;5;32m[AndroidUiautomator2Driver@820d (d12fe72d)]&amp#27;[0m Got response with status 200: {"sessionId":"5b82ceeb-9e4c-4729-8c90-d8641a83fc81","value":[{"ELEMENT":"00000000-0000-004f-0000-005f00000004","element-6066-11e4-a52e-4f735466cecf":"00000000-0000-004f-0000-005f00000004"},{"ELEMENT":"00000000-0000-004f-0000-006100000004","element-6066-11e4-a52e-4f735466cecf":"00000000-0000-004f-0000-006100000004"},{"ELEMENT":"00000000-0000-004f-0000-006300000004","element-6066-11e4-a52e-4f735466cecf":"00000000-0000-004f-0000-006300000004"},{"ELEMENT":"00000000-0000-004f-0000-006500000004","element-6066-11e4-a52e-4f735466cecf":"00000000-0000-004f-0000-006500000004"},{"ELEMENT":"00000000-0000-004f-0000-006700000004","element-6066-11e4-a52e-4f735466cecf":"00000000-0000-004f-0000-006700000004"},{"ELEMENT":"00000000-0000-004f-0000-006900000004","element-6066-11e4-a52e-4f735466cecf":"00000000-0000-004f-0000-006900000004"},{"ELEMENT":"00000000-0000-004f-0000-006b00000004","element-6066-11e4-a52e-4f735466cecf":"00000000-0000-004f-0000-006b00000004"},{"ELEMENT":"00000000-0000-004f-0000-006d00000004","element-6066-...
&amp#27;[38;5;32m[AndroidUiautomator2Driver@820d (d12fe72d)]&amp#27;[0m Responding to client with driver.findElementsFromElement() result: [{"element-6066-11e4-a52e-4f735466cecf":"00000000-0000-004f-0000-005f00000004","ELEMENT":"00000000-0000-004f-0000-005f00000004"},{"element-6066-11e4-a52e-4f735466cecf":"00000000-0000-004f-0000-006100000004","ELEMENT":"00000000-0000-004f-0000-006100000004"},{"element-6066-11e4-a52e-4f735466cecf":"00000000-0000-004f-0000-006300000004","ELEMENT":"00000000-0000-004f-0000-006300000004"},{"element-6066-11e4-a52e-4f735466cecf":"00000000-0000-004f-0000-006500000004","ELEMENT":"00000000-0000-004f-0000-006500000004"},{"element-6066-11e4-a52e-4f735466cecf":"00000000-0000-004f-0000-006700000004","ELEMENT":"00000000-0000-004f-0000-006700000004"},{"element-6066-11e4-a52e-4f735466cecf":"00000000-0000-004f-0000-006900000004","ELEMENT":"00000000-0000-004f-0000-006900000004"},{"element-6066-11e4-a52e-4f735466cecf":"00000000-0000-004f-0000-006b00000004","ELEMENT":"00000000-0000-004f-0000-006b00000004"},{"element-6066-11e4-a52e-4f735466cecf":"00000000-0000-004f-0000-006d00000004","ELEMENT":"00000000-0000-004f-0000-006d0000000...
&amp#27;[38;5;0m[HTTP]&amp#27;[0m &amp#27;[37m<-- POST /session/d12fe72d-7a4f-481e-9083-8cd36615e04a/element/00000000-0000-004f-0000-001e00000004/elements &amp#27;[39m&amp#27;[32m200&amp#27;[39m &amp#27;[90m49 ms - 2059&amp#27;[39m
&amp#27;[38;5;0m[HTTP]&amp#27;[0m &amp#27;[90m&amp#27;[39m
&amp#27;[38;5;0m[HTTP]&amp#27;[0m &amp#27;[37m-->&amp#27;[39m &amp#27;[37mGET&amp#27;[39m &amp#27;[37m/session/d12fe72d-7a4f-481e-9083-8cd36615e04a/element/00000000-0000-004f-0000-005f00000004/text&amp#27;[39m
&amp#27;[38;5;0m[HTTP]&amp#27;[0m &amp#27;[90m{}&amp#27;[39m
&amp#27;[38;5;32m[AndroidUiautomator2Driver@820d (d12fe72d)]&amp#27;[0m Driver proxy active, passing request on via HTTP proxy
&amp#27;[38;5;32m[AndroidUiautomator2Driver@820d (d12fe72d)]&amp#27;[0m Matched '/session/d12fe72d-7a4f-481e-9083-8cd36615e04a/element/00000000-0000-004f-0000-005f00000004/text' to command name 'getText'
&amp#27;[38;5;32m[AndroidUiautomator2Driver@820d (d12fe72d)]&amp#27;[0m Proxying [GET /session/d12fe72d-7a4f-481e-9083-8cd36615e04a/element/00000000-0000-004f-0000-005f00000004/text] to [GET http://127.0.0.1:8200/session/5b82ceeb-9e4c-4729-8c90-d8641a83fc81/element/00000000-0000-004f-0000-005f00000004/text] with no body
&amp#27;[38;5;32m[AndroidUiautomator2Driver@820d (d12fe72d)]&amp#27;[0m Got response with status 200: {"sessionId":"5b82ceeb-9e4c-4729-8c90-d8641a83fc81","value":"Sat"}
&amp#27;[38;5;32m[AndroidUiautomator2Driver@820d (d12fe72d)]&amp#27;[0m Replacing sessionId 5b82ceeb-9e4c-4729-8c90-d8641a83fc81 with d12fe72d-7a4f-481e-9083-8cd36615e04a
&amp#27;[38;5;0m[HTTP]&amp#27;[0m &amp#27;[37m<-- GET /session/d12fe72d-7a4f-481e-9083-8cd36615e04a/element/00000000-0000-004f-0000-005f00000004/text &amp#27;[39m&amp#27;[32m200&amp#27;[39m &amp#27;[90m13 ms - 66&amp#27;[39m
&amp#27;[38;5;0m[HTTP]&amp#27;[0m &amp#27;[90m&amp#27;[39m
&amp#27;[38;5;0m[HTTP]&amp#27;[0m &amp#27;[37m-->&amp#27;[39m &amp#27;[37mGET&amp#27;[39m &amp#27;[37m/session/d12fe72d-7a4f-481e-9083-8cd36615e04a/element/00000000-0000-004f-0000-006100000004/text&amp#27;[39m
&amp#27;[38;5;0m[HTTP]&amp#27;[0m &amp#27;[90m{}&amp#27;[39m
&amp#27;[38;5;32m[AndroidUiautomator2Driver@820d (d12fe72d)]&amp#27;[0m Driver proxy active, passing request on via HTTP proxy
&amp#27;[38;5;32m[AndroidUiautomator2Driver@820d (d12fe72d)]&amp#27;[0m Matched '/session/d12fe72d-7a4f-481e-9083-8cd36615e04a/element/00000000-0000-004f-0000-006100000004/text' to command name 'getText'
&amp#27;[38;5;32m[AndroidUiautomator2Driver@820d (d12fe72d)]&amp#27;[0m Proxying [GET /session/d12fe72d-7a4f-481e-9083-8cd36615e04a/element/00000000-0000-004f-0000-006100000004/text] to [GET http://127.0.0.1:8200/session/5b82ceeb-9e4c-4729-8c90-d8641a83fc81/element/00000000-0000-004f-0000-006100000004/text] with no body
&amp#27;[38;5;32m[AndroidUiautomator2Driver@820d (d12fe72d)]&amp#27;[0m Got response with status 200: {"sessionId":"5b82ceeb-9e4c-4729-8c90-d8641a83fc81","value":"moderate rain"}
&amp#27;[38;5;32m[AndroidUiautomator2Driver@820d (d12fe72d)]&amp#27;[0m Replacing sessionId 5b82ceeb-9e4c-4729-8c90-d8641a83fc81 with d12fe72d-7a4f-481e-9083-8cd36615e04a
&amp#27;[38;5;0m[HTTP]&amp#27;[0m &amp#27;[37m<-- GET /session/d12fe72d-7a4f-481e-9083-8cd36615e04a/element/00000000-0000-004f-0000-006100000004/text &amp#27;[39m&amp#27;[32m200&amp#27;[39m &amp#27;[90m9 ms - 76&amp#27;[39m
&amp#27;[38;5;0m[HTTP]&amp#27;[0m &amp#27;[90m&amp#27;[39m
&amp#27;[38;5;0m[HTTP]&amp#27;[0m &amp#27;[37m-->&amp#27;[39m &amp#27;[37mGET&amp#27;[39m &amp#27;[37m/session/d12fe72d-7a4f-481e-9083-8cd36615e04a/element/00000000-0000-004f-0000-006300000004/text&amp#27;[39m
&amp#27;[38;5;0m[HTTP]&amp#27;[0m &amp#27;[90m{}&amp#27;[39m
&amp#27;[38;5;32m[AndroidUiautomator2Driver@820d (d12fe72d)]&amp#27;[0m Driver proxy active, passing request on via HTTP proxy
&amp#27;[38;5;32m[AndroidUiautomator2Driver@820d (d12fe72d)]&amp#27;[0m Matched '/session/d12fe72d-7a4f-481e-9083-8cd36615e04a/element/00000000-0000-004f-0000-006300000004/text' to command name 'getText'
&amp#27;[38;5;32m[AndroidUiautomator2Driver@820d (d12fe72d)]&amp#27;[0m Proxying [GET /session/d12fe72d-7a4f-481e-9083-8cd36615e04a/element/00000000-0000-004f-0000-006300000004/text] to [GET http://127.0.0.1:8200/session/5b82ceeb-9e4c-4729-8c90-d8641a83fc81/element/00000000-0000-004f-0000-006300000004/text] with no body
&amp#27;[38;5;32m[AndroidUiautomator2Driver@820d (d12fe72d)]&amp#27;[0m Got response with status 200: {"sessionId":"5b82ceeb-9e4c-4729-8c90-d8641a83fc81","value":"57 %"}
&amp#27;[38;5;32m[AndroidUiautomator2Driver@820d (d12fe72d)]&amp#27;[0m Replacing sessionId 5b82ceeb-9e4c-4729-8c90-d8641a83fc81 with d12fe72d-7a4f-481e-9083-8cd36615e04a
&amp#27;[38;5;0m[HTTP]&amp#27;[0m &amp#27;[37m<-- GET /session/d12fe72d-7a4f-481e-9083-8cd36615e04a/element/00000000-0000-004f-0000-006300000004/text &amp#27;[39m&amp#27;[32m200&amp#27;[39m &amp#27;[90m9 ms - 67&amp#27;[39m
&amp#27;[38;5;0m[HTTP]&amp#27;[0m &amp#27;[90m&amp#27;[39m
&amp#27;[38;5;0m[HTTP]&amp#27;[0m &amp#27;[37m-->&amp#27;[39m &amp#27;[37mGET&amp#27;[39m &amp#27;[37m/session/d12fe72d-7a4f-481e-9083-8cd36615e04a/element/00000000-0000-004f-0000-006500000004/text&amp#27;[39m
&amp#27;[38;5;0m[HTTP]&amp#27;[0m &amp#27;[90m{}&amp#27;[39m
&amp#27;[38;5;32m[AndroidUiautomator2Driver@820d (d12fe72d)]&amp#27;[0m Driver proxy active, passing request on via HTTP proxy
&amp#27;[38;5;32m[AndroidUiautomator2Driver@820d (d12fe72d)]&amp#27;[0m Matched '/session/d12fe72d-7a4f-481e-9083-8cd36615e04a/element/00000000-0000-004f-0000-006500000004/text' to command name 'getText'
&amp#27;[38;5;32m[AndroidUiautomator2Driver@820d (d12fe72d)]&amp#27;[0m Proxying [GET /session/d12fe72d-7a4f-481e-9083-8cd36615e04a/element/00000000-0000-004f-0000-006500000004/text] to [GET http://127.0.0.1:8200/session/5b82ceeb-9e4c-4729-8c90-d8641a83fc81/element/00000000-0000-004f-0000-006500000004/text] with no body
&amp#27;[38;5;32m[AndroidUiautomator2Driver@820d (d12fe72d)]&amp#27;[0m Got response with status 200: {"sessionId":"5b82ceeb-9e4c-4729-8c90-d8641a83fc81","value":"17 Â°C"}
&amp#27;[38;5;32m[AndroidUiautomator2Driver@820d (d12fe72d)]&amp#27;[0m Replacing sessionId 5b82ceeb-9e4c-4729-8c90-d8641a83fc81 with d12fe72d-7a4f-481e-9083-8cd36615e04a
&amp#27;[38;5;0m[HTTP]&amp#27;[0m &amp#27;[37m<-- GET /session/d12fe72d-7a4f-481e-9083-8cd36615e04a/element/00000000-0000-004f-0000-006500000004/text &amp#27;[39m&amp#27;[32m200&amp#27;[39m &amp#27;[90m9 ms - 69&amp#27;[39m
&amp#27;[38;5;0m[HTTP]&amp#27;[0m &amp#27;[90m&amp#27;[39m
&amp#27;[38;5;0m[HTTP]&amp#27;[0m &amp#27;[37m-->&amp#27;[39m &amp#27;[37mGET&amp#27;[39m &amp#27;[37m/session/d12fe72d-7a4f-481e-9083-8cd36615e04a/element/00000000-0000-004f-0000-006700000004/text&amp#27;[39m
&amp#27;[38;5;0m[HTTP]&amp#27;[0m &amp#27;[90m{}&amp#27;[39m
&amp#27;[38;5;32m[AndroidUiautomator2Driver@820d (d12fe72d)]&amp#27;[0m Driver proxy active, passing request on via HTTP proxy
&amp#27;[38;5;32m[AndroidUiautomator2Driver@820d (d12fe72d)]&amp#27;[0m Matched '/session/d12fe72d-7a4f-481e-9083-8cd36615e04a/element/00000000-0000-004f-0000-006700000004/text' to command name 'getText'
&amp#27;[38;5;32m[AndroidUiautomator2Driver@820d (d12fe72d)]&amp#27;[0m Proxying [GET /session/d12fe72d-7a4f-481e-9083-8cd36615e04a/element/00000000-0000-004f-0000-006700000004/text] to [GET http://127.0.0.1:8200/session/5b82ceeb-9e4c-4729-8c90-d8641a83fc81/element/00000000-0000-004f-0000-006700000004/text] with no body
&amp#27;[38;5;32m[AndroidUiautomator2Driver@820d (d12fe72d)]&amp#27;[0m Got response with status 200: {"sessionId":"5b82ceeb-9e4c-4729-8c90-d8641a83fc81","value":"Sun"}
&amp#27;[38;5;32m[AndroidUiautomator2Driver@820d (d12fe72d)]&amp#27;[0m Replacing sessionId 5b82ceeb-9e4c-4729-8c90-d8641a83fc81 with d12fe72d-7a4f-481e-9083-8cd36615e04a
&amp#27;[38;5;0m[HTTP]&amp#27;[0m &amp#27;[37m<-- GET /session/d12fe72d-7a4f-481e-9083-8cd36615e04a/element/00000000-0000-004f-0000-006700000004/text &amp#27;[39m&amp#27;[32m200&amp#27;[39m &amp#27;[90m8 ms - 66&amp#27;[39m
&amp#27;[38;5;0m[HTTP]&amp#27;[0m &amp#27;[90m&amp#27;[39m
&amp#27;[38;5;0m[HTTP]&amp#27;[0m &amp#27;[37m-->&amp#27;[39m &amp#27;[37mGET&amp#27;[39m &amp#27;[37m/session/d12fe72d-7a4f-481e-9083-8cd36615e04a/element/00000000-0000-004f-0000-006900000004/text&amp#27;[39m
&amp#27;[38;5;0m[HTTP]&amp#27;[0m &amp#27;[90m{}&amp#27;[39m
&amp#27;[38;5;32m[AndroidUiautomator2Driver@820d (d12fe72d)]&amp#27;[0m Driver proxy active, passing request on via HTTP proxy
&amp#27;[38;5;32m[AndroidUiautomator2Driver@820d (d12fe72d)]&amp#27;[0m Matched '/session/d12fe72d-7a4f-481e-9083-8cd36615e04a/element/00000000-0000-004f-0000-006900000004/text' to command name 'getText'
&amp#27;[38;5;32m[AndroidUiautomator2Driver@820d (d12fe72d)]&amp#27;[0m Proxying [GET /session/d12fe72d-7a4f-481e-9083-8cd36615e04a/element/00000000-0000-004f-0000-006900000004/text] to [GET http://127.0.0.1:8200/session/5b82ceeb-9e4c-4729-8c90-d8641a83fc81/element/00000000-0000-004f-0000-006900000004/text] with no body
&amp#27;[38;5;32m[AndroidUiautomator2Driver@820d (d12fe72d)]&amp#27;[0m Got response with status 200: {"sessionId":"5b82ceeb-9e4c-4729-8c90-d8641a83fc81","value":"moderate rain"}
&amp#27;[38;5;32m[AndroidUiautomator2Driver@820d (d12fe72d)]&amp#27;[0m Replacing sessionId 5b82ceeb-9e4c-4729-8c90-d8641a83fc81 with d12fe72d-7a4f-481e-9083-8cd36615e04a
&amp#27;[38;5;0m[HTTP]&amp#27;[0m &amp#27;[37m<-- GET /session/d12fe72d-7a4f-481e-9083-8cd36615e04a/element/00000000-0000-004f-0000-006900000004/text &amp#27;[39m&amp#27;[32m200&amp#27;[39m &amp#27;[90m9 ms - 76&amp#27;[39m
&amp#27;[38;5;0m[HTTP]&amp#27;[0m &amp#27;[90m&amp#27;[39m
&amp#27;[38;5;0m[HTTP]&amp#27;[0m &amp#27;[37m-->&amp#27;[39m &amp#27;[37mGET&amp#27;[39m &amp#27;[37m/session/d12fe72d-7a4f-481e-9083-8cd36615e04a/element/00000000-0000-004f-0000-006b00000004/text&amp#27;[39m
&amp#27;[38;5;0m[HTTP]&amp#27;[0m &amp#27;[90m{}&amp#27;[39m
&amp#27;[38;5;32m[AndroidUiautomator2Driver@820d (d12fe72d)]&amp#27;[0m Driver proxy active, passing request on via HTTP proxy
&amp#27;[38;5;32m[AndroidUiautomator2Driver@820d (d12fe72d)]&amp#27;[0m Matched '/session/d12fe72d-7a4f-481e-9083-8cd36615e04a/element/00000000-0000-004f-0000-006b00000004/text' to command name 'getText'
&amp#27;[38;5;32m[AndroidUiautomator2Driver@820d (d12fe72d)]&amp#27;[0m Proxying [GET /session/d12fe72d-7a4f-481e-9083-8cd36615e04a/element/00000000-0000-004f-0000-006b00000004/text] to [GET http://127.0.0.1:8200/session/5b82ceeb-9e4c-4729-8c90-d8641a83fc81/element/00000000-0000-004f-0000-006b00000004/text] with no body
&amp#27;[38;5;32m[AndroidUiautomator2Driver@820d (d12fe72d)]&amp#27;[0m Got response with status 200: {"sessionId":"5b82ceeb-9e4c-4729-8c90-d8641a83fc81","value":"77 %"}
&amp#27;[38;5;32m[AndroidUiautomator2Driver@820d (d12fe72d)]&amp#27;[0m Replacing sessionId 5b82ceeb-9e4c-4729-8c90-d8641a83fc81 with d12fe72d-7a4f-481e-9083-8cd36615e04a
&amp#27;[38;5;0m[HTTP]&amp#27;[0m &amp#27;[37m<-- GET /session/d12fe72d-7a4f-481e-9083-8cd36615e04a/element/00000000-0000-004f-0000-006b00000004/text &amp#27;[39m&amp#27;[32m200&amp#27;[39m &amp#27;[90m9 ms - 67&amp#27;[39m
&amp#27;[38;5;0m[HTTP]&amp#27;[0m &amp#27;[90m&amp#27;[39m
&amp#27;[38;5;0m[HTTP]&amp#27;[0m &amp#27;[37m-->&amp#27;[39m &amp#27;[37mGET&amp#27;[39m &amp#27;[37m/session/d12fe72d-7a4f-481e-9083-8cd36615e04a/element/00000000-0000-004f-0000-006d00000004/text&amp#27;[39m
&amp#27;[38;5;0m[HTTP]&amp#27;[0m &amp#27;[90m{}&amp#27;[39m
&amp#27;[38;5;32m[AndroidUiautomator2Driver@820d (d12fe72d)]&amp#27;[0m Driver proxy active, passing request on via HTTP proxy
&amp#27;[38;5;32m[AndroidUiautomator2Driver@820d (d12fe72d)]&amp#27;[0m Matched '/session/d12fe72d-7a4f-481e-9083-8cd36615e04a/element/00000000-0000-004f-0000-006d00000004/text' to command name 'getText'
&amp#27;[38;5;32m[AndroidUiautomator2Driver@820d (d12fe72d)]&amp#27;[0m Proxying [GET /session/d12fe72d-7a4f-481e-9083-8cd36615e04a/element/00000000-0000-004f-0000-006d00000004/text] to [GET http://127.0.0.1:8200/session/5b82ceeb-9e4c-4729-8c90-d8641a83fc81/element/00000000-0000-004f-0000-006d00000004/text] with no body
&amp#27;[38;5;32m[AndroidUiautomator2Driver@820d (d12fe72d)]&amp#27;[0m Got response with status 200: {"sessionId":"5b82ceeb-9e4c-4729-8c90-d8641a83fc81","value":"16 Â°C"}
&amp#27;[38;5;32m[AndroidUiautomator2Driver@820d (d12fe72d)]&amp#27;[0m Replacing sessionId 5b82ceeb-9e4c-4729-8c90-d8641a83fc81 with d12fe72d-7a4f-481e-9083-8cd36615e04a
&amp#27;[38;5;0m[HTTP]&amp#27;[0m &amp#27;[37m<-- GET /session/d12fe72d-7a4f-481e-9083-8cd36615e04a/element/00000000-0000-004f-0000-006d00000004/text &amp#27;[39m&amp#27;[32m200&amp#27;[39m &amp#27;[90m9 ms - 69&amp#27;[39m
&amp#27;[38;5;0m[HTTP]&amp#27;[0m &amp#27;[90m&amp#27;[39m
&amp#27;[38;5;0m[HTTP]&amp#27;[0m &amp#27;[37m-->&amp#27;[39m &amp#27;[37mGET&amp#27;[39m &amp#27;[37m/session/d12fe72d-7a4f-481e-9083-8cd36615e04a/element/00000000-0000-004f-0000-006f00000004/text&amp#27;[39m
&amp#27;[38;5;0m[HTTP]&amp#27;[0m &amp#27;[90m{}&amp#27;[39m
&amp#27;[38;5;32m[AndroidUiautomator2Driver@820d (d12fe72d)]&amp#27;[0m Driver proxy active, passing request on via HTTP proxy
&amp#27;[38;5;32m[AndroidUiautomator2Driver@820d (d12fe72d)]&amp#27;[0m Matched '/session/d12fe72d-7a4f-481e-9083-8cd36615e04a/element/00000000-0000-004f-0000-006f00000004/text' to command name 'getText'
&amp#27;[38;5;32m[AndroidUiautomator2Driver@820d (d12fe72d)]&amp#27;[0m Proxying [GET /session/d12fe72d-7a4f-481e-9083-8cd36615e04a/element/00000000-0000-004f-0000-006f00000004/text] to [GET http://127.0.0.1:8200/session/5b82ceeb-9e4c-4729-8c90-d8641a83fc81/element/00000000-0000-004f-0000-006f00000004/text] with no body
&amp#27;[38;5;32m[AndroidUiautomator2Driver@820d (d12fe72d)]&amp#27;[0m Got response with status 200: {"sessionId":"5b82ceeb-9e4c-4729-8c90-d8641a83fc81","value":"Mon"}
&amp#27;[38;5;32m[AndroidUiautomator2Driver@820d (d12fe72d)]&amp#27;[0m Replacing sessionId 5b82ceeb-9e4c-4729-8c90-d8641a83fc81 with d12fe72d-7a4f-481e-9083-8cd36615e04a
&amp#27;[38;5;0m[HTTP]&amp#27;[0m &amp#27;[37m<-- GET /session/d12fe72d-7a4f-481e-9083-8cd36615e04a/element/00000000-0000-004f-0000-006f00000004/text &amp#27;[39m&amp#27;[32m200&amp#27;[39m &amp#27;[90m9 ms - 66&amp#27;[39m
&amp#27;[38;5;0m[HTTP]&amp#27;[0m &amp#27;[90m&amp#27;[39m
&amp#27;[38;5;0m[HTTP]&amp#27;[0m &amp#27;[37m-->&amp#27;[39m &amp#27;[37mGET&amp#27;[39m &amp#27;[37m/session/d12fe72d-7a4f-481e-9083-8cd36615e04a/element/00000000-0000-004f-0000-007100000004/text&amp#27;[39m
&amp#27;[38;5;0m[HTTP]&amp#27;[0m &amp#27;[90m{}&amp#27;[39m
&amp#27;[38;5;32m[AndroidUiautomator2Driver@820d (d12fe72d)]&amp#27;[0m Driver proxy active, passing request on via HTTP proxy
&amp#27;[38;5;32m[AndroidUiautomator2Driver@820d (d12fe72d)]&amp#27;[0m Matched '/session/d12fe72d-7a4f-481e-9083-8cd36615e04a/element/00000000-0000-004f-0000-007100000004/text' to command name 'getText'
&amp#27;[38;5;32m[AndroidUiautomator2Driver@820d (d12fe72d)]&amp#27;[0m Proxying [GET /session/d12fe72d-7a4f-481e-9083-8cd36615e04a/element/00000000-0000-004f-0000-007100000004/text] to [GET http://127.0.0.1:8200/session/5b82ceeb-9e4c-4729-8c90-d8641a83fc81/element/00000000-0000-004f-0000-007100000004/text] with no body
&amp#27;[38;5;32m[AndroidUiautomator2Driver@820d (d12fe72d)]&amp#27;[0m Got response with status 200: {"sessionId":"5b82ceeb-9e4c-4729-8c90-d8641a83fc81","value":"heavy intensity rain"}
&amp#27;[38;5;32m[AndroidUiautomator2Driver@820d (d12fe72d)]&amp#27;[0m Replacing sessionId 5b82ceeb-9e4c-4729-8c90-d8641a83fc81 with d12fe72d-7a4f-481e-9083-8cd36615e04a
&amp#27;[38;5;0m[HTTP]&amp#27;[0m &amp#27;[37m<-- GET /session/d12fe72d-7a4f-481e-9083-8cd36615e04a/element/00000000-0000-004f-0000-007100000004/text &amp#27;[39m&amp#27;[32m200&amp#27;[39m &amp#27;[90m9 ms - 83&amp#27;[39m
&amp#27;[38;5;0m[HTTP]&amp#27;[0m &amp#27;[90m&amp#27;[39m
&amp#27;[38;5;0m[HTTP]&amp#27;[0m &amp#27;[37m-->&amp#27;[39m &amp#27;[37mGET&amp#27;[39m &amp#27;[37m/session/d12fe72d-7a4f-481e-9083-8cd36615e04a/element/00000000-0000-004f-0000-007300000004/text&amp#27;[39m
&amp#27;[38;5;0m[HTTP]&amp#27;[0m &amp#27;[90m{}&amp#27;[39m
&amp#27;[38;5;32m[AndroidUiautomator2Driver@820d (d12fe72d)]&amp#27;[0m Driver proxy active, passing request on via HTTP proxy
&amp#27;[38;5;32m[AndroidUiautomator2Driver@820d (d12fe72d)]&amp#27;[0m Matched '/session/d12fe72d-7a4f-481e-9083-8cd36615e04a/element/00000000-0000-004f-0000-007300000004/text' to command name 'getText'
&amp#27;[38;5;32m[AndroidUiautomator2Driver@820d (d12fe72d)]&amp#27;[0m Proxying [GET /session/d12fe72d-7a4f-481e-9083-8cd36615e04a/element/00000000-0000-004f-0000-007300000004/text] to [GET http://127.0.0.1:8200/session/5b82ceeb-9e4c-4729-8c90-d8641a83fc81/element/00000000-0000-004f-0000-007300000004/text] with no body
&amp#27;[38;5;32m[AndroidUiautomator2Driver@820d (d12fe72d)]&amp#27;[0m Got response with status 200: {"sessionId":"5b82ceeb-9e4c-4729-8c90-d8641a83fc81","value":"88 %"}
&amp#27;[38;5;32m[AndroidUiautomator2Driver@820d (d12fe72d)]&amp#27;[0m Replacing sessionId 5b82ceeb-9e4c-4729-8c90-d8641a83fc81 with d12fe72d-7a4f-481e-9083-8cd36615e04a
&amp#27;[38;5;0m[HTTP]&amp#27;[0m &amp#27;[37m<-- GET /session/d12fe72d-7a4f-481e-9083-8cd36615e04a/element/00000000-0000-004f-0000-007300000004/text &amp#27;[39m&amp#27;[32m200&amp#27;[39m &amp#27;[90m9 ms - 67&amp#27;[39m
&amp#27;[38;5;0m[HTTP]&amp#27;[0m &amp#27;[90m&amp#27;[39m
&amp#27;[38;5;0m[HTTP]&amp#27;[0m &amp#27;[37m-->&amp#27;[39m &amp#27;[37mGET&amp#27;[39m &amp#27;[37m/session/d12fe72d-7a4f-481e-9083-8cd36615e04a/element/00000000-0000-004f-0000-007500000004/text&amp#27;[39m
&amp#27;[38;5;0m[HTTP]&amp#27;[0m &amp#27;[90m{}&amp#27;[39m
&amp#27;[38;5;32m[AndroidUiautomator2Driver@820d (d12fe72d)]&amp#27;[0m Driver proxy active, passing request on via HTTP proxy
&amp#27;[38;5;32m[AndroidUiautomator2Driver@820d (d12fe72d)]&amp#27;[0m Matched '/session/d12fe72d-7a4f-481e-9083-8cd36615e04a/element/00000000-0000-004f-0000-007500000004/text' to command name 'getText'
&amp#27;[38;5;32m[AndroidUiautomator2Driver@820d (d12fe72d)]&amp#27;[0m Proxying [GET /session/d12fe72d-7a4f-481e-9083-8cd36615e04a/element/00000000-0000-004f-0000-007500000004/text] to [GET http://127.0.0.1:8200/session/5b82ceeb-9e4c-4729-8c90-d8641a83fc81/element/00000000-0000-004f-0000-007500000004/text] with no body
&amp#27;[38;5;32m[AndroidUiautomator2Driver@820d (d12fe72d)]&amp#27;[0m Got response with status 200: {"sessionId":"5b82ceeb-9e4c-4729-8c90-d8641a83fc81","value":"15 Â°C"}
&amp#27;[38;5;32m[AndroidUiautomator2Driver@820d (d12fe72d)]&amp#27;[0m Replacing sessionId 5b82ceeb-9e4c-4729-8c90-d8641a83fc81 with d12fe72d-7a4f-481e-9083-8cd36615e04a
&amp#27;[38;5;0m[HTTP]&amp#27;[0m &amp#27;[37m<-- GET /session/d12fe72d-7a4f-481e-9083-8cd36615e04a/element/00000000-0000-004f-0000-007500000004/text &amp#27;[39m&amp#27;[32m200&amp#27;[39m &amp#27;[90m9 ms - 69&amp#27;[39m
&amp#27;[38;5;0m[HTTP]&amp#27;[0m &amp#27;[90m&amp#27;[39m
&amp#27;[38;5;0m[HTTP]&amp#27;[0m &amp#27;[37m-->&amp#27;[39m &amp#27;[37mGET&amp#27;[39m &amp#27;[37m/session/d12fe72d-7a4f-481e-9083-8cd36615e04a/element/00000000-0000-004f-0000-007700000004/text&amp#27;[39m
&amp#27;[38;5;0m[HTTP]&amp#27;[0m &amp#27;[90m{}&amp#27;[39m
&amp#27;[38;5;32m[AndroidUiautomator2Driver@820d (d12fe72d)]&amp#27;[0m Driver proxy active, passing request on via HTTP proxy
&amp#27;[38;5;32m[AndroidUiautomator2Driver@820d (d12fe72d)]&amp#27;[0m Matched '/session/d12fe72d-7a4f-481e-9083-8cd36615e04a/element/00000000-0000-004f-0000-007700000004/text' to command name 'getText'
&amp#27;[38;5;32m[AndroidUiautomator2Driver@820d (d12fe72d)]&amp#27;[0m Proxying [GET /session/d12fe72d-7a4f-481e-9083-8cd36615e04a/element/00000000-0000-004f-0000-007700000004/text] to [GET http://127.0.0.1:8200/session/5b82ceeb-9e4c-4729-8c90-d8641a83fc81/element/00000000-0000-004f-0000-007700000004/text] with no body
&amp#27;[38;5;32m[AndroidUiautomator2Driver@820d (d12fe72d)]&amp#27;[0m Got response with status 200: {"sessionId":"5b82ceeb-9e4c-4729-8c90-d8641a83fc81","value":"Tue"}
&amp#27;[38;5;32m[AndroidUiautomator2Driver@820d (d12fe72d)]&amp#27;[0m Replacing sessionId 5b82ceeb-9e4c-4729-8c90-d8641a83fc81 with d12fe72d-7a4f-481e-9083-8cd36615e04a
&amp#27;[38;5;0m[HTTP]&amp#27;[0m &amp#27;[37m<-- GET /session/d12fe72d-7a4f-481e-9083-8cd36615e04a/element/00000000-0000-004f-0000-007700000004/text &amp#27;[39m&amp#27;[32m200&amp#27;[39m &amp#27;[90m9 ms - 66&amp#27;[39m
&amp#27;[38;5;0m[HTTP]&amp#27;[0m &amp#27;[90m&amp#27;[39m
&amp#27;[38;5;0m[HTTP]&amp#27;[0m &amp#27;[37m-->&amp#27;[39m &amp#27;[37mGET&amp#27;[39m &amp#27;[37m/session/d12fe72d-7a4f-481e-9083-8cd36615e04a/element/00000000-0000-004f-0000-007900000004/text&amp#27;[39m
&amp#27;[38;5;0m[HTTP]&amp#27;[0m &amp#27;[90m{}&amp#27;[39m
&amp#27;[38;5;32m[AndroidUiautomator2Driver@820d (d12fe72d)]&amp#27;[0m Driver proxy active, passing request on via HTTP proxy
&amp#27;[38;5;32m[AndroidUiautomator2Driver@820d (d12fe72d)]&amp#27;[0m Matched '/session/d12fe72d-7a4f-481e-9083-8cd36615e04a/element/00000000-0000-004f-0000-007900000004/text' to command name 'getText'
&amp#27;[38;5;32m[AndroidUiautomator2Driver@820d (d12fe72d)]&amp#27;[0m Proxying [GET /session/d12fe72d-7a4f-481e-9083-8cd36615e04a/element/00000000-0000-004f-0000-007900000004/text] to [GET http://127.0.0.1:8200/session/5b82ceeb-9e4c-4729-8c90-d8641a83fc81/element/00000000-0000-004f-0000-007900000004/text] with no body
&amp#27;[38;5;32m[AndroidUiautomator2Driver@820d (d12fe72d)]&amp#27;[0m Got response with status 200: {"sessionId":"5b82ceeb-9e4c-4729-8c90-d8641a83fc81","value":"light rain"}
&amp#27;[38;5;32m[AndroidUiautomator2Driver@820d (d12fe72d)]&amp#27;[0m Replacing sessionId 5b82ceeb-9e4c-4729-8c90-d8641a83fc81 with d12fe72d-7a4f-481e-9083-8cd36615e04a
&amp#27;[38;5;0m[HTTP]&amp#27;[0m &amp#27;[37m<-- GET /session/d12fe72d-7a4f-481e-9083-8cd36615e04a/element/00000000-0000-004f-0000-007900000004/text &amp#27;[39m&amp#27;[32m200&amp#27;[39m &amp#27;[90m9 ms - 73&amp#27;[39m
&amp#27;[38;5;0m[HTTP]&amp#27;[0m &amp#27;[90m&amp#27;[39m
&amp#27;[38;5;0m[HTTP]&amp#27;[0m &amp#27;[37m-->&amp#27;[39m &amp#27;[37mGET&amp#27;[39m &amp#27;[37m/session/d12fe72d-7a4f-481e-9083-8cd36615e04a/element/00000000-0000-004f-0000-007b00000004/text&amp#27;[39m
&amp#27;[38;5;0m[HTTP]&amp#27;[0m &amp#27;[90m{}&amp#27;[39m
&amp#27;[38;5;32m[AndroidUiautomator2Driver@820d (d12fe72d)]&amp#27;[0m Driver proxy active, passing request on via HTTP proxy
&amp#27;[38;5;32m[AndroidUiautomator2Driver@820d (d12fe72d)]&amp#27;[0m Matched '/session/d12fe72d-7a4f-481e-9083-8cd36615e04a/element/00000000-0000-004f-0000-007b00000004/text' to command name 'getText'
&amp#27;[38;5;32m[AndroidUiautomator2Driver@820d (d12fe72d)]&amp#27;[0m Proxying [GET /session/d12fe72d-7a4f-481e-9083-8cd36615e04a/element/00000000-0000-004f-0000-007b00000004/text] to [GET http://127.0.0.1:8200/session/5b82ceeb-9e4c-4729-8c90-d8641a83fc81/element/00000000-0000-004f-0000-007b00000004/text] with no body
&amp#27;[38;5;32m[AndroidUiautomator2Driver@820d (d12fe72d)]&amp#27;[0m Got response with status 200: {"sessionId":"5b82ceeb-9e4c-4729-8c90-d8641a83fc81","value":"85 %"}
&amp#27;[38;5;32m[AndroidUiautomator2Driver@820d (d12fe72d)]&amp#27;[0m Replacing sessionId 5b82ceeb-9e4c-4729-8c90-d8641a83fc81 with d12fe72d-7a4f-481e-9083-8cd36615e04a
&amp#27;[38;5;0m[HTTP]&amp#27;[0m &amp#27;[37m<-- GET /session/d12fe72d-7a4f-481e-9083-8cd36615e04a/element/00000000-0000-004f-0000-007b00000004/text &amp#27;[39m&amp#27;[32m200&amp#27;[39m &amp#27;[90m10 ms - 67&amp#27;[39m
&amp#27;[38;5;0m[HTTP]&amp#27;[0m &amp#27;[90m&amp#27;[39m
&amp#27;[38;5;0m[HTTP]&amp#27;[0m &amp#27;[37m-->&amp#27;[39m &amp#27;[37mGET&amp#27;[39m &amp#27;[37m/session/d12fe72d-7a4f-481e-9083-8cd36615e04a/element/00000000-0000-004f-0000-007d00000004/text&amp#27;[39m
&amp#27;[38;5;0m[HTTP]&amp#27;[0m &amp#27;[90m{}&amp#27;[39m
&amp#27;[38;5;32m[AndroidUiautomator2Driver@820d (d12fe72d)]&amp#27;[0m Driver proxy active, passing request on via HTTP proxy
&amp#27;[38;5;32m[AndroidUiautomator2Driver@820d (d12fe72d)]&amp#27;[0m Matched '/session/d12fe72d-7a4f-481e-9083-8cd36615e04a/element/00000000-0000-004f-0000-007d00000004/text' to command name 'getText'
&amp#27;[38;5;32m[AndroidUiautomator2Driver@820d (d12fe72d)]&amp#27;[0m Proxying [GET /session/d12fe72d-7a4f-481e-9083-8cd36615e04a/element/00000000-0000-004f-0000-007d00000004/text] to [GET http://127.0.0.1:8200/session/5b82ceeb-9e4c-4729-8c90-d8641a83fc81/element/00000000-0000-004f-0000-007d00000004/text] with no body
&amp#27;[38;5;32m[AndroidUiautomator2Driver@820d (d12fe72d)]&amp#27;[0m Got response with status 200: {"sessionId":"5b82ceeb-9e4c-4729-8c90-d8641a83fc81","value":"16 Â°C"}
&amp#27;[38;5;32m[AndroidUiautomator2Driver@820d (d12fe72d)]&amp#27;[0m Replacing sessionId 5b82ceeb-9e4c-4729-8c90-d8641a83fc81 with d12fe72d-7a4f-481e-9083-8cd36615e04a
&amp#27;[38;5;0m[HTTP]&amp#27;[0m &amp#27;[37m<-- GET /session/d12fe72d-7a4f-481e-9083-8cd36615e04a/element/00000000-0000-004f-0000-007d00000004/text &amp#27;[39m&amp#27;[32m200&amp#27;[39m &amp#27;[90m10 ms - 69&amp#27;[39m
&amp#27;[38;5;0m[HTTP]&amp#27;[0m &amp#27;[90m&amp#27;[39m
&amp#27;[38;5;0m[HTTP]&amp#27;[0m &amp#27;[37m-->&amp#27;[39m &amp#27;[37mPOST&amp#27;[39m &amp#27;[37m/session/d12fe72d-7a4f-481e-9083-8cd36615e04a/execute/sync&amp#27;[39m
&amp#27;[38;5;0m[HTTP]&amp#27;[0m &amp#27;[90m{"script":"mobile: swipeGesture","args":[{"elementId":"00000000-0000-004f-0000-001e00000004","percent":0.4,"speed":320,"direction":"left"}]}&amp#27;[39m
&amp#27;[38;5;32m[AndroidUiautomator2Driver@820d (d12fe72d)]&amp#27;[0m Calling AppiumDriver.execute() with args: ["mobile: swipeGesture",[{"elementId":"00000000-0000-004f-0000-001e00000004","percent":0.4,"speed":320,"direction":"left"}],"d12fe72d-7a4f-481e-9083-8cd36615e04a"]
&amp#27;[38;5;32m[AndroidUiautomator2Driver@820d (d12fe72d)]&amp#27;[0m Executing method 'mobile: swipeGesture'
&amp#27;[38;5;32m[AndroidUiautomator2Driver@820d (d12fe72d)]&amp#27;[0m Proxying [POST /appium/gestures/swipe] to [POST http://127.0.0.1:8200/session/5b82ceeb-9e4c-4729-8c90-d8641a83fc81/appium/gestures/swipe] with body: {"origin":{"ELEMENT":"00000000-0000-004f-0000-001e00000004","element-6066-11e4-a52e-4f735466cecf":"00000000-0000-004f-0000-001e00000004"},"direction":"left","percent":0.4,"speed":320}
&amp#27;[38;5;32m[AndroidUiautomator2Driver@820d (d12fe72d)]&amp#27;[0m Got response with status 200: {"sessionId":"5b82ceeb-9e4c-4729-8c90-d8641a83fc81","value":null}
&amp#27;[38;5;32m[AndroidUiautomator2Driver@820d (d12fe72d)]&amp#27;[0m Responding to client with driver.execute() result: null
&amp#27;[38;5;0m[HTTP]&amp#27;[0m &amp#27;[37m<-- POST /session/d12fe72d-7a4f-481e-9083-8cd36615e04a/execute/sync &amp#27;[39m&amp#27;[32m200&amp#27;[39m &amp#27;[90m1539 ms - 14&amp#27;[39m
&amp#27;[38;5;0m[HTTP]&amp#27;[0m &amp#27;[90m&amp#27;[39m
&amp#27;[38;5;0m[HTTP]&amp#27;[0m &amp#27;[37m-->&amp#27;[39m &amp#27;[37mPOST&amp#27;[39m &amp#27;[37m/session/d12fe72d-7a4f-481e-9083-8cd36615e04a/elements&amp#27;[39m
&amp#27;[38;5;0m[HTTP]&amp#27;[0m &amp#27;[90m{"using":"xpath","value":"//android.widget.HorizontalScrollView"}&amp#27;[39m
&amp#27;[38;5;32m[AndroidUiautomator2Driver@820d (d12fe72d)]&amp#27;[0m Calling AppiumDriver.findElements() with args: ["xpath","//android.widget.HorizontalScrollView","d12fe72d-7a4f-481e-9083-8cd36615e04a"]
&amp#27;[38;5;32m[AndroidUiautomator2Driver@820d (d12fe72d)]&amp#27;[0m Valid locator strategies for this request: xpath, id, class name, accessibility id, css selector, -android uiautomator
&amp#27;[38;5;32m[AndroidUiautomator2Driver@820d (d12fe72d)]&amp#27;[0m Waiting up to 0 ms for condition
&amp#27;[38;5;32m[AndroidUiautomator2Driver@820d (d12fe72d)]&amp#27;[0m Matched '/elements' to command name 'findElements'
&amp#27;[38;5;32m[AndroidUiautomator2Driver@820d (d12fe72d)]&amp#27;[0m Proxying [POST /elements] to [POST http://127.0.0.1:8200/session/5b82ceeb-9e4c-4729-8c90-d8641a83fc81/elements] with body: {"strategy":"xpath","selector":"//android.widget.HorizontalScrollView","context":"","multiple":true}
&amp#27;[38;5;32m[AndroidUiautomator2Driver@820d (d12fe72d)]&amp#27;[0m Got response with status 200: {"sessionId":"5b82ceeb-9e4c-4729-8c90-d8641a83fc81","value":[{"ELEMENT":"00000000-0000-004f-0000-001d00000004","element-6066-11e4-a52e-4f735466cecf":"00000000-0000-004f-0000-001d00000004"},{"ELEMENT":"00000000-0000-004f-0000-001e00000004","element-6066-11e4-a52e-4f735466cecf":"00000000-0000-004f-0000-001e00000004"}]}
&amp#27;[38;5;32m[AndroidUiautomator2Driver@820d (d12fe72d)]&amp#27;[0m Responding to client with driver.findElements() result: [{"element-6066-11e4-a52e-4f735466cecf":"00000000-0000-004f-0000-001d00000004","ELEMENT":"00000000-0000-004f-0000-001d00000004"},{"element-6066-11e4-a52e-4f735466cecf":"00000000-0000-004f-0000-001e00000004","ELEMENT":"00000000-0000-004f-0000-001e00000004"}]
&amp#27;[38;5;0m[HTTP]&amp#27;[0m &amp#27;[37m<-- POST /session/d12fe72d-7a4f-481e-9083-8cd36615e04a/elements &amp#27;[39m&amp#27;[32m200&amp#27;[39m &amp#27;[90m101 ms - 267&amp#27;[39m
&amp#27;[38;5;0m[HTTP]&amp#27;[0m &amp#27;[90m&amp#27;[39m
&amp#27;[38;5;0m[HTTP]&amp#27;[0m &amp#27;[37m-->&amp#27;[39m &amp#27;[37mPOST&amp#27;[39m &amp#27;[37m/session/d12fe72d-7a4f-481e-9083-8cd36615e04a/element/00000000-0000-004f-0000-001e00000004/elements&amp#27;[39m
&amp#27;[38;5;0m[HTTP]&amp#27;[0m &amp#27;[90m{"id":"00000000-0000-004f-0000-001e00000004","using":"xpath","value":"//android.view.View"}&amp#27;[39m
&amp#27;[38;5;32m[AndroidUiautomator2Driver@820d (d12fe72d)]&amp#27;[0m Calling AppiumDriver.findElementsFromElement() with args: ["xpath","//android.view.View","00000000-0000-004f-0000-001e00000004","d12fe72d-7a4f-481e-9083-8cd36615e04a"]
&amp#27;[38;5;32m[AndroidUiautomator2Driver@820d (d12fe72d)]&amp#27;[0m Valid locator strategies for this request: xpath, id, class name, accessibility id, css selector, -android uiautomator
&amp#27;[38;5;32m[AndroidUiautomator2Driver@820d (d12fe72d)]&amp#27;[0m Waiting up to 0 ms for condition
&amp#27;[38;5;32m[AndroidUiautomator2Driver@820d (d12fe72d)]&amp#27;[0m Matched '/elements' to command name 'findElements'
&amp#27;[38;5;32m[AndroidUiautomator2Driver@820d (d12fe72d)]&amp#27;[0m Proxying [POST /elements] to [POST http://127.0.0.1:8200/session/5b82ceeb-9e4c-4729-8c90-d8641a83fc81/elements] with body: {"strategy":"xpath","selector":"//android.view.View","context":"00000000-0000-004f-0000-001e00000004","multiple":true}
&amp#27;[38;5;32m[AndroidUiautomator2Driver@820d (d12fe72d)]&amp#27;[0m Got response with status 200: {"sessionId":"5b82ceeb-9e4c-4729-8c90-d8641a83fc81","value":[{"ELEMENT":"00000000-0000-004f-0000-005f00000004","element-6066-11e4-a52e-4f735466cecf":"00000000-0000-004f-0000-005f00000004"},{"ELEMENT":"00000000-0000-004f-0000-006100000004","element-6066-11e4-a52e-4f735466cecf":"00000000-0000-004f-0000-006100000004"},{"ELEMENT":"00000000-0000-004f-0000-006300000004","element-6066-11e4-a52e-4f735466cecf":"00000000-0000-004f-0000-006300000004"},{"ELEMENT":"00000000-0000-004f-0000-006500000004","element-6066-11e4-a52e-4f735466cecf":"00000000-0000-004f-0000-006500000004"},{"ELEMENT":"00000000-0000-004f-0000-006700000004","element-6066-11e4-a52e-4f735466cecf":"00000000-0000-004f-0000-006700000004"},{"ELEMENT":"00000000-0000-004f-0000-006900000004","element-6066-11e4-a52e-4f735466cecf":"00000000-0000-004f-0000-006900000004"},{"ELEMENT":"00000000-0000-004f-0000-006b00000004","element-6066-11e4-a52e-4f735466cecf":"00000000-0000-004f-0000-006b00000004"},{"ELEMENT":"00000000-0000-004f-0000-006d00000004","element-6066-...
&amp#27;[38;5;32m[AndroidUiautomator2Driver@820d (d12fe72d)]&amp#27;[0m Responding to client with driver.findElementsFromElement() result: [{"element-6066-11e4-a52e-4f735466cecf":"00000000-0000-004f-0000-005f00000004","ELEMENT":"00000000-0000-004f-0000-005f00000004"},{"element-6066-11e4-a52e-4f735466cecf":"00000000-0000-004f-0000-006100000004","ELEMENT":"00000000-0000-004f-0000-006100000004"},{"element-6066-11e4-a52e-4f735466cecf":"00000000-0000-004f-0000-006300000004","ELEMENT":"00000000-0000-004f-0000-006300000004"},{"element-6066-11e4-a52e-4f735466cecf":"00000000-0000-004f-0000-006500000004","ELEMENT":"00000000-0000-004f-0000-006500000004"},{"element-6066-11e4-a52e-4f735466cecf":"00000000-0000-004f-0000-006700000004","ELEMENT":"00000000-0000-004f-0000-006700000004"},{"element-6066-11e4-a52e-4f735466cecf":"00000000-0000-004f-0000-006900000004","ELEMENT":"00000000-0000-004f-0000-006900000004"},{"element-6066-11e4-a52e-4f735466cecf":"00000000-0000-004f-0000-006b00000004","ELEMENT":"00000000-0000-004f-0000-006b00000004"},{"element-6066-11e4-a52e-4f735466cecf":"00000000-0000-004f-0000-006d00000004","ELEMENT":"00000000-0000-004f-0000-006d0000000...
&amp#27;[38;5;0m[HTTP]&amp#27;[0m &amp#27;[37m<-- POST /session/d12fe72d-7a4f-481e-9083-8cd36615e04a/element/00000000-0000-004f-0000-001e00000004/elements &amp#27;[39m&amp#27;[32m200&amp#27;[39m &amp#27;[90m46 ms - 2059&amp#27;[39m
&amp#27;[38;5;0m[HTTP]&amp#27;[0m &amp#27;[90m&amp#27;[39m
&amp#27;[38;5;0m[HTTP]&amp#27;[0m &amp#27;[37m-->&amp#27;[39m &amp#27;[37mGET&amp#27;[39m &amp#27;[37m/session/d12fe72d-7a4f-481e-9083-8cd36615e04a/element/00000000-0000-004f-0000-005f00000004/text&amp#27;[39m
&amp#27;[38;5;0m[HTTP]&amp#27;[0m &amp#27;[90m{}&amp#27;[39m
&amp#27;[38;5;32m[AndroidUiautomator2Driver@820d (d12fe72d)]&amp#27;[0m Driver proxy active, passing request on via HTTP proxy
&amp#27;[38;5;32m[AndroidUiautomator2Driver@820d (d12fe72d)]&amp#27;[0m Matched '/session/d12fe72d-7a4f-481e-9083-8cd36615e04a/element/00000000-0000-004f-0000-005f00000004/text' to command name 'getText'
&amp#27;[38;5;32m[AndroidUiautomator2Driver@820d (d12fe72d)]&amp#27;[0m Proxying [GET /session/d12fe72d-7a4f-481e-9083-8cd36615e04a/element/00000000-0000-004f-0000-005f00000004/text] to [GET http://127.0.0.1:8200/session/5b82ceeb-9e4c-4729-8c90-d8641a83fc81/element/00000000-0000-004f-0000-005f00000004/text] with no body
&amp#27;[38;5;32m[AndroidUiautomator2Driver@820d (d12fe72d)]&amp#27;[0m Got response with status 200: {"sessionId":"5b82ceeb-9e4c-4729-8c90-d8641a83fc81","value":"Sat"}
&amp#27;[38;5;32m[AndroidUiautomator2Driver@820d (d12fe72d)]&amp#27;[0m Replacing sessionId 5b82ceeb-9e4c-4729-8c90-d8641a83fc81 with d12fe72d-7a4f-481e-9083-8cd36615e04a
&amp#27;[38;5;0m[HTTP]&amp#27;[0m &amp#27;[37m<-- GET /session/d12fe72d-7a4f-481e-9083-8cd36615e04a/element/00000000-0000-004f-0000-005f00000004/text &amp#27;[39m&amp#27;[32m200&amp#27;[39m &amp#27;[90m9 ms - 66&amp#27;[39m
&amp#27;[38;5;0m[HTTP]&amp#27;[0m &amp#27;[90m&amp#27;[39m
&amp#27;[38;5;0m[HTTP]&amp#27;[0m &amp#27;[37m-->&amp#27;[39m &amp#27;[37mGET&amp#27;[39m &amp#27;[37m/session/d12fe72d-7a4f-481e-9083-8cd36615e04a/element/00000000-0000-004f-0000-006100000004/text&amp#27;[39m
&amp#27;[38;5;0m[HTTP]&amp#27;[0m &amp#27;[90m{}&amp#27;[39m
&amp#27;[38;5;32m[AndroidUiautomator2Driver@820d (d12fe72d)]&amp#27;[0m Driver proxy active, passing request on via HTTP proxy
&amp#27;[38;5;32m[AndroidUiautomator2Driver@820d (d12fe72d)]&amp#27;[0m Matched '/session/d12fe72d-7a4f-481e-9083-8cd36615e04a/element/00000000-0000-004f-0000-006100000004/text' to command name 'getText'
&amp#27;[38;5;32m[AndroidUiautomator2Driver@820d (d12fe72d)]&amp#27;[0m Proxying [GET /session/d12fe72d-7a4f-481e-9083-8cd36615e04a/element/00000000-0000-004f-0000-006100000004/text] to [GET http://127.0.0.1:8200/session/5b82ceeb-9e4c-4729-8c90-d8641a83fc81/element/00000000-0000-004f-0000-006100000004/text] with no body
&amp#27;[38;5;32m[AndroidUiautomator2Driver@820d (d12fe72d)]&amp#27;[0m Got response with status 200: {"sessionId":"5b82ceeb-9e4c-4729-8c90-d8641a83fc81","value":"moderate rain"}
&amp#27;[38;5;32m[AndroidUiautomator2Driver@820d (d12fe72d)]&amp#27;[0m Replacing sessionId 5b82ceeb-9e4c-4729-8c90-d8641a83fc81 with d12fe72d-7a4f-481e-9083-8cd36615e04a
&amp#27;[38;5;0m[HTTP]&amp#27;[0m &amp#27;[37m<-- GET /session/d12fe72d-7a4f-481e-9083-8cd36615e04a/element/00000000-0000-004f-0000-006100000004/text &amp#27;[39m&amp#27;[32m200&amp#27;[39m &amp#27;[90m9 ms - 76&amp#27;[39m
&amp#27;[38;5;0m[HTTP]&amp#27;[0m &amp#27;[90m&amp#27;[39m
&amp#27;[38;5;0m[HTTP]&amp#27;[0m &amp#27;[37m-->&amp#27;[39m &amp#27;[37mGET&amp#27;[39m &amp#27;[37m/session/d12fe72d-7a4f-481e-9083-8cd36615e04a/element/00000000-0000-004f-0000-006300000004/text&amp#27;[39m
&amp#27;[38;5;0m[HTTP]&amp#27;[0m &amp#27;[90m{}&amp#27;[39m
&amp#27;[38;5;32m[AndroidUiautomator2Driver@820d (d12fe72d)]&amp#27;[0m Driver proxy active, passing request on via HTTP proxy
&amp#27;[38;5;32m[AndroidUiautomator2Driver@820d (d12fe72d)]&amp#27;[0m Matched '/session/d12fe72d-7a4f-481e-9083-8cd36615e04a/element/00000000-0000-004f-0000-006300000004/text' to command name 'getText'
&amp#27;[38;5;32m[AndroidUiautomator2Driver@820d (d12fe72d)]&amp#27;[0m Proxying [GET /session/d12fe72d-7a4f-481e-9083-8cd36615e04a/element/00000000-0000-004f-0000-006300000004/text] to [GET http://127.0.0.1:8200/session/5b82ceeb-9e4c-4729-8c90-d8641a83fc81/element/00000000-0000-004f-0000-006300000004/text] with no body
&amp#27;[38;5;32m[AndroidUiautomator2Driver@820d (d12fe72d)]&amp#27;[0m Got response with status 200: {"sessionId":"5b82ceeb-9e4c-4729-8c90-d8641a83fc81","value":"57 %"}
&amp#27;[38;5;32m[AndroidUiautomator2Driver@820d (d12fe72d)]&amp#27;[0m Replacing sessionId 5b82ceeb-9e4c-4729-8c90-d8641a83fc81 with d12fe72d-7a4f-481e-9083-8cd36615e04a
&amp#27;[38;5;0m[HTTP]&amp#27;[0m &amp#27;[37m<-- GET /session/d12fe72d-7a4f-481e-9083-8cd36615e04a/element/00000000-0000-004f-0000-006300000004/text &amp#27;[39m&amp#27;[32m200&amp#27;[39m &amp#27;[90m8 ms - 67&amp#27;[39m
&amp#27;[38;5;0m[HTTP]&amp#27;[0m &amp#27;[90m&amp#27;[39m
&amp#27;[38;5;0m[HTTP]&amp#27;[0m &amp#27;[37m-->&amp#27;[39m &amp#27;[37mGET&amp#27;[39m &amp#27;[37m/session/d12fe72d-7a4f-481e-9083-8cd36615e04a/element/00000000-0000-004f-0000-006500000004/text&amp#27;[39m
&amp#27;[38;5;0m[HTTP]&amp#27;[0m &amp#27;[90m{}&amp#27;[39m
&amp#27;[38;5;32m[AndroidUiautomator2Driver@820d (d12fe72d)]&amp#27;[0m Driver proxy active, passing request on via HTTP proxy
&amp#27;[38;5;32m[AndroidUiautomator2Driver@820d (d12fe72d)]&amp#27;[0m Matched '/session/d12fe72d-7a4f-481e-9083-8cd36615e04a/element/00000000-0000-004f-0000-006500000004/text' to command name 'getText'
&amp#27;[38;5;32m[AndroidUiautomator2Driver@820d (d12fe72d)]&amp#27;[0m Proxying [GET /session/d12fe72d-7a4f-481e-9083-8cd36615e04a/element/00000000-0000-004f-0000-006500000004/text] to [GET http://127.0.0.1:8200/session/5b82ceeb-9e4c-4729-8c90-d8641a83fc81/element/00000000-0000-004f-0000-006500000004/text] with no body
&amp#27;[38;5;32m[AndroidUiautomator2Driver@820d (d12fe72d)]&amp#27;[0m Got response with status 200: {"sessionId":"5b82ceeb-9e4c-4729-8c90-d8641a83fc81","value":"17 Â°C"}
&amp#27;[38;5;32m[AndroidUiautomator2Driver@820d (d12fe72d)]&amp#27;[0m Replacing sessionId 5b82ceeb-9e4c-4729-8c90-d8641a83fc81 with d12fe72d-7a4f-481e-9083-8cd36615e04a
&amp#27;[38;5;0m[HTTP]&amp#27;[0m &amp#27;[37m<-- GET /session/d12fe72d-7a4f-481e-9083-8cd36615e04a/element/00000000-0000-004f-0000-006500000004/text &amp#27;[39m&amp#27;[32m200&amp#27;[39m &amp#27;[90m9 ms - 69&amp#27;[39m
&amp#27;[38;5;0m[HTTP]&amp#27;[0m &amp#27;[90m&amp#27;[39m
&amp#27;[38;5;0m[HTTP]&amp#27;[0m &amp#27;[37m-->&amp#27;[39m &amp#27;[37mGET&amp#27;[39m &amp#27;[37m/session/d12fe72d-7a4f-481e-9083-8cd36615e04a/element/00000000-0000-004f-0000-006700000004/text&amp#27;[39m
&amp#27;[38;5;0m[HTTP]&amp#27;[0m &amp#27;[90m{}&amp#27;[39m
&amp#27;[38;5;32m[AndroidUiautomator2Driver@820d (d12fe72d)]&amp#27;[0m Driver proxy active, passing request on via HTTP proxy
&amp#27;[38;5;32m[AndroidUiautomator2Driver@820d (d12fe72d)]&amp#27;[0m Matched '/session/d12fe72d-7a4f-481e-9083-8cd36615e04a/element/00000000-0000-004f-0000-006700000004/text' to command name 'getText'
&amp#27;[38;5;32m[AndroidUiautomator2Driver@820d (d12fe72d)]&amp#27;[0m Proxying [GET /session/d12fe72d-7a4f-481e-9083-8cd36615e04a/element/00000000-0000-004f-0000-006700000004/text] to [GET http://127.0.0.1:8200/session/5b82ceeb-9e4c-4729-8c90-d8641a83fc81/element/00000000-0000-004f-0000-006700000004/text] with no body
&amp#27;[38;5;32m[AndroidUiautomator2Driver@820d (d12fe72d)]&amp#27;[0m Got response with status 200: {"sessionId":"5b82ceeb-9e4c-4729-8c90-d8641a83fc81","value":"Sun"}
&amp#27;[38;5;32m[AndroidUiautomator2Driver@820d (d12fe72d)]&amp#27;[0m Replacing sessionId 5b82ceeb-9e4c-4729-8c90-d8641a83fc81 with d12fe72d-7a4f-481e-9083-8cd36615e04a
&amp#27;[38;5;0m[HTTP]&amp#27;[0m &amp#27;[37m<-- GET /session/d12fe72d-7a4f-481e-9083-8cd36615e04a/element/00000000-0000-004f-0000-006700000004/text &amp#27;[39m&amp#27;[32m200&amp#27;[39m &amp#27;[90m9 ms - 66&amp#27;[39m
&amp#27;[38;5;0m[HTTP]&amp#27;[0m &amp#27;[90m&amp#27;[39m
&amp#27;[38;5;0m[HTTP]&amp#27;[0m &amp#27;[37m-->&amp#27;[39m &amp#27;[37mGET&amp#27;[39m &amp#27;[37m/session/d12fe72d-7a4f-481e-9083-8cd36615e04a/element/00000000-0000-004f-0000-006900000004/text&amp#27;[39m
&amp#27;[38;5;0m[HTTP]&amp#27;[0m &amp#27;[90m{}&amp#27;[39m
&amp#27;[38;5;32m[AndroidUiautomator2Driver@820d (d12fe72d)]&amp#27;[0m Driver proxy active, passing request on via HTTP proxy
&amp#27;[38;5;32m[AndroidUiautomator2Driver@820d (d12fe72d)]&amp#27;[0m Matched '/session/d12fe72d-7a4f-481e-9083-8cd36615e04a/element/00000000-0000-004f-0000-006900000004/text' to command name 'getText'
&amp#27;[38;5;32m[AndroidUiautomator2Driver@820d (d12fe72d)]&amp#27;[0m Proxying [GET /session/d12fe72d-7a4f-481e-9083-8cd36615e04a/element/00000000-0000-004f-0000-006900000004/text] to [GET http://127.0.0.1:8200/session/5b82ceeb-9e4c-4729-8c90-d8641a83fc81/element/00000000-0000-004f-0000-006900000004/text] with no body
&amp#27;[38;5;32m[AndroidUiautomator2Driver@820d (d12fe72d)]&amp#27;[0m Got response with status 200: {"sessionId":"5b82ceeb-9e4c-4729-8c90-d8641a83fc81","value":"moderate rain"}
&amp#27;[38;5;32m[AndroidUiautomator2Driver@820d (d12fe72d)]&amp#27;[0m Replacing sessionId 5b82ceeb-9e4c-4729-8c90-d8641a83fc81 with d12fe72d-7a4f-481e-9083-8cd36615e04a
&amp#27;[38;5;0m[HTTP]&amp#27;[0m &amp#27;[37m<-- GET /session/d12fe72d-7a4f-481e-9083-8cd36615e04a/element/00000000-0000-004f-0000-006900000004/text &amp#27;[39m&amp#27;[32m200&amp#27;[39m &amp#27;[90m9 ms - 76&amp#27;[39m
&amp#27;[38;5;0m[HTTP]&amp#27;[0m &amp#27;[90m&amp#27;[39m
&amp#27;[38;5;0m[HTTP]&amp#27;[0m &amp#27;[37m-->&amp#27;[39m &amp#27;[37mGET&amp#27;[39m &amp#27;[37m/session/d12fe72d-7a4f-481e-9083-8cd36615e04a/element/00000000-0000-004f-0000-006b00000004/text&amp#27;[39m
&amp#27;[38;5;0m[HTTP]&amp#27;[0m &amp#27;[90m{}&amp#27;[39m
&amp#27;[38;5;32m[AndroidUiautomator2Driver@820d (d12fe72d)]&amp#27;[0m Driver proxy active, passing request on via HTTP proxy
&amp#27;[38;5;32m[AndroidUiautomator2Driver@820d (d12fe72d)]&amp#27;[0m Matched '/session/d12fe72d-7a4f-481e-9083-8cd36615e04a/element/00000000-0000-004f-0000-006b00000004/text' to command name 'getText'
&amp#27;[38;5;32m[AndroidUiautomator2Driver@820d (d12fe72d)]&amp#27;[0m Proxying [GET /session/d12fe72d-7a4f-481e-9083-8cd36615e04a/element/00000000-0000-004f-0000-006b00000004/text] to [GET http://127.0.0.1:8200/session/5b82ceeb-9e4c-4729-8c90-d8641a83fc81/element/00000000-0000-004f-0000-006b00000004/text] with no body
&amp#27;[38;5;32m[AndroidUiautomator2Driver@820d (d12fe72d)]&amp#27;[0m Got response with status 200: {"sessionId":"5b82ceeb-9e4c-4729-8c90-d8641a83fc81","value":"77 %"}
&amp#27;[38;5;32m[AndroidUiautomator2Driver@820d (d12fe72d)]&amp#27;[0m Replacing sessionId 5b82ceeb-9e4c-4729-8c90-d8641a83fc81 with d12fe72d-7a4f-481e-9083-8cd36615e04a
&amp#27;[38;5;0m[HTTP]&amp#27;[0m &amp#27;[37m<-- GET /session/d12fe72d-7a4f-481e-9083-8cd36615e04a/element/00000000-0000-004f-0000-006b00000004/text &amp#27;[39m&amp#27;[32m200&amp#27;[39m &amp#27;[90m8 ms - 67&amp#27;[39m
&amp#27;[38;5;0m[HTTP]&amp#27;[0m &amp#27;[90m&amp#27;[39m
&amp#27;[38;5;0m[HTTP]&amp#27;[0m &amp#27;[37m-->&amp#27;[39m &amp#27;[37mGET&amp#27;[39m &amp#27;[37m/session/d12fe72d-7a4f-481e-9083-8cd36615e04a/element/00000000-0000-004f-0000-006d00000004/text&amp#27;[39m
&amp#27;[38;5;0m[HTTP]&amp#27;[0m &amp#27;[90m{}&amp#27;[39m
&amp#27;[38;5;32m[AndroidUiautomator2Driver@820d (d12fe72d)]&amp#27;[0m Driver proxy active, passing request on via HTTP proxy
&amp#27;[38;5;32m[AndroidUiautomator2Driver@820d (d12fe72d)]&amp#27;[0m Matched '/session/d12fe72d-7a4f-481e-9083-8cd36615e04a/element/00000000-0000-004f-0000-006d00000004/text' to command name 'getText'
&amp#27;[38;5;32m[AndroidUiautomator2Driver@820d (d12fe72d)]&amp#27;[0m Proxying [GET /session/d12fe72d-7a4f-481e-9083-8cd36615e04a/element/00000000-0000-004f-0000-006d00000004/text] to [GET http://127.0.0.1:8200/session/5b82ceeb-9e4c-4729-8c90-d8641a83fc81/element/00000000-0000-004f-0000-006d00000004/text] with no body
&amp#27;[38;5;32m[AndroidUiautomator2Driver@820d (d12fe72d)]&amp#27;[0m Got response with status 200: {"sessionId":"5b82ceeb-9e4c-4729-8c90-d8641a83fc81","value":"16 Â°C"}
&amp#27;[38;5;32m[AndroidUiautomator2Driver@820d (d12fe72d)]&amp#27;[0m Replacing sessionId 5b82ceeb-9e4c-4729-8c90-d8641a83fc81 with d12fe72d-7a4f-481e-9083-8cd36615e04a
&amp#27;[38;5;0m[HTTP]&amp#27;[0m &amp#27;[37m<-- GET /session/d12fe72d-7a4f-481e-9083-8cd36615e04a/element/00000000-0000-004f-0000-006d00000004/text &amp#27;[39m&amp#27;[32m200&amp#27;[39m &amp#27;[90m8 ms - 69&amp#27;[39m
&amp#27;[38;5;0m[HTTP]&amp#27;[0m &amp#27;[90m&amp#27;[39m
&amp#27;[38;5;0m[HTTP]&amp#27;[0m &amp#27;[37m-->&amp#27;[39m &amp#27;[37mGET&amp#27;[39m &amp#27;[37m/session/d12fe72d-7a4f-481e-9083-8cd36615e04a/element/00000000-0000-004f-0000-006f00000004/text&amp#27;[39m
&amp#27;[38;5;0m[HTTP]&amp#27;[0m &amp#27;[90m{}&amp#27;[39m
&amp#27;[38;5;32m[AndroidUiautomator2Driver@820d (d12fe72d)]&amp#27;[0m Driver proxy active, passing request on via HTTP proxy
&amp#27;[38;5;32m[AndroidUiautomator2Driver@820d (d12fe72d)]&amp#27;[0m Matched '/session/d12fe72d-7a4f-481e-9083-8cd36615e04a/element/00000000-0000-004f-0000-006f00000004/text' to command name 'getText'
&amp#27;[38;5;32m[AndroidUiautomator2Driver@820d (d12fe72d)]&amp#27;[0m Proxying [GET /session/d12fe72d-7a4f-481e-9083-8cd36615e04a/element/00000000-0000-004f-0000-006f00000004/text] to [GET http://127.0.0.1:8200/session/5b82ceeb-9e4c-4729-8c90-d8641a83fc81/element/00000000-0000-004f-0000-006f00000004/text] with no body
&amp#27;[38;5;32m[AndroidUiautomator2Driver@820d (d12fe72d)]&amp#27;[0m Got response with status 200: {"sessionId":"5b82ceeb-9e4c-4729-8c90-d8641a83fc81","value":"Mon"}
&amp#27;[38;5;32m[AndroidUiautomator2Driver@820d (d12fe72d)]&amp#27;[0m Replacing sessionId 5b82ceeb-9e4c-4729-8c90-d8641a83fc81 with d12fe72d-7a4f-481e-9083-8cd36615e04a
&amp#27;[38;5;0m[HTTP]&amp#27;[0m &amp#27;[37m<-- GET /session/d12fe72d-7a4f-481e-9083-8cd36615e04a/element/00000000-0000-004f-0000-006f00000004/text &amp#27;[39m&amp#27;[32m200&amp#27;[39m &amp#27;[90m8 ms - 66&amp#27;[39m
&amp#27;[38;5;0m[HTTP]&amp#27;[0m &amp#27;[90m&amp#27;[39m
&amp#27;[38;5;0m[HTTP]&amp#27;[0m &amp#27;[37m-->&amp#27;[39m &amp#27;[37mGET&amp#27;[39m &amp#27;[37m/session/d12fe72d-7a4f-481e-9083-8cd36615e04a/element/00000000-0000-004f-0000-007100000004/text&amp#27;[39m
&amp#27;[38;5;0m[HTTP]&amp#27;[0m &amp#27;[90m{}&amp#27;[39m
&amp#27;[38;5;32m[AndroidUiautomator2Driver@820d (d12fe72d)]&amp#27;[0m Driver proxy active, passing request on via HTTP proxy
&amp#27;[38;5;32m[AndroidUiautomator2Driver@820d (d12fe72d)]&amp#27;[0m Matched '/session/d12fe72d-7a4f-481e-9083-8cd36615e04a/element/00000000-0000-004f-0000-007100000004/text' to command name 'getText'
&amp#27;[38;5;32m[AndroidUiautomator2Driver@820d (d12fe72d)]&amp#27;[0m Proxying [GET /session/d12fe72d-7a4f-481e-9083-8cd36615e04a/element/00000000-0000-004f-0000-007100000004/text] to [GET http://127.0.0.1:8200/session/5b82ceeb-9e4c-4729-8c90-d8641a83fc81/element/00000000-0000-004f-0000-007100000004/text] with no body
&amp#27;[38;5;32m[AndroidUiautomator2Driver@820d (d12fe72d)]&amp#27;[0m Got response with status 200: {"sessionId":"5b82ceeb-9e4c-4729-8c90-d8641a83fc81","value":"heavy intensity rain"}
&amp#27;[38;5;32m[AndroidUiautomator2Driver@820d (d12fe72d)]&amp#27;[0m Replacing sessionId 5b82ceeb-9e4c-4729-8c90-d8641a83fc81 with d12fe72d-7a4f-481e-9083-8cd36615e04a
&amp#27;[38;5;0m[HTTP]&amp#27;[0m &amp#27;[37m<-- GET /session/d12fe72d-7a4f-481e-9083-8cd36615e04a/element/00000000-0000-004f-0000-007100000004/text &amp#27;[39m&amp#27;[32m200&amp#27;[39m &amp#27;[90m9 ms - 83&amp#27;[39m
&amp#27;[38;5;0m[HTTP]&amp#27;[0m &amp#27;[90m&amp#27;[39m
&amp#27;[38;5;0m[HTTP]&amp#27;[0m &amp#27;[37m-->&amp#27;[39m &amp#27;[37mGET&amp#27;[39m &amp#27;[37m/session/d12fe72d-7a4f-481e-9083-8cd36615e04a/element/00000000-0000-004f-0000-007300000004/text&amp#27;[39m
&amp#27;[38;5;0m[HTTP]&amp#27;[0m &amp#27;[90m{}&amp#27;[39m
&amp#27;[38;5;32m[AndroidUiautomator2Driver@820d (d12fe72d)]&amp#27;[0m Driver proxy active, passing request on via HTTP proxy
&amp#27;[38;5;32m[AndroidUiautomator2Driver@820d (d12fe72d)]&amp#27;[0m Matched '/session/d12fe72d-7a4f-481e-9083-8cd36615e04a/element/00000000-0000-004f-0000-007300000004/text' to command name 'getText'
&amp#27;[38;5;32m[AndroidUiautomator2Driver@820d (d12fe72d)]&amp#27;[0m Proxying [GET /session/d12fe72d-7a4f-481e-9083-8cd36615e04a/element/00000000-0000-004f-0000-007300000004/text] to [GET http://127.0.0.1:8200/session/5b82ceeb-9e4c-4729-8c90-d8641a83fc81/element/00000000-0000-004f-0000-007300000004/text] with no body
&amp#27;[38;5;32m[AndroidUiautomator2Driver@820d (d12fe72d)]&amp#27;[0m Got response with status 200: {"sessionId":"5b82ceeb-9e4c-4729-8c90-d8641a83fc81","value":"88 %"}
&amp#27;[38;5;32m[AndroidUiautomator2Driver@820d (d12fe72d)]&amp#27;[0m Replacing sessionId 5b82ceeb-9e4c-4729-8c90-d8641a83fc81 with d12fe72d-7a4f-481e-9083-8cd36615e04a
&amp#27;[38;5;0m[HTTP]&amp#27;[0m &amp#27;[37m<-- GET /session/d12fe72d-7a4f-481e-9083-8cd36615e04a/element/00000000-0000-004f-0000-007300000004/text &amp#27;[39m&amp#27;[32m200&amp#27;[39m &amp#27;[90m9 ms - 67&amp#27;[39m
&amp#27;[38;5;0m[HTTP]&amp#27;[0m &amp#27;[90m&amp#27;[39m
&amp#27;[38;5;0m[HTTP]&amp#27;[0m &amp#27;[37m-->&amp#27;[39m &amp#27;[37mGET&amp#27;[39m &amp#27;[37m/session/d12fe72d-7a4f-481e-9083-8cd36615e04a/element/00000000-0000-004f-0000-007500000004/text&amp#27;[39m
&amp#27;[38;5;0m[HTTP]&amp#27;[0m &amp#27;[90m{}&amp#27;[39m
&amp#27;[38;5;32m[AndroidUiautomator2Driver@820d (d12fe72d)]&amp#27;[0m Driver proxy active, passing request on via HTTP proxy
&amp#27;[38;5;32m[AndroidUiautomator2Driver@820d (d12fe72d)]&amp#27;[0m Matched '/session/d12fe72d-7a4f-481e-9083-8cd36615e04a/element/00000000-0000-004f-0000-007500000004/text' to command name 'getText'
&amp#27;[38;5;32m[AndroidUiautomator2Driver@820d (d12fe72d)]&amp#27;[0m Proxying [GET /session/d12fe72d-7a4f-481e-9083-8cd36615e04a/element/00000000-0000-004f-0000-007500000004/text] to [GET http://127.0.0.1:8200/session/5b82ceeb-9e4c-4729-8c90-d8641a83fc81/element/00000000-0000-004f-0000-007500000004/text] with no body
&amp#27;[38;5;32m[AndroidUiautomator2Driver@820d (d12fe72d)]&amp#27;[0m Got response with status 200: {"sessionId":"5b82ceeb-9e4c-4729-8c90-d8641a83fc81","value":"15 Â°C"}
&amp#27;[38;5;32m[AndroidUiautomator2Driver@820d (d12fe72d)]&amp#27;[0m Replacing sessionId 5b82ceeb-9e4c-4729-8c90-d8641a83fc81 with d12fe72d-7a4f-481e-9083-8cd36615e04a
&amp#27;[38;5;0m[HTTP]&amp#27;[0m &amp#27;[37m<-- GET /session/d12fe72d-7a4f-481e-9083-8cd36615e04a/element/00000000-0000-004f-0000-007500000004/text &amp#27;[39m&amp#27;[32m200&amp#27;[39m &amp#27;[90m10 ms - 69&amp#27;[39m
&amp#27;[38;5;0m[HTTP]&amp#27;[0m &amp#27;[90m&amp#27;[39m
&amp#27;[38;5;0m[HTTP]&amp#27;[0m &amp#27;[37m-->&amp#27;[39m &amp#27;[37mGET&amp#27;[39m &amp#27;[37m/session/d12fe72d-7a4f-481e-9083-8cd36615e04a/element/00000000-0000-004f-0000-007700000004/text&amp#27;[39m
&amp#27;[38;5;0m[HTTP]&amp#27;[0m &amp#27;[90m{}&amp#27;[39m
&amp#27;[38;5;32m[AndroidUiautomator2Driver@820d (d12fe72d)]&amp#27;[0m Driver proxy active, passing request on via HTTP proxy
&amp#27;[38;5;32m[AndroidUiautomator2Driver@820d (d12fe72d)]&amp#27;[0m Matched '/session/d12fe72d-7a4f-481e-9083-8cd36615e04a/element/00000000-0000-004f-0000-007700000004/text' to command name 'getText'
&amp#27;[38;5;32m[AndroidUiautomator2Driver@820d (d12fe72d)]&amp#27;[0m Proxying [GET /session/d12fe72d-7a4f-481e-9083-8cd36615e04a/element/00000000-0000-004f-0000-007700000004/text] to [GET http://127.0.0.1:8200/session/5b82ceeb-9e4c-4729-8c90-d8641a83fc81/element/00000000-0000-004f-0000-007700000004/text] with no body
&amp#27;[38;5;32m[AndroidUiautomator2Driver@820d (d12fe72d)]&amp#27;[0m Got response with status 200: {"sessionId":"5b82ceeb-9e4c-4729-8c90-d8641a83fc81","value":"Tue"}
&amp#27;[38;5;32m[AndroidUiautomator2Driver@820d (d12fe72d)]&amp#27;[0m Replacing sessionId 5b82ceeb-9e4c-4729-8c90-d8641a83fc81 with d12fe72d-7a4f-481e-9083-8cd36615e04a
&amp#27;[38;5;0m[HTTP]&amp#27;[0m &amp#27;[37m<-- GET /session/d12fe72d-7a4f-481e-9083-8cd36615e04a/element/00000000-0000-004f-0000-007700000004/text &amp#27;[39m&amp#27;[32m200&amp#27;[39m &amp#27;[90m9 ms - 66&amp#27;[39m
&amp#27;[38;5;0m[HTTP]&amp#27;[0m &amp#27;[90m&amp#27;[39m
&amp#27;[38;5;0m[HTTP]&amp#27;[0m &amp#27;[37m-->&amp#27;[39m &amp#27;[37mGET&amp#27;[39m &amp#27;[37m/session/d12fe72d-7a4f-481e-9083-8cd36615e04a/element/00000000-0000-004f-0000-007900000004/text&amp#27;[39m
&amp#27;[38;5;0m[HTTP]&amp#27;[0m &amp#27;[90m{}&amp#27;[39m
&amp#27;[38;5;32m[AndroidUiautomator2Driver@820d (d12fe72d)]&amp#27;[0m Driver proxy active, passing request on via HTTP proxy
&amp#27;[38;5;32m[AndroidUiautomator2Driver@820d (d12fe72d)]&amp#27;[0m Matched '/session/d12fe72d-7a4f-481e-9083-8cd36615e04a/element/00000000-0000-004f-0000-007900000004/text' to command name 'getText'
&amp#27;[38;5;32m[AndroidUiautomator2Driver@820d (d12fe72d)]&amp#27;[0m Proxying [GET /session/d12fe72d-7a4f-481e-9083-8cd36615e04a/element/00000000-0000-004f-0000-007900000004/text] to [GET http://127.0.0.1:8200/session/5b82ceeb-9e4c-4729-8c90-d8641a83fc81/element/00000000-0000-004f-0000-007900000004/text] with no body
&amp#27;[38;5;32m[AndroidUiautomator2Driver@820d (d12fe72d)]&amp#27;[0m Got response with status 200: {"sessionId":"5b82ceeb-9e4c-4729-8c90-d8641a83fc81","value":"light rain"}
&amp#27;[38;5;32m[AndroidUiautomator2Driver@820d (d12fe72d)]&amp#27;[0m Replacing sessionId 5b82ceeb-9e4c-4729-8c90-d8641a83fc81 with d12fe72d-7a4f-481e-9083-8cd36615e04a
&amp#27;[38;5;0m[HTTP]&amp#27;[0m &amp#27;[37m<-- GET /session/d12fe72d-7a4f-481e-9083-8cd36615e04a/element/00000000-0000-004f-0000-007900000004/text &amp#27;[39m&amp#27;[32m200&amp#27;[39m &amp#27;[90m9 ms - 73&amp#27;[39m
&amp#27;[38;5;0m[HTTP]&amp#27;[0m &amp#27;[90m&amp#27;[39m
&amp#27;[38;5;0m[HTTP]&amp#27;[0m &amp#27;[37m-->&amp#27;[39m &amp#27;[37mGET&amp#27;[39m &amp#27;[37m/session/d12fe72d-7a4f-481e-9083-8cd36615e04a/element/00000000-0000-004f-0000-007b00000004/text&amp#27;[39m
&amp#27;[38;5;0m[HTTP]&amp#27;[0m &amp#27;[90m{}&amp#27;[39m
&amp#27;[38;5;32m[AndroidUiautomator2Driver@820d (d12fe72d)]&amp#27;[0m Driver proxy active, passing request on via HTTP proxy
&amp#27;[38;5;32m[AndroidUiautomator2Driver@820d (d12fe72d)]&amp#27;[0m Matched '/session/d12fe72d-7a4f-481e-9083-8cd36615e04a/element/00000000-0000-004f-0000-007b00000004/text' to command name 'getText'
&amp#27;[38;5;32m[AndroidUiautomator2Driver@820d (d12fe72d)]&amp#27;[0m Proxying [GET /session/d12fe72d-7a4f-481e-9083-8cd36615e04a/element/00000000-0000-004f-0000-007b00000004/text] to [GET http://127.0.0.1:8200/session/5b82ceeb-9e4c-4729-8c90-d8641a83fc81/element/00000000-0000-004f-0000-007b00000004/text] with no body
&amp#27;[38;5;32m[AndroidUiautomator2Driver@820d (d12fe72d)]&amp#27;[0m Got response with status 200: {"sessionId":"5b82ceeb-9e4c-4729-8c90-d8641a83fc81","value":"85 %"}
&amp#27;[38;5;32m[AndroidUiautomator2Driver@820d (d12fe72d)]&amp#27;[0m Replacing sessionId 5b82ceeb-9e4c-4729-8c90-d8641a83fc81 with d12fe72d-7a4f-481e-9083-8cd36615e04a
&amp#27;[38;5;0m[HTTP]&amp#27;[0m &amp#27;[37m<-- GET /session/d12fe72d-7a4f-481e-9083-8cd36615e04a/element/00000000-0000-004f-0000-007b00000004/text &amp#27;[39m&amp#27;[32m200&amp#27;[39m &amp#27;[90m9 ms - 67&amp#27;[39m
&amp#27;[38;5;0m[HTTP]&amp#27;[0m &amp#27;[90m&amp#27;[39m
&amp#27;[38;5;0m[HTTP]&amp#27;[0m &amp#27;[37m-->&amp#27;[39m &amp#27;[37mGET&amp#27;[39m &amp#27;[37m/session/d12fe72d-7a4f-481e-9083-8cd36615e04a/element/00000000-0000-004f-0000-007d00000004/text&amp#27;[39m
&amp#27;[38;5;0m[HTTP]&amp#27;[0m &amp#27;[90m{}&amp#27;[39m
&amp#27;[38;5;32m[AndroidUiautomator2Driver@820d (d12fe72d)]&amp#27;[0m Driver proxy active, passing request on via HTTP proxy
&amp#27;[38;5;32m[AndroidUiautomator2Driver@820d (d12fe72d)]&amp#27;[0m Matched '/session/d12fe72d-7a4f-481e-9083-8cd36615e04a/element/00000000-0000-004f-0000-007d00000004/text' to command name 'getText'
&amp#27;[38;5;32m[AndroidUiautomator2Driver@820d (d12fe72d)]&amp#27;[0m Proxying [GET /session/d12fe72d-7a4f-481e-9083-8cd36615e04a/element/00000000-0000-004f-0000-007d00000004/text] to [GET http://127.0.0.1:8200/session/5b82ceeb-9e4c-4729-8c90-d8641a83fc81/element/00000000-0000-004f-0000-007d00000004/text] with no body
&amp#27;[38;5;32m[AndroidUiautomator2Driver@820d (d12fe72d)]&amp#27;[0m Got response with status 200: {"sessionId":"5b82ceeb-9e4c-4729-8c90-d8641a83fc81","value":"16 Â°C"}
&amp#27;[38;5;32m[AndroidUiautomator2Driver@820d (d12fe72d)]&amp#27;[0m Replacing sessionId 5b82ceeb-9e4c-4729-8c90-d8641a83fc81 with d12fe72d-7a4f-481e-9083-8cd36615e04a
&amp#27;[38;5;0m[HTTP]&amp#27;[0m &amp#27;[37m<-- GET /session/d12fe72d-7a4f-481e-9083-8cd36615e04a/element/00000000-0000-004f-0000-007d00000004/text &amp#27;[39m&amp#27;[32m200&amp#27;[39m &amp#27;[90m9 ms - 69&amp#27;[39m
&amp#27;[38;5;0m[HTTP]&amp#27;[0m &amp#27;[90m&amp#27;[39m
&amp#27;[38;5;0m[HTTP]&amp#27;[0m &amp#27;[37m-->&amp#27;[39m &amp#27;[37mPOST&amp#27;[39m &amp#27;[37m/session/d12fe72d-7a4f-481e-9083-8cd36615e04a/execute/sync&amp#27;[39m
&amp#27;[38;5;0m[HTTP]&amp#27;[0m &amp#27;[90m{"script":"mobile: swipeGesture","args":[{"elementId":"00000000-0000-004f-0000-001e00000004","percent":0.4,"speed":320,"direction":"left"}]}&amp#27;[39m
&amp#27;[38;5;32m[AndroidUiautomator2Driver@820d (d12fe72d)]&amp#27;[0m Calling AppiumDriver.execute() with args: ["mobile: swipeGesture",[{"elementId":"00000000-0000-004f-0000-001e00000004","percent":0.4,"speed":320,"direction":"left"}],"d12fe72d-7a4f-481e-9083-8cd36615e04a"]
&amp#27;[38;5;32m[AndroidUiautomator2Driver@820d (d12fe72d)]&amp#27;[0m Executing method 'mobile: swipeGesture'
&amp#27;[38;5;32m[AndroidUiautomator2Driver@820d (d12fe72d)]&amp#27;[0m Proxying [POST /appium/gestures/swipe] to [POST http://127.0.0.1:8200/session/5b82ceeb-9e4c-4729-8c90-d8641a83fc81/appium/gestures/swipe] with body: {"origin":{"ELEMENT":"00000000-0000-004f-0000-001e00000004","element-6066-11e4-a52e-4f735466cecf":"00000000-0000-004f-0000-001e00000004"},"direction":"left","percent":0.4,"speed":320}
&amp#27;[38;5;32m[AndroidUiautomator2Driver@820d (d12fe72d)]&amp#27;[0m Got response with status 200: {"sessionId":"5b82ceeb-9e4c-4729-8c90-d8641a83fc81","value":null}
&amp#27;[38;5;32m[AndroidUiautomator2Driver@820d (d12fe72d)]&amp#27;[0m Responding to client with driver.execute() result: null
&amp#27;[38;5;0m[HTTP]&amp#27;[0m &amp#27;[37m<-- POST /session/d12fe72d-7a4f-481e-9083-8cd36615e04a/execute/sync &amp#27;[39m&amp#27;[32m200&amp#27;[39m &amp#27;[90m1533 ms - 14&amp#27;[39m
&amp#27;[38;5;0m[HTTP]&amp#27;[0m &amp#27;[90m&amp#27;[39m
&amp#27;[38;5;0m[HTTP]&amp#27;[0m &amp#27;[37m-->&amp#27;[39m &amp#27;[37mDELETE&amp#27;[39m &amp#27;[37m/session/d12fe72d-7a4f-481e-9083-8cd36615e04a&amp#27;[39m
&amp#27;[38;5;0m[HTTP]&amp#27;[0m &amp#27;[90m{}&amp#27;[39m
&amp#27;[38;5;32m[AndroidUiautomator2Driver@820d (d12fe72d)]&amp#27;[0m Calling AppiumDriver.deleteSession() with args: ["d12fe72d-7a4f-481e-9083-8cd36615e04a"]
&amp#27;[38;5;16m[AppiumDriver@1ce0]&amp#27;[0m Event 'quitSessionRequested' logged at 1705314490281 (16:28:10 GMT+0600 (Bangladesh Standard Time))
&amp#27;[38;5;16m[AppiumDriver@1ce0]&amp#27;[0m Removing session d12fe72d-7a4f-481e-9083-8cd36615e04a from our master session list
&amp#27;[38;5;32m[AndroidUiautomator2Driver@820d (d12fe72d)]&amp#27;[0m Deleting UiAutomator2 session
&amp#27;[38;5;32m[AndroidUiautomator2Driver@820d (d12fe72d)]&amp#27;[0m Deleting UiAutomator2 server session
&amp#27;[38;5;32m[AndroidUiautomator2Driver@820d (d12fe72d)]&amp#27;[0m Matched '/' to command name 'deleteSession'
&amp#27;[38;5;32m[AndroidUiautomator2Driver@820d (d12fe72d)]&amp#27;[0m Proxying [DELETE /] to [DELETE http://127.0.0.1:8200/session/5b82ceeb-9e4c-4729-8c90-d8641a83fc81] with no body
&amp#27;[38;5;32m[AndroidUiautomator2Driver@820d (d12fe72d)]&amp#27;[0m Got response with status 200: {"sessionId":"5b82ceeb-9e4c-4729-8c90-d8641a83fc81","value":null}
&amp#27;[38;5;64m[ADB]&amp#27;[0m Running 'C:\Users\abuba\AppData\Local\Android\Sdk\platform-tools\adb.exe -P 5037 -s emulator-5554 shell dumpsys activity services io.appium.settings/.recorder.RecorderService'
&amp#27;[38;5;64m[ADB]&amp#27;[0m Running 'C:\Users\abuba\AppData\Local\Android\Sdk\platform-tools\adb.exe -P 5037 -s emulator-5554 shell am force-stop me.example.android.weatherapp'
&amp#27;[38;5;96m[Logcat]&amp#27;[0m Stopping logcat capture
&amp#27;[38;5;64m[ADB]&amp#27;[0m Removing forwarded port socket connection: 8200 
&amp#27;[38;5;64m[ADB]&amp#27;[0m Running 'C:\Users\abuba\AppData\Local\Android\Sdk\platform-tools\adb.exe -P 5037 -s emulator-5554 forward --remove tcp:8200'
&amp#27;[38;5;32m[AndroidUiautomator2Driver@820d (d12fe72d)]&amp#27;[0m Restoring hidden api policy to the device default configuration
&amp#27;[38;5;64m[ADB]&amp#27;[0m Running 'C:\Users\abuba\AppData\Local\Android\Sdk\platform-tools\adb.exe -P 5037 -s emulator-5554 shell 'settings delete global hidden_api_policy_pre_p_apps;settings delete global hidden_api_policy_p_apps;settings delete global hidden_api_policy''
&amp#27;[38;5;16m[AppiumDriver@1ce0]&amp#27;[0m Event 'quitSessionFinished' logged at 1705314490421 (16:28:10 GMT+0600 (Bangladesh Standard Time))
&amp#27;[38;5;16m[AppiumDriver@1ce0]&amp#27;[0m Received response: null
&amp#27;[38;5;16m[AppiumDriver@1ce0]&amp#27;[0m But deleting session, so not returning
&amp#27;[38;5;16m[AppiumDriver@1ce0]&amp#27;[0m Responding to client with driver.deleteSession() result: null
&amp#27;[38;5;0m[HTTP]&amp#27;[0m &amp#27;[37m<-- DELETE /session/d12fe72d-7a4f-481e-9083-8cd36615e04a &amp#27;[39m&amp#27;[32m200&amp#27;[39m &amp#27;[90m141 ms - 14&amp#27;[39m
&amp#27;[38;5;0m[HTTP]&amp#27;[0m &amp#27;[90m&amp#27;[39m
]]></system-out>
  </testcase>
</testsuite>