<?xml version="1.0" encoding="UTF-8"?>
<testsuite xmlns:xsi="http://www.w3.org/2001/XMLSchema-instance" xsi:noNamespaceSchemaLocation="https://maven.apache.org/surefire/maven-surefire-plugin/xsd/surefire-test-report-3.0.xsd" version="3.0" name="weatherAppTest.RunCucumberTest" time="123.027" tests="3" errors="0" skipped="0" failures="0">
  <properties>
    <property name="java.specification.version" value="17"/>
    <property name="sun.cpu.isalist" value="amd64"/>
    <property name="sun.jnu.encoding" value="Cp1252"/>
    <property name="java.class.path" value="C:\Users\abuba\java_projects\weatherAppTest\target\test-classes;C:\Users\abuba\java_projects\weatherAppTest\target\classes;C:\Users\abuba\.m2\repository\io\appium\java-client\9.0.0\java-client-9.0.0.jar;C:\Users\abuba\.m2\repository\org\seleniumhq\selenium\selenium-api\4.16.1\selenium-api-4.16.1.jar;C:\Users\abuba\.m2\repository\org\seleniumhq\selenium\selenium-remote-driver\4.16.1\selenium-remote-driver-4.16.1.jar;C:\Users\abuba\.m2\repository\com\google\auto\service\auto-service-annotations\1.1.1\auto-service-annotations-1.1.1.jar;C:\Users\abuba\.m2\repository\com\google\guava\guava\32.1.2-jre\guava-32.1.2-jre.jar;C:\Users\abuba\.m2\repository\com\google\guava\failureaccess\1.0.1\failureaccess-1.0.1.jar;C:\Users\abuba\.m2\repository\com\google\guava\listenablefuture\9999.0-empty-to-avoid-conflict-with-guava\listenablefuture-9999.0-empty-to-avoid-conflict-with-guava.jar;C:\Users\abuba\.m2\repository\com\google\code\findbugs\jsr305\3.0.2\jsr305-3.0.2.jar;C:\Users\abuba\.m2\repository\org\checkerframework\checker-qual\3.33.0\checker-qual-3.33.0.jar;C:\Users\abuba\.m2\repository\com\google\errorprone\error_prone_annotations\2.18.0\error_prone_annotations-2.18.0.jar;C:\Users\abuba\.m2\repository\com\google\j2objc\j2objc-annotations\2.8\j2objc-annotations-2.8.jar;C:\Users\abuba\.m2\repository\io\opentelemetry\opentelemetry-api\1.28.0\opentelemetry-api-1.28.0.jar;C:\Users\abuba\.m2\repository\io\opentelemetry\opentelemetry-context\1.28.0\opentelemetry-context-1.28.0.jar;C:\Users\abuba\.m2\repository\io\opentelemetry\opentelemetry-exporter-logging\1.28.0\opentelemetry-exporter-logging-1.28.0.jar;C:\Users\abuba\.m2\repository\io\opentelemetry\opentelemetry-sdk-metrics\1.28.0\opentelemetry-sdk-metrics-1.28.0.jar;C:\Users\abuba\.m2\repository\io\opentelemetry\opentelemetry-extension-incubator\1.28.0-alpha\opentelemetry-extension-incubator-1.28.0-alpha.jar;C:\Users\abuba\.m2\repository\io\opentelemetry\opentelemetry-sdk-logs\1.28.0\opentelemetry-sdk-logs-1.28.0.jar;C:\Users\abuba\.m2\repository\io\opentelemetry\opentelemetry-sdk-common\1.28.0\opentelemetry-sdk-common-1.28.0.jar;C:\Users\abuba\.m2\repository\io\opentelemetry\opentelemetry-sdk-extension-autoconfigure-spi\1.28.0\opentelemetry-sdk-extension-autoconfigure-spi-1.28.0.jar;C:\Users\abuba\.m2\repository\io\opentelemetry\opentelemetry-sdk-extension-autoconfigure\1.28.0\opentelemetry-sdk-extension-autoconfigure-1.28.0.jar;C:\Users\abuba\.m2\repository\io\opentelemetry\opentelemetry-api-events\1.28.0-alpha\opentelemetry-api-events-1.28.0-alpha.jar;C:\Users\abuba\.m2\repository\io\opentelemetry\opentelemetry-sdk-trace\1.28.0\opentelemetry-sdk-trace-1.28.0.jar;C:\Users\abuba\.m2\repository\io\opentelemetry\opentelemetry-sdk\1.28.0\opentelemetry-sdk-1.28.0.jar;C:\Users\abuba\.m2\repository\io\opentelemetry\opentelemetry-semconv\1.28.0-alpha\opentelemetry-semconv-1.28.0-alpha.jar;C:\Users\abuba\.m2\repository\net\bytebuddy\byte-buddy\1.14.5\byte-buddy-1.14.5.jar;C:\Users\abuba\.m2\repository\org\seleniumhq\selenium\selenium-http\4.16.1\selenium-http-4.16.1.jar;C:\Users\abuba\.m2\repository\dev\failsafe\failsafe\3.3.2\failsafe-3.3.2.jar;C:\Users\abuba\.m2\repository\org\seleniumhq\selenium\selenium-json\4.16.1\selenium-json-4.16.1.jar;C:\Users\abuba\.m2\repository\org\seleniumhq\selenium\selenium-manager\4.16.1\selenium-manager-4.16.1.jar;C:\Users\abuba\.m2\repository\org\seleniumhq\selenium\selenium-os\4.16.1\selenium-os-4.16.1.jar;C:\Users\abuba\.m2\repository\org\apache\commons\commons-exec\1.3\commons-exec-1.3.jar;C:\Users\abuba\.m2\repository\org\seleniumhq\selenium\selenium-support\4.16.1\selenium-support-4.16.1.jar;C:\Users\abuba\.m2\repository\com\google\code\gson\gson\2.10.1\gson-2.10.1.jar;C:\Users\abuba\.m2\repository\org\slf4j\slf4j-api\2.0.9\slf4j-api-2.0.9.jar;C:\Users\abuba\.m2\repository\io\cucumber\cucumber-java\7.15.0\cucumber-java-7.15.0.jar;C:\Users\abuba\.m2\repository\io\cucumber\cucumber-core\7.15.0\cucumber-core-7.15.0.jar;C:\Users\abuba\.m2\repository\io\cucumber\cucumber-gherkin\7.15.0\cucumber-gherkin-7.15.0.jar;C:\Users\abuba\.m2\repository\io\cucumber\cucumber-gherkin-messages\7.15.0\cucumber-gherkin-messages-7.15.0.jar;C:\Users\abuba\.m2\repository\io\cucumber\gherkin\26.2.0\gherkin-26.2.0.jar;C:\Users\abuba\.m2\repository\io\cucumber\messages\22.0.0\messages-22.0.0.jar;C:\Users\abuba\.m2\repository\io\cucumber\tag-expressions\6.0.0\tag-expressions-6.0.0.jar;C:\Users\abuba\.m2\repository\io\cucumber\cucumber-expressions\17.0.1\cucumber-expressions-17.0.1.jar;C:\Users\abuba\.m2\repository\io\cucumber\datatable\7.15.0\datatable-7.15.0.jar;C:\Users\abuba\.m2\repository\io\cucumber\cucumber-plugin\7.15.0\cucumber-plugin-7.15.0.jar;C:\Users\abuba\.m2\repository\io\cucumber\docstring\7.15.0\docstring-7.15.0.jar;C:\Users\abuba\.m2\repository\io\cucumber\html-formatter\20.4.0\html-formatter-20.4.0.jar;C:\Users\abuba\.m2\repository\io\cucumber\junit-xml-formatter\0.2.0\junit-xml-formatter-0.2.0.jar;C:\Users\abuba\.m2\repository\io\cucumber\ci-environment\10.0.0\ci-environment-10.0.0.jar;C:\Users\abuba\.m2\repository\org\apiguardian\apiguardian-api\1.1.2\apiguardian-api-1.1.2.jar;C:\Users\abuba\.m2\repository\io\cucumber\cucumber-junit-platform-engine\7.15.0\cucumber-junit-platform-engine-7.15.0.jar;C:\Users\abuba\.m2\repository\org\junit\platform\junit-platform-engine\1.10.1\junit-platform-engine-1.10.1.jar;C:\Users\abuba\.m2\repository\org\opentest4j\opentest4j\1.3.0\opentest4j-1.3.0.jar;C:\Users\abuba\.m2\repository\org\junit\platform\junit-platform-commons\1.10.1\junit-platform-commons-1.10.1.jar;C:\Users\abuba\.m2\repository\org\junit\platform\junit-platform-suite\1.10.1\junit-platform-suite-1.10.1.jar;C:\Users\abuba\.m2\repository\org\junit\platform\junit-platform-suite-api\1.10.1\junit-platform-suite-api-1.10.1.jar;C:\Users\abuba\.m2\repository\org\junit\platform\junit-platform-suite-engine\1.10.1\junit-platform-suite-engine-1.10.1.jar;C:\Users\abuba\.m2\repository\org\junit\platform\junit-platform-suite-commons\1.10.1\junit-platform-suite-commons-1.10.1.jar;C:\Users\abuba\.m2\repository\org\junit\platform\junit-platform-launcher\1.10.1\junit-platform-launcher-1.10.1.jar;C:\Users\abuba\.m2\repository\org\junit\jupiter\junit-jupiter\5.10.1\junit-jupiter-5.10.1.jar;C:\Users\abuba\.m2\repository\org\junit\jupiter\junit-jupiter-api\5.10.1\junit-jupiter-api-5.10.1.jar;C:\Users\abuba\.m2\repository\org\junit\jupiter\junit-jupiter-params\5.10.1\junit-jupiter-params-5.10.1.jar;C:\Users\abuba\.m2\repository\org\junit\jupiter\junit-jupiter-engine\5.10.1\junit-jupiter-engine-5.10.1.jar;"/>
    <property name="java.vm.vendor" value="Oracle Corporation"/>
    <property name="sun.arch.data.model" value="64"/>
    <property name="user.variant" value=""/>
    <property name="java.vendor.url" value="https://java.oracle.com/"/>
    <property name="user.timezone" value="Asia/Dhaka"/>
    <property name="os.name" value="Windows 11"/>
    <property name="java.vm.specification.version" value="17"/>
    <property name="sun.java.launcher" value="SUN_STANDARD"/>
    <property name="user.country" value="US"/>
    <property name="sun.boot.library.path" value="C:\Program Files\Java\jdk-17\bin"/>
    <property name="sun.java.command" value="C:\Users\abuba\AppData\Local\Temp\surefire9114115790037163456\surefirebooter-20240114024017383_3.jar C:\Users\abuba\AppData\Local\Temp\surefire9114115790037163456 2024-01-14T02-40-17_296-jvmRun1 surefire-20240114024017383_1tmp surefire_0-20240114024017383_2tmp"/>
    <property name="jdk.debug" value="release"/>
    <property name="surefire.test.class.path" value="C:\Users\abuba\java_projects\weatherAppTest\target\test-classes;C:\Users\abuba\java_projects\weatherAppTest\target\classes;C:\Users\abuba\.m2\repository\io\appium\java-client\9.0.0\java-client-9.0.0.jar;C:\Users\abuba\.m2\repository\org\seleniumhq\selenium\selenium-api\4.16.1\selenium-api-4.16.1.jar;C:\Users\abuba\.m2\repository\org\seleniumhq\selenium\selenium-remote-driver\4.16.1\selenium-remote-driver-4.16.1.jar;C:\Users\abuba\.m2\repository\com\google\auto\service\auto-service-annotations\1.1.1\auto-service-annotations-1.1.1.jar;C:\Users\abuba\.m2\repository\com\google\guava\guava\32.1.2-jre\guava-32.1.2-jre.jar;C:\Users\abuba\.m2\repository\com\google\guava\failureaccess\1.0.1\failureaccess-1.0.1.jar;C:\Users\abuba\.m2\repository\com\google\guava\listenablefuture\9999.0-empty-to-avoid-conflict-with-guava\listenablefuture-9999.0-empty-to-avoid-conflict-with-guava.jar;C:\Users\abuba\.m2\repository\com\google\code\findbugs\jsr305\3.0.2\jsr305-3.0.2.jar;C:\Users\abuba\.m2\repository\org\checkerframework\checker-qual\3.33.0\checker-qual-3.33.0.jar;C:\Users\abuba\.m2\repository\com\google\errorprone\error_prone_annotations\2.18.0\error_prone_annotations-2.18.0.jar;C:\Users\abuba\.m2\repository\com\google\j2objc\j2objc-annotations\2.8\j2objc-annotations-2.8.jar;C:\Users\abuba\.m2\repository\io\opentelemetry\opentelemetry-api\1.28.0\opentelemetry-api-1.28.0.jar;C:\Users\abuba\.m2\repository\io\opentelemetry\opentelemetry-context\1.28.0\opentelemetry-context-1.28.0.jar;C:\Users\abuba\.m2\repository\io\opentelemetry\opentelemetry-exporter-logging\1.28.0\opentelemetry-exporter-logging-1.28.0.jar;C:\Users\abuba\.m2\repository\io\opentelemetry\opentelemetry-sdk-metrics\1.28.0\opentelemetry-sdk-metrics-1.28.0.jar;C:\Users\abuba\.m2\repository\io\opentelemetry\opentelemetry-extension-incubator\1.28.0-alpha\opentelemetry-extension-incubator-1.28.0-alpha.jar;C:\Users\abuba\.m2\repository\io\opentelemetry\opentelemetry-sdk-logs\1.28.0\opentelemetry-sdk-logs-1.28.0.jar;C:\Users\abuba\.m2\repository\io\opentelemetry\opentelemetry-sdk-common\1.28.0\opentelemetry-sdk-common-1.28.0.jar;C:\Users\abuba\.m2\repository\io\opentelemetry\opentelemetry-sdk-extension-autoconfigure-spi\1.28.0\opentelemetry-sdk-extension-autoconfigure-spi-1.28.0.jar;C:\Users\abuba\.m2\repository\io\opentelemetry\opentelemetry-sdk-extension-autoconfigure\1.28.0\opentelemetry-sdk-extension-autoconfigure-1.28.0.jar;C:\Users\abuba\.m2\repository\io\opentelemetry\opentelemetry-api-events\1.28.0-alpha\opentelemetry-api-events-1.28.0-alpha.jar;C:\Users\abuba\.m2\repository\io\opentelemetry\opentelemetry-sdk-trace\1.28.0\opentelemetry-sdk-trace-1.28.0.jar;C:\Users\abuba\.m2\repository\io\opentelemetry\opentelemetry-sdk\1.28.0\opentelemetry-sdk-1.28.0.jar;C:\Users\abuba\.m2\repository\io\opentelemetry\opentelemetry-semconv\1.28.0-alpha\opentelemetry-semconv-1.28.0-alpha.jar;C:\Users\abuba\.m2\repository\net\bytebuddy\byte-buddy\1.14.5\byte-buddy-1.14.5.jar;C:\Users\abuba\.m2\repository\org\seleniumhq\selenium\selenium-http\4.16.1\selenium-http-4.16.1.jar;C:\Users\abuba\.m2\repository\dev\failsafe\failsafe\3.3.2\failsafe-3.3.2.jar;C:\Users\abuba\.m2\repository\org\seleniumhq\selenium\selenium-json\4.16.1\selenium-json-4.16.1.jar;C:\Users\abuba\.m2\repository\org\seleniumhq\selenium\selenium-manager\4.16.1\selenium-manager-4.16.1.jar;C:\Users\abuba\.m2\repository\org\seleniumhq\selenium\selenium-os\4.16.1\selenium-os-4.16.1.jar;C:\Users\abuba\.m2\repository\org\apache\commons\commons-exec\1.3\commons-exec-1.3.jar;C:\Users\abuba\.m2\repository\org\seleniumhq\selenium\selenium-support\4.16.1\selenium-support-4.16.1.jar;C:\Users\abuba\.m2\repository\com\google\code\gson\gson\2.10.1\gson-2.10.1.jar;C:\Users\abuba\.m2\repository\org\slf4j\slf4j-api\2.0.9\slf4j-api-2.0.9.jar;C:\Users\abuba\.m2\repository\io\cucumber\cucumber-java\7.15.0\cucumber-java-7.15.0.jar;C:\Users\abuba\.m2\repository\io\cucumber\cucumber-core\7.15.0\cucumber-core-7.15.0.jar;C:\Users\abuba\.m2\repository\io\cucumber\cucumber-gherkin\7.15.0\cucumber-gherkin-7.15.0.jar;C:\Users\abuba\.m2\repository\io\cucumber\cucumber-gherkin-messages\7.15.0\cucumber-gherkin-messages-7.15.0.jar;C:\Users\abuba\.m2\repository\io\cucumber\gherkin\26.2.0\gherkin-26.2.0.jar;C:\Users\abuba\.m2\repository\io\cucumber\messages\22.0.0\messages-22.0.0.jar;C:\Users\abuba\.m2\repository\io\cucumber\tag-expressions\6.0.0\tag-expressions-6.0.0.jar;C:\Users\abuba\.m2\repository\io\cucumber\cucumber-expressions\17.0.1\cucumber-expressions-17.0.1.jar;C:\Users\abuba\.m2\repository\io\cucumber\datatable\7.15.0\datatable-7.15.0.jar;C:\Users\abuba\.m2\repository\io\cucumber\cucumber-plugin\7.15.0\cucumber-plugin-7.15.0.jar;C:\Users\abuba\.m2\repository\io\cucumber\docstring\7.15.0\docstring-7.15.0.jar;C:\Users\abuba\.m2\repository\io\cucumber\html-formatter\20.4.0\html-formatter-20.4.0.jar;C:\Users\abuba\.m2\repository\io\cucumber\junit-xml-formatter\0.2.0\junit-xml-formatter-0.2.0.jar;C:\Users\abuba\.m2\repository\io\cucumber\ci-environment\10.0.0\ci-environment-10.0.0.jar;C:\Users\abuba\.m2\repository\org\apiguardian\apiguardian-api\1.1.2\apiguardian-api-1.1.2.jar;C:\Users\abuba\.m2\repository\io\cucumber\cucumber-junit-platform-engine\7.15.0\cucumber-junit-platform-engine-7.15.0.jar;C:\Users\abuba\.m2\repository\org\junit\platform\junit-platform-engine\1.10.1\junit-platform-engine-1.10.1.jar;C:\Users\abuba\.m2\repository\org\opentest4j\opentest4j\1.3.0\opentest4j-1.3.0.jar;C:\Users\abuba\.m2\repository\org\junit\platform\junit-platform-commons\1.10.1\junit-platform-commons-1.10.1.jar;C:\Users\abuba\.m2\repository\org\junit\platform\junit-platform-suite\1.10.1\junit-platform-suite-1.10.1.jar;C:\Users\abuba\.m2\repository\org\junit\platform\junit-platform-suite-api\1.10.1\junit-platform-suite-api-1.10.1.jar;C:\Users\abuba\.m2\repository\org\junit\platform\junit-platform-suite-engine\1.10.1\junit-platform-suite-engine-1.10.1.jar;C:\Users\abuba\.m2\repository\org\junit\platform\junit-platform-suite-commons\1.10.1\junit-platform-suite-commons-1.10.1.jar;C:\Users\abuba\.m2\repository\org\junit\platform\junit-platform-launcher\1.10.1\junit-platform-launcher-1.10.1.jar;C:\Users\abuba\.m2\repository\org\junit\jupiter\junit-jupiter\5.10.1\junit-jupiter-5.10.1.jar;C:\Users\abuba\.m2\repository\org\junit\jupiter\junit-jupiter-api\5.10.1\junit-jupiter-api-5.10.1.jar;C:\Users\abuba\.m2\repository\org\junit\jupiter\junit-jupiter-params\5.10.1\junit-jupiter-params-5.10.1.jar;C:\Users\abuba\.m2\repository\org\junit\jupiter\junit-jupiter-engine\5.10.1\junit-jupiter-engine-5.10.1.jar;"/>
    <property name="sun.cpu.endian" value="little"/>
    <property name="user.home" value="C:\Users\abuba"/>
    <property name="user.language" value="en"/>
    <property name="java.specification.vendor" value="Oracle Corporation"/>
    <property name="java.version.date" value="2023-10-17"/>
    <property name="java.home" value="C:\Program Files\Java\jdk-17"/>
    <property name="file.separator" value="\"/>
    <property name="basedir" value="C:\Users\abuba\java_projects\weatherAppTest"/>
    <property name="java.vm.compressedOopsMode" value="Zero based"/>
    <property name="line.separator" value="&#10;"/>
    <property name="java.vm.specification.vendor" value="Oracle Corporation"/>
    <property name="java.specification.name" value="Java Platform API Specification"/>
    <property name="surefire.real.class.path" value="C:\Users\abuba\AppData\Local\Temp\surefire9114115790037163456\surefirebooter-20240114024017383_3.jar"/>
    <property name="user.script" value=""/>
    <property name="sun.management.compiler" value="HotSpot 64-Bit Tiered Compilers"/>
    <property name="java.runtime.version" value="17.0.9+11-LTS-201"/>
    <property name="user.name" value="abuba"/>
    <property name="path.separator" value=";"/>
    <property name="os.version" value="10.0"/>
    <property name="java.runtime.name" value="Java(TM) SE Runtime Environment"/>
    <property name="file.encoding" value="Cp1252"/>
    <property name="java.vm.name" value="Java HotSpot(TM) 64-Bit Server VM"/>
    <property name="localRepository" value="C:\Users\abuba\.m2\repository"/>
    <property name="cucumber.options" value="--plugin html:target/cucumber-reports"/>
    <property name="java.vendor.url.bug" value="https://bugreport.java.com/bugreport/"/>
    <property name="java.io.tmpdir" value="C:\Users\abuba\AppData\Local\Temp\"/>
    <property name="idea.version" value="2023.3.2"/>
    <property name="java.version" value="17.0.9"/>
    <property name="user.dir" value="C:\Users\abuba\java_projects\weatherAppTest"/>
    <property name="os.arch" value="amd64"/>
    <property name="java.vm.specification.name" value="Java Virtual Machine Specification"/>
    <property name="sun.os.patch.level" value=""/>
    <property name="native.encoding" value="Cp1252"/>
    <property name="java.library.path" value="C:\Program Files\Java\jdk-17\bin;C:\WINDOWS\Sun\Java\bin;C:\WINDOWS\system32;C:\WINDOWS;C:\Program Files\Common Files\Oracle\Java\javapath;C:\WINDOWS\system32;C:\WINDOWS;C:\WINDOWS\System32\Wbem;C:\WINDOWS\System32\WindowsPowerShell\v1.0\;C:\WINDOWS\System32\OpenSSH\;C:\Program Files\dotnet\;C:\Program Files (x86)\Groovy\bin;C:\Program Files\Git\cmd;C:\ProgramData\chocolatey\bin;C:\Users\abuba\OneDrive\Documents\Katalon Files\Katalon_Studio_Engine_Windows_64-9.1.0;C:\Users\abuba\OneDrive\Documents\Katalon Files\katalon-agent-win-x64-v2.0.0;C:\Program Files\nodejs\;C:\python3_12\Scripts;C:\python3_12;C:\Users\abuba\OneDrive\Documents\apache-maven-3.9.6-bin\apache-maven-3.9.6\bin;C:\Users\abuba\AppData\Local\Android\Sdk\platform-tools;C:\Users\abuba\AppData\Local\Programs\Python\Launcher\;C:\Users\abuba\AppData\Local\Microsoft\WindowsApps;C:\Users\abuba\AppData\Local\Programs\oh-my-posh\bin;C:\Users\abuba\AppData\Local\Programs\Microsoft VS Code\bin;C:\Users\abuba\AppData\Roaming\npm;C:\Users\abuba\AppData\Local\JetBrains\Toolbox\scripts;C:\python3_12;C:\python3_12\Scripts;;."/>
    <property name="java.vm.info" value="mixed mode, sharing"/>
    <property name="java.vendor" value="Oracle Corporation"/>
    <property name="java.vm.version" value="17.0.9+11-LTS-201"/>
    <property name="sun.io.unicode.encoding" value="UnicodeLittle"/>
    <property name="java.class.version" value="61.0"/>
  </properties>
  <testcase name="Verify the displays current weather forcast including temperature and conditions" classname="Weather Application Test" time="22.166">
    <system-out><![CDATA[Before All
&amp#27;[35m[Appium]&amp#27;[39m Welcome to Appium v2.4.1
&amp#27;[35m[Appium]&amp#27;[39m The autodetected Appium home path: C:\Users\abuba\.appium
&amp#27;[35m[Appium]&amp#27;[39m Attempting to load driver uiautomator2...
&amp#27;[35m[Appium]&amp#27;[39m Requiring driver at C:\Users\abuba\.appium\node_modules\appium-uiautomator2-driver\build\index.js
&amp#27;[35m[Appium]&amp#27;[39m AndroidUiautomator2Driver has been successfully loaded in 0.549s
&amp#27;[35m[Appium]&amp#27;[39m Appium REST http interface listener started on http://0.0.0.0:4723
&amp#27;[35m[Appium]&amp#27;[39m You can provide the following URLs in your client code to connect to this server:
&amp#27;[35m[Appium]&amp#27;[39m 	http://10.0.0.100:4723/
&amp#27;[35m[Appium]&amp#27;[39m 	http://127.0.0.1:4723/ (only accessible from the same host)
&amp#27;[35m[Appium]&amp#27;[39m Available drivers:
&amp#27;[35m[Appium]&amp#27;[39m   - uiautomator2@2.42.0 (automationName 'UiAutomator2')
&amp#27;[35m[Appium]&amp#27;[39m No plugins have been installed. Use the "appium plugin" command to install the one(s) you want to use.
&amp#27;[38;5;0m[HTTP]&amp#27;[0m &amp#27;[37m-->&amp#27;[39m &amp#27;[37mGET&amp#27;[39m &amp#27;[37m/status&amp#27;[39m
&amp#27;[38;5;0m[HTTP]&amp#27;[0m &amp#27;[90m{}&amp#27;[39m
&amp#27;[38;5;16m[AppiumDriver@2db5]&amp#27;[0m Calling AppiumDriver.getStatus() with args: []
&amp#27;[38;5;16m[AppiumDriver@2db5]&amp#27;[0m Responding to client with driver.getStatus() result: {"ready":true,"message":"The server is ready to accept new connections","build":{"version":"2.4.1"}}
&amp#27;[38;5;0m[HTTP]&amp#27;[0m &amp#27;[37m<-- GET /status &amp#27;[39m&amp#27;[32m200&amp#27;[39m &amp#27;[90m3 ms - 110&amp#27;[39m
&amp#27;[38;5;0m[HTTP]&amp#27;[0m &amp#27;[90m&amp#27;[39m

Scenario: Verify the displays current weather forcast including temperature and conditions      &amp#27;[90m# features/weatherAppTest.feature:3&amp#27;[0m
&amp#27;[38;5;0m[HTTP]&amp#27;[0m Request idempotency key: d36967bb-35d1-4ffd-a331-b00a6d16dda3
&amp#27;[38;5;0m[HTTP]&amp#27;[0m &amp#27;[37m-->&amp#27;[39m &amp#27;[37mPOST&amp#27;[39m &amp#27;[37m/session&amp#27;[39m
&amp#27;[38;5;0m[HTTP]&amp#27;[0m &amp#27;[90m{"capabilities":{"firstMatch":[{}],"alwaysMatch":{"appium:app":"src/test/resources/apk/app-debug.apk","appium:automationName":"UIAutomator2","appium:udid":"emulator-5554","platformName":"ANDROID"}}}&amp#27;[39m
&amp#27;[38;5;16m[AppiumDriver@2db5]&amp#27;[0m Calling AppiumDriver.createSession() with args: [null,null,{"firstMatch":[{}],"alwaysMatch":{"appium:app":"src/test/resources/apk/app-debug.apk","appium:automationName":"UIAutomator2","appium:udid":"emulator-5554","platformName":"ANDROID"}}]
&amp#27;[38;5;16m[AppiumDriver@2db5]&amp#27;[0m Event 'newSessionRequested' logged at 1705178420641 (02:40:20 GMT+0600 (Bangladesh Standard Time))
&amp#27;[35m[Appium]&amp#27;[39m Attempting to find matching driver for automationName 'UIAutomator2' and platformName 'ANDROID'
&amp#27;[35m[Appium]&amp#27;[39m The 'uiautomator2' driver was installed and matched caps.
&amp#27;[35m[Appium]&amp#27;[39m Will require it at C:\Users\abuba\.appium\node_modules\appium-uiautomator2-driver
&amp#27;[35m[Appium]&amp#27;[39m Requiring driver at C:\Users\abuba\.appium\node_modules\appium-uiautomator2-driver\build\index.js
&amp#27;[38;5;16m[AppiumDriver@2db5]&amp#27;[0m Appium v2.4.1 creating new AndroidUiautomator2Driver (v2.42.0) session
&amp#27;[38;5;16m[AppiumDriver@2db5]&amp#27;[0m Checking BaseDriver versions for Appium and AndroidUiautomator2Driver
&amp#27;[38;5;16m[AppiumDriver@2db5]&amp#27;[0m Appium's BaseDriver version is 9.5.0
&amp#27;[38;5;16m[AppiumDriver@2db5]&amp#27;[0m AndroidUiautomator2Driver's BaseDriver version is 9.5.0
&amp#27;[38;5;32m[AndroidUiautomator2Driver@acb2]&amp#27;[0m Creating session with W3C capabilities: {
&amp#27;[38;5;32m[AndroidUiautomator2Driver@acb2]&amp#27;[0m   "alwaysMatch": {
&amp#27;[38;5;32m[AndroidUiautomator2Driver@acb2]&amp#27;[0m     "platformName": "ANDROID",
&amp#27;[38;5;32m[AndroidUiautomator2Driver@acb2]&amp#27;[0m     "appium:app": "src/test/resources/apk/app-debug.apk",
&amp#27;[38;5;32m[AndroidUiautomator2Driver@acb2]&amp#27;[0m     "appium:automationName": "UIAutomator2",
&amp#27;[38;5;32m[AndroidUiautomator2Driver@acb2]&amp#27;[0m     "appium:udid": "emulator-5554"
&amp#27;[38;5;32m[AndroidUiautomator2Driver@acb2]&amp#27;[0m   },
&amp#27;[38;5;32m[AndroidUiautomator2Driver@acb2]&amp#27;[0m   "firstMatch": [
&amp#27;[38;5;32m[AndroidUiautomator2Driver@acb2]&amp#27;[0m     {}
&amp#27;[38;5;32m[AndroidUiautomator2Driver@acb2]&amp#27;[0m   ]
&amp#27;[38;5;32m[AndroidUiautomator2Driver@acb2]&amp#27;[0m }
&amp#27;[38;5;32m[AndroidUiautomator2Driver@acb2 (21630e16)]&amp#27;[0m Session created with session id: 21630e16-6427-4286-8e29-fcd97763fc5d
&amp#27;[38;5;48m[BaseDriver]&amp#27;[0m Using local app 'src/test/resources/apk/app-debug.apk'
&amp#27;[38;5;48m[BaseDriver]&amp#27;[0m The current application path 'src/test/resources/apk/app-debug.apk' is not absolute and has been rewritten to 'C:\Users\abuba\java_projects\weatherAppTest\src\test\resources\apk\app-debug.apk'. Consider using absolute paths rather than relative
&amp#27;[38;5;32m[AndroidUiautomator2Driver@acb2 (21630e16)]&amp#27;[0m Checking whether app is actually present
&amp#27;[38;5;64m[ADB]&amp#27;[0m Found 1 'build-tools' folders under 'C:\Users\abuba\AppData\Local\Android\Sdk' (newest first):
&amp#27;[38;5;64m[ADB]&amp#27;[0m     C:\Users\abuba\AppData\Local\Android\Sdk\build-tools\34.0.0
&amp#27;[38;5;64m[ADB]&amp#27;[0m Using 'adb.exe' from 'C:\Users\abuba\AppData\Local\Android\Sdk\platform-tools\adb.exe'
&amp#27;[38;5;64m[ADB]&amp#27;[0m Running 'C:\Users\abuba\AppData\Local\Android\Sdk\platform-tools\adb.exe -P 5037 start-server'
&amp#27;[38;5;80m[AndroidDriver]&amp#27;[0m Retrieving device list
&amp#27;[38;5;64m[ADB]&amp#27;[0m Trying to find connected Android devices
&amp#27;[38;5;64m[ADB]&amp#27;[0m Getting connected devices
&amp#27;[38;5;64m[ADB]&amp#27;[0m Connected devices: [{"udid":"emulator-5554","state":"device"}]
&amp#27;[38;5;80m[AndroidDriver]&amp#27;[0m Using device: emulator-5554
&amp#27;[38;5;64m[ADB]&amp#27;[0m Using 'adb.exe' from 'C:\Users\abuba\AppData\Local\Android\Sdk\platform-tools\adb.exe'
&amp#27;[38;5;64m[ADB]&amp#27;[0m Running 'C:\Users\abuba\AppData\Local\Android\Sdk\platform-tools\adb.exe -P 5037 start-server'
&amp#27;[38;5;64m[ADB]&amp#27;[0m Setting device id to emulator-5554
&amp#27;[38;5;64m[ADB]&amp#27;[0m Running 'C:\Users\abuba\AppData\Local\Android\Sdk\platform-tools\adb.exe -P 5037 -s emulator-5554 shell getprop ro.build.version.sdk'
&amp#27;[38;5;64m[ADB]&amp#27;[0m Current device property 'ro.build.version.sdk': 34
&amp#27;[38;5;64m[ADB]&amp#27;[0m Getting device platform version
&amp#27;[38;5;64m[ADB]&amp#27;[0m Running 'C:\Users\abuba\AppData\Local\Android\Sdk\platform-tools\adb.exe -P 5037 -s emulator-5554 shell getprop ro.build.version.release'
&amp#27;[38;5;64m[ADB]&amp#27;[0m Current device property 'ro.build.version.release': 14
&amp#27;[38;5;64m[ADB]&amp#27;[0m Device API level: 34
&amp#27;[38;5;32m[AndroidUiautomator2Driver@acb2 (21630e16)]&amp#27;[0m Relaxing hidden api policy
&amp#27;[38;5;64m[ADB]&amp#27;[0m Running 'C:\Users\abuba\AppData\Local\Android\Sdk\platform-tools\adb.exe -P 5037 -s emulator-5554 shell 'settings put global hidden_api_policy_pre_p_apps 1;settings put global hidden_api_policy_p_apps 1;settings put global hidden_api_policy 1''
&amp#27;[38;5;80m[AndroidDriver]&amp#27;[0m Parsing package and activity from app manifest
&amp#27;[38;5;64m[ADB]&amp#27;[0m Package name: 'me.example.android.weatherapp'
&amp#27;[38;5;64m[ADB]&amp#27;[0m Main activity name: 'me.example.android.weatherapp.MainActivity'
&amp#27;[38;5;80m[AndroidDriver]&amp#27;[0m Parsed package and activity are: me.example.android.weatherapp/me.example.android.weatherapp.MainActivity
&amp#27;[38;5;64m[ADB]&amp#27;[0m Running 'C:\Users\abuba\AppData\Local\Android\Sdk\platform-tools\adb.exe -P 5037 -s emulator-5554 wait-for-device'
&amp#27;[38;5;64m[ADB]&amp#27;[0m Running 'C:\Users\abuba\AppData\Local\Android\Sdk\platform-tools\adb.exe -P 5037 -s emulator-5554 shell echo ping'
&amp#27;[38;5;80m[AndroidDriver]&amp#27;[0m Pushing settings apk to device...
&amp#27;[38;5;64m[ADB]&amp#27;[0m Getting package info for 'io.appium.settings'
&amp#27;[38;5;64m[ADB]&amp#27;[0m Running 'C:\Users\abuba\AppData\Local\Android\Sdk\platform-tools\adb.exe -P 5037 -s emulator-5554 shell dumpsys package io.appium.settings'
&amp#27;[38;5;64m[ADB]&amp#27;[0m The version name of the installed 'io.appium.settings' is greater or equal to the application version name ('5.7.1' >= '5.7.1')
&amp#27;[38;5;64m[ADB]&amp#27;[0m There is no need to install/upgrade 'C:\Users\abuba\.appium\node_modules\appium-uiautomator2-driver\node_modules\io.appium.settings\apks\settings_apk-debug.apk'
&amp#27;[38;5;64m[ADB]&amp#27;[0m Running 'C:\Users\abuba\AppData\Local\Android\Sdk\platform-tools\adb.exe -P 5037 -s emulator-5554 shell dumpsys activity services io.appium.settings'
&amp#27;[38;5;80m[AndroidDriver]&amp#27;[0m io.appium.settings is already running. There is no need to reset its permissions.
&amp#27;[38;5;96m[Logcat]&amp#27;[0m Starting logs capture with command: C:\\Users\\abuba\\AppData\\Local\\Android\\Sdk\\platform-tools\\adb.exe -P 5037 -s emulator-5554 logcat -v threadtime
&amp#27;[38;5;32m[AndroidUiautomator2Driver@acb2 (21630e16)]&amp#27;[0m Forwarding UiAutomator2 Server port 6790 to local port 8240
&amp#27;[38;5;64m[ADB]&amp#27;[0m Forwarding system: 8240 to device: 6790
&amp#27;[38;5;64m[ADB]&amp#27;[0m Running 'C:\Users\abuba\AppData\Local\Android\Sdk\platform-tools\adb.exe -P 5037 -s emulator-5554 forward tcp:8240 tcp:6790'
&amp#27;[38;5;64m[ADB]&amp#27;[0m Checking app cert for C:\Users\abuba\.appium\node_modules\appium-uiautomator2-driver\node_modules\appium-uiautomator2-server\apks\appium-uiautomator2-server-v6.0.3.apk
&amp#27;[38;5;64m[ADB]&amp#27;[0m Checking app cert for C:\Users\abuba\.appium\node_modules\appium-uiautomator2-driver\node_modules\appium-uiautomator2-server\apks\appium-uiautomator2-server-debug-androidTest.apk
&amp#27;[38;5;64m[ADB]&amp#27;[0m Using 'apksigner.jar' from 'C:\Users\abuba\AppData\Local\Android\Sdk\build-tools\34.0.0\lib\apksigner.jar'
&amp#27;[38;5;64m[ADB]&amp#27;[0m Starting apksigner: 'C:\\Program Files\\Java\\jdk-17\\bin\\java.exe' -Xmx1024M -Xss1m -jar C:\\Users\\abuba\\AppData\\Local\\Android\\Sdk\\build-tools\\34.0.0\\lib\\apksigner.jar verify --print-certs C:\\Users\\abuba\\.appium\\node_modules\\appium-uiautomator2-driver\\node_modules\\appium-uiautomator2-server\\apks\\appium-uiautomator2-server-debug-androidTest.apk
&amp#27;[38;5;64m[ADB]&amp#27;[0m Starting apksigner: 'C:\\Program Files\\Java\\jdk-17\\bin\\java.exe' -Xmx1024M -Xss1m -jar C:\\Users\\abuba\\AppData\\Local\\Android\\Sdk\\build-tools\\34.0.0\\lib\\apksigner.jar verify --print-certs C:\\Users\\abuba\\.appium\\node_modules\\appium-uiautomator2-driver\\node_modules\\appium-uiautomator2-server\\apks\\appium-uiautomator2-server-v6.0.3.apk
&amp#27;[38;5;64m[ADB]&amp#27;[0m apksigner stdout: Signer #1 certificate DN: EMAILADDRESS=android@android.com, CN=Android, OU=Android, O=Android, L=Mountain View, ST=California, C=US
&amp#27;[38;5;64m[ADB]&amp#27;[0m Signer #1 certificate SHA-256 digest: a40da80a59d170caa950cf15c18c454d47a39b26989d8b640ecd745ba71bf5dc
&amp#27;[38;5;64m[ADB]&amp#27;[0m Signer #1 certificate SHA-1 digest: 61ed377e85d386a8dfee6b864bd85b0bfaa5af81
&amp#27;[38;5;64m[ADB]&amp#27;[0m Signer #1 certificate MD5 digest: e89b158e4bcf988ebd09eb83f5378e87
&amp#27;[38;5;64m[ADB]&amp#27;[0m 
&amp#27;[38;5;64m[ADB]&amp#27;[0m sha256 hash did match for 'appium-uiautomator2-server-debug-androidTest.apk'
&amp#27;[38;5;64m[ADB]&amp#27;[0m 'C:\Users\abuba\.appium\node_modules\appium-uiautomator2-driver\node_modules\appium-uiautomator2-server\apks\appium-uiautomator2-server-debug-androidTest.apk' is signed with the default certificate
&amp#27;[38;5;64m[ADB]&amp#27;[0m Getting install status for io.appium.uiautomator2.server.test
&amp#27;[38;5;64m[ADB]&amp#27;[0m Running 'C:\Users\abuba\AppData\Local\Android\Sdk\platform-tools\adb.exe -P 5037 -s emulator-5554 shell pm path io.appium.uiautomator2.server.test'
&amp#27;[38;5;64m[ADB]&amp#27;[0m 'io.appium.uiautomator2.server.test' is installed
&amp#27;[38;5;64m[ADB]&amp#27;[0m apksigner stdout: Signer #1 certificate DN: EMAILADDRESS=android@android.com, CN=Android, OU=Android, O=Android, L=Mountain View, ST=California, C=US
&amp#27;[38;5;64m[ADB]&amp#27;[0m Signer #1 certificate SHA-256 digest: a40da80a59d170caa950cf15c18c454d47a39b26989d8b640ecd745ba71bf5dc
&amp#27;[38;5;64m[ADB]&amp#27;[0m Signer #1 certificate SHA-1 digest: 61ed377e85d386a8dfee6b864bd85b0bfaa5af81
&amp#27;[38;5;64m[ADB]&amp#27;[0m Signer #1 certificate MD5 digest: e89b158e4bcf988ebd09eb83f5378e87
&amp#27;[38;5;64m[ADB]&amp#27;[0m 
&amp#27;[38;5;64m[ADB]&amp#27;[0m sha256 hash did match for 'appium-uiautomator2-server-v6.0.3.apk'
&amp#27;[38;5;64m[ADB]&amp#27;[0m 'C:\Users\abuba\.appium\node_modules\appium-uiautomator2-driver\node_modules\appium-uiautomator2-server\apks\appium-uiautomator2-server-v6.0.3.apk' is signed with the default certificate
&amp#27;[38;5;64m[ADB]&amp#27;[0m Getting package info for 'io.appium.uiautomator2.server'
&amp#27;[38;5;64m[ADB]&amp#27;[0m Running 'C:\Users\abuba\AppData\Local\Android\Sdk\platform-tools\adb.exe -P 5037 -s emulator-5554 shell dumpsys package io.appium.uiautomator2.server'
&amp#27;[38;5;64m[ADB]&amp#27;[0m The version name of the installed 'io.appium.uiautomator2.server' is greater or equal to the application version name ('6.0.3' >= '6.0.3')
&amp#27;[38;5;32m[AndroidUiautomator2Driver@acb2 (21630e16)]&amp#27;[0m Server packages status: [{"wasSigned":true,"installState":"sameVersionInstalled","appPath":"C:\\Users\\abuba\\.appium\\node_modules\\appium-uiautomator2-driver\\node_modules\\appium-uiautomator2-server\\apks\\appium-uiautomator2-server-v6.0.3.apk","appId":"io.appium.uiautomator2.server"},{"wasSigned":true,"installState":"sameVersionInstalled","appPath":"C:\\Users\\abuba\\.appium\\node_modules\\appium-uiautomator2-driver\\node_modules\\appium-uiautomator2-server\\apks\\appium-uiautomator2-server-debug-androidTest.apk","appId":"io.appium.uiautomator2.server.test"}]
&amp#27;[38;5;32m[AndroidUiautomator2Driver@acb2 (21630e16)]&amp#27;[0m Server packages are not going to be (re)installed
&amp#27;[38;5;32m[AndroidUiautomator2Driver@acb2 (21630e16)]&amp#27;[0m Waiting up to 30000ms for services to be available
&amp#27;[38;5;64m[ADB]&amp#27;[0m Running 'C:\Users\abuba\AppData\Local\Android\Sdk\platform-tools\adb.exe -P 5037 -s emulator-5554 shell pm list instrumentation'
&amp#27;[38;5;32m[AndroidUiautomator2Driver@acb2 (21630e16)]&amp#27;[0m Instrumentation target 'io.appium.uiautomator2.server.test/androidx.test.runner.AndroidJUnitRunner' is available
&amp#27;[38;5;64m[ADB]&amp#27;[0m Adding packages ["io.appium.settings","io.appium.uiautomator2.server","io.appium.uiautomator2.server.test"] to Doze whitelist
&amp#27;[38;5;64m[ADB]&amp#27;[0m Got the following command chunks to execute: [["dumpsys","deviceidle","whitelist","+io.appium.settings",";","dumpsys","deviceidle","whitelist","+io.appium.uiautomator2.server",";","dumpsys","deviceidle","whitelist","+io.appium.uiautomator2.server.test",";"]]
&amp#27;[38;5;64m[ADB]&amp#27;[0m Running 'C:\Users\abuba\AppData\Local\Android\Sdk\platform-tools\adb.exe -P 5037 -s emulator-5554 shell dumpsys deviceidle whitelist +io.appium.settings ; dumpsys deviceidle whitelist +io.appium.uiautomator2.server ; dumpsys deviceidle whitelist +io.appium.uiautomator2.server.test ;'
&amp#27;[38;5;64m[ADB]&amp#27;[0m Checking app cert for C:\Users\abuba\java_projects\weatherAppTest\src\test\resources\apk\app-debug.apk
&amp#27;[38;5;64m[ADB]&amp#27;[0m Starting apksigner: 'C:\\Program Files\\Java\\jdk-17\\bin\\java.exe' -Xmx1024M -Xss1m -jar C:\\Users\\abuba\\AppData\\Local\\Android\\Sdk\\build-tools\\34.0.0\\lib\\apksigner.jar verify --print-certs C:\\Users\\abuba\\java_projects\\weatherAppTest\\src\\test\\resources\\apk\\app-debug.apk
&amp#27;[38;5;64m[ADB]&amp#27;[0m apksigner stdout: Signer #1 certificate DN: C=US, O=Android, CN=Android Debug
&amp#27;[38;5;64m[ADB]&amp#27;[0m Signer #1 certificate SHA-256 digest: ad14d8703532464be57596dc8f418c4cbd139f43c37face8aee75630d73d50ea
&amp#27;[38;5;64m[ADB]&amp#27;[0m Signer #1 certificate SHA-1 digest: 3685f8804b578a7ba0225c49277f3acb03f06658
&amp#27;[38;5;64m[ADB]&amp#27;[0m Signer #1 certificate MD5 digest: a9866879f0094d38a89ad6ffac1b9a96
&amp#27;[38;5;64m[ADB]&amp#27;[0m 
&amp#27;[38;5;64m[ADB]&amp#27;[0m 'C:\Users\abuba\java_projects\weatherAppTest\src\test\resources\apk\app-debug.apk' is signed with a non-default certificate
&amp#27;[38;5;64m[ADB]&amp#27;[0m Getting package info for 'me.example.android.weatherapp'
&amp#27;[38;5;64m[ADB]&amp#27;[0m Running 'C:\Users\abuba\AppData\Local\Android\Sdk\platform-tools\adb.exe -P 5037 -s emulator-5554 shell dumpsys package me.example.android.weatherapp'
&amp#27;[38;5;64m[ADB]&amp#27;[0m The version name of the installed 'me.example.android.weatherapp' is greater or equal to the application version name ('1.0.0' >= '1.0.0')
&amp#27;[38;5;64m[ADB]&amp#27;[0m There is no need to install/upgrade 'C:\Users\abuba\java_projects\weatherAppTest\src\test\resources\apk\app-debug.apk'
&amp#27;[38;5;80m[AndroidDriver]&amp#27;[0m Performing fast reset on 'me.example.android.weatherapp'
&amp#27;[38;5;64m[ADB]&amp#27;[0m Getting install status for me.example.android.weatherapp
&amp#27;[38;5;64m[ADB]&amp#27;[0m Running 'C:\Users\abuba\AppData\Local\Android\Sdk\platform-tools\adb.exe -P 5037 -s emulator-5554 shell pm path me.example.android.weatherapp'
&amp#27;[38;5;64m[ADB]&amp#27;[0m 'me.example.android.weatherapp' is installed
&amp#27;[38;5;64m[ADB]&amp#27;[0m Running 'C:\Users\abuba\AppData\Local\Android\Sdk\platform-tools\adb.exe -P 5037 -s emulator-5554 shell am force-stop me.example.android.weatherapp'
&amp#27;[38;5;64m[ADB]&amp#27;[0m Running 'C:\Users\abuba\AppData\Local\Android\Sdk\platform-tools\adb.exe -P 5037 -s emulator-5554 shell pm clear me.example.android.weatherapp'
&amp#27;[38;5;80m[AndroidDriver]&amp#27;[0m Performed fast reset on the installed 'me.example.android.weatherapp' application (stop and clear)
&amp#27;[38;5;32m[AndroidUiautomator2Driver@acb2 (21630e16)]&amp#27;[0m Performing shallow cleanup of automation leftovers
&amp#27;[38;5;32m[AndroidUiautomator2Driver@acb2 (21630e16)]&amp#27;[0m No obsolete sessions have been detected (socket hang up)
&amp#27;[38;5;64m[ADB]&amp#27;[0m Running 'C:\Users\abuba\AppData\Local\Android\Sdk\platform-tools\adb.exe -P 5037 -s emulator-5554 shell am force-stop io.appium.uiautomator2.server.test'
&amp#27;[38;5;32m[AndroidUiautomator2Driver@acb2 (21630e16)]&amp#27;[0m Starting UIAutomator2 server 6.0.3
&amp#27;[38;5;32m[AndroidUiautomator2Driver@acb2 (21630e16)]&amp#27;[0m Using UIAutomator2 server from 'C:\Users\abuba\.appium\node_modules\appium-uiautomator2-driver\node_modules\appium-uiautomator2-server\apks\appium-uiautomator2-server-v6.0.3.apk' and test from 'C:\Users\abuba\.appium\node_modules\appium-uiautomator2-driver\node_modules\appium-uiautomator2-server\apks\appium-uiautomator2-server-debug-androidTest.apk'
&amp#27;[38;5;32m[AndroidUiautomator2Driver@acb2 (21630e16)]&amp#27;[0m Waiting up to 30000ms for UiAutomator2 to be online...
&amp#27;[38;5;64m[ADB]&amp#27;[0m Creating ADB subprocess with args: ["-P","5037","-s","emulator-5554","shell","am","instrument","-w","-e","disableAnalytics","true","io.appium.uiautomator2.server.test/androidx.test.runner.AndroidJUnitRunner"]
&amp#27;[38;5;32m[AndroidUiautomator2Driver@acb2 (21630e16)]&amp#27;[0m Matched '/status' to command name 'getStatus'
&amp#27;[38;5;32m[AndroidUiautomator2Driver@acb2 (21630e16)]&amp#27;[0m Proxying [GET /status] to [GET http://127.0.0.1:8240/status] with no body
&amp#27;[38;5;32m[AndroidUiautomator2Driver@acb2 (21630e16)]&amp#27;[0m socket hang up
&amp#27;[38;5;112m[Instrumentation]&amp#27;[0m io.appium.uiautomator2.server.test.AppiumUiAutomator2Server:
&amp#27;[38;5;32m[AndroidUiautomator2Driver@acb2 (21630e16)]&amp#27;[0m Matched '/status' to command name 'getStatus'
&amp#27;[38;5;32m[AndroidUiautomator2Driver@acb2 (21630e16)]&amp#27;[0m Proxying [GET /status] to [GET http://127.0.0.1:8240/status] with no body
&amp#27;[38;5;32m[AndroidUiautomator2Driver@acb2 (21630e16)]&amp#27;[0m socket hang up
&amp#27;[38;5;32m[AndroidUiautomator2Driver@acb2 (21630e16)]&amp#27;[0m Matched '/status' to command name 'getStatus'
&amp#27;[38;5;32m[AndroidUiautomator2Driver@acb2 (21630e16)]&amp#27;[0m Proxying [GET /status] to [GET http://127.0.0.1:8240/status] with no body
&amp#27;[38;5;32m[AndroidUiautomator2Driver@acb2 (21630e16)]&amp#27;[0m Got response with status 200: {"sessionId":"None","value":{"message":"UiAutomator2 Server is ready to accept commands","ready":true}}
&amp#27;[38;5;32m[AndroidUiautomator2Driver@acb2 (21630e16)]&amp#27;[0m The initialization of the instrumentation process took 2114ms
&amp#27;[38;5;32m[AndroidUiautomator2Driver@acb2 (21630e16)]&amp#27;[0m Matched '/session' to command name 'createSession'
&amp#27;[38;5;32m[AndroidUiautomator2Driver@acb2 (21630e16)]&amp#27;[0m Proxying [POST /session] to [POST http://127.0.0.1:8240/session] with body: {"capabilities":{"firstMatch":[{"platformName":"ANDROID","app":"src/test/resources/apk/app-debug.apk","automationName":"UIAutomator2","udid":"emulator-5554","platform":"LINUX","webStorageEnabled":false,"takesScreenshot":true,"javascriptEnabled":true,"databaseEnabled":false,"networkConnectionEnabled":true,"locationContextEnabled":false,"warnings":{},"desired":{"platformName":"ANDROID","app":"src/test/resources/apk/app-debug.apk","automationName":"UIAutomator2","udid":"emulator-5554"},"deviceName":"emulator-5554","deviceUDID":"emulator-5554","appPackage":"me.example.android.weatherapp"}],"alwaysMatch":{}}}
&amp#27;[38;5;32m[AndroidUiautomator2Driver@acb2 (21630e16)]&amp#27;[0m Got response with status 200: {"sessionId":"8c610884-90da-4b8f-bfe5-65aa9fc8d87e","value":{"capabilities":{"firstMatch":[{"platformName":"ANDROID","app":"src/test/resources/apk/app-debug.apk","automationName":"UIAutomator2","udid":"emulator-5554","platform":"LINUX","webStorageEnabled":false,"takesScreenshot":true,"javascriptEnabled":true,"databaseEnabled":false,"networkConnectionEnabled":true,"locationContextEnabled":false,"warnings":{},"desired":{"platformName":"ANDROID","app":"src/test/resources/apk/app-debug.apk","automationName":"UIAutomator2","udid":"emulator-5554"},"deviceName":"emulator-5554","deviceUDID":"emulator-5554","appPackage":"me.example.android.weatherapp"}],"alwaysMatch":{}},"sessionId":"8c610884-90da-4b8f-bfe5-65aa9fc8d87e"}}
&amp#27;[38;5;32m[AndroidUiautomator2Driver@acb2 (21630e16)]&amp#27;[0m Determined the downstream protocol as 'W3C'
&amp#27;[38;5;32m[AndroidUiautomator2Driver@acb2 (21630e16)]&amp#27;[0m Proxying [GET /appium/device/pixel_ratio] to [GET http://127.0.0.1:8240/session/8c610884-90da-4b8f-bfe5-65aa9fc8d87e/appium/device/pixel_ratio] with no body
&amp#27;[38;5;32m[AndroidUiautomator2Driver@acb2 (21630e16)]&amp#27;[0m Matched '/appium/device/system_bars' to command name 'getSystemBars'
&amp#27;[38;5;32m[AndroidUiautomator2Driver@acb2 (21630e16)]&amp#27;[0m Proxying [GET /appium/device/system_bars] to [GET http://127.0.0.1:8240/session/8c610884-90da-4b8f-bfe5-65aa9fc8d87e/appium/device/system_bars] with no body
&amp#27;[38;5;32m[AndroidUiautomator2Driver@acb2 (21630e16)]&amp#27;[0m Matched '/window/current/size' to command name 'getWindowSize'
&amp#27;[38;5;32m[AndroidUiautomator2Driver@acb2 (21630e16)]&amp#27;[0m Proxying [GET /window/current/size] to [GET http://127.0.0.1:8240/session/8c610884-90da-4b8f-bfe5-65aa9fc8d87e/window/current/size] with no body
&amp#27;[38;5;32m[AndroidUiautomator2Driver@acb2 (21630e16)]&amp#27;[0m Proxying [GET /appium/device/info] to [GET http://127.0.0.1:8240/session/8c610884-90da-4b8f-bfe5-65aa9fc8d87e/appium/device/info] with no body
&amp#27;[38;5;64m[ADB]&amp#27;[0m Running 'C:\Users\abuba\AppData\Local\Android\Sdk\platform-tools\adb.exe -P 5037 -s emulator-5554 shell dumpsys window'
&amp#27;[38;5;32m[AndroidUiautomator2Driver@acb2 (21630e16)]&amp#27;[0m Got response with status 200: {"sessionId":"8c610884-90da-4b8f-bfe5-65aa9fc8d87e","value":2.75}
&amp#27;[38;5;32m[AndroidUiautomator2Driver@acb2 (21630e16)]&amp#27;[0m Got response with status 200: {"sessionId":"8c610884-90da-4b8f-bfe5-65aa9fc8d87e","value":{"height":2220,"width":1080}}
&amp#27;[38;5;32m[AndroidUiautomator2Driver@acb2 (21630e16)]&amp#27;[0m Got response with status 200: {"sessionId":"8c610884-90da-4b8f-bfe5-65aa9fc8d87e","value":{"statusBar":66}}
&amp#27;[38;5;32m[AndroidUiautomator2Driver@acb2 (21630e16)]&amp#27;[0m Got response with status 200: {"sessionId":"8c610884-90da-4b8f-bfe5-65aa9fc8d87e","value":{"androidId":"f238964dfab8eda9","apiVersion":"34","bluetooth":{"state":"ON"},"brand":"google","carrierName":"T-Mobile","displayDensity":440,"locale":"en_US","manufacturer":"Google","model":"sdk_gphone64_x86_64","networks":[{"capabilities":{"SSID":null,"linkDownBandwidthKbps":30000,"linkUpstreamBandwidthKbps":15000,"networkCapabilities":"NET_CAPABILITY_MMS,NET_CAPABILITY_SUPL,NET_CAPABILITY_DUN,NET_CAPABILITY_FOTA,NET_CAPABILITY_IMS,NET_CAPABILITY_CBS,NET_CAPABILITY_INTERNET,NET_CAPABILITY_NOT_RESTRICTED,NET_CAPABILITY_TRUSTED,NET_CAPABILITY_NOT_VPN,NET_CAPABILITY_VALIDATED,NET_CAPABILITY_NOT_ROAMING,NET_CAPABILITY_NOT_CONGESTED,NET_CAPABILITY_NOT_SUSPENDED","signalStrength":-2147483648,"transportTypes":"TRANSPORT_CELLULAR"},"detailedState":"CONNECTED","extraInfo":"epc.tmobile.com","isAvailable":true,"isConnected":true,"isFailover":false,"isRoaming":false,"state":"CONNECTED","subtype":10,"subtypeName":"HSPA","type":0,"typeName":"MOBILE"},{"capabili...
&amp#27;[38;5;80m[AndroidDriver]&amp#27;[0m Screen already unlocked, doing nothing
&amp#27;[38;5;32m[AndroidUiautomator2Driver@acb2 (21630e16)]&amp#27;[0m Starting 'me.example.android.weatherapp/me.example.android.weatherapp.MainActivity and waiting for 'me.example.android.weatherapp/me.example.android.weatherapp.MainActivity'
&amp#27;[38;5;64m[ADB]&amp#27;[0m Running 'C:\Users\abuba\AppData\Local\Android\Sdk\platform-tools\adb.exe -P 5037 -s emulator-5554 shell am start -W -n me.example.android.weatherapp/me.example.android.weatherapp.MainActivity -S -a android.intent.action.MAIN -c android.intent.category.LAUNCHER -f 0x10200000'
&amp#27;[38;5;64m[ADB]&amp#27;[0m Waiting up to 20000ms for activity matching pkg: 'me.example.android.weatherapp' and activity: 'me.example.android.weatherapp.MainActivity' to be focused
&amp#27;[38;5;64m[ADB]&amp#27;[0m Possible activities, to be checked: 'me.example.android.weatherapp.MainActivity', 'me.example.android.weatherapp.me.example.android.weatherapp.MainActivity'
&amp#27;[38;5;64m[ADB]&amp#27;[0m Getting focused package and activity
&amp#27;[38;5;64m[ADB]&amp#27;[0m Running 'C:\Users\abuba\AppData\Local\Android\Sdk\platform-tools\adb.exe -P 5037 -s emulator-5554 shell dumpsys window displays'
&amp#27;[38;5;64m[ADB]&amp#27;[0m Found package: 'me.example.android.weatherapp' and fully qualified activity name : 'me.example.android.weatherapp.MainActivity'
&amp#27;[38;5;16m[AppiumDriver@2db5]&amp#27;[0m New AndroidUiautomator2Driver session created successfully, session 21630e16-6427-4286-8e29-fcd97763fc5d added to master session list
&amp#27;[38;5;16m[AppiumDriver@2db5]&amp#27;[0m Event 'newSessionStarted' logged at 1705178425896 (02:40:25 GMT+0600 (Bangladesh Standard Time))
&amp#27;[38;5;32m[AndroidUiautomator2Driver@acb2 (21630e16)]&amp#27;[0m Cached the protocol value 'W3C' for the new session 21630e16-6427-4286-8e29-fcd97763fc5d
&amp#27;[38;5;32m[AndroidUiautomator2Driver@acb2 (21630e16)]&amp#27;[0m Responding to client with driver.createSession() result: {"capabilities":{"platformName":"ANDROID","app":"src/test/resources/apk/app-debug.apk","automationName":"UIAutomator2","udid":"emulator-5554","platform":"LINUX","webStorageEnabled":false,"takesScreenshot":true,"javascriptEnabled":true,"databaseEnabled":false,"networkConnectionEnabled":true,"locationContextEnabled":false,"warnings":{},"desired":{"platformName":"ANDROID","app":"src/test/resources/apk/app-debug.apk","automationName":"UIAutomator2","udid":"emulator-5554"},"deviceName":"emulator-5554","deviceUDID":"emulator-5554","appPackage":"me.example.android.weatherapp","pixelRatio":"2.75","statBarHeight":66,"viewportRect":{"left":0,"top":66,"width":1080,"height":2154},"deviceApiLevel":34,"platformVersion":"14","deviceManufacturer":"Google","deviceModel":"sdk_gphone64_x86_64","deviceScreenSize":"1080x2220","deviceScreenDensity":440}}
&amp#27;[38;5;0m[HTTP]&amp#27;[0m &amp#27;[37m<-- POST /session &amp#27;[39m&amp#27;[32m200&amp#27;[39m &amp#27;[90m5256 ms - 905&amp#27;[39m
&amp#27;[38;5;0m[HTTP]&amp#27;[0m &amp#27;[90m&amp#27;[39m
&amp#27;[38;5;0m[HTTP]&amp#27;[0m &amp#27;[37m-->&amp#27;[39m &amp#27;[37mPOST&amp#27;[39m &amp#27;[37m/session/21630e16-6427-4286-8e29-fcd97763fc5d/element&amp#27;[39m
&amp#27;[38;5;0m[HTTP]&amp#27;[0m &amp#27;[90m{"using":"xpath","value":"//android.view.View[@text='Allow']"}&amp#27;[39m
&amp#27;[38;5;32m[AndroidUiautomator2Driver@acb2 (21630e16)]&amp#27;[0m Calling AppiumDriver.findElement() with args: ["xpath","//android.view.View[@text='Allow']","21630e16-6427-4286-8e29-fcd97763fc5d"]
&amp#27;[38;5;32m[AndroidUiautomator2Driver@acb2 (21630e16)]&amp#27;[0m Valid locator strategies for this request: xpath, id, class name, accessibility id, css selector, -android uiautomator
&amp#27;[38;5;32m[AndroidUiautomator2Driver@acb2 (21630e16)]&amp#27;[0m Waiting up to 0 ms for condition
&amp#27;[38;5;32m[AndroidUiautomator2Driver@acb2 (21630e16)]&amp#27;[0m Matched '/element' to command name 'findElement'
&amp#27;[38;5;32m[AndroidUiautomator2Driver@acb2 (21630e16)]&amp#27;[0m Proxying [POST /element] to [POST http://127.0.0.1:8240/session/8c610884-90da-4b8f-bfe5-65aa9fc8d87e/element] with body: {"strategy":"xpath","selector":"//android.view.View[@text='Allow']","context":"","multiple":false}
&amp#27;[38;5;32m[AndroidUiautomator2Driver@acb2 (21630e16)]&amp#27;[0m Got response with status 200: {"sessionId":"8c610884-90da-4b8f-bfe5-65aa9fc8d87e","value":{"ELEMENT":"00000000-0000-05b4-0000-000900000004","element-6066-11e4-a52e-4f735466cecf":"00000000-0000-05b4-0000-000900000004"}}
&amp#27;[38;5;32m[AndroidUiautomator2Driver@acb2 (21630e16)]&amp#27;[0m Responding to client with driver.findElement() result: {"element-6066-11e4-a52e-4f735466cecf":"00000000-0000-05b4-0000-000900000004","ELEMENT":"00000000-0000-05b4-0000-000900000004"}
&amp#27;[38;5;0m[HTTP]&amp#27;[0m &amp#27;[37m<-- POST /session/21630e16-6427-4286-8e29-fcd97763fc5d/element &amp#27;[39m&amp#27;[32m200&amp#27;[39m &amp#27;[90m1526 ms - 137&amp#27;[39m
&amp#27;[38;5;0m[HTTP]&amp#27;[0m &amp#27;[90m&amp#27;[39m
&amp#27;[38;5;0m[HTTP]&amp#27;[0m &amp#27;[37m-->&amp#27;[39m &amp#27;[37mPOST&amp#27;[39m &amp#27;[37m/session/21630e16-6427-4286-8e29-fcd97763fc5d/element/00000000-0000-05b4-0000-000900000004/click&amp#27;[39m
&amp#27;[38;5;0m[HTTP]&amp#27;[0m &amp#27;[90m{"id":"00000000-0000-05b4-0000-000900000004"}&amp#27;[39m
&amp#27;[38;5;32m[AndroidUiautomator2Driver@acb2 (21630e16)]&amp#27;[0m Calling AppiumDriver.click() with args: ["00000000-0000-05b4-0000-000900000004","21630e16-6427-4286-8e29-fcd97763fc5d"]
&amp#27;[38;5;32m[AndroidUiautomator2Driver@acb2 (21630e16)]&amp#27;[0m Matched '/element/00000000-0000-05b4-0000-000900000004/click' to command name 'click'
&amp#27;[38;5;32m[AndroidUiautomator2Driver@acb2 (21630e16)]&amp#27;[0m Proxying [POST /element/00000000-0000-05b4-0000-000900000004/click] to [POST http://127.0.0.1:8240/session/8c610884-90da-4b8f-bfe5-65aa9fc8d87e/element/00000000-0000-05b4-0000-000900000004/click] with body: {"element":"00000000-0000-05b4-0000-000900000004"}
&amp#27;[38;5;32m[AndroidUiautomator2Driver@acb2 (21630e16)]&amp#27;[0m Got response with status 200: {"sessionId":"8c610884-90da-4b8f-bfe5-65aa9fc8d87e","value":null}
&amp#27;[38;5;32m[AndroidUiautomator2Driver@acb2 (21630e16)]&amp#27;[0m Responding to client with driver.click() result: null
&amp#27;[38;5;0m[HTTP]&amp#27;[0m &amp#27;[37m<-- POST /session/21630e16-6427-4286-8e29-fcd97763fc5d/element/00000000-0000-05b4-0000-000900000004/click &amp#27;[39m&amp#27;[32m200&amp#27;[39m &amp#27;[90m1604 ms - 14&amp#27;[39m
&amp#27;[38;5;0m[HTTP]&amp#27;[0m &amp#27;[90m&amp#27;[39m
&amp#27;[38;5;0m[HTTP]&amp#27;[0m &amp#27;[37m-->&amp#27;[39m &amp#27;[37mPOST&amp#27;[39m &amp#27;[37m/session/21630e16-6427-4286-8e29-fcd97763fc5d/element&amp#27;[39m
&amp#27;[38;5;0m[HTTP]&amp#27;[0m &amp#27;[90m{"using":"xpath","value":"//android.widget.Button[@resource-id='com.android.permissioncontroller:id/permission_allow_foreground_only_button']"}&amp#27;[39m
&amp#27;[38;5;32m[AndroidUiautomator2Driver@acb2 (21630e16)]&amp#27;[0m Calling AppiumDriver.findElement() with args: ["xpath","//android.widget.Button[@resource-id='com.android.permissioncontroller:id/permission_allow_foreground_only_button']","21630e16-6427-4286-8e29-fcd97763fc5d"]
&amp#27;[38;5;32m[AndroidUiautomator2Driver@acb2 (21630e16)]&amp#27;[0m Valid locator strategies for this request: xpath, id, class name, accessibility id, css selector, -android uiautomator
&amp#27;[38;5;32m[AndroidUiautomator2Driver@acb2 (21630e16)]&amp#27;[0m Waiting up to 0 ms for condition
&amp#27;[38;5;32m[AndroidUiautomator2Driver@acb2 (21630e16)]&amp#27;[0m Matched '/element' to command name 'findElement'
&amp#27;[38;5;32m[AndroidUiautomator2Driver@acb2 (21630e16)]&amp#27;[0m Proxying [POST /element] to [POST http://127.0.0.1:8240/session/8c610884-90da-4b8f-bfe5-65aa9fc8d87e/element] with body: {"strategy":"xpath","selector":"//android.widget.Button[@resource-id='com.android.permissioncontroller:id/permission_allow_foreground_only_button']","context":"","multiple":false}
&amp#27;[38;5;32m[AndroidUiautomator2Driver@acb2 (21630e16)]&amp#27;[0m Got response with status 200: {"sessionId":"8c610884-90da-4b8f-bfe5-65aa9fc8d87e","value":{"ELEMENT":"00000000-0000-05b5-ffff-ffff00000ec3","element-6066-11e4-a52e-4f735466cecf":"00000000-0000-05b5-ffff-ffff00000ec3"}}
&amp#27;[38;5;32m[AndroidUiautomator2Driver@acb2 (21630e16)]&amp#27;[0m Responding to client with driver.findElement() result: {"element-6066-11e4-a52e-4f735466cecf":"00000000-0000-05b5-ffff-ffff00000ec3","ELEMENT":"00000000-0000-05b5-ffff-ffff00000ec3"}
&amp#27;[38;5;0m[HTTP]&amp#27;[0m &amp#27;[37m<-- POST /session/21630e16-6427-4286-8e29-fcd97763fc5d/element &amp#27;[39m&amp#27;[32m200&amp#27;[39m &amp#27;[90m60 ms - 137&amp#27;[39m
&amp#27;[38;5;0m[HTTP]&amp#27;[0m &amp#27;[90m&amp#27;[39m
&amp#27;[38;5;0m[HTTP]&amp#27;[0m &amp#27;[37m-->&amp#27;[39m &amp#27;[37mPOST&amp#27;[39m &amp#27;[37m/session/21630e16-6427-4286-8e29-fcd97763fc5d/element/00000000-0000-05b5-ffff-ffff00000ec3/click&amp#27;[39m
&amp#27;[38;5;0m[HTTP]&amp#27;[0m &amp#27;[90m{"id":"00000000-0000-05b5-ffff-ffff00000ec3"}&amp#27;[39m
&amp#27;[38;5;32m[AndroidUiautomator2Driver@acb2 (21630e16)]&amp#27;[0m Calling AppiumDriver.click() with args: ["00000000-0000-05b5-ffff-ffff00000ec3","21630e16-6427-4286-8e29-fcd97763fc5d"]
&amp#27;[38;5;32m[AndroidUiautomator2Driver@acb2 (21630e16)]&amp#27;[0m Matched '/element/00000000-0000-05b5-ffff-ffff00000ec3/click' to command name 'click'
&amp#27;[38;5;32m[AndroidUiautomator2Driver@acb2 (21630e16)]&amp#27;[0m Proxying [POST /element/00000000-0000-05b5-ffff-ffff00000ec3/click] to [POST http://127.0.0.1:8240/session/8c610884-90da-4b8f-bfe5-65aa9fc8d87e/element/00000000-0000-05b5-ffff-ffff00000ec3/click] with body: {"element":"00000000-0000-05b5-ffff-ffff00000ec3"}
&amp#27;[38;5;32m[AndroidUiautomator2Driver@acb2 (21630e16)]&amp#27;[0m Got response with status 200: {"sessionId":"8c610884-90da-4b8f-bfe5-65aa9fc8d87e","value":null}
&amp#27;[38;5;32m[AndroidUiautomator2Driver@acb2 (21630e16)]&amp#27;[0m Responding to client with driver.click() result: null
&amp#27;[38;5;0m[HTTP]&amp#27;[0m &amp#27;[37m<-- POST /session/21630e16-6427-4286-8e29-fcd97763fc5d/element/00000000-0000-05b5-ffff-ffff00000ec3/click &amp#27;[39m&amp#27;[32m200&amp#27;[39m &amp#27;[90m69 ms - 14&amp#27;[39m
&amp#27;[38;5;0m[HTTP]&amp#27;[0m &amp#27;[90m&amp#27;[39m
&amp#27;[38;5;0m[HTTP]&amp#27;[0m &amp#27;[37m-->&amp#27;[39m &amp#27;[37mPOST&amp#27;[39m &amp#27;[37m/session/21630e16-6427-4286-8e29-fcd97763fc5d/element&amp#27;[39m
&amp#27;[38;5;0m[HTTP]&amp#27;[0m &amp#27;[90m{"using":"xpath","value":"//android.view.View[@text='Today']"}&amp#27;[39m
&amp#27;[38;5;32m[AndroidUiautomator2Driver@acb2 (21630e16)]&amp#27;[0m Calling AppiumDriver.findElement() with args: ["xpath","//android.view.View[@text='Today']","21630e16-6427-4286-8e29-fcd97763fc5d"]
&amp#27;[38;5;32m[AndroidUiautomator2Driver@acb2 (21630e16)]&amp#27;[0m Valid locator strategies for this request: xpath, id, class name, accessibility id, css selector, -android uiautomator
&amp#27;[38;5;32m[AndroidUiautomator2Driver@acb2 (21630e16)]&amp#27;[0m Waiting up to 0 ms for condition
&amp#27;[38;5;32m[AndroidUiautomator2Driver@acb2 (21630e16)]&amp#27;[0m Matched '/element' to command name 'findElement'
&amp#27;[38;5;32m[AndroidUiautomator2Driver@acb2 (21630e16)]&amp#27;[0m Proxying [POST /element] to [POST http://127.0.0.1:8240/session/8c610884-90da-4b8f-bfe5-65aa9fc8d87e/element] with body: {"strategy":"xpath","selector":"//android.view.View[@text='Today']","context":"","multiple":false}
&amp#27;[38;5;32m[AndroidUiautomator2Driver@acb2 (21630e16)]&amp#27;[0m Got response with status 404: {"sessionId":"8c610884-90da-4b8f-bfe5-65aa9fc8d87e","value":{"error":"no such element","message":"An element could not be located on the page using the given search parameters","stacktrace":"io.appium.uiautomator2.common.exceptions.ElementNotFoundException: An element could not be located on the page using the given search parameters\n\tat io.appium.uiautomator2.utils.ElementLocationHelpers.findElement(ElementLocationHelpers.java:156)\n\tat io.appium.uiautomator2.handler.FindElement.safeHandle(FindElement.java:60)\n\tat io.appium.uiautomator2.handler.request.SafeRequestHandler.handle(SafeRequestHandler.java:59)\n\tat io.appium.uiautomator2.server.AppiumServlet.handleRequest(AppiumServlet.java:277)\n\tat io.appium.uiautomator2.server.AppiumServlet.handleHttpRequest(AppiumServlet.java:271)\n\tat io.appium.uiautomator2.http.ServerHandler.channelRead(ServerHandler.java:77)\n\tat io.netty.channel.AbstractChannelHandlerContext.invokeChannelRead(AbstractChannelHandlerContext.java:366)\n\tat io.netty.channel.Abstr...
&amp#27;[38;5;128m[W3C]&amp#27;[0m Matched W3C error code 'no such element' to NoSuchElementError
&amp#27;[38;5;32m[AndroidUiautomator2Driver@acb2 (21630e16)]&amp#27;[0m Encountered internal error running command: NoSuchElementError: An element could not be located on the page using the given search parameters.
&amp#27;[38;5;32m[AndroidUiautomator2Driver@acb2 (21630e16)]&amp#27;[0m     at AndroidUiautomator2Driver.findElOrEls (C:\Users\abuba\.appium\node_modules\appium-uiautomator2-driver\node_modules\appium-android-driver\lib\commands\find.ts:87:11)
&amp#27;[38;5;32m[AndroidUiautomator2Driver@acb2 (21630e16)]&amp#27;[0m     at processTicksAndRejections (node:internal/process/task_queues:95:5)
&amp#27;[38;5;32m[AndroidUiautomator2Driver@acb2 (21630e16)]&amp#27;[0m     at AndroidUiautomator2Driver.findElOrElsWithProcessing (C:\Users\abuba\AppData\Roaming\npm\node_modules\appium\node_modules\@appium\base-driver\lib\basedriver\commands\find.ts:60:12)
&amp#27;[38;5;32m[AndroidUiautomator2Driver@acb2 (21630e16)]&amp#27;[0m     at AndroidUiautomator2Driver.findElement (C:\Users\abuba\AppData\Roaming\npm\node_modules\appium\node_modules\@appium\base-driver\lib\basedriver\commands\find.ts:75:12)
&amp#27;[38;5;0m[HTTP]&amp#27;[0m &amp#27;[37m<-- POST /session/21630e16-6427-4286-8e29-fcd97763fc5d/element &amp#27;[39m&amp#27;[33m404&amp#27;[39m &amp#27;[90m77 ms - 890&amp#27;[39m
&amp#27;[38;5;0m[HTTP]&amp#27;[0m &amp#27;[90m&amp#27;[39m
&amp#27;[38;5;0m[HTTP]&amp#27;[0m &amp#27;[37m-->&amp#27;[39m &amp#27;[37mPOST&amp#27;[39m &amp#27;[37m/session/21630e16-6427-4286-8e29-fcd97763fc5d/element&amp#27;[39m
&amp#27;[38;5;0m[HTTP]&amp#27;[0m &amp#27;[90m{"using":"xpath","value":"//android.view.View[@text='Today']"}&amp#27;[39m
&amp#27;[38;5;32m[AndroidUiautomator2Driver@acb2 (21630e16)]&amp#27;[0m Calling AppiumDriver.findElement() with args: ["xpath","//android.view.View[@text='Today']","21630e16-6427-4286-8e29-fcd97763fc5d"]
&amp#27;[38;5;32m[AndroidUiautomator2Driver@acb2 (21630e16)]&amp#27;[0m Valid locator strategies for this request: xpath, id, class name, accessibility id, css selector, -android uiautomator
&amp#27;[38;5;32m[AndroidUiautomator2Driver@acb2 (21630e16)]&amp#27;[0m Waiting up to 0 ms for condition
&amp#27;[38;5;32m[AndroidUiautomator2Driver@acb2 (21630e16)]&amp#27;[0m Matched '/element' to command name 'findElement'
&amp#27;[38;5;32m[AndroidUiautomator2Driver@acb2 (21630e16)]&amp#27;[0m Proxying [POST /element] to [POST http://127.0.0.1:8240/session/8c610884-90da-4b8f-bfe5-65aa9fc8d87e/element] with body: {"strategy":"xpath","selector":"//android.view.View[@text='Today']","context":"","multiple":false}
&amp#27;[38;5;32m[AndroidUiautomator2Driver@acb2 (21630e16)]&amp#27;[0m Got response with status 404: {"sessionId":"8c610884-90da-4b8f-bfe5-65aa9fc8d87e","value":{"error":"no such element","message":"An element could not be located on the page using the given search parameters","stacktrace":"io.appium.uiautomator2.common.exceptions.ElementNotFoundException: An element could not be located on the page using the given search parameters\n\tat io.appium.uiautomator2.utils.ElementLocationHelpers.findElement(ElementLocationHelpers.java:156)\n\tat io.appium.uiautomator2.handler.FindElement.safeHandle(FindElement.java:60)\n\tat io.appium.uiautomator2.handler.request.SafeRequestHandler.handle(SafeRequestHandler.java:59)\n\tat io.appium.uiautomator2.server.AppiumServlet.handleRequest(AppiumServlet.java:277)\n\tat io.appium.uiautomator2.server.AppiumServlet.handleHttpRequest(AppiumServlet.java:271)\n\tat io.appium.uiautomator2.http.ServerHandler.channelRead(ServerHandler.java:77)\n\tat io.netty.channel.AbstractChannelHandlerContext.invokeChannelRead(AbstractChannelHandlerContext.java:366)\n\tat io.netty.channel.Abstr...
&amp#27;[38;5;128m[W3C]&amp#27;[0m Matched W3C error code 'no such element' to NoSuchElementError
&amp#27;[38;5;32m[AndroidUiautomator2Driver@acb2 (21630e16)]&amp#27;[0m Encountered internal error running command: NoSuchElementError: An element could not be located on the page using the given search parameters.
&amp#27;[38;5;32m[AndroidUiautomator2Driver@acb2 (21630e16)]&amp#27;[0m     at AndroidUiautomator2Driver.findElOrEls (C:\Users\abuba\.appium\node_modules\appium-uiautomator2-driver\node_modules\appium-android-driver\lib\commands\find.ts:87:11)
&amp#27;[38;5;32m[AndroidUiautomator2Driver@acb2 (21630e16)]&amp#27;[0m     at processTicksAndRejections (node:internal/process/task_queues:95:5)
&amp#27;[38;5;32m[AndroidUiautomator2Driver@acb2 (21630e16)]&amp#27;[0m     at AndroidUiautomator2Driver.findElOrElsWithProcessing (C:\Users\abuba\AppData\Roaming\npm\node_modules\appium\node_modules\@appium\base-driver\lib\basedriver\commands\find.ts:60:12)
&amp#27;[38;5;32m[AndroidUiautomator2Driver@acb2 (21630e16)]&amp#27;[0m     at AndroidUiautomator2Driver.findElement (C:\Users\abuba\AppData\Roaming\npm\node_modules\appium\node_modules\@appium\base-driver\lib\basedriver\commands\find.ts:75:12)
&amp#27;[38;5;0m[HTTP]&amp#27;[0m &amp#27;[37m<-- POST /session/21630e16-6427-4286-8e29-fcd97763fc5d/element &amp#27;[39m&amp#27;[33m404&amp#27;[39m &amp#27;[90m148 ms - 890&amp#27;[39m
&amp#27;[38;5;0m[HTTP]&amp#27;[0m &amp#27;[90m&amp#27;[39m
&amp#27;[38;5;0m[HTTP]&amp#27;[0m &amp#27;[37m-->&amp#27;[39m &amp#27;[37mPOST&amp#27;[39m &amp#27;[37m/session/21630e16-6427-4286-8e29-fcd97763fc5d/element&amp#27;[39m
&amp#27;[38;5;0m[HTTP]&amp#27;[0m &amp#27;[90m{"using":"xpath","value":"//android.view.View[@text='Today']"}&amp#27;[39m
&amp#27;[38;5;32m[AndroidUiautomator2Driver@acb2 (21630e16)]&amp#27;[0m Calling AppiumDriver.findElement() with args: ["xpath","//android.view.View[@text='Today']","21630e16-6427-4286-8e29-fcd97763fc5d"]
&amp#27;[38;5;32m[AndroidUiautomator2Driver@acb2 (21630e16)]&amp#27;[0m Valid locator strategies for this request: xpath, id, class name, accessibility id, css selector, -android uiautomator
&amp#27;[38;5;32m[AndroidUiautomator2Driver@acb2 (21630e16)]&amp#27;[0m Waiting up to 0 ms for condition
&amp#27;[38;5;32m[AndroidUiautomator2Driver@acb2 (21630e16)]&amp#27;[0m Matched '/element' to command name 'findElement'
&amp#27;[38;5;32m[AndroidUiautomator2Driver@acb2 (21630e16)]&amp#27;[0m Proxying [POST /element] to [POST http://127.0.0.1:8240/session/8c610884-90da-4b8f-bfe5-65aa9fc8d87e/element] with body: {"strategy":"xpath","selector":"//android.view.View[@text='Today']","context":"","multiple":false}
&amp#27;[38;5;32m[AndroidUiautomator2Driver@acb2 (21630e16)]&amp#27;[0m Got response with status 404: {"sessionId":"8c610884-90da-4b8f-bfe5-65aa9fc8d87e","value":{"error":"no such element","message":"An element could not be located on the page using the given search parameters","stacktrace":"io.appium.uiautomator2.common.exceptions.ElementNotFoundException: An element could not be located on the page using the given search parameters\n\tat io.appium.uiautomator2.utils.ElementLocationHelpers.findElement(ElementLocationHelpers.java:156)\n\tat io.appium.uiautomator2.handler.FindElement.safeHandle(FindElement.java:60)\n\tat io.appium.uiautomator2.handler.request.SafeRequestHandler.handle(SafeRequestHandler.java:59)\n\tat io.appium.uiautomator2.server.AppiumServlet.handleRequest(AppiumServlet.java:277)\n\tat io.appium.uiautomator2.server.AppiumServlet.handleHttpRequest(AppiumServlet.java:271)\n\tat io.appium.uiautomator2.http.ServerHandler.channelRead(ServerHandler.java:77)\n\tat io.netty.channel.AbstractChannelHandlerContext.invokeChannelRead(AbstractChannelHandlerContext.java:366)\n\tat io.netty.channel.Abstr...
&amp#27;[38;5;128m[W3C]&amp#27;[0m Matched W3C error code 'no such element' to NoSuchElementError
&amp#27;[38;5;32m[AndroidUiautomator2Driver@acb2 (21630e16)]&amp#27;[0m Encountered internal error running command: NoSuchElementError: An element could not be located on the page using the given search parameters.
&amp#27;[38;5;32m[AndroidUiautomator2Driver@acb2 (21630e16)]&amp#27;[0m     at AndroidUiautomator2Driver.findElOrEls (C:\Users\abuba\.appium\node_modules\appium-uiautomator2-driver\node_modules\appium-android-driver\lib\commands\find.ts:87:11)
&amp#27;[38;5;32m[AndroidUiautomator2Driver@acb2 (21630e16)]&amp#27;[0m     at processTicksAndRejections (node:internal/process/task_queues:95:5)
&amp#27;[38;5;32m[AndroidUiautomator2Driver@acb2 (21630e16)]&amp#27;[0m     at AndroidUiautomator2Driver.findElOrElsWithProcessing (C:\Users\abuba\AppData\Roaming\npm\node_modules\appium\node_modules\@appium\base-driver\lib\basedriver\commands\find.ts:60:12)
&amp#27;[38;5;32m[AndroidUiautomator2Driver@acb2 (21630e16)]&amp#27;[0m     at AndroidUiautomator2Driver.findElement (C:\Users\abuba\AppData\Roaming\npm\node_modules\appium\node_modules\@appium\base-driver\lib\basedriver\commands\find.ts:75:12)
&amp#27;[38;5;0m[HTTP]&amp#27;[0m &amp#27;[37m<-- POST /session/21630e16-6427-4286-8e29-fcd97763fc5d/element &amp#27;[39m&amp#27;[33m404&amp#27;[39m &amp#27;[90m78 ms - 890&amp#27;[39m
&amp#27;[38;5;0m[HTTP]&amp#27;[0m &amp#27;[90m&amp#27;[39m
&amp#27;[38;5;0m[HTTP]&amp#27;[0m &amp#27;[37m-->&amp#27;[39m &amp#27;[37mPOST&amp#27;[39m &amp#27;[37m/session/21630e16-6427-4286-8e29-fcd97763fc5d/element&amp#27;[39m
&amp#27;[38;5;0m[HTTP]&amp#27;[0m &amp#27;[90m{"using":"xpath","value":"//android.view.View[@text='Today']"}&amp#27;[39m
&amp#27;[38;5;32m[AndroidUiautomator2Driver@acb2 (21630e16)]&amp#27;[0m Calling AppiumDriver.findElement() with args: ["xpath","//android.view.View[@text='Today']","21630e16-6427-4286-8e29-fcd97763fc5d"]
&amp#27;[38;5;32m[AndroidUiautomator2Driver@acb2 (21630e16)]&amp#27;[0m Valid locator strategies for this request: xpath, id, class name, accessibility id, css selector, -android uiautomator
&amp#27;[38;5;32m[AndroidUiautomator2Driver@acb2 (21630e16)]&amp#27;[0m Waiting up to 0 ms for condition
&amp#27;[38;5;32m[AndroidUiautomator2Driver@acb2 (21630e16)]&amp#27;[0m Matched '/element' to command name 'findElement'
&amp#27;[38;5;32m[AndroidUiautomator2Driver@acb2 (21630e16)]&amp#27;[0m Proxying [POST /element] to [POST http://127.0.0.1:8240/session/8c610884-90da-4b8f-bfe5-65aa9fc8d87e/element] with body: {"strategy":"xpath","selector":"//android.view.View[@text='Today']","context":"","multiple":false}
&amp#27;[38;5;32m[AndroidUiautomator2Driver@acb2 (21630e16)]&amp#27;[0m Got response with status 404: {"sessionId":"8c610884-90da-4b8f-bfe5-65aa9fc8d87e","value":{"error":"no such element","message":"An element could not be located on the page using the given search parameters","stacktrace":"io.appium.uiautomator2.common.exceptions.ElementNotFoundException: An element could not be located on the page using the given search parameters\n\tat io.appium.uiautomator2.utils.ElementLocationHelpers.findElement(ElementLocationHelpers.java:156)\n\tat io.appium.uiautomator2.handler.FindElement.safeHandle(FindElement.java:60)\n\tat io.appium.uiautomator2.handler.request.SafeRequestHandler.handle(SafeRequestHandler.java:59)\n\tat io.appium.uiautomator2.server.AppiumServlet.handleRequest(AppiumServlet.java:277)\n\tat io.appium.uiautomator2.server.AppiumServlet.handleHttpRequest(AppiumServlet.java:271)\n\tat io.appium.uiautomator2.http.ServerHandler.channelRead(ServerHandler.java:77)\n\tat io.netty.channel.AbstractChannelHandlerContext.invokeChannelRead(AbstractChannelHandlerContext.java:366)\n\tat io.netty.channel.Abstr...
&amp#27;[38;5;128m[W3C]&amp#27;[0m Matched W3C error code 'no such element' to NoSuchElementError
&amp#27;[38;5;32m[AndroidUiautomator2Driver@acb2 (21630e16)]&amp#27;[0m Encountered internal error running command: NoSuchElementError: An element could not be located on the page using the given search parameters.
&amp#27;[38;5;32m[AndroidUiautomator2Driver@acb2 (21630e16)]&amp#27;[0m     at AndroidUiautomator2Driver.findElOrEls (C:\Users\abuba\.appium\node_modules\appium-uiautomator2-driver\node_modules\appium-android-driver\lib\commands\find.ts:87:11)
&amp#27;[38;5;32m[AndroidUiautomator2Driver@acb2 (21630e16)]&amp#27;[0m     at processTicksAndRejections (node:internal/process/task_queues:95:5)
&amp#27;[38;5;32m[AndroidUiautomator2Driver@acb2 (21630e16)]&amp#27;[0m     at AndroidUiautomator2Driver.findElOrElsWithProcessing (C:\Users\abuba\AppData\Roaming\npm\node_modules\appium\node_modules\@appium\base-driver\lib\basedriver\commands\find.ts:60:12)
&amp#27;[38;5;32m[AndroidUiautomator2Driver@acb2 (21630e16)]&amp#27;[0m     at AndroidUiautomator2Driver.findElement (C:\Users\abuba\AppData\Roaming\npm\node_modules\appium\node_modules\@appium\base-driver\lib\basedriver\commands\find.ts:75:12)
&amp#27;[38;5;0m[HTTP]&amp#27;[0m &amp#27;[37m<-- POST /session/21630e16-6427-4286-8e29-fcd97763fc5d/element &amp#27;[39m&amp#27;[33m404&amp#27;[39m &amp#27;[90m84 ms - 890&amp#27;[39m
&amp#27;[38;5;0m[HTTP]&amp#27;[0m &amp#27;[90m&amp#27;[39m
&amp#27;[38;5;0m[HTTP]&amp#27;[0m &amp#27;[37m-->&amp#27;[39m &amp#27;[37mPOST&amp#27;[39m &amp#27;[37m/session/21630e16-6427-4286-8e29-fcd97763fc5d/element&amp#27;[39m
&amp#27;[38;5;0m[HTTP]&amp#27;[0m &amp#27;[90m{"using":"xpath","value":"//android.view.View[@text='Today']"}&amp#27;[39m
&amp#27;[38;5;32m[AndroidUiautomator2Driver@acb2 (21630e16)]&amp#27;[0m Calling AppiumDriver.findElement() with args: ["xpath","//android.view.View[@text='Today']","21630e16-6427-4286-8e29-fcd97763fc5d"]
&amp#27;[38;5;32m[AndroidUiautomator2Driver@acb2 (21630e16)]&amp#27;[0m Valid locator strategies for this request: xpath, id, class name, accessibility id, css selector, -android uiautomator
&amp#27;[38;5;32m[AndroidUiautomator2Driver@acb2 (21630e16)]&amp#27;[0m Waiting up to 0 ms for condition
&amp#27;[38;5;32m[AndroidUiautomator2Driver@acb2 (21630e16)]&amp#27;[0m Matched '/element' to command name 'findElement'
&amp#27;[38;5;32m[AndroidUiautomator2Driver@acb2 (21630e16)]&amp#27;[0m Proxying [POST /element] to [POST http://127.0.0.1:8240/session/8c610884-90da-4b8f-bfe5-65aa9fc8d87e/element] with body: {"strategy":"xpath","selector":"//android.view.View[@text='Today']","context":"","multiple":false}
&amp#27;[38;5;32m[AndroidUiautomator2Driver@acb2 (21630e16)]&amp#27;[0m Got response with status 404: {"sessionId":"8c610884-90da-4b8f-bfe5-65aa9fc8d87e","value":{"error":"no such element","message":"An element could not be located on the page using the given search parameters","stacktrace":"io.appium.uiautomator2.common.exceptions.ElementNotFoundException: An element could not be located on the page using the given search parameters\n\tat io.appium.uiautomator2.utils.ElementLocationHelpers.findElement(ElementLocationHelpers.java:156)\n\tat io.appium.uiautomator2.handler.FindElement.safeHandle(FindElement.java:60)\n\tat io.appium.uiautomator2.handler.request.SafeRequestHandler.handle(SafeRequestHandler.java:59)\n\tat io.appium.uiautomator2.server.AppiumServlet.handleRequest(AppiumServlet.java:277)\n\tat io.appium.uiautomator2.server.AppiumServlet.handleHttpRequest(AppiumServlet.java:271)\n\tat io.appium.uiautomator2.http.ServerHandler.channelRead(ServerHandler.java:77)\n\tat io.netty.channel.AbstractChannelHandlerContext.invokeChannelRead(AbstractChannelHandlerContext.java:366)\n\tat io.netty.channel.Abstr...
&amp#27;[38;5;128m[W3C]&amp#27;[0m Matched W3C error code 'no such element' to NoSuchElementError
&amp#27;[38;5;32m[AndroidUiautomator2Driver@acb2 (21630e16)]&amp#27;[0m Encountered internal error running command: NoSuchElementError: An element could not be located on the page using the given search parameters.
&amp#27;[38;5;32m[AndroidUiautomator2Driver@acb2 (21630e16)]&amp#27;[0m     at AndroidUiautomator2Driver.findElOrEls (C:\Users\abuba\.appium\node_modules\appium-uiautomator2-driver\node_modules\appium-android-driver\lib\commands\find.ts:87:11)
&amp#27;[38;5;32m[AndroidUiautomator2Driver@acb2 (21630e16)]&amp#27;[0m     at processTicksAndRejections (node:internal/process/task_queues:95:5)
&amp#27;[38;5;32m[AndroidUiautomator2Driver@acb2 (21630e16)]&amp#27;[0m     at AndroidUiautomator2Driver.findElOrElsWithProcessing (C:\Users\abuba\AppData\Roaming\npm\node_modules\appium\node_modules\@appium\base-driver\lib\basedriver\commands\find.ts:60:12)
&amp#27;[38;5;32m[AndroidUiautomator2Driver@acb2 (21630e16)]&amp#27;[0m     at AndroidUiautomator2Driver.findElement (C:\Users\abuba\AppData\Roaming\npm\node_modules\appium\node_modules\@appium\base-driver\lib\basedriver\commands\find.ts:75:12)
&amp#27;[38;5;0m[HTTP]&amp#27;[0m &amp#27;[37m<-- POST /session/21630e16-6427-4286-8e29-fcd97763fc5d/element &amp#27;[39m&amp#27;[33m404&amp#27;[39m &amp#27;[90m77 ms - 890&amp#27;[39m
&amp#27;[38;5;0m[HTTP]&amp#27;[0m &amp#27;[90m&amp#27;[39m
&amp#27;[38;5;0m[HTTP]&amp#27;[0m &amp#27;[37m-->&amp#27;[39m &amp#27;[37mPOST&amp#27;[39m &amp#27;[37m/session/21630e16-6427-4286-8e29-fcd97763fc5d/element&amp#27;[39m
&amp#27;[38;5;0m[HTTP]&amp#27;[0m &amp#27;[90m{"using":"xpath","value":"//android.view.View[@text='Today']"}&amp#27;[39m
&amp#27;[38;5;32m[AndroidUiautomator2Driver@acb2 (21630e16)]&amp#27;[0m Calling AppiumDriver.findElement() with args: ["xpath","//android.view.View[@text='Today']","21630e16-6427-4286-8e29-fcd97763fc5d"]
&amp#27;[38;5;32m[AndroidUiautomator2Driver@acb2 (21630e16)]&amp#27;[0m Valid locator strategies for this request: xpath, id, class name, accessibility id, css selector, -android uiautomator
&amp#27;[38;5;32m[AndroidUiautomator2Driver@acb2 (21630e16)]&amp#27;[0m Waiting up to 0 ms for condition
&amp#27;[38;5;32m[AndroidUiautomator2Driver@acb2 (21630e16)]&amp#27;[0m Matched '/element' to command name 'findElement'
&amp#27;[38;5;32m[AndroidUiautomator2Driver@acb2 (21630e16)]&amp#27;[0m Proxying [POST /element] to [POST http://127.0.0.1:8240/session/8c610884-90da-4b8f-bfe5-65aa9fc8d87e/element] with body: {"strategy":"xpath","selector":"//android.view.View[@text='Today']","context":"","multiple":false}
&amp#27;[38;5;32m[AndroidUiautomator2Driver@acb2 (21630e16)]&amp#27;[0m Got response with status 404: {"sessionId":"8c610884-90da-4b8f-bfe5-65aa9fc8d87e","value":{"error":"no such element","message":"An element could not be located on the page using the given search parameters","stacktrace":"io.appium.uiautomator2.common.exceptions.ElementNotFoundException: An element could not be located on the page using the given search parameters\n\tat io.appium.uiautomator2.utils.ElementLocationHelpers.findElement(ElementLocationHelpers.java:156)\n\tat io.appium.uiautomator2.handler.FindElement.safeHandle(FindElement.java:60)\n\tat io.appium.uiautomator2.handler.request.SafeRequestHandler.handle(SafeRequestHandler.java:59)\n\tat io.appium.uiautomator2.server.AppiumServlet.handleRequest(AppiumServlet.java:277)\n\tat io.appium.uiautomator2.server.AppiumServlet.handleHttpRequest(AppiumServlet.java:271)\n\tat io.appium.uiautomator2.http.ServerHandler.channelRead(ServerHandler.java:77)\n\tat io.netty.channel.AbstractChannelHandlerContext.invokeChannelRead(AbstractChannelHandlerContext.java:366)\n\tat io.netty.channel.Abstr...
&amp#27;[38;5;128m[W3C]&amp#27;[0m Matched W3C error code 'no such element' to NoSuchElementError
&amp#27;[38;5;32m[AndroidUiautomator2Driver@acb2 (21630e16)]&amp#27;[0m Encountered internal error running command: NoSuchElementError: An element could not be located on the page using the given search parameters.
&amp#27;[38;5;32m[AndroidUiautomator2Driver@acb2 (21630e16)]&amp#27;[0m     at AndroidUiautomator2Driver.findElOrEls (C:\Users\abuba\.appium\node_modules\appium-uiautomator2-driver\node_modules\appium-android-driver\lib\commands\find.ts:87:11)
&amp#27;[38;5;32m[AndroidUiautomator2Driver@acb2 (21630e16)]&amp#27;[0m     at processTicksAndRejections (node:internal/process/task_queues:95:5)
&amp#27;[38;5;32m[AndroidUiautomator2Driver@acb2 (21630e16)]&amp#27;[0m     at AndroidUiautomator2Driver.findElOrElsWithProcessing (C:\Users\abuba\AppData\Roaming\npm\node_modules\appium\node_modules\@appium\base-driver\lib\basedriver\commands\find.ts:60:12)
&amp#27;[38;5;32m[AndroidUiautomator2Driver@acb2 (21630e16)]&amp#27;[0m     at AndroidUiautomator2Driver.findElement (C:\Users\abuba\AppData\Roaming\npm\node_modules\appium\node_modules\@appium\base-driver\lib\basedriver\commands\find.ts:75:12)
&amp#27;[38;5;0m[HTTP]&amp#27;[0m &amp#27;[37m<-- POST /session/21630e16-6427-4286-8e29-fcd97763fc5d/element &amp#27;[39m&amp#27;[33m404&amp#27;[39m &amp#27;[90m82 ms - 890&amp#27;[39m
&amp#27;[38;5;0m[HTTP]&amp#27;[0m &amp#27;[90m&amp#27;[39m
&amp#27;[38;5;0m[HTTP]&amp#27;[0m &amp#27;[37m-->&amp#27;[39m &amp#27;[37mGET&amp#27;[39m &amp#27;[37m/wd/hub/session/55afe79b-967a-4d87-9a31-8b154d030cdc/timeouts&amp#27;[39m
&amp#27;[38;5;0m[HTTP]&amp#27;[0m &amp#27;[90m{}&amp#27;[39m
&amp#27;[38;5;0m[HTTP]&amp#27;[0m No route found for /wd/hub/session/55afe79b-967a-4d87-9a31-8b154d030cdc/timeouts
&amp#27;[38;5;0m[HTTP]&amp#27;[0m &amp#27;[37m<-- GET /wd/hub/session/55afe79b-967a-4d87-9a31-8b154d030cdc/timeouts &amp#27;[39m&amp#27;[33m404&amp#27;[39m &amp#27;[90m4 ms - 262&amp#27;[39m
&amp#27;[38;5;0m[HTTP]&amp#27;[0m &amp#27;[90m&amp#27;[39m
&amp#27;[38;5;0m[HTTP]&amp#27;[0m &amp#27;[37m-->&amp#27;[39m &amp#27;[37mPOST&amp#27;[39m &amp#27;[37m/session/21630e16-6427-4286-8e29-fcd97763fc5d/element&amp#27;[39m
&amp#27;[38;5;0m[HTTP]&amp#27;[0m &amp#27;[90m{"using":"xpath","value":"//android.view.View[@text='Today']"}&amp#27;[39m
&amp#27;[38;5;32m[AndroidUiautomator2Driver@acb2 (21630e16)]&amp#27;[0m Calling AppiumDriver.findElement() with args: ["xpath","//android.view.View[@text='Today']","21630e16-6427-4286-8e29-fcd97763fc5d"]
&amp#27;[38;5;32m[AndroidUiautomator2Driver@acb2 (21630e16)]&amp#27;[0m Valid locator strategies for this request: xpath, id, class name, accessibility id, css selector, -android uiautomator
&amp#27;[38;5;32m[AndroidUiautomator2Driver@acb2 (21630e16)]&amp#27;[0m Waiting up to 0 ms for condition
&amp#27;[38;5;32m[AndroidUiautomator2Driver@acb2 (21630e16)]&amp#27;[0m Matched '/element' to command name 'findElement'
&amp#27;[38;5;32m[AndroidUiautomator2Driver@acb2 (21630e16)]&amp#27;[0m Proxying [POST /element] to [POST http://127.0.0.1:8240/session/8c610884-90da-4b8f-bfe5-65aa9fc8d87e/element] with body: {"strategy":"xpath","selector":"//android.view.View[@text='Today']","context":"","multiple":false}
&amp#27;[38;5;32m[AndroidUiautomator2Driver@acb2 (21630e16)]&amp#27;[0m Got response with status 404: {"sessionId":"8c610884-90da-4b8f-bfe5-65aa9fc8d87e","value":{"error":"no such element","message":"An element could not be located on the page using the given search parameters","stacktrace":"io.appium.uiautomator2.common.exceptions.ElementNotFoundException: An element could not be located on the page using the given search parameters\n\tat io.appium.uiautomator2.utils.ElementLocationHelpers.findElement(ElementLocationHelpers.java:156)\n\tat io.appium.uiautomator2.handler.FindElement.safeHandle(FindElement.java:60)\n\tat io.appium.uiautomator2.handler.request.SafeRequestHandler.handle(SafeRequestHandler.java:59)\n\tat io.appium.uiautomator2.server.AppiumServlet.handleRequest(AppiumServlet.java:277)\n\tat io.appium.uiautomator2.server.AppiumServlet.handleHttpRequest(AppiumServlet.java:271)\n\tat io.appium.uiautomator2.http.ServerHandler.channelRead(ServerHandler.java:77)\n\tat io.netty.channel.AbstractChannelHandlerContext.invokeChannelRead(AbstractChannelHandlerContext.java:366)\n\tat io.netty.channel.Abstr...
&amp#27;[38;5;128m[W3C]&amp#27;[0m Matched W3C error code 'no such element' to NoSuchElementError
&amp#27;[38;5;32m[AndroidUiautomator2Driver@acb2 (21630e16)]&amp#27;[0m Encountered internal error running command: NoSuchElementError: An element could not be located on the page using the given search parameters.
&amp#27;[38;5;32m[AndroidUiautomator2Driver@acb2 (21630e16)]&amp#27;[0m     at AndroidUiautomator2Driver.findElOrEls (C:\Users\abuba\.appium\node_modules\appium-uiautomator2-driver\node_modules\appium-android-driver\lib\commands\find.ts:87:11)
&amp#27;[38;5;32m[AndroidUiautomator2Driver@acb2 (21630e16)]&amp#27;[0m     at processTicksAndRejections (node:internal/process/task_queues:95:5)
&amp#27;[38;5;32m[AndroidUiautomator2Driver@acb2 (21630e16)]&amp#27;[0m     at AndroidUiautomator2Driver.findElOrElsWithProcessing (C:\Users\abuba\AppData\Roaming\npm\node_modules\appium\node_modules\@appium\base-driver\lib\basedriver\commands\find.ts:60:12)
&amp#27;[38;5;32m[AndroidUiautomator2Driver@acb2 (21630e16)]&amp#27;[0m     at AndroidUiautomator2Driver.findElement (C:\Users\abuba\AppData\Roaming\npm\node_modules\appium\node_modules\@appium\base-driver\lib\basedriver\commands\find.ts:75:12)
&amp#27;[38;5;0m[HTTP]&amp#27;[0m &amp#27;[37m<-- POST /session/21630e16-6427-4286-8e29-fcd97763fc5d/element &amp#27;[39m&amp#27;[33m404&amp#27;[39m &amp#27;[90m103 ms - 890&amp#27;[39m
&amp#27;[38;5;0m[HTTP]&amp#27;[0m &amp#27;[90m&amp#27;[39m
&amp#27;[38;5;0m[HTTP]&amp#27;[0m &amp#27;[37m-->&amp#27;[39m &amp#27;[37mPOST&amp#27;[39m &amp#27;[37m/session/21630e16-6427-4286-8e29-fcd97763fc5d/element&amp#27;[39m
&amp#27;[38;5;0m[HTTP]&amp#27;[0m &amp#27;[90m{"using":"xpath","value":"//android.view.View[@text='Today']"}&amp#27;[39m
&amp#27;[38;5;32m[AndroidUiautomator2Driver@acb2 (21630e16)]&amp#27;[0m Calling AppiumDriver.findElement() with args: ["xpath","//android.view.View[@text='Today']","21630e16-6427-4286-8e29-fcd97763fc5d"]
&amp#27;[38;5;32m[AndroidUiautomator2Driver@acb2 (21630e16)]&amp#27;[0m Valid locator strategies for this request: xpath, id, class name, accessibility id, css selector, -android uiautomator
&amp#27;[38;5;32m[AndroidUiautomator2Driver@acb2 (21630e16)]&amp#27;[0m Waiting up to 0 ms for condition
&amp#27;[38;5;32m[AndroidUiautomator2Driver@acb2 (21630e16)]&amp#27;[0m Matched '/element' to command name 'findElement'
&amp#27;[38;5;32m[AndroidUiautomator2Driver@acb2 (21630e16)]&amp#27;[0m Proxying [POST /element] to [POST http://127.0.0.1:8240/session/8c610884-90da-4b8f-bfe5-65aa9fc8d87e/element] with body: {"strategy":"xpath","selector":"//android.view.View[@text='Today']","context":"","multiple":false}
&amp#27;[38;5;32m[AndroidUiautomator2Driver@acb2 (21630e16)]&amp#27;[0m Got response with status 404: {"sessionId":"8c610884-90da-4b8f-bfe5-65aa9fc8d87e","value":{"error":"no such element","message":"An element could not be located on the page using the given search parameters","stacktrace":"io.appium.uiautomator2.common.exceptions.ElementNotFoundException: An element could not be located on the page using the given search parameters\n\tat io.appium.uiautomator2.utils.ElementLocationHelpers.findElement(ElementLocationHelpers.java:156)\n\tat io.appium.uiautomator2.handler.FindElement.safeHandle(FindElement.java:60)\n\tat io.appium.uiautomator2.handler.request.SafeRequestHandler.handle(SafeRequestHandler.java:59)\n\tat io.appium.uiautomator2.server.AppiumServlet.handleRequest(AppiumServlet.java:277)\n\tat io.appium.uiautomator2.server.AppiumServlet.handleHttpRequest(AppiumServlet.java:271)\n\tat io.appium.uiautomator2.http.ServerHandler.channelRead(ServerHandler.java:77)\n\tat io.netty.channel.AbstractChannelHandlerContext.invokeChannelRead(AbstractChannelHandlerContext.java:366)\n\tat io.netty.channel.Abstr...
&amp#27;[38;5;128m[W3C]&amp#27;[0m Matched W3C error code 'no such element' to NoSuchElementError
&amp#27;[38;5;32m[AndroidUiautomator2Driver@acb2 (21630e16)]&amp#27;[0m Encountered internal error running command: NoSuchElementError: An element could not be located on the page using the given search parameters.
&amp#27;[38;5;32m[AndroidUiautomator2Driver@acb2 (21630e16)]&amp#27;[0m     at AndroidUiautomator2Driver.findElOrEls (C:\Users\abuba\.appium\node_modules\appium-uiautomator2-driver\node_modules\appium-android-driver\lib\commands\find.ts:87:11)
&amp#27;[38;5;32m[AndroidUiautomator2Driver@acb2 (21630e16)]&amp#27;[0m     at processTicksAndRejections (node:internal/process/task_queues:95:5)
&amp#27;[38;5;32m[AndroidUiautomator2Driver@acb2 (21630e16)]&amp#27;[0m     at AndroidUiautomator2Driver.findElOrElsWithProcessing (C:\Users\abuba\AppData\Roaming\npm\node_modules\appium\node_modules\@appium\base-driver\lib\basedriver\commands\find.ts:60:12)
&amp#27;[38;5;32m[AndroidUiautomator2Driver@acb2 (21630e16)]&amp#27;[0m     at AndroidUiautomator2Driver.findElement (C:\Users\abuba\AppData\Roaming\npm\node_modules\appium\node_modules\@appium\base-driver\lib\basedriver\commands\find.ts:75:12)
&amp#27;[38;5;0m[HTTP]&amp#27;[0m &amp#27;[37m<-- POST /session/21630e16-6427-4286-8e29-fcd97763fc5d/element &amp#27;[39m&amp#27;[33m404&amp#27;[39m &amp#27;[90m86 ms - 890&amp#27;[39m
&amp#27;[38;5;0m[HTTP]&amp#27;[0m &amp#27;[90m&amp#27;[39m
&amp#27;[38;5;0m[HTTP]&amp#27;[0m &amp#27;[37m-->&amp#27;[39m &amp#27;[37mPOST&amp#27;[39m &amp#27;[37m/session/21630e16-6427-4286-8e29-fcd97763fc5d/element&amp#27;[39m
&amp#27;[38;5;0m[HTTP]&amp#27;[0m &amp#27;[90m{"using":"xpath","value":"//android.view.View[@text='Today']"}&amp#27;[39m
&amp#27;[38;5;32m[AndroidUiautomator2Driver@acb2 (21630e16)]&amp#27;[0m Calling AppiumDriver.findElement() with args: ["xpath","//android.view.View[@text='Today']","21630e16-6427-4286-8e29-fcd97763fc5d"]
&amp#27;[38;5;32m[AndroidUiautomator2Driver@acb2 (21630e16)]&amp#27;[0m Valid locator strategies for this request: xpath, id, class name, accessibility id, css selector, -android uiautomator
&amp#27;[38;5;32m[AndroidUiautomator2Driver@acb2 (21630e16)]&amp#27;[0m Waiting up to 0 ms for condition
&amp#27;[38;5;32m[AndroidUiautomator2Driver@acb2 (21630e16)]&amp#27;[0m Matched '/element' to command name 'findElement'
&amp#27;[38;5;32m[AndroidUiautomator2Driver@acb2 (21630e16)]&amp#27;[0m Proxying [POST /element] to [POST http://127.0.0.1:8240/session/8c610884-90da-4b8f-bfe5-65aa9fc8d87e/element] with body: {"strategy":"xpath","selector":"//android.view.View[@text='Today']","context":"","multiple":false}
&amp#27;[38;5;32m[AndroidUiautomator2Driver@acb2 (21630e16)]&amp#27;[0m Got response with status 404: {"sessionId":"8c610884-90da-4b8f-bfe5-65aa9fc8d87e","value":{"error":"no such element","message":"An element could not be located on the page using the given search parameters","stacktrace":"io.appium.uiautomator2.common.exceptions.ElementNotFoundException: An element could not be located on the page using the given search parameters\n\tat io.appium.uiautomator2.utils.ElementLocationHelpers.findElement(ElementLocationHelpers.java:156)\n\tat io.appium.uiautomator2.handler.FindElement.safeHandle(FindElement.java:60)\n\tat io.appium.uiautomator2.handler.request.SafeRequestHandler.handle(SafeRequestHandler.java:59)\n\tat io.appium.uiautomator2.server.AppiumServlet.handleRequest(AppiumServlet.java:277)\n\tat io.appium.uiautomator2.server.AppiumServlet.handleHttpRequest(AppiumServlet.java:271)\n\tat io.appium.uiautomator2.http.ServerHandler.channelRead(ServerHandler.java:77)\n\tat io.netty.channel.AbstractChannelHandlerContext.invokeChannelRead(AbstractChannelHandlerContext.java:366)\n\tat io.netty.channel.Abstr...
&amp#27;[38;5;128m[W3C]&amp#27;[0m Matched W3C error code 'no such element' to NoSuchElementError
&amp#27;[38;5;32m[AndroidUiautomator2Driver@acb2 (21630e16)]&amp#27;[0m Encountered internal error running command: NoSuchElementError: An element could not be located on the page using the given search parameters.
&amp#27;[38;5;32m[AndroidUiautomator2Driver@acb2 (21630e16)]&amp#27;[0m     at AndroidUiautomator2Driver.findElOrEls (C:\Users\abuba\.appium\node_modules\appium-uiautomator2-driver\node_modules\appium-android-driver\lib\commands\find.ts:87:11)
&amp#27;[38;5;32m[AndroidUiautomator2Driver@acb2 (21630e16)]&amp#27;[0m     at processTicksAndRejections (node:internal/process/task_queues:95:5)
&amp#27;[38;5;32m[AndroidUiautomator2Driver@acb2 (21630e16)]&amp#27;[0m     at AndroidUiautomator2Driver.findElOrElsWithProcessing (C:\Users\abuba\AppData\Roaming\npm\node_modules\appium\node_modules\@appium\base-driver\lib\basedriver\commands\find.ts:60:12)
&amp#27;[38;5;32m[AndroidUiautomator2Driver@acb2 (21630e16)]&amp#27;[0m     at AndroidUiautomator2Driver.findElement (C:\Users\abuba\AppData\Roaming\npm\node_modules\appium\node_modules\@appium\base-driver\lib\basedriver\commands\find.ts:75:12)
&amp#27;[38;5;0m[HTTP]&amp#27;[0m &amp#27;[37m<-- POST /session/21630e16-6427-4286-8e29-fcd97763fc5d/element &amp#27;[39m&amp#27;[33m404&amp#27;[39m &amp#27;[90m98 ms - 890&amp#27;[39m
&amp#27;[38;5;0m[HTTP]&amp#27;[0m &amp#27;[90m&amp#27;[39m
&amp#27;[38;5;0m[HTTP]&amp#27;[0m &amp#27;[37m-->&amp#27;[39m &amp#27;[37mPOST&amp#27;[39m &amp#27;[37m/session/21630e16-6427-4286-8e29-fcd97763fc5d/element&amp#27;[39m
&amp#27;[38;5;0m[HTTP]&amp#27;[0m &amp#27;[90m{"using":"xpath","value":"//android.view.View[@text='Today']"}&amp#27;[39m
&amp#27;[38;5;32m[AndroidUiautomator2Driver@acb2 (21630e16)]&amp#27;[0m Calling AppiumDriver.findElement() with args: ["xpath","//android.view.View[@text='Today']","21630e16-6427-4286-8e29-fcd97763fc5d"]
&amp#27;[38;5;32m[AndroidUiautomator2Driver@acb2 (21630e16)]&amp#27;[0m Valid locator strategies for this request: xpath, id, class name, accessibility id, css selector, -android uiautomator
&amp#27;[38;5;32m[AndroidUiautomator2Driver@acb2 (21630e16)]&amp#27;[0m Waiting up to 0 ms for condition
&amp#27;[38;5;32m[AndroidUiautomator2Driver@acb2 (21630e16)]&amp#27;[0m Matched '/element' to command name 'findElement'
&amp#27;[38;5;32m[AndroidUiautomator2Driver@acb2 (21630e16)]&amp#27;[0m Proxying [POST /element] to [POST http://127.0.0.1:8240/session/8c610884-90da-4b8f-bfe5-65aa9fc8d87e/element] with body: {"strategy":"xpath","selector":"//android.view.View[@text='Today']","context":"","multiple":false}
&amp#27;[38;5;32m[AndroidUiautomator2Driver@acb2 (21630e16)]&amp#27;[0m Got response with status 404: {"sessionId":"8c610884-90da-4b8f-bfe5-65aa9fc8d87e","value":{"error":"no such element","message":"An element could not be located on the page using the given search parameters","stacktrace":"io.appium.uiautomator2.common.exceptions.ElementNotFoundException: An element could not be located on the page using the given search parameters\n\tat io.appium.uiautomator2.utils.ElementLocationHelpers.findElement(ElementLocationHelpers.java:156)\n\tat io.appium.uiautomator2.handler.FindElement.safeHandle(FindElement.java:60)\n\tat io.appium.uiautomator2.handler.request.SafeRequestHandler.handle(SafeRequestHandler.java:59)\n\tat io.appium.uiautomator2.server.AppiumServlet.handleRequest(AppiumServlet.java:277)\n\tat io.appium.uiautomator2.server.AppiumServlet.handleHttpRequest(AppiumServlet.java:271)\n\tat io.appium.uiautomator2.http.ServerHandler.channelRead(ServerHandler.java:77)\n\tat io.netty.channel.AbstractChannelHandlerContext.invokeChannelRead(AbstractChannelHandlerContext.java:366)\n\tat io.netty.channel.Abstr...
&amp#27;[38;5;128m[W3C]&amp#27;[0m Matched W3C error code 'no such element' to NoSuchElementError
&amp#27;[38;5;32m[AndroidUiautomator2Driver@acb2 (21630e16)]&amp#27;[0m Encountered internal error running command: NoSuchElementError: An element could not be located on the page using the given search parameters.
&amp#27;[38;5;32m[AndroidUiautomator2Driver@acb2 (21630e16)]&amp#27;[0m     at AndroidUiautomator2Driver.findElOrEls (C:\Users\abuba\.appium\node_modules\appium-uiautomator2-driver\node_modules\appium-android-driver\lib\commands\find.ts:87:11)
&amp#27;[38;5;32m[AndroidUiautomator2Driver@acb2 (21630e16)]&amp#27;[0m     at processTicksAndRejections (node:internal/process/task_queues:95:5)
&amp#27;[38;5;32m[AndroidUiautomator2Driver@acb2 (21630e16)]&amp#27;[0m     at AndroidUiautomator2Driver.findElOrElsWithProcessing (C:\Users\abuba\AppData\Roaming\npm\node_modules\appium\node_modules\@appium\base-driver\lib\basedriver\commands\find.ts:60:12)
&amp#27;[38;5;32m[AndroidUiautomator2Driver@acb2 (21630e16)]&amp#27;[0m     at AndroidUiautomator2Driver.findElement (C:\Users\abuba\AppData\Roaming\npm\node_modules\appium\node_modules\@appium\base-driver\lib\basedriver\commands\find.ts:75:12)
&amp#27;[38;5;0m[HTTP]&amp#27;[0m &amp#27;[37m<-- POST /session/21630e16-6427-4286-8e29-fcd97763fc5d/element &amp#27;[39m&amp#27;[33m404&amp#27;[39m &amp#27;[90m69 ms - 890&amp#27;[39m
&amp#27;[38;5;0m[HTTP]&amp#27;[0m &amp#27;[90m&amp#27;[39m
&amp#27;[38;5;0m[HTTP]&amp#27;[0m &amp#27;[37m-->&amp#27;[39m &amp#27;[37mPOST&amp#27;[39m &amp#27;[37m/session/21630e16-6427-4286-8e29-fcd97763fc5d/element&amp#27;[39m
&amp#27;[38;5;0m[HTTP]&amp#27;[0m &amp#27;[90m{"using":"xpath","value":"//android.view.View[@text='Today']"}&amp#27;[39m
&amp#27;[38;5;32m[AndroidUiautomator2Driver@acb2 (21630e16)]&amp#27;[0m Calling AppiumDriver.findElement() with args: ["xpath","//android.view.View[@text='Today']","21630e16-6427-4286-8e29-fcd97763fc5d"]
&amp#27;[38;5;32m[AndroidUiautomator2Driver@acb2 (21630e16)]&amp#27;[0m Valid locator strategies for this request: xpath, id, class name, accessibility id, css selector, -android uiautomator
&amp#27;[38;5;32m[AndroidUiautomator2Driver@acb2 (21630e16)]&amp#27;[0m Waiting up to 0 ms for condition
&amp#27;[38;5;32m[AndroidUiautomator2Driver@acb2 (21630e16)]&amp#27;[0m Matched '/element' to command name 'findElement'
&amp#27;[38;5;32m[AndroidUiautomator2Driver@acb2 (21630e16)]&amp#27;[0m Proxying [POST /element] to [POST http://127.0.0.1:8240/session/8c610884-90da-4b8f-bfe5-65aa9fc8d87e/element] with body: {"strategy":"xpath","selector":"//android.view.View[@text='Today']","context":"","multiple":false}
&amp#27;[38;5;32m[AndroidUiautomator2Driver@acb2 (21630e16)]&amp#27;[0m Got response with status 404: {"sessionId":"8c610884-90da-4b8f-bfe5-65aa9fc8d87e","value":{"error":"no such element","message":"An element could not be located on the page using the given search parameters","stacktrace":"io.appium.uiautomator2.common.exceptions.ElementNotFoundException: An element could not be located on the page using the given search parameters\n\tat io.appium.uiautomator2.utils.ElementLocationHelpers.findElement(ElementLocationHelpers.java:156)\n\tat io.appium.uiautomator2.handler.FindElement.safeHandle(FindElement.java:60)\n\tat io.appium.uiautomator2.handler.request.SafeRequestHandler.handle(SafeRequestHandler.java:59)\n\tat io.appium.uiautomator2.server.AppiumServlet.handleRequest(AppiumServlet.java:277)\n\tat io.appium.uiautomator2.server.AppiumServlet.handleHttpRequest(AppiumServlet.java:271)\n\tat io.appium.uiautomator2.http.ServerHandler.channelRead(ServerHandler.java:77)\n\tat io.netty.channel.AbstractChannelHandlerContext.invokeChannelRead(AbstractChannelHandlerContext.java:366)\n\tat io.netty.channel.Abstr...
&amp#27;[38;5;128m[W3C]&amp#27;[0m Matched W3C error code 'no such element' to NoSuchElementError
&amp#27;[38;5;32m[AndroidUiautomator2Driver@acb2 (21630e16)]&amp#27;[0m Encountered internal error running command: NoSuchElementError: An element could not be located on the page using the given search parameters.
&amp#27;[38;5;32m[AndroidUiautomator2Driver@acb2 (21630e16)]&amp#27;[0m     at AndroidUiautomator2Driver.findElOrEls (C:\Users\abuba\.appium\node_modules\appium-uiautomator2-driver\node_modules\appium-android-driver\lib\commands\find.ts:87:11)
&amp#27;[38;5;32m[AndroidUiautomator2Driver@acb2 (21630e16)]&amp#27;[0m     at processTicksAndRejections (node:internal/process/task_queues:95:5)
&amp#27;[38;5;32m[AndroidUiautomator2Driver@acb2 (21630e16)]&amp#27;[0m     at AndroidUiautomator2Driver.findElOrElsWithProcessing (C:\Users\abuba\AppData\Roaming\npm\node_modules\appium\node_modules\@appium\base-driver\lib\basedriver\commands\find.ts:60:12)
&amp#27;[38;5;32m[AndroidUiautomator2Driver@acb2 (21630e16)]&amp#27;[0m     at AndroidUiautomator2Driver.findElement (C:\Users\abuba\AppData\Roaming\npm\node_modules\appium\node_modules\@appium\base-driver\lib\basedriver\commands\find.ts:75:12)
&amp#27;[38;5;0m[HTTP]&amp#27;[0m &amp#27;[37m<-- POST /session/21630e16-6427-4286-8e29-fcd97763fc5d/element &amp#27;[39m&amp#27;[33m404&amp#27;[39m &amp#27;[90m76 ms - 890&amp#27;[39m
&amp#27;[38;5;0m[HTTP]&amp#27;[0m &amp#27;[90m&amp#27;[39m
&amp#27;[38;5;0m[HTTP]&amp#27;[0m &amp#27;[37m-->&amp#27;[39m &amp#27;[37mPOST&amp#27;[39m &amp#27;[37m/session/21630e16-6427-4286-8e29-fcd97763fc5d/element&amp#27;[39m
&amp#27;[38;5;0m[HTTP]&amp#27;[0m &amp#27;[90m{"using":"xpath","value":"//android.view.View[@text='Today']"}&amp#27;[39m
&amp#27;[38;5;32m[AndroidUiautomator2Driver@acb2 (21630e16)]&amp#27;[0m Calling AppiumDriver.findElement() with args: ["xpath","//android.view.View[@text='Today']","21630e16-6427-4286-8e29-fcd97763fc5d"]
&amp#27;[38;5;32m[AndroidUiautomator2Driver@acb2 (21630e16)]&amp#27;[0m Valid locator strategies for this request: xpath, id, class name, accessibility id, css selector, -android uiautomator
&amp#27;[38;5;32m[AndroidUiautomator2Driver@acb2 (21630e16)]&amp#27;[0m Waiting up to 0 ms for condition
&amp#27;[38;5;32m[AndroidUiautomator2Driver@acb2 (21630e16)]&amp#27;[0m Matched '/element' to command name 'findElement'
&amp#27;[38;5;32m[AndroidUiautomator2Driver@acb2 (21630e16)]&amp#27;[0m Proxying [POST /element] to [POST http://127.0.0.1:8240/session/8c610884-90da-4b8f-bfe5-65aa9fc8d87e/element] with body: {"strategy":"xpath","selector":"//android.view.View[@text='Today']","context":"","multiple":false}
&amp#27;[38;5;32m[AndroidUiautomator2Driver@acb2 (21630e16)]&amp#27;[0m Got response with status 404: {"sessionId":"8c610884-90da-4b8f-bfe5-65aa9fc8d87e","value":{"error":"no such element","message":"An element could not be located on the page using the given search parameters","stacktrace":"io.appium.uiautomator2.common.exceptions.ElementNotFoundException: An element could not be located on the page using the given search parameters\n\tat io.appium.uiautomator2.utils.ElementLocationHelpers.findElement(ElementLocationHelpers.java:156)\n\tat io.appium.uiautomator2.handler.FindElement.safeHandle(FindElement.java:60)\n\tat io.appium.uiautomator2.handler.request.SafeRequestHandler.handle(SafeRequestHandler.java:59)\n\tat io.appium.uiautomator2.server.AppiumServlet.handleRequest(AppiumServlet.java:277)\n\tat io.appium.uiautomator2.server.AppiumServlet.handleHttpRequest(AppiumServlet.java:271)\n\tat io.appium.uiautomator2.http.ServerHandler.channelRead(ServerHandler.java:77)\n\tat io.netty.channel.AbstractChannelHandlerContext.invokeChannelRead(AbstractChannelHandlerContext.java:366)\n\tat io.netty.channel.Abstr...
&amp#27;[38;5;128m[W3C]&amp#27;[0m Matched W3C error code 'no such element' to NoSuchElementError
&amp#27;[38;5;32m[AndroidUiautomator2Driver@acb2 (21630e16)]&amp#27;[0m Encountered internal error running command: NoSuchElementError: An element could not be located on the page using the given search parameters.
&amp#27;[38;5;32m[AndroidUiautomator2Driver@acb2 (21630e16)]&amp#27;[0m     at AndroidUiautomator2Driver.findElOrEls (C:\Users\abuba\.appium\node_modules\appium-uiautomator2-driver\node_modules\appium-android-driver\lib\commands\find.ts:87:11)
&amp#27;[38;5;32m[AndroidUiautomator2Driver@acb2 (21630e16)]&amp#27;[0m     at processTicksAndRejections (node:internal/process/task_queues:95:5)
&amp#27;[38;5;32m[AndroidUiautomator2Driver@acb2 (21630e16)]&amp#27;[0m     at AndroidUiautomator2Driver.findElOrElsWithProcessing (C:\Users\abuba\AppData\Roaming\npm\node_modules\appium\node_modules\@appium\base-driver\lib\basedriver\commands\find.ts:60:12)
&amp#27;[38;5;32m[AndroidUiautomator2Driver@acb2 (21630e16)]&amp#27;[0m     at AndroidUiautomator2Driver.findElement (C:\Users\abuba\AppData\Roaming\npm\node_modules\appium\node_modules\@appium\base-driver\lib\basedriver\commands\find.ts:75:12)
&amp#27;[38;5;0m[HTTP]&amp#27;[0m &amp#27;[37m<-- POST /session/21630e16-6427-4286-8e29-fcd97763fc5d/element &amp#27;[39m&amp#27;[33m404&amp#27;[39m &amp#27;[90m82 ms - 890&amp#27;[39m
&amp#27;[38;5;0m[HTTP]&amp#27;[0m &amp#27;[90m&amp#27;[39m
&amp#27;[38;5;0m[HTTP]&amp#27;[0m &amp#27;[37m-->&amp#27;[39m &amp#27;[37mPOST&amp#27;[39m &amp#27;[37m/session/21630e16-6427-4286-8e29-fcd97763fc5d/element&amp#27;[39m
&amp#27;[38;5;0m[HTTP]&amp#27;[0m &amp#27;[90m{"using":"xpath","value":"//android.view.View[@text='Today']"}&amp#27;[39m
&amp#27;[38;5;32m[AndroidUiautomator2Driver@acb2 (21630e16)]&amp#27;[0m Calling AppiumDriver.findElement() with args: ["xpath","//android.view.View[@text='Today']","21630e16-6427-4286-8e29-fcd97763fc5d"]
&amp#27;[38;5;32m[AndroidUiautomator2Driver@acb2 (21630e16)]&amp#27;[0m Valid locator strategies for this request: xpath, id, class name, accessibility id, css selector, -android uiautomator
&amp#27;[38;5;32m[AndroidUiautomator2Driver@acb2 (21630e16)]&amp#27;[0m Waiting up to 0 ms for condition
&amp#27;[38;5;32m[AndroidUiautomator2Driver@acb2 (21630e16)]&amp#27;[0m Matched '/element' to command name 'findElement'
&amp#27;[38;5;32m[AndroidUiautomator2Driver@acb2 (21630e16)]&amp#27;[0m Proxying [POST /element] to [POST http://127.0.0.1:8240/session/8c610884-90da-4b8f-bfe5-65aa9fc8d87e/element] with body: {"strategy":"xpath","selector":"//android.view.View[@text='Today']","context":"","multiple":false}
&amp#27;[38;5;32m[AndroidUiautomator2Driver@acb2 (21630e16)]&amp#27;[0m Got response with status 404: {"sessionId":"8c610884-90da-4b8f-bfe5-65aa9fc8d87e","value":{"error":"no such element","message":"An element could not be located on the page using the given search parameters","stacktrace":"io.appium.uiautomator2.common.exceptions.ElementNotFoundException: An element could not be located on the page using the given search parameters\n\tat io.appium.uiautomator2.utils.ElementLocationHelpers.findElement(ElementLocationHelpers.java:156)\n\tat io.appium.uiautomator2.handler.FindElement.safeHandle(FindElement.java:60)\n\tat io.appium.uiautomator2.handler.request.SafeRequestHandler.handle(SafeRequestHandler.java:59)\n\tat io.appium.uiautomator2.server.AppiumServlet.handleRequest(AppiumServlet.java:277)\n\tat io.appium.uiautomator2.server.AppiumServlet.handleHttpRequest(AppiumServlet.java:271)\n\tat io.appium.uiautomator2.http.ServerHandler.channelRead(ServerHandler.java:77)\n\tat io.netty.channel.AbstractChannelHandlerContext.invokeChannelRead(AbstractChannelHandlerContext.java:366)\n\tat io.netty.channel.Abstr...
&amp#27;[38;5;128m[W3C]&amp#27;[0m Matched W3C error code 'no such element' to NoSuchElementError
&amp#27;[38;5;32m[AndroidUiautomator2Driver@acb2 (21630e16)]&amp#27;[0m Encountered internal error running command: NoSuchElementError: An element could not be located on the page using the given search parameters.
&amp#27;[38;5;32m[AndroidUiautomator2Driver@acb2 (21630e16)]&amp#27;[0m     at AndroidUiautomator2Driver.findElOrEls (C:\Users\abuba\.appium\node_modules\appium-uiautomator2-driver\node_modules\appium-android-driver\lib\commands\find.ts:87:11)
&amp#27;[38;5;32m[AndroidUiautomator2Driver@acb2 (21630e16)]&amp#27;[0m     at processTicksAndRejections (node:internal/process/task_queues:95:5)
&amp#27;[38;5;32m[AndroidUiautomator2Driver@acb2 (21630e16)]&amp#27;[0m     at AndroidUiautomator2Driver.findElOrElsWithProcessing (C:\Users\abuba\AppData\Roaming\npm\node_modules\appium\node_modules\@appium\base-driver\lib\basedriver\commands\find.ts:60:12)
&amp#27;[38;5;32m[AndroidUiautomator2Driver@acb2 (21630e16)]&amp#27;[0m     at AndroidUiautomator2Driver.findElement (C:\Users\abuba\AppData\Roaming\npm\node_modules\appium\node_modules\@appium\base-driver\lib\basedriver\commands\find.ts:75:12)
&amp#27;[38;5;0m[HTTP]&amp#27;[0m &amp#27;[37m<-- POST /session/21630e16-6427-4286-8e29-fcd97763fc5d/element &amp#27;[39m&amp#27;[33m404&amp#27;[39m &amp#27;[90m75 ms - 890&amp#27;[39m
&amp#27;[38;5;0m[HTTP]&amp#27;[0m &amp#27;[90m&amp#27;[39m
&amp#27;[38;5;0m[HTTP]&amp#27;[0m &amp#27;[37m-->&amp#27;[39m &amp#27;[37mPOST&amp#27;[39m &amp#27;[37m/session/21630e16-6427-4286-8e29-fcd97763fc5d/element&amp#27;[39m
&amp#27;[38;5;0m[HTTP]&amp#27;[0m &amp#27;[90m{"using":"xpath","value":"//android.view.View[@text='Today']"}&amp#27;[39m
&amp#27;[38;5;32m[AndroidUiautomator2Driver@acb2 (21630e16)]&amp#27;[0m Calling AppiumDriver.findElement() with args: ["xpath","//android.view.View[@text='Today']","21630e16-6427-4286-8e29-fcd97763fc5d"]
&amp#27;[38;5;32m[AndroidUiautomator2Driver@acb2 (21630e16)]&amp#27;[0m Valid locator strategies for this request: xpath, id, class name, accessibility id, css selector, -android uiautomator
&amp#27;[38;5;32m[AndroidUiautomator2Driver@acb2 (21630e16)]&amp#27;[0m Waiting up to 0 ms for condition
&amp#27;[38;5;32m[AndroidUiautomator2Driver@acb2 (21630e16)]&amp#27;[0m Matched '/element' to command name 'findElement'
&amp#27;[38;5;32m[AndroidUiautomator2Driver@acb2 (21630e16)]&amp#27;[0m Proxying [POST /element] to [POST http://127.0.0.1:8240/session/8c610884-90da-4b8f-bfe5-65aa9fc8d87e/element] with body: {"strategy":"xpath","selector":"//android.view.View[@text='Today']","context":"","multiple":false}
&amp#27;[38;5;32m[AndroidUiautomator2Driver@acb2 (21630e16)]&amp#27;[0m Got response with status 404: {"sessionId":"8c610884-90da-4b8f-bfe5-65aa9fc8d87e","value":{"error":"no such element","message":"An element could not be located on the page using the given search parameters","stacktrace":"io.appium.uiautomator2.common.exceptions.ElementNotFoundException: An element could not be located on the page using the given search parameters\n\tat io.appium.uiautomator2.utils.ElementLocationHelpers.findElement(ElementLocationHelpers.java:156)\n\tat io.appium.uiautomator2.handler.FindElement.safeHandle(FindElement.java:60)\n\tat io.appium.uiautomator2.handler.request.SafeRequestHandler.handle(SafeRequestHandler.java:59)\n\tat io.appium.uiautomator2.server.AppiumServlet.handleRequest(AppiumServlet.java:277)\n\tat io.appium.uiautomator2.server.AppiumServlet.handleHttpRequest(AppiumServlet.java:271)\n\tat io.appium.uiautomator2.http.ServerHandler.channelRead(ServerHandler.java:77)\n\tat io.netty.channel.AbstractChannelHandlerContext.invokeChannelRead(AbstractChannelHandlerContext.java:366)\n\tat io.netty.channel.Abstr...
&amp#27;[38;5;128m[W3C]&amp#27;[0m Matched W3C error code 'no such element' to NoSuchElementError
&amp#27;[38;5;32m[AndroidUiautomator2Driver@acb2 (21630e16)]&amp#27;[0m Encountered internal error running command: NoSuchElementError: An element could not be located on the page using the given search parameters.
&amp#27;[38;5;32m[AndroidUiautomator2Driver@acb2 (21630e16)]&amp#27;[0m     at AndroidUiautomator2Driver.findElOrEls (C:\Users\abuba\.appium\node_modules\appium-uiautomator2-driver\node_modules\appium-android-driver\lib\commands\find.ts:87:11)
&amp#27;[38;5;32m[AndroidUiautomator2Driver@acb2 (21630e16)]&amp#27;[0m     at processTicksAndRejections (node:internal/process/task_queues:95:5)
&amp#27;[38;5;32m[AndroidUiautomator2Driver@acb2 (21630e16)]&amp#27;[0m     at AndroidUiautomator2Driver.findElOrElsWithProcessing (C:\Users\abuba\AppData\Roaming\npm\node_modules\appium\node_modules\@appium\base-driver\lib\basedriver\commands\find.ts:60:12)
&amp#27;[38;5;32m[AndroidUiautomator2Driver@acb2 (21630e16)]&amp#27;[0m     at AndroidUiautomator2Driver.findElement (C:\Users\abuba\AppData\Roaming\npm\node_modules\appium\node_modules\@appium\base-driver\lib\basedriver\commands\find.ts:75:12)
&amp#27;[38;5;0m[HTTP]&amp#27;[0m &amp#27;[37m<-- POST /session/21630e16-6427-4286-8e29-fcd97763fc5d/element &amp#27;[39m&amp#27;[33m404&amp#27;[39m &amp#27;[90m66 ms - 890&amp#27;[39m
&amp#27;[38;5;0m[HTTP]&amp#27;[0m &amp#27;[90m&amp#27;[39m
&amp#27;[38;5;0m[HTTP]&amp#27;[0m &amp#27;[37m-->&amp#27;[39m &amp#27;[37mPOST&amp#27;[39m &amp#27;[37m/session/21630e16-6427-4286-8e29-fcd97763fc5d/element&amp#27;[39m
&amp#27;[38;5;0m[HTTP]&amp#27;[0m &amp#27;[90m{"using":"xpath","value":"//android.view.View[@text='Today']"}&amp#27;[39m
&amp#27;[38;5;32m[AndroidUiautomator2Driver@acb2 (21630e16)]&amp#27;[0m Calling AppiumDriver.findElement() with args: ["xpath","//android.view.View[@text='Today']","21630e16-6427-4286-8e29-fcd97763fc5d"]
&amp#27;[38;5;32m[AndroidUiautomator2Driver@acb2 (21630e16)]&amp#27;[0m Valid locator strategies for this request: xpath, id, class name, accessibility id, css selector, -android uiautomator
&amp#27;[38;5;32m[AndroidUiautomator2Driver@acb2 (21630e16)]&amp#27;[0m Waiting up to 0 ms for condition
&amp#27;[38;5;32m[AndroidUiautomator2Driver@acb2 (21630e16)]&amp#27;[0m Matched '/element' to command name 'findElement'
&amp#27;[38;5;32m[AndroidUiautomator2Driver@acb2 (21630e16)]&amp#27;[0m Proxying [POST /element] to [POST http://127.0.0.1:8240/session/8c610884-90da-4b8f-bfe5-65aa9fc8d87e/element] with body: {"strategy":"xpath","selector":"//android.view.View[@text='Today']","context":"","multiple":false}
&amp#27;[38;5;32m[AndroidUiautomator2Driver@acb2 (21630e16)]&amp#27;[0m Got response with status 404: {"sessionId":"8c610884-90da-4b8f-bfe5-65aa9fc8d87e","value":{"error":"no such element","message":"An element could not be located on the page using the given search parameters","stacktrace":"io.appium.uiautomator2.common.exceptions.ElementNotFoundException: An element could not be located on the page using the given search parameters\n\tat io.appium.uiautomator2.utils.ElementLocationHelpers.findElement(ElementLocationHelpers.java:156)\n\tat io.appium.uiautomator2.handler.FindElement.safeHandle(FindElement.java:60)\n\tat io.appium.uiautomator2.handler.request.SafeRequestHandler.handle(SafeRequestHandler.java:59)\n\tat io.appium.uiautomator2.server.AppiumServlet.handleRequest(AppiumServlet.java:277)\n\tat io.appium.uiautomator2.server.AppiumServlet.handleHttpRequest(AppiumServlet.java:271)\n\tat io.appium.uiautomator2.http.ServerHandler.channelRead(ServerHandler.java:77)\n\tat io.netty.channel.AbstractChannelHandlerContext.invokeChannelRead(AbstractChannelHandlerContext.java:366)\n\tat io.netty.channel.Abstr...
&amp#27;[38;5;128m[W3C]&amp#27;[0m Matched W3C error code 'no such element' to NoSuchElementError
&amp#27;[38;5;32m[AndroidUiautomator2Driver@acb2 (21630e16)]&amp#27;[0m Encountered internal error running command: NoSuchElementError: An element could not be located on the page using the given search parameters.
&amp#27;[38;5;32m[AndroidUiautomator2Driver@acb2 (21630e16)]&amp#27;[0m     at AndroidUiautomator2Driver.findElOrEls (C:\Users\abuba\.appium\node_modules\appium-uiautomator2-driver\node_modules\appium-android-driver\lib\commands\find.ts:87:11)
&amp#27;[38;5;32m[AndroidUiautomator2Driver@acb2 (21630e16)]&amp#27;[0m     at processTicksAndRejections (node:internal/process/task_queues:95:5)
&amp#27;[38;5;32m[AndroidUiautomator2Driver@acb2 (21630e16)]&amp#27;[0m     at AndroidUiautomator2Driver.findElOrElsWithProcessing (C:\Users\abuba\AppData\Roaming\npm\node_modules\appium\node_modules\@appium\base-driver\lib\basedriver\commands\find.ts:60:12)
&amp#27;[38;5;32m[AndroidUiautomator2Driver@acb2 (21630e16)]&amp#27;[0m     at AndroidUiautomator2Driver.findElement (C:\Users\abuba\AppData\Roaming\npm\node_modules\appium\node_modules\@appium\base-driver\lib\basedriver\commands\find.ts:75:12)
&amp#27;[38;5;0m[HTTP]&amp#27;[0m &amp#27;[37m<-- POST /session/21630e16-6427-4286-8e29-fcd97763fc5d/element &amp#27;[39m&amp#27;[33m404&amp#27;[39m &amp#27;[90m70 ms - 890&amp#27;[39m
&amp#27;[38;5;0m[HTTP]&amp#27;[0m &amp#27;[90m&amp#27;[39m
&amp#27;[38;5;0m[HTTP]&amp#27;[0m &amp#27;[37m-->&amp#27;[39m &amp#27;[37mPOST&amp#27;[39m &amp#27;[37m/session/21630e16-6427-4286-8e29-fcd97763fc5d/element&amp#27;[39m
&amp#27;[38;5;0m[HTTP]&amp#27;[0m &amp#27;[90m{"using":"xpath","value":"//android.view.View[@text='Today']"}&amp#27;[39m
&amp#27;[38;5;32m[AndroidUiautomator2Driver@acb2 (21630e16)]&amp#27;[0m Calling AppiumDriver.findElement() with args: ["xpath","//android.view.View[@text='Today']","21630e16-6427-4286-8e29-fcd97763fc5d"]
&amp#27;[38;5;32m[AndroidUiautomator2Driver@acb2 (21630e16)]&amp#27;[0m Valid locator strategies for this request: xpath, id, class name, accessibility id, css selector, -android uiautomator
&amp#27;[38;5;32m[AndroidUiautomator2Driver@acb2 (21630e16)]&amp#27;[0m Waiting up to 0 ms for condition
&amp#27;[38;5;32m[AndroidUiautomator2Driver@acb2 (21630e16)]&amp#27;[0m Matched '/element' to command name 'findElement'
&amp#27;[38;5;32m[AndroidUiautomator2Driver@acb2 (21630e16)]&amp#27;[0m Proxying [POST /element] to [POST http://127.0.0.1:8240/session/8c610884-90da-4b8f-bfe5-65aa9fc8d87e/element] with body: {"strategy":"xpath","selector":"//android.view.View[@text='Today']","context":"","multiple":false}
&amp#27;[38;5;32m[AndroidUiautomator2Driver@acb2 (21630e16)]&amp#27;[0m Got response with status 404: {"sessionId":"8c610884-90da-4b8f-bfe5-65aa9fc8d87e","value":{"error":"no such element","message":"An element could not be located on the page using the given search parameters","stacktrace":"io.appium.uiautomator2.common.exceptions.ElementNotFoundException: An element could not be located on the page using the given search parameters\n\tat io.appium.uiautomator2.utils.ElementLocationHelpers.findElement(ElementLocationHelpers.java:156)\n\tat io.appium.uiautomator2.handler.FindElement.safeHandle(FindElement.java:60)\n\tat io.appium.uiautomator2.handler.request.SafeRequestHandler.handle(SafeRequestHandler.java:59)\n\tat io.appium.uiautomator2.server.AppiumServlet.handleRequest(AppiumServlet.java:277)\n\tat io.appium.uiautomator2.server.AppiumServlet.handleHttpRequest(AppiumServlet.java:271)\n\tat io.appium.uiautomator2.http.ServerHandler.channelRead(ServerHandler.java:77)\n\tat io.netty.channel.AbstractChannelHandlerContext.invokeChannelRead(AbstractChannelHandlerContext.java:366)\n\tat io.netty.channel.Abstr...
&amp#27;[38;5;128m[W3C]&amp#27;[0m Matched W3C error code 'no such element' to NoSuchElementError
&amp#27;[38;5;32m[AndroidUiautomator2Driver@acb2 (21630e16)]&amp#27;[0m Encountered internal error running command: NoSuchElementError: An element could not be located on the page using the given search parameters.
&amp#27;[38;5;32m[AndroidUiautomator2Driver@acb2 (21630e16)]&amp#27;[0m     at AndroidUiautomator2Driver.findElOrEls (C:\Users\abuba\.appium\node_modules\appium-uiautomator2-driver\node_modules\appium-android-driver\lib\commands\find.ts:87:11)
&amp#27;[38;5;32m[AndroidUiautomator2Driver@acb2 (21630e16)]&amp#27;[0m     at processTicksAndRejections (node:internal/process/task_queues:95:5)
&amp#27;[38;5;32m[AndroidUiautomator2Driver@acb2 (21630e16)]&amp#27;[0m     at AndroidUiautomator2Driver.findElOrElsWithProcessing (C:\Users\abuba\AppData\Roaming\npm\node_modules\appium\node_modules\@appium\base-driver\lib\basedriver\commands\find.ts:60:12)
&amp#27;[38;5;32m[AndroidUiautomator2Driver@acb2 (21630e16)]&amp#27;[0m     at AndroidUiautomator2Driver.findElement (C:\Users\abuba\AppData\Roaming\npm\node_modules\appium\node_modules\@appium\base-driver\lib\basedriver\commands\find.ts:75:12)
&amp#27;[38;5;0m[HTTP]&amp#27;[0m &amp#27;[37m<-- POST /session/21630e16-6427-4286-8e29-fcd97763fc5d/element &amp#27;[39m&amp#27;[33m404&amp#27;[39m &amp#27;[90m76 ms - 890&amp#27;[39m
&amp#27;[38;5;0m[HTTP]&amp#27;[0m &amp#27;[90m&amp#27;[39m
&amp#27;[38;5;0m[HTTP]&amp#27;[0m &amp#27;[37m-->&amp#27;[39m &amp#27;[37mPOST&amp#27;[39m &amp#27;[37m/session/21630e16-6427-4286-8e29-fcd97763fc5d/element&amp#27;[39m
&amp#27;[38;5;0m[HTTP]&amp#27;[0m &amp#27;[90m{"using":"xpath","value":"//android.view.View[@text='Today']"}&amp#27;[39m
&amp#27;[38;5;32m[AndroidUiautomator2Driver@acb2 (21630e16)]&amp#27;[0m Calling AppiumDriver.findElement() with args: ["xpath","//android.view.View[@text='Today']","21630e16-6427-4286-8e29-fcd97763fc5d"]
&amp#27;[38;5;32m[AndroidUiautomator2Driver@acb2 (21630e16)]&amp#27;[0m Valid locator strategies for this request: xpath, id, class name, accessibility id, css selector, -android uiautomator
&amp#27;[38;5;32m[AndroidUiautomator2Driver@acb2 (21630e16)]&amp#27;[0m Waiting up to 0 ms for condition
&amp#27;[38;5;32m[AndroidUiautomator2Driver@acb2 (21630e16)]&amp#27;[0m Matched '/element' to command name 'findElement'
&amp#27;[38;5;32m[AndroidUiautomator2Driver@acb2 (21630e16)]&amp#27;[0m Proxying [POST /element] to [POST http://127.0.0.1:8240/session/8c610884-90da-4b8f-bfe5-65aa9fc8d87e/element] with body: {"strategy":"xpath","selector":"//android.view.View[@text='Today']","context":"","multiple":false}
&amp#27;[38;5;32m[AndroidUiautomator2Driver@acb2 (21630e16)]&amp#27;[0m Got response with status 404: {"sessionId":"8c610884-90da-4b8f-bfe5-65aa9fc8d87e","value":{"error":"no such element","message":"An element could not be located on the page using the given search parameters","stacktrace":"io.appium.uiautomator2.common.exceptions.ElementNotFoundException: An element could not be located on the page using the given search parameters\n\tat io.appium.uiautomator2.utils.ElementLocationHelpers.findElement(ElementLocationHelpers.java:156)\n\tat io.appium.uiautomator2.handler.FindElement.safeHandle(FindElement.java:60)\n\tat io.appium.uiautomator2.handler.request.SafeRequestHandler.handle(SafeRequestHandler.java:59)\n\tat io.appium.uiautomator2.server.AppiumServlet.handleRequest(AppiumServlet.java:277)\n\tat io.appium.uiautomator2.server.AppiumServlet.handleHttpRequest(AppiumServlet.java:271)\n\tat io.appium.uiautomator2.http.ServerHandler.channelRead(ServerHandler.java:77)\n\tat io.netty.channel.AbstractChannelHandlerContext.invokeChannelRead(AbstractChannelHandlerContext.java:366)\n\tat io.netty.channel.Abstr...
&amp#27;[38;5;128m[W3C]&amp#27;[0m Matched W3C error code 'no such element' to NoSuchElementError
&amp#27;[38;5;32m[AndroidUiautomator2Driver@acb2 (21630e16)]&amp#27;[0m Encountered internal error running command: NoSuchElementError: An element could not be located on the page using the given search parameters.
&amp#27;[38;5;32m[AndroidUiautomator2Driver@acb2 (21630e16)]&amp#27;[0m     at AndroidUiautomator2Driver.findElOrEls (C:\Users\abuba\.appium\node_modules\appium-uiautomator2-driver\node_modules\appium-android-driver\lib\commands\find.ts:87:11)
&amp#27;[38;5;32m[AndroidUiautomator2Driver@acb2 (21630e16)]&amp#27;[0m     at processTicksAndRejections (node:internal/process/task_queues:95:5)
&amp#27;[38;5;32m[AndroidUiautomator2Driver@acb2 (21630e16)]&amp#27;[0m     at AndroidUiautomator2Driver.findElOrElsWithProcessing (C:\Users\abuba\AppData\Roaming\npm\node_modules\appium\node_modules\@appium\base-driver\lib\basedriver\commands\find.ts:60:12)
&amp#27;[38;5;32m[AndroidUiautomator2Driver@acb2 (21630e16)]&amp#27;[0m     at AndroidUiautomator2Driver.findElement (C:\Users\abuba\AppData\Roaming\npm\node_modules\appium\node_modules\@appium\base-driver\lib\basedriver\commands\find.ts:75:12)
&amp#27;[38;5;0m[HTTP]&amp#27;[0m &amp#27;[37m<-- POST /session/21630e16-6427-4286-8e29-fcd97763fc5d/element &amp#27;[39m&amp#27;[33m404&amp#27;[39m &amp#27;[90m81 ms - 890&amp#27;[39m
&amp#27;[38;5;0m[HTTP]&amp#27;[0m &amp#27;[90m&amp#27;[39m
&amp#27;[38;5;0m[HTTP]&amp#27;[0m &amp#27;[37m-->&amp#27;[39m &amp#27;[37mPOST&amp#27;[39m &amp#27;[37m/session/21630e16-6427-4286-8e29-fcd97763fc5d/element&amp#27;[39m
&amp#27;[38;5;0m[HTTP]&amp#27;[0m &amp#27;[90m{"using":"xpath","value":"//android.view.View[@text='Today']"}&amp#27;[39m
&amp#27;[38;5;32m[AndroidUiautomator2Driver@acb2 (21630e16)]&amp#27;[0m Calling AppiumDriver.findElement() with args: ["xpath","//android.view.View[@text='Today']","21630e16-6427-4286-8e29-fcd97763fc5d"]
&amp#27;[38;5;32m[AndroidUiautomator2Driver@acb2 (21630e16)]&amp#27;[0m Valid locator strategies for this request: xpath, id, class name, accessibility id, css selector, -android uiautomator
&amp#27;[38;5;32m[AndroidUiautomator2Driver@acb2 (21630e16)]&amp#27;[0m Waiting up to 0 ms for condition
&amp#27;[38;5;32m[AndroidUiautomator2Driver@acb2 (21630e16)]&amp#27;[0m Matched '/element' to command name 'findElement'
&amp#27;[38;5;32m[AndroidUiautomator2Driver@acb2 (21630e16)]&amp#27;[0m Proxying [POST /element] to [POST http://127.0.0.1:8240/session/8c610884-90da-4b8f-bfe5-65aa9fc8d87e/element] with body: {"strategy":"xpath","selector":"//android.view.View[@text='Today']","context":"","multiple":false}
&amp#27;[38;5;32m[AndroidUiautomator2Driver@acb2 (21630e16)]&amp#27;[0m Got response with status 404: {"sessionId":"8c610884-90da-4b8f-bfe5-65aa9fc8d87e","value":{"error":"no such element","message":"An element could not be located on the page using the given search parameters","stacktrace":"io.appium.uiautomator2.common.exceptions.ElementNotFoundException: An element could not be located on the page using the given search parameters\n\tat io.appium.uiautomator2.utils.ElementLocationHelpers.findElement(ElementLocationHelpers.java:156)\n\tat io.appium.uiautomator2.handler.FindElement.safeHandle(FindElement.java:60)\n\tat io.appium.uiautomator2.handler.request.SafeRequestHandler.handle(SafeRequestHandler.java:59)\n\tat io.appium.uiautomator2.server.AppiumServlet.handleRequest(AppiumServlet.java:277)\n\tat io.appium.uiautomator2.server.AppiumServlet.handleHttpRequest(AppiumServlet.java:271)\n\tat io.appium.uiautomator2.http.ServerHandler.channelRead(ServerHandler.java:77)\n\tat io.netty.channel.AbstractChannelHandlerContext.invokeChannelRead(AbstractChannelHandlerContext.java:366)\n\tat io.netty.channel.Abstr...
&amp#27;[38;5;128m[W3C]&amp#27;[0m Matched W3C error code 'no such element' to NoSuchElementError
&amp#27;[38;5;32m[AndroidUiautomator2Driver@acb2 (21630e16)]&amp#27;[0m Encountered internal error running command: NoSuchElementError: An element could not be located on the page using the given search parameters.
&amp#27;[38;5;32m[AndroidUiautomator2Driver@acb2 (21630e16)]&amp#27;[0m     at AndroidUiautomator2Driver.findElOrEls (C:\Users\abuba\.appium\node_modules\appium-uiautomator2-driver\node_modules\appium-android-driver\lib\commands\find.ts:87:11)
&amp#27;[38;5;32m[AndroidUiautomator2Driver@acb2 (21630e16)]&amp#27;[0m     at processTicksAndRejections (node:internal/process/task_queues:95:5)
&amp#27;[38;5;32m[AndroidUiautomator2Driver@acb2 (21630e16)]&amp#27;[0m     at AndroidUiautomator2Driver.findElOrElsWithProcessing (C:\Users\abuba\AppData\Roaming\npm\node_modules\appium\node_modules\@appium\base-driver\lib\basedriver\commands\find.ts:60:12)
&amp#27;[38;5;32m[AndroidUiautomator2Driver@acb2 (21630e16)]&amp#27;[0m     at AndroidUiautomator2Driver.findElement (C:\Users\abuba\AppData\Roaming\npm\node_modules\appium\node_modules\@appium\base-driver\lib\basedriver\commands\find.ts:75:12)
&amp#27;[38;5;0m[HTTP]&amp#27;[0m &amp#27;[37m<-- POST /session/21630e16-6427-4286-8e29-fcd97763fc5d/element &amp#27;[39m&amp#27;[33m404&amp#27;[39m &amp#27;[90m74 ms - 890&amp#27;[39m
&amp#27;[38;5;0m[HTTP]&amp#27;[0m &amp#27;[90m&amp#27;[39m
&amp#27;[38;5;0m[HTTP]&amp#27;[0m &amp#27;[37m-->&amp#27;[39m &amp#27;[37mPOST&amp#27;[39m &amp#27;[37m/session/21630e16-6427-4286-8e29-fcd97763fc5d/element&amp#27;[39m
&amp#27;[38;5;0m[HTTP]&amp#27;[0m &amp#27;[90m{"using":"xpath","value":"//android.view.View[@text='Today']"}&amp#27;[39m
&amp#27;[38;5;32m[AndroidUiautomator2Driver@acb2 (21630e16)]&amp#27;[0m Calling AppiumDriver.findElement() with args: ["xpath","//android.view.View[@text='Today']","21630e16-6427-4286-8e29-fcd97763fc5d"]
&amp#27;[38;5;32m[AndroidUiautomator2Driver@acb2 (21630e16)]&amp#27;[0m Valid locator strategies for this request: xpath, id, class name, accessibility id, css selector, -android uiautomator
&amp#27;[38;5;32m[AndroidUiautomator2Driver@acb2 (21630e16)]&amp#27;[0m Waiting up to 0 ms for condition
&amp#27;[38;5;32m[AndroidUiautomator2Driver@acb2 (21630e16)]&amp#27;[0m Matched '/element' to command name 'findElement'
&amp#27;[38;5;32m[AndroidUiautomator2Driver@acb2 (21630e16)]&amp#27;[0m Proxying [POST /element] to [POST http://127.0.0.1:8240/session/8c610884-90da-4b8f-bfe5-65aa9fc8d87e/element] with body: {"strategy":"xpath","selector":"//android.view.View[@text='Today']","context":"","multiple":false}
&amp#27;[38;5;32m[AndroidUiautomator2Driver@acb2 (21630e16)]&amp#27;[0m Got response with status 404: {"sessionId":"8c610884-90da-4b8f-bfe5-65aa9fc8d87e","value":{"error":"no such element","message":"An element could not be located on the page using the given search parameters","stacktrace":"io.appium.uiautomator2.common.exceptions.ElementNotFoundException: An element could not be located on the page using the given search parameters\n\tat io.appium.uiautomator2.utils.ElementLocationHelpers.findElement(ElementLocationHelpers.java:156)\n\tat io.appium.uiautomator2.handler.FindElement.safeHandle(FindElement.java:60)\n\tat io.appium.uiautomator2.handler.request.SafeRequestHandler.handle(SafeRequestHandler.java:59)\n\tat io.appium.uiautomator2.server.AppiumServlet.handleRequest(AppiumServlet.java:277)\n\tat io.appium.uiautomator2.server.AppiumServlet.handleHttpRequest(AppiumServlet.java:271)\n\tat io.appium.uiautomator2.http.ServerHandler.channelRead(ServerHandler.java:77)\n\tat io.netty.channel.AbstractChannelHandlerContext.invokeChannelRead(AbstractChannelHandlerContext.java:366)\n\tat io.netty.channel.Abstr...
&amp#27;[38;5;128m[W3C]&amp#27;[0m Matched W3C error code 'no such element' to NoSuchElementError
&amp#27;[38;5;32m[AndroidUiautomator2Driver@acb2 (21630e16)]&amp#27;[0m Encountered internal error running command: NoSuchElementError: An element could not be located on the page using the given search parameters.
&amp#27;[38;5;32m[AndroidUiautomator2Driver@acb2 (21630e16)]&amp#27;[0m     at AndroidUiautomator2Driver.findElOrEls (C:\Users\abuba\.appium\node_modules\appium-uiautomator2-driver\node_modules\appium-android-driver\lib\commands\find.ts:87:11)
&amp#27;[38;5;32m[AndroidUiautomator2Driver@acb2 (21630e16)]&amp#27;[0m     at processTicksAndRejections (node:internal/process/task_queues:95:5)
&amp#27;[38;5;32m[AndroidUiautomator2Driver@acb2 (21630e16)]&amp#27;[0m     at AndroidUiautomator2Driver.findElOrElsWithProcessing (C:\Users\abuba\AppData\Roaming\npm\node_modules\appium\node_modules\@appium\base-driver\lib\basedriver\commands\find.ts:60:12)
&amp#27;[38;5;32m[AndroidUiautomator2Driver@acb2 (21630e16)]&amp#27;[0m     at AndroidUiautomator2Driver.findElement (C:\Users\abuba\AppData\Roaming\npm\node_modules\appium\node_modules\@appium\base-driver\lib\basedriver\commands\find.ts:75:12)
&amp#27;[38;5;0m[HTTP]&amp#27;[0m &amp#27;[37m<-- POST /session/21630e16-6427-4286-8e29-fcd97763fc5d/element &amp#27;[39m&amp#27;[33m404&amp#27;[39m &amp#27;[90m92 ms - 890&amp#27;[39m
&amp#27;[38;5;0m[HTTP]&amp#27;[0m &amp#27;[90m&amp#27;[39m
&amp#27;[38;5;0m[HTTP]&amp#27;[0m &amp#27;[37m-->&amp#27;[39m &amp#27;[37mPOST&amp#27;[39m &amp#27;[37m/session/21630e16-6427-4286-8e29-fcd97763fc5d/element&amp#27;[39m
&amp#27;[38;5;0m[HTTP]&amp#27;[0m &amp#27;[90m{"using":"xpath","value":"//android.view.View[@text='Today']"}&amp#27;[39m
&amp#27;[38;5;32m[AndroidUiautomator2Driver@acb2 (21630e16)]&amp#27;[0m Calling AppiumDriver.findElement() with args: ["xpath","//android.view.View[@text='Today']","21630e16-6427-4286-8e29-fcd97763fc5d"]
&amp#27;[38;5;32m[AndroidUiautomator2Driver@acb2 (21630e16)]&amp#27;[0m Valid locator strategies for this request: xpath, id, class name, accessibility id, css selector, -android uiautomator
&amp#27;[38;5;32m[AndroidUiautomator2Driver@acb2 (21630e16)]&amp#27;[0m Waiting up to 0 ms for condition
&amp#27;[38;5;32m[AndroidUiautomator2Driver@acb2 (21630e16)]&amp#27;[0m Matched '/element' to command name 'findElement'
&amp#27;[38;5;32m[AndroidUiautomator2Driver@acb2 (21630e16)]&amp#27;[0m Proxying [POST /element] to [POST http://127.0.0.1:8240/session/8c610884-90da-4b8f-bfe5-65aa9fc8d87e/element] with body: {"strategy":"xpath","selector":"//android.view.View[@text='Today']","context":"","multiple":false}
&amp#27;[38;5;32m[AndroidUiautomator2Driver@acb2 (21630e16)]&amp#27;[0m Got response with status 200: {"sessionId":"8c610884-90da-4b8f-bfe5-65aa9fc8d87e","value":{"ELEMENT":"00000000-0000-05b4-0000-002700000004","element-6066-11e4-a52e-4f735466cecf":"00000000-0000-05b4-0000-002700000004"}}
&amp#27;[38;5;32m[AndroidUiautomator2Driver@acb2 (21630e16)]&amp#27;[0m Responding to client with driver.findElement() result: {"element-6066-11e4-a52e-4f735466cecf":"00000000-0000-05b4-0000-002700000004","ELEMENT":"00000000-0000-05b4-0000-002700000004"}
&amp#27;[38;5;0m[HTTP]&amp#27;[0m &amp#27;[37m<-- POST /session/21630e16-6427-4286-8e29-fcd97763fc5d/element &amp#27;[39m&amp#27;[32m200&amp#27;[39m &amp#27;[90m139 ms - 137&amp#27;[39m
&amp#27;[38;5;0m[HTTP]&amp#27;[0m &amp#27;[90m&amp#27;[39m
&amp#27;[38;5;0m[HTTP]&amp#27;[0m &amp#27;[37m-->&amp#27;[39m &amp#27;[37mGET&amp#27;[39m &amp#27;[37m/session/21630e16-6427-4286-8e29-fcd97763fc5d/element/00000000-0000-05b4-0000-002700000004/displayed&amp#27;[39m
&amp#27;[38;5;0m[HTTP]&amp#27;[0m &amp#27;[90m{}&amp#27;[39m
&amp#27;[38;5;32m[AndroidUiautomator2Driver@acb2 (21630e16)]&amp#27;[0m Calling AppiumDriver.elementDisplayed() with args: ["00000000-0000-05b4-0000-002700000004","21630e16-6427-4286-8e29-fcd97763fc5d"]
&amp#27;[38;5;32m[AndroidUiautomator2Driver@acb2 (21630e16)]&amp#27;[0m Matched '/element/00000000-0000-05b4-0000-002700000004/attribute/displayed' to command name 'getAttribute'
&amp#27;[38;5;32m[AndroidUiautomator2Driver@acb2 (21630e16)]&amp#27;[0m Proxying [GET /element/00000000-0000-05b4-0000-002700000004/attribute/displayed] to [GET http://127.0.0.1:8240/session/8c610884-90da-4b8f-bfe5-65aa9fc8d87e/element/00000000-0000-05b4-0000-002700000004/attribute/displayed] with no body
&amp#27;[38;5;32m[AndroidUiautomator2Driver@acb2 (21630e16)]&amp#27;[0m Got response with status 200: {"sessionId":"8c610884-90da-4b8f-bfe5-65aa9fc8d87e","value":"true"}
&amp#27;[38;5;32m[AndroidUiautomator2Driver@acb2 (21630e16)]&amp#27;[0m Responding to client with driver.elementDisplayed() result: true
&amp#27;[38;5;0m[HTTP]&amp#27;[0m &amp#27;[37m<-- GET /session/21630e16-6427-4286-8e29-fcd97763fc5d/element/00000000-0000-05b4-0000-002700000004/displayed &amp#27;[39m&amp#27;[32m200&amp#27;[39m &amp#27;[90m11 ms - 14&amp#27;[39m
&amp#27;[38;5;0m[HTTP]&amp#27;[0m &amp#27;[90m&amp#27;[39m
&amp#27;[38;5;0m[HTTP]&amp#27;[0m &amp#27;[37m-->&amp#27;[39m &amp#27;[37mPOST&amp#27;[39m &amp#27;[37m/session/21630e16-6427-4286-8e29-fcd97763fc5d/element&amp#27;[39m
&amp#27;[38;5;0m[HTTP]&amp#27;[0m &amp#27;[90m{"using":"xpath","value":"//android.view.View[@text='Today']"}&amp#27;[39m
&amp#27;[38;5;32m[AndroidUiautomator2Driver@acb2 (21630e16)]&amp#27;[0m Calling AppiumDriver.findElement() with args: ["xpath","//android.view.View[@text='Today']","21630e16-6427-4286-8e29-fcd97763fc5d"]
&amp#27;[38;5;32m[AndroidUiautomator2Driver@acb2 (21630e16)]&amp#27;[0m Valid locator strategies for this request: xpath, id, class name, accessibility id, css selector, -android uiautomator
&amp#27;[38;5;32m[AndroidUiautomator2Driver@acb2 (21630e16)]&amp#27;[0m Waiting up to 0 ms for condition
&amp#27;[38;5;32m[AndroidUiautomator2Driver@acb2 (21630e16)]&amp#27;[0m Matched '/element' to command name 'findElement'
&amp#27;[38;5;32m[AndroidUiautomator2Driver@acb2 (21630e16)]&amp#27;[0m Proxying [POST /element] to [POST http://127.0.0.1:8240/session/8c610884-90da-4b8f-bfe5-65aa9fc8d87e/element] with body: {"strategy":"xpath","selector":"//android.view.View[@text='Today']","context":"","multiple":false}
&amp#27;[38;5;32m[AndroidUiautomator2Driver@acb2 (21630e16)]&amp#27;[0m Got response with status 200: {"sessionId":"8c610884-90da-4b8f-bfe5-65aa9fc8d87e","value":{"ELEMENT":"00000000-0000-05b4-0000-002700000004","element-6066-11e4-a52e-4f735466cecf":"00000000-0000-05b4-0000-002700000004"}}
&amp#27;[38;5;32m[AndroidUiautomator2Driver@acb2 (21630e16)]&amp#27;[0m Responding to client with driver.findElement() result: {"element-6066-11e4-a52e-4f735466cecf":"00000000-0000-05b4-0000-002700000004","ELEMENT":"00000000-0000-05b4-0000-002700000004"}
&amp#27;[38;5;0m[HTTP]&amp#27;[0m &amp#27;[37m<-- POST /session/21630e16-6427-4286-8e29-fcd97763fc5d/element &amp#27;[39m&amp#27;[32m200&amp#27;[39m &amp#27;[90m124 ms - 137&amp#27;[39m
&amp#27;[38;5;0m[HTTP]&amp#27;[0m &amp#27;[90m&amp#27;[39m
&amp#27;[38;5;0m[HTTP]&amp#27;[0m &amp#27;[37m-->&amp#27;[39m &amp#27;[37mPOST&amp#27;[39m &amp#27;[37m/session/21630e16-6427-4286-8e29-fcd97763fc5d/element&amp#27;[39m
&amp#27;[38;5;0m[HTTP]&amp#27;[0m &amp#27;[90m{"using":"xpath","value":"//android.view.View[@text='Today']"}&amp#27;[39m
&amp#27;[38;5;32m[AndroidUiautomator2Driver@acb2 (21630e16)]&amp#27;[0m Calling AppiumDriver.findElement() with args: ["xpath","//android.view.View[@text='Today']","21630e16-6427-4286-8e29-fcd97763fc5d"]
&amp#27;[38;5;32m[AndroidUiautomator2Driver@acb2 (21630e16)]&amp#27;[0m Valid locator strategies for this request: xpath, id, class name, accessibility id, css selector, -android uiautomator
&amp#27;[38;5;32m[AndroidUiautomator2Driver@acb2 (21630e16)]&amp#27;[0m Waiting up to 0 ms for condition
&amp#27;[38;5;32m[AndroidUiautomator2Driver@acb2 (21630e16)]&amp#27;[0m Matched '/element' to command name 'findElement'
&amp#27;[38;5;32m[AndroidUiautomator2Driver@acb2 (21630e16)]&amp#27;[0m Proxying [POST /element] to [POST http://127.0.0.1:8240/session/8c610884-90da-4b8f-bfe5-65aa9fc8d87e/element] with body: {"strategy":"xpath","selector":"//android.view.View[@text='Today']","context":"","multiple":false}
&amp#27;[38;5;32m[AndroidUiautomator2Driver@acb2 (21630e16)]&amp#27;[0m Got response with status 200: {"sessionId":"8c610884-90da-4b8f-bfe5-65aa9fc8d87e","value":{"ELEMENT":"00000000-0000-05b4-0000-002700000004","element-6066-11e4-a52e-4f735466cecf":"00000000-0000-05b4-0000-002700000004"}}
&amp#27;[38;5;32m[AndroidUiautomator2Driver@acb2 (21630e16)]&amp#27;[0m Responding to client with driver.findElement() result: {"element-6066-11e4-a52e-4f735466cecf":"00000000-0000-05b4-0000-002700000004","ELEMENT":"00000000-0000-05b4-0000-002700000004"}
&amp#27;[38;5;0m[HTTP]&amp#27;[0m &amp#27;[37m<-- POST /session/21630e16-6427-4286-8e29-fcd97763fc5d/element &amp#27;[39m&amp#27;[32m200&amp#27;[39m &amp#27;[90m117 ms - 137&amp#27;[39m
&amp#27;[38;5;0m[HTTP]&amp#27;[0m &amp#27;[90m&amp#27;[39m
&amp#27;[38;5;0m[HTTP]&amp#27;[0m &amp#27;[37m-->&amp#27;[39m &amp#27;[37mGET&amp#27;[39m &amp#27;[37m/session/21630e16-6427-4286-8e29-fcd97763fc5d/element/00000000-0000-05b4-0000-002700000004/text&amp#27;[39m
&amp#27;[38;5;0m[HTTP]&amp#27;[0m &amp#27;[90m{}&amp#27;[39m
&amp#27;[38;5;32m[AndroidUiautomator2Driver@acb2 (21630e16)]&amp#27;[0m Driver proxy active, passing request on via HTTP proxy
&amp#27;[38;5;32m[AndroidUiautomator2Driver@acb2 (21630e16)]&amp#27;[0m Matched '/session/21630e16-6427-4286-8e29-fcd97763fc5d/element/00000000-0000-05b4-0000-002700000004/text' to command name 'getText'
&amp#27;[38;5;32m[AndroidUiautomator2Driver@acb2 (21630e16)]&amp#27;[0m Proxying [GET /session/21630e16-6427-4286-8e29-fcd97763fc5d/element/00000000-0000-05b4-0000-002700000004/text] to [GET http://127.0.0.1:8240/session/8c610884-90da-4b8f-bfe5-65aa9fc8d87e/element/00000000-0000-05b4-0000-002700000004/text] with no body
&amp#27;[38;5;32m[AndroidUiautomator2Driver@acb2 (21630e16)]&amp#27;[0m Got response with status 200: {"sessionId":"8c610884-90da-4b8f-bfe5-65aa9fc8d87e","value":"Today"}
&amp#27;[38;5;32m[AndroidUiautomator2Driver@acb2 (21630e16)]&amp#27;[0m Replacing sessionId 8c610884-90da-4b8f-bfe5-65aa9fc8d87e with 21630e16-6427-4286-8e29-fcd97763fc5d
&amp#27;[38;5;0m[HTTP]&amp#27;[0m &amp#27;[37m<-- GET /session/21630e16-6427-4286-8e29-fcd97763fc5d/element/00000000-0000-05b4-0000-002700000004/text &amp#27;[39m&amp#27;[32m200&amp#27;[39m &amp#27;[90m12 ms - 68&amp#27;[39m
&amp#27;[38;5;0m[HTTP]&amp#27;[0m &amp#27;[90m&amp#27;[39m
  &amp#27;[32mGiven &amp#27;[0m&amp#27;[32mI am a general user of the weather forcast&amp#27;[0m                                              &amp#27;[90m# weatherAppTest.StepDefinitions.i_am_a_general_user_of_the_weather_forcast()&amp#27;[0m
&amp#27;[38;5;0m[HTTP]&amp#27;[0m &amp#27;[37m-->&amp#27;[39m &amp#27;[37mPOST&amp#27;[39m &amp#27;[37m/session/21630e16-6427-4286-8e29-fcd97763fc5d/element&amp#27;[39m
&amp#27;[38;5;0m[HTTP]&amp#27;[0m &amp#27;[90m{"using":"xpath","value":"//android.view.ViewGroup/android.view.View/android.view.View/android.view.View/android.view.View[2]/android.view.View[1]"}&amp#27;[39m
&amp#27;[38;5;32m[AndroidUiautomator2Driver@acb2 (21630e16)]&amp#27;[0m Calling AppiumDriver.findElement() with args: ["xpath","//android.view.ViewGroup/android.view.View/android.view.View/android.view.View/android.view.View[2]/android.view.View[1]","21630e16-6427-4286-8e29-fcd97763fc5d"]
&amp#27;[38;5;32m[AndroidUiautomator2Driver@acb2 (21630e16)]&amp#27;[0m Valid locator strategies for this request: xpath, id, class name, accessibility id, css selector, -android uiautomator
&amp#27;[38;5;32m[AndroidUiautomator2Driver@acb2 (21630e16)]&amp#27;[0m Waiting up to 0 ms for condition
&amp#27;[38;5;32m[AndroidUiautomator2Driver@acb2 (21630e16)]&amp#27;[0m Matched '/element' to command name 'findElement'
&amp#27;[38;5;32m[AndroidUiautomator2Driver@acb2 (21630e16)]&amp#27;[0m Proxying [POST /element] to [POST http://127.0.0.1:8240/session/8c610884-90da-4b8f-bfe5-65aa9fc8d87e/element] with body: {"strategy":"xpath","selector":"//android.view.ViewGroup/android.view.View/android.view.View/android.view.View/android.view.View[2]/android.view.View[1]","context":"","multiple":false}
&amp#27;[38;5;32m[AndroidUiautomator2Driver@acb2 (21630e16)]&amp#27;[0m Got response with status 200: {"sessionId":"8c610884-90da-4b8f-bfe5-65aa9fc8d87e","value":{"ELEMENT":"00000000-0000-05b4-0000-001e00000004","element-6066-11e4-a52e-4f735466cecf":"00000000-0000-05b4-0000-001e00000004"}}
&amp#27;[38;5;32m[AndroidUiautomator2Driver@acb2 (21630e16)]&amp#27;[0m Responding to client with driver.findElement() result: {"element-6066-11e4-a52e-4f735466cecf":"00000000-0000-05b4-0000-001e00000004","ELEMENT":"00000000-0000-05b4-0000-001e00000004"}
&amp#27;[38;5;0m[HTTP]&amp#27;[0m &amp#27;[37m<-- POST /session/21630e16-6427-4286-8e29-fcd97763fc5d/element &amp#27;[39m&amp#27;[32m200&amp#27;[39m &amp#27;[90m116 ms - 137&amp#27;[39m
&amp#27;[38;5;0m[HTTP]&amp#27;[0m &amp#27;[90m&amp#27;[39m
&amp#27;[38;5;0m[HTTP]&amp#27;[0m &amp#27;[37m-->&amp#27;[39m &amp#27;[37mGET&amp#27;[39m &amp#27;[37m/session/21630e16-6427-4286-8e29-fcd97763fc5d/element/00000000-0000-05b4-0000-001e00000004/displayed&amp#27;[39m
&amp#27;[38;5;0m[HTTP]&amp#27;[0m &amp#27;[90m{}&amp#27;[39m
&amp#27;[38;5;32m[AndroidUiautomator2Driver@acb2 (21630e16)]&amp#27;[0m Calling AppiumDriver.elementDisplayed() with args: ["00000000-0000-05b4-0000-001e00000004","21630e16-6427-4286-8e29-fcd97763fc5d"]
&amp#27;[38;5;32m[AndroidUiautomator2Driver@acb2 (21630e16)]&amp#27;[0m Matched '/element/00000000-0000-05b4-0000-001e00000004/attribute/displayed' to command name 'getAttribute'
&amp#27;[38;5;32m[AndroidUiautomator2Driver@acb2 (21630e16)]&amp#27;[0m Proxying [GET /element/00000000-0000-05b4-0000-001e00000004/attribute/displayed] to [GET http://127.0.0.1:8240/session/8c610884-90da-4b8f-bfe5-65aa9fc8d87e/element/00000000-0000-05b4-0000-001e00000004/attribute/displayed] with no body
&amp#27;[38;5;32m[AndroidUiautomator2Driver@acb2 (21630e16)]&amp#27;[0m Got response with status 200: {"sessionId":"8c610884-90da-4b8f-bfe5-65aa9fc8d87e","value":"true"}
&amp#27;[38;5;32m[AndroidUiautomator2Driver@acb2 (21630e16)]&amp#27;[0m Responding to client with driver.elementDisplayed() result: true
&amp#27;[38;5;0m[HTTP]&amp#27;[0m &amp#27;[37m<-- GET /session/21630e16-6427-4286-8e29-fcd97763fc5d/element/00000000-0000-05b4-0000-001e00000004/displayed &amp#27;[39m&amp#27;[32m200&amp#27;[39m &amp#27;[90m11 ms - 14&amp#27;[39m
&amp#27;[38;5;0m[HTTP]&amp#27;[0m &amp#27;[90m&amp#27;[39m
&amp#27;[38;5;0m[HTTP]&amp#27;[0m &amp#27;[37m-->&amp#27;[39m &amp#27;[37mPOST&amp#27;[39m &amp#27;[37m/session/21630e16-6427-4286-8e29-fcd97763fc5d/element&amp#27;[39m
&amp#27;[38;5;0m[HTTP]&amp#27;[0m &amp#27;[90m{"using":"xpath","value":"//android.view.ViewGroup/android.view.View/android.view.View/android.view.View/android.view.View[2]/android.view.View[1]"}&amp#27;[39m
&amp#27;[38;5;32m[AndroidUiautomator2Driver@acb2 (21630e16)]&amp#27;[0m Calling AppiumDriver.findElement() with args: ["xpath","//android.view.ViewGroup/android.view.View/android.view.View/android.view.View/android.view.View[2]/android.view.View[1]","21630e16-6427-4286-8e29-fcd97763fc5d"]
&amp#27;[38;5;32m[AndroidUiautomator2Driver@acb2 (21630e16)]&amp#27;[0m Valid locator strategies for this request: xpath, id, class name, accessibility id, css selector, -android uiautomator
&amp#27;[38;5;32m[AndroidUiautomator2Driver@acb2 (21630e16)]&amp#27;[0m Waiting up to 0 ms for condition
&amp#27;[38;5;32m[AndroidUiautomator2Driver@acb2 (21630e16)]&amp#27;[0m Matched '/element' to command name 'findElement'
&amp#27;[38;5;32m[AndroidUiautomator2Driver@acb2 (21630e16)]&amp#27;[0m Proxying [POST /element] to [POST http://127.0.0.1:8240/session/8c610884-90da-4b8f-bfe5-65aa9fc8d87e/element] with body: {"strategy":"xpath","selector":"//android.view.ViewGroup/android.view.View/android.view.View/android.view.View/android.view.View[2]/android.view.View[1]","context":"","multiple":false}
&amp#27;[38;5;32m[AndroidUiautomator2Driver@acb2 (21630e16)]&amp#27;[0m Got response with status 200: {"sessionId":"8c610884-90da-4b8f-bfe5-65aa9fc8d87e","value":{"ELEMENT":"00000000-0000-05b4-0000-001e00000004","element-6066-11e4-a52e-4f735466cecf":"00000000-0000-05b4-0000-001e00000004"}}
&amp#27;[38;5;32m[AndroidUiautomator2Driver@acb2 (21630e16)]&amp#27;[0m Responding to client with driver.findElement() result: {"element-6066-11e4-a52e-4f735466cecf":"00000000-0000-05b4-0000-001e00000004","ELEMENT":"00000000-0000-05b4-0000-001e00000004"}
&amp#27;[38;5;0m[HTTP]&amp#27;[0m &amp#27;[37m<-- POST /session/21630e16-6427-4286-8e29-fcd97763fc5d/element &amp#27;[39m&amp#27;[32m200&amp#27;[39m &amp#27;[90m108 ms - 137&amp#27;[39m
&amp#27;[38;5;0m[HTTP]&amp#27;[0m &amp#27;[90m&amp#27;[39m
&amp#27;[38;5;0m[HTTP]&amp#27;[0m &amp#27;[37m-->&amp#27;[39m &amp#27;[37mPOST&amp#27;[39m &amp#27;[37m/session/21630e16-6427-4286-8e29-fcd97763fc5d/element&amp#27;[39m
&amp#27;[38;5;0m[HTTP]&amp#27;[0m &amp#27;[90m{"using":"xpath","value":"//android.view.ViewGroup/android.view.View/android.view.View/android.view.View/android.view.View[2]/android.view.View[1]"}&amp#27;[39m
&amp#27;[38;5;32m[AndroidUiautomator2Driver@acb2 (21630e16)]&amp#27;[0m Calling AppiumDriver.findElement() with args: ["xpath","//android.view.ViewGroup/android.view.View/android.view.View/android.view.View/android.view.View[2]/android.view.View[1]","21630e16-6427-4286-8e29-fcd97763fc5d"]
&amp#27;[38;5;32m[AndroidUiautomator2Driver@acb2 (21630e16)]&amp#27;[0m Valid locator strategies for this request: xpath, id, class name, accessibility id, css selector, -android uiautomator
&amp#27;[38;5;32m[AndroidUiautomator2Driver@acb2 (21630e16)]&amp#27;[0m Waiting up to 0 ms for condition
&amp#27;[38;5;32m[AndroidUiautomator2Driver@acb2 (21630e16)]&amp#27;[0m Matched '/element' to command name 'findElement'
&amp#27;[38;5;32m[AndroidUiautomator2Driver@acb2 (21630e16)]&amp#27;[0m Proxying [POST /element] to [POST http://127.0.0.1:8240/session/8c610884-90da-4b8f-bfe5-65aa9fc8d87e/element] with body: {"strategy":"xpath","selector":"//android.view.ViewGroup/android.view.View/android.view.View/android.view.View/android.view.View[2]/android.view.View[1]","context":"","multiple":false}
&amp#27;[38;5;32m[AndroidUiautomator2Driver@acb2 (21630e16)]&amp#27;[0m Got response with status 200: {"sessionId":"8c610884-90da-4b8f-bfe5-65aa9fc8d87e","value":{"ELEMENT":"00000000-0000-05b4-0000-001e00000004","element-6066-11e4-a52e-4f735466cecf":"00000000-0000-05b4-0000-001e00000004"}}
&amp#27;[38;5;32m[AndroidUiautomator2Driver@acb2 (21630e16)]&amp#27;[0m Responding to client with driver.findElement() result: {"element-6066-11e4-a52e-4f735466cecf":"00000000-0000-05b4-0000-001e00000004","ELEMENT":"00000000-0000-05b4-0000-001e00000004"}
&amp#27;[38;5;0m[HTTP]&amp#27;[0m &amp#27;[37m<-- POST /session/21630e16-6427-4286-8e29-fcd97763fc5d/element &amp#27;[39m&amp#27;[32m200&amp#27;[39m &amp#27;[90m109 ms - 137&amp#27;[39m
&amp#27;[38;5;0m[HTTP]&amp#27;[0m &amp#27;[90m&amp#27;[39m
&amp#27;[38;5;0m[HTTP]&amp#27;[0m &amp#27;[37m-->&amp#27;[39m &amp#27;[37mGET&amp#27;[39m &amp#27;[37m/session/21630e16-6427-4286-8e29-fcd97763fc5d/element/00000000-0000-05b4-0000-001e00000004/text&amp#27;[39m
&amp#27;[38;5;0m[HTTP]&amp#27;[0m &amp#27;[90m{}&amp#27;[39m
&amp#27;[38;5;32m[AndroidUiautomator2Driver@acb2 (21630e16)]&amp#27;[0m Driver proxy active, passing request on via HTTP proxy
&amp#27;[38;5;32m[AndroidUiautomator2Driver@acb2 (21630e16)]&amp#27;[0m Matched '/session/21630e16-6427-4286-8e29-fcd97763fc5d/element/00000000-0000-05b4-0000-001e00000004/text' to command name 'getText'
&amp#27;[38;5;32m[AndroidUiautomator2Driver@acb2 (21630e16)]&amp#27;[0m Proxying [GET /session/21630e16-6427-4286-8e29-fcd97763fc5d/element/00000000-0000-05b4-0000-001e00000004/text] to [GET http://127.0.0.1:8240/session/8c610884-90da-4b8f-bfe5-65aa9fc8d87e/element/00000000-0000-05b4-0000-001e00000004/text] with no body
&amp#27;[38;5;32m[AndroidUiautomator2Driver@acb2 (21630e16)]&amp#27;[0m Got response with status 200: {"sessionId":"8c610884-90da-4b8f-bfe5-65aa9fc8d87e","value":"13 Â°C"}
&amp#27;[38;5;32m[AndroidUiautomator2Driver@acb2 (21630e16)]&amp#27;[0m Replacing sessionId 8c610884-90da-4b8f-bfe5-65aa9fc8d87e with 21630e16-6427-4286-8e29-fcd97763fc5d
&amp#27;[38;5;0m[HTTP]&amp#27;[0m &amp#27;[37m<-- GET /session/21630e16-6427-4286-8e29-fcd97763fc5d/element/00000000-0000-05b4-0000-001e00000004/text &amp#27;[39m&amp#27;[32m200&amp#27;[39m &amp#27;[90m10 ms - 69&amp#27;[39m
&amp#27;[38;5;0m[HTTP]&amp#27;[0m &amp#27;[90m&amp#27;[39m
  &amp#27;[32mWhen &amp#27;[0m&amp#27;[32mI request the current weather&amp#27;[0m                                                            &amp#27;[90m# weatherAppTest.StepDefinitions.i_request_the_current_weather()&amp#27;[0m
&amp#27;[38;5;0m[HTTP]&amp#27;[0m &amp#27;[37m-->&amp#27;[39m &amp#27;[37mPOST&amp#27;[39m &amp#27;[37m/session/21630e16-6427-4286-8e29-fcd97763fc5d/element&amp#27;[39m
&amp#27;[38;5;0m[HTTP]&amp#27;[0m &amp#27;[90m{"using":"xpath","value":"//android.view.ViewGroup/android.view.View/android.view.View/android.view.View/android.view.View[2]/android.view.View[2]"}&amp#27;[39m
&amp#27;[38;5;32m[AndroidUiautomator2Driver@acb2 (21630e16)]&amp#27;[0m Calling AppiumDriver.findElement() with args: ["xpath","//android.view.ViewGroup/android.view.View/android.view.View/android.view.View/android.view.View[2]/android.view.View[2]","21630e16-6427-4286-8e29-fcd97763fc5d"]
&amp#27;[38;5;32m[AndroidUiautomator2Driver@acb2 (21630e16)]&amp#27;[0m Valid locator strategies for this request: xpath, id, class name, accessibility id, css selector, -android uiautomator
&amp#27;[38;5;32m[AndroidUiautomator2Driver@acb2 (21630e16)]&amp#27;[0m Waiting up to 0 ms for condition
&amp#27;[38;5;32m[AndroidUiautomator2Driver@acb2 (21630e16)]&amp#27;[0m Matched '/element' to command name 'findElement'
&amp#27;[38;5;32m[AndroidUiautomator2Driver@acb2 (21630e16)]&amp#27;[0m Proxying [POST /element] to [POST http://127.0.0.1:8240/session/8c610884-90da-4b8f-bfe5-65aa9fc8d87e/element] with body: {"strategy":"xpath","selector":"//android.view.ViewGroup/android.view.View/android.view.View/android.view.View/android.view.View[2]/android.view.View[2]","context":"","multiple":false}
&amp#27;[38;5;32m[AndroidUiautomator2Driver@acb2 (21630e16)]&amp#27;[0m Got response with status 200: {"sessionId":"8c610884-90da-4b8f-bfe5-65aa9fc8d87e","value":{"ELEMENT":"00000000-0000-05b4-0000-002000000004","element-6066-11e4-a52e-4f735466cecf":"00000000-0000-05b4-0000-002000000004"}}
&amp#27;[38;5;32m[AndroidUiautomator2Driver@acb2 (21630e16)]&amp#27;[0m Responding to client with driver.findElement() result: {"element-6066-11e4-a52e-4f735466cecf":"00000000-0000-05b4-0000-002000000004","ELEMENT":"00000000-0000-05b4-0000-002000000004"}
&amp#27;[38;5;0m[HTTP]&amp#27;[0m &amp#27;[37m<-- POST /session/21630e16-6427-4286-8e29-fcd97763fc5d/element &amp#27;[39m&amp#27;[32m200&amp#27;[39m &amp#27;[90m106 ms - 137&amp#27;[39m
&amp#27;[38;5;0m[HTTP]&amp#27;[0m &amp#27;[90m&amp#27;[39m
&amp#27;[38;5;0m[HTTP]&amp#27;[0m &amp#27;[37m-->&amp#27;[39m &amp#27;[37mGET&amp#27;[39m &amp#27;[37m/session/21630e16-6427-4286-8e29-fcd97763fc5d/element/00000000-0000-05b4-0000-002000000004/displayed&amp#27;[39m
&amp#27;[38;5;0m[HTTP]&amp#27;[0m &amp#27;[90m{}&amp#27;[39m
&amp#27;[38;5;32m[AndroidUiautomator2Driver@acb2 (21630e16)]&amp#27;[0m Calling AppiumDriver.elementDisplayed() with args: ["00000000-0000-05b4-0000-002000000004","21630e16-6427-4286-8e29-fcd97763fc5d"]
&amp#27;[38;5;32m[AndroidUiautomator2Driver@acb2 (21630e16)]&amp#27;[0m Matched '/element/00000000-0000-05b4-0000-002000000004/attribute/displayed' to command name 'getAttribute'
&amp#27;[38;5;32m[AndroidUiautomator2Driver@acb2 (21630e16)]&amp#27;[0m Proxying [GET /element/00000000-0000-05b4-0000-002000000004/attribute/displayed] to [GET http://127.0.0.1:8240/session/8c610884-90da-4b8f-bfe5-65aa9fc8d87e/element/00000000-0000-05b4-0000-002000000004/attribute/displayed] with no body
&amp#27;[38;5;32m[AndroidUiautomator2Driver@acb2 (21630e16)]&amp#27;[0m Got response with status 200: {"sessionId":"8c610884-90da-4b8f-bfe5-65aa9fc8d87e","value":"true"}
&amp#27;[38;5;32m[AndroidUiautomator2Driver@acb2 (21630e16)]&amp#27;[0m Responding to client with driver.elementDisplayed() result: true
&amp#27;[38;5;0m[HTTP]&amp#27;[0m &amp#27;[37m<-- GET /session/21630e16-6427-4286-8e29-fcd97763fc5d/element/00000000-0000-05b4-0000-002000000004/displayed &amp#27;[39m&amp#27;[32m200&amp#27;[39m &amp#27;[90m11 ms - 14&amp#27;[39m
&amp#27;[38;5;0m[HTTP]&amp#27;[0m &amp#27;[90m&amp#27;[39m
&amp#27;[38;5;0m[HTTP]&amp#27;[0m &amp#27;[37m-->&amp#27;[39m &amp#27;[37mPOST&amp#27;[39m &amp#27;[37m/session/21630e16-6427-4286-8e29-fcd97763fc5d/element&amp#27;[39m
&amp#27;[38;5;0m[HTTP]&amp#27;[0m &amp#27;[90m{"using":"xpath","value":"//android.view.ViewGroup/android.view.View/android.view.View/android.view.View/android.view.View[2]/android.view.View[2]"}&amp#27;[39m
&amp#27;[38;5;32m[AndroidUiautomator2Driver@acb2 (21630e16)]&amp#27;[0m Calling AppiumDriver.findElement() with args: ["xpath","//android.view.ViewGroup/android.view.View/android.view.View/android.view.View/android.view.View[2]/android.view.View[2]","21630e16-6427-4286-8e29-fcd97763fc5d"]
&amp#27;[38;5;32m[AndroidUiautomator2Driver@acb2 (21630e16)]&amp#27;[0m Valid locator strategies for this request: xpath, id, class name, accessibility id, css selector, -android uiautomator
&amp#27;[38;5;32m[AndroidUiautomator2Driver@acb2 (21630e16)]&amp#27;[0m Waiting up to 0 ms for condition
&amp#27;[38;5;32m[AndroidUiautomator2Driver@acb2 (21630e16)]&amp#27;[0m Matched '/element' to command name 'findElement'
&amp#27;[38;5;32m[AndroidUiautomator2Driver@acb2 (21630e16)]&amp#27;[0m Proxying [POST /element] to [POST http://127.0.0.1:8240/session/8c610884-90da-4b8f-bfe5-65aa9fc8d87e/element] with body: {"strategy":"xpath","selector":"//android.view.ViewGroup/android.view.View/android.view.View/android.view.View/android.view.View[2]/android.view.View[2]","context":"","multiple":false}
&amp#27;[38;5;32m[AndroidUiautomator2Driver@acb2 (21630e16)]&amp#27;[0m Got response with status 200: {"sessionId":"8c610884-90da-4b8f-bfe5-65aa9fc8d87e","value":{"ELEMENT":"00000000-0000-05b4-0000-002000000004","element-6066-11e4-a52e-4f735466cecf":"00000000-0000-05b4-0000-002000000004"}}
&amp#27;[38;5;32m[AndroidUiautomator2Driver@acb2 (21630e16)]&amp#27;[0m Responding to client with driver.findElement() result: {"element-6066-11e4-a52e-4f735466cecf":"00000000-0000-05b4-0000-002000000004","ELEMENT":"00000000-0000-05b4-0000-002000000004"}
&amp#27;[38;5;0m[HTTP]&amp#27;[0m &amp#27;[37m<-- POST /session/21630e16-6427-4286-8e29-fcd97763fc5d/element &amp#27;[39m&amp#27;[32m200&amp#27;[39m &amp#27;[90m109 ms - 137&amp#27;[39m
&amp#27;[38;5;0m[HTTP]&amp#27;[0m &amp#27;[90m&amp#27;[39m
&amp#27;[38;5;0m[HTTP]&amp#27;[0m &amp#27;[37m-->&amp#27;[39m &amp#27;[37mPOST&amp#27;[39m &amp#27;[37m/session/21630e16-6427-4286-8e29-fcd97763fc5d/element&amp#27;[39m
&amp#27;[38;5;0m[HTTP]&amp#27;[0m &amp#27;[90m{"using":"xpath","value":"//android.view.ViewGroup/android.view.View/android.view.View/android.view.View/android.view.View[2]/android.view.View[2]"}&amp#27;[39m
&amp#27;[38;5;32m[AndroidUiautomator2Driver@acb2 (21630e16)]&amp#27;[0m Calling AppiumDriver.findElement() with args: ["xpath","//android.view.ViewGroup/android.view.View/android.view.View/android.view.View/android.view.View[2]/android.view.View[2]","21630e16-6427-4286-8e29-fcd97763fc5d"]
&amp#27;[38;5;32m[AndroidUiautomator2Driver@acb2 (21630e16)]&amp#27;[0m Valid locator strategies for this request: xpath, id, class name, accessibility id, css selector, -android uiautomator
&amp#27;[38;5;32m[AndroidUiautomator2Driver@acb2 (21630e16)]&amp#27;[0m Waiting up to 0 ms for condition
&amp#27;[38;5;32m[AndroidUiautomator2Driver@acb2 (21630e16)]&amp#27;[0m Matched '/element' to command name 'findElement'
&amp#27;[38;5;32m[AndroidUiautomator2Driver@acb2 (21630e16)]&amp#27;[0m Proxying [POST /element] to [POST http://127.0.0.1:8240/session/8c610884-90da-4b8f-bfe5-65aa9fc8d87e/element] with body: {"strategy":"xpath","selector":"//android.view.ViewGroup/android.view.View/android.view.View/android.view.View/android.view.View[2]/android.view.View[2]","context":"","multiple":false}
&amp#27;[38;5;32m[AndroidUiautomator2Driver@acb2 (21630e16)]&amp#27;[0m Got response with status 200: {"sessionId":"8c610884-90da-4b8f-bfe5-65aa9fc8d87e","value":{"ELEMENT":"00000000-0000-05b4-0000-002000000004","element-6066-11e4-a52e-4f735466cecf":"00000000-0000-05b4-0000-002000000004"}}
&amp#27;[38;5;32m[AndroidUiautomator2Driver@acb2 (21630e16)]&amp#27;[0m Responding to client with driver.findElement() result: {"element-6066-11e4-a52e-4f735466cecf":"00000000-0000-05b4-0000-002000000004","ELEMENT":"00000000-0000-05b4-0000-002000000004"}
&amp#27;[38;5;0m[HTTP]&amp#27;[0m &amp#27;[37m<-- POST /session/21630e16-6427-4286-8e29-fcd97763fc5d/element &amp#27;[39m&amp#27;[32m200&amp#27;[39m &amp#27;[90m109 ms - 137&amp#27;[39m
&amp#27;[38;5;0m[HTTP]&amp#27;[0m &amp#27;[90m&amp#27;[39m
&amp#27;[38;5;0m[HTTP]&amp#27;[0m &amp#27;[37m-->&amp#27;[39m &amp#27;[37mGET&amp#27;[39m &amp#27;[37m/session/21630e16-6427-4286-8e29-fcd97763fc5d/element/00000000-0000-05b4-0000-002000000004/text&amp#27;[39m
&amp#27;[38;5;0m[HTTP]&amp#27;[0m &amp#27;[90m{}&amp#27;[39m
&amp#27;[38;5;32m[AndroidUiautomator2Driver@acb2 (21630e16)]&amp#27;[0m Driver proxy active, passing request on via HTTP proxy
&amp#27;[38;5;32m[AndroidUiautomator2Driver@acb2 (21630e16)]&amp#27;[0m Matched '/session/21630e16-6427-4286-8e29-fcd97763fc5d/element/00000000-0000-05b4-0000-002000000004/text' to command name 'getText'
&amp#27;[38;5;32m[AndroidUiautomator2Driver@acb2 (21630e16)]&amp#27;[0m Proxying [GET /session/21630e16-6427-4286-8e29-fcd97763fc5d/element/00000000-0000-05b4-0000-002000000004/text] to [GET http://127.0.0.1:8240/session/8c610884-90da-4b8f-bfe5-65aa9fc8d87e/element/00000000-0000-05b4-0000-002000000004/text] with no body
&amp#27;[38;5;32m[AndroidUiautomator2Driver@acb2 (21630e16)]&amp#27;[0m Got response with status 200: {"sessionId":"8c610884-90da-4b8f-bfe5-65aa9fc8d87e","value":"Scattered clouds"}
&amp#27;[38;5;32m[AndroidUiautomator2Driver@acb2 (21630e16)]&amp#27;[0m Replacing sessionId 8c610884-90da-4b8f-bfe5-65aa9fc8d87e with 21630e16-6427-4286-8e29-fcd97763fc5d
&amp#27;[38;5;0m[HTTP]&amp#27;[0m &amp#27;[37m<-- GET /session/21630e16-6427-4286-8e29-fcd97763fc5d/element/00000000-0000-05b4-0000-002000000004/text &amp#27;[39m&amp#27;[32m200&amp#27;[39m &amp#27;[90m11 ms - 79&amp#27;[39m
&amp#27;[38;5;0m[HTTP]&amp#27;[0m &amp#27;[90m&amp#27;[39m
&amp#27;[38;5;0m[HTTP]&amp#27;[0m &amp#27;[37m-->&amp#27;[39m &amp#27;[37mPOST&amp#27;[39m &amp#27;[37m/session/21630e16-6427-4286-8e29-fcd97763fc5d/element&amp#27;[39m
&amp#27;[38;5;0m[HTTP]&amp#27;[0m &amp#27;[90m{"using":"xpath","value":"//android.view.ViewGroup/android.view.View/android.view.View/android.view.View/android.view.View[2]/android.view.View[3]"}&amp#27;[39m
&amp#27;[38;5;32m[AndroidUiautomator2Driver@acb2 (21630e16)]&amp#27;[0m Calling AppiumDriver.findElement() with args: ["xpath","//android.view.ViewGroup/android.view.View/android.view.View/android.view.View/android.view.View[2]/android.view.View[3]","21630e16-6427-4286-8e29-fcd97763fc5d"]
&amp#27;[38;5;32m[AndroidUiautomator2Driver@acb2 (21630e16)]&amp#27;[0m Valid locator strategies for this request: xpath, id, class name, accessibility id, css selector, -android uiautomator
&amp#27;[38;5;32m[AndroidUiautomator2Driver@acb2 (21630e16)]&amp#27;[0m Waiting up to 0 ms for condition
&amp#27;[38;5;32m[AndroidUiautomator2Driver@acb2 (21630e16)]&amp#27;[0m Matched '/element' to command name 'findElement'
&amp#27;[38;5;32m[AndroidUiautomator2Driver@acb2 (21630e16)]&amp#27;[0m Proxying [POST /element] to [POST http://127.0.0.1:8240/session/8c610884-90da-4b8f-bfe5-65aa9fc8d87e/element] with body: {"strategy":"xpath","selector":"//android.view.ViewGroup/android.view.View/android.view.View/android.view.View/android.view.View[2]/android.view.View[3]","context":"","multiple":false}
&amp#27;[38;5;32m[AndroidUiautomator2Driver@acb2 (21630e16)]&amp#27;[0m Got response with status 200: {"sessionId":"8c610884-90da-4b8f-bfe5-65aa9fc8d87e","value":{"ELEMENT":"00000000-0000-05b4-0000-002200000004","element-6066-11e4-a52e-4f735466cecf":"00000000-0000-05b4-0000-002200000004"}}
&amp#27;[38;5;32m[AndroidUiautomator2Driver@acb2 (21630e16)]&amp#27;[0m Responding to client with driver.findElement() result: {"element-6066-11e4-a52e-4f735466cecf":"00000000-0000-05b4-0000-002200000004","ELEMENT":"00000000-0000-05b4-0000-002200000004"}
&amp#27;[38;5;0m[HTTP]&amp#27;[0m &amp#27;[37m<-- POST /session/21630e16-6427-4286-8e29-fcd97763fc5d/element &amp#27;[39m&amp#27;[32m200&amp#27;[39m &amp#27;[90m107 ms - 137&amp#27;[39m
&amp#27;[38;5;0m[HTTP]&amp#27;[0m &amp#27;[90m&amp#27;[39m
&amp#27;[38;5;0m[HTTP]&amp#27;[0m &amp#27;[37m-->&amp#27;[39m &amp#27;[37mGET&amp#27;[39m &amp#27;[37m/session/21630e16-6427-4286-8e29-fcd97763fc5d/element/00000000-0000-05b4-0000-002200000004/displayed&amp#27;[39m
&amp#27;[38;5;0m[HTTP]&amp#27;[0m &amp#27;[90m{}&amp#27;[39m
&amp#27;[38;5;32m[AndroidUiautomator2Driver@acb2 (21630e16)]&amp#27;[0m Calling AppiumDriver.elementDisplayed() with args: ["00000000-0000-05b4-0000-002200000004","21630e16-6427-4286-8e29-fcd97763fc5d"]
&amp#27;[38;5;32m[AndroidUiautomator2Driver@acb2 (21630e16)]&amp#27;[0m Matched '/element/00000000-0000-05b4-0000-002200000004/attribute/displayed' to command name 'getAttribute'
&amp#27;[38;5;32m[AndroidUiautomator2Driver@acb2 (21630e16)]&amp#27;[0m Proxying [GET /element/00000000-0000-05b4-0000-002200000004/attribute/displayed] to [GET http://127.0.0.1:8240/session/8c610884-90da-4b8f-bfe5-65aa9fc8d87e/element/00000000-0000-05b4-0000-002200000004/attribute/displayed] with no body
&amp#27;[38;5;32m[AndroidUiautomator2Driver@acb2 (21630e16)]&amp#27;[0m Got response with status 200: {"sessionId":"8c610884-90da-4b8f-bfe5-65aa9fc8d87e","value":"true"}
&amp#27;[38;5;32m[AndroidUiautomator2Driver@acb2 (21630e16)]&amp#27;[0m Responding to client with driver.elementDisplayed() result: true
&amp#27;[38;5;0m[HTTP]&amp#27;[0m &amp#27;[37m<-- GET /session/21630e16-6427-4286-8e29-fcd97763fc5d/element/00000000-0000-05b4-0000-002200000004/displayed &amp#27;[39m&amp#27;[32m200&amp#27;[39m &amp#27;[90m10 ms - 14&amp#27;[39m
&amp#27;[38;5;0m[HTTP]&amp#27;[0m &amp#27;[90m&amp#27;[39m
&amp#27;[38;5;0m[HTTP]&amp#27;[0m &amp#27;[37m-->&amp#27;[39m &amp#27;[37mPOST&amp#27;[39m &amp#27;[37m/session/21630e16-6427-4286-8e29-fcd97763fc5d/element&amp#27;[39m
&amp#27;[38;5;0m[HTTP]&amp#27;[0m &amp#27;[90m{"using":"xpath","value":"//android.view.ViewGroup/android.view.View/android.view.View/android.view.View/android.view.View[2]/android.view.View[3]"}&amp#27;[39m
&amp#27;[38;5;32m[AndroidUiautomator2Driver@acb2 (21630e16)]&amp#27;[0m Calling AppiumDriver.findElement() with args: ["xpath","//android.view.ViewGroup/android.view.View/android.view.View/android.view.View/android.view.View[2]/android.view.View[3]","21630e16-6427-4286-8e29-fcd97763fc5d"]
&amp#27;[38;5;32m[AndroidUiautomator2Driver@acb2 (21630e16)]&amp#27;[0m Valid locator strategies for this request: xpath, id, class name, accessibility id, css selector, -android uiautomator
&amp#27;[38;5;32m[AndroidUiautomator2Driver@acb2 (21630e16)]&amp#27;[0m Waiting up to 0 ms for condition
&amp#27;[38;5;32m[AndroidUiautomator2Driver@acb2 (21630e16)]&amp#27;[0m Matched '/element' to command name 'findElement'
&amp#27;[38;5;32m[AndroidUiautomator2Driver@acb2 (21630e16)]&amp#27;[0m Proxying [POST /element] to [POST http://127.0.0.1:8240/session/8c610884-90da-4b8f-bfe5-65aa9fc8d87e/element] with body: {"strategy":"xpath","selector":"//android.view.ViewGroup/android.view.View/android.view.View/android.view.View/android.view.View[2]/android.view.View[3]","context":"","multiple":false}
&amp#27;[38;5;32m[AndroidUiautomator2Driver@acb2 (21630e16)]&amp#27;[0m Got response with status 200: {"sessionId":"8c610884-90da-4b8f-bfe5-65aa9fc8d87e","value":{"ELEMENT":"00000000-0000-05b4-0000-002200000004","element-6066-11e4-a52e-4f735466cecf":"00000000-0000-05b4-0000-002200000004"}}
&amp#27;[38;5;32m[AndroidUiautomator2Driver@acb2 (21630e16)]&amp#27;[0m Responding to client with driver.findElement() result: {"element-6066-11e4-a52e-4f735466cecf":"00000000-0000-05b4-0000-002200000004","ELEMENT":"00000000-0000-05b4-0000-002200000004"}
&amp#27;[38;5;0m[HTTP]&amp#27;[0m &amp#27;[37m<-- POST /session/21630e16-6427-4286-8e29-fcd97763fc5d/element &amp#27;[39m&amp#27;[32m200&amp#27;[39m &amp#27;[90m106 ms - 137&amp#27;[39m
&amp#27;[38;5;0m[HTTP]&amp#27;[0m &amp#27;[90m&amp#27;[39m
&amp#27;[38;5;0m[HTTP]&amp#27;[0m &amp#27;[37m-->&amp#27;[39m &amp#27;[37mPOST&amp#27;[39m &amp#27;[37m/session/21630e16-6427-4286-8e29-fcd97763fc5d/element&amp#27;[39m
&amp#27;[38;5;0m[HTTP]&amp#27;[0m &amp#27;[90m{"using":"xpath","value":"//android.view.ViewGroup/android.view.View/android.view.View/android.view.View/android.view.View[2]/android.view.View[3]"}&amp#27;[39m
&amp#27;[38;5;32m[AndroidUiautomator2Driver@acb2 (21630e16)]&amp#27;[0m Calling AppiumDriver.findElement() with args: ["xpath","//android.view.ViewGroup/android.view.View/android.view.View/android.view.View/android.view.View[2]/android.view.View[3]","21630e16-6427-4286-8e29-fcd97763fc5d"]
&amp#27;[38;5;32m[AndroidUiautomator2Driver@acb2 (21630e16)]&amp#27;[0m Valid locator strategies for this request: xpath, id, class name, accessibility id, css selector, -android uiautomator
&amp#27;[38;5;32m[AndroidUiautomator2Driver@acb2 (21630e16)]&amp#27;[0m Waiting up to 0 ms for condition
&amp#27;[38;5;32m[AndroidUiautomator2Driver@acb2 (21630e16)]&amp#27;[0m Matched '/element' to command name 'findElement'
&amp#27;[38;5;32m[AndroidUiautomator2Driver@acb2 (21630e16)]&amp#27;[0m Proxying [POST /element] to [POST http://127.0.0.1:8240/session/8c610884-90da-4b8f-bfe5-65aa9fc8d87e/element] with body: {"strategy":"xpath","selector":"//android.view.ViewGroup/android.view.View/android.view.View/android.view.View/android.view.View[2]/android.view.View[3]","context":"","multiple":false}
&amp#27;[38;5;32m[AndroidUiautomator2Driver@acb2 (21630e16)]&amp#27;[0m Got response with status 200: {"sessionId":"8c610884-90da-4b8f-bfe5-65aa9fc8d87e","value":{"ELEMENT":"00000000-0000-05b4-0000-002200000004","element-6066-11e4-a52e-4f735466cecf":"00000000-0000-05b4-0000-002200000004"}}
&amp#27;[38;5;32m[AndroidUiautomator2Driver@acb2 (21630e16)]&amp#27;[0m Responding to client with driver.findElement() result: {"element-6066-11e4-a52e-4f735466cecf":"00000000-0000-05b4-0000-002200000004","ELEMENT":"00000000-0000-05b4-0000-002200000004"}
&amp#27;[38;5;0m[HTTP]&amp#27;[0m &amp#27;[37m<-- POST /session/21630e16-6427-4286-8e29-fcd97763fc5d/element &amp#27;[39m&amp#27;[32m200&amp#27;[39m &amp#27;[90m104 ms - 137&amp#27;[39m
&amp#27;[38;5;0m[HTTP]&amp#27;[0m &amp#27;[90m&amp#27;[39m
&amp#27;[38;5;0m[HTTP]&amp#27;[0m &amp#27;[37m-->&amp#27;[39m &amp#27;[37mGET&amp#27;[39m &amp#27;[37m/session/21630e16-6427-4286-8e29-fcd97763fc5d/element/00000000-0000-05b4-0000-002200000004/text&amp#27;[39m
&amp#27;[38;5;0m[HTTP]&amp#27;[0m &amp#27;[90m{}&amp#27;[39m
&amp#27;[38;5;32m[AndroidUiautomator2Driver@acb2 (21630e16)]&amp#27;[0m Driver proxy active, passing request on via HTTP proxy
&amp#27;[38;5;32m[AndroidUiautomator2Driver@acb2 (21630e16)]&amp#27;[0m Matched '/session/21630e16-6427-4286-8e29-fcd97763fc5d/element/00000000-0000-05b4-0000-002200000004/text' to command name 'getText'
&amp#27;[38;5;32m[AndroidUiautomator2Driver@acb2 (21630e16)]&amp#27;[0m Proxying [GET /session/21630e16-6427-4286-8e29-fcd97763fc5d/element/00000000-0000-05b4-0000-002200000004/text] to [GET http://127.0.0.1:8240/session/8c610884-90da-4b8f-bfe5-65aa9fc8d87e/element/00000000-0000-05b4-0000-002200000004/text] with no body
&amp#27;[38;5;32m[AndroidUiautomator2Driver@acb2 (21630e16)]&amp#27;[0m Got response with status 200: {"sessionId":"8c610884-90da-4b8f-bfe5-65aa9fc8d87e","value":"Min Today: 13 Â°C"}
&amp#27;[38;5;32m[AndroidUiautomator2Driver@acb2 (21630e16)]&amp#27;[0m Replacing sessionId 8c610884-90da-4b8f-bfe5-65aa9fc8d87e with 21630e16-6427-4286-8e29-fcd97763fc5d
&amp#27;[38;5;0m[HTTP]&amp#27;[0m &amp#27;[37m<-- GET /session/21630e16-6427-4286-8e29-fcd97763fc5d/element/00000000-0000-05b4-0000-002200000004/text &amp#27;[39m&amp#27;[32m200&amp#27;[39m &amp#27;[90m10 ms - 80&amp#27;[39m
&amp#27;[38;5;0m[HTTP]&amp#27;[0m &amp#27;[90m&amp#27;[39m
&amp#27;[38;5;0m[HTTP]&amp#27;[0m &amp#27;[37m-->&amp#27;[39m &amp#27;[37mPOST&amp#27;[39m &amp#27;[37m/session/21630e16-6427-4286-8e29-fcd97763fc5d/element&amp#27;[39m
&amp#27;[38;5;0m[HTTP]&amp#27;[0m &amp#27;[90m{"using":"xpath","value":"//android.view.ViewGroup/android.view.View/android.view.View/android.view.View/android.view.View[2]/android.view.View[4]"}&amp#27;[39m
&amp#27;[38;5;32m[AndroidUiautomator2Driver@acb2 (21630e16)]&amp#27;[0m Calling AppiumDriver.findElement() with args: ["xpath","//android.view.ViewGroup/android.view.View/android.view.View/android.view.View/android.view.View[2]/android.view.View[4]","21630e16-6427-4286-8e29-fcd97763fc5d"]
&amp#27;[38;5;32m[AndroidUiautomator2Driver@acb2 (21630e16)]&amp#27;[0m Valid locator strategies for this request: xpath, id, class name, accessibility id, css selector, -android uiautomator
&amp#27;[38;5;32m[AndroidUiautomator2Driver@acb2 (21630e16)]&amp#27;[0m Waiting up to 0 ms for condition
&amp#27;[38;5;32m[AndroidUiautomator2Driver@acb2 (21630e16)]&amp#27;[0m Matched '/element' to command name 'findElement'
&amp#27;[38;5;32m[AndroidUiautomator2Driver@acb2 (21630e16)]&amp#27;[0m Proxying [POST /element] to [POST http://127.0.0.1:8240/session/8c610884-90da-4b8f-bfe5-65aa9fc8d87e/element] with body: {"strategy":"xpath","selector":"//android.view.ViewGroup/android.view.View/android.view.View/android.view.View/android.view.View[2]/android.view.View[4]","context":"","multiple":false}
&amp#27;[38;5;32m[AndroidUiautomator2Driver@acb2 (21630e16)]&amp#27;[0m Got response with status 200: {"sessionId":"8c610884-90da-4b8f-bfe5-65aa9fc8d87e","value":{"ELEMENT":"00000000-0000-05b4-0000-002400000004","element-6066-11e4-a52e-4f735466cecf":"00000000-0000-05b4-0000-002400000004"}}
&amp#27;[38;5;32m[AndroidUiautomator2Driver@acb2 (21630e16)]&amp#27;[0m Responding to client with driver.findElement() result: {"element-6066-11e4-a52e-4f735466cecf":"00000000-0000-05b4-0000-002400000004","ELEMENT":"00000000-0000-05b4-0000-002400000004"}
&amp#27;[38;5;0m[HTTP]&amp#27;[0m &amp#27;[37m<-- POST /session/21630e16-6427-4286-8e29-fcd97763fc5d/element &amp#27;[39m&amp#27;[32m200&amp#27;[39m &amp#27;[90m104 ms - 137&amp#27;[39m
&amp#27;[38;5;0m[HTTP]&amp#27;[0m &amp#27;[90m&amp#27;[39m
&amp#27;[38;5;0m[HTTP]&amp#27;[0m &amp#27;[37m-->&amp#27;[39m &amp#27;[37mGET&amp#27;[39m &amp#27;[37m/session/21630e16-6427-4286-8e29-fcd97763fc5d/element/00000000-0000-05b4-0000-002400000004/displayed&amp#27;[39m
&amp#27;[38;5;0m[HTTP]&amp#27;[0m &amp#27;[90m{}&amp#27;[39m
&amp#27;[38;5;32m[AndroidUiautomator2Driver@acb2 (21630e16)]&amp#27;[0m Calling AppiumDriver.elementDisplayed() with args: ["00000000-0000-05b4-0000-002400000004","21630e16-6427-4286-8e29-fcd97763fc5d"]
&amp#27;[38;5;32m[AndroidUiautomator2Driver@acb2 (21630e16)]&amp#27;[0m Matched '/element/00000000-0000-05b4-0000-002400000004/attribute/displayed' to command name 'getAttribute'
&amp#27;[38;5;32m[AndroidUiautomator2Driver@acb2 (21630e16)]&amp#27;[0m Proxying [GET /element/00000000-0000-05b4-0000-002400000004/attribute/displayed] to [GET http://127.0.0.1:8240/session/8c610884-90da-4b8f-bfe5-65aa9fc8d87e/element/00000000-0000-05b4-0000-002400000004/attribute/displayed] with no body
&amp#27;[38;5;32m[AndroidUiautomator2Driver@acb2 (21630e16)]&amp#27;[0m Got response with status 200: {"sessionId":"8c610884-90da-4b8f-bfe5-65aa9fc8d87e","value":"true"}
&amp#27;[38;5;32m[AndroidUiautomator2Driver@acb2 (21630e16)]&amp#27;[0m Responding to client with driver.elementDisplayed() result: true
&amp#27;[38;5;0m[HTTP]&amp#27;[0m &amp#27;[37m<-- GET /session/21630e16-6427-4286-8e29-fcd97763fc5d/element/00000000-0000-05b4-0000-002400000004/displayed &amp#27;[39m&amp#27;[32m200&amp#27;[39m &amp#27;[90m10 ms - 14&amp#27;[39m
&amp#27;[38;5;0m[HTTP]&amp#27;[0m &amp#27;[90m&amp#27;[39m
&amp#27;[38;5;0m[HTTP]&amp#27;[0m &amp#27;[37m-->&amp#27;[39m &amp#27;[37mPOST&amp#27;[39m &amp#27;[37m/session/21630e16-6427-4286-8e29-fcd97763fc5d/element&amp#27;[39m
&amp#27;[38;5;0m[HTTP]&amp#27;[0m &amp#27;[90m{"using":"xpath","value":"//android.view.ViewGroup/android.view.View/android.view.View/android.view.View/android.view.View[2]/android.view.View[4]"}&amp#27;[39m
&amp#27;[38;5;32m[AndroidUiautomator2Driver@acb2 (21630e16)]&amp#27;[0m Calling AppiumDriver.findElement() with args: ["xpath","//android.view.ViewGroup/android.view.View/android.view.View/android.view.View/android.view.View[2]/android.view.View[4]","21630e16-6427-4286-8e29-fcd97763fc5d"]
&amp#27;[38;5;32m[AndroidUiautomator2Driver@acb2 (21630e16)]&amp#27;[0m Valid locator strategies for this request: xpath, id, class name, accessibility id, css selector, -android uiautomator
&amp#27;[38;5;32m[AndroidUiautomator2Driver@acb2 (21630e16)]&amp#27;[0m Waiting up to 0 ms for condition
&amp#27;[38;5;32m[AndroidUiautomator2Driver@acb2 (21630e16)]&amp#27;[0m Matched '/element' to command name 'findElement'
&amp#27;[38;5;32m[AndroidUiautomator2Driver@acb2 (21630e16)]&amp#27;[0m Proxying [POST /element] to [POST http://127.0.0.1:8240/session/8c610884-90da-4b8f-bfe5-65aa9fc8d87e/element] with body: {"strategy":"xpath","selector":"//android.view.ViewGroup/android.view.View/android.view.View/android.view.View/android.view.View[2]/android.view.View[4]","context":"","multiple":false}
&amp#27;[38;5;32m[AndroidUiautomator2Driver@acb2 (21630e16)]&amp#27;[0m Got response with status 200: {"sessionId":"8c610884-90da-4b8f-bfe5-65aa9fc8d87e","value":{"ELEMENT":"00000000-0000-05b4-0000-002400000004","element-6066-11e4-a52e-4f735466cecf":"00000000-0000-05b4-0000-002400000004"}}
&amp#27;[38;5;32m[AndroidUiautomator2Driver@acb2 (21630e16)]&amp#27;[0m Responding to client with driver.findElement() result: {"element-6066-11e4-a52e-4f735466cecf":"00000000-0000-05b4-0000-002400000004","ELEMENT":"00000000-0000-05b4-0000-002400000004"}
&amp#27;[38;5;0m[HTTP]&amp#27;[0m &amp#27;[37m<-- POST /session/21630e16-6427-4286-8e29-fcd97763fc5d/element &amp#27;[39m&amp#27;[32m200&amp#27;[39m &amp#27;[90m99 ms - 137&amp#27;[39m
&amp#27;[38;5;0m[HTTP]&amp#27;[0m &amp#27;[90m&amp#27;[39m
&amp#27;[38;5;0m[HTTP]&amp#27;[0m &amp#27;[37m-->&amp#27;[39m &amp#27;[37mPOST&amp#27;[39m &amp#27;[37m/session/21630e16-6427-4286-8e29-fcd97763fc5d/element&amp#27;[39m
&amp#27;[38;5;0m[HTTP]&amp#27;[0m &amp#27;[90m{"using":"xpath","value":"//android.view.ViewGroup/android.view.View/android.view.View/android.view.View/android.view.View[2]/android.view.View[4]"}&amp#27;[39m
&amp#27;[38;5;32m[AndroidUiautomator2Driver@acb2 (21630e16)]&amp#27;[0m Calling AppiumDriver.findElement() with args: ["xpath","//android.view.ViewGroup/android.view.View/android.view.View/android.view.View/android.view.View[2]/android.view.View[4]","21630e16-6427-4286-8e29-fcd97763fc5d"]
&amp#27;[38;5;32m[AndroidUiautomator2Driver@acb2 (21630e16)]&amp#27;[0m Valid locator strategies for this request: xpath, id, class name, accessibility id, css selector, -android uiautomator
&amp#27;[38;5;32m[AndroidUiautomator2Driver@acb2 (21630e16)]&amp#27;[0m Waiting up to 0 ms for condition
&amp#27;[38;5;32m[AndroidUiautomator2Driver@acb2 (21630e16)]&amp#27;[0m Matched '/element' to command name 'findElement'
&amp#27;[38;5;32m[AndroidUiautomator2Driver@acb2 (21630e16)]&amp#27;[0m Proxying [POST /element] to [POST http://127.0.0.1:8240/session/8c610884-90da-4b8f-bfe5-65aa9fc8d87e/element] with body: {"strategy":"xpath","selector":"//android.view.ViewGroup/android.view.View/android.view.View/android.view.View/android.view.View[2]/android.view.View[4]","context":"","multiple":false}
&amp#27;[38;5;32m[AndroidUiautomator2Driver@acb2 (21630e16)]&amp#27;[0m Got response with status 200: {"sessionId":"8c610884-90da-4b8f-bfe5-65aa9fc8d87e","value":{"ELEMENT":"00000000-0000-05b4-0000-002400000004","element-6066-11e4-a52e-4f735466cecf":"00000000-0000-05b4-0000-002400000004"}}
&amp#27;[38;5;32m[AndroidUiautomator2Driver@acb2 (21630e16)]&amp#27;[0m Responding to client with driver.findElement() result: {"element-6066-11e4-a52e-4f735466cecf":"00000000-0000-05b4-0000-002400000004","ELEMENT":"00000000-0000-05b4-0000-002400000004"}
&amp#27;[38;5;0m[HTTP]&amp#27;[0m &amp#27;[37m<-- POST /session/21630e16-6427-4286-8e29-fcd97763fc5d/element &amp#27;[39m&amp#27;[32m200&amp#27;[39m &amp#27;[90m102 ms - 137&amp#27;[39m
&amp#27;[38;5;0m[HTTP]&amp#27;[0m &amp#27;[90m&amp#27;[39m
&amp#27;[38;5;0m[HTTP]&amp#27;[0m &amp#27;[37m-->&amp#27;[39m &amp#27;[37mGET&amp#27;[39m &amp#27;[37m/session/21630e16-6427-4286-8e29-fcd97763fc5d/element/00000000-0000-05b4-0000-002400000004/text&amp#27;[39m
&amp#27;[38;5;0m[HTTP]&amp#27;[0m &amp#27;[90m{}&amp#27;[39m
&amp#27;[38;5;32m[AndroidUiautomator2Driver@acb2 (21630e16)]&amp#27;[0m Driver proxy active, passing request on via HTTP proxy
&amp#27;[38;5;32m[AndroidUiautomator2Driver@acb2 (21630e16)]&amp#27;[0m Matched '/session/21630e16-6427-4286-8e29-fcd97763fc5d/element/00000000-0000-05b4-0000-002400000004/text' to command name 'getText'
&amp#27;[38;5;32m[AndroidUiautomator2Driver@acb2 (21630e16)]&amp#27;[0m Proxying [GET /session/21630e16-6427-4286-8e29-fcd97763fc5d/element/00000000-0000-05b4-0000-002400000004/text] to [GET http://127.0.0.1:8240/session/8c610884-90da-4b8f-bfe5-65aa9fc8d87e/element/00000000-0000-05b4-0000-002400000004/text] with no body
&amp#27;[38;5;32m[AndroidUiautomator2Driver@acb2 (21630e16)]&amp#27;[0m Got response with status 200: {"sessionId":"8c610884-90da-4b8f-bfe5-65aa9fc8d87e","value":"Max Today: 13 Â°C"}
&amp#27;[38;5;32m[AndroidUiautomator2Driver@acb2 (21630e16)]&amp#27;[0m Replacing sessionId 8c610884-90da-4b8f-bfe5-65aa9fc8d87e with 21630e16-6427-4286-8e29-fcd97763fc5d
&amp#27;[38;5;0m[HTTP]&amp#27;[0m &amp#27;[37m<-- GET /session/21630e16-6427-4286-8e29-fcd97763fc5d/element/00000000-0000-05b4-0000-002400000004/text &amp#27;[39m&amp#27;[32m200&amp#27;[39m &amp#27;[90m11 ms - 80&amp#27;[39m
&amp#27;[38;5;0m[HTTP]&amp#27;[0m &amp#27;[90m&amp#27;[39m
  &amp#27;[32mThen &amp#27;[0m&amp#27;[32mThe weather app displays the current weather forcast including temperature and condition&amp#27;[0m &amp#27;[90m# weatherAppTest.StepDefinitions.the_weather_app_displays_the_current_weather_forcast_including_temperature_and_condition()&amp#27;[0m
&amp#27;[38;5;0m[HTTP]&amp#27;[0m &amp#27;[37m-->&amp#27;[39m &amp#27;[37mDELETE&amp#27;[39m &amp#27;[37m/session/21630e16-6427-4286-8e29-fcd97763fc5d&amp#27;[39m
&amp#27;[38;5;0m[HTTP]&amp#27;[0m &amp#27;[90m{}&amp#27;[39m
&amp#27;[38;5;32m[AndroidUiautomator2Driver@acb2 (21630e16)]&amp#27;[0m Calling AppiumDriver.deleteSession() with args: ["21630e16-6427-4286-8e29-fcd97763fc5d"]
&amp#27;[38;5;16m[AppiumDriver@2db5]&amp#27;[0m Event 'quitSessionRequested' logged at 1705178442367 (02:40:42 GMT+0600 (Bangladesh Standard Time))
&amp#27;[38;5;16m[AppiumDriver@2db5]&amp#27;[0m Removing session 21630e16-6427-4286-8e29-fcd97763fc5d from our master session list
&amp#27;[38;5;32m[AndroidUiautomator2Driver@acb2 (21630e16)]&amp#27;[0m Deleting UiAutomator2 session
&amp#27;[38;5;32m[AndroidUiautomator2Driver@acb2 (21630e16)]&amp#27;[0m Deleting UiAutomator2 server session
&amp#27;[38;5;32m[AndroidUiautomator2Driver@acb2 (21630e16)]&amp#27;[0m Matched '/' to command name 'deleteSession'
&amp#27;[38;5;32m[AndroidUiautomator2Driver@acb2 (21630e16)]&amp#27;[0m Proxying [DELETE /] to [DELETE http://127.0.0.1:8240/session/8c610884-90da-4b8f-bfe5-65aa9fc8d87e] with no body
&amp#27;[38;5;32m[AndroidUiautomator2Driver@acb2 (21630e16)]&amp#27;[0m Got response with status 200: {"sessionId":"8c610884-90da-4b8f-bfe5-65aa9fc8d87e","value":null}
&amp#27;[38;5;64m[ADB]&amp#27;[0m Running 'C:\Users\abuba\AppData\Local\Android\Sdk\platform-tools\adb.exe -P 5037 -s emulator-5554 shell dumpsys activity services io.appium.settings/.recorder.RecorderService'
&amp#27;[38;5;64m[ADB]&amp#27;[0m Running 'C:\Users\abuba\AppData\Local\Android\Sdk\platform-tools\adb.exe -P 5037 -s emulator-5554 shell am force-stop me.example.android.weatherapp'
&amp#27;[38;5;96m[Logcat]&amp#27;[0m Stopping logcat capture
&amp#27;[38;5;64m[ADB]&amp#27;[0m Removing forwarded port socket connection: 8240 
&amp#27;[38;5;64m[ADB]&amp#27;[0m Running 'C:\Users\abuba\AppData\Local\Android\Sdk\platform-tools\adb.exe -P 5037 -s emulator-5554 forward --remove tcp:8240'
&amp#27;[38;5;32m[AndroidUiautomator2Driver@acb2 (21630e16)]&amp#27;[0m Restoring hidden api policy to the device default configuration
&amp#27;[38;5;64m[ADB]&amp#27;[0m Running 'C:\Users\abuba\AppData\Local\Android\Sdk\platform-tools\adb.exe -P 5037 -s emulator-5554 shell 'settings delete global hidden_api_policy_pre_p_apps;settings delete global hidden_api_policy_p_apps;settings delete global hidden_api_policy''
&amp#27;[38;5;16m[AppiumDriver@2db5]&amp#27;[0m Event 'quitSessionFinished' logged at 1705178442524 (02:40:42 GMT+0600 (Bangladesh Standard Time))
&amp#27;[38;5;16m[AppiumDriver@2db5]&amp#27;[0m Received response: null
&amp#27;[38;5;16m[AppiumDriver@2db5]&amp#27;[0m But deleting session, so not returning
&amp#27;[38;5;16m[AppiumDriver@2db5]&amp#27;[0m Responding to client with driver.deleteSession() result: null
&amp#27;[38;5;0m[HTTP]&amp#27;[0m &amp#27;[37m<-- DELETE /session/21630e16-6427-4286-8e29-fcd97763fc5d &amp#27;[39m&amp#27;[32m200&amp#27;[39m &amp#27;[90m158 ms - 14&amp#27;[39m
&amp#27;[38;5;0m[HTTP]&amp#27;[0m &amp#27;[90m&amp#27;[39m
]]></system-out>
    <system-err><![CDATA[SLF4J: No SLF4J providers were found.
SLF4J: Defaulting to no-operation (NOP) logger implementation
SLF4J: See https://www.slf4j.org/codes.html#noProviders for further details.
]]></system-err>
  </testcase>
  <testcase name="Verify the weather forcasts for each hour including temperature and conditions." classname="Weather Application Test" time="64.968">
    <system-out><![CDATA[
Scenario: Verify the weather forcasts for each hour including temperature and conditions.                   &amp#27;[90m# features/weatherAppTest.feature:8&amp#27;[0m
&amp#27;[38;5;0m[HTTP]&amp#27;[0m Request idempotency key: ebbcf065-68c1-408b-a40e-557b0e6ccecd
&amp#27;[38;5;0m[HTTP]&amp#27;[0m &amp#27;[37m-->&amp#27;[39m &amp#27;[37mPOST&amp#27;[39m &amp#27;[37m/session&amp#27;[39m
&amp#27;[38;5;0m[HTTP]&amp#27;[0m &amp#27;[90m{"capabilities":{"firstMatch":[{}],"alwaysMatch":{"appium:app":"src/test/resources/apk/app-debug.apk","appium:automationName":"UIAutomator2","appium:udid":"emulator-5554","platformName":"ANDROID"}}}&amp#27;[39m
&amp#27;[38;5;16m[AppiumDriver@2db5]&amp#27;[0m Calling AppiumDriver.createSession() with args: [null,null,{"firstMatch":[{}],"alwaysMatch":{"appium:app":"src/test/resources/apk/app-debug.apk","appium:automationName":"UIAutomator2","appium:udid":"emulator-5554","platformName":"ANDROID"}}]
&amp#27;[38;5;16m[AppiumDriver@2db5]&amp#27;[0m Event 'newSessionRequested' logged at 1705178442540 (02:40:42 GMT+0600 (Bangladesh Standard Time))
&amp#27;[35m[Appium]&amp#27;[39m Attempting to find matching driver for automationName 'UIAutomator2' and platformName 'ANDROID'
&amp#27;[35m[Appium]&amp#27;[39m The 'uiautomator2' driver was installed and matched caps.
&amp#27;[35m[Appium]&amp#27;[39m Will require it at C:\Users\abuba\.appium\node_modules\appium-uiautomator2-driver
&amp#27;[35m[Appium]&amp#27;[39m Requiring driver at C:\Users\abuba\.appium\node_modules\appium-uiautomator2-driver\build\index.js
&amp#27;[38;5;16m[AppiumDriver@2db5]&amp#27;[0m Appium v2.4.1 creating new AndroidUiautomator2Driver (v2.42.0) session
&amp#27;[38;5;16m[AppiumDriver@2db5]&amp#27;[0m Checking BaseDriver versions for Appium and AndroidUiautomator2Driver
&amp#27;[38;5;16m[AppiumDriver@2db5]&amp#27;[0m Appium's BaseDriver version is 9.5.0
&amp#27;[38;5;16m[AppiumDriver@2db5]&amp#27;[0m AndroidUiautomator2Driver's BaseDriver version is 9.5.0
&amp#27;[38;5;32m[AndroidUiautomator2Driver@7d8a]&amp#27;[0m Creating session with W3C capabilities: {
&amp#27;[38;5;32m[AndroidUiautomator2Driver@7d8a]&amp#27;[0m   "alwaysMatch": {
&amp#27;[38;5;32m[AndroidUiautomator2Driver@7d8a]&amp#27;[0m     "platformName": "ANDROID",
&amp#27;[38;5;32m[AndroidUiautomator2Driver@7d8a]&amp#27;[0m     "appium:app": "src/test/resources/apk/app-debug.apk",
&amp#27;[38;5;32m[AndroidUiautomator2Driver@7d8a]&amp#27;[0m     "appium:automationName": "UIAutomator2",
&amp#27;[38;5;32m[AndroidUiautomator2Driver@7d8a]&amp#27;[0m     "appium:udid": "emulator-5554"
&amp#27;[38;5;32m[AndroidUiautomator2Driver@7d8a]&amp#27;[0m   },
&amp#27;[38;5;32m[AndroidUiautomator2Driver@7d8a]&amp#27;[0m   "firstMatch": [
&amp#27;[38;5;32m[AndroidUiautomator2Driver@7d8a]&amp#27;[0m     {}
&amp#27;[38;5;32m[AndroidUiautomator2Driver@7d8a]&amp#27;[0m   ]
&amp#27;[38;5;32m[AndroidUiautomator2Driver@7d8a]&amp#27;[0m }
&amp#27;[38;5;32m[AndroidUiautomator2Driver@7d8a (737cfc75)]&amp#27;[0m Session created with session id: 737cfc75-39b7-4d8d-95ca-253dab0f7826
&amp#27;[38;5;48m[BaseDriver]&amp#27;[0m Using local app 'src/test/resources/apk/app-debug.apk'
&amp#27;[38;5;48m[BaseDriver]&amp#27;[0m The current application path 'src/test/resources/apk/app-debug.apk' is not absolute and has been rewritten to 'C:\Users\abuba\java_projects\weatherAppTest\src\test\resources\apk\app-debug.apk'. Consider using absolute paths rather than relative
&amp#27;[38;5;32m[AndroidUiautomator2Driver@7d8a (737cfc75)]&amp#27;[0m Checking whether app is actually present
&amp#27;[38;5;64m[ADB]&amp#27;[0m Using 'adb.exe' from 'C:\Users\abuba\AppData\Local\Android\Sdk\platform-tools\adb.exe'
&amp#27;[38;5;64m[ADB]&amp#27;[0m Running 'C:\Users\abuba\AppData\Local\Android\Sdk\platform-tools\adb.exe -P 5037 start-server'
&amp#27;[38;5;80m[AndroidDriver]&amp#27;[0m Retrieving device list
&amp#27;[38;5;64m[ADB]&amp#27;[0m Trying to find connected Android devices
&amp#27;[38;5;64m[ADB]&amp#27;[0m Getting connected devices
&amp#27;[38;5;64m[ADB]&amp#27;[0m Connected devices: [{"udid":"emulator-5554","state":"device"}]
&amp#27;[38;5;80m[AndroidDriver]&amp#27;[0m Using device: emulator-5554
&amp#27;[38;5;64m[ADB]&amp#27;[0m Using 'adb.exe' from 'C:\Users\abuba\AppData\Local\Android\Sdk\platform-tools\adb.exe'
&amp#27;[38;5;64m[ADB]&amp#27;[0m Running 'C:\Users\abuba\AppData\Local\Android\Sdk\platform-tools\adb.exe -P 5037 start-server'
&amp#27;[38;5;64m[ADB]&amp#27;[0m Setting device id to emulator-5554
&amp#27;[38;5;64m[ADB]&amp#27;[0m Running 'C:\Users\abuba\AppData\Local\Android\Sdk\platform-tools\adb.exe -P 5037 -s emulator-5554 shell getprop ro.build.version.sdk'
&amp#27;[38;5;64m[ADB]&amp#27;[0m Current device property 'ro.build.version.sdk': 34
&amp#27;[38;5;64m[ADB]&amp#27;[0m Getting device platform version
&amp#27;[38;5;64m[ADB]&amp#27;[0m Running 'C:\Users\abuba\AppData\Local\Android\Sdk\platform-tools\adb.exe -P 5037 -s emulator-5554 shell getprop ro.build.version.release'
&amp#27;[38;5;64m[ADB]&amp#27;[0m Current device property 'ro.build.version.release': 14
&amp#27;[38;5;64m[ADB]&amp#27;[0m Device API level: 34
&amp#27;[38;5;32m[AndroidUiautomator2Driver@7d8a (737cfc75)]&amp#27;[0m Relaxing hidden api policy
&amp#27;[38;5;64m[ADB]&amp#27;[0m Running 'C:\Users\abuba\AppData\Local\Android\Sdk\platform-tools\adb.exe -P 5037 -s emulator-5554 shell 'settings put global hidden_api_policy_pre_p_apps 1;settings put global hidden_api_policy_p_apps 1;settings put global hidden_api_policy 1''
&amp#27;[38;5;80m[AndroidDriver]&amp#27;[0m Parsing package and activity from app manifest
&amp#27;[38;5;64m[ADB]&amp#27;[0m Package name: 'me.example.android.weatherapp'
&amp#27;[38;5;64m[ADB]&amp#27;[0m Main activity name: 'me.example.android.weatherapp.MainActivity'
&amp#27;[38;5;80m[AndroidDriver]&amp#27;[0m Parsed package and activity are: me.example.android.weatherapp/me.example.android.weatherapp.MainActivity
&amp#27;[38;5;64m[ADB]&amp#27;[0m Running 'C:\Users\abuba\AppData\Local\Android\Sdk\platform-tools\adb.exe -P 5037 -s emulator-5554 wait-for-device'
&amp#27;[38;5;64m[ADB]&amp#27;[0m Running 'C:\Users\abuba\AppData\Local\Android\Sdk\platform-tools\adb.exe -P 5037 -s emulator-5554 shell echo ping'
&amp#27;[38;5;80m[AndroidDriver]&amp#27;[0m Pushing settings apk to device...
&amp#27;[38;5;64m[ADB]&amp#27;[0m Getting package info for 'io.appium.settings'
&amp#27;[38;5;64m[ADB]&amp#27;[0m Running 'C:\Users\abuba\AppData\Local\Android\Sdk\platform-tools\adb.exe -P 5037 -s emulator-5554 shell dumpsys package io.appium.settings'
&amp#27;[38;5;64m[ADB]&amp#27;[0m The version name of the installed 'io.appium.settings' is greater or equal to the application version name ('5.7.1' >= '5.7.1')
&amp#27;[38;5;64m[ADB]&amp#27;[0m There is no need to install/upgrade 'C:\Users\abuba\.appium\node_modules\appium-uiautomator2-driver\node_modules\io.appium.settings\apks\settings_apk-debug.apk'
&amp#27;[38;5;64m[ADB]&amp#27;[0m Running 'C:\Users\abuba\AppData\Local\Android\Sdk\platform-tools\adb.exe -P 5037 -s emulator-5554 shell dumpsys activity services io.appium.settings'
&amp#27;[38;5;80m[AndroidDriver]&amp#27;[0m io.appium.settings is already running. There is no need to reset its permissions.
&amp#27;[38;5;96m[Logcat]&amp#27;[0m Starting logs capture with command: C:\\Users\\abuba\\AppData\\Local\\Android\\Sdk\\platform-tools\\adb.exe -P 5037 -s emulator-5554 logcat -v threadtime
&amp#27;[38;5;32m[AndroidUiautomator2Driver@7d8a (737cfc75)]&amp#27;[0m Forwarding UiAutomator2 Server port 6790 to local port 8240
&amp#27;[38;5;64m[ADB]&amp#27;[0m Forwarding system: 8240 to device: 6790
&amp#27;[38;5;64m[ADB]&amp#27;[0m Running 'C:\Users\abuba\AppData\Local\Android\Sdk\platform-tools\adb.exe -P 5037 -s emulator-5554 forward tcp:8240 tcp:6790'
&amp#27;[38;5;64m[ADB]&amp#27;[0m Checking app cert for C:\Users\abuba\.appium\node_modules\appium-uiautomator2-driver\node_modules\appium-uiautomator2-server\apks\appium-uiautomator2-server-v6.0.3.apk
&amp#27;[38;5;64m[ADB]&amp#27;[0m Checking app cert for C:\Users\abuba\.appium\node_modules\appium-uiautomator2-driver\node_modules\appium-uiautomator2-server\apks\appium-uiautomator2-server-debug-androidTest.apk
&amp#27;[38;5;64m[ADB]&amp#27;[0m Using the previously cached signature entry for 'appium-uiautomator2-server-debug-androidTest.apk'
&amp#27;[38;5;64m[ADB]&amp#27;[0m sha256 hash did match for 'appium-uiautomator2-server-debug-androidTest.apk'
&amp#27;[38;5;64m[ADB]&amp#27;[0m Getting install status for io.appium.uiautomator2.server.test
&amp#27;[38;5;64m[ADB]&amp#27;[0m Running 'C:\Users\abuba\AppData\Local\Android\Sdk\platform-tools\adb.exe -P 5037 -s emulator-5554 shell pm path io.appium.uiautomator2.server.test'
&amp#27;[38;5;64m[ADB]&amp#27;[0m Using the previously cached signature entry for 'appium-uiautomator2-server-v6.0.3.apk'
&amp#27;[38;5;64m[ADB]&amp#27;[0m sha256 hash did match for 'appium-uiautomator2-server-v6.0.3.apk'
&amp#27;[38;5;64m[ADB]&amp#27;[0m Getting package info for 'io.appium.uiautomator2.server'
&amp#27;[38;5;64m[ADB]&amp#27;[0m Running 'C:\Users\abuba\AppData\Local\Android\Sdk\platform-tools\adb.exe -P 5037 -s emulator-5554 shell dumpsys package io.appium.uiautomator2.server'
&amp#27;[38;5;64m[ADB]&amp#27;[0m 'io.appium.uiautomator2.server.test' is installed
&amp#27;[38;5;112m[Instrumentation]&amp#27;[0m .
&amp#27;[38;5;112m[Instrumentation]&amp#27;[0m Time: 20.091
&amp#27;[38;5;112m[Instrumentation]&amp#27;[0m 
&amp#27;[38;5;112m[Instrumentation]&amp#27;[0m OK (1 test)
&amp#27;[38;5;112m[Instrumentation]&amp#27;[0m The process has exited with code 0
&amp#27;[38;5;64m[ADB]&amp#27;[0m The version name of the installed 'io.appium.uiautomator2.server' is greater or equal to the application version name ('6.0.3' >= '6.0.3')
&amp#27;[38;5;32m[AndroidUiautomator2Driver@7d8a (737cfc75)]&amp#27;[0m Server packages status: [{"wasSigned":true,"installState":"sameVersionInstalled","appPath":"C:\\Users\\abuba\\.appium\\node_modules\\appium-uiautomator2-driver\\node_modules\\appium-uiautomator2-server\\apks\\appium-uiautomator2-server-v6.0.3.apk","appId":"io.appium.uiautomator2.server"},{"wasSigned":true,"installState":"sameVersionInstalled","appPath":"C:\\Users\\abuba\\.appium\\node_modules\\appium-uiautomator2-driver\\node_modules\\appium-uiautomator2-server\\apks\\appium-uiautomator2-server-debug-androidTest.apk","appId":"io.appium.uiautomator2.server.test"}]
&amp#27;[38;5;32m[AndroidUiautomator2Driver@7d8a (737cfc75)]&amp#27;[0m Server packages are not going to be (re)installed
&amp#27;[38;5;32m[AndroidUiautomator2Driver@7d8a (737cfc75)]&amp#27;[0m Waiting up to 30000ms for services to be available
&amp#27;[38;5;64m[ADB]&amp#27;[0m Running 'C:\Users\abuba\AppData\Local\Android\Sdk\platform-tools\adb.exe -P 5037 -s emulator-5554 shell pm list instrumentation'
&amp#27;[38;5;32m[AndroidUiautomator2Driver@7d8a (737cfc75)]&amp#27;[0m Instrumentation target 'io.appium.uiautomator2.server.test/androidx.test.runner.AndroidJUnitRunner' is available
&amp#27;[38;5;64m[ADB]&amp#27;[0m Adding packages ["io.appium.settings","io.appium.uiautomator2.server","io.appium.uiautomator2.server.test"] to Doze whitelist
&amp#27;[38;5;64m[ADB]&amp#27;[0m Got the following command chunks to execute: [["dumpsys","deviceidle","whitelist","+io.appium.settings",";","dumpsys","deviceidle","whitelist","+io.appium.uiautomator2.server",";","dumpsys","deviceidle","whitelist","+io.appium.uiautomator2.server.test",";"]]
&amp#27;[38;5;64m[ADB]&amp#27;[0m Running 'C:\Users\abuba\AppData\Local\Android\Sdk\platform-tools\adb.exe -P 5037 -s emulator-5554 shell dumpsys deviceidle whitelist +io.appium.settings ; dumpsys deviceidle whitelist +io.appium.uiautomator2.server ; dumpsys deviceidle whitelist +io.appium.uiautomator2.server.test ;'
&amp#27;[38;5;64m[ADB]&amp#27;[0m Checking app cert for C:\Users\abuba\java_projects\weatherAppTest\src\test\resources\apk\app-debug.apk
&amp#27;[38;5;64m[ADB]&amp#27;[0m Using the previously cached signature entry for 'app-debug.apk'
&amp#27;[38;5;64m[ADB]&amp#27;[0m Getting package info for 'me.example.android.weatherapp'
&amp#27;[38;5;64m[ADB]&amp#27;[0m Running 'C:\Users\abuba\AppData\Local\Android\Sdk\platform-tools\adb.exe -P 5037 -s emulator-5554 shell dumpsys package me.example.android.weatherapp'
&amp#27;[38;5;64m[ADB]&amp#27;[0m The version name of the installed 'me.example.android.weatherapp' is greater or equal to the application version name ('1.0.0' >= '1.0.0')
&amp#27;[38;5;64m[ADB]&amp#27;[0m There is no need to install/upgrade 'C:\Users\abuba\java_projects\weatherAppTest\src\test\resources\apk\app-debug.apk'
&amp#27;[38;5;80m[AndroidDriver]&amp#27;[0m Performing fast reset on 'me.example.android.weatherapp'
&amp#27;[38;5;64m[ADB]&amp#27;[0m Getting install status for me.example.android.weatherapp
&amp#27;[38;5;64m[ADB]&amp#27;[0m Running 'C:\Users\abuba\AppData\Local\Android\Sdk\platform-tools\adb.exe -P 5037 -s emulator-5554 shell pm path me.example.android.weatherapp'
&amp#27;[38;5;64m[ADB]&amp#27;[0m 'me.example.android.weatherapp' is installed
&amp#27;[38;5;64m[ADB]&amp#27;[0m Running 'C:\Users\abuba\AppData\Local\Android\Sdk\platform-tools\adb.exe -P 5037 -s emulator-5554 shell am force-stop me.example.android.weatherapp'
&amp#27;[38;5;64m[ADB]&amp#27;[0m Running 'C:\Users\abuba\AppData\Local\Android\Sdk\platform-tools\adb.exe -P 5037 -s emulator-5554 shell pm clear me.example.android.weatherapp'
&amp#27;[38;5;80m[AndroidDriver]&amp#27;[0m Performed fast reset on the installed 'me.example.android.weatherapp' application (stop and clear)
&amp#27;[38;5;32m[AndroidUiautomator2Driver@7d8a (737cfc75)]&amp#27;[0m Performing shallow cleanup of automation leftovers
&amp#27;[38;5;32m[AndroidUiautomator2Driver@7d8a (737cfc75)]&amp#27;[0m No obsolete sessions have been detected (socket hang up)
&amp#27;[38;5;64m[ADB]&amp#27;[0m Running 'C:\Users\abuba\AppData\Local\Android\Sdk\platform-tools\adb.exe -P 5037 -s emulator-5554 shell am force-stop io.appium.uiautomator2.server.test'
&amp#27;[38;5;32m[AndroidUiautomator2Driver@7d8a (737cfc75)]&amp#27;[0m Starting UIAutomator2 server 6.0.3
&amp#27;[38;5;32m[AndroidUiautomator2Driver@7d8a (737cfc75)]&amp#27;[0m Using UIAutomator2 server from 'C:\Users\abuba\.appium\node_modules\appium-uiautomator2-driver\node_modules\appium-uiautomator2-server\apks\appium-uiautomator2-server-v6.0.3.apk' and test from 'C:\Users\abuba\.appium\node_modules\appium-uiautomator2-driver\node_modules\appium-uiautomator2-server\apks\appium-uiautomator2-server-debug-androidTest.apk'
&amp#27;[38;5;32m[AndroidUiautomator2Driver@7d8a (737cfc75)]&amp#27;[0m Waiting up to 30000ms for UiAutomator2 to be online...
&amp#27;[38;5;64m[ADB]&amp#27;[0m Creating ADB subprocess with args: ["-P","5037","-s","emulator-5554","shell","am","instrument","-w","-e","disableAnalytics","true","io.appium.uiautomator2.server.test/androidx.test.runner.AndroidJUnitRunner"]
&amp#27;[38;5;32m[AndroidUiautomator2Driver@7d8a (737cfc75)]&amp#27;[0m Matched '/status' to command name 'getStatus'
&amp#27;[38;5;32m[AndroidUiautomator2Driver@7d8a (737cfc75)]&amp#27;[0m Proxying [GET /status] to [GET http://127.0.0.1:8240/status] with no body
&amp#27;[38;5;32m[AndroidUiautomator2Driver@7d8a (737cfc75)]&amp#27;[0m socket hang up
&amp#27;[38;5;112m[Instrumentation]&amp#27;[0m io.appium.uiautomator2.server.test.AppiumUiAutomator2Server:
&amp#27;[38;5;32m[AndroidUiautomator2Driver@7d8a (737cfc75)]&amp#27;[0m Matched '/status' to command name 'getStatus'
&amp#27;[38;5;32m[AndroidUiautomator2Driver@7d8a (737cfc75)]&amp#27;[0m Proxying [GET /status] to [GET http://127.0.0.1:8240/status] with no body
&amp#27;[38;5;32m[AndroidUiautomator2Driver@7d8a (737cfc75)]&amp#27;[0m socket hang up
&amp#27;[38;5;32m[AndroidUiautomator2Driver@7d8a (737cfc75)]&amp#27;[0m Matched '/status' to command name 'getStatus'
&amp#27;[38;5;32m[AndroidUiautomator2Driver@7d8a (737cfc75)]&amp#27;[0m Proxying [GET /status] to [GET http://127.0.0.1:8240/status] with no body
&amp#27;[38;5;32m[AndroidUiautomator2Driver@7d8a (737cfc75)]&amp#27;[0m Got response with status 200: {"sessionId":"None","value":{"message":"UiAutomator2 Server is ready to accept commands","ready":true}}
&amp#27;[38;5;32m[AndroidUiautomator2Driver@7d8a (737cfc75)]&amp#27;[0m The initialization of the instrumentation process took 2122ms
&amp#27;[38;5;32m[AndroidUiautomator2Driver@7d8a (737cfc75)]&amp#27;[0m Matched '/session' to command name 'createSession'
&amp#27;[38;5;32m[AndroidUiautomator2Driver@7d8a (737cfc75)]&amp#27;[0m Proxying [POST /session] to [POST http://127.0.0.1:8240/session] with body: {"capabilities":{"firstMatch":[{"platformName":"ANDROID","app":"src/test/resources/apk/app-debug.apk","automationName":"UIAutomator2","udid":"emulator-5554","platform":"LINUX","webStorageEnabled":false,"takesScreenshot":true,"javascriptEnabled":true,"databaseEnabled":false,"networkConnectionEnabled":true,"locationContextEnabled":false,"warnings":{},"desired":{"platformName":"ANDROID","app":"src/test/resources/apk/app-debug.apk","automationName":"UIAutomator2","udid":"emulator-5554"},"deviceName":"emulator-5554","deviceUDID":"emulator-5554","appPackage":"me.example.android.weatherapp"}],"alwaysMatch":{}}}
&amp#27;[38;5;32m[AndroidUiautomator2Driver@7d8a (737cfc75)]&amp#27;[0m Got response with status 200: {"sessionId":"848f67d1-b0ae-4721-9dff-71f52c26d8f9","value":{"capabilities":{"firstMatch":[{"platformName":"ANDROID","app":"src/test/resources/apk/app-debug.apk","automationName":"UIAutomator2","udid":"emulator-5554","platform":"LINUX","webStorageEnabled":false,"takesScreenshot":true,"javascriptEnabled":true,"databaseEnabled":false,"networkConnectionEnabled":true,"locationContextEnabled":false,"warnings":{},"desired":{"platformName":"ANDROID","app":"src/test/resources/apk/app-debug.apk","automationName":"UIAutomator2","udid":"emulator-5554"},"deviceName":"emulator-5554","deviceUDID":"emulator-5554","appPackage":"me.example.android.weatherapp"}],"alwaysMatch":{}},"sessionId":"848f67d1-b0ae-4721-9dff-71f52c26d8f9"}}
&amp#27;[38;5;32m[AndroidUiautomator2Driver@7d8a (737cfc75)]&amp#27;[0m Determined the downstream protocol as 'W3C'
&amp#27;[38;5;32m[AndroidUiautomator2Driver@7d8a (737cfc75)]&amp#27;[0m Proxying [GET /appium/device/pixel_ratio] to [GET http://127.0.0.1:8240/session/848f67d1-b0ae-4721-9dff-71f52c26d8f9/appium/device/pixel_ratio] with no body
&amp#27;[38;5;32m[AndroidUiautomator2Driver@7d8a (737cfc75)]&amp#27;[0m Matched '/appium/device/system_bars' to command name 'getSystemBars'
&amp#27;[38;5;32m[AndroidUiautomator2Driver@7d8a (737cfc75)]&amp#27;[0m Proxying [GET /appium/device/system_bars] to [GET http://127.0.0.1:8240/session/848f67d1-b0ae-4721-9dff-71f52c26d8f9/appium/device/system_bars] with no body
&amp#27;[38;5;32m[AndroidUiautomator2Driver@7d8a (737cfc75)]&amp#27;[0m Matched '/window/current/size' to command name 'getWindowSize'
&amp#27;[38;5;32m[AndroidUiautomator2Driver@7d8a (737cfc75)]&amp#27;[0m Proxying [GET /window/current/size] to [GET http://127.0.0.1:8240/session/848f67d1-b0ae-4721-9dff-71f52c26d8f9/window/current/size] with no body
&amp#27;[38;5;32m[AndroidUiautomator2Driver@7d8a (737cfc75)]&amp#27;[0m Proxying [GET /appium/device/info] to [GET http://127.0.0.1:8240/session/848f67d1-b0ae-4721-9dff-71f52c26d8f9/appium/device/info] with no body
&amp#27;[38;5;64m[ADB]&amp#27;[0m Running 'C:\Users\abuba\AppData\Local\Android\Sdk\platform-tools\adb.exe -P 5037 -s emulator-5554 shell dumpsys window'
&amp#27;[38;5;32m[AndroidUiautomator2Driver@7d8a (737cfc75)]&amp#27;[0m Got response with status 200: {"sessionId":"848f67d1-b0ae-4721-9dff-71f52c26d8f9","value":2.75}
&amp#27;[38;5;32m[AndroidUiautomator2Driver@7d8a (737cfc75)]&amp#27;[0m Got response with status 200: {"sessionId":"848f67d1-b0ae-4721-9dff-71f52c26d8f9","value":{"statusBar":66}}
&amp#27;[38;5;32m[AndroidUiautomator2Driver@7d8a (737cfc75)]&amp#27;[0m Got response with status 200: {"sessionId":"848f67d1-b0ae-4721-9dff-71f52c26d8f9","value":{"height":2220,"width":1080}}
&amp#27;[38;5;32m[AndroidUiautomator2Driver@7d8a (737cfc75)]&amp#27;[0m Got response with status 200: {"sessionId":"848f67d1-b0ae-4721-9dff-71f52c26d8f9","value":{"androidId":"f238964dfab8eda9","apiVersion":"34","bluetooth":{"state":"ON"},"brand":"google","carrierName":"T-Mobile","displayDensity":440,"locale":"en_US","manufacturer":"Google","model":"sdk_gphone64_x86_64","networks":[{"capabilities":{"SSID":null,"linkDownBandwidthKbps":30000,"linkUpstreamBandwidthKbps":15000,"networkCapabilities":"NET_CAPABILITY_MMS,NET_CAPABILITY_SUPL,NET_CAPABILITY_DUN,NET_CAPABILITY_FOTA,NET_CAPABILITY_IMS,NET_CAPABILITY_CBS,NET_CAPABILITY_INTERNET,NET_CAPABILITY_NOT_RESTRICTED,NET_CAPABILITY_TRUSTED,NET_CAPABILITY_NOT_VPN,NET_CAPABILITY_VALIDATED,NET_CAPABILITY_NOT_ROAMING,NET_CAPABILITY_NOT_CONGESTED,NET_CAPABILITY_NOT_SUSPENDED","signalStrength":-2147483648,"transportTypes":"TRANSPORT_CELLULAR"},"detailedState":"CONNECTED","extraInfo":"epc.tmobile.com","isAvailable":true,"isConnected":true,"isFailover":false,"isRoaming":false,"state":"CONNECTED","subtype":10,"subtypeName":"HSPA","type":0,"typeName":"MOBILE"},{"capabili...
&amp#27;[38;5;80m[AndroidDriver]&amp#27;[0m Screen already unlocked, doing nothing
&amp#27;[38;5;32m[AndroidUiautomator2Driver@7d8a (737cfc75)]&amp#27;[0m Starting 'me.example.android.weatherapp/me.example.android.weatherapp.MainActivity and waiting for 'me.example.android.weatherapp/me.example.android.weatherapp.MainActivity'
&amp#27;[38;5;64m[ADB]&amp#27;[0m Running 'C:\Users\abuba\AppData\Local\Android\Sdk\platform-tools\adb.exe -P 5037 -s emulator-5554 shell am start -W -n me.example.android.weatherapp/me.example.android.weatherapp.MainActivity -S -a android.intent.action.MAIN -c android.intent.category.LAUNCHER -f 0x10200000'
&amp#27;[38;5;64m[ADB]&amp#27;[0m Waiting up to 20000ms for activity matching pkg: 'me.example.android.weatherapp' and activity: 'me.example.android.weatherapp.MainActivity' to be focused
&amp#27;[38;5;64m[ADB]&amp#27;[0m Possible activities, to be checked: 'me.example.android.weatherapp.MainActivity', 'me.example.android.weatherapp.me.example.android.weatherapp.MainActivity'
&amp#27;[38;5;64m[ADB]&amp#27;[0m Getting focused package and activity
&amp#27;[38;5;64m[ADB]&amp#27;[0m Running 'C:\Users\abuba\AppData\Local\Android\Sdk\platform-tools\adb.exe -P 5037 -s emulator-5554 shell dumpsys window displays'
&amp#27;[38;5;64m[ADB]&amp#27;[0m Found package: 'me.example.android.weatherapp' and fully qualified activity name : 'me.example.android.weatherapp.MainActivity'
&amp#27;[38;5;16m[AppiumDriver@2db5]&amp#27;[0m New AndroidUiautomator2Driver session created successfully, session 737cfc75-39b7-4d8d-95ca-253dab0f7826 added to master session list
&amp#27;[38;5;16m[AppiumDriver@2db5]&amp#27;[0m Event 'newSessionStarted' logged at 1705178447169 (02:40:47 GMT+0600 (Bangladesh Standard Time))
&amp#27;[38;5;32m[AndroidUiautomator2Driver@7d8a (737cfc75)]&amp#27;[0m Cached the protocol value 'W3C' for the new session 737cfc75-39b7-4d8d-95ca-253dab0f7826
&amp#27;[38;5;32m[AndroidUiautomator2Driver@7d8a (737cfc75)]&amp#27;[0m Responding to client with driver.createSession() result: {"capabilities":{"platformName":"ANDROID","app":"src/test/resources/apk/app-debug.apk","automationName":"UIAutomator2","udid":"emulator-5554","platform":"LINUX","webStorageEnabled":false,"takesScreenshot":true,"javascriptEnabled":true,"databaseEnabled":false,"networkConnectionEnabled":true,"locationContextEnabled":false,"warnings":{},"desired":{"platformName":"ANDROID","app":"src/test/resources/apk/app-debug.apk","automationName":"UIAutomator2","udid":"emulator-5554"},"deviceName":"emulator-5554","deviceUDID":"emulator-5554","appPackage":"me.example.android.weatherapp","pixelRatio":"2.75","statBarHeight":66,"viewportRect":{"left":0,"top":66,"width":1080,"height":2154},"deviceApiLevel":34,"platformVersion":"14","deviceManufacturer":"Google","deviceModel":"sdk_gphone64_x86_64","deviceScreenSize":"1080x2220","deviceScreenDensity":440}}
&amp#27;[38;5;0m[HTTP]&amp#27;[0m &amp#27;[37m<-- POST /session &amp#27;[39m&amp#27;[32m200&amp#27;[39m &amp#27;[90m4630 ms - 905&amp#27;[39m
&amp#27;[38;5;0m[HTTP]&amp#27;[0m &amp#27;[90m&amp#27;[39m
&amp#27;[38;5;0m[HTTP]&amp#27;[0m &amp#27;[37m-->&amp#27;[39m &amp#27;[37mPOST&amp#27;[39m &amp#27;[37m/session/737cfc75-39b7-4d8d-95ca-253dab0f7826/element&amp#27;[39m
&amp#27;[38;5;0m[HTTP]&amp#27;[0m &amp#27;[90m{"using":"xpath","value":"//android.view.View[@text='Allow']"}&amp#27;[39m
&amp#27;[38;5;32m[AndroidUiautomator2Driver@7d8a (737cfc75)]&amp#27;[0m Calling AppiumDriver.findElement() with args: ["xpath","//android.view.View[@text='Allow']","737cfc75-39b7-4d8d-95ca-253dab0f7826"]
&amp#27;[38;5;32m[AndroidUiautomator2Driver@7d8a (737cfc75)]&amp#27;[0m Valid locator strategies for this request: xpath, id, class name, accessibility id, css selector, -android uiautomator
&amp#27;[38;5;32m[AndroidUiautomator2Driver@7d8a (737cfc75)]&amp#27;[0m Waiting up to 0 ms for condition
&amp#27;[38;5;32m[AndroidUiautomator2Driver@7d8a (737cfc75)]&amp#27;[0m Matched '/element' to command name 'findElement'
&amp#27;[38;5;32m[AndroidUiautomator2Driver@7d8a (737cfc75)]&amp#27;[0m Proxying [POST /element] to [POST http://127.0.0.1:8240/session/848f67d1-b0ae-4721-9dff-71f52c26d8f9/element] with body: {"strategy":"xpath","selector":"//android.view.View[@text='Allow']","context":"","multiple":false}
&amp#27;[38;5;32m[AndroidUiautomator2Driver@7d8a (737cfc75)]&amp#27;[0m Got response with status 200: {"sessionId":"848f67d1-b0ae-4721-9dff-71f52c26d8f9","value":{"ELEMENT":"00000000-0000-05c2-0000-000900000004","element-6066-11e4-a52e-4f735466cecf":"00000000-0000-05c2-0000-000900000004"}}
&amp#27;[38;5;32m[AndroidUiautomator2Driver@7d8a (737cfc75)]&amp#27;[0m Responding to client with driver.findElement() result: {"element-6066-11e4-a52e-4f735466cecf":"00000000-0000-05c2-0000-000900000004","ELEMENT":"00000000-0000-05c2-0000-000900000004"}
&amp#27;[38;5;0m[HTTP]&amp#27;[0m &amp#27;[37m<-- POST /session/737cfc75-39b7-4d8d-95ca-253dab0f7826/element &amp#27;[39m&amp#27;[32m200&amp#27;[39m &amp#27;[90m1545 ms - 137&amp#27;[39m
&amp#27;[38;5;0m[HTTP]&amp#27;[0m &amp#27;[90m&amp#27;[39m
&amp#27;[38;5;0m[HTTP]&amp#27;[0m &amp#27;[37m-->&amp#27;[39m &amp#27;[37mPOST&amp#27;[39m &amp#27;[37m/session/737cfc75-39b7-4d8d-95ca-253dab0f7826/element/00000000-0000-05c2-0000-000900000004/click&amp#27;[39m
&amp#27;[38;5;0m[HTTP]&amp#27;[0m &amp#27;[90m{"id":"00000000-0000-05c2-0000-000900000004"}&amp#27;[39m
&amp#27;[38;5;32m[AndroidUiautomator2Driver@7d8a (737cfc75)]&amp#27;[0m Calling AppiumDriver.click() with args: ["00000000-0000-05c2-0000-000900000004","737cfc75-39b7-4d8d-95ca-253dab0f7826"]
&amp#27;[38;5;32m[AndroidUiautomator2Driver@7d8a (737cfc75)]&amp#27;[0m Matched '/element/00000000-0000-05c2-0000-000900000004/click' to command name 'click'
&amp#27;[38;5;32m[AndroidUiautomator2Driver@7d8a (737cfc75)]&amp#27;[0m Proxying [POST /element/00000000-0000-05c2-0000-000900000004/click] to [POST http://127.0.0.1:8240/session/848f67d1-b0ae-4721-9dff-71f52c26d8f9/element/00000000-0000-05c2-0000-000900000004/click] with body: {"element":"00000000-0000-05c2-0000-000900000004"}
&amp#27;[38;5;32m[AndroidUiautomator2Driver@7d8a (737cfc75)]&amp#27;[0m Got response with status 200: {"sessionId":"848f67d1-b0ae-4721-9dff-71f52c26d8f9","value":null}
&amp#27;[38;5;32m[AndroidUiautomator2Driver@7d8a (737cfc75)]&amp#27;[0m Responding to client with driver.click() result: null
&amp#27;[38;5;0m[HTTP]&amp#27;[0m &amp#27;[37m<-- POST /session/737cfc75-39b7-4d8d-95ca-253dab0f7826/element/00000000-0000-05c2-0000-000900000004/click &amp#27;[39m&amp#27;[32m200&amp#27;[39m &amp#27;[90m1619 ms - 14&amp#27;[39m
&amp#27;[38;5;0m[HTTP]&amp#27;[0m &amp#27;[90m&amp#27;[39m
&amp#27;[38;5;0m[HTTP]&amp#27;[0m &amp#27;[37m-->&amp#27;[39m &amp#27;[37mPOST&amp#27;[39m &amp#27;[37m/session/737cfc75-39b7-4d8d-95ca-253dab0f7826/element&amp#27;[39m
&amp#27;[38;5;0m[HTTP]&amp#27;[0m &amp#27;[90m{"using":"xpath","value":"//android.widget.Button[@resource-id='com.android.permissioncontroller:id/permission_allow_foreground_only_button']"}&amp#27;[39m
&amp#27;[38;5;32m[AndroidUiautomator2Driver@7d8a (737cfc75)]&amp#27;[0m Calling AppiumDriver.findElement() with args: ["xpath","//android.widget.Button[@resource-id='com.android.permissioncontroller:id/permission_allow_foreground_only_button']","737cfc75-39b7-4d8d-95ca-253dab0f7826"]
&amp#27;[38;5;32m[AndroidUiautomator2Driver@7d8a (737cfc75)]&amp#27;[0m Valid locator strategies for this request: xpath, id, class name, accessibility id, css selector, -android uiautomator
&amp#27;[38;5;32m[AndroidUiautomator2Driver@7d8a (737cfc75)]&amp#27;[0m Waiting up to 0 ms for condition
&amp#27;[38;5;32m[AndroidUiautomator2Driver@7d8a (737cfc75)]&amp#27;[0m Matched '/element' to command name 'findElement'
&amp#27;[38;5;32m[AndroidUiautomator2Driver@7d8a (737cfc75)]&amp#27;[0m Proxying [POST /element] to [POST http://127.0.0.1:8240/session/848f67d1-b0ae-4721-9dff-71f52c26d8f9/element] with body: {"strategy":"xpath","selector":"//android.widget.Button[@resource-id='com.android.permissioncontroller:id/permission_allow_foreground_only_button']","context":"","multiple":false}
&amp#27;[38;5;32m[AndroidUiautomator2Driver@7d8a (737cfc75)]&amp#27;[0m Got response with status 200: {"sessionId":"848f67d1-b0ae-4721-9dff-71f52c26d8f9","value":{"ELEMENT":"00000000-0000-05c3-ffff-ffff00000ee7","element-6066-11e4-a52e-4f735466cecf":"00000000-0000-05c3-ffff-ffff00000ee7"}}
&amp#27;[38;5;32m[AndroidUiautomator2Driver@7d8a (737cfc75)]&amp#27;[0m Responding to client with driver.findElement() result: {"element-6066-11e4-a52e-4f735466cecf":"00000000-0000-05c3-ffff-ffff00000ee7","ELEMENT":"00000000-0000-05c3-ffff-ffff00000ee7"}
&amp#27;[38;5;0m[HTTP]&amp#27;[0m &amp#27;[37m<-- POST /session/737cfc75-39b7-4d8d-95ca-253dab0f7826/element &amp#27;[39m&amp#27;[32m200&amp#27;[39m &amp#27;[90m56 ms - 137&amp#27;[39m
&amp#27;[38;5;0m[HTTP]&amp#27;[0m &amp#27;[90m&amp#27;[39m
&amp#27;[38;5;0m[HTTP]&amp#27;[0m &amp#27;[37m-->&amp#27;[39m &amp#27;[37mPOST&amp#27;[39m &amp#27;[37m/session/737cfc75-39b7-4d8d-95ca-253dab0f7826/element/00000000-0000-05c3-ffff-ffff00000ee7/click&amp#27;[39m
&amp#27;[38;5;0m[HTTP]&amp#27;[0m &amp#27;[90m{"id":"00000000-0000-05c3-ffff-ffff00000ee7"}&amp#27;[39m
&amp#27;[38;5;32m[AndroidUiautomator2Driver@7d8a (737cfc75)]&amp#27;[0m Calling AppiumDriver.click() with args: ["00000000-0000-05c3-ffff-ffff00000ee7","737cfc75-39b7-4d8d-95ca-253dab0f7826"]
&amp#27;[38;5;32m[AndroidUiautomator2Driver@7d8a (737cfc75)]&amp#27;[0m Matched '/element/00000000-0000-05c3-ffff-ffff00000ee7/click' to command name 'click'
&amp#27;[38;5;32m[AndroidUiautomator2Driver@7d8a (737cfc75)]&amp#27;[0m Proxying [POST /element/00000000-0000-05c3-ffff-ffff00000ee7/click] to [POST http://127.0.0.1:8240/session/848f67d1-b0ae-4721-9dff-71f52c26d8f9/element/00000000-0000-05c3-ffff-ffff00000ee7/click] with body: {"element":"00000000-0000-05c3-ffff-ffff00000ee7"}
&amp#27;[38;5;32m[AndroidUiautomator2Driver@7d8a (737cfc75)]&amp#27;[0m Got response with status 200: {"sessionId":"848f67d1-b0ae-4721-9dff-71f52c26d8f9","value":null}
&amp#27;[38;5;32m[AndroidUiautomator2Driver@7d8a (737cfc75)]&amp#27;[0m Responding to client with driver.click() result: null
&amp#27;[38;5;0m[HTTP]&amp#27;[0m &amp#27;[37m<-- POST /session/737cfc75-39b7-4d8d-95ca-253dab0f7826/element/00000000-0000-05c3-ffff-ffff00000ee7/click &amp#27;[39m&amp#27;[32m200&amp#27;[39m &amp#27;[90m40 ms - 14&amp#27;[39m
&amp#27;[38;5;0m[HTTP]&amp#27;[0m &amp#27;[90m&amp#27;[39m
&amp#27;[38;5;0m[HTTP]&amp#27;[0m &amp#27;[37m-->&amp#27;[39m &amp#27;[37mPOST&amp#27;[39m &amp#27;[37m/session/737cfc75-39b7-4d8d-95ca-253dab0f7826/element&amp#27;[39m
&amp#27;[38;5;0m[HTTP]&amp#27;[0m &amp#27;[90m{"using":"xpath","value":"//android.view.View[@text='Today']"}&amp#27;[39m
&amp#27;[38;5;32m[AndroidUiautomator2Driver@7d8a (737cfc75)]&amp#27;[0m Calling AppiumDriver.findElement() with args: ["xpath","//android.view.View[@text='Today']","737cfc75-39b7-4d8d-95ca-253dab0f7826"]
&amp#27;[38;5;32m[AndroidUiautomator2Driver@7d8a (737cfc75)]&amp#27;[0m Valid locator strategies for this request: xpath, id, class name, accessibility id, css selector, -android uiautomator
&amp#27;[38;5;32m[AndroidUiautomator2Driver@7d8a (737cfc75)]&amp#27;[0m Waiting up to 0 ms for condition
&amp#27;[38;5;32m[AndroidUiautomator2Driver@7d8a (737cfc75)]&amp#27;[0m Matched '/element' to command name 'findElement'
&amp#27;[38;5;32m[AndroidUiautomator2Driver@7d8a (737cfc75)]&amp#27;[0m Proxying [POST /element] to [POST http://127.0.0.1:8240/session/848f67d1-b0ae-4721-9dff-71f52c26d8f9/element] with body: {"strategy":"xpath","selector":"//android.view.View[@text='Today']","context":"","multiple":false}
&amp#27;[38;5;32m[AndroidUiautomator2Driver@7d8a (737cfc75)]&amp#27;[0m Got response with status 404: {"sessionId":"848f67d1-b0ae-4721-9dff-71f52c26d8f9","value":{"error":"no such element","message":"An element could not be located on the page using the given search parameters","stacktrace":"io.appium.uiautomator2.common.exceptions.ElementNotFoundException: An element could not be located on the page using the given search parameters\n\tat io.appium.uiautomator2.utils.ElementLocationHelpers.findElement(ElementLocationHelpers.java:156)\n\tat io.appium.uiautomator2.handler.FindElement.safeHandle(FindElement.java:60)\n\tat io.appium.uiautomator2.handler.request.SafeRequestHandler.handle(SafeRequestHandler.java:59)\n\tat io.appium.uiautomator2.server.AppiumServlet.handleRequest(AppiumServlet.java:277)\n\tat io.appium.uiautomator2.server.AppiumServlet.handleHttpRequest(AppiumServlet.java:271)\n\tat io.appium.uiautomator2.http.ServerHandler.channelRead(ServerHandler.java:77)\n\tat io.netty.channel.AbstractChannelHandlerContext.invokeChannelRead(AbstractChannelHandlerContext.java:366)\n\tat io.netty.channel.Abstr...
&amp#27;[38;5;128m[W3C]&amp#27;[0m Matched W3C error code 'no such element' to NoSuchElementError
&amp#27;[38;5;32m[AndroidUiautomator2Driver@7d8a (737cfc75)]&amp#27;[0m Encountered internal error running command: NoSuchElementError: An element could not be located on the page using the given search parameters.
&amp#27;[38;5;32m[AndroidUiautomator2Driver@7d8a (737cfc75)]&amp#27;[0m     at AndroidUiautomator2Driver.findElOrEls (C:\Users\abuba\.appium\node_modules\appium-uiautomator2-driver\node_modules\appium-android-driver\lib\commands\find.ts:87:11)
&amp#27;[38;5;32m[AndroidUiautomator2Driver@7d8a (737cfc75)]&amp#27;[0m     at processTicksAndRejections (node:internal/process/task_queues:95:5)
&amp#27;[38;5;32m[AndroidUiautomator2Driver@7d8a (737cfc75)]&amp#27;[0m     at AndroidUiautomator2Driver.findElOrElsWithProcessing (C:\Users\abuba\AppData\Roaming\npm\node_modules\appium\node_modules\@appium\base-driver\lib\basedriver\commands\find.ts:60:12)
&amp#27;[38;5;32m[AndroidUiautomator2Driver@7d8a (737cfc75)]&amp#27;[0m     at AndroidUiautomator2Driver.findElement (C:\Users\abuba\AppData\Roaming\npm\node_modules\appium\node_modules\@appium\base-driver\lib\basedriver\commands\find.ts:75:12)
&amp#27;[38;5;0m[HTTP]&amp#27;[0m &amp#27;[37m<-- POST /session/737cfc75-39b7-4d8d-95ca-253dab0f7826/element &amp#27;[39m&amp#27;[33m404&amp#27;[39m &amp#27;[90m106 ms - 890&amp#27;[39m
&amp#27;[38;5;0m[HTTP]&amp#27;[0m &amp#27;[90m&amp#27;[39m
&amp#27;[38;5;0m[HTTP]&amp#27;[0m &amp#27;[37m-->&amp#27;[39m &amp#27;[37mPOST&amp#27;[39m &amp#27;[37m/session/737cfc75-39b7-4d8d-95ca-253dab0f7826/element&amp#27;[39m
&amp#27;[38;5;0m[HTTP]&amp#27;[0m &amp#27;[90m{"using":"xpath","value":"//android.view.View[@text='Today']"}&amp#27;[39m
&amp#27;[38;5;32m[AndroidUiautomator2Driver@7d8a (737cfc75)]&amp#27;[0m Calling AppiumDriver.findElement() with args: ["xpath","//android.view.View[@text='Today']","737cfc75-39b7-4d8d-95ca-253dab0f7826"]
&amp#27;[38;5;32m[AndroidUiautomator2Driver@7d8a (737cfc75)]&amp#27;[0m Valid locator strategies for this request: xpath, id, class name, accessibility id, css selector, -android uiautomator
&amp#27;[38;5;32m[AndroidUiautomator2Driver@7d8a (737cfc75)]&amp#27;[0m Waiting up to 0 ms for condition
&amp#27;[38;5;32m[AndroidUiautomator2Driver@7d8a (737cfc75)]&amp#27;[0m Matched '/element' to command name 'findElement'
&amp#27;[38;5;32m[AndroidUiautomator2Driver@7d8a (737cfc75)]&amp#27;[0m Proxying [POST /element] to [POST http://127.0.0.1:8240/session/848f67d1-b0ae-4721-9dff-71f52c26d8f9/element] with body: {"strategy":"xpath","selector":"//android.view.View[@text='Today']","context":"","multiple":false}
&amp#27;[38;5;32m[AndroidUiautomator2Driver@7d8a (737cfc75)]&amp#27;[0m Got response with status 404: {"sessionId":"848f67d1-b0ae-4721-9dff-71f52c26d8f9","value":{"error":"no such element","message":"An element could not be located on the page using the given search parameters","stacktrace":"io.appium.uiautomator2.common.exceptions.ElementNotFoundException: An element could not be located on the page using the given search parameters\n\tat io.appium.uiautomator2.utils.ElementLocationHelpers.findElement(ElementLocationHelpers.java:156)\n\tat io.appium.uiautomator2.handler.FindElement.safeHandle(FindElement.java:60)\n\tat io.appium.uiautomator2.handler.request.SafeRequestHandler.handle(SafeRequestHandler.java:59)\n\tat io.appium.uiautomator2.server.AppiumServlet.handleRequest(AppiumServlet.java:277)\n\tat io.appium.uiautomator2.server.AppiumServlet.handleHttpRequest(AppiumServlet.java:271)\n\tat io.appium.uiautomator2.http.ServerHandler.channelRead(ServerHandler.java:77)\n\tat io.netty.channel.AbstractChannelHandlerContext.invokeChannelRead(AbstractChannelHandlerContext.java:366)\n\tat io.netty.channel.Abstr...
&amp#27;[38;5;128m[W3C]&amp#27;[0m Matched W3C error code 'no such element' to NoSuchElementError
&amp#27;[38;5;32m[AndroidUiautomator2Driver@7d8a (737cfc75)]&amp#27;[0m Encountered internal error running command: NoSuchElementError: An element could not be located on the page using the given search parameters.
&amp#27;[38;5;32m[AndroidUiautomator2Driver@7d8a (737cfc75)]&amp#27;[0m     at AndroidUiautomator2Driver.findElOrEls (C:\Users\abuba\.appium\node_modules\appium-uiautomator2-driver\node_modules\appium-android-driver\lib\commands\find.ts:87:11)
&amp#27;[38;5;32m[AndroidUiautomator2Driver@7d8a (737cfc75)]&amp#27;[0m     at processTicksAndRejections (node:internal/process/task_queues:95:5)
&amp#27;[38;5;32m[AndroidUiautomator2Driver@7d8a (737cfc75)]&amp#27;[0m     at AndroidUiautomator2Driver.findElOrElsWithProcessing (C:\Users\abuba\AppData\Roaming\npm\node_modules\appium\node_modules\@appium\base-driver\lib\basedriver\commands\find.ts:60:12)
&amp#27;[38;5;32m[AndroidUiautomator2Driver@7d8a (737cfc75)]&amp#27;[0m     at AndroidUiautomator2Driver.findElement (C:\Users\abuba\AppData\Roaming\npm\node_modules\appium\node_modules\@appium\base-driver\lib\basedriver\commands\find.ts:75:12)
&amp#27;[38;5;0m[HTTP]&amp#27;[0m &amp#27;[37m<-- POST /session/737cfc75-39b7-4d8d-95ca-253dab0f7826/element &amp#27;[39m&amp#27;[33m404&amp#27;[39m &amp#27;[90m162 ms - 890&amp#27;[39m
&amp#27;[38;5;0m[HTTP]&amp#27;[0m &amp#27;[90m&amp#27;[39m
&amp#27;[38;5;0m[HTTP]&amp#27;[0m &amp#27;[37m-->&amp#27;[39m &amp#27;[37mPOST&amp#27;[39m &amp#27;[37m/session/737cfc75-39b7-4d8d-95ca-253dab0f7826/element&amp#27;[39m
&amp#27;[38;5;0m[HTTP]&amp#27;[0m &amp#27;[90m{"using":"xpath","value":"//android.view.View[@text='Today']"}&amp#27;[39m
&amp#27;[38;5;32m[AndroidUiautomator2Driver@7d8a (737cfc75)]&amp#27;[0m Calling AppiumDriver.findElement() with args: ["xpath","//android.view.View[@text='Today']","737cfc75-39b7-4d8d-95ca-253dab0f7826"]
&amp#27;[38;5;32m[AndroidUiautomator2Driver@7d8a (737cfc75)]&amp#27;[0m Valid locator strategies for this request: xpath, id, class name, accessibility id, css selector, -android uiautomator
&amp#27;[38;5;32m[AndroidUiautomator2Driver@7d8a (737cfc75)]&amp#27;[0m Waiting up to 0 ms for condition
&amp#27;[38;5;32m[AndroidUiautomator2Driver@7d8a (737cfc75)]&amp#27;[0m Matched '/element' to command name 'findElement'
&amp#27;[38;5;32m[AndroidUiautomator2Driver@7d8a (737cfc75)]&amp#27;[0m Proxying [POST /element] to [POST http://127.0.0.1:8240/session/848f67d1-b0ae-4721-9dff-71f52c26d8f9/element] with body: {"strategy":"xpath","selector":"//android.view.View[@text='Today']","context":"","multiple":false}
&amp#27;[38;5;32m[AndroidUiautomator2Driver@7d8a (737cfc75)]&amp#27;[0m Got response with status 404: {"sessionId":"848f67d1-b0ae-4721-9dff-71f52c26d8f9","value":{"error":"no such element","message":"An element could not be located on the page using the given search parameters","stacktrace":"io.appium.uiautomator2.common.exceptions.ElementNotFoundException: An element could not be located on the page using the given search parameters\n\tat io.appium.uiautomator2.utils.ElementLocationHelpers.findElement(ElementLocationHelpers.java:156)\n\tat io.appium.uiautomator2.handler.FindElement.safeHandle(FindElement.java:60)\n\tat io.appium.uiautomator2.handler.request.SafeRequestHandler.handle(SafeRequestHandler.java:59)\n\tat io.appium.uiautomator2.server.AppiumServlet.handleRequest(AppiumServlet.java:277)\n\tat io.appium.uiautomator2.server.AppiumServlet.handleHttpRequest(AppiumServlet.java:271)\n\tat io.appium.uiautomator2.http.ServerHandler.channelRead(ServerHandler.java:77)\n\tat io.netty.channel.AbstractChannelHandlerContext.invokeChannelRead(AbstractChannelHandlerContext.java:366)\n\tat io.netty.channel.Abstr...
&amp#27;[38;5;128m[W3C]&amp#27;[0m Matched W3C error code 'no such element' to NoSuchElementError
&amp#27;[38;5;32m[AndroidUiautomator2Driver@7d8a (737cfc75)]&amp#27;[0m Encountered internal error running command: NoSuchElementError: An element could not be located on the page using the given search parameters.
&amp#27;[38;5;32m[AndroidUiautomator2Driver@7d8a (737cfc75)]&amp#27;[0m     at AndroidUiautomator2Driver.findElOrEls (C:\Users\abuba\.appium\node_modules\appium-uiautomator2-driver\node_modules\appium-android-driver\lib\commands\find.ts:87:11)
&amp#27;[38;5;32m[AndroidUiautomator2Driver@7d8a (737cfc75)]&amp#27;[0m     at processTicksAndRejections (node:internal/process/task_queues:95:5)
&amp#27;[38;5;32m[AndroidUiautomator2Driver@7d8a (737cfc75)]&amp#27;[0m     at AndroidUiautomator2Driver.findElOrElsWithProcessing (C:\Users\abuba\AppData\Roaming\npm\node_modules\appium\node_modules\@appium\base-driver\lib\basedriver\commands\find.ts:60:12)
&amp#27;[38;5;32m[AndroidUiautomator2Driver@7d8a (737cfc75)]&amp#27;[0m     at AndroidUiautomator2Driver.findElement (C:\Users\abuba\AppData\Roaming\npm\node_modules\appium\node_modules\@appium\base-driver\lib\basedriver\commands\find.ts:75:12)
&amp#27;[38;5;0m[HTTP]&amp#27;[0m &amp#27;[37m<-- POST /session/737cfc75-39b7-4d8d-95ca-253dab0f7826/element &amp#27;[39m&amp#27;[33m404&amp#27;[39m &amp#27;[90m50 ms - 890&amp#27;[39m
&amp#27;[38;5;0m[HTTP]&amp#27;[0m &amp#27;[90m&amp#27;[39m
&amp#27;[38;5;0m[HTTP]&amp#27;[0m &amp#27;[37m-->&amp#27;[39m &amp#27;[37mPOST&amp#27;[39m &amp#27;[37m/session/737cfc75-39b7-4d8d-95ca-253dab0f7826/element&amp#27;[39m
&amp#27;[38;5;0m[HTTP]&amp#27;[0m &amp#27;[90m{"using":"xpath","value":"//android.view.View[@text='Today']"}&amp#27;[39m
&amp#27;[38;5;32m[AndroidUiautomator2Driver@7d8a (737cfc75)]&amp#27;[0m Calling AppiumDriver.findElement() with args: ["xpath","//android.view.View[@text='Today']","737cfc75-39b7-4d8d-95ca-253dab0f7826"]
&amp#27;[38;5;32m[AndroidUiautomator2Driver@7d8a (737cfc75)]&amp#27;[0m Valid locator strategies for this request: xpath, id, class name, accessibility id, css selector, -android uiautomator
&amp#27;[38;5;32m[AndroidUiautomator2Driver@7d8a (737cfc75)]&amp#27;[0m Waiting up to 0 ms for condition
&amp#27;[38;5;32m[AndroidUiautomator2Driver@7d8a (737cfc75)]&amp#27;[0m Matched '/element' to command name 'findElement'
&amp#27;[38;5;32m[AndroidUiautomator2Driver@7d8a (737cfc75)]&amp#27;[0m Proxying [POST /element] to [POST http://127.0.0.1:8240/session/848f67d1-b0ae-4721-9dff-71f52c26d8f9/element] with body: {"strategy":"xpath","selector":"//android.view.View[@text='Today']","context":"","multiple":false}
&amp#27;[38;5;32m[AndroidUiautomator2Driver@7d8a (737cfc75)]&amp#27;[0m Got response with status 404: {"sessionId":"848f67d1-b0ae-4721-9dff-71f52c26d8f9","value":{"error":"no such element","message":"An element could not be located on the page using the given search parameters","stacktrace":"io.appium.uiautomator2.common.exceptions.ElementNotFoundException: An element could not be located on the page using the given search parameters\n\tat io.appium.uiautomator2.utils.ElementLocationHelpers.findElement(ElementLocationHelpers.java:156)\n\tat io.appium.uiautomator2.handler.FindElement.safeHandle(FindElement.java:60)\n\tat io.appium.uiautomator2.handler.request.SafeRequestHandler.handle(SafeRequestHandler.java:59)\n\tat io.appium.uiautomator2.server.AppiumServlet.handleRequest(AppiumServlet.java:277)\n\tat io.appium.uiautomator2.server.AppiumServlet.handleHttpRequest(AppiumServlet.java:271)\n\tat io.appium.uiautomator2.http.ServerHandler.channelRead(ServerHandler.java:77)\n\tat io.netty.channel.AbstractChannelHandlerContext.invokeChannelRead(AbstractChannelHandlerContext.java:366)\n\tat io.netty.channel.Abstr...
&amp#27;[38;5;128m[W3C]&amp#27;[0m Matched W3C error code 'no such element' to NoSuchElementError
&amp#27;[38;5;32m[AndroidUiautomator2Driver@7d8a (737cfc75)]&amp#27;[0m Encountered internal error running command: NoSuchElementError: An element could not be located on the page using the given search parameters.
&amp#27;[38;5;32m[AndroidUiautomator2Driver@7d8a (737cfc75)]&amp#27;[0m     at AndroidUiautomator2Driver.findElOrEls (C:\Users\abuba\.appium\node_modules\appium-uiautomator2-driver\node_modules\appium-android-driver\lib\commands\find.ts:87:11)
&amp#27;[38;5;32m[AndroidUiautomator2Driver@7d8a (737cfc75)]&amp#27;[0m     at processTicksAndRejections (node:internal/process/task_queues:95:5)
&amp#27;[38;5;32m[AndroidUiautomator2Driver@7d8a (737cfc75)]&amp#27;[0m     at AndroidUiautomator2Driver.findElOrElsWithProcessing (C:\Users\abuba\AppData\Roaming\npm\node_modules\appium\node_modules\@appium\base-driver\lib\basedriver\commands\find.ts:60:12)
&amp#27;[38;5;32m[AndroidUiautomator2Driver@7d8a (737cfc75)]&amp#27;[0m     at AndroidUiautomator2Driver.findElement (C:\Users\abuba\AppData\Roaming\npm\node_modules\appium\node_modules\@appium\base-driver\lib\basedriver\commands\find.ts:75:12)
&amp#27;[38;5;0m[HTTP]&amp#27;[0m &amp#27;[37m<-- POST /session/737cfc75-39b7-4d8d-95ca-253dab0f7826/element &amp#27;[39m&amp#27;[33m404&amp#27;[39m &amp#27;[90m51 ms - 890&amp#27;[39m
&amp#27;[38;5;0m[HTTP]&amp#27;[0m &amp#27;[90m&amp#27;[39m
&amp#27;[38;5;0m[HTTP]&amp#27;[0m &amp#27;[37m-->&amp#27;[39m &amp#27;[37mPOST&amp#27;[39m &amp#27;[37m/session/737cfc75-39b7-4d8d-95ca-253dab0f7826/element&amp#27;[39m
&amp#27;[38;5;0m[HTTP]&amp#27;[0m &amp#27;[90m{"using":"xpath","value":"//android.view.View[@text='Today']"}&amp#27;[39m
&amp#27;[38;5;32m[AndroidUiautomator2Driver@7d8a (737cfc75)]&amp#27;[0m Calling AppiumDriver.findElement() with args: ["xpath","//android.view.View[@text='Today']","737cfc75-39b7-4d8d-95ca-253dab0f7826"]
&amp#27;[38;5;32m[AndroidUiautomator2Driver@7d8a (737cfc75)]&amp#27;[0m Valid locator strategies for this request: xpath, id, class name, accessibility id, css selector, -android uiautomator
&amp#27;[38;5;32m[AndroidUiautomator2Driver@7d8a (737cfc75)]&amp#27;[0m Waiting up to 0 ms for condition
&amp#27;[38;5;32m[AndroidUiautomator2Driver@7d8a (737cfc75)]&amp#27;[0m Matched '/element' to command name 'findElement'
&amp#27;[38;5;32m[AndroidUiautomator2Driver@7d8a (737cfc75)]&amp#27;[0m Proxying [POST /element] to [POST http://127.0.0.1:8240/session/848f67d1-b0ae-4721-9dff-71f52c26d8f9/element] with body: {"strategy":"xpath","selector":"//android.view.View[@text='Today']","context":"","multiple":false}
&amp#27;[38;5;32m[AndroidUiautomator2Driver@7d8a (737cfc75)]&amp#27;[0m Got response with status 404: {"sessionId":"848f67d1-b0ae-4721-9dff-71f52c26d8f9","value":{"error":"no such element","message":"An element could not be located on the page using the given search parameters","stacktrace":"io.appium.uiautomator2.common.exceptions.ElementNotFoundException: An element could not be located on the page using the given search parameters\n\tat io.appium.uiautomator2.utils.ElementLocationHelpers.findElement(ElementLocationHelpers.java:156)\n\tat io.appium.uiautomator2.handler.FindElement.safeHandle(FindElement.java:60)\n\tat io.appium.uiautomator2.handler.request.SafeRequestHandler.handle(SafeRequestHandler.java:59)\n\tat io.appium.uiautomator2.server.AppiumServlet.handleRequest(AppiumServlet.java:277)\n\tat io.appium.uiautomator2.server.AppiumServlet.handleHttpRequest(AppiumServlet.java:271)\n\tat io.appium.uiautomator2.http.ServerHandler.channelRead(ServerHandler.java:77)\n\tat io.netty.channel.AbstractChannelHandlerContext.invokeChannelRead(AbstractChannelHandlerContext.java:366)\n\tat io.netty.channel.Abstr...
&amp#27;[38;5;128m[W3C]&amp#27;[0m Matched W3C error code 'no such element' to NoSuchElementError
&amp#27;[38;5;32m[AndroidUiautomator2Driver@7d8a (737cfc75)]&amp#27;[0m Encountered internal error running command: NoSuchElementError: An element could not be located on the page using the given search parameters.
&amp#27;[38;5;32m[AndroidUiautomator2Driver@7d8a (737cfc75)]&amp#27;[0m     at AndroidUiautomator2Driver.findElOrEls (C:\Users\abuba\.appium\node_modules\appium-uiautomator2-driver\node_modules\appium-android-driver\lib\commands\find.ts:87:11)
&amp#27;[38;5;32m[AndroidUiautomator2Driver@7d8a (737cfc75)]&amp#27;[0m     at processTicksAndRejections (node:internal/process/task_queues:95:5)
&amp#27;[38;5;32m[AndroidUiautomator2Driver@7d8a (737cfc75)]&amp#27;[0m     at AndroidUiautomator2Driver.findElOrElsWithProcessing (C:\Users\abuba\AppData\Roaming\npm\node_modules\appium\node_modules\@appium\base-driver\lib\basedriver\commands\find.ts:60:12)
&amp#27;[38;5;32m[AndroidUiautomator2Driver@7d8a (737cfc75)]&amp#27;[0m     at AndroidUiautomator2Driver.findElement (C:\Users\abuba\AppData\Roaming\npm\node_modules\appium\node_modules\@appium\base-driver\lib\basedriver\commands\find.ts:75:12)
&amp#27;[38;5;0m[HTTP]&amp#27;[0m &amp#27;[37m<-- POST /session/737cfc75-39b7-4d8d-95ca-253dab0f7826/element &amp#27;[39m&amp#27;[33m404&amp#27;[39m &amp#27;[90m50 ms - 890&amp#27;[39m
&amp#27;[38;5;0m[HTTP]&amp#27;[0m &amp#27;[90m&amp#27;[39m
&amp#27;[38;5;0m[HTTP]&amp#27;[0m &amp#27;[37m-->&amp#27;[39m &amp#27;[37mPOST&amp#27;[39m &amp#27;[37m/session/737cfc75-39b7-4d8d-95ca-253dab0f7826/element&amp#27;[39m
&amp#27;[38;5;0m[HTTP]&amp#27;[0m &amp#27;[90m{"using":"xpath","value":"//android.view.View[@text='Today']"}&amp#27;[39m
&amp#27;[38;5;32m[AndroidUiautomator2Driver@7d8a (737cfc75)]&amp#27;[0m Calling AppiumDriver.findElement() with args: ["xpath","//android.view.View[@text='Today']","737cfc75-39b7-4d8d-95ca-253dab0f7826"]
&amp#27;[38;5;32m[AndroidUiautomator2Driver@7d8a (737cfc75)]&amp#27;[0m Valid locator strategies for this request: xpath, id, class name, accessibility id, css selector, -android uiautomator
&amp#27;[38;5;32m[AndroidUiautomator2Driver@7d8a (737cfc75)]&amp#27;[0m Waiting up to 0 ms for condition
&amp#27;[38;5;32m[AndroidUiautomator2Driver@7d8a (737cfc75)]&amp#27;[0m Matched '/element' to command name 'findElement'
&amp#27;[38;5;32m[AndroidUiautomator2Driver@7d8a (737cfc75)]&amp#27;[0m Proxying [POST /element] to [POST http://127.0.0.1:8240/session/848f67d1-b0ae-4721-9dff-71f52c26d8f9/element] with body: {"strategy":"xpath","selector":"//android.view.View[@text='Today']","context":"","multiple":false}
&amp#27;[38;5;32m[AndroidUiautomator2Driver@7d8a (737cfc75)]&amp#27;[0m Got response with status 404: {"sessionId":"848f67d1-b0ae-4721-9dff-71f52c26d8f9","value":{"error":"no such element","message":"An element could not be located on the page using the given search parameters","stacktrace":"io.appium.uiautomator2.common.exceptions.ElementNotFoundException: An element could not be located on the page using the given search parameters\n\tat io.appium.uiautomator2.utils.ElementLocationHelpers.findElement(ElementLocationHelpers.java:156)\n\tat io.appium.uiautomator2.handler.FindElement.safeHandle(FindElement.java:60)\n\tat io.appium.uiautomator2.handler.request.SafeRequestHandler.handle(SafeRequestHandler.java:59)\n\tat io.appium.uiautomator2.server.AppiumServlet.handleRequest(AppiumServlet.java:277)\n\tat io.appium.uiautomator2.server.AppiumServlet.handleHttpRequest(AppiumServlet.java:271)\n\tat io.appium.uiautomator2.http.ServerHandler.channelRead(ServerHandler.java:77)\n\tat io.netty.channel.AbstractChannelHandlerContext.invokeChannelRead(AbstractChannelHandlerContext.java:366)\n\tat io.netty.channel.Abstr...
&amp#27;[38;5;128m[W3C]&amp#27;[0m Matched W3C error code 'no such element' to NoSuchElementError
&amp#27;[38;5;32m[AndroidUiautomator2Driver@7d8a (737cfc75)]&amp#27;[0m Encountered internal error running command: NoSuchElementError: An element could not be located on the page using the given search parameters.
&amp#27;[38;5;32m[AndroidUiautomator2Driver@7d8a (737cfc75)]&amp#27;[0m     at AndroidUiautomator2Driver.findElOrEls (C:\Users\abuba\.appium\node_modules\appium-uiautomator2-driver\node_modules\appium-android-driver\lib\commands\find.ts:87:11)
&amp#27;[38;5;32m[AndroidUiautomator2Driver@7d8a (737cfc75)]&amp#27;[0m     at processTicksAndRejections (node:internal/process/task_queues:95:5)
&amp#27;[38;5;32m[AndroidUiautomator2Driver@7d8a (737cfc75)]&amp#27;[0m     at AndroidUiautomator2Driver.findElOrElsWithProcessing (C:\Users\abuba\AppData\Roaming\npm\node_modules\appium\node_modules\@appium\base-driver\lib\basedriver\commands\find.ts:60:12)
&amp#27;[38;5;32m[AndroidUiautomator2Driver@7d8a (737cfc75)]&amp#27;[0m     at AndroidUiautomator2Driver.findElement (C:\Users\abuba\AppData\Roaming\npm\node_modules\appium\node_modules\@appium\base-driver\lib\basedriver\commands\find.ts:75:12)
&amp#27;[38;5;0m[HTTP]&amp#27;[0m &amp#27;[37m<-- POST /session/737cfc75-39b7-4d8d-95ca-253dab0f7826/element &amp#27;[39m&amp#27;[33m404&amp#27;[39m &amp#27;[90m49 ms - 890&amp#27;[39m
&amp#27;[38;5;0m[HTTP]&amp#27;[0m &amp#27;[90m&amp#27;[39m
&amp#27;[38;5;0m[HTTP]&amp#27;[0m &amp#27;[37m-->&amp#27;[39m &amp#27;[37mPOST&amp#27;[39m &amp#27;[37m/session/737cfc75-39b7-4d8d-95ca-253dab0f7826/element&amp#27;[39m
&amp#27;[38;5;0m[HTTP]&amp#27;[0m &amp#27;[90m{"using":"xpath","value":"//android.view.View[@text='Today']"}&amp#27;[39m
&amp#27;[38;5;32m[AndroidUiautomator2Driver@7d8a (737cfc75)]&amp#27;[0m Calling AppiumDriver.findElement() with args: ["xpath","//android.view.View[@text='Today']","737cfc75-39b7-4d8d-95ca-253dab0f7826"]
&amp#27;[38;5;32m[AndroidUiautomator2Driver@7d8a (737cfc75)]&amp#27;[0m Valid locator strategies for this request: xpath, id, class name, accessibility id, css selector, -android uiautomator
&amp#27;[38;5;32m[AndroidUiautomator2Driver@7d8a (737cfc75)]&amp#27;[0m Waiting up to 0 ms for condition
&amp#27;[38;5;32m[AndroidUiautomator2Driver@7d8a (737cfc75)]&amp#27;[0m Matched '/element' to command name 'findElement'
&amp#27;[38;5;32m[AndroidUiautomator2Driver@7d8a (737cfc75)]&amp#27;[0m Proxying [POST /element] to [POST http://127.0.0.1:8240/session/848f67d1-b0ae-4721-9dff-71f52c26d8f9/element] with body: {"strategy":"xpath","selector":"//android.view.View[@text='Today']","context":"","multiple":false}
&amp#27;[38;5;32m[AndroidUiautomator2Driver@7d8a (737cfc75)]&amp#27;[0m Got response with status 404: {"sessionId":"848f67d1-b0ae-4721-9dff-71f52c26d8f9","value":{"error":"no such element","message":"An element could not be located on the page using the given search parameters","stacktrace":"io.appium.uiautomator2.common.exceptions.ElementNotFoundException: An element could not be located on the page using the given search parameters\n\tat io.appium.uiautomator2.utils.ElementLocationHelpers.findElement(ElementLocationHelpers.java:156)\n\tat io.appium.uiautomator2.handler.FindElement.safeHandle(FindElement.java:60)\n\tat io.appium.uiautomator2.handler.request.SafeRequestHandler.handle(SafeRequestHandler.java:59)\n\tat io.appium.uiautomator2.server.AppiumServlet.handleRequest(AppiumServlet.java:277)\n\tat io.appium.uiautomator2.server.AppiumServlet.handleHttpRequest(AppiumServlet.java:271)\n\tat io.appium.uiautomator2.http.ServerHandler.channelRead(ServerHandler.java:77)\n\tat io.netty.channel.AbstractChannelHandlerContext.invokeChannelRead(AbstractChannelHandlerContext.java:366)\n\tat io.netty.channel.Abstr...
&amp#27;[38;5;128m[W3C]&amp#27;[0m Matched W3C error code 'no such element' to NoSuchElementError
&amp#27;[38;5;32m[AndroidUiautomator2Driver@7d8a (737cfc75)]&amp#27;[0m Encountered internal error running command: NoSuchElementError: An element could not be located on the page using the given search parameters.
&amp#27;[38;5;32m[AndroidUiautomator2Driver@7d8a (737cfc75)]&amp#27;[0m     at AndroidUiautomator2Driver.findElOrEls (C:\Users\abuba\.appium\node_modules\appium-uiautomator2-driver\node_modules\appium-android-driver\lib\commands\find.ts:87:11)
&amp#27;[38;5;32m[AndroidUiautomator2Driver@7d8a (737cfc75)]&amp#27;[0m     at processTicksAndRejections (node:internal/process/task_queues:95:5)
&amp#27;[38;5;32m[AndroidUiautomator2Driver@7d8a (737cfc75)]&amp#27;[0m     at AndroidUiautomator2Driver.findElOrElsWithProcessing (C:\Users\abuba\AppData\Roaming\npm\node_modules\appium\node_modules\@appium\base-driver\lib\basedriver\commands\find.ts:60:12)
&amp#27;[38;5;32m[AndroidUiautomator2Driver@7d8a (737cfc75)]&amp#27;[0m     at AndroidUiautomator2Driver.findElement (C:\Users\abuba\AppData\Roaming\npm\node_modules\appium\node_modules\@appium\base-driver\lib\basedriver\commands\find.ts:75:12)
&amp#27;[38;5;0m[HTTP]&amp#27;[0m &amp#27;[37m<-- POST /session/737cfc75-39b7-4d8d-95ca-253dab0f7826/element &amp#27;[39m&amp#27;[33m404&amp#27;[39m &amp#27;[90m57 ms - 890&amp#27;[39m
&amp#27;[38;5;0m[HTTP]&amp#27;[0m &amp#27;[90m&amp#27;[39m
&amp#27;[38;5;0m[HTTP]&amp#27;[0m &amp#27;[37m-->&amp#27;[39m &amp#27;[37mPOST&amp#27;[39m &amp#27;[37m/session/737cfc75-39b7-4d8d-95ca-253dab0f7826/element&amp#27;[39m
&amp#27;[38;5;0m[HTTP]&amp#27;[0m &amp#27;[90m{"using":"xpath","value":"//android.view.View[@text='Today']"}&amp#27;[39m
&amp#27;[38;5;32m[AndroidUiautomator2Driver@7d8a (737cfc75)]&amp#27;[0m Calling AppiumDriver.findElement() with args: ["xpath","//android.view.View[@text='Today']","737cfc75-39b7-4d8d-95ca-253dab0f7826"]
&amp#27;[38;5;32m[AndroidUiautomator2Driver@7d8a (737cfc75)]&amp#27;[0m Valid locator strategies for this request: xpath, id, class name, accessibility id, css selector, -android uiautomator
&amp#27;[38;5;32m[AndroidUiautomator2Driver@7d8a (737cfc75)]&amp#27;[0m Waiting up to 0 ms for condition
&amp#27;[38;5;32m[AndroidUiautomator2Driver@7d8a (737cfc75)]&amp#27;[0m Matched '/element' to command name 'findElement'
&amp#27;[38;5;32m[AndroidUiautomator2Driver@7d8a (737cfc75)]&amp#27;[0m Proxying [POST /element] to [POST http://127.0.0.1:8240/session/848f67d1-b0ae-4721-9dff-71f52c26d8f9/element] with body: {"strategy":"xpath","selector":"//android.view.View[@text='Today']","context":"","multiple":false}
&amp#27;[38;5;32m[AndroidUiautomator2Driver@7d8a (737cfc75)]&amp#27;[0m Got response with status 404: {"sessionId":"848f67d1-b0ae-4721-9dff-71f52c26d8f9","value":{"error":"no such element","message":"An element could not be located on the page using the given search parameters","stacktrace":"io.appium.uiautomator2.common.exceptions.ElementNotFoundException: An element could not be located on the page using the given search parameters\n\tat io.appium.uiautomator2.utils.ElementLocationHelpers.findElement(ElementLocationHelpers.java:156)\n\tat io.appium.uiautomator2.handler.FindElement.safeHandle(FindElement.java:60)\n\tat io.appium.uiautomator2.handler.request.SafeRequestHandler.handle(SafeRequestHandler.java:59)\n\tat io.appium.uiautomator2.server.AppiumServlet.handleRequest(AppiumServlet.java:277)\n\tat io.appium.uiautomator2.server.AppiumServlet.handleHttpRequest(AppiumServlet.java:271)\n\tat io.appium.uiautomator2.http.ServerHandler.channelRead(ServerHandler.java:77)\n\tat io.netty.channel.AbstractChannelHandlerContext.invokeChannelRead(AbstractChannelHandlerContext.java:366)\n\tat io.netty.channel.Abstr...
&amp#27;[38;5;128m[W3C]&amp#27;[0m Matched W3C error code 'no such element' to NoSuchElementError
&amp#27;[38;5;32m[AndroidUiautomator2Driver@7d8a (737cfc75)]&amp#27;[0m Encountered internal error running command: NoSuchElementError: An element could not be located on the page using the given search parameters.
&amp#27;[38;5;32m[AndroidUiautomator2Driver@7d8a (737cfc75)]&amp#27;[0m     at AndroidUiautomator2Driver.findElOrEls (C:\Users\abuba\.appium\node_modules\appium-uiautomator2-driver\node_modules\appium-android-driver\lib\commands\find.ts:87:11)
&amp#27;[38;5;32m[AndroidUiautomator2Driver@7d8a (737cfc75)]&amp#27;[0m     at processTicksAndRejections (node:internal/process/task_queues:95:5)
&amp#27;[38;5;32m[AndroidUiautomator2Driver@7d8a (737cfc75)]&amp#27;[0m     at AndroidUiautomator2Driver.findElOrElsWithProcessing (C:\Users\abuba\AppData\Roaming\npm\node_modules\appium\node_modules\@appium\base-driver\lib\basedriver\commands\find.ts:60:12)
&amp#27;[38;5;32m[AndroidUiautomator2Driver@7d8a (737cfc75)]&amp#27;[0m     at AndroidUiautomator2Driver.findElement (C:\Users\abuba\AppData\Roaming\npm\node_modules\appium\node_modules\@appium\base-driver\lib\basedriver\commands\find.ts:75:12)
&amp#27;[38;5;0m[HTTP]&amp#27;[0m &amp#27;[37m<-- POST /session/737cfc75-39b7-4d8d-95ca-253dab0f7826/element &amp#27;[39m&amp#27;[33m404&amp#27;[39m &amp#27;[90m46 ms - 890&amp#27;[39m
&amp#27;[38;5;0m[HTTP]&amp#27;[0m &amp#27;[90m&amp#27;[39m
&amp#27;[38;5;0m[HTTP]&amp#27;[0m &amp#27;[37m-->&amp#27;[39m &amp#27;[37mPOST&amp#27;[39m &amp#27;[37m/session/737cfc75-39b7-4d8d-95ca-253dab0f7826/element&amp#27;[39m
&amp#27;[38;5;0m[HTTP]&amp#27;[0m &amp#27;[90m{"using":"xpath","value":"//android.view.View[@text='Today']"}&amp#27;[39m
&amp#27;[38;5;32m[AndroidUiautomator2Driver@7d8a (737cfc75)]&amp#27;[0m Calling AppiumDriver.findElement() with args: ["xpath","//android.view.View[@text='Today']","737cfc75-39b7-4d8d-95ca-253dab0f7826"]
&amp#27;[38;5;32m[AndroidUiautomator2Driver@7d8a (737cfc75)]&amp#27;[0m Valid locator strategies for this request: xpath, id, class name, accessibility id, css selector, -android uiautomator
&amp#27;[38;5;32m[AndroidUiautomator2Driver@7d8a (737cfc75)]&amp#27;[0m Waiting up to 0 ms for condition
&amp#27;[38;5;32m[AndroidUiautomator2Driver@7d8a (737cfc75)]&amp#27;[0m Matched '/element' to command name 'findElement'
&amp#27;[38;5;32m[AndroidUiautomator2Driver@7d8a (737cfc75)]&amp#27;[0m Proxying [POST /element] to [POST http://127.0.0.1:8240/session/848f67d1-b0ae-4721-9dff-71f52c26d8f9/element] with body: {"strategy":"xpath","selector":"//android.view.View[@text='Today']","context":"","multiple":false}
&amp#27;[38;5;32m[AndroidUiautomator2Driver@7d8a (737cfc75)]&amp#27;[0m Got response with status 404: {"sessionId":"848f67d1-b0ae-4721-9dff-71f52c26d8f9","value":{"error":"no such element","message":"An element could not be located on the page using the given search parameters","stacktrace":"io.appium.uiautomator2.common.exceptions.ElementNotFoundException: An element could not be located on the page using the given search parameters\n\tat io.appium.uiautomator2.utils.ElementLocationHelpers.findElement(ElementLocationHelpers.java:156)\n\tat io.appium.uiautomator2.handler.FindElement.safeHandle(FindElement.java:60)\n\tat io.appium.uiautomator2.handler.request.SafeRequestHandler.handle(SafeRequestHandler.java:59)\n\tat io.appium.uiautomator2.server.AppiumServlet.handleRequest(AppiumServlet.java:277)\n\tat io.appium.uiautomator2.server.AppiumServlet.handleHttpRequest(AppiumServlet.java:271)\n\tat io.appium.uiautomator2.http.ServerHandler.channelRead(ServerHandler.java:77)\n\tat io.netty.channel.AbstractChannelHandlerContext.invokeChannelRead(AbstractChannelHandlerContext.java:366)\n\tat io.netty.channel.Abstr...
&amp#27;[38;5;128m[W3C]&amp#27;[0m Matched W3C error code 'no such element' to NoSuchElementError
&amp#27;[38;5;32m[AndroidUiautomator2Driver@7d8a (737cfc75)]&amp#27;[0m Encountered internal error running command: NoSuchElementError: An element could not be located on the page using the given search parameters.
&amp#27;[38;5;32m[AndroidUiautomator2Driver@7d8a (737cfc75)]&amp#27;[0m     at AndroidUiautomator2Driver.findElOrEls (C:\Users\abuba\.appium\node_modules\appium-uiautomator2-driver\node_modules\appium-android-driver\lib\commands\find.ts:87:11)
&amp#27;[38;5;32m[AndroidUiautomator2Driver@7d8a (737cfc75)]&amp#27;[0m     at processTicksAndRejections (node:internal/process/task_queues:95:5)
&amp#27;[38;5;32m[AndroidUiautomator2Driver@7d8a (737cfc75)]&amp#27;[0m     at AndroidUiautomator2Driver.findElOrElsWithProcessing (C:\Users\abuba\AppData\Roaming\npm\node_modules\appium\node_modules\@appium\base-driver\lib\basedriver\commands\find.ts:60:12)
&amp#27;[38;5;32m[AndroidUiautomator2Driver@7d8a (737cfc75)]&amp#27;[0m     at AndroidUiautomator2Driver.findElement (C:\Users\abuba\AppData\Roaming\npm\node_modules\appium\node_modules\@appium\base-driver\lib\basedriver\commands\find.ts:75:12)
&amp#27;[38;5;0m[HTTP]&amp#27;[0m &amp#27;[37m<-- POST /session/737cfc75-39b7-4d8d-95ca-253dab0f7826/element &amp#27;[39m&amp#27;[33m404&amp#27;[39m &amp#27;[90m50 ms - 890&amp#27;[39m
&amp#27;[38;5;0m[HTTP]&amp#27;[0m &amp#27;[90m&amp#27;[39m
&amp#27;[38;5;0m[HTTP]&amp#27;[0m &amp#27;[37m-->&amp#27;[39m &amp#27;[37mPOST&amp#27;[39m &amp#27;[37m/session/737cfc75-39b7-4d8d-95ca-253dab0f7826/element&amp#27;[39m
&amp#27;[38;5;0m[HTTP]&amp#27;[0m &amp#27;[90m{"using":"xpath","value":"//android.view.View[@text='Today']"}&amp#27;[39m
&amp#27;[38;5;32m[AndroidUiautomator2Driver@7d8a (737cfc75)]&amp#27;[0m Calling AppiumDriver.findElement() with args: ["xpath","//android.view.View[@text='Today']","737cfc75-39b7-4d8d-95ca-253dab0f7826"]
&amp#27;[38;5;32m[AndroidUiautomator2Driver@7d8a (737cfc75)]&amp#27;[0m Valid locator strategies for this request: xpath, id, class name, accessibility id, css selector, -android uiautomator
&amp#27;[38;5;32m[AndroidUiautomator2Driver@7d8a (737cfc75)]&amp#27;[0m Waiting up to 0 ms for condition
&amp#27;[38;5;32m[AndroidUiautomator2Driver@7d8a (737cfc75)]&amp#27;[0m Matched '/element' to command name 'findElement'
&amp#27;[38;5;32m[AndroidUiautomator2Driver@7d8a (737cfc75)]&amp#27;[0m Proxying [POST /element] to [POST http://127.0.0.1:8240/session/848f67d1-b0ae-4721-9dff-71f52c26d8f9/element] with body: {"strategy":"xpath","selector":"//android.view.View[@text='Today']","context":"","multiple":false}
&amp#27;[38;5;32m[AndroidUiautomator2Driver@7d8a (737cfc75)]&amp#27;[0m Got response with status 404: {"sessionId":"848f67d1-b0ae-4721-9dff-71f52c26d8f9","value":{"error":"no such element","message":"An element could not be located on the page using the given search parameters","stacktrace":"io.appium.uiautomator2.common.exceptions.ElementNotFoundException: An element could not be located on the page using the given search parameters\n\tat io.appium.uiautomator2.utils.ElementLocationHelpers.findElement(ElementLocationHelpers.java:156)\n\tat io.appium.uiautomator2.handler.FindElement.safeHandle(FindElement.java:60)\n\tat io.appium.uiautomator2.handler.request.SafeRequestHandler.handle(SafeRequestHandler.java:59)\n\tat io.appium.uiautomator2.server.AppiumServlet.handleRequest(AppiumServlet.java:277)\n\tat io.appium.uiautomator2.server.AppiumServlet.handleHttpRequest(AppiumServlet.java:271)\n\tat io.appium.uiautomator2.http.ServerHandler.channelRead(ServerHandler.java:77)\n\tat io.netty.channel.AbstractChannelHandlerContext.invokeChannelRead(AbstractChannelHandlerContext.java:366)\n\tat io.netty.channel.Abstr...
&amp#27;[38;5;128m[W3C]&amp#27;[0m Matched W3C error code 'no such element' to NoSuchElementError
&amp#27;[38;5;32m[AndroidUiautomator2Driver@7d8a (737cfc75)]&amp#27;[0m Encountered internal error running command: NoSuchElementError: An element could not be located on the page using the given search parameters.
&amp#27;[38;5;32m[AndroidUiautomator2Driver@7d8a (737cfc75)]&amp#27;[0m     at AndroidUiautomator2Driver.findElOrEls (C:\Users\abuba\.appium\node_modules\appium-uiautomator2-driver\node_modules\appium-android-driver\lib\commands\find.ts:87:11)
&amp#27;[38;5;32m[AndroidUiautomator2Driver@7d8a (737cfc75)]&amp#27;[0m     at processTicksAndRejections (node:internal/process/task_queues:95:5)
&amp#27;[38;5;32m[AndroidUiautomator2Driver@7d8a (737cfc75)]&amp#27;[0m     at AndroidUiautomator2Driver.findElOrElsWithProcessing (C:\Users\abuba\AppData\Roaming\npm\node_modules\appium\node_modules\@appium\base-driver\lib\basedriver\commands\find.ts:60:12)
&amp#27;[38;5;32m[AndroidUiautomator2Driver@7d8a (737cfc75)]&amp#27;[0m     at AndroidUiautomator2Driver.findElement (C:\Users\abuba\AppData\Roaming\npm\node_modules\appium\node_modules\@appium\base-driver\lib\basedriver\commands\find.ts:75:12)
&amp#27;[38;5;0m[HTTP]&amp#27;[0m &amp#27;[37m<-- POST /session/737cfc75-39b7-4d8d-95ca-253dab0f7826/element &amp#27;[39m&amp#27;[33m404&amp#27;[39m &amp#27;[90m48 ms - 890&amp#27;[39m
&amp#27;[38;5;0m[HTTP]&amp#27;[0m &amp#27;[90m&amp#27;[39m
&amp#27;[38;5;0m[HTTP]&amp#27;[0m &amp#27;[37m-->&amp#27;[39m &amp#27;[37mPOST&amp#27;[39m &amp#27;[37m/session/737cfc75-39b7-4d8d-95ca-253dab0f7826/element&amp#27;[39m
&amp#27;[38;5;0m[HTTP]&amp#27;[0m &amp#27;[90m{"using":"xpath","value":"//android.view.View[@text='Today']"}&amp#27;[39m
&amp#27;[38;5;32m[AndroidUiautomator2Driver@7d8a (737cfc75)]&amp#27;[0m Calling AppiumDriver.findElement() with args: ["xpath","//android.view.View[@text='Today']","737cfc75-39b7-4d8d-95ca-253dab0f7826"]
&amp#27;[38;5;32m[AndroidUiautomator2Driver@7d8a (737cfc75)]&amp#27;[0m Valid locator strategies for this request: xpath, id, class name, accessibility id, css selector, -android uiautomator
&amp#27;[38;5;32m[AndroidUiautomator2Driver@7d8a (737cfc75)]&amp#27;[0m Waiting up to 0 ms for condition
&amp#27;[38;5;32m[AndroidUiautomator2Driver@7d8a (737cfc75)]&amp#27;[0m Matched '/element' to command name 'findElement'
&amp#27;[38;5;32m[AndroidUiautomator2Driver@7d8a (737cfc75)]&amp#27;[0m Proxying [POST /element] to [POST http://127.0.0.1:8240/session/848f67d1-b0ae-4721-9dff-71f52c26d8f9/element] with body: {"strategy":"xpath","selector":"//android.view.View[@text='Today']","context":"","multiple":false}
&amp#27;[38;5;32m[AndroidUiautomator2Driver@7d8a (737cfc75)]&amp#27;[0m Got response with status 404: {"sessionId":"848f67d1-b0ae-4721-9dff-71f52c26d8f9","value":{"error":"no such element","message":"An element could not be located on the page using the given search parameters","stacktrace":"io.appium.uiautomator2.common.exceptions.ElementNotFoundException: An element could not be located on the page using the given search parameters\n\tat io.appium.uiautomator2.utils.ElementLocationHelpers.findElement(ElementLocationHelpers.java:156)\n\tat io.appium.uiautomator2.handler.FindElement.safeHandle(FindElement.java:60)\n\tat io.appium.uiautomator2.handler.request.SafeRequestHandler.handle(SafeRequestHandler.java:59)\n\tat io.appium.uiautomator2.server.AppiumServlet.handleRequest(AppiumServlet.java:277)\n\tat io.appium.uiautomator2.server.AppiumServlet.handleHttpRequest(AppiumServlet.java:271)\n\tat io.appium.uiautomator2.http.ServerHandler.channelRead(ServerHandler.java:77)\n\tat io.netty.channel.AbstractChannelHandlerContext.invokeChannelRead(AbstractChannelHandlerContext.java:366)\n\tat io.netty.channel.Abstr...
&amp#27;[38;5;128m[W3C]&amp#27;[0m Matched W3C error code 'no such element' to NoSuchElementError
&amp#27;[38;5;32m[AndroidUiautomator2Driver@7d8a (737cfc75)]&amp#27;[0m Encountered internal error running command: NoSuchElementError: An element could not be located on the page using the given search parameters.
&amp#27;[38;5;32m[AndroidUiautomator2Driver@7d8a (737cfc75)]&amp#27;[0m     at AndroidUiautomator2Driver.findElOrEls (C:\Users\abuba\.appium\node_modules\appium-uiautomator2-driver\node_modules\appium-android-driver\lib\commands\find.ts:87:11)
&amp#27;[38;5;32m[AndroidUiautomator2Driver@7d8a (737cfc75)]&amp#27;[0m     at processTicksAndRejections (node:internal/process/task_queues:95:5)
&amp#27;[38;5;32m[AndroidUiautomator2Driver@7d8a (737cfc75)]&amp#27;[0m     at AndroidUiautomator2Driver.findElOrElsWithProcessing (C:\Users\abuba\AppData\Roaming\npm\node_modules\appium\node_modules\@appium\base-driver\lib\basedriver\commands\find.ts:60:12)
&amp#27;[38;5;32m[AndroidUiautomator2Driver@7d8a (737cfc75)]&amp#27;[0m     at AndroidUiautomator2Driver.findElement (C:\Users\abuba\AppData\Roaming\npm\node_modules\appium\node_modules\@appium\base-driver\lib\basedriver\commands\find.ts:75:12)
&amp#27;[38;5;0m[HTTP]&amp#27;[0m &amp#27;[37m<-- POST /session/737cfc75-39b7-4d8d-95ca-253dab0f7826/element &amp#27;[39m&amp#27;[33m404&amp#27;[39m &amp#27;[90m49 ms - 890&amp#27;[39m
&amp#27;[38;5;0m[HTTP]&amp#27;[0m &amp#27;[90m&amp#27;[39m
&amp#27;[38;5;0m[HTTP]&amp#27;[0m &amp#27;[37m-->&amp#27;[39m &amp#27;[37mPOST&amp#27;[39m &amp#27;[37m/session/737cfc75-39b7-4d8d-95ca-253dab0f7826/element&amp#27;[39m
&amp#27;[38;5;0m[HTTP]&amp#27;[0m &amp#27;[90m{"using":"xpath","value":"//android.view.View[@text='Today']"}&amp#27;[39m
&amp#27;[38;5;32m[AndroidUiautomator2Driver@7d8a (737cfc75)]&amp#27;[0m Calling AppiumDriver.findElement() with args: ["xpath","//android.view.View[@text='Today']","737cfc75-39b7-4d8d-95ca-253dab0f7826"]
&amp#27;[38;5;32m[AndroidUiautomator2Driver@7d8a (737cfc75)]&amp#27;[0m Valid locator strategies for this request: xpath, id, class name, accessibility id, css selector, -android uiautomator
&amp#27;[38;5;32m[AndroidUiautomator2Driver@7d8a (737cfc75)]&amp#27;[0m Waiting up to 0 ms for condition
&amp#27;[38;5;32m[AndroidUiautomator2Driver@7d8a (737cfc75)]&amp#27;[0m Matched '/element' to command name 'findElement'
&amp#27;[38;5;32m[AndroidUiautomator2Driver@7d8a (737cfc75)]&amp#27;[0m Proxying [POST /element] to [POST http://127.0.0.1:8240/session/848f67d1-b0ae-4721-9dff-71f52c26d8f9/element] with body: {"strategy":"xpath","selector":"//android.view.View[@text='Today']","context":"","multiple":false}
&amp#27;[38;5;32m[AndroidUiautomator2Driver@7d8a (737cfc75)]&amp#27;[0m Got response with status 404: {"sessionId":"848f67d1-b0ae-4721-9dff-71f52c26d8f9","value":{"error":"no such element","message":"An element could not be located on the page using the given search parameters","stacktrace":"io.appium.uiautomator2.common.exceptions.ElementNotFoundException: An element could not be located on the page using the given search parameters\n\tat io.appium.uiautomator2.utils.ElementLocationHelpers.findElement(ElementLocationHelpers.java:156)\n\tat io.appium.uiautomator2.handler.FindElement.safeHandle(FindElement.java:60)\n\tat io.appium.uiautomator2.handler.request.SafeRequestHandler.handle(SafeRequestHandler.java:59)\n\tat io.appium.uiautomator2.server.AppiumServlet.handleRequest(AppiumServlet.java:277)\n\tat io.appium.uiautomator2.server.AppiumServlet.handleHttpRequest(AppiumServlet.java:271)\n\tat io.appium.uiautomator2.http.ServerHandler.channelRead(ServerHandler.java:77)\n\tat io.netty.channel.AbstractChannelHandlerContext.invokeChannelRead(AbstractChannelHandlerContext.java:366)\n\tat io.netty.channel.Abstr...
&amp#27;[38;5;128m[W3C]&amp#27;[0m Matched W3C error code 'no such element' to NoSuchElementError
&amp#27;[38;5;32m[AndroidUiautomator2Driver@7d8a (737cfc75)]&amp#27;[0m Encountered internal error running command: NoSuchElementError: An element could not be located on the page using the given search parameters.
&amp#27;[38;5;32m[AndroidUiautomator2Driver@7d8a (737cfc75)]&amp#27;[0m     at AndroidUiautomator2Driver.findElOrEls (C:\Users\abuba\.appium\node_modules\appium-uiautomator2-driver\node_modules\appium-android-driver\lib\commands\find.ts:87:11)
&amp#27;[38;5;32m[AndroidUiautomator2Driver@7d8a (737cfc75)]&amp#27;[0m     at processTicksAndRejections (node:internal/process/task_queues:95:5)
&amp#27;[38;5;32m[AndroidUiautomator2Driver@7d8a (737cfc75)]&amp#27;[0m     at AndroidUiautomator2Driver.findElOrElsWithProcessing (C:\Users\abuba\AppData\Roaming\npm\node_modules\appium\node_modules\@appium\base-driver\lib\basedriver\commands\find.ts:60:12)
&amp#27;[38;5;32m[AndroidUiautomator2Driver@7d8a (737cfc75)]&amp#27;[0m     at AndroidUiautomator2Driver.findElement (C:\Users\abuba\AppData\Roaming\npm\node_modules\appium\node_modules\@appium\base-driver\lib\basedriver\commands\find.ts:75:12)
&amp#27;[38;5;0m[HTTP]&amp#27;[0m &amp#27;[37m<-- POST /session/737cfc75-39b7-4d8d-95ca-253dab0f7826/element &amp#27;[39m&amp#27;[33m404&amp#27;[39m &amp#27;[90m52 ms - 890&amp#27;[39m
&amp#27;[38;5;0m[HTTP]&amp#27;[0m &amp#27;[90m&amp#27;[39m
&amp#27;[38;5;0m[HTTP]&amp#27;[0m &amp#27;[37m-->&amp#27;[39m &amp#27;[37mPOST&amp#27;[39m &amp#27;[37m/session/737cfc75-39b7-4d8d-95ca-253dab0f7826/element&amp#27;[39m
&amp#27;[38;5;0m[HTTP]&amp#27;[0m &amp#27;[90m{"using":"xpath","value":"//android.view.View[@text='Today']"}&amp#27;[39m
&amp#27;[38;5;32m[AndroidUiautomator2Driver@7d8a (737cfc75)]&amp#27;[0m Calling AppiumDriver.findElement() with args: ["xpath","//android.view.View[@text='Today']","737cfc75-39b7-4d8d-95ca-253dab0f7826"]
&amp#27;[38;5;32m[AndroidUiautomator2Driver@7d8a (737cfc75)]&amp#27;[0m Valid locator strategies for this request: xpath, id, class name, accessibility id, css selector, -android uiautomator
&amp#27;[38;5;32m[AndroidUiautomator2Driver@7d8a (737cfc75)]&amp#27;[0m Waiting up to 0 ms for condition
&amp#27;[38;5;32m[AndroidUiautomator2Driver@7d8a (737cfc75)]&amp#27;[0m Matched '/element' to command name 'findElement'
&amp#27;[38;5;32m[AndroidUiautomator2Driver@7d8a (737cfc75)]&amp#27;[0m Proxying [POST /element] to [POST http://127.0.0.1:8240/session/848f67d1-b0ae-4721-9dff-71f52c26d8f9/element] with body: {"strategy":"xpath","selector":"//android.view.View[@text='Today']","context":"","multiple":false}
&amp#27;[38;5;32m[AndroidUiautomator2Driver@7d8a (737cfc75)]&amp#27;[0m Got response with status 404: {"sessionId":"848f67d1-b0ae-4721-9dff-71f52c26d8f9","value":{"error":"no such element","message":"An element could not be located on the page using the given search parameters","stacktrace":"io.appium.uiautomator2.common.exceptions.ElementNotFoundException: An element could not be located on the page using the given search parameters\n\tat io.appium.uiautomator2.utils.ElementLocationHelpers.findElement(ElementLocationHelpers.java:156)\n\tat io.appium.uiautomator2.handler.FindElement.safeHandle(FindElement.java:60)\n\tat io.appium.uiautomator2.handler.request.SafeRequestHandler.handle(SafeRequestHandler.java:59)\n\tat io.appium.uiautomator2.server.AppiumServlet.handleRequest(AppiumServlet.java:277)\n\tat io.appium.uiautomator2.server.AppiumServlet.handleHttpRequest(AppiumServlet.java:271)\n\tat io.appium.uiautomator2.http.ServerHandler.channelRead(ServerHandler.java:77)\n\tat io.netty.channel.AbstractChannelHandlerContext.invokeChannelRead(AbstractChannelHandlerContext.java:366)\n\tat io.netty.channel.Abstr...
&amp#27;[38;5;128m[W3C]&amp#27;[0m Matched W3C error code 'no such element' to NoSuchElementError
&amp#27;[38;5;32m[AndroidUiautomator2Driver@7d8a (737cfc75)]&amp#27;[0m Encountered internal error running command: NoSuchElementError: An element could not be located on the page using the given search parameters.
&amp#27;[38;5;32m[AndroidUiautomator2Driver@7d8a (737cfc75)]&amp#27;[0m     at AndroidUiautomator2Driver.findElOrEls (C:\Users\abuba\.appium\node_modules\appium-uiautomator2-driver\node_modules\appium-android-driver\lib\commands\find.ts:87:11)
&amp#27;[38;5;32m[AndroidUiautomator2Driver@7d8a (737cfc75)]&amp#27;[0m     at processTicksAndRejections (node:internal/process/task_queues:95:5)
&amp#27;[38;5;32m[AndroidUiautomator2Driver@7d8a (737cfc75)]&amp#27;[0m     at AndroidUiautomator2Driver.findElOrElsWithProcessing (C:\Users\abuba\AppData\Roaming\npm\node_modules\appium\node_modules\@appium\base-driver\lib\basedriver\commands\find.ts:60:12)
&amp#27;[38;5;32m[AndroidUiautomator2Driver@7d8a (737cfc75)]&amp#27;[0m     at AndroidUiautomator2Driver.findElement (C:\Users\abuba\AppData\Roaming\npm\node_modules\appium\node_modules\@appium\base-driver\lib\basedriver\commands\find.ts:75:12)
&amp#27;[38;5;0m[HTTP]&amp#27;[0m &amp#27;[37m<-- POST /session/737cfc75-39b7-4d8d-95ca-253dab0f7826/element &amp#27;[39m&amp#27;[33m404&amp#27;[39m &amp#27;[90m46 ms - 890&amp#27;[39m
&amp#27;[38;5;0m[HTTP]&amp#27;[0m &amp#27;[90m&amp#27;[39m
&amp#27;[38;5;0m[HTTP]&amp#27;[0m &amp#27;[37m-->&amp#27;[39m &amp#27;[37mPOST&amp#27;[39m &amp#27;[37m/session/737cfc75-39b7-4d8d-95ca-253dab0f7826/element&amp#27;[39m
&amp#27;[38;5;0m[HTTP]&amp#27;[0m &amp#27;[90m{"using":"xpath","value":"//android.view.View[@text='Today']"}&amp#27;[39m
&amp#27;[38;5;32m[AndroidUiautomator2Driver@7d8a (737cfc75)]&amp#27;[0m Calling AppiumDriver.findElement() with args: ["xpath","//android.view.View[@text='Today']","737cfc75-39b7-4d8d-95ca-253dab0f7826"]
&amp#27;[38;5;32m[AndroidUiautomator2Driver@7d8a (737cfc75)]&amp#27;[0m Valid locator strategies for this request: xpath, id, class name, accessibility id, css selector, -android uiautomator
&amp#27;[38;5;32m[AndroidUiautomator2Driver@7d8a (737cfc75)]&amp#27;[0m Waiting up to 0 ms for condition
&amp#27;[38;5;32m[AndroidUiautomator2Driver@7d8a (737cfc75)]&amp#27;[0m Matched '/element' to command name 'findElement'
&amp#27;[38;5;32m[AndroidUiautomator2Driver@7d8a (737cfc75)]&amp#27;[0m Proxying [POST /element] to [POST http://127.0.0.1:8240/session/848f67d1-b0ae-4721-9dff-71f52c26d8f9/element] with body: {"strategy":"xpath","selector":"//android.view.View[@text='Today']","context":"","multiple":false}
&amp#27;[38;5;32m[AndroidUiautomator2Driver@7d8a (737cfc75)]&amp#27;[0m Got response with status 404: {"sessionId":"848f67d1-b0ae-4721-9dff-71f52c26d8f9","value":{"error":"no such element","message":"An element could not be located on the page using the given search parameters","stacktrace":"io.appium.uiautomator2.common.exceptions.ElementNotFoundException: An element could not be located on the page using the given search parameters\n\tat io.appium.uiautomator2.utils.ElementLocationHelpers.findElement(ElementLocationHelpers.java:156)\n\tat io.appium.uiautomator2.handler.FindElement.safeHandle(FindElement.java:60)\n\tat io.appium.uiautomator2.handler.request.SafeRequestHandler.handle(SafeRequestHandler.java:59)\n\tat io.appium.uiautomator2.server.AppiumServlet.handleRequest(AppiumServlet.java:277)\n\tat io.appium.uiautomator2.server.AppiumServlet.handleHttpRequest(AppiumServlet.java:271)\n\tat io.appium.uiautomator2.http.ServerHandler.channelRead(ServerHandler.java:77)\n\tat io.netty.channel.AbstractChannelHandlerContext.invokeChannelRead(AbstractChannelHandlerContext.java:366)\n\tat io.netty.channel.Abstr...
&amp#27;[38;5;128m[W3C]&amp#27;[0m Matched W3C error code 'no such element' to NoSuchElementError
&amp#27;[38;5;32m[AndroidUiautomator2Driver@7d8a (737cfc75)]&amp#27;[0m Encountered internal error running command: NoSuchElementError: An element could not be located on the page using the given search parameters.
&amp#27;[38;5;32m[AndroidUiautomator2Driver@7d8a (737cfc75)]&amp#27;[0m     at AndroidUiautomator2Driver.findElOrEls (C:\Users\abuba\.appium\node_modules\appium-uiautomator2-driver\node_modules\appium-android-driver\lib\commands\find.ts:87:11)
&amp#27;[38;5;32m[AndroidUiautomator2Driver@7d8a (737cfc75)]&amp#27;[0m     at processTicksAndRejections (node:internal/process/task_queues:95:5)
&amp#27;[38;5;32m[AndroidUiautomator2Driver@7d8a (737cfc75)]&amp#27;[0m     at AndroidUiautomator2Driver.findElOrElsWithProcessing (C:\Users\abuba\AppData\Roaming\npm\node_modules\appium\node_modules\@appium\base-driver\lib\basedriver\commands\find.ts:60:12)
&amp#27;[38;5;32m[AndroidUiautomator2Driver@7d8a (737cfc75)]&amp#27;[0m     at AndroidUiautomator2Driver.findElement (C:\Users\abuba\AppData\Roaming\npm\node_modules\appium\node_modules\@appium\base-driver\lib\basedriver\commands\find.ts:75:12)
&amp#27;[38;5;0m[HTTP]&amp#27;[0m &amp#27;[37m<-- POST /session/737cfc75-39b7-4d8d-95ca-253dab0f7826/element &amp#27;[39m&amp#27;[33m404&amp#27;[39m &amp#27;[90m47 ms - 890&amp#27;[39m
&amp#27;[38;5;0m[HTTP]&amp#27;[0m &amp#27;[90m&amp#27;[39m
&amp#27;[38;5;0m[HTTP]&amp#27;[0m &amp#27;[37m-->&amp#27;[39m &amp#27;[37mPOST&amp#27;[39m &amp#27;[37m/session/737cfc75-39b7-4d8d-95ca-253dab0f7826/element&amp#27;[39m
&amp#27;[38;5;0m[HTTP]&amp#27;[0m &amp#27;[90m{"using":"xpath","value":"//android.view.View[@text='Today']"}&amp#27;[39m
&amp#27;[38;5;32m[AndroidUiautomator2Driver@7d8a (737cfc75)]&amp#27;[0m Calling AppiumDriver.findElement() with args: ["xpath","//android.view.View[@text='Today']","737cfc75-39b7-4d8d-95ca-253dab0f7826"]
&amp#27;[38;5;32m[AndroidUiautomator2Driver@7d8a (737cfc75)]&amp#27;[0m Valid locator strategies for this request: xpath, id, class name, accessibility id, css selector, -android uiautomator
&amp#27;[38;5;32m[AndroidUiautomator2Driver@7d8a (737cfc75)]&amp#27;[0m Waiting up to 0 ms for condition
&amp#27;[38;5;32m[AndroidUiautomator2Driver@7d8a (737cfc75)]&amp#27;[0m Matched '/element' to command name 'findElement'
&amp#27;[38;5;32m[AndroidUiautomator2Driver@7d8a (737cfc75)]&amp#27;[0m Proxying [POST /element] to [POST http://127.0.0.1:8240/session/848f67d1-b0ae-4721-9dff-71f52c26d8f9/element] with body: {"strategy":"xpath","selector":"//android.view.View[@text='Today']","context":"","multiple":false}
&amp#27;[38;5;32m[AndroidUiautomator2Driver@7d8a (737cfc75)]&amp#27;[0m Got response with status 404: {"sessionId":"848f67d1-b0ae-4721-9dff-71f52c26d8f9","value":{"error":"no such element","message":"An element could not be located on the page using the given search parameters","stacktrace":"io.appium.uiautomator2.common.exceptions.ElementNotFoundException: An element could not be located on the page using the given search parameters\n\tat io.appium.uiautomator2.utils.ElementLocationHelpers.findElement(ElementLocationHelpers.java:156)\n\tat io.appium.uiautomator2.handler.FindElement.safeHandle(FindElement.java:60)\n\tat io.appium.uiautomator2.handler.request.SafeRequestHandler.handle(SafeRequestHandler.java:59)\n\tat io.appium.uiautomator2.server.AppiumServlet.handleRequest(AppiumServlet.java:277)\n\tat io.appium.uiautomator2.server.AppiumServlet.handleHttpRequest(AppiumServlet.java:271)\n\tat io.appium.uiautomator2.http.ServerHandler.channelRead(ServerHandler.java:77)\n\tat io.netty.channel.AbstractChannelHandlerContext.invokeChannelRead(AbstractChannelHandlerContext.java:366)\n\tat io.netty.channel.Abstr...
&amp#27;[38;5;128m[W3C]&amp#27;[0m Matched W3C error code 'no such element' to NoSuchElementError
&amp#27;[38;5;32m[AndroidUiautomator2Driver@7d8a (737cfc75)]&amp#27;[0m Encountered internal error running command: NoSuchElementError: An element could not be located on the page using the given search parameters.
&amp#27;[38;5;32m[AndroidUiautomator2Driver@7d8a (737cfc75)]&amp#27;[0m     at AndroidUiautomator2Driver.findElOrEls (C:\Users\abuba\.appium\node_modules\appium-uiautomator2-driver\node_modules\appium-android-driver\lib\commands\find.ts:87:11)
&amp#27;[38;5;32m[AndroidUiautomator2Driver@7d8a (737cfc75)]&amp#27;[0m     at processTicksAndRejections (node:internal/process/task_queues:95:5)
&amp#27;[38;5;32m[AndroidUiautomator2Driver@7d8a (737cfc75)]&amp#27;[0m     at AndroidUiautomator2Driver.findElOrElsWithProcessing (C:\Users\abuba\AppData\Roaming\npm\node_modules\appium\node_modules\@appium\base-driver\lib\basedriver\commands\find.ts:60:12)
&amp#27;[38;5;32m[AndroidUiautomator2Driver@7d8a (737cfc75)]&amp#27;[0m     at AndroidUiautomator2Driver.findElement (C:\Users\abuba\AppData\Roaming\npm\node_modules\appium\node_modules\@appium\base-driver\lib\basedriver\commands\find.ts:75:12)
&amp#27;[38;5;0m[HTTP]&amp#27;[0m &amp#27;[37m<-- POST /session/737cfc75-39b7-4d8d-95ca-253dab0f7826/element &amp#27;[39m&amp#27;[33m404&amp#27;[39m &amp#27;[90m46 ms - 890&amp#27;[39m
&amp#27;[38;5;0m[HTTP]&amp#27;[0m &amp#27;[90m&amp#27;[39m
&amp#27;[38;5;0m[HTTP]&amp#27;[0m &amp#27;[37m-->&amp#27;[39m &amp#27;[37mPOST&amp#27;[39m &amp#27;[37m/session/737cfc75-39b7-4d8d-95ca-253dab0f7826/element&amp#27;[39m
&amp#27;[38;5;0m[HTTP]&amp#27;[0m &amp#27;[90m{"using":"xpath","value":"//android.view.View[@text='Today']"}&amp#27;[39m
&amp#27;[38;5;32m[AndroidUiautomator2Driver@7d8a (737cfc75)]&amp#27;[0m Calling AppiumDriver.findElement() with args: ["xpath","//android.view.View[@text='Today']","737cfc75-39b7-4d8d-95ca-253dab0f7826"]
&amp#27;[38;5;32m[AndroidUiautomator2Driver@7d8a (737cfc75)]&amp#27;[0m Valid locator strategies for this request: xpath, id, class name, accessibility id, css selector, -android uiautomator
&amp#27;[38;5;32m[AndroidUiautomator2Driver@7d8a (737cfc75)]&amp#27;[0m Waiting up to 0 ms for condition
&amp#27;[38;5;32m[AndroidUiautomator2Driver@7d8a (737cfc75)]&amp#27;[0m Matched '/element' to command name 'findElement'
&amp#27;[38;5;32m[AndroidUiautomator2Driver@7d8a (737cfc75)]&amp#27;[0m Proxying [POST /element] to [POST http://127.0.0.1:8240/session/848f67d1-b0ae-4721-9dff-71f52c26d8f9/element] with body: {"strategy":"xpath","selector":"//android.view.View[@text='Today']","context":"","multiple":false}
&amp#27;[38;5;32m[AndroidUiautomator2Driver@7d8a (737cfc75)]&amp#27;[0m Got response with status 404: {"sessionId":"848f67d1-b0ae-4721-9dff-71f52c26d8f9","value":{"error":"no such element","message":"An element could not be located on the page using the given search parameters","stacktrace":"io.appium.uiautomator2.common.exceptions.ElementNotFoundException: An element could not be located on the page using the given search parameters\n\tat io.appium.uiautomator2.utils.ElementLocationHelpers.findElement(ElementLocationHelpers.java:156)\n\tat io.appium.uiautomator2.handler.FindElement.safeHandle(FindElement.java:60)\n\tat io.appium.uiautomator2.handler.request.SafeRequestHandler.handle(SafeRequestHandler.java:59)\n\tat io.appium.uiautomator2.server.AppiumServlet.handleRequest(AppiumServlet.java:277)\n\tat io.appium.uiautomator2.server.AppiumServlet.handleHttpRequest(AppiumServlet.java:271)\n\tat io.appium.uiautomator2.http.ServerHandler.channelRead(ServerHandler.java:77)\n\tat io.netty.channel.AbstractChannelHandlerContext.invokeChannelRead(AbstractChannelHandlerContext.java:366)\n\tat io.netty.channel.Abstr...
&amp#27;[38;5;128m[W3C]&amp#27;[0m Matched W3C error code 'no such element' to NoSuchElementError
&amp#27;[38;5;32m[AndroidUiautomator2Driver@7d8a (737cfc75)]&amp#27;[0m Encountered internal error running command: NoSuchElementError: An element could not be located on the page using the given search parameters.
&amp#27;[38;5;32m[AndroidUiautomator2Driver@7d8a (737cfc75)]&amp#27;[0m     at AndroidUiautomator2Driver.findElOrEls (C:\Users\abuba\.appium\node_modules\appium-uiautomator2-driver\node_modules\appium-android-driver\lib\commands\find.ts:87:11)
&amp#27;[38;5;32m[AndroidUiautomator2Driver@7d8a (737cfc75)]&amp#27;[0m     at processTicksAndRejections (node:internal/process/task_queues:95:5)
&amp#27;[38;5;32m[AndroidUiautomator2Driver@7d8a (737cfc75)]&amp#27;[0m     at AndroidUiautomator2Driver.findElOrElsWithProcessing (C:\Users\abuba\AppData\Roaming\npm\node_modules\appium\node_modules\@appium\base-driver\lib\basedriver\commands\find.ts:60:12)
&amp#27;[38;5;32m[AndroidUiautomator2Driver@7d8a (737cfc75)]&amp#27;[0m     at AndroidUiautomator2Driver.findElement (C:\Users\abuba\AppData\Roaming\npm\node_modules\appium\node_modules\@appium\base-driver\lib\basedriver\commands\find.ts:75:12)
&amp#27;[38;5;0m[HTTP]&amp#27;[0m &amp#27;[37m<-- POST /session/737cfc75-39b7-4d8d-95ca-253dab0f7826/element &amp#27;[39m&amp#27;[33m404&amp#27;[39m &amp#27;[90m50 ms - 890&amp#27;[39m
&amp#27;[38;5;0m[HTTP]&amp#27;[0m &amp#27;[90m&amp#27;[39m
&amp#27;[38;5;0m[HTTP]&amp#27;[0m &amp#27;[37m-->&amp#27;[39m &amp#27;[37mPOST&amp#27;[39m &amp#27;[37m/session/737cfc75-39b7-4d8d-95ca-253dab0f7826/element&amp#27;[39m
&amp#27;[38;5;0m[HTTP]&amp#27;[0m &amp#27;[90m{"using":"xpath","value":"//android.view.View[@text='Today']"}&amp#27;[39m
&amp#27;[38;5;32m[AndroidUiautomator2Driver@7d8a (737cfc75)]&amp#27;[0m Calling AppiumDriver.findElement() with args: ["xpath","//android.view.View[@text='Today']","737cfc75-39b7-4d8d-95ca-253dab0f7826"]
&amp#27;[38;5;32m[AndroidUiautomator2Driver@7d8a (737cfc75)]&amp#27;[0m Valid locator strategies for this request: xpath, id, class name, accessibility id, css selector, -android uiautomator
&amp#27;[38;5;32m[AndroidUiautomator2Driver@7d8a (737cfc75)]&amp#27;[0m Waiting up to 0 ms for condition
&amp#27;[38;5;32m[AndroidUiautomator2Driver@7d8a (737cfc75)]&amp#27;[0m Matched '/element' to command name 'findElement'
&amp#27;[38;5;32m[AndroidUiautomator2Driver@7d8a (737cfc75)]&amp#27;[0m Proxying [POST /element] to [POST http://127.0.0.1:8240/session/848f67d1-b0ae-4721-9dff-71f52c26d8f9/element] with body: {"strategy":"xpath","selector":"//android.view.View[@text='Today']","context":"","multiple":false}
&amp#27;[38;5;32m[AndroidUiautomator2Driver@7d8a (737cfc75)]&amp#27;[0m Got response with status 404: {"sessionId":"848f67d1-b0ae-4721-9dff-71f52c26d8f9","value":{"error":"no such element","message":"An element could not be located on the page using the given search parameters","stacktrace":"io.appium.uiautomator2.common.exceptions.ElementNotFoundException: An element could not be located on the page using the given search parameters\n\tat io.appium.uiautomator2.utils.ElementLocationHelpers.findElement(ElementLocationHelpers.java:156)\n\tat io.appium.uiautomator2.handler.FindElement.safeHandle(FindElement.java:60)\n\tat io.appium.uiautomator2.handler.request.SafeRequestHandler.handle(SafeRequestHandler.java:59)\n\tat io.appium.uiautomator2.server.AppiumServlet.handleRequest(AppiumServlet.java:277)\n\tat io.appium.uiautomator2.server.AppiumServlet.handleHttpRequest(AppiumServlet.java:271)\n\tat io.appium.uiautomator2.http.ServerHandler.channelRead(ServerHandler.java:77)\n\tat io.netty.channel.AbstractChannelHandlerContext.invokeChannelRead(AbstractChannelHandlerContext.java:366)\n\tat io.netty.channel.Abstr...
&amp#27;[38;5;128m[W3C]&amp#27;[0m Matched W3C error code 'no such element' to NoSuchElementError
&amp#27;[38;5;32m[AndroidUiautomator2Driver@7d8a (737cfc75)]&amp#27;[0m Encountered internal error running command: NoSuchElementError: An element could not be located on the page using the given search parameters.
&amp#27;[38;5;32m[AndroidUiautomator2Driver@7d8a (737cfc75)]&amp#27;[0m     at AndroidUiautomator2Driver.findElOrEls (C:\Users\abuba\.appium\node_modules\appium-uiautomator2-driver\node_modules\appium-android-driver\lib\commands\find.ts:87:11)
&amp#27;[38;5;32m[AndroidUiautomator2Driver@7d8a (737cfc75)]&amp#27;[0m     at processTicksAndRejections (node:internal/process/task_queues:95:5)
&amp#27;[38;5;32m[AndroidUiautomator2Driver@7d8a (737cfc75)]&amp#27;[0m     at AndroidUiautomator2Driver.findElOrElsWithProcessing (C:\Users\abuba\AppData\Roaming\npm\node_modules\appium\node_modules\@appium\base-driver\lib\basedriver\commands\find.ts:60:12)
&amp#27;[38;5;32m[AndroidUiautomator2Driver@7d8a (737cfc75)]&amp#27;[0m     at AndroidUiautomator2Driver.findElement (C:\Users\abuba\AppData\Roaming\npm\node_modules\appium\node_modules\@appium\base-driver\lib\basedriver\commands\find.ts:75:12)
&amp#27;[38;5;0m[HTTP]&amp#27;[0m &amp#27;[37m<-- POST /session/737cfc75-39b7-4d8d-95ca-253dab0f7826/element &amp#27;[39m&amp#27;[33m404&amp#27;[39m &amp#27;[90m48 ms - 890&amp#27;[39m
&amp#27;[38;5;0m[HTTP]&amp#27;[0m &amp#27;[90m&amp#27;[39m
&amp#27;[38;5;0m[HTTP]&amp#27;[0m &amp#27;[37m-->&amp#27;[39m &amp#27;[37mPOST&amp#27;[39m &amp#27;[37m/session/737cfc75-39b7-4d8d-95ca-253dab0f7826/element&amp#27;[39m
&amp#27;[38;5;0m[HTTP]&amp#27;[0m &amp#27;[90m{"using":"xpath","value":"//android.view.View[@text='Today']"}&amp#27;[39m
&amp#27;[38;5;32m[AndroidUiautomator2Driver@7d8a (737cfc75)]&amp#27;[0m Calling AppiumDriver.findElement() with args: ["xpath","//android.view.View[@text='Today']","737cfc75-39b7-4d8d-95ca-253dab0f7826"]
&amp#27;[38;5;32m[AndroidUiautomator2Driver@7d8a (737cfc75)]&amp#27;[0m Valid locator strategies for this request: xpath, id, class name, accessibility id, css selector, -android uiautomator
&amp#27;[38;5;32m[AndroidUiautomator2Driver@7d8a (737cfc75)]&amp#27;[0m Waiting up to 0 ms for condition
&amp#27;[38;5;32m[AndroidUiautomator2Driver@7d8a (737cfc75)]&amp#27;[0m Matched '/element' to command name 'findElement'
&amp#27;[38;5;32m[AndroidUiautomator2Driver@7d8a (737cfc75)]&amp#27;[0m Proxying [POST /element] to [POST http://127.0.0.1:8240/session/848f67d1-b0ae-4721-9dff-71f52c26d8f9/element] with body: {"strategy":"xpath","selector":"//android.view.View[@text='Today']","context":"","multiple":false}
&amp#27;[38;5;32m[AndroidUiautomator2Driver@7d8a (737cfc75)]&amp#27;[0m Got response with status 404: {"sessionId":"848f67d1-b0ae-4721-9dff-71f52c26d8f9","value":{"error":"no such element","message":"An element could not be located on the page using the given search parameters","stacktrace":"io.appium.uiautomator2.common.exceptions.ElementNotFoundException: An element could not be located on the page using the given search parameters\n\tat io.appium.uiautomator2.utils.ElementLocationHelpers.findElement(ElementLocationHelpers.java:156)\n\tat io.appium.uiautomator2.handler.FindElement.safeHandle(FindElement.java:60)\n\tat io.appium.uiautomator2.handler.request.SafeRequestHandler.handle(SafeRequestHandler.java:59)\n\tat io.appium.uiautomator2.server.AppiumServlet.handleRequest(AppiumServlet.java:277)\n\tat io.appium.uiautomator2.server.AppiumServlet.handleHttpRequest(AppiumServlet.java:271)\n\tat io.appium.uiautomator2.http.ServerHandler.channelRead(ServerHandler.java:77)\n\tat io.netty.channel.AbstractChannelHandlerContext.invokeChannelRead(AbstractChannelHandlerContext.java:366)\n\tat io.netty.channel.Abstr...
&amp#27;[38;5;128m[W3C]&amp#27;[0m Matched W3C error code 'no such element' to NoSuchElementError
&amp#27;[38;5;32m[AndroidUiautomator2Driver@7d8a (737cfc75)]&amp#27;[0m Encountered internal error running command: NoSuchElementError: An element could not be located on the page using the given search parameters.
&amp#27;[38;5;32m[AndroidUiautomator2Driver@7d8a (737cfc75)]&amp#27;[0m     at AndroidUiautomator2Driver.findElOrEls (C:\Users\abuba\.appium\node_modules\appium-uiautomator2-driver\node_modules\appium-android-driver\lib\commands\find.ts:87:11)
&amp#27;[38;5;32m[AndroidUiautomator2Driver@7d8a (737cfc75)]&amp#27;[0m     at processTicksAndRejections (node:internal/process/task_queues:95:5)
&amp#27;[38;5;32m[AndroidUiautomator2Driver@7d8a (737cfc75)]&amp#27;[0m     at AndroidUiautomator2Driver.findElOrElsWithProcessing (C:\Users\abuba\AppData\Roaming\npm\node_modules\appium\node_modules\@appium\base-driver\lib\basedriver\commands\find.ts:60:12)
&amp#27;[38;5;32m[AndroidUiautomator2Driver@7d8a (737cfc75)]&amp#27;[0m     at AndroidUiautomator2Driver.findElement (C:\Users\abuba\AppData\Roaming\npm\node_modules\appium\node_modules\@appium\base-driver\lib\basedriver\commands\find.ts:75:12)
&amp#27;[38;5;0m[HTTP]&amp#27;[0m &amp#27;[37m<-- POST /session/737cfc75-39b7-4d8d-95ca-253dab0f7826/element &amp#27;[39m&amp#27;[33m404&amp#27;[39m &amp#27;[90m49 ms - 890&amp#27;[39m
&amp#27;[38;5;0m[HTTP]&amp#27;[0m &amp#27;[90m&amp#27;[39m
&amp#27;[38;5;0m[HTTP]&amp#27;[0m &amp#27;[37m-->&amp#27;[39m &amp#27;[37mPOST&amp#27;[39m &amp#27;[37m/session/737cfc75-39b7-4d8d-95ca-253dab0f7826/element&amp#27;[39m
&amp#27;[38;5;0m[HTTP]&amp#27;[0m &amp#27;[90m{"using":"xpath","value":"//android.view.View[@text='Today']"}&amp#27;[39m
&amp#27;[38;5;32m[AndroidUiautomator2Driver@7d8a (737cfc75)]&amp#27;[0m Calling AppiumDriver.findElement() with args: ["xpath","//android.view.View[@text='Today']","737cfc75-39b7-4d8d-95ca-253dab0f7826"]
&amp#27;[38;5;32m[AndroidUiautomator2Driver@7d8a (737cfc75)]&amp#27;[0m Valid locator strategies for this request: xpath, id, class name, accessibility id, css selector, -android uiautomator
&amp#27;[38;5;32m[AndroidUiautomator2Driver@7d8a (737cfc75)]&amp#27;[0m Waiting up to 0 ms for condition
&amp#27;[38;5;32m[AndroidUiautomator2Driver@7d8a (737cfc75)]&amp#27;[0m Matched '/element' to command name 'findElement'
&amp#27;[38;5;32m[AndroidUiautomator2Driver@7d8a (737cfc75)]&amp#27;[0m Proxying [POST /element] to [POST http://127.0.0.1:8240/session/848f67d1-b0ae-4721-9dff-71f52c26d8f9/element] with body: {"strategy":"xpath","selector":"//android.view.View[@text='Today']","context":"","multiple":false}
&amp#27;[38;5;32m[AndroidUiautomator2Driver@7d8a (737cfc75)]&amp#27;[0m Got response with status 404: {"sessionId":"848f67d1-b0ae-4721-9dff-71f52c26d8f9","value":{"error":"no such element","message":"An element could not be located on the page using the given search parameters","stacktrace":"io.appium.uiautomator2.common.exceptions.ElementNotFoundException: An element could not be located on the page using the given search parameters\n\tat io.appium.uiautomator2.utils.ElementLocationHelpers.findElement(ElementLocationHelpers.java:156)\n\tat io.appium.uiautomator2.handler.FindElement.safeHandle(FindElement.java:60)\n\tat io.appium.uiautomator2.handler.request.SafeRequestHandler.handle(SafeRequestHandler.java:59)\n\tat io.appium.uiautomator2.server.AppiumServlet.handleRequest(AppiumServlet.java:277)\n\tat io.appium.uiautomator2.server.AppiumServlet.handleHttpRequest(AppiumServlet.java:271)\n\tat io.appium.uiautomator2.http.ServerHandler.channelRead(ServerHandler.java:77)\n\tat io.netty.channel.AbstractChannelHandlerContext.invokeChannelRead(AbstractChannelHandlerContext.java:366)\n\tat io.netty.channel.Abstr...
&amp#27;[38;5;128m[W3C]&amp#27;[0m Matched W3C error code 'no such element' to NoSuchElementError
&amp#27;[38;5;32m[AndroidUiautomator2Driver@7d8a (737cfc75)]&amp#27;[0m Encountered internal error running command: NoSuchElementError: An element could not be located on the page using the given search parameters.
&amp#27;[38;5;32m[AndroidUiautomator2Driver@7d8a (737cfc75)]&amp#27;[0m     at AndroidUiautomator2Driver.findElOrEls (C:\Users\abuba\.appium\node_modules\appium-uiautomator2-driver\node_modules\appium-android-driver\lib\commands\find.ts:87:11)
&amp#27;[38;5;32m[AndroidUiautomator2Driver@7d8a (737cfc75)]&amp#27;[0m     at processTicksAndRejections (node:internal/process/task_queues:95:5)
&amp#27;[38;5;32m[AndroidUiautomator2Driver@7d8a (737cfc75)]&amp#27;[0m     at AndroidUiautomator2Driver.findElOrElsWithProcessing (C:\Users\abuba\AppData\Roaming\npm\node_modules\appium\node_modules\@appium\base-driver\lib\basedriver\commands\find.ts:60:12)
&amp#27;[38;5;32m[AndroidUiautomator2Driver@7d8a (737cfc75)]&amp#27;[0m     at AndroidUiautomator2Driver.findElement (C:\Users\abuba\AppData\Roaming\npm\node_modules\appium\node_modules\@appium\base-driver\lib\basedriver\commands\find.ts:75:12)
&amp#27;[38;5;0m[HTTP]&amp#27;[0m &amp#27;[37m<-- POST /session/737cfc75-39b7-4d8d-95ca-253dab0f7826/element &amp#27;[39m&amp#27;[33m404&amp#27;[39m &amp#27;[90m51 ms - 890&amp#27;[39m
&amp#27;[38;5;0m[HTTP]&amp#27;[0m &amp#27;[90m&amp#27;[39m
&amp#27;[38;5;0m[HTTP]&amp#27;[0m &amp#27;[37m-->&amp#27;[39m &amp#27;[37mPOST&amp#27;[39m &amp#27;[37m/session/737cfc75-39b7-4d8d-95ca-253dab0f7826/element&amp#27;[39m
&amp#27;[38;5;0m[HTTP]&amp#27;[0m &amp#27;[90m{"using":"xpath","value":"//android.view.View[@text='Today']"}&amp#27;[39m
&amp#27;[38;5;32m[AndroidUiautomator2Driver@7d8a (737cfc75)]&amp#27;[0m Calling AppiumDriver.findElement() with args: ["xpath","//android.view.View[@text='Today']","737cfc75-39b7-4d8d-95ca-253dab0f7826"]
&amp#27;[38;5;32m[AndroidUiautomator2Driver@7d8a (737cfc75)]&amp#27;[0m Valid locator strategies for this request: xpath, id, class name, accessibility id, css selector, -android uiautomator
&amp#27;[38;5;32m[AndroidUiautomator2Driver@7d8a (737cfc75)]&amp#27;[0m Waiting up to 0 ms for condition
&amp#27;[38;5;32m[AndroidUiautomator2Driver@7d8a (737cfc75)]&amp#27;[0m Matched '/element' to command name 'findElement'
&amp#27;[38;5;32m[AndroidUiautomator2Driver@7d8a (737cfc75)]&amp#27;[0m Proxying [POST /element] to [POST http://127.0.0.1:8240/session/848f67d1-b0ae-4721-9dff-71f52c26d8f9/element] with body: {"strategy":"xpath","selector":"//android.view.View[@text='Today']","context":"","multiple":false}
&amp#27;[38;5;32m[AndroidUiautomator2Driver@7d8a (737cfc75)]&amp#27;[0m Got response with status 200: {"sessionId":"848f67d1-b0ae-4721-9dff-71f52c26d8f9","value":{"ELEMENT":"00000000-0000-05c2-0000-002700000004","element-6066-11e4-a52e-4f735466cecf":"00000000-0000-05c2-0000-002700000004"}}
&amp#27;[38;5;32m[AndroidUiautomator2Driver@7d8a (737cfc75)]&amp#27;[0m Responding to client with driver.findElement() result: {"element-6066-11e4-a52e-4f735466cecf":"00000000-0000-05c2-0000-002700000004","ELEMENT":"00000000-0000-05c2-0000-002700000004"}
&amp#27;[38;5;0m[HTTP]&amp#27;[0m &amp#27;[37m<-- POST /session/737cfc75-39b7-4d8d-95ca-253dab0f7826/element &amp#27;[39m&amp#27;[32m200&amp#27;[39m &amp#27;[90m314 ms - 137&amp#27;[39m
&amp#27;[38;5;0m[HTTP]&amp#27;[0m &amp#27;[90m&amp#27;[39m
&amp#27;[38;5;0m[HTTP]&amp#27;[0m &amp#27;[37m-->&amp#27;[39m &amp#27;[37mGET&amp#27;[39m &amp#27;[37m/session/737cfc75-39b7-4d8d-95ca-253dab0f7826/element/00000000-0000-05c2-0000-002700000004/displayed&amp#27;[39m
&amp#27;[38;5;0m[HTTP]&amp#27;[0m &amp#27;[90m{}&amp#27;[39m
&amp#27;[38;5;32m[AndroidUiautomator2Driver@7d8a (737cfc75)]&amp#27;[0m Calling AppiumDriver.elementDisplayed() with args: ["00000000-0000-05c2-0000-002700000004","737cfc75-39b7-4d8d-95ca-253dab0f7826"]
&amp#27;[38;5;32m[AndroidUiautomator2Driver@7d8a (737cfc75)]&amp#27;[0m Matched '/element/00000000-0000-05c2-0000-002700000004/attribute/displayed' to command name 'getAttribute'
&amp#27;[38;5;32m[AndroidUiautomator2Driver@7d8a (737cfc75)]&amp#27;[0m Proxying [GET /element/00000000-0000-05c2-0000-002700000004/attribute/displayed] to [GET http://127.0.0.1:8240/session/848f67d1-b0ae-4721-9dff-71f52c26d8f9/element/00000000-0000-05c2-0000-002700000004/attribute/displayed] with no body
&amp#27;[38;5;32m[AndroidUiautomator2Driver@7d8a (737cfc75)]&amp#27;[0m Got response with status 200: {"sessionId":"848f67d1-b0ae-4721-9dff-71f52c26d8f9","value":"true"}
&amp#27;[38;5;32m[AndroidUiautomator2Driver@7d8a (737cfc75)]&amp#27;[0m Responding to client with driver.elementDisplayed() result: true
&amp#27;[38;5;0m[HTTP]&amp#27;[0m &amp#27;[37m<-- GET /session/737cfc75-39b7-4d8d-95ca-253dab0f7826/element/00000000-0000-05c2-0000-002700000004/displayed &amp#27;[39m&amp#27;[32m200&amp#27;[39m &amp#27;[90m12 ms - 14&amp#27;[39m
&amp#27;[38;5;0m[HTTP]&amp#27;[0m &amp#27;[90m&amp#27;[39m
&amp#27;[38;5;0m[HTTP]&amp#27;[0m &amp#27;[37m-->&amp#27;[39m &amp#27;[37mPOST&amp#27;[39m &amp#27;[37m/session/737cfc75-39b7-4d8d-95ca-253dab0f7826/element&amp#27;[39m
&amp#27;[38;5;0m[HTTP]&amp#27;[0m &amp#27;[90m{"using":"xpath","value":"//android.view.View[@text='Today']"}&amp#27;[39m
&amp#27;[38;5;32m[AndroidUiautomator2Driver@7d8a (737cfc75)]&amp#27;[0m Calling AppiumDriver.findElement() with args: ["xpath","//android.view.View[@text='Today']","737cfc75-39b7-4d8d-95ca-253dab0f7826"]
&amp#27;[38;5;32m[AndroidUiautomator2Driver@7d8a (737cfc75)]&amp#27;[0m Valid locator strategies for this request: xpath, id, class name, accessibility id, css selector, -android uiautomator
&amp#27;[38;5;32m[AndroidUiautomator2Driver@7d8a (737cfc75)]&amp#27;[0m Waiting up to 0 ms for condition
&amp#27;[38;5;32m[AndroidUiautomator2Driver@7d8a (737cfc75)]&amp#27;[0m Matched '/element' to command name 'findElement'
&amp#27;[38;5;32m[AndroidUiautomator2Driver@7d8a (737cfc75)]&amp#27;[0m Proxying [POST /element] to [POST http://127.0.0.1:8240/session/848f67d1-b0ae-4721-9dff-71f52c26d8f9/element] with body: {"strategy":"xpath","selector":"//android.view.View[@text='Today']","context":"","multiple":false}
&amp#27;[38;5;32m[AndroidUiautomator2Driver@7d8a (737cfc75)]&amp#27;[0m Got response with status 200: {"sessionId":"848f67d1-b0ae-4721-9dff-71f52c26d8f9","value":{"ELEMENT":"00000000-0000-05c2-0000-002700000004","element-6066-11e4-a52e-4f735466cecf":"00000000-0000-05c2-0000-002700000004"}}
&amp#27;[38;5;32m[AndroidUiautomator2Driver@7d8a (737cfc75)]&amp#27;[0m Responding to client with driver.findElement() result: {"element-6066-11e4-a52e-4f735466cecf":"00000000-0000-05c2-0000-002700000004","ELEMENT":"00000000-0000-05c2-0000-002700000004"}
&amp#27;[38;5;0m[HTTP]&amp#27;[0m &amp#27;[37m<-- POST /session/737cfc75-39b7-4d8d-95ca-253dab0f7826/element &amp#27;[39m&amp#27;[32m200&amp#27;[39m &amp#27;[90m122 ms - 137&amp#27;[39m
&amp#27;[38;5;0m[HTTP]&amp#27;[0m &amp#27;[90m&amp#27;[39m
&amp#27;[38;5;0m[HTTP]&amp#27;[0m &amp#27;[37m-->&amp#27;[39m &amp#27;[37mPOST&amp#27;[39m &amp#27;[37m/session/737cfc75-39b7-4d8d-95ca-253dab0f7826/element&amp#27;[39m
&amp#27;[38;5;0m[HTTP]&amp#27;[0m &amp#27;[90m{"using":"xpath","value":"//android.view.View[@text='Today']"}&amp#27;[39m
&amp#27;[38;5;32m[AndroidUiautomator2Driver@7d8a (737cfc75)]&amp#27;[0m Calling AppiumDriver.findElement() with args: ["xpath","//android.view.View[@text='Today']","737cfc75-39b7-4d8d-95ca-253dab0f7826"]
&amp#27;[38;5;32m[AndroidUiautomator2Driver@7d8a (737cfc75)]&amp#27;[0m Valid locator strategies for this request: xpath, id, class name, accessibility id, css selector, -android uiautomator
&amp#27;[38;5;32m[AndroidUiautomator2Driver@7d8a (737cfc75)]&amp#27;[0m Waiting up to 0 ms for condition
&amp#27;[38;5;32m[AndroidUiautomator2Driver@7d8a (737cfc75)]&amp#27;[0m Matched '/element' to command name 'findElement'
&amp#27;[38;5;32m[AndroidUiautomator2Driver@7d8a (737cfc75)]&amp#27;[0m Proxying [POST /element] to [POST http://127.0.0.1:8240/session/848f67d1-b0ae-4721-9dff-71f52c26d8f9/element] with body: {"strategy":"xpath","selector":"//android.view.View[@text='Today']","context":"","multiple":false}
&amp#27;[38;5;32m[AndroidUiautomator2Driver@7d8a (737cfc75)]&amp#27;[0m Got response with status 200: {"sessionId":"848f67d1-b0ae-4721-9dff-71f52c26d8f9","value":{"ELEMENT":"00000000-0000-05c2-0000-002700000004","element-6066-11e4-a52e-4f735466cecf":"00000000-0000-05c2-0000-002700000004"}}
&amp#27;[38;5;32m[AndroidUiautomator2Driver@7d8a (737cfc75)]&amp#27;[0m Responding to client with driver.findElement() result: {"element-6066-11e4-a52e-4f735466cecf":"00000000-0000-05c2-0000-002700000004","ELEMENT":"00000000-0000-05c2-0000-002700000004"}
&amp#27;[38;5;0m[HTTP]&amp#27;[0m &amp#27;[37m<-- POST /session/737cfc75-39b7-4d8d-95ca-253dab0f7826/element &amp#27;[39m&amp#27;[32m200&amp#27;[39m &amp#27;[90m118 ms - 137&amp#27;[39m
&amp#27;[38;5;0m[HTTP]&amp#27;[0m &amp#27;[90m&amp#27;[39m
&amp#27;[38;5;0m[HTTP]&amp#27;[0m &amp#27;[37m-->&amp#27;[39m &amp#27;[37mGET&amp#27;[39m &amp#27;[37m/session/737cfc75-39b7-4d8d-95ca-253dab0f7826/element/00000000-0000-05c2-0000-002700000004/text&amp#27;[39m
&amp#27;[38;5;0m[HTTP]&amp#27;[0m &amp#27;[90m{}&amp#27;[39m
&amp#27;[38;5;32m[AndroidUiautomator2Driver@7d8a (737cfc75)]&amp#27;[0m Driver proxy active, passing request on via HTTP proxy
&amp#27;[38;5;32m[AndroidUiautomator2Driver@7d8a (737cfc75)]&amp#27;[0m Matched '/session/737cfc75-39b7-4d8d-95ca-253dab0f7826/element/00000000-0000-05c2-0000-002700000004/text' to command name 'getText'
&amp#27;[38;5;32m[AndroidUiautomator2Driver@7d8a (737cfc75)]&amp#27;[0m Proxying [GET /session/737cfc75-39b7-4d8d-95ca-253dab0f7826/element/00000000-0000-05c2-0000-002700000004/text] to [GET http://127.0.0.1:8240/session/848f67d1-b0ae-4721-9dff-71f52c26d8f9/element/00000000-0000-05c2-0000-002700000004/text] with no body
&amp#27;[38;5;32m[AndroidUiautomator2Driver@7d8a (737cfc75)]&amp#27;[0m Got response with status 200: {"sessionId":"848f67d1-b0ae-4721-9dff-71f52c26d8f9","value":"Today"}
&amp#27;[38;5;32m[AndroidUiautomator2Driver@7d8a (737cfc75)]&amp#27;[0m Replacing sessionId 848f67d1-b0ae-4721-9dff-71f52c26d8f9 with 737cfc75-39b7-4d8d-95ca-253dab0f7826
&amp#27;[38;5;0m[HTTP]&amp#27;[0m &amp#27;[37m<-- GET /session/737cfc75-39b7-4d8d-95ca-253dab0f7826/element/00000000-0000-05c2-0000-002700000004/text &amp#27;[39m&amp#27;[32m200&amp#27;[39m &amp#27;[90m11 ms - 68&amp#27;[39m
&amp#27;[38;5;0m[HTTP]&amp#27;[0m &amp#27;[90m&amp#27;[39m
  &amp#27;[32mGiven &amp#27;[0m&amp#27;[32mI am a general user of the weather forcast&amp#27;[0m                                                          &amp#27;[90m# weatherAppTest.StepDefinitions.i_am_a_general_user_of_the_weather_forcast()&amp#27;[0m
&amp#27;[38;5;0m[HTTP]&amp#27;[0m &amp#27;[37m-->&amp#27;[39m &amp#27;[37mPOST&amp#27;[39m &amp#27;[37m/session/737cfc75-39b7-4d8d-95ca-253dab0f7826/elements&amp#27;[39m
&amp#27;[38;5;0m[HTTP]&amp#27;[0m &amp#27;[90m{"using":"xpath","value":"//android.widget.HorizontalScrollView"}&amp#27;[39m
&amp#27;[38;5;32m[AndroidUiautomator2Driver@7d8a (737cfc75)]&amp#27;[0m Calling AppiumDriver.findElements() with args: ["xpath","//android.widget.HorizontalScrollView","737cfc75-39b7-4d8d-95ca-253dab0f7826"]
&amp#27;[38;5;32m[AndroidUiautomator2Driver@7d8a (737cfc75)]&amp#27;[0m Valid locator strategies for this request: xpath, id, class name, accessibility id, css selector, -android uiautomator
&amp#27;[38;5;32m[AndroidUiautomator2Driver@7d8a (737cfc75)]&amp#27;[0m Waiting up to 0 ms for condition
&amp#27;[38;5;32m[AndroidUiautomator2Driver@7d8a (737cfc75)]&amp#27;[0m Matched '/elements' to command name 'findElements'
&amp#27;[38;5;32m[AndroidUiautomator2Driver@7d8a (737cfc75)]&amp#27;[0m Proxying [POST /elements] to [POST http://127.0.0.1:8240/session/848f67d1-b0ae-4721-9dff-71f52c26d8f9/elements] with body: {"strategy":"xpath","selector":"//android.widget.HorizontalScrollView","context":"","multiple":true}
&amp#27;[38;5;32m[AndroidUiautomator2Driver@7d8a (737cfc75)]&amp#27;[0m Got response with status 200: {"sessionId":"848f67d1-b0ae-4721-9dff-71f52c26d8f9","value":[{"ELEMENT":"00000000-0000-05c2-0000-002900000004","element-6066-11e4-a52e-4f735466cecf":"00000000-0000-05c2-0000-002900000004"},{"ELEMENT":"00000000-0000-05c2-0000-002a00000004","element-6066-11e4-a52e-4f735466cecf":"00000000-0000-05c2-0000-002a00000004"}]}
&amp#27;[38;5;32m[AndroidUiautomator2Driver@7d8a (737cfc75)]&amp#27;[0m Responding to client with driver.findElements() result: [{"element-6066-11e4-a52e-4f735466cecf":"00000000-0000-05c2-0000-002900000004","ELEMENT":"00000000-0000-05c2-0000-002900000004"},{"element-6066-11e4-a52e-4f735466cecf":"00000000-0000-05c2-0000-002a00000004","ELEMENT":"00000000-0000-05c2-0000-002a00000004"}]
&amp#27;[38;5;0m[HTTP]&amp#27;[0m &amp#27;[37m<-- POST /session/737cfc75-39b7-4d8d-95ca-253dab0f7826/elements &amp#27;[39m&amp#27;[32m200&amp#27;[39m &amp#27;[90m118 ms - 267&amp#27;[39m
&amp#27;[38;5;0m[HTTP]&amp#27;[0m &amp#27;[90m&amp#27;[39m
  &amp#27;[32mWhen &amp#27;[0m&amp#27;[32mI request to view hourly weather forcasts for the day&amp#27;[0m                                                &amp#27;[90m# weatherAppTest.StepDefinitions.i_request_to_view_hourly_weather_forcasts_for_the_day()&amp#27;[0m
&amp#27;[38;5;0m[HTTP]&amp#27;[0m &amp#27;[37m-->&amp#27;[39m &amp#27;[37mPOST&amp#27;[39m &amp#27;[37m/session/737cfc75-39b7-4d8d-95ca-253dab0f7826/elements&amp#27;[39m
&amp#27;[38;5;0m[HTTP]&amp#27;[0m &amp#27;[90m{"using":"xpath","value":"//android.widget.HorizontalScrollView"}&amp#27;[39m
&amp#27;[38;5;32m[AndroidUiautomator2Driver@7d8a (737cfc75)]&amp#27;[0m Calling AppiumDriver.findElements() with args: ["xpath","//android.widget.HorizontalScrollView","737cfc75-39b7-4d8d-95ca-253dab0f7826"]
&amp#27;[38;5;32m[AndroidUiautomator2Driver@7d8a (737cfc75)]&amp#27;[0m Valid locator strategies for this request: xpath, id, class name, accessibility id, css selector, -android uiautomator
&amp#27;[38;5;32m[AndroidUiautomator2Driver@7d8a (737cfc75)]&amp#27;[0m Waiting up to 0 ms for condition
&amp#27;[38;5;32m[AndroidUiautomator2Driver@7d8a (737cfc75)]&amp#27;[0m Matched '/elements' to command name 'findElements'
&amp#27;[38;5;32m[AndroidUiautomator2Driver@7d8a (737cfc75)]&amp#27;[0m Proxying [POST /elements] to [POST http://127.0.0.1:8240/session/848f67d1-b0ae-4721-9dff-71f52c26d8f9/elements] with body: {"strategy":"xpath","selector":"//android.widget.HorizontalScrollView","context":"","multiple":true}
&amp#27;[38;5;32m[AndroidUiautomator2Driver@7d8a (737cfc75)]&amp#27;[0m Got response with status 200: {"sessionId":"848f67d1-b0ae-4721-9dff-71f52c26d8f9","value":[{"ELEMENT":"00000000-0000-05c2-0000-002900000004","element-6066-11e4-a52e-4f735466cecf":"00000000-0000-05c2-0000-002900000004"},{"ELEMENT":"00000000-0000-05c2-0000-002a00000004","element-6066-11e4-a52e-4f735466cecf":"00000000-0000-05c2-0000-002a00000004"}]}
&amp#27;[38;5;32m[AndroidUiautomator2Driver@7d8a (737cfc75)]&amp#27;[0m Responding to client with driver.findElements() result: [{"element-6066-11e4-a52e-4f735466cecf":"00000000-0000-05c2-0000-002900000004","ELEMENT":"00000000-0000-05c2-0000-002900000004"},{"element-6066-11e4-a52e-4f735466cecf":"00000000-0000-05c2-0000-002a00000004","ELEMENT":"00000000-0000-05c2-0000-002a00000004"}]
&amp#27;[38;5;0m[HTTP]&amp#27;[0m &amp#27;[37m<-- POST /session/737cfc75-39b7-4d8d-95ca-253dab0f7826/elements &amp#27;[39m&amp#27;[32m200&amp#27;[39m &amp#27;[90m106 ms - 267&amp#27;[39m
&amp#27;[38;5;0m[HTTP]&amp#27;[0m &amp#27;[90m&amp#27;[39m
&amp#27;[38;5;0m[HTTP]&amp#27;[0m &amp#27;[37m-->&amp#27;[39m &amp#27;[37mPOST&amp#27;[39m &amp#27;[37m/session/737cfc75-39b7-4d8d-95ca-253dab0f7826/element/00000000-0000-05c2-0000-002900000004/elements&amp#27;[39m
&amp#27;[38;5;0m[HTTP]&amp#27;[0m &amp#27;[90m{"id":"00000000-0000-05c2-0000-002900000004","using":"xpath","value":"//android.view.View"}&amp#27;[39m
&amp#27;[38;5;32m[AndroidUiautomator2Driver@7d8a (737cfc75)]&amp#27;[0m Calling AppiumDriver.findElementsFromElement() with args: ["xpath","//android.view.View","00000000-0000-05c2-0000-002900000004","737cfc75-39b7-4d8d-95ca-253dab0f7826"]
&amp#27;[38;5;32m[AndroidUiautomator2Driver@7d8a (737cfc75)]&amp#27;[0m Valid locator strategies for this request: xpath, id, class name, accessibility id, css selector, -android uiautomator
&amp#27;[38;5;32m[AndroidUiautomator2Driver@7d8a (737cfc75)]&amp#27;[0m Waiting up to 0 ms for condition
&amp#27;[38;5;32m[AndroidUiautomator2Driver@7d8a (737cfc75)]&amp#27;[0m Matched '/elements' to command name 'findElements'
&amp#27;[38;5;32m[AndroidUiautomator2Driver@7d8a (737cfc75)]&amp#27;[0m Proxying [POST /elements] to [POST http://127.0.0.1:8240/session/848f67d1-b0ae-4721-9dff-71f52c26d8f9/elements] with body: {"strategy":"xpath","selector":"//android.view.View","context":"00000000-0000-05c2-0000-002900000004","multiple":true}
&amp#27;[38;5;32m[AndroidUiautomator2Driver@7d8a (737cfc75)]&amp#27;[0m Got response with status 200: {"sessionId":"848f67d1-b0ae-4721-9dff-71f52c26d8f9","value":[{"ELEMENT":"00000000-0000-05c2-0000-002b00000004","element-6066-11e4-a52e-4f735466cecf":"00000000-0000-05c2-0000-002b00000004"},{"ELEMENT":"00000000-0000-05c2-0000-002d00000004","element-6066-11e4-a52e-4f735466cecf":"00000000-0000-05c2-0000-002d00000004"},{"ELEMENT":"00000000-0000-05c2-0000-002f00000004","element-6066-11e4-a52e-4f735466cecf":"00000000-0000-05c2-0000-002f00000004"},{"ELEMENT":"00000000-0000-05c2-0000-003100000004","element-6066-11e4-a52e-4f735466cecf":"00000000-0000-05c2-0000-003100000004"},{"ELEMENT":"00000000-0000-05c2-0000-003300000004","element-6066-11e4-a52e-4f735466cecf":"00000000-0000-05c2-0000-003300000004"},{"ELEMENT":"00000000-0000-05c2-0000-003500000004","element-6066-11e4-a52e-4f735466cecf":"00000000-0000-05c2-0000-003500000004"},{"ELEMENT":"00000000-0000-05c2-0000-003700000004","element-6066-11e4-a52e-4f735466cecf":"00000000-0000-05c2-0000-003700000004"},{"ELEMENT":"00000000-0000-05c2-0000-003900000004","element-6066-...
&amp#27;[38;5;32m[AndroidUiautomator2Driver@7d8a (737cfc75)]&amp#27;[0m Responding to client with driver.findElementsFromElement() result: [{"element-6066-11e4-a52e-4f735466cecf":"00000000-0000-05c2-0000-002b00000004","ELEMENT":"00000000-0000-05c2-0000-002b00000004"},{"element-6066-11e4-a52e-4f735466cecf":"00000000-0000-05c2-0000-002d00000004","ELEMENT":"00000000-0000-05c2-0000-002d00000004"},{"element-6066-11e4-a52e-4f735466cecf":"00000000-0000-05c2-0000-002f00000004","ELEMENT":"00000000-0000-05c2-0000-002f00000004"},{"element-6066-11e4-a52e-4f735466cecf":"00000000-0000-05c2-0000-003100000004","ELEMENT":"00000000-0000-05c2-0000-003100000004"},{"element-6066-11e4-a52e-4f735466cecf":"00000000-0000-05c2-0000-003300000004","ELEMENT":"00000000-0000-05c2-0000-003300000004"},{"element-6066-11e4-a52e-4f735466cecf":"00000000-0000-05c2-0000-003500000004","ELEMENT":"00000000-0000-05c2-0000-003500000004"},{"element-6066-11e4-a52e-4f735466cecf":"00000000-0000-05c2-0000-003700000004","ELEMENT":"00000000-0000-05c2-0000-003700000004"},{"element-6066-11e4-a52e-4f735466cecf":"00000000-0000-05c2-0000-003900000004","ELEMENT":"00000000-0000-05c2-0000-00390000000...
&amp#27;[38;5;0m[HTTP]&amp#27;[0m &amp#27;[37m<-- POST /session/737cfc75-39b7-4d8d-95ca-253dab0f7826/element/00000000-0000-05c2-0000-002900000004/elements &amp#27;[39m&amp#27;[32m200&amp#27;[39m &amp#27;[90m50 ms - 2059&amp#27;[39m
&amp#27;[38;5;0m[HTTP]&amp#27;[0m &amp#27;[90m&amp#27;[39m
&amp#27;[38;5;0m[HTTP]&amp#27;[0m &amp#27;[37m-->&amp#27;[39m &amp#27;[37mGET&amp#27;[39m &amp#27;[37m/session/737cfc75-39b7-4d8d-95ca-253dab0f7826/element/00000000-0000-05c2-0000-002b00000004/text&amp#27;[39m
&amp#27;[38;5;0m[HTTP]&amp#27;[0m &amp#27;[90m{}&amp#27;[39m
&amp#27;[38;5;32m[AndroidUiautomator2Driver@7d8a (737cfc75)]&amp#27;[0m Driver proxy active, passing request on via HTTP proxy
&amp#27;[38;5;32m[AndroidUiautomator2Driver@7d8a (737cfc75)]&amp#27;[0m Matched '/session/737cfc75-39b7-4d8d-95ca-253dab0f7826/element/00000000-0000-05c2-0000-002b00000004/text' to command name 'getText'
&amp#27;[38;5;32m[AndroidUiautomator2Driver@7d8a (737cfc75)]&amp#27;[0m Proxying [GET /session/737cfc75-39b7-4d8d-95ca-253dab0f7826/element/00000000-0000-05c2-0000-002b00000004/text] to [GET http://127.0.0.1:8240/session/848f67d1-b0ae-4721-9dff-71f52c26d8f9/element/00000000-0000-05c2-0000-002b00000004/text] with no body
&amp#27;[38;5;32m[AndroidUiautomator2Driver@7d8a (737cfc75)]&amp#27;[0m Got response with status 200: {"sessionId":"848f67d1-b0ae-4721-9dff-71f52c26d8f9","value":"02:00"}
&amp#27;[38;5;32m[AndroidUiautomator2Driver@7d8a (737cfc75)]&amp#27;[0m Replacing sessionId 848f67d1-b0ae-4721-9dff-71f52c26d8f9 with 737cfc75-39b7-4d8d-95ca-253dab0f7826
&amp#27;[38;5;0m[HTTP]&amp#27;[0m &amp#27;[37m<-- GET /session/737cfc75-39b7-4d8d-95ca-253dab0f7826/element/00000000-0000-05c2-0000-002b00000004/text &amp#27;[39m&amp#27;[32m200&amp#27;[39m &amp#27;[90m10 ms - 68&amp#27;[39m
&amp#27;[38;5;0m[HTTP]&amp#27;[0m &amp#27;[90m&amp#27;[39m
&amp#27;[38;5;0m[HTTP]&amp#27;[0m &amp#27;[37m-->&amp#27;[39m &amp#27;[37mGET&amp#27;[39m &amp#27;[37m/session/737cfc75-39b7-4d8d-95ca-253dab0f7826/element/00000000-0000-05c2-0000-002d00000004/text&amp#27;[39m
&amp#27;[38;5;0m[HTTP]&amp#27;[0m &amp#27;[90m{}&amp#27;[39m
&amp#27;[38;5;32m[AndroidUiautomator2Driver@7d8a (737cfc75)]&amp#27;[0m Driver proxy active, passing request on via HTTP proxy
&amp#27;[38;5;32m[AndroidUiautomator2Driver@7d8a (737cfc75)]&amp#27;[0m Matched '/session/737cfc75-39b7-4d8d-95ca-253dab0f7826/element/00000000-0000-05c2-0000-002d00000004/text' to command name 'getText'
&amp#27;[38;5;32m[AndroidUiautomator2Driver@7d8a (737cfc75)]&amp#27;[0m Proxying [GET /session/737cfc75-39b7-4d8d-95ca-253dab0f7826/element/00000000-0000-05c2-0000-002d00000004/text] to [GET http://127.0.0.1:8240/session/848f67d1-b0ae-4721-9dff-71f52c26d8f9/element/00000000-0000-05c2-0000-002d00000004/text] with no body
&amp#27;[38;5;32m[AndroidUiautomator2Driver@7d8a (737cfc75)]&amp#27;[0m Got response with status 200: {"sessionId":"848f67d1-b0ae-4721-9dff-71f52c26d8f9","value":"broken clouds"}
&amp#27;[38;5;32m[AndroidUiautomator2Driver@7d8a (737cfc75)]&amp#27;[0m Replacing sessionId 848f67d1-b0ae-4721-9dff-71f52c26d8f9 with 737cfc75-39b7-4d8d-95ca-253dab0f7826
&amp#27;[38;5;0m[HTTP]&amp#27;[0m &amp#27;[37m<-- GET /session/737cfc75-39b7-4d8d-95ca-253dab0f7826/element/00000000-0000-05c2-0000-002d00000004/text &amp#27;[39m&amp#27;[32m200&amp#27;[39m &amp#27;[90m10 ms - 76&amp#27;[39m
&amp#27;[38;5;0m[HTTP]&amp#27;[0m &amp#27;[90m&amp#27;[39m
&amp#27;[38;5;0m[HTTP]&amp#27;[0m &amp#27;[37m-->&amp#27;[39m &amp#27;[37mGET&amp#27;[39m &amp#27;[37m/session/737cfc75-39b7-4d8d-95ca-253dab0f7826/element/00000000-0000-05c2-0000-002f00000004/text&amp#27;[39m
&amp#27;[38;5;0m[HTTP]&amp#27;[0m &amp#27;[90m{}&amp#27;[39m
&amp#27;[38;5;32m[AndroidUiautomator2Driver@7d8a (737cfc75)]&amp#27;[0m Driver proxy active, passing request on via HTTP proxy
&amp#27;[38;5;32m[AndroidUiautomator2Driver@7d8a (737cfc75)]&amp#27;[0m Matched '/session/737cfc75-39b7-4d8d-95ca-253dab0f7826/element/00000000-0000-05c2-0000-002f00000004/text' to command name 'getText'
&amp#27;[38;5;32m[AndroidUiautomator2Driver@7d8a (737cfc75)]&amp#27;[0m Proxying [GET /session/737cfc75-39b7-4d8d-95ca-253dab0f7826/element/00000000-0000-05c2-0000-002f00000004/text] to [GET http://127.0.0.1:8240/session/848f67d1-b0ae-4721-9dff-71f52c26d8f9/element/00000000-0000-05c2-0000-002f00000004/text] with no body
&amp#27;[38;5;32m[AndroidUiautomator2Driver@7d8a (737cfc75)]&amp#27;[0m Got response with status 200: {"sessionId":"848f67d1-b0ae-4721-9dff-71f52c26d8f9","value":"77 %"}
&amp#27;[38;5;32m[AndroidUiautomator2Driver@7d8a (737cfc75)]&amp#27;[0m Replacing sessionId 848f67d1-b0ae-4721-9dff-71f52c26d8f9 with 737cfc75-39b7-4d8d-95ca-253dab0f7826
&amp#27;[38;5;0m[HTTP]&amp#27;[0m &amp#27;[37m<-- GET /session/737cfc75-39b7-4d8d-95ca-253dab0f7826/element/00000000-0000-05c2-0000-002f00000004/text &amp#27;[39m&amp#27;[32m200&amp#27;[39m &amp#27;[90m10 ms - 67&amp#27;[39m
&amp#27;[38;5;0m[HTTP]&amp#27;[0m &amp#27;[90m&amp#27;[39m
&amp#27;[38;5;0m[HTTP]&amp#27;[0m &amp#27;[37m-->&amp#27;[39m &amp#27;[37mGET&amp#27;[39m &amp#27;[37m/session/737cfc75-39b7-4d8d-95ca-253dab0f7826/element/00000000-0000-05c2-0000-003100000004/text&amp#27;[39m
&amp#27;[38;5;0m[HTTP]&amp#27;[0m &amp#27;[90m{}&amp#27;[39m
&amp#27;[38;5;32m[AndroidUiautomator2Driver@7d8a (737cfc75)]&amp#27;[0m Driver proxy active, passing request on via HTTP proxy
&amp#27;[38;5;32m[AndroidUiautomator2Driver@7d8a (737cfc75)]&amp#27;[0m Matched '/session/737cfc75-39b7-4d8d-95ca-253dab0f7826/element/00000000-0000-05c2-0000-003100000004/text' to command name 'getText'
&amp#27;[38;5;32m[AndroidUiautomator2Driver@7d8a (737cfc75)]&amp#27;[0m Proxying [GET /session/737cfc75-39b7-4d8d-95ca-253dab0f7826/element/00000000-0000-05c2-0000-003100000004/text] to [GET http://127.0.0.1:8240/session/848f67d1-b0ae-4721-9dff-71f52c26d8f9/element/00000000-0000-05c2-0000-003100000004/text] with no body
&amp#27;[38;5;32m[AndroidUiautomator2Driver@7d8a (737cfc75)]&amp#27;[0m Got response with status 200: {"sessionId":"848f67d1-b0ae-4721-9dff-71f52c26d8f9","value":"13 Â°C"}
&amp#27;[38;5;32m[AndroidUiautomator2Driver@7d8a (737cfc75)]&amp#27;[0m Replacing sessionId 848f67d1-b0ae-4721-9dff-71f52c26d8f9 with 737cfc75-39b7-4d8d-95ca-253dab0f7826
&amp#27;[38;5;0m[HTTP]&amp#27;[0m &amp#27;[37m<-- GET /session/737cfc75-39b7-4d8d-95ca-253dab0f7826/element/00000000-0000-05c2-0000-003100000004/text &amp#27;[39m&amp#27;[32m200&amp#27;[39m &amp#27;[90m10 ms - 69&amp#27;[39m
&amp#27;[38;5;0m[HTTP]&amp#27;[0m &amp#27;[90m&amp#27;[39m
&amp#27;[38;5;0m[HTTP]&amp#27;[0m &amp#27;[37m-->&amp#27;[39m &amp#27;[37mGET&amp#27;[39m &amp#27;[37m/session/737cfc75-39b7-4d8d-95ca-253dab0f7826/element/00000000-0000-05c2-0000-003300000004/text&amp#27;[39m
&amp#27;[38;5;0m[HTTP]&amp#27;[0m &amp#27;[90m{}&amp#27;[39m
&amp#27;[38;5;32m[AndroidUiautomator2Driver@7d8a (737cfc75)]&amp#27;[0m Driver proxy active, passing request on via HTTP proxy
&amp#27;[38;5;32m[AndroidUiautomator2Driver@7d8a (737cfc75)]&amp#27;[0m Matched '/session/737cfc75-39b7-4d8d-95ca-253dab0f7826/element/00000000-0000-05c2-0000-003300000004/text' to command name 'getText'
&amp#27;[38;5;32m[AndroidUiautomator2Driver@7d8a (737cfc75)]&amp#27;[0m Proxying [GET /session/737cfc75-39b7-4d8d-95ca-253dab0f7826/element/00000000-0000-05c2-0000-003300000004/text] to [GET http://127.0.0.1:8240/session/848f67d1-b0ae-4721-9dff-71f52c26d8f9/element/00000000-0000-05c2-0000-003300000004/text] with no body
&amp#27;[38;5;32m[AndroidUiautomator2Driver@7d8a (737cfc75)]&amp#27;[0m Got response with status 200: {"sessionId":"848f67d1-b0ae-4721-9dff-71f52c26d8f9","value":"03:00"}
&amp#27;[38;5;32m[AndroidUiautomator2Driver@7d8a (737cfc75)]&amp#27;[0m Replacing sessionId 848f67d1-b0ae-4721-9dff-71f52c26d8f9 with 737cfc75-39b7-4d8d-95ca-253dab0f7826
&amp#27;[38;5;0m[HTTP]&amp#27;[0m &amp#27;[37m<-- GET /session/737cfc75-39b7-4d8d-95ca-253dab0f7826/element/00000000-0000-05c2-0000-003300000004/text &amp#27;[39m&amp#27;[32m200&amp#27;[39m &amp#27;[90m11 ms - 68&amp#27;[39m
&amp#27;[38;5;0m[HTTP]&amp#27;[0m &amp#27;[90m&amp#27;[39m
&amp#27;[38;5;0m[HTTP]&amp#27;[0m &amp#27;[37m-->&amp#27;[39m &amp#27;[37mGET&amp#27;[39m &amp#27;[37m/session/737cfc75-39b7-4d8d-95ca-253dab0f7826/element/00000000-0000-05c2-0000-003500000004/text&amp#27;[39m
&amp#27;[38;5;0m[HTTP]&amp#27;[0m &amp#27;[90m{}&amp#27;[39m
&amp#27;[38;5;32m[AndroidUiautomator2Driver@7d8a (737cfc75)]&amp#27;[0m Driver proxy active, passing request on via HTTP proxy
&amp#27;[38;5;32m[AndroidUiautomator2Driver@7d8a (737cfc75)]&amp#27;[0m Matched '/session/737cfc75-39b7-4d8d-95ca-253dab0f7826/element/00000000-0000-05c2-0000-003500000004/text' to command name 'getText'
&amp#27;[38;5;32m[AndroidUiautomator2Driver@7d8a (737cfc75)]&amp#27;[0m Proxying [GET /session/737cfc75-39b7-4d8d-95ca-253dab0f7826/element/00000000-0000-05c2-0000-003500000004/text] to [GET http://127.0.0.1:8240/session/848f67d1-b0ae-4721-9dff-71f52c26d8f9/element/00000000-0000-05c2-0000-003500000004/text] with no body
&amp#27;[38;5;32m[AndroidUiautomator2Driver@7d8a (737cfc75)]&amp#27;[0m Got response with status 200: {"sessionId":"848f67d1-b0ae-4721-9dff-71f52c26d8f9","value":"scattered clouds"}
&amp#27;[38;5;32m[AndroidUiautomator2Driver@7d8a (737cfc75)]&amp#27;[0m Replacing sessionId 848f67d1-b0ae-4721-9dff-71f52c26d8f9 with 737cfc75-39b7-4d8d-95ca-253dab0f7826
&amp#27;[38;5;0m[HTTP]&amp#27;[0m &amp#27;[37m<-- GET /session/737cfc75-39b7-4d8d-95ca-253dab0f7826/element/00000000-0000-05c2-0000-003500000004/text &amp#27;[39m&amp#27;[32m200&amp#27;[39m &amp#27;[90m11 ms - 79&amp#27;[39m
&amp#27;[38;5;0m[HTTP]&amp#27;[0m &amp#27;[90m&amp#27;[39m
&amp#27;[38;5;0m[HTTP]&amp#27;[0m &amp#27;[37m-->&amp#27;[39m &amp#27;[37mGET&amp#27;[39m &amp#27;[37m/session/737cfc75-39b7-4d8d-95ca-253dab0f7826/element/00000000-0000-05c2-0000-003700000004/text&amp#27;[39m
&amp#27;[38;5;0m[HTTP]&amp#27;[0m &amp#27;[90m{}&amp#27;[39m
&amp#27;[38;5;32m[AndroidUiautomator2Driver@7d8a (737cfc75)]&amp#27;[0m Driver proxy active, passing request on via HTTP proxy
&amp#27;[38;5;32m[AndroidUiautomator2Driver@7d8a (737cfc75)]&amp#27;[0m Matched '/session/737cfc75-39b7-4d8d-95ca-253dab0f7826/element/00000000-0000-05c2-0000-003700000004/text' to command name 'getText'
&amp#27;[38;5;32m[AndroidUiautomator2Driver@7d8a (737cfc75)]&amp#27;[0m Proxying [GET /session/737cfc75-39b7-4d8d-95ca-253dab0f7826/element/00000000-0000-05c2-0000-003700000004/text] to [GET http://127.0.0.1:8240/session/848f67d1-b0ae-4721-9dff-71f52c26d8f9/element/00000000-0000-05c2-0000-003700000004/text] with no body
&amp#27;[38;5;32m[AndroidUiautomator2Driver@7d8a (737cfc75)]&amp#27;[0m Got response with status 200: {"sessionId":"848f67d1-b0ae-4721-9dff-71f52c26d8f9","value":"79 %"}
&amp#27;[38;5;32m[AndroidUiautomator2Driver@7d8a (737cfc75)]&amp#27;[0m Replacing sessionId 848f67d1-b0ae-4721-9dff-71f52c26d8f9 with 737cfc75-39b7-4d8d-95ca-253dab0f7826
&amp#27;[38;5;0m[HTTP]&amp#27;[0m &amp#27;[37m<-- GET /session/737cfc75-39b7-4d8d-95ca-253dab0f7826/element/00000000-0000-05c2-0000-003700000004/text &amp#27;[39m&amp#27;[32m200&amp#27;[39m &amp#27;[90m10 ms - 67&amp#27;[39m
&amp#27;[38;5;0m[HTTP]&amp#27;[0m &amp#27;[90m&amp#27;[39m
&amp#27;[38;5;0m[HTTP]&amp#27;[0m &amp#27;[37m-->&amp#27;[39m &amp#27;[37mGET&amp#27;[39m &amp#27;[37m/session/737cfc75-39b7-4d8d-95ca-253dab0f7826/element/00000000-0000-05c2-0000-003900000004/text&amp#27;[39m
&amp#27;[38;5;0m[HTTP]&amp#27;[0m &amp#27;[90m{}&amp#27;[39m
&amp#27;[38;5;32m[AndroidUiautomator2Driver@7d8a (737cfc75)]&amp#27;[0m Driver proxy active, passing request on via HTTP proxy
&amp#27;[38;5;32m[AndroidUiautomator2Driver@7d8a (737cfc75)]&amp#27;[0m Matched '/session/737cfc75-39b7-4d8d-95ca-253dab0f7826/element/00000000-0000-05c2-0000-003900000004/text' to command name 'getText'
&amp#27;[38;5;32m[AndroidUiautomator2Driver@7d8a (737cfc75)]&amp#27;[0m Proxying [GET /session/737cfc75-39b7-4d8d-95ca-253dab0f7826/element/00000000-0000-05c2-0000-003900000004/text] to [GET http://127.0.0.1:8240/session/848f67d1-b0ae-4721-9dff-71f52c26d8f9/element/00000000-0000-05c2-0000-003900000004/text] with no body
&amp#27;[38;5;32m[AndroidUiautomator2Driver@7d8a (737cfc75)]&amp#27;[0m Got response with status 200: {"sessionId":"848f67d1-b0ae-4721-9dff-71f52c26d8f9","value":"13 Â°C"}
&amp#27;[38;5;32m[AndroidUiautomator2Driver@7d8a (737cfc75)]&amp#27;[0m Replacing sessionId 848f67d1-b0ae-4721-9dff-71f52c26d8f9 with 737cfc75-39b7-4d8d-95ca-253dab0f7826
&amp#27;[38;5;0m[HTTP]&amp#27;[0m &amp#27;[37m<-- GET /session/737cfc75-39b7-4d8d-95ca-253dab0f7826/element/00000000-0000-05c2-0000-003900000004/text &amp#27;[39m&amp#27;[32m200&amp#27;[39m &amp#27;[90m9 ms - 69&amp#27;[39m
&amp#27;[38;5;0m[HTTP]&amp#27;[0m &amp#27;[90m&amp#27;[39m
&amp#27;[38;5;0m[HTTP]&amp#27;[0m &amp#27;[37m-->&amp#27;[39m &amp#27;[37mGET&amp#27;[39m &amp#27;[37m/session/737cfc75-39b7-4d8d-95ca-253dab0f7826/element/00000000-0000-05c2-0000-003b00000004/text&amp#27;[39m
&amp#27;[38;5;0m[HTTP]&amp#27;[0m &amp#27;[90m{}&amp#27;[39m
&amp#27;[38;5;32m[AndroidUiautomator2Driver@7d8a (737cfc75)]&amp#27;[0m Driver proxy active, passing request on via HTTP proxy
&amp#27;[38;5;32m[AndroidUiautomator2Driver@7d8a (737cfc75)]&amp#27;[0m Matched '/session/737cfc75-39b7-4d8d-95ca-253dab0f7826/element/00000000-0000-05c2-0000-003b00000004/text' to command name 'getText'
&amp#27;[38;5;32m[AndroidUiautomator2Driver@7d8a (737cfc75)]&amp#27;[0m Proxying [GET /session/737cfc75-39b7-4d8d-95ca-253dab0f7826/element/00000000-0000-05c2-0000-003b00000004/text] to [GET http://127.0.0.1:8240/session/848f67d1-b0ae-4721-9dff-71f52c26d8f9/element/00000000-0000-05c2-0000-003b00000004/text] with no body
&amp#27;[38;5;32m[AndroidUiautomator2Driver@7d8a (737cfc75)]&amp#27;[0m Got response with status 200: {"sessionId":"848f67d1-b0ae-4721-9dff-71f52c26d8f9","value":"04:00"}
&amp#27;[38;5;32m[AndroidUiautomator2Driver@7d8a (737cfc75)]&amp#27;[0m Replacing sessionId 848f67d1-b0ae-4721-9dff-71f52c26d8f9 with 737cfc75-39b7-4d8d-95ca-253dab0f7826
&amp#27;[38;5;0m[HTTP]&amp#27;[0m &amp#27;[37m<-- GET /session/737cfc75-39b7-4d8d-95ca-253dab0f7826/element/00000000-0000-05c2-0000-003b00000004/text &amp#27;[39m&amp#27;[32m200&amp#27;[39m &amp#27;[90m9 ms - 68&amp#27;[39m
&amp#27;[38;5;0m[HTTP]&amp#27;[0m &amp#27;[90m&amp#27;[39m
&amp#27;[38;5;0m[HTTP]&amp#27;[0m &amp#27;[37m-->&amp#27;[39m &amp#27;[37mGET&amp#27;[39m &amp#27;[37m/session/737cfc75-39b7-4d8d-95ca-253dab0f7826/element/00000000-0000-05c2-0000-003d00000004/text&amp#27;[39m
&amp#27;[38;5;0m[HTTP]&amp#27;[0m &amp#27;[90m{}&amp#27;[39m
&amp#27;[38;5;32m[AndroidUiautomator2Driver@7d8a (737cfc75)]&amp#27;[0m Driver proxy active, passing request on via HTTP proxy
&amp#27;[38;5;32m[AndroidUiautomator2Driver@7d8a (737cfc75)]&amp#27;[0m Matched '/session/737cfc75-39b7-4d8d-95ca-253dab0f7826/element/00000000-0000-05c2-0000-003d00000004/text' to command name 'getText'
&amp#27;[38;5;32m[AndroidUiautomator2Driver@7d8a (737cfc75)]&amp#27;[0m Proxying [GET /session/737cfc75-39b7-4d8d-95ca-253dab0f7826/element/00000000-0000-05c2-0000-003d00000004/text] to [GET http://127.0.0.1:8240/session/848f67d1-b0ae-4721-9dff-71f52c26d8f9/element/00000000-0000-05c2-0000-003d00000004/text] with no body
&amp#27;[38;5;32m[AndroidUiautomator2Driver@7d8a (737cfc75)]&amp#27;[0m Got response with status 200: {"sessionId":"848f67d1-b0ae-4721-9dff-71f52c26d8f9","value":"broken clouds"}
&amp#27;[38;5;32m[AndroidUiautomator2Driver@7d8a (737cfc75)]&amp#27;[0m Replacing sessionId 848f67d1-b0ae-4721-9dff-71f52c26d8f9 with 737cfc75-39b7-4d8d-95ca-253dab0f7826
&amp#27;[38;5;0m[HTTP]&amp#27;[0m &amp#27;[37m<-- GET /session/737cfc75-39b7-4d8d-95ca-253dab0f7826/element/00000000-0000-05c2-0000-003d00000004/text &amp#27;[39m&amp#27;[32m200&amp#27;[39m &amp#27;[90m9 ms - 76&amp#27;[39m
&amp#27;[38;5;0m[HTTP]&amp#27;[0m &amp#27;[90m&amp#27;[39m
&amp#27;[38;5;0m[HTTP]&amp#27;[0m &amp#27;[37m-->&amp#27;[39m &amp#27;[37mGET&amp#27;[39m &amp#27;[37m/session/737cfc75-39b7-4d8d-95ca-253dab0f7826/element/00000000-0000-05c2-0000-003f00000004/text&amp#27;[39m
&amp#27;[38;5;0m[HTTP]&amp#27;[0m &amp#27;[90m{}&amp#27;[39m
&amp#27;[38;5;32m[AndroidUiautomator2Driver@7d8a (737cfc75)]&amp#27;[0m Driver proxy active, passing request on via HTTP proxy
&amp#27;[38;5;32m[AndroidUiautomator2Driver@7d8a (737cfc75)]&amp#27;[0m Matched '/session/737cfc75-39b7-4d8d-95ca-253dab0f7826/element/00000000-0000-05c2-0000-003f00000004/text' to command name 'getText'
&amp#27;[38;5;32m[AndroidUiautomator2Driver@7d8a (737cfc75)]&amp#27;[0m Proxying [GET /session/737cfc75-39b7-4d8d-95ca-253dab0f7826/element/00000000-0000-05c2-0000-003f00000004/text] to [GET http://127.0.0.1:8240/session/848f67d1-b0ae-4721-9dff-71f52c26d8f9/element/00000000-0000-05c2-0000-003f00000004/text] with no body
&amp#27;[38;5;32m[AndroidUiautomator2Driver@7d8a (737cfc75)]&amp#27;[0m Got response with status 200: {"sessionId":"848f67d1-b0ae-4721-9dff-71f52c26d8f9","value":"77 %"}
&amp#27;[38;5;32m[AndroidUiautomator2Driver@7d8a (737cfc75)]&amp#27;[0m Replacing sessionId 848f67d1-b0ae-4721-9dff-71f52c26d8f9 with 737cfc75-39b7-4d8d-95ca-253dab0f7826
&amp#27;[38;5;0m[HTTP]&amp#27;[0m &amp#27;[37m<-- GET /session/737cfc75-39b7-4d8d-95ca-253dab0f7826/element/00000000-0000-05c2-0000-003f00000004/text &amp#27;[39m&amp#27;[32m200&amp#27;[39m &amp#27;[90m10 ms - 67&amp#27;[39m
&amp#27;[38;5;0m[HTTP]&amp#27;[0m &amp#27;[90m&amp#27;[39m
&amp#27;[38;5;0m[HTTP]&amp#27;[0m &amp#27;[37m-->&amp#27;[39m &amp#27;[37mGET&amp#27;[39m &amp#27;[37m/session/737cfc75-39b7-4d8d-95ca-253dab0f7826/element/00000000-0000-05c2-0000-004100000004/text&amp#27;[39m
&amp#27;[38;5;0m[HTTP]&amp#27;[0m &amp#27;[90m{}&amp#27;[39m
&amp#27;[38;5;32m[AndroidUiautomator2Driver@7d8a (737cfc75)]&amp#27;[0m Driver proxy active, passing request on via HTTP proxy
&amp#27;[38;5;32m[AndroidUiautomator2Driver@7d8a (737cfc75)]&amp#27;[0m Matched '/session/737cfc75-39b7-4d8d-95ca-253dab0f7826/element/00000000-0000-05c2-0000-004100000004/text' to command name 'getText'
&amp#27;[38;5;32m[AndroidUiautomator2Driver@7d8a (737cfc75)]&amp#27;[0m Proxying [GET /session/737cfc75-39b7-4d8d-95ca-253dab0f7826/element/00000000-0000-05c2-0000-004100000004/text] to [GET http://127.0.0.1:8240/session/848f67d1-b0ae-4721-9dff-71f52c26d8f9/element/00000000-0000-05c2-0000-004100000004/text] with no body
&amp#27;[38;5;32m[AndroidUiautomator2Driver@7d8a (737cfc75)]&amp#27;[0m Got response with status 200: {"sessionId":"848f67d1-b0ae-4721-9dff-71f52c26d8f9","value":"13 Â°C"}
&amp#27;[38;5;32m[AndroidUiautomator2Driver@7d8a (737cfc75)]&amp#27;[0m Replacing sessionId 848f67d1-b0ae-4721-9dff-71f52c26d8f9 with 737cfc75-39b7-4d8d-95ca-253dab0f7826
&amp#27;[38;5;0m[HTTP]&amp#27;[0m &amp#27;[37m<-- GET /session/737cfc75-39b7-4d8d-95ca-253dab0f7826/element/00000000-0000-05c2-0000-004100000004/text &amp#27;[39m&amp#27;[32m200&amp#27;[39m &amp#27;[90m9 ms - 69&amp#27;[39m
&amp#27;[38;5;0m[HTTP]&amp#27;[0m &amp#27;[90m&amp#27;[39m
&amp#27;[38;5;0m[HTTP]&amp#27;[0m &amp#27;[37m-->&amp#27;[39m &amp#27;[37mGET&amp#27;[39m &amp#27;[37m/session/737cfc75-39b7-4d8d-95ca-253dab0f7826/element/00000000-0000-05c2-0000-004300000004/text&amp#27;[39m
&amp#27;[38;5;0m[HTTP]&amp#27;[0m &amp#27;[90m{}&amp#27;[39m
&amp#27;[38;5;32m[AndroidUiautomator2Driver@7d8a (737cfc75)]&amp#27;[0m Driver proxy active, passing request on via HTTP proxy
&amp#27;[38;5;32m[AndroidUiautomator2Driver@7d8a (737cfc75)]&amp#27;[0m Matched '/session/737cfc75-39b7-4d8d-95ca-253dab0f7826/element/00000000-0000-05c2-0000-004300000004/text' to command name 'getText'
&amp#27;[38;5;32m[AndroidUiautomator2Driver@7d8a (737cfc75)]&amp#27;[0m Proxying [GET /session/737cfc75-39b7-4d8d-95ca-253dab0f7826/element/00000000-0000-05c2-0000-004300000004/text] to [GET http://127.0.0.1:8240/session/848f67d1-b0ae-4721-9dff-71f52c26d8f9/element/00000000-0000-05c2-0000-004300000004/text] with no body
&amp#27;[38;5;32m[AndroidUiautomator2Driver@7d8a (737cfc75)]&amp#27;[0m Got response with status 200: {"sessionId":"848f67d1-b0ae-4721-9dff-71f52c26d8f9","value":"05:00"}
&amp#27;[38;5;32m[AndroidUiautomator2Driver@7d8a (737cfc75)]&amp#27;[0m Replacing sessionId 848f67d1-b0ae-4721-9dff-71f52c26d8f9 with 737cfc75-39b7-4d8d-95ca-253dab0f7826
&amp#27;[38;5;0m[HTTP]&amp#27;[0m &amp#27;[37m<-- GET /session/737cfc75-39b7-4d8d-95ca-253dab0f7826/element/00000000-0000-05c2-0000-004300000004/text &amp#27;[39m&amp#27;[32m200&amp#27;[39m &amp#27;[90m9 ms - 68&amp#27;[39m
&amp#27;[38;5;0m[HTTP]&amp#27;[0m &amp#27;[90m&amp#27;[39m
&amp#27;[38;5;0m[HTTP]&amp#27;[0m &amp#27;[37m-->&amp#27;[39m &amp#27;[37mGET&amp#27;[39m &amp#27;[37m/session/737cfc75-39b7-4d8d-95ca-253dab0f7826/element/00000000-0000-05c2-0000-004500000004/text&amp#27;[39m
&amp#27;[38;5;0m[HTTP]&amp#27;[0m &amp#27;[90m{}&amp#27;[39m
&amp#27;[38;5;32m[AndroidUiautomator2Driver@7d8a (737cfc75)]&amp#27;[0m Driver proxy active, passing request on via HTTP proxy
&amp#27;[38;5;32m[AndroidUiautomator2Driver@7d8a (737cfc75)]&amp#27;[0m Matched '/session/737cfc75-39b7-4d8d-95ca-253dab0f7826/element/00000000-0000-05c2-0000-004500000004/text' to command name 'getText'
&amp#27;[38;5;32m[AndroidUiautomator2Driver@7d8a (737cfc75)]&amp#27;[0m Proxying [GET /session/737cfc75-39b7-4d8d-95ca-253dab0f7826/element/00000000-0000-05c2-0000-004500000004/text] to [GET http://127.0.0.1:8240/session/848f67d1-b0ae-4721-9dff-71f52c26d8f9/element/00000000-0000-05c2-0000-004500000004/text] with no body
&amp#27;[38;5;32m[AndroidUiautomator2Driver@7d8a (737cfc75)]&amp#27;[0m Got response with status 200: {"sessionId":"848f67d1-b0ae-4721-9dff-71f52c26d8f9","value":"broken clouds"}
&amp#27;[38;5;32m[AndroidUiautomator2Driver@7d8a (737cfc75)]&amp#27;[0m Replacing sessionId 848f67d1-b0ae-4721-9dff-71f52c26d8f9 with 737cfc75-39b7-4d8d-95ca-253dab0f7826
&amp#27;[38;5;0m[HTTP]&amp#27;[0m &amp#27;[37m<-- GET /session/737cfc75-39b7-4d8d-95ca-253dab0f7826/element/00000000-0000-05c2-0000-004500000004/text &amp#27;[39m&amp#27;[32m200&amp#27;[39m &amp#27;[90m11 ms - 76&amp#27;[39m
&amp#27;[38;5;0m[HTTP]&amp#27;[0m &amp#27;[90m&amp#27;[39m
&amp#27;[38;5;0m[HTTP]&amp#27;[0m &amp#27;[37m-->&amp#27;[39m &amp#27;[37mGET&amp#27;[39m &amp#27;[37m/session/737cfc75-39b7-4d8d-95ca-253dab0f7826/element/00000000-0000-05c2-0000-004700000004/text&amp#27;[39m
&amp#27;[38;5;0m[HTTP]&amp#27;[0m &amp#27;[90m{}&amp#27;[39m
&amp#27;[38;5;32m[AndroidUiautomator2Driver@7d8a (737cfc75)]&amp#27;[0m Driver proxy active, passing request on via HTTP proxy
&amp#27;[38;5;32m[AndroidUiautomator2Driver@7d8a (737cfc75)]&amp#27;[0m Matched '/session/737cfc75-39b7-4d8d-95ca-253dab0f7826/element/00000000-0000-05c2-0000-004700000004/text' to command name 'getText'
&amp#27;[38;5;32m[AndroidUiautomator2Driver@7d8a (737cfc75)]&amp#27;[0m Proxying [GET /session/737cfc75-39b7-4d8d-95ca-253dab0f7826/element/00000000-0000-05c2-0000-004700000004/text] to [GET http://127.0.0.1:8240/session/848f67d1-b0ae-4721-9dff-71f52c26d8f9/element/00000000-0000-05c2-0000-004700000004/text] with no body
&amp#27;[38;5;32m[AndroidUiautomator2Driver@7d8a (737cfc75)]&amp#27;[0m Got response with status 200: {"sessionId":"848f67d1-b0ae-4721-9dff-71f52c26d8f9","value":"77 %"}
&amp#27;[38;5;32m[AndroidUiautomator2Driver@7d8a (737cfc75)]&amp#27;[0m Replacing sessionId 848f67d1-b0ae-4721-9dff-71f52c26d8f9 with 737cfc75-39b7-4d8d-95ca-253dab0f7826
&amp#27;[38;5;0m[HTTP]&amp#27;[0m &amp#27;[37m<-- GET /session/737cfc75-39b7-4d8d-95ca-253dab0f7826/element/00000000-0000-05c2-0000-004700000004/text &amp#27;[39m&amp#27;[32m200&amp#27;[39m &amp#27;[90m10 ms - 67&amp#27;[39m
&amp#27;[38;5;0m[HTTP]&amp#27;[0m &amp#27;[90m&amp#27;[39m
&amp#27;[38;5;0m[HTTP]&amp#27;[0m &amp#27;[37m-->&amp#27;[39m &amp#27;[37mGET&amp#27;[39m &amp#27;[37m/session/737cfc75-39b7-4d8d-95ca-253dab0f7826/element/00000000-0000-05c2-0000-004900000004/text&amp#27;[39m
&amp#27;[38;5;0m[HTTP]&amp#27;[0m &amp#27;[90m{}&amp#27;[39m
&amp#27;[38;5;32m[AndroidUiautomator2Driver@7d8a (737cfc75)]&amp#27;[0m Driver proxy active, passing request on via HTTP proxy
&amp#27;[38;5;32m[AndroidUiautomator2Driver@7d8a (737cfc75)]&amp#27;[0m Matched '/session/737cfc75-39b7-4d8d-95ca-253dab0f7826/element/00000000-0000-05c2-0000-004900000004/text' to command name 'getText'
&amp#27;[38;5;32m[AndroidUiautomator2Driver@7d8a (737cfc75)]&amp#27;[0m Proxying [GET /session/737cfc75-39b7-4d8d-95ca-253dab0f7826/element/00000000-0000-05c2-0000-004900000004/text] to [GET http://127.0.0.1:8240/session/848f67d1-b0ae-4721-9dff-71f52c26d8f9/element/00000000-0000-05c2-0000-004900000004/text] with no body
&amp#27;[38;5;32m[AndroidUiautomator2Driver@7d8a (737cfc75)]&amp#27;[0m Got response with status 200: {"sessionId":"848f67d1-b0ae-4721-9dff-71f52c26d8f9","value":"13 Â°C"}
&amp#27;[38;5;32m[AndroidUiautomator2Driver@7d8a (737cfc75)]&amp#27;[0m Replacing sessionId 848f67d1-b0ae-4721-9dff-71f52c26d8f9 with 737cfc75-39b7-4d8d-95ca-253dab0f7826
&amp#27;[38;5;0m[HTTP]&amp#27;[0m &amp#27;[37m<-- GET /session/737cfc75-39b7-4d8d-95ca-253dab0f7826/element/00000000-0000-05c2-0000-004900000004/text &amp#27;[39m&amp#27;[32m200&amp#27;[39m &amp#27;[90m10 ms - 69&amp#27;[39m
&amp#27;[38;5;0m[HTTP]&amp#27;[0m &amp#27;[90m&amp#27;[39m
&amp#27;[38;5;0m[HTTP]&amp#27;[0m &amp#27;[37m-->&amp#27;[39m &amp#27;[37mPOST&amp#27;[39m &amp#27;[37m/session/737cfc75-39b7-4d8d-95ca-253dab0f7826/execute/sync&amp#27;[39m
&amp#27;[38;5;0m[HTTP]&amp#27;[0m &amp#27;[90m{"script":"mobile: swipeGesture","args":[{"elementId":"00000000-0000-05c2-0000-002900000004","percent":0.4,"speed":320,"direction":"left"}]}&amp#27;[39m
&amp#27;[38;5;32m[AndroidUiautomator2Driver@7d8a (737cfc75)]&amp#27;[0m Calling AppiumDriver.execute() with args: ["mobile: swipeGesture",[{"elementId":"00000000-0000-05c2-0000-002900000004","percent":0.4,"speed":320,"direction":"left"}],"737cfc75-39b7-4d8d-95ca-253dab0f7826"]
&amp#27;[38;5;32m[AndroidUiautomator2Driver@7d8a (737cfc75)]&amp#27;[0m Executing method 'mobile: swipeGesture'
&amp#27;[38;5;32m[AndroidUiautomator2Driver@7d8a (737cfc75)]&amp#27;[0m Proxying [POST /appium/gestures/swipe] to [POST http://127.0.0.1:8240/session/848f67d1-b0ae-4721-9dff-71f52c26d8f9/appium/gestures/swipe] with body: {"origin":{"ELEMENT":"00000000-0000-05c2-0000-002900000004","element-6066-11e4-a52e-4f735466cecf":"00000000-0000-05c2-0000-002900000004"},"direction":"left","percent":0.4,"speed":320}
&amp#27;[38;5;32m[AndroidUiautomator2Driver@7d8a (737cfc75)]&amp#27;[0m Got response with status 200: {"sessionId":"848f67d1-b0ae-4721-9dff-71f52c26d8f9","value":null}
&amp#27;[38;5;32m[AndroidUiautomator2Driver@7d8a (737cfc75)]&amp#27;[0m Responding to client with driver.execute() result: null
&amp#27;[38;5;0m[HTTP]&amp#27;[0m &amp#27;[37m<-- POST /session/737cfc75-39b7-4d8d-95ca-253dab0f7826/execute/sync &amp#27;[39m&amp#27;[32m200&amp#27;[39m &amp#27;[90m1563 ms - 14&amp#27;[39m
&amp#27;[38;5;0m[HTTP]&amp#27;[0m &amp#27;[90m&amp#27;[39m
&amp#27;[38;5;0m[HTTP]&amp#27;[0m &amp#27;[37m-->&amp#27;[39m &amp#27;[37mPOST&amp#27;[39m &amp#27;[37m/session/737cfc75-39b7-4d8d-95ca-253dab0f7826/elements&amp#27;[39m
&amp#27;[38;5;0m[HTTP]&amp#27;[0m &amp#27;[90m{"using":"xpath","value":"//android.widget.HorizontalScrollView"}&amp#27;[39m
&amp#27;[38;5;32m[AndroidUiautomator2Driver@7d8a (737cfc75)]&amp#27;[0m Calling AppiumDriver.findElements() with args: ["xpath","//android.widget.HorizontalScrollView","737cfc75-39b7-4d8d-95ca-253dab0f7826"]
&amp#27;[38;5;32m[AndroidUiautomator2Driver@7d8a (737cfc75)]&amp#27;[0m Valid locator strategies for this request: xpath, id, class name, accessibility id, css selector, -android uiautomator
&amp#27;[38;5;32m[AndroidUiautomator2Driver@7d8a (737cfc75)]&amp#27;[0m Waiting up to 0 ms for condition
&amp#27;[38;5;32m[AndroidUiautomator2Driver@7d8a (737cfc75)]&amp#27;[0m Matched '/elements' to command name 'findElements'
&amp#27;[38;5;32m[AndroidUiautomator2Driver@7d8a (737cfc75)]&amp#27;[0m Proxying [POST /elements] to [POST http://127.0.0.1:8240/session/848f67d1-b0ae-4721-9dff-71f52c26d8f9/elements] with body: {"strategy":"xpath","selector":"//android.widget.HorizontalScrollView","context":"","multiple":true}
&amp#27;[38;5;32m[AndroidUiautomator2Driver@7d8a (737cfc75)]&amp#27;[0m Got response with status 200: {"sessionId":"848f67d1-b0ae-4721-9dff-71f52c26d8f9","value":[{"ELEMENT":"00000000-0000-05c2-0000-002900000004","element-6066-11e4-a52e-4f735466cecf":"00000000-0000-05c2-0000-002900000004"},{"ELEMENT":"00000000-0000-05c2-0000-002a00000004","element-6066-11e4-a52e-4f735466cecf":"00000000-0000-05c2-0000-002a00000004"}]}
&amp#27;[38;5;32m[AndroidUiautomator2Driver@7d8a (737cfc75)]&amp#27;[0m Responding to client with driver.findElements() result: [{"element-6066-11e4-a52e-4f735466cecf":"00000000-0000-05c2-0000-002900000004","ELEMENT":"00000000-0000-05c2-0000-002900000004"},{"element-6066-11e4-a52e-4f735466cecf":"00000000-0000-05c2-0000-002a00000004","ELEMENT":"00000000-0000-05c2-0000-002a00000004"}]
&amp#27;[38;5;0m[HTTP]&amp#27;[0m &amp#27;[37m<-- POST /session/737cfc75-39b7-4d8d-95ca-253dab0f7826/elements &amp#27;[39m&amp#27;[32m200&amp#27;[39m &amp#27;[90m123 ms - 267&amp#27;[39m
&amp#27;[38;5;0m[HTTP]&amp#27;[0m &amp#27;[90m&amp#27;[39m
&amp#27;[38;5;0m[HTTP]&amp#27;[0m &amp#27;[37m-->&amp#27;[39m &amp#27;[37mPOST&amp#27;[39m &amp#27;[37m/session/737cfc75-39b7-4d8d-95ca-253dab0f7826/element/00000000-0000-05c2-0000-002900000004/elements&amp#27;[39m
&amp#27;[38;5;0m[HTTP]&amp#27;[0m &amp#27;[90m{"id":"00000000-0000-05c2-0000-002900000004","using":"xpath","value":"//android.view.View"}&amp#27;[39m
&amp#27;[38;5;32m[AndroidUiautomator2Driver@7d8a (737cfc75)]&amp#27;[0m Calling AppiumDriver.findElementsFromElement() with args: ["xpath","//android.view.View","00000000-0000-05c2-0000-002900000004","737cfc75-39b7-4d8d-95ca-253dab0f7826"]
&amp#27;[38;5;32m[AndroidUiautomator2Driver@7d8a (737cfc75)]&amp#27;[0m Valid locator strategies for this request: xpath, id, class name, accessibility id, css selector, -android uiautomator
&amp#27;[38;5;32m[AndroidUiautomator2Driver@7d8a (737cfc75)]&amp#27;[0m Waiting up to 0 ms for condition
&amp#27;[38;5;32m[AndroidUiautomator2Driver@7d8a (737cfc75)]&amp#27;[0m Matched '/elements' to command name 'findElements'
&amp#27;[38;5;32m[AndroidUiautomator2Driver@7d8a (737cfc75)]&amp#27;[0m Proxying [POST /elements] to [POST http://127.0.0.1:8240/session/848f67d1-b0ae-4721-9dff-71f52c26d8f9/elements] with body: {"strategy":"xpath","selector":"//android.view.View","context":"00000000-0000-05c2-0000-002900000004","multiple":true}
&amp#27;[38;5;32m[AndroidUiautomator2Driver@7d8a (737cfc75)]&amp#27;[0m Got response with status 200: {"sessionId":"848f67d1-b0ae-4721-9dff-71f52c26d8f9","value":[{"ELEMENT":"00000000-0000-05c2-0000-003300000004","element-6066-11e4-a52e-4f735466cecf":"00000000-0000-05c2-0000-003300000004"},{"ELEMENT":"00000000-0000-05c2-0000-003500000004","element-6066-11e4-a52e-4f735466cecf":"00000000-0000-05c2-0000-003500000004"},{"ELEMENT":"00000000-0000-05c2-0000-003700000004","element-6066-11e4-a52e-4f735466cecf":"00000000-0000-05c2-0000-003700000004"},{"ELEMENT":"00000000-0000-05c2-0000-003900000004","element-6066-11e4-a52e-4f735466cecf":"00000000-0000-05c2-0000-003900000004"},{"ELEMENT":"00000000-0000-05c2-0000-003b00000004","element-6066-11e4-a52e-4f735466cecf":"00000000-0000-05c2-0000-003b00000004"},{"ELEMENT":"00000000-0000-05c2-0000-003d00000004","element-6066-11e4-a52e-4f735466cecf":"00000000-0000-05c2-0000-003d00000004"},{"ELEMENT":"00000000-0000-05c2-0000-003f00000004","element-6066-11e4-a52e-4f735466cecf":"00000000-0000-05c2-0000-003f00000004"},{"ELEMENT":"00000000-0000-05c2-0000-004100000004","element-6066-...
&amp#27;[38;5;32m[AndroidUiautomator2Driver@7d8a (737cfc75)]&amp#27;[0m Responding to client with driver.findElementsFromElement() result: [{"element-6066-11e4-a52e-4f735466cecf":"00000000-0000-05c2-0000-003300000004","ELEMENT":"00000000-0000-05c2-0000-003300000004"},{"element-6066-11e4-a52e-4f735466cecf":"00000000-0000-05c2-0000-003500000004","ELEMENT":"00000000-0000-05c2-0000-003500000004"},{"element-6066-11e4-a52e-4f735466cecf":"00000000-0000-05c2-0000-003700000004","ELEMENT":"00000000-0000-05c2-0000-003700000004"},{"element-6066-11e4-a52e-4f735466cecf":"00000000-0000-05c2-0000-003900000004","ELEMENT":"00000000-0000-05c2-0000-003900000004"},{"element-6066-11e4-a52e-4f735466cecf":"00000000-0000-05c2-0000-003b00000004","ELEMENT":"00000000-0000-05c2-0000-003b00000004"},{"element-6066-11e4-a52e-4f735466cecf":"00000000-0000-05c2-0000-003d00000004","ELEMENT":"00000000-0000-05c2-0000-003d00000004"},{"element-6066-11e4-a52e-4f735466cecf":"00000000-0000-05c2-0000-003f00000004","ELEMENT":"00000000-0000-05c2-0000-003f00000004"},{"element-6066-11e4-a52e-4f735466cecf":"00000000-0000-05c2-0000-004100000004","ELEMENT":"00000000-0000-05c2-0000-00410000000...
&amp#27;[38;5;0m[HTTP]&amp#27;[0m &amp#27;[37m<-- POST /session/737cfc75-39b7-4d8d-95ca-253dab0f7826/element/00000000-0000-05c2-0000-002900000004/elements &amp#27;[39m&amp#27;[32m200&amp#27;[39m &amp#27;[90m48 ms - 2059&amp#27;[39m
&amp#27;[38;5;0m[HTTP]&amp#27;[0m &amp#27;[90m&amp#27;[39m
&amp#27;[38;5;0m[HTTP]&amp#27;[0m &amp#27;[37m-->&amp#27;[39m &amp#27;[37mGET&amp#27;[39m &amp#27;[37m/session/737cfc75-39b7-4d8d-95ca-253dab0f7826/element/00000000-0000-05c2-0000-003300000004/text&amp#27;[39m
&amp#27;[38;5;0m[HTTP]&amp#27;[0m &amp#27;[90m{}&amp#27;[39m
&amp#27;[38;5;32m[AndroidUiautomator2Driver@7d8a (737cfc75)]&amp#27;[0m Driver proxy active, passing request on via HTTP proxy
&amp#27;[38;5;32m[AndroidUiautomator2Driver@7d8a (737cfc75)]&amp#27;[0m Matched '/session/737cfc75-39b7-4d8d-95ca-253dab0f7826/element/00000000-0000-05c2-0000-003300000004/text' to command name 'getText'
&amp#27;[38;5;32m[AndroidUiautomator2Driver@7d8a (737cfc75)]&amp#27;[0m Proxying [GET /session/737cfc75-39b7-4d8d-95ca-253dab0f7826/element/00000000-0000-05c2-0000-003300000004/text] to [GET http://127.0.0.1:8240/session/848f67d1-b0ae-4721-9dff-71f52c26d8f9/element/00000000-0000-05c2-0000-003300000004/text] with no body
&amp#27;[38;5;32m[AndroidUiautomator2Driver@7d8a (737cfc75)]&amp#27;[0m Got response with status 200: {"sessionId":"848f67d1-b0ae-4721-9dff-71f52c26d8f9","value":"03:00"}
&amp#27;[38;5;32m[AndroidUiautomator2Driver@7d8a (737cfc75)]&amp#27;[0m Replacing sessionId 848f67d1-b0ae-4721-9dff-71f52c26d8f9 with 737cfc75-39b7-4d8d-95ca-253dab0f7826
&amp#27;[38;5;0m[HTTP]&amp#27;[0m &amp#27;[37m<-- GET /session/737cfc75-39b7-4d8d-95ca-253dab0f7826/element/00000000-0000-05c2-0000-003300000004/text &amp#27;[39m&amp#27;[32m200&amp#27;[39m &amp#27;[90m9 ms - 68&amp#27;[39m
&amp#27;[38;5;0m[HTTP]&amp#27;[0m &amp#27;[90m&amp#27;[39m
&amp#27;[38;5;0m[HTTP]&amp#27;[0m &amp#27;[37m-->&amp#27;[39m &amp#27;[37mGET&amp#27;[39m &amp#27;[37m/session/737cfc75-39b7-4d8d-95ca-253dab0f7826/element/00000000-0000-05c2-0000-003500000004/text&amp#27;[39m
&amp#27;[38;5;0m[HTTP]&amp#27;[0m &amp#27;[90m{}&amp#27;[39m
&amp#27;[38;5;32m[AndroidUiautomator2Driver@7d8a (737cfc75)]&amp#27;[0m Driver proxy active, passing request on via HTTP proxy
&amp#27;[38;5;32m[AndroidUiautomator2Driver@7d8a (737cfc75)]&amp#27;[0m Matched '/session/737cfc75-39b7-4d8d-95ca-253dab0f7826/element/00000000-0000-05c2-0000-003500000004/text' to command name 'getText'
&amp#27;[38;5;32m[AndroidUiautomator2Driver@7d8a (737cfc75)]&amp#27;[0m Proxying [GET /session/737cfc75-39b7-4d8d-95ca-253dab0f7826/element/00000000-0000-05c2-0000-003500000004/text] to [GET http://127.0.0.1:8240/session/848f67d1-b0ae-4721-9dff-71f52c26d8f9/element/00000000-0000-05c2-0000-003500000004/text] with no body
&amp#27;[38;5;32m[AndroidUiautomator2Driver@7d8a (737cfc75)]&amp#27;[0m Got response with status 200: {"sessionId":"848f67d1-b0ae-4721-9dff-71f52c26d8f9","value":"scattered clouds"}
&amp#27;[38;5;32m[AndroidUiautomator2Driver@7d8a (737cfc75)]&amp#27;[0m Replacing sessionId 848f67d1-b0ae-4721-9dff-71f52c26d8f9 with 737cfc75-39b7-4d8d-95ca-253dab0f7826
&amp#27;[38;5;0m[HTTP]&amp#27;[0m &amp#27;[37m<-- GET /session/737cfc75-39b7-4d8d-95ca-253dab0f7826/element/00000000-0000-05c2-0000-003500000004/text &amp#27;[39m&amp#27;[32m200&amp#27;[39m &amp#27;[90m9 ms - 79&amp#27;[39m
&amp#27;[38;5;0m[HTTP]&amp#27;[0m &amp#27;[90m&amp#27;[39m
&amp#27;[38;5;0m[HTTP]&amp#27;[0m &amp#27;[37m-->&amp#27;[39m &amp#27;[37mGET&amp#27;[39m &amp#27;[37m/session/737cfc75-39b7-4d8d-95ca-253dab0f7826/element/00000000-0000-05c2-0000-003700000004/text&amp#27;[39m
&amp#27;[38;5;0m[HTTP]&amp#27;[0m &amp#27;[90m{}&amp#27;[39m
&amp#27;[38;5;32m[AndroidUiautomator2Driver@7d8a (737cfc75)]&amp#27;[0m Driver proxy active, passing request on via HTTP proxy
&amp#27;[38;5;32m[AndroidUiautomator2Driver@7d8a (737cfc75)]&amp#27;[0m Matched '/session/737cfc75-39b7-4d8d-95ca-253dab0f7826/element/00000000-0000-05c2-0000-003700000004/text' to command name 'getText'
&amp#27;[38;5;32m[AndroidUiautomator2Driver@7d8a (737cfc75)]&amp#27;[0m Proxying [GET /session/737cfc75-39b7-4d8d-95ca-253dab0f7826/element/00000000-0000-05c2-0000-003700000004/text] to [GET http://127.0.0.1:8240/session/848f67d1-b0ae-4721-9dff-71f52c26d8f9/element/00000000-0000-05c2-0000-003700000004/text] with no body
&amp#27;[38;5;32m[AndroidUiautomator2Driver@7d8a (737cfc75)]&amp#27;[0m Got response with status 200: {"sessionId":"848f67d1-b0ae-4721-9dff-71f52c26d8f9","value":"79 %"}
&amp#27;[38;5;32m[AndroidUiautomator2Driver@7d8a (737cfc75)]&amp#27;[0m Replacing sessionId 848f67d1-b0ae-4721-9dff-71f52c26d8f9 with 737cfc75-39b7-4d8d-95ca-253dab0f7826
&amp#27;[38;5;0m[HTTP]&amp#27;[0m &amp#27;[37m<-- GET /session/737cfc75-39b7-4d8d-95ca-253dab0f7826/element/00000000-0000-05c2-0000-003700000004/text &amp#27;[39m&amp#27;[32m200&amp#27;[39m &amp#27;[90m9 ms - 67&amp#27;[39m
&amp#27;[38;5;0m[HTTP]&amp#27;[0m &amp#27;[90m&amp#27;[39m
&amp#27;[38;5;0m[HTTP]&amp#27;[0m &amp#27;[37m-->&amp#27;[39m &amp#27;[37mGET&amp#27;[39m &amp#27;[37m/session/737cfc75-39b7-4d8d-95ca-253dab0f7826/element/00000000-0000-05c2-0000-003900000004/text&amp#27;[39m
&amp#27;[38;5;0m[HTTP]&amp#27;[0m &amp#27;[90m{}&amp#27;[39m
&amp#27;[38;5;32m[AndroidUiautomator2Driver@7d8a (737cfc75)]&amp#27;[0m Driver proxy active, passing request on via HTTP proxy
&amp#27;[38;5;32m[AndroidUiautomator2Driver@7d8a (737cfc75)]&amp#27;[0m Matched '/session/737cfc75-39b7-4d8d-95ca-253dab0f7826/element/00000000-0000-05c2-0000-003900000004/text' to command name 'getText'
&amp#27;[38;5;32m[AndroidUiautomator2Driver@7d8a (737cfc75)]&amp#27;[0m Proxying [GET /session/737cfc75-39b7-4d8d-95ca-253dab0f7826/element/00000000-0000-05c2-0000-003900000004/text] to [GET http://127.0.0.1:8240/session/848f67d1-b0ae-4721-9dff-71f52c26d8f9/element/00000000-0000-05c2-0000-003900000004/text] with no body
&amp#27;[38;5;32m[AndroidUiautomator2Driver@7d8a (737cfc75)]&amp#27;[0m Got response with status 200: {"sessionId":"848f67d1-b0ae-4721-9dff-71f52c26d8f9","value":"13 Â°C"}
&amp#27;[38;5;32m[AndroidUiautomator2Driver@7d8a (737cfc75)]&amp#27;[0m Replacing sessionId 848f67d1-b0ae-4721-9dff-71f52c26d8f9 with 737cfc75-39b7-4d8d-95ca-253dab0f7826
&amp#27;[38;5;0m[HTTP]&amp#27;[0m &amp#27;[37m<-- GET /session/737cfc75-39b7-4d8d-95ca-253dab0f7826/element/00000000-0000-05c2-0000-003900000004/text &amp#27;[39m&amp#27;[32m200&amp#27;[39m &amp#27;[90m9 ms - 69&amp#27;[39m
&amp#27;[38;5;0m[HTTP]&amp#27;[0m &amp#27;[90m&amp#27;[39m
&amp#27;[38;5;0m[HTTP]&amp#27;[0m &amp#27;[37m-->&amp#27;[39m &amp#27;[37mGET&amp#27;[39m &amp#27;[37m/session/737cfc75-39b7-4d8d-95ca-253dab0f7826/element/00000000-0000-05c2-0000-003b00000004/text&amp#27;[39m
&amp#27;[38;5;0m[HTTP]&amp#27;[0m &amp#27;[90m{}&amp#27;[39m
&amp#27;[38;5;32m[AndroidUiautomator2Driver@7d8a (737cfc75)]&amp#27;[0m Driver proxy active, passing request on via HTTP proxy
&amp#27;[38;5;32m[AndroidUiautomator2Driver@7d8a (737cfc75)]&amp#27;[0m Matched '/session/737cfc75-39b7-4d8d-95ca-253dab0f7826/element/00000000-0000-05c2-0000-003b00000004/text' to command name 'getText'
&amp#27;[38;5;32m[AndroidUiautomator2Driver@7d8a (737cfc75)]&amp#27;[0m Proxying [GET /session/737cfc75-39b7-4d8d-95ca-253dab0f7826/element/00000000-0000-05c2-0000-003b00000004/text] to [GET http://127.0.0.1:8240/session/848f67d1-b0ae-4721-9dff-71f52c26d8f9/element/00000000-0000-05c2-0000-003b00000004/text] with no body
&amp#27;[38;5;32m[AndroidUiautomator2Driver@7d8a (737cfc75)]&amp#27;[0m Got response with status 200: {"sessionId":"848f67d1-b0ae-4721-9dff-71f52c26d8f9","value":"04:00"}
&amp#27;[38;5;32m[AndroidUiautomator2Driver@7d8a (737cfc75)]&amp#27;[0m Replacing sessionId 848f67d1-b0ae-4721-9dff-71f52c26d8f9 with 737cfc75-39b7-4d8d-95ca-253dab0f7826
&amp#27;[38;5;0m[HTTP]&amp#27;[0m &amp#27;[37m<-- GET /session/737cfc75-39b7-4d8d-95ca-253dab0f7826/element/00000000-0000-05c2-0000-003b00000004/text &amp#27;[39m&amp#27;[32m200&amp#27;[39m &amp#27;[90m9 ms - 68&amp#27;[39m
&amp#27;[38;5;0m[HTTP]&amp#27;[0m &amp#27;[90m&amp#27;[39m
&amp#27;[38;5;0m[HTTP]&amp#27;[0m &amp#27;[37m-->&amp#27;[39m &amp#27;[37mGET&amp#27;[39m &amp#27;[37m/session/737cfc75-39b7-4d8d-95ca-253dab0f7826/element/00000000-0000-05c2-0000-003d00000004/text&amp#27;[39m
&amp#27;[38;5;0m[HTTP]&amp#27;[0m &amp#27;[90m{}&amp#27;[39m
&amp#27;[38;5;32m[AndroidUiautomator2Driver@7d8a (737cfc75)]&amp#27;[0m Driver proxy active, passing request on via HTTP proxy
&amp#27;[38;5;32m[AndroidUiautomator2Driver@7d8a (737cfc75)]&amp#27;[0m Matched '/session/737cfc75-39b7-4d8d-95ca-253dab0f7826/element/00000000-0000-05c2-0000-003d00000004/text' to command name 'getText'
&amp#27;[38;5;32m[AndroidUiautomator2Driver@7d8a (737cfc75)]&amp#27;[0m Proxying [GET /session/737cfc75-39b7-4d8d-95ca-253dab0f7826/element/00000000-0000-05c2-0000-003d00000004/text] to [GET http://127.0.0.1:8240/session/848f67d1-b0ae-4721-9dff-71f52c26d8f9/element/00000000-0000-05c2-0000-003d00000004/text] with no body
&amp#27;[38;5;32m[AndroidUiautomator2Driver@7d8a (737cfc75)]&amp#27;[0m Got response with status 200: {"sessionId":"848f67d1-b0ae-4721-9dff-71f52c26d8f9","value":"broken clouds"}
&amp#27;[38;5;32m[AndroidUiautomator2Driver@7d8a (737cfc75)]&amp#27;[0m Replacing sessionId 848f67d1-b0ae-4721-9dff-71f52c26d8f9 with 737cfc75-39b7-4d8d-95ca-253dab0f7826
&amp#27;[38;5;0m[HTTP]&amp#27;[0m &amp#27;[37m<-- GET /session/737cfc75-39b7-4d8d-95ca-253dab0f7826/element/00000000-0000-05c2-0000-003d00000004/text &amp#27;[39m&amp#27;[32m200&amp#27;[39m &amp#27;[90m9 ms - 76&amp#27;[39m
&amp#27;[38;5;0m[HTTP]&amp#27;[0m &amp#27;[90m&amp#27;[39m
&amp#27;[38;5;0m[HTTP]&amp#27;[0m &amp#27;[37m-->&amp#27;[39m &amp#27;[37mGET&amp#27;[39m &amp#27;[37m/session/737cfc75-39b7-4d8d-95ca-253dab0f7826/element/00000000-0000-05c2-0000-003f00000004/text&amp#27;[39m
&amp#27;[38;5;0m[HTTP]&amp#27;[0m &amp#27;[90m{}&amp#27;[39m
&amp#27;[38;5;32m[AndroidUiautomator2Driver@7d8a (737cfc75)]&amp#27;[0m Driver proxy active, passing request on via HTTP proxy
&amp#27;[38;5;32m[AndroidUiautomator2Driver@7d8a (737cfc75)]&amp#27;[0m Matched '/session/737cfc75-39b7-4d8d-95ca-253dab0f7826/element/00000000-0000-05c2-0000-003f00000004/text' to command name 'getText'
&amp#27;[38;5;32m[AndroidUiautomator2Driver@7d8a (737cfc75)]&amp#27;[0m Proxying [GET /session/737cfc75-39b7-4d8d-95ca-253dab0f7826/element/00000000-0000-05c2-0000-003f00000004/text] to [GET http://127.0.0.1:8240/session/848f67d1-b0ae-4721-9dff-71f52c26d8f9/element/00000000-0000-05c2-0000-003f00000004/text] with no body
&amp#27;[38;5;32m[AndroidUiautomator2Driver@7d8a (737cfc75)]&amp#27;[0m Got response with status 200: {"sessionId":"848f67d1-b0ae-4721-9dff-71f52c26d8f9","value":"77 %"}
&amp#27;[38;5;32m[AndroidUiautomator2Driver@7d8a (737cfc75)]&amp#27;[0m Replacing sessionId 848f67d1-b0ae-4721-9dff-71f52c26d8f9 with 737cfc75-39b7-4d8d-95ca-253dab0f7826
&amp#27;[38;5;0m[HTTP]&amp#27;[0m &amp#27;[37m<-- GET /session/737cfc75-39b7-4d8d-95ca-253dab0f7826/element/00000000-0000-05c2-0000-003f00000004/text &amp#27;[39m&amp#27;[32m200&amp#27;[39m &amp#27;[90m9 ms - 67&amp#27;[39m
&amp#27;[38;5;0m[HTTP]&amp#27;[0m &amp#27;[90m&amp#27;[39m
&amp#27;[38;5;0m[HTTP]&amp#27;[0m &amp#27;[37m-->&amp#27;[39m &amp#27;[37mGET&amp#27;[39m &amp#27;[37m/session/737cfc75-39b7-4d8d-95ca-253dab0f7826/element/00000000-0000-05c2-0000-004100000004/text&amp#27;[39m
&amp#27;[38;5;0m[HTTP]&amp#27;[0m &amp#27;[90m{}&amp#27;[39m
&amp#27;[38;5;32m[AndroidUiautomator2Driver@7d8a (737cfc75)]&amp#27;[0m Driver proxy active, passing request on via HTTP proxy
&amp#27;[38;5;32m[AndroidUiautomator2Driver@7d8a (737cfc75)]&amp#27;[0m Matched '/session/737cfc75-39b7-4d8d-95ca-253dab0f7826/element/00000000-0000-05c2-0000-004100000004/text' to command name 'getText'
&amp#27;[38;5;32m[AndroidUiautomator2Driver@7d8a (737cfc75)]&amp#27;[0m Proxying [GET /session/737cfc75-39b7-4d8d-95ca-253dab0f7826/element/00000000-0000-05c2-0000-004100000004/text] to [GET http://127.0.0.1:8240/session/848f67d1-b0ae-4721-9dff-71f52c26d8f9/element/00000000-0000-05c2-0000-004100000004/text] with no body
&amp#27;[38;5;32m[AndroidUiautomator2Driver@7d8a (737cfc75)]&amp#27;[0m Got response with status 200: {"sessionId":"848f67d1-b0ae-4721-9dff-71f52c26d8f9","value":"13 Â°C"}
&amp#27;[38;5;32m[AndroidUiautomator2Driver@7d8a (737cfc75)]&amp#27;[0m Replacing sessionId 848f67d1-b0ae-4721-9dff-71f52c26d8f9 with 737cfc75-39b7-4d8d-95ca-253dab0f7826
&amp#27;[38;5;0m[HTTP]&amp#27;[0m &amp#27;[37m<-- GET /session/737cfc75-39b7-4d8d-95ca-253dab0f7826/element/00000000-0000-05c2-0000-004100000004/text &amp#27;[39m&amp#27;[32m200&amp#27;[39m &amp#27;[90m9 ms - 69&amp#27;[39m
&amp#27;[38;5;0m[HTTP]&amp#27;[0m &amp#27;[90m&amp#27;[39m
&amp#27;[38;5;0m[HTTP]&amp#27;[0m &amp#27;[37m-->&amp#27;[39m &amp#27;[37mGET&amp#27;[39m &amp#27;[37m/session/737cfc75-39b7-4d8d-95ca-253dab0f7826/element/00000000-0000-05c2-0000-004300000004/text&amp#27;[39m
&amp#27;[38;5;0m[HTTP]&amp#27;[0m &amp#27;[90m{}&amp#27;[39m
&amp#27;[38;5;32m[AndroidUiautomator2Driver@7d8a (737cfc75)]&amp#27;[0m Driver proxy active, passing request on via HTTP proxy
&amp#27;[38;5;32m[AndroidUiautomator2Driver@7d8a (737cfc75)]&amp#27;[0m Matched '/session/737cfc75-39b7-4d8d-95ca-253dab0f7826/element/00000000-0000-05c2-0000-004300000004/text' to command name 'getText'
&amp#27;[38;5;32m[AndroidUiautomator2Driver@7d8a (737cfc75)]&amp#27;[0m Proxying [GET /session/737cfc75-39b7-4d8d-95ca-253dab0f7826/element/00000000-0000-05c2-0000-004300000004/text] to [GET http://127.0.0.1:8240/session/848f67d1-b0ae-4721-9dff-71f52c26d8f9/element/00000000-0000-05c2-0000-004300000004/text] with no body
&amp#27;[38;5;32m[AndroidUiautomator2Driver@7d8a (737cfc75)]&amp#27;[0m Got response with status 200: {"sessionId":"848f67d1-b0ae-4721-9dff-71f52c26d8f9","value":"05:00"}
&amp#27;[38;5;32m[AndroidUiautomator2Driver@7d8a (737cfc75)]&amp#27;[0m Replacing sessionId 848f67d1-b0ae-4721-9dff-71f52c26d8f9 with 737cfc75-39b7-4d8d-95ca-253dab0f7826
&amp#27;[38;5;0m[HTTP]&amp#27;[0m &amp#27;[37m<-- GET /session/737cfc75-39b7-4d8d-95ca-253dab0f7826/element/00000000-0000-05c2-0000-004300000004/text &amp#27;[39m&amp#27;[32m200&amp#27;[39m &amp#27;[90m10 ms - 68&amp#27;[39m
&amp#27;[38;5;0m[HTTP]&amp#27;[0m &amp#27;[90m&amp#27;[39m
&amp#27;[38;5;0m[HTTP]&amp#27;[0m &amp#27;[37m-->&amp#27;[39m &amp#27;[37mGET&amp#27;[39m &amp#27;[37m/session/737cfc75-39b7-4d8d-95ca-253dab0f7826/element/00000000-0000-05c2-0000-004500000004/text&amp#27;[39m
&amp#27;[38;5;0m[HTTP]&amp#27;[0m &amp#27;[90m{}&amp#27;[39m
&amp#27;[38;5;32m[AndroidUiautomator2Driver@7d8a (737cfc75)]&amp#27;[0m Driver proxy active, passing request on via HTTP proxy
&amp#27;[38;5;32m[AndroidUiautomator2Driver@7d8a (737cfc75)]&amp#27;[0m Matched '/session/737cfc75-39b7-4d8d-95ca-253dab0f7826/element/00000000-0000-05c2-0000-004500000004/text' to command name 'getText'
&amp#27;[38;5;32m[AndroidUiautomator2Driver@7d8a (737cfc75)]&amp#27;[0m Proxying [GET /session/737cfc75-39b7-4d8d-95ca-253dab0f7826/element/00000000-0000-05c2-0000-004500000004/text] to [GET http://127.0.0.1:8240/session/848f67d1-b0ae-4721-9dff-71f52c26d8f9/element/00000000-0000-05c2-0000-004500000004/text] with no body
&amp#27;[38;5;32m[AndroidUiautomator2Driver@7d8a (737cfc75)]&amp#27;[0m Got response with status 200: {"sessionId":"848f67d1-b0ae-4721-9dff-71f52c26d8f9","value":"broken clouds"}
&amp#27;[38;5;32m[AndroidUiautomator2Driver@7d8a (737cfc75)]&amp#27;[0m Replacing sessionId 848f67d1-b0ae-4721-9dff-71f52c26d8f9 with 737cfc75-39b7-4d8d-95ca-253dab0f7826
&amp#27;[38;5;0m[HTTP]&amp#27;[0m &amp#27;[37m<-- GET /session/737cfc75-39b7-4d8d-95ca-253dab0f7826/element/00000000-0000-05c2-0000-004500000004/text &amp#27;[39m&amp#27;[32m200&amp#27;[39m &amp#27;[90m9 ms - 76&amp#27;[39m
&amp#27;[38;5;0m[HTTP]&amp#27;[0m &amp#27;[90m&amp#27;[39m
&amp#27;[38;5;0m[HTTP]&amp#27;[0m &amp#27;[37m-->&amp#27;[39m &amp#27;[37mGET&amp#27;[39m &amp#27;[37m/session/737cfc75-39b7-4d8d-95ca-253dab0f7826/element/00000000-0000-05c2-0000-004700000004/text&amp#27;[39m
&amp#27;[38;5;0m[HTTP]&amp#27;[0m &amp#27;[90m{}&amp#27;[39m
&amp#27;[38;5;32m[AndroidUiautomator2Driver@7d8a (737cfc75)]&amp#27;[0m Driver proxy active, passing request on via HTTP proxy
&amp#27;[38;5;32m[AndroidUiautomator2Driver@7d8a (737cfc75)]&amp#27;[0m Matched '/session/737cfc75-39b7-4d8d-95ca-253dab0f7826/element/00000000-0000-05c2-0000-004700000004/text' to command name 'getText'
&amp#27;[38;5;32m[AndroidUiautomator2Driver@7d8a (737cfc75)]&amp#27;[0m Proxying [GET /session/737cfc75-39b7-4d8d-95ca-253dab0f7826/element/00000000-0000-05c2-0000-004700000004/text] to [GET http://127.0.0.1:8240/session/848f67d1-b0ae-4721-9dff-71f52c26d8f9/element/00000000-0000-05c2-0000-004700000004/text] with no body
&amp#27;[38;5;32m[AndroidUiautomator2Driver@7d8a (737cfc75)]&amp#27;[0m Got response with status 200: {"sessionId":"848f67d1-b0ae-4721-9dff-71f52c26d8f9","value":"77 %"}
&amp#27;[38;5;32m[AndroidUiautomator2Driver@7d8a (737cfc75)]&amp#27;[0m Replacing sessionId 848f67d1-b0ae-4721-9dff-71f52c26d8f9 with 737cfc75-39b7-4d8d-95ca-253dab0f7826
&amp#27;[38;5;0m[HTTP]&amp#27;[0m &amp#27;[37m<-- GET /session/737cfc75-39b7-4d8d-95ca-253dab0f7826/element/00000000-0000-05c2-0000-004700000004/text &amp#27;[39m&amp#27;[32m200&amp#27;[39m &amp#27;[90m10 ms - 67&amp#27;[39m
&amp#27;[38;5;0m[HTTP]&amp#27;[0m &amp#27;[90m&amp#27;[39m
&amp#27;[38;5;0m[HTTP]&amp#27;[0m &amp#27;[37m-->&amp#27;[39m &amp#27;[37mGET&amp#27;[39m &amp#27;[37m/session/737cfc75-39b7-4d8d-95ca-253dab0f7826/element/00000000-0000-05c2-0000-004900000004/text&amp#27;[39m
&amp#27;[38;5;0m[HTTP]&amp#27;[0m &amp#27;[90m{}&amp#27;[39m
&amp#27;[38;5;32m[AndroidUiautomator2Driver@7d8a (737cfc75)]&amp#27;[0m Driver proxy active, passing request on via HTTP proxy
&amp#27;[38;5;32m[AndroidUiautomator2Driver@7d8a (737cfc75)]&amp#27;[0m Matched '/session/737cfc75-39b7-4d8d-95ca-253dab0f7826/element/00000000-0000-05c2-0000-004900000004/text' to command name 'getText'
&amp#27;[38;5;32m[AndroidUiautomator2Driver@7d8a (737cfc75)]&amp#27;[0m Proxying [GET /session/737cfc75-39b7-4d8d-95ca-253dab0f7826/element/00000000-0000-05c2-0000-004900000004/text] to [GET http://127.0.0.1:8240/session/848f67d1-b0ae-4721-9dff-71f52c26d8f9/element/00000000-0000-05c2-0000-004900000004/text] with no body
&amp#27;[38;5;32m[AndroidUiautomator2Driver@7d8a (737cfc75)]&amp#27;[0m Got response with status 200: {"sessionId":"848f67d1-b0ae-4721-9dff-71f52c26d8f9","value":"13 Â°C"}
&amp#27;[38;5;32m[AndroidUiautomator2Driver@7d8a (737cfc75)]&amp#27;[0m Replacing sessionId 848f67d1-b0ae-4721-9dff-71f52c26d8f9 with 737cfc75-39b7-4d8d-95ca-253dab0f7826
&amp#27;[38;5;0m[HTTP]&amp#27;[0m &amp#27;[37m<-- GET /session/737cfc75-39b7-4d8d-95ca-253dab0f7826/element/00000000-0000-05c2-0000-004900000004/text &amp#27;[39m&amp#27;[32m200&amp#27;[39m &amp#27;[90m11 ms - 69&amp#27;[39m
&amp#27;[38;5;0m[HTTP]&amp#27;[0m &amp#27;[90m&amp#27;[39m
&amp#27;[38;5;0m[HTTP]&amp#27;[0m &amp#27;[37m-->&amp#27;[39m &amp#27;[37mGET&amp#27;[39m &amp#27;[37m/session/737cfc75-39b7-4d8d-95ca-253dab0f7826/element/00000000-0000-05c2-0000-006b00000004/text&amp#27;[39m
&amp#27;[38;5;0m[HTTP]&amp#27;[0m &amp#27;[90m{}&amp#27;[39m
&amp#27;[38;5;32m[AndroidUiautomator2Driver@7d8a (737cfc75)]&amp#27;[0m Driver proxy active, passing request on via HTTP proxy
&amp#27;[38;5;32m[AndroidUiautomator2Driver@7d8a (737cfc75)]&amp#27;[0m Matched '/session/737cfc75-39b7-4d8d-95ca-253dab0f7826/element/00000000-0000-05c2-0000-006b00000004/text' to command name 'getText'
&amp#27;[38;5;32m[AndroidUiautomator2Driver@7d8a (737cfc75)]&amp#27;[0m Proxying [GET /session/737cfc75-39b7-4d8d-95ca-253dab0f7826/element/00000000-0000-05c2-0000-006b00000004/text] to [GET http://127.0.0.1:8240/session/848f67d1-b0ae-4721-9dff-71f52c26d8f9/element/00000000-0000-05c2-0000-006b00000004/text] with no body
&amp#27;[38;5;32m[AndroidUiautomator2Driver@7d8a (737cfc75)]&amp#27;[0m Got response with status 200: {"sessionId":"848f67d1-b0ae-4721-9dff-71f52c26d8f9","value":"06:00"}
&amp#27;[38;5;32m[AndroidUiautomator2Driver@7d8a (737cfc75)]&amp#27;[0m Replacing sessionId 848f67d1-b0ae-4721-9dff-71f52c26d8f9 with 737cfc75-39b7-4d8d-95ca-253dab0f7826
&amp#27;[38;5;0m[HTTP]&amp#27;[0m &amp#27;[37m<-- GET /session/737cfc75-39b7-4d8d-95ca-253dab0f7826/element/00000000-0000-05c2-0000-006b00000004/text &amp#27;[39m&amp#27;[32m200&amp#27;[39m &amp#27;[90m10 ms - 68&amp#27;[39m
&amp#27;[38;5;0m[HTTP]&amp#27;[0m &amp#27;[90m&amp#27;[39m
&amp#27;[38;5;0m[HTTP]&amp#27;[0m &amp#27;[37m-->&amp#27;[39m &amp#27;[37mGET&amp#27;[39m &amp#27;[37m/session/737cfc75-39b7-4d8d-95ca-253dab0f7826/element/00000000-0000-05c2-0000-006d00000004/text&amp#27;[39m
&amp#27;[38;5;0m[HTTP]&amp#27;[0m &amp#27;[90m{}&amp#27;[39m
&amp#27;[38;5;32m[AndroidUiautomator2Driver@7d8a (737cfc75)]&amp#27;[0m Driver proxy active, passing request on via HTTP proxy
&amp#27;[38;5;32m[AndroidUiautomator2Driver@7d8a (737cfc75)]&amp#27;[0m Matched '/session/737cfc75-39b7-4d8d-95ca-253dab0f7826/element/00000000-0000-05c2-0000-006d00000004/text' to command name 'getText'
&amp#27;[38;5;32m[AndroidUiautomator2Driver@7d8a (737cfc75)]&amp#27;[0m Proxying [GET /session/737cfc75-39b7-4d8d-95ca-253dab0f7826/element/00000000-0000-05c2-0000-006d00000004/text] to [GET http://127.0.0.1:8240/session/848f67d1-b0ae-4721-9dff-71f52c26d8f9/element/00000000-0000-05c2-0000-006d00000004/text] with no body
&amp#27;[38;5;32m[AndroidUiautomator2Driver@7d8a (737cfc75)]&amp#27;[0m Got response with status 200: {"sessionId":"848f67d1-b0ae-4721-9dff-71f52c26d8f9","value":"broken clouds"}
&amp#27;[38;5;32m[AndroidUiautomator2Driver@7d8a (737cfc75)]&amp#27;[0m Replacing sessionId 848f67d1-b0ae-4721-9dff-71f52c26d8f9 with 737cfc75-39b7-4d8d-95ca-253dab0f7826
&amp#27;[38;5;0m[HTTP]&amp#27;[0m &amp#27;[37m<-- GET /session/737cfc75-39b7-4d8d-95ca-253dab0f7826/element/00000000-0000-05c2-0000-006d00000004/text &amp#27;[39m&amp#27;[32m200&amp#27;[39m &amp#27;[90m10 ms - 76&amp#27;[39m
&amp#27;[38;5;0m[HTTP]&amp#27;[0m &amp#27;[90m&amp#27;[39m
&amp#27;[38;5;0m[HTTP]&amp#27;[0m &amp#27;[37m-->&amp#27;[39m &amp#27;[37mGET&amp#27;[39m &amp#27;[37m/session/737cfc75-39b7-4d8d-95ca-253dab0f7826/element/00000000-0000-05c2-0000-006f00000004/text&amp#27;[39m
&amp#27;[38;5;0m[HTTP]&amp#27;[0m &amp#27;[90m{}&amp#27;[39m
&amp#27;[38;5;32m[AndroidUiautomator2Driver@7d8a (737cfc75)]&amp#27;[0m Driver proxy active, passing request on via HTTP proxy
&amp#27;[38;5;32m[AndroidUiautomator2Driver@7d8a (737cfc75)]&amp#27;[0m Matched '/session/737cfc75-39b7-4d8d-95ca-253dab0f7826/element/00000000-0000-05c2-0000-006f00000004/text' to command name 'getText'
&amp#27;[38;5;32m[AndroidUiautomator2Driver@7d8a (737cfc75)]&amp#27;[0m Proxying [GET /session/737cfc75-39b7-4d8d-95ca-253dab0f7826/element/00000000-0000-05c2-0000-006f00000004/text] to [GET http://127.0.0.1:8240/session/848f67d1-b0ae-4721-9dff-71f52c26d8f9/element/00000000-0000-05c2-0000-006f00000004/text] with no body
&amp#27;[38;5;32m[AndroidUiautomator2Driver@7d8a (737cfc75)]&amp#27;[0m Got response with status 200: {"sessionId":"848f67d1-b0ae-4721-9dff-71f52c26d8f9","value":"79 %"}
&amp#27;[38;5;32m[AndroidUiautomator2Driver@7d8a (737cfc75)]&amp#27;[0m Replacing sessionId 848f67d1-b0ae-4721-9dff-71f52c26d8f9 with 737cfc75-39b7-4d8d-95ca-253dab0f7826
&amp#27;[38;5;0m[HTTP]&amp#27;[0m &amp#27;[37m<-- GET /session/737cfc75-39b7-4d8d-95ca-253dab0f7826/element/00000000-0000-05c2-0000-006f00000004/text &amp#27;[39m&amp#27;[32m200&amp#27;[39m &amp#27;[90m10 ms - 67&amp#27;[39m
&amp#27;[38;5;0m[HTTP]&amp#27;[0m &amp#27;[90m&amp#27;[39m
&amp#27;[38;5;0m[HTTP]&amp#27;[0m &amp#27;[37m-->&amp#27;[39m &amp#27;[37mGET&amp#27;[39m &amp#27;[37m/session/737cfc75-39b7-4d8d-95ca-253dab0f7826/element/00000000-0000-05c2-0000-007100000004/text&amp#27;[39m
&amp#27;[38;5;0m[HTTP]&amp#27;[0m &amp#27;[90m{}&amp#27;[39m
&amp#27;[38;5;32m[AndroidUiautomator2Driver@7d8a (737cfc75)]&amp#27;[0m Driver proxy active, passing request on via HTTP proxy
&amp#27;[38;5;32m[AndroidUiautomator2Driver@7d8a (737cfc75)]&amp#27;[0m Matched '/session/737cfc75-39b7-4d8d-95ca-253dab0f7826/element/00000000-0000-05c2-0000-007100000004/text' to command name 'getText'
&amp#27;[38;5;32m[AndroidUiautomator2Driver@7d8a (737cfc75)]&amp#27;[0m Proxying [GET /session/737cfc75-39b7-4d8d-95ca-253dab0f7826/element/00000000-0000-05c2-0000-007100000004/text] to [GET http://127.0.0.1:8240/session/848f67d1-b0ae-4721-9dff-71f52c26d8f9/element/00000000-0000-05c2-0000-007100000004/text] with no body
&amp#27;[38;5;32m[AndroidUiautomator2Driver@7d8a (737cfc75)]&amp#27;[0m Got response with status 200: {"sessionId":"848f67d1-b0ae-4721-9dff-71f52c26d8f9","value":"13 Â°C"}
&amp#27;[38;5;32m[AndroidUiautomator2Driver@7d8a (737cfc75)]&amp#27;[0m Replacing sessionId 848f67d1-b0ae-4721-9dff-71f52c26d8f9 with 737cfc75-39b7-4d8d-95ca-253dab0f7826
&amp#27;[38;5;0m[HTTP]&amp#27;[0m &amp#27;[37m<-- GET /session/737cfc75-39b7-4d8d-95ca-253dab0f7826/element/00000000-0000-05c2-0000-007100000004/text &amp#27;[39m&amp#27;[32m200&amp#27;[39m &amp#27;[90m10 ms - 69&amp#27;[39m
&amp#27;[38;5;0m[HTTP]&amp#27;[0m &amp#27;[90m&amp#27;[39m
&amp#27;[38;5;0m[HTTP]&amp#27;[0m &amp#27;[37m-->&amp#27;[39m &amp#27;[37mPOST&amp#27;[39m &amp#27;[37m/session/737cfc75-39b7-4d8d-95ca-253dab0f7826/execute/sync&amp#27;[39m
&amp#27;[38;5;0m[HTTP]&amp#27;[0m &amp#27;[90m{"script":"mobile: swipeGesture","args":[{"elementId":"00000000-0000-05c2-0000-002900000004","percent":0.4,"speed":320,"direction":"left"}]}&amp#27;[39m
&amp#27;[38;5;32m[AndroidUiautomator2Driver@7d8a (737cfc75)]&amp#27;[0m Calling AppiumDriver.execute() with args: ["mobile: swipeGesture",[{"elementId":"00000000-0000-05c2-0000-002900000004","percent":0.4,"speed":320,"direction":"left"}],"737cfc75-39b7-4d8d-95ca-253dab0f7826"]
&amp#27;[38;5;32m[AndroidUiautomator2Driver@7d8a (737cfc75)]&amp#27;[0m Executing method 'mobile: swipeGesture'
&amp#27;[38;5;32m[AndroidUiautomator2Driver@7d8a (737cfc75)]&amp#27;[0m Proxying [POST /appium/gestures/swipe] to [POST http://127.0.0.1:8240/session/848f67d1-b0ae-4721-9dff-71f52c26d8f9/appium/gestures/swipe] with body: {"origin":{"ELEMENT":"00000000-0000-05c2-0000-002900000004","element-6066-11e4-a52e-4f735466cecf":"00000000-0000-05c2-0000-002900000004"},"direction":"left","percent":0.4,"speed":320}
&amp#27;[38;5;32m[AndroidUiautomator2Driver@7d8a (737cfc75)]&amp#27;[0m Got response with status 200: {"sessionId":"848f67d1-b0ae-4721-9dff-71f52c26d8f9","value":null}
&amp#27;[38;5;32m[AndroidUiautomator2Driver@7d8a (737cfc75)]&amp#27;[0m Responding to client with driver.execute() result: null
&amp#27;[38;5;0m[HTTP]&amp#27;[0m &amp#27;[37m<-- POST /session/737cfc75-39b7-4d8d-95ca-253dab0f7826/execute/sync &amp#27;[39m&amp#27;[32m200&amp#27;[39m &amp#27;[90m1551 ms - 14&amp#27;[39m
&amp#27;[38;5;0m[HTTP]&amp#27;[0m &amp#27;[90m&amp#27;[39m
&amp#27;[38;5;0m[HTTP]&amp#27;[0m &amp#27;[37m-->&amp#27;[39m &amp#27;[37mPOST&amp#27;[39m &amp#27;[37m/session/737cfc75-39b7-4d8d-95ca-253dab0f7826/elements&amp#27;[39m
&amp#27;[38;5;0m[HTTP]&amp#27;[0m &amp#27;[90m{"using":"xpath","value":"//android.widget.HorizontalScrollView"}&amp#27;[39m
&amp#27;[38;5;32m[AndroidUiautomator2Driver@7d8a (737cfc75)]&amp#27;[0m Calling AppiumDriver.findElements() with args: ["xpath","//android.widget.HorizontalScrollView","737cfc75-39b7-4d8d-95ca-253dab0f7826"]
&amp#27;[38;5;32m[AndroidUiautomator2Driver@7d8a (737cfc75)]&amp#27;[0m Valid locator strategies for this request: xpath, id, class name, accessibility id, css selector, -android uiautomator
&amp#27;[38;5;32m[AndroidUiautomator2Driver@7d8a (737cfc75)]&amp#27;[0m Waiting up to 0 ms for condition
&amp#27;[38;5;32m[AndroidUiautomator2Driver@7d8a (737cfc75)]&amp#27;[0m Matched '/elements' to command name 'findElements'
&amp#27;[38;5;32m[AndroidUiautomator2Driver@7d8a (737cfc75)]&amp#27;[0m Proxying [POST /elements] to [POST http://127.0.0.1:8240/session/848f67d1-b0ae-4721-9dff-71f52c26d8f9/elements] with body: {"strategy":"xpath","selector":"//android.widget.HorizontalScrollView","context":"","multiple":true}
&amp#27;[38;5;32m[AndroidUiautomator2Driver@7d8a (737cfc75)]&amp#27;[0m Got response with status 200: {"sessionId":"848f67d1-b0ae-4721-9dff-71f52c26d8f9","value":[{"ELEMENT":"00000000-0000-05c2-0000-002900000004","element-6066-11e4-a52e-4f735466cecf":"00000000-0000-05c2-0000-002900000004"},{"ELEMENT":"00000000-0000-05c2-0000-002a00000004","element-6066-11e4-a52e-4f735466cecf":"00000000-0000-05c2-0000-002a00000004"}]}
&amp#27;[38;5;32m[AndroidUiautomator2Driver@7d8a (737cfc75)]&amp#27;[0m Responding to client with driver.findElements() result: [{"element-6066-11e4-a52e-4f735466cecf":"00000000-0000-05c2-0000-002900000004","ELEMENT":"00000000-0000-05c2-0000-002900000004"},{"element-6066-11e4-a52e-4f735466cecf":"00000000-0000-05c2-0000-002a00000004","ELEMENT":"00000000-0000-05c2-0000-002a00000004"}]
&amp#27;[38;5;0m[HTTP]&amp#27;[0m &amp#27;[37m<-- POST /session/737cfc75-39b7-4d8d-95ca-253dab0f7826/elements &amp#27;[39m&amp#27;[32m200&amp#27;[39m &amp#27;[90m132 ms - 267&amp#27;[39m
&amp#27;[38;5;0m[HTTP]&amp#27;[0m &amp#27;[90m&amp#27;[39m
&amp#27;[38;5;0m[HTTP]&amp#27;[0m &amp#27;[37m-->&amp#27;[39m &amp#27;[37mPOST&amp#27;[39m &amp#27;[37m/session/737cfc75-39b7-4d8d-95ca-253dab0f7826/element/00000000-0000-05c2-0000-002900000004/elements&amp#27;[39m
&amp#27;[38;5;0m[HTTP]&amp#27;[0m &amp#27;[90m{"id":"00000000-0000-05c2-0000-002900000004","using":"xpath","value":"//android.view.View"}&amp#27;[39m
&amp#27;[38;5;32m[AndroidUiautomator2Driver@7d8a (737cfc75)]&amp#27;[0m Calling AppiumDriver.findElementsFromElement() with args: ["xpath","//android.view.View","00000000-0000-05c2-0000-002900000004","737cfc75-39b7-4d8d-95ca-253dab0f7826"]
&amp#27;[38;5;32m[AndroidUiautomator2Driver@7d8a (737cfc75)]&amp#27;[0m Valid locator strategies for this request: xpath, id, class name, accessibility id, css selector, -android uiautomator
&amp#27;[38;5;32m[AndroidUiautomator2Driver@7d8a (737cfc75)]&amp#27;[0m Waiting up to 0 ms for condition
&amp#27;[38;5;32m[AndroidUiautomator2Driver@7d8a (737cfc75)]&amp#27;[0m Matched '/elements' to command name 'findElements'
&amp#27;[38;5;32m[AndroidUiautomator2Driver@7d8a (737cfc75)]&amp#27;[0m Proxying [POST /elements] to [POST http://127.0.0.1:8240/session/848f67d1-b0ae-4721-9dff-71f52c26d8f9/elements] with body: {"strategy":"xpath","selector":"//android.view.View","context":"00000000-0000-05c2-0000-002900000004","multiple":true}
&amp#27;[38;5;32m[AndroidUiautomator2Driver@7d8a (737cfc75)]&amp#27;[0m Got response with status 200: {"sessionId":"848f67d1-b0ae-4721-9dff-71f52c26d8f9","value":[{"ELEMENT":"00000000-0000-05c2-0000-003b00000004","element-6066-11e4-a52e-4f735466cecf":"00000000-0000-05c2-0000-003b00000004"},{"ELEMENT":"00000000-0000-05c2-0000-003d00000004","element-6066-11e4-a52e-4f735466cecf":"00000000-0000-05c2-0000-003d00000004"},{"ELEMENT":"00000000-0000-05c2-0000-003f00000004","element-6066-11e4-a52e-4f735466cecf":"00000000-0000-05c2-0000-003f00000004"},{"ELEMENT":"00000000-0000-05c2-0000-004100000004","element-6066-11e4-a52e-4f735466cecf":"00000000-0000-05c2-0000-004100000004"},{"ELEMENT":"00000000-0000-05c2-0000-004300000004","element-6066-11e4-a52e-4f735466cecf":"00000000-0000-05c2-0000-004300000004"},{"ELEMENT":"00000000-0000-05c2-0000-004500000004","element-6066-11e4-a52e-4f735466cecf":"00000000-0000-05c2-0000-004500000004"},{"ELEMENT":"00000000-0000-05c2-0000-004700000004","element-6066-11e4-a52e-4f735466cecf":"00000000-0000-05c2-0000-004700000004"},{"ELEMENT":"00000000-0000-05c2-0000-004900000004","element-6066-...
&amp#27;[38;5;32m[AndroidUiautomator2Driver@7d8a (737cfc75)]&amp#27;[0m Responding to client with driver.findElementsFromElement() result: [{"element-6066-11e4-a52e-4f735466cecf":"00000000-0000-05c2-0000-003b00000004","ELEMENT":"00000000-0000-05c2-0000-003b00000004"},{"element-6066-11e4-a52e-4f735466cecf":"00000000-0000-05c2-0000-003d00000004","ELEMENT":"00000000-0000-05c2-0000-003d00000004"},{"element-6066-11e4-a52e-4f735466cecf":"00000000-0000-05c2-0000-003f00000004","ELEMENT":"00000000-0000-05c2-0000-003f00000004"},{"element-6066-11e4-a52e-4f735466cecf":"00000000-0000-05c2-0000-004100000004","ELEMENT":"00000000-0000-05c2-0000-004100000004"},{"element-6066-11e4-a52e-4f735466cecf":"00000000-0000-05c2-0000-004300000004","ELEMENT":"00000000-0000-05c2-0000-004300000004"},{"element-6066-11e4-a52e-4f735466cecf":"00000000-0000-05c2-0000-004500000004","ELEMENT":"00000000-0000-05c2-0000-004500000004"},{"element-6066-11e4-a52e-4f735466cecf":"00000000-0000-05c2-0000-004700000004","ELEMENT":"00000000-0000-05c2-0000-004700000004"},{"element-6066-11e4-a52e-4f735466cecf":"00000000-0000-05c2-0000-004900000004","ELEMENT":"00000000-0000-05c2-0000-00490000000...
&amp#27;[38;5;0m[HTTP]&amp#27;[0m &amp#27;[37m<-- POST /session/737cfc75-39b7-4d8d-95ca-253dab0f7826/element/00000000-0000-05c2-0000-002900000004/elements &amp#27;[39m&amp#27;[32m200&amp#27;[39m &amp#27;[90m53 ms - 2059&amp#27;[39m
&amp#27;[38;5;0m[HTTP]&amp#27;[0m &amp#27;[90m&amp#27;[39m
&amp#27;[38;5;0m[HTTP]&amp#27;[0m &amp#27;[37m-->&amp#27;[39m &amp#27;[37mGET&amp#27;[39m &amp#27;[37m/session/737cfc75-39b7-4d8d-95ca-253dab0f7826/element/00000000-0000-05c2-0000-003b00000004/text&amp#27;[39m
&amp#27;[38;5;0m[HTTP]&amp#27;[0m &amp#27;[90m{}&amp#27;[39m
&amp#27;[38;5;32m[AndroidUiautomator2Driver@7d8a (737cfc75)]&amp#27;[0m Driver proxy active, passing request on via HTTP proxy
&amp#27;[38;5;32m[AndroidUiautomator2Driver@7d8a (737cfc75)]&amp#27;[0m Matched '/session/737cfc75-39b7-4d8d-95ca-253dab0f7826/element/00000000-0000-05c2-0000-003b00000004/text' to command name 'getText'
&amp#27;[38;5;32m[AndroidUiautomator2Driver@7d8a (737cfc75)]&amp#27;[0m Proxying [GET /session/737cfc75-39b7-4d8d-95ca-253dab0f7826/element/00000000-0000-05c2-0000-003b00000004/text] to [GET http://127.0.0.1:8240/session/848f67d1-b0ae-4721-9dff-71f52c26d8f9/element/00000000-0000-05c2-0000-003b00000004/text] with no body
&amp#27;[38;5;32m[AndroidUiautomator2Driver@7d8a (737cfc75)]&amp#27;[0m Got response with status 200: {"sessionId":"848f67d1-b0ae-4721-9dff-71f52c26d8f9","value":"04:00"}
&amp#27;[38;5;32m[AndroidUiautomator2Driver@7d8a (737cfc75)]&amp#27;[0m Replacing sessionId 848f67d1-b0ae-4721-9dff-71f52c26d8f9 with 737cfc75-39b7-4d8d-95ca-253dab0f7826
&amp#27;[38;5;0m[HTTP]&amp#27;[0m &amp#27;[37m<-- GET /session/737cfc75-39b7-4d8d-95ca-253dab0f7826/element/00000000-0000-05c2-0000-003b00000004/text &amp#27;[39m&amp#27;[32m200&amp#27;[39m &amp#27;[90m10 ms - 68&amp#27;[39m
&amp#27;[38;5;0m[HTTP]&amp#27;[0m &amp#27;[90m&amp#27;[39m
&amp#27;[38;5;0m[HTTP]&amp#27;[0m &amp#27;[37m-->&amp#27;[39m &amp#27;[37mGET&amp#27;[39m &amp#27;[37m/session/737cfc75-39b7-4d8d-95ca-253dab0f7826/element/00000000-0000-05c2-0000-003d00000004/text&amp#27;[39m
&amp#27;[38;5;0m[HTTP]&amp#27;[0m &amp#27;[90m{}&amp#27;[39m
&amp#27;[38;5;32m[AndroidUiautomator2Driver@7d8a (737cfc75)]&amp#27;[0m Driver proxy active, passing request on via HTTP proxy
&amp#27;[38;5;32m[AndroidUiautomator2Driver@7d8a (737cfc75)]&amp#27;[0m Matched '/session/737cfc75-39b7-4d8d-95ca-253dab0f7826/element/00000000-0000-05c2-0000-003d00000004/text' to command name 'getText'
&amp#27;[38;5;32m[AndroidUiautomator2Driver@7d8a (737cfc75)]&amp#27;[0m Proxying [GET /session/737cfc75-39b7-4d8d-95ca-253dab0f7826/element/00000000-0000-05c2-0000-003d00000004/text] to [GET http://127.0.0.1:8240/session/848f67d1-b0ae-4721-9dff-71f52c26d8f9/element/00000000-0000-05c2-0000-003d00000004/text] with no body
&amp#27;[38;5;32m[AndroidUiautomator2Driver@7d8a (737cfc75)]&amp#27;[0m Got response with status 200: {"sessionId":"848f67d1-b0ae-4721-9dff-71f52c26d8f9","value":"broken clouds"}
&amp#27;[38;5;32m[AndroidUiautomator2Driver@7d8a (737cfc75)]&amp#27;[0m Replacing sessionId 848f67d1-b0ae-4721-9dff-71f52c26d8f9 with 737cfc75-39b7-4d8d-95ca-253dab0f7826
&amp#27;[38;5;0m[HTTP]&amp#27;[0m &amp#27;[37m<-- GET /session/737cfc75-39b7-4d8d-95ca-253dab0f7826/element/00000000-0000-05c2-0000-003d00000004/text &amp#27;[39m&amp#27;[32m200&amp#27;[39m &amp#27;[90m9 ms - 76&amp#27;[39m
&amp#27;[38;5;0m[HTTP]&amp#27;[0m &amp#27;[90m&amp#27;[39m
&amp#27;[38;5;0m[HTTP]&amp#27;[0m &amp#27;[37m-->&amp#27;[39m &amp#27;[37mGET&amp#27;[39m &amp#27;[37m/session/737cfc75-39b7-4d8d-95ca-253dab0f7826/element/00000000-0000-05c2-0000-003f00000004/text&amp#27;[39m
&amp#27;[38;5;0m[HTTP]&amp#27;[0m &amp#27;[90m{}&amp#27;[39m
&amp#27;[38;5;32m[AndroidUiautomator2Driver@7d8a (737cfc75)]&amp#27;[0m Driver proxy active, passing request on via HTTP proxy
&amp#27;[38;5;32m[AndroidUiautomator2Driver@7d8a (737cfc75)]&amp#27;[0m Matched '/session/737cfc75-39b7-4d8d-95ca-253dab0f7826/element/00000000-0000-05c2-0000-003f00000004/text' to command name 'getText'
&amp#27;[38;5;32m[AndroidUiautomator2Driver@7d8a (737cfc75)]&amp#27;[0m Proxying [GET /session/737cfc75-39b7-4d8d-95ca-253dab0f7826/element/00000000-0000-05c2-0000-003f00000004/text] to [GET http://127.0.0.1:8240/session/848f67d1-b0ae-4721-9dff-71f52c26d8f9/element/00000000-0000-05c2-0000-003f00000004/text] with no body
&amp#27;[38;5;32m[AndroidUiautomator2Driver@7d8a (737cfc75)]&amp#27;[0m Got response with status 200: {"sessionId":"848f67d1-b0ae-4721-9dff-71f52c26d8f9","value":"77 %"}
&amp#27;[38;5;32m[AndroidUiautomator2Driver@7d8a (737cfc75)]&amp#27;[0m Replacing sessionId 848f67d1-b0ae-4721-9dff-71f52c26d8f9 with 737cfc75-39b7-4d8d-95ca-253dab0f7826
&amp#27;[38;5;0m[HTTP]&amp#27;[0m &amp#27;[37m<-- GET /session/737cfc75-39b7-4d8d-95ca-253dab0f7826/element/00000000-0000-05c2-0000-003f00000004/text &amp#27;[39m&amp#27;[32m200&amp#27;[39m &amp#27;[90m9 ms - 67&amp#27;[39m
&amp#27;[38;5;0m[HTTP]&amp#27;[0m &amp#27;[90m&amp#27;[39m
&amp#27;[38;5;0m[HTTP]&amp#27;[0m &amp#27;[37m-->&amp#27;[39m &amp#27;[37mGET&amp#27;[39m &amp#27;[37m/session/737cfc75-39b7-4d8d-95ca-253dab0f7826/element/00000000-0000-05c2-0000-004100000004/text&amp#27;[39m
&amp#27;[38;5;0m[HTTP]&amp#27;[0m &amp#27;[90m{}&amp#27;[39m
&amp#27;[38;5;32m[AndroidUiautomator2Driver@7d8a (737cfc75)]&amp#27;[0m Driver proxy active, passing request on via HTTP proxy
&amp#27;[38;5;32m[AndroidUiautomator2Driver@7d8a (737cfc75)]&amp#27;[0m Matched '/session/737cfc75-39b7-4d8d-95ca-253dab0f7826/element/00000000-0000-05c2-0000-004100000004/text' to command name 'getText'
&amp#27;[38;5;32m[AndroidUiautomator2Driver@7d8a (737cfc75)]&amp#27;[0m Proxying [GET /session/737cfc75-39b7-4d8d-95ca-253dab0f7826/element/00000000-0000-05c2-0000-004100000004/text] to [GET http://127.0.0.1:8240/session/848f67d1-b0ae-4721-9dff-71f52c26d8f9/element/00000000-0000-05c2-0000-004100000004/text] with no body
&amp#27;[38;5;32m[AndroidUiautomator2Driver@7d8a (737cfc75)]&amp#27;[0m Got response with status 200: {"sessionId":"848f67d1-b0ae-4721-9dff-71f52c26d8f9","value":"13 Â°C"}
&amp#27;[38;5;32m[AndroidUiautomator2Driver@7d8a (737cfc75)]&amp#27;[0m Replacing sessionId 848f67d1-b0ae-4721-9dff-71f52c26d8f9 with 737cfc75-39b7-4d8d-95ca-253dab0f7826
&amp#27;[38;5;0m[HTTP]&amp#27;[0m &amp#27;[37m<-- GET /session/737cfc75-39b7-4d8d-95ca-253dab0f7826/element/00000000-0000-05c2-0000-004100000004/text &amp#27;[39m&amp#27;[32m200&amp#27;[39m &amp#27;[90m9 ms - 69&amp#27;[39m
&amp#27;[38;5;0m[HTTP]&amp#27;[0m &amp#27;[90m&amp#27;[39m
&amp#27;[38;5;0m[HTTP]&amp#27;[0m &amp#27;[37m-->&amp#27;[39m &amp#27;[37mGET&amp#27;[39m &amp#27;[37m/session/737cfc75-39b7-4d8d-95ca-253dab0f7826/element/00000000-0000-05c2-0000-004300000004/text&amp#27;[39m
&amp#27;[38;5;0m[HTTP]&amp#27;[0m &amp#27;[90m{}&amp#27;[39m
&amp#27;[38;5;32m[AndroidUiautomator2Driver@7d8a (737cfc75)]&amp#27;[0m Driver proxy active, passing request on via HTTP proxy
&amp#27;[38;5;32m[AndroidUiautomator2Driver@7d8a (737cfc75)]&amp#27;[0m Matched '/session/737cfc75-39b7-4d8d-95ca-253dab0f7826/element/00000000-0000-05c2-0000-004300000004/text' to command name 'getText'
&amp#27;[38;5;32m[AndroidUiautomator2Driver@7d8a (737cfc75)]&amp#27;[0m Proxying [GET /session/737cfc75-39b7-4d8d-95ca-253dab0f7826/element/00000000-0000-05c2-0000-004300000004/text] to [GET http://127.0.0.1:8240/session/848f67d1-b0ae-4721-9dff-71f52c26d8f9/element/00000000-0000-05c2-0000-004300000004/text] with no body
&amp#27;[38;5;32m[AndroidUiautomator2Driver@7d8a (737cfc75)]&amp#27;[0m Got response with status 200: {"sessionId":"848f67d1-b0ae-4721-9dff-71f52c26d8f9","value":"05:00"}
&amp#27;[38;5;32m[AndroidUiautomator2Driver@7d8a (737cfc75)]&amp#27;[0m Replacing sessionId 848f67d1-b0ae-4721-9dff-71f52c26d8f9 with 737cfc75-39b7-4d8d-95ca-253dab0f7826
&amp#27;[38;5;0m[HTTP]&amp#27;[0m &amp#27;[37m<-- GET /session/737cfc75-39b7-4d8d-95ca-253dab0f7826/element/00000000-0000-05c2-0000-004300000004/text &amp#27;[39m&amp#27;[32m200&amp#27;[39m &amp#27;[90m10 ms - 68&amp#27;[39m
&amp#27;[38;5;0m[HTTP]&amp#27;[0m &amp#27;[90m&amp#27;[39m
&amp#27;[38;5;0m[HTTP]&amp#27;[0m &amp#27;[37m-->&amp#27;[39m &amp#27;[37mGET&amp#27;[39m &amp#27;[37m/session/737cfc75-39b7-4d8d-95ca-253dab0f7826/element/00000000-0000-05c2-0000-004500000004/text&amp#27;[39m
&amp#27;[38;5;0m[HTTP]&amp#27;[0m &amp#27;[90m{}&amp#27;[39m
&amp#27;[38;5;32m[AndroidUiautomator2Driver@7d8a (737cfc75)]&amp#27;[0m Driver proxy active, passing request on via HTTP proxy
&amp#27;[38;5;32m[AndroidUiautomator2Driver@7d8a (737cfc75)]&amp#27;[0m Matched '/session/737cfc75-39b7-4d8d-95ca-253dab0f7826/element/00000000-0000-05c2-0000-004500000004/text' to command name 'getText'
&amp#27;[38;5;32m[AndroidUiautomator2Driver@7d8a (737cfc75)]&amp#27;[0m Proxying [GET /session/737cfc75-39b7-4d8d-95ca-253dab0f7826/element/00000000-0000-05c2-0000-004500000004/text] to [GET http://127.0.0.1:8240/session/848f67d1-b0ae-4721-9dff-71f52c26d8f9/element/00000000-0000-05c2-0000-004500000004/text] with no body
&amp#27;[38;5;32m[AndroidUiautomator2Driver@7d8a (737cfc75)]&amp#27;[0m Got response with status 200: {"sessionId":"848f67d1-b0ae-4721-9dff-71f52c26d8f9","value":"broken clouds"}
&amp#27;[38;5;32m[AndroidUiautomator2Driver@7d8a (737cfc75)]&amp#27;[0m Replacing sessionId 848f67d1-b0ae-4721-9dff-71f52c26d8f9 with 737cfc75-39b7-4d8d-95ca-253dab0f7826
&amp#27;[38;5;0m[HTTP]&amp#27;[0m &amp#27;[37m<-- GET /session/737cfc75-39b7-4d8d-95ca-253dab0f7826/element/00000000-0000-05c2-0000-004500000004/text &amp#27;[39m&amp#27;[32m200&amp#27;[39m &amp#27;[90m11 ms - 76&amp#27;[39m
&amp#27;[38;5;0m[HTTP]&amp#27;[0m &amp#27;[90m&amp#27;[39m
&amp#27;[38;5;0m[HTTP]&amp#27;[0m &amp#27;[37m-->&amp#27;[39m &amp#27;[37mGET&amp#27;[39m &amp#27;[37m/session/737cfc75-39b7-4d8d-95ca-253dab0f7826/element/00000000-0000-05c2-0000-004700000004/text&amp#27;[39m
&amp#27;[38;5;0m[HTTP]&amp#27;[0m &amp#27;[90m{}&amp#27;[39m
&amp#27;[38;5;32m[AndroidUiautomator2Driver@7d8a (737cfc75)]&amp#27;[0m Driver proxy active, passing request on via HTTP proxy
&amp#27;[38;5;32m[AndroidUiautomator2Driver@7d8a (737cfc75)]&amp#27;[0m Matched '/session/737cfc75-39b7-4d8d-95ca-253dab0f7826/element/00000000-0000-05c2-0000-004700000004/text' to command name 'getText'
&amp#27;[38;5;32m[AndroidUiautomator2Driver@7d8a (737cfc75)]&amp#27;[0m Proxying [GET /session/737cfc75-39b7-4d8d-95ca-253dab0f7826/element/00000000-0000-05c2-0000-004700000004/text] to [GET http://127.0.0.1:8240/session/848f67d1-b0ae-4721-9dff-71f52c26d8f9/element/00000000-0000-05c2-0000-004700000004/text] with no body
&amp#27;[38;5;32m[AndroidUiautomator2Driver@7d8a (737cfc75)]&amp#27;[0m Got response with status 200: {"sessionId":"848f67d1-b0ae-4721-9dff-71f52c26d8f9","value":"77 %"}
&amp#27;[38;5;32m[AndroidUiautomator2Driver@7d8a (737cfc75)]&amp#27;[0m Replacing sessionId 848f67d1-b0ae-4721-9dff-71f52c26d8f9 with 737cfc75-39b7-4d8d-95ca-253dab0f7826
&amp#27;[38;5;0m[HTTP]&amp#27;[0m &amp#27;[37m<-- GET /session/737cfc75-39b7-4d8d-95ca-253dab0f7826/element/00000000-0000-05c2-0000-004700000004/text &amp#27;[39m&amp#27;[32m200&amp#27;[39m &amp#27;[90m10 ms - 67&amp#27;[39m
&amp#27;[38;5;0m[HTTP]&amp#27;[0m &amp#27;[90m&amp#27;[39m
&amp#27;[38;5;0m[HTTP]&amp#27;[0m &amp#27;[37m-->&amp#27;[39m &amp#27;[37mGET&amp#27;[39m &amp#27;[37m/session/737cfc75-39b7-4d8d-95ca-253dab0f7826/element/00000000-0000-05c2-0000-004900000004/text&amp#27;[39m
&amp#27;[38;5;0m[HTTP]&amp#27;[0m &amp#27;[90m{}&amp#27;[39m
&amp#27;[38;5;32m[AndroidUiautomator2Driver@7d8a (737cfc75)]&amp#27;[0m Driver proxy active, passing request on via HTTP proxy
&amp#27;[38;5;32m[AndroidUiautomator2Driver@7d8a (737cfc75)]&amp#27;[0m Matched '/session/737cfc75-39b7-4d8d-95ca-253dab0f7826/element/00000000-0000-05c2-0000-004900000004/text' to command name 'getText'
&amp#27;[38;5;32m[AndroidUiautomator2Driver@7d8a (737cfc75)]&amp#27;[0m Proxying [GET /session/737cfc75-39b7-4d8d-95ca-253dab0f7826/element/00000000-0000-05c2-0000-004900000004/text] to [GET http://127.0.0.1:8240/session/848f67d1-b0ae-4721-9dff-71f52c26d8f9/element/00000000-0000-05c2-0000-004900000004/text] with no body
&amp#27;[38;5;32m[AndroidUiautomator2Driver@7d8a (737cfc75)]&amp#27;[0m Got response with status 200: {"sessionId":"848f67d1-b0ae-4721-9dff-71f52c26d8f9","value":"13 Â°C"}
&amp#27;[38;5;32m[AndroidUiautomator2Driver@7d8a (737cfc75)]&amp#27;[0m Replacing sessionId 848f67d1-b0ae-4721-9dff-71f52c26d8f9 with 737cfc75-39b7-4d8d-95ca-253dab0f7826
&amp#27;[38;5;0m[HTTP]&amp#27;[0m &amp#27;[37m<-- GET /session/737cfc75-39b7-4d8d-95ca-253dab0f7826/element/00000000-0000-05c2-0000-004900000004/text &amp#27;[39m&amp#27;[32m200&amp#27;[39m &amp#27;[90m10 ms - 69&amp#27;[39m
&amp#27;[38;5;0m[HTTP]&amp#27;[0m &amp#27;[90m&amp#27;[39m
&amp#27;[38;5;0m[HTTP]&amp#27;[0m &amp#27;[37m-->&amp#27;[39m &amp#27;[37mGET&amp#27;[39m &amp#27;[37m/session/737cfc75-39b7-4d8d-95ca-253dab0f7826/element/00000000-0000-05c2-0000-006b00000004/text&amp#27;[39m
&amp#27;[38;5;0m[HTTP]&amp#27;[0m &amp#27;[90m{}&amp#27;[39m
&amp#27;[38;5;32m[AndroidUiautomator2Driver@7d8a (737cfc75)]&amp#27;[0m Driver proxy active, passing request on via HTTP proxy
&amp#27;[38;5;32m[AndroidUiautomator2Driver@7d8a (737cfc75)]&amp#27;[0m Matched '/session/737cfc75-39b7-4d8d-95ca-253dab0f7826/element/00000000-0000-05c2-0000-006b00000004/text' to command name 'getText'
&amp#27;[38;5;32m[AndroidUiautomator2Driver@7d8a (737cfc75)]&amp#27;[0m Proxying [GET /session/737cfc75-39b7-4d8d-95ca-253dab0f7826/element/00000000-0000-05c2-0000-006b00000004/text] to [GET http://127.0.0.1:8240/session/848f67d1-b0ae-4721-9dff-71f52c26d8f9/element/00000000-0000-05c2-0000-006b00000004/text] with no body
&amp#27;[38;5;32m[AndroidUiautomator2Driver@7d8a (737cfc75)]&amp#27;[0m Got response with status 200: {"sessionId":"848f67d1-b0ae-4721-9dff-71f52c26d8f9","value":"06:00"}
&amp#27;[38;5;32m[AndroidUiautomator2Driver@7d8a (737cfc75)]&amp#27;[0m Replacing sessionId 848f67d1-b0ae-4721-9dff-71f52c26d8f9 with 737cfc75-39b7-4d8d-95ca-253dab0f7826
&amp#27;[38;5;0m[HTTP]&amp#27;[0m &amp#27;[37m<-- GET /session/737cfc75-39b7-4d8d-95ca-253dab0f7826/element/00000000-0000-05c2-0000-006b00000004/text &amp#27;[39m&amp#27;[32m200&amp#27;[39m &amp#27;[90m11 ms - 68&amp#27;[39m
&amp#27;[38;5;0m[HTTP]&amp#27;[0m &amp#27;[90m&amp#27;[39m
&amp#27;[38;5;0m[HTTP]&amp#27;[0m &amp#27;[37m-->&amp#27;[39m &amp#27;[37mGET&amp#27;[39m &amp#27;[37m/session/737cfc75-39b7-4d8d-95ca-253dab0f7826/element/00000000-0000-05c2-0000-006d00000004/text&amp#27;[39m
&amp#27;[38;5;0m[HTTP]&amp#27;[0m &amp#27;[90m{}&amp#27;[39m
&amp#27;[38;5;32m[AndroidUiautomator2Driver@7d8a (737cfc75)]&amp#27;[0m Driver proxy active, passing request on via HTTP proxy
&amp#27;[38;5;32m[AndroidUiautomator2Driver@7d8a (737cfc75)]&amp#27;[0m Matched '/session/737cfc75-39b7-4d8d-95ca-253dab0f7826/element/00000000-0000-05c2-0000-006d00000004/text' to command name 'getText'
&amp#27;[38;5;32m[AndroidUiautomator2Driver@7d8a (737cfc75)]&amp#27;[0m Proxying [GET /session/737cfc75-39b7-4d8d-95ca-253dab0f7826/element/00000000-0000-05c2-0000-006d00000004/text] to [GET http://127.0.0.1:8240/session/848f67d1-b0ae-4721-9dff-71f52c26d8f9/element/00000000-0000-05c2-0000-006d00000004/text] with no body
&amp#27;[38;5;32m[AndroidUiautomator2Driver@7d8a (737cfc75)]&amp#27;[0m Got response with status 200: {"sessionId":"848f67d1-b0ae-4721-9dff-71f52c26d8f9","value":"broken clouds"}
&amp#27;[38;5;32m[AndroidUiautomator2Driver@7d8a (737cfc75)]&amp#27;[0m Replacing sessionId 848f67d1-b0ae-4721-9dff-71f52c26d8f9 with 737cfc75-39b7-4d8d-95ca-253dab0f7826
&amp#27;[38;5;0m[HTTP]&amp#27;[0m &amp#27;[37m<-- GET /session/737cfc75-39b7-4d8d-95ca-253dab0f7826/element/00000000-0000-05c2-0000-006d00000004/text &amp#27;[39m&amp#27;[32m200&amp#27;[39m &amp#27;[90m10 ms - 76&amp#27;[39m
&amp#27;[38;5;0m[HTTP]&amp#27;[0m &amp#27;[90m&amp#27;[39m
&amp#27;[38;5;0m[HTTP]&amp#27;[0m &amp#27;[37m-->&amp#27;[39m &amp#27;[37mGET&amp#27;[39m &amp#27;[37m/session/737cfc75-39b7-4d8d-95ca-253dab0f7826/element/00000000-0000-05c2-0000-006f00000004/text&amp#27;[39m
&amp#27;[38;5;0m[HTTP]&amp#27;[0m &amp#27;[90m{}&amp#27;[39m
&amp#27;[38;5;32m[AndroidUiautomator2Driver@7d8a (737cfc75)]&amp#27;[0m Driver proxy active, passing request on via HTTP proxy
&amp#27;[38;5;32m[AndroidUiautomator2Driver@7d8a (737cfc75)]&amp#27;[0m Matched '/session/737cfc75-39b7-4d8d-95ca-253dab0f7826/element/00000000-0000-05c2-0000-006f00000004/text' to command name 'getText'
&amp#27;[38;5;32m[AndroidUiautomator2Driver@7d8a (737cfc75)]&amp#27;[0m Proxying [GET /session/737cfc75-39b7-4d8d-95ca-253dab0f7826/element/00000000-0000-05c2-0000-006f00000004/text] to [GET http://127.0.0.1:8240/session/848f67d1-b0ae-4721-9dff-71f52c26d8f9/element/00000000-0000-05c2-0000-006f00000004/text] with no body
&amp#27;[38;5;32m[AndroidUiautomator2Driver@7d8a (737cfc75)]&amp#27;[0m Got response with status 200: {"sessionId":"848f67d1-b0ae-4721-9dff-71f52c26d8f9","value":"79 %"}
&amp#27;[38;5;32m[AndroidUiautomator2Driver@7d8a (737cfc75)]&amp#27;[0m Replacing sessionId 848f67d1-b0ae-4721-9dff-71f52c26d8f9 with 737cfc75-39b7-4d8d-95ca-253dab0f7826
&amp#27;[38;5;0m[HTTP]&amp#27;[0m &amp#27;[37m<-- GET /session/737cfc75-39b7-4d8d-95ca-253dab0f7826/element/00000000-0000-05c2-0000-006f00000004/text &amp#27;[39m&amp#27;[32m200&amp#27;[39m &amp#27;[90m11 ms - 67&amp#27;[39m
&amp#27;[38;5;0m[HTTP]&amp#27;[0m &amp#27;[90m&amp#27;[39m
&amp#27;[38;5;0m[HTTP]&amp#27;[0m &amp#27;[37m-->&amp#27;[39m &amp#27;[37mGET&amp#27;[39m &amp#27;[37m/session/737cfc75-39b7-4d8d-95ca-253dab0f7826/element/00000000-0000-05c2-0000-007100000004/text&amp#27;[39m
&amp#27;[38;5;0m[HTTP]&amp#27;[0m &amp#27;[90m{}&amp#27;[39m
&amp#27;[38;5;32m[AndroidUiautomator2Driver@7d8a (737cfc75)]&amp#27;[0m Driver proxy active, passing request on via HTTP proxy
&amp#27;[38;5;32m[AndroidUiautomator2Driver@7d8a (737cfc75)]&amp#27;[0m Matched '/session/737cfc75-39b7-4d8d-95ca-253dab0f7826/element/00000000-0000-05c2-0000-007100000004/text' to command name 'getText'
&amp#27;[38;5;32m[AndroidUiautomator2Driver@7d8a (737cfc75)]&amp#27;[0m Proxying [GET /session/737cfc75-39b7-4d8d-95ca-253dab0f7826/element/00000000-0000-05c2-0000-007100000004/text] to [GET http://127.0.0.1:8240/session/848f67d1-b0ae-4721-9dff-71f52c26d8f9/element/00000000-0000-05c2-0000-007100000004/text] with no body
&amp#27;[38;5;32m[AndroidUiautomator2Driver@7d8a (737cfc75)]&amp#27;[0m Got response with status 200: {"sessionId":"848f67d1-b0ae-4721-9dff-71f52c26d8f9","value":"13 Â°C"}
&amp#27;[38;5;32m[AndroidUiautomator2Driver@7d8a (737cfc75)]&amp#27;[0m Replacing sessionId 848f67d1-b0ae-4721-9dff-71f52c26d8f9 with 737cfc75-39b7-4d8d-95ca-253dab0f7826
&amp#27;[38;5;0m[HTTP]&amp#27;[0m &amp#27;[37m<-- GET /session/737cfc75-39b7-4d8d-95ca-253dab0f7826/element/00000000-0000-05c2-0000-007100000004/text &amp#27;[39m&amp#27;[32m200&amp#27;[39m &amp#27;[90m10 ms - 69&amp#27;[39m
&amp#27;[38;5;0m[HTTP]&amp#27;[0m &amp#27;[90m&amp#27;[39m
&amp#27;[38;5;0m[HTTP]&amp#27;[0m &amp#27;[37m-->&amp#27;[39m &amp#27;[37mGET&amp#27;[39m &amp#27;[37m/session/737cfc75-39b7-4d8d-95ca-253dab0f7826/element/00000000-0000-05c2-0000-007300000004/text&amp#27;[39m
&amp#27;[38;5;0m[HTTP]&amp#27;[0m &amp#27;[90m{}&amp#27;[39m
&amp#27;[38;5;32m[AndroidUiautomator2Driver@7d8a (737cfc75)]&amp#27;[0m Driver proxy active, passing request on via HTTP proxy
&amp#27;[38;5;32m[AndroidUiautomator2Driver@7d8a (737cfc75)]&amp#27;[0m Matched '/session/737cfc75-39b7-4d8d-95ca-253dab0f7826/element/00000000-0000-05c2-0000-007300000004/text' to command name 'getText'
&amp#27;[38;5;32m[AndroidUiautomator2Driver@7d8a (737cfc75)]&amp#27;[0m Proxying [GET /session/737cfc75-39b7-4d8d-95ca-253dab0f7826/element/00000000-0000-05c2-0000-007300000004/text] to [GET http://127.0.0.1:8240/session/848f67d1-b0ae-4721-9dff-71f52c26d8f9/element/00000000-0000-05c2-0000-007300000004/text] with no body
&amp#27;[38;5;32m[AndroidUiautomator2Driver@7d8a (737cfc75)]&amp#27;[0m Got response with status 200: {"sessionId":"848f67d1-b0ae-4721-9dff-71f52c26d8f9","value":"07:00"}
&amp#27;[38;5;32m[AndroidUiautomator2Driver@7d8a (737cfc75)]&amp#27;[0m Replacing sessionId 848f67d1-b0ae-4721-9dff-71f52c26d8f9 with 737cfc75-39b7-4d8d-95ca-253dab0f7826
&amp#27;[38;5;0m[HTTP]&amp#27;[0m &amp#27;[37m<-- GET /session/737cfc75-39b7-4d8d-95ca-253dab0f7826/element/00000000-0000-05c2-0000-007300000004/text &amp#27;[39m&amp#27;[32m200&amp#27;[39m &amp#27;[90m9 ms - 68&amp#27;[39m
&amp#27;[38;5;0m[HTTP]&amp#27;[0m &amp#27;[90m&amp#27;[39m
&amp#27;[38;5;0m[HTTP]&amp#27;[0m &amp#27;[37m-->&amp#27;[39m &amp#27;[37mGET&amp#27;[39m &amp#27;[37m/session/737cfc75-39b7-4d8d-95ca-253dab0f7826/element/00000000-0000-05c2-0000-007500000004/text&amp#27;[39m
&amp#27;[38;5;0m[HTTP]&amp#27;[0m &amp#27;[90m{}&amp#27;[39m
&amp#27;[38;5;32m[AndroidUiautomator2Driver@7d8a (737cfc75)]&amp#27;[0m Driver proxy active, passing request on via HTTP proxy
&amp#27;[38;5;32m[AndroidUiautomator2Driver@7d8a (737cfc75)]&amp#27;[0m Matched '/session/737cfc75-39b7-4d8d-95ca-253dab0f7826/element/00000000-0000-05c2-0000-007500000004/text' to command name 'getText'
&amp#27;[38;5;32m[AndroidUiautomator2Driver@7d8a (737cfc75)]&amp#27;[0m Proxying [GET /session/737cfc75-39b7-4d8d-95ca-253dab0f7826/element/00000000-0000-05c2-0000-007500000004/text] to [GET http://127.0.0.1:8240/session/848f67d1-b0ae-4721-9dff-71f52c26d8f9/element/00000000-0000-05c2-0000-007500000004/text] with no body
&amp#27;[38;5;32m[AndroidUiautomator2Driver@7d8a (737cfc75)]&amp#27;[0m Got response with status 200: {"sessionId":"848f67d1-b0ae-4721-9dff-71f52c26d8f9","value":"overcast clouds"}
&amp#27;[38;5;32m[AndroidUiautomator2Driver@7d8a (737cfc75)]&amp#27;[0m Replacing sessionId 848f67d1-b0ae-4721-9dff-71f52c26d8f9 with 737cfc75-39b7-4d8d-95ca-253dab0f7826
&amp#27;[38;5;0m[HTTP]&amp#27;[0m &amp#27;[37m<-- GET /session/737cfc75-39b7-4d8d-95ca-253dab0f7826/element/00000000-0000-05c2-0000-007500000004/text &amp#27;[39m&amp#27;[32m200&amp#27;[39m &amp#27;[90m9 ms - 78&amp#27;[39m
&amp#27;[38;5;0m[HTTP]&amp#27;[0m &amp#27;[90m&amp#27;[39m
&amp#27;[38;5;0m[HTTP]&amp#27;[0m &amp#27;[37m-->&amp#27;[39m &amp#27;[37mGET&amp#27;[39m &amp#27;[37m/session/737cfc75-39b7-4d8d-95ca-253dab0f7826/element/00000000-0000-05c2-0000-007700000004/text&amp#27;[39m
&amp#27;[38;5;0m[HTTP]&amp#27;[0m &amp#27;[90m{}&amp#27;[39m
&amp#27;[38;5;32m[AndroidUiautomator2Driver@7d8a (737cfc75)]&amp#27;[0m Driver proxy active, passing request on via HTTP proxy
&amp#27;[38;5;32m[AndroidUiautomator2Driver@7d8a (737cfc75)]&amp#27;[0m Matched '/session/737cfc75-39b7-4d8d-95ca-253dab0f7826/element/00000000-0000-05c2-0000-007700000004/text' to command name 'getText'
&amp#27;[38;5;32m[AndroidUiautomator2Driver@7d8a (737cfc75)]&amp#27;[0m Proxying [GET /session/737cfc75-39b7-4d8d-95ca-253dab0f7826/element/00000000-0000-05c2-0000-007700000004/text] to [GET http://127.0.0.1:8240/session/848f67d1-b0ae-4721-9dff-71f52c26d8f9/element/00000000-0000-05c2-0000-007700000004/text] with no body
&amp#27;[38;5;32m[AndroidUiautomator2Driver@7d8a (737cfc75)]&amp#27;[0m Got response with status 200: {"sessionId":"848f67d1-b0ae-4721-9dff-71f52c26d8f9","value":"82 %"}
&amp#27;[38;5;32m[AndroidUiautomator2Driver@7d8a (737cfc75)]&amp#27;[0m Replacing sessionId 848f67d1-b0ae-4721-9dff-71f52c26d8f9 with 737cfc75-39b7-4d8d-95ca-253dab0f7826
&amp#27;[38;5;0m[HTTP]&amp#27;[0m &amp#27;[37m<-- GET /session/737cfc75-39b7-4d8d-95ca-253dab0f7826/element/00000000-0000-05c2-0000-007700000004/text &amp#27;[39m&amp#27;[32m200&amp#27;[39m &amp#27;[90m10 ms - 67&amp#27;[39m
&amp#27;[38;5;0m[HTTP]&amp#27;[0m &amp#27;[90m&amp#27;[39m
&amp#27;[38;5;0m[HTTP]&amp#27;[0m &amp#27;[37m-->&amp#27;[39m &amp#27;[37mGET&amp#27;[39m &amp#27;[37m/session/737cfc75-39b7-4d8d-95ca-253dab0f7826/element/00000000-0000-05c2-0000-007900000004/text&amp#27;[39m
&amp#27;[38;5;0m[HTTP]&amp#27;[0m &amp#27;[90m{}&amp#27;[39m
&amp#27;[38;5;32m[AndroidUiautomator2Driver@7d8a (737cfc75)]&amp#27;[0m Driver proxy active, passing request on via HTTP proxy
&amp#27;[38;5;32m[AndroidUiautomator2Driver@7d8a (737cfc75)]&amp#27;[0m Matched '/session/737cfc75-39b7-4d8d-95ca-253dab0f7826/element/00000000-0000-05c2-0000-007900000004/text' to command name 'getText'
&amp#27;[38;5;32m[AndroidUiautomator2Driver@7d8a (737cfc75)]&amp#27;[0m Proxying [GET /session/737cfc75-39b7-4d8d-95ca-253dab0f7826/element/00000000-0000-05c2-0000-007900000004/text] to [GET http://127.0.0.1:8240/session/848f67d1-b0ae-4721-9dff-71f52c26d8f9/element/00000000-0000-05c2-0000-007900000004/text] with no body
&amp#27;[38;5;32m[AndroidUiautomator2Driver@7d8a (737cfc75)]&amp#27;[0m Got response with status 200: {"sessionId":"848f67d1-b0ae-4721-9dff-71f52c26d8f9","value":"12 Â°C"}
&amp#27;[38;5;32m[AndroidUiautomator2Driver@7d8a (737cfc75)]&amp#27;[0m Replacing sessionId 848f67d1-b0ae-4721-9dff-71f52c26d8f9 with 737cfc75-39b7-4d8d-95ca-253dab0f7826
&amp#27;[38;5;0m[HTTP]&amp#27;[0m &amp#27;[37m<-- GET /session/737cfc75-39b7-4d8d-95ca-253dab0f7826/element/00000000-0000-05c2-0000-007900000004/text &amp#27;[39m&amp#27;[32m200&amp#27;[39m &amp#27;[90m9 ms - 69&amp#27;[39m
&amp#27;[38;5;0m[HTTP]&amp#27;[0m &amp#27;[90m&amp#27;[39m
&amp#27;[38;5;0m[HTTP]&amp#27;[0m &amp#27;[37m-->&amp#27;[39m &amp#27;[37mPOST&amp#27;[39m &amp#27;[37m/session/737cfc75-39b7-4d8d-95ca-253dab0f7826/execute/sync&amp#27;[39m
&amp#27;[38;5;0m[HTTP]&amp#27;[0m &amp#27;[90m{"script":"mobile: swipeGesture","args":[{"elementId":"00000000-0000-05c2-0000-002900000004","percent":0.4,"speed":320,"direction":"left"}]}&amp#27;[39m
&amp#27;[38;5;32m[AndroidUiautomator2Driver@7d8a (737cfc75)]&amp#27;[0m Calling AppiumDriver.execute() with args: ["mobile: swipeGesture",[{"elementId":"00000000-0000-05c2-0000-002900000004","percent":0.4,"speed":320,"direction":"left"}],"737cfc75-39b7-4d8d-95ca-253dab0f7826"]
&amp#27;[38;5;32m[AndroidUiautomator2Driver@7d8a (737cfc75)]&amp#27;[0m Executing method 'mobile: swipeGesture'
&amp#27;[38;5;32m[AndroidUiautomator2Driver@7d8a (737cfc75)]&amp#27;[0m Proxying [POST /appium/gestures/swipe] to [POST http://127.0.0.1:8240/session/848f67d1-b0ae-4721-9dff-71f52c26d8f9/appium/gestures/swipe] with body: {"origin":{"ELEMENT":"00000000-0000-05c2-0000-002900000004","element-6066-11e4-a52e-4f735466cecf":"00000000-0000-05c2-0000-002900000004"},"direction":"left","percent":0.4,"speed":320}
&amp#27;[38;5;32m[AndroidUiautomator2Driver@7d8a (737cfc75)]&amp#27;[0m Got response with status 200: {"sessionId":"848f67d1-b0ae-4721-9dff-71f52c26d8f9","value":null}
&amp#27;[38;5;32m[AndroidUiautomator2Driver@7d8a (737cfc75)]&amp#27;[0m Responding to client with driver.execute() result: null
&amp#27;[38;5;0m[HTTP]&amp#27;[0m &amp#27;[37m<-- POST /session/737cfc75-39b7-4d8d-95ca-253dab0f7826/execute/sync &amp#27;[39m&amp#27;[32m200&amp#27;[39m &amp#27;[90m1534 ms - 14&amp#27;[39m
&amp#27;[38;5;0m[HTTP]&amp#27;[0m &amp#27;[90m&amp#27;[39m
&amp#27;[38;5;0m[HTTP]&amp#27;[0m &amp#27;[37m-->&amp#27;[39m &amp#27;[37mPOST&amp#27;[39m &amp#27;[37m/session/737cfc75-39b7-4d8d-95ca-253dab0f7826/elements&amp#27;[39m
&amp#27;[38;5;0m[HTTP]&amp#27;[0m &amp#27;[90m{"using":"xpath","value":"//android.widget.HorizontalScrollView"}&amp#27;[39m
&amp#27;[38;5;32m[AndroidUiautomator2Driver@7d8a (737cfc75)]&amp#27;[0m Calling AppiumDriver.findElements() with args: ["xpath","//android.widget.HorizontalScrollView","737cfc75-39b7-4d8d-95ca-253dab0f7826"]
&amp#27;[38;5;32m[AndroidUiautomator2Driver@7d8a (737cfc75)]&amp#27;[0m Valid locator strategies for this request: xpath, id, class name, accessibility id, css selector, -android uiautomator
&amp#27;[38;5;32m[AndroidUiautomator2Driver@7d8a (737cfc75)]&amp#27;[0m Waiting up to 0 ms for condition
&amp#27;[38;5;32m[AndroidUiautomator2Driver@7d8a (737cfc75)]&amp#27;[0m Matched '/elements' to command name 'findElements'
&amp#27;[38;5;32m[AndroidUiautomator2Driver@7d8a (737cfc75)]&amp#27;[0m Proxying [POST /elements] to [POST http://127.0.0.1:8240/session/848f67d1-b0ae-4721-9dff-71f52c26d8f9/elements] with body: {"strategy":"xpath","selector":"//android.widget.HorizontalScrollView","context":"","multiple":true}
&amp#27;[38;5;32m[AndroidUiautomator2Driver@7d8a (737cfc75)]&amp#27;[0m Got response with status 200: {"sessionId":"848f67d1-b0ae-4721-9dff-71f52c26d8f9","value":[{"ELEMENT":"00000000-0000-05c2-0000-002900000004","element-6066-11e4-a52e-4f735466cecf":"00000000-0000-05c2-0000-002900000004"},{"ELEMENT":"00000000-0000-05c2-0000-002a00000004","element-6066-11e4-a52e-4f735466cecf":"00000000-0000-05c2-0000-002a00000004"}]}
&amp#27;[38;5;32m[AndroidUiautomator2Driver@7d8a (737cfc75)]&amp#27;[0m Responding to client with driver.findElements() result: [{"element-6066-11e4-a52e-4f735466cecf":"00000000-0000-05c2-0000-002900000004","ELEMENT":"00000000-0000-05c2-0000-002900000004"},{"element-6066-11e4-a52e-4f735466cecf":"00000000-0000-05c2-0000-002a00000004","ELEMENT":"00000000-0000-05c2-0000-002a00000004"}]
&amp#27;[38;5;0m[HTTP]&amp#27;[0m &amp#27;[37m<-- POST /session/737cfc75-39b7-4d8d-95ca-253dab0f7826/elements &amp#27;[39m&amp#27;[32m200&amp#27;[39m &amp#27;[90m124 ms - 267&amp#27;[39m
&amp#27;[38;5;0m[HTTP]&amp#27;[0m &amp#27;[90m&amp#27;[39m
&amp#27;[38;5;0m[HTTP]&amp#27;[0m &amp#27;[37m-->&amp#27;[39m &amp#27;[37mPOST&amp#27;[39m &amp#27;[37m/session/737cfc75-39b7-4d8d-95ca-253dab0f7826/element/00000000-0000-05c2-0000-002900000004/elements&amp#27;[39m
&amp#27;[38;5;0m[HTTP]&amp#27;[0m &amp#27;[90m{"id":"00000000-0000-05c2-0000-002900000004","using":"xpath","value":"//android.view.View"}&amp#27;[39m
&amp#27;[38;5;32m[AndroidUiautomator2Driver@7d8a (737cfc75)]&amp#27;[0m Calling AppiumDriver.findElementsFromElement() with args: ["xpath","//android.view.View","00000000-0000-05c2-0000-002900000004","737cfc75-39b7-4d8d-95ca-253dab0f7826"]
&amp#27;[38;5;32m[AndroidUiautomator2Driver@7d8a (737cfc75)]&amp#27;[0m Valid locator strategies for this request: xpath, id, class name, accessibility id, css selector, -android uiautomator
&amp#27;[38;5;32m[AndroidUiautomator2Driver@7d8a (737cfc75)]&amp#27;[0m Waiting up to 0 ms for condition
&amp#27;[38;5;32m[AndroidUiautomator2Driver@7d8a (737cfc75)]&amp#27;[0m Matched '/elements' to command name 'findElements'
&amp#27;[38;5;32m[AndroidUiautomator2Driver@7d8a (737cfc75)]&amp#27;[0m Proxying [POST /elements] to [POST http://127.0.0.1:8240/session/848f67d1-b0ae-4721-9dff-71f52c26d8f9/elements] with body: {"strategy":"xpath","selector":"//android.view.View","context":"00000000-0000-05c2-0000-002900000004","multiple":true}
&amp#27;[38;5;32m[AndroidUiautomator2Driver@7d8a (737cfc75)]&amp#27;[0m Got response with status 200: {"sessionId":"848f67d1-b0ae-4721-9dff-71f52c26d8f9","value":[{"ELEMENT":"00000000-0000-05c2-0000-004300000004","element-6066-11e4-a52e-4f735466cecf":"00000000-0000-05c2-0000-004300000004"},{"ELEMENT":"00000000-0000-05c2-0000-004500000004","element-6066-11e4-a52e-4f735466cecf":"00000000-0000-05c2-0000-004500000004"},{"ELEMENT":"00000000-0000-05c2-0000-004700000004","element-6066-11e4-a52e-4f735466cecf":"00000000-0000-05c2-0000-004700000004"},{"ELEMENT":"00000000-0000-05c2-0000-004900000004","element-6066-11e4-a52e-4f735466cecf":"00000000-0000-05c2-0000-004900000004"},{"ELEMENT":"00000000-0000-05c2-0000-006b00000004","element-6066-11e4-a52e-4f735466cecf":"00000000-0000-05c2-0000-006b00000004"},{"ELEMENT":"00000000-0000-05c2-0000-006d00000004","element-6066-11e4-a52e-4f735466cecf":"00000000-0000-05c2-0000-006d00000004"},{"ELEMENT":"00000000-0000-05c2-0000-006f00000004","element-6066-11e4-a52e-4f735466cecf":"00000000-0000-05c2-0000-006f00000004"},{"ELEMENT":"00000000-0000-05c2-0000-007100000004","element-6066-...
&amp#27;[38;5;32m[AndroidUiautomator2Driver@7d8a (737cfc75)]&amp#27;[0m Responding to client with driver.findElementsFromElement() result: [{"element-6066-11e4-a52e-4f735466cecf":"00000000-0000-05c2-0000-004300000004","ELEMENT":"00000000-0000-05c2-0000-004300000004"},{"element-6066-11e4-a52e-4f735466cecf":"00000000-0000-05c2-0000-004500000004","ELEMENT":"00000000-0000-05c2-0000-004500000004"},{"element-6066-11e4-a52e-4f735466cecf":"00000000-0000-05c2-0000-004700000004","ELEMENT":"00000000-0000-05c2-0000-004700000004"},{"element-6066-11e4-a52e-4f735466cecf":"00000000-0000-05c2-0000-004900000004","ELEMENT":"00000000-0000-05c2-0000-004900000004"},{"element-6066-11e4-a52e-4f735466cecf":"00000000-0000-05c2-0000-006b00000004","ELEMENT":"00000000-0000-05c2-0000-006b00000004"},{"element-6066-11e4-a52e-4f735466cecf":"00000000-0000-05c2-0000-006d00000004","ELEMENT":"00000000-0000-05c2-0000-006d00000004"},{"element-6066-11e4-a52e-4f735466cecf":"00000000-0000-05c2-0000-006f00000004","ELEMENT":"00000000-0000-05c2-0000-006f00000004"},{"element-6066-11e4-a52e-4f735466cecf":"00000000-0000-05c2-0000-007100000004","ELEMENT":"00000000-0000-05c2-0000-00710000000...
&amp#27;[38;5;0m[HTTP]&amp#27;[0m &amp#27;[37m<-- POST /session/737cfc75-39b7-4d8d-95ca-253dab0f7826/element/00000000-0000-05c2-0000-002900000004/elements &amp#27;[39m&amp#27;[32m200&amp#27;[39m &amp#27;[90m50 ms - 2059&amp#27;[39m
&amp#27;[38;5;0m[HTTP]&amp#27;[0m &amp#27;[90m&amp#27;[39m
&amp#27;[38;5;0m[HTTP]&amp#27;[0m &amp#27;[37m-->&amp#27;[39m &amp#27;[37mGET&amp#27;[39m &amp#27;[37m/session/737cfc75-39b7-4d8d-95ca-253dab0f7826/element/00000000-0000-05c2-0000-004300000004/text&amp#27;[39m
&amp#27;[38;5;0m[HTTP]&amp#27;[0m &amp#27;[90m{}&amp#27;[39m
&amp#27;[38;5;32m[AndroidUiautomator2Driver@7d8a (737cfc75)]&amp#27;[0m Driver proxy active, passing request on via HTTP proxy
&amp#27;[38;5;32m[AndroidUiautomator2Driver@7d8a (737cfc75)]&amp#27;[0m Matched '/session/737cfc75-39b7-4d8d-95ca-253dab0f7826/element/00000000-0000-05c2-0000-004300000004/text' to command name 'getText'
&amp#27;[38;5;32m[AndroidUiautomator2Driver@7d8a (737cfc75)]&amp#27;[0m Proxying [GET /session/737cfc75-39b7-4d8d-95ca-253dab0f7826/element/00000000-0000-05c2-0000-004300000004/text] to [GET http://127.0.0.1:8240/session/848f67d1-b0ae-4721-9dff-71f52c26d8f9/element/00000000-0000-05c2-0000-004300000004/text] with no body
&amp#27;[38;5;32m[AndroidUiautomator2Driver@7d8a (737cfc75)]&amp#27;[0m Got response with status 200: {"sessionId":"848f67d1-b0ae-4721-9dff-71f52c26d8f9","value":"05:00"}
&amp#27;[38;5;32m[AndroidUiautomator2Driver@7d8a (737cfc75)]&amp#27;[0m Replacing sessionId 848f67d1-b0ae-4721-9dff-71f52c26d8f9 with 737cfc75-39b7-4d8d-95ca-253dab0f7826
&amp#27;[38;5;0m[HTTP]&amp#27;[0m &amp#27;[37m<-- GET /session/737cfc75-39b7-4d8d-95ca-253dab0f7826/element/00000000-0000-05c2-0000-004300000004/text &amp#27;[39m&amp#27;[32m200&amp#27;[39m &amp#27;[90m9 ms - 68&amp#27;[39m
&amp#27;[38;5;0m[HTTP]&amp#27;[0m &amp#27;[90m&amp#27;[39m
&amp#27;[38;5;0m[HTTP]&amp#27;[0m &amp#27;[37m-->&amp#27;[39m &amp#27;[37mGET&amp#27;[39m &amp#27;[37m/session/737cfc75-39b7-4d8d-95ca-253dab0f7826/element/00000000-0000-05c2-0000-004500000004/text&amp#27;[39m
&amp#27;[38;5;0m[HTTP]&amp#27;[0m &amp#27;[90m{}&amp#27;[39m
&amp#27;[38;5;32m[AndroidUiautomator2Driver@7d8a (737cfc75)]&amp#27;[0m Driver proxy active, passing request on via HTTP proxy
&amp#27;[38;5;32m[AndroidUiautomator2Driver@7d8a (737cfc75)]&amp#27;[0m Matched '/session/737cfc75-39b7-4d8d-95ca-253dab0f7826/element/00000000-0000-05c2-0000-004500000004/text' to command name 'getText'
&amp#27;[38;5;32m[AndroidUiautomator2Driver@7d8a (737cfc75)]&amp#27;[0m Proxying [GET /session/737cfc75-39b7-4d8d-95ca-253dab0f7826/element/00000000-0000-05c2-0000-004500000004/text] to [GET http://127.0.0.1:8240/session/848f67d1-b0ae-4721-9dff-71f52c26d8f9/element/00000000-0000-05c2-0000-004500000004/text] with no body
&amp#27;[38;5;32m[AndroidUiautomator2Driver@7d8a (737cfc75)]&amp#27;[0m Got response with status 200: {"sessionId":"848f67d1-b0ae-4721-9dff-71f52c26d8f9","value":"broken clouds"}
&amp#27;[38;5;32m[AndroidUiautomator2Driver@7d8a (737cfc75)]&amp#27;[0m Replacing sessionId 848f67d1-b0ae-4721-9dff-71f52c26d8f9 with 737cfc75-39b7-4d8d-95ca-253dab0f7826
&amp#27;[38;5;0m[HTTP]&amp#27;[0m &amp#27;[37m<-- GET /session/737cfc75-39b7-4d8d-95ca-253dab0f7826/element/00000000-0000-05c2-0000-004500000004/text &amp#27;[39m&amp#27;[32m200&amp#27;[39m &amp#27;[90m9 ms - 76&amp#27;[39m
&amp#27;[38;5;0m[HTTP]&amp#27;[0m &amp#27;[90m&amp#27;[39m
&amp#27;[38;5;0m[HTTP]&amp#27;[0m &amp#27;[37m-->&amp#27;[39m &amp#27;[37mGET&amp#27;[39m &amp#27;[37m/session/737cfc75-39b7-4d8d-95ca-253dab0f7826/element/00000000-0000-05c2-0000-004700000004/text&amp#27;[39m
&amp#27;[38;5;0m[HTTP]&amp#27;[0m &amp#27;[90m{}&amp#27;[39m
&amp#27;[38;5;32m[AndroidUiautomator2Driver@7d8a (737cfc75)]&amp#27;[0m Driver proxy active, passing request on via HTTP proxy
&amp#27;[38;5;32m[AndroidUiautomator2Driver@7d8a (737cfc75)]&amp#27;[0m Matched '/session/737cfc75-39b7-4d8d-95ca-253dab0f7826/element/00000000-0000-05c2-0000-004700000004/text' to command name 'getText'
&amp#27;[38;5;32m[AndroidUiautomator2Driver@7d8a (737cfc75)]&amp#27;[0m Proxying [GET /session/737cfc75-39b7-4d8d-95ca-253dab0f7826/element/00000000-0000-05c2-0000-004700000004/text] to [GET http://127.0.0.1:8240/session/848f67d1-b0ae-4721-9dff-71f52c26d8f9/element/00000000-0000-05c2-0000-004700000004/text] with no body
&amp#27;[38;5;32m[AndroidUiautomator2Driver@7d8a (737cfc75)]&amp#27;[0m Got response with status 200: {"sessionId":"848f67d1-b0ae-4721-9dff-71f52c26d8f9","value":"77 %"}
&amp#27;[38;5;32m[AndroidUiautomator2Driver@7d8a (737cfc75)]&amp#27;[0m Replacing sessionId 848f67d1-b0ae-4721-9dff-71f52c26d8f9 with 737cfc75-39b7-4d8d-95ca-253dab0f7826
&amp#27;[38;5;0m[HTTP]&amp#27;[0m &amp#27;[37m<-- GET /session/737cfc75-39b7-4d8d-95ca-253dab0f7826/element/00000000-0000-05c2-0000-004700000004/text &amp#27;[39m&amp#27;[32m200&amp#27;[39m &amp#27;[90m9 ms - 67&amp#27;[39m
&amp#27;[38;5;0m[HTTP]&amp#27;[0m &amp#27;[90m&amp#27;[39m
&amp#27;[38;5;0m[HTTP]&amp#27;[0m &amp#27;[37m-->&amp#27;[39m &amp#27;[37mGET&amp#27;[39m &amp#27;[37m/session/737cfc75-39b7-4d8d-95ca-253dab0f7826/element/00000000-0000-05c2-0000-004900000004/text&amp#27;[39m
&amp#27;[38;5;0m[HTTP]&amp#27;[0m &amp#27;[90m{}&amp#27;[39m
&amp#27;[38;5;32m[AndroidUiautomator2Driver@7d8a (737cfc75)]&amp#27;[0m Driver proxy active, passing request on via HTTP proxy
&amp#27;[38;5;32m[AndroidUiautomator2Driver@7d8a (737cfc75)]&amp#27;[0m Matched '/session/737cfc75-39b7-4d8d-95ca-253dab0f7826/element/00000000-0000-05c2-0000-004900000004/text' to command name 'getText'
&amp#27;[38;5;32m[AndroidUiautomator2Driver@7d8a (737cfc75)]&amp#27;[0m Proxying [GET /session/737cfc75-39b7-4d8d-95ca-253dab0f7826/element/00000000-0000-05c2-0000-004900000004/text] to [GET http://127.0.0.1:8240/session/848f67d1-b0ae-4721-9dff-71f52c26d8f9/element/00000000-0000-05c2-0000-004900000004/text] with no body
&amp#27;[38;5;32m[AndroidUiautomator2Driver@7d8a (737cfc75)]&amp#27;[0m Got response with status 200: {"sessionId":"848f67d1-b0ae-4721-9dff-71f52c26d8f9","value":"13 Â°C"}
&amp#27;[38;5;32m[AndroidUiautomator2Driver@7d8a (737cfc75)]&amp#27;[0m Replacing sessionId 848f67d1-b0ae-4721-9dff-71f52c26d8f9 with 737cfc75-39b7-4d8d-95ca-253dab0f7826
&amp#27;[38;5;0m[HTTP]&amp#27;[0m &amp#27;[37m<-- GET /session/737cfc75-39b7-4d8d-95ca-253dab0f7826/element/00000000-0000-05c2-0000-004900000004/text &amp#27;[39m&amp#27;[32m200&amp#27;[39m &amp#27;[90m9 ms - 69&amp#27;[39m
&amp#27;[38;5;0m[HTTP]&amp#27;[0m &amp#27;[90m&amp#27;[39m
&amp#27;[38;5;0m[HTTP]&amp#27;[0m &amp#27;[37m-->&amp#27;[39m &amp#27;[37mGET&amp#27;[39m &amp#27;[37m/session/737cfc75-39b7-4d8d-95ca-253dab0f7826/element/00000000-0000-05c2-0000-006b00000004/text&amp#27;[39m
&amp#27;[38;5;0m[HTTP]&amp#27;[0m &amp#27;[90m{}&amp#27;[39m
&amp#27;[38;5;32m[AndroidUiautomator2Driver@7d8a (737cfc75)]&amp#27;[0m Driver proxy active, passing request on via HTTP proxy
&amp#27;[38;5;32m[AndroidUiautomator2Driver@7d8a (737cfc75)]&amp#27;[0m Matched '/session/737cfc75-39b7-4d8d-95ca-253dab0f7826/element/00000000-0000-05c2-0000-006b00000004/text' to command name 'getText'
&amp#27;[38;5;32m[AndroidUiautomator2Driver@7d8a (737cfc75)]&amp#27;[0m Proxying [GET /session/737cfc75-39b7-4d8d-95ca-253dab0f7826/element/00000000-0000-05c2-0000-006b00000004/text] to [GET http://127.0.0.1:8240/session/848f67d1-b0ae-4721-9dff-71f52c26d8f9/element/00000000-0000-05c2-0000-006b00000004/text] with no body
&amp#27;[38;5;32m[AndroidUiautomator2Driver@7d8a (737cfc75)]&amp#27;[0m Got response with status 200: {"sessionId":"848f67d1-b0ae-4721-9dff-71f52c26d8f9","value":"06:00"}
&amp#27;[38;5;32m[AndroidUiautomator2Driver@7d8a (737cfc75)]&amp#27;[0m Replacing sessionId 848f67d1-b0ae-4721-9dff-71f52c26d8f9 with 737cfc75-39b7-4d8d-95ca-253dab0f7826
&amp#27;[38;5;0m[HTTP]&amp#27;[0m &amp#27;[37m<-- GET /session/737cfc75-39b7-4d8d-95ca-253dab0f7826/element/00000000-0000-05c2-0000-006b00000004/text &amp#27;[39m&amp#27;[32m200&amp#27;[39m &amp#27;[90m9 ms - 68&amp#27;[39m
&amp#27;[38;5;0m[HTTP]&amp#27;[0m &amp#27;[90m&amp#27;[39m
&amp#27;[38;5;0m[HTTP]&amp#27;[0m &amp#27;[37m-->&amp#27;[39m &amp#27;[37mGET&amp#27;[39m &amp#27;[37m/session/737cfc75-39b7-4d8d-95ca-253dab0f7826/element/00000000-0000-05c2-0000-006d00000004/text&amp#27;[39m
&amp#27;[38;5;0m[HTTP]&amp#27;[0m &amp#27;[90m{}&amp#27;[39m
&amp#27;[38;5;32m[AndroidUiautomator2Driver@7d8a (737cfc75)]&amp#27;[0m Driver proxy active, passing request on via HTTP proxy
&amp#27;[38;5;32m[AndroidUiautomator2Driver@7d8a (737cfc75)]&amp#27;[0m Matched '/session/737cfc75-39b7-4d8d-95ca-253dab0f7826/element/00000000-0000-05c2-0000-006d00000004/text' to command name 'getText'
&amp#27;[38;5;32m[AndroidUiautomator2Driver@7d8a (737cfc75)]&amp#27;[0m Proxying [GET /session/737cfc75-39b7-4d8d-95ca-253dab0f7826/element/00000000-0000-05c2-0000-006d00000004/text] to [GET http://127.0.0.1:8240/session/848f67d1-b0ae-4721-9dff-71f52c26d8f9/element/00000000-0000-05c2-0000-006d00000004/text] with no body
&amp#27;[38;5;32m[AndroidUiautomator2Driver@7d8a (737cfc75)]&amp#27;[0m Got response with status 200: {"sessionId":"848f67d1-b0ae-4721-9dff-71f52c26d8f9","value":"broken clouds"}
&amp#27;[38;5;32m[AndroidUiautomator2Driver@7d8a (737cfc75)]&amp#27;[0m Replacing sessionId 848f67d1-b0ae-4721-9dff-71f52c26d8f9 with 737cfc75-39b7-4d8d-95ca-253dab0f7826
&amp#27;[38;5;0m[HTTP]&amp#27;[0m &amp#27;[37m<-- GET /session/737cfc75-39b7-4d8d-95ca-253dab0f7826/element/00000000-0000-05c2-0000-006d00000004/text &amp#27;[39m&amp#27;[32m200&amp#27;[39m &amp#27;[90m9 ms - 76&amp#27;[39m
&amp#27;[38;5;0m[HTTP]&amp#27;[0m &amp#27;[90m&amp#27;[39m
&amp#27;[38;5;0m[HTTP]&amp#27;[0m &amp#27;[37m-->&amp#27;[39m &amp#27;[37mGET&amp#27;[39m &amp#27;[37m/session/737cfc75-39b7-4d8d-95ca-253dab0f7826/element/00000000-0000-05c2-0000-006f00000004/text&amp#27;[39m
&amp#27;[38;5;0m[HTTP]&amp#27;[0m &amp#27;[90m{}&amp#27;[39m
&amp#27;[38;5;32m[AndroidUiautomator2Driver@7d8a (737cfc75)]&amp#27;[0m Driver proxy active, passing request on via HTTP proxy
&amp#27;[38;5;32m[AndroidUiautomator2Driver@7d8a (737cfc75)]&amp#27;[0m Matched '/session/737cfc75-39b7-4d8d-95ca-253dab0f7826/element/00000000-0000-05c2-0000-006f00000004/text' to command name 'getText'
&amp#27;[38;5;32m[AndroidUiautomator2Driver@7d8a (737cfc75)]&amp#27;[0m Proxying [GET /session/737cfc75-39b7-4d8d-95ca-253dab0f7826/element/00000000-0000-05c2-0000-006f00000004/text] to [GET http://127.0.0.1:8240/session/848f67d1-b0ae-4721-9dff-71f52c26d8f9/element/00000000-0000-05c2-0000-006f00000004/text] with no body
&amp#27;[38;5;32m[AndroidUiautomator2Driver@7d8a (737cfc75)]&amp#27;[0m Got response with status 200: {"sessionId":"848f67d1-b0ae-4721-9dff-71f52c26d8f9","value":"79 %"}
&amp#27;[38;5;32m[AndroidUiautomator2Driver@7d8a (737cfc75)]&amp#27;[0m Replacing sessionId 848f67d1-b0ae-4721-9dff-71f52c26d8f9 with 737cfc75-39b7-4d8d-95ca-253dab0f7826
&amp#27;[38;5;0m[HTTP]&amp#27;[0m &amp#27;[37m<-- GET /session/737cfc75-39b7-4d8d-95ca-253dab0f7826/element/00000000-0000-05c2-0000-006f00000004/text &amp#27;[39m&amp#27;[32m200&amp#27;[39m &amp#27;[90m10 ms - 67&amp#27;[39m
&amp#27;[38;5;0m[HTTP]&amp#27;[0m &amp#27;[90m&amp#27;[39m
&amp#27;[38;5;0m[HTTP]&amp#27;[0m &amp#27;[37m-->&amp#27;[39m &amp#27;[37mGET&amp#27;[39m &amp#27;[37m/session/737cfc75-39b7-4d8d-95ca-253dab0f7826/element/00000000-0000-05c2-0000-007100000004/text&amp#27;[39m
&amp#27;[38;5;0m[HTTP]&amp#27;[0m &amp#27;[90m{}&amp#27;[39m
&amp#27;[38;5;32m[AndroidUiautomator2Driver@7d8a (737cfc75)]&amp#27;[0m Driver proxy active, passing request on via HTTP proxy
&amp#27;[38;5;32m[AndroidUiautomator2Driver@7d8a (737cfc75)]&amp#27;[0m Matched '/session/737cfc75-39b7-4d8d-95ca-253dab0f7826/element/00000000-0000-05c2-0000-007100000004/text' to command name 'getText'
&amp#27;[38;5;32m[AndroidUiautomator2Driver@7d8a (737cfc75)]&amp#27;[0m Proxying [GET /session/737cfc75-39b7-4d8d-95ca-253dab0f7826/element/00000000-0000-05c2-0000-007100000004/text] to [GET http://127.0.0.1:8240/session/848f67d1-b0ae-4721-9dff-71f52c26d8f9/element/00000000-0000-05c2-0000-007100000004/text] with no body
&amp#27;[38;5;32m[AndroidUiautomator2Driver@7d8a (737cfc75)]&amp#27;[0m Got response with status 200: {"sessionId":"848f67d1-b0ae-4721-9dff-71f52c26d8f9","value":"13 Â°C"}
&amp#27;[38;5;32m[AndroidUiautomator2Driver@7d8a (737cfc75)]&amp#27;[0m Replacing sessionId 848f67d1-b0ae-4721-9dff-71f52c26d8f9 with 737cfc75-39b7-4d8d-95ca-253dab0f7826
&amp#27;[38;5;0m[HTTP]&amp#27;[0m &amp#27;[37m<-- GET /session/737cfc75-39b7-4d8d-95ca-253dab0f7826/element/00000000-0000-05c2-0000-007100000004/text &amp#27;[39m&amp#27;[32m200&amp#27;[39m &amp#27;[90m10 ms - 69&amp#27;[39m
&amp#27;[38;5;0m[HTTP]&amp#27;[0m &amp#27;[90m&amp#27;[39m
&amp#27;[38;5;0m[HTTP]&amp#27;[0m &amp#27;[37m-->&amp#27;[39m &amp#27;[37mGET&amp#27;[39m &amp#27;[37m/session/737cfc75-39b7-4d8d-95ca-253dab0f7826/element/00000000-0000-05c2-0000-007300000004/text&amp#27;[39m
&amp#27;[38;5;0m[HTTP]&amp#27;[0m &amp#27;[90m{}&amp#27;[39m
&amp#27;[38;5;32m[AndroidUiautomator2Driver@7d8a (737cfc75)]&amp#27;[0m Driver proxy active, passing request on via HTTP proxy
&amp#27;[38;5;32m[AndroidUiautomator2Driver@7d8a (737cfc75)]&amp#27;[0m Matched '/session/737cfc75-39b7-4d8d-95ca-253dab0f7826/element/00000000-0000-05c2-0000-007300000004/text' to command name 'getText'
&amp#27;[38;5;32m[AndroidUiautomator2Driver@7d8a (737cfc75)]&amp#27;[0m Proxying [GET /session/737cfc75-39b7-4d8d-95ca-253dab0f7826/element/00000000-0000-05c2-0000-007300000004/text] to [GET http://127.0.0.1:8240/session/848f67d1-b0ae-4721-9dff-71f52c26d8f9/element/00000000-0000-05c2-0000-007300000004/text] with no body
&amp#27;[38;5;32m[AndroidUiautomator2Driver@7d8a (737cfc75)]&amp#27;[0m Got response with status 200: {"sessionId":"848f67d1-b0ae-4721-9dff-71f52c26d8f9","value":"07:00"}
&amp#27;[38;5;32m[AndroidUiautomator2Driver@7d8a (737cfc75)]&amp#27;[0m Replacing sessionId 848f67d1-b0ae-4721-9dff-71f52c26d8f9 with 737cfc75-39b7-4d8d-95ca-253dab0f7826
&amp#27;[38;5;0m[HTTP]&amp#27;[0m &amp#27;[37m<-- GET /session/737cfc75-39b7-4d8d-95ca-253dab0f7826/element/00000000-0000-05c2-0000-007300000004/text &amp#27;[39m&amp#27;[32m200&amp#27;[39m &amp#27;[90m10 ms - 68&amp#27;[39m
&amp#27;[38;5;0m[HTTP]&amp#27;[0m &amp#27;[90m&amp#27;[39m
&amp#27;[38;5;0m[HTTP]&amp#27;[0m &amp#27;[37m-->&amp#27;[39m &amp#27;[37mGET&amp#27;[39m &amp#27;[37m/session/737cfc75-39b7-4d8d-95ca-253dab0f7826/element/00000000-0000-05c2-0000-007500000004/text&amp#27;[39m
&amp#27;[38;5;0m[HTTP]&amp#27;[0m &amp#27;[90m{}&amp#27;[39m
&amp#27;[38;5;32m[AndroidUiautomator2Driver@7d8a (737cfc75)]&amp#27;[0m Driver proxy active, passing request on via HTTP proxy
&amp#27;[38;5;32m[AndroidUiautomator2Driver@7d8a (737cfc75)]&amp#27;[0m Matched '/session/737cfc75-39b7-4d8d-95ca-253dab0f7826/element/00000000-0000-05c2-0000-007500000004/text' to command name 'getText'
&amp#27;[38;5;32m[AndroidUiautomator2Driver@7d8a (737cfc75)]&amp#27;[0m Proxying [GET /session/737cfc75-39b7-4d8d-95ca-253dab0f7826/element/00000000-0000-05c2-0000-007500000004/text] to [GET http://127.0.0.1:8240/session/848f67d1-b0ae-4721-9dff-71f52c26d8f9/element/00000000-0000-05c2-0000-007500000004/text] with no body
&amp#27;[38;5;32m[AndroidUiautomator2Driver@7d8a (737cfc75)]&amp#27;[0m Got response with status 200: {"sessionId":"848f67d1-b0ae-4721-9dff-71f52c26d8f9","value":"overcast clouds"}
&amp#27;[38;5;32m[AndroidUiautomator2Driver@7d8a (737cfc75)]&amp#27;[0m Replacing sessionId 848f67d1-b0ae-4721-9dff-71f52c26d8f9 with 737cfc75-39b7-4d8d-95ca-253dab0f7826
&amp#27;[38;5;0m[HTTP]&amp#27;[0m &amp#27;[37m<-- GET /session/737cfc75-39b7-4d8d-95ca-253dab0f7826/element/00000000-0000-05c2-0000-007500000004/text &amp#27;[39m&amp#27;[32m200&amp#27;[39m &amp#27;[90m10 ms - 78&amp#27;[39m
&amp#27;[38;5;0m[HTTP]&amp#27;[0m &amp#27;[90m&amp#27;[39m
&amp#27;[38;5;0m[HTTP]&amp#27;[0m &amp#27;[37m-->&amp#27;[39m &amp#27;[37mGET&amp#27;[39m &amp#27;[37m/session/737cfc75-39b7-4d8d-95ca-253dab0f7826/element/00000000-0000-05c2-0000-007700000004/text&amp#27;[39m
&amp#27;[38;5;0m[HTTP]&amp#27;[0m &amp#27;[90m{}&amp#27;[39m
&amp#27;[38;5;32m[AndroidUiautomator2Driver@7d8a (737cfc75)]&amp#27;[0m Driver proxy active, passing request on via HTTP proxy
&amp#27;[38;5;32m[AndroidUiautomator2Driver@7d8a (737cfc75)]&amp#27;[0m Matched '/session/737cfc75-39b7-4d8d-95ca-253dab0f7826/element/00000000-0000-05c2-0000-007700000004/text' to command name 'getText'
&amp#27;[38;5;32m[AndroidUiautomator2Driver@7d8a (737cfc75)]&amp#27;[0m Proxying [GET /session/737cfc75-39b7-4d8d-95ca-253dab0f7826/element/00000000-0000-05c2-0000-007700000004/text] to [GET http://127.0.0.1:8240/session/848f67d1-b0ae-4721-9dff-71f52c26d8f9/element/00000000-0000-05c2-0000-007700000004/text] with no body
&amp#27;[38;5;32m[AndroidUiautomator2Driver@7d8a (737cfc75)]&amp#27;[0m Got response with status 200: {"sessionId":"848f67d1-b0ae-4721-9dff-71f52c26d8f9","value":"82 %"}
&amp#27;[38;5;32m[AndroidUiautomator2Driver@7d8a (737cfc75)]&amp#27;[0m Replacing sessionId 848f67d1-b0ae-4721-9dff-71f52c26d8f9 with 737cfc75-39b7-4d8d-95ca-253dab0f7826
&amp#27;[38;5;0m[HTTP]&amp#27;[0m &amp#27;[37m<-- GET /session/737cfc75-39b7-4d8d-95ca-253dab0f7826/element/00000000-0000-05c2-0000-007700000004/text &amp#27;[39m&amp#27;[32m200&amp#27;[39m &amp#27;[90m10 ms - 67&amp#27;[39m
&amp#27;[38;5;0m[HTTP]&amp#27;[0m &amp#27;[90m&amp#27;[39m
&amp#27;[38;5;0m[HTTP]&amp#27;[0m &amp#27;[37m-->&amp#27;[39m &amp#27;[37mGET&amp#27;[39m &amp#27;[37m/session/737cfc75-39b7-4d8d-95ca-253dab0f7826/element/00000000-0000-05c2-0000-007900000004/text&amp#27;[39m
&amp#27;[38;5;0m[HTTP]&amp#27;[0m &amp#27;[90m{}&amp#27;[39m
&amp#27;[38;5;32m[AndroidUiautomator2Driver@7d8a (737cfc75)]&amp#27;[0m Driver proxy active, passing request on via HTTP proxy
&amp#27;[38;5;32m[AndroidUiautomator2Driver@7d8a (737cfc75)]&amp#27;[0m Matched '/session/737cfc75-39b7-4d8d-95ca-253dab0f7826/element/00000000-0000-05c2-0000-007900000004/text' to command name 'getText'
&amp#27;[38;5;32m[AndroidUiautomator2Driver@7d8a (737cfc75)]&amp#27;[0m Proxying [GET /session/737cfc75-39b7-4d8d-95ca-253dab0f7826/element/00000000-0000-05c2-0000-007900000004/text] to [GET http://127.0.0.1:8240/session/848f67d1-b0ae-4721-9dff-71f52c26d8f9/element/00000000-0000-05c2-0000-007900000004/text] with no body
&amp#27;[38;5;32m[AndroidUiautomator2Driver@7d8a (737cfc75)]&amp#27;[0m Got response with status 200: {"sessionId":"848f67d1-b0ae-4721-9dff-71f52c26d8f9","value":"12 Â°C"}
&amp#27;[38;5;32m[AndroidUiautomator2Driver@7d8a (737cfc75)]&amp#27;[0m Replacing sessionId 848f67d1-b0ae-4721-9dff-71f52c26d8f9 with 737cfc75-39b7-4d8d-95ca-253dab0f7826
&amp#27;[38;5;0m[HTTP]&amp#27;[0m &amp#27;[37m<-- GET /session/737cfc75-39b7-4d8d-95ca-253dab0f7826/element/00000000-0000-05c2-0000-007900000004/text &amp#27;[39m&amp#27;[32m200&amp#27;[39m &amp#27;[90m10 ms - 69&amp#27;[39m
&amp#27;[38;5;0m[HTTP]&amp#27;[0m &amp#27;[90m&amp#27;[39m
&amp#27;[38;5;0m[HTTP]&amp#27;[0m &amp#27;[37m-->&amp#27;[39m &amp#27;[37mGET&amp#27;[39m &amp#27;[37m/session/737cfc75-39b7-4d8d-95ca-253dab0f7826/element/00000000-0000-05c2-0000-007b00000004/text&amp#27;[39m
&amp#27;[38;5;0m[HTTP]&amp#27;[0m &amp#27;[90m{}&amp#27;[39m
&amp#27;[38;5;32m[AndroidUiautomator2Driver@7d8a (737cfc75)]&amp#27;[0m Driver proxy active, passing request on via HTTP proxy
&amp#27;[38;5;32m[AndroidUiautomator2Driver@7d8a (737cfc75)]&amp#27;[0m Matched '/session/737cfc75-39b7-4d8d-95ca-253dab0f7826/element/00000000-0000-05c2-0000-007b00000004/text' to command name 'getText'
&amp#27;[38;5;32m[AndroidUiautomator2Driver@7d8a (737cfc75)]&amp#27;[0m Proxying [GET /session/737cfc75-39b7-4d8d-95ca-253dab0f7826/element/00000000-0000-05c2-0000-007b00000004/text] to [GET http://127.0.0.1:8240/session/848f67d1-b0ae-4721-9dff-71f52c26d8f9/element/00000000-0000-05c2-0000-007b00000004/text] with no body
&amp#27;[38;5;32m[AndroidUiautomator2Driver@7d8a (737cfc75)]&amp#27;[0m Got response with status 200: {"sessionId":"848f67d1-b0ae-4721-9dff-71f52c26d8f9","value":"08:00"}
&amp#27;[38;5;32m[AndroidUiautomator2Driver@7d8a (737cfc75)]&amp#27;[0m Replacing sessionId 848f67d1-b0ae-4721-9dff-71f52c26d8f9 with 737cfc75-39b7-4d8d-95ca-253dab0f7826
&amp#27;[38;5;0m[HTTP]&amp#27;[0m &amp#27;[37m<-- GET /session/737cfc75-39b7-4d8d-95ca-253dab0f7826/element/00000000-0000-05c2-0000-007b00000004/text &amp#27;[39m&amp#27;[32m200&amp#27;[39m &amp#27;[90m10 ms - 68&amp#27;[39m
&amp#27;[38;5;0m[HTTP]&amp#27;[0m &amp#27;[90m&amp#27;[39m
&amp#27;[38;5;0m[HTTP]&amp#27;[0m &amp#27;[37m-->&amp#27;[39m &amp#27;[37mGET&amp#27;[39m &amp#27;[37m/session/737cfc75-39b7-4d8d-95ca-253dab0f7826/element/00000000-0000-05c2-0000-007d00000004/text&amp#27;[39m
&amp#27;[38;5;0m[HTTP]&amp#27;[0m &amp#27;[90m{}&amp#27;[39m
&amp#27;[38;5;32m[AndroidUiautomator2Driver@7d8a (737cfc75)]&amp#27;[0m Driver proxy active, passing request on via HTTP proxy
&amp#27;[38;5;32m[AndroidUiautomator2Driver@7d8a (737cfc75)]&amp#27;[0m Matched '/session/737cfc75-39b7-4d8d-95ca-253dab0f7826/element/00000000-0000-05c2-0000-007d00000004/text' to command name 'getText'
&amp#27;[38;5;32m[AndroidUiautomator2Driver@7d8a (737cfc75)]&amp#27;[0m Proxying [GET /session/737cfc75-39b7-4d8d-95ca-253dab0f7826/element/00000000-0000-05c2-0000-007d00000004/text] to [GET http://127.0.0.1:8240/session/848f67d1-b0ae-4721-9dff-71f52c26d8f9/element/00000000-0000-05c2-0000-007d00000004/text] with no body
&amp#27;[38;5;32m[AndroidUiautomator2Driver@7d8a (737cfc75)]&amp#27;[0m Got response with status 200: {"sessionId":"848f67d1-b0ae-4721-9dff-71f52c26d8f9","value":"overcast clouds"}
&amp#27;[38;5;32m[AndroidUiautomator2Driver@7d8a (737cfc75)]&amp#27;[0m Replacing sessionId 848f67d1-b0ae-4721-9dff-71f52c26d8f9 with 737cfc75-39b7-4d8d-95ca-253dab0f7826
&amp#27;[38;5;0m[HTTP]&amp#27;[0m &amp#27;[37m<-- GET /session/737cfc75-39b7-4d8d-95ca-253dab0f7826/element/00000000-0000-05c2-0000-007d00000004/text &amp#27;[39m&amp#27;[32m200&amp#27;[39m &amp#27;[90m10 ms - 78&amp#27;[39m
&amp#27;[38;5;0m[HTTP]&amp#27;[0m &amp#27;[90m&amp#27;[39m
&amp#27;[38;5;0m[HTTP]&amp#27;[0m &amp#27;[37m-->&amp#27;[39m &amp#27;[37mGET&amp#27;[39m &amp#27;[37m/session/737cfc75-39b7-4d8d-95ca-253dab0f7826/element/00000000-0000-05c2-0000-007f00000004/text&amp#27;[39m
&amp#27;[38;5;0m[HTTP]&amp#27;[0m &amp#27;[90m{}&amp#27;[39m
&amp#27;[38;5;32m[AndroidUiautomator2Driver@7d8a (737cfc75)]&amp#27;[0m Driver proxy active, passing request on via HTTP proxy
&amp#27;[38;5;32m[AndroidUiautomator2Driver@7d8a (737cfc75)]&amp#27;[0m Matched '/session/737cfc75-39b7-4d8d-95ca-253dab0f7826/element/00000000-0000-05c2-0000-007f00000004/text' to command name 'getText'
&amp#27;[38;5;32m[AndroidUiautomator2Driver@7d8a (737cfc75)]&amp#27;[0m Proxying [GET /session/737cfc75-39b7-4d8d-95ca-253dab0f7826/element/00000000-0000-05c2-0000-007f00000004/text] to [GET http://127.0.0.1:8240/session/848f67d1-b0ae-4721-9dff-71f52c26d8f9/element/00000000-0000-05c2-0000-007f00000004/text] with no body
&amp#27;[38;5;32m[AndroidUiautomator2Driver@7d8a (737cfc75)]&amp#27;[0m Got response with status 200: {"sessionId":"848f67d1-b0ae-4721-9dff-71f52c26d8f9","value":"85 %"}
&amp#27;[38;5;32m[AndroidUiautomator2Driver@7d8a (737cfc75)]&amp#27;[0m Replacing sessionId 848f67d1-b0ae-4721-9dff-71f52c26d8f9 with 737cfc75-39b7-4d8d-95ca-253dab0f7826
&amp#27;[38;5;0m[HTTP]&amp#27;[0m &amp#27;[37m<-- GET /session/737cfc75-39b7-4d8d-95ca-253dab0f7826/element/00000000-0000-05c2-0000-007f00000004/text &amp#27;[39m&amp#27;[32m200&amp#27;[39m &amp#27;[90m10 ms - 67&amp#27;[39m
&amp#27;[38;5;0m[HTTP]&amp#27;[0m &amp#27;[90m&amp#27;[39m
&amp#27;[38;5;0m[HTTP]&amp#27;[0m &amp#27;[37m-->&amp#27;[39m &amp#27;[37mGET&amp#27;[39m &amp#27;[37m/session/737cfc75-39b7-4d8d-95ca-253dab0f7826/element/00000000-0000-05c2-0000-008100000004/text&amp#27;[39m
&amp#27;[38;5;0m[HTTP]&amp#27;[0m &amp#27;[90m{}&amp#27;[39m
&amp#27;[38;5;32m[AndroidUiautomator2Driver@7d8a (737cfc75)]&amp#27;[0m Driver proxy active, passing request on via HTTP proxy
&amp#27;[38;5;32m[AndroidUiautomator2Driver@7d8a (737cfc75)]&amp#27;[0m Matched '/session/737cfc75-39b7-4d8d-95ca-253dab0f7826/element/00000000-0000-05c2-0000-008100000004/text' to command name 'getText'
&amp#27;[38;5;32m[AndroidUiautomator2Driver@7d8a (737cfc75)]&amp#27;[0m Proxying [GET /session/737cfc75-39b7-4d8d-95ca-253dab0f7826/element/00000000-0000-05c2-0000-008100000004/text] to [GET http://127.0.0.1:8240/session/848f67d1-b0ae-4721-9dff-71f52c26d8f9/element/00000000-0000-05c2-0000-008100000004/text] with no body
&amp#27;[38;5;32m[AndroidUiautomator2Driver@7d8a (737cfc75)]&amp#27;[0m Got response with status 200: {"sessionId":"848f67d1-b0ae-4721-9dff-71f52c26d8f9","value":"12 Â°C"}
&amp#27;[38;5;32m[AndroidUiautomator2Driver@7d8a (737cfc75)]&amp#27;[0m Replacing sessionId 848f67d1-b0ae-4721-9dff-71f52c26d8f9 with 737cfc75-39b7-4d8d-95ca-253dab0f7826
&amp#27;[38;5;0m[HTTP]&amp#27;[0m &amp#27;[37m<-- GET /session/737cfc75-39b7-4d8d-95ca-253dab0f7826/element/00000000-0000-05c2-0000-008100000004/text &amp#27;[39m&amp#27;[32m200&amp#27;[39m &amp#27;[90m10 ms - 69&amp#27;[39m
&amp#27;[38;5;0m[HTTP]&amp#27;[0m &amp#27;[90m&amp#27;[39m
&amp#27;[38;5;0m[HTTP]&amp#27;[0m &amp#27;[37m-->&amp#27;[39m &amp#27;[37mPOST&amp#27;[39m &amp#27;[37m/session/737cfc75-39b7-4d8d-95ca-253dab0f7826/execute/sync&amp#27;[39m
&amp#27;[38;5;0m[HTTP]&amp#27;[0m &amp#27;[90m{"script":"mobile: swipeGesture","args":[{"elementId":"00000000-0000-05c2-0000-002900000004","percent":0.4,"speed":320,"direction":"left"}]}&amp#27;[39m
&amp#27;[38;5;32m[AndroidUiautomator2Driver@7d8a (737cfc75)]&amp#27;[0m Calling AppiumDriver.execute() with args: ["mobile: swipeGesture",[{"elementId":"00000000-0000-05c2-0000-002900000004","percent":0.4,"speed":320,"direction":"left"}],"737cfc75-39b7-4d8d-95ca-253dab0f7826"]
&amp#27;[38;5;32m[AndroidUiautomator2Driver@7d8a (737cfc75)]&amp#27;[0m Executing method 'mobile: swipeGesture'
&amp#27;[38;5;32m[AndroidUiautomator2Driver@7d8a (737cfc75)]&amp#27;[0m Proxying [POST /appium/gestures/swipe] to [POST http://127.0.0.1:8240/session/848f67d1-b0ae-4721-9dff-71f52c26d8f9/appium/gestures/swipe] with body: {"origin":{"ELEMENT":"00000000-0000-05c2-0000-002900000004","element-6066-11e4-a52e-4f735466cecf":"00000000-0000-05c2-0000-002900000004"},"direction":"left","percent":0.4,"speed":320}
&amp#27;[38;5;32m[AndroidUiautomator2Driver@7d8a (737cfc75)]&amp#27;[0m Got response with status 200: {"sessionId":"848f67d1-b0ae-4721-9dff-71f52c26d8f9","value":null}
&amp#27;[38;5;32m[AndroidUiautomator2Driver@7d8a (737cfc75)]&amp#27;[0m Responding to client with driver.execute() result: null
&amp#27;[38;5;0m[HTTP]&amp#27;[0m &amp#27;[37m<-- POST /session/737cfc75-39b7-4d8d-95ca-253dab0f7826/execute/sync &amp#27;[39m&amp#27;[32m200&amp#27;[39m &amp#27;[90m1554 ms - 14&amp#27;[39m
&amp#27;[38;5;0m[HTTP]&amp#27;[0m &amp#27;[90m&amp#27;[39m
&amp#27;[38;5;0m[HTTP]&amp#27;[0m &amp#27;[37m-->&amp#27;[39m &amp#27;[37mPOST&amp#27;[39m &amp#27;[37m/session/737cfc75-39b7-4d8d-95ca-253dab0f7826/elements&amp#27;[39m
&amp#27;[38;5;0m[HTTP]&amp#27;[0m &amp#27;[90m{"using":"xpath","value":"//android.widget.HorizontalScrollView"}&amp#27;[39m
&amp#27;[38;5;32m[AndroidUiautomator2Driver@7d8a (737cfc75)]&amp#27;[0m Calling AppiumDriver.findElements() with args: ["xpath","//android.widget.HorizontalScrollView","737cfc75-39b7-4d8d-95ca-253dab0f7826"]
&amp#27;[38;5;32m[AndroidUiautomator2Driver@7d8a (737cfc75)]&amp#27;[0m Valid locator strategies for this request: xpath, id, class name, accessibility id, css selector, -android uiautomator
&amp#27;[38;5;32m[AndroidUiautomator2Driver@7d8a (737cfc75)]&amp#27;[0m Waiting up to 0 ms for condition
&amp#27;[38;5;32m[AndroidUiautomator2Driver@7d8a (737cfc75)]&amp#27;[0m Matched '/elements' to command name 'findElements'
&amp#27;[38;5;32m[AndroidUiautomator2Driver@7d8a (737cfc75)]&amp#27;[0m Proxying [POST /elements] to [POST http://127.0.0.1:8240/session/848f67d1-b0ae-4721-9dff-71f52c26d8f9/elements] with body: {"strategy":"xpath","selector":"//android.widget.HorizontalScrollView","context":"","multiple":true}
&amp#27;[38;5;32m[AndroidUiautomator2Driver@7d8a (737cfc75)]&amp#27;[0m Got response with status 200: {"sessionId":"848f67d1-b0ae-4721-9dff-71f52c26d8f9","value":[{"ELEMENT":"00000000-0000-05c2-0000-002900000004","element-6066-11e4-a52e-4f735466cecf":"00000000-0000-05c2-0000-002900000004"},{"ELEMENT":"00000000-0000-05c2-0000-002a00000004","element-6066-11e4-a52e-4f735466cecf":"00000000-0000-05c2-0000-002a00000004"}]}
&amp#27;[38;5;32m[AndroidUiautomator2Driver@7d8a (737cfc75)]&amp#27;[0m Responding to client with driver.findElements() result: [{"element-6066-11e4-a52e-4f735466cecf":"00000000-0000-05c2-0000-002900000004","ELEMENT":"00000000-0000-05c2-0000-002900000004"},{"element-6066-11e4-a52e-4f735466cecf":"00000000-0000-05c2-0000-002a00000004","ELEMENT":"00000000-0000-05c2-0000-002a00000004"}]
&amp#27;[38;5;0m[HTTP]&amp#27;[0m &amp#27;[37m<-- POST /session/737cfc75-39b7-4d8d-95ca-253dab0f7826/elements &amp#27;[39m&amp#27;[32m200&amp#27;[39m &amp#27;[90m122 ms - 267&amp#27;[39m
&amp#27;[38;5;0m[HTTP]&amp#27;[0m &amp#27;[90m&amp#27;[39m
&amp#27;[38;5;0m[HTTP]&amp#27;[0m &amp#27;[37m-->&amp#27;[39m &amp#27;[37mPOST&amp#27;[39m &amp#27;[37m/session/737cfc75-39b7-4d8d-95ca-253dab0f7826/element/00000000-0000-05c2-0000-002900000004/elements&amp#27;[39m
&amp#27;[38;5;0m[HTTP]&amp#27;[0m &amp#27;[90m{"id":"00000000-0000-05c2-0000-002900000004","using":"xpath","value":"//android.view.View"}&amp#27;[39m
&amp#27;[38;5;32m[AndroidUiautomator2Driver@7d8a (737cfc75)]&amp#27;[0m Calling AppiumDriver.findElementsFromElement() with args: ["xpath","//android.view.View","00000000-0000-05c2-0000-002900000004","737cfc75-39b7-4d8d-95ca-253dab0f7826"]
&amp#27;[38;5;32m[AndroidUiautomator2Driver@7d8a (737cfc75)]&amp#27;[0m Valid locator strategies for this request: xpath, id, class name, accessibility id, css selector, -android uiautomator
&amp#27;[38;5;32m[AndroidUiautomator2Driver@7d8a (737cfc75)]&amp#27;[0m Waiting up to 0 ms for condition
&amp#27;[38;5;32m[AndroidUiautomator2Driver@7d8a (737cfc75)]&amp#27;[0m Matched '/elements' to command name 'findElements'
&amp#27;[38;5;32m[AndroidUiautomator2Driver@7d8a (737cfc75)]&amp#27;[0m Proxying [POST /elements] to [POST http://127.0.0.1:8240/session/848f67d1-b0ae-4721-9dff-71f52c26d8f9/elements] with body: {"strategy":"xpath","selector":"//android.view.View","context":"00000000-0000-05c2-0000-002900000004","multiple":true}
&amp#27;[38;5;32m[AndroidUiautomator2Driver@7d8a (737cfc75)]&amp#27;[0m Got response with status 200: {"sessionId":"848f67d1-b0ae-4721-9dff-71f52c26d8f9","value":[{"ELEMENT":"00000000-0000-05c2-0000-006b00000004","element-6066-11e4-a52e-4f735466cecf":"00000000-0000-05c2-0000-006b00000004"},{"ELEMENT":"00000000-0000-05c2-0000-006d00000004","element-6066-11e4-a52e-4f735466cecf":"00000000-0000-05c2-0000-006d00000004"},{"ELEMENT":"00000000-0000-05c2-0000-006f00000004","element-6066-11e4-a52e-4f735466cecf":"00000000-0000-05c2-0000-006f00000004"},{"ELEMENT":"00000000-0000-05c2-0000-007100000004","element-6066-11e4-a52e-4f735466cecf":"00000000-0000-05c2-0000-007100000004"},{"ELEMENT":"00000000-0000-05c2-0000-007300000004","element-6066-11e4-a52e-4f735466cecf":"00000000-0000-05c2-0000-007300000004"},{"ELEMENT":"00000000-0000-05c2-0000-007500000004","element-6066-11e4-a52e-4f735466cecf":"00000000-0000-05c2-0000-007500000004"},{"ELEMENT":"00000000-0000-05c2-0000-007700000004","element-6066-11e4-a52e-4f735466cecf":"00000000-0000-05c2-0000-007700000004"},{"ELEMENT":"00000000-0000-05c2-0000-007900000004","element-6066-...
&amp#27;[38;5;32m[AndroidUiautomator2Driver@7d8a (737cfc75)]&amp#27;[0m Responding to client with driver.findElementsFromElement() result: [{"element-6066-11e4-a52e-4f735466cecf":"00000000-0000-05c2-0000-006b00000004","ELEMENT":"00000000-0000-05c2-0000-006b00000004"},{"element-6066-11e4-a52e-4f735466cecf":"00000000-0000-05c2-0000-006d00000004","ELEMENT":"00000000-0000-05c2-0000-006d00000004"},{"element-6066-11e4-a52e-4f735466cecf":"00000000-0000-05c2-0000-006f00000004","ELEMENT":"00000000-0000-05c2-0000-006f00000004"},{"element-6066-11e4-a52e-4f735466cecf":"00000000-0000-05c2-0000-007100000004","ELEMENT":"00000000-0000-05c2-0000-007100000004"},{"element-6066-11e4-a52e-4f735466cecf":"00000000-0000-05c2-0000-007300000004","ELEMENT":"00000000-0000-05c2-0000-007300000004"},{"element-6066-11e4-a52e-4f735466cecf":"00000000-0000-05c2-0000-007500000004","ELEMENT":"00000000-0000-05c2-0000-007500000004"},{"element-6066-11e4-a52e-4f735466cecf":"00000000-0000-05c2-0000-007700000004","ELEMENT":"00000000-0000-05c2-0000-007700000004"},{"element-6066-11e4-a52e-4f735466cecf":"00000000-0000-05c2-0000-007900000004","ELEMENT":"00000000-0000-05c2-0000-00790000000...
&amp#27;[38;5;0m[HTTP]&amp#27;[0m &amp#27;[37m<-- POST /session/737cfc75-39b7-4d8d-95ca-253dab0f7826/element/00000000-0000-05c2-0000-002900000004/elements &amp#27;[39m&amp#27;[32m200&amp#27;[39m &amp#27;[90m49 ms - 2059&amp#27;[39m
&amp#27;[38;5;0m[HTTP]&amp#27;[0m &amp#27;[90m&amp#27;[39m
&amp#27;[38;5;0m[HTTP]&amp#27;[0m &amp#27;[37m-->&amp#27;[39m &amp#27;[37mGET&amp#27;[39m &amp#27;[37m/session/737cfc75-39b7-4d8d-95ca-253dab0f7826/element/00000000-0000-05c2-0000-006b00000004/text&amp#27;[39m
&amp#27;[38;5;0m[HTTP]&amp#27;[0m &amp#27;[90m{}&amp#27;[39m
&amp#27;[38;5;32m[AndroidUiautomator2Driver@7d8a (737cfc75)]&amp#27;[0m Driver proxy active, passing request on via HTTP proxy
&amp#27;[38;5;32m[AndroidUiautomator2Driver@7d8a (737cfc75)]&amp#27;[0m Matched '/session/737cfc75-39b7-4d8d-95ca-253dab0f7826/element/00000000-0000-05c2-0000-006b00000004/text' to command name 'getText'
&amp#27;[38;5;32m[AndroidUiautomator2Driver@7d8a (737cfc75)]&amp#27;[0m Proxying [GET /session/737cfc75-39b7-4d8d-95ca-253dab0f7826/element/00000000-0000-05c2-0000-006b00000004/text] to [GET http://127.0.0.1:8240/session/848f67d1-b0ae-4721-9dff-71f52c26d8f9/element/00000000-0000-05c2-0000-006b00000004/text] with no body
&amp#27;[38;5;32m[AndroidUiautomator2Driver@7d8a (737cfc75)]&amp#27;[0m Got response with status 200: {"sessionId":"848f67d1-b0ae-4721-9dff-71f52c26d8f9","value":"06:00"}
&amp#27;[38;5;32m[AndroidUiautomator2Driver@7d8a (737cfc75)]&amp#27;[0m Replacing sessionId 848f67d1-b0ae-4721-9dff-71f52c26d8f9 with 737cfc75-39b7-4d8d-95ca-253dab0f7826
&amp#27;[38;5;0m[HTTP]&amp#27;[0m &amp#27;[37m<-- GET /session/737cfc75-39b7-4d8d-95ca-253dab0f7826/element/00000000-0000-05c2-0000-006b00000004/text &amp#27;[39m&amp#27;[32m200&amp#27;[39m &amp#27;[90m10 ms - 68&amp#27;[39m
&amp#27;[38;5;0m[HTTP]&amp#27;[0m &amp#27;[90m&amp#27;[39m
&amp#27;[38;5;0m[HTTP]&amp#27;[0m &amp#27;[37m-->&amp#27;[39m &amp#27;[37mGET&amp#27;[39m &amp#27;[37m/session/737cfc75-39b7-4d8d-95ca-253dab0f7826/element/00000000-0000-05c2-0000-006d00000004/text&amp#27;[39m
&amp#27;[38;5;0m[HTTP]&amp#27;[0m &amp#27;[90m{}&amp#27;[39m
&amp#27;[38;5;32m[AndroidUiautomator2Driver@7d8a (737cfc75)]&amp#27;[0m Driver proxy active, passing request on via HTTP proxy
&amp#27;[38;5;32m[AndroidUiautomator2Driver@7d8a (737cfc75)]&amp#27;[0m Matched '/session/737cfc75-39b7-4d8d-95ca-253dab0f7826/element/00000000-0000-05c2-0000-006d00000004/text' to command name 'getText'
&amp#27;[38;5;32m[AndroidUiautomator2Driver@7d8a (737cfc75)]&amp#27;[0m Proxying [GET /session/737cfc75-39b7-4d8d-95ca-253dab0f7826/element/00000000-0000-05c2-0000-006d00000004/text] to [GET http://127.0.0.1:8240/session/848f67d1-b0ae-4721-9dff-71f52c26d8f9/element/00000000-0000-05c2-0000-006d00000004/text] with no body
&amp#27;[38;5;32m[AndroidUiautomator2Driver@7d8a (737cfc75)]&amp#27;[0m Got response with status 200: {"sessionId":"848f67d1-b0ae-4721-9dff-71f52c26d8f9","value":"broken clouds"}
&amp#27;[38;5;32m[AndroidUiautomator2Driver@7d8a (737cfc75)]&amp#27;[0m Replacing sessionId 848f67d1-b0ae-4721-9dff-71f52c26d8f9 with 737cfc75-39b7-4d8d-95ca-253dab0f7826
&amp#27;[38;5;0m[HTTP]&amp#27;[0m &amp#27;[37m<-- GET /session/737cfc75-39b7-4d8d-95ca-253dab0f7826/element/00000000-0000-05c2-0000-006d00000004/text &amp#27;[39m&amp#27;[32m200&amp#27;[39m &amp#27;[90m9 ms - 76&amp#27;[39m
&amp#27;[38;5;0m[HTTP]&amp#27;[0m &amp#27;[90m&amp#27;[39m
&amp#27;[38;5;0m[HTTP]&amp#27;[0m &amp#27;[37m-->&amp#27;[39m &amp#27;[37mGET&amp#27;[39m &amp#27;[37m/session/737cfc75-39b7-4d8d-95ca-253dab0f7826/element/00000000-0000-05c2-0000-006f00000004/text&amp#27;[39m
&amp#27;[38;5;0m[HTTP]&amp#27;[0m &amp#27;[90m{}&amp#27;[39m
&amp#27;[38;5;32m[AndroidUiautomator2Driver@7d8a (737cfc75)]&amp#27;[0m Driver proxy active, passing request on via HTTP proxy
&amp#27;[38;5;32m[AndroidUiautomator2Driver@7d8a (737cfc75)]&amp#27;[0m Matched '/session/737cfc75-39b7-4d8d-95ca-253dab0f7826/element/00000000-0000-05c2-0000-006f00000004/text' to command name 'getText'
&amp#27;[38;5;32m[AndroidUiautomator2Driver@7d8a (737cfc75)]&amp#27;[0m Proxying [GET /session/737cfc75-39b7-4d8d-95ca-253dab0f7826/element/00000000-0000-05c2-0000-006f00000004/text] to [GET http://127.0.0.1:8240/session/848f67d1-b0ae-4721-9dff-71f52c26d8f9/element/00000000-0000-05c2-0000-006f00000004/text] with no body
&amp#27;[38;5;32m[AndroidUiautomator2Driver@7d8a (737cfc75)]&amp#27;[0m Got response with status 200: {"sessionId":"848f67d1-b0ae-4721-9dff-71f52c26d8f9","value":"79 %"}
&amp#27;[38;5;32m[AndroidUiautomator2Driver@7d8a (737cfc75)]&amp#27;[0m Replacing sessionId 848f67d1-b0ae-4721-9dff-71f52c26d8f9 with 737cfc75-39b7-4d8d-95ca-253dab0f7826
&amp#27;[38;5;0m[HTTP]&amp#27;[0m &amp#27;[37m<-- GET /session/737cfc75-39b7-4d8d-95ca-253dab0f7826/element/00000000-0000-05c2-0000-006f00000004/text &amp#27;[39m&amp#27;[32m200&amp#27;[39m &amp#27;[90m9 ms - 67&amp#27;[39m
&amp#27;[38;5;0m[HTTP]&amp#27;[0m &amp#27;[90m&amp#27;[39m
&amp#27;[38;5;0m[HTTP]&amp#27;[0m &amp#27;[37m-->&amp#27;[39m &amp#27;[37mGET&amp#27;[39m &amp#27;[37m/session/737cfc75-39b7-4d8d-95ca-253dab0f7826/element/00000000-0000-05c2-0000-007100000004/text&amp#27;[39m
&amp#27;[38;5;0m[HTTP]&amp#27;[0m &amp#27;[90m{}&amp#27;[39m
&amp#27;[38;5;32m[AndroidUiautomator2Driver@7d8a (737cfc75)]&amp#27;[0m Driver proxy active, passing request on via HTTP proxy
&amp#27;[38;5;32m[AndroidUiautomator2Driver@7d8a (737cfc75)]&amp#27;[0m Matched '/session/737cfc75-39b7-4d8d-95ca-253dab0f7826/element/00000000-0000-05c2-0000-007100000004/text' to command name 'getText'
&amp#27;[38;5;32m[AndroidUiautomator2Driver@7d8a (737cfc75)]&amp#27;[0m Proxying [GET /session/737cfc75-39b7-4d8d-95ca-253dab0f7826/element/00000000-0000-05c2-0000-007100000004/text] to [GET http://127.0.0.1:8240/session/848f67d1-b0ae-4721-9dff-71f52c26d8f9/element/00000000-0000-05c2-0000-007100000004/text] with no body
&amp#27;[38;5;32m[AndroidUiautomator2Driver@7d8a (737cfc75)]&amp#27;[0m Got response with status 200: {"sessionId":"848f67d1-b0ae-4721-9dff-71f52c26d8f9","value":"13 Â°C"}
&amp#27;[38;5;32m[AndroidUiautomator2Driver@7d8a (737cfc75)]&amp#27;[0m Replacing sessionId 848f67d1-b0ae-4721-9dff-71f52c26d8f9 with 737cfc75-39b7-4d8d-95ca-253dab0f7826
&amp#27;[38;5;0m[HTTP]&amp#27;[0m &amp#27;[37m<-- GET /session/737cfc75-39b7-4d8d-95ca-253dab0f7826/element/00000000-0000-05c2-0000-007100000004/text &amp#27;[39m&amp#27;[32m200&amp#27;[39m &amp#27;[90m9 ms - 69&amp#27;[39m
&amp#27;[38;5;0m[HTTP]&amp#27;[0m &amp#27;[90m&amp#27;[39m
&amp#27;[38;5;0m[HTTP]&amp#27;[0m &amp#27;[37m-->&amp#27;[39m &amp#27;[37mGET&amp#27;[39m &amp#27;[37m/session/737cfc75-39b7-4d8d-95ca-253dab0f7826/element/00000000-0000-05c2-0000-007300000004/text&amp#27;[39m
&amp#27;[38;5;0m[HTTP]&amp#27;[0m &amp#27;[90m{}&amp#27;[39m
&amp#27;[38;5;32m[AndroidUiautomator2Driver@7d8a (737cfc75)]&amp#27;[0m Driver proxy active, passing request on via HTTP proxy
&amp#27;[38;5;32m[AndroidUiautomator2Driver@7d8a (737cfc75)]&amp#27;[0m Matched '/session/737cfc75-39b7-4d8d-95ca-253dab0f7826/element/00000000-0000-05c2-0000-007300000004/text' to command name 'getText'
&amp#27;[38;5;32m[AndroidUiautomator2Driver@7d8a (737cfc75)]&amp#27;[0m Proxying [GET /session/737cfc75-39b7-4d8d-95ca-253dab0f7826/element/00000000-0000-05c2-0000-007300000004/text] to [GET http://127.0.0.1:8240/session/848f67d1-b0ae-4721-9dff-71f52c26d8f9/element/00000000-0000-05c2-0000-007300000004/text] with no body
&amp#27;[38;5;32m[AndroidUiautomator2Driver@7d8a (737cfc75)]&amp#27;[0m Got response with status 200: {"sessionId":"848f67d1-b0ae-4721-9dff-71f52c26d8f9","value":"07:00"}
&amp#27;[38;5;32m[AndroidUiautomator2Driver@7d8a (737cfc75)]&amp#27;[0m Replacing sessionId 848f67d1-b0ae-4721-9dff-71f52c26d8f9 with 737cfc75-39b7-4d8d-95ca-253dab0f7826
&amp#27;[38;5;0m[HTTP]&amp#27;[0m &amp#27;[37m<-- GET /session/737cfc75-39b7-4d8d-95ca-253dab0f7826/element/00000000-0000-05c2-0000-007300000004/text &amp#27;[39m&amp#27;[32m200&amp#27;[39m &amp#27;[90m10 ms - 68&amp#27;[39m
&amp#27;[38;5;0m[HTTP]&amp#27;[0m &amp#27;[90m&amp#27;[39m
&amp#27;[38;5;0m[HTTP]&amp#27;[0m &amp#27;[37m-->&amp#27;[39m &amp#27;[37mGET&amp#27;[39m &amp#27;[37m/session/737cfc75-39b7-4d8d-95ca-253dab0f7826/element/00000000-0000-05c2-0000-007500000004/text&amp#27;[39m
&amp#27;[38;5;0m[HTTP]&amp#27;[0m &amp#27;[90m{}&amp#27;[39m
&amp#27;[38;5;32m[AndroidUiautomator2Driver@7d8a (737cfc75)]&amp#27;[0m Driver proxy active, passing request on via HTTP proxy
&amp#27;[38;5;32m[AndroidUiautomator2Driver@7d8a (737cfc75)]&amp#27;[0m Matched '/session/737cfc75-39b7-4d8d-95ca-253dab0f7826/element/00000000-0000-05c2-0000-007500000004/text' to command name 'getText'
&amp#27;[38;5;32m[AndroidUiautomator2Driver@7d8a (737cfc75)]&amp#27;[0m Proxying [GET /session/737cfc75-39b7-4d8d-95ca-253dab0f7826/element/00000000-0000-05c2-0000-007500000004/text] to [GET http://127.0.0.1:8240/session/848f67d1-b0ae-4721-9dff-71f52c26d8f9/element/00000000-0000-05c2-0000-007500000004/text] with no body
&amp#27;[38;5;32m[AndroidUiautomator2Driver@7d8a (737cfc75)]&amp#27;[0m Got response with status 200: {"sessionId":"848f67d1-b0ae-4721-9dff-71f52c26d8f9","value":"overcast clouds"}
&amp#27;[38;5;32m[AndroidUiautomator2Driver@7d8a (737cfc75)]&amp#27;[0m Replacing sessionId 848f67d1-b0ae-4721-9dff-71f52c26d8f9 with 737cfc75-39b7-4d8d-95ca-253dab0f7826
&amp#27;[38;5;0m[HTTP]&amp#27;[0m &amp#27;[37m<-- GET /session/737cfc75-39b7-4d8d-95ca-253dab0f7826/element/00000000-0000-05c2-0000-007500000004/text &amp#27;[39m&amp#27;[32m200&amp#27;[39m &amp#27;[90m11 ms - 78&amp#27;[39m
&amp#27;[38;5;0m[HTTP]&amp#27;[0m &amp#27;[90m&amp#27;[39m
&amp#27;[38;5;0m[HTTP]&amp#27;[0m &amp#27;[37m-->&amp#27;[39m &amp#27;[37mGET&amp#27;[39m &amp#27;[37m/session/737cfc75-39b7-4d8d-95ca-253dab0f7826/element/00000000-0000-05c2-0000-007700000004/text&amp#27;[39m
&amp#27;[38;5;0m[HTTP]&amp#27;[0m &amp#27;[90m{}&amp#27;[39m
&amp#27;[38;5;32m[AndroidUiautomator2Driver@7d8a (737cfc75)]&amp#27;[0m Driver proxy active, passing request on via HTTP proxy
&amp#27;[38;5;32m[AndroidUiautomator2Driver@7d8a (737cfc75)]&amp#27;[0m Matched '/session/737cfc75-39b7-4d8d-95ca-253dab0f7826/element/00000000-0000-05c2-0000-007700000004/text' to command name 'getText'
&amp#27;[38;5;32m[AndroidUiautomator2Driver@7d8a (737cfc75)]&amp#27;[0m Proxying [GET /session/737cfc75-39b7-4d8d-95ca-253dab0f7826/element/00000000-0000-05c2-0000-007700000004/text] to [GET http://127.0.0.1:8240/session/848f67d1-b0ae-4721-9dff-71f52c26d8f9/element/00000000-0000-05c2-0000-007700000004/text] with no body
&amp#27;[38;5;32m[AndroidUiautomator2Driver@7d8a (737cfc75)]&amp#27;[0m Got response with status 200: {"sessionId":"848f67d1-b0ae-4721-9dff-71f52c26d8f9","value":"82 %"}
&amp#27;[38;5;32m[AndroidUiautomator2Driver@7d8a (737cfc75)]&amp#27;[0m Replacing sessionId 848f67d1-b0ae-4721-9dff-71f52c26d8f9 with 737cfc75-39b7-4d8d-95ca-253dab0f7826
&amp#27;[38;5;0m[HTTP]&amp#27;[0m &amp#27;[37m<-- GET /session/737cfc75-39b7-4d8d-95ca-253dab0f7826/element/00000000-0000-05c2-0000-007700000004/text &amp#27;[39m&amp#27;[32m200&amp#27;[39m &amp#27;[90m10 ms - 67&amp#27;[39m
&amp#27;[38;5;0m[HTTP]&amp#27;[0m &amp#27;[90m&amp#27;[39m
&amp#27;[38;5;0m[HTTP]&amp#27;[0m &amp#27;[37m-->&amp#27;[39m &amp#27;[37mGET&amp#27;[39m &amp#27;[37m/session/737cfc75-39b7-4d8d-95ca-253dab0f7826/element/00000000-0000-05c2-0000-007900000004/text&amp#27;[39m
&amp#27;[38;5;0m[HTTP]&amp#27;[0m &amp#27;[90m{}&amp#27;[39m
&amp#27;[38;5;32m[AndroidUiautomator2Driver@7d8a (737cfc75)]&amp#27;[0m Driver proxy active, passing request on via HTTP proxy
&amp#27;[38;5;32m[AndroidUiautomator2Driver@7d8a (737cfc75)]&amp#27;[0m Matched '/session/737cfc75-39b7-4d8d-95ca-253dab0f7826/element/00000000-0000-05c2-0000-007900000004/text' to command name 'getText'
&amp#27;[38;5;32m[AndroidUiautomator2Driver@7d8a (737cfc75)]&amp#27;[0m Proxying [GET /session/737cfc75-39b7-4d8d-95ca-253dab0f7826/element/00000000-0000-05c2-0000-007900000004/text] to [GET http://127.0.0.1:8240/session/848f67d1-b0ae-4721-9dff-71f52c26d8f9/element/00000000-0000-05c2-0000-007900000004/text] with no body
&amp#27;[38;5;32m[AndroidUiautomator2Driver@7d8a (737cfc75)]&amp#27;[0m Got response with status 200: {"sessionId":"848f67d1-b0ae-4721-9dff-71f52c26d8f9","value":"12 Â°C"}
&amp#27;[38;5;32m[AndroidUiautomator2Driver@7d8a (737cfc75)]&amp#27;[0m Replacing sessionId 848f67d1-b0ae-4721-9dff-71f52c26d8f9 with 737cfc75-39b7-4d8d-95ca-253dab0f7826
&amp#27;[38;5;0m[HTTP]&amp#27;[0m &amp#27;[37m<-- GET /session/737cfc75-39b7-4d8d-95ca-253dab0f7826/element/00000000-0000-05c2-0000-007900000004/text &amp#27;[39m&amp#27;[32m200&amp#27;[39m &amp#27;[90m11 ms - 69&amp#27;[39m
&amp#27;[38;5;0m[HTTP]&amp#27;[0m &amp#27;[90m&amp#27;[39m
&amp#27;[38;5;0m[HTTP]&amp#27;[0m &amp#27;[37m-->&amp#27;[39m &amp#27;[37mGET&amp#27;[39m &amp#27;[37m/session/737cfc75-39b7-4d8d-95ca-253dab0f7826/element/00000000-0000-05c2-0000-007b00000004/text&amp#27;[39m
&amp#27;[38;5;0m[HTTP]&amp#27;[0m &amp#27;[90m{}&amp#27;[39m
&amp#27;[38;5;32m[AndroidUiautomator2Driver@7d8a (737cfc75)]&amp#27;[0m Driver proxy active, passing request on via HTTP proxy
&amp#27;[38;5;32m[AndroidUiautomator2Driver@7d8a (737cfc75)]&amp#27;[0m Matched '/session/737cfc75-39b7-4d8d-95ca-253dab0f7826/element/00000000-0000-05c2-0000-007b00000004/text' to command name 'getText'
&amp#27;[38;5;32m[AndroidUiautomator2Driver@7d8a (737cfc75)]&amp#27;[0m Proxying [GET /session/737cfc75-39b7-4d8d-95ca-253dab0f7826/element/00000000-0000-05c2-0000-007b00000004/text] to [GET http://127.0.0.1:8240/session/848f67d1-b0ae-4721-9dff-71f52c26d8f9/element/00000000-0000-05c2-0000-007b00000004/text] with no body
&amp#27;[38;5;32m[AndroidUiautomator2Driver@7d8a (737cfc75)]&amp#27;[0m Got response with status 200: {"sessionId":"848f67d1-b0ae-4721-9dff-71f52c26d8f9","value":"08:00"}
&amp#27;[38;5;32m[AndroidUiautomator2Driver@7d8a (737cfc75)]&amp#27;[0m Replacing sessionId 848f67d1-b0ae-4721-9dff-71f52c26d8f9 with 737cfc75-39b7-4d8d-95ca-253dab0f7826
&amp#27;[38;5;0m[HTTP]&amp#27;[0m &amp#27;[37m<-- GET /session/737cfc75-39b7-4d8d-95ca-253dab0f7826/element/00000000-0000-05c2-0000-007b00000004/text &amp#27;[39m&amp#27;[32m200&amp#27;[39m &amp#27;[90m11 ms - 68&amp#27;[39m
&amp#27;[38;5;0m[HTTP]&amp#27;[0m &amp#27;[90m&amp#27;[39m
&amp#27;[38;5;0m[HTTP]&amp#27;[0m &amp#27;[37m-->&amp#27;[39m &amp#27;[37mGET&amp#27;[39m &amp#27;[37m/session/737cfc75-39b7-4d8d-95ca-253dab0f7826/element/00000000-0000-05c2-0000-007d00000004/text&amp#27;[39m
&amp#27;[38;5;0m[HTTP]&amp#27;[0m &amp#27;[90m{}&amp#27;[39m
&amp#27;[38;5;32m[AndroidUiautomator2Driver@7d8a (737cfc75)]&amp#27;[0m Driver proxy active, passing request on via HTTP proxy
&amp#27;[38;5;32m[AndroidUiautomator2Driver@7d8a (737cfc75)]&amp#27;[0m Matched '/session/737cfc75-39b7-4d8d-95ca-253dab0f7826/element/00000000-0000-05c2-0000-007d00000004/text' to command name 'getText'
&amp#27;[38;5;32m[AndroidUiautomator2Driver@7d8a (737cfc75)]&amp#27;[0m Proxying [GET /session/737cfc75-39b7-4d8d-95ca-253dab0f7826/element/00000000-0000-05c2-0000-007d00000004/text] to [GET http://127.0.0.1:8240/session/848f67d1-b0ae-4721-9dff-71f52c26d8f9/element/00000000-0000-05c2-0000-007d00000004/text] with no body
&amp#27;[38;5;32m[AndroidUiautomator2Driver@7d8a (737cfc75)]&amp#27;[0m Got response with status 200: {"sessionId":"848f67d1-b0ae-4721-9dff-71f52c26d8f9","value":"overcast clouds"}
&amp#27;[38;5;32m[AndroidUiautomator2Driver@7d8a (737cfc75)]&amp#27;[0m Replacing sessionId 848f67d1-b0ae-4721-9dff-71f52c26d8f9 with 737cfc75-39b7-4d8d-95ca-253dab0f7826
&amp#27;[38;5;0m[HTTP]&amp#27;[0m &amp#27;[37m<-- GET /session/737cfc75-39b7-4d8d-95ca-253dab0f7826/element/00000000-0000-05c2-0000-007d00000004/text &amp#27;[39m&amp#27;[32m200&amp#27;[39m &amp#27;[90m11 ms - 78&amp#27;[39m
&amp#27;[38;5;0m[HTTP]&amp#27;[0m &amp#27;[90m&amp#27;[39m
&amp#27;[38;5;0m[HTTP]&amp#27;[0m &amp#27;[37m-->&amp#27;[39m &amp#27;[37mGET&amp#27;[39m &amp#27;[37m/session/737cfc75-39b7-4d8d-95ca-253dab0f7826/element/00000000-0000-05c2-0000-007f00000004/text&amp#27;[39m
&amp#27;[38;5;0m[HTTP]&amp#27;[0m &amp#27;[90m{}&amp#27;[39m
&amp#27;[38;5;32m[AndroidUiautomator2Driver@7d8a (737cfc75)]&amp#27;[0m Driver proxy active, passing request on via HTTP proxy
&amp#27;[38;5;32m[AndroidUiautomator2Driver@7d8a (737cfc75)]&amp#27;[0m Matched '/session/737cfc75-39b7-4d8d-95ca-253dab0f7826/element/00000000-0000-05c2-0000-007f00000004/text' to command name 'getText'
&amp#27;[38;5;32m[AndroidUiautomator2Driver@7d8a (737cfc75)]&amp#27;[0m Proxying [GET /session/737cfc75-39b7-4d8d-95ca-253dab0f7826/element/00000000-0000-05c2-0000-007f00000004/text] to [GET http://127.0.0.1:8240/session/848f67d1-b0ae-4721-9dff-71f52c26d8f9/element/00000000-0000-05c2-0000-007f00000004/text] with no body
&amp#27;[38;5;32m[AndroidUiautomator2Driver@7d8a (737cfc75)]&amp#27;[0m Got response with status 200: {"sessionId":"848f67d1-b0ae-4721-9dff-71f52c26d8f9","value":"85 %"}
&amp#27;[38;5;32m[AndroidUiautomator2Driver@7d8a (737cfc75)]&amp#27;[0m Replacing sessionId 848f67d1-b0ae-4721-9dff-71f52c26d8f9 with 737cfc75-39b7-4d8d-95ca-253dab0f7826
&amp#27;[38;5;0m[HTTP]&amp#27;[0m &amp#27;[37m<-- GET /session/737cfc75-39b7-4d8d-95ca-253dab0f7826/element/00000000-0000-05c2-0000-007f00000004/text &amp#27;[39m&amp#27;[32m200&amp#27;[39m &amp#27;[90m11 ms - 67&amp#27;[39m
&amp#27;[38;5;0m[HTTP]&amp#27;[0m &amp#27;[90m&amp#27;[39m
&amp#27;[38;5;0m[HTTP]&amp#27;[0m &amp#27;[37m-->&amp#27;[39m &amp#27;[37mGET&amp#27;[39m &amp#27;[37m/session/737cfc75-39b7-4d8d-95ca-253dab0f7826/element/00000000-0000-05c2-0000-008100000004/text&amp#27;[39m
&amp#27;[38;5;0m[HTTP]&amp#27;[0m &amp#27;[90m{}&amp#27;[39m
&amp#27;[38;5;32m[AndroidUiautomator2Driver@7d8a (737cfc75)]&amp#27;[0m Driver proxy active, passing request on via HTTP proxy
&amp#27;[38;5;32m[AndroidUiautomator2Driver@7d8a (737cfc75)]&amp#27;[0m Matched '/session/737cfc75-39b7-4d8d-95ca-253dab0f7826/element/00000000-0000-05c2-0000-008100000004/text' to command name 'getText'
&amp#27;[38;5;32m[AndroidUiautomator2Driver@7d8a (737cfc75)]&amp#27;[0m Proxying [GET /session/737cfc75-39b7-4d8d-95ca-253dab0f7826/element/00000000-0000-05c2-0000-008100000004/text] to [GET http://127.0.0.1:8240/session/848f67d1-b0ae-4721-9dff-71f52c26d8f9/element/00000000-0000-05c2-0000-008100000004/text] with no body
&amp#27;[38;5;32m[AndroidUiautomator2Driver@7d8a (737cfc75)]&amp#27;[0m Got response with status 200: {"sessionId":"848f67d1-b0ae-4721-9dff-71f52c26d8f9","value":"12 Â°C"}
&amp#27;[38;5;32m[AndroidUiautomator2Driver@7d8a (737cfc75)]&amp#27;[0m Replacing sessionId 848f67d1-b0ae-4721-9dff-71f52c26d8f9 with 737cfc75-39b7-4d8d-95ca-253dab0f7826
&amp#27;[38;5;0m[HTTP]&amp#27;[0m &amp#27;[37m<-- GET /session/737cfc75-39b7-4d8d-95ca-253dab0f7826/element/00000000-0000-05c2-0000-008100000004/text &amp#27;[39m&amp#27;[32m200&amp#27;[39m &amp#27;[90m11 ms - 69&amp#27;[39m
&amp#27;[38;5;0m[HTTP]&amp#27;[0m &amp#27;[90m&amp#27;[39m
&amp#27;[38;5;0m[HTTP]&amp#27;[0m &amp#27;[37m-->&amp#27;[39m &amp#27;[37mGET&amp#27;[39m &amp#27;[37m/session/737cfc75-39b7-4d8d-95ca-253dab0f7826/element/00000000-0000-05c2-0000-008300000004/text&amp#27;[39m
&amp#27;[38;5;0m[HTTP]&amp#27;[0m &amp#27;[90m{}&amp#27;[39m
&amp#27;[38;5;32m[AndroidUiautomator2Driver@7d8a (737cfc75)]&amp#27;[0m Driver proxy active, passing request on via HTTP proxy
&amp#27;[38;5;32m[AndroidUiautomator2Driver@7d8a (737cfc75)]&amp#27;[0m Matched '/session/737cfc75-39b7-4d8d-95ca-253dab0f7826/element/00000000-0000-05c2-0000-008300000004/text' to command name 'getText'
&amp#27;[38;5;32m[AndroidUiautomator2Driver@7d8a (737cfc75)]&amp#27;[0m Proxying [GET /session/737cfc75-39b7-4d8d-95ca-253dab0f7826/element/00000000-0000-05c2-0000-008300000004/text] to [GET http://127.0.0.1:8240/session/848f67d1-b0ae-4721-9dff-71f52c26d8f9/element/00000000-0000-05c2-0000-008300000004/text] with no body
&amp#27;[38;5;32m[AndroidUiautomator2Driver@7d8a (737cfc75)]&amp#27;[0m Got response with status 200: {"sessionId":"848f67d1-b0ae-4721-9dff-71f52c26d8f9","value":"09:00"}
&amp#27;[38;5;32m[AndroidUiautomator2Driver@7d8a (737cfc75)]&amp#27;[0m Replacing sessionId 848f67d1-b0ae-4721-9dff-71f52c26d8f9 with 737cfc75-39b7-4d8d-95ca-253dab0f7826
&amp#27;[38;5;0m[HTTP]&amp#27;[0m &amp#27;[37m<-- GET /session/737cfc75-39b7-4d8d-95ca-253dab0f7826/element/00000000-0000-05c2-0000-008300000004/text &amp#27;[39m&amp#27;[32m200&amp#27;[39m &amp#27;[90m11 ms - 68&amp#27;[39m
&amp#27;[38;5;0m[HTTP]&amp#27;[0m &amp#27;[90m&amp#27;[39m
&amp#27;[38;5;0m[HTTP]&amp#27;[0m &amp#27;[37m-->&amp#27;[39m &amp#27;[37mGET&amp#27;[39m &amp#27;[37m/session/737cfc75-39b7-4d8d-95ca-253dab0f7826/element/00000000-0000-05c2-0000-008500000004/text&amp#27;[39m
&amp#27;[38;5;0m[HTTP]&amp#27;[0m &amp#27;[90m{}&amp#27;[39m
&amp#27;[38;5;32m[AndroidUiautomator2Driver@7d8a (737cfc75)]&amp#27;[0m Driver proxy active, passing request on via HTTP proxy
&amp#27;[38;5;32m[AndroidUiautomator2Driver@7d8a (737cfc75)]&amp#27;[0m Matched '/session/737cfc75-39b7-4d8d-95ca-253dab0f7826/element/00000000-0000-05c2-0000-008500000004/text' to command name 'getText'
&amp#27;[38;5;32m[AndroidUiautomator2Driver@7d8a (737cfc75)]&amp#27;[0m Proxying [GET /session/737cfc75-39b7-4d8d-95ca-253dab0f7826/element/00000000-0000-05c2-0000-008500000004/text] to [GET http://127.0.0.1:8240/session/848f67d1-b0ae-4721-9dff-71f52c26d8f9/element/00000000-0000-05c2-0000-008500000004/text] with no body
&amp#27;[38;5;32m[AndroidUiautomator2Driver@7d8a (737cfc75)]&amp#27;[0m Got response with status 200: {"sessionId":"848f67d1-b0ae-4721-9dff-71f52c26d8f9","value":"overcast clouds"}
&amp#27;[38;5;32m[AndroidUiautomator2Driver@7d8a (737cfc75)]&amp#27;[0m Replacing sessionId 848f67d1-b0ae-4721-9dff-71f52c26d8f9 with 737cfc75-39b7-4d8d-95ca-253dab0f7826
&amp#27;[38;5;0m[HTTP]&amp#27;[0m &amp#27;[37m<-- GET /session/737cfc75-39b7-4d8d-95ca-253dab0f7826/element/00000000-0000-05c2-0000-008500000004/text &amp#27;[39m&amp#27;[32m200&amp#27;[39m &amp#27;[90m14 ms - 78&amp#27;[39m
&amp#27;[38;5;0m[HTTP]&amp#27;[0m &amp#27;[90m&amp#27;[39m
&amp#27;[38;5;0m[HTTP]&amp#27;[0m &amp#27;[37m-->&amp#27;[39m &amp#27;[37mGET&amp#27;[39m &amp#27;[37m/session/737cfc75-39b7-4d8d-95ca-253dab0f7826/element/00000000-0000-05c2-0000-008700000004/text&amp#27;[39m
&amp#27;[38;5;0m[HTTP]&amp#27;[0m &amp#27;[90m{}&amp#27;[39m
&amp#27;[38;5;32m[AndroidUiautomator2Driver@7d8a (737cfc75)]&amp#27;[0m Driver proxy active, passing request on via HTTP proxy
&amp#27;[38;5;32m[AndroidUiautomator2Driver@7d8a (737cfc75)]&amp#27;[0m Matched '/session/737cfc75-39b7-4d8d-95ca-253dab0f7826/element/00000000-0000-05c2-0000-008700000004/text' to command name 'getText'
&amp#27;[38;5;32m[AndroidUiautomator2Driver@7d8a (737cfc75)]&amp#27;[0m Proxying [GET /session/737cfc75-39b7-4d8d-95ca-253dab0f7826/element/00000000-0000-05c2-0000-008700000004/text] to [GET http://127.0.0.1:8240/session/848f67d1-b0ae-4721-9dff-71f52c26d8f9/element/00000000-0000-05c2-0000-008700000004/text] with no body
&amp#27;[38;5;32m[AndroidUiautomator2Driver@7d8a (737cfc75)]&amp#27;[0m Got response with status 200: {"sessionId":"848f67d1-b0ae-4721-9dff-71f52c26d8f9","value":"87 %"}
&amp#27;[38;5;32m[AndroidUiautomator2Driver@7d8a (737cfc75)]&amp#27;[0m Replacing sessionId 848f67d1-b0ae-4721-9dff-71f52c26d8f9 with 737cfc75-39b7-4d8d-95ca-253dab0f7826
&amp#27;[38;5;0m[HTTP]&amp#27;[0m &amp#27;[37m<-- GET /session/737cfc75-39b7-4d8d-95ca-253dab0f7826/element/00000000-0000-05c2-0000-008700000004/text &amp#27;[39m&amp#27;[32m200&amp#27;[39m &amp#27;[90m11 ms - 67&amp#27;[39m
&amp#27;[38;5;0m[HTTP]&amp#27;[0m &amp#27;[90m&amp#27;[39m
&amp#27;[38;5;0m[HTTP]&amp#27;[0m &amp#27;[37m-->&amp#27;[39m &amp#27;[37mGET&amp#27;[39m &amp#27;[37m/session/737cfc75-39b7-4d8d-95ca-253dab0f7826/element/00000000-0000-05c2-0000-008900000004/text&amp#27;[39m
&amp#27;[38;5;0m[HTTP]&amp#27;[0m &amp#27;[90m{}&amp#27;[39m
&amp#27;[38;5;32m[AndroidUiautomator2Driver@7d8a (737cfc75)]&amp#27;[0m Driver proxy active, passing request on via HTTP proxy
&amp#27;[38;5;32m[AndroidUiautomator2Driver@7d8a (737cfc75)]&amp#27;[0m Matched '/session/737cfc75-39b7-4d8d-95ca-253dab0f7826/element/00000000-0000-05c2-0000-008900000004/text' to command name 'getText'
&amp#27;[38;5;32m[AndroidUiautomator2Driver@7d8a (737cfc75)]&amp#27;[0m Proxying [GET /session/737cfc75-39b7-4d8d-95ca-253dab0f7826/element/00000000-0000-05c2-0000-008900000004/text] to [GET http://127.0.0.1:8240/session/848f67d1-b0ae-4721-9dff-71f52c26d8f9/element/00000000-0000-05c2-0000-008900000004/text] with no body
&amp#27;[38;5;32m[AndroidUiautomator2Driver@7d8a (737cfc75)]&amp#27;[0m Got response with status 200: {"sessionId":"848f67d1-b0ae-4721-9dff-71f52c26d8f9","value":"12 Â°C"}
&amp#27;[38;5;32m[AndroidUiautomator2Driver@7d8a (737cfc75)]&amp#27;[0m Replacing sessionId 848f67d1-b0ae-4721-9dff-71f52c26d8f9 with 737cfc75-39b7-4d8d-95ca-253dab0f7826
&amp#27;[38;5;0m[HTTP]&amp#27;[0m &amp#27;[37m<-- GET /session/737cfc75-39b7-4d8d-95ca-253dab0f7826/element/00000000-0000-05c2-0000-008900000004/text &amp#27;[39m&amp#27;[32m200&amp#27;[39m &amp#27;[90m10 ms - 69&amp#27;[39m
&amp#27;[38;5;0m[HTTP]&amp#27;[0m &amp#27;[90m&amp#27;[39m
&amp#27;[38;5;0m[HTTP]&amp#27;[0m &amp#27;[37m-->&amp#27;[39m &amp#27;[37mPOST&amp#27;[39m &amp#27;[37m/session/737cfc75-39b7-4d8d-95ca-253dab0f7826/execute/sync&amp#27;[39m
&amp#27;[38;5;0m[HTTP]&amp#27;[0m &amp#27;[90m{"script":"mobile: swipeGesture","args":[{"elementId":"00000000-0000-05c2-0000-002900000004","percent":0.4,"speed":320,"direction":"left"}]}&amp#27;[39m
&amp#27;[38;5;32m[AndroidUiautomator2Driver@7d8a (737cfc75)]&amp#27;[0m Calling AppiumDriver.execute() with args: ["mobile: swipeGesture",[{"elementId":"00000000-0000-05c2-0000-002900000004","percent":0.4,"speed":320,"direction":"left"}],"737cfc75-39b7-4d8d-95ca-253dab0f7826"]
&amp#27;[38;5;32m[AndroidUiautomator2Driver@7d8a (737cfc75)]&amp#27;[0m Executing method 'mobile: swipeGesture'
&amp#27;[38;5;32m[AndroidUiautomator2Driver@7d8a (737cfc75)]&amp#27;[0m Proxying [POST /appium/gestures/swipe] to [POST http://127.0.0.1:8240/session/848f67d1-b0ae-4721-9dff-71f52c26d8f9/appium/gestures/swipe] with body: {"origin":{"ELEMENT":"00000000-0000-05c2-0000-002900000004","element-6066-11e4-a52e-4f735466cecf":"00000000-0000-05c2-0000-002900000004"},"direction":"left","percent":0.4,"speed":320}
&amp#27;[38;5;32m[AndroidUiautomator2Driver@7d8a (737cfc75)]&amp#27;[0m Got response with status 200: {"sessionId":"848f67d1-b0ae-4721-9dff-71f52c26d8f9","value":null}
&amp#27;[38;5;32m[AndroidUiautomator2Driver@7d8a (737cfc75)]&amp#27;[0m Responding to client with driver.execute() result: null
&amp#27;[38;5;0m[HTTP]&amp#27;[0m &amp#27;[37m<-- POST /session/737cfc75-39b7-4d8d-95ca-253dab0f7826/execute/sync &amp#27;[39m&amp#27;[32m200&amp#27;[39m &amp#27;[90m1559 ms - 14&amp#27;[39m
&amp#27;[38;5;0m[HTTP]&amp#27;[0m &amp#27;[90m&amp#27;[39m
&amp#27;[38;5;0m[HTTP]&amp#27;[0m &amp#27;[37m-->&amp#27;[39m &amp#27;[37mPOST&amp#27;[39m &amp#27;[37m/session/737cfc75-39b7-4d8d-95ca-253dab0f7826/elements&amp#27;[39m
&amp#27;[38;5;0m[HTTP]&amp#27;[0m &amp#27;[90m{"using":"xpath","value":"//android.widget.HorizontalScrollView"}&amp#27;[39m
&amp#27;[38;5;32m[AndroidUiautomator2Driver@7d8a (737cfc75)]&amp#27;[0m Calling AppiumDriver.findElements() with args: ["xpath","//android.widget.HorizontalScrollView","737cfc75-39b7-4d8d-95ca-253dab0f7826"]
&amp#27;[38;5;32m[AndroidUiautomator2Driver@7d8a (737cfc75)]&amp#27;[0m Valid locator strategies for this request: xpath, id, class name, accessibility id, css selector, -android uiautomator
&amp#27;[38;5;32m[AndroidUiautomator2Driver@7d8a (737cfc75)]&amp#27;[0m Waiting up to 0 ms for condition
&amp#27;[38;5;32m[AndroidUiautomator2Driver@7d8a (737cfc75)]&amp#27;[0m Matched '/elements' to command name 'findElements'
&amp#27;[38;5;32m[AndroidUiautomator2Driver@7d8a (737cfc75)]&amp#27;[0m Proxying [POST /elements] to [POST http://127.0.0.1:8240/session/848f67d1-b0ae-4721-9dff-71f52c26d8f9/elements] with body: {"strategy":"xpath","selector":"//android.widget.HorizontalScrollView","context":"","multiple":true}
&amp#27;[38;5;32m[AndroidUiautomator2Driver@7d8a (737cfc75)]&amp#27;[0m Got response with status 200: {"sessionId":"848f67d1-b0ae-4721-9dff-71f52c26d8f9","value":[{"ELEMENT":"00000000-0000-05c2-0000-002900000004","element-6066-11e4-a52e-4f735466cecf":"00000000-0000-05c2-0000-002900000004"},{"ELEMENT":"00000000-0000-05c2-0000-002a00000004","element-6066-11e4-a52e-4f735466cecf":"00000000-0000-05c2-0000-002a00000004"}]}
&amp#27;[38;5;32m[AndroidUiautomator2Driver@7d8a (737cfc75)]&amp#27;[0m Responding to client with driver.findElements() result: [{"element-6066-11e4-a52e-4f735466cecf":"00000000-0000-05c2-0000-002900000004","ELEMENT":"00000000-0000-05c2-0000-002900000004"},{"element-6066-11e4-a52e-4f735466cecf":"00000000-0000-05c2-0000-002a00000004","ELEMENT":"00000000-0000-05c2-0000-002a00000004"}]
&amp#27;[38;5;0m[HTTP]&amp#27;[0m &amp#27;[37m<-- POST /session/737cfc75-39b7-4d8d-95ca-253dab0f7826/elements &amp#27;[39m&amp#27;[32m200&amp#27;[39m &amp#27;[90m107 ms - 267&amp#27;[39m
&amp#27;[38;5;0m[HTTP]&amp#27;[0m &amp#27;[90m&amp#27;[39m
&amp#27;[38;5;0m[HTTP]&amp#27;[0m &amp#27;[37m-->&amp#27;[39m &amp#27;[37mPOST&amp#27;[39m &amp#27;[37m/session/737cfc75-39b7-4d8d-95ca-253dab0f7826/element/00000000-0000-05c2-0000-002900000004/elements&amp#27;[39m
&amp#27;[38;5;0m[HTTP]&amp#27;[0m &amp#27;[90m{"id":"00000000-0000-05c2-0000-002900000004","using":"xpath","value":"//android.view.View"}&amp#27;[39m
&amp#27;[38;5;32m[AndroidUiautomator2Driver@7d8a (737cfc75)]&amp#27;[0m Calling AppiumDriver.findElementsFromElement() with args: ["xpath","//android.view.View","00000000-0000-05c2-0000-002900000004","737cfc75-39b7-4d8d-95ca-253dab0f7826"]
&amp#27;[38;5;32m[AndroidUiautomator2Driver@7d8a (737cfc75)]&amp#27;[0m Valid locator strategies for this request: xpath, id, class name, accessibility id, css selector, -android uiautomator
&amp#27;[38;5;32m[AndroidUiautomator2Driver@7d8a (737cfc75)]&amp#27;[0m Waiting up to 0 ms for condition
&amp#27;[38;5;32m[AndroidUiautomator2Driver@7d8a (737cfc75)]&amp#27;[0m Matched '/elements' to command name 'findElements'
&amp#27;[38;5;32m[AndroidUiautomator2Driver@7d8a (737cfc75)]&amp#27;[0m Proxying [POST /elements] to [POST http://127.0.0.1:8240/session/848f67d1-b0ae-4721-9dff-71f52c26d8f9/elements] with body: {"strategy":"xpath","selector":"//android.view.View","context":"00000000-0000-05c2-0000-002900000004","multiple":true}
&amp#27;[38;5;32m[AndroidUiautomator2Driver@7d8a (737cfc75)]&amp#27;[0m Got response with status 200: {"sessionId":"848f67d1-b0ae-4721-9dff-71f52c26d8f9","value":[{"ELEMENT":"00000000-0000-05c2-0000-007300000004","element-6066-11e4-a52e-4f735466cecf":"00000000-0000-05c2-0000-007300000004"},{"ELEMENT":"00000000-0000-05c2-0000-007500000004","element-6066-11e4-a52e-4f735466cecf":"00000000-0000-05c2-0000-007500000004"},{"ELEMENT":"00000000-0000-05c2-0000-007700000004","element-6066-11e4-a52e-4f735466cecf":"00000000-0000-05c2-0000-007700000004"},{"ELEMENT":"00000000-0000-05c2-0000-007900000004","element-6066-11e4-a52e-4f735466cecf":"00000000-0000-05c2-0000-007900000004"},{"ELEMENT":"00000000-0000-05c2-0000-007b00000004","element-6066-11e4-a52e-4f735466cecf":"00000000-0000-05c2-0000-007b00000004"},{"ELEMENT":"00000000-0000-05c2-0000-007d00000004","element-6066-11e4-a52e-4f735466cecf":"00000000-0000-05c2-0000-007d00000004"},{"ELEMENT":"00000000-0000-05c2-0000-007f00000004","element-6066-11e4-a52e-4f735466cecf":"00000000-0000-05c2-0000-007f00000004"},{"ELEMENT":"00000000-0000-05c2-0000-008100000004","element-6066-...
&amp#27;[38;5;32m[AndroidUiautomator2Driver@7d8a (737cfc75)]&amp#27;[0m Responding to client with driver.findElementsFromElement() result: [{"element-6066-11e4-a52e-4f735466cecf":"00000000-0000-05c2-0000-007300000004","ELEMENT":"00000000-0000-05c2-0000-007300000004"},{"element-6066-11e4-a52e-4f735466cecf":"00000000-0000-05c2-0000-007500000004","ELEMENT":"00000000-0000-05c2-0000-007500000004"},{"element-6066-11e4-a52e-4f735466cecf":"00000000-0000-05c2-0000-007700000004","ELEMENT":"00000000-0000-05c2-0000-007700000004"},{"element-6066-11e4-a52e-4f735466cecf":"00000000-0000-05c2-0000-007900000004","ELEMENT":"00000000-0000-05c2-0000-007900000004"},{"element-6066-11e4-a52e-4f735466cecf":"00000000-0000-05c2-0000-007b00000004","ELEMENT":"00000000-0000-05c2-0000-007b00000004"},{"element-6066-11e4-a52e-4f735466cecf":"00000000-0000-05c2-0000-007d00000004","ELEMENT":"00000000-0000-05c2-0000-007d00000004"},{"element-6066-11e4-a52e-4f735466cecf":"00000000-0000-05c2-0000-007f00000004","ELEMENT":"00000000-0000-05c2-0000-007f00000004"},{"element-6066-11e4-a52e-4f735466cecf":"00000000-0000-05c2-0000-008100000004","ELEMENT":"00000000-0000-05c2-0000-00810000000...
&amp#27;[38;5;0m[HTTP]&amp#27;[0m &amp#27;[37m<-- POST /session/737cfc75-39b7-4d8d-95ca-253dab0f7826/element/00000000-0000-05c2-0000-002900000004/elements &amp#27;[39m&amp#27;[32m200&amp#27;[39m &amp#27;[90m49 ms - 2059&amp#27;[39m
&amp#27;[38;5;0m[HTTP]&amp#27;[0m &amp#27;[90m&amp#27;[39m
&amp#27;[38;5;0m[HTTP]&amp#27;[0m &amp#27;[37m-->&amp#27;[39m &amp#27;[37mGET&amp#27;[39m &amp#27;[37m/session/737cfc75-39b7-4d8d-95ca-253dab0f7826/element/00000000-0000-05c2-0000-007300000004/text&amp#27;[39m
&amp#27;[38;5;0m[HTTP]&amp#27;[0m &amp#27;[90m{}&amp#27;[39m
&amp#27;[38;5;32m[AndroidUiautomator2Driver@7d8a (737cfc75)]&amp#27;[0m Driver proxy active, passing request on via HTTP proxy
&amp#27;[38;5;32m[AndroidUiautomator2Driver@7d8a (737cfc75)]&amp#27;[0m Matched '/session/737cfc75-39b7-4d8d-95ca-253dab0f7826/element/00000000-0000-05c2-0000-007300000004/text' to command name 'getText'
&amp#27;[38;5;32m[AndroidUiautomator2Driver@7d8a (737cfc75)]&amp#27;[0m Proxying [GET /session/737cfc75-39b7-4d8d-95ca-253dab0f7826/element/00000000-0000-05c2-0000-007300000004/text] to [GET http://127.0.0.1:8240/session/848f67d1-b0ae-4721-9dff-71f52c26d8f9/element/00000000-0000-05c2-0000-007300000004/text] with no body
&amp#27;[38;5;32m[AndroidUiautomator2Driver@7d8a (737cfc75)]&amp#27;[0m Got response with status 200: {"sessionId":"848f67d1-b0ae-4721-9dff-71f52c26d8f9","value":"07:00"}
&amp#27;[38;5;32m[AndroidUiautomator2Driver@7d8a (737cfc75)]&amp#27;[0m Replacing sessionId 848f67d1-b0ae-4721-9dff-71f52c26d8f9 with 737cfc75-39b7-4d8d-95ca-253dab0f7826
&amp#27;[38;5;0m[HTTP]&amp#27;[0m &amp#27;[37m<-- GET /session/737cfc75-39b7-4d8d-95ca-253dab0f7826/element/00000000-0000-05c2-0000-007300000004/text &amp#27;[39m&amp#27;[32m200&amp#27;[39m &amp#27;[90m10 ms - 68&amp#27;[39m
&amp#27;[38;5;0m[HTTP]&amp#27;[0m &amp#27;[90m&amp#27;[39m
&amp#27;[38;5;0m[HTTP]&amp#27;[0m &amp#27;[37m-->&amp#27;[39m &amp#27;[37mGET&amp#27;[39m &amp#27;[37m/session/737cfc75-39b7-4d8d-95ca-253dab0f7826/element/00000000-0000-05c2-0000-007500000004/text&amp#27;[39m
&amp#27;[38;5;0m[HTTP]&amp#27;[0m &amp#27;[90m{}&amp#27;[39m
&amp#27;[38;5;32m[AndroidUiautomator2Driver@7d8a (737cfc75)]&amp#27;[0m Driver proxy active, passing request on via HTTP proxy
&amp#27;[38;5;32m[AndroidUiautomator2Driver@7d8a (737cfc75)]&amp#27;[0m Matched '/session/737cfc75-39b7-4d8d-95ca-253dab0f7826/element/00000000-0000-05c2-0000-007500000004/text' to command name 'getText'
&amp#27;[38;5;32m[AndroidUiautomator2Driver@7d8a (737cfc75)]&amp#27;[0m Proxying [GET /session/737cfc75-39b7-4d8d-95ca-253dab0f7826/element/00000000-0000-05c2-0000-007500000004/text] to [GET http://127.0.0.1:8240/session/848f67d1-b0ae-4721-9dff-71f52c26d8f9/element/00000000-0000-05c2-0000-007500000004/text] with no body
&amp#27;[38;5;32m[AndroidUiautomator2Driver@7d8a (737cfc75)]&amp#27;[0m Got response with status 200: {"sessionId":"848f67d1-b0ae-4721-9dff-71f52c26d8f9","value":"overcast clouds"}
&amp#27;[38;5;32m[AndroidUiautomator2Driver@7d8a (737cfc75)]&amp#27;[0m Replacing sessionId 848f67d1-b0ae-4721-9dff-71f52c26d8f9 with 737cfc75-39b7-4d8d-95ca-253dab0f7826
&amp#27;[38;5;0m[HTTP]&amp#27;[0m &amp#27;[37m<-- GET /session/737cfc75-39b7-4d8d-95ca-253dab0f7826/element/00000000-0000-05c2-0000-007500000004/text &amp#27;[39m&amp#27;[32m200&amp#27;[39m &amp#27;[90m9 ms - 78&amp#27;[39m
&amp#27;[38;5;0m[HTTP]&amp#27;[0m &amp#27;[90m&amp#27;[39m
&amp#27;[38;5;0m[HTTP]&amp#27;[0m &amp#27;[37m-->&amp#27;[39m &amp#27;[37mGET&amp#27;[39m &amp#27;[37m/session/737cfc75-39b7-4d8d-95ca-253dab0f7826/element/00000000-0000-05c2-0000-007700000004/text&amp#27;[39m
&amp#27;[38;5;0m[HTTP]&amp#27;[0m &amp#27;[90m{}&amp#27;[39m
&amp#27;[38;5;32m[AndroidUiautomator2Driver@7d8a (737cfc75)]&amp#27;[0m Driver proxy active, passing request on via HTTP proxy
&amp#27;[38;5;32m[AndroidUiautomator2Driver@7d8a (737cfc75)]&amp#27;[0m Matched '/session/737cfc75-39b7-4d8d-95ca-253dab0f7826/element/00000000-0000-05c2-0000-007700000004/text' to command name 'getText'
&amp#27;[38;5;32m[AndroidUiautomator2Driver@7d8a (737cfc75)]&amp#27;[0m Proxying [GET /session/737cfc75-39b7-4d8d-95ca-253dab0f7826/element/00000000-0000-05c2-0000-007700000004/text] to [GET http://127.0.0.1:8240/session/848f67d1-b0ae-4721-9dff-71f52c26d8f9/element/00000000-0000-05c2-0000-007700000004/text] with no body
&amp#27;[38;5;32m[AndroidUiautomator2Driver@7d8a (737cfc75)]&amp#27;[0m Got response with status 200: {"sessionId":"848f67d1-b0ae-4721-9dff-71f52c26d8f9","value":"82 %"}
&amp#27;[38;5;32m[AndroidUiautomator2Driver@7d8a (737cfc75)]&amp#27;[0m Replacing sessionId 848f67d1-b0ae-4721-9dff-71f52c26d8f9 with 737cfc75-39b7-4d8d-95ca-253dab0f7826
&amp#27;[38;5;0m[HTTP]&amp#27;[0m &amp#27;[37m<-- GET /session/737cfc75-39b7-4d8d-95ca-253dab0f7826/element/00000000-0000-05c2-0000-007700000004/text &amp#27;[39m&amp#27;[32m200&amp#27;[39m &amp#27;[90m10 ms - 67&amp#27;[39m
&amp#27;[38;5;0m[HTTP]&amp#27;[0m &amp#27;[90m&amp#27;[39m
&amp#27;[38;5;0m[HTTP]&amp#27;[0m &amp#27;[37m-->&amp#27;[39m &amp#27;[37mGET&amp#27;[39m &amp#27;[37m/session/737cfc75-39b7-4d8d-95ca-253dab0f7826/element/00000000-0000-05c2-0000-007900000004/text&amp#27;[39m
&amp#27;[38;5;0m[HTTP]&amp#27;[0m &amp#27;[90m{}&amp#27;[39m
&amp#27;[38;5;32m[AndroidUiautomator2Driver@7d8a (737cfc75)]&amp#27;[0m Driver proxy active, passing request on via HTTP proxy
&amp#27;[38;5;32m[AndroidUiautomator2Driver@7d8a (737cfc75)]&amp#27;[0m Matched '/session/737cfc75-39b7-4d8d-95ca-253dab0f7826/element/00000000-0000-05c2-0000-007900000004/text' to command name 'getText'
&amp#27;[38;5;32m[AndroidUiautomator2Driver@7d8a (737cfc75)]&amp#27;[0m Proxying [GET /session/737cfc75-39b7-4d8d-95ca-253dab0f7826/element/00000000-0000-05c2-0000-007900000004/text] to [GET http://127.0.0.1:8240/session/848f67d1-b0ae-4721-9dff-71f52c26d8f9/element/00000000-0000-05c2-0000-007900000004/text] with no body
&amp#27;[38;5;32m[AndroidUiautomator2Driver@7d8a (737cfc75)]&amp#27;[0m Got response with status 200: {"sessionId":"848f67d1-b0ae-4721-9dff-71f52c26d8f9","value":"12 Â°C"}
&amp#27;[38;5;32m[AndroidUiautomator2Driver@7d8a (737cfc75)]&amp#27;[0m Replacing sessionId 848f67d1-b0ae-4721-9dff-71f52c26d8f9 with 737cfc75-39b7-4d8d-95ca-253dab0f7826
&amp#27;[38;5;0m[HTTP]&amp#27;[0m &amp#27;[37m<-- GET /session/737cfc75-39b7-4d8d-95ca-253dab0f7826/element/00000000-0000-05c2-0000-007900000004/text &amp#27;[39m&amp#27;[32m200&amp#27;[39m &amp#27;[90m9 ms - 69&amp#27;[39m
&amp#27;[38;5;0m[HTTP]&amp#27;[0m &amp#27;[90m&amp#27;[39m
&amp#27;[38;5;0m[HTTP]&amp#27;[0m &amp#27;[37m-->&amp#27;[39m &amp#27;[37mGET&amp#27;[39m &amp#27;[37m/session/737cfc75-39b7-4d8d-95ca-253dab0f7826/element/00000000-0000-05c2-0000-007b00000004/text&amp#27;[39m
&amp#27;[38;5;0m[HTTP]&amp#27;[0m &amp#27;[90m{}&amp#27;[39m
&amp#27;[38;5;32m[AndroidUiautomator2Driver@7d8a (737cfc75)]&amp#27;[0m Driver proxy active, passing request on via HTTP proxy
&amp#27;[38;5;32m[AndroidUiautomator2Driver@7d8a (737cfc75)]&amp#27;[0m Matched '/session/737cfc75-39b7-4d8d-95ca-253dab0f7826/element/00000000-0000-05c2-0000-007b00000004/text' to command name 'getText'
&amp#27;[38;5;32m[AndroidUiautomator2Driver@7d8a (737cfc75)]&amp#27;[0m Proxying [GET /session/737cfc75-39b7-4d8d-95ca-253dab0f7826/element/00000000-0000-05c2-0000-007b00000004/text] to [GET http://127.0.0.1:8240/session/848f67d1-b0ae-4721-9dff-71f52c26d8f9/element/00000000-0000-05c2-0000-007b00000004/text] with no body
&amp#27;[38;5;32m[AndroidUiautomator2Driver@7d8a (737cfc75)]&amp#27;[0m Got response with status 200: {"sessionId":"848f67d1-b0ae-4721-9dff-71f52c26d8f9","value":"08:00"}
&amp#27;[38;5;32m[AndroidUiautomator2Driver@7d8a (737cfc75)]&amp#27;[0m Replacing sessionId 848f67d1-b0ae-4721-9dff-71f52c26d8f9 with 737cfc75-39b7-4d8d-95ca-253dab0f7826
&amp#27;[38;5;0m[HTTP]&amp#27;[0m &amp#27;[37m<-- GET /session/737cfc75-39b7-4d8d-95ca-253dab0f7826/element/00000000-0000-05c2-0000-007b00000004/text &amp#27;[39m&amp#27;[32m200&amp#27;[39m &amp#27;[90m9 ms - 68&amp#27;[39m
&amp#27;[38;5;0m[HTTP]&amp#27;[0m &amp#27;[90m&amp#27;[39m
&amp#27;[38;5;0m[HTTP]&amp#27;[0m &amp#27;[37m-->&amp#27;[39m &amp#27;[37mGET&amp#27;[39m &amp#27;[37m/session/737cfc75-39b7-4d8d-95ca-253dab0f7826/element/00000000-0000-05c2-0000-007d00000004/text&amp#27;[39m
&amp#27;[38;5;0m[HTTP]&amp#27;[0m &amp#27;[90m{}&amp#27;[39m
&amp#27;[38;5;32m[AndroidUiautomator2Driver@7d8a (737cfc75)]&amp#27;[0m Driver proxy active, passing request on via HTTP proxy
&amp#27;[38;5;32m[AndroidUiautomator2Driver@7d8a (737cfc75)]&amp#27;[0m Matched '/session/737cfc75-39b7-4d8d-95ca-253dab0f7826/element/00000000-0000-05c2-0000-007d00000004/text' to command name 'getText'
&amp#27;[38;5;32m[AndroidUiautomator2Driver@7d8a (737cfc75)]&amp#27;[0m Proxying [GET /session/737cfc75-39b7-4d8d-95ca-253dab0f7826/element/00000000-0000-05c2-0000-007d00000004/text] to [GET http://127.0.0.1:8240/session/848f67d1-b0ae-4721-9dff-71f52c26d8f9/element/00000000-0000-05c2-0000-007d00000004/text] with no body
&amp#27;[38;5;32m[AndroidUiautomator2Driver@7d8a (737cfc75)]&amp#27;[0m Got response with status 200: {"sessionId":"848f67d1-b0ae-4721-9dff-71f52c26d8f9","value":"overcast clouds"}
&amp#27;[38;5;32m[AndroidUiautomator2Driver@7d8a (737cfc75)]&amp#27;[0m Replacing sessionId 848f67d1-b0ae-4721-9dff-71f52c26d8f9 with 737cfc75-39b7-4d8d-95ca-253dab0f7826
&amp#27;[38;5;0m[HTTP]&amp#27;[0m &amp#27;[37m<-- GET /session/737cfc75-39b7-4d8d-95ca-253dab0f7826/element/00000000-0000-05c2-0000-007d00000004/text &amp#27;[39m&amp#27;[32m200&amp#27;[39m &amp#27;[90m9 ms - 78&amp#27;[39m
&amp#27;[38;5;0m[HTTP]&amp#27;[0m &amp#27;[90m&amp#27;[39m
&amp#27;[38;5;0m[HTTP]&amp#27;[0m &amp#27;[37m-->&amp#27;[39m &amp#27;[37mGET&amp#27;[39m &amp#27;[37m/session/737cfc75-39b7-4d8d-95ca-253dab0f7826/element/00000000-0000-05c2-0000-007f00000004/text&amp#27;[39m
&amp#27;[38;5;0m[HTTP]&amp#27;[0m &amp#27;[90m{}&amp#27;[39m
&amp#27;[38;5;32m[AndroidUiautomator2Driver@7d8a (737cfc75)]&amp#27;[0m Driver proxy active, passing request on via HTTP proxy
&amp#27;[38;5;32m[AndroidUiautomator2Driver@7d8a (737cfc75)]&amp#27;[0m Matched '/session/737cfc75-39b7-4d8d-95ca-253dab0f7826/element/00000000-0000-05c2-0000-007f00000004/text' to command name 'getText'
&amp#27;[38;5;32m[AndroidUiautomator2Driver@7d8a (737cfc75)]&amp#27;[0m Proxying [GET /session/737cfc75-39b7-4d8d-95ca-253dab0f7826/element/00000000-0000-05c2-0000-007f00000004/text] to [GET http://127.0.0.1:8240/session/848f67d1-b0ae-4721-9dff-71f52c26d8f9/element/00000000-0000-05c2-0000-007f00000004/text] with no body
&amp#27;[38;5;32m[AndroidUiautomator2Driver@7d8a (737cfc75)]&amp#27;[0m Got response with status 200: {"sessionId":"848f67d1-b0ae-4721-9dff-71f52c26d8f9","value":"85 %"}
&amp#27;[38;5;32m[AndroidUiautomator2Driver@7d8a (737cfc75)]&amp#27;[0m Replacing sessionId 848f67d1-b0ae-4721-9dff-71f52c26d8f9 with 737cfc75-39b7-4d8d-95ca-253dab0f7826
&amp#27;[38;5;0m[HTTP]&amp#27;[0m &amp#27;[37m<-- GET /session/737cfc75-39b7-4d8d-95ca-253dab0f7826/element/00000000-0000-05c2-0000-007f00000004/text &amp#27;[39m&amp#27;[32m200&amp#27;[39m &amp#27;[90m9 ms - 67&amp#27;[39m
&amp#27;[38;5;0m[HTTP]&amp#27;[0m &amp#27;[90m&amp#27;[39m
&amp#27;[38;5;0m[HTTP]&amp#27;[0m &amp#27;[37m-->&amp#27;[39m &amp#27;[37mGET&amp#27;[39m &amp#27;[37m/session/737cfc75-39b7-4d8d-95ca-253dab0f7826/element/00000000-0000-05c2-0000-008100000004/text&amp#27;[39m
&amp#27;[38;5;0m[HTTP]&amp#27;[0m &amp#27;[90m{}&amp#27;[39m
&amp#27;[38;5;32m[AndroidUiautomator2Driver@7d8a (737cfc75)]&amp#27;[0m Driver proxy active, passing request on via HTTP proxy
&amp#27;[38;5;32m[AndroidUiautomator2Driver@7d8a (737cfc75)]&amp#27;[0m Matched '/session/737cfc75-39b7-4d8d-95ca-253dab0f7826/element/00000000-0000-05c2-0000-008100000004/text' to command name 'getText'
&amp#27;[38;5;32m[AndroidUiautomator2Driver@7d8a (737cfc75)]&amp#27;[0m Proxying [GET /session/737cfc75-39b7-4d8d-95ca-253dab0f7826/element/00000000-0000-05c2-0000-008100000004/text] to [GET http://127.0.0.1:8240/session/848f67d1-b0ae-4721-9dff-71f52c26d8f9/element/00000000-0000-05c2-0000-008100000004/text] with no body
&amp#27;[38;5;32m[AndroidUiautomator2Driver@7d8a (737cfc75)]&amp#27;[0m Got response with status 200: {"sessionId":"848f67d1-b0ae-4721-9dff-71f52c26d8f9","value":"12 Â°C"}
&amp#27;[38;5;32m[AndroidUiautomator2Driver@7d8a (737cfc75)]&amp#27;[0m Replacing sessionId 848f67d1-b0ae-4721-9dff-71f52c26d8f9 with 737cfc75-39b7-4d8d-95ca-253dab0f7826
&amp#27;[38;5;0m[HTTP]&amp#27;[0m &amp#27;[37m<-- GET /session/737cfc75-39b7-4d8d-95ca-253dab0f7826/element/00000000-0000-05c2-0000-008100000004/text &amp#27;[39m&amp#27;[32m200&amp#27;[39m &amp#27;[90m9 ms - 69&amp#27;[39m
&amp#27;[38;5;0m[HTTP]&amp#27;[0m &amp#27;[90m&amp#27;[39m
&amp#27;[38;5;0m[HTTP]&amp#27;[0m &amp#27;[37m-->&amp#27;[39m &amp#27;[37mGET&amp#27;[39m &amp#27;[37m/session/737cfc75-39b7-4d8d-95ca-253dab0f7826/element/00000000-0000-05c2-0000-008300000004/text&amp#27;[39m
&amp#27;[38;5;0m[HTTP]&amp#27;[0m &amp#27;[90m{}&amp#27;[39m
&amp#27;[38;5;32m[AndroidUiautomator2Driver@7d8a (737cfc75)]&amp#27;[0m Driver proxy active, passing request on via HTTP proxy
&amp#27;[38;5;32m[AndroidUiautomator2Driver@7d8a (737cfc75)]&amp#27;[0m Matched '/session/737cfc75-39b7-4d8d-95ca-253dab0f7826/element/00000000-0000-05c2-0000-008300000004/text' to command name 'getText'
&amp#27;[38;5;32m[AndroidUiautomator2Driver@7d8a (737cfc75)]&amp#27;[0m Proxying [GET /session/737cfc75-39b7-4d8d-95ca-253dab0f7826/element/00000000-0000-05c2-0000-008300000004/text] to [GET http://127.0.0.1:8240/session/848f67d1-b0ae-4721-9dff-71f52c26d8f9/element/00000000-0000-05c2-0000-008300000004/text] with no body
&amp#27;[38;5;32m[AndroidUiautomator2Driver@7d8a (737cfc75)]&amp#27;[0m Got response with status 200: {"sessionId":"848f67d1-b0ae-4721-9dff-71f52c26d8f9","value":"09:00"}
&amp#27;[38;5;32m[AndroidUiautomator2Driver@7d8a (737cfc75)]&amp#27;[0m Replacing sessionId 848f67d1-b0ae-4721-9dff-71f52c26d8f9 with 737cfc75-39b7-4d8d-95ca-253dab0f7826
&amp#27;[38;5;0m[HTTP]&amp#27;[0m &amp#27;[37m<-- GET /session/737cfc75-39b7-4d8d-95ca-253dab0f7826/element/00000000-0000-05c2-0000-008300000004/text &amp#27;[39m&amp#27;[32m200&amp#27;[39m &amp#27;[90m9 ms - 68&amp#27;[39m
&amp#27;[38;5;0m[HTTP]&amp#27;[0m &amp#27;[90m&amp#27;[39m
&amp#27;[38;5;0m[HTTP]&amp#27;[0m &amp#27;[37m-->&amp#27;[39m &amp#27;[37mGET&amp#27;[39m &amp#27;[37m/session/737cfc75-39b7-4d8d-95ca-253dab0f7826/element/00000000-0000-05c2-0000-008500000004/text&amp#27;[39m
&amp#27;[38;5;0m[HTTP]&amp#27;[0m &amp#27;[90m{}&amp#27;[39m
&amp#27;[38;5;32m[AndroidUiautomator2Driver@7d8a (737cfc75)]&amp#27;[0m Driver proxy active, passing request on via HTTP proxy
&amp#27;[38;5;32m[AndroidUiautomator2Driver@7d8a (737cfc75)]&amp#27;[0m Matched '/session/737cfc75-39b7-4d8d-95ca-253dab0f7826/element/00000000-0000-05c2-0000-008500000004/text' to command name 'getText'
&amp#27;[38;5;32m[AndroidUiautomator2Driver@7d8a (737cfc75)]&amp#27;[0m Proxying [GET /session/737cfc75-39b7-4d8d-95ca-253dab0f7826/element/00000000-0000-05c2-0000-008500000004/text] to [GET http://127.0.0.1:8240/session/848f67d1-b0ae-4721-9dff-71f52c26d8f9/element/00000000-0000-05c2-0000-008500000004/text] with no body
&amp#27;[38;5;32m[AndroidUiautomator2Driver@7d8a (737cfc75)]&amp#27;[0m Got response with status 200: {"sessionId":"848f67d1-b0ae-4721-9dff-71f52c26d8f9","value":"overcast clouds"}
&amp#27;[38;5;32m[AndroidUiautomator2Driver@7d8a (737cfc75)]&amp#27;[0m Replacing sessionId 848f67d1-b0ae-4721-9dff-71f52c26d8f9 with 737cfc75-39b7-4d8d-95ca-253dab0f7826
&amp#27;[38;5;0m[HTTP]&amp#27;[0m &amp#27;[37m<-- GET /session/737cfc75-39b7-4d8d-95ca-253dab0f7826/element/00000000-0000-05c2-0000-008500000004/text &amp#27;[39m&amp#27;[32m200&amp#27;[39m &amp#27;[90m9 ms - 78&amp#27;[39m
&amp#27;[38;5;0m[HTTP]&amp#27;[0m &amp#27;[90m&amp#27;[39m
&amp#27;[38;5;0m[HTTP]&amp#27;[0m &amp#27;[37m-->&amp#27;[39m &amp#27;[37mGET&amp#27;[39m &amp#27;[37m/session/737cfc75-39b7-4d8d-95ca-253dab0f7826/element/00000000-0000-05c2-0000-008700000004/text&amp#27;[39m
&amp#27;[38;5;0m[HTTP]&amp#27;[0m &amp#27;[90m{}&amp#27;[39m
&amp#27;[38;5;32m[AndroidUiautomator2Driver@7d8a (737cfc75)]&amp#27;[0m Driver proxy active, passing request on via HTTP proxy
&amp#27;[38;5;32m[AndroidUiautomator2Driver@7d8a (737cfc75)]&amp#27;[0m Matched '/session/737cfc75-39b7-4d8d-95ca-253dab0f7826/element/00000000-0000-05c2-0000-008700000004/text' to command name 'getText'
&amp#27;[38;5;32m[AndroidUiautomator2Driver@7d8a (737cfc75)]&amp#27;[0m Proxying [GET /session/737cfc75-39b7-4d8d-95ca-253dab0f7826/element/00000000-0000-05c2-0000-008700000004/text] to [GET http://127.0.0.1:8240/session/848f67d1-b0ae-4721-9dff-71f52c26d8f9/element/00000000-0000-05c2-0000-008700000004/text] with no body
&amp#27;[38;5;32m[AndroidUiautomator2Driver@7d8a (737cfc75)]&amp#27;[0m Got response with status 200: {"sessionId":"848f67d1-b0ae-4721-9dff-71f52c26d8f9","value":"87 %"}
&amp#27;[38;5;32m[AndroidUiautomator2Driver@7d8a (737cfc75)]&amp#27;[0m Replacing sessionId 848f67d1-b0ae-4721-9dff-71f52c26d8f9 with 737cfc75-39b7-4d8d-95ca-253dab0f7826
&amp#27;[38;5;0m[HTTP]&amp#27;[0m &amp#27;[37m<-- GET /session/737cfc75-39b7-4d8d-95ca-253dab0f7826/element/00000000-0000-05c2-0000-008700000004/text &amp#27;[39m&amp#27;[32m200&amp#27;[39m &amp#27;[90m10 ms - 67&amp#27;[39m
&amp#27;[38;5;0m[HTTP]&amp#27;[0m &amp#27;[90m&amp#27;[39m
&amp#27;[38;5;0m[HTTP]&amp#27;[0m &amp#27;[37m-->&amp#27;[39m &amp#27;[37mGET&amp#27;[39m &amp#27;[37m/session/737cfc75-39b7-4d8d-95ca-253dab0f7826/element/00000000-0000-05c2-0000-008900000004/text&amp#27;[39m
&amp#27;[38;5;0m[HTTP]&amp#27;[0m &amp#27;[90m{}&amp#27;[39m
&amp#27;[38;5;32m[AndroidUiautomator2Driver@7d8a (737cfc75)]&amp#27;[0m Driver proxy active, passing request on via HTTP proxy
&amp#27;[38;5;32m[AndroidUiautomator2Driver@7d8a (737cfc75)]&amp#27;[0m Matched '/session/737cfc75-39b7-4d8d-95ca-253dab0f7826/element/00000000-0000-05c2-0000-008900000004/text' to command name 'getText'
&amp#27;[38;5;32m[AndroidUiautomator2Driver@7d8a (737cfc75)]&amp#27;[0m Proxying [GET /session/737cfc75-39b7-4d8d-95ca-253dab0f7826/element/00000000-0000-05c2-0000-008900000004/text] to [GET http://127.0.0.1:8240/session/848f67d1-b0ae-4721-9dff-71f52c26d8f9/element/00000000-0000-05c2-0000-008900000004/text] with no body
&amp#27;[38;5;32m[AndroidUiautomator2Driver@7d8a (737cfc75)]&amp#27;[0m Got response with status 200: {"sessionId":"848f67d1-b0ae-4721-9dff-71f52c26d8f9","value":"12 Â°C"}
&amp#27;[38;5;32m[AndroidUiautomator2Driver@7d8a (737cfc75)]&amp#27;[0m Replacing sessionId 848f67d1-b0ae-4721-9dff-71f52c26d8f9 with 737cfc75-39b7-4d8d-95ca-253dab0f7826
&amp#27;[38;5;0m[HTTP]&amp#27;[0m &amp#27;[37m<-- GET /session/737cfc75-39b7-4d8d-95ca-253dab0f7826/element/00000000-0000-05c2-0000-008900000004/text &amp#27;[39m&amp#27;[32m200&amp#27;[39m &amp#27;[90m10 ms - 69&amp#27;[39m
&amp#27;[38;5;0m[HTTP]&amp#27;[0m &amp#27;[90m&amp#27;[39m
&amp#27;[38;5;0m[HTTP]&amp#27;[0m &amp#27;[37m-->&amp#27;[39m &amp#27;[37mGET&amp#27;[39m &amp#27;[37m/session/737cfc75-39b7-4d8d-95ca-253dab0f7826/element/00000000-0000-05c2-0000-008b00000004/text&amp#27;[39m
&amp#27;[38;5;0m[HTTP]&amp#27;[0m &amp#27;[90m{}&amp#27;[39m
&amp#27;[38;5;32m[AndroidUiautomator2Driver@7d8a (737cfc75)]&amp#27;[0m Driver proxy active, passing request on via HTTP proxy
&amp#27;[38;5;32m[AndroidUiautomator2Driver@7d8a (737cfc75)]&amp#27;[0m Matched '/session/737cfc75-39b7-4d8d-95ca-253dab0f7826/element/00000000-0000-05c2-0000-008b00000004/text' to command name 'getText'
&amp#27;[38;5;32m[AndroidUiautomator2Driver@7d8a (737cfc75)]&amp#27;[0m Proxying [GET /session/737cfc75-39b7-4d8d-95ca-253dab0f7826/element/00000000-0000-05c2-0000-008b00000004/text] to [GET http://127.0.0.1:8240/session/848f67d1-b0ae-4721-9dff-71f52c26d8f9/element/00000000-0000-05c2-0000-008b00000004/text] with no body
&amp#27;[38;5;32m[AndroidUiautomator2Driver@7d8a (737cfc75)]&amp#27;[0m Got response with status 200: {"sessionId":"848f67d1-b0ae-4721-9dff-71f52c26d8f9","value":"10:00"}
&amp#27;[38;5;32m[AndroidUiautomator2Driver@7d8a (737cfc75)]&amp#27;[0m Replacing sessionId 848f67d1-b0ae-4721-9dff-71f52c26d8f9 with 737cfc75-39b7-4d8d-95ca-253dab0f7826
&amp#27;[38;5;0m[HTTP]&amp#27;[0m &amp#27;[37m<-- GET /session/737cfc75-39b7-4d8d-95ca-253dab0f7826/element/00000000-0000-05c2-0000-008b00000004/text &amp#27;[39m&amp#27;[32m200&amp#27;[39m &amp#27;[90m10 ms - 68&amp#27;[39m
&amp#27;[38;5;0m[HTTP]&amp#27;[0m &amp#27;[90m&amp#27;[39m
&amp#27;[38;5;0m[HTTP]&amp#27;[0m &amp#27;[37m-->&amp#27;[39m &amp#27;[37mGET&amp#27;[39m &amp#27;[37m/session/737cfc75-39b7-4d8d-95ca-253dab0f7826/element/00000000-0000-05c2-0000-008d00000004/text&amp#27;[39m
&amp#27;[38;5;0m[HTTP]&amp#27;[0m &amp#27;[90m{}&amp#27;[39m
&amp#27;[38;5;32m[AndroidUiautomator2Driver@7d8a (737cfc75)]&amp#27;[0m Driver proxy active, passing request on via HTTP proxy
&amp#27;[38;5;32m[AndroidUiautomator2Driver@7d8a (737cfc75)]&amp#27;[0m Matched '/session/737cfc75-39b7-4d8d-95ca-253dab0f7826/element/00000000-0000-05c2-0000-008d00000004/text' to command name 'getText'
&amp#27;[38;5;32m[AndroidUiautomator2Driver@7d8a (737cfc75)]&amp#27;[0m Proxying [GET /session/737cfc75-39b7-4d8d-95ca-253dab0f7826/element/00000000-0000-05c2-0000-008d00000004/text] to [GET http://127.0.0.1:8240/session/848f67d1-b0ae-4721-9dff-71f52c26d8f9/element/00000000-0000-05c2-0000-008d00000004/text] with no body
&amp#27;[38;5;32m[AndroidUiautomator2Driver@7d8a (737cfc75)]&amp#27;[0m Got response with status 200: {"sessionId":"848f67d1-b0ae-4721-9dff-71f52c26d8f9","value":"light rain"}
&amp#27;[38;5;32m[AndroidUiautomator2Driver@7d8a (737cfc75)]&amp#27;[0m Replacing sessionId 848f67d1-b0ae-4721-9dff-71f52c26d8f9 with 737cfc75-39b7-4d8d-95ca-253dab0f7826
&amp#27;[38;5;0m[HTTP]&amp#27;[0m &amp#27;[37m<-- GET /session/737cfc75-39b7-4d8d-95ca-253dab0f7826/element/00000000-0000-05c2-0000-008d00000004/text &amp#27;[39m&amp#27;[32m200&amp#27;[39m &amp#27;[90m10 ms - 73&amp#27;[39m
&amp#27;[38;5;0m[HTTP]&amp#27;[0m &amp#27;[90m&amp#27;[39m
&amp#27;[38;5;0m[HTTP]&amp#27;[0m &amp#27;[37m-->&amp#27;[39m &amp#27;[37mGET&amp#27;[39m &amp#27;[37m/session/737cfc75-39b7-4d8d-95ca-253dab0f7826/element/00000000-0000-05c2-0000-008f00000004/text&amp#27;[39m
&amp#27;[38;5;0m[HTTP]&amp#27;[0m &amp#27;[90m{}&amp#27;[39m
&amp#27;[38;5;32m[AndroidUiautomator2Driver@7d8a (737cfc75)]&amp#27;[0m Driver proxy active, passing request on via HTTP proxy
&amp#27;[38;5;32m[AndroidUiautomator2Driver@7d8a (737cfc75)]&amp#27;[0m Matched '/session/737cfc75-39b7-4d8d-95ca-253dab0f7826/element/00000000-0000-05c2-0000-008f00000004/text' to command name 'getText'
&amp#27;[38;5;32m[AndroidUiautomator2Driver@7d8a (737cfc75)]&amp#27;[0m Proxying [GET /session/737cfc75-39b7-4d8d-95ca-253dab0f7826/element/00000000-0000-05c2-0000-008f00000004/text] to [GET http://127.0.0.1:8240/session/848f67d1-b0ae-4721-9dff-71f52c26d8f9/element/00000000-0000-05c2-0000-008f00000004/text] with no body
&amp#27;[38;5;32m[AndroidUiautomator2Driver@7d8a (737cfc75)]&amp#27;[0m Got response with status 200: {"sessionId":"848f67d1-b0ae-4721-9dff-71f52c26d8f9","value":"90 %"}
&amp#27;[38;5;32m[AndroidUiautomator2Driver@7d8a (737cfc75)]&amp#27;[0m Replacing sessionId 848f67d1-b0ae-4721-9dff-71f52c26d8f9 with 737cfc75-39b7-4d8d-95ca-253dab0f7826
&amp#27;[38;5;0m[HTTP]&amp#27;[0m &amp#27;[37m<-- GET /session/737cfc75-39b7-4d8d-95ca-253dab0f7826/element/00000000-0000-05c2-0000-008f00000004/text &amp#27;[39m&amp#27;[32m200&amp#27;[39m &amp#27;[90m10 ms - 67&amp#27;[39m
&amp#27;[38;5;0m[HTTP]&amp#27;[0m &amp#27;[90m&amp#27;[39m
&amp#27;[38;5;0m[HTTP]&amp#27;[0m &amp#27;[37m-->&amp#27;[39m &amp#27;[37mGET&amp#27;[39m &amp#27;[37m/session/737cfc75-39b7-4d8d-95ca-253dab0f7826/element/00000000-0000-05c2-0000-009100000004/text&amp#27;[39m
&amp#27;[38;5;0m[HTTP]&amp#27;[0m &amp#27;[90m{}&amp#27;[39m
&amp#27;[38;5;32m[AndroidUiautomator2Driver@7d8a (737cfc75)]&amp#27;[0m Driver proxy active, passing request on via HTTP proxy
&amp#27;[38;5;32m[AndroidUiautomator2Driver@7d8a (737cfc75)]&amp#27;[0m Matched '/session/737cfc75-39b7-4d8d-95ca-253dab0f7826/element/00000000-0000-05c2-0000-009100000004/text' to command name 'getText'
&amp#27;[38;5;32m[AndroidUiautomator2Driver@7d8a (737cfc75)]&amp#27;[0m Proxying [GET /session/737cfc75-39b7-4d8d-95ca-253dab0f7826/element/00000000-0000-05c2-0000-009100000004/text] to [GET http://127.0.0.1:8240/session/848f67d1-b0ae-4721-9dff-71f52c26d8f9/element/00000000-0000-05c2-0000-009100000004/text] with no body
&amp#27;[38;5;32m[AndroidUiautomator2Driver@7d8a (737cfc75)]&amp#27;[0m Got response with status 200: {"sessionId":"848f67d1-b0ae-4721-9dff-71f52c26d8f9","value":"12 Â°C"}
&amp#27;[38;5;32m[AndroidUiautomator2Driver@7d8a (737cfc75)]&amp#27;[0m Replacing sessionId 848f67d1-b0ae-4721-9dff-71f52c26d8f9 with 737cfc75-39b7-4d8d-95ca-253dab0f7826
&amp#27;[38;5;0m[HTTP]&amp#27;[0m &amp#27;[37m<-- GET /session/737cfc75-39b7-4d8d-95ca-253dab0f7826/element/00000000-0000-05c2-0000-009100000004/text &amp#27;[39m&amp#27;[32m200&amp#27;[39m &amp#27;[90m10 ms - 69&amp#27;[39m
&amp#27;[38;5;0m[HTTP]&amp#27;[0m &amp#27;[90m&amp#27;[39m
&amp#27;[38;5;0m[HTTP]&amp#27;[0m &amp#27;[37m-->&amp#27;[39m &amp#27;[37mPOST&amp#27;[39m &amp#27;[37m/session/737cfc75-39b7-4d8d-95ca-253dab0f7826/execute/sync&amp#27;[39m
&amp#27;[38;5;0m[HTTP]&amp#27;[0m &amp#27;[90m{"script":"mobile: swipeGesture","args":[{"elementId":"00000000-0000-05c2-0000-002900000004","percent":0.4,"speed":320,"direction":"left"}]}&amp#27;[39m
&amp#27;[38;5;32m[AndroidUiautomator2Driver@7d8a (737cfc75)]&amp#27;[0m Calling AppiumDriver.execute() with args: ["mobile: swipeGesture",[{"elementId":"00000000-0000-05c2-0000-002900000004","percent":0.4,"speed":320,"direction":"left"}],"737cfc75-39b7-4d8d-95ca-253dab0f7826"]
&amp#27;[38;5;32m[AndroidUiautomator2Driver@7d8a (737cfc75)]&amp#27;[0m Executing method 'mobile: swipeGesture'
&amp#27;[38;5;32m[AndroidUiautomator2Driver@7d8a (737cfc75)]&amp#27;[0m Proxying [POST /appium/gestures/swipe] to [POST http://127.0.0.1:8240/session/848f67d1-b0ae-4721-9dff-71f52c26d8f9/appium/gestures/swipe] with body: {"origin":{"ELEMENT":"00000000-0000-05c2-0000-002900000004","element-6066-11e4-a52e-4f735466cecf":"00000000-0000-05c2-0000-002900000004"},"direction":"left","percent":0.4,"speed":320}
&amp#27;[38;5;32m[AndroidUiautomator2Driver@7d8a (737cfc75)]&amp#27;[0m Got response with status 200: {"sessionId":"848f67d1-b0ae-4721-9dff-71f52c26d8f9","value":null}
&amp#27;[38;5;32m[AndroidUiautomator2Driver@7d8a (737cfc75)]&amp#27;[0m Responding to client with driver.execute() result: null
&amp#27;[38;5;0m[HTTP]&amp#27;[0m &amp#27;[37m<-- POST /session/737cfc75-39b7-4d8d-95ca-253dab0f7826/execute/sync &amp#27;[39m&amp#27;[32m200&amp#27;[39m &amp#27;[90m1557 ms - 14&amp#27;[39m
&amp#27;[38;5;0m[HTTP]&amp#27;[0m &amp#27;[90m&amp#27;[39m
&amp#27;[38;5;0m[HTTP]&amp#27;[0m &amp#27;[37m-->&amp#27;[39m &amp#27;[37mPOST&amp#27;[39m &amp#27;[37m/session/737cfc75-39b7-4d8d-95ca-253dab0f7826/elements&amp#27;[39m
&amp#27;[38;5;0m[HTTP]&amp#27;[0m &amp#27;[90m{"using":"xpath","value":"//android.widget.HorizontalScrollView"}&amp#27;[39m
&amp#27;[38;5;32m[AndroidUiautomator2Driver@7d8a (737cfc75)]&amp#27;[0m Calling AppiumDriver.findElements() with args: ["xpath","//android.widget.HorizontalScrollView","737cfc75-39b7-4d8d-95ca-253dab0f7826"]
&amp#27;[38;5;32m[AndroidUiautomator2Driver@7d8a (737cfc75)]&amp#27;[0m Valid locator strategies for this request: xpath, id, class name, accessibility id, css selector, -android uiautomator
&amp#27;[38;5;32m[AndroidUiautomator2Driver@7d8a (737cfc75)]&amp#27;[0m Waiting up to 0 ms for condition
&amp#27;[38;5;32m[AndroidUiautomator2Driver@7d8a (737cfc75)]&amp#27;[0m Matched '/elements' to command name 'findElements'
&amp#27;[38;5;32m[AndroidUiautomator2Driver@7d8a (737cfc75)]&amp#27;[0m Proxying [POST /elements] to [POST http://127.0.0.1:8240/session/848f67d1-b0ae-4721-9dff-71f52c26d8f9/elements] with body: {"strategy":"xpath","selector":"//android.widget.HorizontalScrollView","context":"","multiple":true}
&amp#27;[38;5;32m[AndroidUiautomator2Driver@7d8a (737cfc75)]&amp#27;[0m Got response with status 200: {"sessionId":"848f67d1-b0ae-4721-9dff-71f52c26d8f9","value":[{"ELEMENT":"00000000-0000-05c2-0000-002900000004","element-6066-11e4-a52e-4f735466cecf":"00000000-0000-05c2-0000-002900000004"},{"ELEMENT":"00000000-0000-05c2-0000-002a00000004","element-6066-11e4-a52e-4f735466cecf":"00000000-0000-05c2-0000-002a00000004"}]}
&amp#27;[38;5;32m[AndroidUiautomator2Driver@7d8a (737cfc75)]&amp#27;[0m Responding to client with driver.findElements() result: [{"element-6066-11e4-a52e-4f735466cecf":"00000000-0000-05c2-0000-002900000004","ELEMENT":"00000000-0000-05c2-0000-002900000004"},{"element-6066-11e4-a52e-4f735466cecf":"00000000-0000-05c2-0000-002a00000004","ELEMENT":"00000000-0000-05c2-0000-002a00000004"}]
&amp#27;[38;5;0m[HTTP]&amp#27;[0m &amp#27;[37m<-- POST /session/737cfc75-39b7-4d8d-95ca-253dab0f7826/elements &amp#27;[39m&amp#27;[32m200&amp#27;[39m &amp#27;[90m108 ms - 267&amp#27;[39m
&amp#27;[38;5;0m[HTTP]&amp#27;[0m &amp#27;[90m&amp#27;[39m
&amp#27;[38;5;0m[HTTP]&amp#27;[0m &amp#27;[37m-->&amp#27;[39m &amp#27;[37mPOST&amp#27;[39m &amp#27;[37m/session/737cfc75-39b7-4d8d-95ca-253dab0f7826/element/00000000-0000-05c2-0000-002900000004/elements&amp#27;[39m
&amp#27;[38;5;0m[HTTP]&amp#27;[0m &amp#27;[90m{"id":"00000000-0000-05c2-0000-002900000004","using":"xpath","value":"//android.view.View"}&amp#27;[39m
&amp#27;[38;5;32m[AndroidUiautomator2Driver@7d8a (737cfc75)]&amp#27;[0m Calling AppiumDriver.findElementsFromElement() with args: ["xpath","//android.view.View","00000000-0000-05c2-0000-002900000004","737cfc75-39b7-4d8d-95ca-253dab0f7826"]
&amp#27;[38;5;32m[AndroidUiautomator2Driver@7d8a (737cfc75)]&amp#27;[0m Valid locator strategies for this request: xpath, id, class name, accessibility id, css selector, -android uiautomator
&amp#27;[38;5;32m[AndroidUiautomator2Driver@7d8a (737cfc75)]&amp#27;[0m Waiting up to 0 ms for condition
&amp#27;[38;5;32m[AndroidUiautomator2Driver@7d8a (737cfc75)]&amp#27;[0m Matched '/elements' to command name 'findElements'
&amp#27;[38;5;32m[AndroidUiautomator2Driver@7d8a (737cfc75)]&amp#27;[0m Proxying [POST /elements] to [POST http://127.0.0.1:8240/session/848f67d1-b0ae-4721-9dff-71f52c26d8f9/elements] with body: {"strategy":"xpath","selector":"//android.view.View","context":"00000000-0000-05c2-0000-002900000004","multiple":true}
&amp#27;[38;5;32m[AndroidUiautomator2Driver@7d8a (737cfc75)]&amp#27;[0m Got response with status 200: {"sessionId":"848f67d1-b0ae-4721-9dff-71f52c26d8f9","value":[{"ELEMENT":"00000000-0000-05c2-0000-007b00000004","element-6066-11e4-a52e-4f735466cecf":"00000000-0000-05c2-0000-007b00000004"},{"ELEMENT":"00000000-0000-05c2-0000-007d00000004","element-6066-11e4-a52e-4f735466cecf":"00000000-0000-05c2-0000-007d00000004"},{"ELEMENT":"00000000-0000-05c2-0000-007f00000004","element-6066-11e4-a52e-4f735466cecf":"00000000-0000-05c2-0000-007f00000004"},{"ELEMENT":"00000000-0000-05c2-0000-008100000004","element-6066-11e4-a52e-4f735466cecf":"00000000-0000-05c2-0000-008100000004"},{"ELEMENT":"00000000-0000-05c2-0000-008300000004","element-6066-11e4-a52e-4f735466cecf":"00000000-0000-05c2-0000-008300000004"},{"ELEMENT":"00000000-0000-05c2-0000-008500000004","element-6066-11e4-a52e-4f735466cecf":"00000000-0000-05c2-0000-008500000004"},{"ELEMENT":"00000000-0000-05c2-0000-008700000004","element-6066-11e4-a52e-4f735466cecf":"00000000-0000-05c2-0000-008700000004"},{"ELEMENT":"00000000-0000-05c2-0000-008900000004","element-6066-...
&amp#27;[38;5;32m[AndroidUiautomator2Driver@7d8a (737cfc75)]&amp#27;[0m Responding to client with driver.findElementsFromElement() result: [{"element-6066-11e4-a52e-4f735466cecf":"00000000-0000-05c2-0000-007b00000004","ELEMENT":"00000000-0000-05c2-0000-007b00000004"},{"element-6066-11e4-a52e-4f735466cecf":"00000000-0000-05c2-0000-007d00000004","ELEMENT":"00000000-0000-05c2-0000-007d00000004"},{"element-6066-11e4-a52e-4f735466cecf":"00000000-0000-05c2-0000-007f00000004","ELEMENT":"00000000-0000-05c2-0000-007f00000004"},{"element-6066-11e4-a52e-4f735466cecf":"00000000-0000-05c2-0000-008100000004","ELEMENT":"00000000-0000-05c2-0000-008100000004"},{"element-6066-11e4-a52e-4f735466cecf":"00000000-0000-05c2-0000-008300000004","ELEMENT":"00000000-0000-05c2-0000-008300000004"},{"element-6066-11e4-a52e-4f735466cecf":"00000000-0000-05c2-0000-008500000004","ELEMENT":"00000000-0000-05c2-0000-008500000004"},{"element-6066-11e4-a52e-4f735466cecf":"00000000-0000-05c2-0000-008700000004","ELEMENT":"00000000-0000-05c2-0000-008700000004"},{"element-6066-11e4-a52e-4f735466cecf":"00000000-0000-05c2-0000-008900000004","ELEMENT":"00000000-0000-05c2-0000-00890000000...
&amp#27;[38;5;0m[HTTP]&amp#27;[0m &amp#27;[37m<-- POST /session/737cfc75-39b7-4d8d-95ca-253dab0f7826/element/00000000-0000-05c2-0000-002900000004/elements &amp#27;[39m&amp#27;[32m200&amp#27;[39m &amp#27;[90m47 ms - 2059&amp#27;[39m
&amp#27;[38;5;0m[HTTP]&amp#27;[0m &amp#27;[90m&amp#27;[39m
&amp#27;[38;5;0m[HTTP]&amp#27;[0m &amp#27;[37m-->&amp#27;[39m &amp#27;[37mGET&amp#27;[39m &amp#27;[37m/session/737cfc75-39b7-4d8d-95ca-253dab0f7826/element/00000000-0000-05c2-0000-007b00000004/text&amp#27;[39m
&amp#27;[38;5;0m[HTTP]&amp#27;[0m &amp#27;[90m{}&amp#27;[39m
&amp#27;[38;5;32m[AndroidUiautomator2Driver@7d8a (737cfc75)]&amp#27;[0m Driver proxy active, passing request on via HTTP proxy
&amp#27;[38;5;32m[AndroidUiautomator2Driver@7d8a (737cfc75)]&amp#27;[0m Matched '/session/737cfc75-39b7-4d8d-95ca-253dab0f7826/element/00000000-0000-05c2-0000-007b00000004/text' to command name 'getText'
&amp#27;[38;5;32m[AndroidUiautomator2Driver@7d8a (737cfc75)]&amp#27;[0m Proxying [GET /session/737cfc75-39b7-4d8d-95ca-253dab0f7826/element/00000000-0000-05c2-0000-007b00000004/text] to [GET http://127.0.0.1:8240/session/848f67d1-b0ae-4721-9dff-71f52c26d8f9/element/00000000-0000-05c2-0000-007b00000004/text] with no body
&amp#27;[38;5;32m[AndroidUiautomator2Driver@7d8a (737cfc75)]&amp#27;[0m Got response with status 200: {"sessionId":"848f67d1-b0ae-4721-9dff-71f52c26d8f9","value":"08:00"}
&amp#27;[38;5;32m[AndroidUiautomator2Driver@7d8a (737cfc75)]&amp#27;[0m Replacing sessionId 848f67d1-b0ae-4721-9dff-71f52c26d8f9 with 737cfc75-39b7-4d8d-95ca-253dab0f7826
&amp#27;[38;5;0m[HTTP]&amp#27;[0m &amp#27;[37m<-- GET /session/737cfc75-39b7-4d8d-95ca-253dab0f7826/element/00000000-0000-05c2-0000-007b00000004/text &amp#27;[39m&amp#27;[32m200&amp#27;[39m &amp#27;[90m9 ms - 68&amp#27;[39m
&amp#27;[38;5;0m[HTTP]&amp#27;[0m &amp#27;[90m&amp#27;[39m
&amp#27;[38;5;0m[HTTP]&amp#27;[0m &amp#27;[37m-->&amp#27;[39m &amp#27;[37mGET&amp#27;[39m &amp#27;[37m/session/737cfc75-39b7-4d8d-95ca-253dab0f7826/element/00000000-0000-05c2-0000-007d00000004/text&amp#27;[39m
&amp#27;[38;5;0m[HTTP]&amp#27;[0m &amp#27;[90m{}&amp#27;[39m
&amp#27;[38;5;32m[AndroidUiautomator2Driver@7d8a (737cfc75)]&amp#27;[0m Driver proxy active, passing request on via HTTP proxy
&amp#27;[38;5;32m[AndroidUiautomator2Driver@7d8a (737cfc75)]&amp#27;[0m Matched '/session/737cfc75-39b7-4d8d-95ca-253dab0f7826/element/00000000-0000-05c2-0000-007d00000004/text' to command name 'getText'
&amp#27;[38;5;32m[AndroidUiautomator2Driver@7d8a (737cfc75)]&amp#27;[0m Proxying [GET /session/737cfc75-39b7-4d8d-95ca-253dab0f7826/element/00000000-0000-05c2-0000-007d00000004/text] to [GET http://127.0.0.1:8240/session/848f67d1-b0ae-4721-9dff-71f52c26d8f9/element/00000000-0000-05c2-0000-007d00000004/text] with no body
&amp#27;[38;5;32m[AndroidUiautomator2Driver@7d8a (737cfc75)]&amp#27;[0m Got response with status 200: {"sessionId":"848f67d1-b0ae-4721-9dff-71f52c26d8f9","value":"overcast clouds"}
&amp#27;[38;5;32m[AndroidUiautomator2Driver@7d8a (737cfc75)]&amp#27;[0m Replacing sessionId 848f67d1-b0ae-4721-9dff-71f52c26d8f9 with 737cfc75-39b7-4d8d-95ca-253dab0f7826
&amp#27;[38;5;0m[HTTP]&amp#27;[0m &amp#27;[37m<-- GET /session/737cfc75-39b7-4d8d-95ca-253dab0f7826/element/00000000-0000-05c2-0000-007d00000004/text &amp#27;[39m&amp#27;[32m200&amp#27;[39m &amp#27;[90m9 ms - 78&amp#27;[39m
&amp#27;[38;5;0m[HTTP]&amp#27;[0m &amp#27;[90m&amp#27;[39m
&amp#27;[38;5;0m[HTTP]&amp#27;[0m &amp#27;[37m-->&amp#27;[39m &amp#27;[37mGET&amp#27;[39m &amp#27;[37m/session/737cfc75-39b7-4d8d-95ca-253dab0f7826/element/00000000-0000-05c2-0000-007f00000004/text&amp#27;[39m
&amp#27;[38;5;0m[HTTP]&amp#27;[0m &amp#27;[90m{}&amp#27;[39m
&amp#27;[38;5;32m[AndroidUiautomator2Driver@7d8a (737cfc75)]&amp#27;[0m Driver proxy active, passing request on via HTTP proxy
&amp#27;[38;5;32m[AndroidUiautomator2Driver@7d8a (737cfc75)]&amp#27;[0m Matched '/session/737cfc75-39b7-4d8d-95ca-253dab0f7826/element/00000000-0000-05c2-0000-007f00000004/text' to command name 'getText'
&amp#27;[38;5;32m[AndroidUiautomator2Driver@7d8a (737cfc75)]&amp#27;[0m Proxying [GET /session/737cfc75-39b7-4d8d-95ca-253dab0f7826/element/00000000-0000-05c2-0000-007f00000004/text] to [GET http://127.0.0.1:8240/session/848f67d1-b0ae-4721-9dff-71f52c26d8f9/element/00000000-0000-05c2-0000-007f00000004/text] with no body
&amp#27;[38;5;32m[AndroidUiautomator2Driver@7d8a (737cfc75)]&amp#27;[0m Got response with status 200: {"sessionId":"848f67d1-b0ae-4721-9dff-71f52c26d8f9","value":"85 %"}
&amp#27;[38;5;32m[AndroidUiautomator2Driver@7d8a (737cfc75)]&amp#27;[0m Replacing sessionId 848f67d1-b0ae-4721-9dff-71f52c26d8f9 with 737cfc75-39b7-4d8d-95ca-253dab0f7826
&amp#27;[38;5;0m[HTTP]&amp#27;[0m &amp#27;[37m<-- GET /session/737cfc75-39b7-4d8d-95ca-253dab0f7826/element/00000000-0000-05c2-0000-007f00000004/text &amp#27;[39m&amp#27;[32m200&amp#27;[39m &amp#27;[90m9 ms - 67&amp#27;[39m
&amp#27;[38;5;0m[HTTP]&amp#27;[0m &amp#27;[90m&amp#27;[39m
&amp#27;[38;5;0m[HTTP]&amp#27;[0m &amp#27;[37m-->&amp#27;[39m &amp#27;[37mGET&amp#27;[39m &amp#27;[37m/session/737cfc75-39b7-4d8d-95ca-253dab0f7826/element/00000000-0000-05c2-0000-008100000004/text&amp#27;[39m
&amp#27;[38;5;0m[HTTP]&amp#27;[0m &amp#27;[90m{}&amp#27;[39m
&amp#27;[38;5;32m[AndroidUiautomator2Driver@7d8a (737cfc75)]&amp#27;[0m Driver proxy active, passing request on via HTTP proxy
&amp#27;[38;5;32m[AndroidUiautomator2Driver@7d8a (737cfc75)]&amp#27;[0m Matched '/session/737cfc75-39b7-4d8d-95ca-253dab0f7826/element/00000000-0000-05c2-0000-008100000004/text' to command name 'getText'
&amp#27;[38;5;32m[AndroidUiautomator2Driver@7d8a (737cfc75)]&amp#27;[0m Proxying [GET /session/737cfc75-39b7-4d8d-95ca-253dab0f7826/element/00000000-0000-05c2-0000-008100000004/text] to [GET http://127.0.0.1:8240/session/848f67d1-b0ae-4721-9dff-71f52c26d8f9/element/00000000-0000-05c2-0000-008100000004/text] with no body
&amp#27;[38;5;32m[AndroidUiautomator2Driver@7d8a (737cfc75)]&amp#27;[0m Got response with status 200: {"sessionId":"848f67d1-b0ae-4721-9dff-71f52c26d8f9","value":"12 Â°C"}
&amp#27;[38;5;32m[AndroidUiautomator2Driver@7d8a (737cfc75)]&amp#27;[0m Replacing sessionId 848f67d1-b0ae-4721-9dff-71f52c26d8f9 with 737cfc75-39b7-4d8d-95ca-253dab0f7826
&amp#27;[38;5;0m[HTTP]&amp#27;[0m &amp#27;[37m<-- GET /session/737cfc75-39b7-4d8d-95ca-253dab0f7826/element/00000000-0000-05c2-0000-008100000004/text &amp#27;[39m&amp#27;[32m200&amp#27;[39m &amp#27;[90m9 ms - 69&amp#27;[39m
&amp#27;[38;5;0m[HTTP]&amp#27;[0m &amp#27;[90m&amp#27;[39m
&amp#27;[38;5;0m[HTTP]&amp#27;[0m &amp#27;[37m-->&amp#27;[39m &amp#27;[37mGET&amp#27;[39m &amp#27;[37m/session/737cfc75-39b7-4d8d-95ca-253dab0f7826/element/00000000-0000-05c2-0000-008300000004/text&amp#27;[39m
&amp#27;[38;5;0m[HTTP]&amp#27;[0m &amp#27;[90m{}&amp#27;[39m
&amp#27;[38;5;32m[AndroidUiautomator2Driver@7d8a (737cfc75)]&amp#27;[0m Driver proxy active, passing request on via HTTP proxy
&amp#27;[38;5;32m[AndroidUiautomator2Driver@7d8a (737cfc75)]&amp#27;[0m Matched '/session/737cfc75-39b7-4d8d-95ca-253dab0f7826/element/00000000-0000-05c2-0000-008300000004/text' to command name 'getText'
&amp#27;[38;5;32m[AndroidUiautomator2Driver@7d8a (737cfc75)]&amp#27;[0m Proxying [GET /session/737cfc75-39b7-4d8d-95ca-253dab0f7826/element/00000000-0000-05c2-0000-008300000004/text] to [GET http://127.0.0.1:8240/session/848f67d1-b0ae-4721-9dff-71f52c26d8f9/element/00000000-0000-05c2-0000-008300000004/text] with no body
&amp#27;[38;5;32m[AndroidUiautomator2Driver@7d8a (737cfc75)]&amp#27;[0m Got response with status 200: {"sessionId":"848f67d1-b0ae-4721-9dff-71f52c26d8f9","value":"09:00"}
&amp#27;[38;5;32m[AndroidUiautomator2Driver@7d8a (737cfc75)]&amp#27;[0m Replacing sessionId 848f67d1-b0ae-4721-9dff-71f52c26d8f9 with 737cfc75-39b7-4d8d-95ca-253dab0f7826
&amp#27;[38;5;0m[HTTP]&amp#27;[0m &amp#27;[37m<-- GET /session/737cfc75-39b7-4d8d-95ca-253dab0f7826/element/00000000-0000-05c2-0000-008300000004/text &amp#27;[39m&amp#27;[32m200&amp#27;[39m &amp#27;[90m9 ms - 68&amp#27;[39m
&amp#27;[38;5;0m[HTTP]&amp#27;[0m &amp#27;[90m&amp#27;[39m
&amp#27;[38;5;0m[HTTP]&amp#27;[0m &amp#27;[37m-->&amp#27;[39m &amp#27;[37mGET&amp#27;[39m &amp#27;[37m/session/737cfc75-39b7-4d8d-95ca-253dab0f7826/element/00000000-0000-05c2-0000-008500000004/text&amp#27;[39m
&amp#27;[38;5;0m[HTTP]&amp#27;[0m &amp#27;[90m{}&amp#27;[39m
&amp#27;[38;5;32m[AndroidUiautomator2Driver@7d8a (737cfc75)]&amp#27;[0m Driver proxy active, passing request on via HTTP proxy
&amp#27;[38;5;32m[AndroidUiautomator2Driver@7d8a (737cfc75)]&amp#27;[0m Matched '/session/737cfc75-39b7-4d8d-95ca-253dab0f7826/element/00000000-0000-05c2-0000-008500000004/text' to command name 'getText'
&amp#27;[38;5;32m[AndroidUiautomator2Driver@7d8a (737cfc75)]&amp#27;[0m Proxying [GET /session/737cfc75-39b7-4d8d-95ca-253dab0f7826/element/00000000-0000-05c2-0000-008500000004/text] to [GET http://127.0.0.1:8240/session/848f67d1-b0ae-4721-9dff-71f52c26d8f9/element/00000000-0000-05c2-0000-008500000004/text] with no body
&amp#27;[38;5;32m[AndroidUiautomator2Driver@7d8a (737cfc75)]&amp#27;[0m Got response with status 200: {"sessionId":"848f67d1-b0ae-4721-9dff-71f52c26d8f9","value":"overcast clouds"}
&amp#27;[38;5;32m[AndroidUiautomator2Driver@7d8a (737cfc75)]&amp#27;[0m Replacing sessionId 848f67d1-b0ae-4721-9dff-71f52c26d8f9 with 737cfc75-39b7-4d8d-95ca-253dab0f7826
&amp#27;[38;5;0m[HTTP]&amp#27;[0m &amp#27;[37m<-- GET /session/737cfc75-39b7-4d8d-95ca-253dab0f7826/element/00000000-0000-05c2-0000-008500000004/text &amp#27;[39m&amp#27;[32m200&amp#27;[39m &amp#27;[90m9 ms - 78&amp#27;[39m
&amp#27;[38;5;0m[HTTP]&amp#27;[0m &amp#27;[90m&amp#27;[39m
&amp#27;[38;5;0m[HTTP]&amp#27;[0m &amp#27;[37m-->&amp#27;[39m &amp#27;[37mGET&amp#27;[39m &amp#27;[37m/session/737cfc75-39b7-4d8d-95ca-253dab0f7826/element/00000000-0000-05c2-0000-008700000004/text&amp#27;[39m
&amp#27;[38;5;0m[HTTP]&amp#27;[0m &amp#27;[90m{}&amp#27;[39m
&amp#27;[38;5;32m[AndroidUiautomator2Driver@7d8a (737cfc75)]&amp#27;[0m Driver proxy active, passing request on via HTTP proxy
&amp#27;[38;5;32m[AndroidUiautomator2Driver@7d8a (737cfc75)]&amp#27;[0m Matched '/session/737cfc75-39b7-4d8d-95ca-253dab0f7826/element/00000000-0000-05c2-0000-008700000004/text' to command name 'getText'
&amp#27;[38;5;32m[AndroidUiautomator2Driver@7d8a (737cfc75)]&amp#27;[0m Proxying [GET /session/737cfc75-39b7-4d8d-95ca-253dab0f7826/element/00000000-0000-05c2-0000-008700000004/text] to [GET http://127.0.0.1:8240/session/848f67d1-b0ae-4721-9dff-71f52c26d8f9/element/00000000-0000-05c2-0000-008700000004/text] with no body
&amp#27;[38;5;32m[AndroidUiautomator2Driver@7d8a (737cfc75)]&amp#27;[0m Got response with status 200: {"sessionId":"848f67d1-b0ae-4721-9dff-71f52c26d8f9","value":"87 %"}
&amp#27;[38;5;32m[AndroidUiautomator2Driver@7d8a (737cfc75)]&amp#27;[0m Replacing sessionId 848f67d1-b0ae-4721-9dff-71f52c26d8f9 with 737cfc75-39b7-4d8d-95ca-253dab0f7826
&amp#27;[38;5;0m[HTTP]&amp#27;[0m &amp#27;[37m<-- GET /session/737cfc75-39b7-4d8d-95ca-253dab0f7826/element/00000000-0000-05c2-0000-008700000004/text &amp#27;[39m&amp#27;[32m200&amp#27;[39m &amp#27;[90m9 ms - 67&amp#27;[39m
&amp#27;[38;5;0m[HTTP]&amp#27;[0m &amp#27;[90m&amp#27;[39m
&amp#27;[38;5;0m[HTTP]&amp#27;[0m &amp#27;[37m-->&amp#27;[39m &amp#27;[37mGET&amp#27;[39m &amp#27;[37m/session/737cfc75-39b7-4d8d-95ca-253dab0f7826/element/00000000-0000-05c2-0000-008900000004/text&amp#27;[39m
&amp#27;[38;5;0m[HTTP]&amp#27;[0m &amp#27;[90m{}&amp#27;[39m
&amp#27;[38;5;32m[AndroidUiautomator2Driver@7d8a (737cfc75)]&amp#27;[0m Driver proxy active, passing request on via HTTP proxy
&amp#27;[38;5;32m[AndroidUiautomator2Driver@7d8a (737cfc75)]&amp#27;[0m Matched '/session/737cfc75-39b7-4d8d-95ca-253dab0f7826/element/00000000-0000-05c2-0000-008900000004/text' to command name 'getText'
&amp#27;[38;5;32m[AndroidUiautomator2Driver@7d8a (737cfc75)]&amp#27;[0m Proxying [GET /session/737cfc75-39b7-4d8d-95ca-253dab0f7826/element/00000000-0000-05c2-0000-008900000004/text] to [GET http://127.0.0.1:8240/session/848f67d1-b0ae-4721-9dff-71f52c26d8f9/element/00000000-0000-05c2-0000-008900000004/text] with no body
&amp#27;[38;5;32m[AndroidUiautomator2Driver@7d8a (737cfc75)]&amp#27;[0m Got response with status 200: {"sessionId":"848f67d1-b0ae-4721-9dff-71f52c26d8f9","value":"12 Â°C"}
&amp#27;[38;5;32m[AndroidUiautomator2Driver@7d8a (737cfc75)]&amp#27;[0m Replacing sessionId 848f67d1-b0ae-4721-9dff-71f52c26d8f9 with 737cfc75-39b7-4d8d-95ca-253dab0f7826
&amp#27;[38;5;0m[HTTP]&amp#27;[0m &amp#27;[37m<-- GET /session/737cfc75-39b7-4d8d-95ca-253dab0f7826/element/00000000-0000-05c2-0000-008900000004/text &amp#27;[39m&amp#27;[32m200&amp#27;[39m &amp#27;[90m9 ms - 69&amp#27;[39m
&amp#27;[38;5;0m[HTTP]&amp#27;[0m &amp#27;[90m&amp#27;[39m
&amp#27;[38;5;0m[HTTP]&amp#27;[0m &amp#27;[37m-->&amp#27;[39m &amp#27;[37mGET&amp#27;[39m &amp#27;[37m/session/737cfc75-39b7-4d8d-95ca-253dab0f7826/element/00000000-0000-05c2-0000-008b00000004/text&amp#27;[39m
&amp#27;[38;5;0m[HTTP]&amp#27;[0m &amp#27;[90m{}&amp#27;[39m
&amp#27;[38;5;32m[AndroidUiautomator2Driver@7d8a (737cfc75)]&amp#27;[0m Driver proxy active, passing request on via HTTP proxy
&amp#27;[38;5;32m[AndroidUiautomator2Driver@7d8a (737cfc75)]&amp#27;[0m Matched '/session/737cfc75-39b7-4d8d-95ca-253dab0f7826/element/00000000-0000-05c2-0000-008b00000004/text' to command name 'getText'
&amp#27;[38;5;32m[AndroidUiautomator2Driver@7d8a (737cfc75)]&amp#27;[0m Proxying [GET /session/737cfc75-39b7-4d8d-95ca-253dab0f7826/element/00000000-0000-05c2-0000-008b00000004/text] to [GET http://127.0.0.1:8240/session/848f67d1-b0ae-4721-9dff-71f52c26d8f9/element/00000000-0000-05c2-0000-008b00000004/text] with no body
&amp#27;[38;5;32m[AndroidUiautomator2Driver@7d8a (737cfc75)]&amp#27;[0m Got response with status 200: {"sessionId":"848f67d1-b0ae-4721-9dff-71f52c26d8f9","value":"10:00"}
&amp#27;[38;5;32m[AndroidUiautomator2Driver@7d8a (737cfc75)]&amp#27;[0m Replacing sessionId 848f67d1-b0ae-4721-9dff-71f52c26d8f9 with 737cfc75-39b7-4d8d-95ca-253dab0f7826
&amp#27;[38;5;0m[HTTP]&amp#27;[0m &amp#27;[37m<-- GET /session/737cfc75-39b7-4d8d-95ca-253dab0f7826/element/00000000-0000-05c2-0000-008b00000004/text &amp#27;[39m&amp#27;[32m200&amp#27;[39m &amp#27;[90m9 ms - 68&amp#27;[39m
&amp#27;[38;5;0m[HTTP]&amp#27;[0m &amp#27;[90m&amp#27;[39m
&amp#27;[38;5;0m[HTTP]&amp#27;[0m &amp#27;[37m-->&amp#27;[39m &amp#27;[37mGET&amp#27;[39m &amp#27;[37m/session/737cfc75-39b7-4d8d-95ca-253dab0f7826/element/00000000-0000-05c2-0000-008d00000004/text&amp#27;[39m
&amp#27;[38;5;0m[HTTP]&amp#27;[0m &amp#27;[90m{}&amp#27;[39m
&amp#27;[38;5;32m[AndroidUiautomator2Driver@7d8a (737cfc75)]&amp#27;[0m Driver proxy active, passing request on via HTTP proxy
&amp#27;[38;5;32m[AndroidUiautomator2Driver@7d8a (737cfc75)]&amp#27;[0m Matched '/session/737cfc75-39b7-4d8d-95ca-253dab0f7826/element/00000000-0000-05c2-0000-008d00000004/text' to command name 'getText'
&amp#27;[38;5;32m[AndroidUiautomator2Driver@7d8a (737cfc75)]&amp#27;[0m Proxying [GET /session/737cfc75-39b7-4d8d-95ca-253dab0f7826/element/00000000-0000-05c2-0000-008d00000004/text] to [GET http://127.0.0.1:8240/session/848f67d1-b0ae-4721-9dff-71f52c26d8f9/element/00000000-0000-05c2-0000-008d00000004/text] with no body
&amp#27;[38;5;32m[AndroidUiautomator2Driver@7d8a (737cfc75)]&amp#27;[0m Got response with status 200: {"sessionId":"848f67d1-b0ae-4721-9dff-71f52c26d8f9","value":"light rain"}
&amp#27;[38;5;32m[AndroidUiautomator2Driver@7d8a (737cfc75)]&amp#27;[0m Replacing sessionId 848f67d1-b0ae-4721-9dff-71f52c26d8f9 with 737cfc75-39b7-4d8d-95ca-253dab0f7826
&amp#27;[38;5;0m[HTTP]&amp#27;[0m &amp#27;[37m<-- GET /session/737cfc75-39b7-4d8d-95ca-253dab0f7826/element/00000000-0000-05c2-0000-008d00000004/text &amp#27;[39m&amp#27;[32m200&amp#27;[39m &amp#27;[90m9 ms - 73&amp#27;[39m
&amp#27;[38;5;0m[HTTP]&amp#27;[0m &amp#27;[90m&amp#27;[39m
&amp#27;[38;5;0m[HTTP]&amp#27;[0m &amp#27;[37m-->&amp#27;[39m &amp#27;[37mGET&amp#27;[39m &amp#27;[37m/session/737cfc75-39b7-4d8d-95ca-253dab0f7826/element/00000000-0000-05c2-0000-008f00000004/text&amp#27;[39m
&amp#27;[38;5;0m[HTTP]&amp#27;[0m &amp#27;[90m{}&amp#27;[39m
&amp#27;[38;5;32m[AndroidUiautomator2Driver@7d8a (737cfc75)]&amp#27;[0m Driver proxy active, passing request on via HTTP proxy
&amp#27;[38;5;32m[AndroidUiautomator2Driver@7d8a (737cfc75)]&amp#27;[0m Matched '/session/737cfc75-39b7-4d8d-95ca-253dab0f7826/element/00000000-0000-05c2-0000-008f00000004/text' to command name 'getText'
&amp#27;[38;5;32m[AndroidUiautomator2Driver@7d8a (737cfc75)]&amp#27;[0m Proxying [GET /session/737cfc75-39b7-4d8d-95ca-253dab0f7826/element/00000000-0000-05c2-0000-008f00000004/text] to [GET http://127.0.0.1:8240/session/848f67d1-b0ae-4721-9dff-71f52c26d8f9/element/00000000-0000-05c2-0000-008f00000004/text] with no body
&amp#27;[38;5;32m[AndroidUiautomator2Driver@7d8a (737cfc75)]&amp#27;[0m Got response with status 200: {"sessionId":"848f67d1-b0ae-4721-9dff-71f52c26d8f9","value":"90 %"}
&amp#27;[38;5;32m[AndroidUiautomator2Driver@7d8a (737cfc75)]&amp#27;[0m Replacing sessionId 848f67d1-b0ae-4721-9dff-71f52c26d8f9 with 737cfc75-39b7-4d8d-95ca-253dab0f7826
&amp#27;[38;5;0m[HTTP]&amp#27;[0m &amp#27;[37m<-- GET /session/737cfc75-39b7-4d8d-95ca-253dab0f7826/element/00000000-0000-05c2-0000-008f00000004/text &amp#27;[39m&amp#27;[32m200&amp#27;[39m &amp#27;[90m9 ms - 67&amp#27;[39m
&amp#27;[38;5;0m[HTTP]&amp#27;[0m &amp#27;[90m&amp#27;[39m
&amp#27;[38;5;0m[HTTP]&amp#27;[0m &amp#27;[37m-->&amp#27;[39m &amp#27;[37mGET&amp#27;[39m &amp#27;[37m/session/737cfc75-39b7-4d8d-95ca-253dab0f7826/element/00000000-0000-05c2-0000-009100000004/text&amp#27;[39m
&amp#27;[38;5;0m[HTTP]&amp#27;[0m &amp#27;[90m{}&amp#27;[39m
&amp#27;[38;5;32m[AndroidUiautomator2Driver@7d8a (737cfc75)]&amp#27;[0m Driver proxy active, passing request on via HTTP proxy
&amp#27;[38;5;32m[AndroidUiautomator2Driver@7d8a (737cfc75)]&amp#27;[0m Matched '/session/737cfc75-39b7-4d8d-95ca-253dab0f7826/element/00000000-0000-05c2-0000-009100000004/text' to command name 'getText'
&amp#27;[38;5;32m[AndroidUiautomator2Driver@7d8a (737cfc75)]&amp#27;[0m Proxying [GET /session/737cfc75-39b7-4d8d-95ca-253dab0f7826/element/00000000-0000-05c2-0000-009100000004/text] to [GET http://127.0.0.1:8240/session/848f67d1-b0ae-4721-9dff-71f52c26d8f9/element/00000000-0000-05c2-0000-009100000004/text] with no body
&amp#27;[38;5;32m[AndroidUiautomator2Driver@7d8a (737cfc75)]&amp#27;[0m Got response with status 200: {"sessionId":"848f67d1-b0ae-4721-9dff-71f52c26d8f9","value":"12 Â°C"}
&amp#27;[38;5;32m[AndroidUiautomator2Driver@7d8a (737cfc75)]&amp#27;[0m Replacing sessionId 848f67d1-b0ae-4721-9dff-71f52c26d8f9 with 737cfc75-39b7-4d8d-95ca-253dab0f7826
&amp#27;[38;5;0m[HTTP]&amp#27;[0m &amp#27;[37m<-- GET /session/737cfc75-39b7-4d8d-95ca-253dab0f7826/element/00000000-0000-05c2-0000-009100000004/text &amp#27;[39m&amp#27;[32m200&amp#27;[39m &amp#27;[90m9 ms - 69&amp#27;[39m
&amp#27;[38;5;0m[HTTP]&amp#27;[0m &amp#27;[90m&amp#27;[39m
&amp#27;[38;5;0m[HTTP]&amp#27;[0m &amp#27;[37m-->&amp#27;[39m &amp#27;[37mGET&amp#27;[39m &amp#27;[37m/session/737cfc75-39b7-4d8d-95ca-253dab0f7826/element/00000000-0000-05c2-0000-009300000004/text&amp#27;[39m
&amp#27;[38;5;0m[HTTP]&amp#27;[0m &amp#27;[90m{}&amp#27;[39m
&amp#27;[38;5;32m[AndroidUiautomator2Driver@7d8a (737cfc75)]&amp#27;[0m Driver proxy active, passing request on via HTTP proxy
&amp#27;[38;5;32m[AndroidUiautomator2Driver@7d8a (737cfc75)]&amp#27;[0m Matched '/session/737cfc75-39b7-4d8d-95ca-253dab0f7826/element/00000000-0000-05c2-0000-009300000004/text' to command name 'getText'
&amp#27;[38;5;32m[AndroidUiautomator2Driver@7d8a (737cfc75)]&amp#27;[0m Proxying [GET /session/737cfc75-39b7-4d8d-95ca-253dab0f7826/element/00000000-0000-05c2-0000-009300000004/text] to [GET http://127.0.0.1:8240/session/848f67d1-b0ae-4721-9dff-71f52c26d8f9/element/00000000-0000-05c2-0000-009300000004/text] with no body
&amp#27;[38;5;32m[AndroidUiautomator2Driver@7d8a (737cfc75)]&amp#27;[0m Got response with status 200: {"sessionId":"848f67d1-b0ae-4721-9dff-71f52c26d8f9","value":"11:00"}
&amp#27;[38;5;32m[AndroidUiautomator2Driver@7d8a (737cfc75)]&amp#27;[0m Replacing sessionId 848f67d1-b0ae-4721-9dff-71f52c26d8f9 with 737cfc75-39b7-4d8d-95ca-253dab0f7826
&amp#27;[38;5;0m[HTTP]&amp#27;[0m &amp#27;[37m<-- GET /session/737cfc75-39b7-4d8d-95ca-253dab0f7826/element/00000000-0000-05c2-0000-009300000004/text &amp#27;[39m&amp#27;[32m200&amp#27;[39m &amp#27;[90m9 ms - 68&amp#27;[39m
&amp#27;[38;5;0m[HTTP]&amp#27;[0m &amp#27;[90m&amp#27;[39m
&amp#27;[38;5;0m[HTTP]&amp#27;[0m &amp#27;[37m-->&amp#27;[39m &amp#27;[37mGET&amp#27;[39m &amp#27;[37m/session/737cfc75-39b7-4d8d-95ca-253dab0f7826/element/00000000-0000-05c2-0000-009500000004/text&amp#27;[39m
&amp#27;[38;5;0m[HTTP]&amp#27;[0m &amp#27;[90m{}&amp#27;[39m
&amp#27;[38;5;32m[AndroidUiautomator2Driver@7d8a (737cfc75)]&amp#27;[0m Driver proxy active, passing request on via HTTP proxy
&amp#27;[38;5;32m[AndroidUiautomator2Driver@7d8a (737cfc75)]&amp#27;[0m Matched '/session/737cfc75-39b7-4d8d-95ca-253dab0f7826/element/00000000-0000-05c2-0000-009500000004/text' to command name 'getText'
&amp#27;[38;5;32m[AndroidUiautomator2Driver@7d8a (737cfc75)]&amp#27;[0m Proxying [GET /session/737cfc75-39b7-4d8d-95ca-253dab0f7826/element/00000000-0000-05c2-0000-009500000004/text] to [GET http://127.0.0.1:8240/session/848f67d1-b0ae-4721-9dff-71f52c26d8f9/element/00000000-0000-05c2-0000-009500000004/text] with no body
&amp#27;[38;5;32m[AndroidUiautomator2Driver@7d8a (737cfc75)]&amp#27;[0m Got response with status 200: {"sessionId":"848f67d1-b0ae-4721-9dff-71f52c26d8f9","value":"light rain"}
&amp#27;[38;5;32m[AndroidUiautomator2Driver@7d8a (737cfc75)]&amp#27;[0m Replacing sessionId 848f67d1-b0ae-4721-9dff-71f52c26d8f9 with 737cfc75-39b7-4d8d-95ca-253dab0f7826
&amp#27;[38;5;0m[HTTP]&amp#27;[0m &amp#27;[37m<-- GET /session/737cfc75-39b7-4d8d-95ca-253dab0f7826/element/00000000-0000-05c2-0000-009500000004/text &amp#27;[39m&amp#27;[32m200&amp#27;[39m &amp#27;[90m9 ms - 73&amp#27;[39m
&amp#27;[38;5;0m[HTTP]&amp#27;[0m &amp#27;[90m&amp#27;[39m
&amp#27;[38;5;0m[HTTP]&amp#27;[0m &amp#27;[37m-->&amp#27;[39m &amp#27;[37mGET&amp#27;[39m &amp#27;[37m/session/737cfc75-39b7-4d8d-95ca-253dab0f7826/element/00000000-0000-05c2-0000-009700000004/text&amp#27;[39m
&amp#27;[38;5;0m[HTTP]&amp#27;[0m &amp#27;[90m{}&amp#27;[39m
&amp#27;[38;5;32m[AndroidUiautomator2Driver@7d8a (737cfc75)]&amp#27;[0m Driver proxy active, passing request on via HTTP proxy
&amp#27;[38;5;32m[AndroidUiautomator2Driver@7d8a (737cfc75)]&amp#27;[0m Matched '/session/737cfc75-39b7-4d8d-95ca-253dab0f7826/element/00000000-0000-05c2-0000-009700000004/text' to command name 'getText'
&amp#27;[38;5;32m[AndroidUiautomator2Driver@7d8a (737cfc75)]&amp#27;[0m Proxying [GET /session/737cfc75-39b7-4d8d-95ca-253dab0f7826/element/00000000-0000-05c2-0000-009700000004/text] to [GET http://127.0.0.1:8240/session/848f67d1-b0ae-4721-9dff-71f52c26d8f9/element/00000000-0000-05c2-0000-009700000004/text] with no body
&amp#27;[38;5;32m[AndroidUiautomator2Driver@7d8a (737cfc75)]&amp#27;[0m Got response with status 200: {"sessionId":"848f67d1-b0ae-4721-9dff-71f52c26d8f9","value":"93 %"}
&amp#27;[38;5;32m[AndroidUiautomator2Driver@7d8a (737cfc75)]&amp#27;[0m Replacing sessionId 848f67d1-b0ae-4721-9dff-71f52c26d8f9 with 737cfc75-39b7-4d8d-95ca-253dab0f7826
&amp#27;[38;5;0m[HTTP]&amp#27;[0m &amp#27;[37m<-- GET /session/737cfc75-39b7-4d8d-95ca-253dab0f7826/element/00000000-0000-05c2-0000-009700000004/text &amp#27;[39m&amp#27;[32m200&amp#27;[39m &amp#27;[90m9 ms - 67&amp#27;[39m
&amp#27;[38;5;0m[HTTP]&amp#27;[0m &amp#27;[90m&amp#27;[39m
&amp#27;[38;5;0m[HTTP]&amp#27;[0m &amp#27;[37m-->&amp#27;[39m &amp#27;[37mGET&amp#27;[39m &amp#27;[37m/session/737cfc75-39b7-4d8d-95ca-253dab0f7826/element/00000000-0000-05c2-0000-009900000004/text&amp#27;[39m
&amp#27;[38;5;0m[HTTP]&amp#27;[0m &amp#27;[90m{}&amp#27;[39m
&amp#27;[38;5;32m[AndroidUiautomator2Driver@7d8a (737cfc75)]&amp#27;[0m Driver proxy active, passing request on via HTTP proxy
&amp#27;[38;5;32m[AndroidUiautomator2Driver@7d8a (737cfc75)]&amp#27;[0m Matched '/session/737cfc75-39b7-4d8d-95ca-253dab0f7826/element/00000000-0000-05c2-0000-009900000004/text' to command name 'getText'
&amp#27;[38;5;32m[AndroidUiautomator2Driver@7d8a (737cfc75)]&amp#27;[0m Proxying [GET /session/737cfc75-39b7-4d8d-95ca-253dab0f7826/element/00000000-0000-05c2-0000-009900000004/text] to [GET http://127.0.0.1:8240/session/848f67d1-b0ae-4721-9dff-71f52c26d8f9/element/00000000-0000-05c2-0000-009900000004/text] with no body
&amp#27;[38;5;32m[AndroidUiautomator2Driver@7d8a (737cfc75)]&amp#27;[0m Got response with status 200: {"sessionId":"848f67d1-b0ae-4721-9dff-71f52c26d8f9","value":"12 Â°C"}
&amp#27;[38;5;32m[AndroidUiautomator2Driver@7d8a (737cfc75)]&amp#27;[0m Replacing sessionId 848f67d1-b0ae-4721-9dff-71f52c26d8f9 with 737cfc75-39b7-4d8d-95ca-253dab0f7826
&amp#27;[38;5;0m[HTTP]&amp#27;[0m &amp#27;[37m<-- GET /session/737cfc75-39b7-4d8d-95ca-253dab0f7826/element/00000000-0000-05c2-0000-009900000004/text &amp#27;[39m&amp#27;[32m200&amp#27;[39m &amp#27;[90m9 ms - 69&amp#27;[39m
&amp#27;[38;5;0m[HTTP]&amp#27;[0m &amp#27;[90m&amp#27;[39m
&amp#27;[38;5;0m[HTTP]&amp#27;[0m &amp#27;[37m-->&amp#27;[39m &amp#27;[37mPOST&amp#27;[39m &amp#27;[37m/session/737cfc75-39b7-4d8d-95ca-253dab0f7826/execute/sync&amp#27;[39m
&amp#27;[38;5;0m[HTTP]&amp#27;[0m &amp#27;[90m{"script":"mobile: swipeGesture","args":[{"elementId":"00000000-0000-05c2-0000-002900000004","percent":0.4,"speed":320,"direction":"left"}]}&amp#27;[39m
&amp#27;[38;5;32m[AndroidUiautomator2Driver@7d8a (737cfc75)]&amp#27;[0m Calling AppiumDriver.execute() with args: ["mobile: swipeGesture",[{"elementId":"00000000-0000-05c2-0000-002900000004","percent":0.4,"speed":320,"direction":"left"}],"737cfc75-39b7-4d8d-95ca-253dab0f7826"]
&amp#27;[38;5;32m[AndroidUiautomator2Driver@7d8a (737cfc75)]&amp#27;[0m Executing method 'mobile: swipeGesture'
&amp#27;[38;5;32m[AndroidUiautomator2Driver@7d8a (737cfc75)]&amp#27;[0m Proxying [POST /appium/gestures/swipe] to [POST http://127.0.0.1:8240/session/848f67d1-b0ae-4721-9dff-71f52c26d8f9/appium/gestures/swipe] with body: {"origin":{"ELEMENT":"00000000-0000-05c2-0000-002900000004","element-6066-11e4-a52e-4f735466cecf":"00000000-0000-05c2-0000-002900000004"},"direction":"left","percent":0.4,"speed":320}
&amp#27;[38;5;32m[AndroidUiautomator2Driver@7d8a (737cfc75)]&amp#27;[0m Got response with status 200: {"sessionId":"848f67d1-b0ae-4721-9dff-71f52c26d8f9","value":null}
&amp#27;[38;5;32m[AndroidUiautomator2Driver@7d8a (737cfc75)]&amp#27;[0m Responding to client with driver.execute() result: null
&amp#27;[38;5;0m[HTTP]&amp#27;[0m &amp#27;[37m<-- POST /session/737cfc75-39b7-4d8d-95ca-253dab0f7826/execute/sync &amp#27;[39m&amp#27;[32m200&amp#27;[39m &amp#27;[90m1553 ms - 14&amp#27;[39m
&amp#27;[38;5;0m[HTTP]&amp#27;[0m &amp#27;[90m&amp#27;[39m
&amp#27;[38;5;0m[HTTP]&amp#27;[0m &amp#27;[37m-->&amp#27;[39m &amp#27;[37mPOST&amp#27;[39m &amp#27;[37m/session/737cfc75-39b7-4d8d-95ca-253dab0f7826/elements&amp#27;[39m
&amp#27;[38;5;0m[HTTP]&amp#27;[0m &amp#27;[90m{"using":"xpath","value":"//android.widget.HorizontalScrollView"}&amp#27;[39m
&amp#27;[38;5;32m[AndroidUiautomator2Driver@7d8a (737cfc75)]&amp#27;[0m Calling AppiumDriver.findElements() with args: ["xpath","//android.widget.HorizontalScrollView","737cfc75-39b7-4d8d-95ca-253dab0f7826"]
&amp#27;[38;5;32m[AndroidUiautomator2Driver@7d8a (737cfc75)]&amp#27;[0m Valid locator strategies for this request: xpath, id, class name, accessibility id, css selector, -android uiautomator
&amp#27;[38;5;32m[AndroidUiautomator2Driver@7d8a (737cfc75)]&amp#27;[0m Waiting up to 0 ms for condition
&amp#27;[38;5;32m[AndroidUiautomator2Driver@7d8a (737cfc75)]&amp#27;[0m Matched '/elements' to command name 'findElements'
&amp#27;[38;5;32m[AndroidUiautomator2Driver@7d8a (737cfc75)]&amp#27;[0m Proxying [POST /elements] to [POST http://127.0.0.1:8240/session/848f67d1-b0ae-4721-9dff-71f52c26d8f9/elements] with body: {"strategy":"xpath","selector":"//android.widget.HorizontalScrollView","context":"","multiple":true}
&amp#27;[38;5;32m[AndroidUiautomator2Driver@7d8a (737cfc75)]&amp#27;[0m Got response with status 200: {"sessionId":"848f67d1-b0ae-4721-9dff-71f52c26d8f9","value":[{"ELEMENT":"00000000-0000-05c2-0000-002900000004","element-6066-11e4-a52e-4f735466cecf":"00000000-0000-05c2-0000-002900000004"},{"ELEMENT":"00000000-0000-05c2-0000-002a00000004","element-6066-11e4-a52e-4f735466cecf":"00000000-0000-05c2-0000-002a00000004"}]}
&amp#27;[38;5;32m[AndroidUiautomator2Driver@7d8a (737cfc75)]&amp#27;[0m Responding to client with driver.findElements() result: [{"element-6066-11e4-a52e-4f735466cecf":"00000000-0000-05c2-0000-002900000004","ELEMENT":"00000000-0000-05c2-0000-002900000004"},{"element-6066-11e4-a52e-4f735466cecf":"00000000-0000-05c2-0000-002a00000004","ELEMENT":"00000000-0000-05c2-0000-002a00000004"}]
&amp#27;[38;5;0m[HTTP]&amp#27;[0m &amp#27;[37m<-- POST /session/737cfc75-39b7-4d8d-95ca-253dab0f7826/elements &amp#27;[39m&amp#27;[32m200&amp#27;[39m &amp#27;[90m111 ms - 267&amp#27;[39m
&amp#27;[38;5;0m[HTTP]&amp#27;[0m &amp#27;[90m&amp#27;[39m
&amp#27;[38;5;0m[HTTP]&amp#27;[0m &amp#27;[37m-->&amp#27;[39m &amp#27;[37mPOST&amp#27;[39m &amp#27;[37m/session/737cfc75-39b7-4d8d-95ca-253dab0f7826/element/00000000-0000-05c2-0000-002900000004/elements&amp#27;[39m
&amp#27;[38;5;0m[HTTP]&amp#27;[0m &amp#27;[90m{"id":"00000000-0000-05c2-0000-002900000004","using":"xpath","value":"//android.view.View"}&amp#27;[39m
&amp#27;[38;5;32m[AndroidUiautomator2Driver@7d8a (737cfc75)]&amp#27;[0m Calling AppiumDriver.findElementsFromElement() with args: ["xpath","//android.view.View","00000000-0000-05c2-0000-002900000004","737cfc75-39b7-4d8d-95ca-253dab0f7826"]
&amp#27;[38;5;32m[AndroidUiautomator2Driver@7d8a (737cfc75)]&amp#27;[0m Valid locator strategies for this request: xpath, id, class name, accessibility id, css selector, -android uiautomator
&amp#27;[38;5;32m[AndroidUiautomator2Driver@7d8a (737cfc75)]&amp#27;[0m Waiting up to 0 ms for condition
&amp#27;[38;5;32m[AndroidUiautomator2Driver@7d8a (737cfc75)]&amp#27;[0m Matched '/elements' to command name 'findElements'
&amp#27;[38;5;32m[AndroidUiautomator2Driver@7d8a (737cfc75)]&amp#27;[0m Proxying [POST /elements] to [POST http://127.0.0.1:8240/session/848f67d1-b0ae-4721-9dff-71f52c26d8f9/elements] with body: {"strategy":"xpath","selector":"//android.view.View","context":"00000000-0000-05c2-0000-002900000004","multiple":true}
&amp#27;[38;5;32m[AndroidUiautomator2Driver@7d8a (737cfc75)]&amp#27;[0m Got response with status 200: {"sessionId":"848f67d1-b0ae-4721-9dff-71f52c26d8f9","value":[{"ELEMENT":"00000000-0000-05c2-0000-008300000004","element-6066-11e4-a52e-4f735466cecf":"00000000-0000-05c2-0000-008300000004"},{"ELEMENT":"00000000-0000-05c2-0000-008500000004","element-6066-11e4-a52e-4f735466cecf":"00000000-0000-05c2-0000-008500000004"},{"ELEMENT":"00000000-0000-05c2-0000-008700000004","element-6066-11e4-a52e-4f735466cecf":"00000000-0000-05c2-0000-008700000004"},{"ELEMENT":"00000000-0000-05c2-0000-008900000004","element-6066-11e4-a52e-4f735466cecf":"00000000-0000-05c2-0000-008900000004"},{"ELEMENT":"00000000-0000-05c2-0000-008b00000004","element-6066-11e4-a52e-4f735466cecf":"00000000-0000-05c2-0000-008b00000004"},{"ELEMENT":"00000000-0000-05c2-0000-008d00000004","element-6066-11e4-a52e-4f735466cecf":"00000000-0000-05c2-0000-008d00000004"},{"ELEMENT":"00000000-0000-05c2-0000-008f00000004","element-6066-11e4-a52e-4f735466cecf":"00000000-0000-05c2-0000-008f00000004"},{"ELEMENT":"00000000-0000-05c2-0000-009100000004","element-6066-...
&amp#27;[38;5;32m[AndroidUiautomator2Driver@7d8a (737cfc75)]&amp#27;[0m Responding to client with driver.findElementsFromElement() result: [{"element-6066-11e4-a52e-4f735466cecf":"00000000-0000-05c2-0000-008300000004","ELEMENT":"00000000-0000-05c2-0000-008300000004"},{"element-6066-11e4-a52e-4f735466cecf":"00000000-0000-05c2-0000-008500000004","ELEMENT":"00000000-0000-05c2-0000-008500000004"},{"element-6066-11e4-a52e-4f735466cecf":"00000000-0000-05c2-0000-008700000004","ELEMENT":"00000000-0000-05c2-0000-008700000004"},{"element-6066-11e4-a52e-4f735466cecf":"00000000-0000-05c2-0000-008900000004","ELEMENT":"00000000-0000-05c2-0000-008900000004"},{"element-6066-11e4-a52e-4f735466cecf":"00000000-0000-05c2-0000-008b00000004","ELEMENT":"00000000-0000-05c2-0000-008b00000004"},{"element-6066-11e4-a52e-4f735466cecf":"00000000-0000-05c2-0000-008d00000004","ELEMENT":"00000000-0000-05c2-0000-008d00000004"},{"element-6066-11e4-a52e-4f735466cecf":"00000000-0000-05c2-0000-008f00000004","ELEMENT":"00000000-0000-05c2-0000-008f00000004"},{"element-6066-11e4-a52e-4f735466cecf":"00000000-0000-05c2-0000-009100000004","ELEMENT":"00000000-0000-05c2-0000-00910000000...
&amp#27;[38;5;0m[HTTP]&amp#27;[0m &amp#27;[37m<-- POST /session/737cfc75-39b7-4d8d-95ca-253dab0f7826/element/00000000-0000-05c2-0000-002900000004/elements &amp#27;[39m&amp#27;[32m200&amp#27;[39m &amp#27;[90m48 ms - 2059&amp#27;[39m
&amp#27;[38;5;0m[HTTP]&amp#27;[0m &amp#27;[90m&amp#27;[39m
&amp#27;[38;5;0m[HTTP]&amp#27;[0m &amp#27;[37m-->&amp#27;[39m &amp#27;[37mGET&amp#27;[39m &amp#27;[37m/session/737cfc75-39b7-4d8d-95ca-253dab0f7826/element/00000000-0000-05c2-0000-008300000004/text&amp#27;[39m
&amp#27;[38;5;0m[HTTP]&amp#27;[0m &amp#27;[90m{}&amp#27;[39m
&amp#27;[38;5;32m[AndroidUiautomator2Driver@7d8a (737cfc75)]&amp#27;[0m Driver proxy active, passing request on via HTTP proxy
&amp#27;[38;5;32m[AndroidUiautomator2Driver@7d8a (737cfc75)]&amp#27;[0m Matched '/session/737cfc75-39b7-4d8d-95ca-253dab0f7826/element/00000000-0000-05c2-0000-008300000004/text' to command name 'getText'
&amp#27;[38;5;32m[AndroidUiautomator2Driver@7d8a (737cfc75)]&amp#27;[0m Proxying [GET /session/737cfc75-39b7-4d8d-95ca-253dab0f7826/element/00000000-0000-05c2-0000-008300000004/text] to [GET http://127.0.0.1:8240/session/848f67d1-b0ae-4721-9dff-71f52c26d8f9/element/00000000-0000-05c2-0000-008300000004/text] with no body
&amp#27;[38;5;32m[AndroidUiautomator2Driver@7d8a (737cfc75)]&amp#27;[0m Got response with status 200: {"sessionId":"848f67d1-b0ae-4721-9dff-71f52c26d8f9","value":"09:00"}
&amp#27;[38;5;32m[AndroidUiautomator2Driver@7d8a (737cfc75)]&amp#27;[0m Replacing sessionId 848f67d1-b0ae-4721-9dff-71f52c26d8f9 with 737cfc75-39b7-4d8d-95ca-253dab0f7826
&amp#27;[38;5;0m[HTTP]&amp#27;[0m &amp#27;[37m<-- GET /session/737cfc75-39b7-4d8d-95ca-253dab0f7826/element/00000000-0000-05c2-0000-008300000004/text &amp#27;[39m&amp#27;[32m200&amp#27;[39m &amp#27;[90m9 ms - 68&amp#27;[39m
&amp#27;[38;5;0m[HTTP]&amp#27;[0m &amp#27;[90m&amp#27;[39m
&amp#27;[38;5;0m[HTTP]&amp#27;[0m &amp#27;[37m-->&amp#27;[39m &amp#27;[37mGET&amp#27;[39m &amp#27;[37m/session/737cfc75-39b7-4d8d-95ca-253dab0f7826/element/00000000-0000-05c2-0000-008500000004/text&amp#27;[39m
&amp#27;[38;5;0m[HTTP]&amp#27;[0m &amp#27;[90m{}&amp#27;[39m
&amp#27;[38;5;32m[AndroidUiautomator2Driver@7d8a (737cfc75)]&amp#27;[0m Driver proxy active, passing request on via HTTP proxy
&amp#27;[38;5;32m[AndroidUiautomator2Driver@7d8a (737cfc75)]&amp#27;[0m Matched '/session/737cfc75-39b7-4d8d-95ca-253dab0f7826/element/00000000-0000-05c2-0000-008500000004/text' to command name 'getText'
&amp#27;[38;5;32m[AndroidUiautomator2Driver@7d8a (737cfc75)]&amp#27;[0m Proxying [GET /session/737cfc75-39b7-4d8d-95ca-253dab0f7826/element/00000000-0000-05c2-0000-008500000004/text] to [GET http://127.0.0.1:8240/session/848f67d1-b0ae-4721-9dff-71f52c26d8f9/element/00000000-0000-05c2-0000-008500000004/text] with no body
&amp#27;[38;5;32m[AndroidUiautomator2Driver@7d8a (737cfc75)]&amp#27;[0m Got response with status 200: {"sessionId":"848f67d1-b0ae-4721-9dff-71f52c26d8f9","value":"overcast clouds"}
&amp#27;[38;5;32m[AndroidUiautomator2Driver@7d8a (737cfc75)]&amp#27;[0m Replacing sessionId 848f67d1-b0ae-4721-9dff-71f52c26d8f9 with 737cfc75-39b7-4d8d-95ca-253dab0f7826
&amp#27;[38;5;0m[HTTP]&amp#27;[0m &amp#27;[37m<-- GET /session/737cfc75-39b7-4d8d-95ca-253dab0f7826/element/00000000-0000-05c2-0000-008500000004/text &amp#27;[39m&amp#27;[32m200&amp#27;[39m &amp#27;[90m9 ms - 78&amp#27;[39m
&amp#27;[38;5;0m[HTTP]&amp#27;[0m &amp#27;[90m&amp#27;[39m
&amp#27;[38;5;0m[HTTP]&amp#27;[0m &amp#27;[37m-->&amp#27;[39m &amp#27;[37mGET&amp#27;[39m &amp#27;[37m/session/737cfc75-39b7-4d8d-95ca-253dab0f7826/element/00000000-0000-05c2-0000-008700000004/text&amp#27;[39m
&amp#27;[38;5;0m[HTTP]&amp#27;[0m &amp#27;[90m{}&amp#27;[39m
&amp#27;[38;5;32m[AndroidUiautomator2Driver@7d8a (737cfc75)]&amp#27;[0m Driver proxy active, passing request on via HTTP proxy
&amp#27;[38;5;32m[AndroidUiautomator2Driver@7d8a (737cfc75)]&amp#27;[0m Matched '/session/737cfc75-39b7-4d8d-95ca-253dab0f7826/element/00000000-0000-05c2-0000-008700000004/text' to command name 'getText'
&amp#27;[38;5;32m[AndroidUiautomator2Driver@7d8a (737cfc75)]&amp#27;[0m Proxying [GET /session/737cfc75-39b7-4d8d-95ca-253dab0f7826/element/00000000-0000-05c2-0000-008700000004/text] to [GET http://127.0.0.1:8240/session/848f67d1-b0ae-4721-9dff-71f52c26d8f9/element/00000000-0000-05c2-0000-008700000004/text] with no body
&amp#27;[38;5;32m[AndroidUiautomator2Driver@7d8a (737cfc75)]&amp#27;[0m Got response with status 200: {"sessionId":"848f67d1-b0ae-4721-9dff-71f52c26d8f9","value":"87 %"}
&amp#27;[38;5;32m[AndroidUiautomator2Driver@7d8a (737cfc75)]&amp#27;[0m Replacing sessionId 848f67d1-b0ae-4721-9dff-71f52c26d8f9 with 737cfc75-39b7-4d8d-95ca-253dab0f7826
&amp#27;[38;5;0m[HTTP]&amp#27;[0m &amp#27;[37m<-- GET /session/737cfc75-39b7-4d8d-95ca-253dab0f7826/element/00000000-0000-05c2-0000-008700000004/text &amp#27;[39m&amp#27;[32m200&amp#27;[39m &amp#27;[90m9 ms - 67&amp#27;[39m
&amp#27;[38;5;0m[HTTP]&amp#27;[0m &amp#27;[90m&amp#27;[39m
&amp#27;[38;5;0m[HTTP]&amp#27;[0m &amp#27;[37m-->&amp#27;[39m &amp#27;[37mGET&amp#27;[39m &amp#27;[37m/session/737cfc75-39b7-4d8d-95ca-253dab0f7826/element/00000000-0000-05c2-0000-008900000004/text&amp#27;[39m
&amp#27;[38;5;0m[HTTP]&amp#27;[0m &amp#27;[90m{}&amp#27;[39m
&amp#27;[38;5;32m[AndroidUiautomator2Driver@7d8a (737cfc75)]&amp#27;[0m Driver proxy active, passing request on via HTTP proxy
&amp#27;[38;5;32m[AndroidUiautomator2Driver@7d8a (737cfc75)]&amp#27;[0m Matched '/session/737cfc75-39b7-4d8d-95ca-253dab0f7826/element/00000000-0000-05c2-0000-008900000004/text' to command name 'getText'
&amp#27;[38;5;32m[AndroidUiautomator2Driver@7d8a (737cfc75)]&amp#27;[0m Proxying [GET /session/737cfc75-39b7-4d8d-95ca-253dab0f7826/element/00000000-0000-05c2-0000-008900000004/text] to [GET http://127.0.0.1:8240/session/848f67d1-b0ae-4721-9dff-71f52c26d8f9/element/00000000-0000-05c2-0000-008900000004/text] with no body
&amp#27;[38;5;32m[AndroidUiautomator2Driver@7d8a (737cfc75)]&amp#27;[0m Got response with status 200: {"sessionId":"848f67d1-b0ae-4721-9dff-71f52c26d8f9","value":"12 Â°C"}
&amp#27;[38;5;32m[AndroidUiautomator2Driver@7d8a (737cfc75)]&amp#27;[0m Replacing sessionId 848f67d1-b0ae-4721-9dff-71f52c26d8f9 with 737cfc75-39b7-4d8d-95ca-253dab0f7826
&amp#27;[38;5;0m[HTTP]&amp#27;[0m &amp#27;[37m<-- GET /session/737cfc75-39b7-4d8d-95ca-253dab0f7826/element/00000000-0000-05c2-0000-008900000004/text &amp#27;[39m&amp#27;[32m200&amp#27;[39m &amp#27;[90m9 ms - 69&amp#27;[39m
&amp#27;[38;5;0m[HTTP]&amp#27;[0m &amp#27;[90m&amp#27;[39m
&amp#27;[38;5;0m[HTTP]&amp#27;[0m &amp#27;[37m-->&amp#27;[39m &amp#27;[37mGET&amp#27;[39m &amp#27;[37m/session/737cfc75-39b7-4d8d-95ca-253dab0f7826/element/00000000-0000-05c2-0000-008b00000004/text&amp#27;[39m
&amp#27;[38;5;0m[HTTP]&amp#27;[0m &amp#27;[90m{}&amp#27;[39m
&amp#27;[38;5;32m[AndroidUiautomator2Driver@7d8a (737cfc75)]&amp#27;[0m Driver proxy active, passing request on via HTTP proxy
&amp#27;[38;5;32m[AndroidUiautomator2Driver@7d8a (737cfc75)]&amp#27;[0m Matched '/session/737cfc75-39b7-4d8d-95ca-253dab0f7826/element/00000000-0000-05c2-0000-008b00000004/text' to command name 'getText'
&amp#27;[38;5;32m[AndroidUiautomator2Driver@7d8a (737cfc75)]&amp#27;[0m Proxying [GET /session/737cfc75-39b7-4d8d-95ca-253dab0f7826/element/00000000-0000-05c2-0000-008b00000004/text] to [GET http://127.0.0.1:8240/session/848f67d1-b0ae-4721-9dff-71f52c26d8f9/element/00000000-0000-05c2-0000-008b00000004/text] with no body
&amp#27;[38;5;32m[AndroidUiautomator2Driver@7d8a (737cfc75)]&amp#27;[0m Got response with status 200: {"sessionId":"848f67d1-b0ae-4721-9dff-71f52c26d8f9","value":"10:00"}
&amp#27;[38;5;32m[AndroidUiautomator2Driver@7d8a (737cfc75)]&amp#27;[0m Replacing sessionId 848f67d1-b0ae-4721-9dff-71f52c26d8f9 with 737cfc75-39b7-4d8d-95ca-253dab0f7826
&amp#27;[38;5;0m[HTTP]&amp#27;[0m &amp#27;[37m<-- GET /session/737cfc75-39b7-4d8d-95ca-253dab0f7826/element/00000000-0000-05c2-0000-008b00000004/text &amp#27;[39m&amp#27;[32m200&amp#27;[39m &amp#27;[90m10 ms - 68&amp#27;[39m
&amp#27;[38;5;0m[HTTP]&amp#27;[0m &amp#27;[90m&amp#27;[39m
&amp#27;[38;5;0m[HTTP]&amp#27;[0m &amp#27;[37m-->&amp#27;[39m &amp#27;[37mGET&amp#27;[39m &amp#27;[37m/session/737cfc75-39b7-4d8d-95ca-253dab0f7826/element/00000000-0000-05c2-0000-008d00000004/text&amp#27;[39m
&amp#27;[38;5;0m[HTTP]&amp#27;[0m &amp#27;[90m{}&amp#27;[39m
&amp#27;[38;5;32m[AndroidUiautomator2Driver@7d8a (737cfc75)]&amp#27;[0m Driver proxy active, passing request on via HTTP proxy
&amp#27;[38;5;32m[AndroidUiautomator2Driver@7d8a (737cfc75)]&amp#27;[0m Matched '/session/737cfc75-39b7-4d8d-95ca-253dab0f7826/element/00000000-0000-05c2-0000-008d00000004/text' to command name 'getText'
&amp#27;[38;5;32m[AndroidUiautomator2Driver@7d8a (737cfc75)]&amp#27;[0m Proxying [GET /session/737cfc75-39b7-4d8d-95ca-253dab0f7826/element/00000000-0000-05c2-0000-008d00000004/text] to [GET http://127.0.0.1:8240/session/848f67d1-b0ae-4721-9dff-71f52c26d8f9/element/00000000-0000-05c2-0000-008d00000004/text] with no body
&amp#27;[38;5;32m[AndroidUiautomator2Driver@7d8a (737cfc75)]&amp#27;[0m Got response with status 200: {"sessionId":"848f67d1-b0ae-4721-9dff-71f52c26d8f9","value":"light rain"}
&amp#27;[38;5;32m[AndroidUiautomator2Driver@7d8a (737cfc75)]&amp#27;[0m Replacing sessionId 848f67d1-b0ae-4721-9dff-71f52c26d8f9 with 737cfc75-39b7-4d8d-95ca-253dab0f7826
&amp#27;[38;5;0m[HTTP]&amp#27;[0m &amp#27;[37m<-- GET /session/737cfc75-39b7-4d8d-95ca-253dab0f7826/element/00000000-0000-05c2-0000-008d00000004/text &amp#27;[39m&amp#27;[32m200&amp#27;[39m &amp#27;[90m10 ms - 73&amp#27;[39m
&amp#27;[38;5;0m[HTTP]&amp#27;[0m &amp#27;[90m&amp#27;[39m
&amp#27;[38;5;0m[HTTP]&amp#27;[0m &amp#27;[37m-->&amp#27;[39m &amp#27;[37mGET&amp#27;[39m &amp#27;[37m/session/737cfc75-39b7-4d8d-95ca-253dab0f7826/element/00000000-0000-05c2-0000-008f00000004/text&amp#27;[39m
&amp#27;[38;5;0m[HTTP]&amp#27;[0m &amp#27;[90m{}&amp#27;[39m
&amp#27;[38;5;32m[AndroidUiautomator2Driver@7d8a (737cfc75)]&amp#27;[0m Driver proxy active, passing request on via HTTP proxy
&amp#27;[38;5;32m[AndroidUiautomator2Driver@7d8a (737cfc75)]&amp#27;[0m Matched '/session/737cfc75-39b7-4d8d-95ca-253dab0f7826/element/00000000-0000-05c2-0000-008f00000004/text' to command name 'getText'
&amp#27;[38;5;32m[AndroidUiautomator2Driver@7d8a (737cfc75)]&amp#27;[0m Proxying [GET /session/737cfc75-39b7-4d8d-95ca-253dab0f7826/element/00000000-0000-05c2-0000-008f00000004/text] to [GET http://127.0.0.1:8240/session/848f67d1-b0ae-4721-9dff-71f52c26d8f9/element/00000000-0000-05c2-0000-008f00000004/text] with no body
&amp#27;[38;5;32m[AndroidUiautomator2Driver@7d8a (737cfc75)]&amp#27;[0m Got response with status 200: {"sessionId":"848f67d1-b0ae-4721-9dff-71f52c26d8f9","value":"90 %"}
&amp#27;[38;5;32m[AndroidUiautomator2Driver@7d8a (737cfc75)]&amp#27;[0m Replacing sessionId 848f67d1-b0ae-4721-9dff-71f52c26d8f9 with 737cfc75-39b7-4d8d-95ca-253dab0f7826
&amp#27;[38;5;0m[HTTP]&amp#27;[0m &amp#27;[37m<-- GET /session/737cfc75-39b7-4d8d-95ca-253dab0f7826/element/00000000-0000-05c2-0000-008f00000004/text &amp#27;[39m&amp#27;[32m200&amp#27;[39m &amp#27;[90m10 ms - 67&amp#27;[39m
&amp#27;[38;5;0m[HTTP]&amp#27;[0m &amp#27;[90m&amp#27;[39m
&amp#27;[38;5;0m[HTTP]&amp#27;[0m &amp#27;[37m-->&amp#27;[39m &amp#27;[37mGET&amp#27;[39m &amp#27;[37m/session/737cfc75-39b7-4d8d-95ca-253dab0f7826/element/00000000-0000-05c2-0000-009100000004/text&amp#27;[39m
&amp#27;[38;5;0m[HTTP]&amp#27;[0m &amp#27;[90m{}&amp#27;[39m
&amp#27;[38;5;32m[AndroidUiautomator2Driver@7d8a (737cfc75)]&amp#27;[0m Driver proxy active, passing request on via HTTP proxy
&amp#27;[38;5;32m[AndroidUiautomator2Driver@7d8a (737cfc75)]&amp#27;[0m Matched '/session/737cfc75-39b7-4d8d-95ca-253dab0f7826/element/00000000-0000-05c2-0000-009100000004/text' to command name 'getText'
&amp#27;[38;5;32m[AndroidUiautomator2Driver@7d8a (737cfc75)]&amp#27;[0m Proxying [GET /session/737cfc75-39b7-4d8d-95ca-253dab0f7826/element/00000000-0000-05c2-0000-009100000004/text] to [GET http://127.0.0.1:8240/session/848f67d1-b0ae-4721-9dff-71f52c26d8f9/element/00000000-0000-05c2-0000-009100000004/text] with no body
&amp#27;[38;5;32m[AndroidUiautomator2Driver@7d8a (737cfc75)]&amp#27;[0m Got response with status 200: {"sessionId":"848f67d1-b0ae-4721-9dff-71f52c26d8f9","value":"12 Â°C"}
&amp#27;[38;5;32m[AndroidUiautomator2Driver@7d8a (737cfc75)]&amp#27;[0m Replacing sessionId 848f67d1-b0ae-4721-9dff-71f52c26d8f9 with 737cfc75-39b7-4d8d-95ca-253dab0f7826
&amp#27;[38;5;0m[HTTP]&amp#27;[0m &amp#27;[37m<-- GET /session/737cfc75-39b7-4d8d-95ca-253dab0f7826/element/00000000-0000-05c2-0000-009100000004/text &amp#27;[39m&amp#27;[32m200&amp#27;[39m &amp#27;[90m10 ms - 69&amp#27;[39m
&amp#27;[38;5;0m[HTTP]&amp#27;[0m &amp#27;[90m&amp#27;[39m
&amp#27;[38;5;0m[HTTP]&amp#27;[0m &amp#27;[37m-->&amp#27;[39m &amp#27;[37mGET&amp#27;[39m &amp#27;[37m/session/737cfc75-39b7-4d8d-95ca-253dab0f7826/element/00000000-0000-05c2-0000-009300000004/text&amp#27;[39m
&amp#27;[38;5;0m[HTTP]&amp#27;[0m &amp#27;[90m{}&amp#27;[39m
&amp#27;[38;5;32m[AndroidUiautomator2Driver@7d8a (737cfc75)]&amp#27;[0m Driver proxy active, passing request on via HTTP proxy
&amp#27;[38;5;32m[AndroidUiautomator2Driver@7d8a (737cfc75)]&amp#27;[0m Matched '/session/737cfc75-39b7-4d8d-95ca-253dab0f7826/element/00000000-0000-05c2-0000-009300000004/text' to command name 'getText'
&amp#27;[38;5;32m[AndroidUiautomator2Driver@7d8a (737cfc75)]&amp#27;[0m Proxying [GET /session/737cfc75-39b7-4d8d-95ca-253dab0f7826/element/00000000-0000-05c2-0000-009300000004/text] to [GET http://127.0.0.1:8240/session/848f67d1-b0ae-4721-9dff-71f52c26d8f9/element/00000000-0000-05c2-0000-009300000004/text] with no body
&amp#27;[38;5;32m[AndroidUiautomator2Driver@7d8a (737cfc75)]&amp#27;[0m Got response with status 200: {"sessionId":"848f67d1-b0ae-4721-9dff-71f52c26d8f9","value":"11:00"}
&amp#27;[38;5;32m[AndroidUiautomator2Driver@7d8a (737cfc75)]&amp#27;[0m Replacing sessionId 848f67d1-b0ae-4721-9dff-71f52c26d8f9 with 737cfc75-39b7-4d8d-95ca-253dab0f7826
&amp#27;[38;5;0m[HTTP]&amp#27;[0m &amp#27;[37m<-- GET /session/737cfc75-39b7-4d8d-95ca-253dab0f7826/element/00000000-0000-05c2-0000-009300000004/text &amp#27;[39m&amp#27;[32m200&amp#27;[39m &amp#27;[90m10 ms - 68&amp#27;[39m
&amp#27;[38;5;0m[HTTP]&amp#27;[0m &amp#27;[90m&amp#27;[39m
&amp#27;[38;5;0m[HTTP]&amp#27;[0m &amp#27;[37m-->&amp#27;[39m &amp#27;[37mGET&amp#27;[39m &amp#27;[37m/session/737cfc75-39b7-4d8d-95ca-253dab0f7826/element/00000000-0000-05c2-0000-009500000004/text&amp#27;[39m
&amp#27;[38;5;0m[HTTP]&amp#27;[0m &amp#27;[90m{}&amp#27;[39m
&amp#27;[38;5;32m[AndroidUiautomator2Driver@7d8a (737cfc75)]&amp#27;[0m Driver proxy active, passing request on via HTTP proxy
&amp#27;[38;5;32m[AndroidUiautomator2Driver@7d8a (737cfc75)]&amp#27;[0m Matched '/session/737cfc75-39b7-4d8d-95ca-253dab0f7826/element/00000000-0000-05c2-0000-009500000004/text' to command name 'getText'
&amp#27;[38;5;32m[AndroidUiautomator2Driver@7d8a (737cfc75)]&amp#27;[0m Proxying [GET /session/737cfc75-39b7-4d8d-95ca-253dab0f7826/element/00000000-0000-05c2-0000-009500000004/text] to [GET http://127.0.0.1:8240/session/848f67d1-b0ae-4721-9dff-71f52c26d8f9/element/00000000-0000-05c2-0000-009500000004/text] with no body
&amp#27;[38;5;32m[AndroidUiautomator2Driver@7d8a (737cfc75)]&amp#27;[0m Got response with status 200: {"sessionId":"848f67d1-b0ae-4721-9dff-71f52c26d8f9","value":"light rain"}
&amp#27;[38;5;32m[AndroidUiautomator2Driver@7d8a (737cfc75)]&amp#27;[0m Replacing sessionId 848f67d1-b0ae-4721-9dff-71f52c26d8f9 with 737cfc75-39b7-4d8d-95ca-253dab0f7826
&amp#27;[38;5;0m[HTTP]&amp#27;[0m &amp#27;[37m<-- GET /session/737cfc75-39b7-4d8d-95ca-253dab0f7826/element/00000000-0000-05c2-0000-009500000004/text &amp#27;[39m&amp#27;[32m200&amp#27;[39m &amp#27;[90m10 ms - 73&amp#27;[39m
&amp#27;[38;5;0m[HTTP]&amp#27;[0m &amp#27;[90m&amp#27;[39m
&amp#27;[38;5;0m[HTTP]&amp#27;[0m &amp#27;[37m-->&amp#27;[39m &amp#27;[37mGET&amp#27;[39m &amp#27;[37m/session/737cfc75-39b7-4d8d-95ca-253dab0f7826/element/00000000-0000-05c2-0000-009700000004/text&amp#27;[39m
&amp#27;[38;5;0m[HTTP]&amp#27;[0m &amp#27;[90m{}&amp#27;[39m
&amp#27;[38;5;32m[AndroidUiautomator2Driver@7d8a (737cfc75)]&amp#27;[0m Driver proxy active, passing request on via HTTP proxy
&amp#27;[38;5;32m[AndroidUiautomator2Driver@7d8a (737cfc75)]&amp#27;[0m Matched '/session/737cfc75-39b7-4d8d-95ca-253dab0f7826/element/00000000-0000-05c2-0000-009700000004/text' to command name 'getText'
&amp#27;[38;5;32m[AndroidUiautomator2Driver@7d8a (737cfc75)]&amp#27;[0m Proxying [GET /session/737cfc75-39b7-4d8d-95ca-253dab0f7826/element/00000000-0000-05c2-0000-009700000004/text] to [GET http://127.0.0.1:8240/session/848f67d1-b0ae-4721-9dff-71f52c26d8f9/element/00000000-0000-05c2-0000-009700000004/text] with no body
&amp#27;[38;5;32m[AndroidUiautomator2Driver@7d8a (737cfc75)]&amp#27;[0m Got response with status 200: {"sessionId":"848f67d1-b0ae-4721-9dff-71f52c26d8f9","value":"93 %"}
&amp#27;[38;5;32m[AndroidUiautomator2Driver@7d8a (737cfc75)]&amp#27;[0m Replacing sessionId 848f67d1-b0ae-4721-9dff-71f52c26d8f9 with 737cfc75-39b7-4d8d-95ca-253dab0f7826
&amp#27;[38;5;0m[HTTP]&amp#27;[0m &amp#27;[37m<-- GET /session/737cfc75-39b7-4d8d-95ca-253dab0f7826/element/00000000-0000-05c2-0000-009700000004/text &amp#27;[39m&amp#27;[32m200&amp#27;[39m &amp#27;[90m10 ms - 67&amp#27;[39m
&amp#27;[38;5;0m[HTTP]&amp#27;[0m &amp#27;[90m&amp#27;[39m
&amp#27;[38;5;0m[HTTP]&amp#27;[0m &amp#27;[37m-->&amp#27;[39m &amp#27;[37mGET&amp#27;[39m &amp#27;[37m/session/737cfc75-39b7-4d8d-95ca-253dab0f7826/element/00000000-0000-05c2-0000-009900000004/text&amp#27;[39m
&amp#27;[38;5;0m[HTTP]&amp#27;[0m &amp#27;[90m{}&amp#27;[39m
&amp#27;[38;5;32m[AndroidUiautomator2Driver@7d8a (737cfc75)]&amp#27;[0m Driver proxy active, passing request on via HTTP proxy
&amp#27;[38;5;32m[AndroidUiautomator2Driver@7d8a (737cfc75)]&amp#27;[0m Matched '/session/737cfc75-39b7-4d8d-95ca-253dab0f7826/element/00000000-0000-05c2-0000-009900000004/text' to command name 'getText'
&amp#27;[38;5;32m[AndroidUiautomator2Driver@7d8a (737cfc75)]&amp#27;[0m Proxying [GET /session/737cfc75-39b7-4d8d-95ca-253dab0f7826/element/00000000-0000-05c2-0000-009900000004/text] to [GET http://127.0.0.1:8240/session/848f67d1-b0ae-4721-9dff-71f52c26d8f9/element/00000000-0000-05c2-0000-009900000004/text] with no body
&amp#27;[38;5;32m[AndroidUiautomator2Driver@7d8a (737cfc75)]&amp#27;[0m Got response with status 200: {"sessionId":"848f67d1-b0ae-4721-9dff-71f52c26d8f9","value":"12 Â°C"}
&amp#27;[38;5;32m[AndroidUiautomator2Driver@7d8a (737cfc75)]&amp#27;[0m Replacing sessionId 848f67d1-b0ae-4721-9dff-71f52c26d8f9 with 737cfc75-39b7-4d8d-95ca-253dab0f7826
&amp#27;[38;5;0m[HTTP]&amp#27;[0m &amp#27;[37m<-- GET /session/737cfc75-39b7-4d8d-95ca-253dab0f7826/element/00000000-0000-05c2-0000-009900000004/text &amp#27;[39m&amp#27;[32m200&amp#27;[39m &amp#27;[90m10 ms - 69&amp#27;[39m
&amp#27;[38;5;0m[HTTP]&amp#27;[0m &amp#27;[90m&amp#27;[39m
&amp#27;[38;5;0m[HTTP]&amp#27;[0m &amp#27;[37m-->&amp#27;[39m &amp#27;[37mGET&amp#27;[39m &amp#27;[37m/session/737cfc75-39b7-4d8d-95ca-253dab0f7826/element/00000000-0000-05c2-0000-009b00000004/text&amp#27;[39m
&amp#27;[38;5;0m[HTTP]&amp#27;[0m &amp#27;[90m{}&amp#27;[39m
&amp#27;[38;5;32m[AndroidUiautomator2Driver@7d8a (737cfc75)]&amp#27;[0m Driver proxy active, passing request on via HTTP proxy
&amp#27;[38;5;32m[AndroidUiautomator2Driver@7d8a (737cfc75)]&amp#27;[0m Matched '/session/737cfc75-39b7-4d8d-95ca-253dab0f7826/element/00000000-0000-05c2-0000-009b00000004/text' to command name 'getText'
&amp#27;[38;5;32m[AndroidUiautomator2Driver@7d8a (737cfc75)]&amp#27;[0m Proxying [GET /session/737cfc75-39b7-4d8d-95ca-253dab0f7826/element/00000000-0000-05c2-0000-009b00000004/text] to [GET http://127.0.0.1:8240/session/848f67d1-b0ae-4721-9dff-71f52c26d8f9/element/00000000-0000-05c2-0000-009b00000004/text] with no body
&amp#27;[38;5;32m[AndroidUiautomator2Driver@7d8a (737cfc75)]&amp#27;[0m Got response with status 200: {"sessionId":"848f67d1-b0ae-4721-9dff-71f52c26d8f9","value":"12:00"}
&amp#27;[38;5;32m[AndroidUiautomator2Driver@7d8a (737cfc75)]&amp#27;[0m Replacing sessionId 848f67d1-b0ae-4721-9dff-71f52c26d8f9 with 737cfc75-39b7-4d8d-95ca-253dab0f7826
&amp#27;[38;5;0m[HTTP]&amp#27;[0m &amp#27;[37m<-- GET /session/737cfc75-39b7-4d8d-95ca-253dab0f7826/element/00000000-0000-05c2-0000-009b00000004/text &amp#27;[39m&amp#27;[32m200&amp#27;[39m &amp#27;[90m10 ms - 68&amp#27;[39m
&amp#27;[38;5;0m[HTTP]&amp#27;[0m &amp#27;[90m&amp#27;[39m
&amp#27;[38;5;0m[HTTP]&amp#27;[0m &amp#27;[37m-->&amp#27;[39m &amp#27;[37mGET&amp#27;[39m &amp#27;[37m/session/737cfc75-39b7-4d8d-95ca-253dab0f7826/element/00000000-0000-05c2-0000-009d00000004/text&amp#27;[39m
&amp#27;[38;5;0m[HTTP]&amp#27;[0m &amp#27;[90m{}&amp#27;[39m
&amp#27;[38;5;32m[AndroidUiautomator2Driver@7d8a (737cfc75)]&amp#27;[0m Driver proxy active, passing request on via HTTP proxy
&amp#27;[38;5;32m[AndroidUiautomator2Driver@7d8a (737cfc75)]&amp#27;[0m Matched '/session/737cfc75-39b7-4d8d-95ca-253dab0f7826/element/00000000-0000-05c2-0000-009d00000004/text' to command name 'getText'
&amp#27;[38;5;32m[AndroidUiautomator2Driver@7d8a (737cfc75)]&amp#27;[0m Proxying [GET /session/737cfc75-39b7-4d8d-95ca-253dab0f7826/element/00000000-0000-05c2-0000-009d00000004/text] to [GET http://127.0.0.1:8240/session/848f67d1-b0ae-4721-9dff-71f52c26d8f9/element/00000000-0000-05c2-0000-009d00000004/text] with no body
&amp#27;[38;5;32m[AndroidUiautomator2Driver@7d8a (737cfc75)]&amp#27;[0m Got response with status 200: {"sessionId":"848f67d1-b0ae-4721-9dff-71f52c26d8f9","value":"light rain"}
&amp#27;[38;5;32m[AndroidUiautomator2Driver@7d8a (737cfc75)]&amp#27;[0m Replacing sessionId 848f67d1-b0ae-4721-9dff-71f52c26d8f9 with 737cfc75-39b7-4d8d-95ca-253dab0f7826
&amp#27;[38;5;0m[HTTP]&amp#27;[0m &amp#27;[37m<-- GET /session/737cfc75-39b7-4d8d-95ca-253dab0f7826/element/00000000-0000-05c2-0000-009d00000004/text &amp#27;[39m&amp#27;[32m200&amp#27;[39m &amp#27;[90m9 ms - 73&amp#27;[39m
&amp#27;[38;5;0m[HTTP]&amp#27;[0m &amp#27;[90m&amp#27;[39m
&amp#27;[38;5;0m[HTTP]&amp#27;[0m &amp#27;[37m-->&amp#27;[39m &amp#27;[37mGET&amp#27;[39m &amp#27;[37m/session/737cfc75-39b7-4d8d-95ca-253dab0f7826/element/00000000-0000-05c2-0000-009f00000004/text&amp#27;[39m
&amp#27;[38;5;0m[HTTP]&amp#27;[0m &amp#27;[90m{}&amp#27;[39m
&amp#27;[38;5;32m[AndroidUiautomator2Driver@7d8a (737cfc75)]&amp#27;[0m Driver proxy active, passing request on via HTTP proxy
&amp#27;[38;5;32m[AndroidUiautomator2Driver@7d8a (737cfc75)]&amp#27;[0m Matched '/session/737cfc75-39b7-4d8d-95ca-253dab0f7826/element/00000000-0000-05c2-0000-009f00000004/text' to command name 'getText'
&amp#27;[38;5;32m[AndroidUiautomator2Driver@7d8a (737cfc75)]&amp#27;[0m Proxying [GET /session/737cfc75-39b7-4d8d-95ca-253dab0f7826/element/00000000-0000-05c2-0000-009f00000004/text] to [GET http://127.0.0.1:8240/session/848f67d1-b0ae-4721-9dff-71f52c26d8f9/element/00000000-0000-05c2-0000-009f00000004/text] with no body
&amp#27;[38;5;32m[AndroidUiautomator2Driver@7d8a (737cfc75)]&amp#27;[0m Got response with status 200: {"sessionId":"848f67d1-b0ae-4721-9dff-71f52c26d8f9","value":"94 %"}
&amp#27;[38;5;32m[AndroidUiautomator2Driver@7d8a (737cfc75)]&amp#27;[0m Replacing sessionId 848f67d1-b0ae-4721-9dff-71f52c26d8f9 with 737cfc75-39b7-4d8d-95ca-253dab0f7826
&amp#27;[38;5;0m[HTTP]&amp#27;[0m &amp#27;[37m<-- GET /session/737cfc75-39b7-4d8d-95ca-253dab0f7826/element/00000000-0000-05c2-0000-009f00000004/text &amp#27;[39m&amp#27;[32m200&amp#27;[39m &amp#27;[90m9 ms - 67&amp#27;[39m
&amp#27;[38;5;0m[HTTP]&amp#27;[0m &amp#27;[90m&amp#27;[39m
&amp#27;[38;5;0m[HTTP]&amp#27;[0m &amp#27;[37m-->&amp#27;[39m &amp#27;[37mGET&amp#27;[39m &amp#27;[37m/session/737cfc75-39b7-4d8d-95ca-253dab0f7826/element/00000000-0000-05c2-0000-00a100000004/text&amp#27;[39m
&amp#27;[38;5;0m[HTTP]&amp#27;[0m &amp#27;[90m{}&amp#27;[39m
&amp#27;[38;5;32m[AndroidUiautomator2Driver@7d8a (737cfc75)]&amp#27;[0m Driver proxy active, passing request on via HTTP proxy
&amp#27;[38;5;32m[AndroidUiautomator2Driver@7d8a (737cfc75)]&amp#27;[0m Matched '/session/737cfc75-39b7-4d8d-95ca-253dab0f7826/element/00000000-0000-05c2-0000-00a100000004/text' to command name 'getText'
&amp#27;[38;5;32m[AndroidUiautomator2Driver@7d8a (737cfc75)]&amp#27;[0m Proxying [GET /session/737cfc75-39b7-4d8d-95ca-253dab0f7826/element/00000000-0000-05c2-0000-00a100000004/text] to [GET http://127.0.0.1:8240/session/848f67d1-b0ae-4721-9dff-71f52c26d8f9/element/00000000-0000-05c2-0000-00a100000004/text] with no body
&amp#27;[38;5;32m[AndroidUiautomator2Driver@7d8a (737cfc75)]&amp#27;[0m Got response with status 200: {"sessionId":"848f67d1-b0ae-4721-9dff-71f52c26d8f9","value":"12 Â°C"}
&amp#27;[38;5;32m[AndroidUiautomator2Driver@7d8a (737cfc75)]&amp#27;[0m Replacing sessionId 848f67d1-b0ae-4721-9dff-71f52c26d8f9 with 737cfc75-39b7-4d8d-95ca-253dab0f7826
&amp#27;[38;5;0m[HTTP]&amp#27;[0m &amp#27;[37m<-- GET /session/737cfc75-39b7-4d8d-95ca-253dab0f7826/element/00000000-0000-05c2-0000-00a100000004/text &amp#27;[39m&amp#27;[32m200&amp#27;[39m &amp#27;[90m9 ms - 69&amp#27;[39m
&amp#27;[38;5;0m[HTTP]&amp#27;[0m &amp#27;[90m&amp#27;[39m
&amp#27;[38;5;0m[HTTP]&amp#27;[0m &amp#27;[37m-->&amp#27;[39m &amp#27;[37mPOST&amp#27;[39m &amp#27;[37m/session/737cfc75-39b7-4d8d-95ca-253dab0f7826/execute/sync&amp#27;[39m
&amp#27;[38;5;0m[HTTP]&amp#27;[0m &amp#27;[90m{"script":"mobile: swipeGesture","args":[{"elementId":"00000000-0000-05c2-0000-002900000004","percent":0.4,"speed":320,"direction":"left"}]}&amp#27;[39m
&amp#27;[38;5;32m[AndroidUiautomator2Driver@7d8a (737cfc75)]&amp#27;[0m Calling AppiumDriver.execute() with args: ["mobile: swipeGesture",[{"elementId":"00000000-0000-05c2-0000-002900000004","percent":0.4,"speed":320,"direction":"left"}],"737cfc75-39b7-4d8d-95ca-253dab0f7826"]
&amp#27;[38;5;32m[AndroidUiautomator2Driver@7d8a (737cfc75)]&amp#27;[0m Executing method 'mobile: swipeGesture'
&amp#27;[38;5;32m[AndroidUiautomator2Driver@7d8a (737cfc75)]&amp#27;[0m Proxying [POST /appium/gestures/swipe] to [POST http://127.0.0.1:8240/session/848f67d1-b0ae-4721-9dff-71f52c26d8f9/appium/gestures/swipe] with body: {"origin":{"ELEMENT":"00000000-0000-05c2-0000-002900000004","element-6066-11e4-a52e-4f735466cecf":"00000000-0000-05c2-0000-002900000004"},"direction":"left","percent":0.4,"speed":320}
&amp#27;[38;5;32m[AndroidUiautomator2Driver@7d8a (737cfc75)]&amp#27;[0m Got response with status 200: {"sessionId":"848f67d1-b0ae-4721-9dff-71f52c26d8f9","value":null}
&amp#27;[38;5;32m[AndroidUiautomator2Driver@7d8a (737cfc75)]&amp#27;[0m Responding to client with driver.execute() result: null
&amp#27;[38;5;0m[HTTP]&amp#27;[0m &amp#27;[37m<-- POST /session/737cfc75-39b7-4d8d-95ca-253dab0f7826/execute/sync &amp#27;[39m&amp#27;[32m200&amp#27;[39m &amp#27;[90m1533 ms - 14&amp#27;[39m
&amp#27;[38;5;0m[HTTP]&amp#27;[0m &amp#27;[90m&amp#27;[39m
&amp#27;[38;5;0m[HTTP]&amp#27;[0m &amp#27;[37m-->&amp#27;[39m &amp#27;[37mPOST&amp#27;[39m &amp#27;[37m/session/737cfc75-39b7-4d8d-95ca-253dab0f7826/elements&amp#27;[39m
&amp#27;[38;5;0m[HTTP]&amp#27;[0m &amp#27;[90m{"using":"xpath","value":"//android.widget.HorizontalScrollView"}&amp#27;[39m
&amp#27;[38;5;32m[AndroidUiautomator2Driver@7d8a (737cfc75)]&amp#27;[0m Calling AppiumDriver.findElements() with args: ["xpath","//android.widget.HorizontalScrollView","737cfc75-39b7-4d8d-95ca-253dab0f7826"]
&amp#27;[38;5;32m[AndroidUiautomator2Driver@7d8a (737cfc75)]&amp#27;[0m Valid locator strategies for this request: xpath, id, class name, accessibility id, css selector, -android uiautomator
&amp#27;[38;5;32m[AndroidUiautomator2Driver@7d8a (737cfc75)]&amp#27;[0m Waiting up to 0 ms for condition
&amp#27;[38;5;32m[AndroidUiautomator2Driver@7d8a (737cfc75)]&amp#27;[0m Matched '/elements' to command name 'findElements'
&amp#27;[38;5;32m[AndroidUiautomator2Driver@7d8a (737cfc75)]&amp#27;[0m Proxying [POST /elements] to [POST http://127.0.0.1:8240/session/848f67d1-b0ae-4721-9dff-71f52c26d8f9/elements] with body: {"strategy":"xpath","selector":"//android.widget.HorizontalScrollView","context":"","multiple":true}
&amp#27;[38;5;32m[AndroidUiautomator2Driver@7d8a (737cfc75)]&amp#27;[0m Got response with status 200: {"sessionId":"848f67d1-b0ae-4721-9dff-71f52c26d8f9","value":[{"ELEMENT":"00000000-0000-05c2-0000-002900000004","element-6066-11e4-a52e-4f735466cecf":"00000000-0000-05c2-0000-002900000004"},{"ELEMENT":"00000000-0000-05c2-0000-002a00000004","element-6066-11e4-a52e-4f735466cecf":"00000000-0000-05c2-0000-002a00000004"}]}
&amp#27;[38;5;32m[AndroidUiautomator2Driver@7d8a (737cfc75)]&amp#27;[0m Responding to client with driver.findElements() result: [{"element-6066-11e4-a52e-4f735466cecf":"00000000-0000-05c2-0000-002900000004","ELEMENT":"00000000-0000-05c2-0000-002900000004"},{"element-6066-11e4-a52e-4f735466cecf":"00000000-0000-05c2-0000-002a00000004","ELEMENT":"00000000-0000-05c2-0000-002a00000004"}]
&amp#27;[38;5;0m[HTTP]&amp#27;[0m &amp#27;[37m<-- POST /session/737cfc75-39b7-4d8d-95ca-253dab0f7826/elements &amp#27;[39m&amp#27;[32m200&amp#27;[39m &amp#27;[90m117 ms - 267&amp#27;[39m
&amp#27;[38;5;0m[HTTP]&amp#27;[0m &amp#27;[90m&amp#27;[39m
&amp#27;[38;5;0m[HTTP]&amp#27;[0m &amp#27;[37m-->&amp#27;[39m &amp#27;[37mPOST&amp#27;[39m &amp#27;[37m/session/737cfc75-39b7-4d8d-95ca-253dab0f7826/element/00000000-0000-05c2-0000-002900000004/elements&amp#27;[39m
&amp#27;[38;5;0m[HTTP]&amp#27;[0m &amp#27;[90m{"id":"00000000-0000-05c2-0000-002900000004","using":"xpath","value":"//android.view.View"}&amp#27;[39m
&amp#27;[38;5;32m[AndroidUiautomator2Driver@7d8a (737cfc75)]&amp#27;[0m Calling AppiumDriver.findElementsFromElement() with args: ["xpath","//android.view.View","00000000-0000-05c2-0000-002900000004","737cfc75-39b7-4d8d-95ca-253dab0f7826"]
&amp#27;[38;5;32m[AndroidUiautomator2Driver@7d8a (737cfc75)]&amp#27;[0m Valid locator strategies for this request: xpath, id, class name, accessibility id, css selector, -android uiautomator
&amp#27;[38;5;32m[AndroidUiautomator2Driver@7d8a (737cfc75)]&amp#27;[0m Waiting up to 0 ms for condition
&amp#27;[38;5;32m[AndroidUiautomator2Driver@7d8a (737cfc75)]&amp#27;[0m Matched '/elements' to command name 'findElements'
&amp#27;[38;5;32m[AndroidUiautomator2Driver@7d8a (737cfc75)]&amp#27;[0m Proxying [POST /elements] to [POST http://127.0.0.1:8240/session/848f67d1-b0ae-4721-9dff-71f52c26d8f9/elements] with body: {"strategy":"xpath","selector":"//android.view.View","context":"00000000-0000-05c2-0000-002900000004","multiple":true}
&amp#27;[38;5;32m[AndroidUiautomator2Driver@7d8a (737cfc75)]&amp#27;[0m Got response with status 200: {"sessionId":"848f67d1-b0ae-4721-9dff-71f52c26d8f9","value":[{"ELEMENT":"00000000-0000-05c2-0000-008b00000004","element-6066-11e4-a52e-4f735466cecf":"00000000-0000-05c2-0000-008b00000004"},{"ELEMENT":"00000000-0000-05c2-0000-008d00000004","element-6066-11e4-a52e-4f735466cecf":"00000000-0000-05c2-0000-008d00000004"},{"ELEMENT":"00000000-0000-05c2-0000-008f00000004","element-6066-11e4-a52e-4f735466cecf":"00000000-0000-05c2-0000-008f00000004"},{"ELEMENT":"00000000-0000-05c2-0000-009100000004","element-6066-11e4-a52e-4f735466cecf":"00000000-0000-05c2-0000-009100000004"},{"ELEMENT":"00000000-0000-05c2-0000-009300000004","element-6066-11e4-a52e-4f735466cecf":"00000000-0000-05c2-0000-009300000004"},{"ELEMENT":"00000000-0000-05c2-0000-009500000004","element-6066-11e4-a52e-4f735466cecf":"00000000-0000-05c2-0000-009500000004"},{"ELEMENT":"00000000-0000-05c2-0000-009700000004","element-6066-11e4-a52e-4f735466cecf":"00000000-0000-05c2-0000-009700000004"},{"ELEMENT":"00000000-0000-05c2-0000-009900000004","element-6066-...
&amp#27;[38;5;32m[AndroidUiautomator2Driver@7d8a (737cfc75)]&amp#27;[0m Responding to client with driver.findElementsFromElement() result: [{"element-6066-11e4-a52e-4f735466cecf":"00000000-0000-05c2-0000-008b00000004","ELEMENT":"00000000-0000-05c2-0000-008b00000004"},{"element-6066-11e4-a52e-4f735466cecf":"00000000-0000-05c2-0000-008d00000004","ELEMENT":"00000000-0000-05c2-0000-008d00000004"},{"element-6066-11e4-a52e-4f735466cecf":"00000000-0000-05c2-0000-008f00000004","ELEMENT":"00000000-0000-05c2-0000-008f00000004"},{"element-6066-11e4-a52e-4f735466cecf":"00000000-0000-05c2-0000-009100000004","ELEMENT":"00000000-0000-05c2-0000-009100000004"},{"element-6066-11e4-a52e-4f735466cecf":"00000000-0000-05c2-0000-009300000004","ELEMENT":"00000000-0000-05c2-0000-009300000004"},{"element-6066-11e4-a52e-4f735466cecf":"00000000-0000-05c2-0000-009500000004","ELEMENT":"00000000-0000-05c2-0000-009500000004"},{"element-6066-11e4-a52e-4f735466cecf":"00000000-0000-05c2-0000-009700000004","ELEMENT":"00000000-0000-05c2-0000-009700000004"},{"element-6066-11e4-a52e-4f735466cecf":"00000000-0000-05c2-0000-009900000004","ELEMENT":"00000000-0000-05c2-0000-00990000000...
&amp#27;[38;5;0m[HTTP]&amp#27;[0m &amp#27;[37m<-- POST /session/737cfc75-39b7-4d8d-95ca-253dab0f7826/element/00000000-0000-05c2-0000-002900000004/elements &amp#27;[39m&amp#27;[32m200&amp#27;[39m &amp#27;[90m47 ms - 2059&amp#27;[39m
&amp#27;[38;5;0m[HTTP]&amp#27;[0m &amp#27;[90m&amp#27;[39m
&amp#27;[38;5;0m[HTTP]&amp#27;[0m &amp#27;[37m-->&amp#27;[39m &amp#27;[37mGET&amp#27;[39m &amp#27;[37m/session/737cfc75-39b7-4d8d-95ca-253dab0f7826/element/00000000-0000-05c2-0000-008b00000004/text&amp#27;[39m
&amp#27;[38;5;0m[HTTP]&amp#27;[0m &amp#27;[90m{}&amp#27;[39m
&amp#27;[38;5;32m[AndroidUiautomator2Driver@7d8a (737cfc75)]&amp#27;[0m Driver proxy active, passing request on via HTTP proxy
&amp#27;[38;5;32m[AndroidUiautomator2Driver@7d8a (737cfc75)]&amp#27;[0m Matched '/session/737cfc75-39b7-4d8d-95ca-253dab0f7826/element/00000000-0000-05c2-0000-008b00000004/text' to command name 'getText'
&amp#27;[38;5;32m[AndroidUiautomator2Driver@7d8a (737cfc75)]&amp#27;[0m Proxying [GET /session/737cfc75-39b7-4d8d-95ca-253dab0f7826/element/00000000-0000-05c2-0000-008b00000004/text] to [GET http://127.0.0.1:8240/session/848f67d1-b0ae-4721-9dff-71f52c26d8f9/element/00000000-0000-05c2-0000-008b00000004/text] with no body
&amp#27;[38;5;32m[AndroidUiautomator2Driver@7d8a (737cfc75)]&amp#27;[0m Got response with status 200: {"sessionId":"848f67d1-b0ae-4721-9dff-71f52c26d8f9","value":"10:00"}
&amp#27;[38;5;32m[AndroidUiautomator2Driver@7d8a (737cfc75)]&amp#27;[0m Replacing sessionId 848f67d1-b0ae-4721-9dff-71f52c26d8f9 with 737cfc75-39b7-4d8d-95ca-253dab0f7826
&amp#27;[38;5;0m[HTTP]&amp#27;[0m &amp#27;[37m<-- GET /session/737cfc75-39b7-4d8d-95ca-253dab0f7826/element/00000000-0000-05c2-0000-008b00000004/text &amp#27;[39m&amp#27;[32m200&amp#27;[39m &amp#27;[90m9 ms - 68&amp#27;[39m
&amp#27;[38;5;0m[HTTP]&amp#27;[0m &amp#27;[90m&amp#27;[39m
&amp#27;[38;5;0m[HTTP]&amp#27;[0m &amp#27;[37m-->&amp#27;[39m &amp#27;[37mGET&amp#27;[39m &amp#27;[37m/session/737cfc75-39b7-4d8d-95ca-253dab0f7826/element/00000000-0000-05c2-0000-008d00000004/text&amp#27;[39m
&amp#27;[38;5;0m[HTTP]&amp#27;[0m &amp#27;[90m{}&amp#27;[39m
&amp#27;[38;5;32m[AndroidUiautomator2Driver@7d8a (737cfc75)]&amp#27;[0m Driver proxy active, passing request on via HTTP proxy
&amp#27;[38;5;32m[AndroidUiautomator2Driver@7d8a (737cfc75)]&amp#27;[0m Matched '/session/737cfc75-39b7-4d8d-95ca-253dab0f7826/element/00000000-0000-05c2-0000-008d00000004/text' to command name 'getText'
&amp#27;[38;5;32m[AndroidUiautomator2Driver@7d8a (737cfc75)]&amp#27;[0m Proxying [GET /session/737cfc75-39b7-4d8d-95ca-253dab0f7826/element/00000000-0000-05c2-0000-008d00000004/text] to [GET http://127.0.0.1:8240/session/848f67d1-b0ae-4721-9dff-71f52c26d8f9/element/00000000-0000-05c2-0000-008d00000004/text] with no body
&amp#27;[38;5;32m[AndroidUiautomator2Driver@7d8a (737cfc75)]&amp#27;[0m Got response with status 200: {"sessionId":"848f67d1-b0ae-4721-9dff-71f52c26d8f9","value":"light rain"}
&amp#27;[38;5;32m[AndroidUiautomator2Driver@7d8a (737cfc75)]&amp#27;[0m Replacing sessionId 848f67d1-b0ae-4721-9dff-71f52c26d8f9 with 737cfc75-39b7-4d8d-95ca-253dab0f7826
&amp#27;[38;5;0m[HTTP]&amp#27;[0m &amp#27;[37m<-- GET /session/737cfc75-39b7-4d8d-95ca-253dab0f7826/element/00000000-0000-05c2-0000-008d00000004/text &amp#27;[39m&amp#27;[32m200&amp#27;[39m &amp#27;[90m9 ms - 73&amp#27;[39m
&amp#27;[38;5;0m[HTTP]&amp#27;[0m &amp#27;[90m&amp#27;[39m
&amp#27;[38;5;0m[HTTP]&amp#27;[0m &amp#27;[37m-->&amp#27;[39m &amp#27;[37mGET&amp#27;[39m &amp#27;[37m/session/737cfc75-39b7-4d8d-95ca-253dab0f7826/element/00000000-0000-05c2-0000-008f00000004/text&amp#27;[39m
&amp#27;[38;5;0m[HTTP]&amp#27;[0m &amp#27;[90m{}&amp#27;[39m
&amp#27;[38;5;32m[AndroidUiautomator2Driver@7d8a (737cfc75)]&amp#27;[0m Driver proxy active, passing request on via HTTP proxy
&amp#27;[38;5;32m[AndroidUiautomator2Driver@7d8a (737cfc75)]&amp#27;[0m Matched '/session/737cfc75-39b7-4d8d-95ca-253dab0f7826/element/00000000-0000-05c2-0000-008f00000004/text' to command name 'getText'
&amp#27;[38;5;32m[AndroidUiautomator2Driver@7d8a (737cfc75)]&amp#27;[0m Proxying [GET /session/737cfc75-39b7-4d8d-95ca-253dab0f7826/element/00000000-0000-05c2-0000-008f00000004/text] to [GET http://127.0.0.1:8240/session/848f67d1-b0ae-4721-9dff-71f52c26d8f9/element/00000000-0000-05c2-0000-008f00000004/text] with no body
&amp#27;[38;5;32m[AndroidUiautomator2Driver@7d8a (737cfc75)]&amp#27;[0m Got response with status 200: {"sessionId":"848f67d1-b0ae-4721-9dff-71f52c26d8f9","value":"90 %"}
&amp#27;[38;5;32m[AndroidUiautomator2Driver@7d8a (737cfc75)]&amp#27;[0m Replacing sessionId 848f67d1-b0ae-4721-9dff-71f52c26d8f9 with 737cfc75-39b7-4d8d-95ca-253dab0f7826
&amp#27;[38;5;0m[HTTP]&amp#27;[0m &amp#27;[37m<-- GET /session/737cfc75-39b7-4d8d-95ca-253dab0f7826/element/00000000-0000-05c2-0000-008f00000004/text &amp#27;[39m&amp#27;[32m200&amp#27;[39m &amp#27;[90m9 ms - 67&amp#27;[39m
&amp#27;[38;5;0m[HTTP]&amp#27;[0m &amp#27;[90m&amp#27;[39m
&amp#27;[38;5;0m[HTTP]&amp#27;[0m &amp#27;[37m-->&amp#27;[39m &amp#27;[37mGET&amp#27;[39m &amp#27;[37m/session/737cfc75-39b7-4d8d-95ca-253dab0f7826/element/00000000-0000-05c2-0000-009100000004/text&amp#27;[39m
&amp#27;[38;5;0m[HTTP]&amp#27;[0m &amp#27;[90m{}&amp#27;[39m
&amp#27;[38;5;32m[AndroidUiautomator2Driver@7d8a (737cfc75)]&amp#27;[0m Driver proxy active, passing request on via HTTP proxy
&amp#27;[38;5;32m[AndroidUiautomator2Driver@7d8a (737cfc75)]&amp#27;[0m Matched '/session/737cfc75-39b7-4d8d-95ca-253dab0f7826/element/00000000-0000-05c2-0000-009100000004/text' to command name 'getText'
&amp#27;[38;5;32m[AndroidUiautomator2Driver@7d8a (737cfc75)]&amp#27;[0m Proxying [GET /session/737cfc75-39b7-4d8d-95ca-253dab0f7826/element/00000000-0000-05c2-0000-009100000004/text] to [GET http://127.0.0.1:8240/session/848f67d1-b0ae-4721-9dff-71f52c26d8f9/element/00000000-0000-05c2-0000-009100000004/text] with no body
&amp#27;[38;5;32m[AndroidUiautomator2Driver@7d8a (737cfc75)]&amp#27;[0m Got response with status 200: {"sessionId":"848f67d1-b0ae-4721-9dff-71f52c26d8f9","value":"12 Â°C"}
&amp#27;[38;5;32m[AndroidUiautomator2Driver@7d8a (737cfc75)]&amp#27;[0m Replacing sessionId 848f67d1-b0ae-4721-9dff-71f52c26d8f9 with 737cfc75-39b7-4d8d-95ca-253dab0f7826
&amp#27;[38;5;0m[HTTP]&amp#27;[0m &amp#27;[37m<-- GET /session/737cfc75-39b7-4d8d-95ca-253dab0f7826/element/00000000-0000-05c2-0000-009100000004/text &amp#27;[39m&amp#27;[32m200&amp#27;[39m &amp#27;[90m9 ms - 69&amp#27;[39m
&amp#27;[38;5;0m[HTTP]&amp#27;[0m &amp#27;[90m&amp#27;[39m
&amp#27;[38;5;0m[HTTP]&amp#27;[0m &amp#27;[37m-->&amp#27;[39m &amp#27;[37mGET&amp#27;[39m &amp#27;[37m/session/737cfc75-39b7-4d8d-95ca-253dab0f7826/element/00000000-0000-05c2-0000-009300000004/text&amp#27;[39m
&amp#27;[38;5;0m[HTTP]&amp#27;[0m &amp#27;[90m{}&amp#27;[39m
&amp#27;[38;5;32m[AndroidUiautomator2Driver@7d8a (737cfc75)]&amp#27;[0m Driver proxy active, passing request on via HTTP proxy
&amp#27;[38;5;32m[AndroidUiautomator2Driver@7d8a (737cfc75)]&amp#27;[0m Matched '/session/737cfc75-39b7-4d8d-95ca-253dab0f7826/element/00000000-0000-05c2-0000-009300000004/text' to command name 'getText'
&amp#27;[38;5;32m[AndroidUiautomator2Driver@7d8a (737cfc75)]&amp#27;[0m Proxying [GET /session/737cfc75-39b7-4d8d-95ca-253dab0f7826/element/00000000-0000-05c2-0000-009300000004/text] to [GET http://127.0.0.1:8240/session/848f67d1-b0ae-4721-9dff-71f52c26d8f9/element/00000000-0000-05c2-0000-009300000004/text] with no body
&amp#27;[38;5;32m[AndroidUiautomator2Driver@7d8a (737cfc75)]&amp#27;[0m Got response with status 200: {"sessionId":"848f67d1-b0ae-4721-9dff-71f52c26d8f9","value":"11:00"}
&amp#27;[38;5;32m[AndroidUiautomator2Driver@7d8a (737cfc75)]&amp#27;[0m Replacing sessionId 848f67d1-b0ae-4721-9dff-71f52c26d8f9 with 737cfc75-39b7-4d8d-95ca-253dab0f7826
&amp#27;[38;5;0m[HTTP]&amp#27;[0m &amp#27;[37m<-- GET /session/737cfc75-39b7-4d8d-95ca-253dab0f7826/element/00000000-0000-05c2-0000-009300000004/text &amp#27;[39m&amp#27;[32m200&amp#27;[39m &amp#27;[90m9 ms - 68&amp#27;[39m
&amp#27;[38;5;0m[HTTP]&amp#27;[0m &amp#27;[90m&amp#27;[39m
&amp#27;[38;5;0m[HTTP]&amp#27;[0m &amp#27;[37m-->&amp#27;[39m &amp#27;[37mGET&amp#27;[39m &amp#27;[37m/session/737cfc75-39b7-4d8d-95ca-253dab0f7826/element/00000000-0000-05c2-0000-009500000004/text&amp#27;[39m
&amp#27;[38;5;0m[HTTP]&amp#27;[0m &amp#27;[90m{}&amp#27;[39m
&amp#27;[38;5;32m[AndroidUiautomator2Driver@7d8a (737cfc75)]&amp#27;[0m Driver proxy active, passing request on via HTTP proxy
&amp#27;[38;5;32m[AndroidUiautomator2Driver@7d8a (737cfc75)]&amp#27;[0m Matched '/session/737cfc75-39b7-4d8d-95ca-253dab0f7826/element/00000000-0000-05c2-0000-009500000004/text' to command name 'getText'
&amp#27;[38;5;32m[AndroidUiautomator2Driver@7d8a (737cfc75)]&amp#27;[0m Proxying [GET /session/737cfc75-39b7-4d8d-95ca-253dab0f7826/element/00000000-0000-05c2-0000-009500000004/text] to [GET http://127.0.0.1:8240/session/848f67d1-b0ae-4721-9dff-71f52c26d8f9/element/00000000-0000-05c2-0000-009500000004/text] with no body
&amp#27;[38;5;32m[AndroidUiautomator2Driver@7d8a (737cfc75)]&amp#27;[0m Got response with status 200: {"sessionId":"848f67d1-b0ae-4721-9dff-71f52c26d8f9","value":"light rain"}
&amp#27;[38;5;32m[AndroidUiautomator2Driver@7d8a (737cfc75)]&amp#27;[0m Replacing sessionId 848f67d1-b0ae-4721-9dff-71f52c26d8f9 with 737cfc75-39b7-4d8d-95ca-253dab0f7826
&amp#27;[38;5;0m[HTTP]&amp#27;[0m &amp#27;[37m<-- GET /session/737cfc75-39b7-4d8d-95ca-253dab0f7826/element/00000000-0000-05c2-0000-009500000004/text &amp#27;[39m&amp#27;[32m200&amp#27;[39m &amp#27;[90m9 ms - 73&amp#27;[39m
&amp#27;[38;5;0m[HTTP]&amp#27;[0m &amp#27;[90m&amp#27;[39m
&amp#27;[38;5;0m[HTTP]&amp#27;[0m &amp#27;[37m-->&amp#27;[39m &amp#27;[37mGET&amp#27;[39m &amp#27;[37m/session/737cfc75-39b7-4d8d-95ca-253dab0f7826/element/00000000-0000-05c2-0000-009700000004/text&amp#27;[39m
&amp#27;[38;5;0m[HTTP]&amp#27;[0m &amp#27;[90m{}&amp#27;[39m
&amp#27;[38;5;32m[AndroidUiautomator2Driver@7d8a (737cfc75)]&amp#27;[0m Driver proxy active, passing request on via HTTP proxy
&amp#27;[38;5;32m[AndroidUiautomator2Driver@7d8a (737cfc75)]&amp#27;[0m Matched '/session/737cfc75-39b7-4d8d-95ca-253dab0f7826/element/00000000-0000-05c2-0000-009700000004/text' to command name 'getText'
&amp#27;[38;5;32m[AndroidUiautomator2Driver@7d8a (737cfc75)]&amp#27;[0m Proxying [GET /session/737cfc75-39b7-4d8d-95ca-253dab0f7826/element/00000000-0000-05c2-0000-009700000004/text] to [GET http://127.0.0.1:8240/session/848f67d1-b0ae-4721-9dff-71f52c26d8f9/element/00000000-0000-05c2-0000-009700000004/text] with no body
&amp#27;[38;5;32m[AndroidUiautomator2Driver@7d8a (737cfc75)]&amp#27;[0m Got response with status 200: {"sessionId":"848f67d1-b0ae-4721-9dff-71f52c26d8f9","value":"93 %"}
&amp#27;[38;5;32m[AndroidUiautomator2Driver@7d8a (737cfc75)]&amp#27;[0m Replacing sessionId 848f67d1-b0ae-4721-9dff-71f52c26d8f9 with 737cfc75-39b7-4d8d-95ca-253dab0f7826
&amp#27;[38;5;0m[HTTP]&amp#27;[0m &amp#27;[37m<-- GET /session/737cfc75-39b7-4d8d-95ca-253dab0f7826/element/00000000-0000-05c2-0000-009700000004/text &amp#27;[39m&amp#27;[32m200&amp#27;[39m &amp#27;[90m9 ms - 67&amp#27;[39m
&amp#27;[38;5;0m[HTTP]&amp#27;[0m &amp#27;[90m&amp#27;[39m
&amp#27;[38;5;0m[HTTP]&amp#27;[0m &amp#27;[37m-->&amp#27;[39m &amp#27;[37mGET&amp#27;[39m &amp#27;[37m/session/737cfc75-39b7-4d8d-95ca-253dab0f7826/element/00000000-0000-05c2-0000-009900000004/text&amp#27;[39m
&amp#27;[38;5;0m[HTTP]&amp#27;[0m &amp#27;[90m{}&amp#27;[39m
&amp#27;[38;5;32m[AndroidUiautomator2Driver@7d8a (737cfc75)]&amp#27;[0m Driver proxy active, passing request on via HTTP proxy
&amp#27;[38;5;32m[AndroidUiautomator2Driver@7d8a (737cfc75)]&amp#27;[0m Matched '/session/737cfc75-39b7-4d8d-95ca-253dab0f7826/element/00000000-0000-05c2-0000-009900000004/text' to command name 'getText'
&amp#27;[38;5;32m[AndroidUiautomator2Driver@7d8a (737cfc75)]&amp#27;[0m Proxying [GET /session/737cfc75-39b7-4d8d-95ca-253dab0f7826/element/00000000-0000-05c2-0000-009900000004/text] to [GET http://127.0.0.1:8240/session/848f67d1-b0ae-4721-9dff-71f52c26d8f9/element/00000000-0000-05c2-0000-009900000004/text] with no body
&amp#27;[38;5;32m[AndroidUiautomator2Driver@7d8a (737cfc75)]&amp#27;[0m Got response with status 200: {"sessionId":"848f67d1-b0ae-4721-9dff-71f52c26d8f9","value":"12 Â°C"}
&amp#27;[38;5;32m[AndroidUiautomator2Driver@7d8a (737cfc75)]&amp#27;[0m Replacing sessionId 848f67d1-b0ae-4721-9dff-71f52c26d8f9 with 737cfc75-39b7-4d8d-95ca-253dab0f7826
&amp#27;[38;5;0m[HTTP]&amp#27;[0m &amp#27;[37m<-- GET /session/737cfc75-39b7-4d8d-95ca-253dab0f7826/element/00000000-0000-05c2-0000-009900000004/text &amp#27;[39m&amp#27;[32m200&amp#27;[39m &amp#27;[90m9 ms - 69&amp#27;[39m
&amp#27;[38;5;0m[HTTP]&amp#27;[0m &amp#27;[90m&amp#27;[39m
&amp#27;[38;5;0m[HTTP]&amp#27;[0m &amp#27;[37m-->&amp#27;[39m &amp#27;[37mGET&amp#27;[39m &amp#27;[37m/session/737cfc75-39b7-4d8d-95ca-253dab0f7826/element/00000000-0000-05c2-0000-009b00000004/text&amp#27;[39m
&amp#27;[38;5;0m[HTTP]&amp#27;[0m &amp#27;[90m{}&amp#27;[39m
&amp#27;[38;5;32m[AndroidUiautomator2Driver@7d8a (737cfc75)]&amp#27;[0m Driver proxy active, passing request on via HTTP proxy
&amp#27;[38;5;32m[AndroidUiautomator2Driver@7d8a (737cfc75)]&amp#27;[0m Matched '/session/737cfc75-39b7-4d8d-95ca-253dab0f7826/element/00000000-0000-05c2-0000-009b00000004/text' to command name 'getText'
&amp#27;[38;5;32m[AndroidUiautomator2Driver@7d8a (737cfc75)]&amp#27;[0m Proxying [GET /session/737cfc75-39b7-4d8d-95ca-253dab0f7826/element/00000000-0000-05c2-0000-009b00000004/text] to [GET http://127.0.0.1:8240/session/848f67d1-b0ae-4721-9dff-71f52c26d8f9/element/00000000-0000-05c2-0000-009b00000004/text] with no body
&amp#27;[38;5;32m[AndroidUiautomator2Driver@7d8a (737cfc75)]&amp#27;[0m Got response with status 200: {"sessionId":"848f67d1-b0ae-4721-9dff-71f52c26d8f9","value":"12:00"}
&amp#27;[38;5;32m[AndroidUiautomator2Driver@7d8a (737cfc75)]&amp#27;[0m Replacing sessionId 848f67d1-b0ae-4721-9dff-71f52c26d8f9 with 737cfc75-39b7-4d8d-95ca-253dab0f7826
&amp#27;[38;5;0m[HTTP]&amp#27;[0m &amp#27;[37m<-- GET /session/737cfc75-39b7-4d8d-95ca-253dab0f7826/element/00000000-0000-05c2-0000-009b00000004/text &amp#27;[39m&amp#27;[32m200&amp#27;[39m &amp#27;[90m8 ms - 68&amp#27;[39m
&amp#27;[38;5;0m[HTTP]&amp#27;[0m &amp#27;[90m&amp#27;[39m
&amp#27;[38;5;0m[HTTP]&amp#27;[0m &amp#27;[37m-->&amp#27;[39m &amp#27;[37mGET&amp#27;[39m &amp#27;[37m/session/737cfc75-39b7-4d8d-95ca-253dab0f7826/element/00000000-0000-05c2-0000-009d00000004/text&amp#27;[39m
&amp#27;[38;5;0m[HTTP]&amp#27;[0m &amp#27;[90m{}&amp#27;[39m
&amp#27;[38;5;32m[AndroidUiautomator2Driver@7d8a (737cfc75)]&amp#27;[0m Driver proxy active, passing request on via HTTP proxy
&amp#27;[38;5;32m[AndroidUiautomator2Driver@7d8a (737cfc75)]&amp#27;[0m Matched '/session/737cfc75-39b7-4d8d-95ca-253dab0f7826/element/00000000-0000-05c2-0000-009d00000004/text' to command name 'getText'
&amp#27;[38;5;32m[AndroidUiautomator2Driver@7d8a (737cfc75)]&amp#27;[0m Proxying [GET /session/737cfc75-39b7-4d8d-95ca-253dab0f7826/element/00000000-0000-05c2-0000-009d00000004/text] to [GET http://127.0.0.1:8240/session/848f67d1-b0ae-4721-9dff-71f52c26d8f9/element/00000000-0000-05c2-0000-009d00000004/text] with no body
&amp#27;[38;5;32m[AndroidUiautomator2Driver@7d8a (737cfc75)]&amp#27;[0m Got response with status 200: {"sessionId":"848f67d1-b0ae-4721-9dff-71f52c26d8f9","value":"light rain"}
&amp#27;[38;5;32m[AndroidUiautomator2Driver@7d8a (737cfc75)]&amp#27;[0m Replacing sessionId 848f67d1-b0ae-4721-9dff-71f52c26d8f9 with 737cfc75-39b7-4d8d-95ca-253dab0f7826
&amp#27;[38;5;0m[HTTP]&amp#27;[0m &amp#27;[37m<-- GET /session/737cfc75-39b7-4d8d-95ca-253dab0f7826/element/00000000-0000-05c2-0000-009d00000004/text &amp#27;[39m&amp#27;[32m200&amp#27;[39m &amp#27;[90m9 ms - 73&amp#27;[39m
&amp#27;[38;5;0m[HTTP]&amp#27;[0m &amp#27;[90m&amp#27;[39m
&amp#27;[38;5;0m[HTTP]&amp#27;[0m &amp#27;[37m-->&amp#27;[39m &amp#27;[37mGET&amp#27;[39m &amp#27;[37m/session/737cfc75-39b7-4d8d-95ca-253dab0f7826/element/00000000-0000-05c2-0000-009f00000004/text&amp#27;[39m
&amp#27;[38;5;0m[HTTP]&amp#27;[0m &amp#27;[90m{}&amp#27;[39m
&amp#27;[38;5;32m[AndroidUiautomator2Driver@7d8a (737cfc75)]&amp#27;[0m Driver proxy active, passing request on via HTTP proxy
&amp#27;[38;5;32m[AndroidUiautomator2Driver@7d8a (737cfc75)]&amp#27;[0m Matched '/session/737cfc75-39b7-4d8d-95ca-253dab0f7826/element/00000000-0000-05c2-0000-009f00000004/text' to command name 'getText'
&amp#27;[38;5;32m[AndroidUiautomator2Driver@7d8a (737cfc75)]&amp#27;[0m Proxying [GET /session/737cfc75-39b7-4d8d-95ca-253dab0f7826/element/00000000-0000-05c2-0000-009f00000004/text] to [GET http://127.0.0.1:8240/session/848f67d1-b0ae-4721-9dff-71f52c26d8f9/element/00000000-0000-05c2-0000-009f00000004/text] with no body
&amp#27;[38;5;32m[AndroidUiautomator2Driver@7d8a (737cfc75)]&amp#27;[0m Got response with status 200: {"sessionId":"848f67d1-b0ae-4721-9dff-71f52c26d8f9","value":"94 %"}
&amp#27;[38;5;32m[AndroidUiautomator2Driver@7d8a (737cfc75)]&amp#27;[0m Replacing sessionId 848f67d1-b0ae-4721-9dff-71f52c26d8f9 with 737cfc75-39b7-4d8d-95ca-253dab0f7826
&amp#27;[38;5;0m[HTTP]&amp#27;[0m &amp#27;[37m<-- GET /session/737cfc75-39b7-4d8d-95ca-253dab0f7826/element/00000000-0000-05c2-0000-009f00000004/text &amp#27;[39m&amp#27;[32m200&amp#27;[39m &amp#27;[90m9 ms - 67&amp#27;[39m
&amp#27;[38;5;0m[HTTP]&amp#27;[0m &amp#27;[90m&amp#27;[39m
&amp#27;[38;5;0m[HTTP]&amp#27;[0m &amp#27;[37m-->&amp#27;[39m &amp#27;[37mGET&amp#27;[39m &amp#27;[37m/session/737cfc75-39b7-4d8d-95ca-253dab0f7826/element/00000000-0000-05c2-0000-00a100000004/text&amp#27;[39m
&amp#27;[38;5;0m[HTTP]&amp#27;[0m &amp#27;[90m{}&amp#27;[39m
&amp#27;[38;5;32m[AndroidUiautomator2Driver@7d8a (737cfc75)]&amp#27;[0m Driver proxy active, passing request on via HTTP proxy
&amp#27;[38;5;32m[AndroidUiautomator2Driver@7d8a (737cfc75)]&amp#27;[0m Matched '/session/737cfc75-39b7-4d8d-95ca-253dab0f7826/element/00000000-0000-05c2-0000-00a100000004/text' to command name 'getText'
&amp#27;[38;5;32m[AndroidUiautomator2Driver@7d8a (737cfc75)]&amp#27;[0m Proxying [GET /session/737cfc75-39b7-4d8d-95ca-253dab0f7826/element/00000000-0000-05c2-0000-00a100000004/text] to [GET http://127.0.0.1:8240/session/848f67d1-b0ae-4721-9dff-71f52c26d8f9/element/00000000-0000-05c2-0000-00a100000004/text] with no body
&amp#27;[38;5;32m[AndroidUiautomator2Driver@7d8a (737cfc75)]&amp#27;[0m Got response with status 200: {"sessionId":"848f67d1-b0ae-4721-9dff-71f52c26d8f9","value":"12 Â°C"}
&amp#27;[38;5;32m[AndroidUiautomator2Driver@7d8a (737cfc75)]&amp#27;[0m Replacing sessionId 848f67d1-b0ae-4721-9dff-71f52c26d8f9 with 737cfc75-39b7-4d8d-95ca-253dab0f7826
&amp#27;[38;5;0m[HTTP]&amp#27;[0m &amp#27;[37m<-- GET /session/737cfc75-39b7-4d8d-95ca-253dab0f7826/element/00000000-0000-05c2-0000-00a100000004/text &amp#27;[39m&amp#27;[32m200&amp#27;[39m &amp#27;[90m9 ms - 69&amp#27;[39m
&amp#27;[38;5;0m[HTTP]&amp#27;[0m &amp#27;[90m&amp#27;[39m
&amp#27;[38;5;0m[HTTP]&amp#27;[0m &amp#27;[37m-->&amp#27;[39m &amp#27;[37mGET&amp#27;[39m &amp#27;[37m/session/737cfc75-39b7-4d8d-95ca-253dab0f7826/element/00000000-0000-05c2-0000-00a300000004/text&amp#27;[39m
&amp#27;[38;5;0m[HTTP]&amp#27;[0m &amp#27;[90m{}&amp#27;[39m
&amp#27;[38;5;32m[AndroidUiautomator2Driver@7d8a (737cfc75)]&amp#27;[0m Driver proxy active, passing request on via HTTP proxy
&amp#27;[38;5;32m[AndroidUiautomator2Driver@7d8a (737cfc75)]&amp#27;[0m Matched '/session/737cfc75-39b7-4d8d-95ca-253dab0f7826/element/00000000-0000-05c2-0000-00a300000004/text' to command name 'getText'
&amp#27;[38;5;32m[AndroidUiautomator2Driver@7d8a (737cfc75)]&amp#27;[0m Proxying [GET /session/737cfc75-39b7-4d8d-95ca-253dab0f7826/element/00000000-0000-05c2-0000-00a300000004/text] to [GET http://127.0.0.1:8240/session/848f67d1-b0ae-4721-9dff-71f52c26d8f9/element/00000000-0000-05c2-0000-00a300000004/text] with no body
&amp#27;[38;5;32m[AndroidUiautomator2Driver@7d8a (737cfc75)]&amp#27;[0m Got response with status 200: {"sessionId":"848f67d1-b0ae-4721-9dff-71f52c26d8f9","value":"13:00"}
&amp#27;[38;5;32m[AndroidUiautomator2Driver@7d8a (737cfc75)]&amp#27;[0m Replacing sessionId 848f67d1-b0ae-4721-9dff-71f52c26d8f9 with 737cfc75-39b7-4d8d-95ca-253dab0f7826
&amp#27;[38;5;0m[HTTP]&amp#27;[0m &amp#27;[37m<-- GET /session/737cfc75-39b7-4d8d-95ca-253dab0f7826/element/00000000-0000-05c2-0000-00a300000004/text &amp#27;[39m&amp#27;[32m200&amp#27;[39m &amp#27;[90m10 ms - 68&amp#27;[39m
&amp#27;[38;5;0m[HTTP]&amp#27;[0m &amp#27;[90m&amp#27;[39m
&amp#27;[38;5;0m[HTTP]&amp#27;[0m &amp#27;[37m-->&amp#27;[39m &amp#27;[37mGET&amp#27;[39m &amp#27;[37m/session/737cfc75-39b7-4d8d-95ca-253dab0f7826/element/00000000-0000-05c2-0000-00a500000004/text&amp#27;[39m
&amp#27;[38;5;0m[HTTP]&amp#27;[0m &amp#27;[90m{}&amp#27;[39m
&amp#27;[38;5;32m[AndroidUiautomator2Driver@7d8a (737cfc75)]&amp#27;[0m Driver proxy active, passing request on via HTTP proxy
&amp#27;[38;5;32m[AndroidUiautomator2Driver@7d8a (737cfc75)]&amp#27;[0m Matched '/session/737cfc75-39b7-4d8d-95ca-253dab0f7826/element/00000000-0000-05c2-0000-00a500000004/text' to command name 'getText'
&amp#27;[38;5;32m[AndroidUiautomator2Driver@7d8a (737cfc75)]&amp#27;[0m Proxying [GET /session/737cfc75-39b7-4d8d-95ca-253dab0f7826/element/00000000-0000-05c2-0000-00a500000004/text] to [GET http://127.0.0.1:8240/session/848f67d1-b0ae-4721-9dff-71f52c26d8f9/element/00000000-0000-05c2-0000-00a500000004/text] with no body
&amp#27;[38;5;32m[AndroidUiautomator2Driver@7d8a (737cfc75)]&amp#27;[0m Got response with status 200: {"sessionId":"848f67d1-b0ae-4721-9dff-71f52c26d8f9","value":"moderate rain"}
&amp#27;[38;5;32m[AndroidUiautomator2Driver@7d8a (737cfc75)]&amp#27;[0m Replacing sessionId 848f67d1-b0ae-4721-9dff-71f52c26d8f9 with 737cfc75-39b7-4d8d-95ca-253dab0f7826
&amp#27;[38;5;0m[HTTP]&amp#27;[0m &amp#27;[37m<-- GET /session/737cfc75-39b7-4d8d-95ca-253dab0f7826/element/00000000-0000-05c2-0000-00a500000004/text &amp#27;[39m&amp#27;[32m200&amp#27;[39m &amp#27;[90m10 ms - 76&amp#27;[39m
&amp#27;[38;5;0m[HTTP]&amp#27;[0m &amp#27;[90m&amp#27;[39m
&amp#27;[38;5;0m[HTTP]&amp#27;[0m &amp#27;[37m-->&amp#27;[39m &amp#27;[37mGET&amp#27;[39m &amp#27;[37m/session/737cfc75-39b7-4d8d-95ca-253dab0f7826/element/00000000-0000-05c2-0000-00a700000004/text&amp#27;[39m
&amp#27;[38;5;0m[HTTP]&amp#27;[0m &amp#27;[90m{}&amp#27;[39m
&amp#27;[38;5;32m[AndroidUiautomator2Driver@7d8a (737cfc75)]&amp#27;[0m Driver proxy active, passing request on via HTTP proxy
&amp#27;[38;5;32m[AndroidUiautomator2Driver@7d8a (737cfc75)]&amp#27;[0m Matched '/session/737cfc75-39b7-4d8d-95ca-253dab0f7826/element/00000000-0000-05c2-0000-00a700000004/text' to command name 'getText'
&amp#27;[38;5;32m[AndroidUiautomator2Driver@7d8a (737cfc75)]&amp#27;[0m Proxying [GET /session/737cfc75-39b7-4d8d-95ca-253dab0f7826/element/00000000-0000-05c2-0000-00a700000004/text] to [GET http://127.0.0.1:8240/session/848f67d1-b0ae-4721-9dff-71f52c26d8f9/element/00000000-0000-05c2-0000-00a700000004/text] with no body
&amp#27;[38;5;32m[AndroidUiautomator2Driver@7d8a (737cfc75)]&amp#27;[0m Got response with status 200: {"sessionId":"848f67d1-b0ae-4721-9dff-71f52c26d8f9","value":"95 %"}
&amp#27;[38;5;32m[AndroidUiautomator2Driver@7d8a (737cfc75)]&amp#27;[0m Replacing sessionId 848f67d1-b0ae-4721-9dff-71f52c26d8f9 with 737cfc75-39b7-4d8d-95ca-253dab0f7826
&amp#27;[38;5;0m[HTTP]&amp#27;[0m &amp#27;[37m<-- GET /session/737cfc75-39b7-4d8d-95ca-253dab0f7826/element/00000000-0000-05c2-0000-00a700000004/text &amp#27;[39m&amp#27;[32m200&amp#27;[39m &amp#27;[90m10 ms - 67&amp#27;[39m
&amp#27;[38;5;0m[HTTP]&amp#27;[0m &amp#27;[90m&amp#27;[39m
&amp#27;[38;5;0m[HTTP]&amp#27;[0m &amp#27;[37m-->&amp#27;[39m &amp#27;[37mGET&amp#27;[39m &amp#27;[37m/session/737cfc75-39b7-4d8d-95ca-253dab0f7826/element/00000000-0000-05c2-0000-00a900000004/text&amp#27;[39m
&amp#27;[38;5;0m[HTTP]&amp#27;[0m &amp#27;[90m{}&amp#27;[39m
&amp#27;[38;5;32m[AndroidUiautomator2Driver@7d8a (737cfc75)]&amp#27;[0m Driver proxy active, passing request on via HTTP proxy
&amp#27;[38;5;32m[AndroidUiautomator2Driver@7d8a (737cfc75)]&amp#27;[0m Matched '/session/737cfc75-39b7-4d8d-95ca-253dab0f7826/element/00000000-0000-05c2-0000-00a900000004/text' to command name 'getText'
&amp#27;[38;5;32m[AndroidUiautomator2Driver@7d8a (737cfc75)]&amp#27;[0m Proxying [GET /session/737cfc75-39b7-4d8d-95ca-253dab0f7826/element/00000000-0000-05c2-0000-00a900000004/text] to [GET http://127.0.0.1:8240/session/848f67d1-b0ae-4721-9dff-71f52c26d8f9/element/00000000-0000-05c2-0000-00a900000004/text] with no body
&amp#27;[38;5;32m[AndroidUiautomator2Driver@7d8a (737cfc75)]&amp#27;[0m Got response with status 200: {"sessionId":"848f67d1-b0ae-4721-9dff-71f52c26d8f9","value":"12 Â°C"}
&amp#27;[38;5;32m[AndroidUiautomator2Driver@7d8a (737cfc75)]&amp#27;[0m Replacing sessionId 848f67d1-b0ae-4721-9dff-71f52c26d8f9 with 737cfc75-39b7-4d8d-95ca-253dab0f7826
&amp#27;[38;5;0m[HTTP]&amp#27;[0m &amp#27;[37m<-- GET /session/737cfc75-39b7-4d8d-95ca-253dab0f7826/element/00000000-0000-05c2-0000-00a900000004/text &amp#27;[39m&amp#27;[32m200&amp#27;[39m &amp#27;[90m10 ms - 69&amp#27;[39m
&amp#27;[38;5;0m[HTTP]&amp#27;[0m &amp#27;[90m&amp#27;[39m
&amp#27;[38;5;0m[HTTP]&amp#27;[0m &amp#27;[37m-->&amp#27;[39m &amp#27;[37mPOST&amp#27;[39m &amp#27;[37m/session/737cfc75-39b7-4d8d-95ca-253dab0f7826/execute/sync&amp#27;[39m
&amp#27;[38;5;0m[HTTP]&amp#27;[0m &amp#27;[90m{"script":"mobile: swipeGesture","args":[{"elementId":"00000000-0000-05c2-0000-002900000004","percent":0.4,"speed":320,"direction":"left"}]}&amp#27;[39m
&amp#27;[38;5;32m[AndroidUiautomator2Driver@7d8a (737cfc75)]&amp#27;[0m Calling AppiumDriver.execute() with args: ["mobile: swipeGesture",[{"elementId":"00000000-0000-05c2-0000-002900000004","percent":0.4,"speed":320,"direction":"left"}],"737cfc75-39b7-4d8d-95ca-253dab0f7826"]
&amp#27;[38;5;32m[AndroidUiautomator2Driver@7d8a (737cfc75)]&amp#27;[0m Executing method 'mobile: swipeGesture'
&amp#27;[38;5;32m[AndroidUiautomator2Driver@7d8a (737cfc75)]&amp#27;[0m Proxying [POST /appium/gestures/swipe] to [POST http://127.0.0.1:8240/session/848f67d1-b0ae-4721-9dff-71f52c26d8f9/appium/gestures/swipe] with body: {"origin":{"ELEMENT":"00000000-0000-05c2-0000-002900000004","element-6066-11e4-a52e-4f735466cecf":"00000000-0000-05c2-0000-002900000004"},"direction":"left","percent":0.4,"speed":320}
&amp#27;[38;5;32m[AndroidUiautomator2Driver@7d8a (737cfc75)]&amp#27;[0m Got response with status 200: {"sessionId":"848f67d1-b0ae-4721-9dff-71f52c26d8f9","value":null}
&amp#27;[38;5;32m[AndroidUiautomator2Driver@7d8a (737cfc75)]&amp#27;[0m Responding to client with driver.execute() result: null
&amp#27;[38;5;0m[HTTP]&amp#27;[0m &amp#27;[37m<-- POST /session/737cfc75-39b7-4d8d-95ca-253dab0f7826/execute/sync &amp#27;[39m&amp#27;[32m200&amp#27;[39m &amp#27;[90m1556 ms - 14&amp#27;[39m
&amp#27;[38;5;0m[HTTP]&amp#27;[0m &amp#27;[90m&amp#27;[39m
&amp#27;[38;5;0m[HTTP]&amp#27;[0m &amp#27;[37m-->&amp#27;[39m &amp#27;[37mPOST&amp#27;[39m &amp#27;[37m/session/737cfc75-39b7-4d8d-95ca-253dab0f7826/elements&amp#27;[39m
&amp#27;[38;5;0m[HTTP]&amp#27;[0m &amp#27;[90m{"using":"xpath","value":"//android.widget.HorizontalScrollView"}&amp#27;[39m
&amp#27;[38;5;32m[AndroidUiautomator2Driver@7d8a (737cfc75)]&amp#27;[0m Calling AppiumDriver.findElements() with args: ["xpath","//android.widget.HorizontalScrollView","737cfc75-39b7-4d8d-95ca-253dab0f7826"]
&amp#27;[38;5;32m[AndroidUiautomator2Driver@7d8a (737cfc75)]&amp#27;[0m Valid locator strategies for this request: xpath, id, class name, accessibility id, css selector, -android uiautomator
&amp#27;[38;5;32m[AndroidUiautomator2Driver@7d8a (737cfc75)]&amp#27;[0m Waiting up to 0 ms for condition
&amp#27;[38;5;32m[AndroidUiautomator2Driver@7d8a (737cfc75)]&amp#27;[0m Matched '/elements' to command name 'findElements'
&amp#27;[38;5;32m[AndroidUiautomator2Driver@7d8a (737cfc75)]&amp#27;[0m Proxying [POST /elements] to [POST http://127.0.0.1:8240/session/848f67d1-b0ae-4721-9dff-71f52c26d8f9/elements] with body: {"strategy":"xpath","selector":"//android.widget.HorizontalScrollView","context":"","multiple":true}
&amp#27;[38;5;32m[AndroidUiautomator2Driver@7d8a (737cfc75)]&amp#27;[0m Got response with status 200: {"sessionId":"848f67d1-b0ae-4721-9dff-71f52c26d8f9","value":[{"ELEMENT":"00000000-0000-05c2-0000-002900000004","element-6066-11e4-a52e-4f735466cecf":"00000000-0000-05c2-0000-002900000004"},{"ELEMENT":"00000000-0000-05c2-0000-002a00000004","element-6066-11e4-a52e-4f735466cecf":"00000000-0000-05c2-0000-002a00000004"}]}
&amp#27;[38;5;32m[AndroidUiautomator2Driver@7d8a (737cfc75)]&amp#27;[0m Responding to client with driver.findElements() result: [{"element-6066-11e4-a52e-4f735466cecf":"00000000-0000-05c2-0000-002900000004","ELEMENT":"00000000-0000-05c2-0000-002900000004"},{"element-6066-11e4-a52e-4f735466cecf":"00000000-0000-05c2-0000-002a00000004","ELEMENT":"00000000-0000-05c2-0000-002a00000004"}]
&amp#27;[38;5;0m[HTTP]&amp#27;[0m &amp#27;[37m<-- POST /session/737cfc75-39b7-4d8d-95ca-253dab0f7826/elements &amp#27;[39m&amp#27;[32m200&amp#27;[39m &amp#27;[90m118 ms - 267&amp#27;[39m
&amp#27;[38;5;0m[HTTP]&amp#27;[0m &amp#27;[90m&amp#27;[39m
&amp#27;[38;5;0m[HTTP]&amp#27;[0m &amp#27;[37m-->&amp#27;[39m &amp#27;[37mPOST&amp#27;[39m &amp#27;[37m/session/737cfc75-39b7-4d8d-95ca-253dab0f7826/element/00000000-0000-05c2-0000-002900000004/elements&amp#27;[39m
&amp#27;[38;5;0m[HTTP]&amp#27;[0m &amp#27;[90m{"id":"00000000-0000-05c2-0000-002900000004","using":"xpath","value":"//android.view.View"}&amp#27;[39m
&amp#27;[38;5;32m[AndroidUiautomator2Driver@7d8a (737cfc75)]&amp#27;[0m Calling AppiumDriver.findElementsFromElement() with args: ["xpath","//android.view.View","00000000-0000-05c2-0000-002900000004","737cfc75-39b7-4d8d-95ca-253dab0f7826"]
&amp#27;[38;5;32m[AndroidUiautomator2Driver@7d8a (737cfc75)]&amp#27;[0m Valid locator strategies for this request: xpath, id, class name, accessibility id, css selector, -android uiautomator
&amp#27;[38;5;32m[AndroidUiautomator2Driver@7d8a (737cfc75)]&amp#27;[0m Waiting up to 0 ms for condition
&amp#27;[38;5;32m[AndroidUiautomator2Driver@7d8a (737cfc75)]&amp#27;[0m Matched '/elements' to command name 'findElements'
&amp#27;[38;5;32m[AndroidUiautomator2Driver@7d8a (737cfc75)]&amp#27;[0m Proxying [POST /elements] to [POST http://127.0.0.1:8240/session/848f67d1-b0ae-4721-9dff-71f52c26d8f9/elements] with body: {"strategy":"xpath","selector":"//android.view.View","context":"00000000-0000-05c2-0000-002900000004","multiple":true}
&amp#27;[38;5;32m[AndroidUiautomator2Driver@7d8a (737cfc75)]&amp#27;[0m Got response with status 200: {"sessionId":"848f67d1-b0ae-4721-9dff-71f52c26d8f9","value":[{"ELEMENT":"00000000-0000-05c2-0000-009300000004","element-6066-11e4-a52e-4f735466cecf":"00000000-0000-05c2-0000-009300000004"},{"ELEMENT":"00000000-0000-05c2-0000-009500000004","element-6066-11e4-a52e-4f735466cecf":"00000000-0000-05c2-0000-009500000004"},{"ELEMENT":"00000000-0000-05c2-0000-009700000004","element-6066-11e4-a52e-4f735466cecf":"00000000-0000-05c2-0000-009700000004"},{"ELEMENT":"00000000-0000-05c2-0000-009900000004","element-6066-11e4-a52e-4f735466cecf":"00000000-0000-05c2-0000-009900000004"},{"ELEMENT":"00000000-0000-05c2-0000-009b00000004","element-6066-11e4-a52e-4f735466cecf":"00000000-0000-05c2-0000-009b00000004"},{"ELEMENT":"00000000-0000-05c2-0000-009d00000004","element-6066-11e4-a52e-4f735466cecf":"00000000-0000-05c2-0000-009d00000004"},{"ELEMENT":"00000000-0000-05c2-0000-009f00000004","element-6066-11e4-a52e-4f735466cecf":"00000000-0000-05c2-0000-009f00000004"},{"ELEMENT":"00000000-0000-05c2-0000-00a100000004","element-6066-...
&amp#27;[38;5;32m[AndroidUiautomator2Driver@7d8a (737cfc75)]&amp#27;[0m Responding to client with driver.findElementsFromElement() result: [{"element-6066-11e4-a52e-4f735466cecf":"00000000-0000-05c2-0000-009300000004","ELEMENT":"00000000-0000-05c2-0000-009300000004"},{"element-6066-11e4-a52e-4f735466cecf":"00000000-0000-05c2-0000-009500000004","ELEMENT":"00000000-0000-05c2-0000-009500000004"},{"element-6066-11e4-a52e-4f735466cecf":"00000000-0000-05c2-0000-009700000004","ELEMENT":"00000000-0000-05c2-0000-009700000004"},{"element-6066-11e4-a52e-4f735466cecf":"00000000-0000-05c2-0000-009900000004","ELEMENT":"00000000-0000-05c2-0000-009900000004"},{"element-6066-11e4-a52e-4f735466cecf":"00000000-0000-05c2-0000-009b00000004","ELEMENT":"00000000-0000-05c2-0000-009b00000004"},{"element-6066-11e4-a52e-4f735466cecf":"00000000-0000-05c2-0000-009d00000004","ELEMENT":"00000000-0000-05c2-0000-009d00000004"},{"element-6066-11e4-a52e-4f735466cecf":"00000000-0000-05c2-0000-009f00000004","ELEMENT":"00000000-0000-05c2-0000-009f00000004"},{"element-6066-11e4-a52e-4f735466cecf":"00000000-0000-05c2-0000-00a100000004","ELEMENT":"00000000-0000-05c2-0000-00a10000000...
&amp#27;[38;5;0m[HTTP]&amp#27;[0m &amp#27;[37m<-- POST /session/737cfc75-39b7-4d8d-95ca-253dab0f7826/element/00000000-0000-05c2-0000-002900000004/elements &amp#27;[39m&amp#27;[32m200&amp#27;[39m &amp#27;[90m45 ms - 2059&amp#27;[39m
&amp#27;[38;5;0m[HTTP]&amp#27;[0m &amp#27;[90m&amp#27;[39m
&amp#27;[38;5;0m[HTTP]&amp#27;[0m &amp#27;[37m-->&amp#27;[39m &amp#27;[37mGET&amp#27;[39m &amp#27;[37m/session/737cfc75-39b7-4d8d-95ca-253dab0f7826/element/00000000-0000-05c2-0000-009300000004/text&amp#27;[39m
&amp#27;[38;5;0m[HTTP]&amp#27;[0m &amp#27;[90m{}&amp#27;[39m
&amp#27;[38;5;32m[AndroidUiautomator2Driver@7d8a (737cfc75)]&amp#27;[0m Driver proxy active, passing request on via HTTP proxy
&amp#27;[38;5;32m[AndroidUiautomator2Driver@7d8a (737cfc75)]&amp#27;[0m Matched '/session/737cfc75-39b7-4d8d-95ca-253dab0f7826/element/00000000-0000-05c2-0000-009300000004/text' to command name 'getText'
&amp#27;[38;5;32m[AndroidUiautomator2Driver@7d8a (737cfc75)]&amp#27;[0m Proxying [GET /session/737cfc75-39b7-4d8d-95ca-253dab0f7826/element/00000000-0000-05c2-0000-009300000004/text] to [GET http://127.0.0.1:8240/session/848f67d1-b0ae-4721-9dff-71f52c26d8f9/element/00000000-0000-05c2-0000-009300000004/text] with no body
&amp#27;[38;5;32m[AndroidUiautomator2Driver@7d8a (737cfc75)]&amp#27;[0m Got response with status 200: {"sessionId":"848f67d1-b0ae-4721-9dff-71f52c26d8f9","value":"11:00"}
&amp#27;[38;5;32m[AndroidUiautomator2Driver@7d8a (737cfc75)]&amp#27;[0m Replacing sessionId 848f67d1-b0ae-4721-9dff-71f52c26d8f9 with 737cfc75-39b7-4d8d-95ca-253dab0f7826
&amp#27;[38;5;0m[HTTP]&amp#27;[0m &amp#27;[37m<-- GET /session/737cfc75-39b7-4d8d-95ca-253dab0f7826/element/00000000-0000-05c2-0000-009300000004/text &amp#27;[39m&amp#27;[32m200&amp#27;[39m &amp#27;[90m9 ms - 68&amp#27;[39m
&amp#27;[38;5;0m[HTTP]&amp#27;[0m &amp#27;[90m&amp#27;[39m
&amp#27;[38;5;0m[HTTP]&amp#27;[0m &amp#27;[37m-->&amp#27;[39m &amp#27;[37mGET&amp#27;[39m &amp#27;[37m/session/737cfc75-39b7-4d8d-95ca-253dab0f7826/element/00000000-0000-05c2-0000-009500000004/text&amp#27;[39m
&amp#27;[38;5;0m[HTTP]&amp#27;[0m &amp#27;[90m{}&amp#27;[39m
&amp#27;[38;5;32m[AndroidUiautomator2Driver@7d8a (737cfc75)]&amp#27;[0m Driver proxy active, passing request on via HTTP proxy
&amp#27;[38;5;32m[AndroidUiautomator2Driver@7d8a (737cfc75)]&amp#27;[0m Matched '/session/737cfc75-39b7-4d8d-95ca-253dab0f7826/element/00000000-0000-05c2-0000-009500000004/text' to command name 'getText'
&amp#27;[38;5;32m[AndroidUiautomator2Driver@7d8a (737cfc75)]&amp#27;[0m Proxying [GET /session/737cfc75-39b7-4d8d-95ca-253dab0f7826/element/00000000-0000-05c2-0000-009500000004/text] to [GET http://127.0.0.1:8240/session/848f67d1-b0ae-4721-9dff-71f52c26d8f9/element/00000000-0000-05c2-0000-009500000004/text] with no body
&amp#27;[38;5;32m[AndroidUiautomator2Driver@7d8a (737cfc75)]&amp#27;[0m Got response with status 200: {"sessionId":"848f67d1-b0ae-4721-9dff-71f52c26d8f9","value":"light rain"}
&amp#27;[38;5;32m[AndroidUiautomator2Driver@7d8a (737cfc75)]&amp#27;[0m Replacing sessionId 848f67d1-b0ae-4721-9dff-71f52c26d8f9 with 737cfc75-39b7-4d8d-95ca-253dab0f7826
&amp#27;[38;5;0m[HTTP]&amp#27;[0m &amp#27;[37m<-- GET /session/737cfc75-39b7-4d8d-95ca-253dab0f7826/element/00000000-0000-05c2-0000-009500000004/text &amp#27;[39m&amp#27;[32m200&amp#27;[39m &amp#27;[90m9 ms - 73&amp#27;[39m
&amp#27;[38;5;0m[HTTP]&amp#27;[0m &amp#27;[90m&amp#27;[39m
&amp#27;[38;5;0m[HTTP]&amp#27;[0m &amp#27;[37m-->&amp#27;[39m &amp#27;[37mGET&amp#27;[39m &amp#27;[37m/session/737cfc75-39b7-4d8d-95ca-253dab0f7826/element/00000000-0000-05c2-0000-009700000004/text&amp#27;[39m
&amp#27;[38;5;0m[HTTP]&amp#27;[0m &amp#27;[90m{}&amp#27;[39m
&amp#27;[38;5;32m[AndroidUiautomator2Driver@7d8a (737cfc75)]&amp#27;[0m Driver proxy active, passing request on via HTTP proxy
&amp#27;[38;5;32m[AndroidUiautomator2Driver@7d8a (737cfc75)]&amp#27;[0m Matched '/session/737cfc75-39b7-4d8d-95ca-253dab0f7826/element/00000000-0000-05c2-0000-009700000004/text' to command name 'getText'
&amp#27;[38;5;32m[AndroidUiautomator2Driver@7d8a (737cfc75)]&amp#27;[0m Proxying [GET /session/737cfc75-39b7-4d8d-95ca-253dab0f7826/element/00000000-0000-05c2-0000-009700000004/text] to [GET http://127.0.0.1:8240/session/848f67d1-b0ae-4721-9dff-71f52c26d8f9/element/00000000-0000-05c2-0000-009700000004/text] with no body
&amp#27;[38;5;32m[AndroidUiautomator2Driver@7d8a (737cfc75)]&amp#27;[0m Got response with status 200: {"sessionId":"848f67d1-b0ae-4721-9dff-71f52c26d8f9","value":"93 %"}
&amp#27;[38;5;32m[AndroidUiautomator2Driver@7d8a (737cfc75)]&amp#27;[0m Replacing sessionId 848f67d1-b0ae-4721-9dff-71f52c26d8f9 with 737cfc75-39b7-4d8d-95ca-253dab0f7826
&amp#27;[38;5;0m[HTTP]&amp#27;[0m &amp#27;[37m<-- GET /session/737cfc75-39b7-4d8d-95ca-253dab0f7826/element/00000000-0000-05c2-0000-009700000004/text &amp#27;[39m&amp#27;[32m200&amp#27;[39m &amp#27;[90m9 ms - 67&amp#27;[39m
&amp#27;[38;5;0m[HTTP]&amp#27;[0m &amp#27;[90m&amp#27;[39m
&amp#27;[38;5;0m[HTTP]&amp#27;[0m &amp#27;[37m-->&amp#27;[39m &amp#27;[37mGET&amp#27;[39m &amp#27;[37m/session/737cfc75-39b7-4d8d-95ca-253dab0f7826/element/00000000-0000-05c2-0000-009900000004/text&amp#27;[39m
&amp#27;[38;5;0m[HTTP]&amp#27;[0m &amp#27;[90m{}&amp#27;[39m
&amp#27;[38;5;32m[AndroidUiautomator2Driver@7d8a (737cfc75)]&amp#27;[0m Driver proxy active, passing request on via HTTP proxy
&amp#27;[38;5;32m[AndroidUiautomator2Driver@7d8a (737cfc75)]&amp#27;[0m Matched '/session/737cfc75-39b7-4d8d-95ca-253dab0f7826/element/00000000-0000-05c2-0000-009900000004/text' to command name 'getText'
&amp#27;[38;5;32m[AndroidUiautomator2Driver@7d8a (737cfc75)]&amp#27;[0m Proxying [GET /session/737cfc75-39b7-4d8d-95ca-253dab0f7826/element/00000000-0000-05c2-0000-009900000004/text] to [GET http://127.0.0.1:8240/session/848f67d1-b0ae-4721-9dff-71f52c26d8f9/element/00000000-0000-05c2-0000-009900000004/text] with no body
&amp#27;[38;5;32m[AndroidUiautomator2Driver@7d8a (737cfc75)]&amp#27;[0m Got response with status 200: {"sessionId":"848f67d1-b0ae-4721-9dff-71f52c26d8f9","value":"12 Â°C"}
&amp#27;[38;5;32m[AndroidUiautomator2Driver@7d8a (737cfc75)]&amp#27;[0m Replacing sessionId 848f67d1-b0ae-4721-9dff-71f52c26d8f9 with 737cfc75-39b7-4d8d-95ca-253dab0f7826
&amp#27;[38;5;0m[HTTP]&amp#27;[0m &amp#27;[37m<-- GET /session/737cfc75-39b7-4d8d-95ca-253dab0f7826/element/00000000-0000-05c2-0000-009900000004/text &amp#27;[39m&amp#27;[32m200&amp#27;[39m &amp#27;[90m9 ms - 69&amp#27;[39m
&amp#27;[38;5;0m[HTTP]&amp#27;[0m &amp#27;[90m&amp#27;[39m
&amp#27;[38;5;0m[HTTP]&amp#27;[0m &amp#27;[37m-->&amp#27;[39m &amp#27;[37mGET&amp#27;[39m &amp#27;[37m/session/737cfc75-39b7-4d8d-95ca-253dab0f7826/element/00000000-0000-05c2-0000-009b00000004/text&amp#27;[39m
&amp#27;[38;5;0m[HTTP]&amp#27;[0m &amp#27;[90m{}&amp#27;[39m
&amp#27;[38;5;32m[AndroidUiautomator2Driver@7d8a (737cfc75)]&amp#27;[0m Driver proxy active, passing request on via HTTP proxy
&amp#27;[38;5;32m[AndroidUiautomator2Driver@7d8a (737cfc75)]&amp#27;[0m Matched '/session/737cfc75-39b7-4d8d-95ca-253dab0f7826/element/00000000-0000-05c2-0000-009b00000004/text' to command name 'getText'
&amp#27;[38;5;32m[AndroidUiautomator2Driver@7d8a (737cfc75)]&amp#27;[0m Proxying [GET /session/737cfc75-39b7-4d8d-95ca-253dab0f7826/element/00000000-0000-05c2-0000-009b00000004/text] to [GET http://127.0.0.1:8240/session/848f67d1-b0ae-4721-9dff-71f52c26d8f9/element/00000000-0000-05c2-0000-009b00000004/text] with no body
&amp#27;[38;5;32m[AndroidUiautomator2Driver@7d8a (737cfc75)]&amp#27;[0m Got response with status 200: {"sessionId":"848f67d1-b0ae-4721-9dff-71f52c26d8f9","value":"12:00"}
&amp#27;[38;5;32m[AndroidUiautomator2Driver@7d8a (737cfc75)]&amp#27;[0m Replacing sessionId 848f67d1-b0ae-4721-9dff-71f52c26d8f9 with 737cfc75-39b7-4d8d-95ca-253dab0f7826
&amp#27;[38;5;0m[HTTP]&amp#27;[0m &amp#27;[37m<-- GET /session/737cfc75-39b7-4d8d-95ca-253dab0f7826/element/00000000-0000-05c2-0000-009b00000004/text &amp#27;[39m&amp#27;[32m200&amp#27;[39m &amp#27;[90m9 ms - 68&amp#27;[39m
&amp#27;[38;5;0m[HTTP]&amp#27;[0m &amp#27;[90m&amp#27;[39m
&amp#27;[38;5;0m[HTTP]&amp#27;[0m &amp#27;[37m-->&amp#27;[39m &amp#27;[37mGET&amp#27;[39m &amp#27;[37m/session/737cfc75-39b7-4d8d-95ca-253dab0f7826/element/00000000-0000-05c2-0000-009d00000004/text&amp#27;[39m
&amp#27;[38;5;0m[HTTP]&amp#27;[0m &amp#27;[90m{}&amp#27;[39m
&amp#27;[38;5;32m[AndroidUiautomator2Driver@7d8a (737cfc75)]&amp#27;[0m Driver proxy active, passing request on via HTTP proxy
&amp#27;[38;5;32m[AndroidUiautomator2Driver@7d8a (737cfc75)]&amp#27;[0m Matched '/session/737cfc75-39b7-4d8d-95ca-253dab0f7826/element/00000000-0000-05c2-0000-009d00000004/text' to command name 'getText'
&amp#27;[38;5;32m[AndroidUiautomator2Driver@7d8a (737cfc75)]&amp#27;[0m Proxying [GET /session/737cfc75-39b7-4d8d-95ca-253dab0f7826/element/00000000-0000-05c2-0000-009d00000004/text] to [GET http://127.0.0.1:8240/session/848f67d1-b0ae-4721-9dff-71f52c26d8f9/element/00000000-0000-05c2-0000-009d00000004/text] with no body
&amp#27;[38;5;32m[AndroidUiautomator2Driver@7d8a (737cfc75)]&amp#27;[0m Got response with status 200: {"sessionId":"848f67d1-b0ae-4721-9dff-71f52c26d8f9","value":"light rain"}
&amp#27;[38;5;32m[AndroidUiautomator2Driver@7d8a (737cfc75)]&amp#27;[0m Replacing sessionId 848f67d1-b0ae-4721-9dff-71f52c26d8f9 with 737cfc75-39b7-4d8d-95ca-253dab0f7826
&amp#27;[38;5;0m[HTTP]&amp#27;[0m &amp#27;[37m<-- GET /session/737cfc75-39b7-4d8d-95ca-253dab0f7826/element/00000000-0000-05c2-0000-009d00000004/text &amp#27;[39m&amp#27;[32m200&amp#27;[39m &amp#27;[90m9 ms - 73&amp#27;[39m
&amp#27;[38;5;0m[HTTP]&amp#27;[0m &amp#27;[90m&amp#27;[39m
&amp#27;[38;5;0m[HTTP]&amp#27;[0m &amp#27;[37m-->&amp#27;[39m &amp#27;[37mGET&amp#27;[39m &amp#27;[37m/session/737cfc75-39b7-4d8d-95ca-253dab0f7826/element/00000000-0000-05c2-0000-009f00000004/text&amp#27;[39m
&amp#27;[38;5;0m[HTTP]&amp#27;[0m &amp#27;[90m{}&amp#27;[39m
&amp#27;[38;5;32m[AndroidUiautomator2Driver@7d8a (737cfc75)]&amp#27;[0m Driver proxy active, passing request on via HTTP proxy
&amp#27;[38;5;32m[AndroidUiautomator2Driver@7d8a (737cfc75)]&amp#27;[0m Matched '/session/737cfc75-39b7-4d8d-95ca-253dab0f7826/element/00000000-0000-05c2-0000-009f00000004/text' to command name 'getText'
&amp#27;[38;5;32m[AndroidUiautomator2Driver@7d8a (737cfc75)]&amp#27;[0m Proxying [GET /session/737cfc75-39b7-4d8d-95ca-253dab0f7826/element/00000000-0000-05c2-0000-009f00000004/text] to [GET http://127.0.0.1:8240/session/848f67d1-b0ae-4721-9dff-71f52c26d8f9/element/00000000-0000-05c2-0000-009f00000004/text] with no body
&amp#27;[38;5;32m[AndroidUiautomator2Driver@7d8a (737cfc75)]&amp#27;[0m Got response with status 200: {"sessionId":"848f67d1-b0ae-4721-9dff-71f52c26d8f9","value":"94 %"}
&amp#27;[38;5;32m[AndroidUiautomator2Driver@7d8a (737cfc75)]&amp#27;[0m Replacing sessionId 848f67d1-b0ae-4721-9dff-71f52c26d8f9 with 737cfc75-39b7-4d8d-95ca-253dab0f7826
&amp#27;[38;5;0m[HTTP]&amp#27;[0m &amp#27;[37m<-- GET /session/737cfc75-39b7-4d8d-95ca-253dab0f7826/element/00000000-0000-05c2-0000-009f00000004/text &amp#27;[39m&amp#27;[32m200&amp#27;[39m &amp#27;[90m9 ms - 67&amp#27;[39m
&amp#27;[38;5;0m[HTTP]&amp#27;[0m &amp#27;[90m&amp#27;[39m
&amp#27;[38;5;0m[HTTP]&amp#27;[0m &amp#27;[37m-->&amp#27;[39m &amp#27;[37mGET&amp#27;[39m &amp#27;[37m/session/737cfc75-39b7-4d8d-95ca-253dab0f7826/element/00000000-0000-05c2-0000-00a100000004/text&amp#27;[39m
&amp#27;[38;5;0m[HTTP]&amp#27;[0m &amp#27;[90m{}&amp#27;[39m
&amp#27;[38;5;32m[AndroidUiautomator2Driver@7d8a (737cfc75)]&amp#27;[0m Driver proxy active, passing request on via HTTP proxy
&amp#27;[38;5;32m[AndroidUiautomator2Driver@7d8a (737cfc75)]&amp#27;[0m Matched '/session/737cfc75-39b7-4d8d-95ca-253dab0f7826/element/00000000-0000-05c2-0000-00a100000004/text' to command name 'getText'
&amp#27;[38;5;32m[AndroidUiautomator2Driver@7d8a (737cfc75)]&amp#27;[0m Proxying [GET /session/737cfc75-39b7-4d8d-95ca-253dab0f7826/element/00000000-0000-05c2-0000-00a100000004/text] to [GET http://127.0.0.1:8240/session/848f67d1-b0ae-4721-9dff-71f52c26d8f9/element/00000000-0000-05c2-0000-00a100000004/text] with no body
&amp#27;[38;5;32m[AndroidUiautomator2Driver@7d8a (737cfc75)]&amp#27;[0m Got response with status 200: {"sessionId":"848f67d1-b0ae-4721-9dff-71f52c26d8f9","value":"12 Â°C"}
&amp#27;[38;5;32m[AndroidUiautomator2Driver@7d8a (737cfc75)]&amp#27;[0m Replacing sessionId 848f67d1-b0ae-4721-9dff-71f52c26d8f9 with 737cfc75-39b7-4d8d-95ca-253dab0f7826
&amp#27;[38;5;0m[HTTP]&amp#27;[0m &amp#27;[37m<-- GET /session/737cfc75-39b7-4d8d-95ca-253dab0f7826/element/00000000-0000-05c2-0000-00a100000004/text &amp#27;[39m&amp#27;[32m200&amp#27;[39m &amp#27;[90m8 ms - 69&amp#27;[39m
&amp#27;[38;5;0m[HTTP]&amp#27;[0m &amp#27;[90m&amp#27;[39m
&amp#27;[38;5;0m[HTTP]&amp#27;[0m &amp#27;[37m-->&amp#27;[39m &amp#27;[37mGET&amp#27;[39m &amp#27;[37m/session/737cfc75-39b7-4d8d-95ca-253dab0f7826/element/00000000-0000-05c2-0000-00a300000004/text&amp#27;[39m
&amp#27;[38;5;0m[HTTP]&amp#27;[0m &amp#27;[90m{}&amp#27;[39m
&amp#27;[38;5;32m[AndroidUiautomator2Driver@7d8a (737cfc75)]&amp#27;[0m Driver proxy active, passing request on via HTTP proxy
&amp#27;[38;5;32m[AndroidUiautomator2Driver@7d8a (737cfc75)]&amp#27;[0m Matched '/session/737cfc75-39b7-4d8d-95ca-253dab0f7826/element/00000000-0000-05c2-0000-00a300000004/text' to command name 'getText'
&amp#27;[38;5;32m[AndroidUiautomator2Driver@7d8a (737cfc75)]&amp#27;[0m Proxying [GET /session/737cfc75-39b7-4d8d-95ca-253dab0f7826/element/00000000-0000-05c2-0000-00a300000004/text] to [GET http://127.0.0.1:8240/session/848f67d1-b0ae-4721-9dff-71f52c26d8f9/element/00000000-0000-05c2-0000-00a300000004/text] with no body
&amp#27;[38;5;32m[AndroidUiautomator2Driver@7d8a (737cfc75)]&amp#27;[0m Got response with status 200: {"sessionId":"848f67d1-b0ae-4721-9dff-71f52c26d8f9","value":"13:00"}
&amp#27;[38;5;32m[AndroidUiautomator2Driver@7d8a (737cfc75)]&amp#27;[0m Replacing sessionId 848f67d1-b0ae-4721-9dff-71f52c26d8f9 with 737cfc75-39b7-4d8d-95ca-253dab0f7826
&amp#27;[38;5;0m[HTTP]&amp#27;[0m &amp#27;[37m<-- GET /session/737cfc75-39b7-4d8d-95ca-253dab0f7826/element/00000000-0000-05c2-0000-00a300000004/text &amp#27;[39m&amp#27;[32m200&amp#27;[39m &amp#27;[90m10 ms - 68&amp#27;[39m
&amp#27;[38;5;0m[HTTP]&amp#27;[0m &amp#27;[90m&amp#27;[39m
&amp#27;[38;5;0m[HTTP]&amp#27;[0m &amp#27;[37m-->&amp#27;[39m &amp#27;[37mGET&amp#27;[39m &amp#27;[37m/session/737cfc75-39b7-4d8d-95ca-253dab0f7826/element/00000000-0000-05c2-0000-00a500000004/text&amp#27;[39m
&amp#27;[38;5;0m[HTTP]&amp#27;[0m &amp#27;[90m{}&amp#27;[39m
&amp#27;[38;5;32m[AndroidUiautomator2Driver@7d8a (737cfc75)]&amp#27;[0m Driver proxy active, passing request on via HTTP proxy
&amp#27;[38;5;32m[AndroidUiautomator2Driver@7d8a (737cfc75)]&amp#27;[0m Matched '/session/737cfc75-39b7-4d8d-95ca-253dab0f7826/element/00000000-0000-05c2-0000-00a500000004/text' to command name 'getText'
&amp#27;[38;5;32m[AndroidUiautomator2Driver@7d8a (737cfc75)]&amp#27;[0m Proxying [GET /session/737cfc75-39b7-4d8d-95ca-253dab0f7826/element/00000000-0000-05c2-0000-00a500000004/text] to [GET http://127.0.0.1:8240/session/848f67d1-b0ae-4721-9dff-71f52c26d8f9/element/00000000-0000-05c2-0000-00a500000004/text] with no body
&amp#27;[38;5;32m[AndroidUiautomator2Driver@7d8a (737cfc75)]&amp#27;[0m Got response with status 200: {"sessionId":"848f67d1-b0ae-4721-9dff-71f52c26d8f9","value":"moderate rain"}
&amp#27;[38;5;32m[AndroidUiautomator2Driver@7d8a (737cfc75)]&amp#27;[0m Replacing sessionId 848f67d1-b0ae-4721-9dff-71f52c26d8f9 with 737cfc75-39b7-4d8d-95ca-253dab0f7826
&amp#27;[38;5;0m[HTTP]&amp#27;[0m &amp#27;[37m<-- GET /session/737cfc75-39b7-4d8d-95ca-253dab0f7826/element/00000000-0000-05c2-0000-00a500000004/text &amp#27;[39m&amp#27;[32m200&amp#27;[39m &amp#27;[90m10 ms - 76&amp#27;[39m
&amp#27;[38;5;0m[HTTP]&amp#27;[0m &amp#27;[90m&amp#27;[39m
&amp#27;[38;5;0m[HTTP]&amp#27;[0m &amp#27;[37m-->&amp#27;[39m &amp#27;[37mGET&amp#27;[39m &amp#27;[37m/session/737cfc75-39b7-4d8d-95ca-253dab0f7826/element/00000000-0000-05c2-0000-00a700000004/text&amp#27;[39m
&amp#27;[38;5;0m[HTTP]&amp#27;[0m &amp#27;[90m{}&amp#27;[39m
&amp#27;[38;5;32m[AndroidUiautomator2Driver@7d8a (737cfc75)]&amp#27;[0m Driver proxy active, passing request on via HTTP proxy
&amp#27;[38;5;32m[AndroidUiautomator2Driver@7d8a (737cfc75)]&amp#27;[0m Matched '/session/737cfc75-39b7-4d8d-95ca-253dab0f7826/element/00000000-0000-05c2-0000-00a700000004/text' to command name 'getText'
&amp#27;[38;5;32m[AndroidUiautomator2Driver@7d8a (737cfc75)]&amp#27;[0m Proxying [GET /session/737cfc75-39b7-4d8d-95ca-253dab0f7826/element/00000000-0000-05c2-0000-00a700000004/text] to [GET http://127.0.0.1:8240/session/848f67d1-b0ae-4721-9dff-71f52c26d8f9/element/00000000-0000-05c2-0000-00a700000004/text] with no body
&amp#27;[38;5;32m[AndroidUiautomator2Driver@7d8a (737cfc75)]&amp#27;[0m Got response with status 200: {"sessionId":"848f67d1-b0ae-4721-9dff-71f52c26d8f9","value":"95 %"}
&amp#27;[38;5;32m[AndroidUiautomator2Driver@7d8a (737cfc75)]&amp#27;[0m Replacing sessionId 848f67d1-b0ae-4721-9dff-71f52c26d8f9 with 737cfc75-39b7-4d8d-95ca-253dab0f7826
&amp#27;[38;5;0m[HTTP]&amp#27;[0m &amp#27;[37m<-- GET /session/737cfc75-39b7-4d8d-95ca-253dab0f7826/element/00000000-0000-05c2-0000-00a700000004/text &amp#27;[39m&amp#27;[32m200&amp#27;[39m &amp#27;[90m10 ms - 67&amp#27;[39m
&amp#27;[38;5;0m[HTTP]&amp#27;[0m &amp#27;[90m&amp#27;[39m
&amp#27;[38;5;0m[HTTP]&amp#27;[0m &amp#27;[37m-->&amp#27;[39m &amp#27;[37mGET&amp#27;[39m &amp#27;[37m/session/737cfc75-39b7-4d8d-95ca-253dab0f7826/element/00000000-0000-05c2-0000-00a900000004/text&amp#27;[39m
&amp#27;[38;5;0m[HTTP]&amp#27;[0m &amp#27;[90m{}&amp#27;[39m
&amp#27;[38;5;32m[AndroidUiautomator2Driver@7d8a (737cfc75)]&amp#27;[0m Driver proxy active, passing request on via HTTP proxy
&amp#27;[38;5;32m[AndroidUiautomator2Driver@7d8a (737cfc75)]&amp#27;[0m Matched '/session/737cfc75-39b7-4d8d-95ca-253dab0f7826/element/00000000-0000-05c2-0000-00a900000004/text' to command name 'getText'
&amp#27;[38;5;32m[AndroidUiautomator2Driver@7d8a (737cfc75)]&amp#27;[0m Proxying [GET /session/737cfc75-39b7-4d8d-95ca-253dab0f7826/element/00000000-0000-05c2-0000-00a900000004/text] to [GET http://127.0.0.1:8240/session/848f67d1-b0ae-4721-9dff-71f52c26d8f9/element/00000000-0000-05c2-0000-00a900000004/text] with no body
&amp#27;[38;5;32m[AndroidUiautomator2Driver@7d8a (737cfc75)]&amp#27;[0m Got response with status 200: {"sessionId":"848f67d1-b0ae-4721-9dff-71f52c26d8f9","value":"12 Â°C"}
&amp#27;[38;5;32m[AndroidUiautomator2Driver@7d8a (737cfc75)]&amp#27;[0m Replacing sessionId 848f67d1-b0ae-4721-9dff-71f52c26d8f9 with 737cfc75-39b7-4d8d-95ca-253dab0f7826
&amp#27;[38;5;0m[HTTP]&amp#27;[0m &amp#27;[37m<-- GET /session/737cfc75-39b7-4d8d-95ca-253dab0f7826/element/00000000-0000-05c2-0000-00a900000004/text &amp#27;[39m&amp#27;[32m200&amp#27;[39m &amp#27;[90m10 ms - 69&amp#27;[39m
&amp#27;[38;5;0m[HTTP]&amp#27;[0m &amp#27;[90m&amp#27;[39m
&amp#27;[38;5;0m[HTTP]&amp#27;[0m &amp#27;[37m-->&amp#27;[39m &amp#27;[37mGET&amp#27;[39m &amp#27;[37m/session/737cfc75-39b7-4d8d-95ca-253dab0f7826/element/00000000-0000-05c2-0000-00ab00000004/text&amp#27;[39m
&amp#27;[38;5;0m[HTTP]&amp#27;[0m &amp#27;[90m{}&amp#27;[39m
&amp#27;[38;5;32m[AndroidUiautomator2Driver@7d8a (737cfc75)]&amp#27;[0m Driver proxy active, passing request on via HTTP proxy
&amp#27;[38;5;32m[AndroidUiautomator2Driver@7d8a (737cfc75)]&amp#27;[0m Matched '/session/737cfc75-39b7-4d8d-95ca-253dab0f7826/element/00000000-0000-05c2-0000-00ab00000004/text' to command name 'getText'
&amp#27;[38;5;32m[AndroidUiautomator2Driver@7d8a (737cfc75)]&amp#27;[0m Proxying [GET /session/737cfc75-39b7-4d8d-95ca-253dab0f7826/element/00000000-0000-05c2-0000-00ab00000004/text] to [GET http://127.0.0.1:8240/session/848f67d1-b0ae-4721-9dff-71f52c26d8f9/element/00000000-0000-05c2-0000-00ab00000004/text] with no body
&amp#27;[38;5;32m[AndroidUiautomator2Driver@7d8a (737cfc75)]&amp#27;[0m Got response with status 200: {"sessionId":"848f67d1-b0ae-4721-9dff-71f52c26d8f9","value":"14:00"}
&amp#27;[38;5;32m[AndroidUiautomator2Driver@7d8a (737cfc75)]&amp#27;[0m Replacing sessionId 848f67d1-b0ae-4721-9dff-71f52c26d8f9 with 737cfc75-39b7-4d8d-95ca-253dab0f7826
&amp#27;[38;5;0m[HTTP]&amp#27;[0m &amp#27;[37m<-- GET /session/737cfc75-39b7-4d8d-95ca-253dab0f7826/element/00000000-0000-05c2-0000-00ab00000004/text &amp#27;[39m&amp#27;[32m200&amp#27;[39m &amp#27;[90m10 ms - 68&amp#27;[39m
&amp#27;[38;5;0m[HTTP]&amp#27;[0m &amp#27;[90m&amp#27;[39m
&amp#27;[38;5;0m[HTTP]&amp#27;[0m &amp#27;[37m-->&amp#27;[39m &amp#27;[37mGET&amp#27;[39m &amp#27;[37m/session/737cfc75-39b7-4d8d-95ca-253dab0f7826/element/00000000-0000-05c2-0000-00ad00000004/text&amp#27;[39m
&amp#27;[38;5;0m[HTTP]&amp#27;[0m &amp#27;[90m{}&amp#27;[39m
&amp#27;[38;5;32m[AndroidUiautomator2Driver@7d8a (737cfc75)]&amp#27;[0m Driver proxy active, passing request on via HTTP proxy
&amp#27;[38;5;32m[AndroidUiautomator2Driver@7d8a (737cfc75)]&amp#27;[0m Matched '/session/737cfc75-39b7-4d8d-95ca-253dab0f7826/element/00000000-0000-05c2-0000-00ad00000004/text' to command name 'getText'
&amp#27;[38;5;32m[AndroidUiautomator2Driver@7d8a (737cfc75)]&amp#27;[0m Proxying [GET /session/737cfc75-39b7-4d8d-95ca-253dab0f7826/element/00000000-0000-05c2-0000-00ad00000004/text] to [GET http://127.0.0.1:8240/session/848f67d1-b0ae-4721-9dff-71f52c26d8f9/element/00000000-0000-05c2-0000-00ad00000004/text] with no body
&amp#27;[38;5;32m[AndroidUiautomator2Driver@7d8a (737cfc75)]&amp#27;[0m Got response with status 200: {"sessionId":"848f67d1-b0ae-4721-9dff-71f52c26d8f9","value":"moderate rain"}
&amp#27;[38;5;32m[AndroidUiautomator2Driver@7d8a (737cfc75)]&amp#27;[0m Replacing sessionId 848f67d1-b0ae-4721-9dff-71f52c26d8f9 with 737cfc75-39b7-4d8d-95ca-253dab0f7826
&amp#27;[38;5;0m[HTTP]&amp#27;[0m &amp#27;[37m<-- GET /session/737cfc75-39b7-4d8d-95ca-253dab0f7826/element/00000000-0000-05c2-0000-00ad00000004/text &amp#27;[39m&amp#27;[32m200&amp#27;[39m &amp#27;[90m10 ms - 76&amp#27;[39m
&amp#27;[38;5;0m[HTTP]&amp#27;[0m &amp#27;[90m&amp#27;[39m
&amp#27;[38;5;0m[HTTP]&amp#27;[0m &amp#27;[37m-->&amp#27;[39m &amp#27;[37mGET&amp#27;[39m &amp#27;[37m/session/737cfc75-39b7-4d8d-95ca-253dab0f7826/element/00000000-0000-05c2-0000-00af00000004/text&amp#27;[39m
&amp#27;[38;5;0m[HTTP]&amp#27;[0m &amp#27;[90m{}&amp#27;[39m
&amp#27;[38;5;32m[AndroidUiautomator2Driver@7d8a (737cfc75)]&amp#27;[0m Driver proxy active, passing request on via HTTP proxy
&amp#27;[38;5;32m[AndroidUiautomator2Driver@7d8a (737cfc75)]&amp#27;[0m Matched '/session/737cfc75-39b7-4d8d-95ca-253dab0f7826/element/00000000-0000-05c2-0000-00af00000004/text' to command name 'getText'
&amp#27;[38;5;32m[AndroidUiautomator2Driver@7d8a (737cfc75)]&amp#27;[0m Proxying [GET /session/737cfc75-39b7-4d8d-95ca-253dab0f7826/element/00000000-0000-05c2-0000-00af00000004/text] to [GET http://127.0.0.1:8240/session/848f67d1-b0ae-4721-9dff-71f52c26d8f9/element/00000000-0000-05c2-0000-00af00000004/text] with no body
&amp#27;[38;5;32m[AndroidUiautomator2Driver@7d8a (737cfc75)]&amp#27;[0m Got response with status 200: {"sessionId":"848f67d1-b0ae-4721-9dff-71f52c26d8f9","value":"96 %"}
&amp#27;[38;5;32m[AndroidUiautomator2Driver@7d8a (737cfc75)]&amp#27;[0m Replacing sessionId 848f67d1-b0ae-4721-9dff-71f52c26d8f9 with 737cfc75-39b7-4d8d-95ca-253dab0f7826
&amp#27;[38;5;0m[HTTP]&amp#27;[0m &amp#27;[37m<-- GET /session/737cfc75-39b7-4d8d-95ca-253dab0f7826/element/00000000-0000-05c2-0000-00af00000004/text &amp#27;[39m&amp#27;[32m200&amp#27;[39m &amp#27;[90m10 ms - 67&amp#27;[39m
&amp#27;[38;5;0m[HTTP]&amp#27;[0m &amp#27;[90m&amp#27;[39m
&amp#27;[38;5;0m[HTTP]&amp#27;[0m &amp#27;[37m-->&amp#27;[39m &amp#27;[37mGET&amp#27;[39m &amp#27;[37m/session/737cfc75-39b7-4d8d-95ca-253dab0f7826/element/00000000-0000-05c2-0000-00b100000004/text&amp#27;[39m
&amp#27;[38;5;0m[HTTP]&amp#27;[0m &amp#27;[90m{}&amp#27;[39m
&amp#27;[38;5;32m[AndroidUiautomator2Driver@7d8a (737cfc75)]&amp#27;[0m Driver proxy active, passing request on via HTTP proxy
&amp#27;[38;5;32m[AndroidUiautomator2Driver@7d8a (737cfc75)]&amp#27;[0m Matched '/session/737cfc75-39b7-4d8d-95ca-253dab0f7826/element/00000000-0000-05c2-0000-00b100000004/text' to command name 'getText'
&amp#27;[38;5;32m[AndroidUiautomator2Driver@7d8a (737cfc75)]&amp#27;[0m Proxying [GET /session/737cfc75-39b7-4d8d-95ca-253dab0f7826/element/00000000-0000-05c2-0000-00b100000004/text] to [GET http://127.0.0.1:8240/session/848f67d1-b0ae-4721-9dff-71f52c26d8f9/element/00000000-0000-05c2-0000-00b100000004/text] with no body
&amp#27;[38;5;32m[AndroidUiautomator2Driver@7d8a (737cfc75)]&amp#27;[0m Got response with status 200: {"sessionId":"848f67d1-b0ae-4721-9dff-71f52c26d8f9","value":"12 Â°C"}
&amp#27;[38;5;32m[AndroidUiautomator2Driver@7d8a (737cfc75)]&amp#27;[0m Replacing sessionId 848f67d1-b0ae-4721-9dff-71f52c26d8f9 with 737cfc75-39b7-4d8d-95ca-253dab0f7826
&amp#27;[38;5;0m[HTTP]&amp#27;[0m &amp#27;[37m<-- GET /session/737cfc75-39b7-4d8d-95ca-253dab0f7826/element/00000000-0000-05c2-0000-00b100000004/text &amp#27;[39m&amp#27;[32m200&amp#27;[39m &amp#27;[90m10 ms - 69&amp#27;[39m
&amp#27;[38;5;0m[HTTP]&amp#27;[0m &amp#27;[90m&amp#27;[39m
&amp#27;[38;5;0m[HTTP]&amp#27;[0m &amp#27;[37m-->&amp#27;[39m &amp#27;[37mPOST&amp#27;[39m &amp#27;[37m/session/737cfc75-39b7-4d8d-95ca-253dab0f7826/execute/sync&amp#27;[39m
&amp#27;[38;5;0m[HTTP]&amp#27;[0m &amp#27;[90m{"script":"mobile: swipeGesture","args":[{"elementId":"00000000-0000-05c2-0000-002900000004","percent":0.4,"speed":320,"direction":"left"}]}&amp#27;[39m
&amp#27;[38;5;32m[AndroidUiautomator2Driver@7d8a (737cfc75)]&amp#27;[0m Calling AppiumDriver.execute() with args: ["mobile: swipeGesture",[{"elementId":"00000000-0000-05c2-0000-002900000004","percent":0.4,"speed":320,"direction":"left"}],"737cfc75-39b7-4d8d-95ca-253dab0f7826"]
&amp#27;[38;5;32m[AndroidUiautomator2Driver@7d8a (737cfc75)]&amp#27;[0m Executing method 'mobile: swipeGesture'
&amp#27;[38;5;32m[AndroidUiautomator2Driver@7d8a (737cfc75)]&amp#27;[0m Proxying [POST /appium/gestures/swipe] to [POST http://127.0.0.1:8240/session/848f67d1-b0ae-4721-9dff-71f52c26d8f9/appium/gestures/swipe] with body: {"origin":{"ELEMENT":"00000000-0000-05c2-0000-002900000004","element-6066-11e4-a52e-4f735466cecf":"00000000-0000-05c2-0000-002900000004"},"direction":"left","percent":0.4,"speed":320}
&amp#27;[38;5;32m[AndroidUiautomator2Driver@7d8a (737cfc75)]&amp#27;[0m Got response with status 200: {"sessionId":"848f67d1-b0ae-4721-9dff-71f52c26d8f9","value":null}
&amp#27;[38;5;32m[AndroidUiautomator2Driver@7d8a (737cfc75)]&amp#27;[0m Responding to client with driver.execute() result: null
&amp#27;[38;5;0m[HTTP]&amp#27;[0m &amp#27;[37m<-- POST /session/737cfc75-39b7-4d8d-95ca-253dab0f7826/execute/sync &amp#27;[39m&amp#27;[32m200&amp#27;[39m &amp#27;[90m1538 ms - 14&amp#27;[39m
&amp#27;[38;5;0m[HTTP]&amp#27;[0m &amp#27;[90m&amp#27;[39m
&amp#27;[38;5;0m[HTTP]&amp#27;[0m &amp#27;[37m-->&amp#27;[39m &amp#27;[37mPOST&amp#27;[39m &amp#27;[37m/session/737cfc75-39b7-4d8d-95ca-253dab0f7826/elements&amp#27;[39m
&amp#27;[38;5;0m[HTTP]&amp#27;[0m &amp#27;[90m{"using":"xpath","value":"//android.widget.HorizontalScrollView"}&amp#27;[39m
&amp#27;[38;5;32m[AndroidUiautomator2Driver@7d8a (737cfc75)]&amp#27;[0m Calling AppiumDriver.findElements() with args: ["xpath","//android.widget.HorizontalScrollView","737cfc75-39b7-4d8d-95ca-253dab0f7826"]
&amp#27;[38;5;32m[AndroidUiautomator2Driver@7d8a (737cfc75)]&amp#27;[0m Valid locator strategies for this request: xpath, id, class name, accessibility id, css selector, -android uiautomator
&amp#27;[38;5;32m[AndroidUiautomator2Driver@7d8a (737cfc75)]&amp#27;[0m Waiting up to 0 ms for condition
&amp#27;[38;5;32m[AndroidUiautomator2Driver@7d8a (737cfc75)]&amp#27;[0m Matched '/elements' to command name 'findElements'
&amp#27;[38;5;32m[AndroidUiautomator2Driver@7d8a (737cfc75)]&amp#27;[0m Proxying [POST /elements] to [POST http://127.0.0.1:8240/session/848f67d1-b0ae-4721-9dff-71f52c26d8f9/elements] with body: {"strategy":"xpath","selector":"//android.widget.HorizontalScrollView","context":"","multiple":true}
&amp#27;[38;5;32m[AndroidUiautomator2Driver@7d8a (737cfc75)]&amp#27;[0m Got response with status 200: {"sessionId":"848f67d1-b0ae-4721-9dff-71f52c26d8f9","value":[{"ELEMENT":"00000000-0000-05c2-0000-002900000004","element-6066-11e4-a52e-4f735466cecf":"00000000-0000-05c2-0000-002900000004"},{"ELEMENT":"00000000-0000-05c2-0000-002a00000004","element-6066-11e4-a52e-4f735466cecf":"00000000-0000-05c2-0000-002a00000004"}]}
&amp#27;[38;5;32m[AndroidUiautomator2Driver@7d8a (737cfc75)]&amp#27;[0m Responding to client with driver.findElements() result: [{"element-6066-11e4-a52e-4f735466cecf":"00000000-0000-05c2-0000-002900000004","ELEMENT":"00000000-0000-05c2-0000-002900000004"},{"element-6066-11e4-a52e-4f735466cecf":"00000000-0000-05c2-0000-002a00000004","ELEMENT":"00000000-0000-05c2-0000-002a00000004"}]
&amp#27;[38;5;0m[HTTP]&amp#27;[0m &amp#27;[37m<-- POST /session/737cfc75-39b7-4d8d-95ca-253dab0f7826/elements &amp#27;[39m&amp#27;[32m200&amp#27;[39m &amp#27;[90m351 ms - 267&amp#27;[39m
&amp#27;[38;5;0m[HTTP]&amp#27;[0m &amp#27;[90m&amp#27;[39m
&amp#27;[38;5;0m[HTTP]&amp#27;[0m &amp#27;[37m-->&amp#27;[39m &amp#27;[37mPOST&amp#27;[39m &amp#27;[37m/session/737cfc75-39b7-4d8d-95ca-253dab0f7826/element/00000000-0000-05c2-0000-002900000004/elements&amp#27;[39m
&amp#27;[38;5;0m[HTTP]&amp#27;[0m &amp#27;[90m{"id":"00000000-0000-05c2-0000-002900000004","using":"xpath","value":"//android.view.View"}&amp#27;[39m
&amp#27;[38;5;32m[AndroidUiautomator2Driver@7d8a (737cfc75)]&amp#27;[0m Calling AppiumDriver.findElementsFromElement() with args: ["xpath","//android.view.View","00000000-0000-05c2-0000-002900000004","737cfc75-39b7-4d8d-95ca-253dab0f7826"]
&amp#27;[38;5;32m[AndroidUiautomator2Driver@7d8a (737cfc75)]&amp#27;[0m Valid locator strategies for this request: xpath, id, class name, accessibility id, css selector, -android uiautomator
&amp#27;[38;5;32m[AndroidUiautomator2Driver@7d8a (737cfc75)]&amp#27;[0m Waiting up to 0 ms for condition
&amp#27;[38;5;32m[AndroidUiautomator2Driver@7d8a (737cfc75)]&amp#27;[0m Matched '/elements' to command name 'findElements'
&amp#27;[38;5;32m[AndroidUiautomator2Driver@7d8a (737cfc75)]&amp#27;[0m Proxying [POST /elements] to [POST http://127.0.0.1:8240/session/848f67d1-b0ae-4721-9dff-71f52c26d8f9/elements] with body: {"strategy":"xpath","selector":"//android.view.View","context":"00000000-0000-05c2-0000-002900000004","multiple":true}
&amp#27;[38;5;32m[AndroidUiautomator2Driver@7d8a (737cfc75)]&amp#27;[0m Got response with status 200: {"sessionId":"848f67d1-b0ae-4721-9dff-71f52c26d8f9","value":[{"ELEMENT":"00000000-0000-05c2-0000-009b00000004","element-6066-11e4-a52e-4f735466cecf":"00000000-0000-05c2-0000-009b00000004"},{"ELEMENT":"00000000-0000-05c2-0000-009d00000004","element-6066-11e4-a52e-4f735466cecf":"00000000-0000-05c2-0000-009d00000004"},{"ELEMENT":"00000000-0000-05c2-0000-009f00000004","element-6066-11e4-a52e-4f735466cecf":"00000000-0000-05c2-0000-009f00000004"},{"ELEMENT":"00000000-0000-05c2-0000-00a100000004","element-6066-11e4-a52e-4f735466cecf":"00000000-0000-05c2-0000-00a100000004"},{"ELEMENT":"00000000-0000-05c2-0000-00a300000004","element-6066-11e4-a52e-4f735466cecf":"00000000-0000-05c2-0000-00a300000004"},{"ELEMENT":"00000000-0000-05c2-0000-00a500000004","element-6066-11e4-a52e-4f735466cecf":"00000000-0000-05c2-0000-00a500000004"},{"ELEMENT":"00000000-0000-05c2-0000-00a700000004","element-6066-11e4-a52e-4f735466cecf":"00000000-0000-05c2-0000-00a700000004"},{"ELEMENT":"00000000-0000-05c2-0000-00a900000004","element-6066-...
&amp#27;[38;5;32m[AndroidUiautomator2Driver@7d8a (737cfc75)]&amp#27;[0m Responding to client with driver.findElementsFromElement() result: [{"element-6066-11e4-a52e-4f735466cecf":"00000000-0000-05c2-0000-009b00000004","ELEMENT":"00000000-0000-05c2-0000-009b00000004"},{"element-6066-11e4-a52e-4f735466cecf":"00000000-0000-05c2-0000-009d00000004","ELEMENT":"00000000-0000-05c2-0000-009d00000004"},{"element-6066-11e4-a52e-4f735466cecf":"00000000-0000-05c2-0000-009f00000004","ELEMENT":"00000000-0000-05c2-0000-009f00000004"},{"element-6066-11e4-a52e-4f735466cecf":"00000000-0000-05c2-0000-00a100000004","ELEMENT":"00000000-0000-05c2-0000-00a100000004"},{"element-6066-11e4-a52e-4f735466cecf":"00000000-0000-05c2-0000-00a300000004","ELEMENT":"00000000-0000-05c2-0000-00a300000004"},{"element-6066-11e4-a52e-4f735466cecf":"00000000-0000-05c2-0000-00a500000004","ELEMENT":"00000000-0000-05c2-0000-00a500000004"},{"element-6066-11e4-a52e-4f735466cecf":"00000000-0000-05c2-0000-00a700000004","ELEMENT":"00000000-0000-05c2-0000-00a700000004"},{"element-6066-11e4-a52e-4f735466cecf":"00000000-0000-05c2-0000-00a900000004","ELEMENT":"00000000-0000-05c2-0000-00a90000000...
&amp#27;[38;5;0m[HTTP]&amp#27;[0m &amp#27;[37m<-- POST /session/737cfc75-39b7-4d8d-95ca-253dab0f7826/element/00000000-0000-05c2-0000-002900000004/elements &amp#27;[39m&amp#27;[32m200&amp#27;[39m &amp#27;[90m47 ms - 2059&amp#27;[39m
&amp#27;[38;5;0m[HTTP]&amp#27;[0m &amp#27;[90m&amp#27;[39m
&amp#27;[38;5;0m[HTTP]&amp#27;[0m &amp#27;[37m-->&amp#27;[39m &amp#27;[37mGET&amp#27;[39m &amp#27;[37m/session/737cfc75-39b7-4d8d-95ca-253dab0f7826/element/00000000-0000-05c2-0000-009b00000004/text&amp#27;[39m
&amp#27;[38;5;0m[HTTP]&amp#27;[0m &amp#27;[90m{}&amp#27;[39m
&amp#27;[38;5;32m[AndroidUiautomator2Driver@7d8a (737cfc75)]&amp#27;[0m Driver proxy active, passing request on via HTTP proxy
&amp#27;[38;5;32m[AndroidUiautomator2Driver@7d8a (737cfc75)]&amp#27;[0m Matched '/session/737cfc75-39b7-4d8d-95ca-253dab0f7826/element/00000000-0000-05c2-0000-009b00000004/text' to command name 'getText'
&amp#27;[38;5;32m[AndroidUiautomator2Driver@7d8a (737cfc75)]&amp#27;[0m Proxying [GET /session/737cfc75-39b7-4d8d-95ca-253dab0f7826/element/00000000-0000-05c2-0000-009b00000004/text] to [GET http://127.0.0.1:8240/session/848f67d1-b0ae-4721-9dff-71f52c26d8f9/element/00000000-0000-05c2-0000-009b00000004/text] with no body
&amp#27;[38;5;32m[AndroidUiautomator2Driver@7d8a (737cfc75)]&amp#27;[0m Got response with status 200: {"sessionId":"848f67d1-b0ae-4721-9dff-71f52c26d8f9","value":"12:00"}
&amp#27;[38;5;32m[AndroidUiautomator2Driver@7d8a (737cfc75)]&amp#27;[0m Replacing sessionId 848f67d1-b0ae-4721-9dff-71f52c26d8f9 with 737cfc75-39b7-4d8d-95ca-253dab0f7826
&amp#27;[38;5;0m[HTTP]&amp#27;[0m &amp#27;[37m<-- GET /session/737cfc75-39b7-4d8d-95ca-253dab0f7826/element/00000000-0000-05c2-0000-009b00000004/text &amp#27;[39m&amp#27;[32m200&amp#27;[39m &amp#27;[90m9 ms - 68&amp#27;[39m
&amp#27;[38;5;0m[HTTP]&amp#27;[0m &amp#27;[90m&amp#27;[39m
&amp#27;[38;5;0m[HTTP]&amp#27;[0m &amp#27;[37m-->&amp#27;[39m &amp#27;[37mGET&amp#27;[39m &amp#27;[37m/session/737cfc75-39b7-4d8d-95ca-253dab0f7826/element/00000000-0000-05c2-0000-009d00000004/text&amp#27;[39m
&amp#27;[38;5;0m[HTTP]&amp#27;[0m &amp#27;[90m{}&amp#27;[39m
&amp#27;[38;5;32m[AndroidUiautomator2Driver@7d8a (737cfc75)]&amp#27;[0m Driver proxy active, passing request on via HTTP proxy
&amp#27;[38;5;32m[AndroidUiautomator2Driver@7d8a (737cfc75)]&amp#27;[0m Matched '/session/737cfc75-39b7-4d8d-95ca-253dab0f7826/element/00000000-0000-05c2-0000-009d00000004/text' to command name 'getText'
&amp#27;[38;5;32m[AndroidUiautomator2Driver@7d8a (737cfc75)]&amp#27;[0m Proxying [GET /session/737cfc75-39b7-4d8d-95ca-253dab0f7826/element/00000000-0000-05c2-0000-009d00000004/text] to [GET http://127.0.0.1:8240/session/848f67d1-b0ae-4721-9dff-71f52c26d8f9/element/00000000-0000-05c2-0000-009d00000004/text] with no body
&amp#27;[38;5;32m[AndroidUiautomator2Driver@7d8a (737cfc75)]&amp#27;[0m Got response with status 200: {"sessionId":"848f67d1-b0ae-4721-9dff-71f52c26d8f9","value":"light rain"}
&amp#27;[38;5;32m[AndroidUiautomator2Driver@7d8a (737cfc75)]&amp#27;[0m Replacing sessionId 848f67d1-b0ae-4721-9dff-71f52c26d8f9 with 737cfc75-39b7-4d8d-95ca-253dab0f7826
&amp#27;[38;5;0m[HTTP]&amp#27;[0m &amp#27;[37m<-- GET /session/737cfc75-39b7-4d8d-95ca-253dab0f7826/element/00000000-0000-05c2-0000-009d00000004/text &amp#27;[39m&amp#27;[32m200&amp#27;[39m &amp#27;[90m8 ms - 73&amp#27;[39m
&amp#27;[38;5;0m[HTTP]&amp#27;[0m &amp#27;[90m&amp#27;[39m
&amp#27;[38;5;0m[HTTP]&amp#27;[0m &amp#27;[37m-->&amp#27;[39m &amp#27;[37mGET&amp#27;[39m &amp#27;[37m/session/737cfc75-39b7-4d8d-95ca-253dab0f7826/element/00000000-0000-05c2-0000-009f00000004/text&amp#27;[39m
&amp#27;[38;5;0m[HTTP]&amp#27;[0m &amp#27;[90m{}&amp#27;[39m
&amp#27;[38;5;32m[AndroidUiautomator2Driver@7d8a (737cfc75)]&amp#27;[0m Driver proxy active, passing request on via HTTP proxy
&amp#27;[38;5;32m[AndroidUiautomator2Driver@7d8a (737cfc75)]&amp#27;[0m Matched '/session/737cfc75-39b7-4d8d-95ca-253dab0f7826/element/00000000-0000-05c2-0000-009f00000004/text' to command name 'getText'
&amp#27;[38;5;32m[AndroidUiautomator2Driver@7d8a (737cfc75)]&amp#27;[0m Proxying [GET /session/737cfc75-39b7-4d8d-95ca-253dab0f7826/element/00000000-0000-05c2-0000-009f00000004/text] to [GET http://127.0.0.1:8240/session/848f67d1-b0ae-4721-9dff-71f52c26d8f9/element/00000000-0000-05c2-0000-009f00000004/text] with no body
&amp#27;[38;5;32m[AndroidUiautomator2Driver@7d8a (737cfc75)]&amp#27;[0m Got response with status 200: {"sessionId":"848f67d1-b0ae-4721-9dff-71f52c26d8f9","value":"94 %"}
&amp#27;[38;5;32m[AndroidUiautomator2Driver@7d8a (737cfc75)]&amp#27;[0m Replacing sessionId 848f67d1-b0ae-4721-9dff-71f52c26d8f9 with 737cfc75-39b7-4d8d-95ca-253dab0f7826
&amp#27;[38;5;0m[HTTP]&amp#27;[0m &amp#27;[37m<-- GET /session/737cfc75-39b7-4d8d-95ca-253dab0f7826/element/00000000-0000-05c2-0000-009f00000004/text &amp#27;[39m&amp#27;[32m200&amp#27;[39m &amp#27;[90m8 ms - 67&amp#27;[39m
&amp#27;[38;5;0m[HTTP]&amp#27;[0m &amp#27;[90m&amp#27;[39m
&amp#27;[38;5;0m[HTTP]&amp#27;[0m &amp#27;[37m-->&amp#27;[39m &amp#27;[37mGET&amp#27;[39m &amp#27;[37m/session/737cfc75-39b7-4d8d-95ca-253dab0f7826/element/00000000-0000-05c2-0000-00a100000004/text&amp#27;[39m
&amp#27;[38;5;0m[HTTP]&amp#27;[0m &amp#27;[90m{}&amp#27;[39m
&amp#27;[38;5;32m[AndroidUiautomator2Driver@7d8a (737cfc75)]&amp#27;[0m Driver proxy active, passing request on via HTTP proxy
&amp#27;[38;5;32m[AndroidUiautomator2Driver@7d8a (737cfc75)]&amp#27;[0m Matched '/session/737cfc75-39b7-4d8d-95ca-253dab0f7826/element/00000000-0000-05c2-0000-00a100000004/text' to command name 'getText'
&amp#27;[38;5;32m[AndroidUiautomator2Driver@7d8a (737cfc75)]&amp#27;[0m Proxying [GET /session/737cfc75-39b7-4d8d-95ca-253dab0f7826/element/00000000-0000-05c2-0000-00a100000004/text] to [GET http://127.0.0.1:8240/session/848f67d1-b0ae-4721-9dff-71f52c26d8f9/element/00000000-0000-05c2-0000-00a100000004/text] with no body
&amp#27;[38;5;32m[AndroidUiautomator2Driver@7d8a (737cfc75)]&amp#27;[0m Got response with status 200: {"sessionId":"848f67d1-b0ae-4721-9dff-71f52c26d8f9","value":"12 Â°C"}
&amp#27;[38;5;32m[AndroidUiautomator2Driver@7d8a (737cfc75)]&amp#27;[0m Replacing sessionId 848f67d1-b0ae-4721-9dff-71f52c26d8f9 with 737cfc75-39b7-4d8d-95ca-253dab0f7826
&amp#27;[38;5;0m[HTTP]&amp#27;[0m &amp#27;[37m<-- GET /session/737cfc75-39b7-4d8d-95ca-253dab0f7826/element/00000000-0000-05c2-0000-00a100000004/text &amp#27;[39m&amp#27;[32m200&amp#27;[39m &amp#27;[90m8 ms - 69&amp#27;[39m
&amp#27;[38;5;0m[HTTP]&amp#27;[0m &amp#27;[90m&amp#27;[39m
&amp#27;[38;5;0m[HTTP]&amp#27;[0m &amp#27;[37m-->&amp#27;[39m &amp#27;[37mGET&amp#27;[39m &amp#27;[37m/session/737cfc75-39b7-4d8d-95ca-253dab0f7826/element/00000000-0000-05c2-0000-00a300000004/text&amp#27;[39m
&amp#27;[38;5;0m[HTTP]&amp#27;[0m &amp#27;[90m{}&amp#27;[39m
&amp#27;[38;5;32m[AndroidUiautomator2Driver@7d8a (737cfc75)]&amp#27;[0m Driver proxy active, passing request on via HTTP proxy
&amp#27;[38;5;32m[AndroidUiautomator2Driver@7d8a (737cfc75)]&amp#27;[0m Matched '/session/737cfc75-39b7-4d8d-95ca-253dab0f7826/element/00000000-0000-05c2-0000-00a300000004/text' to command name 'getText'
&amp#27;[38;5;32m[AndroidUiautomator2Driver@7d8a (737cfc75)]&amp#27;[0m Proxying [GET /session/737cfc75-39b7-4d8d-95ca-253dab0f7826/element/00000000-0000-05c2-0000-00a300000004/text] to [GET http://127.0.0.1:8240/session/848f67d1-b0ae-4721-9dff-71f52c26d8f9/element/00000000-0000-05c2-0000-00a300000004/text] with no body
&amp#27;[38;5;32m[AndroidUiautomator2Driver@7d8a (737cfc75)]&amp#27;[0m Got response with status 200: {"sessionId":"848f67d1-b0ae-4721-9dff-71f52c26d8f9","value":"13:00"}
&amp#27;[38;5;32m[AndroidUiautomator2Driver@7d8a (737cfc75)]&amp#27;[0m Replacing sessionId 848f67d1-b0ae-4721-9dff-71f52c26d8f9 with 737cfc75-39b7-4d8d-95ca-253dab0f7826
&amp#27;[38;5;0m[HTTP]&amp#27;[0m &amp#27;[37m<-- GET /session/737cfc75-39b7-4d8d-95ca-253dab0f7826/element/00000000-0000-05c2-0000-00a300000004/text &amp#27;[39m&amp#27;[32m200&amp#27;[39m &amp#27;[90m8 ms - 68&amp#27;[39m
&amp#27;[38;5;0m[HTTP]&amp#27;[0m &amp#27;[90m&amp#27;[39m
&amp#27;[38;5;0m[HTTP]&amp#27;[0m &amp#27;[37m-->&amp#27;[39m &amp#27;[37mGET&amp#27;[39m &amp#27;[37m/session/737cfc75-39b7-4d8d-95ca-253dab0f7826/element/00000000-0000-05c2-0000-00a500000004/text&amp#27;[39m
&amp#27;[38;5;0m[HTTP]&amp#27;[0m &amp#27;[90m{}&amp#27;[39m
&amp#27;[38;5;32m[AndroidUiautomator2Driver@7d8a (737cfc75)]&amp#27;[0m Driver proxy active, passing request on via HTTP proxy
&amp#27;[38;5;32m[AndroidUiautomator2Driver@7d8a (737cfc75)]&amp#27;[0m Matched '/session/737cfc75-39b7-4d8d-95ca-253dab0f7826/element/00000000-0000-05c2-0000-00a500000004/text' to command name 'getText'
&amp#27;[38;5;32m[AndroidUiautomator2Driver@7d8a (737cfc75)]&amp#27;[0m Proxying [GET /session/737cfc75-39b7-4d8d-95ca-253dab0f7826/element/00000000-0000-05c2-0000-00a500000004/text] to [GET http://127.0.0.1:8240/session/848f67d1-b0ae-4721-9dff-71f52c26d8f9/element/00000000-0000-05c2-0000-00a500000004/text] with no body
&amp#27;[38;5;32m[AndroidUiautomator2Driver@7d8a (737cfc75)]&amp#27;[0m Got response with status 200: {"sessionId":"848f67d1-b0ae-4721-9dff-71f52c26d8f9","value":"moderate rain"}
&amp#27;[38;5;32m[AndroidUiautomator2Driver@7d8a (737cfc75)]&amp#27;[0m Replacing sessionId 848f67d1-b0ae-4721-9dff-71f52c26d8f9 with 737cfc75-39b7-4d8d-95ca-253dab0f7826
&amp#27;[38;5;0m[HTTP]&amp#27;[0m &amp#27;[37m<-- GET /session/737cfc75-39b7-4d8d-95ca-253dab0f7826/element/00000000-0000-05c2-0000-00a500000004/text &amp#27;[39m&amp#27;[32m200&amp#27;[39m &amp#27;[90m8 ms - 76&amp#27;[39m
&amp#27;[38;5;0m[HTTP]&amp#27;[0m &amp#27;[90m&amp#27;[39m
&amp#27;[38;5;0m[HTTP]&amp#27;[0m &amp#27;[37m-->&amp#27;[39m &amp#27;[37mGET&amp#27;[39m &amp#27;[37m/session/737cfc75-39b7-4d8d-95ca-253dab0f7826/element/00000000-0000-05c2-0000-00a700000004/text&amp#27;[39m
&amp#27;[38;5;0m[HTTP]&amp#27;[0m &amp#27;[90m{}&amp#27;[39m
&amp#27;[38;5;32m[AndroidUiautomator2Driver@7d8a (737cfc75)]&amp#27;[0m Driver proxy active, passing request on via HTTP proxy
&amp#27;[38;5;32m[AndroidUiautomator2Driver@7d8a (737cfc75)]&amp#27;[0m Matched '/session/737cfc75-39b7-4d8d-95ca-253dab0f7826/element/00000000-0000-05c2-0000-00a700000004/text' to command name 'getText'
&amp#27;[38;5;32m[AndroidUiautomator2Driver@7d8a (737cfc75)]&amp#27;[0m Proxying [GET /session/737cfc75-39b7-4d8d-95ca-253dab0f7826/element/00000000-0000-05c2-0000-00a700000004/text] to [GET http://127.0.0.1:8240/session/848f67d1-b0ae-4721-9dff-71f52c26d8f9/element/00000000-0000-05c2-0000-00a700000004/text] with no body
&amp#27;[38;5;32m[AndroidUiautomator2Driver@7d8a (737cfc75)]&amp#27;[0m Got response with status 200: {"sessionId":"848f67d1-b0ae-4721-9dff-71f52c26d8f9","value":"95 %"}
&amp#27;[38;5;32m[AndroidUiautomator2Driver@7d8a (737cfc75)]&amp#27;[0m Replacing sessionId 848f67d1-b0ae-4721-9dff-71f52c26d8f9 with 737cfc75-39b7-4d8d-95ca-253dab0f7826
&amp#27;[38;5;0m[HTTP]&amp#27;[0m &amp#27;[37m<-- GET /session/737cfc75-39b7-4d8d-95ca-253dab0f7826/element/00000000-0000-05c2-0000-00a700000004/text &amp#27;[39m&amp#27;[32m200&amp#27;[39m &amp#27;[90m8 ms - 67&amp#27;[39m
&amp#27;[38;5;0m[HTTP]&amp#27;[0m &amp#27;[90m&amp#27;[39m
&amp#27;[38;5;0m[HTTP]&amp#27;[0m &amp#27;[37m-->&amp#27;[39m &amp#27;[37mGET&amp#27;[39m &amp#27;[37m/session/737cfc75-39b7-4d8d-95ca-253dab0f7826/element/00000000-0000-05c2-0000-00a900000004/text&amp#27;[39m
&amp#27;[38;5;0m[HTTP]&amp#27;[0m &amp#27;[90m{}&amp#27;[39m
&amp#27;[38;5;32m[AndroidUiautomator2Driver@7d8a (737cfc75)]&amp#27;[0m Driver proxy active, passing request on via HTTP proxy
&amp#27;[38;5;32m[AndroidUiautomator2Driver@7d8a (737cfc75)]&amp#27;[0m Matched '/session/737cfc75-39b7-4d8d-95ca-253dab0f7826/element/00000000-0000-05c2-0000-00a900000004/text' to command name 'getText'
&amp#27;[38;5;32m[AndroidUiautomator2Driver@7d8a (737cfc75)]&amp#27;[0m Proxying [GET /session/737cfc75-39b7-4d8d-95ca-253dab0f7826/element/00000000-0000-05c2-0000-00a900000004/text] to [GET http://127.0.0.1:8240/session/848f67d1-b0ae-4721-9dff-71f52c26d8f9/element/00000000-0000-05c2-0000-00a900000004/text] with no body
&amp#27;[38;5;32m[AndroidUiautomator2Driver@7d8a (737cfc75)]&amp#27;[0m Got response with status 200: {"sessionId":"848f67d1-b0ae-4721-9dff-71f52c26d8f9","value":"12 Â°C"}
&amp#27;[38;5;32m[AndroidUiautomator2Driver@7d8a (737cfc75)]&amp#27;[0m Replacing sessionId 848f67d1-b0ae-4721-9dff-71f52c26d8f9 with 737cfc75-39b7-4d8d-95ca-253dab0f7826
&amp#27;[38;5;0m[HTTP]&amp#27;[0m &amp#27;[37m<-- GET /session/737cfc75-39b7-4d8d-95ca-253dab0f7826/element/00000000-0000-05c2-0000-00a900000004/text &amp#27;[39m&amp#27;[32m200&amp#27;[39m &amp#27;[90m9 ms - 69&amp#27;[39m
&amp#27;[38;5;0m[HTTP]&amp#27;[0m &amp#27;[90m&amp#27;[39m
&amp#27;[38;5;0m[HTTP]&amp#27;[0m &amp#27;[37m-->&amp#27;[39m &amp#27;[37mGET&amp#27;[39m &amp#27;[37m/session/737cfc75-39b7-4d8d-95ca-253dab0f7826/element/00000000-0000-05c2-0000-00ab00000004/text&amp#27;[39m
&amp#27;[38;5;0m[HTTP]&amp#27;[0m &amp#27;[90m{}&amp#27;[39m
&amp#27;[38;5;32m[AndroidUiautomator2Driver@7d8a (737cfc75)]&amp#27;[0m Driver proxy active, passing request on via HTTP proxy
&amp#27;[38;5;32m[AndroidUiautomator2Driver@7d8a (737cfc75)]&amp#27;[0m Matched '/session/737cfc75-39b7-4d8d-95ca-253dab0f7826/element/00000000-0000-05c2-0000-00ab00000004/text' to command name 'getText'
&amp#27;[38;5;32m[AndroidUiautomator2Driver@7d8a (737cfc75)]&amp#27;[0m Proxying [GET /session/737cfc75-39b7-4d8d-95ca-253dab0f7826/element/00000000-0000-05c2-0000-00ab00000004/text] to [GET http://127.0.0.1:8240/session/848f67d1-b0ae-4721-9dff-71f52c26d8f9/element/00000000-0000-05c2-0000-00ab00000004/text] with no body
&amp#27;[38;5;32m[AndroidUiautomator2Driver@7d8a (737cfc75)]&amp#27;[0m Got response with status 200: {"sessionId":"848f67d1-b0ae-4721-9dff-71f52c26d8f9","value":"14:00"}
&amp#27;[38;5;32m[AndroidUiautomator2Driver@7d8a (737cfc75)]&amp#27;[0m Replacing sessionId 848f67d1-b0ae-4721-9dff-71f52c26d8f9 with 737cfc75-39b7-4d8d-95ca-253dab0f7826
&amp#27;[38;5;0m[HTTP]&amp#27;[0m &amp#27;[37m<-- GET /session/737cfc75-39b7-4d8d-95ca-253dab0f7826/element/00000000-0000-05c2-0000-00ab00000004/text &amp#27;[39m&amp#27;[32m200&amp#27;[39m &amp#27;[90m9 ms - 68&amp#27;[39m
&amp#27;[38;5;0m[HTTP]&amp#27;[0m &amp#27;[90m&amp#27;[39m
&amp#27;[38;5;0m[HTTP]&amp#27;[0m &amp#27;[37m-->&amp#27;[39m &amp#27;[37mGET&amp#27;[39m &amp#27;[37m/session/737cfc75-39b7-4d8d-95ca-253dab0f7826/element/00000000-0000-05c2-0000-00ad00000004/text&amp#27;[39m
&amp#27;[38;5;0m[HTTP]&amp#27;[0m &amp#27;[90m{}&amp#27;[39m
&amp#27;[38;5;32m[AndroidUiautomator2Driver@7d8a (737cfc75)]&amp#27;[0m Driver proxy active, passing request on via HTTP proxy
&amp#27;[38;5;32m[AndroidUiautomator2Driver@7d8a (737cfc75)]&amp#27;[0m Matched '/session/737cfc75-39b7-4d8d-95ca-253dab0f7826/element/00000000-0000-05c2-0000-00ad00000004/text' to command name 'getText'
&amp#27;[38;5;32m[AndroidUiautomator2Driver@7d8a (737cfc75)]&amp#27;[0m Proxying [GET /session/737cfc75-39b7-4d8d-95ca-253dab0f7826/element/00000000-0000-05c2-0000-00ad00000004/text] to [GET http://127.0.0.1:8240/session/848f67d1-b0ae-4721-9dff-71f52c26d8f9/element/00000000-0000-05c2-0000-00ad00000004/text] with no body
&amp#27;[38;5;32m[AndroidUiautomator2Driver@7d8a (737cfc75)]&amp#27;[0m Got response with status 200: {"sessionId":"848f67d1-b0ae-4721-9dff-71f52c26d8f9","value":"moderate rain"}
&amp#27;[38;5;32m[AndroidUiautomator2Driver@7d8a (737cfc75)]&amp#27;[0m Replacing sessionId 848f67d1-b0ae-4721-9dff-71f52c26d8f9 with 737cfc75-39b7-4d8d-95ca-253dab0f7826
&amp#27;[38;5;0m[HTTP]&amp#27;[0m &amp#27;[37m<-- GET /session/737cfc75-39b7-4d8d-95ca-253dab0f7826/element/00000000-0000-05c2-0000-00ad00000004/text &amp#27;[39m&amp#27;[32m200&amp#27;[39m &amp#27;[90m9 ms - 76&amp#27;[39m
&amp#27;[38;5;0m[HTTP]&amp#27;[0m &amp#27;[90m&amp#27;[39m
&amp#27;[38;5;0m[HTTP]&amp#27;[0m &amp#27;[37m-->&amp#27;[39m &amp#27;[37mGET&amp#27;[39m &amp#27;[37m/session/737cfc75-39b7-4d8d-95ca-253dab0f7826/element/00000000-0000-05c2-0000-00af00000004/text&amp#27;[39m
&amp#27;[38;5;0m[HTTP]&amp#27;[0m &amp#27;[90m{}&amp#27;[39m
&amp#27;[38;5;32m[AndroidUiautomator2Driver@7d8a (737cfc75)]&amp#27;[0m Driver proxy active, passing request on via HTTP proxy
&amp#27;[38;5;32m[AndroidUiautomator2Driver@7d8a (737cfc75)]&amp#27;[0m Matched '/session/737cfc75-39b7-4d8d-95ca-253dab0f7826/element/00000000-0000-05c2-0000-00af00000004/text' to command name 'getText'
&amp#27;[38;5;32m[AndroidUiautomator2Driver@7d8a (737cfc75)]&amp#27;[0m Proxying [GET /session/737cfc75-39b7-4d8d-95ca-253dab0f7826/element/00000000-0000-05c2-0000-00af00000004/text] to [GET http://127.0.0.1:8240/session/848f67d1-b0ae-4721-9dff-71f52c26d8f9/element/00000000-0000-05c2-0000-00af00000004/text] with no body
&amp#27;[38;5;32m[AndroidUiautomator2Driver@7d8a (737cfc75)]&amp#27;[0m Got response with status 200: {"sessionId":"848f67d1-b0ae-4721-9dff-71f52c26d8f9","value":"96 %"}
&amp#27;[38;5;32m[AndroidUiautomator2Driver@7d8a (737cfc75)]&amp#27;[0m Replacing sessionId 848f67d1-b0ae-4721-9dff-71f52c26d8f9 with 737cfc75-39b7-4d8d-95ca-253dab0f7826
&amp#27;[38;5;0m[HTTP]&amp#27;[0m &amp#27;[37m<-- GET /session/737cfc75-39b7-4d8d-95ca-253dab0f7826/element/00000000-0000-05c2-0000-00af00000004/text &amp#27;[39m&amp#27;[32m200&amp#27;[39m &amp#27;[90m9 ms - 67&amp#27;[39m
&amp#27;[38;5;0m[HTTP]&amp#27;[0m &amp#27;[90m&amp#27;[39m
&amp#27;[38;5;0m[HTTP]&amp#27;[0m &amp#27;[37m-->&amp#27;[39m &amp#27;[37mGET&amp#27;[39m &amp#27;[37m/session/737cfc75-39b7-4d8d-95ca-253dab0f7826/element/00000000-0000-05c2-0000-00b100000004/text&amp#27;[39m
&amp#27;[38;5;0m[HTTP]&amp#27;[0m &amp#27;[90m{}&amp#27;[39m
&amp#27;[38;5;32m[AndroidUiautomator2Driver@7d8a (737cfc75)]&amp#27;[0m Driver proxy active, passing request on via HTTP proxy
&amp#27;[38;5;32m[AndroidUiautomator2Driver@7d8a (737cfc75)]&amp#27;[0m Matched '/session/737cfc75-39b7-4d8d-95ca-253dab0f7826/element/00000000-0000-05c2-0000-00b100000004/text' to command name 'getText'
&amp#27;[38;5;32m[AndroidUiautomator2Driver@7d8a (737cfc75)]&amp#27;[0m Proxying [GET /session/737cfc75-39b7-4d8d-95ca-253dab0f7826/element/00000000-0000-05c2-0000-00b100000004/text] to [GET http://127.0.0.1:8240/session/848f67d1-b0ae-4721-9dff-71f52c26d8f9/element/00000000-0000-05c2-0000-00b100000004/text] with no body
&amp#27;[38;5;32m[AndroidUiautomator2Driver@7d8a (737cfc75)]&amp#27;[0m Got response with status 200: {"sessionId":"848f67d1-b0ae-4721-9dff-71f52c26d8f9","value":"12 Â°C"}
&amp#27;[38;5;32m[AndroidUiautomator2Driver@7d8a (737cfc75)]&amp#27;[0m Replacing sessionId 848f67d1-b0ae-4721-9dff-71f52c26d8f9 with 737cfc75-39b7-4d8d-95ca-253dab0f7826
&amp#27;[38;5;0m[HTTP]&amp#27;[0m &amp#27;[37m<-- GET /session/737cfc75-39b7-4d8d-95ca-253dab0f7826/element/00000000-0000-05c2-0000-00b100000004/text &amp#27;[39m&amp#27;[32m200&amp#27;[39m &amp#27;[90m9 ms - 69&amp#27;[39m
&amp#27;[38;5;0m[HTTP]&amp#27;[0m &amp#27;[90m&amp#27;[39m
&amp#27;[38;5;0m[HTTP]&amp#27;[0m &amp#27;[37m-->&amp#27;[39m &amp#27;[37mGET&amp#27;[39m &amp#27;[37m/session/737cfc75-39b7-4d8d-95ca-253dab0f7826/element/00000000-0000-05c2-0000-00b300000004/text&amp#27;[39m
&amp#27;[38;5;0m[HTTP]&amp#27;[0m &amp#27;[90m{}&amp#27;[39m
&amp#27;[38;5;32m[AndroidUiautomator2Driver@7d8a (737cfc75)]&amp#27;[0m Driver proxy active, passing request on via HTTP proxy
&amp#27;[38;5;32m[AndroidUiautomator2Driver@7d8a (737cfc75)]&amp#27;[0m Matched '/session/737cfc75-39b7-4d8d-95ca-253dab0f7826/element/00000000-0000-05c2-0000-00b300000004/text' to command name 'getText'
&amp#27;[38;5;32m[AndroidUiautomator2Driver@7d8a (737cfc75)]&amp#27;[0m Proxying [GET /session/737cfc75-39b7-4d8d-95ca-253dab0f7826/element/00000000-0000-05c2-0000-00b300000004/text] to [GET http://127.0.0.1:8240/session/848f67d1-b0ae-4721-9dff-71f52c26d8f9/element/00000000-0000-05c2-0000-00b300000004/text] with no body
&amp#27;[38;5;32m[AndroidUiautomator2Driver@7d8a (737cfc75)]&amp#27;[0m Got response with status 200: {"sessionId":"848f67d1-b0ae-4721-9dff-71f52c26d8f9","value":"15:00"}
&amp#27;[38;5;32m[AndroidUiautomator2Driver@7d8a (737cfc75)]&amp#27;[0m Replacing sessionId 848f67d1-b0ae-4721-9dff-71f52c26d8f9 with 737cfc75-39b7-4d8d-95ca-253dab0f7826
&amp#27;[38;5;0m[HTTP]&amp#27;[0m &amp#27;[37m<-- GET /session/737cfc75-39b7-4d8d-95ca-253dab0f7826/element/00000000-0000-05c2-0000-00b300000004/text &amp#27;[39m&amp#27;[32m200&amp#27;[39m &amp#27;[90m9 ms - 68&amp#27;[39m
&amp#27;[38;5;0m[HTTP]&amp#27;[0m &amp#27;[90m&amp#27;[39m
&amp#27;[38;5;0m[HTTP]&amp#27;[0m &amp#27;[37m-->&amp#27;[39m &amp#27;[37mGET&amp#27;[39m &amp#27;[37m/session/737cfc75-39b7-4d8d-95ca-253dab0f7826/element/00000000-0000-05c2-0000-00b500000004/text&amp#27;[39m
&amp#27;[38;5;0m[HTTP]&amp#27;[0m &amp#27;[90m{}&amp#27;[39m
&amp#27;[38;5;32m[AndroidUiautomator2Driver@7d8a (737cfc75)]&amp#27;[0m Driver proxy active, passing request on via HTTP proxy
&amp#27;[38;5;32m[AndroidUiautomator2Driver@7d8a (737cfc75)]&amp#27;[0m Matched '/session/737cfc75-39b7-4d8d-95ca-253dab0f7826/element/00000000-0000-05c2-0000-00b500000004/text' to command name 'getText'
&amp#27;[38;5;32m[AndroidUiautomator2Driver@7d8a (737cfc75)]&amp#27;[0m Proxying [GET /session/737cfc75-39b7-4d8d-95ca-253dab0f7826/element/00000000-0000-05c2-0000-00b500000004/text] to [GET http://127.0.0.1:8240/session/848f67d1-b0ae-4721-9dff-71f52c26d8f9/element/00000000-0000-05c2-0000-00b500000004/text] with no body
&amp#27;[38;5;32m[AndroidUiautomator2Driver@7d8a (737cfc75)]&amp#27;[0m Got response with status 200: {"sessionId":"848f67d1-b0ae-4721-9dff-71f52c26d8f9","value":"light rain"}
&amp#27;[38;5;32m[AndroidUiautomator2Driver@7d8a (737cfc75)]&amp#27;[0m Replacing sessionId 848f67d1-b0ae-4721-9dff-71f52c26d8f9 with 737cfc75-39b7-4d8d-95ca-253dab0f7826
&amp#27;[38;5;0m[HTTP]&amp#27;[0m &amp#27;[37m<-- GET /session/737cfc75-39b7-4d8d-95ca-253dab0f7826/element/00000000-0000-05c2-0000-00b500000004/text &amp#27;[39m&amp#27;[32m200&amp#27;[39m &amp#27;[90m9 ms - 73&amp#27;[39m
&amp#27;[38;5;0m[HTTP]&amp#27;[0m &amp#27;[90m&amp#27;[39m
&amp#27;[38;5;0m[HTTP]&amp#27;[0m &amp#27;[37m-->&amp#27;[39m &amp#27;[37mGET&amp#27;[39m &amp#27;[37m/session/737cfc75-39b7-4d8d-95ca-253dab0f7826/element/00000000-0000-05c2-0000-00b700000004/text&amp#27;[39m
&amp#27;[38;5;0m[HTTP]&amp#27;[0m &amp#27;[90m{}&amp#27;[39m
&amp#27;[38;5;32m[AndroidUiautomator2Driver@7d8a (737cfc75)]&amp#27;[0m Driver proxy active, passing request on via HTTP proxy
&amp#27;[38;5;32m[AndroidUiautomator2Driver@7d8a (737cfc75)]&amp#27;[0m Matched '/session/737cfc75-39b7-4d8d-95ca-253dab0f7826/element/00000000-0000-05c2-0000-00b700000004/text' to command name 'getText'
&amp#27;[38;5;32m[AndroidUiautomator2Driver@7d8a (737cfc75)]&amp#27;[0m Proxying [GET /session/737cfc75-39b7-4d8d-95ca-253dab0f7826/element/00000000-0000-05c2-0000-00b700000004/text] to [GET http://127.0.0.1:8240/session/848f67d1-b0ae-4721-9dff-71f52c26d8f9/element/00000000-0000-05c2-0000-00b700000004/text] with no body
&amp#27;[38;5;32m[AndroidUiautomator2Driver@7d8a (737cfc75)]&amp#27;[0m Got response with status 200: {"sessionId":"848f67d1-b0ae-4721-9dff-71f52c26d8f9","value":"96 %"}
&amp#27;[38;5;32m[AndroidUiautomator2Driver@7d8a (737cfc75)]&amp#27;[0m Replacing sessionId 848f67d1-b0ae-4721-9dff-71f52c26d8f9 with 737cfc75-39b7-4d8d-95ca-253dab0f7826
&amp#27;[38;5;0m[HTTP]&amp#27;[0m &amp#27;[37m<-- GET /session/737cfc75-39b7-4d8d-95ca-253dab0f7826/element/00000000-0000-05c2-0000-00b700000004/text &amp#27;[39m&amp#27;[32m200&amp#27;[39m &amp#27;[90m8 ms - 67&amp#27;[39m
&amp#27;[38;5;0m[HTTP]&amp#27;[0m &amp#27;[90m&amp#27;[39m
&amp#27;[38;5;0m[HTTP]&amp#27;[0m &amp#27;[37m-->&amp#27;[39m &amp#27;[37mGET&amp#27;[39m &amp#27;[37m/session/737cfc75-39b7-4d8d-95ca-253dab0f7826/element/00000000-0000-05c2-0000-00b900000004/text&amp#27;[39m
&amp#27;[38;5;0m[HTTP]&amp#27;[0m &amp#27;[90m{}&amp#27;[39m
&amp#27;[38;5;32m[AndroidUiautomator2Driver@7d8a (737cfc75)]&amp#27;[0m Driver proxy active, passing request on via HTTP proxy
&amp#27;[38;5;32m[AndroidUiautomator2Driver@7d8a (737cfc75)]&amp#27;[0m Matched '/session/737cfc75-39b7-4d8d-95ca-253dab0f7826/element/00000000-0000-05c2-0000-00b900000004/text' to command name 'getText'
&amp#27;[38;5;32m[AndroidUiautomator2Driver@7d8a (737cfc75)]&amp#27;[0m Proxying [GET /session/737cfc75-39b7-4d8d-95ca-253dab0f7826/element/00000000-0000-05c2-0000-00b900000004/text] to [GET http://127.0.0.1:8240/session/848f67d1-b0ae-4721-9dff-71f52c26d8f9/element/00000000-0000-05c2-0000-00b900000004/text] with no body
&amp#27;[38;5;32m[AndroidUiautomator2Driver@7d8a (737cfc75)]&amp#27;[0m Got response with status 200: {"sessionId":"848f67d1-b0ae-4721-9dff-71f52c26d8f9","value":"12 Â°C"}
&amp#27;[38;5;32m[AndroidUiautomator2Driver@7d8a (737cfc75)]&amp#27;[0m Replacing sessionId 848f67d1-b0ae-4721-9dff-71f52c26d8f9 with 737cfc75-39b7-4d8d-95ca-253dab0f7826
&amp#27;[38;5;0m[HTTP]&amp#27;[0m &amp#27;[37m<-- GET /session/737cfc75-39b7-4d8d-95ca-253dab0f7826/element/00000000-0000-05c2-0000-00b900000004/text &amp#27;[39m&amp#27;[32m200&amp#27;[39m &amp#27;[90m8 ms - 69&amp#27;[39m
&amp#27;[38;5;0m[HTTP]&amp#27;[0m &amp#27;[90m&amp#27;[39m
&amp#27;[38;5;0m[HTTP]&amp#27;[0m &amp#27;[37m-->&amp#27;[39m &amp#27;[37mPOST&amp#27;[39m &amp#27;[37m/session/737cfc75-39b7-4d8d-95ca-253dab0f7826/execute/sync&amp#27;[39m
&amp#27;[38;5;0m[HTTP]&amp#27;[0m &amp#27;[90m{"script":"mobile: swipeGesture","args":[{"elementId":"00000000-0000-05c2-0000-002900000004","percent":0.4,"speed":320,"direction":"left"}]}&amp#27;[39m
&amp#27;[38;5;32m[AndroidUiautomator2Driver@7d8a (737cfc75)]&amp#27;[0m Calling AppiumDriver.execute() with args: ["mobile: swipeGesture",[{"elementId":"00000000-0000-05c2-0000-002900000004","percent":0.4,"speed":320,"direction":"left"}],"737cfc75-39b7-4d8d-95ca-253dab0f7826"]
&amp#27;[38;5;32m[AndroidUiautomator2Driver@7d8a (737cfc75)]&amp#27;[0m Executing method 'mobile: swipeGesture'
&amp#27;[38;5;32m[AndroidUiautomator2Driver@7d8a (737cfc75)]&amp#27;[0m Proxying [POST /appium/gestures/swipe] to [POST http://127.0.0.1:8240/session/848f67d1-b0ae-4721-9dff-71f52c26d8f9/appium/gestures/swipe] with body: {"origin":{"ELEMENT":"00000000-0000-05c2-0000-002900000004","element-6066-11e4-a52e-4f735466cecf":"00000000-0000-05c2-0000-002900000004"},"direction":"left","percent":0.4,"speed":320}
&amp#27;[38;5;32m[AndroidUiautomator2Driver@7d8a (737cfc75)]&amp#27;[0m Got response with status 200: {"sessionId":"848f67d1-b0ae-4721-9dff-71f52c26d8f9","value":null}
&amp#27;[38;5;32m[AndroidUiautomator2Driver@7d8a (737cfc75)]&amp#27;[0m Responding to client with driver.execute() result: null
&amp#27;[38;5;0m[HTTP]&amp#27;[0m &amp#27;[37m<-- POST /session/737cfc75-39b7-4d8d-95ca-253dab0f7826/execute/sync &amp#27;[39m&amp#27;[32m200&amp#27;[39m &amp#27;[90m1548 ms - 14&amp#27;[39m
&amp#27;[38;5;0m[HTTP]&amp#27;[0m &amp#27;[90m&amp#27;[39m
&amp#27;[38;5;0m[HTTP]&amp#27;[0m &amp#27;[37m-->&amp#27;[39m &amp#27;[37mPOST&amp#27;[39m &amp#27;[37m/session/737cfc75-39b7-4d8d-95ca-253dab0f7826/elements&amp#27;[39m
&amp#27;[38;5;0m[HTTP]&amp#27;[0m &amp#27;[90m{"using":"xpath","value":"//android.widget.HorizontalScrollView"}&amp#27;[39m
&amp#27;[38;5;32m[AndroidUiautomator2Driver@7d8a (737cfc75)]&amp#27;[0m Calling AppiumDriver.findElements() with args: ["xpath","//android.widget.HorizontalScrollView","737cfc75-39b7-4d8d-95ca-253dab0f7826"]
&amp#27;[38;5;32m[AndroidUiautomator2Driver@7d8a (737cfc75)]&amp#27;[0m Valid locator strategies for this request: xpath, id, class name, accessibility id, css selector, -android uiautomator
&amp#27;[38;5;32m[AndroidUiautomator2Driver@7d8a (737cfc75)]&amp#27;[0m Waiting up to 0 ms for condition
&amp#27;[38;5;32m[AndroidUiautomator2Driver@7d8a (737cfc75)]&amp#27;[0m Matched '/elements' to command name 'findElements'
&amp#27;[38;5;32m[AndroidUiautomator2Driver@7d8a (737cfc75)]&amp#27;[0m Proxying [POST /elements] to [POST http://127.0.0.1:8240/session/848f67d1-b0ae-4721-9dff-71f52c26d8f9/elements] with body: {"strategy":"xpath","selector":"//android.widget.HorizontalScrollView","context":"","multiple":true}
&amp#27;[38;5;32m[AndroidUiautomator2Driver@7d8a (737cfc75)]&amp#27;[0m Got response with status 200: {"sessionId":"848f67d1-b0ae-4721-9dff-71f52c26d8f9","value":[{"ELEMENT":"00000000-0000-05c2-0000-002900000004","element-6066-11e4-a52e-4f735466cecf":"00000000-0000-05c2-0000-002900000004"},{"ELEMENT":"00000000-0000-05c2-0000-002a00000004","element-6066-11e4-a52e-4f735466cecf":"00000000-0000-05c2-0000-002a00000004"}]}
&amp#27;[38;5;32m[AndroidUiautomator2Driver@7d8a (737cfc75)]&amp#27;[0m Responding to client with driver.findElements() result: [{"element-6066-11e4-a52e-4f735466cecf":"00000000-0000-05c2-0000-002900000004","ELEMENT":"00000000-0000-05c2-0000-002900000004"},{"element-6066-11e4-a52e-4f735466cecf":"00000000-0000-05c2-0000-002a00000004","ELEMENT":"00000000-0000-05c2-0000-002a00000004"}]
&amp#27;[38;5;0m[HTTP]&amp#27;[0m &amp#27;[37m<-- POST /session/737cfc75-39b7-4d8d-95ca-253dab0f7826/elements &amp#27;[39m&amp#27;[32m200&amp#27;[39m &amp#27;[90m111 ms - 267&amp#27;[39m
&amp#27;[38;5;0m[HTTP]&amp#27;[0m &amp#27;[90m&amp#27;[39m
&amp#27;[38;5;0m[HTTP]&amp#27;[0m &amp#27;[37m-->&amp#27;[39m &amp#27;[37mPOST&amp#27;[39m &amp#27;[37m/session/737cfc75-39b7-4d8d-95ca-253dab0f7826/element/00000000-0000-05c2-0000-002900000004/elements&amp#27;[39m
&amp#27;[38;5;0m[HTTP]&amp#27;[0m &amp#27;[90m{"id":"00000000-0000-05c2-0000-002900000004","using":"xpath","value":"//android.view.View"}&amp#27;[39m
&amp#27;[38;5;32m[AndroidUiautomator2Driver@7d8a (737cfc75)]&amp#27;[0m Calling AppiumDriver.findElementsFromElement() with args: ["xpath","//android.view.View","00000000-0000-05c2-0000-002900000004","737cfc75-39b7-4d8d-95ca-253dab0f7826"]
&amp#27;[38;5;32m[AndroidUiautomator2Driver@7d8a (737cfc75)]&amp#27;[0m Valid locator strategies for this request: xpath, id, class name, accessibility id, css selector, -android uiautomator
&amp#27;[38;5;32m[AndroidUiautomator2Driver@7d8a (737cfc75)]&amp#27;[0m Waiting up to 0 ms for condition
&amp#27;[38;5;32m[AndroidUiautomator2Driver@7d8a (737cfc75)]&amp#27;[0m Matched '/elements' to command name 'findElements'
&amp#27;[38;5;32m[AndroidUiautomator2Driver@7d8a (737cfc75)]&amp#27;[0m Proxying [POST /elements] to [POST http://127.0.0.1:8240/session/848f67d1-b0ae-4721-9dff-71f52c26d8f9/elements] with body: {"strategy":"xpath","selector":"//android.view.View","context":"00000000-0000-05c2-0000-002900000004","multiple":true}
&amp#27;[38;5;32m[AndroidUiautomator2Driver@7d8a (737cfc75)]&amp#27;[0m Got response with status 200: {"sessionId":"848f67d1-b0ae-4721-9dff-71f52c26d8f9","value":[{"ELEMENT":"00000000-0000-05c2-0000-00a300000004","element-6066-11e4-a52e-4f735466cecf":"00000000-0000-05c2-0000-00a300000004"},{"ELEMENT":"00000000-0000-05c2-0000-00a500000004","element-6066-11e4-a52e-4f735466cecf":"00000000-0000-05c2-0000-00a500000004"},{"ELEMENT":"00000000-0000-05c2-0000-00a900000004","element-6066-11e4-a52e-4f735466cecf":"00000000-0000-05c2-0000-00a900000004"},{"ELEMENT":"00000000-0000-05c2-0000-00ab00000004","element-6066-11e4-a52e-4f735466cecf":"00000000-0000-05c2-0000-00ab00000004"},{"ELEMENT":"00000000-0000-05c2-0000-00ad00000004","element-6066-11e4-a52e-4f735466cecf":"00000000-0000-05c2-0000-00ad00000004"},{"ELEMENT":"00000000-0000-05c2-0000-00af00000004","element-6066-11e4-a52e-4f735466cecf":"00000000-0000-05c2-0000-00af00000004"},{"ELEMENT":"00000000-0000-05c2-0000-00b100000004","element-6066-11e4-a52e-4f735466cecf":"00000000-0000-05c2-0000-00b100000004"},{"ELEMENT":"00000000-0000-05c2-0000-00b300000004","element-6066-...
&amp#27;[38;5;32m[AndroidUiautomator2Driver@7d8a (737cfc75)]&amp#27;[0m Responding to client with driver.findElementsFromElement() result: [{"element-6066-11e4-a52e-4f735466cecf":"00000000-0000-05c2-0000-00a300000004","ELEMENT":"00000000-0000-05c2-0000-00a300000004"},{"element-6066-11e4-a52e-4f735466cecf":"00000000-0000-05c2-0000-00a500000004","ELEMENT":"00000000-0000-05c2-0000-00a500000004"},{"element-6066-11e4-a52e-4f735466cecf":"00000000-0000-05c2-0000-00a900000004","ELEMENT":"00000000-0000-05c2-0000-00a900000004"},{"element-6066-11e4-a52e-4f735466cecf":"00000000-0000-05c2-0000-00ab00000004","ELEMENT":"00000000-0000-05c2-0000-00ab00000004"},{"element-6066-11e4-a52e-4f735466cecf":"00000000-0000-05c2-0000-00ad00000004","ELEMENT":"00000000-0000-05c2-0000-00ad00000004"},{"element-6066-11e4-a52e-4f735466cecf":"00000000-0000-05c2-0000-00af00000004","ELEMENT":"00000000-0000-05c2-0000-00af00000004"},{"element-6066-11e4-a52e-4f735466cecf":"00000000-0000-05c2-0000-00b100000004","ELEMENT":"00000000-0000-05c2-0000-00b100000004"},{"element-6066-11e4-a52e-4f735466cecf":"00000000-0000-05c2-0000-00b300000004","ELEMENT":"00000000-0000-05c2-0000-00b30000000...
&amp#27;[38;5;0m[HTTP]&amp#27;[0m &amp#27;[37m<-- POST /session/737cfc75-39b7-4d8d-95ca-253dab0f7826/element/00000000-0000-05c2-0000-002900000004/elements &amp#27;[39m&amp#27;[32m200&amp#27;[39m &amp#27;[90m45 ms - 1931&amp#27;[39m
&amp#27;[38;5;0m[HTTP]&amp#27;[0m &amp#27;[90m&amp#27;[39m
&amp#27;[38;5;0m[HTTP]&amp#27;[0m &amp#27;[37m-->&amp#27;[39m &amp#27;[37mGET&amp#27;[39m &amp#27;[37m/session/737cfc75-39b7-4d8d-95ca-253dab0f7826/element/00000000-0000-05c2-0000-00a300000004/text&amp#27;[39m
&amp#27;[38;5;0m[HTTP]&amp#27;[0m &amp#27;[90m{}&amp#27;[39m
&amp#27;[38;5;32m[AndroidUiautomator2Driver@7d8a (737cfc75)]&amp#27;[0m Driver proxy active, passing request on via HTTP proxy
&amp#27;[38;5;32m[AndroidUiautomator2Driver@7d8a (737cfc75)]&amp#27;[0m Matched '/session/737cfc75-39b7-4d8d-95ca-253dab0f7826/element/00000000-0000-05c2-0000-00a300000004/text' to command name 'getText'
&amp#27;[38;5;32m[AndroidUiautomator2Driver@7d8a (737cfc75)]&amp#27;[0m Proxying [GET /session/737cfc75-39b7-4d8d-95ca-253dab0f7826/element/00000000-0000-05c2-0000-00a300000004/text] to [GET http://127.0.0.1:8240/session/848f67d1-b0ae-4721-9dff-71f52c26d8f9/element/00000000-0000-05c2-0000-00a300000004/text] with no body
&amp#27;[38;5;32m[AndroidUiautomator2Driver@7d8a (737cfc75)]&amp#27;[0m Got response with status 200: {"sessionId":"848f67d1-b0ae-4721-9dff-71f52c26d8f9","value":"13:00"}
&amp#27;[38;5;32m[AndroidUiautomator2Driver@7d8a (737cfc75)]&amp#27;[0m Replacing sessionId 848f67d1-b0ae-4721-9dff-71f52c26d8f9 with 737cfc75-39b7-4d8d-95ca-253dab0f7826
&amp#27;[38;5;0m[HTTP]&amp#27;[0m &amp#27;[37m<-- GET /session/737cfc75-39b7-4d8d-95ca-253dab0f7826/element/00000000-0000-05c2-0000-00a300000004/text &amp#27;[39m&amp#27;[32m200&amp#27;[39m &amp#27;[90m9 ms - 68&amp#27;[39m
&amp#27;[38;5;0m[HTTP]&amp#27;[0m &amp#27;[90m&amp#27;[39m
&amp#27;[38;5;0m[HTTP]&amp#27;[0m &amp#27;[37m-->&amp#27;[39m &amp#27;[37mGET&amp#27;[39m &amp#27;[37m/session/737cfc75-39b7-4d8d-95ca-253dab0f7826/element/00000000-0000-05c2-0000-00a500000004/text&amp#27;[39m
&amp#27;[38;5;0m[HTTP]&amp#27;[0m &amp#27;[90m{}&amp#27;[39m
&amp#27;[38;5;32m[AndroidUiautomator2Driver@7d8a (737cfc75)]&amp#27;[0m Driver proxy active, passing request on via HTTP proxy
&amp#27;[38;5;32m[AndroidUiautomator2Driver@7d8a (737cfc75)]&amp#27;[0m Matched '/session/737cfc75-39b7-4d8d-95ca-253dab0f7826/element/00000000-0000-05c2-0000-00a500000004/text' to command name 'getText'
&amp#27;[38;5;32m[AndroidUiautomator2Driver@7d8a (737cfc75)]&amp#27;[0m Proxying [GET /session/737cfc75-39b7-4d8d-95ca-253dab0f7826/element/00000000-0000-05c2-0000-00a500000004/text] to [GET http://127.0.0.1:8240/session/848f67d1-b0ae-4721-9dff-71f52c26d8f9/element/00000000-0000-05c2-0000-00a500000004/text] with no body
&amp#27;[38;5;32m[AndroidUiautomator2Driver@7d8a (737cfc75)]&amp#27;[0m Got response with status 200: {"sessionId":"848f67d1-b0ae-4721-9dff-71f52c26d8f9","value":"moderate rain"}
&amp#27;[38;5;32m[AndroidUiautomator2Driver@7d8a (737cfc75)]&amp#27;[0m Replacing sessionId 848f67d1-b0ae-4721-9dff-71f52c26d8f9 with 737cfc75-39b7-4d8d-95ca-253dab0f7826
&amp#27;[38;5;0m[HTTP]&amp#27;[0m &amp#27;[37m<-- GET /session/737cfc75-39b7-4d8d-95ca-253dab0f7826/element/00000000-0000-05c2-0000-00a500000004/text &amp#27;[39m&amp#27;[32m200&amp#27;[39m &amp#27;[90m8 ms - 76&amp#27;[39m
&amp#27;[38;5;0m[HTTP]&amp#27;[0m &amp#27;[90m&amp#27;[39m
&amp#27;[38;5;0m[HTTP]&amp#27;[0m &amp#27;[37m-->&amp#27;[39m &amp#27;[37mGET&amp#27;[39m &amp#27;[37m/session/737cfc75-39b7-4d8d-95ca-253dab0f7826/element/00000000-0000-05c2-0000-00a900000004/text&amp#27;[39m
&amp#27;[38;5;0m[HTTP]&amp#27;[0m &amp#27;[90m{}&amp#27;[39m
&amp#27;[38;5;32m[AndroidUiautomator2Driver@7d8a (737cfc75)]&amp#27;[0m Driver proxy active, passing request on via HTTP proxy
&amp#27;[38;5;32m[AndroidUiautomator2Driver@7d8a (737cfc75)]&amp#27;[0m Matched '/session/737cfc75-39b7-4d8d-95ca-253dab0f7826/element/00000000-0000-05c2-0000-00a900000004/text' to command name 'getText'
&amp#27;[38;5;32m[AndroidUiautomator2Driver@7d8a (737cfc75)]&amp#27;[0m Proxying [GET /session/737cfc75-39b7-4d8d-95ca-253dab0f7826/element/00000000-0000-05c2-0000-00a900000004/text] to [GET http://127.0.0.1:8240/session/848f67d1-b0ae-4721-9dff-71f52c26d8f9/element/00000000-0000-05c2-0000-00a900000004/text] with no body
&amp#27;[38;5;32m[AndroidUiautomator2Driver@7d8a (737cfc75)]&amp#27;[0m Got response with status 200: {"sessionId":"848f67d1-b0ae-4721-9dff-71f52c26d8f9","value":"12 Â°C"}
&amp#27;[38;5;32m[AndroidUiautomator2Driver@7d8a (737cfc75)]&amp#27;[0m Replacing sessionId 848f67d1-b0ae-4721-9dff-71f52c26d8f9 with 737cfc75-39b7-4d8d-95ca-253dab0f7826
&amp#27;[38;5;0m[HTTP]&amp#27;[0m &amp#27;[37m<-- GET /session/737cfc75-39b7-4d8d-95ca-253dab0f7826/element/00000000-0000-05c2-0000-00a900000004/text &amp#27;[39m&amp#27;[32m200&amp#27;[39m &amp#27;[90m8 ms - 69&amp#27;[39m
&amp#27;[38;5;0m[HTTP]&amp#27;[0m &amp#27;[90m&amp#27;[39m
&amp#27;[38;5;0m[HTTP]&amp#27;[0m &amp#27;[37m-->&amp#27;[39m &amp#27;[37mGET&amp#27;[39m &amp#27;[37m/session/737cfc75-39b7-4d8d-95ca-253dab0f7826/element/00000000-0000-05c2-0000-00ab00000004/text&amp#27;[39m
&amp#27;[38;5;0m[HTTP]&amp#27;[0m &amp#27;[90m{}&amp#27;[39m
&amp#27;[38;5;32m[AndroidUiautomator2Driver@7d8a (737cfc75)]&amp#27;[0m Driver proxy active, passing request on via HTTP proxy
&amp#27;[38;5;32m[AndroidUiautomator2Driver@7d8a (737cfc75)]&amp#27;[0m Matched '/session/737cfc75-39b7-4d8d-95ca-253dab0f7826/element/00000000-0000-05c2-0000-00ab00000004/text' to command name 'getText'
&amp#27;[38;5;32m[AndroidUiautomator2Driver@7d8a (737cfc75)]&amp#27;[0m Proxying [GET /session/737cfc75-39b7-4d8d-95ca-253dab0f7826/element/00000000-0000-05c2-0000-00ab00000004/text] to [GET http://127.0.0.1:8240/session/848f67d1-b0ae-4721-9dff-71f52c26d8f9/element/00000000-0000-05c2-0000-00ab00000004/text] with no body
&amp#27;[38;5;32m[AndroidUiautomator2Driver@7d8a (737cfc75)]&amp#27;[0m Got response with status 200: {"sessionId":"848f67d1-b0ae-4721-9dff-71f52c26d8f9","value":"14:00"}
&amp#27;[38;5;32m[AndroidUiautomator2Driver@7d8a (737cfc75)]&amp#27;[0m Replacing sessionId 848f67d1-b0ae-4721-9dff-71f52c26d8f9 with 737cfc75-39b7-4d8d-95ca-253dab0f7826
&amp#27;[38;5;0m[HTTP]&amp#27;[0m &amp#27;[37m<-- GET /session/737cfc75-39b7-4d8d-95ca-253dab0f7826/element/00000000-0000-05c2-0000-00ab00000004/text &amp#27;[39m&amp#27;[32m200&amp#27;[39m &amp#27;[90m9 ms - 68&amp#27;[39m
&amp#27;[38;5;0m[HTTP]&amp#27;[0m &amp#27;[90m&amp#27;[39m
&amp#27;[38;5;0m[HTTP]&amp#27;[0m &amp#27;[37m-->&amp#27;[39m &amp#27;[37mGET&amp#27;[39m &amp#27;[37m/session/737cfc75-39b7-4d8d-95ca-253dab0f7826/element/00000000-0000-05c2-0000-00ad00000004/text&amp#27;[39m
&amp#27;[38;5;0m[HTTP]&amp#27;[0m &amp#27;[90m{}&amp#27;[39m
&amp#27;[38;5;32m[AndroidUiautomator2Driver@7d8a (737cfc75)]&amp#27;[0m Driver proxy active, passing request on via HTTP proxy
&amp#27;[38;5;32m[AndroidUiautomator2Driver@7d8a (737cfc75)]&amp#27;[0m Matched '/session/737cfc75-39b7-4d8d-95ca-253dab0f7826/element/00000000-0000-05c2-0000-00ad00000004/text' to command name 'getText'
&amp#27;[38;5;32m[AndroidUiautomator2Driver@7d8a (737cfc75)]&amp#27;[0m Proxying [GET /session/737cfc75-39b7-4d8d-95ca-253dab0f7826/element/00000000-0000-05c2-0000-00ad00000004/text] to [GET http://127.0.0.1:8240/session/848f67d1-b0ae-4721-9dff-71f52c26d8f9/element/00000000-0000-05c2-0000-00ad00000004/text] with no body
&amp#27;[38;5;32m[AndroidUiautomator2Driver@7d8a (737cfc75)]&amp#27;[0m Got response with status 200: {"sessionId":"848f67d1-b0ae-4721-9dff-71f52c26d8f9","value":"moderate rain"}
&amp#27;[38;5;32m[AndroidUiautomator2Driver@7d8a (737cfc75)]&amp#27;[0m Replacing sessionId 848f67d1-b0ae-4721-9dff-71f52c26d8f9 with 737cfc75-39b7-4d8d-95ca-253dab0f7826
&amp#27;[38;5;0m[HTTP]&amp#27;[0m &amp#27;[37m<-- GET /session/737cfc75-39b7-4d8d-95ca-253dab0f7826/element/00000000-0000-05c2-0000-00ad00000004/text &amp#27;[39m&amp#27;[32m200&amp#27;[39m &amp#27;[90m9 ms - 76&amp#27;[39m
&amp#27;[38;5;0m[HTTP]&amp#27;[0m &amp#27;[90m&amp#27;[39m
&amp#27;[38;5;0m[HTTP]&amp#27;[0m &amp#27;[37m-->&amp#27;[39m &amp#27;[37mGET&amp#27;[39m &amp#27;[37m/session/737cfc75-39b7-4d8d-95ca-253dab0f7826/element/00000000-0000-05c2-0000-00af00000004/text&amp#27;[39m
&amp#27;[38;5;0m[HTTP]&amp#27;[0m &amp#27;[90m{}&amp#27;[39m
&amp#27;[38;5;32m[AndroidUiautomator2Driver@7d8a (737cfc75)]&amp#27;[0m Driver proxy active, passing request on via HTTP proxy
&amp#27;[38;5;32m[AndroidUiautomator2Driver@7d8a (737cfc75)]&amp#27;[0m Matched '/session/737cfc75-39b7-4d8d-95ca-253dab0f7826/element/00000000-0000-05c2-0000-00af00000004/text' to command name 'getText'
&amp#27;[38;5;32m[AndroidUiautomator2Driver@7d8a (737cfc75)]&amp#27;[0m Proxying [GET /session/737cfc75-39b7-4d8d-95ca-253dab0f7826/element/00000000-0000-05c2-0000-00af00000004/text] to [GET http://127.0.0.1:8240/session/848f67d1-b0ae-4721-9dff-71f52c26d8f9/element/00000000-0000-05c2-0000-00af00000004/text] with no body
&amp#27;[38;5;32m[AndroidUiautomator2Driver@7d8a (737cfc75)]&amp#27;[0m Got response with status 200: {"sessionId":"848f67d1-b0ae-4721-9dff-71f52c26d8f9","value":"96 %"}
&amp#27;[38;5;32m[AndroidUiautomator2Driver@7d8a (737cfc75)]&amp#27;[0m Replacing sessionId 848f67d1-b0ae-4721-9dff-71f52c26d8f9 with 737cfc75-39b7-4d8d-95ca-253dab0f7826
&amp#27;[38;5;0m[HTTP]&amp#27;[0m &amp#27;[37m<-- GET /session/737cfc75-39b7-4d8d-95ca-253dab0f7826/element/00000000-0000-05c2-0000-00af00000004/text &amp#27;[39m&amp#27;[32m200&amp#27;[39m &amp#27;[90m9 ms - 67&amp#27;[39m
&amp#27;[38;5;0m[HTTP]&amp#27;[0m &amp#27;[90m&amp#27;[39m
&amp#27;[38;5;0m[HTTP]&amp#27;[0m &amp#27;[37m-->&amp#27;[39m &amp#27;[37mGET&amp#27;[39m &amp#27;[37m/session/737cfc75-39b7-4d8d-95ca-253dab0f7826/element/00000000-0000-05c2-0000-00b100000004/text&amp#27;[39m
&amp#27;[38;5;0m[HTTP]&amp#27;[0m &amp#27;[90m{}&amp#27;[39m
&amp#27;[38;5;32m[AndroidUiautomator2Driver@7d8a (737cfc75)]&amp#27;[0m Driver proxy active, passing request on via HTTP proxy
&amp#27;[38;5;32m[AndroidUiautomator2Driver@7d8a (737cfc75)]&amp#27;[0m Matched '/session/737cfc75-39b7-4d8d-95ca-253dab0f7826/element/00000000-0000-05c2-0000-00b100000004/text' to command name 'getText'
&amp#27;[38;5;32m[AndroidUiautomator2Driver@7d8a (737cfc75)]&amp#27;[0m Proxying [GET /session/737cfc75-39b7-4d8d-95ca-253dab0f7826/element/00000000-0000-05c2-0000-00b100000004/text] to [GET http://127.0.0.1:8240/session/848f67d1-b0ae-4721-9dff-71f52c26d8f9/element/00000000-0000-05c2-0000-00b100000004/text] with no body
&amp#27;[38;5;32m[AndroidUiautomator2Driver@7d8a (737cfc75)]&amp#27;[0m Got response with status 200: {"sessionId":"848f67d1-b0ae-4721-9dff-71f52c26d8f9","value":"12 Â°C"}
&amp#27;[38;5;32m[AndroidUiautomator2Driver@7d8a (737cfc75)]&amp#27;[0m Replacing sessionId 848f67d1-b0ae-4721-9dff-71f52c26d8f9 with 737cfc75-39b7-4d8d-95ca-253dab0f7826
&amp#27;[38;5;0m[HTTP]&amp#27;[0m &amp#27;[37m<-- GET /session/737cfc75-39b7-4d8d-95ca-253dab0f7826/element/00000000-0000-05c2-0000-00b100000004/text &amp#27;[39m&amp#27;[32m200&amp#27;[39m &amp#27;[90m8 ms - 69&amp#27;[39m
&amp#27;[38;5;0m[HTTP]&amp#27;[0m &amp#27;[90m&amp#27;[39m
&amp#27;[38;5;0m[HTTP]&amp#27;[0m &amp#27;[37m-->&amp#27;[39m &amp#27;[37mGET&amp#27;[39m &amp#27;[37m/session/737cfc75-39b7-4d8d-95ca-253dab0f7826/element/00000000-0000-05c2-0000-00b300000004/text&amp#27;[39m
&amp#27;[38;5;0m[HTTP]&amp#27;[0m &amp#27;[90m{}&amp#27;[39m
&amp#27;[38;5;32m[AndroidUiautomator2Driver@7d8a (737cfc75)]&amp#27;[0m Driver proxy active, passing request on via HTTP proxy
&amp#27;[38;5;32m[AndroidUiautomator2Driver@7d8a (737cfc75)]&amp#27;[0m Matched '/session/737cfc75-39b7-4d8d-95ca-253dab0f7826/element/00000000-0000-05c2-0000-00b300000004/text' to command name 'getText'
&amp#27;[38;5;32m[AndroidUiautomator2Driver@7d8a (737cfc75)]&amp#27;[0m Proxying [GET /session/737cfc75-39b7-4d8d-95ca-253dab0f7826/element/00000000-0000-05c2-0000-00b300000004/text] to [GET http://127.0.0.1:8240/session/848f67d1-b0ae-4721-9dff-71f52c26d8f9/element/00000000-0000-05c2-0000-00b300000004/text] with no body
&amp#27;[38;5;32m[AndroidUiautomator2Driver@7d8a (737cfc75)]&amp#27;[0m Got response with status 200: {"sessionId":"848f67d1-b0ae-4721-9dff-71f52c26d8f9","value":"15:00"}
&amp#27;[38;5;32m[AndroidUiautomator2Driver@7d8a (737cfc75)]&amp#27;[0m Replacing sessionId 848f67d1-b0ae-4721-9dff-71f52c26d8f9 with 737cfc75-39b7-4d8d-95ca-253dab0f7826
&amp#27;[38;5;0m[HTTP]&amp#27;[0m &amp#27;[37m<-- GET /session/737cfc75-39b7-4d8d-95ca-253dab0f7826/element/00000000-0000-05c2-0000-00b300000004/text &amp#27;[39m&amp#27;[32m200&amp#27;[39m &amp#27;[90m9 ms - 68&amp#27;[39m
&amp#27;[38;5;0m[HTTP]&amp#27;[0m &amp#27;[90m&amp#27;[39m
&amp#27;[38;5;0m[HTTP]&amp#27;[0m &amp#27;[37m-->&amp#27;[39m &amp#27;[37mGET&amp#27;[39m &amp#27;[37m/session/737cfc75-39b7-4d8d-95ca-253dab0f7826/element/00000000-0000-05c2-0000-00b500000004/text&amp#27;[39m
&amp#27;[38;5;0m[HTTP]&amp#27;[0m &amp#27;[90m{}&amp#27;[39m
&amp#27;[38;5;32m[AndroidUiautomator2Driver@7d8a (737cfc75)]&amp#27;[0m Driver proxy active, passing request on via HTTP proxy
&amp#27;[38;5;32m[AndroidUiautomator2Driver@7d8a (737cfc75)]&amp#27;[0m Matched '/session/737cfc75-39b7-4d8d-95ca-253dab0f7826/element/00000000-0000-05c2-0000-00b500000004/text' to command name 'getText'
&amp#27;[38;5;32m[AndroidUiautomator2Driver@7d8a (737cfc75)]&amp#27;[0m Proxying [GET /session/737cfc75-39b7-4d8d-95ca-253dab0f7826/element/00000000-0000-05c2-0000-00b500000004/text] to [GET http://127.0.0.1:8240/session/848f67d1-b0ae-4721-9dff-71f52c26d8f9/element/00000000-0000-05c2-0000-00b500000004/text] with no body
&amp#27;[38;5;32m[AndroidUiautomator2Driver@7d8a (737cfc75)]&amp#27;[0m Got response with status 200: {"sessionId":"848f67d1-b0ae-4721-9dff-71f52c26d8f9","value":"light rain"}
&amp#27;[38;5;32m[AndroidUiautomator2Driver@7d8a (737cfc75)]&amp#27;[0m Replacing sessionId 848f67d1-b0ae-4721-9dff-71f52c26d8f9 with 737cfc75-39b7-4d8d-95ca-253dab0f7826
&amp#27;[38;5;0m[HTTP]&amp#27;[0m &amp#27;[37m<-- GET /session/737cfc75-39b7-4d8d-95ca-253dab0f7826/element/00000000-0000-05c2-0000-00b500000004/text &amp#27;[39m&amp#27;[32m200&amp#27;[39m &amp#27;[90m8 ms - 73&amp#27;[39m
&amp#27;[38;5;0m[HTTP]&amp#27;[0m &amp#27;[90m&amp#27;[39m
&amp#27;[38;5;0m[HTTP]&amp#27;[0m &amp#27;[37m-->&amp#27;[39m &amp#27;[37mGET&amp#27;[39m &amp#27;[37m/session/737cfc75-39b7-4d8d-95ca-253dab0f7826/element/00000000-0000-05c2-0000-00b700000004/text&amp#27;[39m
&amp#27;[38;5;0m[HTTP]&amp#27;[0m &amp#27;[90m{}&amp#27;[39m
&amp#27;[38;5;32m[AndroidUiautomator2Driver@7d8a (737cfc75)]&amp#27;[0m Driver proxy active, passing request on via HTTP proxy
&amp#27;[38;5;32m[AndroidUiautomator2Driver@7d8a (737cfc75)]&amp#27;[0m Matched '/session/737cfc75-39b7-4d8d-95ca-253dab0f7826/element/00000000-0000-05c2-0000-00b700000004/text' to command name 'getText'
&amp#27;[38;5;32m[AndroidUiautomator2Driver@7d8a (737cfc75)]&amp#27;[0m Proxying [GET /session/737cfc75-39b7-4d8d-95ca-253dab0f7826/element/00000000-0000-05c2-0000-00b700000004/text] to [GET http://127.0.0.1:8240/session/848f67d1-b0ae-4721-9dff-71f52c26d8f9/element/00000000-0000-05c2-0000-00b700000004/text] with no body
&amp#27;[38;5;32m[AndroidUiautomator2Driver@7d8a (737cfc75)]&amp#27;[0m Got response with status 200: {"sessionId":"848f67d1-b0ae-4721-9dff-71f52c26d8f9","value":"96 %"}
&amp#27;[38;5;32m[AndroidUiautomator2Driver@7d8a (737cfc75)]&amp#27;[0m Replacing sessionId 848f67d1-b0ae-4721-9dff-71f52c26d8f9 with 737cfc75-39b7-4d8d-95ca-253dab0f7826
&amp#27;[38;5;0m[HTTP]&amp#27;[0m &amp#27;[37m<-- GET /session/737cfc75-39b7-4d8d-95ca-253dab0f7826/element/00000000-0000-05c2-0000-00b700000004/text &amp#27;[39m&amp#27;[32m200&amp#27;[39m &amp#27;[90m8 ms - 67&amp#27;[39m
&amp#27;[38;5;0m[HTTP]&amp#27;[0m &amp#27;[90m&amp#27;[39m
&amp#27;[38;5;0m[HTTP]&amp#27;[0m &amp#27;[37m-->&amp#27;[39m &amp#27;[37mGET&amp#27;[39m &amp#27;[37m/session/737cfc75-39b7-4d8d-95ca-253dab0f7826/element/00000000-0000-05c2-0000-00b900000004/text&amp#27;[39m
&amp#27;[38;5;0m[HTTP]&amp#27;[0m &amp#27;[90m{}&amp#27;[39m
&amp#27;[38;5;32m[AndroidUiautomator2Driver@7d8a (737cfc75)]&amp#27;[0m Driver proxy active, passing request on via HTTP proxy
&amp#27;[38;5;32m[AndroidUiautomator2Driver@7d8a (737cfc75)]&amp#27;[0m Matched '/session/737cfc75-39b7-4d8d-95ca-253dab0f7826/element/00000000-0000-05c2-0000-00b900000004/text' to command name 'getText'
&amp#27;[38;5;32m[AndroidUiautomator2Driver@7d8a (737cfc75)]&amp#27;[0m Proxying [GET /session/737cfc75-39b7-4d8d-95ca-253dab0f7826/element/00000000-0000-05c2-0000-00b900000004/text] to [GET http://127.0.0.1:8240/session/848f67d1-b0ae-4721-9dff-71f52c26d8f9/element/00000000-0000-05c2-0000-00b900000004/text] with no body
&amp#27;[38;5;32m[AndroidUiautomator2Driver@7d8a (737cfc75)]&amp#27;[0m Got response with status 200: {"sessionId":"848f67d1-b0ae-4721-9dff-71f52c26d8f9","value":"12 Â°C"}
&amp#27;[38;5;32m[AndroidUiautomator2Driver@7d8a (737cfc75)]&amp#27;[0m Replacing sessionId 848f67d1-b0ae-4721-9dff-71f52c26d8f9 with 737cfc75-39b7-4d8d-95ca-253dab0f7826
&amp#27;[38;5;0m[HTTP]&amp#27;[0m &amp#27;[37m<-- GET /session/737cfc75-39b7-4d8d-95ca-253dab0f7826/element/00000000-0000-05c2-0000-00b900000004/text &amp#27;[39m&amp#27;[32m200&amp#27;[39m &amp#27;[90m9 ms - 69&amp#27;[39m
&amp#27;[38;5;0m[HTTP]&amp#27;[0m &amp#27;[90m&amp#27;[39m
&amp#27;[38;5;0m[HTTP]&amp#27;[0m &amp#27;[37m-->&amp#27;[39m &amp#27;[37mGET&amp#27;[39m &amp#27;[37m/session/737cfc75-39b7-4d8d-95ca-253dab0f7826/element/00000000-0000-05c2-0000-00bb00000004/text&amp#27;[39m
&amp#27;[38;5;0m[HTTP]&amp#27;[0m &amp#27;[90m{}&amp#27;[39m
&amp#27;[38;5;32m[AndroidUiautomator2Driver@7d8a (737cfc75)]&amp#27;[0m Driver proxy active, passing request on via HTTP proxy
&amp#27;[38;5;32m[AndroidUiautomator2Driver@7d8a (737cfc75)]&amp#27;[0m Matched '/session/737cfc75-39b7-4d8d-95ca-253dab0f7826/element/00000000-0000-05c2-0000-00bb00000004/text' to command name 'getText'
&amp#27;[38;5;32m[AndroidUiautomator2Driver@7d8a (737cfc75)]&amp#27;[0m Proxying [GET /session/737cfc75-39b7-4d8d-95ca-253dab0f7826/element/00000000-0000-05c2-0000-00bb00000004/text] to [GET http://127.0.0.1:8240/session/848f67d1-b0ae-4721-9dff-71f52c26d8f9/element/00000000-0000-05c2-0000-00bb00000004/text] with no body
&amp#27;[38;5;32m[AndroidUiautomator2Driver@7d8a (737cfc75)]&amp#27;[0m Got response with status 200: {"sessionId":"848f67d1-b0ae-4721-9dff-71f52c26d8f9","value":"16:00"}
&amp#27;[38;5;32m[AndroidUiautomator2Driver@7d8a (737cfc75)]&amp#27;[0m Replacing sessionId 848f67d1-b0ae-4721-9dff-71f52c26d8f9 with 737cfc75-39b7-4d8d-95ca-253dab0f7826
&amp#27;[38;5;0m[HTTP]&amp#27;[0m &amp#27;[37m<-- GET /session/737cfc75-39b7-4d8d-95ca-253dab0f7826/element/00000000-0000-05c2-0000-00bb00000004/text &amp#27;[39m&amp#27;[32m200&amp#27;[39m &amp#27;[90m9 ms - 68&amp#27;[39m
&amp#27;[38;5;0m[HTTP]&amp#27;[0m &amp#27;[90m&amp#27;[39m
&amp#27;[38;5;0m[HTTP]&amp#27;[0m &amp#27;[37m-->&amp#27;[39m &amp#27;[37mGET&amp#27;[39m &amp#27;[37m/session/737cfc75-39b7-4d8d-95ca-253dab0f7826/element/00000000-0000-05c2-0000-00bd00000004/text&amp#27;[39m
&amp#27;[38;5;0m[HTTP]&amp#27;[0m &amp#27;[90m{}&amp#27;[39m
&amp#27;[38;5;32m[AndroidUiautomator2Driver@7d8a (737cfc75)]&amp#27;[0m Driver proxy active, passing request on via HTTP proxy
&amp#27;[38;5;32m[AndroidUiautomator2Driver@7d8a (737cfc75)]&amp#27;[0m Matched '/session/737cfc75-39b7-4d8d-95ca-253dab0f7826/element/00000000-0000-05c2-0000-00bd00000004/text' to command name 'getText'
&amp#27;[38;5;32m[AndroidUiautomator2Driver@7d8a (737cfc75)]&amp#27;[0m Proxying [GET /session/737cfc75-39b7-4d8d-95ca-253dab0f7826/element/00000000-0000-05c2-0000-00bd00000004/text] to [GET http://127.0.0.1:8240/session/848f67d1-b0ae-4721-9dff-71f52c26d8f9/element/00000000-0000-05c2-0000-00bd00000004/text] with no body
&amp#27;[38;5;32m[AndroidUiautomator2Driver@7d8a (737cfc75)]&amp#27;[0m Got response with status 200: {"sessionId":"848f67d1-b0ae-4721-9dff-71f52c26d8f9","value":"light rain"}
&amp#27;[38;5;32m[AndroidUiautomator2Driver@7d8a (737cfc75)]&amp#27;[0m Replacing sessionId 848f67d1-b0ae-4721-9dff-71f52c26d8f9 with 737cfc75-39b7-4d8d-95ca-253dab0f7826
&amp#27;[38;5;0m[HTTP]&amp#27;[0m &amp#27;[37m<-- GET /session/737cfc75-39b7-4d8d-95ca-253dab0f7826/element/00000000-0000-05c2-0000-00bd00000004/text &amp#27;[39m&amp#27;[32m200&amp#27;[39m &amp#27;[90m8 ms - 73&amp#27;[39m
&amp#27;[38;5;0m[HTTP]&amp#27;[0m &amp#27;[90m&amp#27;[39m
&amp#27;[38;5;0m[HTTP]&amp#27;[0m &amp#27;[37m-->&amp#27;[39m &amp#27;[37mGET&amp#27;[39m &amp#27;[37m/session/737cfc75-39b7-4d8d-95ca-253dab0f7826/element/00000000-0000-05c2-0000-00bf00000004/text&amp#27;[39m
&amp#27;[38;5;0m[HTTP]&amp#27;[0m &amp#27;[90m{}&amp#27;[39m
&amp#27;[38;5;32m[AndroidUiautomator2Driver@7d8a (737cfc75)]&amp#27;[0m Driver proxy active, passing request on via HTTP proxy
&amp#27;[38;5;32m[AndroidUiautomator2Driver@7d8a (737cfc75)]&amp#27;[0m Matched '/session/737cfc75-39b7-4d8d-95ca-253dab0f7826/element/00000000-0000-05c2-0000-00bf00000004/text' to command name 'getText'
&amp#27;[38;5;32m[AndroidUiautomator2Driver@7d8a (737cfc75)]&amp#27;[0m Proxying [GET /session/737cfc75-39b7-4d8d-95ca-253dab0f7826/element/00000000-0000-05c2-0000-00bf00000004/text] to [GET http://127.0.0.1:8240/session/848f67d1-b0ae-4721-9dff-71f52c26d8f9/element/00000000-0000-05c2-0000-00bf00000004/text] with no body
&amp#27;[38;5;32m[AndroidUiautomator2Driver@7d8a (737cfc75)]&amp#27;[0m Got response with status 200: {"sessionId":"848f67d1-b0ae-4721-9dff-71f52c26d8f9","value":"97 %"}
&amp#27;[38;5;32m[AndroidUiautomator2Driver@7d8a (737cfc75)]&amp#27;[0m Replacing sessionId 848f67d1-b0ae-4721-9dff-71f52c26d8f9 with 737cfc75-39b7-4d8d-95ca-253dab0f7826
&amp#27;[38;5;0m[HTTP]&amp#27;[0m &amp#27;[37m<-- GET /session/737cfc75-39b7-4d8d-95ca-253dab0f7826/element/00000000-0000-05c2-0000-00bf00000004/text &amp#27;[39m&amp#27;[32m200&amp#27;[39m &amp#27;[90m8 ms - 67&amp#27;[39m
&amp#27;[38;5;0m[HTTP]&amp#27;[0m &amp#27;[90m&amp#27;[39m
&amp#27;[38;5;0m[HTTP]&amp#27;[0m &amp#27;[37m-->&amp#27;[39m &amp#27;[37mGET&amp#27;[39m &amp#27;[37m/session/737cfc75-39b7-4d8d-95ca-253dab0f7826/element/00000000-0000-05c2-0000-00c100000004/text&amp#27;[39m
&amp#27;[38;5;0m[HTTP]&amp#27;[0m &amp#27;[90m{}&amp#27;[39m
&amp#27;[38;5;32m[AndroidUiautomator2Driver@7d8a (737cfc75)]&amp#27;[0m Driver proxy active, passing request on via HTTP proxy
&amp#27;[38;5;32m[AndroidUiautomator2Driver@7d8a (737cfc75)]&amp#27;[0m Matched '/session/737cfc75-39b7-4d8d-95ca-253dab0f7826/element/00000000-0000-05c2-0000-00c100000004/text' to command name 'getText'
&amp#27;[38;5;32m[AndroidUiautomator2Driver@7d8a (737cfc75)]&amp#27;[0m Proxying [GET /session/737cfc75-39b7-4d8d-95ca-253dab0f7826/element/00000000-0000-05c2-0000-00c100000004/text] to [GET http://127.0.0.1:8240/session/848f67d1-b0ae-4721-9dff-71f52c26d8f9/element/00000000-0000-05c2-0000-00c100000004/text] with no body
&amp#27;[38;5;32m[AndroidUiautomator2Driver@7d8a (737cfc75)]&amp#27;[0m Got response with status 200: {"sessionId":"848f67d1-b0ae-4721-9dff-71f52c26d8f9","value":"12 Â°C"}
&amp#27;[38;5;32m[AndroidUiautomator2Driver@7d8a (737cfc75)]&amp#27;[0m Replacing sessionId 848f67d1-b0ae-4721-9dff-71f52c26d8f9 with 737cfc75-39b7-4d8d-95ca-253dab0f7826
&amp#27;[38;5;0m[HTTP]&amp#27;[0m &amp#27;[37m<-- GET /session/737cfc75-39b7-4d8d-95ca-253dab0f7826/element/00000000-0000-05c2-0000-00c100000004/text &amp#27;[39m&amp#27;[32m200&amp#27;[39m &amp#27;[90m9 ms - 69&amp#27;[39m
&amp#27;[38;5;0m[HTTP]&amp#27;[0m &amp#27;[90m&amp#27;[39m
&amp#27;[38;5;0m[HTTP]&amp#27;[0m &amp#27;[37m-->&amp#27;[39m &amp#27;[37mPOST&amp#27;[39m &amp#27;[37m/session/737cfc75-39b7-4d8d-95ca-253dab0f7826/execute/sync&amp#27;[39m
&amp#27;[38;5;0m[HTTP]&amp#27;[0m &amp#27;[90m{"script":"mobile: swipeGesture","args":[{"elementId":"00000000-0000-05c2-0000-002900000004","percent":0.4,"speed":320,"direction":"left"}]}&amp#27;[39m
&amp#27;[38;5;32m[AndroidUiautomator2Driver@7d8a (737cfc75)]&amp#27;[0m Calling AppiumDriver.execute() with args: ["mobile: swipeGesture",[{"elementId":"00000000-0000-05c2-0000-002900000004","percent":0.4,"speed":320,"direction":"left"}],"737cfc75-39b7-4d8d-95ca-253dab0f7826"]
&amp#27;[38;5;32m[AndroidUiautomator2Driver@7d8a (737cfc75)]&amp#27;[0m Executing method 'mobile: swipeGesture'
&amp#27;[38;5;32m[AndroidUiautomator2Driver@7d8a (737cfc75)]&amp#27;[0m Proxying [POST /appium/gestures/swipe] to [POST http://127.0.0.1:8240/session/848f67d1-b0ae-4721-9dff-71f52c26d8f9/appium/gestures/swipe] with body: {"origin":{"ELEMENT":"00000000-0000-05c2-0000-002900000004","element-6066-11e4-a52e-4f735466cecf":"00000000-0000-05c2-0000-002900000004"},"direction":"left","percent":0.4,"speed":320}
&amp#27;[38;5;32m[AndroidUiautomator2Driver@7d8a (737cfc75)]&amp#27;[0m Got response with status 200: {"sessionId":"848f67d1-b0ae-4721-9dff-71f52c26d8f9","value":null}
&amp#27;[38;5;32m[AndroidUiautomator2Driver@7d8a (737cfc75)]&amp#27;[0m Responding to client with driver.execute() result: null
&amp#27;[38;5;0m[HTTP]&amp#27;[0m &amp#27;[37m<-- POST /session/737cfc75-39b7-4d8d-95ca-253dab0f7826/execute/sync &amp#27;[39m&amp#27;[32m200&amp#27;[39m &amp#27;[90m1555 ms - 14&amp#27;[39m
&amp#27;[38;5;0m[HTTP]&amp#27;[0m &amp#27;[90m&amp#27;[39m
&amp#27;[38;5;0m[HTTP]&amp#27;[0m &amp#27;[37m-->&amp#27;[39m &amp#27;[37mPOST&amp#27;[39m &amp#27;[37m/session/737cfc75-39b7-4d8d-95ca-253dab0f7826/elements&amp#27;[39m
&amp#27;[38;5;0m[HTTP]&amp#27;[0m &amp#27;[90m{"using":"xpath","value":"//android.widget.HorizontalScrollView"}&amp#27;[39m
&amp#27;[38;5;32m[AndroidUiautomator2Driver@7d8a (737cfc75)]&amp#27;[0m Calling AppiumDriver.findElements() with args: ["xpath","//android.widget.HorizontalScrollView","737cfc75-39b7-4d8d-95ca-253dab0f7826"]
&amp#27;[38;5;32m[AndroidUiautomator2Driver@7d8a (737cfc75)]&amp#27;[0m Valid locator strategies for this request: xpath, id, class name, accessibility id, css selector, -android uiautomator
&amp#27;[38;5;32m[AndroidUiautomator2Driver@7d8a (737cfc75)]&amp#27;[0m Waiting up to 0 ms for condition
&amp#27;[38;5;32m[AndroidUiautomator2Driver@7d8a (737cfc75)]&amp#27;[0m Matched '/elements' to command name 'findElements'
&amp#27;[38;5;32m[AndroidUiautomator2Driver@7d8a (737cfc75)]&amp#27;[0m Proxying [POST /elements] to [POST http://127.0.0.1:8240/session/848f67d1-b0ae-4721-9dff-71f52c26d8f9/elements] with body: {"strategy":"xpath","selector":"//android.widget.HorizontalScrollView","context":"","multiple":true}
&amp#27;[38;5;32m[AndroidUiautomator2Driver@7d8a (737cfc75)]&amp#27;[0m Got response with status 200: {"sessionId":"848f67d1-b0ae-4721-9dff-71f52c26d8f9","value":[{"ELEMENT":"00000000-0000-05c2-0000-002900000004","element-6066-11e4-a52e-4f735466cecf":"00000000-0000-05c2-0000-002900000004"},{"ELEMENT":"00000000-0000-05c2-0000-002a00000004","element-6066-11e4-a52e-4f735466cecf":"00000000-0000-05c2-0000-002a00000004"}]}
&amp#27;[38;5;32m[AndroidUiautomator2Driver@7d8a (737cfc75)]&amp#27;[0m Responding to client with driver.findElements() result: [{"element-6066-11e4-a52e-4f735466cecf":"00000000-0000-05c2-0000-002900000004","ELEMENT":"00000000-0000-05c2-0000-002900000004"},{"element-6066-11e4-a52e-4f735466cecf":"00000000-0000-05c2-0000-002a00000004","ELEMENT":"00000000-0000-05c2-0000-002a00000004"}]
&amp#27;[38;5;0m[HTTP]&amp#27;[0m &amp#27;[37m<-- POST /session/737cfc75-39b7-4d8d-95ca-253dab0f7826/elements &amp#27;[39m&amp#27;[32m200&amp#27;[39m &amp#27;[90m100 ms - 267&amp#27;[39m
&amp#27;[38;5;0m[HTTP]&amp#27;[0m &amp#27;[90m&amp#27;[39m
&amp#27;[38;5;0m[HTTP]&amp#27;[0m &amp#27;[37m-->&amp#27;[39m &amp#27;[37mPOST&amp#27;[39m &amp#27;[37m/session/737cfc75-39b7-4d8d-95ca-253dab0f7826/element/00000000-0000-05c2-0000-002900000004/elements&amp#27;[39m
&amp#27;[38;5;0m[HTTP]&amp#27;[0m &amp#27;[90m{"id":"00000000-0000-05c2-0000-002900000004","using":"xpath","value":"//android.view.View"}&amp#27;[39m
&amp#27;[38;5;32m[AndroidUiautomator2Driver@7d8a (737cfc75)]&amp#27;[0m Calling AppiumDriver.findElementsFromElement() with args: ["xpath","//android.view.View","00000000-0000-05c2-0000-002900000004","737cfc75-39b7-4d8d-95ca-253dab0f7826"]
&amp#27;[38;5;32m[AndroidUiautomator2Driver@7d8a (737cfc75)]&amp#27;[0m Valid locator strategies for this request: xpath, id, class name, accessibility id, css selector, -android uiautomator
&amp#27;[38;5;32m[AndroidUiautomator2Driver@7d8a (737cfc75)]&amp#27;[0m Waiting up to 0 ms for condition
&amp#27;[38;5;32m[AndroidUiautomator2Driver@7d8a (737cfc75)]&amp#27;[0m Matched '/elements' to command name 'findElements'
&amp#27;[38;5;32m[AndroidUiautomator2Driver@7d8a (737cfc75)]&amp#27;[0m Proxying [POST /elements] to [POST http://127.0.0.1:8240/session/848f67d1-b0ae-4721-9dff-71f52c26d8f9/elements] with body: {"strategy":"xpath","selector":"//android.view.View","context":"00000000-0000-05c2-0000-002900000004","multiple":true}
&amp#27;[38;5;32m[AndroidUiautomator2Driver@7d8a (737cfc75)]&amp#27;[0m Got response with status 200: {"sessionId":"848f67d1-b0ae-4721-9dff-71f52c26d8f9","value":[{"ELEMENT":"00000000-0000-05c2-0000-00ad00000004","element-6066-11e4-a52e-4f735466cecf":"00000000-0000-05c2-0000-00ad00000004"},{"ELEMENT":"00000000-0000-05c2-0000-00b300000004","element-6066-11e4-a52e-4f735466cecf":"00000000-0000-05c2-0000-00b300000004"},{"ELEMENT":"00000000-0000-05c2-0000-00b500000004","element-6066-11e4-a52e-4f735466cecf":"00000000-0000-05c2-0000-00b500000004"},{"ELEMENT":"00000000-0000-05c2-0000-00b700000004","element-6066-11e4-a52e-4f735466cecf":"00000000-0000-05c2-0000-00b700000004"},{"ELEMENT":"00000000-0000-05c2-0000-00b900000004","element-6066-11e4-a52e-4f735466cecf":"00000000-0000-05c2-0000-00b900000004"},{"ELEMENT":"00000000-0000-05c2-0000-00bb00000004","element-6066-11e4-a52e-4f735466cecf":"00000000-0000-05c2-0000-00bb00000004"},{"ELEMENT":"00000000-0000-05c2-0000-00bd00000004","element-6066-11e4-a52e-4f735466cecf":"00000000-0000-05c2-0000-00bd00000004"},{"ELEMENT":"00000000-0000-05c2-0000-00bf00000004","element-6066-...
&amp#27;[38;5;32m[AndroidUiautomator2Driver@7d8a (737cfc75)]&amp#27;[0m Responding to client with driver.findElementsFromElement() result: [{"element-6066-11e4-a52e-4f735466cecf":"00000000-0000-05c2-0000-00ad00000004","ELEMENT":"00000000-0000-05c2-0000-00ad00000004"},{"element-6066-11e4-a52e-4f735466cecf":"00000000-0000-05c2-0000-00b300000004","ELEMENT":"00000000-0000-05c2-0000-00b300000004"},{"element-6066-11e4-a52e-4f735466cecf":"00000000-0000-05c2-0000-00b500000004","ELEMENT":"00000000-0000-05c2-0000-00b500000004"},{"element-6066-11e4-a52e-4f735466cecf":"00000000-0000-05c2-0000-00b700000004","ELEMENT":"00000000-0000-05c2-0000-00b700000004"},{"element-6066-11e4-a52e-4f735466cecf":"00000000-0000-05c2-0000-00b900000004","ELEMENT":"00000000-0000-05c2-0000-00b900000004"},{"element-6066-11e4-a52e-4f735466cecf":"00000000-0000-05c2-0000-00bb00000004","ELEMENT":"00000000-0000-05c2-0000-00bb00000004"},{"element-6066-11e4-a52e-4f735466cecf":"00000000-0000-05c2-0000-00bd00000004","ELEMENT":"00000000-0000-05c2-0000-00bd00000004"},{"element-6066-11e4-a52e-4f735466cecf":"00000000-0000-05c2-0000-00bf00000004","ELEMENT":"00000000-0000-05c2-0000-00bf0000000...
&amp#27;[38;5;0m[HTTP]&amp#27;[0m &amp#27;[37m<-- POST /session/737cfc75-39b7-4d8d-95ca-253dab0f7826/element/00000000-0000-05c2-0000-002900000004/elements &amp#27;[39m&amp#27;[32m200&amp#27;[39m &amp#27;[90m46 ms - 1675&amp#27;[39m
&amp#27;[38;5;0m[HTTP]&amp#27;[0m &amp#27;[90m&amp#27;[39m
&amp#27;[38;5;0m[HTTP]&amp#27;[0m &amp#27;[37m-->&amp#27;[39m &amp#27;[37mGET&amp#27;[39m &amp#27;[37m/session/737cfc75-39b7-4d8d-95ca-253dab0f7826/element/00000000-0000-05c2-0000-00ad00000004/text&amp#27;[39m
&amp#27;[38;5;0m[HTTP]&amp#27;[0m &amp#27;[90m{}&amp#27;[39m
&amp#27;[38;5;32m[AndroidUiautomator2Driver@7d8a (737cfc75)]&amp#27;[0m Driver proxy active, passing request on via HTTP proxy
&amp#27;[38;5;32m[AndroidUiautomator2Driver@7d8a (737cfc75)]&amp#27;[0m Matched '/session/737cfc75-39b7-4d8d-95ca-253dab0f7826/element/00000000-0000-05c2-0000-00ad00000004/text' to command name 'getText'
&amp#27;[38;5;32m[AndroidUiautomator2Driver@7d8a (737cfc75)]&amp#27;[0m Proxying [GET /session/737cfc75-39b7-4d8d-95ca-253dab0f7826/element/00000000-0000-05c2-0000-00ad00000004/text] to [GET http://127.0.0.1:8240/session/848f67d1-b0ae-4721-9dff-71f52c26d8f9/element/00000000-0000-05c2-0000-00ad00000004/text] with no body
&amp#27;[38;5;32m[AndroidUiautomator2Driver@7d8a (737cfc75)]&amp#27;[0m Got response with status 200: {"sessionId":"848f67d1-b0ae-4721-9dff-71f52c26d8f9","value":"moderate rain"}
&amp#27;[38;5;32m[AndroidUiautomator2Driver@7d8a (737cfc75)]&amp#27;[0m Replacing sessionId 848f67d1-b0ae-4721-9dff-71f52c26d8f9 with 737cfc75-39b7-4d8d-95ca-253dab0f7826
&amp#27;[38;5;0m[HTTP]&amp#27;[0m &amp#27;[37m<-- GET /session/737cfc75-39b7-4d8d-95ca-253dab0f7826/element/00000000-0000-05c2-0000-00ad00000004/text &amp#27;[39m&amp#27;[32m200&amp#27;[39m &amp#27;[90m8 ms - 76&amp#27;[39m
&amp#27;[38;5;0m[HTTP]&amp#27;[0m &amp#27;[90m&amp#27;[39m
&amp#27;[38;5;0m[HTTP]&amp#27;[0m &amp#27;[37m-->&amp#27;[39m &amp#27;[37mGET&amp#27;[39m &amp#27;[37m/session/737cfc75-39b7-4d8d-95ca-253dab0f7826/element/00000000-0000-05c2-0000-00b300000004/text&amp#27;[39m
&amp#27;[38;5;0m[HTTP]&amp#27;[0m &amp#27;[90m{}&amp#27;[39m
&amp#27;[38;5;32m[AndroidUiautomator2Driver@7d8a (737cfc75)]&amp#27;[0m Driver proxy active, passing request on via HTTP proxy
&amp#27;[38;5;32m[AndroidUiautomator2Driver@7d8a (737cfc75)]&amp#27;[0m Matched '/session/737cfc75-39b7-4d8d-95ca-253dab0f7826/element/00000000-0000-05c2-0000-00b300000004/text' to command name 'getText'
&amp#27;[38;5;32m[AndroidUiautomator2Driver@7d8a (737cfc75)]&amp#27;[0m Proxying [GET /session/737cfc75-39b7-4d8d-95ca-253dab0f7826/element/00000000-0000-05c2-0000-00b300000004/text] to [GET http://127.0.0.1:8240/session/848f67d1-b0ae-4721-9dff-71f52c26d8f9/element/00000000-0000-05c2-0000-00b300000004/text] with no body
&amp#27;[38;5;32m[AndroidUiautomator2Driver@7d8a (737cfc75)]&amp#27;[0m Got response with status 200: {"sessionId":"848f67d1-b0ae-4721-9dff-71f52c26d8f9","value":"15:00"}
&amp#27;[38;5;32m[AndroidUiautomator2Driver@7d8a (737cfc75)]&amp#27;[0m Replacing sessionId 848f67d1-b0ae-4721-9dff-71f52c26d8f9 with 737cfc75-39b7-4d8d-95ca-253dab0f7826
&amp#27;[38;5;0m[HTTP]&amp#27;[0m &amp#27;[37m<-- GET /session/737cfc75-39b7-4d8d-95ca-253dab0f7826/element/00000000-0000-05c2-0000-00b300000004/text &amp#27;[39m&amp#27;[32m200&amp#27;[39m &amp#27;[90m8 ms - 68&amp#27;[39m
&amp#27;[38;5;0m[HTTP]&amp#27;[0m &amp#27;[90m&amp#27;[39m
&amp#27;[38;5;0m[HTTP]&amp#27;[0m &amp#27;[37m-->&amp#27;[39m &amp#27;[37mGET&amp#27;[39m &amp#27;[37m/session/737cfc75-39b7-4d8d-95ca-253dab0f7826/element/00000000-0000-05c2-0000-00b500000004/text&amp#27;[39m
&amp#27;[38;5;0m[HTTP]&amp#27;[0m &amp#27;[90m{}&amp#27;[39m
&amp#27;[38;5;32m[AndroidUiautomator2Driver@7d8a (737cfc75)]&amp#27;[0m Driver proxy active, passing request on via HTTP proxy
&amp#27;[38;5;32m[AndroidUiautomator2Driver@7d8a (737cfc75)]&amp#27;[0m Matched '/session/737cfc75-39b7-4d8d-95ca-253dab0f7826/element/00000000-0000-05c2-0000-00b500000004/text' to command name 'getText'
&amp#27;[38;5;32m[AndroidUiautomator2Driver@7d8a (737cfc75)]&amp#27;[0m Proxying [GET /session/737cfc75-39b7-4d8d-95ca-253dab0f7826/element/00000000-0000-05c2-0000-00b500000004/text] to [GET http://127.0.0.1:8240/session/848f67d1-b0ae-4721-9dff-71f52c26d8f9/element/00000000-0000-05c2-0000-00b500000004/text] with no body
&amp#27;[38;5;32m[AndroidUiautomator2Driver@7d8a (737cfc75)]&amp#27;[0m Got response with status 200: {"sessionId":"848f67d1-b0ae-4721-9dff-71f52c26d8f9","value":"light rain"}
&amp#27;[38;5;32m[AndroidUiautomator2Driver@7d8a (737cfc75)]&amp#27;[0m Replacing sessionId 848f67d1-b0ae-4721-9dff-71f52c26d8f9 with 737cfc75-39b7-4d8d-95ca-253dab0f7826
&amp#27;[38;5;0m[HTTP]&amp#27;[0m &amp#27;[37m<-- GET /session/737cfc75-39b7-4d8d-95ca-253dab0f7826/element/00000000-0000-05c2-0000-00b500000004/text &amp#27;[39m&amp#27;[32m200&amp#27;[39m &amp#27;[90m8 ms - 73&amp#27;[39m
&amp#27;[38;5;0m[HTTP]&amp#27;[0m &amp#27;[90m&amp#27;[39m
&amp#27;[38;5;0m[HTTP]&amp#27;[0m &amp#27;[37m-->&amp#27;[39m &amp#27;[37mGET&amp#27;[39m &amp#27;[37m/session/737cfc75-39b7-4d8d-95ca-253dab0f7826/element/00000000-0000-05c2-0000-00b700000004/text&amp#27;[39m
&amp#27;[38;5;0m[HTTP]&amp#27;[0m &amp#27;[90m{}&amp#27;[39m
&amp#27;[38;5;32m[AndroidUiautomator2Driver@7d8a (737cfc75)]&amp#27;[0m Driver proxy active, passing request on via HTTP proxy
&amp#27;[38;5;32m[AndroidUiautomator2Driver@7d8a (737cfc75)]&amp#27;[0m Matched '/session/737cfc75-39b7-4d8d-95ca-253dab0f7826/element/00000000-0000-05c2-0000-00b700000004/text' to command name 'getText'
&amp#27;[38;5;32m[AndroidUiautomator2Driver@7d8a (737cfc75)]&amp#27;[0m Proxying [GET /session/737cfc75-39b7-4d8d-95ca-253dab0f7826/element/00000000-0000-05c2-0000-00b700000004/text] to [GET http://127.0.0.1:8240/session/848f67d1-b0ae-4721-9dff-71f52c26d8f9/element/00000000-0000-05c2-0000-00b700000004/text] with no body
&amp#27;[38;5;32m[AndroidUiautomator2Driver@7d8a (737cfc75)]&amp#27;[0m Got response with status 200: {"sessionId":"848f67d1-b0ae-4721-9dff-71f52c26d8f9","value":"96 %"}
&amp#27;[38;5;32m[AndroidUiautomator2Driver@7d8a (737cfc75)]&amp#27;[0m Replacing sessionId 848f67d1-b0ae-4721-9dff-71f52c26d8f9 with 737cfc75-39b7-4d8d-95ca-253dab0f7826
&amp#27;[38;5;0m[HTTP]&amp#27;[0m &amp#27;[37m<-- GET /session/737cfc75-39b7-4d8d-95ca-253dab0f7826/element/00000000-0000-05c2-0000-00b700000004/text &amp#27;[39m&amp#27;[32m200&amp#27;[39m &amp#27;[90m8 ms - 67&amp#27;[39m
&amp#27;[38;5;0m[HTTP]&amp#27;[0m &amp#27;[90m&amp#27;[39m
&amp#27;[38;5;0m[HTTP]&amp#27;[0m &amp#27;[37m-->&amp#27;[39m &amp#27;[37mGET&amp#27;[39m &amp#27;[37m/session/737cfc75-39b7-4d8d-95ca-253dab0f7826/element/00000000-0000-05c2-0000-00b900000004/text&amp#27;[39m
&amp#27;[38;5;0m[HTTP]&amp#27;[0m &amp#27;[90m{}&amp#27;[39m
&amp#27;[38;5;32m[AndroidUiautomator2Driver@7d8a (737cfc75)]&amp#27;[0m Driver proxy active, passing request on via HTTP proxy
&amp#27;[38;5;32m[AndroidUiautomator2Driver@7d8a (737cfc75)]&amp#27;[0m Matched '/session/737cfc75-39b7-4d8d-95ca-253dab0f7826/element/00000000-0000-05c2-0000-00b900000004/text' to command name 'getText'
&amp#27;[38;5;32m[AndroidUiautomator2Driver@7d8a (737cfc75)]&amp#27;[0m Proxying [GET /session/737cfc75-39b7-4d8d-95ca-253dab0f7826/element/00000000-0000-05c2-0000-00b900000004/text] to [GET http://127.0.0.1:8240/session/848f67d1-b0ae-4721-9dff-71f52c26d8f9/element/00000000-0000-05c2-0000-00b900000004/text] with no body
&amp#27;[38;5;32m[AndroidUiautomator2Driver@7d8a (737cfc75)]&amp#27;[0m Got response with status 200: {"sessionId":"848f67d1-b0ae-4721-9dff-71f52c26d8f9","value":"12 Â°C"}
&amp#27;[38;5;32m[AndroidUiautomator2Driver@7d8a (737cfc75)]&amp#27;[0m Replacing sessionId 848f67d1-b0ae-4721-9dff-71f52c26d8f9 with 737cfc75-39b7-4d8d-95ca-253dab0f7826
&amp#27;[38;5;0m[HTTP]&amp#27;[0m &amp#27;[37m<-- GET /session/737cfc75-39b7-4d8d-95ca-253dab0f7826/element/00000000-0000-05c2-0000-00b900000004/text &amp#27;[39m&amp#27;[32m200&amp#27;[39m &amp#27;[90m8 ms - 69&amp#27;[39m
&amp#27;[38;5;0m[HTTP]&amp#27;[0m &amp#27;[90m&amp#27;[39m
&amp#27;[38;5;0m[HTTP]&amp#27;[0m &amp#27;[37m-->&amp#27;[39m &amp#27;[37mGET&amp#27;[39m &amp#27;[37m/session/737cfc75-39b7-4d8d-95ca-253dab0f7826/element/00000000-0000-05c2-0000-00bb00000004/text&amp#27;[39m
&amp#27;[38;5;0m[HTTP]&amp#27;[0m &amp#27;[90m{}&amp#27;[39m
&amp#27;[38;5;32m[AndroidUiautomator2Driver@7d8a (737cfc75)]&amp#27;[0m Driver proxy active, passing request on via HTTP proxy
&amp#27;[38;5;32m[AndroidUiautomator2Driver@7d8a (737cfc75)]&amp#27;[0m Matched '/session/737cfc75-39b7-4d8d-95ca-253dab0f7826/element/00000000-0000-05c2-0000-00bb00000004/text' to command name 'getText'
&amp#27;[38;5;32m[AndroidUiautomator2Driver@7d8a (737cfc75)]&amp#27;[0m Proxying [GET /session/737cfc75-39b7-4d8d-95ca-253dab0f7826/element/00000000-0000-05c2-0000-00bb00000004/text] to [GET http://127.0.0.1:8240/session/848f67d1-b0ae-4721-9dff-71f52c26d8f9/element/00000000-0000-05c2-0000-00bb00000004/text] with no body
&amp#27;[38;5;32m[AndroidUiautomator2Driver@7d8a (737cfc75)]&amp#27;[0m Got response with status 200: {"sessionId":"848f67d1-b0ae-4721-9dff-71f52c26d8f9","value":"16:00"}
&amp#27;[38;5;32m[AndroidUiautomator2Driver@7d8a (737cfc75)]&amp#27;[0m Replacing sessionId 848f67d1-b0ae-4721-9dff-71f52c26d8f9 with 737cfc75-39b7-4d8d-95ca-253dab0f7826
&amp#27;[38;5;0m[HTTP]&amp#27;[0m &amp#27;[37m<-- GET /session/737cfc75-39b7-4d8d-95ca-253dab0f7826/element/00000000-0000-05c2-0000-00bb00000004/text &amp#27;[39m&amp#27;[32m200&amp#27;[39m &amp#27;[90m9 ms - 68&amp#27;[39m
&amp#27;[38;5;0m[HTTP]&amp#27;[0m &amp#27;[90m&amp#27;[39m
&amp#27;[38;5;0m[HTTP]&amp#27;[0m &amp#27;[37m-->&amp#27;[39m &amp#27;[37mGET&amp#27;[39m &amp#27;[37m/session/737cfc75-39b7-4d8d-95ca-253dab0f7826/element/00000000-0000-05c2-0000-00bd00000004/text&amp#27;[39m
&amp#27;[38;5;0m[HTTP]&amp#27;[0m &amp#27;[90m{}&amp#27;[39m
&amp#27;[38;5;32m[AndroidUiautomator2Driver@7d8a (737cfc75)]&amp#27;[0m Driver proxy active, passing request on via HTTP proxy
&amp#27;[38;5;32m[AndroidUiautomator2Driver@7d8a (737cfc75)]&amp#27;[0m Matched '/session/737cfc75-39b7-4d8d-95ca-253dab0f7826/element/00000000-0000-05c2-0000-00bd00000004/text' to command name 'getText'
&amp#27;[38;5;32m[AndroidUiautomator2Driver@7d8a (737cfc75)]&amp#27;[0m Proxying [GET /session/737cfc75-39b7-4d8d-95ca-253dab0f7826/element/00000000-0000-05c2-0000-00bd00000004/text] to [GET http://127.0.0.1:8240/session/848f67d1-b0ae-4721-9dff-71f52c26d8f9/element/00000000-0000-05c2-0000-00bd00000004/text] with no body
&amp#27;[38;5;32m[AndroidUiautomator2Driver@7d8a (737cfc75)]&amp#27;[0m Got response with status 200: {"sessionId":"848f67d1-b0ae-4721-9dff-71f52c26d8f9","value":"light rain"}
&amp#27;[38;5;32m[AndroidUiautomator2Driver@7d8a (737cfc75)]&amp#27;[0m Replacing sessionId 848f67d1-b0ae-4721-9dff-71f52c26d8f9 with 737cfc75-39b7-4d8d-95ca-253dab0f7826
&amp#27;[38;5;0m[HTTP]&amp#27;[0m &amp#27;[37m<-- GET /session/737cfc75-39b7-4d8d-95ca-253dab0f7826/element/00000000-0000-05c2-0000-00bd00000004/text &amp#27;[39m&amp#27;[32m200&amp#27;[39m &amp#27;[90m8 ms - 73&amp#27;[39m
&amp#27;[38;5;0m[HTTP]&amp#27;[0m &amp#27;[90m&amp#27;[39m
&amp#27;[38;5;0m[HTTP]&amp#27;[0m &amp#27;[37m-->&amp#27;[39m &amp#27;[37mGET&amp#27;[39m &amp#27;[37m/session/737cfc75-39b7-4d8d-95ca-253dab0f7826/element/00000000-0000-05c2-0000-00bf00000004/text&amp#27;[39m
&amp#27;[38;5;0m[HTTP]&amp#27;[0m &amp#27;[90m{}&amp#27;[39m
&amp#27;[38;5;32m[AndroidUiautomator2Driver@7d8a (737cfc75)]&amp#27;[0m Driver proxy active, passing request on via HTTP proxy
&amp#27;[38;5;32m[AndroidUiautomator2Driver@7d8a (737cfc75)]&amp#27;[0m Matched '/session/737cfc75-39b7-4d8d-95ca-253dab0f7826/element/00000000-0000-05c2-0000-00bf00000004/text' to command name 'getText'
&amp#27;[38;5;32m[AndroidUiautomator2Driver@7d8a (737cfc75)]&amp#27;[0m Proxying [GET /session/737cfc75-39b7-4d8d-95ca-253dab0f7826/element/00000000-0000-05c2-0000-00bf00000004/text] to [GET http://127.0.0.1:8240/session/848f67d1-b0ae-4721-9dff-71f52c26d8f9/element/00000000-0000-05c2-0000-00bf00000004/text] with no body
&amp#27;[38;5;32m[AndroidUiautomator2Driver@7d8a (737cfc75)]&amp#27;[0m Got response with status 200: {"sessionId":"848f67d1-b0ae-4721-9dff-71f52c26d8f9","value":"97 %"}
&amp#27;[38;5;32m[AndroidUiautomator2Driver@7d8a (737cfc75)]&amp#27;[0m Replacing sessionId 848f67d1-b0ae-4721-9dff-71f52c26d8f9 with 737cfc75-39b7-4d8d-95ca-253dab0f7826
&amp#27;[38;5;0m[HTTP]&amp#27;[0m &amp#27;[37m<-- GET /session/737cfc75-39b7-4d8d-95ca-253dab0f7826/element/00000000-0000-05c2-0000-00bf00000004/text &amp#27;[39m&amp#27;[32m200&amp#27;[39m &amp#27;[90m8 ms - 67&amp#27;[39m
&amp#27;[38;5;0m[HTTP]&amp#27;[0m &amp#27;[90m&amp#27;[39m
&amp#27;[38;5;0m[HTTP]&amp#27;[0m &amp#27;[37m-->&amp#27;[39m &amp#27;[37mGET&amp#27;[39m &amp#27;[37m/session/737cfc75-39b7-4d8d-95ca-253dab0f7826/element/00000000-0000-05c2-0000-00c100000004/text&amp#27;[39m
&amp#27;[38;5;0m[HTTP]&amp#27;[0m &amp#27;[90m{}&amp#27;[39m
&amp#27;[38;5;32m[AndroidUiautomator2Driver@7d8a (737cfc75)]&amp#27;[0m Driver proxy active, passing request on via HTTP proxy
&amp#27;[38;5;32m[AndroidUiautomator2Driver@7d8a (737cfc75)]&amp#27;[0m Matched '/session/737cfc75-39b7-4d8d-95ca-253dab0f7826/element/00000000-0000-05c2-0000-00c100000004/text' to command name 'getText'
&amp#27;[38;5;32m[AndroidUiautomator2Driver@7d8a (737cfc75)]&amp#27;[0m Proxying [GET /session/737cfc75-39b7-4d8d-95ca-253dab0f7826/element/00000000-0000-05c2-0000-00c100000004/text] to [GET http://127.0.0.1:8240/session/848f67d1-b0ae-4721-9dff-71f52c26d8f9/element/00000000-0000-05c2-0000-00c100000004/text] with no body
&amp#27;[38;5;32m[AndroidUiautomator2Driver@7d8a (737cfc75)]&amp#27;[0m Got response with status 200: {"sessionId":"848f67d1-b0ae-4721-9dff-71f52c26d8f9","value":"12 Â°C"}
&amp#27;[38;5;32m[AndroidUiautomator2Driver@7d8a (737cfc75)]&amp#27;[0m Replacing sessionId 848f67d1-b0ae-4721-9dff-71f52c26d8f9 with 737cfc75-39b7-4d8d-95ca-253dab0f7826
&amp#27;[38;5;0m[HTTP]&amp#27;[0m &amp#27;[37m<-- GET /session/737cfc75-39b7-4d8d-95ca-253dab0f7826/element/00000000-0000-05c2-0000-00c100000004/text &amp#27;[39m&amp#27;[32m200&amp#27;[39m &amp#27;[90m8 ms - 69&amp#27;[39m
&amp#27;[38;5;0m[HTTP]&amp#27;[0m &amp#27;[90m&amp#27;[39m
&amp#27;[38;5;0m[HTTP]&amp#27;[0m &amp#27;[37m-->&amp#27;[39m &amp#27;[37mGET&amp#27;[39m &amp#27;[37m/session/737cfc75-39b7-4d8d-95ca-253dab0f7826/element/00000000-0000-05c2-0000-00c300000004/text&amp#27;[39m
&amp#27;[38;5;0m[HTTP]&amp#27;[0m &amp#27;[90m{}&amp#27;[39m
&amp#27;[38;5;32m[AndroidUiautomator2Driver@7d8a (737cfc75)]&amp#27;[0m Driver proxy active, passing request on via HTTP proxy
&amp#27;[38;5;32m[AndroidUiautomator2Driver@7d8a (737cfc75)]&amp#27;[0m Matched '/session/737cfc75-39b7-4d8d-95ca-253dab0f7826/element/00000000-0000-05c2-0000-00c300000004/text' to command name 'getText'
&amp#27;[38;5;32m[AndroidUiautomator2Driver@7d8a (737cfc75)]&amp#27;[0m Proxying [GET /session/737cfc75-39b7-4d8d-95ca-253dab0f7826/element/00000000-0000-05c2-0000-00c300000004/text] to [GET http://127.0.0.1:8240/session/848f67d1-b0ae-4721-9dff-71f52c26d8f9/element/00000000-0000-05c2-0000-00c300000004/text] with no body
&amp#27;[38;5;32m[AndroidUiautomator2Driver@7d8a (737cfc75)]&amp#27;[0m Got response with status 200: {"sessionId":"848f67d1-b0ae-4721-9dff-71f52c26d8f9","value":"17:00"}
&amp#27;[38;5;32m[AndroidUiautomator2Driver@7d8a (737cfc75)]&amp#27;[0m Replacing sessionId 848f67d1-b0ae-4721-9dff-71f52c26d8f9 with 737cfc75-39b7-4d8d-95ca-253dab0f7826
&amp#27;[38;5;0m[HTTP]&amp#27;[0m &amp#27;[37m<-- GET /session/737cfc75-39b7-4d8d-95ca-253dab0f7826/element/00000000-0000-05c2-0000-00c300000004/text &amp#27;[39m&amp#27;[32m200&amp#27;[39m &amp#27;[90m8 ms - 68&amp#27;[39m
&amp#27;[38;5;0m[HTTP]&amp#27;[0m &amp#27;[90m&amp#27;[39m
&amp#27;[38;5;0m[HTTP]&amp#27;[0m &amp#27;[37m-->&amp#27;[39m &amp#27;[37mGET&amp#27;[39m &amp#27;[37m/session/737cfc75-39b7-4d8d-95ca-253dab0f7826/element/00000000-0000-05c2-0000-00c500000004/text&amp#27;[39m
&amp#27;[38;5;0m[HTTP]&amp#27;[0m &amp#27;[90m{}&amp#27;[39m
&amp#27;[38;5;32m[AndroidUiautomator2Driver@7d8a (737cfc75)]&amp#27;[0m Driver proxy active, passing request on via HTTP proxy
&amp#27;[38;5;32m[AndroidUiautomator2Driver@7d8a (737cfc75)]&amp#27;[0m Matched '/session/737cfc75-39b7-4d8d-95ca-253dab0f7826/element/00000000-0000-05c2-0000-00c500000004/text' to command name 'getText'
&amp#27;[38;5;32m[AndroidUiautomator2Driver@7d8a (737cfc75)]&amp#27;[0m Proxying [GET /session/737cfc75-39b7-4d8d-95ca-253dab0f7826/element/00000000-0000-05c2-0000-00c500000004/text] to [GET http://127.0.0.1:8240/session/848f67d1-b0ae-4721-9dff-71f52c26d8f9/element/00000000-0000-05c2-0000-00c500000004/text] with no body
&amp#27;[38;5;32m[AndroidUiautomator2Driver@7d8a (737cfc75)]&amp#27;[0m Got response with status 200: {"sessionId":"848f67d1-b0ae-4721-9dff-71f52c26d8f9","value":"light rain"}
&amp#27;[38;5;32m[AndroidUiautomator2Driver@7d8a (737cfc75)]&amp#27;[0m Replacing sessionId 848f67d1-b0ae-4721-9dff-71f52c26d8f9 with 737cfc75-39b7-4d8d-95ca-253dab0f7826
&amp#27;[38;5;0m[HTTP]&amp#27;[0m &amp#27;[37m<-- GET /session/737cfc75-39b7-4d8d-95ca-253dab0f7826/element/00000000-0000-05c2-0000-00c500000004/text &amp#27;[39m&amp#27;[32m200&amp#27;[39m &amp#27;[90m8 ms - 73&amp#27;[39m
&amp#27;[38;5;0m[HTTP]&amp#27;[0m &amp#27;[90m&amp#27;[39m
&amp#27;[38;5;0m[HTTP]&amp#27;[0m &amp#27;[37m-->&amp#27;[39m &amp#27;[37mGET&amp#27;[39m &amp#27;[37m/session/737cfc75-39b7-4d8d-95ca-253dab0f7826/element/00000000-0000-05c2-0000-00c700000004/text&amp#27;[39m
&amp#27;[38;5;0m[HTTP]&amp#27;[0m &amp#27;[90m{}&amp#27;[39m
&amp#27;[38;5;32m[AndroidUiautomator2Driver@7d8a (737cfc75)]&amp#27;[0m Driver proxy active, passing request on via HTTP proxy
&amp#27;[38;5;32m[AndroidUiautomator2Driver@7d8a (737cfc75)]&amp#27;[0m Matched '/session/737cfc75-39b7-4d8d-95ca-253dab0f7826/element/00000000-0000-05c2-0000-00c700000004/text' to command name 'getText'
&amp#27;[38;5;32m[AndroidUiautomator2Driver@7d8a (737cfc75)]&amp#27;[0m Proxying [GET /session/737cfc75-39b7-4d8d-95ca-253dab0f7826/element/00000000-0000-05c2-0000-00c700000004/text] to [GET http://127.0.0.1:8240/session/848f67d1-b0ae-4721-9dff-71f52c26d8f9/element/00000000-0000-05c2-0000-00c700000004/text] with no body
&amp#27;[38;5;32m[AndroidUiautomator2Driver@7d8a (737cfc75)]&amp#27;[0m Got response with status 200: {"sessionId":"848f67d1-b0ae-4721-9dff-71f52c26d8f9","value":"97 %"}
&amp#27;[38;5;32m[AndroidUiautomator2Driver@7d8a (737cfc75)]&amp#27;[0m Replacing sessionId 848f67d1-b0ae-4721-9dff-71f52c26d8f9 with 737cfc75-39b7-4d8d-95ca-253dab0f7826
&amp#27;[38;5;0m[HTTP]&amp#27;[0m &amp#27;[37m<-- GET /session/737cfc75-39b7-4d8d-95ca-253dab0f7826/element/00000000-0000-05c2-0000-00c700000004/text &amp#27;[39m&amp#27;[32m200&amp#27;[39m &amp#27;[90m8 ms - 67&amp#27;[39m
&amp#27;[38;5;0m[HTTP]&amp#27;[0m &amp#27;[90m&amp#27;[39m
&amp#27;[38;5;0m[HTTP]&amp#27;[0m &amp#27;[37m-->&amp#27;[39m &amp#27;[37mGET&amp#27;[39m &amp#27;[37m/session/737cfc75-39b7-4d8d-95ca-253dab0f7826/element/00000000-0000-05c2-0000-00c900000004/text&amp#27;[39m
&amp#27;[38;5;0m[HTTP]&amp#27;[0m &amp#27;[90m{}&amp#27;[39m
&amp#27;[38;5;32m[AndroidUiautomator2Driver@7d8a (737cfc75)]&amp#27;[0m Driver proxy active, passing request on via HTTP proxy
&amp#27;[38;5;32m[AndroidUiautomator2Driver@7d8a (737cfc75)]&amp#27;[0m Matched '/session/737cfc75-39b7-4d8d-95ca-253dab0f7826/element/00000000-0000-05c2-0000-00c900000004/text' to command name 'getText'
&amp#27;[38;5;32m[AndroidUiautomator2Driver@7d8a (737cfc75)]&amp#27;[0m Proxying [GET /session/737cfc75-39b7-4d8d-95ca-253dab0f7826/element/00000000-0000-05c2-0000-00c900000004/text] to [GET http://127.0.0.1:8240/session/848f67d1-b0ae-4721-9dff-71f52c26d8f9/element/00000000-0000-05c2-0000-00c900000004/text] with no body
&amp#27;[38;5;32m[AndroidUiautomator2Driver@7d8a (737cfc75)]&amp#27;[0m Got response with status 200: {"sessionId":"848f67d1-b0ae-4721-9dff-71f52c26d8f9","value":"12 Â°C"}
&amp#27;[38;5;32m[AndroidUiautomator2Driver@7d8a (737cfc75)]&amp#27;[0m Replacing sessionId 848f67d1-b0ae-4721-9dff-71f52c26d8f9 with 737cfc75-39b7-4d8d-95ca-253dab0f7826
&amp#27;[38;5;0m[HTTP]&amp#27;[0m &amp#27;[37m<-- GET /session/737cfc75-39b7-4d8d-95ca-253dab0f7826/element/00000000-0000-05c2-0000-00c900000004/text &amp#27;[39m&amp#27;[32m200&amp#27;[39m &amp#27;[90m8 ms - 69&amp#27;[39m
&amp#27;[38;5;0m[HTTP]&amp#27;[0m &amp#27;[90m&amp#27;[39m
&amp#27;[38;5;0m[HTTP]&amp#27;[0m &amp#27;[37m-->&amp#27;[39m &amp#27;[37mPOST&amp#27;[39m &amp#27;[37m/session/737cfc75-39b7-4d8d-95ca-253dab0f7826/execute/sync&amp#27;[39m
&amp#27;[38;5;0m[HTTP]&amp#27;[0m &amp#27;[90m{"script":"mobile: swipeGesture","args":[{"elementId":"00000000-0000-05c2-0000-002900000004","percent":0.4,"speed":320,"direction":"left"}]}&amp#27;[39m
&amp#27;[38;5;32m[AndroidUiautomator2Driver@7d8a (737cfc75)]&amp#27;[0m Calling AppiumDriver.execute() with args: ["mobile: swipeGesture",[{"elementId":"00000000-0000-05c2-0000-002900000004","percent":0.4,"speed":320,"direction":"left"}],"737cfc75-39b7-4d8d-95ca-253dab0f7826"]
&amp#27;[38;5;32m[AndroidUiautomator2Driver@7d8a (737cfc75)]&amp#27;[0m Executing method 'mobile: swipeGesture'
&amp#27;[38;5;32m[AndroidUiautomator2Driver@7d8a (737cfc75)]&amp#27;[0m Proxying [POST /appium/gestures/swipe] to [POST http://127.0.0.1:8240/session/848f67d1-b0ae-4721-9dff-71f52c26d8f9/appium/gestures/swipe] with body: {"origin":{"ELEMENT":"00000000-0000-05c2-0000-002900000004","element-6066-11e4-a52e-4f735466cecf":"00000000-0000-05c2-0000-002900000004"},"direction":"left","percent":0.4,"speed":320}
&amp#27;[38;5;32m[AndroidUiautomator2Driver@7d8a (737cfc75)]&amp#27;[0m Got response with status 200: {"sessionId":"848f67d1-b0ae-4721-9dff-71f52c26d8f9","value":null}
&amp#27;[38;5;32m[AndroidUiautomator2Driver@7d8a (737cfc75)]&amp#27;[0m Responding to client with driver.execute() result: null
&amp#27;[38;5;0m[HTTP]&amp#27;[0m &amp#27;[37m<-- POST /session/737cfc75-39b7-4d8d-95ca-253dab0f7826/execute/sync &amp#27;[39m&amp#27;[32m200&amp#27;[39m &amp#27;[90m1552 ms - 14&amp#27;[39m
&amp#27;[38;5;0m[HTTP]&amp#27;[0m &amp#27;[90m&amp#27;[39m
&amp#27;[38;5;0m[HTTP]&amp#27;[0m &amp#27;[37m-->&amp#27;[39m &amp#27;[37mPOST&amp#27;[39m &amp#27;[37m/session/737cfc75-39b7-4d8d-95ca-253dab0f7826/elements&amp#27;[39m
&amp#27;[38;5;0m[HTTP]&amp#27;[0m &amp#27;[90m{"using":"xpath","value":"//android.widget.HorizontalScrollView"}&amp#27;[39m
&amp#27;[38;5;32m[AndroidUiautomator2Driver@7d8a (737cfc75)]&amp#27;[0m Calling AppiumDriver.findElements() with args: ["xpath","//android.widget.HorizontalScrollView","737cfc75-39b7-4d8d-95ca-253dab0f7826"]
&amp#27;[38;5;32m[AndroidUiautomator2Driver@7d8a (737cfc75)]&amp#27;[0m Valid locator strategies for this request: xpath, id, class name, accessibility id, css selector, -android uiautomator
&amp#27;[38;5;32m[AndroidUiautomator2Driver@7d8a (737cfc75)]&amp#27;[0m Waiting up to 0 ms for condition
&amp#27;[38;5;32m[AndroidUiautomator2Driver@7d8a (737cfc75)]&amp#27;[0m Matched '/elements' to command name 'findElements'
&amp#27;[38;5;32m[AndroidUiautomator2Driver@7d8a (737cfc75)]&amp#27;[0m Proxying [POST /elements] to [POST http://127.0.0.1:8240/session/848f67d1-b0ae-4721-9dff-71f52c26d8f9/elements] with body: {"strategy":"xpath","selector":"//android.widget.HorizontalScrollView","context":"","multiple":true}
&amp#27;[38;5;32m[AndroidUiautomator2Driver@7d8a (737cfc75)]&amp#27;[0m Got response with status 200: {"sessionId":"848f67d1-b0ae-4721-9dff-71f52c26d8f9","value":[{"ELEMENT":"00000000-0000-05c2-0000-002900000004","element-6066-11e4-a52e-4f735466cecf":"00000000-0000-05c2-0000-002900000004"},{"ELEMENT":"00000000-0000-05c2-0000-002a00000004","element-6066-11e4-a52e-4f735466cecf":"00000000-0000-05c2-0000-002a00000004"}]}
&amp#27;[38;5;32m[AndroidUiautomator2Driver@7d8a (737cfc75)]&amp#27;[0m Responding to client with driver.findElements() result: [{"element-6066-11e4-a52e-4f735466cecf":"00000000-0000-05c2-0000-002900000004","ELEMENT":"00000000-0000-05c2-0000-002900000004"},{"element-6066-11e4-a52e-4f735466cecf":"00000000-0000-05c2-0000-002a00000004","ELEMENT":"00000000-0000-05c2-0000-002a00000004"}]
&amp#27;[38;5;0m[HTTP]&amp#27;[0m &amp#27;[37m<-- POST /session/737cfc75-39b7-4d8d-95ca-253dab0f7826/elements &amp#27;[39m&amp#27;[32m200&amp#27;[39m &amp#27;[90m105 ms - 267&amp#27;[39m
&amp#27;[38;5;0m[HTTP]&amp#27;[0m &amp#27;[90m&amp#27;[39m
&amp#27;[38;5;0m[HTTP]&amp#27;[0m &amp#27;[37m-->&amp#27;[39m &amp#27;[37mPOST&amp#27;[39m &amp#27;[37m/session/737cfc75-39b7-4d8d-95ca-253dab0f7826/element/00000000-0000-05c2-0000-002900000004/elements&amp#27;[39m
&amp#27;[38;5;0m[HTTP]&amp#27;[0m &amp#27;[90m{"id":"00000000-0000-05c2-0000-002900000004","using":"xpath","value":"//android.view.View"}&amp#27;[39m
&amp#27;[38;5;32m[AndroidUiautomator2Driver@7d8a (737cfc75)]&amp#27;[0m Calling AppiumDriver.findElementsFromElement() with args: ["xpath","//android.view.View","00000000-0000-05c2-0000-002900000004","737cfc75-39b7-4d8d-95ca-253dab0f7826"]
&amp#27;[38;5;32m[AndroidUiautomator2Driver@7d8a (737cfc75)]&amp#27;[0m Valid locator strategies for this request: xpath, id, class name, accessibility id, css selector, -android uiautomator
&amp#27;[38;5;32m[AndroidUiautomator2Driver@7d8a (737cfc75)]&amp#27;[0m Waiting up to 0 ms for condition
&amp#27;[38;5;32m[AndroidUiautomator2Driver@7d8a (737cfc75)]&amp#27;[0m Matched '/elements' to command name 'findElements'
&amp#27;[38;5;32m[AndroidUiautomator2Driver@7d8a (737cfc75)]&amp#27;[0m Proxying [POST /elements] to [POST http://127.0.0.1:8240/session/848f67d1-b0ae-4721-9dff-71f52c26d8f9/elements] with body: {"strategy":"xpath","selector":"//android.view.View","context":"00000000-0000-05c2-0000-002900000004","multiple":true}
&amp#27;[38;5;32m[AndroidUiautomator2Driver@7d8a (737cfc75)]&amp#27;[0m Got response with status 200: {"sessionId":"848f67d1-b0ae-4721-9dff-71f52c26d8f9","value":[{"ELEMENT":"00000000-0000-05c2-0000-00bb00000004","element-6066-11e4-a52e-4f735466cecf":"00000000-0000-05c2-0000-00bb00000004"},{"ELEMENT":"00000000-0000-05c2-0000-00bd00000004","element-6066-11e4-a52e-4f735466cecf":"00000000-0000-05c2-0000-00bd00000004"},{"ELEMENT":"00000000-0000-05c2-0000-00bf00000004","element-6066-11e4-a52e-4f735466cecf":"00000000-0000-05c2-0000-00bf00000004"},{"ELEMENT":"00000000-0000-05c2-0000-00c100000004","element-6066-11e4-a52e-4f735466cecf":"00000000-0000-05c2-0000-00c100000004"},{"ELEMENT":"00000000-0000-05c2-0000-00c300000004","element-6066-11e4-a52e-4f735466cecf":"00000000-0000-05c2-0000-00c300000004"},{"ELEMENT":"00000000-0000-05c2-0000-00c500000004","element-6066-11e4-a52e-4f735466cecf":"00000000-0000-05c2-0000-00c500000004"},{"ELEMENT":"00000000-0000-05c2-0000-00c700000004","element-6066-11e4-a52e-4f735466cecf":"00000000-0000-05c2-0000-00c700000004"},{"ELEMENT":"00000000-0000-05c2-0000-00c900000004","element-6066-...
&amp#27;[38;5;32m[AndroidUiautomator2Driver@7d8a (737cfc75)]&amp#27;[0m Responding to client with driver.findElementsFromElement() result: [{"element-6066-11e4-a52e-4f735466cecf":"00000000-0000-05c2-0000-00bb00000004","ELEMENT":"00000000-0000-05c2-0000-00bb00000004"},{"element-6066-11e4-a52e-4f735466cecf":"00000000-0000-05c2-0000-00bd00000004","ELEMENT":"00000000-0000-05c2-0000-00bd00000004"},{"element-6066-11e4-a52e-4f735466cecf":"00000000-0000-05c2-0000-00bf00000004","ELEMENT":"00000000-0000-05c2-0000-00bf00000004"},{"element-6066-11e4-a52e-4f735466cecf":"00000000-0000-05c2-0000-00c100000004","ELEMENT":"00000000-0000-05c2-0000-00c100000004"},{"element-6066-11e4-a52e-4f735466cecf":"00000000-0000-05c2-0000-00c300000004","ELEMENT":"00000000-0000-05c2-0000-00c300000004"},{"element-6066-11e4-a52e-4f735466cecf":"00000000-0000-05c2-0000-00c500000004","ELEMENT":"00000000-0000-05c2-0000-00c500000004"},{"element-6066-11e4-a52e-4f735466cecf":"00000000-0000-05c2-0000-00c700000004","ELEMENT":"00000000-0000-05c2-0000-00c700000004"},{"element-6066-11e4-a52e-4f735466cecf":"00000000-0000-05c2-0000-00c900000004","ELEMENT":"00000000-0000-05c2-0000-00c90000000...
&amp#27;[38;5;0m[HTTP]&amp#27;[0m &amp#27;[37m<-- POST /session/737cfc75-39b7-4d8d-95ca-253dab0f7826/element/00000000-0000-05c2-0000-002900000004/elements &amp#27;[39m&amp#27;[32m200&amp#27;[39m &amp#27;[90m41 ms - 1547&amp#27;[39m
&amp#27;[38;5;0m[HTTP]&amp#27;[0m &amp#27;[90m&amp#27;[39m
&amp#27;[38;5;0m[HTTP]&amp#27;[0m &amp#27;[37m-->&amp#27;[39m &amp#27;[37mGET&amp#27;[39m &amp#27;[37m/session/737cfc75-39b7-4d8d-95ca-253dab0f7826/element/00000000-0000-05c2-0000-00bb00000004/text&amp#27;[39m
&amp#27;[38;5;0m[HTTP]&amp#27;[0m &amp#27;[90m{}&amp#27;[39m
&amp#27;[38;5;32m[AndroidUiautomator2Driver@7d8a (737cfc75)]&amp#27;[0m Driver proxy active, passing request on via HTTP proxy
&amp#27;[38;5;32m[AndroidUiautomator2Driver@7d8a (737cfc75)]&amp#27;[0m Matched '/session/737cfc75-39b7-4d8d-95ca-253dab0f7826/element/00000000-0000-05c2-0000-00bb00000004/text' to command name 'getText'
&amp#27;[38;5;32m[AndroidUiautomator2Driver@7d8a (737cfc75)]&amp#27;[0m Proxying [GET /session/737cfc75-39b7-4d8d-95ca-253dab0f7826/element/00000000-0000-05c2-0000-00bb00000004/text] to [GET http://127.0.0.1:8240/session/848f67d1-b0ae-4721-9dff-71f52c26d8f9/element/00000000-0000-05c2-0000-00bb00000004/text] with no body
&amp#27;[38;5;32m[AndroidUiautomator2Driver@7d8a (737cfc75)]&amp#27;[0m Got response with status 200: {"sessionId":"848f67d1-b0ae-4721-9dff-71f52c26d8f9","value":"16:00"}
&amp#27;[38;5;32m[AndroidUiautomator2Driver@7d8a (737cfc75)]&amp#27;[0m Replacing sessionId 848f67d1-b0ae-4721-9dff-71f52c26d8f9 with 737cfc75-39b7-4d8d-95ca-253dab0f7826
&amp#27;[38;5;0m[HTTP]&amp#27;[0m &amp#27;[37m<-- GET /session/737cfc75-39b7-4d8d-95ca-253dab0f7826/element/00000000-0000-05c2-0000-00bb00000004/text &amp#27;[39m&amp#27;[32m200&amp#27;[39m &amp#27;[90m9 ms - 68&amp#27;[39m
&amp#27;[38;5;0m[HTTP]&amp#27;[0m &amp#27;[90m&amp#27;[39m
&amp#27;[38;5;0m[HTTP]&amp#27;[0m &amp#27;[37m-->&amp#27;[39m &amp#27;[37mGET&amp#27;[39m &amp#27;[37m/session/737cfc75-39b7-4d8d-95ca-253dab0f7826/element/00000000-0000-05c2-0000-00bd00000004/text&amp#27;[39m
&amp#27;[38;5;0m[HTTP]&amp#27;[0m &amp#27;[90m{}&amp#27;[39m
&amp#27;[38;5;32m[AndroidUiautomator2Driver@7d8a (737cfc75)]&amp#27;[0m Driver proxy active, passing request on via HTTP proxy
&amp#27;[38;5;32m[AndroidUiautomator2Driver@7d8a (737cfc75)]&amp#27;[0m Matched '/session/737cfc75-39b7-4d8d-95ca-253dab0f7826/element/00000000-0000-05c2-0000-00bd00000004/text' to command name 'getText'
&amp#27;[38;5;32m[AndroidUiautomator2Driver@7d8a (737cfc75)]&amp#27;[0m Proxying [GET /session/737cfc75-39b7-4d8d-95ca-253dab0f7826/element/00000000-0000-05c2-0000-00bd00000004/text] to [GET http://127.0.0.1:8240/session/848f67d1-b0ae-4721-9dff-71f52c26d8f9/element/00000000-0000-05c2-0000-00bd00000004/text] with no body
&amp#27;[38;5;32m[AndroidUiautomator2Driver@7d8a (737cfc75)]&amp#27;[0m Got response with status 200: {"sessionId":"848f67d1-b0ae-4721-9dff-71f52c26d8f9","value":"light rain"}
&amp#27;[38;5;32m[AndroidUiautomator2Driver@7d8a (737cfc75)]&amp#27;[0m Replacing sessionId 848f67d1-b0ae-4721-9dff-71f52c26d8f9 with 737cfc75-39b7-4d8d-95ca-253dab0f7826
&amp#27;[38;5;0m[HTTP]&amp#27;[0m &amp#27;[37m<-- GET /session/737cfc75-39b7-4d8d-95ca-253dab0f7826/element/00000000-0000-05c2-0000-00bd00000004/text &amp#27;[39m&amp#27;[32m200&amp#27;[39m &amp#27;[90m9 ms - 73&amp#27;[39m
&amp#27;[38;5;0m[HTTP]&amp#27;[0m &amp#27;[90m&amp#27;[39m
&amp#27;[38;5;0m[HTTP]&amp#27;[0m &amp#27;[37m-->&amp#27;[39m &amp#27;[37mGET&amp#27;[39m &amp#27;[37m/session/737cfc75-39b7-4d8d-95ca-253dab0f7826/element/00000000-0000-05c2-0000-00bf00000004/text&amp#27;[39m
&amp#27;[38;5;0m[HTTP]&amp#27;[0m &amp#27;[90m{}&amp#27;[39m
&amp#27;[38;5;32m[AndroidUiautomator2Driver@7d8a (737cfc75)]&amp#27;[0m Driver proxy active, passing request on via HTTP proxy
&amp#27;[38;5;32m[AndroidUiautomator2Driver@7d8a (737cfc75)]&amp#27;[0m Matched '/session/737cfc75-39b7-4d8d-95ca-253dab0f7826/element/00000000-0000-05c2-0000-00bf00000004/text' to command name 'getText'
&amp#27;[38;5;32m[AndroidUiautomator2Driver@7d8a (737cfc75)]&amp#27;[0m Proxying [GET /session/737cfc75-39b7-4d8d-95ca-253dab0f7826/element/00000000-0000-05c2-0000-00bf00000004/text] to [GET http://127.0.0.1:8240/session/848f67d1-b0ae-4721-9dff-71f52c26d8f9/element/00000000-0000-05c2-0000-00bf00000004/text] with no body
&amp#27;[38;5;32m[AndroidUiautomator2Driver@7d8a (737cfc75)]&amp#27;[0m Got response with status 200: {"sessionId":"848f67d1-b0ae-4721-9dff-71f52c26d8f9","value":"97 %"}
&amp#27;[38;5;32m[AndroidUiautomator2Driver@7d8a (737cfc75)]&amp#27;[0m Replacing sessionId 848f67d1-b0ae-4721-9dff-71f52c26d8f9 with 737cfc75-39b7-4d8d-95ca-253dab0f7826
&amp#27;[38;5;0m[HTTP]&amp#27;[0m &amp#27;[37m<-- GET /session/737cfc75-39b7-4d8d-95ca-253dab0f7826/element/00000000-0000-05c2-0000-00bf00000004/text &amp#27;[39m&amp#27;[32m200&amp#27;[39m &amp#27;[90m9 ms - 67&amp#27;[39m
&amp#27;[38;5;0m[HTTP]&amp#27;[0m &amp#27;[90m&amp#27;[39m
&amp#27;[38;5;0m[HTTP]&amp#27;[0m &amp#27;[37m-->&amp#27;[39m &amp#27;[37mGET&amp#27;[39m &amp#27;[37m/session/737cfc75-39b7-4d8d-95ca-253dab0f7826/element/00000000-0000-05c2-0000-00c100000004/text&amp#27;[39m
&amp#27;[38;5;0m[HTTP]&amp#27;[0m &amp#27;[90m{}&amp#27;[39m
&amp#27;[38;5;32m[AndroidUiautomator2Driver@7d8a (737cfc75)]&amp#27;[0m Driver proxy active, passing request on via HTTP proxy
&amp#27;[38;5;32m[AndroidUiautomator2Driver@7d8a (737cfc75)]&amp#27;[0m Matched '/session/737cfc75-39b7-4d8d-95ca-253dab0f7826/element/00000000-0000-05c2-0000-00c100000004/text' to command name 'getText'
&amp#27;[38;5;32m[AndroidUiautomator2Driver@7d8a (737cfc75)]&amp#27;[0m Proxying [GET /session/737cfc75-39b7-4d8d-95ca-253dab0f7826/element/00000000-0000-05c2-0000-00c100000004/text] to [GET http://127.0.0.1:8240/session/848f67d1-b0ae-4721-9dff-71f52c26d8f9/element/00000000-0000-05c2-0000-00c100000004/text] with no body
&amp#27;[38;5;32m[AndroidUiautomator2Driver@7d8a (737cfc75)]&amp#27;[0m Got response with status 200: {"sessionId":"848f67d1-b0ae-4721-9dff-71f52c26d8f9","value":"12 Â°C"}
&amp#27;[38;5;32m[AndroidUiautomator2Driver@7d8a (737cfc75)]&amp#27;[0m Replacing sessionId 848f67d1-b0ae-4721-9dff-71f52c26d8f9 with 737cfc75-39b7-4d8d-95ca-253dab0f7826
&amp#27;[38;5;0m[HTTP]&amp#27;[0m &amp#27;[37m<-- GET /session/737cfc75-39b7-4d8d-95ca-253dab0f7826/element/00000000-0000-05c2-0000-00c100000004/text &amp#27;[39m&amp#27;[32m200&amp#27;[39m &amp#27;[90m9 ms - 69&amp#27;[39m
&amp#27;[38;5;0m[HTTP]&amp#27;[0m &amp#27;[90m&amp#27;[39m
&amp#27;[38;5;0m[HTTP]&amp#27;[0m &amp#27;[37m-->&amp#27;[39m &amp#27;[37mGET&amp#27;[39m &amp#27;[37m/session/737cfc75-39b7-4d8d-95ca-253dab0f7826/element/00000000-0000-05c2-0000-00c300000004/text&amp#27;[39m
&amp#27;[38;5;0m[HTTP]&amp#27;[0m &amp#27;[90m{}&amp#27;[39m
&amp#27;[38;5;32m[AndroidUiautomator2Driver@7d8a (737cfc75)]&amp#27;[0m Driver proxy active, passing request on via HTTP proxy
&amp#27;[38;5;32m[AndroidUiautomator2Driver@7d8a (737cfc75)]&amp#27;[0m Matched '/session/737cfc75-39b7-4d8d-95ca-253dab0f7826/element/00000000-0000-05c2-0000-00c300000004/text' to command name 'getText'
&amp#27;[38;5;32m[AndroidUiautomator2Driver@7d8a (737cfc75)]&amp#27;[0m Proxying [GET /session/737cfc75-39b7-4d8d-95ca-253dab0f7826/element/00000000-0000-05c2-0000-00c300000004/text] to [GET http://127.0.0.1:8240/session/848f67d1-b0ae-4721-9dff-71f52c26d8f9/element/00000000-0000-05c2-0000-00c300000004/text] with no body
&amp#27;[38;5;32m[AndroidUiautomator2Driver@7d8a (737cfc75)]&amp#27;[0m Got response with status 200: {"sessionId":"848f67d1-b0ae-4721-9dff-71f52c26d8f9","value":"17:00"}
&amp#27;[38;5;32m[AndroidUiautomator2Driver@7d8a (737cfc75)]&amp#27;[0m Replacing sessionId 848f67d1-b0ae-4721-9dff-71f52c26d8f9 with 737cfc75-39b7-4d8d-95ca-253dab0f7826
&amp#27;[38;5;0m[HTTP]&amp#27;[0m &amp#27;[37m<-- GET /session/737cfc75-39b7-4d8d-95ca-253dab0f7826/element/00000000-0000-05c2-0000-00c300000004/text &amp#27;[39m&amp#27;[32m200&amp#27;[39m &amp#27;[90m9 ms - 68&amp#27;[39m
&amp#27;[38;5;0m[HTTP]&amp#27;[0m &amp#27;[90m&amp#27;[39m
&amp#27;[38;5;0m[HTTP]&amp#27;[0m &amp#27;[37m-->&amp#27;[39m &amp#27;[37mGET&amp#27;[39m &amp#27;[37m/session/737cfc75-39b7-4d8d-95ca-253dab0f7826/element/00000000-0000-05c2-0000-00c500000004/text&amp#27;[39m
&amp#27;[38;5;0m[HTTP]&amp#27;[0m &amp#27;[90m{}&amp#27;[39m
&amp#27;[38;5;32m[AndroidUiautomator2Driver@7d8a (737cfc75)]&amp#27;[0m Driver proxy active, passing request on via HTTP proxy
&amp#27;[38;5;32m[AndroidUiautomator2Driver@7d8a (737cfc75)]&amp#27;[0m Matched '/session/737cfc75-39b7-4d8d-95ca-253dab0f7826/element/00000000-0000-05c2-0000-00c500000004/text' to command name 'getText'
&amp#27;[38;5;32m[AndroidUiautomator2Driver@7d8a (737cfc75)]&amp#27;[0m Proxying [GET /session/737cfc75-39b7-4d8d-95ca-253dab0f7826/element/00000000-0000-05c2-0000-00c500000004/text] to [GET http://127.0.0.1:8240/session/848f67d1-b0ae-4721-9dff-71f52c26d8f9/element/00000000-0000-05c2-0000-00c500000004/text] with no body
&amp#27;[38;5;32m[AndroidUiautomator2Driver@7d8a (737cfc75)]&amp#27;[0m Got response with status 200: {"sessionId":"848f67d1-b0ae-4721-9dff-71f52c26d8f9","value":"light rain"}
&amp#27;[38;5;32m[AndroidUiautomator2Driver@7d8a (737cfc75)]&amp#27;[0m Replacing sessionId 848f67d1-b0ae-4721-9dff-71f52c26d8f9 with 737cfc75-39b7-4d8d-95ca-253dab0f7826
&amp#27;[38;5;0m[HTTP]&amp#27;[0m &amp#27;[37m<-- GET /session/737cfc75-39b7-4d8d-95ca-253dab0f7826/element/00000000-0000-05c2-0000-00c500000004/text &amp#27;[39m&amp#27;[32m200&amp#27;[39m &amp#27;[90m9 ms - 73&amp#27;[39m
&amp#27;[38;5;0m[HTTP]&amp#27;[0m &amp#27;[90m&amp#27;[39m
&amp#27;[38;5;0m[HTTP]&amp#27;[0m &amp#27;[37m-->&amp#27;[39m &amp#27;[37mGET&amp#27;[39m &amp#27;[37m/session/737cfc75-39b7-4d8d-95ca-253dab0f7826/element/00000000-0000-05c2-0000-00c700000004/text&amp#27;[39m
&amp#27;[38;5;0m[HTTP]&amp#27;[0m &amp#27;[90m{}&amp#27;[39m
&amp#27;[38;5;32m[AndroidUiautomator2Driver@7d8a (737cfc75)]&amp#27;[0m Driver proxy active, passing request on via HTTP proxy
&amp#27;[38;5;32m[AndroidUiautomator2Driver@7d8a (737cfc75)]&amp#27;[0m Matched '/session/737cfc75-39b7-4d8d-95ca-253dab0f7826/element/00000000-0000-05c2-0000-00c700000004/text' to command name 'getText'
&amp#27;[38;5;32m[AndroidUiautomator2Driver@7d8a (737cfc75)]&amp#27;[0m Proxying [GET /session/737cfc75-39b7-4d8d-95ca-253dab0f7826/element/00000000-0000-05c2-0000-00c700000004/text] to [GET http://127.0.0.1:8240/session/848f67d1-b0ae-4721-9dff-71f52c26d8f9/element/00000000-0000-05c2-0000-00c700000004/text] with no body
&amp#27;[38;5;32m[AndroidUiautomator2Driver@7d8a (737cfc75)]&amp#27;[0m Got response with status 200: {"sessionId":"848f67d1-b0ae-4721-9dff-71f52c26d8f9","value":"97 %"}
&amp#27;[38;5;32m[AndroidUiautomator2Driver@7d8a (737cfc75)]&amp#27;[0m Replacing sessionId 848f67d1-b0ae-4721-9dff-71f52c26d8f9 with 737cfc75-39b7-4d8d-95ca-253dab0f7826
&amp#27;[38;5;0m[HTTP]&amp#27;[0m &amp#27;[37m<-- GET /session/737cfc75-39b7-4d8d-95ca-253dab0f7826/element/00000000-0000-05c2-0000-00c700000004/text &amp#27;[39m&amp#27;[32m200&amp#27;[39m &amp#27;[90m10 ms - 67&amp#27;[39m
&amp#27;[38;5;0m[HTTP]&amp#27;[0m &amp#27;[90m&amp#27;[39m
&amp#27;[38;5;0m[HTTP]&amp#27;[0m &amp#27;[37m-->&amp#27;[39m &amp#27;[37mGET&amp#27;[39m &amp#27;[37m/session/737cfc75-39b7-4d8d-95ca-253dab0f7826/element/00000000-0000-05c2-0000-00c900000004/text&amp#27;[39m
&amp#27;[38;5;0m[HTTP]&amp#27;[0m &amp#27;[90m{}&amp#27;[39m
&amp#27;[38;5;32m[AndroidUiautomator2Driver@7d8a (737cfc75)]&amp#27;[0m Driver proxy active, passing request on via HTTP proxy
&amp#27;[38;5;32m[AndroidUiautomator2Driver@7d8a (737cfc75)]&amp#27;[0m Matched '/session/737cfc75-39b7-4d8d-95ca-253dab0f7826/element/00000000-0000-05c2-0000-00c900000004/text' to command name 'getText'
&amp#27;[38;5;32m[AndroidUiautomator2Driver@7d8a (737cfc75)]&amp#27;[0m Proxying [GET /session/737cfc75-39b7-4d8d-95ca-253dab0f7826/element/00000000-0000-05c2-0000-00c900000004/text] to [GET http://127.0.0.1:8240/session/848f67d1-b0ae-4721-9dff-71f52c26d8f9/element/00000000-0000-05c2-0000-00c900000004/text] with no body
&amp#27;[38;5;32m[AndroidUiautomator2Driver@7d8a (737cfc75)]&amp#27;[0m Got response with status 200: {"sessionId":"848f67d1-b0ae-4721-9dff-71f52c26d8f9","value":"12 Â°C"}
&amp#27;[38;5;32m[AndroidUiautomator2Driver@7d8a (737cfc75)]&amp#27;[0m Replacing sessionId 848f67d1-b0ae-4721-9dff-71f52c26d8f9 with 737cfc75-39b7-4d8d-95ca-253dab0f7826
&amp#27;[38;5;0m[HTTP]&amp#27;[0m &amp#27;[37m<-- GET /session/737cfc75-39b7-4d8d-95ca-253dab0f7826/element/00000000-0000-05c2-0000-00c900000004/text &amp#27;[39m&amp#27;[32m200&amp#27;[39m &amp#27;[90m10 ms - 69&amp#27;[39m
&amp#27;[38;5;0m[HTTP]&amp#27;[0m &amp#27;[90m&amp#27;[39m
&amp#27;[38;5;0m[HTTP]&amp#27;[0m &amp#27;[37m-->&amp#27;[39m &amp#27;[37mGET&amp#27;[39m &amp#27;[37m/session/737cfc75-39b7-4d8d-95ca-253dab0f7826/element/00000000-0000-05c2-0000-00cb00000004/text&amp#27;[39m
&amp#27;[38;5;0m[HTTP]&amp#27;[0m &amp#27;[90m{}&amp#27;[39m
&amp#27;[38;5;32m[AndroidUiautomator2Driver@7d8a (737cfc75)]&amp#27;[0m Driver proxy active, passing request on via HTTP proxy
&amp#27;[38;5;32m[AndroidUiautomator2Driver@7d8a (737cfc75)]&amp#27;[0m Matched '/session/737cfc75-39b7-4d8d-95ca-253dab0f7826/element/00000000-0000-05c2-0000-00cb00000004/text' to command name 'getText'
&amp#27;[38;5;32m[AndroidUiautomator2Driver@7d8a (737cfc75)]&amp#27;[0m Proxying [GET /session/737cfc75-39b7-4d8d-95ca-253dab0f7826/element/00000000-0000-05c2-0000-00cb00000004/text] to [GET http://127.0.0.1:8240/session/848f67d1-b0ae-4721-9dff-71f52c26d8f9/element/00000000-0000-05c2-0000-00cb00000004/text] with no body
&amp#27;[38;5;32m[AndroidUiautomator2Driver@7d8a (737cfc75)]&amp#27;[0m Got response with status 200: {"sessionId":"848f67d1-b0ae-4721-9dff-71f52c26d8f9","value":"18:00"}
&amp#27;[38;5;32m[AndroidUiautomator2Driver@7d8a (737cfc75)]&amp#27;[0m Replacing sessionId 848f67d1-b0ae-4721-9dff-71f52c26d8f9 with 737cfc75-39b7-4d8d-95ca-253dab0f7826
&amp#27;[38;5;0m[HTTP]&amp#27;[0m &amp#27;[37m<-- GET /session/737cfc75-39b7-4d8d-95ca-253dab0f7826/element/00000000-0000-05c2-0000-00cb00000004/text &amp#27;[39m&amp#27;[32m200&amp#27;[39m &amp#27;[90m10 ms - 68&amp#27;[39m
&amp#27;[38;5;0m[HTTP]&amp#27;[0m &amp#27;[90m&amp#27;[39m
&amp#27;[38;5;0m[HTTP]&amp#27;[0m &amp#27;[37m-->&amp#27;[39m &amp#27;[37mGET&amp#27;[39m &amp#27;[37m/session/737cfc75-39b7-4d8d-95ca-253dab0f7826/element/00000000-0000-05c2-0000-00cd00000004/text&amp#27;[39m
&amp#27;[38;5;0m[HTTP]&amp#27;[0m &amp#27;[90m{}&amp#27;[39m
&amp#27;[38;5;32m[AndroidUiautomator2Driver@7d8a (737cfc75)]&amp#27;[0m Driver proxy active, passing request on via HTTP proxy
&amp#27;[38;5;32m[AndroidUiautomator2Driver@7d8a (737cfc75)]&amp#27;[0m Matched '/session/737cfc75-39b7-4d8d-95ca-253dab0f7826/element/00000000-0000-05c2-0000-00cd00000004/text' to command name 'getText'
&amp#27;[38;5;32m[AndroidUiautomator2Driver@7d8a (737cfc75)]&amp#27;[0m Proxying [GET /session/737cfc75-39b7-4d8d-95ca-253dab0f7826/element/00000000-0000-05c2-0000-00cd00000004/text] to [GET http://127.0.0.1:8240/session/848f67d1-b0ae-4721-9dff-71f52c26d8f9/element/00000000-0000-05c2-0000-00cd00000004/text] with no body
&amp#27;[38;5;32m[AndroidUiautomator2Driver@7d8a (737cfc75)]&amp#27;[0m Got response with status 200: {"sessionId":"848f67d1-b0ae-4721-9dff-71f52c26d8f9","value":"light rain"}
&amp#27;[38;5;32m[AndroidUiautomator2Driver@7d8a (737cfc75)]&amp#27;[0m Replacing sessionId 848f67d1-b0ae-4721-9dff-71f52c26d8f9 with 737cfc75-39b7-4d8d-95ca-253dab0f7826
&amp#27;[38;5;0m[HTTP]&amp#27;[0m &amp#27;[37m<-- GET /session/737cfc75-39b7-4d8d-95ca-253dab0f7826/element/00000000-0000-05c2-0000-00cd00000004/text &amp#27;[39m&amp#27;[32m200&amp#27;[39m &amp#27;[90m9 ms - 73&amp#27;[39m
&amp#27;[38;5;0m[HTTP]&amp#27;[0m &amp#27;[90m&amp#27;[39m
&amp#27;[38;5;0m[HTTP]&amp#27;[0m &amp#27;[37m-->&amp#27;[39m &amp#27;[37mGET&amp#27;[39m &amp#27;[37m/session/737cfc75-39b7-4d8d-95ca-253dab0f7826/element/00000000-0000-05c2-0000-00cf00000004/text&amp#27;[39m
&amp#27;[38;5;0m[HTTP]&amp#27;[0m &amp#27;[90m{}&amp#27;[39m
&amp#27;[38;5;32m[AndroidUiautomator2Driver@7d8a (737cfc75)]&amp#27;[0m Driver proxy active, passing request on via HTTP proxy
&amp#27;[38;5;32m[AndroidUiautomator2Driver@7d8a (737cfc75)]&amp#27;[0m Matched '/session/737cfc75-39b7-4d8d-95ca-253dab0f7826/element/00000000-0000-05c2-0000-00cf00000004/text' to command name 'getText'
&amp#27;[38;5;32m[AndroidUiautomator2Driver@7d8a (737cfc75)]&amp#27;[0m Proxying [GET /session/737cfc75-39b7-4d8d-95ca-253dab0f7826/element/00000000-0000-05c2-0000-00cf00000004/text] to [GET http://127.0.0.1:8240/session/848f67d1-b0ae-4721-9dff-71f52c26d8f9/element/00000000-0000-05c2-0000-00cf00000004/text] with no body
&amp#27;[38;5;32m[AndroidUiautomator2Driver@7d8a (737cfc75)]&amp#27;[0m Got response with status 200: {"sessionId":"848f67d1-b0ae-4721-9dff-71f52c26d8f9","value":"97 %"}
&amp#27;[38;5;32m[AndroidUiautomator2Driver@7d8a (737cfc75)]&amp#27;[0m Replacing sessionId 848f67d1-b0ae-4721-9dff-71f52c26d8f9 with 737cfc75-39b7-4d8d-95ca-253dab0f7826
&amp#27;[38;5;0m[HTTP]&amp#27;[0m &amp#27;[37m<-- GET /session/737cfc75-39b7-4d8d-95ca-253dab0f7826/element/00000000-0000-05c2-0000-00cf00000004/text &amp#27;[39m&amp#27;[32m200&amp#27;[39m &amp#27;[90m10 ms - 67&amp#27;[39m
&amp#27;[38;5;0m[HTTP]&amp#27;[0m &amp#27;[90m&amp#27;[39m
&amp#27;[38;5;0m[HTTP]&amp#27;[0m &amp#27;[37m-->&amp#27;[39m &amp#27;[37mGET&amp#27;[39m &amp#27;[37m/session/737cfc75-39b7-4d8d-95ca-253dab0f7826/element/00000000-0000-05c2-0000-00d100000004/text&amp#27;[39m
&amp#27;[38;5;0m[HTTP]&amp#27;[0m &amp#27;[90m{}&amp#27;[39m
&amp#27;[38;5;32m[AndroidUiautomator2Driver@7d8a (737cfc75)]&amp#27;[0m Driver proxy active, passing request on via HTTP proxy
&amp#27;[38;5;32m[AndroidUiautomator2Driver@7d8a (737cfc75)]&amp#27;[0m Matched '/session/737cfc75-39b7-4d8d-95ca-253dab0f7826/element/00000000-0000-05c2-0000-00d100000004/text' to command name 'getText'
&amp#27;[38;5;32m[AndroidUiautomator2Driver@7d8a (737cfc75)]&amp#27;[0m Proxying [GET /session/737cfc75-39b7-4d8d-95ca-253dab0f7826/element/00000000-0000-05c2-0000-00d100000004/text] to [GET http://127.0.0.1:8240/session/848f67d1-b0ae-4721-9dff-71f52c26d8f9/element/00000000-0000-05c2-0000-00d100000004/text] with no body
&amp#27;[38;5;32m[AndroidUiautomator2Driver@7d8a (737cfc75)]&amp#27;[0m Got response with status 200: {"sessionId":"848f67d1-b0ae-4721-9dff-71f52c26d8f9","value":"12 Â°C"}
&amp#27;[38;5;32m[AndroidUiautomator2Driver@7d8a (737cfc75)]&amp#27;[0m Replacing sessionId 848f67d1-b0ae-4721-9dff-71f52c26d8f9 with 737cfc75-39b7-4d8d-95ca-253dab0f7826
&amp#27;[38;5;0m[HTTP]&amp#27;[0m &amp#27;[37m<-- GET /session/737cfc75-39b7-4d8d-95ca-253dab0f7826/element/00000000-0000-05c2-0000-00d100000004/text &amp#27;[39m&amp#27;[32m200&amp#27;[39m &amp#27;[90m10 ms - 69&amp#27;[39m
&amp#27;[38;5;0m[HTTP]&amp#27;[0m &amp#27;[90m&amp#27;[39m
&amp#27;[38;5;0m[HTTP]&amp#27;[0m &amp#27;[37m-->&amp#27;[39m &amp#27;[37mPOST&amp#27;[39m &amp#27;[37m/session/737cfc75-39b7-4d8d-95ca-253dab0f7826/execute/sync&amp#27;[39m
&amp#27;[38;5;0m[HTTP]&amp#27;[0m &amp#27;[90m{"script":"mobile: swipeGesture","args":[{"elementId":"00000000-0000-05c2-0000-002900000004","percent":0.4,"speed":320,"direction":"left"}]}&amp#27;[39m
&amp#27;[38;5;32m[AndroidUiautomator2Driver@7d8a (737cfc75)]&amp#27;[0m Calling AppiumDriver.execute() with args: ["mobile: swipeGesture",[{"elementId":"00000000-0000-05c2-0000-002900000004","percent":0.4,"speed":320,"direction":"left"}],"737cfc75-39b7-4d8d-95ca-253dab0f7826"]
&amp#27;[38;5;32m[AndroidUiautomator2Driver@7d8a (737cfc75)]&amp#27;[0m Executing method 'mobile: swipeGesture'
&amp#27;[38;5;32m[AndroidUiautomator2Driver@7d8a (737cfc75)]&amp#27;[0m Proxying [POST /appium/gestures/swipe] to [POST http://127.0.0.1:8240/session/848f67d1-b0ae-4721-9dff-71f52c26d8f9/appium/gestures/swipe] with body: {"origin":{"ELEMENT":"00000000-0000-05c2-0000-002900000004","element-6066-11e4-a52e-4f735466cecf":"00000000-0000-05c2-0000-002900000004"},"direction":"left","percent":0.4,"speed":320}
&amp#27;[38;5;32m[AndroidUiautomator2Driver@7d8a (737cfc75)]&amp#27;[0m Got response with status 200: {"sessionId":"848f67d1-b0ae-4721-9dff-71f52c26d8f9","value":null}
&amp#27;[38;5;32m[AndroidUiautomator2Driver@7d8a (737cfc75)]&amp#27;[0m Responding to client with driver.execute() result: null
&amp#27;[38;5;0m[HTTP]&amp#27;[0m &amp#27;[37m<-- POST /session/737cfc75-39b7-4d8d-95ca-253dab0f7826/execute/sync &amp#27;[39m&amp#27;[32m200&amp#27;[39m &amp#27;[90m1554 ms - 14&amp#27;[39m
&amp#27;[38;5;0m[HTTP]&amp#27;[0m &amp#27;[90m&amp#27;[39m
&amp#27;[38;5;0m[HTTP]&amp#27;[0m &amp#27;[37m-->&amp#27;[39m &amp#27;[37mPOST&amp#27;[39m &amp#27;[37m/session/737cfc75-39b7-4d8d-95ca-253dab0f7826/elements&amp#27;[39m
&amp#27;[38;5;0m[HTTP]&amp#27;[0m &amp#27;[90m{"using":"xpath","value":"//android.widget.HorizontalScrollView"}&amp#27;[39m
&amp#27;[38;5;32m[AndroidUiautomator2Driver@7d8a (737cfc75)]&amp#27;[0m Calling AppiumDriver.findElements() with args: ["xpath","//android.widget.HorizontalScrollView","737cfc75-39b7-4d8d-95ca-253dab0f7826"]
&amp#27;[38;5;32m[AndroidUiautomator2Driver@7d8a (737cfc75)]&amp#27;[0m Valid locator strategies for this request: xpath, id, class name, accessibility id, css selector, -android uiautomator
&amp#27;[38;5;32m[AndroidUiautomator2Driver@7d8a (737cfc75)]&amp#27;[0m Waiting up to 0 ms for condition
&amp#27;[38;5;32m[AndroidUiautomator2Driver@7d8a (737cfc75)]&amp#27;[0m Matched '/elements' to command name 'findElements'
&amp#27;[38;5;32m[AndroidUiautomator2Driver@7d8a (737cfc75)]&amp#27;[0m Proxying [POST /elements] to [POST http://127.0.0.1:8240/session/848f67d1-b0ae-4721-9dff-71f52c26d8f9/elements] with body: {"strategy":"xpath","selector":"//android.widget.HorizontalScrollView","context":"","multiple":true}
&amp#27;[38;5;32m[AndroidUiautomator2Driver@7d8a (737cfc75)]&amp#27;[0m Got response with status 200: {"sessionId":"848f67d1-b0ae-4721-9dff-71f52c26d8f9","value":[{"ELEMENT":"00000000-0000-05c2-0000-002900000004","element-6066-11e4-a52e-4f735466cecf":"00000000-0000-05c2-0000-002900000004"},{"ELEMENT":"00000000-0000-05c2-0000-002a00000004","element-6066-11e4-a52e-4f735466cecf":"00000000-0000-05c2-0000-002a00000004"}]}
&amp#27;[38;5;32m[AndroidUiautomator2Driver@7d8a (737cfc75)]&amp#27;[0m Responding to client with driver.findElements() result: [{"element-6066-11e4-a52e-4f735466cecf":"00000000-0000-05c2-0000-002900000004","ELEMENT":"00000000-0000-05c2-0000-002900000004"},{"element-6066-11e4-a52e-4f735466cecf":"00000000-0000-05c2-0000-002a00000004","ELEMENT":"00000000-0000-05c2-0000-002a00000004"}]
&amp#27;[38;5;0m[HTTP]&amp#27;[0m &amp#27;[37m<-- POST /session/737cfc75-39b7-4d8d-95ca-253dab0f7826/elements &amp#27;[39m&amp#27;[32m200&amp#27;[39m &amp#27;[90m99 ms - 267&amp#27;[39m
&amp#27;[38;5;0m[HTTP]&amp#27;[0m &amp#27;[90m&amp#27;[39m
&amp#27;[38;5;0m[HTTP]&amp#27;[0m &amp#27;[37m-->&amp#27;[39m &amp#27;[37mPOST&amp#27;[39m &amp#27;[37m/session/737cfc75-39b7-4d8d-95ca-253dab0f7826/element/00000000-0000-05c2-0000-002900000004/elements&amp#27;[39m
&amp#27;[38;5;0m[HTTP]&amp#27;[0m &amp#27;[90m{"id":"00000000-0000-05c2-0000-002900000004","using":"xpath","value":"//android.view.View"}&amp#27;[39m
&amp#27;[38;5;32m[AndroidUiautomator2Driver@7d8a (737cfc75)]&amp#27;[0m Calling AppiumDriver.findElementsFromElement() with args: ["xpath","//android.view.View","00000000-0000-05c2-0000-002900000004","737cfc75-39b7-4d8d-95ca-253dab0f7826"]
&amp#27;[38;5;32m[AndroidUiautomator2Driver@7d8a (737cfc75)]&amp#27;[0m Valid locator strategies for this request: xpath, id, class name, accessibility id, css selector, -android uiautomator
&amp#27;[38;5;32m[AndroidUiautomator2Driver@7d8a (737cfc75)]&amp#27;[0m Waiting up to 0 ms for condition
&amp#27;[38;5;32m[AndroidUiautomator2Driver@7d8a (737cfc75)]&amp#27;[0m Matched '/elements' to command name 'findElements'
&amp#27;[38;5;32m[AndroidUiautomator2Driver@7d8a (737cfc75)]&amp#27;[0m Proxying [POST /elements] to [POST http://127.0.0.1:8240/session/848f67d1-b0ae-4721-9dff-71f52c26d8f9/elements] with body: {"strategy":"xpath","selector":"//android.view.View","context":"00000000-0000-05c2-0000-002900000004","multiple":true}
&amp#27;[38;5;32m[AndroidUiautomator2Driver@7d8a (737cfc75)]&amp#27;[0m Got response with status 200: {"sessionId":"848f67d1-b0ae-4721-9dff-71f52c26d8f9","value":[{"ELEMENT":"00000000-0000-05c2-0000-00c300000004","element-6066-11e4-a52e-4f735466cecf":"00000000-0000-05c2-0000-00c300000004"},{"ELEMENT":"00000000-0000-05c2-0000-00c500000004","element-6066-11e4-a52e-4f735466cecf":"00000000-0000-05c2-0000-00c500000004"},{"ELEMENT":"00000000-0000-05c2-0000-00c700000004","element-6066-11e4-a52e-4f735466cecf":"00000000-0000-05c2-0000-00c700000004"},{"ELEMENT":"00000000-0000-05c2-0000-00c900000004","element-6066-11e4-a52e-4f735466cecf":"00000000-0000-05c2-0000-00c900000004"},{"ELEMENT":"00000000-0000-05c2-0000-00cb00000004","element-6066-11e4-a52e-4f735466cecf":"00000000-0000-05c2-0000-00cb00000004"},{"ELEMENT":"00000000-0000-05c2-0000-00cd00000004","element-6066-11e4-a52e-4f735466cecf":"00000000-0000-05c2-0000-00cd00000004"},{"ELEMENT":"00000000-0000-05c2-0000-00cf00000004","element-6066-11e4-a52e-4f735466cecf":"00000000-0000-05c2-0000-00cf00000004"},{"ELEMENT":"00000000-0000-05c2-0000-00d100000004","element-6066-...
&amp#27;[38;5;32m[AndroidUiautomator2Driver@7d8a (737cfc75)]&amp#27;[0m Responding to client with driver.findElementsFromElement() result: [{"element-6066-11e4-a52e-4f735466cecf":"00000000-0000-05c2-0000-00c300000004","ELEMENT":"00000000-0000-05c2-0000-00c300000004"},{"element-6066-11e4-a52e-4f735466cecf":"00000000-0000-05c2-0000-00c500000004","ELEMENT":"00000000-0000-05c2-0000-00c500000004"},{"element-6066-11e4-a52e-4f735466cecf":"00000000-0000-05c2-0000-00c700000004","ELEMENT":"00000000-0000-05c2-0000-00c700000004"},{"element-6066-11e4-a52e-4f735466cecf":"00000000-0000-05c2-0000-00c900000004","ELEMENT":"00000000-0000-05c2-0000-00c900000004"},{"element-6066-11e4-a52e-4f735466cecf":"00000000-0000-05c2-0000-00cb00000004","ELEMENT":"00000000-0000-05c2-0000-00cb00000004"},{"element-6066-11e4-a52e-4f735466cecf":"00000000-0000-05c2-0000-00cd00000004","ELEMENT":"00000000-0000-05c2-0000-00cd00000004"},{"element-6066-11e4-a52e-4f735466cecf":"00000000-0000-05c2-0000-00cf00000004","ELEMENT":"00000000-0000-05c2-0000-00cf00000004"},{"element-6066-11e4-a52e-4f735466cecf":"00000000-0000-05c2-0000-00d100000004","ELEMENT":"00000000-0000-05c2-0000-00d10000000...
&amp#27;[38;5;0m[HTTP]&amp#27;[0m &amp#27;[37m<-- POST /session/737cfc75-39b7-4d8d-95ca-253dab0f7826/element/00000000-0000-05c2-0000-002900000004/elements &amp#27;[39m&amp#27;[32m200&amp#27;[39m &amp#27;[90m42 ms - 1675&amp#27;[39m
&amp#27;[38;5;0m[HTTP]&amp#27;[0m &amp#27;[90m&amp#27;[39m
&amp#27;[38;5;0m[HTTP]&amp#27;[0m &amp#27;[37m-->&amp#27;[39m &amp#27;[37mGET&amp#27;[39m &amp#27;[37m/session/737cfc75-39b7-4d8d-95ca-253dab0f7826/element/00000000-0000-05c2-0000-00c300000004/text&amp#27;[39m
&amp#27;[38;5;0m[HTTP]&amp#27;[0m &amp#27;[90m{}&amp#27;[39m
&amp#27;[38;5;32m[AndroidUiautomator2Driver@7d8a (737cfc75)]&amp#27;[0m Driver proxy active, passing request on via HTTP proxy
&amp#27;[38;5;32m[AndroidUiautomator2Driver@7d8a (737cfc75)]&amp#27;[0m Matched '/session/737cfc75-39b7-4d8d-95ca-253dab0f7826/element/00000000-0000-05c2-0000-00c300000004/text' to command name 'getText'
&amp#27;[38;5;32m[AndroidUiautomator2Driver@7d8a (737cfc75)]&amp#27;[0m Proxying [GET /session/737cfc75-39b7-4d8d-95ca-253dab0f7826/element/00000000-0000-05c2-0000-00c300000004/text] to [GET http://127.0.0.1:8240/session/848f67d1-b0ae-4721-9dff-71f52c26d8f9/element/00000000-0000-05c2-0000-00c300000004/text] with no body
&amp#27;[38;5;32m[AndroidUiautomator2Driver@7d8a (737cfc75)]&amp#27;[0m Got response with status 200: {"sessionId":"848f67d1-b0ae-4721-9dff-71f52c26d8f9","value":"17:00"}
&amp#27;[38;5;32m[AndroidUiautomator2Driver@7d8a (737cfc75)]&amp#27;[0m Replacing sessionId 848f67d1-b0ae-4721-9dff-71f52c26d8f9 with 737cfc75-39b7-4d8d-95ca-253dab0f7826
&amp#27;[38;5;0m[HTTP]&amp#27;[0m &amp#27;[37m<-- GET /session/737cfc75-39b7-4d8d-95ca-253dab0f7826/element/00000000-0000-05c2-0000-00c300000004/text &amp#27;[39m&amp#27;[32m200&amp#27;[39m &amp#27;[90m8 ms - 68&amp#27;[39m
&amp#27;[38;5;0m[HTTP]&amp#27;[0m &amp#27;[90m&amp#27;[39m
&amp#27;[38;5;0m[HTTP]&amp#27;[0m &amp#27;[37m-->&amp#27;[39m &amp#27;[37mGET&amp#27;[39m &amp#27;[37m/session/737cfc75-39b7-4d8d-95ca-253dab0f7826/element/00000000-0000-05c2-0000-00c500000004/text&amp#27;[39m
&amp#27;[38;5;0m[HTTP]&amp#27;[0m &amp#27;[90m{}&amp#27;[39m
&amp#27;[38;5;32m[AndroidUiautomator2Driver@7d8a (737cfc75)]&amp#27;[0m Driver proxy active, passing request on via HTTP proxy
&amp#27;[38;5;32m[AndroidUiautomator2Driver@7d8a (737cfc75)]&amp#27;[0m Matched '/session/737cfc75-39b7-4d8d-95ca-253dab0f7826/element/00000000-0000-05c2-0000-00c500000004/text' to command name 'getText'
&amp#27;[38;5;32m[AndroidUiautomator2Driver@7d8a (737cfc75)]&amp#27;[0m Proxying [GET /session/737cfc75-39b7-4d8d-95ca-253dab0f7826/element/00000000-0000-05c2-0000-00c500000004/text] to [GET http://127.0.0.1:8240/session/848f67d1-b0ae-4721-9dff-71f52c26d8f9/element/00000000-0000-05c2-0000-00c500000004/text] with no body
&amp#27;[38;5;32m[AndroidUiautomator2Driver@7d8a (737cfc75)]&amp#27;[0m Got response with status 200: {"sessionId":"848f67d1-b0ae-4721-9dff-71f52c26d8f9","value":"light rain"}
&amp#27;[38;5;32m[AndroidUiautomator2Driver@7d8a (737cfc75)]&amp#27;[0m Replacing sessionId 848f67d1-b0ae-4721-9dff-71f52c26d8f9 with 737cfc75-39b7-4d8d-95ca-253dab0f7826
&amp#27;[38;5;0m[HTTP]&amp#27;[0m &amp#27;[37m<-- GET /session/737cfc75-39b7-4d8d-95ca-253dab0f7826/element/00000000-0000-05c2-0000-00c500000004/text &amp#27;[39m&amp#27;[32m200&amp#27;[39m &amp#27;[90m8 ms - 73&amp#27;[39m
&amp#27;[38;5;0m[HTTP]&amp#27;[0m &amp#27;[90m&amp#27;[39m
&amp#27;[38;5;0m[HTTP]&amp#27;[0m &amp#27;[37m-->&amp#27;[39m &amp#27;[37mGET&amp#27;[39m &amp#27;[37m/session/737cfc75-39b7-4d8d-95ca-253dab0f7826/element/00000000-0000-05c2-0000-00c700000004/text&amp#27;[39m
&amp#27;[38;5;0m[HTTP]&amp#27;[0m &amp#27;[90m{}&amp#27;[39m
&amp#27;[38;5;32m[AndroidUiautomator2Driver@7d8a (737cfc75)]&amp#27;[0m Driver proxy active, passing request on via HTTP proxy
&amp#27;[38;5;32m[AndroidUiautomator2Driver@7d8a (737cfc75)]&amp#27;[0m Matched '/session/737cfc75-39b7-4d8d-95ca-253dab0f7826/element/00000000-0000-05c2-0000-00c700000004/text' to command name 'getText'
&amp#27;[38;5;32m[AndroidUiautomator2Driver@7d8a (737cfc75)]&amp#27;[0m Proxying [GET /session/737cfc75-39b7-4d8d-95ca-253dab0f7826/element/00000000-0000-05c2-0000-00c700000004/text] to [GET http://127.0.0.1:8240/session/848f67d1-b0ae-4721-9dff-71f52c26d8f9/element/00000000-0000-05c2-0000-00c700000004/text] with no body
&amp#27;[38;5;32m[AndroidUiautomator2Driver@7d8a (737cfc75)]&amp#27;[0m Got response with status 200: {"sessionId":"848f67d1-b0ae-4721-9dff-71f52c26d8f9","value":"97 %"}
&amp#27;[38;5;32m[AndroidUiautomator2Driver@7d8a (737cfc75)]&amp#27;[0m Replacing sessionId 848f67d1-b0ae-4721-9dff-71f52c26d8f9 with 737cfc75-39b7-4d8d-95ca-253dab0f7826
&amp#27;[38;5;0m[HTTP]&amp#27;[0m &amp#27;[37m<-- GET /session/737cfc75-39b7-4d8d-95ca-253dab0f7826/element/00000000-0000-05c2-0000-00c700000004/text &amp#27;[39m&amp#27;[32m200&amp#27;[39m &amp#27;[90m8 ms - 67&amp#27;[39m
&amp#27;[38;5;0m[HTTP]&amp#27;[0m &amp#27;[90m&amp#27;[39m
&amp#27;[38;5;0m[HTTP]&amp#27;[0m &amp#27;[37m-->&amp#27;[39m &amp#27;[37mGET&amp#27;[39m &amp#27;[37m/session/737cfc75-39b7-4d8d-95ca-253dab0f7826/element/00000000-0000-05c2-0000-00c900000004/text&amp#27;[39m
&amp#27;[38;5;0m[HTTP]&amp#27;[0m &amp#27;[90m{}&amp#27;[39m
&amp#27;[38;5;32m[AndroidUiautomator2Driver@7d8a (737cfc75)]&amp#27;[0m Driver proxy active, passing request on via HTTP proxy
&amp#27;[38;5;32m[AndroidUiautomator2Driver@7d8a (737cfc75)]&amp#27;[0m Matched '/session/737cfc75-39b7-4d8d-95ca-253dab0f7826/element/00000000-0000-05c2-0000-00c900000004/text' to command name 'getText'
&amp#27;[38;5;32m[AndroidUiautomator2Driver@7d8a (737cfc75)]&amp#27;[0m Proxying [GET /session/737cfc75-39b7-4d8d-95ca-253dab0f7826/element/00000000-0000-05c2-0000-00c900000004/text] to [GET http://127.0.0.1:8240/session/848f67d1-b0ae-4721-9dff-71f52c26d8f9/element/00000000-0000-05c2-0000-00c900000004/text] with no body
&amp#27;[38;5;32m[AndroidUiautomator2Driver@7d8a (737cfc75)]&amp#27;[0m Got response with status 200: {"sessionId":"848f67d1-b0ae-4721-9dff-71f52c26d8f9","value":"12 Â°C"}
&amp#27;[38;5;32m[AndroidUiautomator2Driver@7d8a (737cfc75)]&amp#27;[0m Replacing sessionId 848f67d1-b0ae-4721-9dff-71f52c26d8f9 with 737cfc75-39b7-4d8d-95ca-253dab0f7826
&amp#27;[38;5;0m[HTTP]&amp#27;[0m &amp#27;[37m<-- GET /session/737cfc75-39b7-4d8d-95ca-253dab0f7826/element/00000000-0000-05c2-0000-00c900000004/text &amp#27;[39m&amp#27;[32m200&amp#27;[39m &amp#27;[90m8 ms - 69&amp#27;[39m
&amp#27;[38;5;0m[HTTP]&amp#27;[0m &amp#27;[90m&amp#27;[39m
&amp#27;[38;5;0m[HTTP]&amp#27;[0m &amp#27;[37m-->&amp#27;[39m &amp#27;[37mGET&amp#27;[39m &amp#27;[37m/session/737cfc75-39b7-4d8d-95ca-253dab0f7826/element/00000000-0000-05c2-0000-00cb00000004/text&amp#27;[39m
&amp#27;[38;5;0m[HTTP]&amp#27;[0m &amp#27;[90m{}&amp#27;[39m
&amp#27;[38;5;32m[AndroidUiautomator2Driver@7d8a (737cfc75)]&amp#27;[0m Driver proxy active, passing request on via HTTP proxy
&amp#27;[38;5;32m[AndroidUiautomator2Driver@7d8a (737cfc75)]&amp#27;[0m Matched '/session/737cfc75-39b7-4d8d-95ca-253dab0f7826/element/00000000-0000-05c2-0000-00cb00000004/text' to command name 'getText'
&amp#27;[38;5;32m[AndroidUiautomator2Driver@7d8a (737cfc75)]&amp#27;[0m Proxying [GET /session/737cfc75-39b7-4d8d-95ca-253dab0f7826/element/00000000-0000-05c2-0000-00cb00000004/text] to [GET http://127.0.0.1:8240/session/848f67d1-b0ae-4721-9dff-71f52c26d8f9/element/00000000-0000-05c2-0000-00cb00000004/text] with no body
&amp#27;[38;5;32m[AndroidUiautomator2Driver@7d8a (737cfc75)]&amp#27;[0m Got response with status 200: {"sessionId":"848f67d1-b0ae-4721-9dff-71f52c26d8f9","value":"18:00"}
&amp#27;[38;5;32m[AndroidUiautomator2Driver@7d8a (737cfc75)]&amp#27;[0m Replacing sessionId 848f67d1-b0ae-4721-9dff-71f52c26d8f9 with 737cfc75-39b7-4d8d-95ca-253dab0f7826
&amp#27;[38;5;0m[HTTP]&amp#27;[0m &amp#27;[37m<-- GET /session/737cfc75-39b7-4d8d-95ca-253dab0f7826/element/00000000-0000-05c2-0000-00cb00000004/text &amp#27;[39m&amp#27;[32m200&amp#27;[39m &amp#27;[90m8 ms - 68&amp#27;[39m
&amp#27;[38;5;0m[HTTP]&amp#27;[0m &amp#27;[90m&amp#27;[39m
&amp#27;[38;5;0m[HTTP]&amp#27;[0m &amp#27;[37m-->&amp#27;[39m &amp#27;[37mGET&amp#27;[39m &amp#27;[37m/session/737cfc75-39b7-4d8d-95ca-253dab0f7826/element/00000000-0000-05c2-0000-00cd00000004/text&amp#27;[39m
&amp#27;[38;5;0m[HTTP]&amp#27;[0m &amp#27;[90m{}&amp#27;[39m
&amp#27;[38;5;32m[AndroidUiautomator2Driver@7d8a (737cfc75)]&amp#27;[0m Driver proxy active, passing request on via HTTP proxy
&amp#27;[38;5;32m[AndroidUiautomator2Driver@7d8a (737cfc75)]&amp#27;[0m Matched '/session/737cfc75-39b7-4d8d-95ca-253dab0f7826/element/00000000-0000-05c2-0000-00cd00000004/text' to command name 'getText'
&amp#27;[38;5;32m[AndroidUiautomator2Driver@7d8a (737cfc75)]&amp#27;[0m Proxying [GET /session/737cfc75-39b7-4d8d-95ca-253dab0f7826/element/00000000-0000-05c2-0000-00cd00000004/text] to [GET http://127.0.0.1:8240/session/848f67d1-b0ae-4721-9dff-71f52c26d8f9/element/00000000-0000-05c2-0000-00cd00000004/text] with no body
&amp#27;[38;5;32m[AndroidUiautomator2Driver@7d8a (737cfc75)]&amp#27;[0m Got response with status 200: {"sessionId":"848f67d1-b0ae-4721-9dff-71f52c26d8f9","value":"light rain"}
&amp#27;[38;5;32m[AndroidUiautomator2Driver@7d8a (737cfc75)]&amp#27;[0m Replacing sessionId 848f67d1-b0ae-4721-9dff-71f52c26d8f9 with 737cfc75-39b7-4d8d-95ca-253dab0f7826
&amp#27;[38;5;0m[HTTP]&amp#27;[0m &amp#27;[37m<-- GET /session/737cfc75-39b7-4d8d-95ca-253dab0f7826/element/00000000-0000-05c2-0000-00cd00000004/text &amp#27;[39m&amp#27;[32m200&amp#27;[39m &amp#27;[90m8 ms - 73&amp#27;[39m
&amp#27;[38;5;0m[HTTP]&amp#27;[0m &amp#27;[90m&amp#27;[39m
&amp#27;[38;5;0m[HTTP]&amp#27;[0m &amp#27;[37m-->&amp#27;[39m &amp#27;[37mGET&amp#27;[39m &amp#27;[37m/session/737cfc75-39b7-4d8d-95ca-253dab0f7826/element/00000000-0000-05c2-0000-00cf00000004/text&amp#27;[39m
&amp#27;[38;5;0m[HTTP]&amp#27;[0m &amp#27;[90m{}&amp#27;[39m
&amp#27;[38;5;32m[AndroidUiautomator2Driver@7d8a (737cfc75)]&amp#27;[0m Driver proxy active, passing request on via HTTP proxy
&amp#27;[38;5;32m[AndroidUiautomator2Driver@7d8a (737cfc75)]&amp#27;[0m Matched '/session/737cfc75-39b7-4d8d-95ca-253dab0f7826/element/00000000-0000-05c2-0000-00cf00000004/text' to command name 'getText'
&amp#27;[38;5;32m[AndroidUiautomator2Driver@7d8a (737cfc75)]&amp#27;[0m Proxying [GET /session/737cfc75-39b7-4d8d-95ca-253dab0f7826/element/00000000-0000-05c2-0000-00cf00000004/text] to [GET http://127.0.0.1:8240/session/848f67d1-b0ae-4721-9dff-71f52c26d8f9/element/00000000-0000-05c2-0000-00cf00000004/text] with no body
&amp#27;[38;5;32m[AndroidUiautomator2Driver@7d8a (737cfc75)]&amp#27;[0m Got response with status 200: {"sessionId":"848f67d1-b0ae-4721-9dff-71f52c26d8f9","value":"97 %"}
&amp#27;[38;5;32m[AndroidUiautomator2Driver@7d8a (737cfc75)]&amp#27;[0m Replacing sessionId 848f67d1-b0ae-4721-9dff-71f52c26d8f9 with 737cfc75-39b7-4d8d-95ca-253dab0f7826
&amp#27;[38;5;0m[HTTP]&amp#27;[0m &amp#27;[37m<-- GET /session/737cfc75-39b7-4d8d-95ca-253dab0f7826/element/00000000-0000-05c2-0000-00cf00000004/text &amp#27;[39m&amp#27;[32m200&amp#27;[39m &amp#27;[90m8 ms - 67&amp#27;[39m
&amp#27;[38;5;0m[HTTP]&amp#27;[0m &amp#27;[90m&amp#27;[39m
&amp#27;[38;5;0m[HTTP]&amp#27;[0m &amp#27;[37m-->&amp#27;[39m &amp#27;[37mGET&amp#27;[39m &amp#27;[37m/session/737cfc75-39b7-4d8d-95ca-253dab0f7826/element/00000000-0000-05c2-0000-00d100000004/text&amp#27;[39m
&amp#27;[38;5;0m[HTTP]&amp#27;[0m &amp#27;[90m{}&amp#27;[39m
&amp#27;[38;5;32m[AndroidUiautomator2Driver@7d8a (737cfc75)]&amp#27;[0m Driver proxy active, passing request on via HTTP proxy
&amp#27;[38;5;32m[AndroidUiautomator2Driver@7d8a (737cfc75)]&amp#27;[0m Matched '/session/737cfc75-39b7-4d8d-95ca-253dab0f7826/element/00000000-0000-05c2-0000-00d100000004/text' to command name 'getText'
&amp#27;[38;5;32m[AndroidUiautomator2Driver@7d8a (737cfc75)]&amp#27;[0m Proxying [GET /session/737cfc75-39b7-4d8d-95ca-253dab0f7826/element/00000000-0000-05c2-0000-00d100000004/text] to [GET http://127.0.0.1:8240/session/848f67d1-b0ae-4721-9dff-71f52c26d8f9/element/00000000-0000-05c2-0000-00d100000004/text] with no body
&amp#27;[38;5;32m[AndroidUiautomator2Driver@7d8a (737cfc75)]&amp#27;[0m Got response with status 200: {"sessionId":"848f67d1-b0ae-4721-9dff-71f52c26d8f9","value":"12 Â°C"}
&amp#27;[38;5;32m[AndroidUiautomator2Driver@7d8a (737cfc75)]&amp#27;[0m Replacing sessionId 848f67d1-b0ae-4721-9dff-71f52c26d8f9 with 737cfc75-39b7-4d8d-95ca-253dab0f7826
&amp#27;[38;5;0m[HTTP]&amp#27;[0m &amp#27;[37m<-- GET /session/737cfc75-39b7-4d8d-95ca-253dab0f7826/element/00000000-0000-05c2-0000-00d100000004/text &amp#27;[39m&amp#27;[32m200&amp#27;[39m &amp#27;[90m8 ms - 69&amp#27;[39m
&amp#27;[38;5;0m[HTTP]&amp#27;[0m &amp#27;[90m&amp#27;[39m
&amp#27;[38;5;0m[HTTP]&amp#27;[0m &amp#27;[37m-->&amp#27;[39m &amp#27;[37mGET&amp#27;[39m &amp#27;[37m/session/737cfc75-39b7-4d8d-95ca-253dab0f7826/element/00000000-0000-05c2-0000-00d300000004/text&amp#27;[39m
&amp#27;[38;5;0m[HTTP]&amp#27;[0m &amp#27;[90m{}&amp#27;[39m
&amp#27;[38;5;32m[AndroidUiautomator2Driver@7d8a (737cfc75)]&amp#27;[0m Driver proxy active, passing request on via HTTP proxy
&amp#27;[38;5;32m[AndroidUiautomator2Driver@7d8a (737cfc75)]&amp#27;[0m Matched '/session/737cfc75-39b7-4d8d-95ca-253dab0f7826/element/00000000-0000-05c2-0000-00d300000004/text' to command name 'getText'
&amp#27;[38;5;32m[AndroidUiautomator2Driver@7d8a (737cfc75)]&amp#27;[0m Proxying [GET /session/737cfc75-39b7-4d8d-95ca-253dab0f7826/element/00000000-0000-05c2-0000-00d300000004/text] to [GET http://127.0.0.1:8240/session/848f67d1-b0ae-4721-9dff-71f52c26d8f9/element/00000000-0000-05c2-0000-00d300000004/text] with no body
&amp#27;[38;5;32m[AndroidUiautomator2Driver@7d8a (737cfc75)]&amp#27;[0m Got response with status 200: {"sessionId":"848f67d1-b0ae-4721-9dff-71f52c26d8f9","value":"19:00"}
&amp#27;[38;5;32m[AndroidUiautomator2Driver@7d8a (737cfc75)]&amp#27;[0m Replacing sessionId 848f67d1-b0ae-4721-9dff-71f52c26d8f9 with 737cfc75-39b7-4d8d-95ca-253dab0f7826
&amp#27;[38;5;0m[HTTP]&amp#27;[0m &amp#27;[37m<-- GET /session/737cfc75-39b7-4d8d-95ca-253dab0f7826/element/00000000-0000-05c2-0000-00d300000004/text &amp#27;[39m&amp#27;[32m200&amp#27;[39m &amp#27;[90m8 ms - 68&amp#27;[39m
&amp#27;[38;5;0m[HTTP]&amp#27;[0m &amp#27;[90m&amp#27;[39m
&amp#27;[38;5;0m[HTTP]&amp#27;[0m &amp#27;[37m-->&amp#27;[39m &amp#27;[37mGET&amp#27;[39m &amp#27;[37m/session/737cfc75-39b7-4d8d-95ca-253dab0f7826/element/00000000-0000-05c2-0000-00d500000004/text&amp#27;[39m
&amp#27;[38;5;0m[HTTP]&amp#27;[0m &amp#27;[90m{}&amp#27;[39m
&amp#27;[38;5;32m[AndroidUiautomator2Driver@7d8a (737cfc75)]&amp#27;[0m Driver proxy active, passing request on via HTTP proxy
&amp#27;[38;5;32m[AndroidUiautomator2Driver@7d8a (737cfc75)]&amp#27;[0m Matched '/session/737cfc75-39b7-4d8d-95ca-253dab0f7826/element/00000000-0000-05c2-0000-00d500000004/text' to command name 'getText'
&amp#27;[38;5;32m[AndroidUiautomator2Driver@7d8a (737cfc75)]&amp#27;[0m Proxying [GET /session/737cfc75-39b7-4d8d-95ca-253dab0f7826/element/00000000-0000-05c2-0000-00d500000004/text] to [GET http://127.0.0.1:8240/session/848f67d1-b0ae-4721-9dff-71f52c26d8f9/element/00000000-0000-05c2-0000-00d500000004/text] with no body
&amp#27;[38;5;32m[AndroidUiautomator2Driver@7d8a (737cfc75)]&amp#27;[0m Got response with status 200: {"sessionId":"848f67d1-b0ae-4721-9dff-71f52c26d8f9","value":"overcast clouds"}
&amp#27;[38;5;32m[AndroidUiautomator2Driver@7d8a (737cfc75)]&amp#27;[0m Replacing sessionId 848f67d1-b0ae-4721-9dff-71f52c26d8f9 with 737cfc75-39b7-4d8d-95ca-253dab0f7826
&amp#27;[38;5;0m[HTTP]&amp#27;[0m &amp#27;[37m<-- GET /session/737cfc75-39b7-4d8d-95ca-253dab0f7826/element/00000000-0000-05c2-0000-00d500000004/text &amp#27;[39m&amp#27;[32m200&amp#27;[39m &amp#27;[90m9 ms - 78&amp#27;[39m
&amp#27;[38;5;0m[HTTP]&amp#27;[0m &amp#27;[90m&amp#27;[39m
&amp#27;[38;5;0m[HTTP]&amp#27;[0m &amp#27;[37m-->&amp#27;[39m &amp#27;[37mGET&amp#27;[39m &amp#27;[37m/session/737cfc75-39b7-4d8d-95ca-253dab0f7826/element/00000000-0000-05c2-0000-00d700000004/text&amp#27;[39m
&amp#27;[38;5;0m[HTTP]&amp#27;[0m &amp#27;[90m{}&amp#27;[39m
&amp#27;[38;5;32m[AndroidUiautomator2Driver@7d8a (737cfc75)]&amp#27;[0m Driver proxy active, passing request on via HTTP proxy
&amp#27;[38;5;32m[AndroidUiautomator2Driver@7d8a (737cfc75)]&amp#27;[0m Matched '/session/737cfc75-39b7-4d8d-95ca-253dab0f7826/element/00000000-0000-05c2-0000-00d700000004/text' to command name 'getText'
&amp#27;[38;5;32m[AndroidUiautomator2Driver@7d8a (737cfc75)]&amp#27;[0m Proxying [GET /session/737cfc75-39b7-4d8d-95ca-253dab0f7826/element/00000000-0000-05c2-0000-00d700000004/text] to [GET http://127.0.0.1:8240/session/848f67d1-b0ae-4721-9dff-71f52c26d8f9/element/00000000-0000-05c2-0000-00d700000004/text] with no body
&amp#27;[38;5;32m[AndroidUiautomator2Driver@7d8a (737cfc75)]&amp#27;[0m Got response with status 200: {"sessionId":"848f67d1-b0ae-4721-9dff-71f52c26d8f9","value":"97 %"}
&amp#27;[38;5;32m[AndroidUiautomator2Driver@7d8a (737cfc75)]&amp#27;[0m Replacing sessionId 848f67d1-b0ae-4721-9dff-71f52c26d8f9 with 737cfc75-39b7-4d8d-95ca-253dab0f7826
&amp#27;[38;5;0m[HTTP]&amp#27;[0m &amp#27;[37m<-- GET /session/737cfc75-39b7-4d8d-95ca-253dab0f7826/element/00000000-0000-05c2-0000-00d700000004/text &amp#27;[39m&amp#27;[32m200&amp#27;[39m &amp#27;[90m9 ms - 67&amp#27;[39m
&amp#27;[38;5;0m[HTTP]&amp#27;[0m &amp#27;[90m&amp#27;[39m
&amp#27;[38;5;0m[HTTP]&amp#27;[0m &amp#27;[37m-->&amp#27;[39m &amp#27;[37mGET&amp#27;[39m &amp#27;[37m/session/737cfc75-39b7-4d8d-95ca-253dab0f7826/element/00000000-0000-05c2-0000-00d900000004/text&amp#27;[39m
&amp#27;[38;5;0m[HTTP]&amp#27;[0m &amp#27;[90m{}&amp#27;[39m
&amp#27;[38;5;32m[AndroidUiautomator2Driver@7d8a (737cfc75)]&amp#27;[0m Driver proxy active, passing request on via HTTP proxy
&amp#27;[38;5;32m[AndroidUiautomator2Driver@7d8a (737cfc75)]&amp#27;[0m Matched '/session/737cfc75-39b7-4d8d-95ca-253dab0f7826/element/00000000-0000-05c2-0000-00d900000004/text' to command name 'getText'
&amp#27;[38;5;32m[AndroidUiautomator2Driver@7d8a (737cfc75)]&amp#27;[0m Proxying [GET /session/737cfc75-39b7-4d8d-95ca-253dab0f7826/element/00000000-0000-05c2-0000-00d900000004/text] to [GET http://127.0.0.1:8240/session/848f67d1-b0ae-4721-9dff-71f52c26d8f9/element/00000000-0000-05c2-0000-00d900000004/text] with no body
&amp#27;[38;5;32m[AndroidUiautomator2Driver@7d8a (737cfc75)]&amp#27;[0m Got response with status 200: {"sessionId":"848f67d1-b0ae-4721-9dff-71f52c26d8f9","value":"12 Â°C"}
&amp#27;[38;5;32m[AndroidUiautomator2Driver@7d8a (737cfc75)]&amp#27;[0m Replacing sessionId 848f67d1-b0ae-4721-9dff-71f52c26d8f9 with 737cfc75-39b7-4d8d-95ca-253dab0f7826
&amp#27;[38;5;0m[HTTP]&amp#27;[0m &amp#27;[37m<-- GET /session/737cfc75-39b7-4d8d-95ca-253dab0f7826/element/00000000-0000-05c2-0000-00d900000004/text &amp#27;[39m&amp#27;[32m200&amp#27;[39m &amp#27;[90m9 ms - 69&amp#27;[39m
&amp#27;[38;5;0m[HTTP]&amp#27;[0m &amp#27;[90m&amp#27;[39m
&amp#27;[38;5;0m[HTTP]&amp#27;[0m &amp#27;[37m-->&amp#27;[39m &amp#27;[37mGET&amp#27;[39m &amp#27;[37m/session/737cfc75-39b7-4d8d-95ca-253dab0f7826/element/00000000-0000-05c2-0000-00dd00000004/text&amp#27;[39m
&amp#27;[38;5;0m[HTTP]&amp#27;[0m &amp#27;[90m{}&amp#27;[39m
&amp#27;[38;5;32m[AndroidUiautomator2Driver@7d8a (737cfc75)]&amp#27;[0m Driver proxy active, passing request on via HTTP proxy
&amp#27;[38;5;32m[AndroidUiautomator2Driver@7d8a (737cfc75)]&amp#27;[0m Matched '/session/737cfc75-39b7-4d8d-95ca-253dab0f7826/element/00000000-0000-05c2-0000-00dd00000004/text' to command name 'getText'
&amp#27;[38;5;32m[AndroidUiautomator2Driver@7d8a (737cfc75)]&amp#27;[0m Proxying [GET /session/737cfc75-39b7-4d8d-95ca-253dab0f7826/element/00000000-0000-05c2-0000-00dd00000004/text] to [GET http://127.0.0.1:8240/session/848f67d1-b0ae-4721-9dff-71f52c26d8f9/element/00000000-0000-05c2-0000-00dd00000004/text] with no body
&amp#27;[38;5;32m[AndroidUiautomator2Driver@7d8a (737cfc75)]&amp#27;[0m Got response with status 200: {"sessionId":"848f67d1-b0ae-4721-9dff-71f52c26d8f9","value":"overcast clouds"}
&amp#27;[38;5;32m[AndroidUiautomator2Driver@7d8a (737cfc75)]&amp#27;[0m Replacing sessionId 848f67d1-b0ae-4721-9dff-71f52c26d8f9 with 737cfc75-39b7-4d8d-95ca-253dab0f7826
&amp#27;[38;5;0m[HTTP]&amp#27;[0m &amp#27;[37m<-- GET /session/737cfc75-39b7-4d8d-95ca-253dab0f7826/element/00000000-0000-05c2-0000-00dd00000004/text &amp#27;[39m&amp#27;[32m200&amp#27;[39m &amp#27;[90m9 ms - 78&amp#27;[39m
&amp#27;[38;5;0m[HTTP]&amp#27;[0m &amp#27;[90m&amp#27;[39m
&amp#27;[38;5;0m[HTTP]&amp#27;[0m &amp#27;[37m-->&amp#27;[39m &amp#27;[37mPOST&amp#27;[39m &amp#27;[37m/session/737cfc75-39b7-4d8d-95ca-253dab0f7826/execute/sync&amp#27;[39m
&amp#27;[38;5;0m[HTTP]&amp#27;[0m &amp#27;[90m{"script":"mobile: swipeGesture","args":[{"elementId":"00000000-0000-05c2-0000-002900000004","percent":0.4,"speed":320,"direction":"left"}]}&amp#27;[39m
&amp#27;[38;5;32m[AndroidUiautomator2Driver@7d8a (737cfc75)]&amp#27;[0m Calling AppiumDriver.execute() with args: ["mobile: swipeGesture",[{"elementId":"00000000-0000-05c2-0000-002900000004","percent":0.4,"speed":320,"direction":"left"}],"737cfc75-39b7-4d8d-95ca-253dab0f7826"]
&amp#27;[38;5;32m[AndroidUiautomator2Driver@7d8a (737cfc75)]&amp#27;[0m Executing method 'mobile: swipeGesture'
&amp#27;[38;5;32m[AndroidUiautomator2Driver@7d8a (737cfc75)]&amp#27;[0m Proxying [POST /appium/gestures/swipe] to [POST http://127.0.0.1:8240/session/848f67d1-b0ae-4721-9dff-71f52c26d8f9/appium/gestures/swipe] with body: {"origin":{"ELEMENT":"00000000-0000-05c2-0000-002900000004","element-6066-11e4-a52e-4f735466cecf":"00000000-0000-05c2-0000-002900000004"},"direction":"left","percent":0.4,"speed":320}
&amp#27;[38;5;32m[AndroidUiautomator2Driver@7d8a (737cfc75)]&amp#27;[0m Got response with status 200: {"sessionId":"848f67d1-b0ae-4721-9dff-71f52c26d8f9","value":null}
&amp#27;[38;5;32m[AndroidUiautomator2Driver@7d8a (737cfc75)]&amp#27;[0m Responding to client with driver.execute() result: null
&amp#27;[38;5;0m[HTTP]&amp#27;[0m &amp#27;[37m<-- POST /session/737cfc75-39b7-4d8d-95ca-253dab0f7826/execute/sync &amp#27;[39m&amp#27;[32m200&amp#27;[39m &amp#27;[90m1556 ms - 14&amp#27;[39m
&amp#27;[38;5;0m[HTTP]&amp#27;[0m &amp#27;[90m&amp#27;[39m
&amp#27;[38;5;0m[HTTP]&amp#27;[0m &amp#27;[37m-->&amp#27;[39m &amp#27;[37mPOST&amp#27;[39m &amp#27;[37m/session/737cfc75-39b7-4d8d-95ca-253dab0f7826/elements&amp#27;[39m
&amp#27;[38;5;0m[HTTP]&amp#27;[0m &amp#27;[90m{"using":"xpath","value":"//android.widget.HorizontalScrollView"}&amp#27;[39m
&amp#27;[38;5;32m[AndroidUiautomator2Driver@7d8a (737cfc75)]&amp#27;[0m Calling AppiumDriver.findElements() with args: ["xpath","//android.widget.HorizontalScrollView","737cfc75-39b7-4d8d-95ca-253dab0f7826"]
&amp#27;[38;5;32m[AndroidUiautomator2Driver@7d8a (737cfc75)]&amp#27;[0m Valid locator strategies for this request: xpath, id, class name, accessibility id, css selector, -android uiautomator
&amp#27;[38;5;32m[AndroidUiautomator2Driver@7d8a (737cfc75)]&amp#27;[0m Waiting up to 0 ms for condition
&amp#27;[38;5;32m[AndroidUiautomator2Driver@7d8a (737cfc75)]&amp#27;[0m Matched '/elements' to command name 'findElements'
&amp#27;[38;5;32m[AndroidUiautomator2Driver@7d8a (737cfc75)]&amp#27;[0m Proxying [POST /elements] to [POST http://127.0.0.1:8240/session/848f67d1-b0ae-4721-9dff-71f52c26d8f9/elements] with body: {"strategy":"xpath","selector":"//android.widget.HorizontalScrollView","context":"","multiple":true}
&amp#27;[38;5;32m[AndroidUiautomator2Driver@7d8a (737cfc75)]&amp#27;[0m Got response with status 200: {"sessionId":"848f67d1-b0ae-4721-9dff-71f52c26d8f9","value":[{"ELEMENT":"00000000-0000-05c2-0000-002900000004","element-6066-11e4-a52e-4f735466cecf":"00000000-0000-05c2-0000-002900000004"},{"ELEMENT":"00000000-0000-05c2-0000-002a00000004","element-6066-11e4-a52e-4f735466cecf":"00000000-0000-05c2-0000-002a00000004"}]}
&amp#27;[38;5;32m[AndroidUiautomator2Driver@7d8a (737cfc75)]&amp#27;[0m Responding to client with driver.findElements() result: [{"element-6066-11e4-a52e-4f735466cecf":"00000000-0000-05c2-0000-002900000004","ELEMENT":"00000000-0000-05c2-0000-002900000004"},{"element-6066-11e4-a52e-4f735466cecf":"00000000-0000-05c2-0000-002a00000004","ELEMENT":"00000000-0000-05c2-0000-002a00000004"}]
&amp#27;[38;5;0m[HTTP]&amp#27;[0m &amp#27;[37m<-- POST /session/737cfc75-39b7-4d8d-95ca-253dab0f7826/elements &amp#27;[39m&amp#27;[32m200&amp#27;[39m &amp#27;[90m100 ms - 267&amp#27;[39m
&amp#27;[38;5;0m[HTTP]&amp#27;[0m &amp#27;[90m&amp#27;[39m
&amp#27;[38;5;0m[HTTP]&amp#27;[0m &amp#27;[37m-->&amp#27;[39m &amp#27;[37mPOST&amp#27;[39m &amp#27;[37m/session/737cfc75-39b7-4d8d-95ca-253dab0f7826/element/00000000-0000-05c2-0000-002900000004/elements&amp#27;[39m
&amp#27;[38;5;0m[HTTP]&amp#27;[0m &amp#27;[90m{"id":"00000000-0000-05c2-0000-002900000004","using":"xpath","value":"//android.view.View"}&amp#27;[39m
&amp#27;[38;5;32m[AndroidUiautomator2Driver@7d8a (737cfc75)]&amp#27;[0m Calling AppiumDriver.findElementsFromElement() with args: ["xpath","//android.view.View","00000000-0000-05c2-0000-002900000004","737cfc75-39b7-4d8d-95ca-253dab0f7826"]
&amp#27;[38;5;32m[AndroidUiautomator2Driver@7d8a (737cfc75)]&amp#27;[0m Valid locator strategies for this request: xpath, id, class name, accessibility id, css selector, -android uiautomator
&amp#27;[38;5;32m[AndroidUiautomator2Driver@7d8a (737cfc75)]&amp#27;[0m Waiting up to 0 ms for condition
&amp#27;[38;5;32m[AndroidUiautomator2Driver@7d8a (737cfc75)]&amp#27;[0m Matched '/elements' to command name 'findElements'
&amp#27;[38;5;32m[AndroidUiautomator2Driver@7d8a (737cfc75)]&amp#27;[0m Proxying [POST /elements] to [POST http://127.0.0.1:8240/session/848f67d1-b0ae-4721-9dff-71f52c26d8f9/elements] with body: {"strategy":"xpath","selector":"//android.view.View","context":"00000000-0000-05c2-0000-002900000004","multiple":true}
&amp#27;[38;5;32m[AndroidUiautomator2Driver@7d8a (737cfc75)]&amp#27;[0m Got response with status 200: {"sessionId":"848f67d1-b0ae-4721-9dff-71f52c26d8f9","value":[{"ELEMENT":"00000000-0000-05c2-0000-00cb00000004","element-6066-11e4-a52e-4f735466cecf":"00000000-0000-05c2-0000-00cb00000004"},{"ELEMENT":"00000000-0000-05c2-0000-00cd00000004","element-6066-11e4-a52e-4f735466cecf":"00000000-0000-05c2-0000-00cd00000004"},{"ELEMENT":"00000000-0000-05c2-0000-00cf00000004","element-6066-11e4-a52e-4f735466cecf":"00000000-0000-05c2-0000-00cf00000004"},{"ELEMENT":"00000000-0000-05c2-0000-00d100000004","element-6066-11e4-a52e-4f735466cecf":"00000000-0000-05c2-0000-00d100000004"},{"ELEMENT":"00000000-0000-05c2-0000-00d300000004","element-6066-11e4-a52e-4f735466cecf":"00000000-0000-05c2-0000-00d300000004"},{"ELEMENT":"00000000-0000-05c2-0000-00d500000004","element-6066-11e4-a52e-4f735466cecf":"00000000-0000-05c2-0000-00d500000004"},{"ELEMENT":"00000000-0000-05c2-0000-00d700000004","element-6066-11e4-a52e-4f735466cecf":"00000000-0000-05c2-0000-00d700000004"},{"ELEMENT":"00000000-0000-05c2-0000-00d900000004","element-6066-...
&amp#27;[38;5;32m[AndroidUiautomator2Driver@7d8a (737cfc75)]&amp#27;[0m Responding to client with driver.findElementsFromElement() result: [{"element-6066-11e4-a52e-4f735466cecf":"00000000-0000-05c2-0000-00cb00000004","ELEMENT":"00000000-0000-05c2-0000-00cb00000004"},{"element-6066-11e4-a52e-4f735466cecf":"00000000-0000-05c2-0000-00cd00000004","ELEMENT":"00000000-0000-05c2-0000-00cd00000004"},{"element-6066-11e4-a52e-4f735466cecf":"00000000-0000-05c2-0000-00cf00000004","ELEMENT":"00000000-0000-05c2-0000-00cf00000004"},{"element-6066-11e4-a52e-4f735466cecf":"00000000-0000-05c2-0000-00d100000004","ELEMENT":"00000000-0000-05c2-0000-00d100000004"},{"element-6066-11e4-a52e-4f735466cecf":"00000000-0000-05c2-0000-00d300000004","ELEMENT":"00000000-0000-05c2-0000-00d300000004"},{"element-6066-11e4-a52e-4f735466cecf":"00000000-0000-05c2-0000-00d500000004","ELEMENT":"00000000-0000-05c2-0000-00d500000004"},{"element-6066-11e4-a52e-4f735466cecf":"00000000-0000-05c2-0000-00d700000004","ELEMENT":"00000000-0000-05c2-0000-00d700000004"},{"element-6066-11e4-a52e-4f735466cecf":"00000000-0000-05c2-0000-00d900000004","ELEMENT":"00000000-0000-05c2-0000-00d90000000...
&amp#27;[38;5;0m[HTTP]&amp#27;[0m &amp#27;[37m<-- POST /session/737cfc75-39b7-4d8d-95ca-253dab0f7826/element/00000000-0000-05c2-0000-002900000004/elements &amp#27;[39m&amp#27;[32m200&amp#27;[39m &amp#27;[90m44 ms - 1803&amp#27;[39m
&amp#27;[38;5;0m[HTTP]&amp#27;[0m &amp#27;[90m&amp#27;[39m
&amp#27;[38;5;0m[HTTP]&amp#27;[0m &amp#27;[37m-->&amp#27;[39m &amp#27;[37mGET&amp#27;[39m &amp#27;[37m/session/737cfc75-39b7-4d8d-95ca-253dab0f7826/element/00000000-0000-05c2-0000-00cb00000004/text&amp#27;[39m
&amp#27;[38;5;0m[HTTP]&amp#27;[0m &amp#27;[90m{}&amp#27;[39m
&amp#27;[38;5;32m[AndroidUiautomator2Driver@7d8a (737cfc75)]&amp#27;[0m Driver proxy active, passing request on via HTTP proxy
&amp#27;[38;5;32m[AndroidUiautomator2Driver@7d8a (737cfc75)]&amp#27;[0m Matched '/session/737cfc75-39b7-4d8d-95ca-253dab0f7826/element/00000000-0000-05c2-0000-00cb00000004/text' to command name 'getText'
&amp#27;[38;5;32m[AndroidUiautomator2Driver@7d8a (737cfc75)]&amp#27;[0m Proxying [GET /session/737cfc75-39b7-4d8d-95ca-253dab0f7826/element/00000000-0000-05c2-0000-00cb00000004/text] to [GET http://127.0.0.1:8240/session/848f67d1-b0ae-4721-9dff-71f52c26d8f9/element/00000000-0000-05c2-0000-00cb00000004/text] with no body
&amp#27;[38;5;32m[AndroidUiautomator2Driver@7d8a (737cfc75)]&amp#27;[0m Got response with status 200: {"sessionId":"848f67d1-b0ae-4721-9dff-71f52c26d8f9","value":"18:00"}
&amp#27;[38;5;32m[AndroidUiautomator2Driver@7d8a (737cfc75)]&amp#27;[0m Replacing sessionId 848f67d1-b0ae-4721-9dff-71f52c26d8f9 with 737cfc75-39b7-4d8d-95ca-253dab0f7826
&amp#27;[38;5;0m[HTTP]&amp#27;[0m &amp#27;[37m<-- GET /session/737cfc75-39b7-4d8d-95ca-253dab0f7826/element/00000000-0000-05c2-0000-00cb00000004/text &amp#27;[39m&amp#27;[32m200&amp#27;[39m &amp#27;[90m9 ms - 68&amp#27;[39m
&amp#27;[38;5;0m[HTTP]&amp#27;[0m &amp#27;[90m&amp#27;[39m
&amp#27;[38;5;0m[HTTP]&amp#27;[0m &amp#27;[37m-->&amp#27;[39m &amp#27;[37mGET&amp#27;[39m &amp#27;[37m/session/737cfc75-39b7-4d8d-95ca-253dab0f7826/element/00000000-0000-05c2-0000-00cd00000004/text&amp#27;[39m
&amp#27;[38;5;0m[HTTP]&amp#27;[0m &amp#27;[90m{}&amp#27;[39m
&amp#27;[38;5;32m[AndroidUiautomator2Driver@7d8a (737cfc75)]&amp#27;[0m Driver proxy active, passing request on via HTTP proxy
&amp#27;[38;5;32m[AndroidUiautomator2Driver@7d8a (737cfc75)]&amp#27;[0m Matched '/session/737cfc75-39b7-4d8d-95ca-253dab0f7826/element/00000000-0000-05c2-0000-00cd00000004/text' to command name 'getText'
&amp#27;[38;5;32m[AndroidUiautomator2Driver@7d8a (737cfc75)]&amp#27;[0m Proxying [GET /session/737cfc75-39b7-4d8d-95ca-253dab0f7826/element/00000000-0000-05c2-0000-00cd00000004/text] to [GET http://127.0.0.1:8240/session/848f67d1-b0ae-4721-9dff-71f52c26d8f9/element/00000000-0000-05c2-0000-00cd00000004/text] with no body
&amp#27;[38;5;32m[AndroidUiautomator2Driver@7d8a (737cfc75)]&amp#27;[0m Got response with status 200: {"sessionId":"848f67d1-b0ae-4721-9dff-71f52c26d8f9","value":"light rain"}
&amp#27;[38;5;32m[AndroidUiautomator2Driver@7d8a (737cfc75)]&amp#27;[0m Replacing sessionId 848f67d1-b0ae-4721-9dff-71f52c26d8f9 with 737cfc75-39b7-4d8d-95ca-253dab0f7826
&amp#27;[38;5;0m[HTTP]&amp#27;[0m &amp#27;[37m<-- GET /session/737cfc75-39b7-4d8d-95ca-253dab0f7826/element/00000000-0000-05c2-0000-00cd00000004/text &amp#27;[39m&amp#27;[32m200&amp#27;[39m &amp#27;[90m8 ms - 73&amp#27;[39m
&amp#27;[38;5;0m[HTTP]&amp#27;[0m &amp#27;[90m&amp#27;[39m
&amp#27;[38;5;0m[HTTP]&amp#27;[0m &amp#27;[37m-->&amp#27;[39m &amp#27;[37mGET&amp#27;[39m &amp#27;[37m/session/737cfc75-39b7-4d8d-95ca-253dab0f7826/element/00000000-0000-05c2-0000-00cf00000004/text&amp#27;[39m
&amp#27;[38;5;0m[HTTP]&amp#27;[0m &amp#27;[90m{}&amp#27;[39m
&amp#27;[38;5;32m[AndroidUiautomator2Driver@7d8a (737cfc75)]&amp#27;[0m Driver proxy active, passing request on via HTTP proxy
&amp#27;[38;5;32m[AndroidUiautomator2Driver@7d8a (737cfc75)]&amp#27;[0m Matched '/session/737cfc75-39b7-4d8d-95ca-253dab0f7826/element/00000000-0000-05c2-0000-00cf00000004/text' to command name 'getText'
&amp#27;[38;5;32m[AndroidUiautomator2Driver@7d8a (737cfc75)]&amp#27;[0m Proxying [GET /session/737cfc75-39b7-4d8d-95ca-253dab0f7826/element/00000000-0000-05c2-0000-00cf00000004/text] to [GET http://127.0.0.1:8240/session/848f67d1-b0ae-4721-9dff-71f52c26d8f9/element/00000000-0000-05c2-0000-00cf00000004/text] with no body
&amp#27;[38;5;32m[AndroidUiautomator2Driver@7d8a (737cfc75)]&amp#27;[0m Got response with status 200: {"sessionId":"848f67d1-b0ae-4721-9dff-71f52c26d8f9","value":"97 %"}
&amp#27;[38;5;32m[AndroidUiautomator2Driver@7d8a (737cfc75)]&amp#27;[0m Replacing sessionId 848f67d1-b0ae-4721-9dff-71f52c26d8f9 with 737cfc75-39b7-4d8d-95ca-253dab0f7826
&amp#27;[38;5;0m[HTTP]&amp#27;[0m &amp#27;[37m<-- GET /session/737cfc75-39b7-4d8d-95ca-253dab0f7826/element/00000000-0000-05c2-0000-00cf00000004/text &amp#27;[39m&amp#27;[32m200&amp#27;[39m &amp#27;[90m8 ms - 67&amp#27;[39m
&amp#27;[38;5;0m[HTTP]&amp#27;[0m &amp#27;[90m&amp#27;[39m
&amp#27;[38;5;0m[HTTP]&amp#27;[0m &amp#27;[37m-->&amp#27;[39m &amp#27;[37mGET&amp#27;[39m &amp#27;[37m/session/737cfc75-39b7-4d8d-95ca-253dab0f7826/element/00000000-0000-05c2-0000-00d100000004/text&amp#27;[39m
&amp#27;[38;5;0m[HTTP]&amp#27;[0m &amp#27;[90m{}&amp#27;[39m
&amp#27;[38;5;32m[AndroidUiautomator2Driver@7d8a (737cfc75)]&amp#27;[0m Driver proxy active, passing request on via HTTP proxy
&amp#27;[38;5;32m[AndroidUiautomator2Driver@7d8a (737cfc75)]&amp#27;[0m Matched '/session/737cfc75-39b7-4d8d-95ca-253dab0f7826/element/00000000-0000-05c2-0000-00d100000004/text' to command name 'getText'
&amp#27;[38;5;32m[AndroidUiautomator2Driver@7d8a (737cfc75)]&amp#27;[0m Proxying [GET /session/737cfc75-39b7-4d8d-95ca-253dab0f7826/element/00000000-0000-05c2-0000-00d100000004/text] to [GET http://127.0.0.1:8240/session/848f67d1-b0ae-4721-9dff-71f52c26d8f9/element/00000000-0000-05c2-0000-00d100000004/text] with no body
&amp#27;[38;5;32m[AndroidUiautomator2Driver@7d8a (737cfc75)]&amp#27;[0m Got response with status 200: {"sessionId":"848f67d1-b0ae-4721-9dff-71f52c26d8f9","value":"12 Â°C"}
&amp#27;[38;5;32m[AndroidUiautomator2Driver@7d8a (737cfc75)]&amp#27;[0m Replacing sessionId 848f67d1-b0ae-4721-9dff-71f52c26d8f9 with 737cfc75-39b7-4d8d-95ca-253dab0f7826
&amp#27;[38;5;0m[HTTP]&amp#27;[0m &amp#27;[37m<-- GET /session/737cfc75-39b7-4d8d-95ca-253dab0f7826/element/00000000-0000-05c2-0000-00d100000004/text &amp#27;[39m&amp#27;[32m200&amp#27;[39m &amp#27;[90m9 ms - 69&amp#27;[39m
&amp#27;[38;5;0m[HTTP]&amp#27;[0m &amp#27;[90m&amp#27;[39m
&amp#27;[38;5;0m[HTTP]&amp#27;[0m &amp#27;[37m-->&amp#27;[39m &amp#27;[37mGET&amp#27;[39m &amp#27;[37m/session/737cfc75-39b7-4d8d-95ca-253dab0f7826/element/00000000-0000-05c2-0000-00d300000004/text&amp#27;[39m
&amp#27;[38;5;0m[HTTP]&amp#27;[0m &amp#27;[90m{}&amp#27;[39m
&amp#27;[38;5;32m[AndroidUiautomator2Driver@7d8a (737cfc75)]&amp#27;[0m Driver proxy active, passing request on via HTTP proxy
&amp#27;[38;5;32m[AndroidUiautomator2Driver@7d8a (737cfc75)]&amp#27;[0m Matched '/session/737cfc75-39b7-4d8d-95ca-253dab0f7826/element/00000000-0000-05c2-0000-00d300000004/text' to command name 'getText'
&amp#27;[38;5;32m[AndroidUiautomator2Driver@7d8a (737cfc75)]&amp#27;[0m Proxying [GET /session/737cfc75-39b7-4d8d-95ca-253dab0f7826/element/00000000-0000-05c2-0000-00d300000004/text] to [GET http://127.0.0.1:8240/session/848f67d1-b0ae-4721-9dff-71f52c26d8f9/element/00000000-0000-05c2-0000-00d300000004/text] with no body
&amp#27;[38;5;32m[AndroidUiautomator2Driver@7d8a (737cfc75)]&amp#27;[0m Got response with status 200: {"sessionId":"848f67d1-b0ae-4721-9dff-71f52c26d8f9","value":"19:00"}
&amp#27;[38;5;32m[AndroidUiautomator2Driver@7d8a (737cfc75)]&amp#27;[0m Replacing sessionId 848f67d1-b0ae-4721-9dff-71f52c26d8f9 with 737cfc75-39b7-4d8d-95ca-253dab0f7826
&amp#27;[38;5;0m[HTTP]&amp#27;[0m &amp#27;[37m<-- GET /session/737cfc75-39b7-4d8d-95ca-253dab0f7826/element/00000000-0000-05c2-0000-00d300000004/text &amp#27;[39m&amp#27;[32m200&amp#27;[39m &amp#27;[90m9 ms - 68&amp#27;[39m
&amp#27;[38;5;0m[HTTP]&amp#27;[0m &amp#27;[90m&amp#27;[39m
&amp#27;[38;5;0m[HTTP]&amp#27;[0m &amp#27;[37m-->&amp#27;[39m &amp#27;[37mGET&amp#27;[39m &amp#27;[37m/session/737cfc75-39b7-4d8d-95ca-253dab0f7826/element/00000000-0000-05c2-0000-00d500000004/text&amp#27;[39m
&amp#27;[38;5;0m[HTTP]&amp#27;[0m &amp#27;[90m{}&amp#27;[39m
&amp#27;[38;5;32m[AndroidUiautomator2Driver@7d8a (737cfc75)]&amp#27;[0m Driver proxy active, passing request on via HTTP proxy
&amp#27;[38;5;32m[AndroidUiautomator2Driver@7d8a (737cfc75)]&amp#27;[0m Matched '/session/737cfc75-39b7-4d8d-95ca-253dab0f7826/element/00000000-0000-05c2-0000-00d500000004/text' to command name 'getText'
&amp#27;[38;5;32m[AndroidUiautomator2Driver@7d8a (737cfc75)]&amp#27;[0m Proxying [GET /session/737cfc75-39b7-4d8d-95ca-253dab0f7826/element/00000000-0000-05c2-0000-00d500000004/text] to [GET http://127.0.0.1:8240/session/848f67d1-b0ae-4721-9dff-71f52c26d8f9/element/00000000-0000-05c2-0000-00d500000004/text] with no body
&amp#27;[38;5;32m[AndroidUiautomator2Driver@7d8a (737cfc75)]&amp#27;[0m Got response with status 200: {"sessionId":"848f67d1-b0ae-4721-9dff-71f52c26d8f9","value":"overcast clouds"}
&amp#27;[38;5;32m[AndroidUiautomator2Driver@7d8a (737cfc75)]&amp#27;[0m Replacing sessionId 848f67d1-b0ae-4721-9dff-71f52c26d8f9 with 737cfc75-39b7-4d8d-95ca-253dab0f7826
&amp#27;[38;5;0m[HTTP]&amp#27;[0m &amp#27;[37m<-- GET /session/737cfc75-39b7-4d8d-95ca-253dab0f7826/element/00000000-0000-05c2-0000-00d500000004/text &amp#27;[39m&amp#27;[32m200&amp#27;[39m &amp#27;[90m8 ms - 78&amp#27;[39m
&amp#27;[38;5;0m[HTTP]&amp#27;[0m &amp#27;[90m&amp#27;[39m
&amp#27;[38;5;0m[HTTP]&amp#27;[0m &amp#27;[37m-->&amp#27;[39m &amp#27;[37mGET&amp#27;[39m &amp#27;[37m/session/737cfc75-39b7-4d8d-95ca-253dab0f7826/element/00000000-0000-05c2-0000-00d700000004/text&amp#27;[39m
&amp#27;[38;5;0m[HTTP]&amp#27;[0m &amp#27;[90m{}&amp#27;[39m
&amp#27;[38;5;32m[AndroidUiautomator2Driver@7d8a (737cfc75)]&amp#27;[0m Driver proxy active, passing request on via HTTP proxy
&amp#27;[38;5;32m[AndroidUiautomator2Driver@7d8a (737cfc75)]&amp#27;[0m Matched '/session/737cfc75-39b7-4d8d-95ca-253dab0f7826/element/00000000-0000-05c2-0000-00d700000004/text' to command name 'getText'
&amp#27;[38;5;32m[AndroidUiautomator2Driver@7d8a (737cfc75)]&amp#27;[0m Proxying [GET /session/737cfc75-39b7-4d8d-95ca-253dab0f7826/element/00000000-0000-05c2-0000-00d700000004/text] to [GET http://127.0.0.1:8240/session/848f67d1-b0ae-4721-9dff-71f52c26d8f9/element/00000000-0000-05c2-0000-00d700000004/text] with no body
&amp#27;[38;5;32m[AndroidUiautomator2Driver@7d8a (737cfc75)]&amp#27;[0m Got response with status 200: {"sessionId":"848f67d1-b0ae-4721-9dff-71f52c26d8f9","value":"97 %"}
&amp#27;[38;5;32m[AndroidUiautomator2Driver@7d8a (737cfc75)]&amp#27;[0m Replacing sessionId 848f67d1-b0ae-4721-9dff-71f52c26d8f9 with 737cfc75-39b7-4d8d-95ca-253dab0f7826
&amp#27;[38;5;0m[HTTP]&amp#27;[0m &amp#27;[37m<-- GET /session/737cfc75-39b7-4d8d-95ca-253dab0f7826/element/00000000-0000-05c2-0000-00d700000004/text &amp#27;[39m&amp#27;[32m200&amp#27;[39m &amp#27;[90m8 ms - 67&amp#27;[39m
&amp#27;[38;5;0m[HTTP]&amp#27;[0m &amp#27;[90m&amp#27;[39m
&amp#27;[38;5;0m[HTTP]&amp#27;[0m &amp#27;[37m-->&amp#27;[39m &amp#27;[37mGET&amp#27;[39m &amp#27;[37m/session/737cfc75-39b7-4d8d-95ca-253dab0f7826/element/00000000-0000-05c2-0000-00d900000004/text&amp#27;[39m
&amp#27;[38;5;0m[HTTP]&amp#27;[0m &amp#27;[90m{}&amp#27;[39m
&amp#27;[38;5;32m[AndroidUiautomator2Driver@7d8a (737cfc75)]&amp#27;[0m Driver proxy active, passing request on via HTTP proxy
&amp#27;[38;5;32m[AndroidUiautomator2Driver@7d8a (737cfc75)]&amp#27;[0m Matched '/session/737cfc75-39b7-4d8d-95ca-253dab0f7826/element/00000000-0000-05c2-0000-00d900000004/text' to command name 'getText'
&amp#27;[38;5;32m[AndroidUiautomator2Driver@7d8a (737cfc75)]&amp#27;[0m Proxying [GET /session/737cfc75-39b7-4d8d-95ca-253dab0f7826/element/00000000-0000-05c2-0000-00d900000004/text] to [GET http://127.0.0.1:8240/session/848f67d1-b0ae-4721-9dff-71f52c26d8f9/element/00000000-0000-05c2-0000-00d900000004/text] with no body
&amp#27;[38;5;32m[AndroidUiautomator2Driver@7d8a (737cfc75)]&amp#27;[0m Got response with status 200: {"sessionId":"848f67d1-b0ae-4721-9dff-71f52c26d8f9","value":"12 Â°C"}
&amp#27;[38;5;32m[AndroidUiautomator2Driver@7d8a (737cfc75)]&amp#27;[0m Replacing sessionId 848f67d1-b0ae-4721-9dff-71f52c26d8f9 with 737cfc75-39b7-4d8d-95ca-253dab0f7826
&amp#27;[38;5;0m[HTTP]&amp#27;[0m &amp#27;[37m<-- GET /session/737cfc75-39b7-4d8d-95ca-253dab0f7826/element/00000000-0000-05c2-0000-00d900000004/text &amp#27;[39m&amp#27;[32m200&amp#27;[39m &amp#27;[90m8 ms - 69&amp#27;[39m
&amp#27;[38;5;0m[HTTP]&amp#27;[0m &amp#27;[90m&amp#27;[39m
&amp#27;[38;5;0m[HTTP]&amp#27;[0m &amp#27;[37m-->&amp#27;[39m &amp#27;[37mGET&amp#27;[39m &amp#27;[37m/session/737cfc75-39b7-4d8d-95ca-253dab0f7826/element/00000000-0000-05c2-0000-00db00000004/text&amp#27;[39m
&amp#27;[38;5;0m[HTTP]&amp#27;[0m &amp#27;[90m{}&amp#27;[39m
&amp#27;[38;5;32m[AndroidUiautomator2Driver@7d8a (737cfc75)]&amp#27;[0m Driver proxy active, passing request on via HTTP proxy
&amp#27;[38;5;32m[AndroidUiautomator2Driver@7d8a (737cfc75)]&amp#27;[0m Matched '/session/737cfc75-39b7-4d8d-95ca-253dab0f7826/element/00000000-0000-05c2-0000-00db00000004/text' to command name 'getText'
&amp#27;[38;5;32m[AndroidUiautomator2Driver@7d8a (737cfc75)]&amp#27;[0m Proxying [GET /session/737cfc75-39b7-4d8d-95ca-253dab0f7826/element/00000000-0000-05c2-0000-00db00000004/text] to [GET http://127.0.0.1:8240/session/848f67d1-b0ae-4721-9dff-71f52c26d8f9/element/00000000-0000-05c2-0000-00db00000004/text] with no body
&amp#27;[38;5;32m[AndroidUiautomator2Driver@7d8a (737cfc75)]&amp#27;[0m Got response with status 200: {"sessionId":"848f67d1-b0ae-4721-9dff-71f52c26d8f9","value":"20:00"}
&amp#27;[38;5;32m[AndroidUiautomator2Driver@7d8a (737cfc75)]&amp#27;[0m Replacing sessionId 848f67d1-b0ae-4721-9dff-71f52c26d8f9 with 737cfc75-39b7-4d8d-95ca-253dab0f7826
&amp#27;[38;5;0m[HTTP]&amp#27;[0m &amp#27;[37m<-- GET /session/737cfc75-39b7-4d8d-95ca-253dab0f7826/element/00000000-0000-05c2-0000-00db00000004/text &amp#27;[39m&amp#27;[32m200&amp#27;[39m &amp#27;[90m8 ms - 68&amp#27;[39m
&amp#27;[38;5;0m[HTTP]&amp#27;[0m &amp#27;[90m&amp#27;[39m
&amp#27;[38;5;0m[HTTP]&amp#27;[0m &amp#27;[37m-->&amp#27;[39m &amp#27;[37mGET&amp#27;[39m &amp#27;[37m/session/737cfc75-39b7-4d8d-95ca-253dab0f7826/element/00000000-0000-05c2-0000-00dd00000004/text&amp#27;[39m
&amp#27;[38;5;0m[HTTP]&amp#27;[0m &amp#27;[90m{}&amp#27;[39m
&amp#27;[38;5;32m[AndroidUiautomator2Driver@7d8a (737cfc75)]&amp#27;[0m Driver proxy active, passing request on via HTTP proxy
&amp#27;[38;5;32m[AndroidUiautomator2Driver@7d8a (737cfc75)]&amp#27;[0m Matched '/session/737cfc75-39b7-4d8d-95ca-253dab0f7826/element/00000000-0000-05c2-0000-00dd00000004/text' to command name 'getText'
&amp#27;[38;5;32m[AndroidUiautomator2Driver@7d8a (737cfc75)]&amp#27;[0m Proxying [GET /session/737cfc75-39b7-4d8d-95ca-253dab0f7826/element/00000000-0000-05c2-0000-00dd00000004/text] to [GET http://127.0.0.1:8240/session/848f67d1-b0ae-4721-9dff-71f52c26d8f9/element/00000000-0000-05c2-0000-00dd00000004/text] with no body
&amp#27;[38;5;32m[AndroidUiautomator2Driver@7d8a (737cfc75)]&amp#27;[0m Got response with status 200: {"sessionId":"848f67d1-b0ae-4721-9dff-71f52c26d8f9","value":"overcast clouds"}
&amp#27;[38;5;32m[AndroidUiautomator2Driver@7d8a (737cfc75)]&amp#27;[0m Replacing sessionId 848f67d1-b0ae-4721-9dff-71f52c26d8f9 with 737cfc75-39b7-4d8d-95ca-253dab0f7826
&amp#27;[38;5;0m[HTTP]&amp#27;[0m &amp#27;[37m<-- GET /session/737cfc75-39b7-4d8d-95ca-253dab0f7826/element/00000000-0000-05c2-0000-00dd00000004/text &amp#27;[39m&amp#27;[32m200&amp#27;[39m &amp#27;[90m8 ms - 78&amp#27;[39m
&amp#27;[38;5;0m[HTTP]&amp#27;[0m &amp#27;[90m&amp#27;[39m
&amp#27;[38;5;0m[HTTP]&amp#27;[0m &amp#27;[37m-->&amp#27;[39m &amp#27;[37mGET&amp#27;[39m &amp#27;[37m/session/737cfc75-39b7-4d8d-95ca-253dab0f7826/element/00000000-0000-05c2-0000-00df00000004/text&amp#27;[39m
&amp#27;[38;5;0m[HTTP]&amp#27;[0m &amp#27;[90m{}&amp#27;[39m
&amp#27;[38;5;32m[AndroidUiautomator2Driver@7d8a (737cfc75)]&amp#27;[0m Driver proxy active, passing request on via HTTP proxy
&amp#27;[38;5;32m[AndroidUiautomator2Driver@7d8a (737cfc75)]&amp#27;[0m Matched '/session/737cfc75-39b7-4d8d-95ca-253dab0f7826/element/00000000-0000-05c2-0000-00df00000004/text' to command name 'getText'
&amp#27;[38;5;32m[AndroidUiautomator2Driver@7d8a (737cfc75)]&amp#27;[0m Proxying [GET /session/737cfc75-39b7-4d8d-95ca-253dab0f7826/element/00000000-0000-05c2-0000-00df00000004/text] to [GET http://127.0.0.1:8240/session/848f67d1-b0ae-4721-9dff-71f52c26d8f9/element/00000000-0000-05c2-0000-00df00000004/text] with no body
&amp#27;[38;5;32m[AndroidUiautomator2Driver@7d8a (737cfc75)]&amp#27;[0m Got response with status 200: {"sessionId":"848f67d1-b0ae-4721-9dff-71f52c26d8f9","value":"96 %"}
&amp#27;[38;5;32m[AndroidUiautomator2Driver@7d8a (737cfc75)]&amp#27;[0m Replacing sessionId 848f67d1-b0ae-4721-9dff-71f52c26d8f9 with 737cfc75-39b7-4d8d-95ca-253dab0f7826
&amp#27;[38;5;0m[HTTP]&amp#27;[0m &amp#27;[37m<-- GET /session/737cfc75-39b7-4d8d-95ca-253dab0f7826/element/00000000-0000-05c2-0000-00df00000004/text &amp#27;[39m&amp#27;[32m200&amp#27;[39m &amp#27;[90m8 ms - 67&amp#27;[39m
&amp#27;[38;5;0m[HTTP]&amp#27;[0m &amp#27;[90m&amp#27;[39m
&amp#27;[38;5;0m[HTTP]&amp#27;[0m &amp#27;[37m-->&amp#27;[39m &amp#27;[37mGET&amp#27;[39m &amp#27;[37m/session/737cfc75-39b7-4d8d-95ca-253dab0f7826/element/00000000-0000-05c2-0000-00e100000004/text&amp#27;[39m
&amp#27;[38;5;0m[HTTP]&amp#27;[0m &amp#27;[90m{}&amp#27;[39m
&amp#27;[38;5;32m[AndroidUiautomator2Driver@7d8a (737cfc75)]&amp#27;[0m Driver proxy active, passing request on via HTTP proxy
&amp#27;[38;5;32m[AndroidUiautomator2Driver@7d8a (737cfc75)]&amp#27;[0m Matched '/session/737cfc75-39b7-4d8d-95ca-253dab0f7826/element/00000000-0000-05c2-0000-00e100000004/text' to command name 'getText'
&amp#27;[38;5;32m[AndroidUiautomator2Driver@7d8a (737cfc75)]&amp#27;[0m Proxying [GET /session/737cfc75-39b7-4d8d-95ca-253dab0f7826/element/00000000-0000-05c2-0000-00e100000004/text] to [GET http://127.0.0.1:8240/session/848f67d1-b0ae-4721-9dff-71f52c26d8f9/element/00000000-0000-05c2-0000-00e100000004/text] with no body
&amp#27;[38;5;32m[AndroidUiautomator2Driver@7d8a (737cfc75)]&amp#27;[0m Got response with status 200: {"sessionId":"848f67d1-b0ae-4721-9dff-71f52c26d8f9","value":"12 Â°C"}
&amp#27;[38;5;32m[AndroidUiautomator2Driver@7d8a (737cfc75)]&amp#27;[0m Replacing sessionId 848f67d1-b0ae-4721-9dff-71f52c26d8f9 with 737cfc75-39b7-4d8d-95ca-253dab0f7826
&amp#27;[38;5;0m[HTTP]&amp#27;[0m &amp#27;[37m<-- GET /session/737cfc75-39b7-4d8d-95ca-253dab0f7826/element/00000000-0000-05c2-0000-00e100000004/text &amp#27;[39m&amp#27;[32m200&amp#27;[39m &amp#27;[90m9 ms - 69&amp#27;[39m
&amp#27;[38;5;0m[HTTP]&amp#27;[0m &amp#27;[90m&amp#27;[39m
&amp#27;[38;5;0m[HTTP]&amp#27;[0m &amp#27;[37m-->&amp#27;[39m &amp#27;[37mGET&amp#27;[39m &amp#27;[37m/session/737cfc75-39b7-4d8d-95ca-253dab0f7826/element/00000000-0000-05c2-0000-00e300000004/text&amp#27;[39m
&amp#27;[38;5;0m[HTTP]&amp#27;[0m &amp#27;[90m{}&amp#27;[39m
&amp#27;[38;5;32m[AndroidUiautomator2Driver@7d8a (737cfc75)]&amp#27;[0m Driver proxy active, passing request on via HTTP proxy
&amp#27;[38;5;32m[AndroidUiautomator2Driver@7d8a (737cfc75)]&amp#27;[0m Matched '/session/737cfc75-39b7-4d8d-95ca-253dab0f7826/element/00000000-0000-05c2-0000-00e300000004/text' to command name 'getText'
&amp#27;[38;5;32m[AndroidUiautomator2Driver@7d8a (737cfc75)]&amp#27;[0m Proxying [GET /session/737cfc75-39b7-4d8d-95ca-253dab0f7826/element/00000000-0000-05c2-0000-00e300000004/text] to [GET http://127.0.0.1:8240/session/848f67d1-b0ae-4721-9dff-71f52c26d8f9/element/00000000-0000-05c2-0000-00e300000004/text] with no body
&amp#27;[38;5;32m[AndroidUiautomator2Driver@7d8a (737cfc75)]&amp#27;[0m Got response with status 200: {"sessionId":"848f67d1-b0ae-4721-9dff-71f52c26d8f9","value":"21:00"}
&amp#27;[38;5;32m[AndroidUiautomator2Driver@7d8a (737cfc75)]&amp#27;[0m Replacing sessionId 848f67d1-b0ae-4721-9dff-71f52c26d8f9 with 737cfc75-39b7-4d8d-95ca-253dab0f7826
&amp#27;[38;5;0m[HTTP]&amp#27;[0m &amp#27;[37m<-- GET /session/737cfc75-39b7-4d8d-95ca-253dab0f7826/element/00000000-0000-05c2-0000-00e300000004/text &amp#27;[39m&amp#27;[32m200&amp#27;[39m &amp#27;[90m9 ms - 68&amp#27;[39m
&amp#27;[38;5;0m[HTTP]&amp#27;[0m &amp#27;[90m&amp#27;[39m
&amp#27;[38;5;0m[HTTP]&amp#27;[0m &amp#27;[37m-->&amp#27;[39m &amp#27;[37mGET&amp#27;[39m &amp#27;[37m/session/737cfc75-39b7-4d8d-95ca-253dab0f7826/element/00000000-0000-05c2-0000-00e500000004/text&amp#27;[39m
&amp#27;[38;5;0m[HTTP]&amp#27;[0m &amp#27;[90m{}&amp#27;[39m
&amp#27;[38;5;32m[AndroidUiautomator2Driver@7d8a (737cfc75)]&amp#27;[0m Driver proxy active, passing request on via HTTP proxy
&amp#27;[38;5;32m[AndroidUiautomator2Driver@7d8a (737cfc75)]&amp#27;[0m Matched '/session/737cfc75-39b7-4d8d-95ca-253dab0f7826/element/00000000-0000-05c2-0000-00e500000004/text' to command name 'getText'
&amp#27;[38;5;32m[AndroidUiautomator2Driver@7d8a (737cfc75)]&amp#27;[0m Proxying [GET /session/737cfc75-39b7-4d8d-95ca-253dab0f7826/element/00000000-0000-05c2-0000-00e500000004/text] to [GET http://127.0.0.1:8240/session/848f67d1-b0ae-4721-9dff-71f52c26d8f9/element/00000000-0000-05c2-0000-00e500000004/text] with no body
&amp#27;[38;5;32m[AndroidUiautomator2Driver@7d8a (737cfc75)]&amp#27;[0m Got response with status 200: {"sessionId":"848f67d1-b0ae-4721-9dff-71f52c26d8f9","value":"overcast clouds"}
&amp#27;[38;5;32m[AndroidUiautomator2Driver@7d8a (737cfc75)]&amp#27;[0m Replacing sessionId 848f67d1-b0ae-4721-9dff-71f52c26d8f9 with 737cfc75-39b7-4d8d-95ca-253dab0f7826
&amp#27;[38;5;0m[HTTP]&amp#27;[0m &amp#27;[37m<-- GET /session/737cfc75-39b7-4d8d-95ca-253dab0f7826/element/00000000-0000-05c2-0000-00e500000004/text &amp#27;[39m&amp#27;[32m200&amp#27;[39m &amp#27;[90m10 ms - 78&amp#27;[39m
&amp#27;[38;5;0m[HTTP]&amp#27;[0m &amp#27;[90m&amp#27;[39m
&amp#27;[38;5;0m[HTTP]&amp#27;[0m &amp#27;[37m-->&amp#27;[39m &amp#27;[37mPOST&amp#27;[39m &amp#27;[37m/session/737cfc75-39b7-4d8d-95ca-253dab0f7826/execute/sync&amp#27;[39m
&amp#27;[38;5;0m[HTTP]&amp#27;[0m &amp#27;[90m{"script":"mobile: swipeGesture","args":[{"elementId":"00000000-0000-05c2-0000-002900000004","percent":0.4,"speed":320,"direction":"left"}]}&amp#27;[39m
&amp#27;[38;5;32m[AndroidUiautomator2Driver@7d8a (737cfc75)]&amp#27;[0m Calling AppiumDriver.execute() with args: ["mobile: swipeGesture",[{"elementId":"00000000-0000-05c2-0000-002900000004","percent":0.4,"speed":320,"direction":"left"}],"737cfc75-39b7-4d8d-95ca-253dab0f7826"]
&amp#27;[38;5;32m[AndroidUiautomator2Driver@7d8a (737cfc75)]&amp#27;[0m Executing method 'mobile: swipeGesture'
&amp#27;[38;5;32m[AndroidUiautomator2Driver@7d8a (737cfc75)]&amp#27;[0m Proxying [POST /appium/gestures/swipe] to [POST http://127.0.0.1:8240/session/848f67d1-b0ae-4721-9dff-71f52c26d8f9/appium/gestures/swipe] with body: {"origin":{"ELEMENT":"00000000-0000-05c2-0000-002900000004","element-6066-11e4-a52e-4f735466cecf":"00000000-0000-05c2-0000-002900000004"},"direction":"left","percent":0.4,"speed":320}
&amp#27;[38;5;32m[AndroidUiautomator2Driver@7d8a (737cfc75)]&amp#27;[0m Got response with status 200: {"sessionId":"848f67d1-b0ae-4721-9dff-71f52c26d8f9","value":null}
&amp#27;[38;5;32m[AndroidUiautomator2Driver@7d8a (737cfc75)]&amp#27;[0m Responding to client with driver.execute() result: null
&amp#27;[38;5;0m[HTTP]&amp#27;[0m &amp#27;[37m<-- POST /session/737cfc75-39b7-4d8d-95ca-253dab0f7826/execute/sync &amp#27;[39m&amp#27;[32m200&amp#27;[39m &amp#27;[90m1560 ms - 14&amp#27;[39m
&amp#27;[38;5;0m[HTTP]&amp#27;[0m &amp#27;[90m&amp#27;[39m
&amp#27;[38;5;0m[HTTP]&amp#27;[0m &amp#27;[37m-->&amp#27;[39m &amp#27;[37mPOST&amp#27;[39m &amp#27;[37m/session/737cfc75-39b7-4d8d-95ca-253dab0f7826/elements&amp#27;[39m
&amp#27;[38;5;0m[HTTP]&amp#27;[0m &amp#27;[90m{"using":"xpath","value":"//android.widget.HorizontalScrollView"}&amp#27;[39m
&amp#27;[38;5;32m[AndroidUiautomator2Driver@7d8a (737cfc75)]&amp#27;[0m Calling AppiumDriver.findElements() with args: ["xpath","//android.widget.HorizontalScrollView","737cfc75-39b7-4d8d-95ca-253dab0f7826"]
&amp#27;[38;5;32m[AndroidUiautomator2Driver@7d8a (737cfc75)]&amp#27;[0m Valid locator strategies for this request: xpath, id, class name, accessibility id, css selector, -android uiautomator
&amp#27;[38;5;32m[AndroidUiautomator2Driver@7d8a (737cfc75)]&amp#27;[0m Waiting up to 0 ms for condition
&amp#27;[38;5;32m[AndroidUiautomator2Driver@7d8a (737cfc75)]&amp#27;[0m Matched '/elements' to command name 'findElements'
&amp#27;[38;5;32m[AndroidUiautomator2Driver@7d8a (737cfc75)]&amp#27;[0m Proxying [POST /elements] to [POST http://127.0.0.1:8240/session/848f67d1-b0ae-4721-9dff-71f52c26d8f9/elements] with body: {"strategy":"xpath","selector":"//android.widget.HorizontalScrollView","context":"","multiple":true}
&amp#27;[38;5;32m[AndroidUiautomator2Driver@7d8a (737cfc75)]&amp#27;[0m Got response with status 200: {"sessionId":"848f67d1-b0ae-4721-9dff-71f52c26d8f9","value":[{"ELEMENT":"00000000-0000-05c2-0000-002900000004","element-6066-11e4-a52e-4f735466cecf":"00000000-0000-05c2-0000-002900000004"},{"ELEMENT":"00000000-0000-05c2-0000-002a00000004","element-6066-11e4-a52e-4f735466cecf":"00000000-0000-05c2-0000-002a00000004"}]}
&amp#27;[38;5;32m[AndroidUiautomator2Driver@7d8a (737cfc75)]&amp#27;[0m Responding to client with driver.findElements() result: [{"element-6066-11e4-a52e-4f735466cecf":"00000000-0000-05c2-0000-002900000004","ELEMENT":"00000000-0000-05c2-0000-002900000004"},{"element-6066-11e4-a52e-4f735466cecf":"00000000-0000-05c2-0000-002a00000004","ELEMENT":"00000000-0000-05c2-0000-002a00000004"}]
&amp#27;[38;5;0m[HTTP]&amp#27;[0m &amp#27;[37m<-- POST /session/737cfc75-39b7-4d8d-95ca-253dab0f7826/elements &amp#27;[39m&amp#27;[32m200&amp#27;[39m &amp#27;[90m100 ms - 267&amp#27;[39m
&amp#27;[38;5;0m[HTTP]&amp#27;[0m &amp#27;[90m&amp#27;[39m
&amp#27;[38;5;0m[HTTP]&amp#27;[0m &amp#27;[37m-->&amp#27;[39m &amp#27;[37mPOST&amp#27;[39m &amp#27;[37m/session/737cfc75-39b7-4d8d-95ca-253dab0f7826/element/00000000-0000-05c2-0000-002900000004/elements&amp#27;[39m
&amp#27;[38;5;0m[HTTP]&amp#27;[0m &amp#27;[90m{"id":"00000000-0000-05c2-0000-002900000004","using":"xpath","value":"//android.view.View"}&amp#27;[39m
&amp#27;[38;5;32m[AndroidUiautomator2Driver@7d8a (737cfc75)]&amp#27;[0m Calling AppiumDriver.findElementsFromElement() with args: ["xpath","//android.view.View","00000000-0000-05c2-0000-002900000004","737cfc75-39b7-4d8d-95ca-253dab0f7826"]
&amp#27;[38;5;32m[AndroidUiautomator2Driver@7d8a (737cfc75)]&amp#27;[0m Valid locator strategies for this request: xpath, id, class name, accessibility id, css selector, -android uiautomator
&amp#27;[38;5;32m[AndroidUiautomator2Driver@7d8a (737cfc75)]&amp#27;[0m Waiting up to 0 ms for condition
&amp#27;[38;5;32m[AndroidUiautomator2Driver@7d8a (737cfc75)]&amp#27;[0m Matched '/elements' to command name 'findElements'
&amp#27;[38;5;32m[AndroidUiautomator2Driver@7d8a (737cfc75)]&amp#27;[0m Proxying [POST /elements] to [POST http://127.0.0.1:8240/session/848f67d1-b0ae-4721-9dff-71f52c26d8f9/elements] with body: {"strategy":"xpath","selector":"//android.view.View","context":"00000000-0000-05c2-0000-002900000004","multiple":true}
&amp#27;[38;5;32m[AndroidUiautomator2Driver@7d8a (737cfc75)]&amp#27;[0m Got response with status 200: {"sessionId":"848f67d1-b0ae-4721-9dff-71f52c26d8f9","value":[{"ELEMENT":"00000000-0000-05c2-0000-00d300000004","element-6066-11e4-a52e-4f735466cecf":"00000000-0000-05c2-0000-00d300000004"},{"ELEMENT":"00000000-0000-05c2-0000-00d500000004","element-6066-11e4-a52e-4f735466cecf":"00000000-0000-05c2-0000-00d500000004"},{"ELEMENT":"00000000-0000-05c2-0000-00d700000004","element-6066-11e4-a52e-4f735466cecf":"00000000-0000-05c2-0000-00d700000004"},{"ELEMENT":"00000000-0000-05c2-0000-00d900000004","element-6066-11e4-a52e-4f735466cecf":"00000000-0000-05c2-0000-00d900000004"},{"ELEMENT":"00000000-0000-05c2-0000-00db00000004","element-6066-11e4-a52e-4f735466cecf":"00000000-0000-05c2-0000-00db00000004"},{"ELEMENT":"00000000-0000-05c2-0000-00dd00000004","element-6066-11e4-a52e-4f735466cecf":"00000000-0000-05c2-0000-00dd00000004"},{"ELEMENT":"00000000-0000-05c2-0000-00df00000004","element-6066-11e4-a52e-4f735466cecf":"00000000-0000-05c2-0000-00df00000004"},{"ELEMENT":"00000000-0000-05c2-0000-00e100000004","element-6066-...
&amp#27;[38;5;32m[AndroidUiautomator2Driver@7d8a (737cfc75)]&amp#27;[0m Responding to client with driver.findElementsFromElement() result: [{"element-6066-11e4-a52e-4f735466cecf":"00000000-0000-05c2-0000-00d300000004","ELEMENT":"00000000-0000-05c2-0000-00d300000004"},{"element-6066-11e4-a52e-4f735466cecf":"00000000-0000-05c2-0000-00d500000004","ELEMENT":"00000000-0000-05c2-0000-00d500000004"},{"element-6066-11e4-a52e-4f735466cecf":"00000000-0000-05c2-0000-00d700000004","ELEMENT":"00000000-0000-05c2-0000-00d700000004"},{"element-6066-11e4-a52e-4f735466cecf":"00000000-0000-05c2-0000-00d900000004","ELEMENT":"00000000-0000-05c2-0000-00d900000004"},{"element-6066-11e4-a52e-4f735466cecf":"00000000-0000-05c2-0000-00db00000004","ELEMENT":"00000000-0000-05c2-0000-00db00000004"},{"element-6066-11e4-a52e-4f735466cecf":"00000000-0000-05c2-0000-00dd00000004","ELEMENT":"00000000-0000-05c2-0000-00dd00000004"},{"element-6066-11e4-a52e-4f735466cecf":"00000000-0000-05c2-0000-00df00000004","ELEMENT":"00000000-0000-05c2-0000-00df00000004"},{"element-6066-11e4-a52e-4f735466cecf":"00000000-0000-05c2-0000-00e100000004","ELEMENT":"00000000-0000-05c2-0000-00e10000000...
&amp#27;[38;5;0m[HTTP]&amp#27;[0m &amp#27;[37m<-- POST /session/737cfc75-39b7-4d8d-95ca-253dab0f7826/element/00000000-0000-05c2-0000-002900000004/elements &amp#27;[39m&amp#27;[32m200&amp#27;[39m &amp#27;[90m44 ms - 1931&amp#27;[39m
&amp#27;[38;5;0m[HTTP]&amp#27;[0m &amp#27;[90m&amp#27;[39m
&amp#27;[38;5;0m[HTTP]&amp#27;[0m &amp#27;[37m-->&amp#27;[39m &amp#27;[37mGET&amp#27;[39m &amp#27;[37m/session/737cfc75-39b7-4d8d-95ca-253dab0f7826/element/00000000-0000-05c2-0000-00d300000004/text&amp#27;[39m
&amp#27;[38;5;0m[HTTP]&amp#27;[0m &amp#27;[90m{}&amp#27;[39m
&amp#27;[38;5;32m[AndroidUiautomator2Driver@7d8a (737cfc75)]&amp#27;[0m Driver proxy active, passing request on via HTTP proxy
&amp#27;[38;5;32m[AndroidUiautomator2Driver@7d8a (737cfc75)]&amp#27;[0m Matched '/session/737cfc75-39b7-4d8d-95ca-253dab0f7826/element/00000000-0000-05c2-0000-00d300000004/text' to command name 'getText'
&amp#27;[38;5;32m[AndroidUiautomator2Driver@7d8a (737cfc75)]&amp#27;[0m Proxying [GET /session/737cfc75-39b7-4d8d-95ca-253dab0f7826/element/00000000-0000-05c2-0000-00d300000004/text] to [GET http://127.0.0.1:8240/session/848f67d1-b0ae-4721-9dff-71f52c26d8f9/element/00000000-0000-05c2-0000-00d300000004/text] with no body
&amp#27;[38;5;32m[AndroidUiautomator2Driver@7d8a (737cfc75)]&amp#27;[0m Got response with status 200: {"sessionId":"848f67d1-b0ae-4721-9dff-71f52c26d8f9","value":"19:00"}
&amp#27;[38;5;32m[AndroidUiautomator2Driver@7d8a (737cfc75)]&amp#27;[0m Replacing sessionId 848f67d1-b0ae-4721-9dff-71f52c26d8f9 with 737cfc75-39b7-4d8d-95ca-253dab0f7826
&amp#27;[38;5;0m[HTTP]&amp#27;[0m &amp#27;[37m<-- GET /session/737cfc75-39b7-4d8d-95ca-253dab0f7826/element/00000000-0000-05c2-0000-00d300000004/text &amp#27;[39m&amp#27;[32m200&amp#27;[39m &amp#27;[90m9 ms - 68&amp#27;[39m
&amp#27;[38;5;0m[HTTP]&amp#27;[0m &amp#27;[90m&amp#27;[39m
&amp#27;[38;5;0m[HTTP]&amp#27;[0m &amp#27;[37m-->&amp#27;[39m &amp#27;[37mGET&amp#27;[39m &amp#27;[37m/session/737cfc75-39b7-4d8d-95ca-253dab0f7826/element/00000000-0000-05c2-0000-00d500000004/text&amp#27;[39m
&amp#27;[38;5;0m[HTTP]&amp#27;[0m &amp#27;[90m{}&amp#27;[39m
&amp#27;[38;5;32m[AndroidUiautomator2Driver@7d8a (737cfc75)]&amp#27;[0m Driver proxy active, passing request on via HTTP proxy
&amp#27;[38;5;32m[AndroidUiautomator2Driver@7d8a (737cfc75)]&amp#27;[0m Matched '/session/737cfc75-39b7-4d8d-95ca-253dab0f7826/element/00000000-0000-05c2-0000-00d500000004/text' to command name 'getText'
&amp#27;[38;5;32m[AndroidUiautomator2Driver@7d8a (737cfc75)]&amp#27;[0m Proxying [GET /session/737cfc75-39b7-4d8d-95ca-253dab0f7826/element/00000000-0000-05c2-0000-00d500000004/text] to [GET http://127.0.0.1:8240/session/848f67d1-b0ae-4721-9dff-71f52c26d8f9/element/00000000-0000-05c2-0000-00d500000004/text] with no body
&amp#27;[38;5;32m[AndroidUiautomator2Driver@7d8a (737cfc75)]&amp#27;[0m Got response with status 200: {"sessionId":"848f67d1-b0ae-4721-9dff-71f52c26d8f9","value":"overcast clouds"}
&amp#27;[38;5;32m[AndroidUiautomator2Driver@7d8a (737cfc75)]&amp#27;[0m Replacing sessionId 848f67d1-b0ae-4721-9dff-71f52c26d8f9 with 737cfc75-39b7-4d8d-95ca-253dab0f7826
&amp#27;[38;5;0m[HTTP]&amp#27;[0m &amp#27;[37m<-- GET /session/737cfc75-39b7-4d8d-95ca-253dab0f7826/element/00000000-0000-05c2-0000-00d500000004/text &amp#27;[39m&amp#27;[32m200&amp#27;[39m &amp#27;[90m9 ms - 78&amp#27;[39m
&amp#27;[38;5;0m[HTTP]&amp#27;[0m &amp#27;[90m&amp#27;[39m
&amp#27;[38;5;0m[HTTP]&amp#27;[0m &amp#27;[37m-->&amp#27;[39m &amp#27;[37mGET&amp#27;[39m &amp#27;[37m/session/737cfc75-39b7-4d8d-95ca-253dab0f7826/element/00000000-0000-05c2-0000-00d700000004/text&amp#27;[39m
&amp#27;[38;5;0m[HTTP]&amp#27;[0m &amp#27;[90m{}&amp#27;[39m
&amp#27;[38;5;32m[AndroidUiautomator2Driver@7d8a (737cfc75)]&amp#27;[0m Driver proxy active, passing request on via HTTP proxy
&amp#27;[38;5;32m[AndroidUiautomator2Driver@7d8a (737cfc75)]&amp#27;[0m Matched '/session/737cfc75-39b7-4d8d-95ca-253dab0f7826/element/00000000-0000-05c2-0000-00d700000004/text' to command name 'getText'
&amp#27;[38;5;32m[AndroidUiautomator2Driver@7d8a (737cfc75)]&amp#27;[0m Proxying [GET /session/737cfc75-39b7-4d8d-95ca-253dab0f7826/element/00000000-0000-05c2-0000-00d700000004/text] to [GET http://127.0.0.1:8240/session/848f67d1-b0ae-4721-9dff-71f52c26d8f9/element/00000000-0000-05c2-0000-00d700000004/text] with no body
&amp#27;[38;5;32m[AndroidUiautomator2Driver@7d8a (737cfc75)]&amp#27;[0m Got response with status 200: {"sessionId":"848f67d1-b0ae-4721-9dff-71f52c26d8f9","value":"97 %"}
&amp#27;[38;5;32m[AndroidUiautomator2Driver@7d8a (737cfc75)]&amp#27;[0m Replacing sessionId 848f67d1-b0ae-4721-9dff-71f52c26d8f9 with 737cfc75-39b7-4d8d-95ca-253dab0f7826
&amp#27;[38;5;0m[HTTP]&amp#27;[0m &amp#27;[37m<-- GET /session/737cfc75-39b7-4d8d-95ca-253dab0f7826/element/00000000-0000-05c2-0000-00d700000004/text &amp#27;[39m&amp#27;[32m200&amp#27;[39m &amp#27;[90m8 ms - 67&amp#27;[39m
&amp#27;[38;5;0m[HTTP]&amp#27;[0m &amp#27;[90m&amp#27;[39m
&amp#27;[38;5;0m[HTTP]&amp#27;[0m &amp#27;[37m-->&amp#27;[39m &amp#27;[37mGET&amp#27;[39m &amp#27;[37m/session/737cfc75-39b7-4d8d-95ca-253dab0f7826/element/00000000-0000-05c2-0000-00d900000004/text&amp#27;[39m
&amp#27;[38;5;0m[HTTP]&amp#27;[0m &amp#27;[90m{}&amp#27;[39m
&amp#27;[38;5;32m[AndroidUiautomator2Driver@7d8a (737cfc75)]&amp#27;[0m Driver proxy active, passing request on via HTTP proxy
&amp#27;[38;5;32m[AndroidUiautomator2Driver@7d8a (737cfc75)]&amp#27;[0m Matched '/session/737cfc75-39b7-4d8d-95ca-253dab0f7826/element/00000000-0000-05c2-0000-00d900000004/text' to command name 'getText'
&amp#27;[38;5;32m[AndroidUiautomator2Driver@7d8a (737cfc75)]&amp#27;[0m Proxying [GET /session/737cfc75-39b7-4d8d-95ca-253dab0f7826/element/00000000-0000-05c2-0000-00d900000004/text] to [GET http://127.0.0.1:8240/session/848f67d1-b0ae-4721-9dff-71f52c26d8f9/element/00000000-0000-05c2-0000-00d900000004/text] with no body
&amp#27;[38;5;32m[AndroidUiautomator2Driver@7d8a (737cfc75)]&amp#27;[0m Got response with status 200: {"sessionId":"848f67d1-b0ae-4721-9dff-71f52c26d8f9","value":"12 Â°C"}
&amp#27;[38;5;32m[AndroidUiautomator2Driver@7d8a (737cfc75)]&amp#27;[0m Replacing sessionId 848f67d1-b0ae-4721-9dff-71f52c26d8f9 with 737cfc75-39b7-4d8d-95ca-253dab0f7826
&amp#27;[38;5;0m[HTTP]&amp#27;[0m &amp#27;[37m<-- GET /session/737cfc75-39b7-4d8d-95ca-253dab0f7826/element/00000000-0000-05c2-0000-00d900000004/text &amp#27;[39m&amp#27;[32m200&amp#27;[39m &amp#27;[90m9 ms - 69&amp#27;[39m
&amp#27;[38;5;0m[HTTP]&amp#27;[0m &amp#27;[90m&amp#27;[39m
&amp#27;[38;5;0m[HTTP]&amp#27;[0m &amp#27;[37m-->&amp#27;[39m &amp#27;[37mGET&amp#27;[39m &amp#27;[37m/session/737cfc75-39b7-4d8d-95ca-253dab0f7826/element/00000000-0000-05c2-0000-00db00000004/text&amp#27;[39m
&amp#27;[38;5;0m[HTTP]&amp#27;[0m &amp#27;[90m{}&amp#27;[39m
&amp#27;[38;5;32m[AndroidUiautomator2Driver@7d8a (737cfc75)]&amp#27;[0m Driver proxy active, passing request on via HTTP proxy
&amp#27;[38;5;32m[AndroidUiautomator2Driver@7d8a (737cfc75)]&amp#27;[0m Matched '/session/737cfc75-39b7-4d8d-95ca-253dab0f7826/element/00000000-0000-05c2-0000-00db00000004/text' to command name 'getText'
&amp#27;[38;5;32m[AndroidUiautomator2Driver@7d8a (737cfc75)]&amp#27;[0m Proxying [GET /session/737cfc75-39b7-4d8d-95ca-253dab0f7826/element/00000000-0000-05c2-0000-00db00000004/text] to [GET http://127.0.0.1:8240/session/848f67d1-b0ae-4721-9dff-71f52c26d8f9/element/00000000-0000-05c2-0000-00db00000004/text] with no body
&amp#27;[38;5;32m[AndroidUiautomator2Driver@7d8a (737cfc75)]&amp#27;[0m Got response with status 200: {"sessionId":"848f67d1-b0ae-4721-9dff-71f52c26d8f9","value":"20:00"}
&amp#27;[38;5;32m[AndroidUiautomator2Driver@7d8a (737cfc75)]&amp#27;[0m Replacing sessionId 848f67d1-b0ae-4721-9dff-71f52c26d8f9 with 737cfc75-39b7-4d8d-95ca-253dab0f7826
&amp#27;[38;5;0m[HTTP]&amp#27;[0m &amp#27;[37m<-- GET /session/737cfc75-39b7-4d8d-95ca-253dab0f7826/element/00000000-0000-05c2-0000-00db00000004/text &amp#27;[39m&amp#27;[32m200&amp#27;[39m &amp#27;[90m9 ms - 68&amp#27;[39m
&amp#27;[38;5;0m[HTTP]&amp#27;[0m &amp#27;[90m&amp#27;[39m
&amp#27;[38;5;0m[HTTP]&amp#27;[0m &amp#27;[37m-->&amp#27;[39m &amp#27;[37mGET&amp#27;[39m &amp#27;[37m/session/737cfc75-39b7-4d8d-95ca-253dab0f7826/element/00000000-0000-05c2-0000-00dd00000004/text&amp#27;[39m
&amp#27;[38;5;0m[HTTP]&amp#27;[0m &amp#27;[90m{}&amp#27;[39m
&amp#27;[38;5;32m[AndroidUiautomator2Driver@7d8a (737cfc75)]&amp#27;[0m Driver proxy active, passing request on via HTTP proxy
&amp#27;[38;5;32m[AndroidUiautomator2Driver@7d8a (737cfc75)]&amp#27;[0m Matched '/session/737cfc75-39b7-4d8d-95ca-253dab0f7826/element/00000000-0000-05c2-0000-00dd00000004/text' to command name 'getText'
&amp#27;[38;5;32m[AndroidUiautomator2Driver@7d8a (737cfc75)]&amp#27;[0m Proxying [GET /session/737cfc75-39b7-4d8d-95ca-253dab0f7826/element/00000000-0000-05c2-0000-00dd00000004/text] to [GET http://127.0.0.1:8240/session/848f67d1-b0ae-4721-9dff-71f52c26d8f9/element/00000000-0000-05c2-0000-00dd00000004/text] with no body
&amp#27;[38;5;32m[AndroidUiautomator2Driver@7d8a (737cfc75)]&amp#27;[0m Got response with status 200: {"sessionId":"848f67d1-b0ae-4721-9dff-71f52c26d8f9","value":"overcast clouds"}
&amp#27;[38;5;32m[AndroidUiautomator2Driver@7d8a (737cfc75)]&amp#27;[0m Replacing sessionId 848f67d1-b0ae-4721-9dff-71f52c26d8f9 with 737cfc75-39b7-4d8d-95ca-253dab0f7826
&amp#27;[38;5;0m[HTTP]&amp#27;[0m &amp#27;[37m<-- GET /session/737cfc75-39b7-4d8d-95ca-253dab0f7826/element/00000000-0000-05c2-0000-00dd00000004/text &amp#27;[39m&amp#27;[32m200&amp#27;[39m &amp#27;[90m9 ms - 78&amp#27;[39m
&amp#27;[38;5;0m[HTTP]&amp#27;[0m &amp#27;[90m&amp#27;[39m
&amp#27;[38;5;0m[HTTP]&amp#27;[0m &amp#27;[37m-->&amp#27;[39m &amp#27;[37mGET&amp#27;[39m &amp#27;[37m/session/737cfc75-39b7-4d8d-95ca-253dab0f7826/element/00000000-0000-05c2-0000-00df00000004/text&amp#27;[39m
&amp#27;[38;5;0m[HTTP]&amp#27;[0m &amp#27;[90m{}&amp#27;[39m
&amp#27;[38;5;32m[AndroidUiautomator2Driver@7d8a (737cfc75)]&amp#27;[0m Driver proxy active, passing request on via HTTP proxy
&amp#27;[38;5;32m[AndroidUiautomator2Driver@7d8a (737cfc75)]&amp#27;[0m Matched '/session/737cfc75-39b7-4d8d-95ca-253dab0f7826/element/00000000-0000-05c2-0000-00df00000004/text' to command name 'getText'
&amp#27;[38;5;32m[AndroidUiautomator2Driver@7d8a (737cfc75)]&amp#27;[0m Proxying [GET /session/737cfc75-39b7-4d8d-95ca-253dab0f7826/element/00000000-0000-05c2-0000-00df00000004/text] to [GET http://127.0.0.1:8240/session/848f67d1-b0ae-4721-9dff-71f52c26d8f9/element/00000000-0000-05c2-0000-00df00000004/text] with no body
&amp#27;[38;5;32m[AndroidUiautomator2Driver@7d8a (737cfc75)]&amp#27;[0m Got response with status 200: {"sessionId":"848f67d1-b0ae-4721-9dff-71f52c26d8f9","value":"96 %"}
&amp#27;[38;5;32m[AndroidUiautomator2Driver@7d8a (737cfc75)]&amp#27;[0m Replacing sessionId 848f67d1-b0ae-4721-9dff-71f52c26d8f9 with 737cfc75-39b7-4d8d-95ca-253dab0f7826
&amp#27;[38;5;0m[HTTP]&amp#27;[0m &amp#27;[37m<-- GET /session/737cfc75-39b7-4d8d-95ca-253dab0f7826/element/00000000-0000-05c2-0000-00df00000004/text &amp#27;[39m&amp#27;[32m200&amp#27;[39m &amp#27;[90m9 ms - 67&amp#27;[39m
&amp#27;[38;5;0m[HTTP]&amp#27;[0m &amp#27;[90m&amp#27;[39m
&amp#27;[38;5;0m[HTTP]&amp#27;[0m &amp#27;[37m-->&amp#27;[39m &amp#27;[37mGET&amp#27;[39m &amp#27;[37m/session/737cfc75-39b7-4d8d-95ca-253dab0f7826/element/00000000-0000-05c2-0000-00e100000004/text&amp#27;[39m
&amp#27;[38;5;0m[HTTP]&amp#27;[0m &amp#27;[90m{}&amp#27;[39m
&amp#27;[38;5;32m[AndroidUiautomator2Driver@7d8a (737cfc75)]&amp#27;[0m Driver proxy active, passing request on via HTTP proxy
&amp#27;[38;5;32m[AndroidUiautomator2Driver@7d8a (737cfc75)]&amp#27;[0m Matched '/session/737cfc75-39b7-4d8d-95ca-253dab0f7826/element/00000000-0000-05c2-0000-00e100000004/text' to command name 'getText'
&amp#27;[38;5;32m[AndroidUiautomator2Driver@7d8a (737cfc75)]&amp#27;[0m Proxying [GET /session/737cfc75-39b7-4d8d-95ca-253dab0f7826/element/00000000-0000-05c2-0000-00e100000004/text] to [GET http://127.0.0.1:8240/session/848f67d1-b0ae-4721-9dff-71f52c26d8f9/element/00000000-0000-05c2-0000-00e100000004/text] with no body
&amp#27;[38;5;32m[AndroidUiautomator2Driver@7d8a (737cfc75)]&amp#27;[0m Got response with status 200: {"sessionId":"848f67d1-b0ae-4721-9dff-71f52c26d8f9","value":"12 Â°C"}
&amp#27;[38;5;32m[AndroidUiautomator2Driver@7d8a (737cfc75)]&amp#27;[0m Replacing sessionId 848f67d1-b0ae-4721-9dff-71f52c26d8f9 with 737cfc75-39b7-4d8d-95ca-253dab0f7826
&amp#27;[38;5;0m[HTTP]&amp#27;[0m &amp#27;[37m<-- GET /session/737cfc75-39b7-4d8d-95ca-253dab0f7826/element/00000000-0000-05c2-0000-00e100000004/text &amp#27;[39m&amp#27;[32m200&amp#27;[39m &amp#27;[90m8 ms - 69&amp#27;[39m
&amp#27;[38;5;0m[HTTP]&amp#27;[0m &amp#27;[90m&amp#27;[39m
&amp#27;[38;5;0m[HTTP]&amp#27;[0m &amp#27;[37m-->&amp#27;[39m &amp#27;[37mGET&amp#27;[39m &amp#27;[37m/session/737cfc75-39b7-4d8d-95ca-253dab0f7826/element/00000000-0000-05c2-0000-00e300000004/text&amp#27;[39m
&amp#27;[38;5;0m[HTTP]&amp#27;[0m &amp#27;[90m{}&amp#27;[39m
&amp#27;[38;5;32m[AndroidUiautomator2Driver@7d8a (737cfc75)]&amp#27;[0m Driver proxy active, passing request on via HTTP proxy
&amp#27;[38;5;32m[AndroidUiautomator2Driver@7d8a (737cfc75)]&amp#27;[0m Matched '/session/737cfc75-39b7-4d8d-95ca-253dab0f7826/element/00000000-0000-05c2-0000-00e300000004/text' to command name 'getText'
&amp#27;[38;5;32m[AndroidUiautomator2Driver@7d8a (737cfc75)]&amp#27;[0m Proxying [GET /session/737cfc75-39b7-4d8d-95ca-253dab0f7826/element/00000000-0000-05c2-0000-00e300000004/text] to [GET http://127.0.0.1:8240/session/848f67d1-b0ae-4721-9dff-71f52c26d8f9/element/00000000-0000-05c2-0000-00e300000004/text] with no body
&amp#27;[38;5;32m[AndroidUiautomator2Driver@7d8a (737cfc75)]&amp#27;[0m Got response with status 200: {"sessionId":"848f67d1-b0ae-4721-9dff-71f52c26d8f9","value":"21:00"}
&amp#27;[38;5;32m[AndroidUiautomator2Driver@7d8a (737cfc75)]&amp#27;[0m Replacing sessionId 848f67d1-b0ae-4721-9dff-71f52c26d8f9 with 737cfc75-39b7-4d8d-95ca-253dab0f7826
&amp#27;[38;5;0m[HTTP]&amp#27;[0m &amp#27;[37m<-- GET /session/737cfc75-39b7-4d8d-95ca-253dab0f7826/element/00000000-0000-05c2-0000-00e300000004/text &amp#27;[39m&amp#27;[32m200&amp#27;[39m &amp#27;[90m9 ms - 68&amp#27;[39m
&amp#27;[38;5;0m[HTTP]&amp#27;[0m &amp#27;[90m&amp#27;[39m
&amp#27;[38;5;0m[HTTP]&amp#27;[0m &amp#27;[37m-->&amp#27;[39m &amp#27;[37mGET&amp#27;[39m &amp#27;[37m/session/737cfc75-39b7-4d8d-95ca-253dab0f7826/element/00000000-0000-05c2-0000-00e500000004/text&amp#27;[39m
&amp#27;[38;5;0m[HTTP]&amp#27;[0m &amp#27;[90m{}&amp#27;[39m
&amp#27;[38;5;32m[AndroidUiautomator2Driver@7d8a (737cfc75)]&amp#27;[0m Driver proxy active, passing request on via HTTP proxy
&amp#27;[38;5;32m[AndroidUiautomator2Driver@7d8a (737cfc75)]&amp#27;[0m Matched '/session/737cfc75-39b7-4d8d-95ca-253dab0f7826/element/00000000-0000-05c2-0000-00e500000004/text' to command name 'getText'
&amp#27;[38;5;32m[AndroidUiautomator2Driver@7d8a (737cfc75)]&amp#27;[0m Proxying [GET /session/737cfc75-39b7-4d8d-95ca-253dab0f7826/element/00000000-0000-05c2-0000-00e500000004/text] to [GET http://127.0.0.1:8240/session/848f67d1-b0ae-4721-9dff-71f52c26d8f9/element/00000000-0000-05c2-0000-00e500000004/text] with no body
&amp#27;[38;5;32m[AndroidUiautomator2Driver@7d8a (737cfc75)]&amp#27;[0m Got response with status 200: {"sessionId":"848f67d1-b0ae-4721-9dff-71f52c26d8f9","value":"overcast clouds"}
&amp#27;[38;5;32m[AndroidUiautomator2Driver@7d8a (737cfc75)]&amp#27;[0m Replacing sessionId 848f67d1-b0ae-4721-9dff-71f52c26d8f9 with 737cfc75-39b7-4d8d-95ca-253dab0f7826
&amp#27;[38;5;0m[HTTP]&amp#27;[0m &amp#27;[37m<-- GET /session/737cfc75-39b7-4d8d-95ca-253dab0f7826/element/00000000-0000-05c2-0000-00e500000004/text &amp#27;[39m&amp#27;[32m200&amp#27;[39m &amp#27;[90m9 ms - 78&amp#27;[39m
&amp#27;[38;5;0m[HTTP]&amp#27;[0m &amp#27;[90m&amp#27;[39m
&amp#27;[38;5;0m[HTTP]&amp#27;[0m &amp#27;[37m-->&amp#27;[39m &amp#27;[37mGET&amp#27;[39m &amp#27;[37m/session/737cfc75-39b7-4d8d-95ca-253dab0f7826/element/00000000-0000-05c2-0000-00e700000004/text&amp#27;[39m
&amp#27;[38;5;0m[HTTP]&amp#27;[0m &amp#27;[90m{}&amp#27;[39m
&amp#27;[38;5;32m[AndroidUiautomator2Driver@7d8a (737cfc75)]&amp#27;[0m Driver proxy active, passing request on via HTTP proxy
&amp#27;[38;5;32m[AndroidUiautomator2Driver@7d8a (737cfc75)]&amp#27;[0m Matched '/session/737cfc75-39b7-4d8d-95ca-253dab0f7826/element/00000000-0000-05c2-0000-00e700000004/text' to command name 'getText'
&amp#27;[38;5;32m[AndroidUiautomator2Driver@7d8a (737cfc75)]&amp#27;[0m Proxying [GET /session/737cfc75-39b7-4d8d-95ca-253dab0f7826/element/00000000-0000-05c2-0000-00e700000004/text] to [GET http://127.0.0.1:8240/session/848f67d1-b0ae-4721-9dff-71f52c26d8f9/element/00000000-0000-05c2-0000-00e700000004/text] with no body
&amp#27;[38;5;32m[AndroidUiautomator2Driver@7d8a (737cfc75)]&amp#27;[0m Got response with status 200: {"sessionId":"848f67d1-b0ae-4721-9dff-71f52c26d8f9","value":"96 %"}
&amp#27;[38;5;32m[AndroidUiautomator2Driver@7d8a (737cfc75)]&amp#27;[0m Replacing sessionId 848f67d1-b0ae-4721-9dff-71f52c26d8f9 with 737cfc75-39b7-4d8d-95ca-253dab0f7826
&amp#27;[38;5;0m[HTTP]&amp#27;[0m &amp#27;[37m<-- GET /session/737cfc75-39b7-4d8d-95ca-253dab0f7826/element/00000000-0000-05c2-0000-00e700000004/text &amp#27;[39m&amp#27;[32m200&amp#27;[39m &amp#27;[90m9 ms - 67&amp#27;[39m
&amp#27;[38;5;0m[HTTP]&amp#27;[0m &amp#27;[90m&amp#27;[39m
&amp#27;[38;5;0m[HTTP]&amp#27;[0m &amp#27;[37m-->&amp#27;[39m &amp#27;[37mGET&amp#27;[39m &amp#27;[37m/session/737cfc75-39b7-4d8d-95ca-253dab0f7826/element/00000000-0000-05c2-0000-00e900000004/text&amp#27;[39m
&amp#27;[38;5;0m[HTTP]&amp#27;[0m &amp#27;[90m{}&amp#27;[39m
&amp#27;[38;5;32m[AndroidUiautomator2Driver@7d8a (737cfc75)]&amp#27;[0m Driver proxy active, passing request on via HTTP proxy
&amp#27;[38;5;32m[AndroidUiautomator2Driver@7d8a (737cfc75)]&amp#27;[0m Matched '/session/737cfc75-39b7-4d8d-95ca-253dab0f7826/element/00000000-0000-05c2-0000-00e900000004/text' to command name 'getText'
&amp#27;[38;5;32m[AndroidUiautomator2Driver@7d8a (737cfc75)]&amp#27;[0m Proxying [GET /session/737cfc75-39b7-4d8d-95ca-253dab0f7826/element/00000000-0000-05c2-0000-00e900000004/text] to [GET http://127.0.0.1:8240/session/848f67d1-b0ae-4721-9dff-71f52c26d8f9/element/00000000-0000-05c2-0000-00e900000004/text] with no body
&amp#27;[38;5;32m[AndroidUiautomator2Driver@7d8a (737cfc75)]&amp#27;[0m Got response with status 200: {"sessionId":"848f67d1-b0ae-4721-9dff-71f52c26d8f9","value":"11 Â°C"}
&amp#27;[38;5;32m[AndroidUiautomator2Driver@7d8a (737cfc75)]&amp#27;[0m Replacing sessionId 848f67d1-b0ae-4721-9dff-71f52c26d8f9 with 737cfc75-39b7-4d8d-95ca-253dab0f7826
&amp#27;[38;5;0m[HTTP]&amp#27;[0m &amp#27;[37m<-- GET /session/737cfc75-39b7-4d8d-95ca-253dab0f7826/element/00000000-0000-05c2-0000-00e900000004/text &amp#27;[39m&amp#27;[32m200&amp#27;[39m &amp#27;[90m11 ms - 69&amp#27;[39m
&amp#27;[38;5;0m[HTTP]&amp#27;[0m &amp#27;[90m&amp#27;[39m
&amp#27;[38;5;0m[HTTP]&amp#27;[0m &amp#27;[37m-->&amp#27;[39m &amp#27;[37mGET&amp#27;[39m &amp#27;[37m/session/737cfc75-39b7-4d8d-95ca-253dab0f7826/element/00000000-0000-05c2-0000-00eb00000004/text&amp#27;[39m
&amp#27;[38;5;0m[HTTP]&amp#27;[0m &amp#27;[90m{}&amp#27;[39m
&amp#27;[38;5;32m[AndroidUiautomator2Driver@7d8a (737cfc75)]&amp#27;[0m Driver proxy active, passing request on via HTTP proxy
&amp#27;[38;5;32m[AndroidUiautomator2Driver@7d8a (737cfc75)]&amp#27;[0m Matched '/session/737cfc75-39b7-4d8d-95ca-253dab0f7826/element/00000000-0000-05c2-0000-00eb00000004/text' to command name 'getText'
&amp#27;[38;5;32m[AndroidUiautomator2Driver@7d8a (737cfc75)]&amp#27;[0m Proxying [GET /session/737cfc75-39b7-4d8d-95ca-253dab0f7826/element/00000000-0000-05c2-0000-00eb00000004/text] to [GET http://127.0.0.1:8240/session/848f67d1-b0ae-4721-9dff-71f52c26d8f9/element/00000000-0000-05c2-0000-00eb00000004/text] with no body
&amp#27;[38;5;32m[AndroidUiautomator2Driver@7d8a (737cfc75)]&amp#27;[0m Got response with status 200: {"sessionId":"848f67d1-b0ae-4721-9dff-71f52c26d8f9","value":"22:00"}
&amp#27;[38;5;32m[AndroidUiautomator2Driver@7d8a (737cfc75)]&amp#27;[0m Replacing sessionId 848f67d1-b0ae-4721-9dff-71f52c26d8f9 with 737cfc75-39b7-4d8d-95ca-253dab0f7826
&amp#27;[38;5;0m[HTTP]&amp#27;[0m &amp#27;[37m<-- GET /session/737cfc75-39b7-4d8d-95ca-253dab0f7826/element/00000000-0000-05c2-0000-00eb00000004/text &amp#27;[39m&amp#27;[32m200&amp#27;[39m &amp#27;[90m11 ms - 68&amp#27;[39m
&amp#27;[38;5;0m[HTTP]&amp#27;[0m &amp#27;[90m&amp#27;[39m
&amp#27;[38;5;0m[HTTP]&amp#27;[0m &amp#27;[37m-->&amp#27;[39m &amp#27;[37mGET&amp#27;[39m &amp#27;[37m/session/737cfc75-39b7-4d8d-95ca-253dab0f7826/element/00000000-0000-05c2-0000-00ed00000004/text&amp#27;[39m
&amp#27;[38;5;0m[HTTP]&amp#27;[0m &amp#27;[90m{}&amp#27;[39m
&amp#27;[38;5;32m[AndroidUiautomator2Driver@7d8a (737cfc75)]&amp#27;[0m Driver proxy active, passing request on via HTTP proxy
&amp#27;[38;5;32m[AndroidUiautomator2Driver@7d8a (737cfc75)]&amp#27;[0m Matched '/session/737cfc75-39b7-4d8d-95ca-253dab0f7826/element/00000000-0000-05c2-0000-00ed00000004/text' to command name 'getText'
&amp#27;[38;5;32m[AndroidUiautomator2Driver@7d8a (737cfc75)]&amp#27;[0m Proxying [GET /session/737cfc75-39b7-4d8d-95ca-253dab0f7826/element/00000000-0000-05c2-0000-00ed00000004/text] to [GET http://127.0.0.1:8240/session/848f67d1-b0ae-4721-9dff-71f52c26d8f9/element/00000000-0000-05c2-0000-00ed00000004/text] with no body
&amp#27;[38;5;32m[AndroidUiautomator2Driver@7d8a (737cfc75)]&amp#27;[0m Got response with status 200: {"sessionId":"848f67d1-b0ae-4721-9dff-71f52c26d8f9","value":"overcast clouds"}
&amp#27;[38;5;32m[AndroidUiautomator2Driver@7d8a (737cfc75)]&amp#27;[0m Replacing sessionId 848f67d1-b0ae-4721-9dff-71f52c26d8f9 with 737cfc75-39b7-4d8d-95ca-253dab0f7826
&amp#27;[38;5;0m[HTTP]&amp#27;[0m &amp#27;[37m<-- GET /session/737cfc75-39b7-4d8d-95ca-253dab0f7826/element/00000000-0000-05c2-0000-00ed00000004/text &amp#27;[39m&amp#27;[32m200&amp#27;[39m &amp#27;[90m10 ms - 78&amp#27;[39m
&amp#27;[38;5;0m[HTTP]&amp#27;[0m &amp#27;[90m&amp#27;[39m
&amp#27;[38;5;0m[HTTP]&amp#27;[0m &amp#27;[37m-->&amp#27;[39m &amp#27;[37mGET&amp#27;[39m &amp#27;[37m/session/737cfc75-39b7-4d8d-95ca-253dab0f7826/element/00000000-0000-05c2-0000-00f100000004/text&amp#27;[39m
&amp#27;[38;5;0m[HTTP]&amp#27;[0m &amp#27;[90m{}&amp#27;[39m
&amp#27;[38;5;32m[AndroidUiautomator2Driver@7d8a (737cfc75)]&amp#27;[0m Driver proxy active, passing request on via HTTP proxy
&amp#27;[38;5;32m[AndroidUiautomator2Driver@7d8a (737cfc75)]&amp#27;[0m Matched '/session/737cfc75-39b7-4d8d-95ca-253dab0f7826/element/00000000-0000-05c2-0000-00f100000004/text' to command name 'getText'
&amp#27;[38;5;32m[AndroidUiautomator2Driver@7d8a (737cfc75)]&amp#27;[0m Proxying [GET /session/737cfc75-39b7-4d8d-95ca-253dab0f7826/element/00000000-0000-05c2-0000-00f100000004/text] to [GET http://127.0.0.1:8240/session/848f67d1-b0ae-4721-9dff-71f52c26d8f9/element/00000000-0000-05c2-0000-00f100000004/text] with no body
&amp#27;[38;5;32m[AndroidUiautomator2Driver@7d8a (737cfc75)]&amp#27;[0m Got response with status 200: {"sessionId":"848f67d1-b0ae-4721-9dff-71f52c26d8f9","value":"11 Â°C"}
&amp#27;[38;5;32m[AndroidUiautomator2Driver@7d8a (737cfc75)]&amp#27;[0m Replacing sessionId 848f67d1-b0ae-4721-9dff-71f52c26d8f9 with 737cfc75-39b7-4d8d-95ca-253dab0f7826
&amp#27;[38;5;0m[HTTP]&amp#27;[0m &amp#27;[37m<-- GET /session/737cfc75-39b7-4d8d-95ca-253dab0f7826/element/00000000-0000-05c2-0000-00f100000004/text &amp#27;[39m&amp#27;[32m200&amp#27;[39m &amp#27;[90m9 ms - 69&amp#27;[39m
&amp#27;[38;5;0m[HTTP]&amp#27;[0m &amp#27;[90m&amp#27;[39m
&amp#27;[38;5;0m[HTTP]&amp#27;[0m &amp#27;[37m-->&amp#27;[39m &amp#27;[37mPOST&amp#27;[39m &amp#27;[37m/session/737cfc75-39b7-4d8d-95ca-253dab0f7826/execute/sync&amp#27;[39m
&amp#27;[38;5;0m[HTTP]&amp#27;[0m &amp#27;[90m{"script":"mobile: swipeGesture","args":[{"elementId":"00000000-0000-05c2-0000-002900000004","percent":0.4,"speed":320,"direction":"left"}]}&amp#27;[39m
&amp#27;[38;5;32m[AndroidUiautomator2Driver@7d8a (737cfc75)]&amp#27;[0m Calling AppiumDriver.execute() with args: ["mobile: swipeGesture",[{"elementId":"00000000-0000-05c2-0000-002900000004","percent":0.4,"speed":320,"direction":"left"}],"737cfc75-39b7-4d8d-95ca-253dab0f7826"]
&amp#27;[38;5;32m[AndroidUiautomator2Driver@7d8a (737cfc75)]&amp#27;[0m Executing method 'mobile: swipeGesture'
&amp#27;[38;5;32m[AndroidUiautomator2Driver@7d8a (737cfc75)]&amp#27;[0m Proxying [POST /appium/gestures/swipe] to [POST http://127.0.0.1:8240/session/848f67d1-b0ae-4721-9dff-71f52c26d8f9/appium/gestures/swipe] with body: {"origin":{"ELEMENT":"00000000-0000-05c2-0000-002900000004","element-6066-11e4-a52e-4f735466cecf":"00000000-0000-05c2-0000-002900000004"},"direction":"left","percent":0.4,"speed":320}
&amp#27;[38;5;0m[HTTP]&amp#27;[0m &amp#27;[37m-->&amp#27;[39m &amp#27;[37mGET&amp#27;[39m &amp#27;[37m/wd/hub/session/55afe79b-967a-4d87-9a31-8b154d030cdc/timeouts&amp#27;[39m
&amp#27;[38;5;0m[HTTP]&amp#27;[0m &amp#27;[90m{}&amp#27;[39m
&amp#27;[38;5;0m[HTTP]&amp#27;[0m No route found for /wd/hub/session/55afe79b-967a-4d87-9a31-8b154d030cdc/timeouts
&amp#27;[38;5;0m[HTTP]&amp#27;[0m &amp#27;[37m<-- GET /wd/hub/session/55afe79b-967a-4d87-9a31-8b154d030cdc/timeouts &amp#27;[39m&amp#27;[33m404&amp#27;[39m &amp#27;[90m1 ms - 262&amp#27;[39m
&amp#27;[38;5;0m[HTTP]&amp#27;[0m &amp#27;[90m&amp#27;[39m
&amp#27;[38;5;32m[AndroidUiautomator2Driver@7d8a (737cfc75)]&amp#27;[0m Got response with status 200: {"sessionId":"848f67d1-b0ae-4721-9dff-71f52c26d8f9","value":null}
&amp#27;[38;5;32m[AndroidUiautomator2Driver@7d8a (737cfc75)]&amp#27;[0m Responding to client with driver.execute() result: null
&amp#27;[38;5;0m[HTTP]&amp#27;[0m &amp#27;[37m<-- POST /session/737cfc75-39b7-4d8d-95ca-253dab0f7826/execute/sync &amp#27;[39m&amp#27;[32m200&amp#27;[39m &amp#27;[90m1549 ms - 14&amp#27;[39m
&amp#27;[38;5;0m[HTTP]&amp#27;[0m &amp#27;[90m&amp#27;[39m
&amp#27;[38;5;0m[HTTP]&amp#27;[0m &amp#27;[37m-->&amp#27;[39m &amp#27;[37mPOST&amp#27;[39m &amp#27;[37m/session/737cfc75-39b7-4d8d-95ca-253dab0f7826/elements&amp#27;[39m
&amp#27;[38;5;0m[HTTP]&amp#27;[0m &amp#27;[90m{"using":"xpath","value":"//android.widget.HorizontalScrollView"}&amp#27;[39m
&amp#27;[38;5;32m[AndroidUiautomator2Driver@7d8a (737cfc75)]&amp#27;[0m Calling AppiumDriver.findElements() with args: ["xpath","//android.widget.HorizontalScrollView","737cfc75-39b7-4d8d-95ca-253dab0f7826"]
&amp#27;[38;5;32m[AndroidUiautomator2Driver@7d8a (737cfc75)]&amp#27;[0m Valid locator strategies for this request: xpath, id, class name, accessibility id, css selector, -android uiautomator
&amp#27;[38;5;32m[AndroidUiautomator2Driver@7d8a (737cfc75)]&amp#27;[0m Waiting up to 0 ms for condition
&amp#27;[38;5;32m[AndroidUiautomator2Driver@7d8a (737cfc75)]&amp#27;[0m Matched '/elements' to command name 'findElements'
&amp#27;[38;5;32m[AndroidUiautomator2Driver@7d8a (737cfc75)]&amp#27;[0m Proxying [POST /elements] to [POST http://127.0.0.1:8240/session/848f67d1-b0ae-4721-9dff-71f52c26d8f9/elements] with body: {"strategy":"xpath","selector":"//android.widget.HorizontalScrollView","context":"","multiple":true}
&amp#27;[38;5;32m[AndroidUiautomator2Driver@7d8a (737cfc75)]&amp#27;[0m Got response with status 200: {"sessionId":"848f67d1-b0ae-4721-9dff-71f52c26d8f9","value":[{"ELEMENT":"00000000-0000-05c2-0000-002900000004","element-6066-11e4-a52e-4f735466cecf":"00000000-0000-05c2-0000-002900000004"},{"ELEMENT":"00000000-0000-05c2-0000-002a00000004","element-6066-11e4-a52e-4f735466cecf":"00000000-0000-05c2-0000-002a00000004"}]}
&amp#27;[38;5;32m[AndroidUiautomator2Driver@7d8a (737cfc75)]&amp#27;[0m Responding to client with driver.findElements() result: [{"element-6066-11e4-a52e-4f735466cecf":"00000000-0000-05c2-0000-002900000004","ELEMENT":"00000000-0000-05c2-0000-002900000004"},{"element-6066-11e4-a52e-4f735466cecf":"00000000-0000-05c2-0000-002a00000004","ELEMENT":"00000000-0000-05c2-0000-002a00000004"}]
&amp#27;[38;5;0m[HTTP]&amp#27;[0m &amp#27;[37m<-- POST /session/737cfc75-39b7-4d8d-95ca-253dab0f7826/elements &amp#27;[39m&amp#27;[32m200&amp#27;[39m &amp#27;[90m112 ms - 267&amp#27;[39m
&amp#27;[38;5;0m[HTTP]&amp#27;[0m &amp#27;[90m&amp#27;[39m
&amp#27;[38;5;0m[HTTP]&amp#27;[0m &amp#27;[37m-->&amp#27;[39m &amp#27;[37mPOST&amp#27;[39m &amp#27;[37m/session/737cfc75-39b7-4d8d-95ca-253dab0f7826/element/00000000-0000-05c2-0000-002900000004/elements&amp#27;[39m
&amp#27;[38;5;0m[HTTP]&amp#27;[0m &amp#27;[90m{"id":"00000000-0000-05c2-0000-002900000004","using":"xpath","value":"//android.view.View"}&amp#27;[39m
&amp#27;[38;5;32m[AndroidUiautomator2Driver@7d8a (737cfc75)]&amp#27;[0m Calling AppiumDriver.findElementsFromElement() with args: ["xpath","//android.view.View","00000000-0000-05c2-0000-002900000004","737cfc75-39b7-4d8d-95ca-253dab0f7826"]
&amp#27;[38;5;32m[AndroidUiautomator2Driver@7d8a (737cfc75)]&amp#27;[0m Valid locator strategies for this request: xpath, id, class name, accessibility id, css selector, -android uiautomator
&amp#27;[38;5;32m[AndroidUiautomator2Driver@7d8a (737cfc75)]&amp#27;[0m Waiting up to 0 ms for condition
&amp#27;[38;5;32m[AndroidUiautomator2Driver@7d8a (737cfc75)]&amp#27;[0m Matched '/elements' to command name 'findElements'
&amp#27;[38;5;32m[AndroidUiautomator2Driver@7d8a (737cfc75)]&amp#27;[0m Proxying [POST /elements] to [POST http://127.0.0.1:8240/session/848f67d1-b0ae-4721-9dff-71f52c26d8f9/elements] with body: {"strategy":"xpath","selector":"//android.view.View","context":"00000000-0000-05c2-0000-002900000004","multiple":true}
&amp#27;[38;5;32m[AndroidUiautomator2Driver@7d8a (737cfc75)]&amp#27;[0m Got response with status 200: {"sessionId":"848f67d1-b0ae-4721-9dff-71f52c26d8f9","value":[{"ELEMENT":"00000000-0000-05c2-0000-00db00000004","element-6066-11e4-a52e-4f735466cecf":"00000000-0000-05c2-0000-00db00000004"},{"ELEMENT":"00000000-0000-05c2-0000-00dd00000004","element-6066-11e4-a52e-4f735466cecf":"00000000-0000-05c2-0000-00dd00000004"},{"ELEMENT":"00000000-0000-05c2-0000-00df00000004","element-6066-11e4-a52e-4f735466cecf":"00000000-0000-05c2-0000-00df00000004"},{"ELEMENT":"00000000-0000-05c2-0000-00e100000004","element-6066-11e4-a52e-4f735466cecf":"00000000-0000-05c2-0000-00e100000004"},{"ELEMENT":"00000000-0000-05c2-0000-00e300000004","element-6066-11e4-a52e-4f735466cecf":"00000000-0000-05c2-0000-00e300000004"},{"ELEMENT":"00000000-0000-05c2-0000-00e500000004","element-6066-11e4-a52e-4f735466cecf":"00000000-0000-05c2-0000-00e500000004"},{"ELEMENT":"00000000-0000-05c2-0000-00e700000004","element-6066-11e4-a52e-4f735466cecf":"00000000-0000-05c2-0000-00e700000004"},{"ELEMENT":"00000000-0000-05c2-0000-00e900000004","element-6066-...
&amp#27;[38;5;32m[AndroidUiautomator2Driver@7d8a (737cfc75)]&amp#27;[0m Responding to client with driver.findElementsFromElement() result: [{"element-6066-11e4-a52e-4f735466cecf":"00000000-0000-05c2-0000-00db00000004","ELEMENT":"00000000-0000-05c2-0000-00db00000004"},{"element-6066-11e4-a52e-4f735466cecf":"00000000-0000-05c2-0000-00dd00000004","ELEMENT":"00000000-0000-05c2-0000-00dd00000004"},{"element-6066-11e4-a52e-4f735466cecf":"00000000-0000-05c2-0000-00df00000004","ELEMENT":"00000000-0000-05c2-0000-00df00000004"},{"element-6066-11e4-a52e-4f735466cecf":"00000000-0000-05c2-0000-00e100000004","ELEMENT":"00000000-0000-05c2-0000-00e100000004"},{"element-6066-11e4-a52e-4f735466cecf":"00000000-0000-05c2-0000-00e300000004","ELEMENT":"00000000-0000-05c2-0000-00e300000004"},{"element-6066-11e4-a52e-4f735466cecf":"00000000-0000-05c2-0000-00e500000004","ELEMENT":"00000000-0000-05c2-0000-00e500000004"},{"element-6066-11e4-a52e-4f735466cecf":"00000000-0000-05c2-0000-00e700000004","ELEMENT":"00000000-0000-05c2-0000-00e700000004"},{"element-6066-11e4-a52e-4f735466cecf":"00000000-0000-05c2-0000-00e900000004","ELEMENT":"00000000-0000-05c2-0000-00e90000000...
&amp#27;[38;5;0m[HTTP]&amp#27;[0m &amp#27;[37m<-- POST /session/737cfc75-39b7-4d8d-95ca-253dab0f7826/element/00000000-0000-05c2-0000-002900000004/elements &amp#27;[39m&amp#27;[32m200&amp#27;[39m &amp#27;[90m48 ms - 2059&amp#27;[39m
&amp#27;[38;5;0m[HTTP]&amp#27;[0m &amp#27;[90m&amp#27;[39m
&amp#27;[38;5;0m[HTTP]&amp#27;[0m &amp#27;[37m-->&amp#27;[39m &amp#27;[37mGET&amp#27;[39m &amp#27;[37m/session/737cfc75-39b7-4d8d-95ca-253dab0f7826/element/00000000-0000-05c2-0000-00db00000004/text&amp#27;[39m
&amp#27;[38;5;0m[HTTP]&amp#27;[0m &amp#27;[90m{}&amp#27;[39m
&amp#27;[38;5;32m[AndroidUiautomator2Driver@7d8a (737cfc75)]&amp#27;[0m Driver proxy active, passing request on via HTTP proxy
&amp#27;[38;5;32m[AndroidUiautomator2Driver@7d8a (737cfc75)]&amp#27;[0m Matched '/session/737cfc75-39b7-4d8d-95ca-253dab0f7826/element/00000000-0000-05c2-0000-00db00000004/text' to command name 'getText'
&amp#27;[38;5;32m[AndroidUiautomator2Driver@7d8a (737cfc75)]&amp#27;[0m Proxying [GET /session/737cfc75-39b7-4d8d-95ca-253dab0f7826/element/00000000-0000-05c2-0000-00db00000004/text] to [GET http://127.0.0.1:8240/session/848f67d1-b0ae-4721-9dff-71f52c26d8f9/element/00000000-0000-05c2-0000-00db00000004/text] with no body
&amp#27;[38;5;32m[AndroidUiautomator2Driver@7d8a (737cfc75)]&amp#27;[0m Got response with status 200: {"sessionId":"848f67d1-b0ae-4721-9dff-71f52c26d8f9","value":"20:00"}
&amp#27;[38;5;32m[AndroidUiautomator2Driver@7d8a (737cfc75)]&amp#27;[0m Replacing sessionId 848f67d1-b0ae-4721-9dff-71f52c26d8f9 with 737cfc75-39b7-4d8d-95ca-253dab0f7826
&amp#27;[38;5;0m[HTTP]&amp#27;[0m &amp#27;[37m<-- GET /session/737cfc75-39b7-4d8d-95ca-253dab0f7826/element/00000000-0000-05c2-0000-00db00000004/text &amp#27;[39m&amp#27;[32m200&amp#27;[39m &amp#27;[90m9 ms - 68&amp#27;[39m
&amp#27;[38;5;0m[HTTP]&amp#27;[0m &amp#27;[90m&amp#27;[39m
&amp#27;[38;5;0m[HTTP]&amp#27;[0m &amp#27;[37m-->&amp#27;[39m &amp#27;[37mGET&amp#27;[39m &amp#27;[37m/session/737cfc75-39b7-4d8d-95ca-253dab0f7826/element/00000000-0000-05c2-0000-00dd00000004/text&amp#27;[39m
&amp#27;[38;5;0m[HTTP]&amp#27;[0m &amp#27;[90m{}&amp#27;[39m
&amp#27;[38;5;32m[AndroidUiautomator2Driver@7d8a (737cfc75)]&amp#27;[0m Driver proxy active, passing request on via HTTP proxy
&amp#27;[38;5;32m[AndroidUiautomator2Driver@7d8a (737cfc75)]&amp#27;[0m Matched '/session/737cfc75-39b7-4d8d-95ca-253dab0f7826/element/00000000-0000-05c2-0000-00dd00000004/text' to command name 'getText'
&amp#27;[38;5;32m[AndroidUiautomator2Driver@7d8a (737cfc75)]&amp#27;[0m Proxying [GET /session/737cfc75-39b7-4d8d-95ca-253dab0f7826/element/00000000-0000-05c2-0000-00dd00000004/text] to [GET http://127.0.0.1:8240/session/848f67d1-b0ae-4721-9dff-71f52c26d8f9/element/00000000-0000-05c2-0000-00dd00000004/text] with no body
&amp#27;[38;5;32m[AndroidUiautomator2Driver@7d8a (737cfc75)]&amp#27;[0m Got response with status 200: {"sessionId":"848f67d1-b0ae-4721-9dff-71f52c26d8f9","value":"overcast clouds"}
&amp#27;[38;5;32m[AndroidUiautomator2Driver@7d8a (737cfc75)]&amp#27;[0m Replacing sessionId 848f67d1-b0ae-4721-9dff-71f52c26d8f9 with 737cfc75-39b7-4d8d-95ca-253dab0f7826
&amp#27;[38;5;0m[HTTP]&amp#27;[0m &amp#27;[37m<-- GET /session/737cfc75-39b7-4d8d-95ca-253dab0f7826/element/00000000-0000-05c2-0000-00dd00000004/text &amp#27;[39m&amp#27;[32m200&amp#27;[39m &amp#27;[90m9 ms - 78&amp#27;[39m
&amp#27;[38;5;0m[HTTP]&amp#27;[0m &amp#27;[90m&amp#27;[39m
&amp#27;[38;5;0m[HTTP]&amp#27;[0m &amp#27;[37m-->&amp#27;[39m &amp#27;[37mGET&amp#27;[39m &amp#27;[37m/session/737cfc75-39b7-4d8d-95ca-253dab0f7826/element/00000000-0000-05c2-0000-00df00000004/text&amp#27;[39m
&amp#27;[38;5;0m[HTTP]&amp#27;[0m &amp#27;[90m{}&amp#27;[39m
&amp#27;[38;5;32m[AndroidUiautomator2Driver@7d8a (737cfc75)]&amp#27;[0m Driver proxy active, passing request on via HTTP proxy
&amp#27;[38;5;32m[AndroidUiautomator2Driver@7d8a (737cfc75)]&amp#27;[0m Matched '/session/737cfc75-39b7-4d8d-95ca-253dab0f7826/element/00000000-0000-05c2-0000-00df00000004/text' to command name 'getText'
&amp#27;[38;5;32m[AndroidUiautomator2Driver@7d8a (737cfc75)]&amp#27;[0m Proxying [GET /session/737cfc75-39b7-4d8d-95ca-253dab0f7826/element/00000000-0000-05c2-0000-00df00000004/text] to [GET http://127.0.0.1:8240/session/848f67d1-b0ae-4721-9dff-71f52c26d8f9/element/00000000-0000-05c2-0000-00df00000004/text] with no body
&amp#27;[38;5;32m[AndroidUiautomator2Driver@7d8a (737cfc75)]&amp#27;[0m Got response with status 200: {"sessionId":"848f67d1-b0ae-4721-9dff-71f52c26d8f9","value":"96 %"}
&amp#27;[38;5;32m[AndroidUiautomator2Driver@7d8a (737cfc75)]&amp#27;[0m Replacing sessionId 848f67d1-b0ae-4721-9dff-71f52c26d8f9 with 737cfc75-39b7-4d8d-95ca-253dab0f7826
&amp#27;[38;5;0m[HTTP]&amp#27;[0m &amp#27;[37m<-- GET /session/737cfc75-39b7-4d8d-95ca-253dab0f7826/element/00000000-0000-05c2-0000-00df00000004/text &amp#27;[39m&amp#27;[32m200&amp#27;[39m &amp#27;[90m9 ms - 67&amp#27;[39m
&amp#27;[38;5;0m[HTTP]&amp#27;[0m &amp#27;[90m&amp#27;[39m
&amp#27;[38;5;0m[HTTP]&amp#27;[0m &amp#27;[37m-->&amp#27;[39m &amp#27;[37mGET&amp#27;[39m &amp#27;[37m/session/737cfc75-39b7-4d8d-95ca-253dab0f7826/element/00000000-0000-05c2-0000-00e100000004/text&amp#27;[39m
&amp#27;[38;5;0m[HTTP]&amp#27;[0m &amp#27;[90m{}&amp#27;[39m
&amp#27;[38;5;32m[AndroidUiautomator2Driver@7d8a (737cfc75)]&amp#27;[0m Driver proxy active, passing request on via HTTP proxy
&amp#27;[38;5;32m[AndroidUiautomator2Driver@7d8a (737cfc75)]&amp#27;[0m Matched '/session/737cfc75-39b7-4d8d-95ca-253dab0f7826/element/00000000-0000-05c2-0000-00e100000004/text' to command name 'getText'
&amp#27;[38;5;32m[AndroidUiautomator2Driver@7d8a (737cfc75)]&amp#27;[0m Proxying [GET /session/737cfc75-39b7-4d8d-95ca-253dab0f7826/element/00000000-0000-05c2-0000-00e100000004/text] to [GET http://127.0.0.1:8240/session/848f67d1-b0ae-4721-9dff-71f52c26d8f9/element/00000000-0000-05c2-0000-00e100000004/text] with no body
&amp#27;[38;5;32m[AndroidUiautomator2Driver@7d8a (737cfc75)]&amp#27;[0m Got response with status 200: {"sessionId":"848f67d1-b0ae-4721-9dff-71f52c26d8f9","value":"12 Â°C"}
&amp#27;[38;5;32m[AndroidUiautomator2Driver@7d8a (737cfc75)]&amp#27;[0m Replacing sessionId 848f67d1-b0ae-4721-9dff-71f52c26d8f9 with 737cfc75-39b7-4d8d-95ca-253dab0f7826
&amp#27;[38;5;0m[HTTP]&amp#27;[0m &amp#27;[37m<-- GET /session/737cfc75-39b7-4d8d-95ca-253dab0f7826/element/00000000-0000-05c2-0000-00e100000004/text &amp#27;[39m&amp#27;[32m200&amp#27;[39m &amp#27;[90m9 ms - 69&amp#27;[39m
&amp#27;[38;5;0m[HTTP]&amp#27;[0m &amp#27;[90m&amp#27;[39m
&amp#27;[38;5;0m[HTTP]&amp#27;[0m &amp#27;[37m-->&amp#27;[39m &amp#27;[37mGET&amp#27;[39m &amp#27;[37m/session/737cfc75-39b7-4d8d-95ca-253dab0f7826/element/00000000-0000-05c2-0000-00e300000004/text&amp#27;[39m
&amp#27;[38;5;0m[HTTP]&amp#27;[0m &amp#27;[90m{}&amp#27;[39m
&amp#27;[38;5;32m[AndroidUiautomator2Driver@7d8a (737cfc75)]&amp#27;[0m Driver proxy active, passing request on via HTTP proxy
&amp#27;[38;5;32m[AndroidUiautomator2Driver@7d8a (737cfc75)]&amp#27;[0m Matched '/session/737cfc75-39b7-4d8d-95ca-253dab0f7826/element/00000000-0000-05c2-0000-00e300000004/text' to command name 'getText'
&amp#27;[38;5;32m[AndroidUiautomator2Driver@7d8a (737cfc75)]&amp#27;[0m Proxying [GET /session/737cfc75-39b7-4d8d-95ca-253dab0f7826/element/00000000-0000-05c2-0000-00e300000004/text] to [GET http://127.0.0.1:8240/session/848f67d1-b0ae-4721-9dff-71f52c26d8f9/element/00000000-0000-05c2-0000-00e300000004/text] with no body
&amp#27;[38;5;32m[AndroidUiautomator2Driver@7d8a (737cfc75)]&amp#27;[0m Got response with status 200: {"sessionId":"848f67d1-b0ae-4721-9dff-71f52c26d8f9","value":"21:00"}
&amp#27;[38;5;32m[AndroidUiautomator2Driver@7d8a (737cfc75)]&amp#27;[0m Replacing sessionId 848f67d1-b0ae-4721-9dff-71f52c26d8f9 with 737cfc75-39b7-4d8d-95ca-253dab0f7826
&amp#27;[38;5;0m[HTTP]&amp#27;[0m &amp#27;[37m<-- GET /session/737cfc75-39b7-4d8d-95ca-253dab0f7826/element/00000000-0000-05c2-0000-00e300000004/text &amp#27;[39m&amp#27;[32m200&amp#27;[39m &amp#27;[90m9 ms - 68&amp#27;[39m
&amp#27;[38;5;0m[HTTP]&amp#27;[0m &amp#27;[90m&amp#27;[39m
&amp#27;[38;5;0m[HTTP]&amp#27;[0m &amp#27;[37m-->&amp#27;[39m &amp#27;[37mGET&amp#27;[39m &amp#27;[37m/session/737cfc75-39b7-4d8d-95ca-253dab0f7826/element/00000000-0000-05c2-0000-00e500000004/text&amp#27;[39m
&amp#27;[38;5;0m[HTTP]&amp#27;[0m &amp#27;[90m{}&amp#27;[39m
&amp#27;[38;5;32m[AndroidUiautomator2Driver@7d8a (737cfc75)]&amp#27;[0m Driver proxy active, passing request on via HTTP proxy
&amp#27;[38;5;32m[AndroidUiautomator2Driver@7d8a (737cfc75)]&amp#27;[0m Matched '/session/737cfc75-39b7-4d8d-95ca-253dab0f7826/element/00000000-0000-05c2-0000-00e500000004/text' to command name 'getText'
&amp#27;[38;5;32m[AndroidUiautomator2Driver@7d8a (737cfc75)]&amp#27;[0m Proxying [GET /session/737cfc75-39b7-4d8d-95ca-253dab0f7826/element/00000000-0000-05c2-0000-00e500000004/text] to [GET http://127.0.0.1:8240/session/848f67d1-b0ae-4721-9dff-71f52c26d8f9/element/00000000-0000-05c2-0000-00e500000004/text] with no body
&amp#27;[38;5;32m[AndroidUiautomator2Driver@7d8a (737cfc75)]&amp#27;[0m Got response with status 200: {"sessionId":"848f67d1-b0ae-4721-9dff-71f52c26d8f9","value":"overcast clouds"}
&amp#27;[38;5;32m[AndroidUiautomator2Driver@7d8a (737cfc75)]&amp#27;[0m Replacing sessionId 848f67d1-b0ae-4721-9dff-71f52c26d8f9 with 737cfc75-39b7-4d8d-95ca-253dab0f7826
&amp#27;[38;5;0m[HTTP]&amp#27;[0m &amp#27;[37m<-- GET /session/737cfc75-39b7-4d8d-95ca-253dab0f7826/element/00000000-0000-05c2-0000-00e500000004/text &amp#27;[39m&amp#27;[32m200&amp#27;[39m &amp#27;[90m9 ms - 78&amp#27;[39m
&amp#27;[38;5;0m[HTTP]&amp#27;[0m &amp#27;[90m&amp#27;[39m
&amp#27;[38;5;0m[HTTP]&amp#27;[0m &amp#27;[37m-->&amp#27;[39m &amp#27;[37mGET&amp#27;[39m &amp#27;[37m/session/737cfc75-39b7-4d8d-95ca-253dab0f7826/element/00000000-0000-05c2-0000-00e700000004/text&amp#27;[39m
&amp#27;[38;5;0m[HTTP]&amp#27;[0m &amp#27;[90m{}&amp#27;[39m
&amp#27;[38;5;32m[AndroidUiautomator2Driver@7d8a (737cfc75)]&amp#27;[0m Driver proxy active, passing request on via HTTP proxy
&amp#27;[38;5;32m[AndroidUiautomator2Driver@7d8a (737cfc75)]&amp#27;[0m Matched '/session/737cfc75-39b7-4d8d-95ca-253dab0f7826/element/00000000-0000-05c2-0000-00e700000004/text' to command name 'getText'
&amp#27;[38;5;32m[AndroidUiautomator2Driver@7d8a (737cfc75)]&amp#27;[0m Proxying [GET /session/737cfc75-39b7-4d8d-95ca-253dab0f7826/element/00000000-0000-05c2-0000-00e700000004/text] to [GET http://127.0.0.1:8240/session/848f67d1-b0ae-4721-9dff-71f52c26d8f9/element/00000000-0000-05c2-0000-00e700000004/text] with no body
&amp#27;[38;5;32m[AndroidUiautomator2Driver@7d8a (737cfc75)]&amp#27;[0m Got response with status 200: {"sessionId":"848f67d1-b0ae-4721-9dff-71f52c26d8f9","value":"96 %"}
&amp#27;[38;5;32m[AndroidUiautomator2Driver@7d8a (737cfc75)]&amp#27;[0m Replacing sessionId 848f67d1-b0ae-4721-9dff-71f52c26d8f9 with 737cfc75-39b7-4d8d-95ca-253dab0f7826
&amp#27;[38;5;0m[HTTP]&amp#27;[0m &amp#27;[37m<-- GET /session/737cfc75-39b7-4d8d-95ca-253dab0f7826/element/00000000-0000-05c2-0000-00e700000004/text &amp#27;[39m&amp#27;[32m200&amp#27;[39m &amp#27;[90m9 ms - 67&amp#27;[39m
&amp#27;[38;5;0m[HTTP]&amp#27;[0m &amp#27;[90m&amp#27;[39m
&amp#27;[38;5;0m[HTTP]&amp#27;[0m &amp#27;[37m-->&amp#27;[39m &amp#27;[37mGET&amp#27;[39m &amp#27;[37m/session/737cfc75-39b7-4d8d-95ca-253dab0f7826/element/00000000-0000-05c2-0000-00e900000004/text&amp#27;[39m
&amp#27;[38;5;0m[HTTP]&amp#27;[0m &amp#27;[90m{}&amp#27;[39m
&amp#27;[38;5;32m[AndroidUiautomator2Driver@7d8a (737cfc75)]&amp#27;[0m Driver proxy active, passing request on via HTTP proxy
&amp#27;[38;5;32m[AndroidUiautomator2Driver@7d8a (737cfc75)]&amp#27;[0m Matched '/session/737cfc75-39b7-4d8d-95ca-253dab0f7826/element/00000000-0000-05c2-0000-00e900000004/text' to command name 'getText'
&amp#27;[38;5;32m[AndroidUiautomator2Driver@7d8a (737cfc75)]&amp#27;[0m Proxying [GET /session/737cfc75-39b7-4d8d-95ca-253dab0f7826/element/00000000-0000-05c2-0000-00e900000004/text] to [GET http://127.0.0.1:8240/session/848f67d1-b0ae-4721-9dff-71f52c26d8f9/element/00000000-0000-05c2-0000-00e900000004/text] with no body
&amp#27;[38;5;32m[AndroidUiautomator2Driver@7d8a (737cfc75)]&amp#27;[0m Got response with status 200: {"sessionId":"848f67d1-b0ae-4721-9dff-71f52c26d8f9","value":"11 Â°C"}
&amp#27;[38;5;32m[AndroidUiautomator2Driver@7d8a (737cfc75)]&amp#27;[0m Replacing sessionId 848f67d1-b0ae-4721-9dff-71f52c26d8f9 with 737cfc75-39b7-4d8d-95ca-253dab0f7826
&amp#27;[38;5;0m[HTTP]&amp#27;[0m &amp#27;[37m<-- GET /session/737cfc75-39b7-4d8d-95ca-253dab0f7826/element/00000000-0000-05c2-0000-00e900000004/text &amp#27;[39m&amp#27;[32m200&amp#27;[39m &amp#27;[90m8 ms - 69&amp#27;[39m
&amp#27;[38;5;0m[HTTP]&amp#27;[0m &amp#27;[90m&amp#27;[39m
&amp#27;[38;5;0m[HTTP]&amp#27;[0m &amp#27;[37m-->&amp#27;[39m &amp#27;[37mGET&amp#27;[39m &amp#27;[37m/session/737cfc75-39b7-4d8d-95ca-253dab0f7826/element/00000000-0000-05c2-0000-00eb00000004/text&amp#27;[39m
&amp#27;[38;5;0m[HTTP]&amp#27;[0m &amp#27;[90m{}&amp#27;[39m
&amp#27;[38;5;32m[AndroidUiautomator2Driver@7d8a (737cfc75)]&amp#27;[0m Driver proxy active, passing request on via HTTP proxy
&amp#27;[38;5;32m[AndroidUiautomator2Driver@7d8a (737cfc75)]&amp#27;[0m Matched '/session/737cfc75-39b7-4d8d-95ca-253dab0f7826/element/00000000-0000-05c2-0000-00eb00000004/text' to command name 'getText'
&amp#27;[38;5;32m[AndroidUiautomator2Driver@7d8a (737cfc75)]&amp#27;[0m Proxying [GET /session/737cfc75-39b7-4d8d-95ca-253dab0f7826/element/00000000-0000-05c2-0000-00eb00000004/text] to [GET http://127.0.0.1:8240/session/848f67d1-b0ae-4721-9dff-71f52c26d8f9/element/00000000-0000-05c2-0000-00eb00000004/text] with no body
&amp#27;[38;5;32m[AndroidUiautomator2Driver@7d8a (737cfc75)]&amp#27;[0m Got response with status 200: {"sessionId":"848f67d1-b0ae-4721-9dff-71f52c26d8f9","value":"22:00"}
&amp#27;[38;5;32m[AndroidUiautomator2Driver@7d8a (737cfc75)]&amp#27;[0m Replacing sessionId 848f67d1-b0ae-4721-9dff-71f52c26d8f9 with 737cfc75-39b7-4d8d-95ca-253dab0f7826
&amp#27;[38;5;0m[HTTP]&amp#27;[0m &amp#27;[37m<-- GET /session/737cfc75-39b7-4d8d-95ca-253dab0f7826/element/00000000-0000-05c2-0000-00eb00000004/text &amp#27;[39m&amp#27;[32m200&amp#27;[39m &amp#27;[90m9 ms - 68&amp#27;[39m
&amp#27;[38;5;0m[HTTP]&amp#27;[0m &amp#27;[90m&amp#27;[39m
&amp#27;[38;5;0m[HTTP]&amp#27;[0m &amp#27;[37m-->&amp#27;[39m &amp#27;[37mGET&amp#27;[39m &amp#27;[37m/session/737cfc75-39b7-4d8d-95ca-253dab0f7826/element/00000000-0000-05c2-0000-00ed00000004/text&amp#27;[39m
&amp#27;[38;5;0m[HTTP]&amp#27;[0m &amp#27;[90m{}&amp#27;[39m
&amp#27;[38;5;32m[AndroidUiautomator2Driver@7d8a (737cfc75)]&amp#27;[0m Driver proxy active, passing request on via HTTP proxy
&amp#27;[38;5;32m[AndroidUiautomator2Driver@7d8a (737cfc75)]&amp#27;[0m Matched '/session/737cfc75-39b7-4d8d-95ca-253dab0f7826/element/00000000-0000-05c2-0000-00ed00000004/text' to command name 'getText'
&amp#27;[38;5;32m[AndroidUiautomator2Driver@7d8a (737cfc75)]&amp#27;[0m Proxying [GET /session/737cfc75-39b7-4d8d-95ca-253dab0f7826/element/00000000-0000-05c2-0000-00ed00000004/text] to [GET http://127.0.0.1:8240/session/848f67d1-b0ae-4721-9dff-71f52c26d8f9/element/00000000-0000-05c2-0000-00ed00000004/text] with no body
&amp#27;[38;5;32m[AndroidUiautomator2Driver@7d8a (737cfc75)]&amp#27;[0m Got response with status 200: {"sessionId":"848f67d1-b0ae-4721-9dff-71f52c26d8f9","value":"overcast clouds"}
&amp#27;[38;5;32m[AndroidUiautomator2Driver@7d8a (737cfc75)]&amp#27;[0m Replacing sessionId 848f67d1-b0ae-4721-9dff-71f52c26d8f9 with 737cfc75-39b7-4d8d-95ca-253dab0f7826
&amp#27;[38;5;0m[HTTP]&amp#27;[0m &amp#27;[37m<-- GET /session/737cfc75-39b7-4d8d-95ca-253dab0f7826/element/00000000-0000-05c2-0000-00ed00000004/text &amp#27;[39m&amp#27;[32m200&amp#27;[39m &amp#27;[90m10 ms - 78&amp#27;[39m
&amp#27;[38;5;0m[HTTP]&amp#27;[0m &amp#27;[90m&amp#27;[39m
&amp#27;[38;5;0m[HTTP]&amp#27;[0m &amp#27;[37m-->&amp#27;[39m &amp#27;[37mGET&amp#27;[39m &amp#27;[37m/session/737cfc75-39b7-4d8d-95ca-253dab0f7826/element/00000000-0000-05c2-0000-00ef00000004/text&amp#27;[39m
&amp#27;[38;5;0m[HTTP]&amp#27;[0m &amp#27;[90m{}&amp#27;[39m
&amp#27;[38;5;32m[AndroidUiautomator2Driver@7d8a (737cfc75)]&amp#27;[0m Driver proxy active, passing request on via HTTP proxy
&amp#27;[38;5;32m[AndroidUiautomator2Driver@7d8a (737cfc75)]&amp#27;[0m Matched '/session/737cfc75-39b7-4d8d-95ca-253dab0f7826/element/00000000-0000-05c2-0000-00ef00000004/text' to command name 'getText'
&amp#27;[38;5;32m[AndroidUiautomator2Driver@7d8a (737cfc75)]&amp#27;[0m Proxying [GET /session/737cfc75-39b7-4d8d-95ca-253dab0f7826/element/00000000-0000-05c2-0000-00ef00000004/text] to [GET http://127.0.0.1:8240/session/848f67d1-b0ae-4721-9dff-71f52c26d8f9/element/00000000-0000-05c2-0000-00ef00000004/text] with no body
&amp#27;[38;5;32m[AndroidUiautomator2Driver@7d8a (737cfc75)]&amp#27;[0m Got response with status 200: {"sessionId":"848f67d1-b0ae-4721-9dff-71f52c26d8f9","value":"95 %"}
&amp#27;[38;5;32m[AndroidUiautomator2Driver@7d8a (737cfc75)]&amp#27;[0m Replacing sessionId 848f67d1-b0ae-4721-9dff-71f52c26d8f9 with 737cfc75-39b7-4d8d-95ca-253dab0f7826
&amp#27;[38;5;0m[HTTP]&amp#27;[0m &amp#27;[37m<-- GET /session/737cfc75-39b7-4d8d-95ca-253dab0f7826/element/00000000-0000-05c2-0000-00ef00000004/text &amp#27;[39m&amp#27;[32m200&amp#27;[39m &amp#27;[90m10 ms - 67&amp#27;[39m
&amp#27;[38;5;0m[HTTP]&amp#27;[0m &amp#27;[90m&amp#27;[39m
&amp#27;[38;5;0m[HTTP]&amp#27;[0m &amp#27;[37m-->&amp#27;[39m &amp#27;[37mGET&amp#27;[39m &amp#27;[37m/session/737cfc75-39b7-4d8d-95ca-253dab0f7826/element/00000000-0000-05c2-0000-00f100000004/text&amp#27;[39m
&amp#27;[38;5;0m[HTTP]&amp#27;[0m &amp#27;[90m{}&amp#27;[39m
&amp#27;[38;5;32m[AndroidUiautomator2Driver@7d8a (737cfc75)]&amp#27;[0m Driver proxy active, passing request on via HTTP proxy
&amp#27;[38;5;32m[AndroidUiautomator2Driver@7d8a (737cfc75)]&amp#27;[0m Matched '/session/737cfc75-39b7-4d8d-95ca-253dab0f7826/element/00000000-0000-05c2-0000-00f100000004/text' to command name 'getText'
&amp#27;[38;5;32m[AndroidUiautomator2Driver@7d8a (737cfc75)]&amp#27;[0m Proxying [GET /session/737cfc75-39b7-4d8d-95ca-253dab0f7826/element/00000000-0000-05c2-0000-00f100000004/text] to [GET http://127.0.0.1:8240/session/848f67d1-b0ae-4721-9dff-71f52c26d8f9/element/00000000-0000-05c2-0000-00f100000004/text] with no body
&amp#27;[38;5;32m[AndroidUiautomator2Driver@7d8a (737cfc75)]&amp#27;[0m Got response with status 200: {"sessionId":"848f67d1-b0ae-4721-9dff-71f52c26d8f9","value":"11 Â°C"}
&amp#27;[38;5;32m[AndroidUiautomator2Driver@7d8a (737cfc75)]&amp#27;[0m Replacing sessionId 848f67d1-b0ae-4721-9dff-71f52c26d8f9 with 737cfc75-39b7-4d8d-95ca-253dab0f7826
&amp#27;[38;5;0m[HTTP]&amp#27;[0m &amp#27;[37m<-- GET /session/737cfc75-39b7-4d8d-95ca-253dab0f7826/element/00000000-0000-05c2-0000-00f100000004/text &amp#27;[39m&amp#27;[32m200&amp#27;[39m &amp#27;[90m9 ms - 69&amp#27;[39m
&amp#27;[38;5;0m[HTTP]&amp#27;[0m &amp#27;[90m&amp#27;[39m
&amp#27;[38;5;0m[HTTP]&amp#27;[0m &amp#27;[37m-->&amp#27;[39m &amp#27;[37mGET&amp#27;[39m &amp#27;[37m/session/737cfc75-39b7-4d8d-95ca-253dab0f7826/element/00000000-0000-05c2-0000-00f300000004/text&amp#27;[39m
&amp#27;[38;5;0m[HTTP]&amp#27;[0m &amp#27;[90m{}&amp#27;[39m
&amp#27;[38;5;32m[AndroidUiautomator2Driver@7d8a (737cfc75)]&amp#27;[0m Driver proxy active, passing request on via HTTP proxy
&amp#27;[38;5;32m[AndroidUiautomator2Driver@7d8a (737cfc75)]&amp#27;[0m Matched '/session/737cfc75-39b7-4d8d-95ca-253dab0f7826/element/00000000-0000-05c2-0000-00f300000004/text' to command name 'getText'
&amp#27;[38;5;32m[AndroidUiautomator2Driver@7d8a (737cfc75)]&amp#27;[0m Proxying [GET /session/737cfc75-39b7-4d8d-95ca-253dab0f7826/element/00000000-0000-05c2-0000-00f300000004/text] to [GET http://127.0.0.1:8240/session/848f67d1-b0ae-4721-9dff-71f52c26d8f9/element/00000000-0000-05c2-0000-00f300000004/text] with no body
&amp#27;[38;5;32m[AndroidUiautomator2Driver@7d8a (737cfc75)]&amp#27;[0m Got response with status 200: {"sessionId":"848f67d1-b0ae-4721-9dff-71f52c26d8f9","value":"23:00"}
&amp#27;[38;5;32m[AndroidUiautomator2Driver@7d8a (737cfc75)]&amp#27;[0m Replacing sessionId 848f67d1-b0ae-4721-9dff-71f52c26d8f9 with 737cfc75-39b7-4d8d-95ca-253dab0f7826
&amp#27;[38;5;0m[HTTP]&amp#27;[0m &amp#27;[37m<-- GET /session/737cfc75-39b7-4d8d-95ca-253dab0f7826/element/00000000-0000-05c2-0000-00f300000004/text &amp#27;[39m&amp#27;[32m200&amp#27;[39m &amp#27;[90m9 ms - 68&amp#27;[39m
&amp#27;[38;5;0m[HTTP]&amp#27;[0m &amp#27;[90m&amp#27;[39m
&amp#27;[38;5;0m[HTTP]&amp#27;[0m &amp#27;[37m-->&amp#27;[39m &amp#27;[37mGET&amp#27;[39m &amp#27;[37m/session/737cfc75-39b7-4d8d-95ca-253dab0f7826/element/00000000-0000-05c2-0000-00f500000004/text&amp#27;[39m
&amp#27;[38;5;0m[HTTP]&amp#27;[0m &amp#27;[90m{}&amp#27;[39m
&amp#27;[38;5;32m[AndroidUiautomator2Driver@7d8a (737cfc75)]&amp#27;[0m Driver proxy active, passing request on via HTTP proxy
&amp#27;[38;5;32m[AndroidUiautomator2Driver@7d8a (737cfc75)]&amp#27;[0m Matched '/session/737cfc75-39b7-4d8d-95ca-253dab0f7826/element/00000000-0000-05c2-0000-00f500000004/text' to command name 'getText'
&amp#27;[38;5;32m[AndroidUiautomator2Driver@7d8a (737cfc75)]&amp#27;[0m Proxying [GET /session/737cfc75-39b7-4d8d-95ca-253dab0f7826/element/00000000-0000-05c2-0000-00f500000004/text] to [GET http://127.0.0.1:8240/session/848f67d1-b0ae-4721-9dff-71f52c26d8f9/element/00000000-0000-05c2-0000-00f500000004/text] with no body
&amp#27;[38;5;32m[AndroidUiautomator2Driver@7d8a (737cfc75)]&amp#27;[0m Got response with status 200: {"sessionId":"848f67d1-b0ae-4721-9dff-71f52c26d8f9","value":"overcast clouds"}
&amp#27;[38;5;32m[AndroidUiautomator2Driver@7d8a (737cfc75)]&amp#27;[0m Replacing sessionId 848f67d1-b0ae-4721-9dff-71f52c26d8f9 with 737cfc75-39b7-4d8d-95ca-253dab0f7826
&amp#27;[38;5;0m[HTTP]&amp#27;[0m &amp#27;[37m<-- GET /session/737cfc75-39b7-4d8d-95ca-253dab0f7826/element/00000000-0000-05c2-0000-00f500000004/text &amp#27;[39m&amp#27;[32m200&amp#27;[39m &amp#27;[90m10 ms - 78&amp#27;[39m
&amp#27;[38;5;0m[HTTP]&amp#27;[0m &amp#27;[90m&amp#27;[39m
&amp#27;[38;5;0m[HTTP]&amp#27;[0m &amp#27;[37m-->&amp#27;[39m &amp#27;[37mGET&amp#27;[39m &amp#27;[37m/session/737cfc75-39b7-4d8d-95ca-253dab0f7826/element/00000000-0000-05c2-0000-00f700000004/text&amp#27;[39m
&amp#27;[38;5;0m[HTTP]&amp#27;[0m &amp#27;[90m{}&amp#27;[39m
&amp#27;[38;5;32m[AndroidUiautomator2Driver@7d8a (737cfc75)]&amp#27;[0m Driver proxy active, passing request on via HTTP proxy
&amp#27;[38;5;32m[AndroidUiautomator2Driver@7d8a (737cfc75)]&amp#27;[0m Matched '/session/737cfc75-39b7-4d8d-95ca-253dab0f7826/element/00000000-0000-05c2-0000-00f700000004/text' to command name 'getText'
&amp#27;[38;5;32m[AndroidUiautomator2Driver@7d8a (737cfc75)]&amp#27;[0m Proxying [GET /session/737cfc75-39b7-4d8d-95ca-253dab0f7826/element/00000000-0000-05c2-0000-00f700000004/text] to [GET http://127.0.0.1:8240/session/848f67d1-b0ae-4721-9dff-71f52c26d8f9/element/00000000-0000-05c2-0000-00f700000004/text] with no body
&amp#27;[38;5;32m[AndroidUiautomator2Driver@7d8a (737cfc75)]&amp#27;[0m Got response with status 200: {"sessionId":"848f67d1-b0ae-4721-9dff-71f52c26d8f9","value":"90 %"}
&amp#27;[38;5;32m[AndroidUiautomator2Driver@7d8a (737cfc75)]&amp#27;[0m Replacing sessionId 848f67d1-b0ae-4721-9dff-71f52c26d8f9 with 737cfc75-39b7-4d8d-95ca-253dab0f7826
&amp#27;[38;5;0m[HTTP]&amp#27;[0m &amp#27;[37m<-- GET /session/737cfc75-39b7-4d8d-95ca-253dab0f7826/element/00000000-0000-05c2-0000-00f700000004/text &amp#27;[39m&amp#27;[32m200&amp#27;[39m &amp#27;[90m9 ms - 67&amp#27;[39m
&amp#27;[38;5;0m[HTTP]&amp#27;[0m &amp#27;[90m&amp#27;[39m
&amp#27;[38;5;0m[HTTP]&amp#27;[0m &amp#27;[37m-->&amp#27;[39m &amp#27;[37mGET&amp#27;[39m &amp#27;[37m/session/737cfc75-39b7-4d8d-95ca-253dab0f7826/element/00000000-0000-05c2-0000-00f900000004/text&amp#27;[39m
&amp#27;[38;5;0m[HTTP]&amp#27;[0m &amp#27;[90m{}&amp#27;[39m
&amp#27;[38;5;32m[AndroidUiautomator2Driver@7d8a (737cfc75)]&amp#27;[0m Driver proxy active, passing request on via HTTP proxy
&amp#27;[38;5;32m[AndroidUiautomator2Driver@7d8a (737cfc75)]&amp#27;[0m Matched '/session/737cfc75-39b7-4d8d-95ca-253dab0f7826/element/00000000-0000-05c2-0000-00f900000004/text' to command name 'getText'
&amp#27;[38;5;32m[AndroidUiautomator2Driver@7d8a (737cfc75)]&amp#27;[0m Proxying [GET /session/737cfc75-39b7-4d8d-95ca-253dab0f7826/element/00000000-0000-05c2-0000-00f900000004/text] to [GET http://127.0.0.1:8240/session/848f67d1-b0ae-4721-9dff-71f52c26d8f9/element/00000000-0000-05c2-0000-00f900000004/text] with no body
&amp#27;[38;5;32m[AndroidUiautomator2Driver@7d8a (737cfc75)]&amp#27;[0m Got response with status 200: {"sessionId":"848f67d1-b0ae-4721-9dff-71f52c26d8f9","value":"12 Â°C"}
&amp#27;[38;5;32m[AndroidUiautomator2Driver@7d8a (737cfc75)]&amp#27;[0m Replacing sessionId 848f67d1-b0ae-4721-9dff-71f52c26d8f9 with 737cfc75-39b7-4d8d-95ca-253dab0f7826
&amp#27;[38;5;0m[HTTP]&amp#27;[0m &amp#27;[37m<-- GET /session/737cfc75-39b7-4d8d-95ca-253dab0f7826/element/00000000-0000-05c2-0000-00f900000004/text &amp#27;[39m&amp#27;[32m200&amp#27;[39m &amp#27;[90m9 ms - 69&amp#27;[39m
&amp#27;[38;5;0m[HTTP]&amp#27;[0m &amp#27;[90m&amp#27;[39m
&amp#27;[38;5;0m[HTTP]&amp#27;[0m &amp#27;[37m-->&amp#27;[39m &amp#27;[37mPOST&amp#27;[39m &amp#27;[37m/session/737cfc75-39b7-4d8d-95ca-253dab0f7826/execute/sync&amp#27;[39m
&amp#27;[38;5;0m[HTTP]&amp#27;[0m &amp#27;[90m{"script":"mobile: swipeGesture","args":[{"elementId":"00000000-0000-05c2-0000-002900000004","percent":0.4,"speed":320,"direction":"left"}]}&amp#27;[39m
&amp#27;[38;5;32m[AndroidUiautomator2Driver@7d8a (737cfc75)]&amp#27;[0m Calling AppiumDriver.execute() with args: ["mobile: swipeGesture",[{"elementId":"00000000-0000-05c2-0000-002900000004","percent":0.4,"speed":320,"direction":"left"}],"737cfc75-39b7-4d8d-95ca-253dab0f7826"]
&amp#27;[38;5;32m[AndroidUiautomator2Driver@7d8a (737cfc75)]&amp#27;[0m Executing method 'mobile: swipeGesture'
&amp#27;[38;5;32m[AndroidUiautomator2Driver@7d8a (737cfc75)]&amp#27;[0m Proxying [POST /appium/gestures/swipe] to [POST http://127.0.0.1:8240/session/848f67d1-b0ae-4721-9dff-71f52c26d8f9/appium/gestures/swipe] with body: {"origin":{"ELEMENT":"00000000-0000-05c2-0000-002900000004","element-6066-11e4-a52e-4f735466cecf":"00000000-0000-05c2-0000-002900000004"},"direction":"left","percent":0.4,"speed":320}
&amp#27;[38;5;32m[AndroidUiautomator2Driver@7d8a (737cfc75)]&amp#27;[0m Got response with status 200: {"sessionId":"848f67d1-b0ae-4721-9dff-71f52c26d8f9","value":null}
&amp#27;[38;5;32m[AndroidUiautomator2Driver@7d8a (737cfc75)]&amp#27;[0m Responding to client with driver.execute() result: null
&amp#27;[38;5;0m[HTTP]&amp#27;[0m &amp#27;[37m<-- POST /session/737cfc75-39b7-4d8d-95ca-253dab0f7826/execute/sync &amp#27;[39m&amp#27;[32m200&amp#27;[39m &amp#27;[90m1547 ms - 14&amp#27;[39m
&amp#27;[38;5;0m[HTTP]&amp#27;[0m &amp#27;[90m&amp#27;[39m
&amp#27;[38;5;0m[HTTP]&amp#27;[0m &amp#27;[37m-->&amp#27;[39m &amp#27;[37mPOST&amp#27;[39m &amp#27;[37m/session/737cfc75-39b7-4d8d-95ca-253dab0f7826/elements&amp#27;[39m
&amp#27;[38;5;0m[HTTP]&amp#27;[0m &amp#27;[90m{"using":"xpath","value":"//android.widget.HorizontalScrollView"}&amp#27;[39m
&amp#27;[38;5;32m[AndroidUiautomator2Driver@7d8a (737cfc75)]&amp#27;[0m Calling AppiumDriver.findElements() with args: ["xpath","//android.widget.HorizontalScrollView","737cfc75-39b7-4d8d-95ca-253dab0f7826"]
&amp#27;[38;5;32m[AndroidUiautomator2Driver@7d8a (737cfc75)]&amp#27;[0m Valid locator strategies for this request: xpath, id, class name, accessibility id, css selector, -android uiautomator
&amp#27;[38;5;32m[AndroidUiautomator2Driver@7d8a (737cfc75)]&amp#27;[0m Waiting up to 0 ms for condition
&amp#27;[38;5;32m[AndroidUiautomator2Driver@7d8a (737cfc75)]&amp#27;[0m Matched '/elements' to command name 'findElements'
&amp#27;[38;5;32m[AndroidUiautomator2Driver@7d8a (737cfc75)]&amp#27;[0m Proxying [POST /elements] to [POST http://127.0.0.1:8240/session/848f67d1-b0ae-4721-9dff-71f52c26d8f9/elements] with body: {"strategy":"xpath","selector":"//android.widget.HorizontalScrollView","context":"","multiple":true}
&amp#27;[38;5;32m[AndroidUiautomator2Driver@7d8a (737cfc75)]&amp#27;[0m Got response with status 200: {"sessionId":"848f67d1-b0ae-4721-9dff-71f52c26d8f9","value":[{"ELEMENT":"00000000-0000-05c2-0000-002900000004","element-6066-11e4-a52e-4f735466cecf":"00000000-0000-05c2-0000-002900000004"},{"ELEMENT":"00000000-0000-05c2-0000-002a00000004","element-6066-11e4-a52e-4f735466cecf":"00000000-0000-05c2-0000-002a00000004"}]}
&amp#27;[38;5;32m[AndroidUiautomator2Driver@7d8a (737cfc75)]&amp#27;[0m Responding to client with driver.findElements() result: [{"element-6066-11e4-a52e-4f735466cecf":"00000000-0000-05c2-0000-002900000004","ELEMENT":"00000000-0000-05c2-0000-002900000004"},{"element-6066-11e4-a52e-4f735466cecf":"00000000-0000-05c2-0000-002a00000004","ELEMENT":"00000000-0000-05c2-0000-002a00000004"}]
&amp#27;[38;5;0m[HTTP]&amp#27;[0m &amp#27;[37m<-- POST /session/737cfc75-39b7-4d8d-95ca-253dab0f7826/elements &amp#27;[39m&amp#27;[32m200&amp#27;[39m &amp#27;[90m103 ms - 267&amp#27;[39m
&amp#27;[38;5;0m[HTTP]&amp#27;[0m &amp#27;[90m&amp#27;[39m
&amp#27;[38;5;0m[HTTP]&amp#27;[0m &amp#27;[37m-->&amp#27;[39m &amp#27;[37mPOST&amp#27;[39m &amp#27;[37m/session/737cfc75-39b7-4d8d-95ca-253dab0f7826/element/00000000-0000-05c2-0000-002900000004/elements&amp#27;[39m
&amp#27;[38;5;0m[HTTP]&amp#27;[0m &amp#27;[90m{"id":"00000000-0000-05c2-0000-002900000004","using":"xpath","value":"//android.view.View"}&amp#27;[39m
&amp#27;[38;5;32m[AndroidUiautomator2Driver@7d8a (737cfc75)]&amp#27;[0m Calling AppiumDriver.findElementsFromElement() with args: ["xpath","//android.view.View","00000000-0000-05c2-0000-002900000004","737cfc75-39b7-4d8d-95ca-253dab0f7826"]
&amp#27;[38;5;32m[AndroidUiautomator2Driver@7d8a (737cfc75)]&amp#27;[0m Valid locator strategies for this request: xpath, id, class name, accessibility id, css selector, -android uiautomator
&amp#27;[38;5;32m[AndroidUiautomator2Driver@7d8a (737cfc75)]&amp#27;[0m Waiting up to 0 ms for condition
&amp#27;[38;5;32m[AndroidUiautomator2Driver@7d8a (737cfc75)]&amp#27;[0m Matched '/elements' to command name 'findElements'
&amp#27;[38;5;32m[AndroidUiautomator2Driver@7d8a (737cfc75)]&amp#27;[0m Proxying [POST /elements] to [POST http://127.0.0.1:8240/session/848f67d1-b0ae-4721-9dff-71f52c26d8f9/elements] with body: {"strategy":"xpath","selector":"//android.view.View","context":"00000000-0000-05c2-0000-002900000004","multiple":true}
&amp#27;[38;5;32m[AndroidUiautomator2Driver@7d8a (737cfc75)]&amp#27;[0m Got response with status 200: {"sessionId":"848f67d1-b0ae-4721-9dff-71f52c26d8f9","value":[{"ELEMENT":"00000000-0000-05c2-0000-00e300000004","element-6066-11e4-a52e-4f735466cecf":"00000000-0000-05c2-0000-00e300000004"},{"ELEMENT":"00000000-0000-05c2-0000-00e500000004","element-6066-11e4-a52e-4f735466cecf":"00000000-0000-05c2-0000-00e500000004"},{"ELEMENT":"00000000-0000-05c2-0000-00e700000004","element-6066-11e4-a52e-4f735466cecf":"00000000-0000-05c2-0000-00e700000004"},{"ELEMENT":"00000000-0000-05c2-0000-00e900000004","element-6066-11e4-a52e-4f735466cecf":"00000000-0000-05c2-0000-00e900000004"},{"ELEMENT":"00000000-0000-05c2-0000-00eb00000004","element-6066-11e4-a52e-4f735466cecf":"00000000-0000-05c2-0000-00eb00000004"},{"ELEMENT":"00000000-0000-05c2-0000-00ed00000004","element-6066-11e4-a52e-4f735466cecf":"00000000-0000-05c2-0000-00ed00000004"},{"ELEMENT":"00000000-0000-05c2-0000-00ef00000004","element-6066-11e4-a52e-4f735466cecf":"00000000-0000-05c2-0000-00ef00000004"},{"ELEMENT":"00000000-0000-05c2-0000-00f100000004","element-6066-...
&amp#27;[38;5;32m[AndroidUiautomator2Driver@7d8a (737cfc75)]&amp#27;[0m Responding to client with driver.findElementsFromElement() result: [{"element-6066-11e4-a52e-4f735466cecf":"00000000-0000-05c2-0000-00e300000004","ELEMENT":"00000000-0000-05c2-0000-00e300000004"},{"element-6066-11e4-a52e-4f735466cecf":"00000000-0000-05c2-0000-00e500000004","ELEMENT":"00000000-0000-05c2-0000-00e500000004"},{"element-6066-11e4-a52e-4f735466cecf":"00000000-0000-05c2-0000-00e700000004","ELEMENT":"00000000-0000-05c2-0000-00e700000004"},{"element-6066-11e4-a52e-4f735466cecf":"00000000-0000-05c2-0000-00e900000004","ELEMENT":"00000000-0000-05c2-0000-00e900000004"},{"element-6066-11e4-a52e-4f735466cecf":"00000000-0000-05c2-0000-00eb00000004","ELEMENT":"00000000-0000-05c2-0000-00eb00000004"},{"element-6066-11e4-a52e-4f735466cecf":"00000000-0000-05c2-0000-00ed00000004","ELEMENT":"00000000-0000-05c2-0000-00ed00000004"},{"element-6066-11e4-a52e-4f735466cecf":"00000000-0000-05c2-0000-00ef00000004","ELEMENT":"00000000-0000-05c2-0000-00ef00000004"},{"element-6066-11e4-a52e-4f735466cecf":"00000000-0000-05c2-0000-00f100000004","ELEMENT":"00000000-0000-05c2-0000-00f10000000...
&amp#27;[38;5;0m[HTTP]&amp#27;[0m &amp#27;[37m<-- POST /session/737cfc75-39b7-4d8d-95ca-253dab0f7826/element/00000000-0000-05c2-0000-002900000004/elements &amp#27;[39m&amp#27;[32m200&amp#27;[39m &amp#27;[90m45 ms - 2059&amp#27;[39m
&amp#27;[38;5;0m[HTTP]&amp#27;[0m &amp#27;[90m&amp#27;[39m
&amp#27;[38;5;0m[HTTP]&amp#27;[0m &amp#27;[37m-->&amp#27;[39m &amp#27;[37mGET&amp#27;[39m &amp#27;[37m/session/737cfc75-39b7-4d8d-95ca-253dab0f7826/element/00000000-0000-05c2-0000-00e300000004/text&amp#27;[39m
&amp#27;[38;5;0m[HTTP]&amp#27;[0m &amp#27;[90m{}&amp#27;[39m
&amp#27;[38;5;32m[AndroidUiautomator2Driver@7d8a (737cfc75)]&amp#27;[0m Driver proxy active, passing request on via HTTP proxy
&amp#27;[38;5;32m[AndroidUiautomator2Driver@7d8a (737cfc75)]&amp#27;[0m Matched '/session/737cfc75-39b7-4d8d-95ca-253dab0f7826/element/00000000-0000-05c2-0000-00e300000004/text' to command name 'getText'
&amp#27;[38;5;32m[AndroidUiautomator2Driver@7d8a (737cfc75)]&amp#27;[0m Proxying [GET /session/737cfc75-39b7-4d8d-95ca-253dab0f7826/element/00000000-0000-05c2-0000-00e300000004/text] to [GET http://127.0.0.1:8240/session/848f67d1-b0ae-4721-9dff-71f52c26d8f9/element/00000000-0000-05c2-0000-00e300000004/text] with no body
&amp#27;[38;5;32m[AndroidUiautomator2Driver@7d8a (737cfc75)]&amp#27;[0m Got response with status 200: {"sessionId":"848f67d1-b0ae-4721-9dff-71f52c26d8f9","value":"21:00"}
&amp#27;[38;5;32m[AndroidUiautomator2Driver@7d8a (737cfc75)]&amp#27;[0m Replacing sessionId 848f67d1-b0ae-4721-9dff-71f52c26d8f9 with 737cfc75-39b7-4d8d-95ca-253dab0f7826
&amp#27;[38;5;0m[HTTP]&amp#27;[0m &amp#27;[37m<-- GET /session/737cfc75-39b7-4d8d-95ca-253dab0f7826/element/00000000-0000-05c2-0000-00e300000004/text &amp#27;[39m&amp#27;[32m200&amp#27;[39m &amp#27;[90m9 ms - 68&amp#27;[39m
&amp#27;[38;5;0m[HTTP]&amp#27;[0m &amp#27;[90m&amp#27;[39m
&amp#27;[38;5;0m[HTTP]&amp#27;[0m &amp#27;[37m-->&amp#27;[39m &amp#27;[37mGET&amp#27;[39m &amp#27;[37m/session/737cfc75-39b7-4d8d-95ca-253dab0f7826/element/00000000-0000-05c2-0000-00e500000004/text&amp#27;[39m
&amp#27;[38;5;0m[HTTP]&amp#27;[0m &amp#27;[90m{}&amp#27;[39m
&amp#27;[38;5;32m[AndroidUiautomator2Driver@7d8a (737cfc75)]&amp#27;[0m Driver proxy active, passing request on via HTTP proxy
&amp#27;[38;5;32m[AndroidUiautomator2Driver@7d8a (737cfc75)]&amp#27;[0m Matched '/session/737cfc75-39b7-4d8d-95ca-253dab0f7826/element/00000000-0000-05c2-0000-00e500000004/text' to command name 'getText'
&amp#27;[38;5;32m[AndroidUiautomator2Driver@7d8a (737cfc75)]&amp#27;[0m Proxying [GET /session/737cfc75-39b7-4d8d-95ca-253dab0f7826/element/00000000-0000-05c2-0000-00e500000004/text] to [GET http://127.0.0.1:8240/session/848f67d1-b0ae-4721-9dff-71f52c26d8f9/element/00000000-0000-05c2-0000-00e500000004/text] with no body
&amp#27;[38;5;32m[AndroidUiautomator2Driver@7d8a (737cfc75)]&amp#27;[0m Got response with status 200: {"sessionId":"848f67d1-b0ae-4721-9dff-71f52c26d8f9","value":"overcast clouds"}
&amp#27;[38;5;32m[AndroidUiautomator2Driver@7d8a (737cfc75)]&amp#27;[0m Replacing sessionId 848f67d1-b0ae-4721-9dff-71f52c26d8f9 with 737cfc75-39b7-4d8d-95ca-253dab0f7826
&amp#27;[38;5;0m[HTTP]&amp#27;[0m &amp#27;[37m<-- GET /session/737cfc75-39b7-4d8d-95ca-253dab0f7826/element/00000000-0000-05c2-0000-00e500000004/text &amp#27;[39m&amp#27;[32m200&amp#27;[39m &amp#27;[90m8 ms - 78&amp#27;[39m
&amp#27;[38;5;0m[HTTP]&amp#27;[0m &amp#27;[90m&amp#27;[39m
&amp#27;[38;5;0m[HTTP]&amp#27;[0m &amp#27;[37m-->&amp#27;[39m &amp#27;[37mGET&amp#27;[39m &amp#27;[37m/session/737cfc75-39b7-4d8d-95ca-253dab0f7826/element/00000000-0000-05c2-0000-00e700000004/text&amp#27;[39m
&amp#27;[38;5;0m[HTTP]&amp#27;[0m &amp#27;[90m{}&amp#27;[39m
&amp#27;[38;5;32m[AndroidUiautomator2Driver@7d8a (737cfc75)]&amp#27;[0m Driver proxy active, passing request on via HTTP proxy
&amp#27;[38;5;32m[AndroidUiautomator2Driver@7d8a (737cfc75)]&amp#27;[0m Matched '/session/737cfc75-39b7-4d8d-95ca-253dab0f7826/element/00000000-0000-05c2-0000-00e700000004/text' to command name 'getText'
&amp#27;[38;5;32m[AndroidUiautomator2Driver@7d8a (737cfc75)]&amp#27;[0m Proxying [GET /session/737cfc75-39b7-4d8d-95ca-253dab0f7826/element/00000000-0000-05c2-0000-00e700000004/text] to [GET http://127.0.0.1:8240/session/848f67d1-b0ae-4721-9dff-71f52c26d8f9/element/00000000-0000-05c2-0000-00e700000004/text] with no body
&amp#27;[38;5;32m[AndroidUiautomator2Driver@7d8a (737cfc75)]&amp#27;[0m Got response with status 200: {"sessionId":"848f67d1-b0ae-4721-9dff-71f52c26d8f9","value":"96 %"}
&amp#27;[38;5;32m[AndroidUiautomator2Driver@7d8a (737cfc75)]&amp#27;[0m Replacing sessionId 848f67d1-b0ae-4721-9dff-71f52c26d8f9 with 737cfc75-39b7-4d8d-95ca-253dab0f7826
&amp#27;[38;5;0m[HTTP]&amp#27;[0m &amp#27;[37m<-- GET /session/737cfc75-39b7-4d8d-95ca-253dab0f7826/element/00000000-0000-05c2-0000-00e700000004/text &amp#27;[39m&amp#27;[32m200&amp#27;[39m &amp#27;[90m8 ms - 67&amp#27;[39m
&amp#27;[38;5;0m[HTTP]&amp#27;[0m &amp#27;[90m&amp#27;[39m
&amp#27;[38;5;0m[HTTP]&amp#27;[0m &amp#27;[37m-->&amp#27;[39m &amp#27;[37mGET&amp#27;[39m &amp#27;[37m/session/737cfc75-39b7-4d8d-95ca-253dab0f7826/element/00000000-0000-05c2-0000-00e900000004/text&amp#27;[39m
&amp#27;[38;5;0m[HTTP]&amp#27;[0m &amp#27;[90m{}&amp#27;[39m
&amp#27;[38;5;32m[AndroidUiautomator2Driver@7d8a (737cfc75)]&amp#27;[0m Driver proxy active, passing request on via HTTP proxy
&amp#27;[38;5;32m[AndroidUiautomator2Driver@7d8a (737cfc75)]&amp#27;[0m Matched '/session/737cfc75-39b7-4d8d-95ca-253dab0f7826/element/00000000-0000-05c2-0000-00e900000004/text' to command name 'getText'
&amp#27;[38;5;32m[AndroidUiautomator2Driver@7d8a (737cfc75)]&amp#27;[0m Proxying [GET /session/737cfc75-39b7-4d8d-95ca-253dab0f7826/element/00000000-0000-05c2-0000-00e900000004/text] to [GET http://127.0.0.1:8240/session/848f67d1-b0ae-4721-9dff-71f52c26d8f9/element/00000000-0000-05c2-0000-00e900000004/text] with no body
&amp#27;[38;5;32m[AndroidUiautomator2Driver@7d8a (737cfc75)]&amp#27;[0m Got response with status 200: {"sessionId":"848f67d1-b0ae-4721-9dff-71f52c26d8f9","value":"11 Â°C"}
&amp#27;[38;5;32m[AndroidUiautomator2Driver@7d8a (737cfc75)]&amp#27;[0m Replacing sessionId 848f67d1-b0ae-4721-9dff-71f52c26d8f9 with 737cfc75-39b7-4d8d-95ca-253dab0f7826
&amp#27;[38;5;0m[HTTP]&amp#27;[0m &amp#27;[37m<-- GET /session/737cfc75-39b7-4d8d-95ca-253dab0f7826/element/00000000-0000-05c2-0000-00e900000004/text &amp#27;[39m&amp#27;[32m200&amp#27;[39m &amp#27;[90m8 ms - 69&amp#27;[39m
&amp#27;[38;5;0m[HTTP]&amp#27;[0m &amp#27;[90m&amp#27;[39m
&amp#27;[38;5;0m[HTTP]&amp#27;[0m &amp#27;[37m-->&amp#27;[39m &amp#27;[37mGET&amp#27;[39m &amp#27;[37m/session/737cfc75-39b7-4d8d-95ca-253dab0f7826/element/00000000-0000-05c2-0000-00eb00000004/text&amp#27;[39m
&amp#27;[38;5;0m[HTTP]&amp#27;[0m &amp#27;[90m{}&amp#27;[39m
&amp#27;[38;5;32m[AndroidUiautomator2Driver@7d8a (737cfc75)]&amp#27;[0m Driver proxy active, passing request on via HTTP proxy
&amp#27;[38;5;32m[AndroidUiautomator2Driver@7d8a (737cfc75)]&amp#27;[0m Matched '/session/737cfc75-39b7-4d8d-95ca-253dab0f7826/element/00000000-0000-05c2-0000-00eb00000004/text' to command name 'getText'
&amp#27;[38;5;32m[AndroidUiautomator2Driver@7d8a (737cfc75)]&amp#27;[0m Proxying [GET /session/737cfc75-39b7-4d8d-95ca-253dab0f7826/element/00000000-0000-05c2-0000-00eb00000004/text] to [GET http://127.0.0.1:8240/session/848f67d1-b0ae-4721-9dff-71f52c26d8f9/element/00000000-0000-05c2-0000-00eb00000004/text] with no body
&amp#27;[38;5;32m[AndroidUiautomator2Driver@7d8a (737cfc75)]&amp#27;[0m Got response with status 200: {"sessionId":"848f67d1-b0ae-4721-9dff-71f52c26d8f9","value":"22:00"}
&amp#27;[38;5;32m[AndroidUiautomator2Driver@7d8a (737cfc75)]&amp#27;[0m Replacing sessionId 848f67d1-b0ae-4721-9dff-71f52c26d8f9 with 737cfc75-39b7-4d8d-95ca-253dab0f7826
&amp#27;[38;5;0m[HTTP]&amp#27;[0m &amp#27;[37m<-- GET /session/737cfc75-39b7-4d8d-95ca-253dab0f7826/element/00000000-0000-05c2-0000-00eb00000004/text &amp#27;[39m&amp#27;[32m200&amp#27;[39m &amp#27;[90m8 ms - 68&amp#27;[39m
&amp#27;[38;5;0m[HTTP]&amp#27;[0m &amp#27;[90m&amp#27;[39m
&amp#27;[38;5;0m[HTTP]&amp#27;[0m &amp#27;[37m-->&amp#27;[39m &amp#27;[37mGET&amp#27;[39m &amp#27;[37m/session/737cfc75-39b7-4d8d-95ca-253dab0f7826/element/00000000-0000-05c2-0000-00ed00000004/text&amp#27;[39m
&amp#27;[38;5;0m[HTTP]&amp#27;[0m &amp#27;[90m{}&amp#27;[39m
&amp#27;[38;5;32m[AndroidUiautomator2Driver@7d8a (737cfc75)]&amp#27;[0m Driver proxy active, passing request on via HTTP proxy
&amp#27;[38;5;32m[AndroidUiautomator2Driver@7d8a (737cfc75)]&amp#27;[0m Matched '/session/737cfc75-39b7-4d8d-95ca-253dab0f7826/element/00000000-0000-05c2-0000-00ed00000004/text' to command name 'getText'
&amp#27;[38;5;32m[AndroidUiautomator2Driver@7d8a (737cfc75)]&amp#27;[0m Proxying [GET /session/737cfc75-39b7-4d8d-95ca-253dab0f7826/element/00000000-0000-05c2-0000-00ed00000004/text] to [GET http://127.0.0.1:8240/session/848f67d1-b0ae-4721-9dff-71f52c26d8f9/element/00000000-0000-05c2-0000-00ed00000004/text] with no body
&amp#27;[38;5;32m[AndroidUiautomator2Driver@7d8a (737cfc75)]&amp#27;[0m Got response with status 200: {"sessionId":"848f67d1-b0ae-4721-9dff-71f52c26d8f9","value":"overcast clouds"}
&amp#27;[38;5;32m[AndroidUiautomator2Driver@7d8a (737cfc75)]&amp#27;[0m Replacing sessionId 848f67d1-b0ae-4721-9dff-71f52c26d8f9 with 737cfc75-39b7-4d8d-95ca-253dab0f7826
&amp#27;[38;5;0m[HTTP]&amp#27;[0m &amp#27;[37m<-- GET /session/737cfc75-39b7-4d8d-95ca-253dab0f7826/element/00000000-0000-05c2-0000-00ed00000004/text &amp#27;[39m&amp#27;[32m200&amp#27;[39m &amp#27;[90m9 ms - 78&amp#27;[39m
&amp#27;[38;5;0m[HTTP]&amp#27;[0m &amp#27;[90m&amp#27;[39m
&amp#27;[38;5;0m[HTTP]&amp#27;[0m &amp#27;[37m-->&amp#27;[39m &amp#27;[37mGET&amp#27;[39m &amp#27;[37m/session/737cfc75-39b7-4d8d-95ca-253dab0f7826/element/00000000-0000-05c2-0000-00ef00000004/text&amp#27;[39m
&amp#27;[38;5;0m[HTTP]&amp#27;[0m &amp#27;[90m{}&amp#27;[39m
&amp#27;[38;5;32m[AndroidUiautomator2Driver@7d8a (737cfc75)]&amp#27;[0m Driver proxy active, passing request on via HTTP proxy
&amp#27;[38;5;32m[AndroidUiautomator2Driver@7d8a (737cfc75)]&amp#27;[0m Matched '/session/737cfc75-39b7-4d8d-95ca-253dab0f7826/element/00000000-0000-05c2-0000-00ef00000004/text' to command name 'getText'
&amp#27;[38;5;32m[AndroidUiautomator2Driver@7d8a (737cfc75)]&amp#27;[0m Proxying [GET /session/737cfc75-39b7-4d8d-95ca-253dab0f7826/element/00000000-0000-05c2-0000-00ef00000004/text] to [GET http://127.0.0.1:8240/session/848f67d1-b0ae-4721-9dff-71f52c26d8f9/element/00000000-0000-05c2-0000-00ef00000004/text] with no body
&amp#27;[38;5;32m[AndroidUiautomator2Driver@7d8a (737cfc75)]&amp#27;[0m Got response with status 200: {"sessionId":"848f67d1-b0ae-4721-9dff-71f52c26d8f9","value":"95 %"}
&amp#27;[38;5;32m[AndroidUiautomator2Driver@7d8a (737cfc75)]&amp#27;[0m Replacing sessionId 848f67d1-b0ae-4721-9dff-71f52c26d8f9 with 737cfc75-39b7-4d8d-95ca-253dab0f7826
&amp#27;[38;5;0m[HTTP]&amp#27;[0m &amp#27;[37m<-- GET /session/737cfc75-39b7-4d8d-95ca-253dab0f7826/element/00000000-0000-05c2-0000-00ef00000004/text &amp#27;[39m&amp#27;[32m200&amp#27;[39m &amp#27;[90m9 ms - 67&amp#27;[39m
&amp#27;[38;5;0m[HTTP]&amp#27;[0m &amp#27;[90m&amp#27;[39m
&amp#27;[38;5;0m[HTTP]&amp#27;[0m &amp#27;[37m-->&amp#27;[39m &amp#27;[37mGET&amp#27;[39m &amp#27;[37m/session/737cfc75-39b7-4d8d-95ca-253dab0f7826/element/00000000-0000-05c2-0000-00f100000004/text&amp#27;[39m
&amp#27;[38;5;0m[HTTP]&amp#27;[0m &amp#27;[90m{}&amp#27;[39m
&amp#27;[38;5;32m[AndroidUiautomator2Driver@7d8a (737cfc75)]&amp#27;[0m Driver proxy active, passing request on via HTTP proxy
&amp#27;[38;5;32m[AndroidUiautomator2Driver@7d8a (737cfc75)]&amp#27;[0m Matched '/session/737cfc75-39b7-4d8d-95ca-253dab0f7826/element/00000000-0000-05c2-0000-00f100000004/text' to command name 'getText'
&amp#27;[38;5;32m[AndroidUiautomator2Driver@7d8a (737cfc75)]&amp#27;[0m Proxying [GET /session/737cfc75-39b7-4d8d-95ca-253dab0f7826/element/00000000-0000-05c2-0000-00f100000004/text] to [GET http://127.0.0.1:8240/session/848f67d1-b0ae-4721-9dff-71f52c26d8f9/element/00000000-0000-05c2-0000-00f100000004/text] with no body
&amp#27;[38;5;32m[AndroidUiautomator2Driver@7d8a (737cfc75)]&amp#27;[0m Got response with status 200: {"sessionId":"848f67d1-b0ae-4721-9dff-71f52c26d8f9","value":"11 Â°C"}
&amp#27;[38;5;32m[AndroidUiautomator2Driver@7d8a (737cfc75)]&amp#27;[0m Replacing sessionId 848f67d1-b0ae-4721-9dff-71f52c26d8f9 with 737cfc75-39b7-4d8d-95ca-253dab0f7826
&amp#27;[38;5;0m[HTTP]&amp#27;[0m &amp#27;[37m<-- GET /session/737cfc75-39b7-4d8d-95ca-253dab0f7826/element/00000000-0000-05c2-0000-00f100000004/text &amp#27;[39m&amp#27;[32m200&amp#27;[39m &amp#27;[90m10 ms - 69&amp#27;[39m
&amp#27;[38;5;0m[HTTP]&amp#27;[0m &amp#27;[90m&amp#27;[39m
&amp#27;[38;5;0m[HTTP]&amp#27;[0m &amp#27;[37m-->&amp#27;[39m &amp#27;[37mGET&amp#27;[39m &amp#27;[37m/session/737cfc75-39b7-4d8d-95ca-253dab0f7826/element/00000000-0000-05c2-0000-00f300000004/text&amp#27;[39m
&amp#27;[38;5;0m[HTTP]&amp#27;[0m &amp#27;[90m{}&amp#27;[39m
&amp#27;[38;5;32m[AndroidUiautomator2Driver@7d8a (737cfc75)]&amp#27;[0m Driver proxy active, passing request on via HTTP proxy
&amp#27;[38;5;32m[AndroidUiautomator2Driver@7d8a (737cfc75)]&amp#27;[0m Matched '/session/737cfc75-39b7-4d8d-95ca-253dab0f7826/element/00000000-0000-05c2-0000-00f300000004/text' to command name 'getText'
&amp#27;[38;5;32m[AndroidUiautomator2Driver@7d8a (737cfc75)]&amp#27;[0m Proxying [GET /session/737cfc75-39b7-4d8d-95ca-253dab0f7826/element/00000000-0000-05c2-0000-00f300000004/text] to [GET http://127.0.0.1:8240/session/848f67d1-b0ae-4721-9dff-71f52c26d8f9/element/00000000-0000-05c2-0000-00f300000004/text] with no body
&amp#27;[38;5;32m[AndroidUiautomator2Driver@7d8a (737cfc75)]&amp#27;[0m Got response with status 200: {"sessionId":"848f67d1-b0ae-4721-9dff-71f52c26d8f9","value":"23:00"}
&amp#27;[38;5;32m[AndroidUiautomator2Driver@7d8a (737cfc75)]&amp#27;[0m Replacing sessionId 848f67d1-b0ae-4721-9dff-71f52c26d8f9 with 737cfc75-39b7-4d8d-95ca-253dab0f7826
&amp#27;[38;5;0m[HTTP]&amp#27;[0m &amp#27;[37m<-- GET /session/737cfc75-39b7-4d8d-95ca-253dab0f7826/element/00000000-0000-05c2-0000-00f300000004/text &amp#27;[39m&amp#27;[32m200&amp#27;[39m &amp#27;[90m10 ms - 68&amp#27;[39m
&amp#27;[38;5;0m[HTTP]&amp#27;[0m &amp#27;[90m&amp#27;[39m
&amp#27;[38;5;0m[HTTP]&amp#27;[0m &amp#27;[37m-->&amp#27;[39m &amp#27;[37mGET&amp#27;[39m &amp#27;[37m/session/737cfc75-39b7-4d8d-95ca-253dab0f7826/element/00000000-0000-05c2-0000-00f500000004/text&amp#27;[39m
&amp#27;[38;5;0m[HTTP]&amp#27;[0m &amp#27;[90m{}&amp#27;[39m
&amp#27;[38;5;32m[AndroidUiautomator2Driver@7d8a (737cfc75)]&amp#27;[0m Driver proxy active, passing request on via HTTP proxy
&amp#27;[38;5;32m[AndroidUiautomator2Driver@7d8a (737cfc75)]&amp#27;[0m Matched '/session/737cfc75-39b7-4d8d-95ca-253dab0f7826/element/00000000-0000-05c2-0000-00f500000004/text' to command name 'getText'
&amp#27;[38;5;32m[AndroidUiautomator2Driver@7d8a (737cfc75)]&amp#27;[0m Proxying [GET /session/737cfc75-39b7-4d8d-95ca-253dab0f7826/element/00000000-0000-05c2-0000-00f500000004/text] to [GET http://127.0.0.1:8240/session/848f67d1-b0ae-4721-9dff-71f52c26d8f9/element/00000000-0000-05c2-0000-00f500000004/text] with no body
&amp#27;[38;5;32m[AndroidUiautomator2Driver@7d8a (737cfc75)]&amp#27;[0m Got response with status 200: {"sessionId":"848f67d1-b0ae-4721-9dff-71f52c26d8f9","value":"overcast clouds"}
&amp#27;[38;5;32m[AndroidUiautomator2Driver@7d8a (737cfc75)]&amp#27;[0m Replacing sessionId 848f67d1-b0ae-4721-9dff-71f52c26d8f9 with 737cfc75-39b7-4d8d-95ca-253dab0f7826
&amp#27;[38;5;0m[HTTP]&amp#27;[0m &amp#27;[37m<-- GET /session/737cfc75-39b7-4d8d-95ca-253dab0f7826/element/00000000-0000-05c2-0000-00f500000004/text &amp#27;[39m&amp#27;[32m200&amp#27;[39m &amp#27;[90m9 ms - 78&amp#27;[39m
&amp#27;[38;5;0m[HTTP]&amp#27;[0m &amp#27;[90m&amp#27;[39m
&amp#27;[38;5;0m[HTTP]&amp#27;[0m &amp#27;[37m-->&amp#27;[39m &amp#27;[37mGET&amp#27;[39m &amp#27;[37m/session/737cfc75-39b7-4d8d-95ca-253dab0f7826/element/00000000-0000-05c2-0000-00f700000004/text&amp#27;[39m
&amp#27;[38;5;0m[HTTP]&amp#27;[0m &amp#27;[90m{}&amp#27;[39m
&amp#27;[38;5;32m[AndroidUiautomator2Driver@7d8a (737cfc75)]&amp#27;[0m Driver proxy active, passing request on via HTTP proxy
&amp#27;[38;5;32m[AndroidUiautomator2Driver@7d8a (737cfc75)]&amp#27;[0m Matched '/session/737cfc75-39b7-4d8d-95ca-253dab0f7826/element/00000000-0000-05c2-0000-00f700000004/text' to command name 'getText'
&amp#27;[38;5;32m[AndroidUiautomator2Driver@7d8a (737cfc75)]&amp#27;[0m Proxying [GET /session/737cfc75-39b7-4d8d-95ca-253dab0f7826/element/00000000-0000-05c2-0000-00f700000004/text] to [GET http://127.0.0.1:8240/session/848f67d1-b0ae-4721-9dff-71f52c26d8f9/element/00000000-0000-05c2-0000-00f700000004/text] with no body
&amp#27;[38;5;32m[AndroidUiautomator2Driver@7d8a (737cfc75)]&amp#27;[0m Got response with status 200: {"sessionId":"848f67d1-b0ae-4721-9dff-71f52c26d8f9","value":"90 %"}
&amp#27;[38;5;32m[AndroidUiautomator2Driver@7d8a (737cfc75)]&amp#27;[0m Replacing sessionId 848f67d1-b0ae-4721-9dff-71f52c26d8f9 with 737cfc75-39b7-4d8d-95ca-253dab0f7826
&amp#27;[38;5;0m[HTTP]&amp#27;[0m &amp#27;[37m<-- GET /session/737cfc75-39b7-4d8d-95ca-253dab0f7826/element/00000000-0000-05c2-0000-00f700000004/text &amp#27;[39m&amp#27;[32m200&amp#27;[39m &amp#27;[90m10 ms - 67&amp#27;[39m
&amp#27;[38;5;0m[HTTP]&amp#27;[0m &amp#27;[90m&amp#27;[39m
&amp#27;[38;5;0m[HTTP]&amp#27;[0m &amp#27;[37m-->&amp#27;[39m &amp#27;[37mGET&amp#27;[39m &amp#27;[37m/session/737cfc75-39b7-4d8d-95ca-253dab0f7826/element/00000000-0000-05c2-0000-00f900000004/text&amp#27;[39m
&amp#27;[38;5;0m[HTTP]&amp#27;[0m &amp#27;[90m{}&amp#27;[39m
&amp#27;[38;5;32m[AndroidUiautomator2Driver@7d8a (737cfc75)]&amp#27;[0m Driver proxy active, passing request on via HTTP proxy
&amp#27;[38;5;32m[AndroidUiautomator2Driver@7d8a (737cfc75)]&amp#27;[0m Matched '/session/737cfc75-39b7-4d8d-95ca-253dab0f7826/element/00000000-0000-05c2-0000-00f900000004/text' to command name 'getText'
&amp#27;[38;5;32m[AndroidUiautomator2Driver@7d8a (737cfc75)]&amp#27;[0m Proxying [GET /session/737cfc75-39b7-4d8d-95ca-253dab0f7826/element/00000000-0000-05c2-0000-00f900000004/text] to [GET http://127.0.0.1:8240/session/848f67d1-b0ae-4721-9dff-71f52c26d8f9/element/00000000-0000-05c2-0000-00f900000004/text] with no body
&amp#27;[38;5;32m[AndroidUiautomator2Driver@7d8a (737cfc75)]&amp#27;[0m Got response with status 200: {"sessionId":"848f67d1-b0ae-4721-9dff-71f52c26d8f9","value":"12 Â°C"}
&amp#27;[38;5;32m[AndroidUiautomator2Driver@7d8a (737cfc75)]&amp#27;[0m Replacing sessionId 848f67d1-b0ae-4721-9dff-71f52c26d8f9 with 737cfc75-39b7-4d8d-95ca-253dab0f7826
&amp#27;[38;5;0m[HTTP]&amp#27;[0m &amp#27;[37m<-- GET /session/737cfc75-39b7-4d8d-95ca-253dab0f7826/element/00000000-0000-05c2-0000-00f900000004/text &amp#27;[39m&amp#27;[32m200&amp#27;[39m &amp#27;[90m10 ms - 69&amp#27;[39m
&amp#27;[38;5;0m[HTTP]&amp#27;[0m &amp#27;[90m&amp#27;[39m
&amp#27;[38;5;0m[HTTP]&amp#27;[0m &amp#27;[37m-->&amp#27;[39m &amp#27;[37mGET&amp#27;[39m &amp#27;[37m/session/737cfc75-39b7-4d8d-95ca-253dab0f7826/element/00000000-0000-05c2-0000-00fb00000004/text&amp#27;[39m
&amp#27;[38;5;0m[HTTP]&amp#27;[0m &amp#27;[90m{}&amp#27;[39m
&amp#27;[38;5;32m[AndroidUiautomator2Driver@7d8a (737cfc75)]&amp#27;[0m Driver proxy active, passing request on via HTTP proxy
&amp#27;[38;5;32m[AndroidUiautomator2Driver@7d8a (737cfc75)]&amp#27;[0m Matched '/session/737cfc75-39b7-4d8d-95ca-253dab0f7826/element/00000000-0000-05c2-0000-00fb00000004/text' to command name 'getText'
&amp#27;[38;5;32m[AndroidUiautomator2Driver@7d8a (737cfc75)]&amp#27;[0m Proxying [GET /session/737cfc75-39b7-4d8d-95ca-253dab0f7826/element/00000000-0000-05c2-0000-00fb00000004/text] to [GET http://127.0.0.1:8240/session/848f67d1-b0ae-4721-9dff-71f52c26d8f9/element/00000000-0000-05c2-0000-00fb00000004/text] with no body
&amp#27;[38;5;32m[AndroidUiautomator2Driver@7d8a (737cfc75)]&amp#27;[0m Got response with status 200: {"sessionId":"848f67d1-b0ae-4721-9dff-71f52c26d8f9","value":"00:00"}
&amp#27;[38;5;32m[AndroidUiautomator2Driver@7d8a (737cfc75)]&amp#27;[0m Replacing sessionId 848f67d1-b0ae-4721-9dff-71f52c26d8f9 with 737cfc75-39b7-4d8d-95ca-253dab0f7826
&amp#27;[38;5;0m[HTTP]&amp#27;[0m &amp#27;[37m<-- GET /session/737cfc75-39b7-4d8d-95ca-253dab0f7826/element/00000000-0000-05c2-0000-00fb00000004/text &amp#27;[39m&amp#27;[32m200&amp#27;[39m &amp#27;[90m10 ms - 68&amp#27;[39m
&amp#27;[38;5;0m[HTTP]&amp#27;[0m &amp#27;[90m&amp#27;[39m
&amp#27;[38;5;0m[HTTP]&amp#27;[0m &amp#27;[37m-->&amp#27;[39m &amp#27;[37mGET&amp#27;[39m &amp#27;[37m/session/737cfc75-39b7-4d8d-95ca-253dab0f7826/element/00000000-0000-05c2-0000-00fd00000004/text&amp#27;[39m
&amp#27;[38;5;0m[HTTP]&amp#27;[0m &amp#27;[90m{}&amp#27;[39m
&amp#27;[38;5;32m[AndroidUiautomator2Driver@7d8a (737cfc75)]&amp#27;[0m Driver proxy active, passing request on via HTTP proxy
&amp#27;[38;5;32m[AndroidUiautomator2Driver@7d8a (737cfc75)]&amp#27;[0m Matched '/session/737cfc75-39b7-4d8d-95ca-253dab0f7826/element/00000000-0000-05c2-0000-00fd00000004/text' to command name 'getText'
&amp#27;[38;5;32m[AndroidUiautomator2Driver@7d8a (737cfc75)]&amp#27;[0m Proxying [GET /session/737cfc75-39b7-4d8d-95ca-253dab0f7826/element/00000000-0000-05c2-0000-00fd00000004/text] to [GET http://127.0.0.1:8240/session/848f67d1-b0ae-4721-9dff-71f52c26d8f9/element/00000000-0000-05c2-0000-00fd00000004/text] with no body
&amp#27;[38;5;32m[AndroidUiautomator2Driver@7d8a (737cfc75)]&amp#27;[0m Got response with status 200: {"sessionId":"848f67d1-b0ae-4721-9dff-71f52c26d8f9","value":"overcast clouds"}
&amp#27;[38;5;32m[AndroidUiautomator2Driver@7d8a (737cfc75)]&amp#27;[0m Replacing sessionId 848f67d1-b0ae-4721-9dff-71f52c26d8f9 with 737cfc75-39b7-4d8d-95ca-253dab0f7826
&amp#27;[38;5;0m[HTTP]&amp#27;[0m &amp#27;[37m<-- GET /session/737cfc75-39b7-4d8d-95ca-253dab0f7826/element/00000000-0000-05c2-0000-00fd00000004/text &amp#27;[39m&amp#27;[32m200&amp#27;[39m &amp#27;[90m9 ms - 78&amp#27;[39m
&amp#27;[38;5;0m[HTTP]&amp#27;[0m &amp#27;[90m&amp#27;[39m
&amp#27;[38;5;0m[HTTP]&amp#27;[0m &amp#27;[37m-->&amp#27;[39m &amp#27;[37mGET&amp#27;[39m &amp#27;[37m/session/737cfc75-39b7-4d8d-95ca-253dab0f7826/element/00000000-0000-05c2-0000-00ff00000004/text&amp#27;[39m
&amp#27;[38;5;0m[HTTP]&amp#27;[0m &amp#27;[90m{}&amp#27;[39m
&amp#27;[38;5;32m[AndroidUiautomator2Driver@7d8a (737cfc75)]&amp#27;[0m Driver proxy active, passing request on via HTTP proxy
&amp#27;[38;5;32m[AndroidUiautomator2Driver@7d8a (737cfc75)]&amp#27;[0m Matched '/session/737cfc75-39b7-4d8d-95ca-253dab0f7826/element/00000000-0000-05c2-0000-00ff00000004/text' to command name 'getText'
&amp#27;[38;5;32m[AndroidUiautomator2Driver@7d8a (737cfc75)]&amp#27;[0m Proxying [GET /session/737cfc75-39b7-4d8d-95ca-253dab0f7826/element/00000000-0000-05c2-0000-00ff00000004/text] to [GET http://127.0.0.1:8240/session/848f67d1-b0ae-4721-9dff-71f52c26d8f9/element/00000000-0000-05c2-0000-00ff00000004/text] with no body
&amp#27;[38;5;32m[AndroidUiautomator2Driver@7d8a (737cfc75)]&amp#27;[0m Got response with status 200: {"sessionId":"848f67d1-b0ae-4721-9dff-71f52c26d8f9","value":"82 %"}
&amp#27;[38;5;32m[AndroidUiautomator2Driver@7d8a (737cfc75)]&amp#27;[0m Replacing sessionId 848f67d1-b0ae-4721-9dff-71f52c26d8f9 with 737cfc75-39b7-4d8d-95ca-253dab0f7826
&amp#27;[38;5;0m[HTTP]&amp#27;[0m &amp#27;[37m<-- GET /session/737cfc75-39b7-4d8d-95ca-253dab0f7826/element/00000000-0000-05c2-0000-00ff00000004/text &amp#27;[39m&amp#27;[32m200&amp#27;[39m &amp#27;[90m9 ms - 67&amp#27;[39m
&amp#27;[38;5;0m[HTTP]&amp#27;[0m &amp#27;[90m&amp#27;[39m
&amp#27;[38;5;0m[HTTP]&amp#27;[0m &amp#27;[37m-->&amp#27;[39m &amp#27;[37mGET&amp#27;[39m &amp#27;[37m/session/737cfc75-39b7-4d8d-95ca-253dab0f7826/element/00000000-0000-05c2-0000-010100000004/text&amp#27;[39m
&amp#27;[38;5;0m[HTTP]&amp#27;[0m &amp#27;[90m{}&amp#27;[39m
&amp#27;[38;5;32m[AndroidUiautomator2Driver@7d8a (737cfc75)]&amp#27;[0m Driver proxy active, passing request on via HTTP proxy
&amp#27;[38;5;32m[AndroidUiautomator2Driver@7d8a (737cfc75)]&amp#27;[0m Matched '/session/737cfc75-39b7-4d8d-95ca-253dab0f7826/element/00000000-0000-05c2-0000-010100000004/text' to command name 'getText'
&amp#27;[38;5;32m[AndroidUiautomator2Driver@7d8a (737cfc75)]&amp#27;[0m Proxying [GET /session/737cfc75-39b7-4d8d-95ca-253dab0f7826/element/00000000-0000-05c2-0000-010100000004/text] to [GET http://127.0.0.1:8240/session/848f67d1-b0ae-4721-9dff-71f52c26d8f9/element/00000000-0000-05c2-0000-010100000004/text] with no body
&amp#27;[38;5;32m[AndroidUiautomator2Driver@7d8a (737cfc75)]&amp#27;[0m Got response with status 200: {"sessionId":"848f67d1-b0ae-4721-9dff-71f52c26d8f9","value":"13 Â°C"}
&amp#27;[38;5;32m[AndroidUiautomator2Driver@7d8a (737cfc75)]&amp#27;[0m Replacing sessionId 848f67d1-b0ae-4721-9dff-71f52c26d8f9 with 737cfc75-39b7-4d8d-95ca-253dab0f7826
&amp#27;[38;5;0m[HTTP]&amp#27;[0m &amp#27;[37m<-- GET /session/737cfc75-39b7-4d8d-95ca-253dab0f7826/element/00000000-0000-05c2-0000-010100000004/text &amp#27;[39m&amp#27;[32m200&amp#27;[39m &amp#27;[90m9 ms - 69&amp#27;[39m
&amp#27;[38;5;0m[HTTP]&amp#27;[0m &amp#27;[90m&amp#27;[39m
&amp#27;[38;5;0m[HTTP]&amp#27;[0m &amp#27;[37m-->&amp#27;[39m &amp#27;[37mPOST&amp#27;[39m &amp#27;[37m/session/737cfc75-39b7-4d8d-95ca-253dab0f7826/execute/sync&amp#27;[39m
&amp#27;[38;5;0m[HTTP]&amp#27;[0m &amp#27;[90m{"script":"mobile: swipeGesture","args":[{"elementId":"00000000-0000-05c2-0000-002900000004","percent":0.4,"speed":320,"direction":"left"}]}&amp#27;[39m
&amp#27;[38;5;32m[AndroidUiautomator2Driver@7d8a (737cfc75)]&amp#27;[0m Calling AppiumDriver.execute() with args: ["mobile: swipeGesture",[{"elementId":"00000000-0000-05c2-0000-002900000004","percent":0.4,"speed":320,"direction":"left"}],"737cfc75-39b7-4d8d-95ca-253dab0f7826"]
&amp#27;[38;5;32m[AndroidUiautomator2Driver@7d8a (737cfc75)]&amp#27;[0m Executing method 'mobile: swipeGesture'
&amp#27;[38;5;32m[AndroidUiautomator2Driver@7d8a (737cfc75)]&amp#27;[0m Proxying [POST /appium/gestures/swipe] to [POST http://127.0.0.1:8240/session/848f67d1-b0ae-4721-9dff-71f52c26d8f9/appium/gestures/swipe] with body: {"origin":{"ELEMENT":"00000000-0000-05c2-0000-002900000004","element-6066-11e4-a52e-4f735466cecf":"00000000-0000-05c2-0000-002900000004"},"direction":"left","percent":0.4,"speed":320}
&amp#27;[38;5;32m[AndroidUiautomator2Driver@7d8a (737cfc75)]&amp#27;[0m Got response with status 200: {"sessionId":"848f67d1-b0ae-4721-9dff-71f52c26d8f9","value":null}
&amp#27;[38;5;32m[AndroidUiautomator2Driver@7d8a (737cfc75)]&amp#27;[0m Responding to client with driver.execute() result: null
&amp#27;[38;5;0m[HTTP]&amp#27;[0m &amp#27;[37m<-- POST /session/737cfc75-39b7-4d8d-95ca-253dab0f7826/execute/sync &amp#27;[39m&amp#27;[32m200&amp#27;[39m &amp#27;[90m1545 ms - 14&amp#27;[39m
&amp#27;[38;5;0m[HTTP]&amp#27;[0m &amp#27;[90m&amp#27;[39m
&amp#27;[38;5;0m[HTTP]&amp#27;[0m &amp#27;[37m-->&amp#27;[39m &amp#27;[37mPOST&amp#27;[39m &amp#27;[37m/session/737cfc75-39b7-4d8d-95ca-253dab0f7826/elements&amp#27;[39m
&amp#27;[38;5;0m[HTTP]&amp#27;[0m &amp#27;[90m{"using":"xpath","value":"//android.widget.HorizontalScrollView"}&amp#27;[39m
&amp#27;[38;5;32m[AndroidUiautomator2Driver@7d8a (737cfc75)]&amp#27;[0m Calling AppiumDriver.findElements() with args: ["xpath","//android.widget.HorizontalScrollView","737cfc75-39b7-4d8d-95ca-253dab0f7826"]
&amp#27;[38;5;32m[AndroidUiautomator2Driver@7d8a (737cfc75)]&amp#27;[0m Valid locator strategies for this request: xpath, id, class name, accessibility id, css selector, -android uiautomator
&amp#27;[38;5;32m[AndroidUiautomator2Driver@7d8a (737cfc75)]&amp#27;[0m Waiting up to 0 ms for condition
&amp#27;[38;5;32m[AndroidUiautomator2Driver@7d8a (737cfc75)]&amp#27;[0m Matched '/elements' to command name 'findElements'
&amp#27;[38;5;32m[AndroidUiautomator2Driver@7d8a (737cfc75)]&amp#27;[0m Proxying [POST /elements] to [POST http://127.0.0.1:8240/session/848f67d1-b0ae-4721-9dff-71f52c26d8f9/elements] with body: {"strategy":"xpath","selector":"//android.widget.HorizontalScrollView","context":"","multiple":true}
&amp#27;[38;5;32m[AndroidUiautomator2Driver@7d8a (737cfc75)]&amp#27;[0m Got response with status 200: {"sessionId":"848f67d1-b0ae-4721-9dff-71f52c26d8f9","value":[{"ELEMENT":"00000000-0000-05c2-0000-002900000004","element-6066-11e4-a52e-4f735466cecf":"00000000-0000-05c2-0000-002900000004"},{"ELEMENT":"00000000-0000-05c2-0000-002a00000004","element-6066-11e4-a52e-4f735466cecf":"00000000-0000-05c2-0000-002a00000004"}]}
&amp#27;[38;5;32m[AndroidUiautomator2Driver@7d8a (737cfc75)]&amp#27;[0m Responding to client with driver.findElements() result: [{"element-6066-11e4-a52e-4f735466cecf":"00000000-0000-05c2-0000-002900000004","ELEMENT":"00000000-0000-05c2-0000-002900000004"},{"element-6066-11e4-a52e-4f735466cecf":"00000000-0000-05c2-0000-002a00000004","ELEMENT":"00000000-0000-05c2-0000-002a00000004"}]
&amp#27;[38;5;0m[HTTP]&amp#27;[0m &amp#27;[37m<-- POST /session/737cfc75-39b7-4d8d-95ca-253dab0f7826/elements &amp#27;[39m&amp#27;[32m200&amp#27;[39m &amp#27;[90m109 ms - 267&amp#27;[39m
&amp#27;[38;5;0m[HTTP]&amp#27;[0m &amp#27;[90m&amp#27;[39m
&amp#27;[38;5;0m[HTTP]&amp#27;[0m &amp#27;[37m-->&amp#27;[39m &amp#27;[37mPOST&amp#27;[39m &amp#27;[37m/session/737cfc75-39b7-4d8d-95ca-253dab0f7826/element/00000000-0000-05c2-0000-002900000004/elements&amp#27;[39m
&amp#27;[38;5;0m[HTTP]&amp#27;[0m &amp#27;[90m{"id":"00000000-0000-05c2-0000-002900000004","using":"xpath","value":"//android.view.View"}&amp#27;[39m
&amp#27;[38;5;32m[AndroidUiautomator2Driver@7d8a (737cfc75)]&amp#27;[0m Calling AppiumDriver.findElementsFromElement() with args: ["xpath","//android.view.View","00000000-0000-05c2-0000-002900000004","737cfc75-39b7-4d8d-95ca-253dab0f7826"]
&amp#27;[38;5;32m[AndroidUiautomator2Driver@7d8a (737cfc75)]&amp#27;[0m Valid locator strategies for this request: xpath, id, class name, accessibility id, css selector, -android uiautomator
&amp#27;[38;5;32m[AndroidUiautomator2Driver@7d8a (737cfc75)]&amp#27;[0m Waiting up to 0 ms for condition
&amp#27;[38;5;32m[AndroidUiautomator2Driver@7d8a (737cfc75)]&amp#27;[0m Matched '/elements' to command name 'findElements'
&amp#27;[38;5;32m[AndroidUiautomator2Driver@7d8a (737cfc75)]&amp#27;[0m Proxying [POST /elements] to [POST http://127.0.0.1:8240/session/848f67d1-b0ae-4721-9dff-71f52c26d8f9/elements] with body: {"strategy":"xpath","selector":"//android.view.View","context":"00000000-0000-05c2-0000-002900000004","multiple":true}
&amp#27;[38;5;32m[AndroidUiautomator2Driver@7d8a (737cfc75)]&amp#27;[0m Got response with status 200: {"sessionId":"848f67d1-b0ae-4721-9dff-71f52c26d8f9","value":[{"ELEMENT":"00000000-0000-05c2-0000-00eb00000004","element-6066-11e4-a52e-4f735466cecf":"00000000-0000-05c2-0000-00eb00000004"},{"ELEMENT":"00000000-0000-05c2-0000-00ed00000004","element-6066-11e4-a52e-4f735466cecf":"00000000-0000-05c2-0000-00ed00000004"},{"ELEMENT":"00000000-0000-05c2-0000-00ef00000004","element-6066-11e4-a52e-4f735466cecf":"00000000-0000-05c2-0000-00ef00000004"},{"ELEMENT":"00000000-0000-05c2-0000-00f100000004","element-6066-11e4-a52e-4f735466cecf":"00000000-0000-05c2-0000-00f100000004"},{"ELEMENT":"00000000-0000-05c2-0000-00f300000004","element-6066-11e4-a52e-4f735466cecf":"00000000-0000-05c2-0000-00f300000004"},{"ELEMENT":"00000000-0000-05c2-0000-00f500000004","element-6066-11e4-a52e-4f735466cecf":"00000000-0000-05c2-0000-00f500000004"},{"ELEMENT":"00000000-0000-05c2-0000-00f700000004","element-6066-11e4-a52e-4f735466cecf":"00000000-0000-05c2-0000-00f700000004"},{"ELEMENT":"00000000-0000-05c2-0000-00f900000004","element-6066-...
&amp#27;[38;5;32m[AndroidUiautomator2Driver@7d8a (737cfc75)]&amp#27;[0m Responding to client with driver.findElementsFromElement() result: [{"element-6066-11e4-a52e-4f735466cecf":"00000000-0000-05c2-0000-00eb00000004","ELEMENT":"00000000-0000-05c2-0000-00eb00000004"},{"element-6066-11e4-a52e-4f735466cecf":"00000000-0000-05c2-0000-00ed00000004","ELEMENT":"00000000-0000-05c2-0000-00ed00000004"},{"element-6066-11e4-a52e-4f735466cecf":"00000000-0000-05c2-0000-00ef00000004","ELEMENT":"00000000-0000-05c2-0000-00ef00000004"},{"element-6066-11e4-a52e-4f735466cecf":"00000000-0000-05c2-0000-00f100000004","ELEMENT":"00000000-0000-05c2-0000-00f100000004"},{"element-6066-11e4-a52e-4f735466cecf":"00000000-0000-05c2-0000-00f300000004","ELEMENT":"00000000-0000-05c2-0000-00f300000004"},{"element-6066-11e4-a52e-4f735466cecf":"00000000-0000-05c2-0000-00f500000004","ELEMENT":"00000000-0000-05c2-0000-00f500000004"},{"element-6066-11e4-a52e-4f735466cecf":"00000000-0000-05c2-0000-00f700000004","ELEMENT":"00000000-0000-05c2-0000-00f700000004"},{"element-6066-11e4-a52e-4f735466cecf":"00000000-0000-05c2-0000-00f900000004","ELEMENT":"00000000-0000-05c2-0000-00f90000000...
&amp#27;[38;5;0m[HTTP]&amp#27;[0m &amp#27;[37m<-- POST /session/737cfc75-39b7-4d8d-95ca-253dab0f7826/element/00000000-0000-05c2-0000-002900000004/elements &amp#27;[39m&amp#27;[32m200&amp#27;[39m &amp#27;[90m46 ms - 2059&amp#27;[39m
&amp#27;[38;5;0m[HTTP]&amp#27;[0m &amp#27;[90m&amp#27;[39m
&amp#27;[38;5;0m[HTTP]&amp#27;[0m &amp#27;[37m-->&amp#27;[39m &amp#27;[37mGET&amp#27;[39m &amp#27;[37m/session/737cfc75-39b7-4d8d-95ca-253dab0f7826/element/00000000-0000-05c2-0000-00eb00000004/text&amp#27;[39m
&amp#27;[38;5;0m[HTTP]&amp#27;[0m &amp#27;[90m{}&amp#27;[39m
&amp#27;[38;5;32m[AndroidUiautomator2Driver@7d8a (737cfc75)]&amp#27;[0m Driver proxy active, passing request on via HTTP proxy
&amp#27;[38;5;32m[AndroidUiautomator2Driver@7d8a (737cfc75)]&amp#27;[0m Matched '/session/737cfc75-39b7-4d8d-95ca-253dab0f7826/element/00000000-0000-05c2-0000-00eb00000004/text' to command name 'getText'
&amp#27;[38;5;32m[AndroidUiautomator2Driver@7d8a (737cfc75)]&amp#27;[0m Proxying [GET /session/737cfc75-39b7-4d8d-95ca-253dab0f7826/element/00000000-0000-05c2-0000-00eb00000004/text] to [GET http://127.0.0.1:8240/session/848f67d1-b0ae-4721-9dff-71f52c26d8f9/element/00000000-0000-05c2-0000-00eb00000004/text] with no body
&amp#27;[38;5;32m[AndroidUiautomator2Driver@7d8a (737cfc75)]&amp#27;[0m Got response with status 200: {"sessionId":"848f67d1-b0ae-4721-9dff-71f52c26d8f9","value":"22:00"}
&amp#27;[38;5;32m[AndroidUiautomator2Driver@7d8a (737cfc75)]&amp#27;[0m Replacing sessionId 848f67d1-b0ae-4721-9dff-71f52c26d8f9 with 737cfc75-39b7-4d8d-95ca-253dab0f7826
&amp#27;[38;5;0m[HTTP]&amp#27;[0m &amp#27;[37m<-- GET /session/737cfc75-39b7-4d8d-95ca-253dab0f7826/element/00000000-0000-05c2-0000-00eb00000004/text &amp#27;[39m&amp#27;[32m200&amp#27;[39m &amp#27;[90m8 ms - 68&amp#27;[39m
&amp#27;[38;5;0m[HTTP]&amp#27;[0m &amp#27;[90m&amp#27;[39m
&amp#27;[38;5;0m[HTTP]&amp#27;[0m &amp#27;[37m-->&amp#27;[39m &amp#27;[37mGET&amp#27;[39m &amp#27;[37m/session/737cfc75-39b7-4d8d-95ca-253dab0f7826/element/00000000-0000-05c2-0000-00ed00000004/text&amp#27;[39m
&amp#27;[38;5;0m[HTTP]&amp#27;[0m &amp#27;[90m{}&amp#27;[39m
&amp#27;[38;5;32m[AndroidUiautomator2Driver@7d8a (737cfc75)]&amp#27;[0m Driver proxy active, passing request on via HTTP proxy
&amp#27;[38;5;32m[AndroidUiautomator2Driver@7d8a (737cfc75)]&amp#27;[0m Matched '/session/737cfc75-39b7-4d8d-95ca-253dab0f7826/element/00000000-0000-05c2-0000-00ed00000004/text' to command name 'getText'
&amp#27;[38;5;32m[AndroidUiautomator2Driver@7d8a (737cfc75)]&amp#27;[0m Proxying [GET /session/737cfc75-39b7-4d8d-95ca-253dab0f7826/element/00000000-0000-05c2-0000-00ed00000004/text] to [GET http://127.0.0.1:8240/session/848f67d1-b0ae-4721-9dff-71f52c26d8f9/element/00000000-0000-05c2-0000-00ed00000004/text] with no body
&amp#27;[38;5;32m[AndroidUiautomator2Driver@7d8a (737cfc75)]&amp#27;[0m Got response with status 200: {"sessionId":"848f67d1-b0ae-4721-9dff-71f52c26d8f9","value":"overcast clouds"}
&amp#27;[38;5;32m[AndroidUiautomator2Driver@7d8a (737cfc75)]&amp#27;[0m Replacing sessionId 848f67d1-b0ae-4721-9dff-71f52c26d8f9 with 737cfc75-39b7-4d8d-95ca-253dab0f7826
&amp#27;[38;5;0m[HTTP]&amp#27;[0m &amp#27;[37m<-- GET /session/737cfc75-39b7-4d8d-95ca-253dab0f7826/element/00000000-0000-05c2-0000-00ed00000004/text &amp#27;[39m&amp#27;[32m200&amp#27;[39m &amp#27;[90m8 ms - 78&amp#27;[39m
&amp#27;[38;5;0m[HTTP]&amp#27;[0m &amp#27;[90m&amp#27;[39m
&amp#27;[38;5;0m[HTTP]&amp#27;[0m &amp#27;[37m-->&amp#27;[39m &amp#27;[37mGET&amp#27;[39m &amp#27;[37m/session/737cfc75-39b7-4d8d-95ca-253dab0f7826/element/00000000-0000-05c2-0000-00ef00000004/text&amp#27;[39m
&amp#27;[38;5;0m[HTTP]&amp#27;[0m &amp#27;[90m{}&amp#27;[39m
&amp#27;[38;5;32m[AndroidUiautomator2Driver@7d8a (737cfc75)]&amp#27;[0m Driver proxy active, passing request on via HTTP proxy
&amp#27;[38;5;32m[AndroidUiautomator2Driver@7d8a (737cfc75)]&amp#27;[0m Matched '/session/737cfc75-39b7-4d8d-95ca-253dab0f7826/element/00000000-0000-05c2-0000-00ef00000004/text' to command name 'getText'
&amp#27;[38;5;32m[AndroidUiautomator2Driver@7d8a (737cfc75)]&amp#27;[0m Proxying [GET /session/737cfc75-39b7-4d8d-95ca-253dab0f7826/element/00000000-0000-05c2-0000-00ef00000004/text] to [GET http://127.0.0.1:8240/session/848f67d1-b0ae-4721-9dff-71f52c26d8f9/element/00000000-0000-05c2-0000-00ef00000004/text] with no body
&amp#27;[38;5;32m[AndroidUiautomator2Driver@7d8a (737cfc75)]&amp#27;[0m Got response with status 200: {"sessionId":"848f67d1-b0ae-4721-9dff-71f52c26d8f9","value":"95 %"}
&amp#27;[38;5;32m[AndroidUiautomator2Driver@7d8a (737cfc75)]&amp#27;[0m Replacing sessionId 848f67d1-b0ae-4721-9dff-71f52c26d8f9 with 737cfc75-39b7-4d8d-95ca-253dab0f7826
&amp#27;[38;5;0m[HTTP]&amp#27;[0m &amp#27;[37m<-- GET /session/737cfc75-39b7-4d8d-95ca-253dab0f7826/element/00000000-0000-05c2-0000-00ef00000004/text &amp#27;[39m&amp#27;[32m200&amp#27;[39m &amp#27;[90m8 ms - 67&amp#27;[39m
&amp#27;[38;5;0m[HTTP]&amp#27;[0m &amp#27;[90m&amp#27;[39m
&amp#27;[38;5;0m[HTTP]&amp#27;[0m &amp#27;[37m-->&amp#27;[39m &amp#27;[37mGET&amp#27;[39m &amp#27;[37m/session/737cfc75-39b7-4d8d-95ca-253dab0f7826/element/00000000-0000-05c2-0000-00f100000004/text&amp#27;[39m
&amp#27;[38;5;0m[HTTP]&amp#27;[0m &amp#27;[90m{}&amp#27;[39m
&amp#27;[38;5;32m[AndroidUiautomator2Driver@7d8a (737cfc75)]&amp#27;[0m Driver proxy active, passing request on via HTTP proxy
&amp#27;[38;5;32m[AndroidUiautomator2Driver@7d8a (737cfc75)]&amp#27;[0m Matched '/session/737cfc75-39b7-4d8d-95ca-253dab0f7826/element/00000000-0000-05c2-0000-00f100000004/text' to command name 'getText'
&amp#27;[38;5;32m[AndroidUiautomator2Driver@7d8a (737cfc75)]&amp#27;[0m Proxying [GET /session/737cfc75-39b7-4d8d-95ca-253dab0f7826/element/00000000-0000-05c2-0000-00f100000004/text] to [GET http://127.0.0.1:8240/session/848f67d1-b0ae-4721-9dff-71f52c26d8f9/element/00000000-0000-05c2-0000-00f100000004/text] with no body
&amp#27;[38;5;32m[AndroidUiautomator2Driver@7d8a (737cfc75)]&amp#27;[0m Got response with status 200: {"sessionId":"848f67d1-b0ae-4721-9dff-71f52c26d8f9","value":"11 Â°C"}
&amp#27;[38;5;32m[AndroidUiautomator2Driver@7d8a (737cfc75)]&amp#27;[0m Replacing sessionId 848f67d1-b0ae-4721-9dff-71f52c26d8f9 with 737cfc75-39b7-4d8d-95ca-253dab0f7826
&amp#27;[38;5;0m[HTTP]&amp#27;[0m &amp#27;[37m<-- GET /session/737cfc75-39b7-4d8d-95ca-253dab0f7826/element/00000000-0000-05c2-0000-00f100000004/text &amp#27;[39m&amp#27;[32m200&amp#27;[39m &amp#27;[90m9 ms - 69&amp#27;[39m
&amp#27;[38;5;0m[HTTP]&amp#27;[0m &amp#27;[90m&amp#27;[39m
&amp#27;[38;5;0m[HTTP]&amp#27;[0m &amp#27;[37m-->&amp#27;[39m &amp#27;[37mGET&amp#27;[39m &amp#27;[37m/session/737cfc75-39b7-4d8d-95ca-253dab0f7826/element/00000000-0000-05c2-0000-00f300000004/text&amp#27;[39m
&amp#27;[38;5;0m[HTTP]&amp#27;[0m &amp#27;[90m{}&amp#27;[39m
&amp#27;[38;5;32m[AndroidUiautomator2Driver@7d8a (737cfc75)]&amp#27;[0m Driver proxy active, passing request on via HTTP proxy
&amp#27;[38;5;32m[AndroidUiautomator2Driver@7d8a (737cfc75)]&amp#27;[0m Matched '/session/737cfc75-39b7-4d8d-95ca-253dab0f7826/element/00000000-0000-05c2-0000-00f300000004/text' to command name 'getText'
&amp#27;[38;5;32m[AndroidUiautomator2Driver@7d8a (737cfc75)]&amp#27;[0m Proxying [GET /session/737cfc75-39b7-4d8d-95ca-253dab0f7826/element/00000000-0000-05c2-0000-00f300000004/text] to [GET http://127.0.0.1:8240/session/848f67d1-b0ae-4721-9dff-71f52c26d8f9/element/00000000-0000-05c2-0000-00f300000004/text] with no body
&amp#27;[38;5;32m[AndroidUiautomator2Driver@7d8a (737cfc75)]&amp#27;[0m Got response with status 200: {"sessionId":"848f67d1-b0ae-4721-9dff-71f52c26d8f9","value":"23:00"}
&amp#27;[38;5;32m[AndroidUiautomator2Driver@7d8a (737cfc75)]&amp#27;[0m Replacing sessionId 848f67d1-b0ae-4721-9dff-71f52c26d8f9 with 737cfc75-39b7-4d8d-95ca-253dab0f7826
&amp#27;[38;5;0m[HTTP]&amp#27;[0m &amp#27;[37m<-- GET /session/737cfc75-39b7-4d8d-95ca-253dab0f7826/element/00000000-0000-05c2-0000-00f300000004/text &amp#27;[39m&amp#27;[32m200&amp#27;[39m &amp#27;[90m9 ms - 68&amp#27;[39m
&amp#27;[38;5;0m[HTTP]&amp#27;[0m &amp#27;[90m&amp#27;[39m
&amp#27;[38;5;0m[HTTP]&amp#27;[0m &amp#27;[37m-->&amp#27;[39m &amp#27;[37mGET&amp#27;[39m &amp#27;[37m/session/737cfc75-39b7-4d8d-95ca-253dab0f7826/element/00000000-0000-05c2-0000-00f500000004/text&amp#27;[39m
&amp#27;[38;5;0m[HTTP]&amp#27;[0m &amp#27;[90m{}&amp#27;[39m
&amp#27;[38;5;32m[AndroidUiautomator2Driver@7d8a (737cfc75)]&amp#27;[0m Driver proxy active, passing request on via HTTP proxy
&amp#27;[38;5;32m[AndroidUiautomator2Driver@7d8a (737cfc75)]&amp#27;[0m Matched '/session/737cfc75-39b7-4d8d-95ca-253dab0f7826/element/00000000-0000-05c2-0000-00f500000004/text' to command name 'getText'
&amp#27;[38;5;32m[AndroidUiautomator2Driver@7d8a (737cfc75)]&amp#27;[0m Proxying [GET /session/737cfc75-39b7-4d8d-95ca-253dab0f7826/element/00000000-0000-05c2-0000-00f500000004/text] to [GET http://127.0.0.1:8240/session/848f67d1-b0ae-4721-9dff-71f52c26d8f9/element/00000000-0000-05c2-0000-00f500000004/text] with no body
&amp#27;[38;5;32m[AndroidUiautomator2Driver@7d8a (737cfc75)]&amp#27;[0m Got response with status 200: {"sessionId":"848f67d1-b0ae-4721-9dff-71f52c26d8f9","value":"overcast clouds"}
&amp#27;[38;5;32m[AndroidUiautomator2Driver@7d8a (737cfc75)]&amp#27;[0m Replacing sessionId 848f67d1-b0ae-4721-9dff-71f52c26d8f9 with 737cfc75-39b7-4d8d-95ca-253dab0f7826
&amp#27;[38;5;0m[HTTP]&amp#27;[0m &amp#27;[37m<-- GET /session/737cfc75-39b7-4d8d-95ca-253dab0f7826/element/00000000-0000-05c2-0000-00f500000004/text &amp#27;[39m&amp#27;[32m200&amp#27;[39m &amp#27;[90m9 ms - 78&amp#27;[39m
&amp#27;[38;5;0m[HTTP]&amp#27;[0m &amp#27;[90m&amp#27;[39m
&amp#27;[38;5;0m[HTTP]&amp#27;[0m &amp#27;[37m-->&amp#27;[39m &amp#27;[37mGET&amp#27;[39m &amp#27;[37m/session/737cfc75-39b7-4d8d-95ca-253dab0f7826/element/00000000-0000-05c2-0000-00f700000004/text&amp#27;[39m
&amp#27;[38;5;0m[HTTP]&amp#27;[0m &amp#27;[90m{}&amp#27;[39m
&amp#27;[38;5;32m[AndroidUiautomator2Driver@7d8a (737cfc75)]&amp#27;[0m Driver proxy active, passing request on via HTTP proxy
&amp#27;[38;5;32m[AndroidUiautomator2Driver@7d8a (737cfc75)]&amp#27;[0m Matched '/session/737cfc75-39b7-4d8d-95ca-253dab0f7826/element/00000000-0000-05c2-0000-00f700000004/text' to command name 'getText'
&amp#27;[38;5;32m[AndroidUiautomator2Driver@7d8a (737cfc75)]&amp#27;[0m Proxying [GET /session/737cfc75-39b7-4d8d-95ca-253dab0f7826/element/00000000-0000-05c2-0000-00f700000004/text] to [GET http://127.0.0.1:8240/session/848f67d1-b0ae-4721-9dff-71f52c26d8f9/element/00000000-0000-05c2-0000-00f700000004/text] with no body
&amp#27;[38;5;32m[AndroidUiautomator2Driver@7d8a (737cfc75)]&amp#27;[0m Got response with status 200: {"sessionId":"848f67d1-b0ae-4721-9dff-71f52c26d8f9","value":"90 %"}
&amp#27;[38;5;32m[AndroidUiautomator2Driver@7d8a (737cfc75)]&amp#27;[0m Replacing sessionId 848f67d1-b0ae-4721-9dff-71f52c26d8f9 with 737cfc75-39b7-4d8d-95ca-253dab0f7826
&amp#27;[38;5;0m[HTTP]&amp#27;[0m &amp#27;[37m<-- GET /session/737cfc75-39b7-4d8d-95ca-253dab0f7826/element/00000000-0000-05c2-0000-00f700000004/text &amp#27;[39m&amp#27;[32m200&amp#27;[39m &amp#27;[90m9 ms - 67&amp#27;[39m
&amp#27;[38;5;0m[HTTP]&amp#27;[0m &amp#27;[90m&amp#27;[39m
&amp#27;[38;5;0m[HTTP]&amp#27;[0m &amp#27;[37m-->&amp#27;[39m &amp#27;[37mGET&amp#27;[39m &amp#27;[37m/session/737cfc75-39b7-4d8d-95ca-253dab0f7826/element/00000000-0000-05c2-0000-00f900000004/text&amp#27;[39m
&amp#27;[38;5;0m[HTTP]&amp#27;[0m &amp#27;[90m{}&amp#27;[39m
&amp#27;[38;5;32m[AndroidUiautomator2Driver@7d8a (737cfc75)]&amp#27;[0m Driver proxy active, passing request on via HTTP proxy
&amp#27;[38;5;32m[AndroidUiautomator2Driver@7d8a (737cfc75)]&amp#27;[0m Matched '/session/737cfc75-39b7-4d8d-95ca-253dab0f7826/element/00000000-0000-05c2-0000-00f900000004/text' to command name 'getText'
&amp#27;[38;5;32m[AndroidUiautomator2Driver@7d8a (737cfc75)]&amp#27;[0m Proxying [GET /session/737cfc75-39b7-4d8d-95ca-253dab0f7826/element/00000000-0000-05c2-0000-00f900000004/text] to [GET http://127.0.0.1:8240/session/848f67d1-b0ae-4721-9dff-71f52c26d8f9/element/00000000-0000-05c2-0000-00f900000004/text] with no body
&amp#27;[38;5;32m[AndroidUiautomator2Driver@7d8a (737cfc75)]&amp#27;[0m Got response with status 200: {"sessionId":"848f67d1-b0ae-4721-9dff-71f52c26d8f9","value":"12 Â°C"}
&amp#27;[38;5;32m[AndroidUiautomator2Driver@7d8a (737cfc75)]&amp#27;[0m Replacing sessionId 848f67d1-b0ae-4721-9dff-71f52c26d8f9 with 737cfc75-39b7-4d8d-95ca-253dab0f7826
&amp#27;[38;5;0m[HTTP]&amp#27;[0m &amp#27;[37m<-- GET /session/737cfc75-39b7-4d8d-95ca-253dab0f7826/element/00000000-0000-05c2-0000-00f900000004/text &amp#27;[39m&amp#27;[32m200&amp#27;[39m &amp#27;[90m9 ms - 69&amp#27;[39m
&amp#27;[38;5;0m[HTTP]&amp#27;[0m &amp#27;[90m&amp#27;[39m
&amp#27;[38;5;0m[HTTP]&amp#27;[0m &amp#27;[37m-->&amp#27;[39m &amp#27;[37mGET&amp#27;[39m &amp#27;[37m/session/737cfc75-39b7-4d8d-95ca-253dab0f7826/element/00000000-0000-05c2-0000-00fb00000004/text&amp#27;[39m
&amp#27;[38;5;0m[HTTP]&amp#27;[0m &amp#27;[90m{}&amp#27;[39m
&amp#27;[38;5;32m[AndroidUiautomator2Driver@7d8a (737cfc75)]&amp#27;[0m Driver proxy active, passing request on via HTTP proxy
&amp#27;[38;5;32m[AndroidUiautomator2Driver@7d8a (737cfc75)]&amp#27;[0m Matched '/session/737cfc75-39b7-4d8d-95ca-253dab0f7826/element/00000000-0000-05c2-0000-00fb00000004/text' to command name 'getText'
&amp#27;[38;5;32m[AndroidUiautomator2Driver@7d8a (737cfc75)]&amp#27;[0m Proxying [GET /session/737cfc75-39b7-4d8d-95ca-253dab0f7826/element/00000000-0000-05c2-0000-00fb00000004/text] to [GET http://127.0.0.1:8240/session/848f67d1-b0ae-4721-9dff-71f52c26d8f9/element/00000000-0000-05c2-0000-00fb00000004/text] with no body
&amp#27;[38;5;32m[AndroidUiautomator2Driver@7d8a (737cfc75)]&amp#27;[0m Got response with status 200: {"sessionId":"848f67d1-b0ae-4721-9dff-71f52c26d8f9","value":"00:00"}
&amp#27;[38;5;32m[AndroidUiautomator2Driver@7d8a (737cfc75)]&amp#27;[0m Replacing sessionId 848f67d1-b0ae-4721-9dff-71f52c26d8f9 with 737cfc75-39b7-4d8d-95ca-253dab0f7826
&amp#27;[38;5;0m[HTTP]&amp#27;[0m &amp#27;[37m<-- GET /session/737cfc75-39b7-4d8d-95ca-253dab0f7826/element/00000000-0000-05c2-0000-00fb00000004/text &amp#27;[39m&amp#27;[32m200&amp#27;[39m &amp#27;[90m9 ms - 68&amp#27;[39m
&amp#27;[38;5;0m[HTTP]&amp#27;[0m &amp#27;[90m&amp#27;[39m
&amp#27;[38;5;0m[HTTP]&amp#27;[0m &amp#27;[37m-->&amp#27;[39m &amp#27;[37mGET&amp#27;[39m &amp#27;[37m/session/737cfc75-39b7-4d8d-95ca-253dab0f7826/element/00000000-0000-05c2-0000-00fd00000004/text&amp#27;[39m
&amp#27;[38;5;0m[HTTP]&amp#27;[0m &amp#27;[90m{}&amp#27;[39m
&amp#27;[38;5;32m[AndroidUiautomator2Driver@7d8a (737cfc75)]&amp#27;[0m Driver proxy active, passing request on via HTTP proxy
&amp#27;[38;5;32m[AndroidUiautomator2Driver@7d8a (737cfc75)]&amp#27;[0m Matched '/session/737cfc75-39b7-4d8d-95ca-253dab0f7826/element/00000000-0000-05c2-0000-00fd00000004/text' to command name 'getText'
&amp#27;[38;5;32m[AndroidUiautomator2Driver@7d8a (737cfc75)]&amp#27;[0m Proxying [GET /session/737cfc75-39b7-4d8d-95ca-253dab0f7826/element/00000000-0000-05c2-0000-00fd00000004/text] to [GET http://127.0.0.1:8240/session/848f67d1-b0ae-4721-9dff-71f52c26d8f9/element/00000000-0000-05c2-0000-00fd00000004/text] with no body
&amp#27;[38;5;32m[AndroidUiautomator2Driver@7d8a (737cfc75)]&amp#27;[0m Got response with status 200: {"sessionId":"848f67d1-b0ae-4721-9dff-71f52c26d8f9","value":"overcast clouds"}
&amp#27;[38;5;32m[AndroidUiautomator2Driver@7d8a (737cfc75)]&amp#27;[0m Replacing sessionId 848f67d1-b0ae-4721-9dff-71f52c26d8f9 with 737cfc75-39b7-4d8d-95ca-253dab0f7826
&amp#27;[38;5;0m[HTTP]&amp#27;[0m &amp#27;[37m<-- GET /session/737cfc75-39b7-4d8d-95ca-253dab0f7826/element/00000000-0000-05c2-0000-00fd00000004/text &amp#27;[39m&amp#27;[32m200&amp#27;[39m &amp#27;[90m10 ms - 78&amp#27;[39m
&amp#27;[38;5;0m[HTTP]&amp#27;[0m &amp#27;[90m&amp#27;[39m
&amp#27;[38;5;0m[HTTP]&amp#27;[0m &amp#27;[37m-->&amp#27;[39m &amp#27;[37mGET&amp#27;[39m &amp#27;[37m/session/737cfc75-39b7-4d8d-95ca-253dab0f7826/element/00000000-0000-05c2-0000-00ff00000004/text&amp#27;[39m
&amp#27;[38;5;0m[HTTP]&amp#27;[0m &amp#27;[90m{}&amp#27;[39m
&amp#27;[38;5;32m[AndroidUiautomator2Driver@7d8a (737cfc75)]&amp#27;[0m Driver proxy active, passing request on via HTTP proxy
&amp#27;[38;5;32m[AndroidUiautomator2Driver@7d8a (737cfc75)]&amp#27;[0m Matched '/session/737cfc75-39b7-4d8d-95ca-253dab0f7826/element/00000000-0000-05c2-0000-00ff00000004/text' to command name 'getText'
&amp#27;[38;5;32m[AndroidUiautomator2Driver@7d8a (737cfc75)]&amp#27;[0m Proxying [GET /session/737cfc75-39b7-4d8d-95ca-253dab0f7826/element/00000000-0000-05c2-0000-00ff00000004/text] to [GET http://127.0.0.1:8240/session/848f67d1-b0ae-4721-9dff-71f52c26d8f9/element/00000000-0000-05c2-0000-00ff00000004/text] with no body
&amp#27;[38;5;32m[AndroidUiautomator2Driver@7d8a (737cfc75)]&amp#27;[0m Got response with status 200: {"sessionId":"848f67d1-b0ae-4721-9dff-71f52c26d8f9","value":"82 %"}
&amp#27;[38;5;32m[AndroidUiautomator2Driver@7d8a (737cfc75)]&amp#27;[0m Replacing sessionId 848f67d1-b0ae-4721-9dff-71f52c26d8f9 with 737cfc75-39b7-4d8d-95ca-253dab0f7826
&amp#27;[38;5;0m[HTTP]&amp#27;[0m &amp#27;[37m<-- GET /session/737cfc75-39b7-4d8d-95ca-253dab0f7826/element/00000000-0000-05c2-0000-00ff00000004/text &amp#27;[39m&amp#27;[32m200&amp#27;[39m &amp#27;[90m9 ms - 67&amp#27;[39m
&amp#27;[38;5;0m[HTTP]&amp#27;[0m &amp#27;[90m&amp#27;[39m
&amp#27;[38;5;0m[HTTP]&amp#27;[0m &amp#27;[37m-->&amp#27;[39m &amp#27;[37mGET&amp#27;[39m &amp#27;[37m/session/737cfc75-39b7-4d8d-95ca-253dab0f7826/element/00000000-0000-05c2-0000-010100000004/text&amp#27;[39m
&amp#27;[38;5;0m[HTTP]&amp#27;[0m &amp#27;[90m{}&amp#27;[39m
&amp#27;[38;5;32m[AndroidUiautomator2Driver@7d8a (737cfc75)]&amp#27;[0m Driver proxy active, passing request on via HTTP proxy
&amp#27;[38;5;32m[AndroidUiautomator2Driver@7d8a (737cfc75)]&amp#27;[0m Matched '/session/737cfc75-39b7-4d8d-95ca-253dab0f7826/element/00000000-0000-05c2-0000-010100000004/text' to command name 'getText'
&amp#27;[38;5;32m[AndroidUiautomator2Driver@7d8a (737cfc75)]&amp#27;[0m Proxying [GET /session/737cfc75-39b7-4d8d-95ca-253dab0f7826/element/00000000-0000-05c2-0000-010100000004/text] to [GET http://127.0.0.1:8240/session/848f67d1-b0ae-4721-9dff-71f52c26d8f9/element/00000000-0000-05c2-0000-010100000004/text] with no body
&amp#27;[38;5;32m[AndroidUiautomator2Driver@7d8a (737cfc75)]&amp#27;[0m Got response with status 200: {"sessionId":"848f67d1-b0ae-4721-9dff-71f52c26d8f9","value":"13 Â°C"}
&amp#27;[38;5;32m[AndroidUiautomator2Driver@7d8a (737cfc75)]&amp#27;[0m Replacing sessionId 848f67d1-b0ae-4721-9dff-71f52c26d8f9 with 737cfc75-39b7-4d8d-95ca-253dab0f7826
&amp#27;[38;5;0m[HTTP]&amp#27;[0m &amp#27;[37m<-- GET /session/737cfc75-39b7-4d8d-95ca-253dab0f7826/element/00000000-0000-05c2-0000-010100000004/text &amp#27;[39m&amp#27;[32m200&amp#27;[39m &amp#27;[90m10 ms - 69&amp#27;[39m
&amp#27;[38;5;0m[HTTP]&amp#27;[0m &amp#27;[90m&amp#27;[39m
&amp#27;[38;5;0m[HTTP]&amp#27;[0m &amp#27;[37m-->&amp#27;[39m &amp#27;[37mGET&amp#27;[39m &amp#27;[37m/session/737cfc75-39b7-4d8d-95ca-253dab0f7826/element/00000000-0000-05c2-0000-010300000004/text&amp#27;[39m
&amp#27;[38;5;0m[HTTP]&amp#27;[0m &amp#27;[90m{}&amp#27;[39m
&amp#27;[38;5;32m[AndroidUiautomator2Driver@7d8a (737cfc75)]&amp#27;[0m Driver proxy active, passing request on via HTTP proxy
&amp#27;[38;5;32m[AndroidUiautomator2Driver@7d8a (737cfc75)]&amp#27;[0m Matched '/session/737cfc75-39b7-4d8d-95ca-253dab0f7826/element/00000000-0000-05c2-0000-010300000004/text' to command name 'getText'
&amp#27;[38;5;32m[AndroidUiautomator2Driver@7d8a (737cfc75)]&amp#27;[0m Proxying [GET /session/737cfc75-39b7-4d8d-95ca-253dab0f7826/element/00000000-0000-05c2-0000-010300000004/text] to [GET http://127.0.0.1:8240/session/848f67d1-b0ae-4721-9dff-71f52c26d8f9/element/00000000-0000-05c2-0000-010300000004/text] with no body
&amp#27;[38;5;32m[AndroidUiautomator2Driver@7d8a (737cfc75)]&amp#27;[0m Got response with status 200: {"sessionId":"848f67d1-b0ae-4721-9dff-71f52c26d8f9","value":"01:00"}
&amp#27;[38;5;32m[AndroidUiautomator2Driver@7d8a (737cfc75)]&amp#27;[0m Replacing sessionId 848f67d1-b0ae-4721-9dff-71f52c26d8f9 with 737cfc75-39b7-4d8d-95ca-253dab0f7826
&amp#27;[38;5;0m[HTTP]&amp#27;[0m &amp#27;[37m<-- GET /session/737cfc75-39b7-4d8d-95ca-253dab0f7826/element/00000000-0000-05c2-0000-010300000004/text &amp#27;[39m&amp#27;[32m200&amp#27;[39m &amp#27;[90m9 ms - 68&amp#27;[39m
&amp#27;[38;5;0m[HTTP]&amp#27;[0m &amp#27;[90m&amp#27;[39m
&amp#27;[38;5;0m[HTTP]&amp#27;[0m &amp#27;[37m-->&amp#27;[39m &amp#27;[37mGET&amp#27;[39m &amp#27;[37m/session/737cfc75-39b7-4d8d-95ca-253dab0f7826/element/00000000-0000-05c2-0000-010500000004/text&amp#27;[39m
&amp#27;[38;5;0m[HTTP]&amp#27;[0m &amp#27;[90m{}&amp#27;[39m
&amp#27;[38;5;32m[AndroidUiautomator2Driver@7d8a (737cfc75)]&amp#27;[0m Driver proxy active, passing request on via HTTP proxy
&amp#27;[38;5;32m[AndroidUiautomator2Driver@7d8a (737cfc75)]&amp#27;[0m Matched '/session/737cfc75-39b7-4d8d-95ca-253dab0f7826/element/00000000-0000-05c2-0000-010500000004/text' to command name 'getText'
&amp#27;[38;5;32m[AndroidUiautomator2Driver@7d8a (737cfc75)]&amp#27;[0m Proxying [GET /session/737cfc75-39b7-4d8d-95ca-253dab0f7826/element/00000000-0000-05c2-0000-010500000004/text] to [GET http://127.0.0.1:8240/session/848f67d1-b0ae-4721-9dff-71f52c26d8f9/element/00000000-0000-05c2-0000-010500000004/text] with no body
&amp#27;[38;5;32m[AndroidUiautomator2Driver@7d8a (737cfc75)]&amp#27;[0m Got response with status 200: {"sessionId":"848f67d1-b0ae-4721-9dff-71f52c26d8f9","value":"broken clouds"}
&amp#27;[38;5;32m[AndroidUiautomator2Driver@7d8a (737cfc75)]&amp#27;[0m Replacing sessionId 848f67d1-b0ae-4721-9dff-71f52c26d8f9 with 737cfc75-39b7-4d8d-95ca-253dab0f7826
&amp#27;[38;5;0m[HTTP]&amp#27;[0m &amp#27;[37m<-- GET /session/737cfc75-39b7-4d8d-95ca-253dab0f7826/element/00000000-0000-05c2-0000-010500000004/text &amp#27;[39m&amp#27;[32m200&amp#27;[39m &amp#27;[90m9 ms - 76&amp#27;[39m
&amp#27;[38;5;0m[HTTP]&amp#27;[0m &amp#27;[90m&amp#27;[39m
&amp#27;[38;5;0m[HTTP]&amp#27;[0m &amp#27;[37m-->&amp#27;[39m &amp#27;[37mGET&amp#27;[39m &amp#27;[37m/session/737cfc75-39b7-4d8d-95ca-253dab0f7826/element/00000000-0000-05c2-0000-010700000004/text&amp#27;[39m
&amp#27;[38;5;0m[HTTP]&amp#27;[0m &amp#27;[90m{}&amp#27;[39m
&amp#27;[38;5;32m[AndroidUiautomator2Driver@7d8a (737cfc75)]&amp#27;[0m Driver proxy active, passing request on via HTTP proxy
&amp#27;[38;5;32m[AndroidUiautomator2Driver@7d8a (737cfc75)]&amp#27;[0m Matched '/session/737cfc75-39b7-4d8d-95ca-253dab0f7826/element/00000000-0000-05c2-0000-010700000004/text' to command name 'getText'
&amp#27;[38;5;32m[AndroidUiautomator2Driver@7d8a (737cfc75)]&amp#27;[0m Proxying [GET /session/737cfc75-39b7-4d8d-95ca-253dab0f7826/element/00000000-0000-05c2-0000-010700000004/text] to [GET http://127.0.0.1:8240/session/848f67d1-b0ae-4721-9dff-71f52c26d8f9/element/00000000-0000-05c2-0000-010700000004/text] with no body
&amp#27;[38;5;32m[AndroidUiautomator2Driver@7d8a (737cfc75)]&amp#27;[0m Got response with status 200: {"sessionId":"848f67d1-b0ae-4721-9dff-71f52c26d8f9","value":"75 %"}
&amp#27;[38;5;32m[AndroidUiautomator2Driver@7d8a (737cfc75)]&amp#27;[0m Replacing sessionId 848f67d1-b0ae-4721-9dff-71f52c26d8f9 with 737cfc75-39b7-4d8d-95ca-253dab0f7826
&amp#27;[38;5;0m[HTTP]&amp#27;[0m &amp#27;[37m<-- GET /session/737cfc75-39b7-4d8d-95ca-253dab0f7826/element/00000000-0000-05c2-0000-010700000004/text &amp#27;[39m&amp#27;[32m200&amp#27;[39m &amp#27;[90m9 ms - 67&amp#27;[39m
&amp#27;[38;5;0m[HTTP]&amp#27;[0m &amp#27;[90m&amp#27;[39m
&amp#27;[38;5;0m[HTTP]&amp#27;[0m &amp#27;[37m-->&amp#27;[39m &amp#27;[37mGET&amp#27;[39m &amp#27;[37m/session/737cfc75-39b7-4d8d-95ca-253dab0f7826/element/00000000-0000-05c2-0000-010900000004/text&amp#27;[39m
&amp#27;[38;5;0m[HTTP]&amp#27;[0m &amp#27;[90m{}&amp#27;[39m
&amp#27;[38;5;32m[AndroidUiautomator2Driver@7d8a (737cfc75)]&amp#27;[0m Driver proxy active, passing request on via HTTP proxy
&amp#27;[38;5;32m[AndroidUiautomator2Driver@7d8a (737cfc75)]&amp#27;[0m Matched '/session/737cfc75-39b7-4d8d-95ca-253dab0f7826/element/00000000-0000-05c2-0000-010900000004/text' to command name 'getText'
&amp#27;[38;5;32m[AndroidUiautomator2Driver@7d8a (737cfc75)]&amp#27;[0m Proxying [GET /session/737cfc75-39b7-4d8d-95ca-253dab0f7826/element/00000000-0000-05c2-0000-010900000004/text] to [GET http://127.0.0.1:8240/session/848f67d1-b0ae-4721-9dff-71f52c26d8f9/element/00000000-0000-05c2-0000-010900000004/text] with no body
&amp#27;[38;5;32m[AndroidUiautomator2Driver@7d8a (737cfc75)]&amp#27;[0m Got response with status 200: {"sessionId":"848f67d1-b0ae-4721-9dff-71f52c26d8f9","value":"14 Â°C"}
&amp#27;[38;5;32m[AndroidUiautomator2Driver@7d8a (737cfc75)]&amp#27;[0m Replacing sessionId 848f67d1-b0ae-4721-9dff-71f52c26d8f9 with 737cfc75-39b7-4d8d-95ca-253dab0f7826
&amp#27;[38;5;0m[HTTP]&amp#27;[0m &amp#27;[37m<-- GET /session/737cfc75-39b7-4d8d-95ca-253dab0f7826/element/00000000-0000-05c2-0000-010900000004/text &amp#27;[39m&amp#27;[32m200&amp#27;[39m &amp#27;[90m9 ms - 69&amp#27;[39m
&amp#27;[38;5;0m[HTTP]&amp#27;[0m &amp#27;[90m&amp#27;[39m
&amp#27;[38;5;0m[HTTP]&amp#27;[0m &amp#27;[37m-->&amp#27;[39m &amp#27;[37mPOST&amp#27;[39m &amp#27;[37m/session/737cfc75-39b7-4d8d-95ca-253dab0f7826/execute/sync&amp#27;[39m
&amp#27;[38;5;0m[HTTP]&amp#27;[0m &amp#27;[90m{"script":"mobile: swipeGesture","args":[{"elementId":"00000000-0000-05c2-0000-002900000004","percent":0.4,"speed":320,"direction":"left"}]}&amp#27;[39m
&amp#27;[38;5;32m[AndroidUiautomator2Driver@7d8a (737cfc75)]&amp#27;[0m Calling AppiumDriver.execute() with args: ["mobile: swipeGesture",[{"elementId":"00000000-0000-05c2-0000-002900000004","percent":0.4,"speed":320,"direction":"left"}],"737cfc75-39b7-4d8d-95ca-253dab0f7826"]
&amp#27;[38;5;32m[AndroidUiautomator2Driver@7d8a (737cfc75)]&amp#27;[0m Executing method 'mobile: swipeGesture'
&amp#27;[38;5;32m[AndroidUiautomator2Driver@7d8a (737cfc75)]&amp#27;[0m Proxying [POST /appium/gestures/swipe] to [POST http://127.0.0.1:8240/session/848f67d1-b0ae-4721-9dff-71f52c26d8f9/appium/gestures/swipe] with body: {"origin":{"ELEMENT":"00000000-0000-05c2-0000-002900000004","element-6066-11e4-a52e-4f735466cecf":"00000000-0000-05c2-0000-002900000004"},"direction":"left","percent":0.4,"speed":320}
&amp#27;[38;5;32m[AndroidUiautomator2Driver@7d8a (737cfc75)]&amp#27;[0m Got response with status 200: {"sessionId":"848f67d1-b0ae-4721-9dff-71f52c26d8f9","value":null}
&amp#27;[38;5;32m[AndroidUiautomator2Driver@7d8a (737cfc75)]&amp#27;[0m Responding to client with driver.execute() result: null
&amp#27;[38;5;0m[HTTP]&amp#27;[0m &amp#27;[37m<-- POST /session/737cfc75-39b7-4d8d-95ca-253dab0f7826/execute/sync &amp#27;[39m&amp#27;[32m200&amp#27;[39m &amp#27;[90m1539 ms - 14&amp#27;[39m
&amp#27;[38;5;0m[HTTP]&amp#27;[0m &amp#27;[90m&amp#27;[39m
&amp#27;[38;5;0m[HTTP]&amp#27;[0m &amp#27;[37m-->&amp#27;[39m &amp#27;[37mPOST&amp#27;[39m &amp#27;[37m/session/737cfc75-39b7-4d8d-95ca-253dab0f7826/elements&amp#27;[39m
&amp#27;[38;5;0m[HTTP]&amp#27;[0m &amp#27;[90m{"using":"xpath","value":"//android.widget.HorizontalScrollView"}&amp#27;[39m
&amp#27;[38;5;32m[AndroidUiautomator2Driver@7d8a (737cfc75)]&amp#27;[0m Calling AppiumDriver.findElements() with args: ["xpath","//android.widget.HorizontalScrollView","737cfc75-39b7-4d8d-95ca-253dab0f7826"]
&amp#27;[38;5;32m[AndroidUiautomator2Driver@7d8a (737cfc75)]&amp#27;[0m Valid locator strategies for this request: xpath, id, class name, accessibility id, css selector, -android uiautomator
&amp#27;[38;5;32m[AndroidUiautomator2Driver@7d8a (737cfc75)]&amp#27;[0m Waiting up to 0 ms for condition
&amp#27;[38;5;32m[AndroidUiautomator2Driver@7d8a (737cfc75)]&amp#27;[0m Matched '/elements' to command name 'findElements'
&amp#27;[38;5;32m[AndroidUiautomator2Driver@7d8a (737cfc75)]&amp#27;[0m Proxying [POST /elements] to [POST http://127.0.0.1:8240/session/848f67d1-b0ae-4721-9dff-71f52c26d8f9/elements] with body: {"strategy":"xpath","selector":"//android.widget.HorizontalScrollView","context":"","multiple":true}
&amp#27;[38;5;32m[AndroidUiautomator2Driver@7d8a (737cfc75)]&amp#27;[0m Got response with status 200: {"sessionId":"848f67d1-b0ae-4721-9dff-71f52c26d8f9","value":[{"ELEMENT":"00000000-0000-05c2-0000-002900000004","element-6066-11e4-a52e-4f735466cecf":"00000000-0000-05c2-0000-002900000004"},{"ELEMENT":"00000000-0000-05c2-0000-002a00000004","element-6066-11e4-a52e-4f735466cecf":"00000000-0000-05c2-0000-002a00000004"}]}
&amp#27;[38;5;32m[AndroidUiautomator2Driver@7d8a (737cfc75)]&amp#27;[0m Responding to client with driver.findElements() result: [{"element-6066-11e4-a52e-4f735466cecf":"00000000-0000-05c2-0000-002900000004","ELEMENT":"00000000-0000-05c2-0000-002900000004"},{"element-6066-11e4-a52e-4f735466cecf":"00000000-0000-05c2-0000-002a00000004","ELEMENT":"00000000-0000-05c2-0000-002a00000004"}]
&amp#27;[38;5;0m[HTTP]&amp#27;[0m &amp#27;[37m<-- POST /session/737cfc75-39b7-4d8d-95ca-253dab0f7826/elements &amp#27;[39m&amp#27;[32m200&amp#27;[39m &amp#27;[90m107 ms - 267&amp#27;[39m
&amp#27;[38;5;0m[HTTP]&amp#27;[0m &amp#27;[90m&amp#27;[39m
&amp#27;[38;5;0m[HTTP]&amp#27;[0m &amp#27;[37m-->&amp#27;[39m &amp#27;[37mPOST&amp#27;[39m &amp#27;[37m/session/737cfc75-39b7-4d8d-95ca-253dab0f7826/element/00000000-0000-05c2-0000-002900000004/elements&amp#27;[39m
&amp#27;[38;5;0m[HTTP]&amp#27;[0m &amp#27;[90m{"id":"00000000-0000-05c2-0000-002900000004","using":"xpath","value":"//android.view.View"}&amp#27;[39m
&amp#27;[38;5;32m[AndroidUiautomator2Driver@7d8a (737cfc75)]&amp#27;[0m Calling AppiumDriver.findElementsFromElement() with args: ["xpath","//android.view.View","00000000-0000-05c2-0000-002900000004","737cfc75-39b7-4d8d-95ca-253dab0f7826"]
&amp#27;[38;5;32m[AndroidUiautomator2Driver@7d8a (737cfc75)]&amp#27;[0m Valid locator strategies for this request: xpath, id, class name, accessibility id, css selector, -android uiautomator
&amp#27;[38;5;32m[AndroidUiautomator2Driver@7d8a (737cfc75)]&amp#27;[0m Waiting up to 0 ms for condition
&amp#27;[38;5;32m[AndroidUiautomator2Driver@7d8a (737cfc75)]&amp#27;[0m Matched '/elements' to command name 'findElements'
&amp#27;[38;5;32m[AndroidUiautomator2Driver@7d8a (737cfc75)]&amp#27;[0m Proxying [POST /elements] to [POST http://127.0.0.1:8240/session/848f67d1-b0ae-4721-9dff-71f52c26d8f9/elements] with body: {"strategy":"xpath","selector":"//android.view.View","context":"00000000-0000-05c2-0000-002900000004","multiple":true}
&amp#27;[38;5;32m[AndroidUiautomator2Driver@7d8a (737cfc75)]&amp#27;[0m Got response with status 200: {"sessionId":"848f67d1-b0ae-4721-9dff-71f52c26d8f9","value":[{"ELEMENT":"00000000-0000-05c2-0000-00f300000004","element-6066-11e4-a52e-4f735466cecf":"00000000-0000-05c2-0000-00f300000004"},{"ELEMENT":"00000000-0000-05c2-0000-00f500000004","element-6066-11e4-a52e-4f735466cecf":"00000000-0000-05c2-0000-00f500000004"},{"ELEMENT":"00000000-0000-05c2-0000-00f700000004","element-6066-11e4-a52e-4f735466cecf":"00000000-0000-05c2-0000-00f700000004"},{"ELEMENT":"00000000-0000-05c2-0000-00f900000004","element-6066-11e4-a52e-4f735466cecf":"00000000-0000-05c2-0000-00f900000004"},{"ELEMENT":"00000000-0000-05c2-0000-00fb00000004","element-6066-11e4-a52e-4f735466cecf":"00000000-0000-05c2-0000-00fb00000004"},{"ELEMENT":"00000000-0000-05c2-0000-00fd00000004","element-6066-11e4-a52e-4f735466cecf":"00000000-0000-05c2-0000-00fd00000004"},{"ELEMENT":"00000000-0000-05c2-0000-00ff00000004","element-6066-11e4-a52e-4f735466cecf":"00000000-0000-05c2-0000-00ff00000004"},{"ELEMENT":"00000000-0000-05c2-0000-010100000004","element-6066-...
&amp#27;[38;5;32m[AndroidUiautomator2Driver@7d8a (737cfc75)]&amp#27;[0m Responding to client with driver.findElementsFromElement() result: [{"element-6066-11e4-a52e-4f735466cecf":"00000000-0000-05c2-0000-00f300000004","ELEMENT":"00000000-0000-05c2-0000-00f300000004"},{"element-6066-11e4-a52e-4f735466cecf":"00000000-0000-05c2-0000-00f500000004","ELEMENT":"00000000-0000-05c2-0000-00f500000004"},{"element-6066-11e4-a52e-4f735466cecf":"00000000-0000-05c2-0000-00f700000004","ELEMENT":"00000000-0000-05c2-0000-00f700000004"},{"element-6066-11e4-a52e-4f735466cecf":"00000000-0000-05c2-0000-00f900000004","ELEMENT":"00000000-0000-05c2-0000-00f900000004"},{"element-6066-11e4-a52e-4f735466cecf":"00000000-0000-05c2-0000-00fb00000004","ELEMENT":"00000000-0000-05c2-0000-00fb00000004"},{"element-6066-11e4-a52e-4f735466cecf":"00000000-0000-05c2-0000-00fd00000004","ELEMENT":"00000000-0000-05c2-0000-00fd00000004"},{"element-6066-11e4-a52e-4f735466cecf":"00000000-0000-05c2-0000-00ff00000004","ELEMENT":"00000000-0000-05c2-0000-00ff00000004"},{"element-6066-11e4-a52e-4f735466cecf":"00000000-0000-05c2-0000-010100000004","ELEMENT":"00000000-0000-05c2-0000-01010000000...
&amp#27;[38;5;0m[HTTP]&amp#27;[0m &amp#27;[37m<-- POST /session/737cfc75-39b7-4d8d-95ca-253dab0f7826/element/00000000-0000-05c2-0000-002900000004/elements &amp#27;[39m&amp#27;[32m200&amp#27;[39m &amp#27;[90m46 ms - 2059&amp#27;[39m
&amp#27;[38;5;0m[HTTP]&amp#27;[0m &amp#27;[90m&amp#27;[39m
&amp#27;[38;5;0m[HTTP]&amp#27;[0m &amp#27;[37m-->&amp#27;[39m &amp#27;[37mGET&amp#27;[39m &amp#27;[37m/session/737cfc75-39b7-4d8d-95ca-253dab0f7826/element/00000000-0000-05c2-0000-00f300000004/text&amp#27;[39m
&amp#27;[38;5;0m[HTTP]&amp#27;[0m &amp#27;[90m{}&amp#27;[39m
&amp#27;[38;5;32m[AndroidUiautomator2Driver@7d8a (737cfc75)]&amp#27;[0m Driver proxy active, passing request on via HTTP proxy
&amp#27;[38;5;32m[AndroidUiautomator2Driver@7d8a (737cfc75)]&amp#27;[0m Matched '/session/737cfc75-39b7-4d8d-95ca-253dab0f7826/element/00000000-0000-05c2-0000-00f300000004/text' to command name 'getText'
&amp#27;[38;5;32m[AndroidUiautomator2Driver@7d8a (737cfc75)]&amp#27;[0m Proxying [GET /session/737cfc75-39b7-4d8d-95ca-253dab0f7826/element/00000000-0000-05c2-0000-00f300000004/text] to [GET http://127.0.0.1:8240/session/848f67d1-b0ae-4721-9dff-71f52c26d8f9/element/00000000-0000-05c2-0000-00f300000004/text] with no body
&amp#27;[38;5;32m[AndroidUiautomator2Driver@7d8a (737cfc75)]&amp#27;[0m Got response with status 200: {"sessionId":"848f67d1-b0ae-4721-9dff-71f52c26d8f9","value":"23:00"}
&amp#27;[38;5;32m[AndroidUiautomator2Driver@7d8a (737cfc75)]&amp#27;[0m Replacing sessionId 848f67d1-b0ae-4721-9dff-71f52c26d8f9 with 737cfc75-39b7-4d8d-95ca-253dab0f7826
&amp#27;[38;5;0m[HTTP]&amp#27;[0m &amp#27;[37m<-- GET /session/737cfc75-39b7-4d8d-95ca-253dab0f7826/element/00000000-0000-05c2-0000-00f300000004/text &amp#27;[39m&amp#27;[32m200&amp#27;[39m &amp#27;[90m9 ms - 68&amp#27;[39m
&amp#27;[38;5;0m[HTTP]&amp#27;[0m &amp#27;[90m&amp#27;[39m
&amp#27;[38;5;0m[HTTP]&amp#27;[0m &amp#27;[37m-->&amp#27;[39m &amp#27;[37mGET&amp#27;[39m &amp#27;[37m/session/737cfc75-39b7-4d8d-95ca-253dab0f7826/element/00000000-0000-05c2-0000-00f500000004/text&amp#27;[39m
&amp#27;[38;5;0m[HTTP]&amp#27;[0m &amp#27;[90m{}&amp#27;[39m
&amp#27;[38;5;32m[AndroidUiautomator2Driver@7d8a (737cfc75)]&amp#27;[0m Driver proxy active, passing request on via HTTP proxy
&amp#27;[38;5;32m[AndroidUiautomator2Driver@7d8a (737cfc75)]&amp#27;[0m Matched '/session/737cfc75-39b7-4d8d-95ca-253dab0f7826/element/00000000-0000-05c2-0000-00f500000004/text' to command name 'getText'
&amp#27;[38;5;32m[AndroidUiautomator2Driver@7d8a (737cfc75)]&amp#27;[0m Proxying [GET /session/737cfc75-39b7-4d8d-95ca-253dab0f7826/element/00000000-0000-05c2-0000-00f500000004/text] to [GET http://127.0.0.1:8240/session/848f67d1-b0ae-4721-9dff-71f52c26d8f9/element/00000000-0000-05c2-0000-00f500000004/text] with no body
&amp#27;[38;5;32m[AndroidUiautomator2Driver@7d8a (737cfc75)]&amp#27;[0m Got response with status 200: {"sessionId":"848f67d1-b0ae-4721-9dff-71f52c26d8f9","value":"overcast clouds"}
&amp#27;[38;5;32m[AndroidUiautomator2Driver@7d8a (737cfc75)]&amp#27;[0m Replacing sessionId 848f67d1-b0ae-4721-9dff-71f52c26d8f9 with 737cfc75-39b7-4d8d-95ca-253dab0f7826
&amp#27;[38;5;0m[HTTP]&amp#27;[0m &amp#27;[37m<-- GET /session/737cfc75-39b7-4d8d-95ca-253dab0f7826/element/00000000-0000-05c2-0000-00f500000004/text &amp#27;[39m&amp#27;[32m200&amp#27;[39m &amp#27;[90m9 ms - 78&amp#27;[39m
&amp#27;[38;5;0m[HTTP]&amp#27;[0m &amp#27;[90m&amp#27;[39m
&amp#27;[38;5;0m[HTTP]&amp#27;[0m &amp#27;[37m-->&amp#27;[39m &amp#27;[37mGET&amp#27;[39m &amp#27;[37m/session/737cfc75-39b7-4d8d-95ca-253dab0f7826/element/00000000-0000-05c2-0000-00f700000004/text&amp#27;[39m
&amp#27;[38;5;0m[HTTP]&amp#27;[0m &amp#27;[90m{}&amp#27;[39m
&amp#27;[38;5;32m[AndroidUiautomator2Driver@7d8a (737cfc75)]&amp#27;[0m Driver proxy active, passing request on via HTTP proxy
&amp#27;[38;5;32m[AndroidUiautomator2Driver@7d8a (737cfc75)]&amp#27;[0m Matched '/session/737cfc75-39b7-4d8d-95ca-253dab0f7826/element/00000000-0000-05c2-0000-00f700000004/text' to command name 'getText'
&amp#27;[38;5;32m[AndroidUiautomator2Driver@7d8a (737cfc75)]&amp#27;[0m Proxying [GET /session/737cfc75-39b7-4d8d-95ca-253dab0f7826/element/00000000-0000-05c2-0000-00f700000004/text] to [GET http://127.0.0.1:8240/session/848f67d1-b0ae-4721-9dff-71f52c26d8f9/element/00000000-0000-05c2-0000-00f700000004/text] with no body
&amp#27;[38;5;32m[AndroidUiautomator2Driver@7d8a (737cfc75)]&amp#27;[0m Got response with status 200: {"sessionId":"848f67d1-b0ae-4721-9dff-71f52c26d8f9","value":"90 %"}
&amp#27;[38;5;32m[AndroidUiautomator2Driver@7d8a (737cfc75)]&amp#27;[0m Replacing sessionId 848f67d1-b0ae-4721-9dff-71f52c26d8f9 with 737cfc75-39b7-4d8d-95ca-253dab0f7826
&amp#27;[38;5;0m[HTTP]&amp#27;[0m &amp#27;[37m<-- GET /session/737cfc75-39b7-4d8d-95ca-253dab0f7826/element/00000000-0000-05c2-0000-00f700000004/text &amp#27;[39m&amp#27;[32m200&amp#27;[39m &amp#27;[90m9 ms - 67&amp#27;[39m
&amp#27;[38;5;0m[HTTP]&amp#27;[0m &amp#27;[90m&amp#27;[39m
&amp#27;[38;5;0m[HTTP]&amp#27;[0m &amp#27;[37m-->&amp#27;[39m &amp#27;[37mGET&amp#27;[39m &amp#27;[37m/session/737cfc75-39b7-4d8d-95ca-253dab0f7826/element/00000000-0000-05c2-0000-00f900000004/text&amp#27;[39m
&amp#27;[38;5;0m[HTTP]&amp#27;[0m &amp#27;[90m{}&amp#27;[39m
&amp#27;[38;5;32m[AndroidUiautomator2Driver@7d8a (737cfc75)]&amp#27;[0m Driver proxy active, passing request on via HTTP proxy
&amp#27;[38;5;32m[AndroidUiautomator2Driver@7d8a (737cfc75)]&amp#27;[0m Matched '/session/737cfc75-39b7-4d8d-95ca-253dab0f7826/element/00000000-0000-05c2-0000-00f900000004/text' to command name 'getText'
&amp#27;[38;5;32m[AndroidUiautomator2Driver@7d8a (737cfc75)]&amp#27;[0m Proxying [GET /session/737cfc75-39b7-4d8d-95ca-253dab0f7826/element/00000000-0000-05c2-0000-00f900000004/text] to [GET http://127.0.0.1:8240/session/848f67d1-b0ae-4721-9dff-71f52c26d8f9/element/00000000-0000-05c2-0000-00f900000004/text] with no body
&amp#27;[38;5;32m[AndroidUiautomator2Driver@7d8a (737cfc75)]&amp#27;[0m Got response with status 200: {"sessionId":"848f67d1-b0ae-4721-9dff-71f52c26d8f9","value":"12 Â°C"}
&amp#27;[38;5;32m[AndroidUiautomator2Driver@7d8a (737cfc75)]&amp#27;[0m Replacing sessionId 848f67d1-b0ae-4721-9dff-71f52c26d8f9 with 737cfc75-39b7-4d8d-95ca-253dab0f7826
&amp#27;[38;5;0m[HTTP]&amp#27;[0m &amp#27;[37m<-- GET /session/737cfc75-39b7-4d8d-95ca-253dab0f7826/element/00000000-0000-05c2-0000-00f900000004/text &amp#27;[39m&amp#27;[32m200&amp#27;[39m &amp#27;[90m8 ms - 69&amp#27;[39m
&amp#27;[38;5;0m[HTTP]&amp#27;[0m &amp#27;[90m&amp#27;[39m
&amp#27;[38;5;0m[HTTP]&amp#27;[0m &amp#27;[37m-->&amp#27;[39m &amp#27;[37mGET&amp#27;[39m &amp#27;[37m/session/737cfc75-39b7-4d8d-95ca-253dab0f7826/element/00000000-0000-05c2-0000-00fb00000004/text&amp#27;[39m
&amp#27;[38;5;0m[HTTP]&amp#27;[0m &amp#27;[90m{}&amp#27;[39m
&amp#27;[38;5;32m[AndroidUiautomator2Driver@7d8a (737cfc75)]&amp#27;[0m Driver proxy active, passing request on via HTTP proxy
&amp#27;[38;5;32m[AndroidUiautomator2Driver@7d8a (737cfc75)]&amp#27;[0m Matched '/session/737cfc75-39b7-4d8d-95ca-253dab0f7826/element/00000000-0000-05c2-0000-00fb00000004/text' to command name 'getText'
&amp#27;[38;5;32m[AndroidUiautomator2Driver@7d8a (737cfc75)]&amp#27;[0m Proxying [GET /session/737cfc75-39b7-4d8d-95ca-253dab0f7826/element/00000000-0000-05c2-0000-00fb00000004/text] to [GET http://127.0.0.1:8240/session/848f67d1-b0ae-4721-9dff-71f52c26d8f9/element/00000000-0000-05c2-0000-00fb00000004/text] with no body
&amp#27;[38;5;32m[AndroidUiautomator2Driver@7d8a (737cfc75)]&amp#27;[0m Got response with status 200: {"sessionId":"848f67d1-b0ae-4721-9dff-71f52c26d8f9","value":"00:00"}
&amp#27;[38;5;32m[AndroidUiautomator2Driver@7d8a (737cfc75)]&amp#27;[0m Replacing sessionId 848f67d1-b0ae-4721-9dff-71f52c26d8f9 with 737cfc75-39b7-4d8d-95ca-253dab0f7826
&amp#27;[38;5;0m[HTTP]&amp#27;[0m &amp#27;[37m<-- GET /session/737cfc75-39b7-4d8d-95ca-253dab0f7826/element/00000000-0000-05c2-0000-00fb00000004/text &amp#27;[39m&amp#27;[32m200&amp#27;[39m &amp#27;[90m8 ms - 68&amp#27;[39m
&amp#27;[38;5;0m[HTTP]&amp#27;[0m &amp#27;[90m&amp#27;[39m
&amp#27;[38;5;0m[HTTP]&amp#27;[0m &amp#27;[37m-->&amp#27;[39m &amp#27;[37mGET&amp#27;[39m &amp#27;[37m/session/737cfc75-39b7-4d8d-95ca-253dab0f7826/element/00000000-0000-05c2-0000-00fd00000004/text&amp#27;[39m
&amp#27;[38;5;0m[HTTP]&amp#27;[0m &amp#27;[90m{}&amp#27;[39m
&amp#27;[38;5;32m[AndroidUiautomator2Driver@7d8a (737cfc75)]&amp#27;[0m Driver proxy active, passing request on via HTTP proxy
&amp#27;[38;5;32m[AndroidUiautomator2Driver@7d8a (737cfc75)]&amp#27;[0m Matched '/session/737cfc75-39b7-4d8d-95ca-253dab0f7826/element/00000000-0000-05c2-0000-00fd00000004/text' to command name 'getText'
&amp#27;[38;5;32m[AndroidUiautomator2Driver@7d8a (737cfc75)]&amp#27;[0m Proxying [GET /session/737cfc75-39b7-4d8d-95ca-253dab0f7826/element/00000000-0000-05c2-0000-00fd00000004/text] to [GET http://127.0.0.1:8240/session/848f67d1-b0ae-4721-9dff-71f52c26d8f9/element/00000000-0000-05c2-0000-00fd00000004/text] with no body
&amp#27;[38;5;32m[AndroidUiautomator2Driver@7d8a (737cfc75)]&amp#27;[0m Got response with status 200: {"sessionId":"848f67d1-b0ae-4721-9dff-71f52c26d8f9","value":"overcast clouds"}
&amp#27;[38;5;32m[AndroidUiautomator2Driver@7d8a (737cfc75)]&amp#27;[0m Replacing sessionId 848f67d1-b0ae-4721-9dff-71f52c26d8f9 with 737cfc75-39b7-4d8d-95ca-253dab0f7826
&amp#27;[38;5;0m[HTTP]&amp#27;[0m &amp#27;[37m<-- GET /session/737cfc75-39b7-4d8d-95ca-253dab0f7826/element/00000000-0000-05c2-0000-00fd00000004/text &amp#27;[39m&amp#27;[32m200&amp#27;[39m &amp#27;[90m8 ms - 78&amp#27;[39m
&amp#27;[38;5;0m[HTTP]&amp#27;[0m &amp#27;[90m&amp#27;[39m
&amp#27;[38;5;0m[HTTP]&amp#27;[0m &amp#27;[37m-->&amp#27;[39m &amp#27;[37mGET&amp#27;[39m &amp#27;[37m/session/737cfc75-39b7-4d8d-95ca-253dab0f7826/element/00000000-0000-05c2-0000-00ff00000004/text&amp#27;[39m
&amp#27;[38;5;0m[HTTP]&amp#27;[0m &amp#27;[90m{}&amp#27;[39m
&amp#27;[38;5;32m[AndroidUiautomator2Driver@7d8a (737cfc75)]&amp#27;[0m Driver proxy active, passing request on via HTTP proxy
&amp#27;[38;5;32m[AndroidUiautomator2Driver@7d8a (737cfc75)]&amp#27;[0m Matched '/session/737cfc75-39b7-4d8d-95ca-253dab0f7826/element/00000000-0000-05c2-0000-00ff00000004/text' to command name 'getText'
&amp#27;[38;5;32m[AndroidUiautomator2Driver@7d8a (737cfc75)]&amp#27;[0m Proxying [GET /session/737cfc75-39b7-4d8d-95ca-253dab0f7826/element/00000000-0000-05c2-0000-00ff00000004/text] to [GET http://127.0.0.1:8240/session/848f67d1-b0ae-4721-9dff-71f52c26d8f9/element/00000000-0000-05c2-0000-00ff00000004/text] with no body
&amp#27;[38;5;32m[AndroidUiautomator2Driver@7d8a (737cfc75)]&amp#27;[0m Got response with status 200: {"sessionId":"848f67d1-b0ae-4721-9dff-71f52c26d8f9","value":"82 %"}
&amp#27;[38;5;32m[AndroidUiautomator2Driver@7d8a (737cfc75)]&amp#27;[0m Replacing sessionId 848f67d1-b0ae-4721-9dff-71f52c26d8f9 with 737cfc75-39b7-4d8d-95ca-253dab0f7826
&amp#27;[38;5;0m[HTTP]&amp#27;[0m &amp#27;[37m<-- GET /session/737cfc75-39b7-4d8d-95ca-253dab0f7826/element/00000000-0000-05c2-0000-00ff00000004/text &amp#27;[39m&amp#27;[32m200&amp#27;[39m &amp#27;[90m9 ms - 67&amp#27;[39m
&amp#27;[38;5;0m[HTTP]&amp#27;[0m &amp#27;[90m&amp#27;[39m
&amp#27;[38;5;0m[HTTP]&amp#27;[0m &amp#27;[37m-->&amp#27;[39m &amp#27;[37mGET&amp#27;[39m &amp#27;[37m/session/737cfc75-39b7-4d8d-95ca-253dab0f7826/element/00000000-0000-05c2-0000-010100000004/text&amp#27;[39m
&amp#27;[38;5;0m[HTTP]&amp#27;[0m &amp#27;[90m{}&amp#27;[39m
&amp#27;[38;5;32m[AndroidUiautomator2Driver@7d8a (737cfc75)]&amp#27;[0m Driver proxy active, passing request on via HTTP proxy
&amp#27;[38;5;32m[AndroidUiautomator2Driver@7d8a (737cfc75)]&amp#27;[0m Matched '/session/737cfc75-39b7-4d8d-95ca-253dab0f7826/element/00000000-0000-05c2-0000-010100000004/text' to command name 'getText'
&amp#27;[38;5;32m[AndroidUiautomator2Driver@7d8a (737cfc75)]&amp#27;[0m Proxying [GET /session/737cfc75-39b7-4d8d-95ca-253dab0f7826/element/00000000-0000-05c2-0000-010100000004/text] to [GET http://127.0.0.1:8240/session/848f67d1-b0ae-4721-9dff-71f52c26d8f9/element/00000000-0000-05c2-0000-010100000004/text] with no body
&amp#27;[38;5;32m[AndroidUiautomator2Driver@7d8a (737cfc75)]&amp#27;[0m Got response with status 200: {"sessionId":"848f67d1-b0ae-4721-9dff-71f52c26d8f9","value":"13 Â°C"}
&amp#27;[38;5;32m[AndroidUiautomator2Driver@7d8a (737cfc75)]&amp#27;[0m Replacing sessionId 848f67d1-b0ae-4721-9dff-71f52c26d8f9 with 737cfc75-39b7-4d8d-95ca-253dab0f7826
&amp#27;[38;5;0m[HTTP]&amp#27;[0m &amp#27;[37m<-- GET /session/737cfc75-39b7-4d8d-95ca-253dab0f7826/element/00000000-0000-05c2-0000-010100000004/text &amp#27;[39m&amp#27;[32m200&amp#27;[39m &amp#27;[90m8 ms - 69&amp#27;[39m
&amp#27;[38;5;0m[HTTP]&amp#27;[0m &amp#27;[90m&amp#27;[39m
&amp#27;[38;5;0m[HTTP]&amp#27;[0m &amp#27;[37m-->&amp#27;[39m &amp#27;[37mGET&amp#27;[39m &amp#27;[37m/session/737cfc75-39b7-4d8d-95ca-253dab0f7826/element/00000000-0000-05c2-0000-010300000004/text&amp#27;[39m
&amp#27;[38;5;0m[HTTP]&amp#27;[0m &amp#27;[90m{}&amp#27;[39m
&amp#27;[38;5;32m[AndroidUiautomator2Driver@7d8a (737cfc75)]&amp#27;[0m Driver proxy active, passing request on via HTTP proxy
&amp#27;[38;5;32m[AndroidUiautomator2Driver@7d8a (737cfc75)]&amp#27;[0m Matched '/session/737cfc75-39b7-4d8d-95ca-253dab0f7826/element/00000000-0000-05c2-0000-010300000004/text' to command name 'getText'
&amp#27;[38;5;32m[AndroidUiautomator2Driver@7d8a (737cfc75)]&amp#27;[0m Proxying [GET /session/737cfc75-39b7-4d8d-95ca-253dab0f7826/element/00000000-0000-05c2-0000-010300000004/text] to [GET http://127.0.0.1:8240/session/848f67d1-b0ae-4721-9dff-71f52c26d8f9/element/00000000-0000-05c2-0000-010300000004/text] with no body
&amp#27;[38;5;32m[AndroidUiautomator2Driver@7d8a (737cfc75)]&amp#27;[0m Got response with status 200: {"sessionId":"848f67d1-b0ae-4721-9dff-71f52c26d8f9","value":"01:00"}
&amp#27;[38;5;32m[AndroidUiautomator2Driver@7d8a (737cfc75)]&amp#27;[0m Replacing sessionId 848f67d1-b0ae-4721-9dff-71f52c26d8f9 with 737cfc75-39b7-4d8d-95ca-253dab0f7826
&amp#27;[38;5;0m[HTTP]&amp#27;[0m &amp#27;[37m<-- GET /session/737cfc75-39b7-4d8d-95ca-253dab0f7826/element/00000000-0000-05c2-0000-010300000004/text &amp#27;[39m&amp#27;[32m200&amp#27;[39m &amp#27;[90m8 ms - 68&amp#27;[39m
&amp#27;[38;5;0m[HTTP]&amp#27;[0m &amp#27;[90m&amp#27;[39m
&amp#27;[38;5;0m[HTTP]&amp#27;[0m &amp#27;[37m-->&amp#27;[39m &amp#27;[37mGET&amp#27;[39m &amp#27;[37m/session/737cfc75-39b7-4d8d-95ca-253dab0f7826/element/00000000-0000-05c2-0000-010500000004/text&amp#27;[39m
&amp#27;[38;5;0m[HTTP]&amp#27;[0m &amp#27;[90m{}&amp#27;[39m
&amp#27;[38;5;32m[AndroidUiautomator2Driver@7d8a (737cfc75)]&amp#27;[0m Driver proxy active, passing request on via HTTP proxy
&amp#27;[38;5;32m[AndroidUiautomator2Driver@7d8a (737cfc75)]&amp#27;[0m Matched '/session/737cfc75-39b7-4d8d-95ca-253dab0f7826/element/00000000-0000-05c2-0000-010500000004/text' to command name 'getText'
&amp#27;[38;5;32m[AndroidUiautomator2Driver@7d8a (737cfc75)]&amp#27;[0m Proxying [GET /session/737cfc75-39b7-4d8d-95ca-253dab0f7826/element/00000000-0000-05c2-0000-010500000004/text] to [GET http://127.0.0.1:8240/session/848f67d1-b0ae-4721-9dff-71f52c26d8f9/element/00000000-0000-05c2-0000-010500000004/text] with no body
&amp#27;[38;5;32m[AndroidUiautomator2Driver@7d8a (737cfc75)]&amp#27;[0m Got response with status 200: {"sessionId":"848f67d1-b0ae-4721-9dff-71f52c26d8f9","value":"broken clouds"}
&amp#27;[38;5;32m[AndroidUiautomator2Driver@7d8a (737cfc75)]&amp#27;[0m Replacing sessionId 848f67d1-b0ae-4721-9dff-71f52c26d8f9 with 737cfc75-39b7-4d8d-95ca-253dab0f7826
&amp#27;[38;5;0m[HTTP]&amp#27;[0m &amp#27;[37m<-- GET /session/737cfc75-39b7-4d8d-95ca-253dab0f7826/element/00000000-0000-05c2-0000-010500000004/text &amp#27;[39m&amp#27;[32m200&amp#27;[39m &amp#27;[90m8 ms - 76&amp#27;[39m
&amp#27;[38;5;0m[HTTP]&amp#27;[0m &amp#27;[90m&amp#27;[39m
&amp#27;[38;5;0m[HTTP]&amp#27;[0m &amp#27;[37m-->&amp#27;[39m &amp#27;[37mGET&amp#27;[39m &amp#27;[37m/session/737cfc75-39b7-4d8d-95ca-253dab0f7826/element/00000000-0000-05c2-0000-010700000004/text&amp#27;[39m
&amp#27;[38;5;0m[HTTP]&amp#27;[0m &amp#27;[90m{}&amp#27;[39m
&amp#27;[38;5;32m[AndroidUiautomator2Driver@7d8a (737cfc75)]&amp#27;[0m Driver proxy active, passing request on via HTTP proxy
&amp#27;[38;5;32m[AndroidUiautomator2Driver@7d8a (737cfc75)]&amp#27;[0m Matched '/session/737cfc75-39b7-4d8d-95ca-253dab0f7826/element/00000000-0000-05c2-0000-010700000004/text' to command name 'getText'
&amp#27;[38;5;32m[AndroidUiautomator2Driver@7d8a (737cfc75)]&amp#27;[0m Proxying [GET /session/737cfc75-39b7-4d8d-95ca-253dab0f7826/element/00000000-0000-05c2-0000-010700000004/text] to [GET http://127.0.0.1:8240/session/848f67d1-b0ae-4721-9dff-71f52c26d8f9/element/00000000-0000-05c2-0000-010700000004/text] with no body
&amp#27;[38;5;32m[AndroidUiautomator2Driver@7d8a (737cfc75)]&amp#27;[0m Got response with status 200: {"sessionId":"848f67d1-b0ae-4721-9dff-71f52c26d8f9","value":"75 %"}
&amp#27;[38;5;32m[AndroidUiautomator2Driver@7d8a (737cfc75)]&amp#27;[0m Replacing sessionId 848f67d1-b0ae-4721-9dff-71f52c26d8f9 with 737cfc75-39b7-4d8d-95ca-253dab0f7826
&amp#27;[38;5;0m[HTTP]&amp#27;[0m &amp#27;[37m<-- GET /session/737cfc75-39b7-4d8d-95ca-253dab0f7826/element/00000000-0000-05c2-0000-010700000004/text &amp#27;[39m&amp#27;[32m200&amp#27;[39m &amp#27;[90m8 ms - 67&amp#27;[39m
&amp#27;[38;5;0m[HTTP]&amp#27;[0m &amp#27;[90m&amp#27;[39m
&amp#27;[38;5;0m[HTTP]&amp#27;[0m &amp#27;[37m-->&amp#27;[39m &amp#27;[37mGET&amp#27;[39m &amp#27;[37m/session/737cfc75-39b7-4d8d-95ca-253dab0f7826/element/00000000-0000-05c2-0000-010900000004/text&amp#27;[39m
&amp#27;[38;5;0m[HTTP]&amp#27;[0m &amp#27;[90m{}&amp#27;[39m
&amp#27;[38;5;32m[AndroidUiautomator2Driver@7d8a (737cfc75)]&amp#27;[0m Driver proxy active, passing request on via HTTP proxy
&amp#27;[38;5;32m[AndroidUiautomator2Driver@7d8a (737cfc75)]&amp#27;[0m Matched '/session/737cfc75-39b7-4d8d-95ca-253dab0f7826/element/00000000-0000-05c2-0000-010900000004/text' to command name 'getText'
&amp#27;[38;5;32m[AndroidUiautomator2Driver@7d8a (737cfc75)]&amp#27;[0m Proxying [GET /session/737cfc75-39b7-4d8d-95ca-253dab0f7826/element/00000000-0000-05c2-0000-010900000004/text] to [GET http://127.0.0.1:8240/session/848f67d1-b0ae-4721-9dff-71f52c26d8f9/element/00000000-0000-05c2-0000-010900000004/text] with no body
&amp#27;[38;5;32m[AndroidUiautomator2Driver@7d8a (737cfc75)]&amp#27;[0m Got response with status 200: {"sessionId":"848f67d1-b0ae-4721-9dff-71f52c26d8f9","value":"14 Â°C"}
&amp#27;[38;5;32m[AndroidUiautomator2Driver@7d8a (737cfc75)]&amp#27;[0m Replacing sessionId 848f67d1-b0ae-4721-9dff-71f52c26d8f9 with 737cfc75-39b7-4d8d-95ca-253dab0f7826
&amp#27;[38;5;0m[HTTP]&amp#27;[0m &amp#27;[37m<-- GET /session/737cfc75-39b7-4d8d-95ca-253dab0f7826/element/00000000-0000-05c2-0000-010900000004/text &amp#27;[39m&amp#27;[32m200&amp#27;[39m &amp#27;[90m8 ms - 69&amp#27;[39m
&amp#27;[38;5;0m[HTTP]&amp#27;[0m &amp#27;[90m&amp#27;[39m
&amp#27;[38;5;0m[HTTP]&amp#27;[0m &amp#27;[37m-->&amp#27;[39m &amp#27;[37mGET&amp#27;[39m &amp#27;[37m/session/737cfc75-39b7-4d8d-95ca-253dab0f7826/element/00000000-0000-05c2-0000-010b00000004/text&amp#27;[39m
&amp#27;[38;5;0m[HTTP]&amp#27;[0m &amp#27;[90m{}&amp#27;[39m
&amp#27;[38;5;32m[AndroidUiautomator2Driver@7d8a (737cfc75)]&amp#27;[0m Driver proxy active, passing request on via HTTP proxy
&amp#27;[38;5;32m[AndroidUiautomator2Driver@7d8a (737cfc75)]&amp#27;[0m Matched '/session/737cfc75-39b7-4d8d-95ca-253dab0f7826/element/00000000-0000-05c2-0000-010b00000004/text' to command name 'getText'
&amp#27;[38;5;32m[AndroidUiautomator2Driver@7d8a (737cfc75)]&amp#27;[0m Proxying [GET /session/737cfc75-39b7-4d8d-95ca-253dab0f7826/element/00000000-0000-05c2-0000-010b00000004/text] to [GET http://127.0.0.1:8240/session/848f67d1-b0ae-4721-9dff-71f52c26d8f9/element/00000000-0000-05c2-0000-010b00000004/text] with no body
&amp#27;[38;5;32m[AndroidUiautomator2Driver@7d8a (737cfc75)]&amp#27;[0m Got response with status 200: {"sessionId":"848f67d1-b0ae-4721-9dff-71f52c26d8f9","value":"02:00"}
&amp#27;[38;5;32m[AndroidUiautomator2Driver@7d8a (737cfc75)]&amp#27;[0m Replacing sessionId 848f67d1-b0ae-4721-9dff-71f52c26d8f9 with 737cfc75-39b7-4d8d-95ca-253dab0f7826
&amp#27;[38;5;0m[HTTP]&amp#27;[0m &amp#27;[37m<-- GET /session/737cfc75-39b7-4d8d-95ca-253dab0f7826/element/00000000-0000-05c2-0000-010b00000004/text &amp#27;[39m&amp#27;[32m200&amp#27;[39m &amp#27;[90m9 ms - 68&amp#27;[39m
&amp#27;[38;5;0m[HTTP]&amp#27;[0m &amp#27;[90m&amp#27;[39m
&amp#27;[38;5;0m[HTTP]&amp#27;[0m &amp#27;[37m-->&amp#27;[39m &amp#27;[37mGET&amp#27;[39m &amp#27;[37m/session/737cfc75-39b7-4d8d-95ca-253dab0f7826/element/00000000-0000-05c2-0000-010d00000004/text&amp#27;[39m
&amp#27;[38;5;0m[HTTP]&amp#27;[0m &amp#27;[90m{}&amp#27;[39m
&amp#27;[38;5;32m[AndroidUiautomator2Driver@7d8a (737cfc75)]&amp#27;[0m Driver proxy active, passing request on via HTTP proxy
&amp#27;[38;5;32m[AndroidUiautomator2Driver@7d8a (737cfc75)]&amp#27;[0m Matched '/session/737cfc75-39b7-4d8d-95ca-253dab0f7826/element/00000000-0000-05c2-0000-010d00000004/text' to command name 'getText'
&amp#27;[38;5;32m[AndroidUiautomator2Driver@7d8a (737cfc75)]&amp#27;[0m Proxying [GET /session/737cfc75-39b7-4d8d-95ca-253dab0f7826/element/00000000-0000-05c2-0000-010d00000004/text] to [GET http://127.0.0.1:8240/session/848f67d1-b0ae-4721-9dff-71f52c26d8f9/element/00000000-0000-05c2-0000-010d00000004/text] with no body
&amp#27;[38;5;32m[AndroidUiautomator2Driver@7d8a (737cfc75)]&amp#27;[0m Got response with status 200: {"sessionId":"848f67d1-b0ae-4721-9dff-71f52c26d8f9","value":"broken clouds"}
&amp#27;[38;5;32m[AndroidUiautomator2Driver@7d8a (737cfc75)]&amp#27;[0m Replacing sessionId 848f67d1-b0ae-4721-9dff-71f52c26d8f9 with 737cfc75-39b7-4d8d-95ca-253dab0f7826
&amp#27;[38;5;0m[HTTP]&amp#27;[0m &amp#27;[37m<-- GET /session/737cfc75-39b7-4d8d-95ca-253dab0f7826/element/00000000-0000-05c2-0000-010d00000004/text &amp#27;[39m&amp#27;[32m200&amp#27;[39m &amp#27;[90m8 ms - 76&amp#27;[39m
&amp#27;[38;5;0m[HTTP]&amp#27;[0m &amp#27;[90m&amp#27;[39m
&amp#27;[38;5;0m[HTTP]&amp#27;[0m &amp#27;[37m-->&amp#27;[39m &amp#27;[37mGET&amp#27;[39m &amp#27;[37m/session/737cfc75-39b7-4d8d-95ca-253dab0f7826/element/00000000-0000-05c2-0000-010f00000004/text&amp#27;[39m
&amp#27;[38;5;0m[HTTP]&amp#27;[0m &amp#27;[90m{}&amp#27;[39m
&amp#27;[38;5;32m[AndroidUiautomator2Driver@7d8a (737cfc75)]&amp#27;[0m Driver proxy active, passing request on via HTTP proxy
&amp#27;[38;5;32m[AndroidUiautomator2Driver@7d8a (737cfc75)]&amp#27;[0m Matched '/session/737cfc75-39b7-4d8d-95ca-253dab0f7826/element/00000000-0000-05c2-0000-010f00000004/text' to command name 'getText'
&amp#27;[38;5;32m[AndroidUiautomator2Driver@7d8a (737cfc75)]&amp#27;[0m Proxying [GET /session/737cfc75-39b7-4d8d-95ca-253dab0f7826/element/00000000-0000-05c2-0000-010f00000004/text] to [GET http://127.0.0.1:8240/session/848f67d1-b0ae-4721-9dff-71f52c26d8f9/element/00000000-0000-05c2-0000-010f00000004/text] with no body
&amp#27;[38;5;32m[AndroidUiautomator2Driver@7d8a (737cfc75)]&amp#27;[0m Got response with status 200: {"sessionId":"848f67d1-b0ae-4721-9dff-71f52c26d8f9","value":"71 %"}
&amp#27;[38;5;32m[AndroidUiautomator2Driver@7d8a (737cfc75)]&amp#27;[0m Replacing sessionId 848f67d1-b0ae-4721-9dff-71f52c26d8f9 with 737cfc75-39b7-4d8d-95ca-253dab0f7826
&amp#27;[38;5;0m[HTTP]&amp#27;[0m &amp#27;[37m<-- GET /session/737cfc75-39b7-4d8d-95ca-253dab0f7826/element/00000000-0000-05c2-0000-010f00000004/text &amp#27;[39m&amp#27;[32m200&amp#27;[39m &amp#27;[90m8 ms - 67&amp#27;[39m
&amp#27;[38;5;0m[HTTP]&amp#27;[0m &amp#27;[90m&amp#27;[39m
&amp#27;[38;5;0m[HTTP]&amp#27;[0m &amp#27;[37m-->&amp#27;[39m &amp#27;[37mGET&amp#27;[39m &amp#27;[37m/session/737cfc75-39b7-4d8d-95ca-253dab0f7826/element/00000000-0000-05c2-0000-011100000004/text&amp#27;[39m
&amp#27;[38;5;0m[HTTP]&amp#27;[0m &amp#27;[90m{}&amp#27;[39m
&amp#27;[38;5;32m[AndroidUiautomator2Driver@7d8a (737cfc75)]&amp#27;[0m Driver proxy active, passing request on via HTTP proxy
&amp#27;[38;5;32m[AndroidUiautomator2Driver@7d8a (737cfc75)]&amp#27;[0m Matched '/session/737cfc75-39b7-4d8d-95ca-253dab0f7826/element/00000000-0000-05c2-0000-011100000004/text' to command name 'getText'
&amp#27;[38;5;32m[AndroidUiautomator2Driver@7d8a (737cfc75)]&amp#27;[0m Proxying [GET /session/737cfc75-39b7-4d8d-95ca-253dab0f7826/element/00000000-0000-05c2-0000-011100000004/text] to [GET http://127.0.0.1:8240/session/848f67d1-b0ae-4721-9dff-71f52c26d8f9/element/00000000-0000-05c2-0000-011100000004/text] with no body
&amp#27;[38;5;32m[AndroidUiautomator2Driver@7d8a (737cfc75)]&amp#27;[0m Got response with status 200: {"sessionId":"848f67d1-b0ae-4721-9dff-71f52c26d8f9","value":"14 Â°C"}
&amp#27;[38;5;32m[AndroidUiautomator2Driver@7d8a (737cfc75)]&amp#27;[0m Replacing sessionId 848f67d1-b0ae-4721-9dff-71f52c26d8f9 with 737cfc75-39b7-4d8d-95ca-253dab0f7826
&amp#27;[38;5;0m[HTTP]&amp#27;[0m &amp#27;[37m<-- GET /session/737cfc75-39b7-4d8d-95ca-253dab0f7826/element/00000000-0000-05c2-0000-011100000004/text &amp#27;[39m&amp#27;[32m200&amp#27;[39m &amp#27;[90m9 ms - 69&amp#27;[39m
&amp#27;[38;5;0m[HTTP]&amp#27;[0m &amp#27;[90m&amp#27;[39m
&amp#27;[38;5;0m[HTTP]&amp#27;[0m &amp#27;[37m-->&amp#27;[39m &amp#27;[37mPOST&amp#27;[39m &amp#27;[37m/session/737cfc75-39b7-4d8d-95ca-253dab0f7826/execute/sync&amp#27;[39m
&amp#27;[38;5;0m[HTTP]&amp#27;[0m &amp#27;[90m{"script":"mobile: swipeGesture","args":[{"elementId":"00000000-0000-05c2-0000-002900000004","percent":0.4,"speed":320,"direction":"left"}]}&amp#27;[39m
&amp#27;[38;5;32m[AndroidUiautomator2Driver@7d8a (737cfc75)]&amp#27;[0m Calling AppiumDriver.execute() with args: ["mobile: swipeGesture",[{"elementId":"00000000-0000-05c2-0000-002900000004","percent":0.4,"speed":320,"direction":"left"}],"737cfc75-39b7-4d8d-95ca-253dab0f7826"]
&amp#27;[38;5;32m[AndroidUiautomator2Driver@7d8a (737cfc75)]&amp#27;[0m Executing method 'mobile: swipeGesture'
&amp#27;[38;5;32m[AndroidUiautomator2Driver@7d8a (737cfc75)]&amp#27;[0m Proxying [POST /appium/gestures/swipe] to [POST http://127.0.0.1:8240/session/848f67d1-b0ae-4721-9dff-71f52c26d8f9/appium/gestures/swipe] with body: {"origin":{"ELEMENT":"00000000-0000-05c2-0000-002900000004","element-6066-11e4-a52e-4f735466cecf":"00000000-0000-05c2-0000-002900000004"},"direction":"left","percent":0.4,"speed":320}
&amp#27;[38;5;32m[AndroidUiautomator2Driver@7d8a (737cfc75)]&amp#27;[0m Got response with status 200: {"sessionId":"848f67d1-b0ae-4721-9dff-71f52c26d8f9","value":null}
&amp#27;[38;5;32m[AndroidUiautomator2Driver@7d8a (737cfc75)]&amp#27;[0m Responding to client with driver.execute() result: null
&amp#27;[38;5;0m[HTTP]&amp#27;[0m &amp#27;[37m<-- POST /session/737cfc75-39b7-4d8d-95ca-253dab0f7826/execute/sync &amp#27;[39m&amp#27;[32m200&amp#27;[39m &amp#27;[90m1520 ms - 14&amp#27;[39m
&amp#27;[38;5;0m[HTTP]&amp#27;[0m &amp#27;[90m&amp#27;[39m
&amp#27;[38;5;0m[HTTP]&amp#27;[0m &amp#27;[37m-->&amp#27;[39m &amp#27;[37mPOST&amp#27;[39m &amp#27;[37m/session/737cfc75-39b7-4d8d-95ca-253dab0f7826/elements&amp#27;[39m
&amp#27;[38;5;0m[HTTP]&amp#27;[0m &amp#27;[90m{"using":"xpath","value":"//android.widget.HorizontalScrollView"}&amp#27;[39m
&amp#27;[38;5;32m[AndroidUiautomator2Driver@7d8a (737cfc75)]&amp#27;[0m Calling AppiumDriver.findElements() with args: ["xpath","//android.widget.HorizontalScrollView","737cfc75-39b7-4d8d-95ca-253dab0f7826"]
&amp#27;[38;5;32m[AndroidUiautomator2Driver@7d8a (737cfc75)]&amp#27;[0m Valid locator strategies for this request: xpath, id, class name, accessibility id, css selector, -android uiautomator
&amp#27;[38;5;32m[AndroidUiautomator2Driver@7d8a (737cfc75)]&amp#27;[0m Waiting up to 0 ms for condition
&amp#27;[38;5;32m[AndroidUiautomator2Driver@7d8a (737cfc75)]&amp#27;[0m Matched '/elements' to command name 'findElements'
&amp#27;[38;5;32m[AndroidUiautomator2Driver@7d8a (737cfc75)]&amp#27;[0m Proxying [POST /elements] to [POST http://127.0.0.1:8240/session/848f67d1-b0ae-4721-9dff-71f52c26d8f9/elements] with body: {"strategy":"xpath","selector":"//android.widget.HorizontalScrollView","context":"","multiple":true}
&amp#27;[38;5;32m[AndroidUiautomator2Driver@7d8a (737cfc75)]&amp#27;[0m Got response with status 200: {"sessionId":"848f67d1-b0ae-4721-9dff-71f52c26d8f9","value":[{"ELEMENT":"00000000-0000-05c2-0000-002900000004","element-6066-11e4-a52e-4f735466cecf":"00000000-0000-05c2-0000-002900000004"},{"ELEMENT":"00000000-0000-05c2-0000-002a00000004","element-6066-11e4-a52e-4f735466cecf":"00000000-0000-05c2-0000-002a00000004"}]}
&amp#27;[38;5;32m[AndroidUiautomator2Driver@7d8a (737cfc75)]&amp#27;[0m Responding to client with driver.findElements() result: [{"element-6066-11e4-a52e-4f735466cecf":"00000000-0000-05c2-0000-002900000004","ELEMENT":"00000000-0000-05c2-0000-002900000004"},{"element-6066-11e4-a52e-4f735466cecf":"00000000-0000-05c2-0000-002a00000004","ELEMENT":"00000000-0000-05c2-0000-002a00000004"}]
&amp#27;[38;5;0m[HTTP]&amp#27;[0m &amp#27;[37m<-- POST /session/737cfc75-39b7-4d8d-95ca-253dab0f7826/elements &amp#27;[39m&amp#27;[32m200&amp#27;[39m &amp#27;[90m109 ms - 267&amp#27;[39m
&amp#27;[38;5;0m[HTTP]&amp#27;[0m &amp#27;[90m&amp#27;[39m
&amp#27;[38;5;0m[HTTP]&amp#27;[0m &amp#27;[37m-->&amp#27;[39m &amp#27;[37mPOST&amp#27;[39m &amp#27;[37m/session/737cfc75-39b7-4d8d-95ca-253dab0f7826/element/00000000-0000-05c2-0000-002900000004/elements&amp#27;[39m
&amp#27;[38;5;0m[HTTP]&amp#27;[0m &amp#27;[90m{"id":"00000000-0000-05c2-0000-002900000004","using":"xpath","value":"//android.view.View"}&amp#27;[39m
&amp#27;[38;5;32m[AndroidUiautomator2Driver@7d8a (737cfc75)]&amp#27;[0m Calling AppiumDriver.findElementsFromElement() with args: ["xpath","//android.view.View","00000000-0000-05c2-0000-002900000004","737cfc75-39b7-4d8d-95ca-253dab0f7826"]
&amp#27;[38;5;32m[AndroidUiautomator2Driver@7d8a (737cfc75)]&amp#27;[0m Valid locator strategies for this request: xpath, id, class name, accessibility id, css selector, -android uiautomator
&amp#27;[38;5;32m[AndroidUiautomator2Driver@7d8a (737cfc75)]&amp#27;[0m Waiting up to 0 ms for condition
&amp#27;[38;5;32m[AndroidUiautomator2Driver@7d8a (737cfc75)]&amp#27;[0m Matched '/elements' to command name 'findElements'
&amp#27;[38;5;32m[AndroidUiautomator2Driver@7d8a (737cfc75)]&amp#27;[0m Proxying [POST /elements] to [POST http://127.0.0.1:8240/session/848f67d1-b0ae-4721-9dff-71f52c26d8f9/elements] with body: {"strategy":"xpath","selector":"//android.view.View","context":"00000000-0000-05c2-0000-002900000004","multiple":true}
&amp#27;[38;5;32m[AndroidUiautomator2Driver@7d8a (737cfc75)]&amp#27;[0m Got response with status 200: {"sessionId":"848f67d1-b0ae-4721-9dff-71f52c26d8f9","value":[{"ELEMENT":"00000000-0000-05c2-0000-00fb00000004","element-6066-11e4-a52e-4f735466cecf":"00000000-0000-05c2-0000-00fb00000004"},{"ELEMENT":"00000000-0000-05c2-0000-00fd00000004","element-6066-11e4-a52e-4f735466cecf":"00000000-0000-05c2-0000-00fd00000004"},{"ELEMENT":"00000000-0000-05c2-0000-00ff00000004","element-6066-11e4-a52e-4f735466cecf":"00000000-0000-05c2-0000-00ff00000004"},{"ELEMENT":"00000000-0000-05c2-0000-010100000004","element-6066-11e4-a52e-4f735466cecf":"00000000-0000-05c2-0000-010100000004"},{"ELEMENT":"00000000-0000-05c2-0000-010300000004","element-6066-11e4-a52e-4f735466cecf":"00000000-0000-05c2-0000-010300000004"},{"ELEMENT":"00000000-0000-05c2-0000-010500000004","element-6066-11e4-a52e-4f735466cecf":"00000000-0000-05c2-0000-010500000004"},{"ELEMENT":"00000000-0000-05c2-0000-010700000004","element-6066-11e4-a52e-4f735466cecf":"00000000-0000-05c2-0000-010700000004"},{"ELEMENT":"00000000-0000-05c2-0000-010900000004","element-6066-...
&amp#27;[38;5;32m[AndroidUiautomator2Driver@7d8a (737cfc75)]&amp#27;[0m Responding to client with driver.findElementsFromElement() result: [{"element-6066-11e4-a52e-4f735466cecf":"00000000-0000-05c2-0000-00fb00000004","ELEMENT":"00000000-0000-05c2-0000-00fb00000004"},{"element-6066-11e4-a52e-4f735466cecf":"00000000-0000-05c2-0000-00fd00000004","ELEMENT":"00000000-0000-05c2-0000-00fd00000004"},{"element-6066-11e4-a52e-4f735466cecf":"00000000-0000-05c2-0000-00ff00000004","ELEMENT":"00000000-0000-05c2-0000-00ff00000004"},{"element-6066-11e4-a52e-4f735466cecf":"00000000-0000-05c2-0000-010100000004","ELEMENT":"00000000-0000-05c2-0000-010100000004"},{"element-6066-11e4-a52e-4f735466cecf":"00000000-0000-05c2-0000-010300000004","ELEMENT":"00000000-0000-05c2-0000-010300000004"},{"element-6066-11e4-a52e-4f735466cecf":"00000000-0000-05c2-0000-010500000004","ELEMENT":"00000000-0000-05c2-0000-010500000004"},{"element-6066-11e4-a52e-4f735466cecf":"00000000-0000-05c2-0000-010700000004","ELEMENT":"00000000-0000-05c2-0000-010700000004"},{"element-6066-11e4-a52e-4f735466cecf":"00000000-0000-05c2-0000-010900000004","ELEMENT":"00000000-0000-05c2-0000-01090000000...
&amp#27;[38;5;0m[HTTP]&amp#27;[0m &amp#27;[37m<-- POST /session/737cfc75-39b7-4d8d-95ca-253dab0f7826/element/00000000-0000-05c2-0000-002900000004/elements &amp#27;[39m&amp#27;[32m200&amp#27;[39m &amp#27;[90m45 ms - 2059&amp#27;[39m
&amp#27;[38;5;0m[HTTP]&amp#27;[0m &amp#27;[90m&amp#27;[39m
&amp#27;[38;5;0m[HTTP]&amp#27;[0m &amp#27;[37m-->&amp#27;[39m &amp#27;[37mGET&amp#27;[39m &amp#27;[37m/session/737cfc75-39b7-4d8d-95ca-253dab0f7826/element/00000000-0000-05c2-0000-00fb00000004/text&amp#27;[39m
&amp#27;[38;5;0m[HTTP]&amp#27;[0m &amp#27;[90m{}&amp#27;[39m
&amp#27;[38;5;32m[AndroidUiautomator2Driver@7d8a (737cfc75)]&amp#27;[0m Driver proxy active, passing request on via HTTP proxy
&amp#27;[38;5;32m[AndroidUiautomator2Driver@7d8a (737cfc75)]&amp#27;[0m Matched '/session/737cfc75-39b7-4d8d-95ca-253dab0f7826/element/00000000-0000-05c2-0000-00fb00000004/text' to command name 'getText'
&amp#27;[38;5;32m[AndroidUiautomator2Driver@7d8a (737cfc75)]&amp#27;[0m Proxying [GET /session/737cfc75-39b7-4d8d-95ca-253dab0f7826/element/00000000-0000-05c2-0000-00fb00000004/text] to [GET http://127.0.0.1:8240/session/848f67d1-b0ae-4721-9dff-71f52c26d8f9/element/00000000-0000-05c2-0000-00fb00000004/text] with no body
&amp#27;[38;5;32m[AndroidUiautomator2Driver@7d8a (737cfc75)]&amp#27;[0m Got response with status 200: {"sessionId":"848f67d1-b0ae-4721-9dff-71f52c26d8f9","value":"00:00"}
&amp#27;[38;5;32m[AndroidUiautomator2Driver@7d8a (737cfc75)]&amp#27;[0m Replacing sessionId 848f67d1-b0ae-4721-9dff-71f52c26d8f9 with 737cfc75-39b7-4d8d-95ca-253dab0f7826
&amp#27;[38;5;0m[HTTP]&amp#27;[0m &amp#27;[37m<-- GET /session/737cfc75-39b7-4d8d-95ca-253dab0f7826/element/00000000-0000-05c2-0000-00fb00000004/text &amp#27;[39m&amp#27;[32m200&amp#27;[39m &amp#27;[90m9 ms - 68&amp#27;[39m
&amp#27;[38;5;0m[HTTP]&amp#27;[0m &amp#27;[90m&amp#27;[39m
&amp#27;[38;5;0m[HTTP]&amp#27;[0m &amp#27;[37m-->&amp#27;[39m &amp#27;[37mGET&amp#27;[39m &amp#27;[37m/session/737cfc75-39b7-4d8d-95ca-253dab0f7826/element/00000000-0000-05c2-0000-00fd00000004/text&amp#27;[39m
&amp#27;[38;5;0m[HTTP]&amp#27;[0m &amp#27;[90m{}&amp#27;[39m
&amp#27;[38;5;32m[AndroidUiautomator2Driver@7d8a (737cfc75)]&amp#27;[0m Driver proxy active, passing request on via HTTP proxy
&amp#27;[38;5;32m[AndroidUiautomator2Driver@7d8a (737cfc75)]&amp#27;[0m Matched '/session/737cfc75-39b7-4d8d-95ca-253dab0f7826/element/00000000-0000-05c2-0000-00fd00000004/text' to command name 'getText'
&amp#27;[38;5;32m[AndroidUiautomator2Driver@7d8a (737cfc75)]&amp#27;[0m Proxying [GET /session/737cfc75-39b7-4d8d-95ca-253dab0f7826/element/00000000-0000-05c2-0000-00fd00000004/text] to [GET http://127.0.0.1:8240/session/848f67d1-b0ae-4721-9dff-71f52c26d8f9/element/00000000-0000-05c2-0000-00fd00000004/text] with no body
&amp#27;[38;5;32m[AndroidUiautomator2Driver@7d8a (737cfc75)]&amp#27;[0m Got response with status 200: {"sessionId":"848f67d1-b0ae-4721-9dff-71f52c26d8f9","value":"overcast clouds"}
&amp#27;[38;5;32m[AndroidUiautomator2Driver@7d8a (737cfc75)]&amp#27;[0m Replacing sessionId 848f67d1-b0ae-4721-9dff-71f52c26d8f9 with 737cfc75-39b7-4d8d-95ca-253dab0f7826
&amp#27;[38;5;0m[HTTP]&amp#27;[0m &amp#27;[37m<-- GET /session/737cfc75-39b7-4d8d-95ca-253dab0f7826/element/00000000-0000-05c2-0000-00fd00000004/text &amp#27;[39m&amp#27;[32m200&amp#27;[39m &amp#27;[90m8 ms - 78&amp#27;[39m
&amp#27;[38;5;0m[HTTP]&amp#27;[0m &amp#27;[90m&amp#27;[39m
&amp#27;[38;5;0m[HTTP]&amp#27;[0m &amp#27;[37m-->&amp#27;[39m &amp#27;[37mGET&amp#27;[39m &amp#27;[37m/session/737cfc75-39b7-4d8d-95ca-253dab0f7826/element/00000000-0000-05c2-0000-00ff00000004/text&amp#27;[39m
&amp#27;[38;5;0m[HTTP]&amp#27;[0m &amp#27;[90m{}&amp#27;[39m
&amp#27;[38;5;32m[AndroidUiautomator2Driver@7d8a (737cfc75)]&amp#27;[0m Driver proxy active, passing request on via HTTP proxy
&amp#27;[38;5;32m[AndroidUiautomator2Driver@7d8a (737cfc75)]&amp#27;[0m Matched '/session/737cfc75-39b7-4d8d-95ca-253dab0f7826/element/00000000-0000-05c2-0000-00ff00000004/text' to command name 'getText'
&amp#27;[38;5;32m[AndroidUiautomator2Driver@7d8a (737cfc75)]&amp#27;[0m Proxying [GET /session/737cfc75-39b7-4d8d-95ca-253dab0f7826/element/00000000-0000-05c2-0000-00ff00000004/text] to [GET http://127.0.0.1:8240/session/848f67d1-b0ae-4721-9dff-71f52c26d8f9/element/00000000-0000-05c2-0000-00ff00000004/text] with no body
&amp#27;[38;5;32m[AndroidUiautomator2Driver@7d8a (737cfc75)]&amp#27;[0m Got response with status 200: {"sessionId":"848f67d1-b0ae-4721-9dff-71f52c26d8f9","value":"82 %"}
&amp#27;[38;5;32m[AndroidUiautomator2Driver@7d8a (737cfc75)]&amp#27;[0m Replacing sessionId 848f67d1-b0ae-4721-9dff-71f52c26d8f9 with 737cfc75-39b7-4d8d-95ca-253dab0f7826
&amp#27;[38;5;0m[HTTP]&amp#27;[0m &amp#27;[37m<-- GET /session/737cfc75-39b7-4d8d-95ca-253dab0f7826/element/00000000-0000-05c2-0000-00ff00000004/text &amp#27;[39m&amp#27;[32m200&amp#27;[39m &amp#27;[90m8 ms - 67&amp#27;[39m
&amp#27;[38;5;0m[HTTP]&amp#27;[0m &amp#27;[90m&amp#27;[39m
&amp#27;[38;5;0m[HTTP]&amp#27;[0m &amp#27;[37m-->&amp#27;[39m &amp#27;[37mGET&amp#27;[39m &amp#27;[37m/session/737cfc75-39b7-4d8d-95ca-253dab0f7826/element/00000000-0000-05c2-0000-010100000004/text&amp#27;[39m
&amp#27;[38;5;0m[HTTP]&amp#27;[0m &amp#27;[90m{}&amp#27;[39m
&amp#27;[38;5;32m[AndroidUiautomator2Driver@7d8a (737cfc75)]&amp#27;[0m Driver proxy active, passing request on via HTTP proxy
&amp#27;[38;5;32m[AndroidUiautomator2Driver@7d8a (737cfc75)]&amp#27;[0m Matched '/session/737cfc75-39b7-4d8d-95ca-253dab0f7826/element/00000000-0000-05c2-0000-010100000004/text' to command name 'getText'
&amp#27;[38;5;32m[AndroidUiautomator2Driver@7d8a (737cfc75)]&amp#27;[0m Proxying [GET /session/737cfc75-39b7-4d8d-95ca-253dab0f7826/element/00000000-0000-05c2-0000-010100000004/text] to [GET http://127.0.0.1:8240/session/848f67d1-b0ae-4721-9dff-71f52c26d8f9/element/00000000-0000-05c2-0000-010100000004/text] with no body
&amp#27;[38;5;32m[AndroidUiautomator2Driver@7d8a (737cfc75)]&amp#27;[0m Got response with status 200: {"sessionId":"848f67d1-b0ae-4721-9dff-71f52c26d8f9","value":"13 Â°C"}
&amp#27;[38;5;32m[AndroidUiautomator2Driver@7d8a (737cfc75)]&amp#27;[0m Replacing sessionId 848f67d1-b0ae-4721-9dff-71f52c26d8f9 with 737cfc75-39b7-4d8d-95ca-253dab0f7826
&amp#27;[38;5;0m[HTTP]&amp#27;[0m &amp#27;[37m<-- GET /session/737cfc75-39b7-4d8d-95ca-253dab0f7826/element/00000000-0000-05c2-0000-010100000004/text &amp#27;[39m&amp#27;[32m200&amp#27;[39m &amp#27;[90m8 ms - 69&amp#27;[39m
&amp#27;[38;5;0m[HTTP]&amp#27;[0m &amp#27;[90m&amp#27;[39m
&amp#27;[38;5;0m[HTTP]&amp#27;[0m &amp#27;[37m-->&amp#27;[39m &amp#27;[37mGET&amp#27;[39m &amp#27;[37m/session/737cfc75-39b7-4d8d-95ca-253dab0f7826/element/00000000-0000-05c2-0000-010300000004/text&amp#27;[39m
&amp#27;[38;5;0m[HTTP]&amp#27;[0m &amp#27;[90m{}&amp#27;[39m
&amp#27;[38;5;32m[AndroidUiautomator2Driver@7d8a (737cfc75)]&amp#27;[0m Driver proxy active, passing request on via HTTP proxy
&amp#27;[38;5;32m[AndroidUiautomator2Driver@7d8a (737cfc75)]&amp#27;[0m Matched '/session/737cfc75-39b7-4d8d-95ca-253dab0f7826/element/00000000-0000-05c2-0000-010300000004/text' to command name 'getText'
&amp#27;[38;5;32m[AndroidUiautomator2Driver@7d8a (737cfc75)]&amp#27;[0m Proxying [GET /session/737cfc75-39b7-4d8d-95ca-253dab0f7826/element/00000000-0000-05c2-0000-010300000004/text] to [GET http://127.0.0.1:8240/session/848f67d1-b0ae-4721-9dff-71f52c26d8f9/element/00000000-0000-05c2-0000-010300000004/text] with no body
&amp#27;[38;5;32m[AndroidUiautomator2Driver@7d8a (737cfc75)]&amp#27;[0m Got response with status 200: {"sessionId":"848f67d1-b0ae-4721-9dff-71f52c26d8f9","value":"01:00"}
&amp#27;[38;5;32m[AndroidUiautomator2Driver@7d8a (737cfc75)]&amp#27;[0m Replacing sessionId 848f67d1-b0ae-4721-9dff-71f52c26d8f9 with 737cfc75-39b7-4d8d-95ca-253dab0f7826
&amp#27;[38;5;0m[HTTP]&amp#27;[0m &amp#27;[37m<-- GET /session/737cfc75-39b7-4d8d-95ca-253dab0f7826/element/00000000-0000-05c2-0000-010300000004/text &amp#27;[39m&amp#27;[32m200&amp#27;[39m &amp#27;[90m8 ms - 68&amp#27;[39m
&amp#27;[38;5;0m[HTTP]&amp#27;[0m &amp#27;[90m&amp#27;[39m
&amp#27;[38;5;0m[HTTP]&amp#27;[0m &amp#27;[37m-->&amp#27;[39m &amp#27;[37mGET&amp#27;[39m &amp#27;[37m/session/737cfc75-39b7-4d8d-95ca-253dab0f7826/element/00000000-0000-05c2-0000-010500000004/text&amp#27;[39m
&amp#27;[38;5;0m[HTTP]&amp#27;[0m &amp#27;[90m{}&amp#27;[39m
&amp#27;[38;5;32m[AndroidUiautomator2Driver@7d8a (737cfc75)]&amp#27;[0m Driver proxy active, passing request on via HTTP proxy
&amp#27;[38;5;32m[AndroidUiautomator2Driver@7d8a (737cfc75)]&amp#27;[0m Matched '/session/737cfc75-39b7-4d8d-95ca-253dab0f7826/element/00000000-0000-05c2-0000-010500000004/text' to command name 'getText'
&amp#27;[38;5;32m[AndroidUiautomator2Driver@7d8a (737cfc75)]&amp#27;[0m Proxying [GET /session/737cfc75-39b7-4d8d-95ca-253dab0f7826/element/00000000-0000-05c2-0000-010500000004/text] to [GET http://127.0.0.1:8240/session/848f67d1-b0ae-4721-9dff-71f52c26d8f9/element/00000000-0000-05c2-0000-010500000004/text] with no body
&amp#27;[38;5;32m[AndroidUiautomator2Driver@7d8a (737cfc75)]&amp#27;[0m Got response with status 200: {"sessionId":"848f67d1-b0ae-4721-9dff-71f52c26d8f9","value":"broken clouds"}
&amp#27;[38;5;32m[AndroidUiautomator2Driver@7d8a (737cfc75)]&amp#27;[0m Replacing sessionId 848f67d1-b0ae-4721-9dff-71f52c26d8f9 with 737cfc75-39b7-4d8d-95ca-253dab0f7826
&amp#27;[38;5;0m[HTTP]&amp#27;[0m &amp#27;[37m<-- GET /session/737cfc75-39b7-4d8d-95ca-253dab0f7826/element/00000000-0000-05c2-0000-010500000004/text &amp#27;[39m&amp#27;[32m200&amp#27;[39m &amp#27;[90m8 ms - 76&amp#27;[39m
&amp#27;[38;5;0m[HTTP]&amp#27;[0m &amp#27;[90m&amp#27;[39m
&amp#27;[38;5;0m[HTTP]&amp#27;[0m &amp#27;[37m-->&amp#27;[39m &amp#27;[37mGET&amp#27;[39m &amp#27;[37m/session/737cfc75-39b7-4d8d-95ca-253dab0f7826/element/00000000-0000-05c2-0000-010700000004/text&amp#27;[39m
&amp#27;[38;5;0m[HTTP]&amp#27;[0m &amp#27;[90m{}&amp#27;[39m
&amp#27;[38;5;32m[AndroidUiautomator2Driver@7d8a (737cfc75)]&amp#27;[0m Driver proxy active, passing request on via HTTP proxy
&amp#27;[38;5;32m[AndroidUiautomator2Driver@7d8a (737cfc75)]&amp#27;[0m Matched '/session/737cfc75-39b7-4d8d-95ca-253dab0f7826/element/00000000-0000-05c2-0000-010700000004/text' to command name 'getText'
&amp#27;[38;5;32m[AndroidUiautomator2Driver@7d8a (737cfc75)]&amp#27;[0m Proxying [GET /session/737cfc75-39b7-4d8d-95ca-253dab0f7826/element/00000000-0000-05c2-0000-010700000004/text] to [GET http://127.0.0.1:8240/session/848f67d1-b0ae-4721-9dff-71f52c26d8f9/element/00000000-0000-05c2-0000-010700000004/text] with no body
&amp#27;[38;5;32m[AndroidUiautomator2Driver@7d8a (737cfc75)]&amp#27;[0m Got response with status 200: {"sessionId":"848f67d1-b0ae-4721-9dff-71f52c26d8f9","value":"75 %"}
&amp#27;[38;5;32m[AndroidUiautomator2Driver@7d8a (737cfc75)]&amp#27;[0m Replacing sessionId 848f67d1-b0ae-4721-9dff-71f52c26d8f9 with 737cfc75-39b7-4d8d-95ca-253dab0f7826
&amp#27;[38;5;0m[HTTP]&amp#27;[0m &amp#27;[37m<-- GET /session/737cfc75-39b7-4d8d-95ca-253dab0f7826/element/00000000-0000-05c2-0000-010700000004/text &amp#27;[39m&amp#27;[32m200&amp#27;[39m &amp#27;[90m9 ms - 67&amp#27;[39m
&amp#27;[38;5;0m[HTTP]&amp#27;[0m &amp#27;[90m&amp#27;[39m
&amp#27;[38;5;0m[HTTP]&amp#27;[0m &amp#27;[37m-->&amp#27;[39m &amp#27;[37mGET&amp#27;[39m &amp#27;[37m/session/737cfc75-39b7-4d8d-95ca-253dab0f7826/element/00000000-0000-05c2-0000-010900000004/text&amp#27;[39m
&amp#27;[38;5;0m[HTTP]&amp#27;[0m &amp#27;[90m{}&amp#27;[39m
&amp#27;[38;5;32m[AndroidUiautomator2Driver@7d8a (737cfc75)]&amp#27;[0m Driver proxy active, passing request on via HTTP proxy
&amp#27;[38;5;32m[AndroidUiautomator2Driver@7d8a (737cfc75)]&amp#27;[0m Matched '/session/737cfc75-39b7-4d8d-95ca-253dab0f7826/element/00000000-0000-05c2-0000-010900000004/text' to command name 'getText'
&amp#27;[38;5;32m[AndroidUiautomator2Driver@7d8a (737cfc75)]&amp#27;[0m Proxying [GET /session/737cfc75-39b7-4d8d-95ca-253dab0f7826/element/00000000-0000-05c2-0000-010900000004/text] to [GET http://127.0.0.1:8240/session/848f67d1-b0ae-4721-9dff-71f52c26d8f9/element/00000000-0000-05c2-0000-010900000004/text] with no body
&amp#27;[38;5;32m[AndroidUiautomator2Driver@7d8a (737cfc75)]&amp#27;[0m Got response with status 200: {"sessionId":"848f67d1-b0ae-4721-9dff-71f52c26d8f9","value":"14 Â°C"}
&amp#27;[38;5;32m[AndroidUiautomator2Driver@7d8a (737cfc75)]&amp#27;[0m Replacing sessionId 848f67d1-b0ae-4721-9dff-71f52c26d8f9 with 737cfc75-39b7-4d8d-95ca-253dab0f7826
&amp#27;[38;5;0m[HTTP]&amp#27;[0m &amp#27;[37m<-- GET /session/737cfc75-39b7-4d8d-95ca-253dab0f7826/element/00000000-0000-05c2-0000-010900000004/text &amp#27;[39m&amp#27;[32m200&amp#27;[39m &amp#27;[90m10 ms - 69&amp#27;[39m
&amp#27;[38;5;0m[HTTP]&amp#27;[0m &amp#27;[90m&amp#27;[39m
&amp#27;[38;5;0m[HTTP]&amp#27;[0m &amp#27;[37m-->&amp#27;[39m &amp#27;[37mGET&amp#27;[39m &amp#27;[37m/session/737cfc75-39b7-4d8d-95ca-253dab0f7826/element/00000000-0000-05c2-0000-010b00000004/text&amp#27;[39m
&amp#27;[38;5;0m[HTTP]&amp#27;[0m &amp#27;[90m{}&amp#27;[39m
&amp#27;[38;5;32m[AndroidUiautomator2Driver@7d8a (737cfc75)]&amp#27;[0m Driver proxy active, passing request on via HTTP proxy
&amp#27;[38;5;32m[AndroidUiautomator2Driver@7d8a (737cfc75)]&amp#27;[0m Matched '/session/737cfc75-39b7-4d8d-95ca-253dab0f7826/element/00000000-0000-05c2-0000-010b00000004/text' to command name 'getText'
&amp#27;[38;5;32m[AndroidUiautomator2Driver@7d8a (737cfc75)]&amp#27;[0m Proxying [GET /session/737cfc75-39b7-4d8d-95ca-253dab0f7826/element/00000000-0000-05c2-0000-010b00000004/text] to [GET http://127.0.0.1:8240/session/848f67d1-b0ae-4721-9dff-71f52c26d8f9/element/00000000-0000-05c2-0000-010b00000004/text] with no body
&amp#27;[38;5;32m[AndroidUiautomator2Driver@7d8a (737cfc75)]&amp#27;[0m Got response with status 200: {"sessionId":"848f67d1-b0ae-4721-9dff-71f52c26d8f9","value":"02:00"}
&amp#27;[38;5;32m[AndroidUiautomator2Driver@7d8a (737cfc75)]&amp#27;[0m Replacing sessionId 848f67d1-b0ae-4721-9dff-71f52c26d8f9 with 737cfc75-39b7-4d8d-95ca-253dab0f7826
&amp#27;[38;5;0m[HTTP]&amp#27;[0m &amp#27;[37m<-- GET /session/737cfc75-39b7-4d8d-95ca-253dab0f7826/element/00000000-0000-05c2-0000-010b00000004/text &amp#27;[39m&amp#27;[32m200&amp#27;[39m &amp#27;[90m10 ms - 68&amp#27;[39m
&amp#27;[38;5;0m[HTTP]&amp#27;[0m &amp#27;[90m&amp#27;[39m
&amp#27;[38;5;0m[HTTP]&amp#27;[0m &amp#27;[37m-->&amp#27;[39m &amp#27;[37mGET&amp#27;[39m &amp#27;[37m/session/737cfc75-39b7-4d8d-95ca-253dab0f7826/element/00000000-0000-05c2-0000-010d00000004/text&amp#27;[39m
&amp#27;[38;5;0m[HTTP]&amp#27;[0m &amp#27;[90m{}&amp#27;[39m
&amp#27;[38;5;32m[AndroidUiautomator2Driver@7d8a (737cfc75)]&amp#27;[0m Driver proxy active, passing request on via HTTP proxy
&amp#27;[38;5;32m[AndroidUiautomator2Driver@7d8a (737cfc75)]&amp#27;[0m Matched '/session/737cfc75-39b7-4d8d-95ca-253dab0f7826/element/00000000-0000-05c2-0000-010d00000004/text' to command name 'getText'
&amp#27;[38;5;32m[AndroidUiautomator2Driver@7d8a (737cfc75)]&amp#27;[0m Proxying [GET /session/737cfc75-39b7-4d8d-95ca-253dab0f7826/element/00000000-0000-05c2-0000-010d00000004/text] to [GET http://127.0.0.1:8240/session/848f67d1-b0ae-4721-9dff-71f52c26d8f9/element/00000000-0000-05c2-0000-010d00000004/text] with no body
&amp#27;[38;5;32m[AndroidUiautomator2Driver@7d8a (737cfc75)]&amp#27;[0m Got response with status 200: {"sessionId":"848f67d1-b0ae-4721-9dff-71f52c26d8f9","value":"broken clouds"}
&amp#27;[38;5;32m[AndroidUiautomator2Driver@7d8a (737cfc75)]&amp#27;[0m Replacing sessionId 848f67d1-b0ae-4721-9dff-71f52c26d8f9 with 737cfc75-39b7-4d8d-95ca-253dab0f7826
&amp#27;[38;5;0m[HTTP]&amp#27;[0m &amp#27;[37m<-- GET /session/737cfc75-39b7-4d8d-95ca-253dab0f7826/element/00000000-0000-05c2-0000-010d00000004/text &amp#27;[39m&amp#27;[32m200&amp#27;[39m &amp#27;[90m10 ms - 76&amp#27;[39m
&amp#27;[38;5;0m[HTTP]&amp#27;[0m &amp#27;[90m&amp#27;[39m
&amp#27;[38;5;0m[HTTP]&amp#27;[0m &amp#27;[37m-->&amp#27;[39m &amp#27;[37mGET&amp#27;[39m &amp#27;[37m/session/737cfc75-39b7-4d8d-95ca-253dab0f7826/element/00000000-0000-05c2-0000-010f00000004/text&amp#27;[39m
&amp#27;[38;5;0m[HTTP]&amp#27;[0m &amp#27;[90m{}&amp#27;[39m
&amp#27;[38;5;32m[AndroidUiautomator2Driver@7d8a (737cfc75)]&amp#27;[0m Driver proxy active, passing request on via HTTP proxy
&amp#27;[38;5;32m[AndroidUiautomator2Driver@7d8a (737cfc75)]&amp#27;[0m Matched '/session/737cfc75-39b7-4d8d-95ca-253dab0f7826/element/00000000-0000-05c2-0000-010f00000004/text' to command name 'getText'
&amp#27;[38;5;32m[AndroidUiautomator2Driver@7d8a (737cfc75)]&amp#27;[0m Proxying [GET /session/737cfc75-39b7-4d8d-95ca-253dab0f7826/element/00000000-0000-05c2-0000-010f00000004/text] to [GET http://127.0.0.1:8240/session/848f67d1-b0ae-4721-9dff-71f52c26d8f9/element/00000000-0000-05c2-0000-010f00000004/text] with no body
&amp#27;[38;5;32m[AndroidUiautomator2Driver@7d8a (737cfc75)]&amp#27;[0m Got response with status 200: {"sessionId":"848f67d1-b0ae-4721-9dff-71f52c26d8f9","value":"71 %"}
&amp#27;[38;5;32m[AndroidUiautomator2Driver@7d8a (737cfc75)]&amp#27;[0m Replacing sessionId 848f67d1-b0ae-4721-9dff-71f52c26d8f9 with 737cfc75-39b7-4d8d-95ca-253dab0f7826
&amp#27;[38;5;0m[HTTP]&amp#27;[0m &amp#27;[37m<-- GET /session/737cfc75-39b7-4d8d-95ca-253dab0f7826/element/00000000-0000-05c2-0000-010f00000004/text &amp#27;[39m&amp#27;[32m200&amp#27;[39m &amp#27;[90m10 ms - 67&amp#27;[39m
&amp#27;[38;5;0m[HTTP]&amp#27;[0m &amp#27;[90m&amp#27;[39m
&amp#27;[38;5;0m[HTTP]&amp#27;[0m &amp#27;[37m-->&amp#27;[39m &amp#27;[37mGET&amp#27;[39m &amp#27;[37m/session/737cfc75-39b7-4d8d-95ca-253dab0f7826/element/00000000-0000-05c2-0000-011100000004/text&amp#27;[39m
&amp#27;[38;5;0m[HTTP]&amp#27;[0m &amp#27;[90m{}&amp#27;[39m
&amp#27;[38;5;32m[AndroidUiautomator2Driver@7d8a (737cfc75)]&amp#27;[0m Driver proxy active, passing request on via HTTP proxy
&amp#27;[38;5;32m[AndroidUiautomator2Driver@7d8a (737cfc75)]&amp#27;[0m Matched '/session/737cfc75-39b7-4d8d-95ca-253dab0f7826/element/00000000-0000-05c2-0000-011100000004/text' to command name 'getText'
&amp#27;[38;5;32m[AndroidUiautomator2Driver@7d8a (737cfc75)]&amp#27;[0m Proxying [GET /session/737cfc75-39b7-4d8d-95ca-253dab0f7826/element/00000000-0000-05c2-0000-011100000004/text] to [GET http://127.0.0.1:8240/session/848f67d1-b0ae-4721-9dff-71f52c26d8f9/element/00000000-0000-05c2-0000-011100000004/text] with no body
&amp#27;[38;5;32m[AndroidUiautomator2Driver@7d8a (737cfc75)]&amp#27;[0m Got response with status 200: {"sessionId":"848f67d1-b0ae-4721-9dff-71f52c26d8f9","value":"14 Â°C"}
&amp#27;[38;5;32m[AndroidUiautomator2Driver@7d8a (737cfc75)]&amp#27;[0m Replacing sessionId 848f67d1-b0ae-4721-9dff-71f52c26d8f9 with 737cfc75-39b7-4d8d-95ca-253dab0f7826
&amp#27;[38;5;0m[HTTP]&amp#27;[0m &amp#27;[37m<-- GET /session/737cfc75-39b7-4d8d-95ca-253dab0f7826/element/00000000-0000-05c2-0000-011100000004/text &amp#27;[39m&amp#27;[32m200&amp#27;[39m &amp#27;[90m10 ms - 69&amp#27;[39m
&amp#27;[38;5;0m[HTTP]&amp#27;[0m &amp#27;[90m&amp#27;[39m
&amp#27;[38;5;0m[HTTP]&amp#27;[0m &amp#27;[37m-->&amp#27;[39m &amp#27;[37mGET&amp#27;[39m &amp#27;[37m/session/737cfc75-39b7-4d8d-95ca-253dab0f7826/element/00000000-0000-05c2-0000-011300000004/text&amp#27;[39m
&amp#27;[38;5;0m[HTTP]&amp#27;[0m &amp#27;[90m{}&amp#27;[39m
&amp#27;[38;5;32m[AndroidUiautomator2Driver@7d8a (737cfc75)]&amp#27;[0m Driver proxy active, passing request on via HTTP proxy
&amp#27;[38;5;32m[AndroidUiautomator2Driver@7d8a (737cfc75)]&amp#27;[0m Matched '/session/737cfc75-39b7-4d8d-95ca-253dab0f7826/element/00000000-0000-05c2-0000-011300000004/text' to command name 'getText'
&amp#27;[38;5;32m[AndroidUiautomator2Driver@7d8a (737cfc75)]&amp#27;[0m Proxying [GET /session/737cfc75-39b7-4d8d-95ca-253dab0f7826/element/00000000-0000-05c2-0000-011300000004/text] to [GET http://127.0.0.1:8240/session/848f67d1-b0ae-4721-9dff-71f52c26d8f9/element/00000000-0000-05c2-0000-011300000004/text] with no body
&amp#27;[38;5;32m[AndroidUiautomator2Driver@7d8a (737cfc75)]&amp#27;[0m Got response with status 200: {"sessionId":"848f67d1-b0ae-4721-9dff-71f52c26d8f9","value":"03:00"}
&amp#27;[38;5;32m[AndroidUiautomator2Driver@7d8a (737cfc75)]&amp#27;[0m Replacing sessionId 848f67d1-b0ae-4721-9dff-71f52c26d8f9 with 737cfc75-39b7-4d8d-95ca-253dab0f7826
&amp#27;[38;5;0m[HTTP]&amp#27;[0m &amp#27;[37m<-- GET /session/737cfc75-39b7-4d8d-95ca-253dab0f7826/element/00000000-0000-05c2-0000-011300000004/text &amp#27;[39m&amp#27;[32m200&amp#27;[39m &amp#27;[90m10 ms - 68&amp#27;[39m
&amp#27;[38;5;0m[HTTP]&amp#27;[0m &amp#27;[90m&amp#27;[39m
&amp#27;[38;5;0m[HTTP]&amp#27;[0m &amp#27;[37m-->&amp#27;[39m &amp#27;[37mGET&amp#27;[39m &amp#27;[37m/session/737cfc75-39b7-4d8d-95ca-253dab0f7826/element/00000000-0000-05c2-0000-011500000004/text&amp#27;[39m
&amp#27;[38;5;0m[HTTP]&amp#27;[0m &amp#27;[90m{}&amp#27;[39m
&amp#27;[38;5;32m[AndroidUiautomator2Driver@7d8a (737cfc75)]&amp#27;[0m Driver proxy active, passing request on via HTTP proxy
&amp#27;[38;5;32m[AndroidUiautomator2Driver@7d8a (737cfc75)]&amp#27;[0m Matched '/session/737cfc75-39b7-4d8d-95ca-253dab0f7826/element/00000000-0000-05c2-0000-011500000004/text' to command name 'getText'
&amp#27;[38;5;32m[AndroidUiautomator2Driver@7d8a (737cfc75)]&amp#27;[0m Proxying [GET /session/737cfc75-39b7-4d8d-95ca-253dab0f7826/element/00000000-0000-05c2-0000-011500000004/text] to [GET http://127.0.0.1:8240/session/848f67d1-b0ae-4721-9dff-71f52c26d8f9/element/00000000-0000-05c2-0000-011500000004/text] with no body
&amp#27;[38;5;32m[AndroidUiautomator2Driver@7d8a (737cfc75)]&amp#27;[0m Got response with status 200: {"sessionId":"848f67d1-b0ae-4721-9dff-71f52c26d8f9","value":"overcast clouds"}
&amp#27;[38;5;32m[AndroidUiautomator2Driver@7d8a (737cfc75)]&amp#27;[0m Replacing sessionId 848f67d1-b0ae-4721-9dff-71f52c26d8f9 with 737cfc75-39b7-4d8d-95ca-253dab0f7826
&amp#27;[38;5;0m[HTTP]&amp#27;[0m &amp#27;[37m<-- GET /session/737cfc75-39b7-4d8d-95ca-253dab0f7826/element/00000000-0000-05c2-0000-011500000004/text &amp#27;[39m&amp#27;[32m200&amp#27;[39m &amp#27;[90m9 ms - 78&amp#27;[39m
&amp#27;[38;5;0m[HTTP]&amp#27;[0m &amp#27;[90m&amp#27;[39m
&amp#27;[38;5;0m[HTTP]&amp#27;[0m &amp#27;[37m-->&amp#27;[39m &amp#27;[37mGET&amp#27;[39m &amp#27;[37m/session/737cfc75-39b7-4d8d-95ca-253dab0f7826/element/00000000-0000-05c2-0000-011700000004/text&amp#27;[39m
&amp#27;[38;5;0m[HTTP]&amp#27;[0m &amp#27;[90m{}&amp#27;[39m
&amp#27;[38;5;32m[AndroidUiautomator2Driver@7d8a (737cfc75)]&amp#27;[0m Driver proxy active, passing request on via HTTP proxy
&amp#27;[38;5;32m[AndroidUiautomator2Driver@7d8a (737cfc75)]&amp#27;[0m Matched '/session/737cfc75-39b7-4d8d-95ca-253dab0f7826/element/00000000-0000-05c2-0000-011700000004/text' to command name 'getText'
&amp#27;[38;5;32m[AndroidUiautomator2Driver@7d8a (737cfc75)]&amp#27;[0m Proxying [GET /session/737cfc75-39b7-4d8d-95ca-253dab0f7826/element/00000000-0000-05c2-0000-011700000004/text] to [GET http://127.0.0.1:8240/session/848f67d1-b0ae-4721-9dff-71f52c26d8f9/element/00000000-0000-05c2-0000-011700000004/text] with no body
&amp#27;[38;5;32m[AndroidUiautomator2Driver@7d8a (737cfc75)]&amp#27;[0m Got response with status 200: {"sessionId":"848f67d1-b0ae-4721-9dff-71f52c26d8f9","value":"68 %"}
&amp#27;[38;5;32m[AndroidUiautomator2Driver@7d8a (737cfc75)]&amp#27;[0m Replacing sessionId 848f67d1-b0ae-4721-9dff-71f52c26d8f9 with 737cfc75-39b7-4d8d-95ca-253dab0f7826
&amp#27;[38;5;0m[HTTP]&amp#27;[0m &amp#27;[37m<-- GET /session/737cfc75-39b7-4d8d-95ca-253dab0f7826/element/00000000-0000-05c2-0000-011700000004/text &amp#27;[39m&amp#27;[32m200&amp#27;[39m &amp#27;[90m10 ms - 67&amp#27;[39m
&amp#27;[38;5;0m[HTTP]&amp#27;[0m &amp#27;[90m&amp#27;[39m
&amp#27;[38;5;0m[HTTP]&amp#27;[0m &amp#27;[37m-->&amp#27;[39m &amp#27;[37mGET&amp#27;[39m &amp#27;[37m/session/737cfc75-39b7-4d8d-95ca-253dab0f7826/element/00000000-0000-05c2-0000-011900000004/text&amp#27;[39m
&amp#27;[38;5;0m[HTTP]&amp#27;[0m &amp#27;[90m{}&amp#27;[39m
&amp#27;[38;5;32m[AndroidUiautomator2Driver@7d8a (737cfc75)]&amp#27;[0m Driver proxy active, passing request on via HTTP proxy
&amp#27;[38;5;32m[AndroidUiautomator2Driver@7d8a (737cfc75)]&amp#27;[0m Matched '/session/737cfc75-39b7-4d8d-95ca-253dab0f7826/element/00000000-0000-05c2-0000-011900000004/text' to command name 'getText'
&amp#27;[38;5;32m[AndroidUiautomator2Driver@7d8a (737cfc75)]&amp#27;[0m Proxying [GET /session/737cfc75-39b7-4d8d-95ca-253dab0f7826/element/00000000-0000-05c2-0000-011900000004/text] to [GET http://127.0.0.1:8240/session/848f67d1-b0ae-4721-9dff-71f52c26d8f9/element/00000000-0000-05c2-0000-011900000004/text] with no body
&amp#27;[38;5;32m[AndroidUiautomator2Driver@7d8a (737cfc75)]&amp#27;[0m Got response with status 200: {"sessionId":"848f67d1-b0ae-4721-9dff-71f52c26d8f9","value":"14 Â°C"}
&amp#27;[38;5;32m[AndroidUiautomator2Driver@7d8a (737cfc75)]&amp#27;[0m Replacing sessionId 848f67d1-b0ae-4721-9dff-71f52c26d8f9 with 737cfc75-39b7-4d8d-95ca-253dab0f7826
&amp#27;[38;5;0m[HTTP]&amp#27;[0m &amp#27;[37m<-- GET /session/737cfc75-39b7-4d8d-95ca-253dab0f7826/element/00000000-0000-05c2-0000-011900000004/text &amp#27;[39m&amp#27;[32m200&amp#27;[39m &amp#27;[90m10 ms - 69&amp#27;[39m
&amp#27;[38;5;0m[HTTP]&amp#27;[0m &amp#27;[90m&amp#27;[39m
&amp#27;[38;5;0m[HTTP]&amp#27;[0m &amp#27;[37m-->&amp#27;[39m &amp#27;[37mPOST&amp#27;[39m &amp#27;[37m/session/737cfc75-39b7-4d8d-95ca-253dab0f7826/execute/sync&amp#27;[39m
&amp#27;[38;5;0m[HTTP]&amp#27;[0m &amp#27;[90m{"script":"mobile: swipeGesture","args":[{"elementId":"00000000-0000-05c2-0000-002900000004","percent":0.4,"speed":320,"direction":"left"}]}&amp#27;[39m
&amp#27;[38;5;32m[AndroidUiautomator2Driver@7d8a (737cfc75)]&amp#27;[0m Calling AppiumDriver.execute() with args: ["mobile: swipeGesture",[{"elementId":"00000000-0000-05c2-0000-002900000004","percent":0.4,"speed":320,"direction":"left"}],"737cfc75-39b7-4d8d-95ca-253dab0f7826"]
&amp#27;[38;5;32m[AndroidUiautomator2Driver@7d8a (737cfc75)]&amp#27;[0m Executing method 'mobile: swipeGesture'
&amp#27;[38;5;32m[AndroidUiautomator2Driver@7d8a (737cfc75)]&amp#27;[0m Proxying [POST /appium/gestures/swipe] to [POST http://127.0.0.1:8240/session/848f67d1-b0ae-4721-9dff-71f52c26d8f9/appium/gestures/swipe] with body: {"origin":{"ELEMENT":"00000000-0000-05c2-0000-002900000004","element-6066-11e4-a52e-4f735466cecf":"00000000-0000-05c2-0000-002900000004"},"direction":"left","percent":0.4,"speed":320}
&amp#27;[38;5;32m[AndroidUiautomator2Driver@7d8a (737cfc75)]&amp#27;[0m Got response with status 200: {"sessionId":"848f67d1-b0ae-4721-9dff-71f52c26d8f9","value":null}
&amp#27;[38;5;32m[AndroidUiautomator2Driver@7d8a (737cfc75)]&amp#27;[0m Responding to client with driver.execute() result: null
&amp#27;[38;5;0m[HTTP]&amp#27;[0m &amp#27;[37m<-- POST /session/737cfc75-39b7-4d8d-95ca-253dab0f7826/execute/sync &amp#27;[39m&amp#27;[32m200&amp#27;[39m &amp#27;[90m1550 ms - 14&amp#27;[39m
&amp#27;[38;5;0m[HTTP]&amp#27;[0m &amp#27;[90m&amp#27;[39m
&amp#27;[38;5;0m[HTTP]&amp#27;[0m &amp#27;[37m-->&amp#27;[39m &amp#27;[37mPOST&amp#27;[39m &amp#27;[37m/session/737cfc75-39b7-4d8d-95ca-253dab0f7826/elements&amp#27;[39m
&amp#27;[38;5;0m[HTTP]&amp#27;[0m &amp#27;[90m{"using":"xpath","value":"//android.widget.HorizontalScrollView"}&amp#27;[39m
&amp#27;[38;5;32m[AndroidUiautomator2Driver@7d8a (737cfc75)]&amp#27;[0m Calling AppiumDriver.findElements() with args: ["xpath","//android.widget.HorizontalScrollView","737cfc75-39b7-4d8d-95ca-253dab0f7826"]
&amp#27;[38;5;32m[AndroidUiautomator2Driver@7d8a (737cfc75)]&amp#27;[0m Valid locator strategies for this request: xpath, id, class name, accessibility id, css selector, -android uiautomator
&amp#27;[38;5;32m[AndroidUiautomator2Driver@7d8a (737cfc75)]&amp#27;[0m Waiting up to 0 ms for condition
&amp#27;[38;5;32m[AndroidUiautomator2Driver@7d8a (737cfc75)]&amp#27;[0m Matched '/elements' to command name 'findElements'
&amp#27;[38;5;32m[AndroidUiautomator2Driver@7d8a (737cfc75)]&amp#27;[0m Proxying [POST /elements] to [POST http://127.0.0.1:8240/session/848f67d1-b0ae-4721-9dff-71f52c26d8f9/elements] with body: {"strategy":"xpath","selector":"//android.widget.HorizontalScrollView","context":"","multiple":true}
&amp#27;[38;5;32m[AndroidUiautomator2Driver@7d8a (737cfc75)]&amp#27;[0m Got response with status 200: {"sessionId":"848f67d1-b0ae-4721-9dff-71f52c26d8f9","value":[{"ELEMENT":"00000000-0000-05c2-0000-002900000004","element-6066-11e4-a52e-4f735466cecf":"00000000-0000-05c2-0000-002900000004"},{"ELEMENT":"00000000-0000-05c2-0000-002a00000004","element-6066-11e4-a52e-4f735466cecf":"00000000-0000-05c2-0000-002a00000004"}]}
&amp#27;[38;5;32m[AndroidUiautomator2Driver@7d8a (737cfc75)]&amp#27;[0m Responding to client with driver.findElements() result: [{"element-6066-11e4-a52e-4f735466cecf":"00000000-0000-05c2-0000-002900000004","ELEMENT":"00000000-0000-05c2-0000-002900000004"},{"element-6066-11e4-a52e-4f735466cecf":"00000000-0000-05c2-0000-002a00000004","ELEMENT":"00000000-0000-05c2-0000-002a00000004"}]
&amp#27;[38;5;0m[HTTP]&amp#27;[0m &amp#27;[37m<-- POST /session/737cfc75-39b7-4d8d-95ca-253dab0f7826/elements &amp#27;[39m&amp#27;[32m200&amp#27;[39m &amp#27;[90m106 ms - 267&amp#27;[39m
&amp#27;[38;5;0m[HTTP]&amp#27;[0m &amp#27;[90m&amp#27;[39m
&amp#27;[38;5;0m[HTTP]&amp#27;[0m &amp#27;[37m-->&amp#27;[39m &amp#27;[37mPOST&amp#27;[39m &amp#27;[37m/session/737cfc75-39b7-4d8d-95ca-253dab0f7826/element/00000000-0000-05c2-0000-002900000004/elements&amp#27;[39m
&amp#27;[38;5;0m[HTTP]&amp#27;[0m &amp#27;[90m{"id":"00000000-0000-05c2-0000-002900000004","using":"xpath","value":"//android.view.View"}&amp#27;[39m
&amp#27;[38;5;32m[AndroidUiautomator2Driver@7d8a (737cfc75)]&amp#27;[0m Calling AppiumDriver.findElementsFromElement() with args: ["xpath","//android.view.View","00000000-0000-05c2-0000-002900000004","737cfc75-39b7-4d8d-95ca-253dab0f7826"]
&amp#27;[38;5;32m[AndroidUiautomator2Driver@7d8a (737cfc75)]&amp#27;[0m Valid locator strategies for this request: xpath, id, class name, accessibility id, css selector, -android uiautomator
&amp#27;[38;5;32m[AndroidUiautomator2Driver@7d8a (737cfc75)]&amp#27;[0m Waiting up to 0 ms for condition
&amp#27;[38;5;32m[AndroidUiautomator2Driver@7d8a (737cfc75)]&amp#27;[0m Matched '/elements' to command name 'findElements'
&amp#27;[38;5;32m[AndroidUiautomator2Driver@7d8a (737cfc75)]&amp#27;[0m Proxying [POST /elements] to [POST http://127.0.0.1:8240/session/848f67d1-b0ae-4721-9dff-71f52c26d8f9/elements] with body: {"strategy":"xpath","selector":"//android.view.View","context":"00000000-0000-05c2-0000-002900000004","multiple":true}
&amp#27;[38;5;32m[AndroidUiautomator2Driver@7d8a (737cfc75)]&amp#27;[0m Got response with status 200: {"sessionId":"848f67d1-b0ae-4721-9dff-71f52c26d8f9","value":[{"ELEMENT":"00000000-0000-05c2-0000-010300000004","element-6066-11e4-a52e-4f735466cecf":"00000000-0000-05c2-0000-010300000004"},{"ELEMENT":"00000000-0000-05c2-0000-010500000004","element-6066-11e4-a52e-4f735466cecf":"00000000-0000-05c2-0000-010500000004"},{"ELEMENT":"00000000-0000-05c2-0000-010700000004","element-6066-11e4-a52e-4f735466cecf":"00000000-0000-05c2-0000-010700000004"},{"ELEMENT":"00000000-0000-05c2-0000-010900000004","element-6066-11e4-a52e-4f735466cecf":"00000000-0000-05c2-0000-010900000004"},{"ELEMENT":"00000000-0000-05c2-0000-010b00000004","element-6066-11e4-a52e-4f735466cecf":"00000000-0000-05c2-0000-010b00000004"},{"ELEMENT":"00000000-0000-05c2-0000-010d00000004","element-6066-11e4-a52e-4f735466cecf":"00000000-0000-05c2-0000-010d00000004"},{"ELEMENT":"00000000-0000-05c2-0000-010f00000004","element-6066-11e4-a52e-4f735466cecf":"00000000-0000-05c2-0000-010f00000004"},{"ELEMENT":"00000000-0000-05c2-0000-011100000004","element-6066-...
&amp#27;[38;5;32m[AndroidUiautomator2Driver@7d8a (737cfc75)]&amp#27;[0m Responding to client with driver.findElementsFromElement() result: [{"element-6066-11e4-a52e-4f735466cecf":"00000000-0000-05c2-0000-010300000004","ELEMENT":"00000000-0000-05c2-0000-010300000004"},{"element-6066-11e4-a52e-4f735466cecf":"00000000-0000-05c2-0000-010500000004","ELEMENT":"00000000-0000-05c2-0000-010500000004"},{"element-6066-11e4-a52e-4f735466cecf":"00000000-0000-05c2-0000-010700000004","ELEMENT":"00000000-0000-05c2-0000-010700000004"},{"element-6066-11e4-a52e-4f735466cecf":"00000000-0000-05c2-0000-010900000004","ELEMENT":"00000000-0000-05c2-0000-010900000004"},{"element-6066-11e4-a52e-4f735466cecf":"00000000-0000-05c2-0000-010b00000004","ELEMENT":"00000000-0000-05c2-0000-010b00000004"},{"element-6066-11e4-a52e-4f735466cecf":"00000000-0000-05c2-0000-010d00000004","ELEMENT":"00000000-0000-05c2-0000-010d00000004"},{"element-6066-11e4-a52e-4f735466cecf":"00000000-0000-05c2-0000-010f00000004","ELEMENT":"00000000-0000-05c2-0000-010f00000004"},{"element-6066-11e4-a52e-4f735466cecf":"00000000-0000-05c2-0000-011100000004","ELEMENT":"00000000-0000-05c2-0000-01110000000...
&amp#27;[38;5;0m[HTTP]&amp#27;[0m &amp#27;[37m<-- POST /session/737cfc75-39b7-4d8d-95ca-253dab0f7826/element/00000000-0000-05c2-0000-002900000004/elements &amp#27;[39m&amp#27;[32m200&amp#27;[39m &amp#27;[90m48 ms - 2059&amp#27;[39m
&amp#27;[38;5;0m[HTTP]&amp#27;[0m &amp#27;[90m&amp#27;[39m
&amp#27;[38;5;0m[HTTP]&amp#27;[0m &amp#27;[37m-->&amp#27;[39m &amp#27;[37mGET&amp#27;[39m &amp#27;[37m/session/737cfc75-39b7-4d8d-95ca-253dab0f7826/element/00000000-0000-05c2-0000-010300000004/text&amp#27;[39m
&amp#27;[38;5;0m[HTTP]&amp#27;[0m &amp#27;[90m{}&amp#27;[39m
&amp#27;[38;5;32m[AndroidUiautomator2Driver@7d8a (737cfc75)]&amp#27;[0m Driver proxy active, passing request on via HTTP proxy
&amp#27;[38;5;32m[AndroidUiautomator2Driver@7d8a (737cfc75)]&amp#27;[0m Matched '/session/737cfc75-39b7-4d8d-95ca-253dab0f7826/element/00000000-0000-05c2-0000-010300000004/text' to command name 'getText'
&amp#27;[38;5;32m[AndroidUiautomator2Driver@7d8a (737cfc75)]&amp#27;[0m Proxying [GET /session/737cfc75-39b7-4d8d-95ca-253dab0f7826/element/00000000-0000-05c2-0000-010300000004/text] to [GET http://127.0.0.1:8240/session/848f67d1-b0ae-4721-9dff-71f52c26d8f9/element/00000000-0000-05c2-0000-010300000004/text] with no body
&amp#27;[38;5;32m[AndroidUiautomator2Driver@7d8a (737cfc75)]&amp#27;[0m Got response with status 200: {"sessionId":"848f67d1-b0ae-4721-9dff-71f52c26d8f9","value":"01:00"}
&amp#27;[38;5;32m[AndroidUiautomator2Driver@7d8a (737cfc75)]&amp#27;[0m Replacing sessionId 848f67d1-b0ae-4721-9dff-71f52c26d8f9 with 737cfc75-39b7-4d8d-95ca-253dab0f7826
&amp#27;[38;5;0m[HTTP]&amp#27;[0m &amp#27;[37m<-- GET /session/737cfc75-39b7-4d8d-95ca-253dab0f7826/element/00000000-0000-05c2-0000-010300000004/text &amp#27;[39m&amp#27;[32m200&amp#27;[39m &amp#27;[90m8 ms - 68&amp#27;[39m
&amp#27;[38;5;0m[HTTP]&amp#27;[0m &amp#27;[90m&amp#27;[39m
&amp#27;[38;5;0m[HTTP]&amp#27;[0m &amp#27;[37m-->&amp#27;[39m &amp#27;[37mGET&amp#27;[39m &amp#27;[37m/session/737cfc75-39b7-4d8d-95ca-253dab0f7826/element/00000000-0000-05c2-0000-010500000004/text&amp#27;[39m
&amp#27;[38;5;0m[HTTP]&amp#27;[0m &amp#27;[90m{}&amp#27;[39m
&amp#27;[38;5;32m[AndroidUiautomator2Driver@7d8a (737cfc75)]&amp#27;[0m Driver proxy active, passing request on via HTTP proxy
&amp#27;[38;5;32m[AndroidUiautomator2Driver@7d8a (737cfc75)]&amp#27;[0m Matched '/session/737cfc75-39b7-4d8d-95ca-253dab0f7826/element/00000000-0000-05c2-0000-010500000004/text' to command name 'getText'
&amp#27;[38;5;32m[AndroidUiautomator2Driver@7d8a (737cfc75)]&amp#27;[0m Proxying [GET /session/737cfc75-39b7-4d8d-95ca-253dab0f7826/element/00000000-0000-05c2-0000-010500000004/text] to [GET http://127.0.0.1:8240/session/848f67d1-b0ae-4721-9dff-71f52c26d8f9/element/00000000-0000-05c2-0000-010500000004/text] with no body
&amp#27;[38;5;32m[AndroidUiautomator2Driver@7d8a (737cfc75)]&amp#27;[0m Got response with status 200: {"sessionId":"848f67d1-b0ae-4721-9dff-71f52c26d8f9","value":"broken clouds"}
&amp#27;[38;5;32m[AndroidUiautomator2Driver@7d8a (737cfc75)]&amp#27;[0m Replacing sessionId 848f67d1-b0ae-4721-9dff-71f52c26d8f9 with 737cfc75-39b7-4d8d-95ca-253dab0f7826
&amp#27;[38;5;0m[HTTP]&amp#27;[0m &amp#27;[37m<-- GET /session/737cfc75-39b7-4d8d-95ca-253dab0f7826/element/00000000-0000-05c2-0000-010500000004/text &amp#27;[39m&amp#27;[32m200&amp#27;[39m &amp#27;[90m9 ms - 76&amp#27;[39m
&amp#27;[38;5;0m[HTTP]&amp#27;[0m &amp#27;[90m&amp#27;[39m
&amp#27;[38;5;0m[HTTP]&amp#27;[0m &amp#27;[37m-->&amp#27;[39m &amp#27;[37mGET&amp#27;[39m &amp#27;[37m/session/737cfc75-39b7-4d8d-95ca-253dab0f7826/element/00000000-0000-05c2-0000-010700000004/text&amp#27;[39m
&amp#27;[38;5;0m[HTTP]&amp#27;[0m &amp#27;[90m{}&amp#27;[39m
&amp#27;[38;5;32m[AndroidUiautomator2Driver@7d8a (737cfc75)]&amp#27;[0m Driver proxy active, passing request on via HTTP proxy
&amp#27;[38;5;32m[AndroidUiautomator2Driver@7d8a (737cfc75)]&amp#27;[0m Matched '/session/737cfc75-39b7-4d8d-95ca-253dab0f7826/element/00000000-0000-05c2-0000-010700000004/text' to command name 'getText'
&amp#27;[38;5;32m[AndroidUiautomator2Driver@7d8a (737cfc75)]&amp#27;[0m Proxying [GET /session/737cfc75-39b7-4d8d-95ca-253dab0f7826/element/00000000-0000-05c2-0000-010700000004/text] to [GET http://127.0.0.1:8240/session/848f67d1-b0ae-4721-9dff-71f52c26d8f9/element/00000000-0000-05c2-0000-010700000004/text] with no body
&amp#27;[38;5;32m[AndroidUiautomator2Driver@7d8a (737cfc75)]&amp#27;[0m Got response with status 200: {"sessionId":"848f67d1-b0ae-4721-9dff-71f52c26d8f9","value":"75 %"}
&amp#27;[38;5;32m[AndroidUiautomator2Driver@7d8a (737cfc75)]&amp#27;[0m Replacing sessionId 848f67d1-b0ae-4721-9dff-71f52c26d8f9 with 737cfc75-39b7-4d8d-95ca-253dab0f7826
&amp#27;[38;5;0m[HTTP]&amp#27;[0m &amp#27;[37m<-- GET /session/737cfc75-39b7-4d8d-95ca-253dab0f7826/element/00000000-0000-05c2-0000-010700000004/text &amp#27;[39m&amp#27;[32m200&amp#27;[39m &amp#27;[90m9 ms - 67&amp#27;[39m
&amp#27;[38;5;0m[HTTP]&amp#27;[0m &amp#27;[90m&amp#27;[39m
&amp#27;[38;5;0m[HTTP]&amp#27;[0m &amp#27;[37m-->&amp#27;[39m &amp#27;[37mGET&amp#27;[39m &amp#27;[37m/session/737cfc75-39b7-4d8d-95ca-253dab0f7826/element/00000000-0000-05c2-0000-010900000004/text&amp#27;[39m
&amp#27;[38;5;0m[HTTP]&amp#27;[0m &amp#27;[90m{}&amp#27;[39m
&amp#27;[38;5;32m[AndroidUiautomator2Driver@7d8a (737cfc75)]&amp#27;[0m Driver proxy active, passing request on via HTTP proxy
&amp#27;[38;5;32m[AndroidUiautomator2Driver@7d8a (737cfc75)]&amp#27;[0m Matched '/session/737cfc75-39b7-4d8d-95ca-253dab0f7826/element/00000000-0000-05c2-0000-010900000004/text' to command name 'getText'
&amp#27;[38;5;32m[AndroidUiautomator2Driver@7d8a (737cfc75)]&amp#27;[0m Proxying [GET /session/737cfc75-39b7-4d8d-95ca-253dab0f7826/element/00000000-0000-05c2-0000-010900000004/text] to [GET http://127.0.0.1:8240/session/848f67d1-b0ae-4721-9dff-71f52c26d8f9/element/00000000-0000-05c2-0000-010900000004/text] with no body
&amp#27;[38;5;32m[AndroidUiautomator2Driver@7d8a (737cfc75)]&amp#27;[0m Got response with status 200: {"sessionId":"848f67d1-b0ae-4721-9dff-71f52c26d8f9","value":"14 Â°C"}
&amp#27;[38;5;32m[AndroidUiautomator2Driver@7d8a (737cfc75)]&amp#27;[0m Replacing sessionId 848f67d1-b0ae-4721-9dff-71f52c26d8f9 with 737cfc75-39b7-4d8d-95ca-253dab0f7826
&amp#27;[38;5;0m[HTTP]&amp#27;[0m &amp#27;[37m<-- GET /session/737cfc75-39b7-4d8d-95ca-253dab0f7826/element/00000000-0000-05c2-0000-010900000004/text &amp#27;[39m&amp#27;[32m200&amp#27;[39m &amp#27;[90m9 ms - 69&amp#27;[39m
&amp#27;[38;5;0m[HTTP]&amp#27;[0m &amp#27;[90m&amp#27;[39m
&amp#27;[38;5;0m[HTTP]&amp#27;[0m &amp#27;[37m-->&amp#27;[39m &amp#27;[37mGET&amp#27;[39m &amp#27;[37m/session/737cfc75-39b7-4d8d-95ca-253dab0f7826/element/00000000-0000-05c2-0000-010b00000004/text&amp#27;[39m
&amp#27;[38;5;0m[HTTP]&amp#27;[0m &amp#27;[90m{}&amp#27;[39m
&amp#27;[38;5;32m[AndroidUiautomator2Driver@7d8a (737cfc75)]&amp#27;[0m Driver proxy active, passing request on via HTTP proxy
&amp#27;[38;5;32m[AndroidUiautomator2Driver@7d8a (737cfc75)]&amp#27;[0m Matched '/session/737cfc75-39b7-4d8d-95ca-253dab0f7826/element/00000000-0000-05c2-0000-010b00000004/text' to command name 'getText'
&amp#27;[38;5;32m[AndroidUiautomator2Driver@7d8a (737cfc75)]&amp#27;[0m Proxying [GET /session/737cfc75-39b7-4d8d-95ca-253dab0f7826/element/00000000-0000-05c2-0000-010b00000004/text] to [GET http://127.0.0.1:8240/session/848f67d1-b0ae-4721-9dff-71f52c26d8f9/element/00000000-0000-05c2-0000-010b00000004/text] with no body
&amp#27;[38;5;32m[AndroidUiautomator2Driver@7d8a (737cfc75)]&amp#27;[0m Got response with status 200: {"sessionId":"848f67d1-b0ae-4721-9dff-71f52c26d8f9","value":"02:00"}
&amp#27;[38;5;32m[AndroidUiautomator2Driver@7d8a (737cfc75)]&amp#27;[0m Replacing sessionId 848f67d1-b0ae-4721-9dff-71f52c26d8f9 with 737cfc75-39b7-4d8d-95ca-253dab0f7826
&amp#27;[38;5;0m[HTTP]&amp#27;[0m &amp#27;[37m<-- GET /session/737cfc75-39b7-4d8d-95ca-253dab0f7826/element/00000000-0000-05c2-0000-010b00000004/text &amp#27;[39m&amp#27;[32m200&amp#27;[39m &amp#27;[90m9 ms - 68&amp#27;[39m
&amp#27;[38;5;0m[HTTP]&amp#27;[0m &amp#27;[90m&amp#27;[39m
&amp#27;[38;5;0m[HTTP]&amp#27;[0m &amp#27;[37m-->&amp#27;[39m &amp#27;[37mGET&amp#27;[39m &amp#27;[37m/session/737cfc75-39b7-4d8d-95ca-253dab0f7826/element/00000000-0000-05c2-0000-010d00000004/text&amp#27;[39m
&amp#27;[38;5;0m[HTTP]&amp#27;[0m &amp#27;[90m{}&amp#27;[39m
&amp#27;[38;5;32m[AndroidUiautomator2Driver@7d8a (737cfc75)]&amp#27;[0m Driver proxy active, passing request on via HTTP proxy
&amp#27;[38;5;32m[AndroidUiautomator2Driver@7d8a (737cfc75)]&amp#27;[0m Matched '/session/737cfc75-39b7-4d8d-95ca-253dab0f7826/element/00000000-0000-05c2-0000-010d00000004/text' to command name 'getText'
&amp#27;[38;5;32m[AndroidUiautomator2Driver@7d8a (737cfc75)]&amp#27;[0m Proxying [GET /session/737cfc75-39b7-4d8d-95ca-253dab0f7826/element/00000000-0000-05c2-0000-010d00000004/text] to [GET http://127.0.0.1:8240/session/848f67d1-b0ae-4721-9dff-71f52c26d8f9/element/00000000-0000-05c2-0000-010d00000004/text] with no body
&amp#27;[38;5;32m[AndroidUiautomator2Driver@7d8a (737cfc75)]&amp#27;[0m Got response with status 200: {"sessionId":"848f67d1-b0ae-4721-9dff-71f52c26d8f9","value":"broken clouds"}
&amp#27;[38;5;32m[AndroidUiautomator2Driver@7d8a (737cfc75)]&amp#27;[0m Replacing sessionId 848f67d1-b0ae-4721-9dff-71f52c26d8f9 with 737cfc75-39b7-4d8d-95ca-253dab0f7826
&amp#27;[38;5;0m[HTTP]&amp#27;[0m &amp#27;[37m<-- GET /session/737cfc75-39b7-4d8d-95ca-253dab0f7826/element/00000000-0000-05c2-0000-010d00000004/text &amp#27;[39m&amp#27;[32m200&amp#27;[39m &amp#27;[90m8 ms - 76&amp#27;[39m
&amp#27;[38;5;0m[HTTP]&amp#27;[0m &amp#27;[90m&amp#27;[39m
&amp#27;[38;5;0m[HTTP]&amp#27;[0m &amp#27;[37m-->&amp#27;[39m &amp#27;[37mGET&amp#27;[39m &amp#27;[37m/session/737cfc75-39b7-4d8d-95ca-253dab0f7826/element/00000000-0000-05c2-0000-010f00000004/text&amp#27;[39m
&amp#27;[38;5;0m[HTTP]&amp#27;[0m &amp#27;[90m{}&amp#27;[39m
&amp#27;[38;5;32m[AndroidUiautomator2Driver@7d8a (737cfc75)]&amp#27;[0m Driver proxy active, passing request on via HTTP proxy
&amp#27;[38;5;32m[AndroidUiautomator2Driver@7d8a (737cfc75)]&amp#27;[0m Matched '/session/737cfc75-39b7-4d8d-95ca-253dab0f7826/element/00000000-0000-05c2-0000-010f00000004/text' to command name 'getText'
&amp#27;[38;5;32m[AndroidUiautomator2Driver@7d8a (737cfc75)]&amp#27;[0m Proxying [GET /session/737cfc75-39b7-4d8d-95ca-253dab0f7826/element/00000000-0000-05c2-0000-010f00000004/text] to [GET http://127.0.0.1:8240/session/848f67d1-b0ae-4721-9dff-71f52c26d8f9/element/00000000-0000-05c2-0000-010f00000004/text] with no body
&amp#27;[38;5;32m[AndroidUiautomator2Driver@7d8a (737cfc75)]&amp#27;[0m Got response with status 200: {"sessionId":"848f67d1-b0ae-4721-9dff-71f52c26d8f9","value":"71 %"}
&amp#27;[38;5;32m[AndroidUiautomator2Driver@7d8a (737cfc75)]&amp#27;[0m Replacing sessionId 848f67d1-b0ae-4721-9dff-71f52c26d8f9 with 737cfc75-39b7-4d8d-95ca-253dab0f7826
&amp#27;[38;5;0m[HTTP]&amp#27;[0m &amp#27;[37m<-- GET /session/737cfc75-39b7-4d8d-95ca-253dab0f7826/element/00000000-0000-05c2-0000-010f00000004/text &amp#27;[39m&amp#27;[32m200&amp#27;[39m &amp#27;[90m8 ms - 67&amp#27;[39m
&amp#27;[38;5;0m[HTTP]&amp#27;[0m &amp#27;[90m&amp#27;[39m
&amp#27;[38;5;0m[HTTP]&amp#27;[0m &amp#27;[37m-->&amp#27;[39m &amp#27;[37mGET&amp#27;[39m &amp#27;[37m/session/737cfc75-39b7-4d8d-95ca-253dab0f7826/element/00000000-0000-05c2-0000-011100000004/text&amp#27;[39m
&amp#27;[38;5;0m[HTTP]&amp#27;[0m &amp#27;[90m{}&amp#27;[39m
&amp#27;[38;5;32m[AndroidUiautomator2Driver@7d8a (737cfc75)]&amp#27;[0m Driver proxy active, passing request on via HTTP proxy
&amp#27;[38;5;32m[AndroidUiautomator2Driver@7d8a (737cfc75)]&amp#27;[0m Matched '/session/737cfc75-39b7-4d8d-95ca-253dab0f7826/element/00000000-0000-05c2-0000-011100000004/text' to command name 'getText'
&amp#27;[38;5;32m[AndroidUiautomator2Driver@7d8a (737cfc75)]&amp#27;[0m Proxying [GET /session/737cfc75-39b7-4d8d-95ca-253dab0f7826/element/00000000-0000-05c2-0000-011100000004/text] to [GET http://127.0.0.1:8240/session/848f67d1-b0ae-4721-9dff-71f52c26d8f9/element/00000000-0000-05c2-0000-011100000004/text] with no body
&amp#27;[38;5;32m[AndroidUiautomator2Driver@7d8a (737cfc75)]&amp#27;[0m Got response with status 200: {"sessionId":"848f67d1-b0ae-4721-9dff-71f52c26d8f9","value":"14 Â°C"}
&amp#27;[38;5;32m[AndroidUiautomator2Driver@7d8a (737cfc75)]&amp#27;[0m Replacing sessionId 848f67d1-b0ae-4721-9dff-71f52c26d8f9 with 737cfc75-39b7-4d8d-95ca-253dab0f7826
&amp#27;[38;5;0m[HTTP]&amp#27;[0m &amp#27;[37m<-- GET /session/737cfc75-39b7-4d8d-95ca-253dab0f7826/element/00000000-0000-05c2-0000-011100000004/text &amp#27;[39m&amp#27;[32m200&amp#27;[39m &amp#27;[90m8 ms - 69&amp#27;[39m
&amp#27;[38;5;0m[HTTP]&amp#27;[0m &amp#27;[90m&amp#27;[39m
&amp#27;[38;5;0m[HTTP]&amp#27;[0m &amp#27;[37m-->&amp#27;[39m &amp#27;[37mGET&amp#27;[39m &amp#27;[37m/session/737cfc75-39b7-4d8d-95ca-253dab0f7826/element/00000000-0000-05c2-0000-011300000004/text&amp#27;[39m
&amp#27;[38;5;0m[HTTP]&amp#27;[0m &amp#27;[90m{}&amp#27;[39m
&amp#27;[38;5;32m[AndroidUiautomator2Driver@7d8a (737cfc75)]&amp#27;[0m Driver proxy active, passing request on via HTTP proxy
&amp#27;[38;5;32m[AndroidUiautomator2Driver@7d8a (737cfc75)]&amp#27;[0m Matched '/session/737cfc75-39b7-4d8d-95ca-253dab0f7826/element/00000000-0000-05c2-0000-011300000004/text' to command name 'getText'
&amp#27;[38;5;32m[AndroidUiautomator2Driver@7d8a (737cfc75)]&amp#27;[0m Proxying [GET /session/737cfc75-39b7-4d8d-95ca-253dab0f7826/element/00000000-0000-05c2-0000-011300000004/text] to [GET http://127.0.0.1:8240/session/848f67d1-b0ae-4721-9dff-71f52c26d8f9/element/00000000-0000-05c2-0000-011300000004/text] with no body
&amp#27;[38;5;32m[AndroidUiautomator2Driver@7d8a (737cfc75)]&amp#27;[0m Got response with status 200: {"sessionId":"848f67d1-b0ae-4721-9dff-71f52c26d8f9","value":"03:00"}
&amp#27;[38;5;32m[AndroidUiautomator2Driver@7d8a (737cfc75)]&amp#27;[0m Replacing sessionId 848f67d1-b0ae-4721-9dff-71f52c26d8f9 with 737cfc75-39b7-4d8d-95ca-253dab0f7826
&amp#27;[38;5;0m[HTTP]&amp#27;[0m &amp#27;[37m<-- GET /session/737cfc75-39b7-4d8d-95ca-253dab0f7826/element/00000000-0000-05c2-0000-011300000004/text &amp#27;[39m&amp#27;[32m200&amp#27;[39m &amp#27;[90m8 ms - 68&amp#27;[39m
&amp#27;[38;5;0m[HTTP]&amp#27;[0m &amp#27;[90m&amp#27;[39m
&amp#27;[38;5;0m[HTTP]&amp#27;[0m &amp#27;[37m-->&amp#27;[39m &amp#27;[37mGET&amp#27;[39m &amp#27;[37m/session/737cfc75-39b7-4d8d-95ca-253dab0f7826/element/00000000-0000-05c2-0000-011500000004/text&amp#27;[39m
&amp#27;[38;5;0m[HTTP]&amp#27;[0m &amp#27;[90m{}&amp#27;[39m
&amp#27;[38;5;32m[AndroidUiautomator2Driver@7d8a (737cfc75)]&amp#27;[0m Driver proxy active, passing request on via HTTP proxy
&amp#27;[38;5;32m[AndroidUiautomator2Driver@7d8a (737cfc75)]&amp#27;[0m Matched '/session/737cfc75-39b7-4d8d-95ca-253dab0f7826/element/00000000-0000-05c2-0000-011500000004/text' to command name 'getText'
&amp#27;[38;5;32m[AndroidUiautomator2Driver@7d8a (737cfc75)]&amp#27;[0m Proxying [GET /session/737cfc75-39b7-4d8d-95ca-253dab0f7826/element/00000000-0000-05c2-0000-011500000004/text] to [GET http://127.0.0.1:8240/session/848f67d1-b0ae-4721-9dff-71f52c26d8f9/element/00000000-0000-05c2-0000-011500000004/text] with no body
&amp#27;[38;5;32m[AndroidUiautomator2Driver@7d8a (737cfc75)]&amp#27;[0m Got response with status 200: {"sessionId":"848f67d1-b0ae-4721-9dff-71f52c26d8f9","value":"overcast clouds"}
&amp#27;[38;5;32m[AndroidUiautomator2Driver@7d8a (737cfc75)]&amp#27;[0m Replacing sessionId 848f67d1-b0ae-4721-9dff-71f52c26d8f9 with 737cfc75-39b7-4d8d-95ca-253dab0f7826
&amp#27;[38;5;0m[HTTP]&amp#27;[0m &amp#27;[37m<-- GET /session/737cfc75-39b7-4d8d-95ca-253dab0f7826/element/00000000-0000-05c2-0000-011500000004/text &amp#27;[39m&amp#27;[32m200&amp#27;[39m &amp#27;[90m8 ms - 78&amp#27;[39m
&amp#27;[38;5;0m[HTTP]&amp#27;[0m &amp#27;[90m&amp#27;[39m
&amp#27;[38;5;0m[HTTP]&amp#27;[0m &amp#27;[37m-->&amp#27;[39m &amp#27;[37mGET&amp#27;[39m &amp#27;[37m/session/737cfc75-39b7-4d8d-95ca-253dab0f7826/element/00000000-0000-05c2-0000-011700000004/text&amp#27;[39m
&amp#27;[38;5;0m[HTTP]&amp#27;[0m &amp#27;[90m{}&amp#27;[39m
&amp#27;[38;5;32m[AndroidUiautomator2Driver@7d8a (737cfc75)]&amp#27;[0m Driver proxy active, passing request on via HTTP proxy
&amp#27;[38;5;32m[AndroidUiautomator2Driver@7d8a (737cfc75)]&amp#27;[0m Matched '/session/737cfc75-39b7-4d8d-95ca-253dab0f7826/element/00000000-0000-05c2-0000-011700000004/text' to command name 'getText'
&amp#27;[38;5;32m[AndroidUiautomator2Driver@7d8a (737cfc75)]&amp#27;[0m Proxying [GET /session/737cfc75-39b7-4d8d-95ca-253dab0f7826/element/00000000-0000-05c2-0000-011700000004/text] to [GET http://127.0.0.1:8240/session/848f67d1-b0ae-4721-9dff-71f52c26d8f9/element/00000000-0000-05c2-0000-011700000004/text] with no body
&amp#27;[38;5;32m[AndroidUiautomator2Driver@7d8a (737cfc75)]&amp#27;[0m Got response with status 200: {"sessionId":"848f67d1-b0ae-4721-9dff-71f52c26d8f9","value":"68 %"}
&amp#27;[38;5;32m[AndroidUiautomator2Driver@7d8a (737cfc75)]&amp#27;[0m Replacing sessionId 848f67d1-b0ae-4721-9dff-71f52c26d8f9 with 737cfc75-39b7-4d8d-95ca-253dab0f7826
&amp#27;[38;5;0m[HTTP]&amp#27;[0m &amp#27;[37m<-- GET /session/737cfc75-39b7-4d8d-95ca-253dab0f7826/element/00000000-0000-05c2-0000-011700000004/text &amp#27;[39m&amp#27;[32m200&amp#27;[39m &amp#27;[90m8 ms - 67&amp#27;[39m
&amp#27;[38;5;0m[HTTP]&amp#27;[0m &amp#27;[90m&amp#27;[39m
&amp#27;[38;5;0m[HTTP]&amp#27;[0m &amp#27;[37m-->&amp#27;[39m &amp#27;[37mGET&amp#27;[39m &amp#27;[37m/session/737cfc75-39b7-4d8d-95ca-253dab0f7826/element/00000000-0000-05c2-0000-011900000004/text&amp#27;[39m
&amp#27;[38;5;0m[HTTP]&amp#27;[0m &amp#27;[90m{}&amp#27;[39m
&amp#27;[38;5;32m[AndroidUiautomator2Driver@7d8a (737cfc75)]&amp#27;[0m Driver proxy active, passing request on via HTTP proxy
&amp#27;[38;5;32m[AndroidUiautomator2Driver@7d8a (737cfc75)]&amp#27;[0m Matched '/session/737cfc75-39b7-4d8d-95ca-253dab0f7826/element/00000000-0000-05c2-0000-011900000004/text' to command name 'getText'
&amp#27;[38;5;32m[AndroidUiautomator2Driver@7d8a (737cfc75)]&amp#27;[0m Proxying [GET /session/737cfc75-39b7-4d8d-95ca-253dab0f7826/element/00000000-0000-05c2-0000-011900000004/text] to [GET http://127.0.0.1:8240/session/848f67d1-b0ae-4721-9dff-71f52c26d8f9/element/00000000-0000-05c2-0000-011900000004/text] with no body
&amp#27;[38;5;32m[AndroidUiautomator2Driver@7d8a (737cfc75)]&amp#27;[0m Got response with status 200: {"sessionId":"848f67d1-b0ae-4721-9dff-71f52c26d8f9","value":"14 Â°C"}
&amp#27;[38;5;32m[AndroidUiautomator2Driver@7d8a (737cfc75)]&amp#27;[0m Replacing sessionId 848f67d1-b0ae-4721-9dff-71f52c26d8f9 with 737cfc75-39b7-4d8d-95ca-253dab0f7826
&amp#27;[38;5;0m[HTTP]&amp#27;[0m &amp#27;[37m<-- GET /session/737cfc75-39b7-4d8d-95ca-253dab0f7826/element/00000000-0000-05c2-0000-011900000004/text &amp#27;[39m&amp#27;[32m200&amp#27;[39m &amp#27;[90m8 ms - 69&amp#27;[39m
&amp#27;[38;5;0m[HTTP]&amp#27;[0m &amp#27;[90m&amp#27;[39m
&amp#27;[38;5;0m[HTTP]&amp#27;[0m &amp#27;[37m-->&amp#27;[39m &amp#27;[37mGET&amp#27;[39m &amp#27;[37m/session/737cfc75-39b7-4d8d-95ca-253dab0f7826/element/00000000-0000-05c2-0000-011b00000004/text&amp#27;[39m
&amp#27;[38;5;0m[HTTP]&amp#27;[0m &amp#27;[90m{}&amp#27;[39m
&amp#27;[38;5;32m[AndroidUiautomator2Driver@7d8a (737cfc75)]&amp#27;[0m Driver proxy active, passing request on via HTTP proxy
&amp#27;[38;5;32m[AndroidUiautomator2Driver@7d8a (737cfc75)]&amp#27;[0m Matched '/session/737cfc75-39b7-4d8d-95ca-253dab0f7826/element/00000000-0000-05c2-0000-011b00000004/text' to command name 'getText'
&amp#27;[38;5;32m[AndroidUiautomator2Driver@7d8a (737cfc75)]&amp#27;[0m Proxying [GET /session/737cfc75-39b7-4d8d-95ca-253dab0f7826/element/00000000-0000-05c2-0000-011b00000004/text] to [GET http://127.0.0.1:8240/session/848f67d1-b0ae-4721-9dff-71f52c26d8f9/element/00000000-0000-05c2-0000-011b00000004/text] with no body
&amp#27;[38;5;32m[AndroidUiautomator2Driver@7d8a (737cfc75)]&amp#27;[0m Got response with status 200: {"sessionId":"848f67d1-b0ae-4721-9dff-71f52c26d8f9","value":"04:00"}
&amp#27;[38;5;32m[AndroidUiautomator2Driver@7d8a (737cfc75)]&amp#27;[0m Replacing sessionId 848f67d1-b0ae-4721-9dff-71f52c26d8f9 with 737cfc75-39b7-4d8d-95ca-253dab0f7826
&amp#27;[38;5;0m[HTTP]&amp#27;[0m &amp#27;[37m<-- GET /session/737cfc75-39b7-4d8d-95ca-253dab0f7826/element/00000000-0000-05c2-0000-011b00000004/text &amp#27;[39m&amp#27;[32m200&amp#27;[39m &amp#27;[90m8 ms - 68&amp#27;[39m
&amp#27;[38;5;0m[HTTP]&amp#27;[0m &amp#27;[90m&amp#27;[39m
&amp#27;[38;5;0m[HTTP]&amp#27;[0m &amp#27;[37m-->&amp#27;[39m &amp#27;[37mGET&amp#27;[39m &amp#27;[37m/session/737cfc75-39b7-4d8d-95ca-253dab0f7826/element/00000000-0000-05c2-0000-011d00000004/text&amp#27;[39m
&amp#27;[38;5;0m[HTTP]&amp#27;[0m &amp#27;[90m{}&amp#27;[39m
&amp#27;[38;5;32m[AndroidUiautomator2Driver@7d8a (737cfc75)]&amp#27;[0m Driver proxy active, passing request on via HTTP proxy
&amp#27;[38;5;32m[AndroidUiautomator2Driver@7d8a (737cfc75)]&amp#27;[0m Matched '/session/737cfc75-39b7-4d8d-95ca-253dab0f7826/element/00000000-0000-05c2-0000-011d00000004/text' to command name 'getText'
&amp#27;[38;5;32m[AndroidUiautomator2Driver@7d8a (737cfc75)]&amp#27;[0m Proxying [GET /session/737cfc75-39b7-4d8d-95ca-253dab0f7826/element/00000000-0000-05c2-0000-011d00000004/text] to [GET http://127.0.0.1:8240/session/848f67d1-b0ae-4721-9dff-71f52c26d8f9/element/00000000-0000-05c2-0000-011d00000004/text] with no body
&amp#27;[38;5;32m[AndroidUiautomator2Driver@7d8a (737cfc75)]&amp#27;[0m Got response with status 200: {"sessionId":"848f67d1-b0ae-4721-9dff-71f52c26d8f9","value":"overcast clouds"}
&amp#27;[38;5;32m[AndroidUiautomator2Driver@7d8a (737cfc75)]&amp#27;[0m Replacing sessionId 848f67d1-b0ae-4721-9dff-71f52c26d8f9 with 737cfc75-39b7-4d8d-95ca-253dab0f7826
&amp#27;[38;5;0m[HTTP]&amp#27;[0m &amp#27;[37m<-- GET /session/737cfc75-39b7-4d8d-95ca-253dab0f7826/element/00000000-0000-05c2-0000-011d00000004/text &amp#27;[39m&amp#27;[32m200&amp#27;[39m &amp#27;[90m8 ms - 78&amp#27;[39m
&amp#27;[38;5;0m[HTTP]&amp#27;[0m &amp#27;[90m&amp#27;[39m
&amp#27;[38;5;0m[HTTP]&amp#27;[0m &amp#27;[37m-->&amp#27;[39m &amp#27;[37mGET&amp#27;[39m &amp#27;[37m/session/737cfc75-39b7-4d8d-95ca-253dab0f7826/element/00000000-0000-05c2-0000-011f00000004/text&amp#27;[39m
&amp#27;[38;5;0m[HTTP]&amp#27;[0m &amp#27;[90m{}&amp#27;[39m
&amp#27;[38;5;32m[AndroidUiautomator2Driver@7d8a (737cfc75)]&amp#27;[0m Driver proxy active, passing request on via HTTP proxy
&amp#27;[38;5;32m[AndroidUiautomator2Driver@7d8a (737cfc75)]&amp#27;[0m Matched '/session/737cfc75-39b7-4d8d-95ca-253dab0f7826/element/00000000-0000-05c2-0000-011f00000004/text' to command name 'getText'
&amp#27;[38;5;32m[AndroidUiautomator2Driver@7d8a (737cfc75)]&amp#27;[0m Proxying [GET /session/737cfc75-39b7-4d8d-95ca-253dab0f7826/element/00000000-0000-05c2-0000-011f00000004/text] to [GET http://127.0.0.1:8240/session/848f67d1-b0ae-4721-9dff-71f52c26d8f9/element/00000000-0000-05c2-0000-011f00000004/text] with no body
&amp#27;[38;5;32m[AndroidUiautomator2Driver@7d8a (737cfc75)]&amp#27;[0m Got response with status 200: {"sessionId":"848f67d1-b0ae-4721-9dff-71f52c26d8f9","value":"67 %"}
&amp#27;[38;5;32m[AndroidUiautomator2Driver@7d8a (737cfc75)]&amp#27;[0m Replacing sessionId 848f67d1-b0ae-4721-9dff-71f52c26d8f9 with 737cfc75-39b7-4d8d-95ca-253dab0f7826
&amp#27;[38;5;0m[HTTP]&amp#27;[0m &amp#27;[37m<-- GET /session/737cfc75-39b7-4d8d-95ca-253dab0f7826/element/00000000-0000-05c2-0000-011f00000004/text &amp#27;[39m&amp#27;[32m200&amp#27;[39m &amp#27;[90m8 ms - 67&amp#27;[39m
&amp#27;[38;5;0m[HTTP]&amp#27;[0m &amp#27;[90m&amp#27;[39m
&amp#27;[38;5;0m[HTTP]&amp#27;[0m &amp#27;[37m-->&amp#27;[39m &amp#27;[37mGET&amp#27;[39m &amp#27;[37m/session/737cfc75-39b7-4d8d-95ca-253dab0f7826/element/00000000-0000-05c2-0000-012100000004/text&amp#27;[39m
&amp#27;[38;5;0m[HTTP]&amp#27;[0m &amp#27;[90m{}&amp#27;[39m
&amp#27;[38;5;32m[AndroidUiautomator2Driver@7d8a (737cfc75)]&amp#27;[0m Driver proxy active, passing request on via HTTP proxy
&amp#27;[38;5;32m[AndroidUiautomator2Driver@7d8a (737cfc75)]&amp#27;[0m Matched '/session/737cfc75-39b7-4d8d-95ca-253dab0f7826/element/00000000-0000-05c2-0000-012100000004/text' to command name 'getText'
&amp#27;[38;5;32m[AndroidUiautomator2Driver@7d8a (737cfc75)]&amp#27;[0m Proxying [GET /session/737cfc75-39b7-4d8d-95ca-253dab0f7826/element/00000000-0000-05c2-0000-012100000004/text] to [GET http://127.0.0.1:8240/session/848f67d1-b0ae-4721-9dff-71f52c26d8f9/element/00000000-0000-05c2-0000-012100000004/text] with no body
&amp#27;[38;5;32m[AndroidUiautomator2Driver@7d8a (737cfc75)]&amp#27;[0m Got response with status 200: {"sessionId":"848f67d1-b0ae-4721-9dff-71f52c26d8f9","value":"14 Â°C"}
&amp#27;[38;5;32m[AndroidUiautomator2Driver@7d8a (737cfc75)]&amp#27;[0m Replacing sessionId 848f67d1-b0ae-4721-9dff-71f52c26d8f9 with 737cfc75-39b7-4d8d-95ca-253dab0f7826
&amp#27;[38;5;0m[HTTP]&amp#27;[0m &amp#27;[37m<-- GET /session/737cfc75-39b7-4d8d-95ca-253dab0f7826/element/00000000-0000-05c2-0000-012100000004/text &amp#27;[39m&amp#27;[32m200&amp#27;[39m &amp#27;[90m8 ms - 69&amp#27;[39m
&amp#27;[38;5;0m[HTTP]&amp#27;[0m &amp#27;[90m&amp#27;[39m
&amp#27;[38;5;0m[HTTP]&amp#27;[0m &amp#27;[37m-->&amp#27;[39m &amp#27;[37mPOST&amp#27;[39m &amp#27;[37m/session/737cfc75-39b7-4d8d-95ca-253dab0f7826/execute/sync&amp#27;[39m
&amp#27;[38;5;0m[HTTP]&amp#27;[0m &amp#27;[90m{"script":"mobile: swipeGesture","args":[{"elementId":"00000000-0000-05c2-0000-002900000004","percent":0.4,"speed":320,"direction":"left"}]}&amp#27;[39m
&amp#27;[38;5;32m[AndroidUiautomator2Driver@7d8a (737cfc75)]&amp#27;[0m Calling AppiumDriver.execute() with args: ["mobile: swipeGesture",[{"elementId":"00000000-0000-05c2-0000-002900000004","percent":0.4,"speed":320,"direction":"left"}],"737cfc75-39b7-4d8d-95ca-253dab0f7826"]
&amp#27;[38;5;32m[AndroidUiautomator2Driver@7d8a (737cfc75)]&amp#27;[0m Executing method 'mobile: swipeGesture'
&amp#27;[38;5;32m[AndroidUiautomator2Driver@7d8a (737cfc75)]&amp#27;[0m Proxying [POST /appium/gestures/swipe] to [POST http://127.0.0.1:8240/session/848f67d1-b0ae-4721-9dff-71f52c26d8f9/appium/gestures/swipe] with body: {"origin":{"ELEMENT":"00000000-0000-05c2-0000-002900000004","element-6066-11e4-a52e-4f735466cecf":"00000000-0000-05c2-0000-002900000004"},"direction":"left","percent":0.4,"speed":320}
&amp#27;[38;5;32m[AndroidUiautomator2Driver@7d8a (737cfc75)]&amp#27;[0m Got response with status 200: {"sessionId":"848f67d1-b0ae-4721-9dff-71f52c26d8f9","value":null}
&amp#27;[38;5;32m[AndroidUiautomator2Driver@7d8a (737cfc75)]&amp#27;[0m Responding to client with driver.execute() result: null
&amp#27;[38;5;0m[HTTP]&amp#27;[0m &amp#27;[37m<-- POST /session/737cfc75-39b7-4d8d-95ca-253dab0f7826/execute/sync &amp#27;[39m&amp#27;[32m200&amp#27;[39m &amp#27;[90m1555 ms - 14&amp#27;[39m
&amp#27;[38;5;0m[HTTP]&amp#27;[0m &amp#27;[90m&amp#27;[39m
&amp#27;[38;5;0m[HTTP]&amp#27;[0m &amp#27;[37m-->&amp#27;[39m &amp#27;[37mPOST&amp#27;[39m &amp#27;[37m/session/737cfc75-39b7-4d8d-95ca-253dab0f7826/elements&amp#27;[39m
&amp#27;[38;5;0m[HTTP]&amp#27;[0m &amp#27;[90m{"using":"xpath","value":"//android.widget.HorizontalScrollView"}&amp#27;[39m
&amp#27;[38;5;32m[AndroidUiautomator2Driver@7d8a (737cfc75)]&amp#27;[0m Calling AppiumDriver.findElements() with args: ["xpath","//android.widget.HorizontalScrollView","737cfc75-39b7-4d8d-95ca-253dab0f7826"]
&amp#27;[38;5;32m[AndroidUiautomator2Driver@7d8a (737cfc75)]&amp#27;[0m Valid locator strategies for this request: xpath, id, class name, accessibility id, css selector, -android uiautomator
&amp#27;[38;5;32m[AndroidUiautomator2Driver@7d8a (737cfc75)]&amp#27;[0m Waiting up to 0 ms for condition
&amp#27;[38;5;32m[AndroidUiautomator2Driver@7d8a (737cfc75)]&amp#27;[0m Matched '/elements' to command name 'findElements'
&amp#27;[38;5;32m[AndroidUiautomator2Driver@7d8a (737cfc75)]&amp#27;[0m Proxying [POST /elements] to [POST http://127.0.0.1:8240/session/848f67d1-b0ae-4721-9dff-71f52c26d8f9/elements] with body: {"strategy":"xpath","selector":"//android.widget.HorizontalScrollView","context":"","multiple":true}
&amp#27;[38;5;32m[AndroidUiautomator2Driver@7d8a (737cfc75)]&amp#27;[0m Got response with status 200: {"sessionId":"848f67d1-b0ae-4721-9dff-71f52c26d8f9","value":[{"ELEMENT":"00000000-0000-05c2-0000-002900000004","element-6066-11e4-a52e-4f735466cecf":"00000000-0000-05c2-0000-002900000004"},{"ELEMENT":"00000000-0000-05c2-0000-002a00000004","element-6066-11e4-a52e-4f735466cecf":"00000000-0000-05c2-0000-002a00000004"}]}
&amp#27;[38;5;32m[AndroidUiautomator2Driver@7d8a (737cfc75)]&amp#27;[0m Responding to client with driver.findElements() result: [{"element-6066-11e4-a52e-4f735466cecf":"00000000-0000-05c2-0000-002900000004","ELEMENT":"00000000-0000-05c2-0000-002900000004"},{"element-6066-11e4-a52e-4f735466cecf":"00000000-0000-05c2-0000-002a00000004","ELEMENT":"00000000-0000-05c2-0000-002a00000004"}]
&amp#27;[38;5;0m[HTTP]&amp#27;[0m &amp#27;[37m<-- POST /session/737cfc75-39b7-4d8d-95ca-253dab0f7826/elements &amp#27;[39m&amp#27;[32m200&amp#27;[39m &amp#27;[90m114 ms - 267&amp#27;[39m
&amp#27;[38;5;0m[HTTP]&amp#27;[0m &amp#27;[90m&amp#27;[39m
&amp#27;[38;5;0m[HTTP]&amp#27;[0m &amp#27;[37m-->&amp#27;[39m &amp#27;[37mPOST&amp#27;[39m &amp#27;[37m/session/737cfc75-39b7-4d8d-95ca-253dab0f7826/element/00000000-0000-05c2-0000-002900000004/elements&amp#27;[39m
&amp#27;[38;5;0m[HTTP]&amp#27;[0m &amp#27;[90m{"id":"00000000-0000-05c2-0000-002900000004","using":"xpath","value":"//android.view.View"}&amp#27;[39m
&amp#27;[38;5;32m[AndroidUiautomator2Driver@7d8a (737cfc75)]&amp#27;[0m Calling AppiumDriver.findElementsFromElement() with args: ["xpath","//android.view.View","00000000-0000-05c2-0000-002900000004","737cfc75-39b7-4d8d-95ca-253dab0f7826"]
&amp#27;[38;5;32m[AndroidUiautomator2Driver@7d8a (737cfc75)]&amp#27;[0m Valid locator strategies for this request: xpath, id, class name, accessibility id, css selector, -android uiautomator
&amp#27;[38;5;32m[AndroidUiautomator2Driver@7d8a (737cfc75)]&amp#27;[0m Waiting up to 0 ms for condition
&amp#27;[38;5;32m[AndroidUiautomator2Driver@7d8a (737cfc75)]&amp#27;[0m Matched '/elements' to command name 'findElements'
&amp#27;[38;5;32m[AndroidUiautomator2Driver@7d8a (737cfc75)]&amp#27;[0m Proxying [POST /elements] to [POST http://127.0.0.1:8240/session/848f67d1-b0ae-4721-9dff-71f52c26d8f9/elements] with body: {"strategy":"xpath","selector":"//android.view.View","context":"00000000-0000-05c2-0000-002900000004","multiple":true}
&amp#27;[38;5;32m[AndroidUiautomator2Driver@7d8a (737cfc75)]&amp#27;[0m Got response with status 200: {"sessionId":"848f67d1-b0ae-4721-9dff-71f52c26d8f9","value":[{"ELEMENT":"00000000-0000-05c2-0000-010b00000004","element-6066-11e4-a52e-4f735466cecf":"00000000-0000-05c2-0000-010b00000004"},{"ELEMENT":"00000000-0000-05c2-0000-010d00000004","element-6066-11e4-a52e-4f735466cecf":"00000000-0000-05c2-0000-010d00000004"},{"ELEMENT":"00000000-0000-05c2-0000-010f00000004","element-6066-11e4-a52e-4f735466cecf":"00000000-0000-05c2-0000-010f00000004"},{"ELEMENT":"00000000-0000-05c2-0000-011100000004","element-6066-11e4-a52e-4f735466cecf":"00000000-0000-05c2-0000-011100000004"},{"ELEMENT":"00000000-0000-05c2-0000-011300000004","element-6066-11e4-a52e-4f735466cecf":"00000000-0000-05c2-0000-011300000004"},{"ELEMENT":"00000000-0000-05c2-0000-011500000004","element-6066-11e4-a52e-4f735466cecf":"00000000-0000-05c2-0000-011500000004"},{"ELEMENT":"00000000-0000-05c2-0000-011700000004","element-6066-11e4-a52e-4f735466cecf":"00000000-0000-05c2-0000-011700000004"},{"ELEMENT":"00000000-0000-05c2-0000-011900000004","element-6066-...
&amp#27;[38;5;32m[AndroidUiautomator2Driver@7d8a (737cfc75)]&amp#27;[0m Responding to client with driver.findElementsFromElement() result: [{"element-6066-11e4-a52e-4f735466cecf":"00000000-0000-05c2-0000-010b00000004","ELEMENT":"00000000-0000-05c2-0000-010b00000004"},{"element-6066-11e4-a52e-4f735466cecf":"00000000-0000-05c2-0000-010d00000004","ELEMENT":"00000000-0000-05c2-0000-010d00000004"},{"element-6066-11e4-a52e-4f735466cecf":"00000000-0000-05c2-0000-010f00000004","ELEMENT":"00000000-0000-05c2-0000-010f00000004"},{"element-6066-11e4-a52e-4f735466cecf":"00000000-0000-05c2-0000-011100000004","ELEMENT":"00000000-0000-05c2-0000-011100000004"},{"element-6066-11e4-a52e-4f735466cecf":"00000000-0000-05c2-0000-011300000004","ELEMENT":"00000000-0000-05c2-0000-011300000004"},{"element-6066-11e4-a52e-4f735466cecf":"00000000-0000-05c2-0000-011500000004","ELEMENT":"00000000-0000-05c2-0000-011500000004"},{"element-6066-11e4-a52e-4f735466cecf":"00000000-0000-05c2-0000-011700000004","ELEMENT":"00000000-0000-05c2-0000-011700000004"},{"element-6066-11e4-a52e-4f735466cecf":"00000000-0000-05c2-0000-011900000004","ELEMENT":"00000000-0000-05c2-0000-01190000000...
&amp#27;[38;5;0m[HTTP]&amp#27;[0m &amp#27;[37m<-- POST /session/737cfc75-39b7-4d8d-95ca-253dab0f7826/element/00000000-0000-05c2-0000-002900000004/elements &amp#27;[39m&amp#27;[32m200&amp#27;[39m &amp#27;[90m44 ms - 2059&amp#27;[39m
&amp#27;[38;5;0m[HTTP]&amp#27;[0m &amp#27;[90m&amp#27;[39m
&amp#27;[38;5;0m[HTTP]&amp#27;[0m &amp#27;[37m-->&amp#27;[39m &amp#27;[37mGET&amp#27;[39m &amp#27;[37m/session/737cfc75-39b7-4d8d-95ca-253dab0f7826/element/00000000-0000-05c2-0000-010b00000004/text&amp#27;[39m
&amp#27;[38;5;0m[HTTP]&amp#27;[0m &amp#27;[90m{}&amp#27;[39m
&amp#27;[38;5;32m[AndroidUiautomator2Driver@7d8a (737cfc75)]&amp#27;[0m Driver proxy active, passing request on via HTTP proxy
&amp#27;[38;5;32m[AndroidUiautomator2Driver@7d8a (737cfc75)]&amp#27;[0m Matched '/session/737cfc75-39b7-4d8d-95ca-253dab0f7826/element/00000000-0000-05c2-0000-010b00000004/text' to command name 'getText'
&amp#27;[38;5;32m[AndroidUiautomator2Driver@7d8a (737cfc75)]&amp#27;[0m Proxying [GET /session/737cfc75-39b7-4d8d-95ca-253dab0f7826/element/00000000-0000-05c2-0000-010b00000004/text] to [GET http://127.0.0.1:8240/session/848f67d1-b0ae-4721-9dff-71f52c26d8f9/element/00000000-0000-05c2-0000-010b00000004/text] with no body
&amp#27;[38;5;32m[AndroidUiautomator2Driver@7d8a (737cfc75)]&amp#27;[0m Got response with status 200: {"sessionId":"848f67d1-b0ae-4721-9dff-71f52c26d8f9","value":"02:00"}
&amp#27;[38;5;32m[AndroidUiautomator2Driver@7d8a (737cfc75)]&amp#27;[0m Replacing sessionId 848f67d1-b0ae-4721-9dff-71f52c26d8f9 with 737cfc75-39b7-4d8d-95ca-253dab0f7826
&amp#27;[38;5;0m[HTTP]&amp#27;[0m &amp#27;[37m<-- GET /session/737cfc75-39b7-4d8d-95ca-253dab0f7826/element/00000000-0000-05c2-0000-010b00000004/text &amp#27;[39m&amp#27;[32m200&amp#27;[39m &amp#27;[90m9 ms - 68&amp#27;[39m
&amp#27;[38;5;0m[HTTP]&amp#27;[0m &amp#27;[90m&amp#27;[39m
&amp#27;[38;5;0m[HTTP]&amp#27;[0m &amp#27;[37m-->&amp#27;[39m &amp#27;[37mGET&amp#27;[39m &amp#27;[37m/session/737cfc75-39b7-4d8d-95ca-253dab0f7826/element/00000000-0000-05c2-0000-010d00000004/text&amp#27;[39m
&amp#27;[38;5;0m[HTTP]&amp#27;[0m &amp#27;[90m{}&amp#27;[39m
&amp#27;[38;5;32m[AndroidUiautomator2Driver@7d8a (737cfc75)]&amp#27;[0m Driver proxy active, passing request on via HTTP proxy
&amp#27;[38;5;32m[AndroidUiautomator2Driver@7d8a (737cfc75)]&amp#27;[0m Matched '/session/737cfc75-39b7-4d8d-95ca-253dab0f7826/element/00000000-0000-05c2-0000-010d00000004/text' to command name 'getText'
&amp#27;[38;5;32m[AndroidUiautomator2Driver@7d8a (737cfc75)]&amp#27;[0m Proxying [GET /session/737cfc75-39b7-4d8d-95ca-253dab0f7826/element/00000000-0000-05c2-0000-010d00000004/text] to [GET http://127.0.0.1:8240/session/848f67d1-b0ae-4721-9dff-71f52c26d8f9/element/00000000-0000-05c2-0000-010d00000004/text] with no body
&amp#27;[38;5;32m[AndroidUiautomator2Driver@7d8a (737cfc75)]&amp#27;[0m Got response with status 200: {"sessionId":"848f67d1-b0ae-4721-9dff-71f52c26d8f9","value":"broken clouds"}
&amp#27;[38;5;32m[AndroidUiautomator2Driver@7d8a (737cfc75)]&amp#27;[0m Replacing sessionId 848f67d1-b0ae-4721-9dff-71f52c26d8f9 with 737cfc75-39b7-4d8d-95ca-253dab0f7826
&amp#27;[38;5;0m[HTTP]&amp#27;[0m &amp#27;[37m<-- GET /session/737cfc75-39b7-4d8d-95ca-253dab0f7826/element/00000000-0000-05c2-0000-010d00000004/text &amp#27;[39m&amp#27;[32m200&amp#27;[39m &amp#27;[90m9 ms - 76&amp#27;[39m
&amp#27;[38;5;0m[HTTP]&amp#27;[0m &amp#27;[90m&amp#27;[39m
&amp#27;[38;5;0m[HTTP]&amp#27;[0m &amp#27;[37m-->&amp#27;[39m &amp#27;[37mGET&amp#27;[39m &amp#27;[37m/session/737cfc75-39b7-4d8d-95ca-253dab0f7826/element/00000000-0000-05c2-0000-010f00000004/text&amp#27;[39m
&amp#27;[38;5;0m[HTTP]&amp#27;[0m &amp#27;[90m{}&amp#27;[39m
&amp#27;[38;5;32m[AndroidUiautomator2Driver@7d8a (737cfc75)]&amp#27;[0m Driver proxy active, passing request on via HTTP proxy
&amp#27;[38;5;32m[AndroidUiautomator2Driver@7d8a (737cfc75)]&amp#27;[0m Matched '/session/737cfc75-39b7-4d8d-95ca-253dab0f7826/element/00000000-0000-05c2-0000-010f00000004/text' to command name 'getText'
&amp#27;[38;5;32m[AndroidUiautomator2Driver@7d8a (737cfc75)]&amp#27;[0m Proxying [GET /session/737cfc75-39b7-4d8d-95ca-253dab0f7826/element/00000000-0000-05c2-0000-010f00000004/text] to [GET http://127.0.0.1:8240/session/848f67d1-b0ae-4721-9dff-71f52c26d8f9/element/00000000-0000-05c2-0000-010f00000004/text] with no body
&amp#27;[38;5;32m[AndroidUiautomator2Driver@7d8a (737cfc75)]&amp#27;[0m Got response with status 200: {"sessionId":"848f67d1-b0ae-4721-9dff-71f52c26d8f9","value":"71 %"}
&amp#27;[38;5;32m[AndroidUiautomator2Driver@7d8a (737cfc75)]&amp#27;[0m Replacing sessionId 848f67d1-b0ae-4721-9dff-71f52c26d8f9 with 737cfc75-39b7-4d8d-95ca-253dab0f7826
&amp#27;[38;5;0m[HTTP]&amp#27;[0m &amp#27;[37m<-- GET /session/737cfc75-39b7-4d8d-95ca-253dab0f7826/element/00000000-0000-05c2-0000-010f00000004/text &amp#27;[39m&amp#27;[32m200&amp#27;[39m &amp#27;[90m8 ms - 67&amp#27;[39m
&amp#27;[38;5;0m[HTTP]&amp#27;[0m &amp#27;[90m&amp#27;[39m
&amp#27;[38;5;0m[HTTP]&amp#27;[0m &amp#27;[37m-->&amp#27;[39m &amp#27;[37mGET&amp#27;[39m &amp#27;[37m/session/737cfc75-39b7-4d8d-95ca-253dab0f7826/element/00000000-0000-05c2-0000-011100000004/text&amp#27;[39m
&amp#27;[38;5;0m[HTTP]&amp#27;[0m &amp#27;[90m{}&amp#27;[39m
&amp#27;[38;5;32m[AndroidUiautomator2Driver@7d8a (737cfc75)]&amp#27;[0m Driver proxy active, passing request on via HTTP proxy
&amp#27;[38;5;32m[AndroidUiautomator2Driver@7d8a (737cfc75)]&amp#27;[0m Matched '/session/737cfc75-39b7-4d8d-95ca-253dab0f7826/element/00000000-0000-05c2-0000-011100000004/text' to command name 'getText'
&amp#27;[38;5;32m[AndroidUiautomator2Driver@7d8a (737cfc75)]&amp#27;[0m Proxying [GET /session/737cfc75-39b7-4d8d-95ca-253dab0f7826/element/00000000-0000-05c2-0000-011100000004/text] to [GET http://127.0.0.1:8240/session/848f67d1-b0ae-4721-9dff-71f52c26d8f9/element/00000000-0000-05c2-0000-011100000004/text] with no body
&amp#27;[38;5;32m[AndroidUiautomator2Driver@7d8a (737cfc75)]&amp#27;[0m Got response with status 200: {"sessionId":"848f67d1-b0ae-4721-9dff-71f52c26d8f9","value":"14 Â°C"}
&amp#27;[38;5;32m[AndroidUiautomator2Driver@7d8a (737cfc75)]&amp#27;[0m Replacing sessionId 848f67d1-b0ae-4721-9dff-71f52c26d8f9 with 737cfc75-39b7-4d8d-95ca-253dab0f7826
&amp#27;[38;5;0m[HTTP]&amp#27;[0m &amp#27;[37m<-- GET /session/737cfc75-39b7-4d8d-95ca-253dab0f7826/element/00000000-0000-05c2-0000-011100000004/text &amp#27;[39m&amp#27;[32m200&amp#27;[39m &amp#27;[90m9 ms - 69&amp#27;[39m
&amp#27;[38;5;0m[HTTP]&amp#27;[0m &amp#27;[90m&amp#27;[39m
&amp#27;[38;5;0m[HTTP]&amp#27;[0m &amp#27;[37m-->&amp#27;[39m &amp#27;[37mGET&amp#27;[39m &amp#27;[37m/session/737cfc75-39b7-4d8d-95ca-253dab0f7826/element/00000000-0000-05c2-0000-011300000004/text&amp#27;[39m
&amp#27;[38;5;0m[HTTP]&amp#27;[0m &amp#27;[90m{}&amp#27;[39m
&amp#27;[38;5;32m[AndroidUiautomator2Driver@7d8a (737cfc75)]&amp#27;[0m Driver proxy active, passing request on via HTTP proxy
&amp#27;[38;5;32m[AndroidUiautomator2Driver@7d8a (737cfc75)]&amp#27;[0m Matched '/session/737cfc75-39b7-4d8d-95ca-253dab0f7826/element/00000000-0000-05c2-0000-011300000004/text' to command name 'getText'
&amp#27;[38;5;32m[AndroidUiautomator2Driver@7d8a (737cfc75)]&amp#27;[0m Proxying [GET /session/737cfc75-39b7-4d8d-95ca-253dab0f7826/element/00000000-0000-05c2-0000-011300000004/text] to [GET http://127.0.0.1:8240/session/848f67d1-b0ae-4721-9dff-71f52c26d8f9/element/00000000-0000-05c2-0000-011300000004/text] with no body
&amp#27;[38;5;32m[AndroidUiautomator2Driver@7d8a (737cfc75)]&amp#27;[0m Got response with status 200: {"sessionId":"848f67d1-b0ae-4721-9dff-71f52c26d8f9","value":"03:00"}
&amp#27;[38;5;32m[AndroidUiautomator2Driver@7d8a (737cfc75)]&amp#27;[0m Replacing sessionId 848f67d1-b0ae-4721-9dff-71f52c26d8f9 with 737cfc75-39b7-4d8d-95ca-253dab0f7826
&amp#27;[38;5;0m[HTTP]&amp#27;[0m &amp#27;[37m<-- GET /session/737cfc75-39b7-4d8d-95ca-253dab0f7826/element/00000000-0000-05c2-0000-011300000004/text &amp#27;[39m&amp#27;[32m200&amp#27;[39m &amp#27;[90m8 ms - 68&amp#27;[39m
&amp#27;[38;5;0m[HTTP]&amp#27;[0m &amp#27;[90m&amp#27;[39m
&amp#27;[38;5;0m[HTTP]&amp#27;[0m &amp#27;[37m-->&amp#27;[39m &amp#27;[37mGET&amp#27;[39m &amp#27;[37m/session/737cfc75-39b7-4d8d-95ca-253dab0f7826/element/00000000-0000-05c2-0000-011500000004/text&amp#27;[39m
&amp#27;[38;5;0m[HTTP]&amp#27;[0m &amp#27;[90m{}&amp#27;[39m
&amp#27;[38;5;32m[AndroidUiautomator2Driver@7d8a (737cfc75)]&amp#27;[0m Driver proxy active, passing request on via HTTP proxy
&amp#27;[38;5;32m[AndroidUiautomator2Driver@7d8a (737cfc75)]&amp#27;[0m Matched '/session/737cfc75-39b7-4d8d-95ca-253dab0f7826/element/00000000-0000-05c2-0000-011500000004/text' to command name 'getText'
&amp#27;[38;5;32m[AndroidUiautomator2Driver@7d8a (737cfc75)]&amp#27;[0m Proxying [GET /session/737cfc75-39b7-4d8d-95ca-253dab0f7826/element/00000000-0000-05c2-0000-011500000004/text] to [GET http://127.0.0.1:8240/session/848f67d1-b0ae-4721-9dff-71f52c26d8f9/element/00000000-0000-05c2-0000-011500000004/text] with no body
&amp#27;[38;5;32m[AndroidUiautomator2Driver@7d8a (737cfc75)]&amp#27;[0m Got response with status 200: {"sessionId":"848f67d1-b0ae-4721-9dff-71f52c26d8f9","value":"overcast clouds"}
&amp#27;[38;5;32m[AndroidUiautomator2Driver@7d8a (737cfc75)]&amp#27;[0m Replacing sessionId 848f67d1-b0ae-4721-9dff-71f52c26d8f9 with 737cfc75-39b7-4d8d-95ca-253dab0f7826
&amp#27;[38;5;0m[HTTP]&amp#27;[0m &amp#27;[37m<-- GET /session/737cfc75-39b7-4d8d-95ca-253dab0f7826/element/00000000-0000-05c2-0000-011500000004/text &amp#27;[39m&amp#27;[32m200&amp#27;[39m &amp#27;[90m9 ms - 78&amp#27;[39m
&amp#27;[38;5;0m[HTTP]&amp#27;[0m &amp#27;[90m&amp#27;[39m
&amp#27;[38;5;0m[HTTP]&amp#27;[0m &amp#27;[37m-->&amp#27;[39m &amp#27;[37mGET&amp#27;[39m &amp#27;[37m/session/737cfc75-39b7-4d8d-95ca-253dab0f7826/element/00000000-0000-05c2-0000-011700000004/text&amp#27;[39m
&amp#27;[38;5;0m[HTTP]&amp#27;[0m &amp#27;[90m{}&amp#27;[39m
&amp#27;[38;5;32m[AndroidUiautomator2Driver@7d8a (737cfc75)]&amp#27;[0m Driver proxy active, passing request on via HTTP proxy
&amp#27;[38;5;32m[AndroidUiautomator2Driver@7d8a (737cfc75)]&amp#27;[0m Matched '/session/737cfc75-39b7-4d8d-95ca-253dab0f7826/element/00000000-0000-05c2-0000-011700000004/text' to command name 'getText'
&amp#27;[38;5;32m[AndroidUiautomator2Driver@7d8a (737cfc75)]&amp#27;[0m Proxying [GET /session/737cfc75-39b7-4d8d-95ca-253dab0f7826/element/00000000-0000-05c2-0000-011700000004/text] to [GET http://127.0.0.1:8240/session/848f67d1-b0ae-4721-9dff-71f52c26d8f9/element/00000000-0000-05c2-0000-011700000004/text] with no body
&amp#27;[38;5;32m[AndroidUiautomator2Driver@7d8a (737cfc75)]&amp#27;[0m Got response with status 200: {"sessionId":"848f67d1-b0ae-4721-9dff-71f52c26d8f9","value":"68 %"}
&amp#27;[38;5;32m[AndroidUiautomator2Driver@7d8a (737cfc75)]&amp#27;[0m Replacing sessionId 848f67d1-b0ae-4721-9dff-71f52c26d8f9 with 737cfc75-39b7-4d8d-95ca-253dab0f7826
&amp#27;[38;5;0m[HTTP]&amp#27;[0m &amp#27;[37m<-- GET /session/737cfc75-39b7-4d8d-95ca-253dab0f7826/element/00000000-0000-05c2-0000-011700000004/text &amp#27;[39m&amp#27;[32m200&amp#27;[39m &amp#27;[90m9 ms - 67&amp#27;[39m
&amp#27;[38;5;0m[HTTP]&amp#27;[0m &amp#27;[90m&amp#27;[39m
&amp#27;[38;5;0m[HTTP]&amp#27;[0m &amp#27;[37m-->&amp#27;[39m &amp#27;[37mGET&amp#27;[39m &amp#27;[37m/session/737cfc75-39b7-4d8d-95ca-253dab0f7826/element/00000000-0000-05c2-0000-011900000004/text&amp#27;[39m
&amp#27;[38;5;0m[HTTP]&amp#27;[0m &amp#27;[90m{}&amp#27;[39m
&amp#27;[38;5;32m[AndroidUiautomator2Driver@7d8a (737cfc75)]&amp#27;[0m Driver proxy active, passing request on via HTTP proxy
&amp#27;[38;5;32m[AndroidUiautomator2Driver@7d8a (737cfc75)]&amp#27;[0m Matched '/session/737cfc75-39b7-4d8d-95ca-253dab0f7826/element/00000000-0000-05c2-0000-011900000004/text' to command name 'getText'
&amp#27;[38;5;32m[AndroidUiautomator2Driver@7d8a (737cfc75)]&amp#27;[0m Proxying [GET /session/737cfc75-39b7-4d8d-95ca-253dab0f7826/element/00000000-0000-05c2-0000-011900000004/text] to [GET http://127.0.0.1:8240/session/848f67d1-b0ae-4721-9dff-71f52c26d8f9/element/00000000-0000-05c2-0000-011900000004/text] with no body
&amp#27;[38;5;32m[AndroidUiautomator2Driver@7d8a (737cfc75)]&amp#27;[0m Got response with status 200: {"sessionId":"848f67d1-b0ae-4721-9dff-71f52c26d8f9","value":"14 Â°C"}
&amp#27;[38;5;32m[AndroidUiautomator2Driver@7d8a (737cfc75)]&amp#27;[0m Replacing sessionId 848f67d1-b0ae-4721-9dff-71f52c26d8f9 with 737cfc75-39b7-4d8d-95ca-253dab0f7826
&amp#27;[38;5;0m[HTTP]&amp#27;[0m &amp#27;[37m<-- GET /session/737cfc75-39b7-4d8d-95ca-253dab0f7826/element/00000000-0000-05c2-0000-011900000004/text &amp#27;[39m&amp#27;[32m200&amp#27;[39m &amp#27;[90m10 ms - 69&amp#27;[39m
&amp#27;[38;5;0m[HTTP]&amp#27;[0m &amp#27;[90m&amp#27;[39m
&amp#27;[38;5;0m[HTTP]&amp#27;[0m &amp#27;[37m-->&amp#27;[39m &amp#27;[37mGET&amp#27;[39m &amp#27;[37m/session/737cfc75-39b7-4d8d-95ca-253dab0f7826/element/00000000-0000-05c2-0000-011b00000004/text&amp#27;[39m
&amp#27;[38;5;0m[HTTP]&amp#27;[0m &amp#27;[90m{}&amp#27;[39m
&amp#27;[38;5;32m[AndroidUiautomator2Driver@7d8a (737cfc75)]&amp#27;[0m Driver proxy active, passing request on via HTTP proxy
&amp#27;[38;5;32m[AndroidUiautomator2Driver@7d8a (737cfc75)]&amp#27;[0m Matched '/session/737cfc75-39b7-4d8d-95ca-253dab0f7826/element/00000000-0000-05c2-0000-011b00000004/text' to command name 'getText'
&amp#27;[38;5;32m[AndroidUiautomator2Driver@7d8a (737cfc75)]&amp#27;[0m Proxying [GET /session/737cfc75-39b7-4d8d-95ca-253dab0f7826/element/00000000-0000-05c2-0000-011b00000004/text] to [GET http://127.0.0.1:8240/session/848f67d1-b0ae-4721-9dff-71f52c26d8f9/element/00000000-0000-05c2-0000-011b00000004/text] with no body
&amp#27;[38;5;32m[AndroidUiautomator2Driver@7d8a (737cfc75)]&amp#27;[0m Got response with status 200: {"sessionId":"848f67d1-b0ae-4721-9dff-71f52c26d8f9","value":"04:00"}
&amp#27;[38;5;32m[AndroidUiautomator2Driver@7d8a (737cfc75)]&amp#27;[0m Replacing sessionId 848f67d1-b0ae-4721-9dff-71f52c26d8f9 with 737cfc75-39b7-4d8d-95ca-253dab0f7826
&amp#27;[38;5;0m[HTTP]&amp#27;[0m &amp#27;[37m<-- GET /session/737cfc75-39b7-4d8d-95ca-253dab0f7826/element/00000000-0000-05c2-0000-011b00000004/text &amp#27;[39m&amp#27;[32m200&amp#27;[39m &amp#27;[90m9 ms - 68&amp#27;[39m
&amp#27;[38;5;0m[HTTP]&amp#27;[0m &amp#27;[90m&amp#27;[39m
&amp#27;[38;5;0m[HTTP]&amp#27;[0m &amp#27;[37m-->&amp#27;[39m &amp#27;[37mGET&amp#27;[39m &amp#27;[37m/session/737cfc75-39b7-4d8d-95ca-253dab0f7826/element/00000000-0000-05c2-0000-011d00000004/text&amp#27;[39m
&amp#27;[38;5;0m[HTTP]&amp#27;[0m &amp#27;[90m{}&amp#27;[39m
&amp#27;[38;5;32m[AndroidUiautomator2Driver@7d8a (737cfc75)]&amp#27;[0m Driver proxy active, passing request on via HTTP proxy
&amp#27;[38;5;32m[AndroidUiautomator2Driver@7d8a (737cfc75)]&amp#27;[0m Matched '/session/737cfc75-39b7-4d8d-95ca-253dab0f7826/element/00000000-0000-05c2-0000-011d00000004/text' to command name 'getText'
&amp#27;[38;5;32m[AndroidUiautomator2Driver@7d8a (737cfc75)]&amp#27;[0m Proxying [GET /session/737cfc75-39b7-4d8d-95ca-253dab0f7826/element/00000000-0000-05c2-0000-011d00000004/text] to [GET http://127.0.0.1:8240/session/848f67d1-b0ae-4721-9dff-71f52c26d8f9/element/00000000-0000-05c2-0000-011d00000004/text] with no body
&amp#27;[38;5;32m[AndroidUiautomator2Driver@7d8a (737cfc75)]&amp#27;[0m Got response with status 200: {"sessionId":"848f67d1-b0ae-4721-9dff-71f52c26d8f9","value":"overcast clouds"}
&amp#27;[38;5;32m[AndroidUiautomator2Driver@7d8a (737cfc75)]&amp#27;[0m Replacing sessionId 848f67d1-b0ae-4721-9dff-71f52c26d8f9 with 737cfc75-39b7-4d8d-95ca-253dab0f7826
&amp#27;[38;5;0m[HTTP]&amp#27;[0m &amp#27;[37m<-- GET /session/737cfc75-39b7-4d8d-95ca-253dab0f7826/element/00000000-0000-05c2-0000-011d00000004/text &amp#27;[39m&amp#27;[32m200&amp#27;[39m &amp#27;[90m9 ms - 78&amp#27;[39m
&amp#27;[38;5;0m[HTTP]&amp#27;[0m &amp#27;[90m&amp#27;[39m
&amp#27;[38;5;0m[HTTP]&amp#27;[0m &amp#27;[37m-->&amp#27;[39m &amp#27;[37mGET&amp#27;[39m &amp#27;[37m/session/737cfc75-39b7-4d8d-95ca-253dab0f7826/element/00000000-0000-05c2-0000-011f00000004/text&amp#27;[39m
&amp#27;[38;5;0m[HTTP]&amp#27;[0m &amp#27;[90m{}&amp#27;[39m
&amp#27;[38;5;32m[AndroidUiautomator2Driver@7d8a (737cfc75)]&amp#27;[0m Driver proxy active, passing request on via HTTP proxy
&amp#27;[38;5;32m[AndroidUiautomator2Driver@7d8a (737cfc75)]&amp#27;[0m Matched '/session/737cfc75-39b7-4d8d-95ca-253dab0f7826/element/00000000-0000-05c2-0000-011f00000004/text' to command name 'getText'
&amp#27;[38;5;32m[AndroidUiautomator2Driver@7d8a (737cfc75)]&amp#27;[0m Proxying [GET /session/737cfc75-39b7-4d8d-95ca-253dab0f7826/element/00000000-0000-05c2-0000-011f00000004/text] to [GET http://127.0.0.1:8240/session/848f67d1-b0ae-4721-9dff-71f52c26d8f9/element/00000000-0000-05c2-0000-011f00000004/text] with no body
&amp#27;[38;5;32m[AndroidUiautomator2Driver@7d8a (737cfc75)]&amp#27;[0m Got response with status 200: {"sessionId":"848f67d1-b0ae-4721-9dff-71f52c26d8f9","value":"67 %"}
&amp#27;[38;5;32m[AndroidUiautomator2Driver@7d8a (737cfc75)]&amp#27;[0m Replacing sessionId 848f67d1-b0ae-4721-9dff-71f52c26d8f9 with 737cfc75-39b7-4d8d-95ca-253dab0f7826
&amp#27;[38;5;0m[HTTP]&amp#27;[0m &amp#27;[37m<-- GET /session/737cfc75-39b7-4d8d-95ca-253dab0f7826/element/00000000-0000-05c2-0000-011f00000004/text &amp#27;[39m&amp#27;[32m200&amp#27;[39m &amp#27;[90m9 ms - 67&amp#27;[39m
&amp#27;[38;5;0m[HTTP]&amp#27;[0m &amp#27;[90m&amp#27;[39m
&amp#27;[38;5;0m[HTTP]&amp#27;[0m &amp#27;[37m-->&amp#27;[39m &amp#27;[37mGET&amp#27;[39m &amp#27;[37m/session/737cfc75-39b7-4d8d-95ca-253dab0f7826/element/00000000-0000-05c2-0000-012100000004/text&amp#27;[39m
&amp#27;[38;5;0m[HTTP]&amp#27;[0m &amp#27;[90m{}&amp#27;[39m
&amp#27;[38;5;32m[AndroidUiautomator2Driver@7d8a (737cfc75)]&amp#27;[0m Driver proxy active, passing request on via HTTP proxy
&amp#27;[38;5;32m[AndroidUiautomator2Driver@7d8a (737cfc75)]&amp#27;[0m Matched '/session/737cfc75-39b7-4d8d-95ca-253dab0f7826/element/00000000-0000-05c2-0000-012100000004/text' to command name 'getText'
&amp#27;[38;5;32m[AndroidUiautomator2Driver@7d8a (737cfc75)]&amp#27;[0m Proxying [GET /session/737cfc75-39b7-4d8d-95ca-253dab0f7826/element/00000000-0000-05c2-0000-012100000004/text] to [GET http://127.0.0.1:8240/session/848f67d1-b0ae-4721-9dff-71f52c26d8f9/element/00000000-0000-05c2-0000-012100000004/text] with no body
&amp#27;[38;5;32m[AndroidUiautomator2Driver@7d8a (737cfc75)]&amp#27;[0m Got response with status 200: {"sessionId":"848f67d1-b0ae-4721-9dff-71f52c26d8f9","value":"14 Â°C"}
&amp#27;[38;5;32m[AndroidUiautomator2Driver@7d8a (737cfc75)]&amp#27;[0m Replacing sessionId 848f67d1-b0ae-4721-9dff-71f52c26d8f9 with 737cfc75-39b7-4d8d-95ca-253dab0f7826
&amp#27;[38;5;0m[HTTP]&amp#27;[0m &amp#27;[37m<-- GET /session/737cfc75-39b7-4d8d-95ca-253dab0f7826/element/00000000-0000-05c2-0000-012100000004/text &amp#27;[39m&amp#27;[32m200&amp#27;[39m &amp#27;[90m9 ms - 69&amp#27;[39m
&amp#27;[38;5;0m[HTTP]&amp#27;[0m &amp#27;[90m&amp#27;[39m
&amp#27;[38;5;0m[HTTP]&amp#27;[0m &amp#27;[37m-->&amp#27;[39m &amp#27;[37mGET&amp#27;[39m &amp#27;[37m/session/737cfc75-39b7-4d8d-95ca-253dab0f7826/element/00000000-0000-05c2-0000-012300000004/text&amp#27;[39m
&amp#27;[38;5;0m[HTTP]&amp#27;[0m &amp#27;[90m{}&amp#27;[39m
&amp#27;[38;5;32m[AndroidUiautomator2Driver@7d8a (737cfc75)]&amp#27;[0m Driver proxy active, passing request on via HTTP proxy
&amp#27;[38;5;32m[AndroidUiautomator2Driver@7d8a (737cfc75)]&amp#27;[0m Matched '/session/737cfc75-39b7-4d8d-95ca-253dab0f7826/element/00000000-0000-05c2-0000-012300000004/text' to command name 'getText'
&amp#27;[38;5;32m[AndroidUiautomator2Driver@7d8a (737cfc75)]&amp#27;[0m Proxying [GET /session/737cfc75-39b7-4d8d-95ca-253dab0f7826/element/00000000-0000-05c2-0000-012300000004/text] to [GET http://127.0.0.1:8240/session/848f67d1-b0ae-4721-9dff-71f52c26d8f9/element/00000000-0000-05c2-0000-012300000004/text] with no body
&amp#27;[38;5;32m[AndroidUiautomator2Driver@7d8a (737cfc75)]&amp#27;[0m Got response with status 200: {"sessionId":"848f67d1-b0ae-4721-9dff-71f52c26d8f9","value":"05:00"}
&amp#27;[38;5;32m[AndroidUiautomator2Driver@7d8a (737cfc75)]&amp#27;[0m Replacing sessionId 848f67d1-b0ae-4721-9dff-71f52c26d8f9 with 737cfc75-39b7-4d8d-95ca-253dab0f7826
&amp#27;[38;5;0m[HTTP]&amp#27;[0m &amp#27;[37m<-- GET /session/737cfc75-39b7-4d8d-95ca-253dab0f7826/element/00000000-0000-05c2-0000-012300000004/text &amp#27;[39m&amp#27;[32m200&amp#27;[39m &amp#27;[90m9 ms - 68&amp#27;[39m
&amp#27;[38;5;0m[HTTP]&amp#27;[0m &amp#27;[90m&amp#27;[39m
&amp#27;[38;5;0m[HTTP]&amp#27;[0m &amp#27;[37m-->&amp#27;[39m &amp#27;[37mGET&amp#27;[39m &amp#27;[37m/session/737cfc75-39b7-4d8d-95ca-253dab0f7826/element/00000000-0000-05c2-0000-012500000004/text&amp#27;[39m
&amp#27;[38;5;0m[HTTP]&amp#27;[0m &amp#27;[90m{}&amp#27;[39m
&amp#27;[38;5;32m[AndroidUiautomator2Driver@7d8a (737cfc75)]&amp#27;[0m Driver proxy active, passing request on via HTTP proxy
&amp#27;[38;5;32m[AndroidUiautomator2Driver@7d8a (737cfc75)]&amp#27;[0m Matched '/session/737cfc75-39b7-4d8d-95ca-253dab0f7826/element/00000000-0000-05c2-0000-012500000004/text' to command name 'getText'
&amp#27;[38;5;32m[AndroidUiautomator2Driver@7d8a (737cfc75)]&amp#27;[0m Proxying [GET /session/737cfc75-39b7-4d8d-95ca-253dab0f7826/element/00000000-0000-05c2-0000-012500000004/text] to [GET http://127.0.0.1:8240/session/848f67d1-b0ae-4721-9dff-71f52c26d8f9/element/00000000-0000-05c2-0000-012500000004/text] with no body
&amp#27;[38;5;32m[AndroidUiautomator2Driver@7d8a (737cfc75)]&amp#27;[0m Got response with status 200: {"sessionId":"848f67d1-b0ae-4721-9dff-71f52c26d8f9","value":"overcast clouds"}
&amp#27;[38;5;32m[AndroidUiautomator2Driver@7d8a (737cfc75)]&amp#27;[0m Replacing sessionId 848f67d1-b0ae-4721-9dff-71f52c26d8f9 with 737cfc75-39b7-4d8d-95ca-253dab0f7826
&amp#27;[38;5;0m[HTTP]&amp#27;[0m &amp#27;[37m<-- GET /session/737cfc75-39b7-4d8d-95ca-253dab0f7826/element/00000000-0000-05c2-0000-012500000004/text &amp#27;[39m&amp#27;[32m200&amp#27;[39m &amp#27;[90m8 ms - 78&amp#27;[39m
&amp#27;[38;5;0m[HTTP]&amp#27;[0m &amp#27;[90m&amp#27;[39m
&amp#27;[38;5;0m[HTTP]&amp#27;[0m &amp#27;[37m-->&amp#27;[39m &amp#27;[37mGET&amp#27;[39m &amp#27;[37m/session/737cfc75-39b7-4d8d-95ca-253dab0f7826/element/00000000-0000-05c2-0000-012700000004/text&amp#27;[39m
&amp#27;[38;5;0m[HTTP]&amp#27;[0m &amp#27;[90m{}&amp#27;[39m
&amp#27;[38;5;32m[AndroidUiautomator2Driver@7d8a (737cfc75)]&amp#27;[0m Driver proxy active, passing request on via HTTP proxy
&amp#27;[38;5;32m[AndroidUiautomator2Driver@7d8a (737cfc75)]&amp#27;[0m Matched '/session/737cfc75-39b7-4d8d-95ca-253dab0f7826/element/00000000-0000-05c2-0000-012700000004/text' to command name 'getText'
&amp#27;[38;5;32m[AndroidUiautomator2Driver@7d8a (737cfc75)]&amp#27;[0m Proxying [GET /session/737cfc75-39b7-4d8d-95ca-253dab0f7826/element/00000000-0000-05c2-0000-012700000004/text] to [GET http://127.0.0.1:8240/session/848f67d1-b0ae-4721-9dff-71f52c26d8f9/element/00000000-0000-05c2-0000-012700000004/text] with no body
&amp#27;[38;5;32m[AndroidUiautomator2Driver@7d8a (737cfc75)]&amp#27;[0m Got response with status 200: {"sessionId":"848f67d1-b0ae-4721-9dff-71f52c26d8f9","value":"67 %"}
&amp#27;[38;5;32m[AndroidUiautomator2Driver@7d8a (737cfc75)]&amp#27;[0m Replacing sessionId 848f67d1-b0ae-4721-9dff-71f52c26d8f9 with 737cfc75-39b7-4d8d-95ca-253dab0f7826
&amp#27;[38;5;0m[HTTP]&amp#27;[0m &amp#27;[37m<-- GET /session/737cfc75-39b7-4d8d-95ca-253dab0f7826/element/00000000-0000-05c2-0000-012700000004/text &amp#27;[39m&amp#27;[32m200&amp#27;[39m &amp#27;[90m10 ms - 67&amp#27;[39m
&amp#27;[38;5;0m[HTTP]&amp#27;[0m &amp#27;[90m&amp#27;[39m
&amp#27;[38;5;0m[HTTP]&amp#27;[0m &amp#27;[37m-->&amp#27;[39m &amp#27;[37mGET&amp#27;[39m &amp#27;[37m/session/737cfc75-39b7-4d8d-95ca-253dab0f7826/element/00000000-0000-05c2-0000-012900000004/text&amp#27;[39m
&amp#27;[38;5;0m[HTTP]&amp#27;[0m &amp#27;[90m{}&amp#27;[39m
&amp#27;[38;5;32m[AndroidUiautomator2Driver@7d8a (737cfc75)]&amp#27;[0m Driver proxy active, passing request on via HTTP proxy
&amp#27;[38;5;32m[AndroidUiautomator2Driver@7d8a (737cfc75)]&amp#27;[0m Matched '/session/737cfc75-39b7-4d8d-95ca-253dab0f7826/element/00000000-0000-05c2-0000-012900000004/text' to command name 'getText'
&amp#27;[38;5;32m[AndroidUiautomator2Driver@7d8a (737cfc75)]&amp#27;[0m Proxying [GET /session/737cfc75-39b7-4d8d-95ca-253dab0f7826/element/00000000-0000-05c2-0000-012900000004/text] to [GET http://127.0.0.1:8240/session/848f67d1-b0ae-4721-9dff-71f52c26d8f9/element/00000000-0000-05c2-0000-012900000004/text] with no body
&amp#27;[38;5;32m[AndroidUiautomator2Driver@7d8a (737cfc75)]&amp#27;[0m Got response with status 200: {"sessionId":"848f67d1-b0ae-4721-9dff-71f52c26d8f9","value":"14 Â°C"}
&amp#27;[38;5;32m[AndroidUiautomator2Driver@7d8a (737cfc75)]&amp#27;[0m Replacing sessionId 848f67d1-b0ae-4721-9dff-71f52c26d8f9 with 737cfc75-39b7-4d8d-95ca-253dab0f7826
&amp#27;[38;5;0m[HTTP]&amp#27;[0m &amp#27;[37m<-- GET /session/737cfc75-39b7-4d8d-95ca-253dab0f7826/element/00000000-0000-05c2-0000-012900000004/text &amp#27;[39m&amp#27;[32m200&amp#27;[39m &amp#27;[90m10 ms - 69&amp#27;[39m
&amp#27;[38;5;0m[HTTP]&amp#27;[0m &amp#27;[90m&amp#27;[39m
&amp#27;[38;5;0m[HTTP]&amp#27;[0m &amp#27;[37m-->&amp#27;[39m &amp#27;[37mPOST&amp#27;[39m &amp#27;[37m/session/737cfc75-39b7-4d8d-95ca-253dab0f7826/execute/sync&amp#27;[39m
&amp#27;[38;5;0m[HTTP]&amp#27;[0m &amp#27;[90m{"script":"mobile: swipeGesture","args":[{"elementId":"00000000-0000-05c2-0000-002900000004","percent":0.4,"speed":320,"direction":"left"}]}&amp#27;[39m
&amp#27;[38;5;32m[AndroidUiautomator2Driver@7d8a (737cfc75)]&amp#27;[0m Calling AppiumDriver.execute() with args: ["mobile: swipeGesture",[{"elementId":"00000000-0000-05c2-0000-002900000004","percent":0.4,"speed":320,"direction":"left"}],"737cfc75-39b7-4d8d-95ca-253dab0f7826"]
&amp#27;[38;5;32m[AndroidUiautomator2Driver@7d8a (737cfc75)]&amp#27;[0m Executing method 'mobile: swipeGesture'
&amp#27;[38;5;32m[AndroidUiautomator2Driver@7d8a (737cfc75)]&amp#27;[0m Proxying [POST /appium/gestures/swipe] to [POST http://127.0.0.1:8240/session/848f67d1-b0ae-4721-9dff-71f52c26d8f9/appium/gestures/swipe] with body: {"origin":{"ELEMENT":"00000000-0000-05c2-0000-002900000004","element-6066-11e4-a52e-4f735466cecf":"00000000-0000-05c2-0000-002900000004"},"direction":"left","percent":0.4,"speed":320}
&amp#27;[38;5;32m[AndroidUiautomator2Driver@7d8a (737cfc75)]&amp#27;[0m Got response with status 200: {"sessionId":"848f67d1-b0ae-4721-9dff-71f52c26d8f9","value":null}
&amp#27;[38;5;32m[AndroidUiautomator2Driver@7d8a (737cfc75)]&amp#27;[0m Responding to client with driver.execute() result: null
&amp#27;[38;5;0m[HTTP]&amp#27;[0m &amp#27;[37m<-- POST /session/737cfc75-39b7-4d8d-95ca-253dab0f7826/execute/sync &amp#27;[39m&amp#27;[32m200&amp#27;[39m &amp#27;[90m1553 ms - 14&amp#27;[39m
&amp#27;[38;5;0m[HTTP]&amp#27;[0m &amp#27;[90m&amp#27;[39m
  &amp#27;[32mThen &amp#27;[0m&amp#27;[32mThe weather app provides me with weather forcasts for each hour including temperature and conditions&amp#27;[0m &amp#27;[90m# weatherAppTest.StepDefinitions.the_weather_app_provides_me_with_weather_forcasts_for_each_hour_including_temperature_and_conditions()&amp#27;[0m
&amp#27;[38;5;0m[HTTP]&amp#27;[0m &amp#27;[37m-->&amp#27;[39m &amp#27;[37mDELETE&amp#27;[39m &amp#27;[37m/session/737cfc75-39b7-4d8d-95ca-253dab0f7826&amp#27;[39m
&amp#27;[38;5;0m[HTTP]&amp#27;[0m &amp#27;[90m{}&amp#27;[39m
&amp#27;[38;5;32m[AndroidUiautomator2Driver@7d8a (737cfc75)]&amp#27;[0m Calling AppiumDriver.deleteSession() with args: ["737cfc75-39b7-4d8d-95ca-253dab0f7826"]
&amp#27;[38;5;16m[AppiumDriver@2db5]&amp#27;[0m Event 'quitSessionRequested' logged at 1705178507327 (02:41:47 GMT+0600 (Bangladesh Standard Time))
&amp#27;[38;5;16m[AppiumDriver@2db5]&amp#27;[0m Removing session 737cfc75-39b7-4d8d-95ca-253dab0f7826 from our master session list
&amp#27;[38;5;32m[AndroidUiautomator2Driver@7d8a (737cfc75)]&amp#27;[0m Deleting UiAutomator2 session
&amp#27;[38;5;32m[AndroidUiautomator2Driver@7d8a (737cfc75)]&amp#27;[0m Deleting UiAutomator2 server session
&amp#27;[38;5;32m[AndroidUiautomator2Driver@7d8a (737cfc75)]&amp#27;[0m Matched '/' to command name 'deleteSession'
&amp#27;[38;5;32m[AndroidUiautomator2Driver@7d8a (737cfc75)]&amp#27;[0m Proxying [DELETE /] to [DELETE http://127.0.0.1:8240/session/848f67d1-b0ae-4721-9dff-71f52c26d8f9] with no body
&amp#27;[38;5;32m[AndroidUiautomator2Driver@7d8a (737cfc75)]&amp#27;[0m Got response with status 200: {"sessionId":"848f67d1-b0ae-4721-9dff-71f52c26d8f9","value":null}
&amp#27;[38;5;64m[ADB]&amp#27;[0m Running 'C:\Users\abuba\AppData\Local\Android\Sdk\platform-tools\adb.exe -P 5037 -s emulator-5554 shell dumpsys activity services io.appium.settings/.recorder.RecorderService'
&amp#27;[38;5;64m[ADB]&amp#27;[0m Running 'C:\Users\abuba\AppData\Local\Android\Sdk\platform-tools\adb.exe -P 5037 -s emulator-5554 shell am force-stop me.example.android.weatherapp'
&amp#27;[38;5;96m[Logcat]&amp#27;[0m Stopping logcat capture
&amp#27;[38;5;64m[ADB]&amp#27;[0m Removing forwarded port socket connection: 8240 
&amp#27;[38;5;64m[ADB]&amp#27;[0m Running 'C:\Users\abuba\AppData\Local\Android\Sdk\platform-tools\adb.exe -P 5037 -s emulator-5554 forward --remove tcp:8240'
&amp#27;[38;5;32m[AndroidUiautomator2Driver@7d8a (737cfc75)]&amp#27;[0m Restoring hidden api policy to the device default configuration
&amp#27;[38;5;64m[ADB]&amp#27;[0m Running 'C:\Users\abuba\AppData\Local\Android\Sdk\platform-tools\adb.exe -P 5037 -s emulator-5554 shell 'settings delete global hidden_api_policy_pre_p_apps;settings delete global hidden_api_policy_p_apps;settings delete global hidden_api_policy''
&amp#27;[38;5;16m[AppiumDriver@2db5]&amp#27;[0m Event 'quitSessionFinished' logged at 1705178507495 (02:41:47 GMT+0600 (Bangladesh Standard Time))
&amp#27;[38;5;16m[AppiumDriver@2db5]&amp#27;[0m Received response: null
&amp#27;[38;5;16m[AppiumDriver@2db5]&amp#27;[0m But deleting session, so not returning
&amp#27;[38;5;16m[AppiumDriver@2db5]&amp#27;[0m Responding to client with driver.deleteSession() result: null
&amp#27;[38;5;0m[HTTP]&amp#27;[0m &amp#27;[37m<-- DELETE /session/737cfc75-39b7-4d8d-95ca-253dab0f7826 &amp#27;[39m&amp#27;[32m200&amp#27;[39m &amp#27;[90m169 ms - 14&amp#27;[39m
&amp#27;[38;5;0m[HTTP]&amp#27;[0m &amp#27;[90m&amp#27;[39m
]]></system-out>
  </testcase>
  <testcase name="Verify the weather app displays the weather forcast for the entire week." classname="Weather Application Test" time="33.349">
    <system-out><![CDATA[
Scenario: Verify the weather app displays the weather forcast for the entire week. &amp#27;[90m# features/weatherAppTest.feature:13&amp#27;[0m
&amp#27;[38;5;0m[HTTP]&amp#27;[0m Request idempotency key: 2c205504-2180-41a2-be12-ccfa905b30ce
&amp#27;[38;5;0m[HTTP]&amp#27;[0m &amp#27;[37m-->&amp#27;[39m &amp#27;[37mPOST&amp#27;[39m &amp#27;[37m/session&amp#27;[39m
&amp#27;[38;5;0m[HTTP]&amp#27;[0m &amp#27;[90m{"capabilities":{"firstMatch":[{}],"alwaysMatch":{"appium:app":"src/test/resources/apk/app-debug.apk","appium:automationName":"UIAutomator2","appium:udid":"emulator-5554","platformName":"ANDROID"}}}&amp#27;[39m
&amp#27;[38;5;16m[AppiumDriver@2db5]&amp#27;[0m Calling AppiumDriver.createSession() with args: [null,null,{"firstMatch":[{}],"alwaysMatch":{"appium:app":"src/test/resources/apk/app-debug.apk","appium:automationName":"UIAutomator2","appium:udid":"emulator-5554","platformName":"ANDROID"}}]
&amp#27;[38;5;16m[AppiumDriver@2db5]&amp#27;[0m Event 'newSessionRequested' logged at 1705178507505 (02:41:47 GMT+0600 (Bangladesh Standard Time))
&amp#27;[35m[Appium]&amp#27;[39m Attempting to find matching driver for automationName 'UIAutomator2' and platformName 'ANDROID'
&amp#27;[35m[Appium]&amp#27;[39m The 'uiautomator2' driver was installed and matched caps.
&amp#27;[35m[Appium]&amp#27;[39m Will require it at C:\Users\abuba\.appium\node_modules\appium-uiautomator2-driver
&amp#27;[35m[Appium]&amp#27;[39m Requiring driver at C:\Users\abuba\.appium\node_modules\appium-uiautomator2-driver\build\index.js
&amp#27;[38;5;16m[AppiumDriver@2db5]&amp#27;[0m Appium v2.4.1 creating new AndroidUiautomator2Driver (v2.42.0) session
&amp#27;[38;5;16m[AppiumDriver@2db5]&amp#27;[0m Checking BaseDriver versions for Appium and AndroidUiautomator2Driver
&amp#27;[38;5;16m[AppiumDriver@2db5]&amp#27;[0m Appium's BaseDriver version is 9.5.0
&amp#27;[38;5;16m[AppiumDriver@2db5]&amp#27;[0m AndroidUiautomator2Driver's BaseDriver version is 9.5.0
&amp#27;[38;5;32m[AndroidUiautomator2Driver@d3db]&amp#27;[0m Creating session with W3C capabilities: {
&amp#27;[38;5;32m[AndroidUiautomator2Driver@d3db]&amp#27;[0m   "alwaysMatch": {
&amp#27;[38;5;32m[AndroidUiautomator2Driver@d3db]&amp#27;[0m     "platformName": "ANDROID",
&amp#27;[38;5;32m[AndroidUiautomator2Driver@d3db]&amp#27;[0m     "appium:app": "src/test/resources/apk/app-debug.apk",
&amp#27;[38;5;32m[AndroidUiautomator2Driver@d3db]&amp#27;[0m     "appium:automationName": "UIAutomator2",
&amp#27;[38;5;32m[AndroidUiautomator2Driver@d3db]&amp#27;[0m     "appium:udid": "emulator-5554"
&amp#27;[38;5;32m[AndroidUiautomator2Driver@d3db]&amp#27;[0m   },
&amp#27;[38;5;32m[AndroidUiautomator2Driver@d3db]&amp#27;[0m   "firstMatch": [
&amp#27;[38;5;32m[AndroidUiautomator2Driver@d3db]&amp#27;[0m     {}
&amp#27;[38;5;32m[AndroidUiautomator2Driver@d3db]&amp#27;[0m   ]
&amp#27;[38;5;32m[AndroidUiautomator2Driver@d3db]&amp#27;[0m }
&amp#27;[38;5;32m[AndroidUiautomator2Driver@d3db (cab71a55)]&amp#27;[0m Session created with session id: cab71a55-a64e-4118-944e-543573feddd8
&amp#27;[38;5;112m[Instrumentation]&amp#27;[0m .
&amp#27;[38;5;48m[BaseDriver]&amp#27;[0m Using local app 'src/test/resources/apk/app-debug.apk'
&amp#27;[38;5;112m[Instrumentation]&amp#27;[0m Time: 63.199
&amp#27;[38;5;112m[Instrumentation]&amp#27;[0m 
&amp#27;[38;5;112m[Instrumentation]&amp#27;[0m OK (1 test)
&amp#27;[38;5;48m[BaseDriver]&amp#27;[0m The current application path 'src/test/resources/apk/app-debug.apk' is not absolute and has been rewritten to 'C:\Users\abuba\java_projects\weatherAppTest\src\test\resources\apk\app-debug.apk'. Consider using absolute paths rather than relative
&amp#27;[38;5;32m[AndroidUiautomator2Driver@d3db (cab71a55)]&amp#27;[0m Checking whether app is actually present
&amp#27;[38;5;64m[ADB]&amp#27;[0m Using 'adb.exe' from 'C:\Users\abuba\AppData\Local\Android\Sdk\platform-tools\adb.exe'
&amp#27;[38;5;64m[ADB]&amp#27;[0m Running 'C:\Users\abuba\AppData\Local\Android\Sdk\platform-tools\adb.exe -P 5037 start-server'
&amp#27;[38;5;112m[Instrumentation]&amp#27;[0m The process has exited with code 0
&amp#27;[38;5;80m[AndroidDriver]&amp#27;[0m Retrieving device list
&amp#27;[38;5;64m[ADB]&amp#27;[0m Trying to find connected Android devices
&amp#27;[38;5;64m[ADB]&amp#27;[0m Getting connected devices
&amp#27;[38;5;64m[ADB]&amp#27;[0m Connected devices: [{"udid":"emulator-5554","state":"device"}]
&amp#27;[38;5;80m[AndroidDriver]&amp#27;[0m Using device: emulator-5554
&amp#27;[38;5;64m[ADB]&amp#27;[0m Using 'adb.exe' from 'C:\Users\abuba\AppData\Local\Android\Sdk\platform-tools\adb.exe'
&amp#27;[38;5;64m[ADB]&amp#27;[0m Running 'C:\Users\abuba\AppData\Local\Android\Sdk\platform-tools\adb.exe -P 5037 start-server'
&amp#27;[38;5;64m[ADB]&amp#27;[0m Setting device id to emulator-5554
&amp#27;[38;5;64m[ADB]&amp#27;[0m Running 'C:\Users\abuba\AppData\Local\Android\Sdk\platform-tools\adb.exe -P 5037 -s emulator-5554 shell getprop ro.build.version.sdk'
&amp#27;[38;5;64m[ADB]&amp#27;[0m Current device property 'ro.build.version.sdk': 34
&amp#27;[38;5;64m[ADB]&amp#27;[0m Getting device platform version
&amp#27;[38;5;64m[ADB]&amp#27;[0m Running 'C:\Users\abuba\AppData\Local\Android\Sdk\platform-tools\adb.exe -P 5037 -s emulator-5554 shell getprop ro.build.version.release'
&amp#27;[38;5;64m[ADB]&amp#27;[0m Current device property 'ro.build.version.release': 14
&amp#27;[38;5;64m[ADB]&amp#27;[0m Device API level: 34
&amp#27;[38;5;32m[AndroidUiautomator2Driver@d3db (cab71a55)]&amp#27;[0m Relaxing hidden api policy
&amp#27;[38;5;64m[ADB]&amp#27;[0m Running 'C:\Users\abuba\AppData\Local\Android\Sdk\platform-tools\adb.exe -P 5037 -s emulator-5554 shell 'settings put global hidden_api_policy_pre_p_apps 1;settings put global hidden_api_policy_p_apps 1;settings put global hidden_api_policy 1''
&amp#27;[38;5;80m[AndroidDriver]&amp#27;[0m Parsing package and activity from app manifest
&amp#27;[38;5;64m[ADB]&amp#27;[0m Package name: 'me.example.android.weatherapp'
&amp#27;[38;5;64m[ADB]&amp#27;[0m Main activity name: 'me.example.android.weatherapp.MainActivity'
&amp#27;[38;5;80m[AndroidDriver]&amp#27;[0m Parsed package and activity are: me.example.android.weatherapp/me.example.android.weatherapp.MainActivity
&amp#27;[38;5;64m[ADB]&amp#27;[0m Running 'C:\Users\abuba\AppData\Local\Android\Sdk\platform-tools\adb.exe -P 5037 -s emulator-5554 wait-for-device'
&amp#27;[38;5;64m[ADB]&amp#27;[0m Running 'C:\Users\abuba\AppData\Local\Android\Sdk\platform-tools\adb.exe -P 5037 -s emulator-5554 shell echo ping'
&amp#27;[38;5;80m[AndroidDriver]&amp#27;[0m Pushing settings apk to device...
&amp#27;[38;5;64m[ADB]&amp#27;[0m Getting package info for 'io.appium.settings'
&amp#27;[38;5;64m[ADB]&amp#27;[0m Running 'C:\Users\abuba\AppData\Local\Android\Sdk\platform-tools\adb.exe -P 5037 -s emulator-5554 shell dumpsys package io.appium.settings'
&amp#27;[38;5;64m[ADB]&amp#27;[0m The version name of the installed 'io.appium.settings' is greater or equal to the application version name ('5.7.1' >= '5.7.1')
&amp#27;[38;5;64m[ADB]&amp#27;[0m There is no need to install/upgrade 'C:\Users\abuba\.appium\node_modules\appium-uiautomator2-driver\node_modules\io.appium.settings\apks\settings_apk-debug.apk'
&amp#27;[38;5;64m[ADB]&amp#27;[0m Running 'C:\Users\abuba\AppData\Local\Android\Sdk\platform-tools\adb.exe -P 5037 -s emulator-5554 shell dumpsys activity services io.appium.settings'
&amp#27;[38;5;80m[AndroidDriver]&amp#27;[0m io.appium.settings is already running. There is no need to reset its permissions.
&amp#27;[38;5;96m[Logcat]&amp#27;[0m Starting logs capture with command: C:\\Users\\abuba\\AppData\\Local\\Android\\Sdk\\platform-tools\\adb.exe -P 5037 -s emulator-5554 logcat -v threadtime
&amp#27;[38;5;32m[AndroidUiautomator2Driver@d3db (cab71a55)]&amp#27;[0m Forwarding UiAutomator2 Server port 6790 to local port 8240
&amp#27;[38;5;64m[ADB]&amp#27;[0m Forwarding system: 8240 to device: 6790
&amp#27;[38;5;64m[ADB]&amp#27;[0m Running 'C:\Users\abuba\AppData\Local\Android\Sdk\platform-tools\adb.exe -P 5037 -s emulator-5554 forward tcp:8240 tcp:6790'
&amp#27;[38;5;64m[ADB]&amp#27;[0m Checking app cert for C:\Users\abuba\.appium\node_modules\appium-uiautomator2-driver\node_modules\appium-uiautomator2-server\apks\appium-uiautomator2-server-v6.0.3.apk
&amp#27;[38;5;64m[ADB]&amp#27;[0m Checking app cert for C:\Users\abuba\.appium\node_modules\appium-uiautomator2-driver\node_modules\appium-uiautomator2-server\apks\appium-uiautomator2-server-debug-androidTest.apk
&amp#27;[38;5;64m[ADB]&amp#27;[0m Using the previously cached signature entry for 'appium-uiautomator2-server-debug-androidTest.apk'
&amp#27;[38;5;64m[ADB]&amp#27;[0m sha256 hash did match for 'appium-uiautomator2-server-debug-androidTest.apk'
&amp#27;[38;5;64m[ADB]&amp#27;[0m Getting install status for io.appium.uiautomator2.server.test
&amp#27;[38;5;64m[ADB]&amp#27;[0m Running 'C:\Users\abuba\AppData\Local\Android\Sdk\platform-tools\adb.exe -P 5037 -s emulator-5554 shell pm path io.appium.uiautomator2.server.test'
&amp#27;[38;5;64m[ADB]&amp#27;[0m Using the previously cached signature entry for 'appium-uiautomator2-server-v6.0.3.apk'
&amp#27;[38;5;64m[ADB]&amp#27;[0m sha256 hash did match for 'appium-uiautomator2-server-v6.0.3.apk'
&amp#27;[38;5;64m[ADB]&amp#27;[0m Getting package info for 'io.appium.uiautomator2.server'
&amp#27;[38;5;64m[ADB]&amp#27;[0m Running 'C:\Users\abuba\AppData\Local\Android\Sdk\platform-tools\adb.exe -P 5037 -s emulator-5554 shell dumpsys package io.appium.uiautomator2.server'
&amp#27;[38;5;64m[ADB]&amp#27;[0m 'io.appium.uiautomator2.server.test' is installed
&amp#27;[38;5;64m[ADB]&amp#27;[0m The version name of the installed 'io.appium.uiautomator2.server' is greater or equal to the application version name ('6.0.3' >= '6.0.3')
&amp#27;[38;5;32m[AndroidUiautomator2Driver@d3db (cab71a55)]&amp#27;[0m Server packages status: [{"wasSigned":true,"installState":"sameVersionInstalled","appPath":"C:\\Users\\abuba\\.appium\\node_modules\\appium-uiautomator2-driver\\node_modules\\appium-uiautomator2-server\\apks\\appium-uiautomator2-server-v6.0.3.apk","appId":"io.appium.uiautomator2.server"},{"wasSigned":true,"installState":"sameVersionInstalled","appPath":"C:\\Users\\abuba\\.appium\\node_modules\\appium-uiautomator2-driver\\node_modules\\appium-uiautomator2-server\\apks\\appium-uiautomator2-server-debug-androidTest.apk","appId":"io.appium.uiautomator2.server.test"}]
&amp#27;[38;5;32m[AndroidUiautomator2Driver@d3db (cab71a55)]&amp#27;[0m Server packages are not going to be (re)installed
&amp#27;[38;5;32m[AndroidUiautomator2Driver@d3db (cab71a55)]&amp#27;[0m Waiting up to 30000ms for services to be available
&amp#27;[38;5;64m[ADB]&amp#27;[0m Running 'C:\Users\abuba\AppData\Local\Android\Sdk\platform-tools\adb.exe -P 5037 -s emulator-5554 shell pm list instrumentation'
&amp#27;[38;5;32m[AndroidUiautomator2Driver@d3db (cab71a55)]&amp#27;[0m Instrumentation target 'io.appium.uiautomator2.server.test/androidx.test.runner.AndroidJUnitRunner' is available
&amp#27;[38;5;64m[ADB]&amp#27;[0m Adding packages ["io.appium.settings","io.appium.uiautomator2.server","io.appium.uiautomator2.server.test"] to Doze whitelist
&amp#27;[38;5;64m[ADB]&amp#27;[0m Got the following command chunks to execute: [["dumpsys","deviceidle","whitelist","+io.appium.settings",";","dumpsys","deviceidle","whitelist","+io.appium.uiautomator2.server",";","dumpsys","deviceidle","whitelist","+io.appium.uiautomator2.server.test",";"]]
&amp#27;[38;5;64m[ADB]&amp#27;[0m Running 'C:\Users\abuba\AppData\Local\Android\Sdk\platform-tools\adb.exe -P 5037 -s emulator-5554 shell dumpsys deviceidle whitelist +io.appium.settings ; dumpsys deviceidle whitelist +io.appium.uiautomator2.server ; dumpsys deviceidle whitelist +io.appium.uiautomator2.server.test ;'
&amp#27;[38;5;64m[ADB]&amp#27;[0m Checking app cert for C:\Users\abuba\java_projects\weatherAppTest\src\test\resources\apk\app-debug.apk
&amp#27;[38;5;64m[ADB]&amp#27;[0m Using the previously cached signature entry for 'app-debug.apk'
&amp#27;[38;5;64m[ADB]&amp#27;[0m Getting package info for 'me.example.android.weatherapp'
&amp#27;[38;5;64m[ADB]&amp#27;[0m Running 'C:\Users\abuba\AppData\Local\Android\Sdk\platform-tools\adb.exe -P 5037 -s emulator-5554 shell dumpsys package me.example.android.weatherapp'
&amp#27;[38;5;64m[ADB]&amp#27;[0m The version name of the installed 'me.example.android.weatherapp' is greater or equal to the application version name ('1.0.0' >= '1.0.0')
&amp#27;[38;5;64m[ADB]&amp#27;[0m There is no need to install/upgrade 'C:\Users\abuba\java_projects\weatherAppTest\src\test\resources\apk\app-debug.apk'
&amp#27;[38;5;80m[AndroidDriver]&amp#27;[0m Performing fast reset on 'me.example.android.weatherapp'
&amp#27;[38;5;64m[ADB]&amp#27;[0m Getting install status for me.example.android.weatherapp
&amp#27;[38;5;64m[ADB]&amp#27;[0m Running 'C:\Users\abuba\AppData\Local\Android\Sdk\platform-tools\adb.exe -P 5037 -s emulator-5554 shell pm path me.example.android.weatherapp'
&amp#27;[38;5;64m[ADB]&amp#27;[0m 'me.example.android.weatherapp' is installed
&amp#27;[38;5;64m[ADB]&amp#27;[0m Running 'C:\Users\abuba\AppData\Local\Android\Sdk\platform-tools\adb.exe -P 5037 -s emulator-5554 shell am force-stop me.example.android.weatherapp'
&amp#27;[38;5;64m[ADB]&amp#27;[0m Running 'C:\Users\abuba\AppData\Local\Android\Sdk\platform-tools\adb.exe -P 5037 -s emulator-5554 shell pm clear me.example.android.weatherapp'
&amp#27;[38;5;80m[AndroidDriver]&amp#27;[0m Performed fast reset on the installed 'me.example.android.weatherapp' application (stop and clear)
&amp#27;[38;5;32m[AndroidUiautomator2Driver@d3db (cab71a55)]&amp#27;[0m Performing shallow cleanup of automation leftovers
&amp#27;[38;5;32m[AndroidUiautomator2Driver@d3db (cab71a55)]&amp#27;[0m No obsolete sessions have been detected (socket hang up)
&amp#27;[38;5;64m[ADB]&amp#27;[0m Running 'C:\Users\abuba\AppData\Local\Android\Sdk\platform-tools\adb.exe -P 5037 -s emulator-5554 shell am force-stop io.appium.uiautomator2.server.test'
&amp#27;[38;5;32m[AndroidUiautomator2Driver@d3db (cab71a55)]&amp#27;[0m Starting UIAutomator2 server 6.0.3
&amp#27;[38;5;32m[AndroidUiautomator2Driver@d3db (cab71a55)]&amp#27;[0m Using UIAutomator2 server from 'C:\Users\abuba\.appium\node_modules\appium-uiautomator2-driver\node_modules\appium-uiautomator2-server\apks\appium-uiautomator2-server-v6.0.3.apk' and test from 'C:\Users\abuba\.appium\node_modules\appium-uiautomator2-driver\node_modules\appium-uiautomator2-server\apks\appium-uiautomator2-server-debug-androidTest.apk'
&amp#27;[38;5;32m[AndroidUiautomator2Driver@d3db (cab71a55)]&amp#27;[0m Waiting up to 30000ms for UiAutomator2 to be online...
&amp#27;[38;5;64m[ADB]&amp#27;[0m Creating ADB subprocess with args: ["-P","5037","-s","emulator-5554","shell","am","instrument","-w","-e","disableAnalytics","true","io.appium.uiautomator2.server.test/androidx.test.runner.AndroidJUnitRunner"]
&amp#27;[38;5;32m[AndroidUiautomator2Driver@d3db (cab71a55)]&amp#27;[0m Matched '/status' to command name 'getStatus'
&amp#27;[38;5;32m[AndroidUiautomator2Driver@d3db (cab71a55)]&amp#27;[0m Proxying [GET /status] to [GET http://127.0.0.1:8240/status] with no body
&amp#27;[38;5;32m[AndroidUiautomator2Driver@d3db (cab71a55)]&amp#27;[0m socket hang up
&amp#27;[38;5;112m[Instrumentation]&amp#27;[0m io.appium.uiautomator2.server.test.AppiumUiAutomator2Server:
&amp#27;[38;5;32m[AndroidUiautomator2Driver@d3db (cab71a55)]&amp#27;[0m Matched '/status' to command name 'getStatus'
&amp#27;[38;5;32m[AndroidUiautomator2Driver@d3db (cab71a55)]&amp#27;[0m Proxying [GET /status] to [GET http://127.0.0.1:8240/status] with no body
&amp#27;[38;5;32m[AndroidUiautomator2Driver@d3db (cab71a55)]&amp#27;[0m socket hang up
&amp#27;[38;5;32m[AndroidUiautomator2Driver@d3db (cab71a55)]&amp#27;[0m Matched '/status' to command name 'getStatus'
&amp#27;[38;5;32m[AndroidUiautomator2Driver@d3db (cab71a55)]&amp#27;[0m Proxying [GET /status] to [GET http://127.0.0.1:8240/status] with no body
&amp#27;[38;5;32m[AndroidUiautomator2Driver@d3db (cab71a55)]&amp#27;[0m Got response with status 200: {"sessionId":"None","value":{"message":"UiAutomator2 Server is ready to accept commands","ready":true}}
&amp#27;[38;5;32m[AndroidUiautomator2Driver@d3db (cab71a55)]&amp#27;[0m The initialization of the instrumentation process took 2098ms
&amp#27;[38;5;32m[AndroidUiautomator2Driver@d3db (cab71a55)]&amp#27;[0m Matched '/session' to command name 'createSession'
&amp#27;[38;5;32m[AndroidUiautomator2Driver@d3db (cab71a55)]&amp#27;[0m Proxying [POST /session] to [POST http://127.0.0.1:8240/session] with body: {"capabilities":{"firstMatch":[{"platformName":"ANDROID","app":"src/test/resources/apk/app-debug.apk","automationName":"UIAutomator2","udid":"emulator-5554","platform":"LINUX","webStorageEnabled":false,"takesScreenshot":true,"javascriptEnabled":true,"databaseEnabled":false,"networkConnectionEnabled":true,"locationContextEnabled":false,"warnings":{},"desired":{"platformName":"ANDROID","app":"src/test/resources/apk/app-debug.apk","automationName":"UIAutomator2","udid":"emulator-5554"},"deviceName":"emulator-5554","deviceUDID":"emulator-5554","appPackage":"me.example.android.weatherapp"}],"alwaysMatch":{}}}
&amp#27;[38;5;32m[AndroidUiautomator2Driver@d3db (cab71a55)]&amp#27;[0m Got response with status 200: {"sessionId":"8092e625-0771-403d-bb5d-06fce980533d","value":{"capabilities":{"firstMatch":[{"platformName":"ANDROID","app":"src/test/resources/apk/app-debug.apk","automationName":"UIAutomator2","udid":"emulator-5554","platform":"LINUX","webStorageEnabled":false,"takesScreenshot":true,"javascriptEnabled":true,"databaseEnabled":false,"networkConnectionEnabled":true,"locationContextEnabled":false,"warnings":{},"desired":{"platformName":"ANDROID","app":"src/test/resources/apk/app-debug.apk","automationName":"UIAutomator2","udid":"emulator-5554"},"deviceName":"emulator-5554","deviceUDID":"emulator-5554","appPackage":"me.example.android.weatherapp"}],"alwaysMatch":{}},"sessionId":"8092e625-0771-403d-bb5d-06fce980533d"}}
&amp#27;[38;5;32m[AndroidUiautomator2Driver@d3db (cab71a55)]&amp#27;[0m Determined the downstream protocol as 'W3C'
&amp#27;[38;5;32m[AndroidUiautomator2Driver@d3db (cab71a55)]&amp#27;[0m Proxying [GET /appium/device/pixel_ratio] to [GET http://127.0.0.1:8240/session/8092e625-0771-403d-bb5d-06fce980533d/appium/device/pixel_ratio] with no body
&amp#27;[38;5;32m[AndroidUiautomator2Driver@d3db (cab71a55)]&amp#27;[0m Matched '/appium/device/system_bars' to command name 'getSystemBars'
&amp#27;[38;5;32m[AndroidUiautomator2Driver@d3db (cab71a55)]&amp#27;[0m Proxying [GET /appium/device/system_bars] to [GET http://127.0.0.1:8240/session/8092e625-0771-403d-bb5d-06fce980533d/appium/device/system_bars] with no body
&amp#27;[38;5;32m[AndroidUiautomator2Driver@d3db (cab71a55)]&amp#27;[0m Matched '/window/current/size' to command name 'getWindowSize'
&amp#27;[38;5;32m[AndroidUiautomator2Driver@d3db (cab71a55)]&amp#27;[0m Proxying [GET /window/current/size] to [GET http://127.0.0.1:8240/session/8092e625-0771-403d-bb5d-06fce980533d/window/current/size] with no body
&amp#27;[38;5;32m[AndroidUiautomator2Driver@d3db (cab71a55)]&amp#27;[0m Proxying [GET /appium/device/info] to [GET http://127.0.0.1:8240/session/8092e625-0771-403d-bb5d-06fce980533d/appium/device/info] with no body
&amp#27;[38;5;64m[ADB]&amp#27;[0m Running 'C:\Users\abuba\AppData\Local\Android\Sdk\platform-tools\adb.exe -P 5037 -s emulator-5554 shell dumpsys window'
&amp#27;[38;5;32m[AndroidUiautomator2Driver@d3db (cab71a55)]&amp#27;[0m Got response with status 200: {"sessionId":"8092e625-0771-403d-bb5d-06fce980533d","value":2.75}
&amp#27;[38;5;32m[AndroidUiautomator2Driver@d3db (cab71a55)]&amp#27;[0m Got response with status 200: {"sessionId":"8092e625-0771-403d-bb5d-06fce980533d","value":{"statusBar":66}}
&amp#27;[38;5;32m[AndroidUiautomator2Driver@d3db (cab71a55)]&amp#27;[0m Got response with status 200: {"sessionId":"8092e625-0771-403d-bb5d-06fce980533d","value":{"height":2220,"width":1080}}
&amp#27;[38;5;32m[AndroidUiautomator2Driver@d3db (cab71a55)]&amp#27;[0m Got response with status 200: {"sessionId":"8092e625-0771-403d-bb5d-06fce980533d","value":{"androidId":"f238964dfab8eda9","apiVersion":"34","bluetooth":{"state":"ON"},"brand":"google","carrierName":"T-Mobile","displayDensity":440,"locale":"en_US","manufacturer":"Google","model":"sdk_gphone64_x86_64","networks":[{"capabilities":{"SSID":null,"linkDownBandwidthKbps":30000,"linkUpstreamBandwidthKbps":15000,"networkCapabilities":"NET_CAPABILITY_MMS,NET_CAPABILITY_SUPL,NET_CAPABILITY_DUN,NET_CAPABILITY_FOTA,NET_CAPABILITY_IMS,NET_CAPABILITY_CBS,NET_CAPABILITY_INTERNET,NET_CAPABILITY_NOT_RESTRICTED,NET_CAPABILITY_TRUSTED,NET_CAPABILITY_NOT_VPN,NET_CAPABILITY_VALIDATED,NET_CAPABILITY_NOT_ROAMING,NET_CAPABILITY_NOT_CONGESTED,NET_CAPABILITY_NOT_SUSPENDED","signalStrength":-2147483648,"transportTypes":"TRANSPORT_CELLULAR"},"detailedState":"CONNECTED","extraInfo":"epc.tmobile.com","isAvailable":true,"isConnected":true,"isFailover":false,"isRoaming":false,"state":"CONNECTED","subtype":10,"subtypeName":"HSPA","type":0,"typeName":"MOBILE"},{"capabili...
&amp#27;[38;5;80m[AndroidDriver]&amp#27;[0m Screen already unlocked, doing nothing
&amp#27;[38;5;32m[AndroidUiautomator2Driver@d3db (cab71a55)]&amp#27;[0m Starting 'me.example.android.weatherapp/me.example.android.weatherapp.MainActivity and waiting for 'me.example.android.weatherapp/me.example.android.weatherapp.MainActivity'
&amp#27;[38;5;64m[ADB]&amp#27;[0m Running 'C:\Users\abuba\AppData\Local\Android\Sdk\platform-tools\adb.exe -P 5037 -s emulator-5554 shell am start -W -n me.example.android.weatherapp/me.example.android.weatherapp.MainActivity -S -a android.intent.action.MAIN -c android.intent.category.LAUNCHER -f 0x10200000'
&amp#27;[38;5;64m[ADB]&amp#27;[0m Waiting up to 20000ms for activity matching pkg: 'me.example.android.weatherapp' and activity: 'me.example.android.weatherapp.MainActivity' to be focused
&amp#27;[38;5;64m[ADB]&amp#27;[0m Possible activities, to be checked: 'me.example.android.weatherapp.MainActivity', 'me.example.android.weatherapp.me.example.android.weatherapp.MainActivity'
&amp#27;[38;5;64m[ADB]&amp#27;[0m Getting focused package and activity
&amp#27;[38;5;64m[ADB]&amp#27;[0m Running 'C:\Users\abuba\AppData\Local\Android\Sdk\platform-tools\adb.exe -P 5037 -s emulator-5554 shell dumpsys window displays'
&amp#27;[38;5;64m[ADB]&amp#27;[0m Found package: 'me.example.android.weatherapp' and fully qualified activity name : 'me.example.android.weatherapp.MainActivity'
&amp#27;[38;5;16m[AppiumDriver@2db5]&amp#27;[0m New AndroidUiautomator2Driver session created successfully, session cab71a55-a64e-4118-944e-543573feddd8 added to master session list
&amp#27;[38;5;16m[AppiumDriver@2db5]&amp#27;[0m Event 'newSessionStarted' logged at 1705178512039 (02:41:52 GMT+0600 (Bangladesh Standard Time))
&amp#27;[38;5;32m[AndroidUiautomator2Driver@d3db (cab71a55)]&amp#27;[0m Cached the protocol value 'W3C' for the new session cab71a55-a64e-4118-944e-543573feddd8
&amp#27;[38;5;32m[AndroidUiautomator2Driver@d3db (cab71a55)]&amp#27;[0m Responding to client with driver.createSession() result: {"capabilities":{"platformName":"ANDROID","app":"src/test/resources/apk/app-debug.apk","automationName":"UIAutomator2","udid":"emulator-5554","platform":"LINUX","webStorageEnabled":false,"takesScreenshot":true,"javascriptEnabled":true,"databaseEnabled":false,"networkConnectionEnabled":true,"locationContextEnabled":false,"warnings":{},"desired":{"platformName":"ANDROID","app":"src/test/resources/apk/app-debug.apk","automationName":"UIAutomator2","udid":"emulator-5554"},"deviceName":"emulator-5554","deviceUDID":"emulator-5554","appPackage":"me.example.android.weatherapp","pixelRatio":"2.75","statBarHeight":66,"viewportRect":{"left":0,"top":66,"width":1080,"height":2154},"deviceApiLevel":34,"platformVersion":"14","deviceManufacturer":"Google","deviceModel":"sdk_gphone64_x86_64","deviceScreenSize":"1080x2220","deviceScreenDensity":440}}
&amp#27;[38;5;0m[HTTP]&amp#27;[0m &amp#27;[37m<-- POST /session &amp#27;[39m&amp#27;[32m200&amp#27;[39m &amp#27;[90m4535 ms - 905&amp#27;[39m
&amp#27;[38;5;0m[HTTP]&amp#27;[0m &amp#27;[90m&amp#27;[39m
&amp#27;[38;5;0m[HTTP]&amp#27;[0m &amp#27;[37m-->&amp#27;[39m &amp#27;[37mPOST&amp#27;[39m &amp#27;[37m/session/cab71a55-a64e-4118-944e-543573feddd8/element&amp#27;[39m
&amp#27;[38;5;0m[HTTP]&amp#27;[0m &amp#27;[90m{"using":"xpath","value":"//android.view.View[@text='Allow']"}&amp#27;[39m
&amp#27;[38;5;32m[AndroidUiautomator2Driver@d3db (cab71a55)]&amp#27;[0m Calling AppiumDriver.findElement() with args: ["xpath","//android.view.View[@text='Allow']","cab71a55-a64e-4118-944e-543573feddd8"]
&amp#27;[38;5;32m[AndroidUiautomator2Driver@d3db (cab71a55)]&amp#27;[0m Valid locator strategies for this request: xpath, id, class name, accessibility id, css selector, -android uiautomator
&amp#27;[38;5;32m[AndroidUiautomator2Driver@d3db (cab71a55)]&amp#27;[0m Waiting up to 0 ms for condition
&amp#27;[38;5;32m[AndroidUiautomator2Driver@d3db (cab71a55)]&amp#27;[0m Matched '/element' to command name 'findElement'
&amp#27;[38;5;32m[AndroidUiautomator2Driver@d3db (cab71a55)]&amp#27;[0m Proxying [POST /element] to [POST http://127.0.0.1:8240/session/8092e625-0771-403d-bb5d-06fce980533d/element] with body: {"strategy":"xpath","selector":"//android.view.View[@text='Allow']","context":"","multiple":false}
&amp#27;[38;5;32m[AndroidUiautomator2Driver@d3db (cab71a55)]&amp#27;[0m Got response with status 200: {"sessionId":"8092e625-0771-403d-bb5d-06fce980533d","value":{"ELEMENT":"00000000-0000-05d0-0000-000900000004","element-6066-11e4-a52e-4f735466cecf":"00000000-0000-05d0-0000-000900000004"}}
&amp#27;[38;5;32m[AndroidUiautomator2Driver@d3db (cab71a55)]&amp#27;[0m Responding to client with driver.findElement() result: {"element-6066-11e4-a52e-4f735466cecf":"00000000-0000-05d0-0000-000900000004","ELEMENT":"00000000-0000-05d0-0000-000900000004"}
&amp#27;[38;5;0m[HTTP]&amp#27;[0m &amp#27;[37m<-- POST /session/cab71a55-a64e-4118-944e-543573feddd8/element &amp#27;[39m&amp#27;[32m200&amp#27;[39m &amp#27;[90m1547 ms - 137&amp#27;[39m
&amp#27;[38;5;0m[HTTP]&amp#27;[0m &amp#27;[90m&amp#27;[39m
&amp#27;[38;5;0m[HTTP]&amp#27;[0m &amp#27;[37m-->&amp#27;[39m &amp#27;[37mPOST&amp#27;[39m &amp#27;[37m/session/cab71a55-a64e-4118-944e-543573feddd8/element/00000000-0000-05d0-0000-000900000004/click&amp#27;[39m
&amp#27;[38;5;0m[HTTP]&amp#27;[0m &amp#27;[90m{"id":"00000000-0000-05d0-0000-000900000004"}&amp#27;[39m
&amp#27;[38;5;32m[AndroidUiautomator2Driver@d3db (cab71a55)]&amp#27;[0m Calling AppiumDriver.click() with args: ["00000000-0000-05d0-0000-000900000004","cab71a55-a64e-4118-944e-543573feddd8"]
&amp#27;[38;5;32m[AndroidUiautomator2Driver@d3db (cab71a55)]&amp#27;[0m Matched '/element/00000000-0000-05d0-0000-000900000004/click' to command name 'click'
&amp#27;[38;5;32m[AndroidUiautomator2Driver@d3db (cab71a55)]&amp#27;[0m Proxying [POST /element/00000000-0000-05d0-0000-000900000004/click] to [POST http://127.0.0.1:8240/session/8092e625-0771-403d-bb5d-06fce980533d/element/00000000-0000-05d0-0000-000900000004/click] with body: {"element":"00000000-0000-05d0-0000-000900000004"}
&amp#27;[38;5;32m[AndroidUiautomator2Driver@d3db (cab71a55)]&amp#27;[0m Got response with status 200: {"sessionId":"8092e625-0771-403d-bb5d-06fce980533d","value":null}
&amp#27;[38;5;32m[AndroidUiautomator2Driver@d3db (cab71a55)]&amp#27;[0m Responding to client with driver.click() result: null
&amp#27;[38;5;0m[HTTP]&amp#27;[0m &amp#27;[37m<-- POST /session/cab71a55-a64e-4118-944e-543573feddd8/element/00000000-0000-05d0-0000-000900000004/click &amp#27;[39m&amp#27;[32m200&amp#27;[39m &amp#27;[90m1617 ms - 14&amp#27;[39m
&amp#27;[38;5;0m[HTTP]&amp#27;[0m &amp#27;[90m&amp#27;[39m
&amp#27;[38;5;0m[HTTP]&amp#27;[0m &amp#27;[37m-->&amp#27;[39m &amp#27;[37mPOST&amp#27;[39m &amp#27;[37m/session/cab71a55-a64e-4118-944e-543573feddd8/element&amp#27;[39m
&amp#27;[38;5;0m[HTTP]&amp#27;[0m &amp#27;[90m{"using":"xpath","value":"//android.widget.Button[@resource-id='com.android.permissioncontroller:id/permission_allow_foreground_only_button']"}&amp#27;[39m
&amp#27;[38;5;32m[AndroidUiautomator2Driver@d3db (cab71a55)]&amp#27;[0m Calling AppiumDriver.findElement() with args: ["xpath","//android.widget.Button[@resource-id='com.android.permissioncontroller:id/permission_allow_foreground_only_button']","cab71a55-a64e-4118-944e-543573feddd8"]
&amp#27;[38;5;32m[AndroidUiautomator2Driver@d3db (cab71a55)]&amp#27;[0m Valid locator strategies for this request: xpath, id, class name, accessibility id, css selector, -android uiautomator
&amp#27;[38;5;32m[AndroidUiautomator2Driver@d3db (cab71a55)]&amp#27;[0m Waiting up to 0 ms for condition
&amp#27;[38;5;32m[AndroidUiautomator2Driver@d3db (cab71a55)]&amp#27;[0m Matched '/element' to command name 'findElement'
&amp#27;[38;5;32m[AndroidUiautomator2Driver@d3db (cab71a55)]&amp#27;[0m Proxying [POST /element] to [POST http://127.0.0.1:8240/session/8092e625-0771-403d-bb5d-06fce980533d/element] with body: {"strategy":"xpath","selector":"//android.widget.Button[@resource-id='com.android.permissioncontroller:id/permission_allow_foreground_only_button']","context":"","multiple":false}
&amp#27;[38;5;32m[AndroidUiautomator2Driver@d3db (cab71a55)]&amp#27;[0m Got response with status 200: {"sessionId":"8092e625-0771-403d-bb5d-06fce980533d","value":{"ELEMENT":"00000000-0000-05d1-ffff-ffff00000f0b","element-6066-11e4-a52e-4f735466cecf":"00000000-0000-05d1-ffff-ffff00000f0b"}}
&amp#27;[38;5;32m[AndroidUiautomator2Driver@d3db (cab71a55)]&amp#27;[0m Responding to client with driver.findElement() result: {"element-6066-11e4-a52e-4f735466cecf":"00000000-0000-05d1-ffff-ffff00000f0b","ELEMENT":"00000000-0000-05d1-ffff-ffff00000f0b"}
&amp#27;[38;5;0m[HTTP]&amp#27;[0m &amp#27;[37m<-- POST /session/cab71a55-a64e-4118-944e-543573feddd8/element &amp#27;[39m&amp#27;[32m200&amp#27;[39m &amp#27;[90m52 ms - 137&amp#27;[39m
&amp#27;[38;5;0m[HTTP]&amp#27;[0m &amp#27;[90m&amp#27;[39m
&amp#27;[38;5;0m[HTTP]&amp#27;[0m &amp#27;[37m-->&amp#27;[39m &amp#27;[37mPOST&amp#27;[39m &amp#27;[37m/session/cab71a55-a64e-4118-944e-543573feddd8/element/00000000-0000-05d1-ffff-ffff00000f0b/click&amp#27;[39m
&amp#27;[38;5;0m[HTTP]&amp#27;[0m &amp#27;[90m{"id":"00000000-0000-05d1-ffff-ffff00000f0b"}&amp#27;[39m
&amp#27;[38;5;32m[AndroidUiautomator2Driver@d3db (cab71a55)]&amp#27;[0m Calling AppiumDriver.click() with args: ["00000000-0000-05d1-ffff-ffff00000f0b","cab71a55-a64e-4118-944e-543573feddd8"]
&amp#27;[38;5;32m[AndroidUiautomator2Driver@d3db (cab71a55)]&amp#27;[0m Matched '/element/00000000-0000-05d1-ffff-ffff00000f0b/click' to command name 'click'
&amp#27;[38;5;32m[AndroidUiautomator2Driver@d3db (cab71a55)]&amp#27;[0m Proxying [POST /element/00000000-0000-05d1-ffff-ffff00000f0b/click] to [POST http://127.0.0.1:8240/session/8092e625-0771-403d-bb5d-06fce980533d/element/00000000-0000-05d1-ffff-ffff00000f0b/click] with body: {"element":"00000000-0000-05d1-ffff-ffff00000f0b"}
&amp#27;[38;5;32m[AndroidUiautomator2Driver@d3db (cab71a55)]&amp#27;[0m Got response with status 200: {"sessionId":"8092e625-0771-403d-bb5d-06fce980533d","value":null}
&amp#27;[38;5;32m[AndroidUiautomator2Driver@d3db (cab71a55)]&amp#27;[0m Responding to client with driver.click() result: null
&amp#27;[38;5;0m[HTTP]&amp#27;[0m &amp#27;[37m<-- POST /session/cab71a55-a64e-4118-944e-543573feddd8/element/00000000-0000-05d1-ffff-ffff00000f0b/click &amp#27;[39m&amp#27;[32m200&amp#27;[39m &amp#27;[90m44 ms - 14&amp#27;[39m
&amp#27;[38;5;0m[HTTP]&amp#27;[0m &amp#27;[90m&amp#27;[39m
&amp#27;[38;5;0m[HTTP]&amp#27;[0m &amp#27;[37m-->&amp#27;[39m &amp#27;[37mPOST&amp#27;[39m &amp#27;[37m/session/cab71a55-a64e-4118-944e-543573feddd8/element&amp#27;[39m
&amp#27;[38;5;0m[HTTP]&amp#27;[0m &amp#27;[90m{"using":"xpath","value":"//android.view.View[@text='Today']"}&amp#27;[39m
&amp#27;[38;5;32m[AndroidUiautomator2Driver@d3db (cab71a55)]&amp#27;[0m Calling AppiumDriver.findElement() with args: ["xpath","//android.view.View[@text='Today']","cab71a55-a64e-4118-944e-543573feddd8"]
&amp#27;[38;5;32m[AndroidUiautomator2Driver@d3db (cab71a55)]&amp#27;[0m Valid locator strategies for this request: xpath, id, class name, accessibility id, css selector, -android uiautomator
&amp#27;[38;5;32m[AndroidUiautomator2Driver@d3db (cab71a55)]&amp#27;[0m Waiting up to 0 ms for condition
&amp#27;[38;5;32m[AndroidUiautomator2Driver@d3db (cab71a55)]&amp#27;[0m Matched '/element' to command name 'findElement'
&amp#27;[38;5;32m[AndroidUiautomator2Driver@d3db (cab71a55)]&amp#27;[0m Proxying [POST /element] to [POST http://127.0.0.1:8240/session/8092e625-0771-403d-bb5d-06fce980533d/element] with body: {"strategy":"xpath","selector":"//android.view.View[@text='Today']","context":"","multiple":false}
&amp#27;[38;5;32m[AndroidUiautomator2Driver@d3db (cab71a55)]&amp#27;[0m Got response with status 404: {"sessionId":"8092e625-0771-403d-bb5d-06fce980533d","value":{"error":"no such element","message":"An element could not be located on the page using the given search parameters","stacktrace":"io.appium.uiautomator2.common.exceptions.ElementNotFoundException: An element could not be located on the page using the given search parameters\n\tat io.appium.uiautomator2.utils.ElementLocationHelpers.findElement(ElementLocationHelpers.java:156)\n\tat io.appium.uiautomator2.handler.FindElement.safeHandle(FindElement.java:60)\n\tat io.appium.uiautomator2.handler.request.SafeRequestHandler.handle(SafeRequestHandler.java:59)\n\tat io.appium.uiautomator2.server.AppiumServlet.handleRequest(AppiumServlet.java:277)\n\tat io.appium.uiautomator2.server.AppiumServlet.handleHttpRequest(AppiumServlet.java:271)\n\tat io.appium.uiautomator2.http.ServerHandler.channelRead(ServerHandler.java:77)\n\tat io.netty.channel.AbstractChannelHandlerContext.invokeChannelRead(AbstractChannelHandlerContext.java:366)\n\tat io.netty.channel.Abstr...
&amp#27;[38;5;128m[W3C]&amp#27;[0m Matched W3C error code 'no such element' to NoSuchElementError
&amp#27;[38;5;32m[AndroidUiautomator2Driver@d3db (cab71a55)]&amp#27;[0m Encountered internal error running command: NoSuchElementError: An element could not be located on the page using the given search parameters.
&amp#27;[38;5;32m[AndroidUiautomator2Driver@d3db (cab71a55)]&amp#27;[0m     at AndroidUiautomator2Driver.findElOrEls (C:\Users\abuba\.appium\node_modules\appium-uiautomator2-driver\node_modules\appium-android-driver\lib\commands\find.ts:87:11)
&amp#27;[38;5;32m[AndroidUiautomator2Driver@d3db (cab71a55)]&amp#27;[0m     at processTicksAndRejections (node:internal/process/task_queues:95:5)
&amp#27;[38;5;32m[AndroidUiautomator2Driver@d3db (cab71a55)]&amp#27;[0m     at AndroidUiautomator2Driver.findElOrElsWithProcessing (C:\Users\abuba\AppData\Roaming\npm\node_modules\appium\node_modules\@appium\base-driver\lib\basedriver\commands\find.ts:60:12)
&amp#27;[38;5;32m[AndroidUiautomator2Driver@d3db (cab71a55)]&amp#27;[0m     at AndroidUiautomator2Driver.findElement (C:\Users\abuba\AppData\Roaming\npm\node_modules\appium\node_modules\@appium\base-driver\lib\basedriver\commands\find.ts:75:12)
&amp#27;[38;5;0m[HTTP]&amp#27;[0m &amp#27;[37m<-- POST /session/cab71a55-a64e-4118-944e-543573feddd8/element &amp#27;[39m&amp#27;[33m404&amp#27;[39m &amp#27;[90m220 ms - 890&amp#27;[39m
&amp#27;[38;5;0m[HTTP]&amp#27;[0m &amp#27;[90m&amp#27;[39m
&amp#27;[38;5;0m[HTTP]&amp#27;[0m &amp#27;[37m-->&amp#27;[39m &amp#27;[37mPOST&amp#27;[39m &amp#27;[37m/session/cab71a55-a64e-4118-944e-543573feddd8/element&amp#27;[39m
&amp#27;[38;5;0m[HTTP]&amp#27;[0m &amp#27;[90m{"using":"xpath","value":"//android.view.View[@text='Today']"}&amp#27;[39m
&amp#27;[38;5;32m[AndroidUiautomator2Driver@d3db (cab71a55)]&amp#27;[0m Calling AppiumDriver.findElement() with args: ["xpath","//android.view.View[@text='Today']","cab71a55-a64e-4118-944e-543573feddd8"]
&amp#27;[38;5;32m[AndroidUiautomator2Driver@d3db (cab71a55)]&amp#27;[0m Valid locator strategies for this request: xpath, id, class name, accessibility id, css selector, -android uiautomator
&amp#27;[38;5;32m[AndroidUiautomator2Driver@d3db (cab71a55)]&amp#27;[0m Waiting up to 0 ms for condition
&amp#27;[38;5;32m[AndroidUiautomator2Driver@d3db (cab71a55)]&amp#27;[0m Matched '/element' to command name 'findElement'
&amp#27;[38;5;32m[AndroidUiautomator2Driver@d3db (cab71a55)]&amp#27;[0m Proxying [POST /element] to [POST http://127.0.0.1:8240/session/8092e625-0771-403d-bb5d-06fce980533d/element] with body: {"strategy":"xpath","selector":"//android.view.View[@text='Today']","context":"","multiple":false}
&amp#27;[38;5;32m[AndroidUiautomator2Driver@d3db (cab71a55)]&amp#27;[0m Got response with status 404: {"sessionId":"8092e625-0771-403d-bb5d-06fce980533d","value":{"error":"no such element","message":"An element could not be located on the page using the given search parameters","stacktrace":"io.appium.uiautomator2.common.exceptions.ElementNotFoundException: An element could not be located on the page using the given search parameters\n\tat io.appium.uiautomator2.utils.ElementLocationHelpers.findElement(ElementLocationHelpers.java:156)\n\tat io.appium.uiautomator2.handler.FindElement.safeHandle(FindElement.java:60)\n\tat io.appium.uiautomator2.handler.request.SafeRequestHandler.handle(SafeRequestHandler.java:59)\n\tat io.appium.uiautomator2.server.AppiumServlet.handleRequest(AppiumServlet.java:277)\n\tat io.appium.uiautomator2.server.AppiumServlet.handleHttpRequest(AppiumServlet.java:271)\n\tat io.appium.uiautomator2.http.ServerHandler.channelRead(ServerHandler.java:77)\n\tat io.netty.channel.AbstractChannelHandlerContext.invokeChannelRead(AbstractChannelHandlerContext.java:366)\n\tat io.netty.channel.Abstr...
&amp#27;[38;5;128m[W3C]&amp#27;[0m Matched W3C error code 'no such element' to NoSuchElementError
&amp#27;[38;5;32m[AndroidUiautomator2Driver@d3db (cab71a55)]&amp#27;[0m Encountered internal error running command: NoSuchElementError: An element could not be located on the page using the given search parameters.
&amp#27;[38;5;32m[AndroidUiautomator2Driver@d3db (cab71a55)]&amp#27;[0m     at AndroidUiautomator2Driver.findElOrEls (C:\Users\abuba\.appium\node_modules\appium-uiautomator2-driver\node_modules\appium-android-driver\lib\commands\find.ts:87:11)
&amp#27;[38;5;32m[AndroidUiautomator2Driver@d3db (cab71a55)]&amp#27;[0m     at processTicksAndRejections (node:internal/process/task_queues:95:5)
&amp#27;[38;5;32m[AndroidUiautomator2Driver@d3db (cab71a55)]&amp#27;[0m     at AndroidUiautomator2Driver.findElOrElsWithProcessing (C:\Users\abuba\AppData\Roaming\npm\node_modules\appium\node_modules\@appium\base-driver\lib\basedriver\commands\find.ts:60:12)
&amp#27;[38;5;32m[AndroidUiautomator2Driver@d3db (cab71a55)]&amp#27;[0m     at AndroidUiautomator2Driver.findElement (C:\Users\abuba\AppData\Roaming\npm\node_modules\appium\node_modules\@appium\base-driver\lib\basedriver\commands\find.ts:75:12)
&amp#27;[38;5;0m[HTTP]&amp#27;[0m &amp#27;[37m<-- POST /session/cab71a55-a64e-4118-944e-543573feddd8/element &amp#27;[39m&amp#27;[33m404&amp#27;[39m &amp#27;[90m74 ms - 890&amp#27;[39m
&amp#27;[38;5;0m[HTTP]&amp#27;[0m &amp#27;[90m&amp#27;[39m
&amp#27;[38;5;0m[HTTP]&amp#27;[0m &amp#27;[37m-->&amp#27;[39m &amp#27;[37mPOST&amp#27;[39m &amp#27;[37m/session/cab71a55-a64e-4118-944e-543573feddd8/element&amp#27;[39m
&amp#27;[38;5;0m[HTTP]&amp#27;[0m &amp#27;[90m{"using":"xpath","value":"//android.view.View[@text='Today']"}&amp#27;[39m
&amp#27;[38;5;32m[AndroidUiautomator2Driver@d3db (cab71a55)]&amp#27;[0m Calling AppiumDriver.findElement() with args: ["xpath","//android.view.View[@text='Today']","cab71a55-a64e-4118-944e-543573feddd8"]
&amp#27;[38;5;32m[AndroidUiautomator2Driver@d3db (cab71a55)]&amp#27;[0m Valid locator strategies for this request: xpath, id, class name, accessibility id, css selector, -android uiautomator
&amp#27;[38;5;32m[AndroidUiautomator2Driver@d3db (cab71a55)]&amp#27;[0m Waiting up to 0 ms for condition
&amp#27;[38;5;32m[AndroidUiautomator2Driver@d3db (cab71a55)]&amp#27;[0m Matched '/element' to command name 'findElement'
&amp#27;[38;5;32m[AndroidUiautomator2Driver@d3db (cab71a55)]&amp#27;[0m Proxying [POST /element] to [POST http://127.0.0.1:8240/session/8092e625-0771-403d-bb5d-06fce980533d/element] with body: {"strategy":"xpath","selector":"//android.view.View[@text='Today']","context":"","multiple":false}
&amp#27;[38;5;32m[AndroidUiautomator2Driver@d3db (cab71a55)]&amp#27;[0m Got response with status 404: {"sessionId":"8092e625-0771-403d-bb5d-06fce980533d","value":{"error":"no such element","message":"An element could not be located on the page using the given search parameters","stacktrace":"io.appium.uiautomator2.common.exceptions.ElementNotFoundException: An element could not be located on the page using the given search parameters\n\tat io.appium.uiautomator2.utils.ElementLocationHelpers.findElement(ElementLocationHelpers.java:156)\n\tat io.appium.uiautomator2.handler.FindElement.safeHandle(FindElement.java:60)\n\tat io.appium.uiautomator2.handler.request.SafeRequestHandler.handle(SafeRequestHandler.java:59)\n\tat io.appium.uiautomator2.server.AppiumServlet.handleRequest(AppiumServlet.java:277)\n\tat io.appium.uiautomator2.server.AppiumServlet.handleHttpRequest(AppiumServlet.java:271)\n\tat io.appium.uiautomator2.http.ServerHandler.channelRead(ServerHandler.java:77)\n\tat io.netty.channel.AbstractChannelHandlerContext.invokeChannelRead(AbstractChannelHandlerContext.java:366)\n\tat io.netty.channel.Abstr...
&amp#27;[38;5;128m[W3C]&amp#27;[0m Matched W3C error code 'no such element' to NoSuchElementError
&amp#27;[38;5;32m[AndroidUiautomator2Driver@d3db (cab71a55)]&amp#27;[0m Encountered internal error running command: NoSuchElementError: An element could not be located on the page using the given search parameters.
&amp#27;[38;5;32m[AndroidUiautomator2Driver@d3db (cab71a55)]&amp#27;[0m     at AndroidUiautomator2Driver.findElOrEls (C:\Users\abuba\.appium\node_modules\appium-uiautomator2-driver\node_modules\appium-android-driver\lib\commands\find.ts:87:11)
&amp#27;[38;5;32m[AndroidUiautomator2Driver@d3db (cab71a55)]&amp#27;[0m     at processTicksAndRejections (node:internal/process/task_queues:95:5)
&amp#27;[38;5;32m[AndroidUiautomator2Driver@d3db (cab71a55)]&amp#27;[0m     at AndroidUiautomator2Driver.findElOrElsWithProcessing (C:\Users\abuba\AppData\Roaming\npm\node_modules\appium\node_modules\@appium\base-driver\lib\basedriver\commands\find.ts:60:12)
&amp#27;[38;5;32m[AndroidUiautomator2Driver@d3db (cab71a55)]&amp#27;[0m     at AndroidUiautomator2Driver.findElement (C:\Users\abuba\AppData\Roaming\npm\node_modules\appium\node_modules\@appium\base-driver\lib\basedriver\commands\find.ts:75:12)
&amp#27;[38;5;0m[HTTP]&amp#27;[0m &amp#27;[37m<-- POST /session/cab71a55-a64e-4118-944e-543573feddd8/element &amp#27;[39m&amp#27;[33m404&amp#27;[39m &amp#27;[90m93 ms - 890&amp#27;[39m
&amp#27;[38;5;0m[HTTP]&amp#27;[0m &amp#27;[90m&amp#27;[39m
&amp#27;[38;5;0m[HTTP]&amp#27;[0m &amp#27;[37m-->&amp#27;[39m &amp#27;[37mPOST&amp#27;[39m &amp#27;[37m/session/cab71a55-a64e-4118-944e-543573feddd8/element&amp#27;[39m
&amp#27;[38;5;0m[HTTP]&amp#27;[0m &amp#27;[90m{"using":"xpath","value":"//android.view.View[@text='Today']"}&amp#27;[39m
&amp#27;[38;5;32m[AndroidUiautomator2Driver@d3db (cab71a55)]&amp#27;[0m Calling AppiumDriver.findElement() with args: ["xpath","//android.view.View[@text='Today']","cab71a55-a64e-4118-944e-543573feddd8"]
&amp#27;[38;5;32m[AndroidUiautomator2Driver@d3db (cab71a55)]&amp#27;[0m Valid locator strategies for this request: xpath, id, class name, accessibility id, css selector, -android uiautomator
&amp#27;[38;5;32m[AndroidUiautomator2Driver@d3db (cab71a55)]&amp#27;[0m Waiting up to 0 ms for condition
&amp#27;[38;5;32m[AndroidUiautomator2Driver@d3db (cab71a55)]&amp#27;[0m Matched '/element' to command name 'findElement'
&amp#27;[38;5;32m[AndroidUiautomator2Driver@d3db (cab71a55)]&amp#27;[0m Proxying [POST /element] to [POST http://127.0.0.1:8240/session/8092e625-0771-403d-bb5d-06fce980533d/element] with body: {"strategy":"xpath","selector":"//android.view.View[@text='Today']","context":"","multiple":false}
&amp#27;[38;5;32m[AndroidUiautomator2Driver@d3db (cab71a55)]&amp#27;[0m Got response with status 404: {"sessionId":"8092e625-0771-403d-bb5d-06fce980533d","value":{"error":"no such element","message":"An element could not be located on the page using the given search parameters","stacktrace":"io.appium.uiautomator2.common.exceptions.ElementNotFoundException: An element could not be located on the page using the given search parameters\n\tat io.appium.uiautomator2.utils.ElementLocationHelpers.findElement(ElementLocationHelpers.java:156)\n\tat io.appium.uiautomator2.handler.FindElement.safeHandle(FindElement.java:60)\n\tat io.appium.uiautomator2.handler.request.SafeRequestHandler.handle(SafeRequestHandler.java:59)\n\tat io.appium.uiautomator2.server.AppiumServlet.handleRequest(AppiumServlet.java:277)\n\tat io.appium.uiautomator2.server.AppiumServlet.handleHttpRequest(AppiumServlet.java:271)\n\tat io.appium.uiautomator2.http.ServerHandler.channelRead(ServerHandler.java:77)\n\tat io.netty.channel.AbstractChannelHandlerContext.invokeChannelRead(AbstractChannelHandlerContext.java:366)\n\tat io.netty.channel.Abstr...
&amp#27;[38;5;128m[W3C]&amp#27;[0m Matched W3C error code 'no such element' to NoSuchElementError
&amp#27;[38;5;32m[AndroidUiautomator2Driver@d3db (cab71a55)]&amp#27;[0m Encountered internal error running command: NoSuchElementError: An element could not be located on the page using the given search parameters.
&amp#27;[38;5;32m[AndroidUiautomator2Driver@d3db (cab71a55)]&amp#27;[0m     at AndroidUiautomator2Driver.findElOrEls (C:\Users\abuba\.appium\node_modules\appium-uiautomator2-driver\node_modules\appium-android-driver\lib\commands\find.ts:87:11)
&amp#27;[38;5;32m[AndroidUiautomator2Driver@d3db (cab71a55)]&amp#27;[0m     at processTicksAndRejections (node:internal/process/task_queues:95:5)
&amp#27;[38;5;32m[AndroidUiautomator2Driver@d3db (cab71a55)]&amp#27;[0m     at AndroidUiautomator2Driver.findElOrElsWithProcessing (C:\Users\abuba\AppData\Roaming\npm\node_modules\appium\node_modules\@appium\base-driver\lib\basedriver\commands\find.ts:60:12)
&amp#27;[38;5;32m[AndroidUiautomator2Driver@d3db (cab71a55)]&amp#27;[0m     at AndroidUiautomator2Driver.findElement (C:\Users\abuba\AppData\Roaming\npm\node_modules\appium\node_modules\@appium\base-driver\lib\basedriver\commands\find.ts:75:12)
&amp#27;[38;5;0m[HTTP]&amp#27;[0m &amp#27;[37m<-- POST /session/cab71a55-a64e-4118-944e-543573feddd8/element &amp#27;[39m&amp#27;[33m404&amp#27;[39m &amp#27;[90m83 ms - 890&amp#27;[39m
&amp#27;[38;5;0m[HTTP]&amp#27;[0m &amp#27;[90m&amp#27;[39m
&amp#27;[38;5;0m[HTTP]&amp#27;[0m &amp#27;[37m-->&amp#27;[39m &amp#27;[37mPOST&amp#27;[39m &amp#27;[37m/session/cab71a55-a64e-4118-944e-543573feddd8/element&amp#27;[39m
&amp#27;[38;5;0m[HTTP]&amp#27;[0m &amp#27;[90m{"using":"xpath","value":"//android.view.View[@text='Today']"}&amp#27;[39m
&amp#27;[38;5;32m[AndroidUiautomator2Driver@d3db (cab71a55)]&amp#27;[0m Calling AppiumDriver.findElement() with args: ["xpath","//android.view.View[@text='Today']","cab71a55-a64e-4118-944e-543573feddd8"]
&amp#27;[38;5;32m[AndroidUiautomator2Driver@d3db (cab71a55)]&amp#27;[0m Valid locator strategies for this request: xpath, id, class name, accessibility id, css selector, -android uiautomator
&amp#27;[38;5;32m[AndroidUiautomator2Driver@d3db (cab71a55)]&amp#27;[0m Waiting up to 0 ms for condition
&amp#27;[38;5;32m[AndroidUiautomator2Driver@d3db (cab71a55)]&amp#27;[0m Matched '/element' to command name 'findElement'
&amp#27;[38;5;32m[AndroidUiautomator2Driver@d3db (cab71a55)]&amp#27;[0m Proxying [POST /element] to [POST http://127.0.0.1:8240/session/8092e625-0771-403d-bb5d-06fce980533d/element] with body: {"strategy":"xpath","selector":"//android.view.View[@text='Today']","context":"","multiple":false}
&amp#27;[38;5;32m[AndroidUiautomator2Driver@d3db (cab71a55)]&amp#27;[0m Got response with status 404: {"sessionId":"8092e625-0771-403d-bb5d-06fce980533d","value":{"error":"no such element","message":"An element could not be located on the page using the given search parameters","stacktrace":"io.appium.uiautomator2.common.exceptions.ElementNotFoundException: An element could not be located on the page using the given search parameters\n\tat io.appium.uiautomator2.utils.ElementLocationHelpers.findElement(ElementLocationHelpers.java:156)\n\tat io.appium.uiautomator2.handler.FindElement.safeHandle(FindElement.java:60)\n\tat io.appium.uiautomator2.handler.request.SafeRequestHandler.handle(SafeRequestHandler.java:59)\n\tat io.appium.uiautomator2.server.AppiumServlet.handleRequest(AppiumServlet.java:277)\n\tat io.appium.uiautomator2.server.AppiumServlet.handleHttpRequest(AppiumServlet.java:271)\n\tat io.appium.uiautomator2.http.ServerHandler.channelRead(ServerHandler.java:77)\n\tat io.netty.channel.AbstractChannelHandlerContext.invokeChannelRead(AbstractChannelHandlerContext.java:366)\n\tat io.netty.channel.Abstr...
&amp#27;[38;5;128m[W3C]&amp#27;[0m Matched W3C error code 'no such element' to NoSuchElementError
&amp#27;[38;5;32m[AndroidUiautomator2Driver@d3db (cab71a55)]&amp#27;[0m Encountered internal error running command: NoSuchElementError: An element could not be located on the page using the given search parameters.
&amp#27;[38;5;32m[AndroidUiautomator2Driver@d3db (cab71a55)]&amp#27;[0m     at AndroidUiautomator2Driver.findElOrEls (C:\Users\abuba\.appium\node_modules\appium-uiautomator2-driver\node_modules\appium-android-driver\lib\commands\find.ts:87:11)
&amp#27;[38;5;32m[AndroidUiautomator2Driver@d3db (cab71a55)]&amp#27;[0m     at processTicksAndRejections (node:internal/process/task_queues:95:5)
&amp#27;[38;5;32m[AndroidUiautomator2Driver@d3db (cab71a55)]&amp#27;[0m     at AndroidUiautomator2Driver.findElOrElsWithProcessing (C:\Users\abuba\AppData\Roaming\npm\node_modules\appium\node_modules\@appium\base-driver\lib\basedriver\commands\find.ts:60:12)
&amp#27;[38;5;32m[AndroidUiautomator2Driver@d3db (cab71a55)]&amp#27;[0m     at AndroidUiautomator2Driver.findElement (C:\Users\abuba\AppData\Roaming\npm\node_modules\appium\node_modules\@appium\base-driver\lib\basedriver\commands\find.ts:75:12)
&amp#27;[38;5;0m[HTTP]&amp#27;[0m &amp#27;[37m<-- POST /session/cab71a55-a64e-4118-944e-543573feddd8/element &amp#27;[39m&amp#27;[33m404&amp#27;[39m &amp#27;[90m87 ms - 890&amp#27;[39m
&amp#27;[38;5;0m[HTTP]&amp#27;[0m &amp#27;[90m&amp#27;[39m
&amp#27;[38;5;0m[HTTP]&amp#27;[0m &amp#27;[37m-->&amp#27;[39m &amp#27;[37mPOST&amp#27;[39m &amp#27;[37m/session/cab71a55-a64e-4118-944e-543573feddd8/element&amp#27;[39m
&amp#27;[38;5;0m[HTTP]&amp#27;[0m &amp#27;[90m{"using":"xpath","value":"//android.view.View[@text='Today']"}&amp#27;[39m
&amp#27;[38;5;32m[AndroidUiautomator2Driver@d3db (cab71a55)]&amp#27;[0m Calling AppiumDriver.findElement() with args: ["xpath","//android.view.View[@text='Today']","cab71a55-a64e-4118-944e-543573feddd8"]
&amp#27;[38;5;32m[AndroidUiautomator2Driver@d3db (cab71a55)]&amp#27;[0m Valid locator strategies for this request: xpath, id, class name, accessibility id, css selector, -android uiautomator
&amp#27;[38;5;32m[AndroidUiautomator2Driver@d3db (cab71a55)]&amp#27;[0m Waiting up to 0 ms for condition
&amp#27;[38;5;32m[AndroidUiautomator2Driver@d3db (cab71a55)]&amp#27;[0m Matched '/element' to command name 'findElement'
&amp#27;[38;5;32m[AndroidUiautomator2Driver@d3db (cab71a55)]&amp#27;[0m Proxying [POST /element] to [POST http://127.0.0.1:8240/session/8092e625-0771-403d-bb5d-06fce980533d/element] with body: {"strategy":"xpath","selector":"//android.view.View[@text='Today']","context":"","multiple":false}
&amp#27;[38;5;32m[AndroidUiautomator2Driver@d3db (cab71a55)]&amp#27;[0m Got response with status 404: {"sessionId":"8092e625-0771-403d-bb5d-06fce980533d","value":{"error":"no such element","message":"An element could not be located on the page using the given search parameters","stacktrace":"io.appium.uiautomator2.common.exceptions.ElementNotFoundException: An element could not be located on the page using the given search parameters\n\tat io.appium.uiautomator2.utils.ElementLocationHelpers.findElement(ElementLocationHelpers.java:156)\n\tat io.appium.uiautomator2.handler.FindElement.safeHandle(FindElement.java:60)\n\tat io.appium.uiautomator2.handler.request.SafeRequestHandler.handle(SafeRequestHandler.java:59)\n\tat io.appium.uiautomator2.server.AppiumServlet.handleRequest(AppiumServlet.java:277)\n\tat io.appium.uiautomator2.server.AppiumServlet.handleHttpRequest(AppiumServlet.java:271)\n\tat io.appium.uiautomator2.http.ServerHandler.channelRead(ServerHandler.java:77)\n\tat io.netty.channel.AbstractChannelHandlerContext.invokeChannelRead(AbstractChannelHandlerContext.java:366)\n\tat io.netty.channel.Abstr...
&amp#27;[38;5;128m[W3C]&amp#27;[0m Matched W3C error code 'no such element' to NoSuchElementError
&amp#27;[38;5;32m[AndroidUiautomator2Driver@d3db (cab71a55)]&amp#27;[0m Encountered internal error running command: NoSuchElementError: An element could not be located on the page using the given search parameters.
&amp#27;[38;5;32m[AndroidUiautomator2Driver@d3db (cab71a55)]&amp#27;[0m     at AndroidUiautomator2Driver.findElOrEls (C:\Users\abuba\.appium\node_modules\appium-uiautomator2-driver\node_modules\appium-android-driver\lib\commands\find.ts:87:11)
&amp#27;[38;5;32m[AndroidUiautomator2Driver@d3db (cab71a55)]&amp#27;[0m     at processTicksAndRejections (node:internal/process/task_queues:95:5)
&amp#27;[38;5;32m[AndroidUiautomator2Driver@d3db (cab71a55)]&amp#27;[0m     at AndroidUiautomator2Driver.findElOrElsWithProcessing (C:\Users\abuba\AppData\Roaming\npm\node_modules\appium\node_modules\@appium\base-driver\lib\basedriver\commands\find.ts:60:12)
&amp#27;[38;5;32m[AndroidUiautomator2Driver@d3db (cab71a55)]&amp#27;[0m     at AndroidUiautomator2Driver.findElement (C:\Users\abuba\AppData\Roaming\npm\node_modules\appium\node_modules\@appium\base-driver\lib\basedriver\commands\find.ts:75:12)
&amp#27;[38;5;0m[HTTP]&amp#27;[0m &amp#27;[37m<-- POST /session/cab71a55-a64e-4118-944e-543573feddd8/element &amp#27;[39m&amp#27;[33m404&amp#27;[39m &amp#27;[90m94 ms - 890&amp#27;[39m
&amp#27;[38;5;0m[HTTP]&amp#27;[0m &amp#27;[90m&amp#27;[39m
&amp#27;[38;5;0m[HTTP]&amp#27;[0m &amp#27;[37m-->&amp#27;[39m &amp#27;[37mPOST&amp#27;[39m &amp#27;[37m/session/cab71a55-a64e-4118-944e-543573feddd8/element&amp#27;[39m
&amp#27;[38;5;0m[HTTP]&amp#27;[0m &amp#27;[90m{"using":"xpath","value":"//android.view.View[@text='Today']"}&amp#27;[39m
&amp#27;[38;5;32m[AndroidUiautomator2Driver@d3db (cab71a55)]&amp#27;[0m Calling AppiumDriver.findElement() with args: ["xpath","//android.view.View[@text='Today']","cab71a55-a64e-4118-944e-543573feddd8"]
&amp#27;[38;5;32m[AndroidUiautomator2Driver@d3db (cab71a55)]&amp#27;[0m Valid locator strategies for this request: xpath, id, class name, accessibility id, css selector, -android uiautomator
&amp#27;[38;5;32m[AndroidUiautomator2Driver@d3db (cab71a55)]&amp#27;[0m Waiting up to 0 ms for condition
&amp#27;[38;5;32m[AndroidUiautomator2Driver@d3db (cab71a55)]&amp#27;[0m Matched '/element' to command name 'findElement'
&amp#27;[38;5;32m[AndroidUiautomator2Driver@d3db (cab71a55)]&amp#27;[0m Proxying [POST /element] to [POST http://127.0.0.1:8240/session/8092e625-0771-403d-bb5d-06fce980533d/element] with body: {"strategy":"xpath","selector":"//android.view.View[@text='Today']","context":"","multiple":false}
&amp#27;[38;5;32m[AndroidUiautomator2Driver@d3db (cab71a55)]&amp#27;[0m Got response with status 404: {"sessionId":"8092e625-0771-403d-bb5d-06fce980533d","value":{"error":"no such element","message":"An element could not be located on the page using the given search parameters","stacktrace":"io.appium.uiautomator2.common.exceptions.ElementNotFoundException: An element could not be located on the page using the given search parameters\n\tat io.appium.uiautomator2.utils.ElementLocationHelpers.findElement(ElementLocationHelpers.java:156)\n\tat io.appium.uiautomator2.handler.FindElement.safeHandle(FindElement.java:60)\n\tat io.appium.uiautomator2.handler.request.SafeRequestHandler.handle(SafeRequestHandler.java:59)\n\tat io.appium.uiautomator2.server.AppiumServlet.handleRequest(AppiumServlet.java:277)\n\tat io.appium.uiautomator2.server.AppiumServlet.handleHttpRequest(AppiumServlet.java:271)\n\tat io.appium.uiautomator2.http.ServerHandler.channelRead(ServerHandler.java:77)\n\tat io.netty.channel.AbstractChannelHandlerContext.invokeChannelRead(AbstractChannelHandlerContext.java:366)\n\tat io.netty.channel.Abstr...
&amp#27;[38;5;128m[W3C]&amp#27;[0m Matched W3C error code 'no such element' to NoSuchElementError
&amp#27;[38;5;32m[AndroidUiautomator2Driver@d3db (cab71a55)]&amp#27;[0m Encountered internal error running command: NoSuchElementError: An element could not be located on the page using the given search parameters.
&amp#27;[38;5;32m[AndroidUiautomator2Driver@d3db (cab71a55)]&amp#27;[0m     at AndroidUiautomator2Driver.findElOrEls (C:\Users\abuba\.appium\node_modules\appium-uiautomator2-driver\node_modules\appium-android-driver\lib\commands\find.ts:87:11)
&amp#27;[38;5;32m[AndroidUiautomator2Driver@d3db (cab71a55)]&amp#27;[0m     at processTicksAndRejections (node:internal/process/task_queues:95:5)
&amp#27;[38;5;32m[AndroidUiautomator2Driver@d3db (cab71a55)]&amp#27;[0m     at AndroidUiautomator2Driver.findElOrElsWithProcessing (C:\Users\abuba\AppData\Roaming\npm\node_modules\appium\node_modules\@appium\base-driver\lib\basedriver\commands\find.ts:60:12)
&amp#27;[38;5;32m[AndroidUiautomator2Driver@d3db (cab71a55)]&amp#27;[0m     at AndroidUiautomator2Driver.findElement (C:\Users\abuba\AppData\Roaming\npm\node_modules\appium\node_modules\@appium\base-driver\lib\basedriver\commands\find.ts:75:12)
&amp#27;[38;5;0m[HTTP]&amp#27;[0m &amp#27;[37m<-- POST /session/cab71a55-a64e-4118-944e-543573feddd8/element &amp#27;[39m&amp#27;[33m404&amp#27;[39m &amp#27;[90m99 ms - 890&amp#27;[39m
&amp#27;[38;5;0m[HTTP]&amp#27;[0m &amp#27;[90m&amp#27;[39m
&amp#27;[38;5;0m[HTTP]&amp#27;[0m &amp#27;[37m-->&amp#27;[39m &amp#27;[37mPOST&amp#27;[39m &amp#27;[37m/session/cab71a55-a64e-4118-944e-543573feddd8/element&amp#27;[39m
&amp#27;[38;5;0m[HTTP]&amp#27;[0m &amp#27;[90m{"using":"xpath","value":"//android.view.View[@text='Today']"}&amp#27;[39m
&amp#27;[38;5;32m[AndroidUiautomator2Driver@d3db (cab71a55)]&amp#27;[0m Calling AppiumDriver.findElement() with args: ["xpath","//android.view.View[@text='Today']","cab71a55-a64e-4118-944e-543573feddd8"]
&amp#27;[38;5;32m[AndroidUiautomator2Driver@d3db (cab71a55)]&amp#27;[0m Valid locator strategies for this request: xpath, id, class name, accessibility id, css selector, -android uiautomator
&amp#27;[38;5;32m[AndroidUiautomator2Driver@d3db (cab71a55)]&amp#27;[0m Waiting up to 0 ms for condition
&amp#27;[38;5;32m[AndroidUiautomator2Driver@d3db (cab71a55)]&amp#27;[0m Matched '/element' to command name 'findElement'
&amp#27;[38;5;32m[AndroidUiautomator2Driver@d3db (cab71a55)]&amp#27;[0m Proxying [POST /element] to [POST http://127.0.0.1:8240/session/8092e625-0771-403d-bb5d-06fce980533d/element] with body: {"strategy":"xpath","selector":"//android.view.View[@text='Today']","context":"","multiple":false}
&amp#27;[38;5;32m[AndroidUiautomator2Driver@d3db (cab71a55)]&amp#27;[0m Got response with status 404: {"sessionId":"8092e625-0771-403d-bb5d-06fce980533d","value":{"error":"no such element","message":"An element could not be located on the page using the given search parameters","stacktrace":"io.appium.uiautomator2.common.exceptions.ElementNotFoundException: An element could not be located on the page using the given search parameters\n\tat io.appium.uiautomator2.utils.ElementLocationHelpers.findElement(ElementLocationHelpers.java:156)\n\tat io.appium.uiautomator2.handler.FindElement.safeHandle(FindElement.java:60)\n\tat io.appium.uiautomator2.handler.request.SafeRequestHandler.handle(SafeRequestHandler.java:59)\n\tat io.appium.uiautomator2.server.AppiumServlet.handleRequest(AppiumServlet.java:277)\n\tat io.appium.uiautomator2.server.AppiumServlet.handleHttpRequest(AppiumServlet.java:271)\n\tat io.appium.uiautomator2.http.ServerHandler.channelRead(ServerHandler.java:77)\n\tat io.netty.channel.AbstractChannelHandlerContext.invokeChannelRead(AbstractChannelHandlerContext.java:366)\n\tat io.netty.channel.Abstr...
&amp#27;[38;5;128m[W3C]&amp#27;[0m Matched W3C error code 'no such element' to NoSuchElementError
&amp#27;[38;5;32m[AndroidUiautomator2Driver@d3db (cab71a55)]&amp#27;[0m Encountered internal error running command: NoSuchElementError: An element could not be located on the page using the given search parameters.
&amp#27;[38;5;32m[AndroidUiautomator2Driver@d3db (cab71a55)]&amp#27;[0m     at AndroidUiautomator2Driver.findElOrEls (C:\Users\abuba\.appium\node_modules\appium-uiautomator2-driver\node_modules\appium-android-driver\lib\commands\find.ts:87:11)
&amp#27;[38;5;32m[AndroidUiautomator2Driver@d3db (cab71a55)]&amp#27;[0m     at processTicksAndRejections (node:internal/process/task_queues:95:5)
&amp#27;[38;5;32m[AndroidUiautomator2Driver@d3db (cab71a55)]&amp#27;[0m     at AndroidUiautomator2Driver.findElOrElsWithProcessing (C:\Users\abuba\AppData\Roaming\npm\node_modules\appium\node_modules\@appium\base-driver\lib\basedriver\commands\find.ts:60:12)
&amp#27;[38;5;32m[AndroidUiautomator2Driver@d3db (cab71a55)]&amp#27;[0m     at AndroidUiautomator2Driver.findElement (C:\Users\abuba\AppData\Roaming\npm\node_modules\appium\node_modules\@appium\base-driver\lib\basedriver\commands\find.ts:75:12)
&amp#27;[38;5;0m[HTTP]&amp#27;[0m &amp#27;[37m<-- POST /session/cab71a55-a64e-4118-944e-543573feddd8/element &amp#27;[39m&amp#27;[33m404&amp#27;[39m &amp#27;[90m92 ms - 890&amp#27;[39m
&amp#27;[38;5;0m[HTTP]&amp#27;[0m &amp#27;[90m&amp#27;[39m
&amp#27;[38;5;0m[HTTP]&amp#27;[0m &amp#27;[37m-->&amp#27;[39m &amp#27;[37mPOST&amp#27;[39m &amp#27;[37m/session/cab71a55-a64e-4118-944e-543573feddd8/element&amp#27;[39m
&amp#27;[38;5;0m[HTTP]&amp#27;[0m &amp#27;[90m{"using":"xpath","value":"//android.view.View[@text='Today']"}&amp#27;[39m
&amp#27;[38;5;32m[AndroidUiautomator2Driver@d3db (cab71a55)]&amp#27;[0m Calling AppiumDriver.findElement() with args: ["xpath","//android.view.View[@text='Today']","cab71a55-a64e-4118-944e-543573feddd8"]
&amp#27;[38;5;32m[AndroidUiautomator2Driver@d3db (cab71a55)]&amp#27;[0m Valid locator strategies for this request: xpath, id, class name, accessibility id, css selector, -android uiautomator
&amp#27;[38;5;32m[AndroidUiautomator2Driver@d3db (cab71a55)]&amp#27;[0m Waiting up to 0 ms for condition
&amp#27;[38;5;32m[AndroidUiautomator2Driver@d3db (cab71a55)]&amp#27;[0m Matched '/element' to command name 'findElement'
&amp#27;[38;5;32m[AndroidUiautomator2Driver@d3db (cab71a55)]&amp#27;[0m Proxying [POST /element] to [POST http://127.0.0.1:8240/session/8092e625-0771-403d-bb5d-06fce980533d/element] with body: {"strategy":"xpath","selector":"//android.view.View[@text='Today']","context":"","multiple":false}
&amp#27;[38;5;32m[AndroidUiautomator2Driver@d3db (cab71a55)]&amp#27;[0m Got response with status 404: {"sessionId":"8092e625-0771-403d-bb5d-06fce980533d","value":{"error":"no such element","message":"An element could not be located on the page using the given search parameters","stacktrace":"io.appium.uiautomator2.common.exceptions.ElementNotFoundException: An element could not be located on the page using the given search parameters\n\tat io.appium.uiautomator2.utils.ElementLocationHelpers.findElement(ElementLocationHelpers.java:156)\n\tat io.appium.uiautomator2.handler.FindElement.safeHandle(FindElement.java:60)\n\tat io.appium.uiautomator2.handler.request.SafeRequestHandler.handle(SafeRequestHandler.java:59)\n\tat io.appium.uiautomator2.server.AppiumServlet.handleRequest(AppiumServlet.java:277)\n\tat io.appium.uiautomator2.server.AppiumServlet.handleHttpRequest(AppiumServlet.java:271)\n\tat io.appium.uiautomator2.http.ServerHandler.channelRead(ServerHandler.java:77)\n\tat io.netty.channel.AbstractChannelHandlerContext.invokeChannelRead(AbstractChannelHandlerContext.java:366)\n\tat io.netty.channel.Abstr...
&amp#27;[38;5;128m[W3C]&amp#27;[0m Matched W3C error code 'no such element' to NoSuchElementError
&amp#27;[38;5;32m[AndroidUiautomator2Driver@d3db (cab71a55)]&amp#27;[0m Encountered internal error running command: NoSuchElementError: An element could not be located on the page using the given search parameters.
&amp#27;[38;5;32m[AndroidUiautomator2Driver@d3db (cab71a55)]&amp#27;[0m     at AndroidUiautomator2Driver.findElOrEls (C:\Users\abuba\.appium\node_modules\appium-uiautomator2-driver\node_modules\appium-android-driver\lib\commands\find.ts:87:11)
&amp#27;[38;5;32m[AndroidUiautomator2Driver@d3db (cab71a55)]&amp#27;[0m     at processTicksAndRejections (node:internal/process/task_queues:95:5)
&amp#27;[38;5;32m[AndroidUiautomator2Driver@d3db (cab71a55)]&amp#27;[0m     at AndroidUiautomator2Driver.findElOrElsWithProcessing (C:\Users\abuba\AppData\Roaming\npm\node_modules\appium\node_modules\@appium\base-driver\lib\basedriver\commands\find.ts:60:12)
&amp#27;[38;5;32m[AndroidUiautomator2Driver@d3db (cab71a55)]&amp#27;[0m     at AndroidUiautomator2Driver.findElement (C:\Users\abuba\AppData\Roaming\npm\node_modules\appium\node_modules\@appium\base-driver\lib\basedriver\commands\find.ts:75:12)
&amp#27;[38;5;0m[HTTP]&amp#27;[0m &amp#27;[37m<-- POST /session/cab71a55-a64e-4118-944e-543573feddd8/element &amp#27;[39m&amp#27;[33m404&amp#27;[39m &amp#27;[90m88 ms - 890&amp#27;[39m
&amp#27;[38;5;0m[HTTP]&amp#27;[0m &amp#27;[90m&amp#27;[39m
&amp#27;[38;5;0m[HTTP]&amp#27;[0m &amp#27;[37m-->&amp#27;[39m &amp#27;[37mPOST&amp#27;[39m &amp#27;[37m/session/cab71a55-a64e-4118-944e-543573feddd8/element&amp#27;[39m
&amp#27;[38;5;0m[HTTP]&amp#27;[0m &amp#27;[90m{"using":"xpath","value":"//android.view.View[@text='Today']"}&amp#27;[39m
&amp#27;[38;5;32m[AndroidUiautomator2Driver@d3db (cab71a55)]&amp#27;[0m Calling AppiumDriver.findElement() with args: ["xpath","//android.view.View[@text='Today']","cab71a55-a64e-4118-944e-543573feddd8"]
&amp#27;[38;5;32m[AndroidUiautomator2Driver@d3db (cab71a55)]&amp#27;[0m Valid locator strategies for this request: xpath, id, class name, accessibility id, css selector, -android uiautomator
&amp#27;[38;5;32m[AndroidUiautomator2Driver@d3db (cab71a55)]&amp#27;[0m Waiting up to 0 ms for condition
&amp#27;[38;5;32m[AndroidUiautomator2Driver@d3db (cab71a55)]&amp#27;[0m Matched '/element' to command name 'findElement'
&amp#27;[38;5;32m[AndroidUiautomator2Driver@d3db (cab71a55)]&amp#27;[0m Proxying [POST /element] to [POST http://127.0.0.1:8240/session/8092e625-0771-403d-bb5d-06fce980533d/element] with body: {"strategy":"xpath","selector":"//android.view.View[@text='Today']","context":"","multiple":false}
&amp#27;[38;5;32m[AndroidUiautomator2Driver@d3db (cab71a55)]&amp#27;[0m Got response with status 404: {"sessionId":"8092e625-0771-403d-bb5d-06fce980533d","value":{"error":"no such element","message":"An element could not be located on the page using the given search parameters","stacktrace":"io.appium.uiautomator2.common.exceptions.ElementNotFoundException: An element could not be located on the page using the given search parameters\n\tat io.appium.uiautomator2.utils.ElementLocationHelpers.findElement(ElementLocationHelpers.java:156)\n\tat io.appium.uiautomator2.handler.FindElement.safeHandle(FindElement.java:60)\n\tat io.appium.uiautomator2.handler.request.SafeRequestHandler.handle(SafeRequestHandler.java:59)\n\tat io.appium.uiautomator2.server.AppiumServlet.handleRequest(AppiumServlet.java:277)\n\tat io.appium.uiautomator2.server.AppiumServlet.handleHttpRequest(AppiumServlet.java:271)\n\tat io.appium.uiautomator2.http.ServerHandler.channelRead(ServerHandler.java:77)\n\tat io.netty.channel.AbstractChannelHandlerContext.invokeChannelRead(AbstractChannelHandlerContext.java:366)\n\tat io.netty.channel.Abstr...
&amp#27;[38;5;128m[W3C]&amp#27;[0m Matched W3C error code 'no such element' to NoSuchElementError
&amp#27;[38;5;32m[AndroidUiautomator2Driver@d3db (cab71a55)]&amp#27;[0m Encountered internal error running command: NoSuchElementError: An element could not be located on the page using the given search parameters.
&amp#27;[38;5;32m[AndroidUiautomator2Driver@d3db (cab71a55)]&amp#27;[0m     at AndroidUiautomator2Driver.findElOrEls (C:\Users\abuba\.appium\node_modules\appium-uiautomator2-driver\node_modules\appium-android-driver\lib\commands\find.ts:87:11)
&amp#27;[38;5;32m[AndroidUiautomator2Driver@d3db (cab71a55)]&amp#27;[0m     at processTicksAndRejections (node:internal/process/task_queues:95:5)
&amp#27;[38;5;32m[AndroidUiautomator2Driver@d3db (cab71a55)]&amp#27;[0m     at AndroidUiautomator2Driver.findElOrElsWithProcessing (C:\Users\abuba\AppData\Roaming\npm\node_modules\appium\node_modules\@appium\base-driver\lib\basedriver\commands\find.ts:60:12)
&amp#27;[38;5;32m[AndroidUiautomator2Driver@d3db (cab71a55)]&amp#27;[0m     at AndroidUiautomator2Driver.findElement (C:\Users\abuba\AppData\Roaming\npm\node_modules\appium\node_modules\@appium\base-driver\lib\basedriver\commands\find.ts:75:12)
&amp#27;[38;5;0m[HTTP]&amp#27;[0m &amp#27;[37m<-- POST /session/cab71a55-a64e-4118-944e-543573feddd8/element &amp#27;[39m&amp#27;[33m404&amp#27;[39m &amp#27;[90m524 ms - 890&amp#27;[39m
&amp#27;[38;5;0m[HTTP]&amp#27;[0m &amp#27;[90m&amp#27;[39m
&amp#27;[38;5;0m[HTTP]&amp#27;[0m &amp#27;[37m-->&amp#27;[39m &amp#27;[37mPOST&amp#27;[39m &amp#27;[37m/session/cab71a55-a64e-4118-944e-543573feddd8/element&amp#27;[39m
&amp#27;[38;5;0m[HTTP]&amp#27;[0m &amp#27;[90m{"using":"xpath","value":"//android.view.View[@text='Today']"}&amp#27;[39m
&amp#27;[38;5;32m[AndroidUiautomator2Driver@d3db (cab71a55)]&amp#27;[0m Calling AppiumDriver.findElement() with args: ["xpath","//android.view.View[@text='Today']","cab71a55-a64e-4118-944e-543573feddd8"]
&amp#27;[38;5;32m[AndroidUiautomator2Driver@d3db (cab71a55)]&amp#27;[0m Valid locator strategies for this request: xpath, id, class name, accessibility id, css selector, -android uiautomator
&amp#27;[38;5;32m[AndroidUiautomator2Driver@d3db (cab71a55)]&amp#27;[0m Waiting up to 0 ms for condition
&amp#27;[38;5;32m[AndroidUiautomator2Driver@d3db (cab71a55)]&amp#27;[0m Matched '/element' to command name 'findElement'
&amp#27;[38;5;32m[AndroidUiautomator2Driver@d3db (cab71a55)]&amp#27;[0m Proxying [POST /element] to [POST http://127.0.0.1:8240/session/8092e625-0771-403d-bb5d-06fce980533d/element] with body: {"strategy":"xpath","selector":"//android.view.View[@text='Today']","context":"","multiple":false}
&amp#27;[38;5;32m[AndroidUiautomator2Driver@d3db (cab71a55)]&amp#27;[0m Got response with status 404: {"sessionId":"8092e625-0771-403d-bb5d-06fce980533d","value":{"error":"no such element","message":"An element could not be located on the page using the given search parameters","stacktrace":"io.appium.uiautomator2.common.exceptions.ElementNotFoundException: An element could not be located on the page using the given search parameters\n\tat io.appium.uiautomator2.utils.ElementLocationHelpers.findElement(ElementLocationHelpers.java:156)\n\tat io.appium.uiautomator2.handler.FindElement.safeHandle(FindElement.java:60)\n\tat io.appium.uiautomator2.handler.request.SafeRequestHandler.handle(SafeRequestHandler.java:59)\n\tat io.appium.uiautomator2.server.AppiumServlet.handleRequest(AppiumServlet.java:277)\n\tat io.appium.uiautomator2.server.AppiumServlet.handleHttpRequest(AppiumServlet.java:271)\n\tat io.appium.uiautomator2.http.ServerHandler.channelRead(ServerHandler.java:77)\n\tat io.netty.channel.AbstractChannelHandlerContext.invokeChannelRead(AbstractChannelHandlerContext.java:366)\n\tat io.netty.channel.Abstr...
&amp#27;[38;5;128m[W3C]&amp#27;[0m Matched W3C error code 'no such element' to NoSuchElementError
&amp#27;[38;5;32m[AndroidUiautomator2Driver@d3db (cab71a55)]&amp#27;[0m Encountered internal error running command: NoSuchElementError: An element could not be located on the page using the given search parameters.
&amp#27;[38;5;32m[AndroidUiautomator2Driver@d3db (cab71a55)]&amp#27;[0m     at AndroidUiautomator2Driver.findElOrEls (C:\Users\abuba\.appium\node_modules\appium-uiautomator2-driver\node_modules\appium-android-driver\lib\commands\find.ts:87:11)
&amp#27;[38;5;32m[AndroidUiautomator2Driver@d3db (cab71a55)]&amp#27;[0m     at processTicksAndRejections (node:internal/process/task_queues:95:5)
&amp#27;[38;5;32m[AndroidUiautomator2Driver@d3db (cab71a55)]&amp#27;[0m     at AndroidUiautomator2Driver.findElOrElsWithProcessing (C:\Users\abuba\AppData\Roaming\npm\node_modules\appium\node_modules\@appium\base-driver\lib\basedriver\commands\find.ts:60:12)
&amp#27;[38;5;32m[AndroidUiautomator2Driver@d3db (cab71a55)]&amp#27;[0m     at AndroidUiautomator2Driver.findElement (C:\Users\abuba\AppData\Roaming\npm\node_modules\appium\node_modules\@appium\base-driver\lib\basedriver\commands\find.ts:75:12)
&amp#27;[38;5;0m[HTTP]&amp#27;[0m &amp#27;[37m<-- POST /session/cab71a55-a64e-4118-944e-543573feddd8/element &amp#27;[39m&amp#27;[33m404&amp#27;[39m &amp#27;[90m94 ms - 890&amp#27;[39m
&amp#27;[38;5;0m[HTTP]&amp#27;[0m &amp#27;[90m&amp#27;[39m
&amp#27;[38;5;0m[HTTP]&amp#27;[0m &amp#27;[37m-->&amp#27;[39m &amp#27;[37mPOST&amp#27;[39m &amp#27;[37m/session/cab71a55-a64e-4118-944e-543573feddd8/element&amp#27;[39m
&amp#27;[38;5;0m[HTTP]&amp#27;[0m &amp#27;[90m{"using":"xpath","value":"//android.view.View[@text='Today']"}&amp#27;[39m
&amp#27;[38;5;32m[AndroidUiautomator2Driver@d3db (cab71a55)]&amp#27;[0m Calling AppiumDriver.findElement() with args: ["xpath","//android.view.View[@text='Today']","cab71a55-a64e-4118-944e-543573feddd8"]
&amp#27;[38;5;32m[AndroidUiautomator2Driver@d3db (cab71a55)]&amp#27;[0m Valid locator strategies for this request: xpath, id, class name, accessibility id, css selector, -android uiautomator
&amp#27;[38;5;32m[AndroidUiautomator2Driver@d3db (cab71a55)]&amp#27;[0m Waiting up to 0 ms for condition
&amp#27;[38;5;32m[AndroidUiautomator2Driver@d3db (cab71a55)]&amp#27;[0m Matched '/element' to command name 'findElement'
&amp#27;[38;5;32m[AndroidUiautomator2Driver@d3db (cab71a55)]&amp#27;[0m Proxying [POST /element] to [POST http://127.0.0.1:8240/session/8092e625-0771-403d-bb5d-06fce980533d/element] with body: {"strategy":"xpath","selector":"//android.view.View[@text='Today']","context":"","multiple":false}
&amp#27;[38;5;32m[AndroidUiautomator2Driver@d3db (cab71a55)]&amp#27;[0m Got response with status 404: {"sessionId":"8092e625-0771-403d-bb5d-06fce980533d","value":{"error":"no such element","message":"An element could not be located on the page using the given search parameters","stacktrace":"io.appium.uiautomator2.common.exceptions.ElementNotFoundException: An element could not be located on the page using the given search parameters\n\tat io.appium.uiautomator2.utils.ElementLocationHelpers.findElement(ElementLocationHelpers.java:156)\n\tat io.appium.uiautomator2.handler.FindElement.safeHandle(FindElement.java:60)\n\tat io.appium.uiautomator2.handler.request.SafeRequestHandler.handle(SafeRequestHandler.java:59)\n\tat io.appium.uiautomator2.server.AppiumServlet.handleRequest(AppiumServlet.java:277)\n\tat io.appium.uiautomator2.server.AppiumServlet.handleHttpRequest(AppiumServlet.java:271)\n\tat io.appium.uiautomator2.http.ServerHandler.channelRead(ServerHandler.java:77)\n\tat io.netty.channel.AbstractChannelHandlerContext.invokeChannelRead(AbstractChannelHandlerContext.java:366)\n\tat io.netty.channel.Abstr...
&amp#27;[38;5;128m[W3C]&amp#27;[0m Matched W3C error code 'no such element' to NoSuchElementError
&amp#27;[38;5;32m[AndroidUiautomator2Driver@d3db (cab71a55)]&amp#27;[0m Encountered internal error running command: NoSuchElementError: An element could not be located on the page using the given search parameters.
&amp#27;[38;5;32m[AndroidUiautomator2Driver@d3db (cab71a55)]&amp#27;[0m     at AndroidUiautomator2Driver.findElOrEls (C:\Users\abuba\.appium\node_modules\appium-uiautomator2-driver\node_modules\appium-android-driver\lib\commands\find.ts:87:11)
&amp#27;[38;5;32m[AndroidUiautomator2Driver@d3db (cab71a55)]&amp#27;[0m     at processTicksAndRejections (node:internal/process/task_queues:95:5)
&amp#27;[38;5;32m[AndroidUiautomator2Driver@d3db (cab71a55)]&amp#27;[0m     at AndroidUiautomator2Driver.findElOrElsWithProcessing (C:\Users\abuba\AppData\Roaming\npm\node_modules\appium\node_modules\@appium\base-driver\lib\basedriver\commands\find.ts:60:12)
&amp#27;[38;5;32m[AndroidUiautomator2Driver@d3db (cab71a55)]&amp#27;[0m     at AndroidUiautomator2Driver.findElement (C:\Users\abuba\AppData\Roaming\npm\node_modules\appium\node_modules\@appium\base-driver\lib\basedriver\commands\find.ts:75:12)
&amp#27;[38;5;0m[HTTP]&amp#27;[0m &amp#27;[37m<-- POST /session/cab71a55-a64e-4118-944e-543573feddd8/element &amp#27;[39m&amp#27;[33m404&amp#27;[39m &amp#27;[90m88 ms - 890&amp#27;[39m
&amp#27;[38;5;0m[HTTP]&amp#27;[0m &amp#27;[90m&amp#27;[39m
&amp#27;[38;5;0m[HTTP]&amp#27;[0m &amp#27;[37m-->&amp#27;[39m &amp#27;[37mPOST&amp#27;[39m &amp#27;[37m/session/cab71a55-a64e-4118-944e-543573feddd8/element&amp#27;[39m
&amp#27;[38;5;0m[HTTP]&amp#27;[0m &amp#27;[90m{"using":"xpath","value":"//android.view.View[@text='Today']"}&amp#27;[39m
&amp#27;[38;5;32m[AndroidUiautomator2Driver@d3db (cab71a55)]&amp#27;[0m Calling AppiumDriver.findElement() with args: ["xpath","//android.view.View[@text='Today']","cab71a55-a64e-4118-944e-543573feddd8"]
&amp#27;[38;5;32m[AndroidUiautomator2Driver@d3db (cab71a55)]&amp#27;[0m Valid locator strategies for this request: xpath, id, class name, accessibility id, css selector, -android uiautomator
&amp#27;[38;5;32m[AndroidUiautomator2Driver@d3db (cab71a55)]&amp#27;[0m Waiting up to 0 ms for condition
&amp#27;[38;5;32m[AndroidUiautomator2Driver@d3db (cab71a55)]&amp#27;[0m Matched '/element' to command name 'findElement'
&amp#27;[38;5;32m[AndroidUiautomator2Driver@d3db (cab71a55)]&amp#27;[0m Proxying [POST /element] to [POST http://127.0.0.1:8240/session/8092e625-0771-403d-bb5d-06fce980533d/element] with body: {"strategy":"xpath","selector":"//android.view.View[@text='Today']","context":"","multiple":false}
&amp#27;[38;5;32m[AndroidUiautomator2Driver@d3db (cab71a55)]&amp#27;[0m Got response with status 404: {"sessionId":"8092e625-0771-403d-bb5d-06fce980533d","value":{"error":"no such element","message":"An element could not be located on the page using the given search parameters","stacktrace":"io.appium.uiautomator2.common.exceptions.ElementNotFoundException: An element could not be located on the page using the given search parameters\n\tat io.appium.uiautomator2.utils.ElementLocationHelpers.findElement(ElementLocationHelpers.java:156)\n\tat io.appium.uiautomator2.handler.FindElement.safeHandle(FindElement.java:60)\n\tat io.appium.uiautomator2.handler.request.SafeRequestHandler.handle(SafeRequestHandler.java:59)\n\tat io.appium.uiautomator2.server.AppiumServlet.handleRequest(AppiumServlet.java:277)\n\tat io.appium.uiautomator2.server.AppiumServlet.handleHttpRequest(AppiumServlet.java:271)\n\tat io.appium.uiautomator2.http.ServerHandler.channelRead(ServerHandler.java:77)\n\tat io.netty.channel.AbstractChannelHandlerContext.invokeChannelRead(AbstractChannelHandlerContext.java:366)\n\tat io.netty.channel.Abstr...
&amp#27;[38;5;128m[W3C]&amp#27;[0m Matched W3C error code 'no such element' to NoSuchElementError
&amp#27;[38;5;32m[AndroidUiautomator2Driver@d3db (cab71a55)]&amp#27;[0m Encountered internal error running command: NoSuchElementError: An element could not be located on the page using the given search parameters.
&amp#27;[38;5;32m[AndroidUiautomator2Driver@d3db (cab71a55)]&amp#27;[0m     at AndroidUiautomator2Driver.findElOrEls (C:\Users\abuba\.appium\node_modules\appium-uiautomator2-driver\node_modules\appium-android-driver\lib\commands\find.ts:87:11)
&amp#27;[38;5;32m[AndroidUiautomator2Driver@d3db (cab71a55)]&amp#27;[0m     at processTicksAndRejections (node:internal/process/task_queues:95:5)
&amp#27;[38;5;32m[AndroidUiautomator2Driver@d3db (cab71a55)]&amp#27;[0m     at AndroidUiautomator2Driver.findElOrElsWithProcessing (C:\Users\abuba\AppData\Roaming\npm\node_modules\appium\node_modules\@appium\base-driver\lib\basedriver\commands\find.ts:60:12)
&amp#27;[38;5;32m[AndroidUiautomator2Driver@d3db (cab71a55)]&amp#27;[0m     at AndroidUiautomator2Driver.findElement (C:\Users\abuba\AppData\Roaming\npm\node_modules\appium\node_modules\@appium\base-driver\lib\basedriver\commands\find.ts:75:12)
&amp#27;[38;5;0m[HTTP]&amp#27;[0m &amp#27;[37m<-- POST /session/cab71a55-a64e-4118-944e-543573feddd8/element &amp#27;[39m&amp#27;[33m404&amp#27;[39m &amp#27;[90m65 ms - 890&amp#27;[39m
&amp#27;[38;5;0m[HTTP]&amp#27;[0m &amp#27;[90m&amp#27;[39m
&amp#27;[38;5;0m[HTTP]&amp#27;[0m &amp#27;[37m-->&amp#27;[39m &amp#27;[37mPOST&amp#27;[39m &amp#27;[37m/session/cab71a55-a64e-4118-944e-543573feddd8/element&amp#27;[39m
&amp#27;[38;5;0m[HTTP]&amp#27;[0m &amp#27;[90m{"using":"xpath","value":"//android.view.View[@text='Today']"}&amp#27;[39m
&amp#27;[38;5;32m[AndroidUiautomator2Driver@d3db (cab71a55)]&amp#27;[0m Calling AppiumDriver.findElement() with args: ["xpath","//android.view.View[@text='Today']","cab71a55-a64e-4118-944e-543573feddd8"]
&amp#27;[38;5;32m[AndroidUiautomator2Driver@d3db (cab71a55)]&amp#27;[0m Valid locator strategies for this request: xpath, id, class name, accessibility id, css selector, -android uiautomator
&amp#27;[38;5;32m[AndroidUiautomator2Driver@d3db (cab71a55)]&amp#27;[0m Waiting up to 0 ms for condition
&amp#27;[38;5;32m[AndroidUiautomator2Driver@d3db (cab71a55)]&amp#27;[0m Matched '/element' to command name 'findElement'
&amp#27;[38;5;32m[AndroidUiautomator2Driver@d3db (cab71a55)]&amp#27;[0m Proxying [POST /element] to [POST http://127.0.0.1:8240/session/8092e625-0771-403d-bb5d-06fce980533d/element] with body: {"strategy":"xpath","selector":"//android.view.View[@text='Today']","context":"","multiple":false}
&amp#27;[38;5;32m[AndroidUiautomator2Driver@d3db (cab71a55)]&amp#27;[0m Got response with status 404: {"sessionId":"8092e625-0771-403d-bb5d-06fce980533d","value":{"error":"no such element","message":"An element could not be located on the page using the given search parameters","stacktrace":"io.appium.uiautomator2.common.exceptions.ElementNotFoundException: An element could not be located on the page using the given search parameters\n\tat io.appium.uiautomator2.utils.ElementLocationHelpers.findElement(ElementLocationHelpers.java:156)\n\tat io.appium.uiautomator2.handler.FindElement.safeHandle(FindElement.java:60)\n\tat io.appium.uiautomator2.handler.request.SafeRequestHandler.handle(SafeRequestHandler.java:59)\n\tat io.appium.uiautomator2.server.AppiumServlet.handleRequest(AppiumServlet.java:277)\n\tat io.appium.uiautomator2.server.AppiumServlet.handleHttpRequest(AppiumServlet.java:271)\n\tat io.appium.uiautomator2.http.ServerHandler.channelRead(ServerHandler.java:77)\n\tat io.netty.channel.AbstractChannelHandlerContext.invokeChannelRead(AbstractChannelHandlerContext.java:366)\n\tat io.netty.channel.Abstr...
&amp#27;[38;5;128m[W3C]&amp#27;[0m Matched W3C error code 'no such element' to NoSuchElementError
&amp#27;[38;5;32m[AndroidUiautomator2Driver@d3db (cab71a55)]&amp#27;[0m Encountered internal error running command: NoSuchElementError: An element could not be located on the page using the given search parameters.
&amp#27;[38;5;32m[AndroidUiautomator2Driver@d3db (cab71a55)]&amp#27;[0m     at AndroidUiautomator2Driver.findElOrEls (C:\Users\abuba\.appium\node_modules\appium-uiautomator2-driver\node_modules\appium-android-driver\lib\commands\find.ts:87:11)
&amp#27;[38;5;32m[AndroidUiautomator2Driver@d3db (cab71a55)]&amp#27;[0m     at processTicksAndRejections (node:internal/process/task_queues:95:5)
&amp#27;[38;5;32m[AndroidUiautomator2Driver@d3db (cab71a55)]&amp#27;[0m     at AndroidUiautomator2Driver.findElOrElsWithProcessing (C:\Users\abuba\AppData\Roaming\npm\node_modules\appium\node_modules\@appium\base-driver\lib\basedriver\commands\find.ts:60:12)
&amp#27;[38;5;32m[AndroidUiautomator2Driver@d3db (cab71a55)]&amp#27;[0m     at AndroidUiautomator2Driver.findElement (C:\Users\abuba\AppData\Roaming\npm\node_modules\appium\node_modules\@appium\base-driver\lib\basedriver\commands\find.ts:75:12)
&amp#27;[38;5;0m[HTTP]&amp#27;[0m &amp#27;[37m<-- POST /session/cab71a55-a64e-4118-944e-543573feddd8/element &amp#27;[39m&amp#27;[33m404&amp#27;[39m &amp#27;[90m83 ms - 890&amp#27;[39m
&amp#27;[38;5;0m[HTTP]&amp#27;[0m &amp#27;[90m&amp#27;[39m
&amp#27;[38;5;0m[HTTP]&amp#27;[0m &amp#27;[37m-->&amp#27;[39m &amp#27;[37mPOST&amp#27;[39m &amp#27;[37m/session/cab71a55-a64e-4118-944e-543573feddd8/element&amp#27;[39m
&amp#27;[38;5;0m[HTTP]&amp#27;[0m &amp#27;[90m{"using":"xpath","value":"//android.view.View[@text='Today']"}&amp#27;[39m
&amp#27;[38;5;32m[AndroidUiautomator2Driver@d3db (cab71a55)]&amp#27;[0m Calling AppiumDriver.findElement() with args: ["xpath","//android.view.View[@text='Today']","cab71a55-a64e-4118-944e-543573feddd8"]
&amp#27;[38;5;32m[AndroidUiautomator2Driver@d3db (cab71a55)]&amp#27;[0m Valid locator strategies for this request: xpath, id, class name, accessibility id, css selector, -android uiautomator
&amp#27;[38;5;32m[AndroidUiautomator2Driver@d3db (cab71a55)]&amp#27;[0m Waiting up to 0 ms for condition
&amp#27;[38;5;32m[AndroidUiautomator2Driver@d3db (cab71a55)]&amp#27;[0m Matched '/element' to command name 'findElement'
&amp#27;[38;5;32m[AndroidUiautomator2Driver@d3db (cab71a55)]&amp#27;[0m Proxying [POST /element] to [POST http://127.0.0.1:8240/session/8092e625-0771-403d-bb5d-06fce980533d/element] with body: {"strategy":"xpath","selector":"//android.view.View[@text='Today']","context":"","multiple":false}
&amp#27;[38;5;32m[AndroidUiautomator2Driver@d3db (cab71a55)]&amp#27;[0m Got response with status 404: {"sessionId":"8092e625-0771-403d-bb5d-06fce980533d","value":{"error":"no such element","message":"An element could not be located on the page using the given search parameters","stacktrace":"io.appium.uiautomator2.common.exceptions.ElementNotFoundException: An element could not be located on the page using the given search parameters\n\tat io.appium.uiautomator2.utils.ElementLocationHelpers.findElement(ElementLocationHelpers.java:156)\n\tat io.appium.uiautomator2.handler.FindElement.safeHandle(FindElement.java:60)\n\tat io.appium.uiautomator2.handler.request.SafeRequestHandler.handle(SafeRequestHandler.java:59)\n\tat io.appium.uiautomator2.server.AppiumServlet.handleRequest(AppiumServlet.java:277)\n\tat io.appium.uiautomator2.server.AppiumServlet.handleHttpRequest(AppiumServlet.java:271)\n\tat io.appium.uiautomator2.http.ServerHandler.channelRead(ServerHandler.java:77)\n\tat io.netty.channel.AbstractChannelHandlerContext.invokeChannelRead(AbstractChannelHandlerContext.java:366)\n\tat io.netty.channel.Abstr...
&amp#27;[38;5;128m[W3C]&amp#27;[0m Matched W3C error code 'no such element' to NoSuchElementError
&amp#27;[38;5;32m[AndroidUiautomator2Driver@d3db (cab71a55)]&amp#27;[0m Encountered internal error running command: NoSuchElementError: An element could not be located on the page using the given search parameters.
&amp#27;[38;5;32m[AndroidUiautomator2Driver@d3db (cab71a55)]&amp#27;[0m     at AndroidUiautomator2Driver.findElOrEls (C:\Users\abuba\.appium\node_modules\appium-uiautomator2-driver\node_modules\appium-android-driver\lib\commands\find.ts:87:11)
&amp#27;[38;5;32m[AndroidUiautomator2Driver@d3db (cab71a55)]&amp#27;[0m     at processTicksAndRejections (node:internal/process/task_queues:95:5)
&amp#27;[38;5;32m[AndroidUiautomator2Driver@d3db (cab71a55)]&amp#27;[0m     at AndroidUiautomator2Driver.findElOrElsWithProcessing (C:\Users\abuba\AppData\Roaming\npm\node_modules\appium\node_modules\@appium\base-driver\lib\basedriver\commands\find.ts:60:12)
&amp#27;[38;5;32m[AndroidUiautomator2Driver@d3db (cab71a55)]&amp#27;[0m     at AndroidUiautomator2Driver.findElement (C:\Users\abuba\AppData\Roaming\npm\node_modules\appium\node_modules\@appium\base-driver\lib\basedriver\commands\find.ts:75:12)
&amp#27;[38;5;0m[HTTP]&amp#27;[0m &amp#27;[37m<-- POST /session/cab71a55-a64e-4118-944e-543573feddd8/element &amp#27;[39m&amp#27;[33m404&amp#27;[39m &amp#27;[90m93 ms - 890&amp#27;[39m
&amp#27;[38;5;0m[HTTP]&amp#27;[0m &amp#27;[90m&amp#27;[39m
&amp#27;[38;5;0m[HTTP]&amp#27;[0m &amp#27;[37m-->&amp#27;[39m &amp#27;[37mPOST&amp#27;[39m &amp#27;[37m/session/cab71a55-a64e-4118-944e-543573feddd8/element&amp#27;[39m
&amp#27;[38;5;0m[HTTP]&amp#27;[0m &amp#27;[90m{"using":"xpath","value":"//android.view.View[@text='Today']"}&amp#27;[39m
&amp#27;[38;5;32m[AndroidUiautomator2Driver@d3db (cab71a55)]&amp#27;[0m Calling AppiumDriver.findElement() with args: ["xpath","//android.view.View[@text='Today']","cab71a55-a64e-4118-944e-543573feddd8"]
&amp#27;[38;5;32m[AndroidUiautomator2Driver@d3db (cab71a55)]&amp#27;[0m Valid locator strategies for this request: xpath, id, class name, accessibility id, css selector, -android uiautomator
&amp#27;[38;5;32m[AndroidUiautomator2Driver@d3db (cab71a55)]&amp#27;[0m Waiting up to 0 ms for condition
&amp#27;[38;5;32m[AndroidUiautomator2Driver@d3db (cab71a55)]&amp#27;[0m Matched '/element' to command name 'findElement'
&amp#27;[38;5;32m[AndroidUiautomator2Driver@d3db (cab71a55)]&amp#27;[0m Proxying [POST /element] to [POST http://127.0.0.1:8240/session/8092e625-0771-403d-bb5d-06fce980533d/element] with body: {"strategy":"xpath","selector":"//android.view.View[@text='Today']","context":"","multiple":false}
&amp#27;[38;5;32m[AndroidUiautomator2Driver@d3db (cab71a55)]&amp#27;[0m Got response with status 404: {"sessionId":"8092e625-0771-403d-bb5d-06fce980533d","value":{"error":"no such element","message":"An element could not be located on the page using the given search parameters","stacktrace":"io.appium.uiautomator2.common.exceptions.ElementNotFoundException: An element could not be located on the page using the given search parameters\n\tat io.appium.uiautomator2.utils.ElementLocationHelpers.findElement(ElementLocationHelpers.java:156)\n\tat io.appium.uiautomator2.handler.FindElement.safeHandle(FindElement.java:60)\n\tat io.appium.uiautomator2.handler.request.SafeRequestHandler.handle(SafeRequestHandler.java:59)\n\tat io.appium.uiautomator2.server.AppiumServlet.handleRequest(AppiumServlet.java:277)\n\tat io.appium.uiautomator2.server.AppiumServlet.handleHttpRequest(AppiumServlet.java:271)\n\tat io.appium.uiautomator2.http.ServerHandler.channelRead(ServerHandler.java:77)\n\tat io.netty.channel.AbstractChannelHandlerContext.invokeChannelRead(AbstractChannelHandlerContext.java:366)\n\tat io.netty.channel.Abstr...
&amp#27;[38;5;128m[W3C]&amp#27;[0m Matched W3C error code 'no such element' to NoSuchElementError
&amp#27;[38;5;32m[AndroidUiautomator2Driver@d3db (cab71a55)]&amp#27;[0m Encountered internal error running command: NoSuchElementError: An element could not be located on the page using the given search parameters.
&amp#27;[38;5;32m[AndroidUiautomator2Driver@d3db (cab71a55)]&amp#27;[0m     at AndroidUiautomator2Driver.findElOrEls (C:\Users\abuba\.appium\node_modules\appium-uiautomator2-driver\node_modules\appium-android-driver\lib\commands\find.ts:87:11)
&amp#27;[38;5;32m[AndroidUiautomator2Driver@d3db (cab71a55)]&amp#27;[0m     at processTicksAndRejections (node:internal/process/task_queues:95:5)
&amp#27;[38;5;32m[AndroidUiautomator2Driver@d3db (cab71a55)]&amp#27;[0m     at AndroidUiautomator2Driver.findElOrElsWithProcessing (C:\Users\abuba\AppData\Roaming\npm\node_modules\appium\node_modules\@appium\base-driver\lib\basedriver\commands\find.ts:60:12)
&amp#27;[38;5;32m[AndroidUiautomator2Driver@d3db (cab71a55)]&amp#27;[0m     at AndroidUiautomator2Driver.findElement (C:\Users\abuba\AppData\Roaming\npm\node_modules\appium\node_modules\@appium\base-driver\lib\basedriver\commands\find.ts:75:12)
&amp#27;[38;5;0m[HTTP]&amp#27;[0m &amp#27;[37m<-- POST /session/cab71a55-a64e-4118-944e-543573feddd8/element &amp#27;[39m&amp#27;[33m404&amp#27;[39m &amp#27;[90m96 ms - 890&amp#27;[39m
&amp#27;[38;5;0m[HTTP]&amp#27;[0m &amp#27;[90m&amp#27;[39m
&amp#27;[38;5;0m[HTTP]&amp#27;[0m &amp#27;[37m-->&amp#27;[39m &amp#27;[37mPOST&amp#27;[39m &amp#27;[37m/session/cab71a55-a64e-4118-944e-543573feddd8/element&amp#27;[39m
&amp#27;[38;5;0m[HTTP]&amp#27;[0m &amp#27;[90m{"using":"xpath","value":"//android.view.View[@text='Today']"}&amp#27;[39m
&amp#27;[38;5;32m[AndroidUiautomator2Driver@d3db (cab71a55)]&amp#27;[0m Calling AppiumDriver.findElement() with args: ["xpath","//android.view.View[@text='Today']","cab71a55-a64e-4118-944e-543573feddd8"]
&amp#27;[38;5;32m[AndroidUiautomator2Driver@d3db (cab71a55)]&amp#27;[0m Valid locator strategies for this request: xpath, id, class name, accessibility id, css selector, -android uiautomator
&amp#27;[38;5;32m[AndroidUiautomator2Driver@d3db (cab71a55)]&amp#27;[0m Waiting up to 0 ms for condition
&amp#27;[38;5;32m[AndroidUiautomator2Driver@d3db (cab71a55)]&amp#27;[0m Matched '/element' to command name 'findElement'
&amp#27;[38;5;32m[AndroidUiautomator2Driver@d3db (cab71a55)]&amp#27;[0m Proxying [POST /element] to [POST http://127.0.0.1:8240/session/8092e625-0771-403d-bb5d-06fce980533d/element] with body: {"strategy":"xpath","selector":"//android.view.View[@text='Today']","context":"","multiple":false}
&amp#27;[38;5;32m[AndroidUiautomator2Driver@d3db (cab71a55)]&amp#27;[0m Got response with status 404: {"sessionId":"8092e625-0771-403d-bb5d-06fce980533d","value":{"error":"no such element","message":"An element could not be located on the page using the given search parameters","stacktrace":"io.appium.uiautomator2.common.exceptions.ElementNotFoundException: An element could not be located on the page using the given search parameters\n\tat io.appium.uiautomator2.utils.ElementLocationHelpers.findElement(ElementLocationHelpers.java:156)\n\tat io.appium.uiautomator2.handler.FindElement.safeHandle(FindElement.java:60)\n\tat io.appium.uiautomator2.handler.request.SafeRequestHandler.handle(SafeRequestHandler.java:59)\n\tat io.appium.uiautomator2.server.AppiumServlet.handleRequest(AppiumServlet.java:277)\n\tat io.appium.uiautomator2.server.AppiumServlet.handleHttpRequest(AppiumServlet.java:271)\n\tat io.appium.uiautomator2.http.ServerHandler.channelRead(ServerHandler.java:77)\n\tat io.netty.channel.AbstractChannelHandlerContext.invokeChannelRead(AbstractChannelHandlerContext.java:366)\n\tat io.netty.channel.Abstr...
&amp#27;[38;5;128m[W3C]&amp#27;[0m Matched W3C error code 'no such element' to NoSuchElementError
&amp#27;[38;5;32m[AndroidUiautomator2Driver@d3db (cab71a55)]&amp#27;[0m Encountered internal error running command: NoSuchElementError: An element could not be located on the page using the given search parameters.
&amp#27;[38;5;32m[AndroidUiautomator2Driver@d3db (cab71a55)]&amp#27;[0m     at AndroidUiautomator2Driver.findElOrEls (C:\Users\abuba\.appium\node_modules\appium-uiautomator2-driver\node_modules\appium-android-driver\lib\commands\find.ts:87:11)
&amp#27;[38;5;32m[AndroidUiautomator2Driver@d3db (cab71a55)]&amp#27;[0m     at processTicksAndRejections (node:internal/process/task_queues:95:5)
&amp#27;[38;5;32m[AndroidUiautomator2Driver@d3db (cab71a55)]&amp#27;[0m     at AndroidUiautomator2Driver.findElOrElsWithProcessing (C:\Users\abuba\AppData\Roaming\npm\node_modules\appium\node_modules\@appium\base-driver\lib\basedriver\commands\find.ts:60:12)
&amp#27;[38;5;32m[AndroidUiautomator2Driver@d3db (cab71a55)]&amp#27;[0m     at AndroidUiautomator2Driver.findElement (C:\Users\abuba\AppData\Roaming\npm\node_modules\appium\node_modules\@appium\base-driver\lib\basedriver\commands\find.ts:75:12)
&amp#27;[38;5;0m[HTTP]&amp#27;[0m &amp#27;[37m<-- POST /session/cab71a55-a64e-4118-944e-543573feddd8/element &amp#27;[39m&amp#27;[33m404&amp#27;[39m &amp#27;[90m89 ms - 890&amp#27;[39m
&amp#27;[38;5;0m[HTTP]&amp#27;[0m &amp#27;[90m&amp#27;[39m
&amp#27;[38;5;0m[HTTP]&amp#27;[0m &amp#27;[37m-->&amp#27;[39m &amp#27;[37mPOST&amp#27;[39m &amp#27;[37m/session/cab71a55-a64e-4118-944e-543573feddd8/element&amp#27;[39m
&amp#27;[38;5;0m[HTTP]&amp#27;[0m &amp#27;[90m{"using":"xpath","value":"//android.view.View[@text='Today']"}&amp#27;[39m
&amp#27;[38;5;32m[AndroidUiautomator2Driver@d3db (cab71a55)]&amp#27;[0m Calling AppiumDriver.findElement() with args: ["xpath","//android.view.View[@text='Today']","cab71a55-a64e-4118-944e-543573feddd8"]
&amp#27;[38;5;32m[AndroidUiautomator2Driver@d3db (cab71a55)]&amp#27;[0m Valid locator strategies for this request: xpath, id, class name, accessibility id, css selector, -android uiautomator
&amp#27;[38;5;32m[AndroidUiautomator2Driver@d3db (cab71a55)]&amp#27;[0m Waiting up to 0 ms for condition
&amp#27;[38;5;32m[AndroidUiautomator2Driver@d3db (cab71a55)]&amp#27;[0m Matched '/element' to command name 'findElement'
&amp#27;[38;5;32m[AndroidUiautomator2Driver@d3db (cab71a55)]&amp#27;[0m Proxying [POST /element] to [POST http://127.0.0.1:8240/session/8092e625-0771-403d-bb5d-06fce980533d/element] with body: {"strategy":"xpath","selector":"//android.view.View[@text='Today']","context":"","multiple":false}
&amp#27;[38;5;32m[AndroidUiautomator2Driver@d3db (cab71a55)]&amp#27;[0m Got response with status 404: {"sessionId":"8092e625-0771-403d-bb5d-06fce980533d","value":{"error":"no such element","message":"An element could not be located on the page using the given search parameters","stacktrace":"io.appium.uiautomator2.common.exceptions.ElementNotFoundException: An element could not be located on the page using the given search parameters\n\tat io.appium.uiautomator2.utils.ElementLocationHelpers.findElement(ElementLocationHelpers.java:156)\n\tat io.appium.uiautomator2.handler.FindElement.safeHandle(FindElement.java:60)\n\tat io.appium.uiautomator2.handler.request.SafeRequestHandler.handle(SafeRequestHandler.java:59)\n\tat io.appium.uiautomator2.server.AppiumServlet.handleRequest(AppiumServlet.java:277)\n\tat io.appium.uiautomator2.server.AppiumServlet.handleHttpRequest(AppiumServlet.java:271)\n\tat io.appium.uiautomator2.http.ServerHandler.channelRead(ServerHandler.java:77)\n\tat io.netty.channel.AbstractChannelHandlerContext.invokeChannelRead(AbstractChannelHandlerContext.java:366)\n\tat io.netty.channel.Abstr...
&amp#27;[38;5;128m[W3C]&amp#27;[0m Matched W3C error code 'no such element' to NoSuchElementError
&amp#27;[38;5;32m[AndroidUiautomator2Driver@d3db (cab71a55)]&amp#27;[0m Encountered internal error running command: NoSuchElementError: An element could not be located on the page using the given search parameters.
&amp#27;[38;5;32m[AndroidUiautomator2Driver@d3db (cab71a55)]&amp#27;[0m     at AndroidUiautomator2Driver.findElOrEls (C:\Users\abuba\.appium\node_modules\appium-uiautomator2-driver\node_modules\appium-android-driver\lib\commands\find.ts:87:11)
&amp#27;[38;5;32m[AndroidUiautomator2Driver@d3db (cab71a55)]&amp#27;[0m     at processTicksAndRejections (node:internal/process/task_queues:95:5)
&amp#27;[38;5;32m[AndroidUiautomator2Driver@d3db (cab71a55)]&amp#27;[0m     at AndroidUiautomator2Driver.findElOrElsWithProcessing (C:\Users\abuba\AppData\Roaming\npm\node_modules\appium\node_modules\@appium\base-driver\lib\basedriver\commands\find.ts:60:12)
&amp#27;[38;5;32m[AndroidUiautomator2Driver@d3db (cab71a55)]&amp#27;[0m     at AndroidUiautomator2Driver.findElement (C:\Users\abuba\AppData\Roaming\npm\node_modules\appium\node_modules\@appium\base-driver\lib\basedriver\commands\find.ts:75:12)
&amp#27;[38;5;0m[HTTP]&amp#27;[0m &amp#27;[37m<-- POST /session/cab71a55-a64e-4118-944e-543573feddd8/element &amp#27;[39m&amp#27;[33m404&amp#27;[39m &amp#27;[90m67 ms - 890&amp#27;[39m
&amp#27;[38;5;0m[HTTP]&amp#27;[0m &amp#27;[90m&amp#27;[39m
&amp#27;[38;5;0m[HTTP]&amp#27;[0m &amp#27;[37m-->&amp#27;[39m &amp#27;[37mPOST&amp#27;[39m &amp#27;[37m/session/cab71a55-a64e-4118-944e-543573feddd8/element&amp#27;[39m
&amp#27;[38;5;0m[HTTP]&amp#27;[0m &amp#27;[90m{"using":"xpath","value":"//android.view.View[@text='Today']"}&amp#27;[39m
&amp#27;[38;5;32m[AndroidUiautomator2Driver@d3db (cab71a55)]&amp#27;[0m Calling AppiumDriver.findElement() with args: ["xpath","//android.view.View[@text='Today']","cab71a55-a64e-4118-944e-543573feddd8"]
&amp#27;[38;5;32m[AndroidUiautomator2Driver@d3db (cab71a55)]&amp#27;[0m Valid locator strategies for this request: xpath, id, class name, accessibility id, css selector, -android uiautomator
&amp#27;[38;5;32m[AndroidUiautomator2Driver@d3db (cab71a55)]&amp#27;[0m Waiting up to 0 ms for condition
&amp#27;[38;5;32m[AndroidUiautomator2Driver@d3db (cab71a55)]&amp#27;[0m Matched '/element' to command name 'findElement'
&amp#27;[38;5;32m[AndroidUiautomator2Driver@d3db (cab71a55)]&amp#27;[0m Proxying [POST /element] to [POST http://127.0.0.1:8240/session/8092e625-0771-403d-bb5d-06fce980533d/element] with body: {"strategy":"xpath","selector":"//android.view.View[@text='Today']","context":"","multiple":false}
&amp#27;[38;5;32m[AndroidUiautomator2Driver@d3db (cab71a55)]&amp#27;[0m Got response with status 200: {"sessionId":"8092e625-0771-403d-bb5d-06fce980533d","value":{"ELEMENT":"00000000-0000-05d0-0000-002700000004","element-6066-11e4-a52e-4f735466cecf":"00000000-0000-05d0-0000-002700000004"}}
&amp#27;[38;5;32m[AndroidUiautomator2Driver@d3db (cab71a55)]&amp#27;[0m Responding to client with driver.findElement() result: {"element-6066-11e4-a52e-4f735466cecf":"00000000-0000-05d0-0000-002700000004","ELEMENT":"00000000-0000-05d0-0000-002700000004"}
&amp#27;[38;5;0m[HTTP]&amp#27;[0m &amp#27;[37m<-- POST /session/cab71a55-a64e-4118-944e-543573feddd8/element &amp#27;[39m&amp#27;[32m200&amp#27;[39m &amp#27;[90m137 ms - 137&amp#27;[39m
&amp#27;[38;5;0m[HTTP]&amp#27;[0m &amp#27;[90m&amp#27;[39m
&amp#27;[38;5;0m[HTTP]&amp#27;[0m &amp#27;[37m-->&amp#27;[39m &amp#27;[37mGET&amp#27;[39m &amp#27;[37m/session/cab71a55-a64e-4118-944e-543573feddd8/element/00000000-0000-05d0-0000-002700000004/displayed&amp#27;[39m
&amp#27;[38;5;0m[HTTP]&amp#27;[0m &amp#27;[90m{}&amp#27;[39m
&amp#27;[38;5;32m[AndroidUiautomator2Driver@d3db (cab71a55)]&amp#27;[0m Calling AppiumDriver.elementDisplayed() with args: ["00000000-0000-05d0-0000-002700000004","cab71a55-a64e-4118-944e-543573feddd8"]
&amp#27;[38;5;32m[AndroidUiautomator2Driver@d3db (cab71a55)]&amp#27;[0m Matched '/element/00000000-0000-05d0-0000-002700000004/attribute/displayed' to command name 'getAttribute'
&amp#27;[38;5;32m[AndroidUiautomator2Driver@d3db (cab71a55)]&amp#27;[0m Proxying [GET /element/00000000-0000-05d0-0000-002700000004/attribute/displayed] to [GET http://127.0.0.1:8240/session/8092e625-0771-403d-bb5d-06fce980533d/element/00000000-0000-05d0-0000-002700000004/attribute/displayed] with no body
&amp#27;[38;5;32m[AndroidUiautomator2Driver@d3db (cab71a55)]&amp#27;[0m Got response with status 200: {"sessionId":"8092e625-0771-403d-bb5d-06fce980533d","value":"true"}
&amp#27;[38;5;32m[AndroidUiautomator2Driver@d3db (cab71a55)]&amp#27;[0m Responding to client with driver.elementDisplayed() result: true
&amp#27;[38;5;0m[HTTP]&amp#27;[0m &amp#27;[37m<-- GET /session/cab71a55-a64e-4118-944e-543573feddd8/element/00000000-0000-05d0-0000-002700000004/displayed &amp#27;[39m&amp#27;[32m200&amp#27;[39m &amp#27;[90m11 ms - 14&amp#27;[39m
&amp#27;[38;5;0m[HTTP]&amp#27;[0m &amp#27;[90m&amp#27;[39m
&amp#27;[38;5;0m[HTTP]&amp#27;[0m &amp#27;[37m-->&amp#27;[39m &amp#27;[37mPOST&amp#27;[39m &amp#27;[37m/session/cab71a55-a64e-4118-944e-543573feddd8/element&amp#27;[39m
&amp#27;[38;5;0m[HTTP]&amp#27;[0m &amp#27;[90m{"using":"xpath","value":"//android.view.View[@text='Today']"}&amp#27;[39m
&amp#27;[38;5;32m[AndroidUiautomator2Driver@d3db (cab71a55)]&amp#27;[0m Calling AppiumDriver.findElement() with args: ["xpath","//android.view.View[@text='Today']","cab71a55-a64e-4118-944e-543573feddd8"]
&amp#27;[38;5;32m[AndroidUiautomator2Driver@d3db (cab71a55)]&amp#27;[0m Valid locator strategies for this request: xpath, id, class name, accessibility id, css selector, -android uiautomator
&amp#27;[38;5;32m[AndroidUiautomator2Driver@d3db (cab71a55)]&amp#27;[0m Waiting up to 0 ms for condition
&amp#27;[38;5;32m[AndroidUiautomator2Driver@d3db (cab71a55)]&amp#27;[0m Matched '/element' to command name 'findElement'
&amp#27;[38;5;32m[AndroidUiautomator2Driver@d3db (cab71a55)]&amp#27;[0m Proxying [POST /element] to [POST http://127.0.0.1:8240/session/8092e625-0771-403d-bb5d-06fce980533d/element] with body: {"strategy":"xpath","selector":"//android.view.View[@text='Today']","context":"","multiple":false}
&amp#27;[38;5;32m[AndroidUiautomator2Driver@d3db (cab71a55)]&amp#27;[0m Got response with status 200: {"sessionId":"8092e625-0771-403d-bb5d-06fce980533d","value":{"ELEMENT":"00000000-0000-05d0-0000-002700000004","element-6066-11e4-a52e-4f735466cecf":"00000000-0000-05d0-0000-002700000004"}}
&amp#27;[38;5;32m[AndroidUiautomator2Driver@d3db (cab71a55)]&amp#27;[0m Responding to client with driver.findElement() result: {"element-6066-11e4-a52e-4f735466cecf":"00000000-0000-05d0-0000-002700000004","ELEMENT":"00000000-0000-05d0-0000-002700000004"}
&amp#27;[38;5;0m[HTTP]&amp#27;[0m &amp#27;[37m<-- POST /session/cab71a55-a64e-4118-944e-543573feddd8/element &amp#27;[39m&amp#27;[32m200&amp#27;[39m &amp#27;[90m124 ms - 137&amp#27;[39m
&amp#27;[38;5;0m[HTTP]&amp#27;[0m &amp#27;[90m&amp#27;[39m
&amp#27;[38;5;0m[HTTP]&amp#27;[0m &amp#27;[37m-->&amp#27;[39m &amp#27;[37mPOST&amp#27;[39m &amp#27;[37m/session/cab71a55-a64e-4118-944e-543573feddd8/element&amp#27;[39m
&amp#27;[38;5;0m[HTTP]&amp#27;[0m &amp#27;[90m{"using":"xpath","value":"//android.view.View[@text='Today']"}&amp#27;[39m
&amp#27;[38;5;32m[AndroidUiautomator2Driver@d3db (cab71a55)]&amp#27;[0m Calling AppiumDriver.findElement() with args: ["xpath","//android.view.View[@text='Today']","cab71a55-a64e-4118-944e-543573feddd8"]
&amp#27;[38;5;32m[AndroidUiautomator2Driver@d3db (cab71a55)]&amp#27;[0m Valid locator strategies for this request: xpath, id, class name, accessibility id, css selector, -android uiautomator
&amp#27;[38;5;32m[AndroidUiautomator2Driver@d3db (cab71a55)]&amp#27;[0m Waiting up to 0 ms for condition
&amp#27;[38;5;32m[AndroidUiautomator2Driver@d3db (cab71a55)]&amp#27;[0m Matched '/element' to command name 'findElement'
&amp#27;[38;5;32m[AndroidUiautomator2Driver@d3db (cab71a55)]&amp#27;[0m Proxying [POST /element] to [POST http://127.0.0.1:8240/session/8092e625-0771-403d-bb5d-06fce980533d/element] with body: {"strategy":"xpath","selector":"//android.view.View[@text='Today']","context":"","multiple":false}
&amp#27;[38;5;32m[AndroidUiautomator2Driver@d3db (cab71a55)]&amp#27;[0m Got response with status 200: {"sessionId":"8092e625-0771-403d-bb5d-06fce980533d","value":{"ELEMENT":"00000000-0000-05d0-0000-002700000004","element-6066-11e4-a52e-4f735466cecf":"00000000-0000-05d0-0000-002700000004"}}
&amp#27;[38;5;32m[AndroidUiautomator2Driver@d3db (cab71a55)]&amp#27;[0m Responding to client with driver.findElement() result: {"element-6066-11e4-a52e-4f735466cecf":"00000000-0000-05d0-0000-002700000004","ELEMENT":"00000000-0000-05d0-0000-002700000004"}
&amp#27;[38;5;0m[HTTP]&amp#27;[0m &amp#27;[37m<-- POST /session/cab71a55-a64e-4118-944e-543573feddd8/element &amp#27;[39m&amp#27;[32m200&amp#27;[39m &amp#27;[90m118 ms - 137&amp#27;[39m
&amp#27;[38;5;0m[HTTP]&amp#27;[0m &amp#27;[90m&amp#27;[39m
&amp#27;[38;5;0m[HTTP]&amp#27;[0m &amp#27;[37m-->&amp#27;[39m &amp#27;[37mGET&amp#27;[39m &amp#27;[37m/session/cab71a55-a64e-4118-944e-543573feddd8/element/00000000-0000-05d0-0000-002700000004/text&amp#27;[39m
&amp#27;[38;5;0m[HTTP]&amp#27;[0m &amp#27;[90m{}&amp#27;[39m
&amp#27;[38;5;32m[AndroidUiautomator2Driver@d3db (cab71a55)]&amp#27;[0m Driver proxy active, passing request on via HTTP proxy
&amp#27;[38;5;32m[AndroidUiautomator2Driver@d3db (cab71a55)]&amp#27;[0m Matched '/session/cab71a55-a64e-4118-944e-543573feddd8/element/00000000-0000-05d0-0000-002700000004/text' to command name 'getText'
&amp#27;[38;5;32m[AndroidUiautomator2Driver@d3db (cab71a55)]&amp#27;[0m Proxying [GET /session/cab71a55-a64e-4118-944e-543573feddd8/element/00000000-0000-05d0-0000-002700000004/text] to [GET http://127.0.0.1:8240/session/8092e625-0771-403d-bb5d-06fce980533d/element/00000000-0000-05d0-0000-002700000004/text] with no body
&amp#27;[38;5;32m[AndroidUiautomator2Driver@d3db (cab71a55)]&amp#27;[0m Got response with status 200: {"sessionId":"8092e625-0771-403d-bb5d-06fce980533d","value":"Today"}
&amp#27;[38;5;32m[AndroidUiautomator2Driver@d3db (cab71a55)]&amp#27;[0m Replacing sessionId 8092e625-0771-403d-bb5d-06fce980533d with cab71a55-a64e-4118-944e-543573feddd8
&amp#27;[38;5;0m[HTTP]&amp#27;[0m &amp#27;[37m<-- GET /session/cab71a55-a64e-4118-944e-543573feddd8/element/00000000-0000-05d0-0000-002700000004/text &amp#27;[39m&amp#27;[32m200&amp#27;[39m &amp#27;[90m11 ms - 68&amp#27;[39m
&amp#27;[38;5;0m[HTTP]&amp#27;[0m &amp#27;[90m&amp#27;[39m
  &amp#27;[32mGiven &amp#27;[0m&amp#27;[32mI am a general user of the weather forcast&amp#27;[0m                                 &amp#27;[90m# weatherAppTest.StepDefinitions.i_am_a_general_user_of_the_weather_forcast()&amp#27;[0m
&amp#27;[38;5;0m[HTTP]&amp#27;[0m &amp#27;[37m-->&amp#27;[39m &amp#27;[37mPOST&amp#27;[39m &amp#27;[37m/session/cab71a55-a64e-4118-944e-543573feddd8/elements&amp#27;[39m
&amp#27;[38;5;0m[HTTP]&amp#27;[0m &amp#27;[90m{"using":"xpath","value":"//android.widget.HorizontalScrollView"}&amp#27;[39m
&amp#27;[38;5;32m[AndroidUiautomator2Driver@d3db (cab71a55)]&amp#27;[0m Calling AppiumDriver.findElements() with args: ["xpath","//android.widget.HorizontalScrollView","cab71a55-a64e-4118-944e-543573feddd8"]
&amp#27;[38;5;32m[AndroidUiautomator2Driver@d3db (cab71a55)]&amp#27;[0m Valid locator strategies for this request: xpath, id, class name, accessibility id, css selector, -android uiautomator
&amp#27;[38;5;32m[AndroidUiautomator2Driver@d3db (cab71a55)]&amp#27;[0m Waiting up to 0 ms for condition
&amp#27;[38;5;32m[AndroidUiautomator2Driver@d3db (cab71a55)]&amp#27;[0m Matched '/elements' to command name 'findElements'
&amp#27;[38;5;32m[AndroidUiautomator2Driver@d3db (cab71a55)]&amp#27;[0m Proxying [POST /elements] to [POST http://127.0.0.1:8240/session/8092e625-0771-403d-bb5d-06fce980533d/elements] with body: {"strategy":"xpath","selector":"//android.widget.HorizontalScrollView","context":"","multiple":true}
&amp#27;[38;5;32m[AndroidUiautomator2Driver@d3db (cab71a55)]&amp#27;[0m Got response with status 200: {"sessionId":"8092e625-0771-403d-bb5d-06fce980533d","value":[{"ELEMENT":"00000000-0000-05d0-0000-002900000004","element-6066-11e4-a52e-4f735466cecf":"00000000-0000-05d0-0000-002900000004"},{"ELEMENT":"00000000-0000-05d0-0000-002a00000004","element-6066-11e4-a52e-4f735466cecf":"00000000-0000-05d0-0000-002a00000004"}]}
&amp#27;[38;5;32m[AndroidUiautomator2Driver@d3db (cab71a55)]&amp#27;[0m Responding to client with driver.findElements() result: [{"element-6066-11e4-a52e-4f735466cecf":"00000000-0000-05d0-0000-002900000004","ELEMENT":"00000000-0000-05d0-0000-002900000004"},{"element-6066-11e4-a52e-4f735466cecf":"00000000-0000-05d0-0000-002a00000004","ELEMENT":"00000000-0000-05d0-0000-002a00000004"}]
&amp#27;[38;5;0m[HTTP]&amp#27;[0m &amp#27;[37m<-- POST /session/cab71a55-a64e-4118-944e-543573feddd8/elements &amp#27;[39m&amp#27;[32m200&amp#27;[39m &amp#27;[90m113 ms - 267&amp#27;[39m
&amp#27;[38;5;0m[HTTP]&amp#27;[0m &amp#27;[90m&amp#27;[39m
  &amp#27;[32mWhen &amp#27;[0m&amp#27;[32mI Select to view weekly weather forcast&amp#27;[0m                                     &amp#27;[90m# weatherAppTest.StepDefinitions.i_select_to_view_weekly_weather_forcast()&amp#27;[0m
&amp#27;[38;5;0m[HTTP]&amp#27;[0m &amp#27;[37m-->&amp#27;[39m &amp#27;[37mPOST&amp#27;[39m &amp#27;[37m/session/cab71a55-a64e-4118-944e-543573feddd8/elements&amp#27;[39m
&amp#27;[38;5;0m[HTTP]&amp#27;[0m &amp#27;[90m{"using":"xpath","value":"//android.widget.HorizontalScrollView"}&amp#27;[39m
&amp#27;[38;5;32m[AndroidUiautomator2Driver@d3db (cab71a55)]&amp#27;[0m Calling AppiumDriver.findElements() with args: ["xpath","//android.widget.HorizontalScrollView","cab71a55-a64e-4118-944e-543573feddd8"]
&amp#27;[38;5;32m[AndroidUiautomator2Driver@d3db (cab71a55)]&amp#27;[0m Valid locator strategies for this request: xpath, id, class name, accessibility id, css selector, -android uiautomator
&amp#27;[38;5;32m[AndroidUiautomator2Driver@d3db (cab71a55)]&amp#27;[0m Waiting up to 0 ms for condition
&amp#27;[38;5;32m[AndroidUiautomator2Driver@d3db (cab71a55)]&amp#27;[0m Matched '/elements' to command name 'findElements'
&amp#27;[38;5;32m[AndroidUiautomator2Driver@d3db (cab71a55)]&amp#27;[0m Proxying [POST /elements] to [POST http://127.0.0.1:8240/session/8092e625-0771-403d-bb5d-06fce980533d/elements] with body: {"strategy":"xpath","selector":"//android.widget.HorizontalScrollView","context":"","multiple":true}
&amp#27;[38;5;32m[AndroidUiautomator2Driver@d3db (cab71a55)]&amp#27;[0m Got response with status 200: {"sessionId":"8092e625-0771-403d-bb5d-06fce980533d","value":[{"ELEMENT":"00000000-0000-05d0-0000-002900000004","element-6066-11e4-a52e-4f735466cecf":"00000000-0000-05d0-0000-002900000004"},{"ELEMENT":"00000000-0000-05d0-0000-002a00000004","element-6066-11e4-a52e-4f735466cecf":"00000000-0000-05d0-0000-002a00000004"}]}
&amp#27;[38;5;32m[AndroidUiautomator2Driver@d3db (cab71a55)]&amp#27;[0m Responding to client with driver.findElements() result: [{"element-6066-11e4-a52e-4f735466cecf":"00000000-0000-05d0-0000-002900000004","ELEMENT":"00000000-0000-05d0-0000-002900000004"},{"element-6066-11e4-a52e-4f735466cecf":"00000000-0000-05d0-0000-002a00000004","ELEMENT":"00000000-0000-05d0-0000-002a00000004"}]
&amp#27;[38;5;0m[HTTP]&amp#27;[0m &amp#27;[37m<-- POST /session/cab71a55-a64e-4118-944e-543573feddd8/elements &amp#27;[39m&amp#27;[32m200&amp#27;[39m &amp#27;[90m106 ms - 267&amp#27;[39m
&amp#27;[38;5;0m[HTTP]&amp#27;[0m &amp#27;[90m&amp#27;[39m
&amp#27;[38;5;0m[HTTP]&amp#27;[0m &amp#27;[37m-->&amp#27;[39m &amp#27;[37mPOST&amp#27;[39m &amp#27;[37m/session/cab71a55-a64e-4118-944e-543573feddd8/element/00000000-0000-05d0-0000-002a00000004/elements&amp#27;[39m
&amp#27;[38;5;0m[HTTP]&amp#27;[0m &amp#27;[90m{"id":"00000000-0000-05d0-0000-002a00000004","using":"xpath","value":"//android.view.View"}&amp#27;[39m
&amp#27;[38;5;32m[AndroidUiautomator2Driver@d3db (cab71a55)]&amp#27;[0m Calling AppiumDriver.findElementsFromElement() with args: ["xpath","//android.view.View","00000000-0000-05d0-0000-002a00000004","cab71a55-a64e-4118-944e-543573feddd8"]
&amp#27;[38;5;32m[AndroidUiautomator2Driver@d3db (cab71a55)]&amp#27;[0m Valid locator strategies for this request: xpath, id, class name, accessibility id, css selector, -android uiautomator
&amp#27;[38;5;32m[AndroidUiautomator2Driver@d3db (cab71a55)]&amp#27;[0m Waiting up to 0 ms for condition
&amp#27;[38;5;32m[AndroidUiautomator2Driver@d3db (cab71a55)]&amp#27;[0m Matched '/elements' to command name 'findElements'
&amp#27;[38;5;32m[AndroidUiautomator2Driver@d3db (cab71a55)]&amp#27;[0m Proxying [POST /elements] to [POST http://127.0.0.1:8240/session/8092e625-0771-403d-bb5d-06fce980533d/elements] with body: {"strategy":"xpath","selector":"//android.view.View","context":"00000000-0000-05d0-0000-002a00000004","multiple":true}
&amp#27;[38;5;32m[AndroidUiautomator2Driver@d3db (cab71a55)]&amp#27;[0m Got response with status 200: {"sessionId":"8092e625-0771-403d-bb5d-06fce980533d","value":[{"ELEMENT":"00000000-0000-05d0-0000-004b00000004","element-6066-11e4-a52e-4f735466cecf":"00000000-0000-05d0-0000-004b00000004"},{"ELEMENT":"00000000-0000-05d0-0000-004d00000004","element-6066-11e4-a52e-4f735466cecf":"00000000-0000-05d0-0000-004d00000004"},{"ELEMENT":"00000000-0000-05d0-0000-004f00000004","element-6066-11e4-a52e-4f735466cecf":"00000000-0000-05d0-0000-004f00000004"},{"ELEMENT":"00000000-0000-05d0-0000-005100000004","element-6066-11e4-a52e-4f735466cecf":"00000000-0000-05d0-0000-005100000004"},{"ELEMENT":"00000000-0000-05d0-0000-005300000004","element-6066-11e4-a52e-4f735466cecf":"00000000-0000-05d0-0000-005300000004"},{"ELEMENT":"00000000-0000-05d0-0000-005500000004","element-6066-11e4-a52e-4f735466cecf":"00000000-0000-05d0-0000-005500000004"},{"ELEMENT":"00000000-0000-05d0-0000-005700000004","element-6066-11e4-a52e-4f735466cecf":"00000000-0000-05d0-0000-005700000004"},{"ELEMENT":"00000000-0000-05d0-0000-005900000004","element-6066-...
&amp#27;[38;5;32m[AndroidUiautomator2Driver@d3db (cab71a55)]&amp#27;[0m Responding to client with driver.findElementsFromElement() result: [{"element-6066-11e4-a52e-4f735466cecf":"00000000-0000-05d0-0000-004b00000004","ELEMENT":"00000000-0000-05d0-0000-004b00000004"},{"element-6066-11e4-a52e-4f735466cecf":"00000000-0000-05d0-0000-004d00000004","ELEMENT":"00000000-0000-05d0-0000-004d00000004"},{"element-6066-11e4-a52e-4f735466cecf":"00000000-0000-05d0-0000-004f00000004","ELEMENT":"00000000-0000-05d0-0000-004f00000004"},{"element-6066-11e4-a52e-4f735466cecf":"00000000-0000-05d0-0000-005100000004","ELEMENT":"00000000-0000-05d0-0000-005100000004"},{"element-6066-11e4-a52e-4f735466cecf":"00000000-0000-05d0-0000-005300000004","ELEMENT":"00000000-0000-05d0-0000-005300000004"},{"element-6066-11e4-a52e-4f735466cecf":"00000000-0000-05d0-0000-005500000004","ELEMENT":"00000000-0000-05d0-0000-005500000004"},{"element-6066-11e4-a52e-4f735466cecf":"00000000-0000-05d0-0000-005700000004","ELEMENT":"00000000-0000-05d0-0000-005700000004"},{"element-6066-11e4-a52e-4f735466cecf":"00000000-0000-05d0-0000-005900000004","ELEMENT":"00000000-0000-05d0-0000-00590000000...
&amp#27;[38;5;0m[HTTP]&amp#27;[0m &amp#27;[37m<-- POST /session/cab71a55-a64e-4118-944e-543573feddd8/element/00000000-0000-05d0-0000-002a00000004/elements &amp#27;[39m&amp#27;[32m200&amp#27;[39m &amp#27;[90m50 ms - 2059&amp#27;[39m
&amp#27;[38;5;0m[HTTP]&amp#27;[0m &amp#27;[90m&amp#27;[39m
&amp#27;[38;5;0m[HTTP]&amp#27;[0m &amp#27;[37m-->&amp#27;[39m &amp#27;[37mGET&amp#27;[39m &amp#27;[37m/session/cab71a55-a64e-4118-944e-543573feddd8/element/00000000-0000-05d0-0000-004b00000004/text&amp#27;[39m
&amp#27;[38;5;0m[HTTP]&amp#27;[0m &amp#27;[90m{}&amp#27;[39m
&amp#27;[38;5;32m[AndroidUiautomator2Driver@d3db (cab71a55)]&amp#27;[0m Driver proxy active, passing request on via HTTP proxy
&amp#27;[38;5;32m[AndroidUiautomator2Driver@d3db (cab71a55)]&amp#27;[0m Matched '/session/cab71a55-a64e-4118-944e-543573feddd8/element/00000000-0000-05d0-0000-004b00000004/text' to command name 'getText'
&amp#27;[38;5;32m[AndroidUiautomator2Driver@d3db (cab71a55)]&amp#27;[0m Proxying [GET /session/cab71a55-a64e-4118-944e-543573feddd8/element/00000000-0000-05d0-0000-004b00000004/text] to [GET http://127.0.0.1:8240/session/8092e625-0771-403d-bb5d-06fce980533d/element/00000000-0000-05d0-0000-004b00000004/text] with no body
&amp#27;[38;5;32m[AndroidUiautomator2Driver@d3db (cab71a55)]&amp#27;[0m Got response with status 200: {"sessionId":"8092e625-0771-403d-bb5d-06fce980533d","value":"Sun"}
&amp#27;[38;5;32m[AndroidUiautomator2Driver@d3db (cab71a55)]&amp#27;[0m Replacing sessionId 8092e625-0771-403d-bb5d-06fce980533d with cab71a55-a64e-4118-944e-543573feddd8
&amp#27;[38;5;0m[HTTP]&amp#27;[0m &amp#27;[37m<-- GET /session/cab71a55-a64e-4118-944e-543573feddd8/element/00000000-0000-05d0-0000-004b00000004/text &amp#27;[39m&amp#27;[32m200&amp#27;[39m &amp#27;[90m10 ms - 66&amp#27;[39m
&amp#27;[38;5;0m[HTTP]&amp#27;[0m &amp#27;[90m&amp#27;[39m
&amp#27;[38;5;0m[HTTP]&amp#27;[0m &amp#27;[37m-->&amp#27;[39m &amp#27;[37mGET&amp#27;[39m &amp#27;[37m/session/cab71a55-a64e-4118-944e-543573feddd8/element/00000000-0000-05d0-0000-004d00000004/text&amp#27;[39m
&amp#27;[38;5;0m[HTTP]&amp#27;[0m &amp#27;[90m{}&amp#27;[39m
&amp#27;[38;5;32m[AndroidUiautomator2Driver@d3db (cab71a55)]&amp#27;[0m Driver proxy active, passing request on via HTTP proxy
&amp#27;[38;5;32m[AndroidUiautomator2Driver@d3db (cab71a55)]&amp#27;[0m Matched '/session/cab71a55-a64e-4118-944e-543573feddd8/element/00000000-0000-05d0-0000-004d00000004/text' to command name 'getText'
&amp#27;[38;5;32m[AndroidUiautomator2Driver@d3db (cab71a55)]&amp#27;[0m Proxying [GET /session/cab71a55-a64e-4118-944e-543573feddd8/element/00000000-0000-05d0-0000-004d00000004/text] to [GET http://127.0.0.1:8240/session/8092e625-0771-403d-bb5d-06fce980533d/element/00000000-0000-05d0-0000-004d00000004/text] with no body
&amp#27;[38;5;32m[AndroidUiautomator2Driver@d3db (cab71a55)]&amp#27;[0m Got response with status 200: {"sessionId":"8092e625-0771-403d-bb5d-06fce980533d","value":"moderate rain"}
&amp#27;[38;5;32m[AndroidUiautomator2Driver@d3db (cab71a55)]&amp#27;[0m Replacing sessionId 8092e625-0771-403d-bb5d-06fce980533d with cab71a55-a64e-4118-944e-543573feddd8
&amp#27;[38;5;0m[HTTP]&amp#27;[0m &amp#27;[37m<-- GET /session/cab71a55-a64e-4118-944e-543573feddd8/element/00000000-0000-05d0-0000-004d00000004/text &amp#27;[39m&amp#27;[32m200&amp#27;[39m &amp#27;[90m10 ms - 76&amp#27;[39m
&amp#27;[38;5;0m[HTTP]&amp#27;[0m &amp#27;[90m&amp#27;[39m
&amp#27;[38;5;0m[HTTP]&amp#27;[0m &amp#27;[37m-->&amp#27;[39m &amp#27;[37mGET&amp#27;[39m &amp#27;[37m/session/cab71a55-a64e-4118-944e-543573feddd8/element/00000000-0000-05d0-0000-004f00000004/text&amp#27;[39m
&amp#27;[38;5;0m[HTTP]&amp#27;[0m &amp#27;[90m{}&amp#27;[39m
&amp#27;[38;5;32m[AndroidUiautomator2Driver@d3db (cab71a55)]&amp#27;[0m Driver proxy active, passing request on via HTTP proxy
&amp#27;[38;5;32m[AndroidUiautomator2Driver@d3db (cab71a55)]&amp#27;[0m Matched '/session/cab71a55-a64e-4118-944e-543573feddd8/element/00000000-0000-05d0-0000-004f00000004/text' to command name 'getText'
&amp#27;[38;5;32m[AndroidUiautomator2Driver@d3db (cab71a55)]&amp#27;[0m Proxying [GET /session/cab71a55-a64e-4118-944e-543573feddd8/element/00000000-0000-05d0-0000-004f00000004/text] to [GET http://127.0.0.1:8240/session/8092e625-0771-403d-bb5d-06fce980533d/element/00000000-0000-05d0-0000-004f00000004/text] with no body
&amp#27;[38;5;32m[AndroidUiautomator2Driver@d3db (cab71a55)]&amp#27;[0m Got response with status 200: {"sessionId":"8092e625-0771-403d-bb5d-06fce980533d","value":"76 %"}
&amp#27;[38;5;32m[AndroidUiautomator2Driver@d3db (cab71a55)]&amp#27;[0m Replacing sessionId 8092e625-0771-403d-bb5d-06fce980533d with cab71a55-a64e-4118-944e-543573feddd8
&amp#27;[38;5;0m[HTTP]&amp#27;[0m &amp#27;[37m<-- GET /session/cab71a55-a64e-4118-944e-543573feddd8/element/00000000-0000-05d0-0000-004f00000004/text &amp#27;[39m&amp#27;[32m200&amp#27;[39m &amp#27;[90m10 ms - 67&amp#27;[39m
&amp#27;[38;5;0m[HTTP]&amp#27;[0m &amp#27;[90m&amp#27;[39m
&amp#27;[38;5;0m[HTTP]&amp#27;[0m &amp#27;[37m-->&amp#27;[39m &amp#27;[37mGET&amp#27;[39m &amp#27;[37m/session/cab71a55-a64e-4118-944e-543573feddd8/element/00000000-0000-05d0-0000-005100000004/text&amp#27;[39m
&amp#27;[38;5;0m[HTTP]&amp#27;[0m &amp#27;[90m{}&amp#27;[39m
&amp#27;[38;5;32m[AndroidUiautomator2Driver@d3db (cab71a55)]&amp#27;[0m Driver proxy active, passing request on via HTTP proxy
&amp#27;[38;5;32m[AndroidUiautomator2Driver@d3db (cab71a55)]&amp#27;[0m Matched '/session/cab71a55-a64e-4118-944e-543573feddd8/element/00000000-0000-05d0-0000-005100000004/text' to command name 'getText'
&amp#27;[38;5;32m[AndroidUiautomator2Driver@d3db (cab71a55)]&amp#27;[0m Proxying [GET /session/cab71a55-a64e-4118-944e-543573feddd8/element/00000000-0000-05d0-0000-005100000004/text] to [GET http://127.0.0.1:8240/session/8092e625-0771-403d-bb5d-06fce980533d/element/00000000-0000-05d0-0000-005100000004/text] with no body
&amp#27;[38;5;32m[AndroidUiautomator2Driver@d3db (cab71a55)]&amp#27;[0m Got response with status 200: {"sessionId":"8092e625-0771-403d-bb5d-06fce980533d","value":"13 Â°C"}
&amp#27;[38;5;32m[AndroidUiautomator2Driver@d3db (cab71a55)]&amp#27;[0m Replacing sessionId 8092e625-0771-403d-bb5d-06fce980533d with cab71a55-a64e-4118-944e-543573feddd8
&amp#27;[38;5;0m[HTTP]&amp#27;[0m &amp#27;[37m<-- GET /session/cab71a55-a64e-4118-944e-543573feddd8/element/00000000-0000-05d0-0000-005100000004/text &amp#27;[39m&amp#27;[32m200&amp#27;[39m &amp#27;[90m10 ms - 69&amp#27;[39m
&amp#27;[38;5;0m[HTTP]&amp#27;[0m &amp#27;[90m&amp#27;[39m
&amp#27;[38;5;0m[HTTP]&amp#27;[0m &amp#27;[37m-->&amp#27;[39m &amp#27;[37mGET&amp#27;[39m &amp#27;[37m/session/cab71a55-a64e-4118-944e-543573feddd8/element/00000000-0000-05d0-0000-005300000004/text&amp#27;[39m
&amp#27;[38;5;0m[HTTP]&amp#27;[0m &amp#27;[90m{}&amp#27;[39m
&amp#27;[38;5;32m[AndroidUiautomator2Driver@d3db (cab71a55)]&amp#27;[0m Driver proxy active, passing request on via HTTP proxy
&amp#27;[38;5;32m[AndroidUiautomator2Driver@d3db (cab71a55)]&amp#27;[0m Matched '/session/cab71a55-a64e-4118-944e-543573feddd8/element/00000000-0000-05d0-0000-005300000004/text' to command name 'getText'
&amp#27;[38;5;32m[AndroidUiautomator2Driver@d3db (cab71a55)]&amp#27;[0m Proxying [GET /session/cab71a55-a64e-4118-944e-543573feddd8/element/00000000-0000-05d0-0000-005300000004/text] to [GET http://127.0.0.1:8240/session/8092e625-0771-403d-bb5d-06fce980533d/element/00000000-0000-05d0-0000-005300000004/text] with no body
&amp#27;[38;5;32m[AndroidUiautomator2Driver@d3db (cab71a55)]&amp#27;[0m Got response with status 200: {"sessionId":"8092e625-0771-403d-bb5d-06fce980533d","value":"Mon"}
&amp#27;[38;5;32m[AndroidUiautomator2Driver@d3db (cab71a55)]&amp#27;[0m Replacing sessionId 8092e625-0771-403d-bb5d-06fce980533d with cab71a55-a64e-4118-944e-543573feddd8
&amp#27;[38;5;0m[HTTP]&amp#27;[0m &amp#27;[37m<-- GET /session/cab71a55-a64e-4118-944e-543573feddd8/element/00000000-0000-05d0-0000-005300000004/text &amp#27;[39m&amp#27;[32m200&amp#27;[39m &amp#27;[90m10 ms - 66&amp#27;[39m
&amp#27;[38;5;0m[HTTP]&amp#27;[0m &amp#27;[90m&amp#27;[39m
&amp#27;[38;5;0m[HTTP]&amp#27;[0m &amp#27;[37m-->&amp#27;[39m &amp#27;[37mGET&amp#27;[39m &amp#27;[37m/session/cab71a55-a64e-4118-944e-543573feddd8/element/00000000-0000-05d0-0000-005500000004/text&amp#27;[39m
&amp#27;[38;5;0m[HTTP]&amp#27;[0m &amp#27;[90m{}&amp#27;[39m
&amp#27;[38;5;32m[AndroidUiautomator2Driver@d3db (cab71a55)]&amp#27;[0m Driver proxy active, passing request on via HTTP proxy
&amp#27;[38;5;32m[AndroidUiautomator2Driver@d3db (cab71a55)]&amp#27;[0m Matched '/session/cab71a55-a64e-4118-944e-543573feddd8/element/00000000-0000-05d0-0000-005500000004/text' to command name 'getText'
&amp#27;[38;5;32m[AndroidUiautomator2Driver@d3db (cab71a55)]&amp#27;[0m Proxying [GET /session/cab71a55-a64e-4118-944e-543573feddd8/element/00000000-0000-05d0-0000-005500000004/text] to [GET http://127.0.0.1:8240/session/8092e625-0771-403d-bb5d-06fce980533d/element/00000000-0000-05d0-0000-005500000004/text] with no body
&amp#27;[38;5;32m[AndroidUiautomator2Driver@d3db (cab71a55)]&amp#27;[0m Got response with status 200: {"sessionId":"8092e625-0771-403d-bb5d-06fce980533d","value":"moderate rain"}
&amp#27;[38;5;32m[AndroidUiautomator2Driver@d3db (cab71a55)]&amp#27;[0m Replacing sessionId 8092e625-0771-403d-bb5d-06fce980533d with cab71a55-a64e-4118-944e-543573feddd8
&amp#27;[38;5;0m[HTTP]&amp#27;[0m &amp#27;[37m<-- GET /session/cab71a55-a64e-4118-944e-543573feddd8/element/00000000-0000-05d0-0000-005500000004/text &amp#27;[39m&amp#27;[32m200&amp#27;[39m &amp#27;[90m10 ms - 76&amp#27;[39m
&amp#27;[38;5;0m[HTTP]&amp#27;[0m &amp#27;[90m&amp#27;[39m
&amp#27;[38;5;0m[HTTP]&amp#27;[0m &amp#27;[37m-->&amp#27;[39m &amp#27;[37mGET&amp#27;[39m &amp#27;[37m/session/cab71a55-a64e-4118-944e-543573feddd8/element/00000000-0000-05d0-0000-005700000004/text&amp#27;[39m
&amp#27;[38;5;0m[HTTP]&amp#27;[0m &amp#27;[90m{}&amp#27;[39m
&amp#27;[38;5;32m[AndroidUiautomator2Driver@d3db (cab71a55)]&amp#27;[0m Driver proxy active, passing request on via HTTP proxy
&amp#27;[38;5;32m[AndroidUiautomator2Driver@d3db (cab71a55)]&amp#27;[0m Matched '/session/cab71a55-a64e-4118-944e-543573feddd8/element/00000000-0000-05d0-0000-005700000004/text' to command name 'getText'
&amp#27;[38;5;32m[AndroidUiautomator2Driver@d3db (cab71a55)]&amp#27;[0m Proxying [GET /session/cab71a55-a64e-4118-944e-543573feddd8/element/00000000-0000-05d0-0000-005700000004/text] to [GET http://127.0.0.1:8240/session/8092e625-0771-403d-bb5d-06fce980533d/element/00000000-0000-05d0-0000-005700000004/text] with no body
&amp#27;[38;5;32m[AndroidUiautomator2Driver@d3db (cab71a55)]&amp#27;[0m Got response with status 200: {"sessionId":"8092e625-0771-403d-bb5d-06fce980533d","value":"71 %"}
&amp#27;[38;5;32m[AndroidUiautomator2Driver@d3db (cab71a55)]&amp#27;[0m Replacing sessionId 8092e625-0771-403d-bb5d-06fce980533d with cab71a55-a64e-4118-944e-543573feddd8
&amp#27;[38;5;0m[HTTP]&amp#27;[0m &amp#27;[37m<-- GET /session/cab71a55-a64e-4118-944e-543573feddd8/element/00000000-0000-05d0-0000-005700000004/text &amp#27;[39m&amp#27;[32m200&amp#27;[39m &amp#27;[90m10 ms - 67&amp#27;[39m
&amp#27;[38;5;0m[HTTP]&amp#27;[0m &amp#27;[90m&amp#27;[39m
&amp#27;[38;5;0m[HTTP]&amp#27;[0m &amp#27;[37m-->&amp#27;[39m &amp#27;[37mGET&amp#27;[39m &amp#27;[37m/session/cab71a55-a64e-4118-944e-543573feddd8/element/00000000-0000-05d0-0000-005900000004/text&amp#27;[39m
&amp#27;[38;5;0m[HTTP]&amp#27;[0m &amp#27;[90m{}&amp#27;[39m
&amp#27;[38;5;32m[AndroidUiautomator2Driver@d3db (cab71a55)]&amp#27;[0m Driver proxy active, passing request on via HTTP proxy
&amp#27;[38;5;32m[AndroidUiautomator2Driver@d3db (cab71a55)]&amp#27;[0m Matched '/session/cab71a55-a64e-4118-944e-543573feddd8/element/00000000-0000-05d0-0000-005900000004/text' to command name 'getText'
&amp#27;[38;5;32m[AndroidUiautomator2Driver@d3db (cab71a55)]&amp#27;[0m Proxying [GET /session/cab71a55-a64e-4118-944e-543573feddd8/element/00000000-0000-05d0-0000-005900000004/text] to [GET http://127.0.0.1:8240/session/8092e625-0771-403d-bb5d-06fce980533d/element/00000000-0000-05d0-0000-005900000004/text] with no body
&amp#27;[38;5;32m[AndroidUiautomator2Driver@d3db (cab71a55)]&amp#27;[0m Got response with status 200: {"sessionId":"8092e625-0771-403d-bb5d-06fce980533d","value":"14 Â°C"}
&amp#27;[38;5;32m[AndroidUiautomator2Driver@d3db (cab71a55)]&amp#27;[0m Replacing sessionId 8092e625-0771-403d-bb5d-06fce980533d with cab71a55-a64e-4118-944e-543573feddd8
&amp#27;[38;5;0m[HTTP]&amp#27;[0m &amp#27;[37m<-- GET /session/cab71a55-a64e-4118-944e-543573feddd8/element/00000000-0000-05d0-0000-005900000004/text &amp#27;[39m&amp#27;[32m200&amp#27;[39m &amp#27;[90m9 ms - 69&amp#27;[39m
&amp#27;[38;5;0m[HTTP]&amp#27;[0m &amp#27;[90m&amp#27;[39m
&amp#27;[38;5;0m[HTTP]&amp#27;[0m &amp#27;[37m-->&amp#27;[39m &amp#27;[37mGET&amp#27;[39m &amp#27;[37m/session/cab71a55-a64e-4118-944e-543573feddd8/element/00000000-0000-05d0-0000-005b00000004/text&amp#27;[39m
&amp#27;[38;5;0m[HTTP]&amp#27;[0m &amp#27;[90m{}&amp#27;[39m
&amp#27;[38;5;32m[AndroidUiautomator2Driver@d3db (cab71a55)]&amp#27;[0m Driver proxy active, passing request on via HTTP proxy
&amp#27;[38;5;32m[AndroidUiautomator2Driver@d3db (cab71a55)]&amp#27;[0m Matched '/session/cab71a55-a64e-4118-944e-543573feddd8/element/00000000-0000-05d0-0000-005b00000004/text' to command name 'getText'
&amp#27;[38;5;32m[AndroidUiautomator2Driver@d3db (cab71a55)]&amp#27;[0m Proxying [GET /session/cab71a55-a64e-4118-944e-543573feddd8/element/00000000-0000-05d0-0000-005b00000004/text] to [GET http://127.0.0.1:8240/session/8092e625-0771-403d-bb5d-06fce980533d/element/00000000-0000-05d0-0000-005b00000004/text] with no body
&amp#27;[38;5;32m[AndroidUiautomator2Driver@d3db (cab71a55)]&amp#27;[0m Got response with status 200: {"sessionId":"8092e625-0771-403d-bb5d-06fce980533d","value":"Tue"}
&amp#27;[38;5;32m[AndroidUiautomator2Driver@d3db (cab71a55)]&amp#27;[0m Replacing sessionId 8092e625-0771-403d-bb5d-06fce980533d with cab71a55-a64e-4118-944e-543573feddd8
&amp#27;[38;5;0m[HTTP]&amp#27;[0m &amp#27;[37m<-- GET /session/cab71a55-a64e-4118-944e-543573feddd8/element/00000000-0000-05d0-0000-005b00000004/text &amp#27;[39m&amp#27;[32m200&amp#27;[39m &amp#27;[90m10 ms - 66&amp#27;[39m
&amp#27;[38;5;0m[HTTP]&amp#27;[0m &amp#27;[90m&amp#27;[39m
&amp#27;[38;5;0m[HTTP]&amp#27;[0m &amp#27;[37m-->&amp#27;[39m &amp#27;[37mGET&amp#27;[39m &amp#27;[37m/session/cab71a55-a64e-4118-944e-543573feddd8/element/00000000-0000-05d0-0000-005d00000004/text&amp#27;[39m
&amp#27;[38;5;0m[HTTP]&amp#27;[0m &amp#27;[90m{}&amp#27;[39m
&amp#27;[38;5;32m[AndroidUiautomator2Driver@d3db (cab71a55)]&amp#27;[0m Driver proxy active, passing request on via HTTP proxy
&amp#27;[38;5;32m[AndroidUiautomator2Driver@d3db (cab71a55)]&amp#27;[0m Matched '/session/cab71a55-a64e-4118-944e-543573feddd8/element/00000000-0000-05d0-0000-005d00000004/text' to command name 'getText'
&amp#27;[38;5;32m[AndroidUiautomator2Driver@d3db (cab71a55)]&amp#27;[0m Proxying [GET /session/cab71a55-a64e-4118-944e-543573feddd8/element/00000000-0000-05d0-0000-005d00000004/text] to [GET http://127.0.0.1:8240/session/8092e625-0771-403d-bb5d-06fce980533d/element/00000000-0000-05d0-0000-005d00000004/text] with no body
&amp#27;[38;5;32m[AndroidUiautomator2Driver@d3db (cab71a55)]&amp#27;[0m Got response with status 200: {"sessionId":"8092e625-0771-403d-bb5d-06fce980533d","value":"broken clouds"}
&amp#27;[38;5;32m[AndroidUiautomator2Driver@d3db (cab71a55)]&amp#27;[0m Replacing sessionId 8092e625-0771-403d-bb5d-06fce980533d with cab71a55-a64e-4118-944e-543573feddd8
&amp#27;[38;5;0m[HTTP]&amp#27;[0m &amp#27;[37m<-- GET /session/cab71a55-a64e-4118-944e-543573feddd8/element/00000000-0000-05d0-0000-005d00000004/text &amp#27;[39m&amp#27;[32m200&amp#27;[39m &amp#27;[90m9 ms - 76&amp#27;[39m
&amp#27;[38;5;0m[HTTP]&amp#27;[0m &amp#27;[90m&amp#27;[39m
&amp#27;[38;5;0m[HTTP]&amp#27;[0m &amp#27;[37m-->&amp#27;[39m &amp#27;[37mGET&amp#27;[39m &amp#27;[37m/session/cab71a55-a64e-4118-944e-543573feddd8/element/00000000-0000-05d0-0000-005f00000004/text&amp#27;[39m
&amp#27;[38;5;0m[HTTP]&amp#27;[0m &amp#27;[90m{}&amp#27;[39m
&amp#27;[38;5;32m[AndroidUiautomator2Driver@d3db (cab71a55)]&amp#27;[0m Driver proxy active, passing request on via HTTP proxy
&amp#27;[38;5;32m[AndroidUiautomator2Driver@d3db (cab71a55)]&amp#27;[0m Matched '/session/cab71a55-a64e-4118-944e-543573feddd8/element/00000000-0000-05d0-0000-005f00000004/text' to command name 'getText'
&amp#27;[38;5;32m[AndroidUiautomator2Driver@d3db (cab71a55)]&amp#27;[0m Proxying [GET /session/cab71a55-a64e-4118-944e-543573feddd8/element/00000000-0000-05d0-0000-005f00000004/text] to [GET http://127.0.0.1:8240/session/8092e625-0771-403d-bb5d-06fce980533d/element/00000000-0000-05d0-0000-005f00000004/text] with no body
&amp#27;[38;5;32m[AndroidUiautomator2Driver@d3db (cab71a55)]&amp#27;[0m Got response with status 200: {"sessionId":"8092e625-0771-403d-bb5d-06fce980533d","value":"66 %"}
&amp#27;[38;5;32m[AndroidUiautomator2Driver@d3db (cab71a55)]&amp#27;[0m Replacing sessionId 8092e625-0771-403d-bb5d-06fce980533d with cab71a55-a64e-4118-944e-543573feddd8
&amp#27;[38;5;0m[HTTP]&amp#27;[0m &amp#27;[37m<-- GET /session/cab71a55-a64e-4118-944e-543573feddd8/element/00000000-0000-05d0-0000-005f00000004/text &amp#27;[39m&amp#27;[32m200&amp#27;[39m &amp#27;[90m9 ms - 67&amp#27;[39m
&amp#27;[38;5;0m[HTTP]&amp#27;[0m &amp#27;[90m&amp#27;[39m
&amp#27;[38;5;0m[HTTP]&amp#27;[0m &amp#27;[37m-->&amp#27;[39m &amp#27;[37mGET&amp#27;[39m &amp#27;[37m/session/cab71a55-a64e-4118-944e-543573feddd8/element/00000000-0000-05d0-0000-006100000004/text&amp#27;[39m
&amp#27;[38;5;0m[HTTP]&amp#27;[0m &amp#27;[90m{}&amp#27;[39m
&amp#27;[38;5;32m[AndroidUiautomator2Driver@d3db (cab71a55)]&amp#27;[0m Driver proxy active, passing request on via HTTP proxy
&amp#27;[38;5;32m[AndroidUiautomator2Driver@d3db (cab71a55)]&amp#27;[0m Matched '/session/cab71a55-a64e-4118-944e-543573feddd8/element/00000000-0000-05d0-0000-006100000004/text' to command name 'getText'
&amp#27;[38;5;32m[AndroidUiautomator2Driver@d3db (cab71a55)]&amp#27;[0m Proxying [GET /session/cab71a55-a64e-4118-944e-543573feddd8/element/00000000-0000-05d0-0000-006100000004/text] to [GET http://127.0.0.1:8240/session/8092e625-0771-403d-bb5d-06fce980533d/element/00000000-0000-05d0-0000-006100000004/text] with no body
&amp#27;[38;5;32m[AndroidUiautomator2Driver@d3db (cab71a55)]&amp#27;[0m Got response with status 200: {"sessionId":"8092e625-0771-403d-bb5d-06fce980533d","value":"15 Â°C"}
&amp#27;[38;5;32m[AndroidUiautomator2Driver@d3db (cab71a55)]&amp#27;[0m Replacing sessionId 8092e625-0771-403d-bb5d-06fce980533d with cab71a55-a64e-4118-944e-543573feddd8
&amp#27;[38;5;0m[HTTP]&amp#27;[0m &amp#27;[37m<-- GET /session/cab71a55-a64e-4118-944e-543573feddd8/element/00000000-0000-05d0-0000-006100000004/text &amp#27;[39m&amp#27;[32m200&amp#27;[39m &amp#27;[90m9 ms - 69&amp#27;[39m
&amp#27;[38;5;0m[HTTP]&amp#27;[0m &amp#27;[90m&amp#27;[39m
&amp#27;[38;5;0m[HTTP]&amp#27;[0m &amp#27;[37m-->&amp#27;[39m &amp#27;[37mGET&amp#27;[39m &amp#27;[37m/session/cab71a55-a64e-4118-944e-543573feddd8/element/00000000-0000-05d0-0000-006300000004/text&amp#27;[39m
&amp#27;[38;5;0m[HTTP]&amp#27;[0m &amp#27;[90m{}&amp#27;[39m
&amp#27;[38;5;32m[AndroidUiautomator2Driver@d3db (cab71a55)]&amp#27;[0m Driver proxy active, passing request on via HTTP proxy
&amp#27;[38;5;32m[AndroidUiautomator2Driver@d3db (cab71a55)]&amp#27;[0m Matched '/session/cab71a55-a64e-4118-944e-543573feddd8/element/00000000-0000-05d0-0000-006300000004/text' to command name 'getText'
&amp#27;[38;5;32m[AndroidUiautomator2Driver@d3db (cab71a55)]&amp#27;[0m Proxying [GET /session/cab71a55-a64e-4118-944e-543573feddd8/element/00000000-0000-05d0-0000-006300000004/text] to [GET http://127.0.0.1:8240/session/8092e625-0771-403d-bb5d-06fce980533d/element/00000000-0000-05d0-0000-006300000004/text] with no body
&amp#27;[38;5;32m[AndroidUiautomator2Driver@d3db (cab71a55)]&amp#27;[0m Got response with status 200: {"sessionId":"8092e625-0771-403d-bb5d-06fce980533d","value":"Wed"}
&amp#27;[38;5;32m[AndroidUiautomator2Driver@d3db (cab71a55)]&amp#27;[0m Replacing sessionId 8092e625-0771-403d-bb5d-06fce980533d with cab71a55-a64e-4118-944e-543573feddd8
&amp#27;[38;5;0m[HTTP]&amp#27;[0m &amp#27;[37m<-- GET /session/cab71a55-a64e-4118-944e-543573feddd8/element/00000000-0000-05d0-0000-006300000004/text &amp#27;[39m&amp#27;[32m200&amp#27;[39m &amp#27;[90m9 ms - 66&amp#27;[39m
&amp#27;[38;5;0m[HTTP]&amp#27;[0m &amp#27;[90m&amp#27;[39m
&amp#27;[38;5;0m[HTTP]&amp#27;[0m &amp#27;[37m-->&amp#27;[39m &amp#27;[37mGET&amp#27;[39m &amp#27;[37m/session/cab71a55-a64e-4118-944e-543573feddd8/element/00000000-0000-05d0-0000-006500000004/text&amp#27;[39m
&amp#27;[38;5;0m[HTTP]&amp#27;[0m &amp#27;[90m{}&amp#27;[39m
&amp#27;[38;5;32m[AndroidUiautomator2Driver@d3db (cab71a55)]&amp#27;[0m Driver proxy active, passing request on via HTTP proxy
&amp#27;[38;5;32m[AndroidUiautomator2Driver@d3db (cab71a55)]&amp#27;[0m Matched '/session/cab71a55-a64e-4118-944e-543573feddd8/element/00000000-0000-05d0-0000-006500000004/text' to command name 'getText'
&amp#27;[38;5;32m[AndroidUiautomator2Driver@d3db (cab71a55)]&amp#27;[0m Proxying [GET /session/cab71a55-a64e-4118-944e-543573feddd8/element/00000000-0000-05d0-0000-006500000004/text] to [GET http://127.0.0.1:8240/session/8092e625-0771-403d-bb5d-06fce980533d/element/00000000-0000-05d0-0000-006500000004/text] with no body
&amp#27;[38;5;32m[AndroidUiautomator2Driver@d3db (cab71a55)]&amp#27;[0m Got response with status 200: {"sessionId":"8092e625-0771-403d-bb5d-06fce980533d","value":"light rain"}
&amp#27;[38;5;32m[AndroidUiautomator2Driver@d3db (cab71a55)]&amp#27;[0m Replacing sessionId 8092e625-0771-403d-bb5d-06fce980533d with cab71a55-a64e-4118-944e-543573feddd8
&amp#27;[38;5;0m[HTTP]&amp#27;[0m &amp#27;[37m<-- GET /session/cab71a55-a64e-4118-944e-543573feddd8/element/00000000-0000-05d0-0000-006500000004/text &amp#27;[39m&amp#27;[32m200&amp#27;[39m &amp#27;[90m9 ms - 73&amp#27;[39m
&amp#27;[38;5;0m[HTTP]&amp#27;[0m &amp#27;[90m&amp#27;[39m
&amp#27;[38;5;0m[HTTP]&amp#27;[0m &amp#27;[37m-->&amp#27;[39m &amp#27;[37mGET&amp#27;[39m &amp#27;[37m/session/cab71a55-a64e-4118-944e-543573feddd8/element/00000000-0000-05d0-0000-006700000004/text&amp#27;[39m
&amp#27;[38;5;0m[HTTP]&amp#27;[0m &amp#27;[90m{}&amp#27;[39m
&amp#27;[38;5;32m[AndroidUiautomator2Driver@d3db (cab71a55)]&amp#27;[0m Driver proxy active, passing request on via HTTP proxy
&amp#27;[38;5;32m[AndroidUiautomator2Driver@d3db (cab71a55)]&amp#27;[0m Matched '/session/cab71a55-a64e-4118-944e-543573feddd8/element/00000000-0000-05d0-0000-006700000004/text' to command name 'getText'
&amp#27;[38;5;32m[AndroidUiautomator2Driver@d3db (cab71a55)]&amp#27;[0m Proxying [GET /session/cab71a55-a64e-4118-944e-543573feddd8/element/00000000-0000-05d0-0000-006700000004/text] to [GET http://127.0.0.1:8240/session/8092e625-0771-403d-bb5d-06fce980533d/element/00000000-0000-05d0-0000-006700000004/text] with no body
&amp#27;[38;5;32m[AndroidUiautomator2Driver@d3db (cab71a55)]&amp#27;[0m Got response with status 200: {"sessionId":"8092e625-0771-403d-bb5d-06fce980533d","value":"57 %"}
&amp#27;[38;5;32m[AndroidUiautomator2Driver@d3db (cab71a55)]&amp#27;[0m Replacing sessionId 8092e625-0771-403d-bb5d-06fce980533d with cab71a55-a64e-4118-944e-543573feddd8
&amp#27;[38;5;0m[HTTP]&amp#27;[0m &amp#27;[37m<-- GET /session/cab71a55-a64e-4118-944e-543573feddd8/element/00000000-0000-05d0-0000-006700000004/text &amp#27;[39m&amp#27;[32m200&amp#27;[39m &amp#27;[90m9 ms - 67&amp#27;[39m
&amp#27;[38;5;0m[HTTP]&amp#27;[0m &amp#27;[90m&amp#27;[39m
&amp#27;[38;5;0m[HTTP]&amp#27;[0m &amp#27;[37m-->&amp#27;[39m &amp#27;[37mGET&amp#27;[39m &amp#27;[37m/session/cab71a55-a64e-4118-944e-543573feddd8/element/00000000-0000-05d0-0000-006900000004/text&amp#27;[39m
&amp#27;[38;5;0m[HTTP]&amp#27;[0m &amp#27;[90m{}&amp#27;[39m
&amp#27;[38;5;32m[AndroidUiautomator2Driver@d3db (cab71a55)]&amp#27;[0m Driver proxy active, passing request on via HTTP proxy
&amp#27;[38;5;32m[AndroidUiautomator2Driver@d3db (cab71a55)]&amp#27;[0m Matched '/session/cab71a55-a64e-4118-944e-543573feddd8/element/00000000-0000-05d0-0000-006900000004/text' to command name 'getText'
&amp#27;[38;5;32m[AndroidUiautomator2Driver@d3db (cab71a55)]&amp#27;[0m Proxying [GET /session/cab71a55-a64e-4118-944e-543573feddd8/element/00000000-0000-05d0-0000-006900000004/text] to [GET http://127.0.0.1:8240/session/8092e625-0771-403d-bb5d-06fce980533d/element/00000000-0000-05d0-0000-006900000004/text] with no body
&amp#27;[38;5;32m[AndroidUiautomator2Driver@d3db (cab71a55)]&amp#27;[0m Got response with status 200: {"sessionId":"8092e625-0771-403d-bb5d-06fce980533d","value":"15 Â°C"}
&amp#27;[38;5;32m[AndroidUiautomator2Driver@d3db (cab71a55)]&amp#27;[0m Replacing sessionId 8092e625-0771-403d-bb5d-06fce980533d with cab71a55-a64e-4118-944e-543573feddd8
&amp#27;[38;5;0m[HTTP]&amp#27;[0m &amp#27;[37m<-- GET /session/cab71a55-a64e-4118-944e-543573feddd8/element/00000000-0000-05d0-0000-006900000004/text &amp#27;[39m&amp#27;[32m200&amp#27;[39m &amp#27;[90m9 ms - 69&amp#27;[39m
&amp#27;[38;5;0m[HTTP]&amp#27;[0m &amp#27;[90m&amp#27;[39m
&amp#27;[38;5;0m[HTTP]&amp#27;[0m &amp#27;[37m-->&amp#27;[39m &amp#27;[37mPOST&amp#27;[39m &amp#27;[37m/session/cab71a55-a64e-4118-944e-543573feddd8/execute/sync&amp#27;[39m
&amp#27;[38;5;0m[HTTP]&amp#27;[0m &amp#27;[90m{"script":"mobile: swipeGesture","args":[{"elementId":"00000000-0000-05d0-0000-002a00000004","percent":0.4,"speed":320,"direction":"left"}]}&amp#27;[39m
&amp#27;[38;5;32m[AndroidUiautomator2Driver@d3db (cab71a55)]&amp#27;[0m Calling AppiumDriver.execute() with args: ["mobile: swipeGesture",[{"elementId":"00000000-0000-05d0-0000-002a00000004","percent":0.4,"speed":320,"direction":"left"}],"cab71a55-a64e-4118-944e-543573feddd8"]
&amp#27;[38;5;32m[AndroidUiautomator2Driver@d3db (cab71a55)]&amp#27;[0m Executing method 'mobile: swipeGesture'
&amp#27;[38;5;32m[AndroidUiautomator2Driver@d3db (cab71a55)]&amp#27;[0m Proxying [POST /appium/gestures/swipe] to [POST http://127.0.0.1:8240/session/8092e625-0771-403d-bb5d-06fce980533d/appium/gestures/swipe] with body: {"origin":{"ELEMENT":"00000000-0000-05d0-0000-002a00000004","element-6066-11e4-a52e-4f735466cecf":"00000000-0000-05d0-0000-002a00000004"},"direction":"left","percent":0.4,"speed":320}
&amp#27;[38;5;32m[AndroidUiautomator2Driver@d3db (cab71a55)]&amp#27;[0m Got response with status 200: {"sessionId":"8092e625-0771-403d-bb5d-06fce980533d","value":null}
&amp#27;[38;5;32m[AndroidUiautomator2Driver@d3db (cab71a55)]&amp#27;[0m Responding to client with driver.execute() result: null
&amp#27;[38;5;0m[HTTP]&amp#27;[0m &amp#27;[37m<-- POST /session/cab71a55-a64e-4118-944e-543573feddd8/execute/sync &amp#27;[39m&amp#27;[32m200&amp#27;[39m &amp#27;[90m1552 ms - 14&amp#27;[39m
&amp#27;[38;5;0m[HTTP]&amp#27;[0m &amp#27;[90m&amp#27;[39m
&amp#27;[38;5;0m[HTTP]&amp#27;[0m &amp#27;[37m-->&amp#27;[39m &amp#27;[37mPOST&amp#27;[39m &amp#27;[37m/session/cab71a55-a64e-4118-944e-543573feddd8/elements&amp#27;[39m
&amp#27;[38;5;0m[HTTP]&amp#27;[0m &amp#27;[90m{"using":"xpath","value":"//android.widget.HorizontalScrollView"}&amp#27;[39m
&amp#27;[38;5;32m[AndroidUiautomator2Driver@d3db (cab71a55)]&amp#27;[0m Calling AppiumDriver.findElements() with args: ["xpath","//android.widget.HorizontalScrollView","cab71a55-a64e-4118-944e-543573feddd8"]
&amp#27;[38;5;32m[AndroidUiautomator2Driver@d3db (cab71a55)]&amp#27;[0m Valid locator strategies for this request: xpath, id, class name, accessibility id, css selector, -android uiautomator
&amp#27;[38;5;32m[AndroidUiautomator2Driver@d3db (cab71a55)]&amp#27;[0m Waiting up to 0 ms for condition
&amp#27;[38;5;32m[AndroidUiautomator2Driver@d3db (cab71a55)]&amp#27;[0m Matched '/elements' to command name 'findElements'
&amp#27;[38;5;32m[AndroidUiautomator2Driver@d3db (cab71a55)]&amp#27;[0m Proxying [POST /elements] to [POST http://127.0.0.1:8240/session/8092e625-0771-403d-bb5d-06fce980533d/elements] with body: {"strategy":"xpath","selector":"//android.widget.HorizontalScrollView","context":"","multiple":true}
&amp#27;[38;5;32m[AndroidUiautomator2Driver@d3db (cab71a55)]&amp#27;[0m Got response with status 200: {"sessionId":"8092e625-0771-403d-bb5d-06fce980533d","value":[{"ELEMENT":"00000000-0000-05d0-0000-002900000004","element-6066-11e4-a52e-4f735466cecf":"00000000-0000-05d0-0000-002900000004"},{"ELEMENT":"00000000-0000-05d0-0000-002a00000004","element-6066-11e4-a52e-4f735466cecf":"00000000-0000-05d0-0000-002a00000004"}]}
&amp#27;[38;5;32m[AndroidUiautomator2Driver@d3db (cab71a55)]&amp#27;[0m Responding to client with driver.findElements() result: [{"element-6066-11e4-a52e-4f735466cecf":"00000000-0000-05d0-0000-002900000004","ELEMENT":"00000000-0000-05d0-0000-002900000004"},{"element-6066-11e4-a52e-4f735466cecf":"00000000-0000-05d0-0000-002a00000004","ELEMENT":"00000000-0000-05d0-0000-002a00000004"}]
&amp#27;[38;5;0m[HTTP]&amp#27;[0m &amp#27;[37m<-- POST /session/cab71a55-a64e-4118-944e-543573feddd8/elements &amp#27;[39m&amp#27;[32m200&amp#27;[39m &amp#27;[90m135 ms - 267&amp#27;[39m
&amp#27;[38;5;0m[HTTP]&amp#27;[0m &amp#27;[90m&amp#27;[39m
&amp#27;[38;5;0m[HTTP]&amp#27;[0m &amp#27;[37m-->&amp#27;[39m &amp#27;[37mPOST&amp#27;[39m &amp#27;[37m/session/cab71a55-a64e-4118-944e-543573feddd8/element/00000000-0000-05d0-0000-002a00000004/elements&amp#27;[39m
&amp#27;[38;5;0m[HTTP]&amp#27;[0m &amp#27;[90m{"id":"00000000-0000-05d0-0000-002a00000004","using":"xpath","value":"//android.view.View"}&amp#27;[39m
&amp#27;[38;5;32m[AndroidUiautomator2Driver@d3db (cab71a55)]&amp#27;[0m Calling AppiumDriver.findElementsFromElement() with args: ["xpath","//android.view.View","00000000-0000-05d0-0000-002a00000004","cab71a55-a64e-4118-944e-543573feddd8"]
&amp#27;[38;5;32m[AndroidUiautomator2Driver@d3db (cab71a55)]&amp#27;[0m Valid locator strategies for this request: xpath, id, class name, accessibility id, css selector, -android uiautomator
&amp#27;[38;5;32m[AndroidUiautomator2Driver@d3db (cab71a55)]&amp#27;[0m Waiting up to 0 ms for condition
&amp#27;[38;5;32m[AndroidUiautomator2Driver@d3db (cab71a55)]&amp#27;[0m Matched '/elements' to command name 'findElements'
&amp#27;[38;5;32m[AndroidUiautomator2Driver@d3db (cab71a55)]&amp#27;[0m Proxying [POST /elements] to [POST http://127.0.0.1:8240/session/8092e625-0771-403d-bb5d-06fce980533d/elements] with body: {"strategy":"xpath","selector":"//android.view.View","context":"00000000-0000-05d0-0000-002a00000004","multiple":true}
&amp#27;[38;5;32m[AndroidUiautomator2Driver@d3db (cab71a55)]&amp#27;[0m Got response with status 200: {"sessionId":"8092e625-0771-403d-bb5d-06fce980533d","value":[{"ELEMENT":"00000000-0000-05d0-0000-005300000004","element-6066-11e4-a52e-4f735466cecf":"00000000-0000-05d0-0000-005300000004"},{"ELEMENT":"00000000-0000-05d0-0000-005500000004","element-6066-11e4-a52e-4f735466cecf":"00000000-0000-05d0-0000-005500000004"},{"ELEMENT":"00000000-0000-05d0-0000-005700000004","element-6066-11e4-a52e-4f735466cecf":"00000000-0000-05d0-0000-005700000004"},{"ELEMENT":"00000000-0000-05d0-0000-005900000004","element-6066-11e4-a52e-4f735466cecf":"00000000-0000-05d0-0000-005900000004"},{"ELEMENT":"00000000-0000-05d0-0000-005b00000004","element-6066-11e4-a52e-4f735466cecf":"00000000-0000-05d0-0000-005b00000004"},{"ELEMENT":"00000000-0000-05d0-0000-005d00000004","element-6066-11e4-a52e-4f735466cecf":"00000000-0000-05d0-0000-005d00000004"},{"ELEMENT":"00000000-0000-05d0-0000-005f00000004","element-6066-11e4-a52e-4f735466cecf":"00000000-0000-05d0-0000-005f00000004"},{"ELEMENT":"00000000-0000-05d0-0000-006100000004","element-6066-...
&amp#27;[38;5;32m[AndroidUiautomator2Driver@d3db (cab71a55)]&amp#27;[0m Responding to client with driver.findElementsFromElement() result: [{"element-6066-11e4-a52e-4f735466cecf":"00000000-0000-05d0-0000-005300000004","ELEMENT":"00000000-0000-05d0-0000-005300000004"},{"element-6066-11e4-a52e-4f735466cecf":"00000000-0000-05d0-0000-005500000004","ELEMENT":"00000000-0000-05d0-0000-005500000004"},{"element-6066-11e4-a52e-4f735466cecf":"00000000-0000-05d0-0000-005700000004","ELEMENT":"00000000-0000-05d0-0000-005700000004"},{"element-6066-11e4-a52e-4f735466cecf":"00000000-0000-05d0-0000-005900000004","ELEMENT":"00000000-0000-05d0-0000-005900000004"},{"element-6066-11e4-a52e-4f735466cecf":"00000000-0000-05d0-0000-005b00000004","ELEMENT":"00000000-0000-05d0-0000-005b00000004"},{"element-6066-11e4-a52e-4f735466cecf":"00000000-0000-05d0-0000-005d00000004","ELEMENT":"00000000-0000-05d0-0000-005d00000004"},{"element-6066-11e4-a52e-4f735466cecf":"00000000-0000-05d0-0000-005f00000004","ELEMENT":"00000000-0000-05d0-0000-005f00000004"},{"element-6066-11e4-a52e-4f735466cecf":"00000000-0000-05d0-0000-006100000004","ELEMENT":"00000000-0000-05d0-0000-00610000000...
&amp#27;[38;5;0m[HTTP]&amp#27;[0m &amp#27;[37m<-- POST /session/cab71a55-a64e-4118-944e-543573feddd8/element/00000000-0000-05d0-0000-002a00000004/elements &amp#27;[39m&amp#27;[32m200&amp#27;[39m &amp#27;[90m50 ms - 2059&amp#27;[39m
&amp#27;[38;5;0m[HTTP]&amp#27;[0m &amp#27;[90m&amp#27;[39m
&amp#27;[38;5;0m[HTTP]&amp#27;[0m &amp#27;[37m-->&amp#27;[39m &amp#27;[37mGET&amp#27;[39m &amp#27;[37m/session/cab71a55-a64e-4118-944e-543573feddd8/element/00000000-0000-05d0-0000-005300000004/text&amp#27;[39m
&amp#27;[38;5;0m[HTTP]&amp#27;[0m &amp#27;[90m{}&amp#27;[39m
&amp#27;[38;5;32m[AndroidUiautomator2Driver@d3db (cab71a55)]&amp#27;[0m Driver proxy active, passing request on via HTTP proxy
&amp#27;[38;5;32m[AndroidUiautomator2Driver@d3db (cab71a55)]&amp#27;[0m Matched '/session/cab71a55-a64e-4118-944e-543573feddd8/element/00000000-0000-05d0-0000-005300000004/text' to command name 'getText'
&amp#27;[38;5;32m[AndroidUiautomator2Driver@d3db (cab71a55)]&amp#27;[0m Proxying [GET /session/cab71a55-a64e-4118-944e-543573feddd8/element/00000000-0000-05d0-0000-005300000004/text] to [GET http://127.0.0.1:8240/session/8092e625-0771-403d-bb5d-06fce980533d/element/00000000-0000-05d0-0000-005300000004/text] with no body
&amp#27;[38;5;32m[AndroidUiautomator2Driver@d3db (cab71a55)]&amp#27;[0m Got response with status 200: {"sessionId":"8092e625-0771-403d-bb5d-06fce980533d","value":"Mon"}
&amp#27;[38;5;32m[AndroidUiautomator2Driver@d3db (cab71a55)]&amp#27;[0m Replacing sessionId 8092e625-0771-403d-bb5d-06fce980533d with cab71a55-a64e-4118-944e-543573feddd8
&amp#27;[38;5;0m[HTTP]&amp#27;[0m &amp#27;[37m<-- GET /session/cab71a55-a64e-4118-944e-543573feddd8/element/00000000-0000-05d0-0000-005300000004/text &amp#27;[39m&amp#27;[32m200&amp#27;[39m &amp#27;[90m9 ms - 66&amp#27;[39m
&amp#27;[38;5;0m[HTTP]&amp#27;[0m &amp#27;[90m&amp#27;[39m
&amp#27;[38;5;0m[HTTP]&amp#27;[0m &amp#27;[37m-->&amp#27;[39m &amp#27;[37mGET&amp#27;[39m &amp#27;[37m/session/cab71a55-a64e-4118-944e-543573feddd8/element/00000000-0000-05d0-0000-005500000004/text&amp#27;[39m
&amp#27;[38;5;0m[HTTP]&amp#27;[0m &amp#27;[90m{}&amp#27;[39m
&amp#27;[38;5;32m[AndroidUiautomator2Driver@d3db (cab71a55)]&amp#27;[0m Driver proxy active, passing request on via HTTP proxy
&amp#27;[38;5;32m[AndroidUiautomator2Driver@d3db (cab71a55)]&amp#27;[0m Matched '/session/cab71a55-a64e-4118-944e-543573feddd8/element/00000000-0000-05d0-0000-005500000004/text' to command name 'getText'
&amp#27;[38;5;32m[AndroidUiautomator2Driver@d3db (cab71a55)]&amp#27;[0m Proxying [GET /session/cab71a55-a64e-4118-944e-543573feddd8/element/00000000-0000-05d0-0000-005500000004/text] to [GET http://127.0.0.1:8240/session/8092e625-0771-403d-bb5d-06fce980533d/element/00000000-0000-05d0-0000-005500000004/text] with no body
&amp#27;[38;5;32m[AndroidUiautomator2Driver@d3db (cab71a55)]&amp#27;[0m Got response with status 200: {"sessionId":"8092e625-0771-403d-bb5d-06fce980533d","value":"moderate rain"}
&amp#27;[38;5;32m[AndroidUiautomator2Driver@d3db (cab71a55)]&amp#27;[0m Replacing sessionId 8092e625-0771-403d-bb5d-06fce980533d with cab71a55-a64e-4118-944e-543573feddd8
&amp#27;[38;5;0m[HTTP]&amp#27;[0m &amp#27;[37m<-- GET /session/cab71a55-a64e-4118-944e-543573feddd8/element/00000000-0000-05d0-0000-005500000004/text &amp#27;[39m&amp#27;[32m200&amp#27;[39m &amp#27;[90m9 ms - 76&amp#27;[39m
&amp#27;[38;5;0m[HTTP]&amp#27;[0m &amp#27;[90m&amp#27;[39m
&amp#27;[38;5;0m[HTTP]&amp#27;[0m &amp#27;[37m-->&amp#27;[39m &amp#27;[37mGET&amp#27;[39m &amp#27;[37m/session/cab71a55-a64e-4118-944e-543573feddd8/element/00000000-0000-05d0-0000-005700000004/text&amp#27;[39m
&amp#27;[38;5;0m[HTTP]&amp#27;[0m &amp#27;[90m{}&amp#27;[39m
&amp#27;[38;5;32m[AndroidUiautomator2Driver@d3db (cab71a55)]&amp#27;[0m Driver proxy active, passing request on via HTTP proxy
&amp#27;[38;5;32m[AndroidUiautomator2Driver@d3db (cab71a55)]&amp#27;[0m Matched '/session/cab71a55-a64e-4118-944e-543573feddd8/element/00000000-0000-05d0-0000-005700000004/text' to command name 'getText'
&amp#27;[38;5;32m[AndroidUiautomator2Driver@d3db (cab71a55)]&amp#27;[0m Proxying [GET /session/cab71a55-a64e-4118-944e-543573feddd8/element/00000000-0000-05d0-0000-005700000004/text] to [GET http://127.0.0.1:8240/session/8092e625-0771-403d-bb5d-06fce980533d/element/00000000-0000-05d0-0000-005700000004/text] with no body
&amp#27;[38;5;32m[AndroidUiautomator2Driver@d3db (cab71a55)]&amp#27;[0m Got response with status 200: {"sessionId":"8092e625-0771-403d-bb5d-06fce980533d","value":"71 %"}
&amp#27;[38;5;32m[AndroidUiautomator2Driver@d3db (cab71a55)]&amp#27;[0m Replacing sessionId 8092e625-0771-403d-bb5d-06fce980533d with cab71a55-a64e-4118-944e-543573feddd8
&amp#27;[38;5;0m[HTTP]&amp#27;[0m &amp#27;[37m<-- GET /session/cab71a55-a64e-4118-944e-543573feddd8/element/00000000-0000-05d0-0000-005700000004/text &amp#27;[39m&amp#27;[32m200&amp#27;[39m &amp#27;[90m10 ms - 67&amp#27;[39m
&amp#27;[38;5;0m[HTTP]&amp#27;[0m &amp#27;[90m&amp#27;[39m
&amp#27;[38;5;0m[HTTP]&amp#27;[0m &amp#27;[37m-->&amp#27;[39m &amp#27;[37mGET&amp#27;[39m &amp#27;[37m/session/cab71a55-a64e-4118-944e-543573feddd8/element/00000000-0000-05d0-0000-005900000004/text&amp#27;[39m
&amp#27;[38;5;0m[HTTP]&amp#27;[0m &amp#27;[90m{}&amp#27;[39m
&amp#27;[38;5;32m[AndroidUiautomator2Driver@d3db (cab71a55)]&amp#27;[0m Driver proxy active, passing request on via HTTP proxy
&amp#27;[38;5;32m[AndroidUiautomator2Driver@d3db (cab71a55)]&amp#27;[0m Matched '/session/cab71a55-a64e-4118-944e-543573feddd8/element/00000000-0000-05d0-0000-005900000004/text' to command name 'getText'
&amp#27;[38;5;32m[AndroidUiautomator2Driver@d3db (cab71a55)]&amp#27;[0m Proxying [GET /session/cab71a55-a64e-4118-944e-543573feddd8/element/00000000-0000-05d0-0000-005900000004/text] to [GET http://127.0.0.1:8240/session/8092e625-0771-403d-bb5d-06fce980533d/element/00000000-0000-05d0-0000-005900000004/text] with no body
&amp#27;[38;5;32m[AndroidUiautomator2Driver@d3db (cab71a55)]&amp#27;[0m Got response with status 200: {"sessionId":"8092e625-0771-403d-bb5d-06fce980533d","value":"14 Â°C"}
&amp#27;[38;5;32m[AndroidUiautomator2Driver@d3db (cab71a55)]&amp#27;[0m Replacing sessionId 8092e625-0771-403d-bb5d-06fce980533d with cab71a55-a64e-4118-944e-543573feddd8
&amp#27;[38;5;0m[HTTP]&amp#27;[0m &amp#27;[37m<-- GET /session/cab71a55-a64e-4118-944e-543573feddd8/element/00000000-0000-05d0-0000-005900000004/text &amp#27;[39m&amp#27;[32m200&amp#27;[39m &amp#27;[90m10 ms - 69&amp#27;[39m
&amp#27;[38;5;0m[HTTP]&amp#27;[0m &amp#27;[90m&amp#27;[39m
&amp#27;[38;5;0m[HTTP]&amp#27;[0m &amp#27;[37m-->&amp#27;[39m &amp#27;[37mGET&amp#27;[39m &amp#27;[37m/session/cab71a55-a64e-4118-944e-543573feddd8/element/00000000-0000-05d0-0000-005b00000004/text&amp#27;[39m
&amp#27;[38;5;0m[HTTP]&amp#27;[0m &amp#27;[90m{}&amp#27;[39m
&amp#27;[38;5;32m[AndroidUiautomator2Driver@d3db (cab71a55)]&amp#27;[0m Driver proxy active, passing request on via HTTP proxy
&amp#27;[38;5;32m[AndroidUiautomator2Driver@d3db (cab71a55)]&amp#27;[0m Matched '/session/cab71a55-a64e-4118-944e-543573feddd8/element/00000000-0000-05d0-0000-005b00000004/text' to command name 'getText'
&amp#27;[38;5;32m[AndroidUiautomator2Driver@d3db (cab71a55)]&amp#27;[0m Proxying [GET /session/cab71a55-a64e-4118-944e-543573feddd8/element/00000000-0000-05d0-0000-005b00000004/text] to [GET http://127.0.0.1:8240/session/8092e625-0771-403d-bb5d-06fce980533d/element/00000000-0000-05d0-0000-005b00000004/text] with no body
&amp#27;[38;5;32m[AndroidUiautomator2Driver@d3db (cab71a55)]&amp#27;[0m Got response with status 200: {"sessionId":"8092e625-0771-403d-bb5d-06fce980533d","value":"Tue"}
&amp#27;[38;5;32m[AndroidUiautomator2Driver@d3db (cab71a55)]&amp#27;[0m Replacing sessionId 8092e625-0771-403d-bb5d-06fce980533d with cab71a55-a64e-4118-944e-543573feddd8
&amp#27;[38;5;0m[HTTP]&amp#27;[0m &amp#27;[37m<-- GET /session/cab71a55-a64e-4118-944e-543573feddd8/element/00000000-0000-05d0-0000-005b00000004/text &amp#27;[39m&amp#27;[32m200&amp#27;[39m &amp#27;[90m10 ms - 66&amp#27;[39m
&amp#27;[38;5;0m[HTTP]&amp#27;[0m &amp#27;[90m&amp#27;[39m
&amp#27;[38;5;0m[HTTP]&amp#27;[0m &amp#27;[37m-->&amp#27;[39m &amp#27;[37mGET&amp#27;[39m &amp#27;[37m/session/cab71a55-a64e-4118-944e-543573feddd8/element/00000000-0000-05d0-0000-005d00000004/text&amp#27;[39m
&amp#27;[38;5;0m[HTTP]&amp#27;[0m &amp#27;[90m{}&amp#27;[39m
&amp#27;[38;5;32m[AndroidUiautomator2Driver@d3db (cab71a55)]&amp#27;[0m Driver proxy active, passing request on via HTTP proxy
&amp#27;[38;5;32m[AndroidUiautomator2Driver@d3db (cab71a55)]&amp#27;[0m Matched '/session/cab71a55-a64e-4118-944e-543573feddd8/element/00000000-0000-05d0-0000-005d00000004/text' to command name 'getText'
&amp#27;[38;5;32m[AndroidUiautomator2Driver@d3db (cab71a55)]&amp#27;[0m Proxying [GET /session/cab71a55-a64e-4118-944e-543573feddd8/element/00000000-0000-05d0-0000-005d00000004/text] to [GET http://127.0.0.1:8240/session/8092e625-0771-403d-bb5d-06fce980533d/element/00000000-0000-05d0-0000-005d00000004/text] with no body
&amp#27;[38;5;32m[AndroidUiautomator2Driver@d3db (cab71a55)]&amp#27;[0m Got response with status 200: {"sessionId":"8092e625-0771-403d-bb5d-06fce980533d","value":"broken clouds"}
&amp#27;[38;5;32m[AndroidUiautomator2Driver@d3db (cab71a55)]&amp#27;[0m Replacing sessionId 8092e625-0771-403d-bb5d-06fce980533d with cab71a55-a64e-4118-944e-543573feddd8
&amp#27;[38;5;0m[HTTP]&amp#27;[0m &amp#27;[37m<-- GET /session/cab71a55-a64e-4118-944e-543573feddd8/element/00000000-0000-05d0-0000-005d00000004/text &amp#27;[39m&amp#27;[32m200&amp#27;[39m &amp#27;[90m10 ms - 76&amp#27;[39m
&amp#27;[38;5;0m[HTTP]&amp#27;[0m &amp#27;[90m&amp#27;[39m
&amp#27;[38;5;0m[HTTP]&amp#27;[0m &amp#27;[37m-->&amp#27;[39m &amp#27;[37mGET&amp#27;[39m &amp#27;[37m/session/cab71a55-a64e-4118-944e-543573feddd8/element/00000000-0000-05d0-0000-005f00000004/text&amp#27;[39m
&amp#27;[38;5;0m[HTTP]&amp#27;[0m &amp#27;[90m{}&amp#27;[39m
&amp#27;[38;5;32m[AndroidUiautomator2Driver@d3db (cab71a55)]&amp#27;[0m Driver proxy active, passing request on via HTTP proxy
&amp#27;[38;5;32m[AndroidUiautomator2Driver@d3db (cab71a55)]&amp#27;[0m Matched '/session/cab71a55-a64e-4118-944e-543573feddd8/element/00000000-0000-05d0-0000-005f00000004/text' to command name 'getText'
&amp#27;[38;5;32m[AndroidUiautomator2Driver@d3db (cab71a55)]&amp#27;[0m Proxying [GET /session/cab71a55-a64e-4118-944e-543573feddd8/element/00000000-0000-05d0-0000-005f00000004/text] to [GET http://127.0.0.1:8240/session/8092e625-0771-403d-bb5d-06fce980533d/element/00000000-0000-05d0-0000-005f00000004/text] with no body
&amp#27;[38;5;32m[AndroidUiautomator2Driver@d3db (cab71a55)]&amp#27;[0m Got response with status 200: {"sessionId":"8092e625-0771-403d-bb5d-06fce980533d","value":"66 %"}
&amp#27;[38;5;32m[AndroidUiautomator2Driver@d3db (cab71a55)]&amp#27;[0m Replacing sessionId 8092e625-0771-403d-bb5d-06fce980533d with cab71a55-a64e-4118-944e-543573feddd8
&amp#27;[38;5;0m[HTTP]&amp#27;[0m &amp#27;[37m<-- GET /session/cab71a55-a64e-4118-944e-543573feddd8/element/00000000-0000-05d0-0000-005f00000004/text &amp#27;[39m&amp#27;[32m200&amp#27;[39m &amp#27;[90m10 ms - 67&amp#27;[39m
&amp#27;[38;5;0m[HTTP]&amp#27;[0m &amp#27;[90m&amp#27;[39m
&amp#27;[38;5;0m[HTTP]&amp#27;[0m &amp#27;[37m-->&amp#27;[39m &amp#27;[37mGET&amp#27;[39m &amp#27;[37m/session/cab71a55-a64e-4118-944e-543573feddd8/element/00000000-0000-05d0-0000-006100000004/text&amp#27;[39m
&amp#27;[38;5;0m[HTTP]&amp#27;[0m &amp#27;[90m{}&amp#27;[39m
&amp#27;[38;5;32m[AndroidUiautomator2Driver@d3db (cab71a55)]&amp#27;[0m Driver proxy active, passing request on via HTTP proxy
&amp#27;[38;5;32m[AndroidUiautomator2Driver@d3db (cab71a55)]&amp#27;[0m Matched '/session/cab71a55-a64e-4118-944e-543573feddd8/element/00000000-0000-05d0-0000-006100000004/text' to command name 'getText'
&amp#27;[38;5;32m[AndroidUiautomator2Driver@d3db (cab71a55)]&amp#27;[0m Proxying [GET /session/cab71a55-a64e-4118-944e-543573feddd8/element/00000000-0000-05d0-0000-006100000004/text] to [GET http://127.0.0.1:8240/session/8092e625-0771-403d-bb5d-06fce980533d/element/00000000-0000-05d0-0000-006100000004/text] with no body
&amp#27;[38;5;32m[AndroidUiautomator2Driver@d3db (cab71a55)]&amp#27;[0m Got response with status 200: {"sessionId":"8092e625-0771-403d-bb5d-06fce980533d","value":"15 Â°C"}
&amp#27;[38;5;32m[AndroidUiautomator2Driver@d3db (cab71a55)]&amp#27;[0m Replacing sessionId 8092e625-0771-403d-bb5d-06fce980533d with cab71a55-a64e-4118-944e-543573feddd8
&amp#27;[38;5;0m[HTTP]&amp#27;[0m &amp#27;[37m<-- GET /session/cab71a55-a64e-4118-944e-543573feddd8/element/00000000-0000-05d0-0000-006100000004/text &amp#27;[39m&amp#27;[32m200&amp#27;[39m &amp#27;[90m10 ms - 69&amp#27;[39m
&amp#27;[38;5;0m[HTTP]&amp#27;[0m &amp#27;[90m&amp#27;[39m
&amp#27;[38;5;0m[HTTP]&amp#27;[0m &amp#27;[37m-->&amp#27;[39m &amp#27;[37mGET&amp#27;[39m &amp#27;[37m/session/cab71a55-a64e-4118-944e-543573feddd8/element/00000000-0000-05d0-0000-006300000004/text&amp#27;[39m
&amp#27;[38;5;0m[HTTP]&amp#27;[0m &amp#27;[90m{}&amp#27;[39m
&amp#27;[38;5;32m[AndroidUiautomator2Driver@d3db (cab71a55)]&amp#27;[0m Driver proxy active, passing request on via HTTP proxy
&amp#27;[38;5;32m[AndroidUiautomator2Driver@d3db (cab71a55)]&amp#27;[0m Matched '/session/cab71a55-a64e-4118-944e-543573feddd8/element/00000000-0000-05d0-0000-006300000004/text' to command name 'getText'
&amp#27;[38;5;32m[AndroidUiautomator2Driver@d3db (cab71a55)]&amp#27;[0m Proxying [GET /session/cab71a55-a64e-4118-944e-543573feddd8/element/00000000-0000-05d0-0000-006300000004/text] to [GET http://127.0.0.1:8240/session/8092e625-0771-403d-bb5d-06fce980533d/element/00000000-0000-05d0-0000-006300000004/text] with no body
&amp#27;[38;5;32m[AndroidUiautomator2Driver@d3db (cab71a55)]&amp#27;[0m Got response with status 200: {"sessionId":"8092e625-0771-403d-bb5d-06fce980533d","value":"Wed"}
&amp#27;[38;5;32m[AndroidUiautomator2Driver@d3db (cab71a55)]&amp#27;[0m Replacing sessionId 8092e625-0771-403d-bb5d-06fce980533d with cab71a55-a64e-4118-944e-543573feddd8
&amp#27;[38;5;0m[HTTP]&amp#27;[0m &amp#27;[37m<-- GET /session/cab71a55-a64e-4118-944e-543573feddd8/element/00000000-0000-05d0-0000-006300000004/text &amp#27;[39m&amp#27;[32m200&amp#27;[39m &amp#27;[90m10 ms - 66&amp#27;[39m
&amp#27;[38;5;0m[HTTP]&amp#27;[0m &amp#27;[90m&amp#27;[39m
&amp#27;[38;5;0m[HTTP]&amp#27;[0m &amp#27;[37m-->&amp#27;[39m &amp#27;[37mGET&amp#27;[39m &amp#27;[37m/session/cab71a55-a64e-4118-944e-543573feddd8/element/00000000-0000-05d0-0000-006500000004/text&amp#27;[39m
&amp#27;[38;5;0m[HTTP]&amp#27;[0m &amp#27;[90m{}&amp#27;[39m
&amp#27;[38;5;32m[AndroidUiautomator2Driver@d3db (cab71a55)]&amp#27;[0m Driver proxy active, passing request on via HTTP proxy
&amp#27;[38;5;32m[AndroidUiautomator2Driver@d3db (cab71a55)]&amp#27;[0m Matched '/session/cab71a55-a64e-4118-944e-543573feddd8/element/00000000-0000-05d0-0000-006500000004/text' to command name 'getText'
&amp#27;[38;5;32m[AndroidUiautomator2Driver@d3db (cab71a55)]&amp#27;[0m Proxying [GET /session/cab71a55-a64e-4118-944e-543573feddd8/element/00000000-0000-05d0-0000-006500000004/text] to [GET http://127.0.0.1:8240/session/8092e625-0771-403d-bb5d-06fce980533d/element/00000000-0000-05d0-0000-006500000004/text] with no body
&amp#27;[38;5;32m[AndroidUiautomator2Driver@d3db (cab71a55)]&amp#27;[0m Got response with status 200: {"sessionId":"8092e625-0771-403d-bb5d-06fce980533d","value":"light rain"}
&amp#27;[38;5;32m[AndroidUiautomator2Driver@d3db (cab71a55)]&amp#27;[0m Replacing sessionId 8092e625-0771-403d-bb5d-06fce980533d with cab71a55-a64e-4118-944e-543573feddd8
&amp#27;[38;5;0m[HTTP]&amp#27;[0m &amp#27;[37m<-- GET /session/cab71a55-a64e-4118-944e-543573feddd8/element/00000000-0000-05d0-0000-006500000004/text &amp#27;[39m&amp#27;[32m200&amp#27;[39m &amp#27;[90m10 ms - 73&amp#27;[39m
&amp#27;[38;5;0m[HTTP]&amp#27;[0m &amp#27;[90m&amp#27;[39m
&amp#27;[38;5;0m[HTTP]&amp#27;[0m &amp#27;[37m-->&amp#27;[39m &amp#27;[37mGET&amp#27;[39m &amp#27;[37m/session/cab71a55-a64e-4118-944e-543573feddd8/element/00000000-0000-05d0-0000-006700000004/text&amp#27;[39m
&amp#27;[38;5;0m[HTTP]&amp#27;[0m &amp#27;[90m{}&amp#27;[39m
&amp#27;[38;5;32m[AndroidUiautomator2Driver@d3db (cab71a55)]&amp#27;[0m Driver proxy active, passing request on via HTTP proxy
&amp#27;[38;5;32m[AndroidUiautomator2Driver@d3db (cab71a55)]&amp#27;[0m Matched '/session/cab71a55-a64e-4118-944e-543573feddd8/element/00000000-0000-05d0-0000-006700000004/text' to command name 'getText'
&amp#27;[38;5;32m[AndroidUiautomator2Driver@d3db (cab71a55)]&amp#27;[0m Proxying [GET /session/cab71a55-a64e-4118-944e-543573feddd8/element/00000000-0000-05d0-0000-006700000004/text] to [GET http://127.0.0.1:8240/session/8092e625-0771-403d-bb5d-06fce980533d/element/00000000-0000-05d0-0000-006700000004/text] with no body
&amp#27;[38;5;32m[AndroidUiautomator2Driver@d3db (cab71a55)]&amp#27;[0m Got response with status 200: {"sessionId":"8092e625-0771-403d-bb5d-06fce980533d","value":"57 %"}
&amp#27;[38;5;32m[AndroidUiautomator2Driver@d3db (cab71a55)]&amp#27;[0m Replacing sessionId 8092e625-0771-403d-bb5d-06fce980533d with cab71a55-a64e-4118-944e-543573feddd8
&amp#27;[38;5;0m[HTTP]&amp#27;[0m &amp#27;[37m<-- GET /session/cab71a55-a64e-4118-944e-543573feddd8/element/00000000-0000-05d0-0000-006700000004/text &amp#27;[39m&amp#27;[32m200&amp#27;[39m &amp#27;[90m10 ms - 67&amp#27;[39m
&amp#27;[38;5;0m[HTTP]&amp#27;[0m &amp#27;[90m&amp#27;[39m
&amp#27;[38;5;0m[HTTP]&amp#27;[0m &amp#27;[37m-->&amp#27;[39m &amp#27;[37mGET&amp#27;[39m &amp#27;[37m/session/cab71a55-a64e-4118-944e-543573feddd8/element/00000000-0000-05d0-0000-006900000004/text&amp#27;[39m
&amp#27;[38;5;0m[HTTP]&amp#27;[0m &amp#27;[90m{}&amp#27;[39m
&amp#27;[38;5;32m[AndroidUiautomator2Driver@d3db (cab71a55)]&amp#27;[0m Driver proxy active, passing request on via HTTP proxy
&amp#27;[38;5;32m[AndroidUiautomator2Driver@d3db (cab71a55)]&amp#27;[0m Matched '/session/cab71a55-a64e-4118-944e-543573feddd8/element/00000000-0000-05d0-0000-006900000004/text' to command name 'getText'
&amp#27;[38;5;32m[AndroidUiautomator2Driver@d3db (cab71a55)]&amp#27;[0m Proxying [GET /session/cab71a55-a64e-4118-944e-543573feddd8/element/00000000-0000-05d0-0000-006900000004/text] to [GET http://127.0.0.1:8240/session/8092e625-0771-403d-bb5d-06fce980533d/element/00000000-0000-05d0-0000-006900000004/text] with no body
&amp#27;[38;5;32m[AndroidUiautomator2Driver@d3db (cab71a55)]&amp#27;[0m Got response with status 200: {"sessionId":"8092e625-0771-403d-bb5d-06fce980533d","value":"15 Â°C"}
&amp#27;[38;5;32m[AndroidUiautomator2Driver@d3db (cab71a55)]&amp#27;[0m Replacing sessionId 8092e625-0771-403d-bb5d-06fce980533d with cab71a55-a64e-4118-944e-543573feddd8
&amp#27;[38;5;0m[HTTP]&amp#27;[0m &amp#27;[37m<-- GET /session/cab71a55-a64e-4118-944e-543573feddd8/element/00000000-0000-05d0-0000-006900000004/text &amp#27;[39m&amp#27;[32m200&amp#27;[39m &amp#27;[90m10 ms - 69&amp#27;[39m
&amp#27;[38;5;0m[HTTP]&amp#27;[0m &amp#27;[90m&amp#27;[39m
&amp#27;[38;5;0m[HTTP]&amp#27;[0m &amp#27;[37m-->&amp#27;[39m &amp#27;[37mGET&amp#27;[39m &amp#27;[37m/session/cab71a55-a64e-4118-944e-543573feddd8/element/00000000-0000-05d0-0000-006b00000004/text&amp#27;[39m
&amp#27;[38;5;0m[HTTP]&amp#27;[0m &amp#27;[90m{}&amp#27;[39m
&amp#27;[38;5;32m[AndroidUiautomator2Driver@d3db (cab71a55)]&amp#27;[0m Driver proxy active, passing request on via HTTP proxy
&amp#27;[38;5;32m[AndroidUiautomator2Driver@d3db (cab71a55)]&amp#27;[0m Matched '/session/cab71a55-a64e-4118-944e-543573feddd8/element/00000000-0000-05d0-0000-006b00000004/text' to command name 'getText'
&amp#27;[38;5;32m[AndroidUiautomator2Driver@d3db (cab71a55)]&amp#27;[0m Proxying [GET /session/cab71a55-a64e-4118-944e-543573feddd8/element/00000000-0000-05d0-0000-006b00000004/text] to [GET http://127.0.0.1:8240/session/8092e625-0771-403d-bb5d-06fce980533d/element/00000000-0000-05d0-0000-006b00000004/text] with no body
&amp#27;[38;5;32m[AndroidUiautomator2Driver@d3db (cab71a55)]&amp#27;[0m Got response with status 200: {"sessionId":"8092e625-0771-403d-bb5d-06fce980533d","value":"Thu"}
&amp#27;[38;5;32m[AndroidUiautomator2Driver@d3db (cab71a55)]&amp#27;[0m Replacing sessionId 8092e625-0771-403d-bb5d-06fce980533d with cab71a55-a64e-4118-944e-543573feddd8
&amp#27;[38;5;0m[HTTP]&amp#27;[0m &amp#27;[37m<-- GET /session/cab71a55-a64e-4118-944e-543573feddd8/element/00000000-0000-05d0-0000-006b00000004/text &amp#27;[39m&amp#27;[32m200&amp#27;[39m &amp#27;[90m9 ms - 66&amp#27;[39m
&amp#27;[38;5;0m[HTTP]&amp#27;[0m &amp#27;[90m&amp#27;[39m
&amp#27;[38;5;0m[HTTP]&amp#27;[0m &amp#27;[37m-->&amp#27;[39m &amp#27;[37mGET&amp#27;[39m &amp#27;[37m/session/cab71a55-a64e-4118-944e-543573feddd8/element/00000000-0000-05d0-0000-006d00000004/text&amp#27;[39m
&amp#27;[38;5;0m[HTTP]&amp#27;[0m &amp#27;[90m{}&amp#27;[39m
&amp#27;[38;5;32m[AndroidUiautomator2Driver@d3db (cab71a55)]&amp#27;[0m Driver proxy active, passing request on via HTTP proxy
&amp#27;[38;5;32m[AndroidUiautomator2Driver@d3db (cab71a55)]&amp#27;[0m Matched '/session/cab71a55-a64e-4118-944e-543573feddd8/element/00000000-0000-05d0-0000-006d00000004/text' to command name 'getText'
&amp#27;[38;5;32m[AndroidUiautomator2Driver@d3db (cab71a55)]&amp#27;[0m Proxying [GET /session/cab71a55-a64e-4118-944e-543573feddd8/element/00000000-0000-05d0-0000-006d00000004/text] to [GET http://127.0.0.1:8240/session/8092e625-0771-403d-bb5d-06fce980533d/element/00000000-0000-05d0-0000-006d00000004/text] with no body
&amp#27;[38;5;32m[AndroidUiautomator2Driver@d3db (cab71a55)]&amp#27;[0m Got response with status 200: {"sessionId":"8092e625-0771-403d-bb5d-06fce980533d","value":"light rain"}
&amp#27;[38;5;32m[AndroidUiautomator2Driver@d3db (cab71a55)]&amp#27;[0m Replacing sessionId 8092e625-0771-403d-bb5d-06fce980533d with cab71a55-a64e-4118-944e-543573feddd8
&amp#27;[38;5;0m[HTTP]&amp#27;[0m &amp#27;[37m<-- GET /session/cab71a55-a64e-4118-944e-543573feddd8/element/00000000-0000-05d0-0000-006d00000004/text &amp#27;[39m&amp#27;[32m200&amp#27;[39m &amp#27;[90m10 ms - 73&amp#27;[39m
&amp#27;[38;5;0m[HTTP]&amp#27;[0m &amp#27;[90m&amp#27;[39m
&amp#27;[38;5;0m[HTTP]&amp#27;[0m &amp#27;[37m-->&amp#27;[39m &amp#27;[37mGET&amp#27;[39m &amp#27;[37m/session/cab71a55-a64e-4118-944e-543573feddd8/element/00000000-0000-05d0-0000-006f00000004/text&amp#27;[39m
&amp#27;[38;5;0m[HTTP]&amp#27;[0m &amp#27;[90m{}&amp#27;[39m
&amp#27;[38;5;32m[AndroidUiautomator2Driver@d3db (cab71a55)]&amp#27;[0m Driver proxy active, passing request on via HTTP proxy
&amp#27;[38;5;32m[AndroidUiautomator2Driver@d3db (cab71a55)]&amp#27;[0m Matched '/session/cab71a55-a64e-4118-944e-543573feddd8/element/00000000-0000-05d0-0000-006f00000004/text' to command name 'getText'
&amp#27;[38;5;32m[AndroidUiautomator2Driver@d3db (cab71a55)]&amp#27;[0m Proxying [GET /session/cab71a55-a64e-4118-944e-543573feddd8/element/00000000-0000-05d0-0000-006f00000004/text] to [GET http://127.0.0.1:8240/session/8092e625-0771-403d-bb5d-06fce980533d/element/00000000-0000-05d0-0000-006f00000004/text] with no body
&amp#27;[38;5;32m[AndroidUiautomator2Driver@d3db (cab71a55)]&amp#27;[0m Got response with status 200: {"sessionId":"8092e625-0771-403d-bb5d-06fce980533d","value":"59 %"}
&amp#27;[38;5;32m[AndroidUiautomator2Driver@d3db (cab71a55)]&amp#27;[0m Replacing sessionId 8092e625-0771-403d-bb5d-06fce980533d with cab71a55-a64e-4118-944e-543573feddd8
&amp#27;[38;5;0m[HTTP]&amp#27;[0m &amp#27;[37m<-- GET /session/cab71a55-a64e-4118-944e-543573feddd8/element/00000000-0000-05d0-0000-006f00000004/text &amp#27;[39m&amp#27;[32m200&amp#27;[39m &amp#27;[90m9 ms - 67&amp#27;[39m
&amp#27;[38;5;0m[HTTP]&amp#27;[0m &amp#27;[90m&amp#27;[39m
&amp#27;[38;5;0m[HTTP]&amp#27;[0m &amp#27;[37m-->&amp#27;[39m &amp#27;[37mGET&amp#27;[39m &amp#27;[37m/session/cab71a55-a64e-4118-944e-543573feddd8/element/00000000-0000-05d0-0000-007100000004/text&amp#27;[39m
&amp#27;[38;5;0m[HTTP]&amp#27;[0m &amp#27;[90m{}&amp#27;[39m
&amp#27;[38;5;32m[AndroidUiautomator2Driver@d3db (cab71a55)]&amp#27;[0m Driver proxy active, passing request on via HTTP proxy
&amp#27;[38;5;32m[AndroidUiautomator2Driver@d3db (cab71a55)]&amp#27;[0m Matched '/session/cab71a55-a64e-4118-944e-543573feddd8/element/00000000-0000-05d0-0000-007100000004/text' to command name 'getText'
&amp#27;[38;5;32m[AndroidUiautomator2Driver@d3db (cab71a55)]&amp#27;[0m Proxying [GET /session/cab71a55-a64e-4118-944e-543573feddd8/element/00000000-0000-05d0-0000-007100000004/text] to [GET http://127.0.0.1:8240/session/8092e625-0771-403d-bb5d-06fce980533d/element/00000000-0000-05d0-0000-007100000004/text] with no body
&amp#27;[38;5;32m[AndroidUiautomator2Driver@d3db (cab71a55)]&amp#27;[0m Got response with status 200: {"sessionId":"8092e625-0771-403d-bb5d-06fce980533d","value":"15 Â°C"}
&amp#27;[38;5;32m[AndroidUiautomator2Driver@d3db (cab71a55)]&amp#27;[0m Replacing sessionId 8092e625-0771-403d-bb5d-06fce980533d with cab71a55-a64e-4118-944e-543573feddd8
&amp#27;[38;5;0m[HTTP]&amp#27;[0m &amp#27;[37m<-- GET /session/cab71a55-a64e-4118-944e-543573feddd8/element/00000000-0000-05d0-0000-007100000004/text &amp#27;[39m&amp#27;[32m200&amp#27;[39m &amp#27;[90m9 ms - 69&amp#27;[39m
&amp#27;[38;5;0m[HTTP]&amp#27;[0m &amp#27;[90m&amp#27;[39m
&amp#27;[38;5;0m[HTTP]&amp#27;[0m &amp#27;[37m-->&amp#27;[39m &amp#27;[37mPOST&amp#27;[39m &amp#27;[37m/session/cab71a55-a64e-4118-944e-543573feddd8/execute/sync&amp#27;[39m
&amp#27;[38;5;0m[HTTP]&amp#27;[0m &amp#27;[90m{"script":"mobile: swipeGesture","args":[{"elementId":"00000000-0000-05d0-0000-002a00000004","percent":0.4,"speed":320,"direction":"left"}]}&amp#27;[39m
&amp#27;[38;5;32m[AndroidUiautomator2Driver@d3db (cab71a55)]&amp#27;[0m Calling AppiumDriver.execute() with args: ["mobile: swipeGesture",[{"elementId":"00000000-0000-05d0-0000-002a00000004","percent":0.4,"speed":320,"direction":"left"}],"cab71a55-a64e-4118-944e-543573feddd8"]
&amp#27;[38;5;32m[AndroidUiautomator2Driver@d3db (cab71a55)]&amp#27;[0m Executing method 'mobile: swipeGesture'
&amp#27;[38;5;32m[AndroidUiautomator2Driver@d3db (cab71a55)]&amp#27;[0m Proxying [POST /appium/gestures/swipe] to [POST http://127.0.0.1:8240/session/8092e625-0771-403d-bb5d-06fce980533d/appium/gestures/swipe] with body: {"origin":{"ELEMENT":"00000000-0000-05d0-0000-002a00000004","element-6066-11e4-a52e-4f735466cecf":"00000000-0000-05d0-0000-002a00000004"},"direction":"left","percent":0.4,"speed":320}
&amp#27;[38;5;32m[AndroidUiautomator2Driver@d3db (cab71a55)]&amp#27;[0m Got response with status 200: {"sessionId":"8092e625-0771-403d-bb5d-06fce980533d","value":null}
&amp#27;[38;5;32m[AndroidUiautomator2Driver@d3db (cab71a55)]&amp#27;[0m Responding to client with driver.execute() result: null
&amp#27;[38;5;0m[HTTP]&amp#27;[0m &amp#27;[37m<-- POST /session/cab71a55-a64e-4118-944e-543573feddd8/execute/sync &amp#27;[39m&amp#27;[32m200&amp#27;[39m &amp#27;[90m1551 ms - 14&amp#27;[39m
&amp#27;[38;5;0m[HTTP]&amp#27;[0m &amp#27;[90m&amp#27;[39m
&amp#27;[38;5;0m[HTTP]&amp#27;[0m &amp#27;[37m-->&amp#27;[39m &amp#27;[37mPOST&amp#27;[39m &amp#27;[37m/session/cab71a55-a64e-4118-944e-543573feddd8/elements&amp#27;[39m
&amp#27;[38;5;0m[HTTP]&amp#27;[0m &amp#27;[90m{"using":"xpath","value":"//android.widget.HorizontalScrollView"}&amp#27;[39m
&amp#27;[38;5;32m[AndroidUiautomator2Driver@d3db (cab71a55)]&amp#27;[0m Calling AppiumDriver.findElements() with args: ["xpath","//android.widget.HorizontalScrollView","cab71a55-a64e-4118-944e-543573feddd8"]
&amp#27;[38;5;32m[AndroidUiautomator2Driver@d3db (cab71a55)]&amp#27;[0m Valid locator strategies for this request: xpath, id, class name, accessibility id, css selector, -android uiautomator
&amp#27;[38;5;32m[AndroidUiautomator2Driver@d3db (cab71a55)]&amp#27;[0m Waiting up to 0 ms for condition
&amp#27;[38;5;32m[AndroidUiautomator2Driver@d3db (cab71a55)]&amp#27;[0m Matched '/elements' to command name 'findElements'
&amp#27;[38;5;32m[AndroidUiautomator2Driver@d3db (cab71a55)]&amp#27;[0m Proxying [POST /elements] to [POST http://127.0.0.1:8240/session/8092e625-0771-403d-bb5d-06fce980533d/elements] with body: {"strategy":"xpath","selector":"//android.widget.HorizontalScrollView","context":"","multiple":true}
&amp#27;[38;5;32m[AndroidUiautomator2Driver@d3db (cab71a55)]&amp#27;[0m Got response with status 200: {"sessionId":"8092e625-0771-403d-bb5d-06fce980533d","value":[{"ELEMENT":"00000000-0000-05d0-0000-002900000004","element-6066-11e4-a52e-4f735466cecf":"00000000-0000-05d0-0000-002900000004"},{"ELEMENT":"00000000-0000-05d0-0000-002a00000004","element-6066-11e4-a52e-4f735466cecf":"00000000-0000-05d0-0000-002a00000004"}]}
&amp#27;[38;5;32m[AndroidUiautomator2Driver@d3db (cab71a55)]&amp#27;[0m Responding to client with driver.findElements() result: [{"element-6066-11e4-a52e-4f735466cecf":"00000000-0000-05d0-0000-002900000004","ELEMENT":"00000000-0000-05d0-0000-002900000004"},{"element-6066-11e4-a52e-4f735466cecf":"00000000-0000-05d0-0000-002a00000004","ELEMENT":"00000000-0000-05d0-0000-002a00000004"}]
&amp#27;[38;5;0m[HTTP]&amp#27;[0m &amp#27;[37m<-- POST /session/cab71a55-a64e-4118-944e-543573feddd8/elements &amp#27;[39m&amp#27;[32m200&amp#27;[39m &amp#27;[90m118 ms - 267&amp#27;[39m
&amp#27;[38;5;0m[HTTP]&amp#27;[0m &amp#27;[90m&amp#27;[39m
&amp#27;[38;5;0m[HTTP]&amp#27;[0m &amp#27;[37m-->&amp#27;[39m &amp#27;[37mPOST&amp#27;[39m &amp#27;[37m/session/cab71a55-a64e-4118-944e-543573feddd8/element/00000000-0000-05d0-0000-002a00000004/elements&amp#27;[39m
&amp#27;[38;5;0m[HTTP]&amp#27;[0m &amp#27;[90m{"id":"00000000-0000-05d0-0000-002a00000004","using":"xpath","value":"//android.view.View"}&amp#27;[39m
&amp#27;[38;5;32m[AndroidUiautomator2Driver@d3db (cab71a55)]&amp#27;[0m Calling AppiumDriver.findElementsFromElement() with args: ["xpath","//android.view.View","00000000-0000-05d0-0000-002a00000004","cab71a55-a64e-4118-944e-543573feddd8"]
&amp#27;[38;5;32m[AndroidUiautomator2Driver@d3db (cab71a55)]&amp#27;[0m Valid locator strategies for this request: xpath, id, class name, accessibility id, css selector, -android uiautomator
&amp#27;[38;5;32m[AndroidUiautomator2Driver@d3db (cab71a55)]&amp#27;[0m Waiting up to 0 ms for condition
&amp#27;[38;5;32m[AndroidUiautomator2Driver@d3db (cab71a55)]&amp#27;[0m Matched '/elements' to command name 'findElements'
&amp#27;[38;5;32m[AndroidUiautomator2Driver@d3db (cab71a55)]&amp#27;[0m Proxying [POST /elements] to [POST http://127.0.0.1:8240/session/8092e625-0771-403d-bb5d-06fce980533d/elements] with body: {"strategy":"xpath","selector":"//android.view.View","context":"00000000-0000-05d0-0000-002a00000004","multiple":true}
&amp#27;[38;5;32m[AndroidUiautomator2Driver@d3db (cab71a55)]&amp#27;[0m Got response with status 200: {"sessionId":"8092e625-0771-403d-bb5d-06fce980533d","value":[{"ELEMENT":"00000000-0000-05d0-0000-005b00000004","element-6066-11e4-a52e-4f735466cecf":"00000000-0000-05d0-0000-005b00000004"},{"ELEMENT":"00000000-0000-05d0-0000-005d00000004","element-6066-11e4-a52e-4f735466cecf":"00000000-0000-05d0-0000-005d00000004"},{"ELEMENT":"00000000-0000-05d0-0000-005f00000004","element-6066-11e4-a52e-4f735466cecf":"00000000-0000-05d0-0000-005f00000004"},{"ELEMENT":"00000000-0000-05d0-0000-006100000004","element-6066-11e4-a52e-4f735466cecf":"00000000-0000-05d0-0000-006100000004"},{"ELEMENT":"00000000-0000-05d0-0000-006300000004","element-6066-11e4-a52e-4f735466cecf":"00000000-0000-05d0-0000-006300000004"},{"ELEMENT":"00000000-0000-05d0-0000-006500000004","element-6066-11e4-a52e-4f735466cecf":"00000000-0000-05d0-0000-006500000004"},{"ELEMENT":"00000000-0000-05d0-0000-006700000004","element-6066-11e4-a52e-4f735466cecf":"00000000-0000-05d0-0000-006700000004"},{"ELEMENT":"00000000-0000-05d0-0000-006900000004","element-6066-...
&amp#27;[38;5;32m[AndroidUiautomator2Driver@d3db (cab71a55)]&amp#27;[0m Responding to client with driver.findElementsFromElement() result: [{"element-6066-11e4-a52e-4f735466cecf":"00000000-0000-05d0-0000-005b00000004","ELEMENT":"00000000-0000-05d0-0000-005b00000004"},{"element-6066-11e4-a52e-4f735466cecf":"00000000-0000-05d0-0000-005d00000004","ELEMENT":"00000000-0000-05d0-0000-005d00000004"},{"element-6066-11e4-a52e-4f735466cecf":"00000000-0000-05d0-0000-005f00000004","ELEMENT":"00000000-0000-05d0-0000-005f00000004"},{"element-6066-11e4-a52e-4f735466cecf":"00000000-0000-05d0-0000-006100000004","ELEMENT":"00000000-0000-05d0-0000-006100000004"},{"element-6066-11e4-a52e-4f735466cecf":"00000000-0000-05d0-0000-006300000004","ELEMENT":"00000000-0000-05d0-0000-006300000004"},{"element-6066-11e4-a52e-4f735466cecf":"00000000-0000-05d0-0000-006500000004","ELEMENT":"00000000-0000-05d0-0000-006500000004"},{"element-6066-11e4-a52e-4f735466cecf":"00000000-0000-05d0-0000-006700000004","ELEMENT":"00000000-0000-05d0-0000-006700000004"},{"element-6066-11e4-a52e-4f735466cecf":"00000000-0000-05d0-0000-006900000004","ELEMENT":"00000000-0000-05d0-0000-00690000000...
&amp#27;[38;5;0m[HTTP]&amp#27;[0m &amp#27;[37m<-- POST /session/cab71a55-a64e-4118-944e-543573feddd8/element/00000000-0000-05d0-0000-002a00000004/elements &amp#27;[39m&amp#27;[32m200&amp#27;[39m &amp#27;[90m53 ms - 2059&amp#27;[39m
&amp#27;[38;5;0m[HTTP]&amp#27;[0m &amp#27;[90m&amp#27;[39m
&amp#27;[38;5;0m[HTTP]&amp#27;[0m &amp#27;[37m-->&amp#27;[39m &amp#27;[37mGET&amp#27;[39m &amp#27;[37m/session/cab71a55-a64e-4118-944e-543573feddd8/element/00000000-0000-05d0-0000-005b00000004/text&amp#27;[39m
&amp#27;[38;5;0m[HTTP]&amp#27;[0m &amp#27;[90m{}&amp#27;[39m
&amp#27;[38;5;32m[AndroidUiautomator2Driver@d3db (cab71a55)]&amp#27;[0m Driver proxy active, passing request on via HTTP proxy
&amp#27;[38;5;32m[AndroidUiautomator2Driver@d3db (cab71a55)]&amp#27;[0m Matched '/session/cab71a55-a64e-4118-944e-543573feddd8/element/00000000-0000-05d0-0000-005b00000004/text' to command name 'getText'
&amp#27;[38;5;32m[AndroidUiautomator2Driver@d3db (cab71a55)]&amp#27;[0m Proxying [GET /session/cab71a55-a64e-4118-944e-543573feddd8/element/00000000-0000-05d0-0000-005b00000004/text] to [GET http://127.0.0.1:8240/session/8092e625-0771-403d-bb5d-06fce980533d/element/00000000-0000-05d0-0000-005b00000004/text] with no body
&amp#27;[38;5;32m[AndroidUiautomator2Driver@d3db (cab71a55)]&amp#27;[0m Got response with status 200: {"sessionId":"8092e625-0771-403d-bb5d-06fce980533d","value":"Tue"}
&amp#27;[38;5;32m[AndroidUiautomator2Driver@d3db (cab71a55)]&amp#27;[0m Replacing sessionId 8092e625-0771-403d-bb5d-06fce980533d with cab71a55-a64e-4118-944e-543573feddd8
&amp#27;[38;5;0m[HTTP]&amp#27;[0m &amp#27;[37m<-- GET /session/cab71a55-a64e-4118-944e-543573feddd8/element/00000000-0000-05d0-0000-005b00000004/text &amp#27;[39m&amp#27;[32m200&amp#27;[39m &amp#27;[90m9 ms - 66&amp#27;[39m
&amp#27;[38;5;0m[HTTP]&amp#27;[0m &amp#27;[90m&amp#27;[39m
&amp#27;[38;5;0m[HTTP]&amp#27;[0m &amp#27;[37m-->&amp#27;[39m &amp#27;[37mGET&amp#27;[39m &amp#27;[37m/session/cab71a55-a64e-4118-944e-543573feddd8/element/00000000-0000-05d0-0000-005d00000004/text&amp#27;[39m
&amp#27;[38;5;0m[HTTP]&amp#27;[0m &amp#27;[90m{}&amp#27;[39m
&amp#27;[38;5;32m[AndroidUiautomator2Driver@d3db (cab71a55)]&amp#27;[0m Driver proxy active, passing request on via HTTP proxy
&amp#27;[38;5;32m[AndroidUiautomator2Driver@d3db (cab71a55)]&amp#27;[0m Matched '/session/cab71a55-a64e-4118-944e-543573feddd8/element/00000000-0000-05d0-0000-005d00000004/text' to command name 'getText'
&amp#27;[38;5;32m[AndroidUiautomator2Driver@d3db (cab71a55)]&amp#27;[0m Proxying [GET /session/cab71a55-a64e-4118-944e-543573feddd8/element/00000000-0000-05d0-0000-005d00000004/text] to [GET http://127.0.0.1:8240/session/8092e625-0771-403d-bb5d-06fce980533d/element/00000000-0000-05d0-0000-005d00000004/text] with no body
&amp#27;[38;5;32m[AndroidUiautomator2Driver@d3db (cab71a55)]&amp#27;[0m Got response with status 200: {"sessionId":"8092e625-0771-403d-bb5d-06fce980533d","value":"broken clouds"}
&amp#27;[38;5;32m[AndroidUiautomator2Driver@d3db (cab71a55)]&amp#27;[0m Replacing sessionId 8092e625-0771-403d-bb5d-06fce980533d with cab71a55-a64e-4118-944e-543573feddd8
&amp#27;[38;5;0m[HTTP]&amp#27;[0m &amp#27;[37m<-- GET /session/cab71a55-a64e-4118-944e-543573feddd8/element/00000000-0000-05d0-0000-005d00000004/text &amp#27;[39m&amp#27;[32m200&amp#27;[39m &amp#27;[90m9 ms - 76&amp#27;[39m
&amp#27;[38;5;0m[HTTP]&amp#27;[0m &amp#27;[90m&amp#27;[39m
&amp#27;[38;5;0m[HTTP]&amp#27;[0m &amp#27;[37m-->&amp#27;[39m &amp#27;[37mGET&amp#27;[39m &amp#27;[37m/session/cab71a55-a64e-4118-944e-543573feddd8/element/00000000-0000-05d0-0000-005f00000004/text&amp#27;[39m
&amp#27;[38;5;0m[HTTP]&amp#27;[0m &amp#27;[90m{}&amp#27;[39m
&amp#27;[38;5;32m[AndroidUiautomator2Driver@d3db (cab71a55)]&amp#27;[0m Driver proxy active, passing request on via HTTP proxy
&amp#27;[38;5;32m[AndroidUiautomator2Driver@d3db (cab71a55)]&amp#27;[0m Matched '/session/cab71a55-a64e-4118-944e-543573feddd8/element/00000000-0000-05d0-0000-005f00000004/text' to command name 'getText'
&amp#27;[38;5;32m[AndroidUiautomator2Driver@d3db (cab71a55)]&amp#27;[0m Proxying [GET /session/cab71a55-a64e-4118-944e-543573feddd8/element/00000000-0000-05d0-0000-005f00000004/text] to [GET http://127.0.0.1:8240/session/8092e625-0771-403d-bb5d-06fce980533d/element/00000000-0000-05d0-0000-005f00000004/text] with no body
&amp#27;[38;5;32m[AndroidUiautomator2Driver@d3db (cab71a55)]&amp#27;[0m Got response with status 200: {"sessionId":"8092e625-0771-403d-bb5d-06fce980533d","value":"66 %"}
&amp#27;[38;5;32m[AndroidUiautomator2Driver@d3db (cab71a55)]&amp#27;[0m Replacing sessionId 8092e625-0771-403d-bb5d-06fce980533d with cab71a55-a64e-4118-944e-543573feddd8
&amp#27;[38;5;0m[HTTP]&amp#27;[0m &amp#27;[37m<-- GET /session/cab71a55-a64e-4118-944e-543573feddd8/element/00000000-0000-05d0-0000-005f00000004/text &amp#27;[39m&amp#27;[32m200&amp#27;[39m &amp#27;[90m9 ms - 67&amp#27;[39m
&amp#27;[38;5;0m[HTTP]&amp#27;[0m &amp#27;[90m&amp#27;[39m
&amp#27;[38;5;0m[HTTP]&amp#27;[0m &amp#27;[37m-->&amp#27;[39m &amp#27;[37mGET&amp#27;[39m &amp#27;[37m/session/cab71a55-a64e-4118-944e-543573feddd8/element/00000000-0000-05d0-0000-006100000004/text&amp#27;[39m
&amp#27;[38;5;0m[HTTP]&amp#27;[0m &amp#27;[90m{}&amp#27;[39m
&amp#27;[38;5;32m[AndroidUiautomator2Driver@d3db (cab71a55)]&amp#27;[0m Driver proxy active, passing request on via HTTP proxy
&amp#27;[38;5;32m[AndroidUiautomator2Driver@d3db (cab71a55)]&amp#27;[0m Matched '/session/cab71a55-a64e-4118-944e-543573feddd8/element/00000000-0000-05d0-0000-006100000004/text' to command name 'getText'
&amp#27;[38;5;32m[AndroidUiautomator2Driver@d3db (cab71a55)]&amp#27;[0m Proxying [GET /session/cab71a55-a64e-4118-944e-543573feddd8/element/00000000-0000-05d0-0000-006100000004/text] to [GET http://127.0.0.1:8240/session/8092e625-0771-403d-bb5d-06fce980533d/element/00000000-0000-05d0-0000-006100000004/text] with no body
&amp#27;[38;5;32m[AndroidUiautomator2Driver@d3db (cab71a55)]&amp#27;[0m Got response with status 200: {"sessionId":"8092e625-0771-403d-bb5d-06fce980533d","value":"15 Â°C"}
&amp#27;[38;5;32m[AndroidUiautomator2Driver@d3db (cab71a55)]&amp#27;[0m Replacing sessionId 8092e625-0771-403d-bb5d-06fce980533d with cab71a55-a64e-4118-944e-543573feddd8
&amp#27;[38;5;0m[HTTP]&amp#27;[0m &amp#27;[37m<-- GET /session/cab71a55-a64e-4118-944e-543573feddd8/element/00000000-0000-05d0-0000-006100000004/text &amp#27;[39m&amp#27;[32m200&amp#27;[39m &amp#27;[90m9 ms - 69&amp#27;[39m
&amp#27;[38;5;0m[HTTP]&amp#27;[0m &amp#27;[90m&amp#27;[39m
&amp#27;[38;5;0m[HTTP]&amp#27;[0m &amp#27;[37m-->&amp#27;[39m &amp#27;[37mGET&amp#27;[39m &amp#27;[37m/session/cab71a55-a64e-4118-944e-543573feddd8/element/00000000-0000-05d0-0000-006300000004/text&amp#27;[39m
&amp#27;[38;5;0m[HTTP]&amp#27;[0m &amp#27;[90m{}&amp#27;[39m
&amp#27;[38;5;32m[AndroidUiautomator2Driver@d3db (cab71a55)]&amp#27;[0m Driver proxy active, passing request on via HTTP proxy
&amp#27;[38;5;32m[AndroidUiautomator2Driver@d3db (cab71a55)]&amp#27;[0m Matched '/session/cab71a55-a64e-4118-944e-543573feddd8/element/00000000-0000-05d0-0000-006300000004/text' to command name 'getText'
&amp#27;[38;5;32m[AndroidUiautomator2Driver@d3db (cab71a55)]&amp#27;[0m Proxying [GET /session/cab71a55-a64e-4118-944e-543573feddd8/element/00000000-0000-05d0-0000-006300000004/text] to [GET http://127.0.0.1:8240/session/8092e625-0771-403d-bb5d-06fce980533d/element/00000000-0000-05d0-0000-006300000004/text] with no body
&amp#27;[38;5;32m[AndroidUiautomator2Driver@d3db (cab71a55)]&amp#27;[0m Got response with status 200: {"sessionId":"8092e625-0771-403d-bb5d-06fce980533d","value":"Wed"}
&amp#27;[38;5;32m[AndroidUiautomator2Driver@d3db (cab71a55)]&amp#27;[0m Replacing sessionId 8092e625-0771-403d-bb5d-06fce980533d with cab71a55-a64e-4118-944e-543573feddd8
&amp#27;[38;5;0m[HTTP]&amp#27;[0m &amp#27;[37m<-- GET /session/cab71a55-a64e-4118-944e-543573feddd8/element/00000000-0000-05d0-0000-006300000004/text &amp#27;[39m&amp#27;[32m200&amp#27;[39m &amp#27;[90m9 ms - 66&amp#27;[39m
&amp#27;[38;5;0m[HTTP]&amp#27;[0m &amp#27;[90m&amp#27;[39m
&amp#27;[38;5;0m[HTTP]&amp#27;[0m &amp#27;[37m-->&amp#27;[39m &amp#27;[37mGET&amp#27;[39m &amp#27;[37m/session/cab71a55-a64e-4118-944e-543573feddd8/element/00000000-0000-05d0-0000-006500000004/text&amp#27;[39m
&amp#27;[38;5;0m[HTTP]&amp#27;[0m &amp#27;[90m{}&amp#27;[39m
&amp#27;[38;5;32m[AndroidUiautomator2Driver@d3db (cab71a55)]&amp#27;[0m Driver proxy active, passing request on via HTTP proxy
&amp#27;[38;5;32m[AndroidUiautomator2Driver@d3db (cab71a55)]&amp#27;[0m Matched '/session/cab71a55-a64e-4118-944e-543573feddd8/element/00000000-0000-05d0-0000-006500000004/text' to command name 'getText'
&amp#27;[38;5;32m[AndroidUiautomator2Driver@d3db (cab71a55)]&amp#27;[0m Proxying [GET /session/cab71a55-a64e-4118-944e-543573feddd8/element/00000000-0000-05d0-0000-006500000004/text] to [GET http://127.0.0.1:8240/session/8092e625-0771-403d-bb5d-06fce980533d/element/00000000-0000-05d0-0000-006500000004/text] with no body
&amp#27;[38;5;32m[AndroidUiautomator2Driver@d3db (cab71a55)]&amp#27;[0m Got response with status 200: {"sessionId":"8092e625-0771-403d-bb5d-06fce980533d","value":"light rain"}
&amp#27;[38;5;32m[AndroidUiautomator2Driver@d3db (cab71a55)]&amp#27;[0m Replacing sessionId 8092e625-0771-403d-bb5d-06fce980533d with cab71a55-a64e-4118-944e-543573feddd8
&amp#27;[38;5;0m[HTTP]&amp#27;[0m &amp#27;[37m<-- GET /session/cab71a55-a64e-4118-944e-543573feddd8/element/00000000-0000-05d0-0000-006500000004/text &amp#27;[39m&amp#27;[32m200&amp#27;[39m &amp#27;[90m9 ms - 73&amp#27;[39m
&amp#27;[38;5;0m[HTTP]&amp#27;[0m &amp#27;[90m&amp#27;[39m
&amp#27;[38;5;0m[HTTP]&amp#27;[0m &amp#27;[37m-->&amp#27;[39m &amp#27;[37mGET&amp#27;[39m &amp#27;[37m/session/cab71a55-a64e-4118-944e-543573feddd8/element/00000000-0000-05d0-0000-006700000004/text&amp#27;[39m
&amp#27;[38;5;0m[HTTP]&amp#27;[0m &amp#27;[90m{}&amp#27;[39m
&amp#27;[38;5;32m[AndroidUiautomator2Driver@d3db (cab71a55)]&amp#27;[0m Driver proxy active, passing request on via HTTP proxy
&amp#27;[38;5;32m[AndroidUiautomator2Driver@d3db (cab71a55)]&amp#27;[0m Matched '/session/cab71a55-a64e-4118-944e-543573feddd8/element/00000000-0000-05d0-0000-006700000004/text' to command name 'getText'
&amp#27;[38;5;32m[AndroidUiautomator2Driver@d3db (cab71a55)]&amp#27;[0m Proxying [GET /session/cab71a55-a64e-4118-944e-543573feddd8/element/00000000-0000-05d0-0000-006700000004/text] to [GET http://127.0.0.1:8240/session/8092e625-0771-403d-bb5d-06fce980533d/element/00000000-0000-05d0-0000-006700000004/text] with no body
&amp#27;[38;5;32m[AndroidUiautomator2Driver@d3db (cab71a55)]&amp#27;[0m Got response with status 200: {"sessionId":"8092e625-0771-403d-bb5d-06fce980533d","value":"57 %"}
&amp#27;[38;5;32m[AndroidUiautomator2Driver@d3db (cab71a55)]&amp#27;[0m Replacing sessionId 8092e625-0771-403d-bb5d-06fce980533d with cab71a55-a64e-4118-944e-543573feddd8
&amp#27;[38;5;0m[HTTP]&amp#27;[0m &amp#27;[37m<-- GET /session/cab71a55-a64e-4118-944e-543573feddd8/element/00000000-0000-05d0-0000-006700000004/text &amp#27;[39m&amp#27;[32m200&amp#27;[39m &amp#27;[90m9 ms - 67&amp#27;[39m
&amp#27;[38;5;0m[HTTP]&amp#27;[0m &amp#27;[90m&amp#27;[39m
&amp#27;[38;5;0m[HTTP]&amp#27;[0m &amp#27;[37m-->&amp#27;[39m &amp#27;[37mGET&amp#27;[39m &amp#27;[37m/session/cab71a55-a64e-4118-944e-543573feddd8/element/00000000-0000-05d0-0000-006900000004/text&amp#27;[39m
&amp#27;[38;5;0m[HTTP]&amp#27;[0m &amp#27;[90m{}&amp#27;[39m
&amp#27;[38;5;32m[AndroidUiautomator2Driver@d3db (cab71a55)]&amp#27;[0m Driver proxy active, passing request on via HTTP proxy
&amp#27;[38;5;32m[AndroidUiautomator2Driver@d3db (cab71a55)]&amp#27;[0m Matched '/session/cab71a55-a64e-4118-944e-543573feddd8/element/00000000-0000-05d0-0000-006900000004/text' to command name 'getText'
&amp#27;[38;5;32m[AndroidUiautomator2Driver@d3db (cab71a55)]&amp#27;[0m Proxying [GET /session/cab71a55-a64e-4118-944e-543573feddd8/element/00000000-0000-05d0-0000-006900000004/text] to [GET http://127.0.0.1:8240/session/8092e625-0771-403d-bb5d-06fce980533d/element/00000000-0000-05d0-0000-006900000004/text] with no body
&amp#27;[38;5;32m[AndroidUiautomator2Driver@d3db (cab71a55)]&amp#27;[0m Got response with status 200: {"sessionId":"8092e625-0771-403d-bb5d-06fce980533d","value":"15 Â°C"}
&amp#27;[38;5;32m[AndroidUiautomator2Driver@d3db (cab71a55)]&amp#27;[0m Replacing sessionId 8092e625-0771-403d-bb5d-06fce980533d with cab71a55-a64e-4118-944e-543573feddd8
&amp#27;[38;5;0m[HTTP]&amp#27;[0m &amp#27;[37m<-- GET /session/cab71a55-a64e-4118-944e-543573feddd8/element/00000000-0000-05d0-0000-006900000004/text &amp#27;[39m&amp#27;[32m200&amp#27;[39m &amp#27;[90m9 ms - 69&amp#27;[39m
&amp#27;[38;5;0m[HTTP]&amp#27;[0m &amp#27;[90m&amp#27;[39m
&amp#27;[38;5;0m[HTTP]&amp#27;[0m &amp#27;[37m-->&amp#27;[39m &amp#27;[37mGET&amp#27;[39m &amp#27;[37m/session/cab71a55-a64e-4118-944e-543573feddd8/element/00000000-0000-05d0-0000-006b00000004/text&amp#27;[39m
&amp#27;[38;5;0m[HTTP]&amp#27;[0m &amp#27;[90m{}&amp#27;[39m
&amp#27;[38;5;32m[AndroidUiautomator2Driver@d3db (cab71a55)]&amp#27;[0m Driver proxy active, passing request on via HTTP proxy
&amp#27;[38;5;32m[AndroidUiautomator2Driver@d3db (cab71a55)]&amp#27;[0m Matched '/session/cab71a55-a64e-4118-944e-543573feddd8/element/00000000-0000-05d0-0000-006b00000004/text' to command name 'getText'
&amp#27;[38;5;32m[AndroidUiautomator2Driver@d3db (cab71a55)]&amp#27;[0m Proxying [GET /session/cab71a55-a64e-4118-944e-543573feddd8/element/00000000-0000-05d0-0000-006b00000004/text] to [GET http://127.0.0.1:8240/session/8092e625-0771-403d-bb5d-06fce980533d/element/00000000-0000-05d0-0000-006b00000004/text] with no body
&amp#27;[38;5;32m[AndroidUiautomator2Driver@d3db (cab71a55)]&amp#27;[0m Got response with status 200: {"sessionId":"8092e625-0771-403d-bb5d-06fce980533d","value":"Thu"}
&amp#27;[38;5;32m[AndroidUiautomator2Driver@d3db (cab71a55)]&amp#27;[0m Replacing sessionId 8092e625-0771-403d-bb5d-06fce980533d with cab71a55-a64e-4118-944e-543573feddd8
&amp#27;[38;5;0m[HTTP]&amp#27;[0m &amp#27;[37m<-- GET /session/cab71a55-a64e-4118-944e-543573feddd8/element/00000000-0000-05d0-0000-006b00000004/text &amp#27;[39m&amp#27;[32m200&amp#27;[39m &amp#27;[90m9 ms - 66&amp#27;[39m
&amp#27;[38;5;0m[HTTP]&amp#27;[0m &amp#27;[90m&amp#27;[39m
&amp#27;[38;5;0m[HTTP]&amp#27;[0m &amp#27;[37m-->&amp#27;[39m &amp#27;[37mGET&amp#27;[39m &amp#27;[37m/session/cab71a55-a64e-4118-944e-543573feddd8/element/00000000-0000-05d0-0000-006d00000004/text&amp#27;[39m
&amp#27;[38;5;0m[HTTP]&amp#27;[0m &amp#27;[90m{}&amp#27;[39m
&amp#27;[38;5;32m[AndroidUiautomator2Driver@d3db (cab71a55)]&amp#27;[0m Driver proxy active, passing request on via HTTP proxy
&amp#27;[38;5;32m[AndroidUiautomator2Driver@d3db (cab71a55)]&amp#27;[0m Matched '/session/cab71a55-a64e-4118-944e-543573feddd8/element/00000000-0000-05d0-0000-006d00000004/text' to command name 'getText'
&amp#27;[38;5;32m[AndroidUiautomator2Driver@d3db (cab71a55)]&amp#27;[0m Proxying [GET /session/cab71a55-a64e-4118-944e-543573feddd8/element/00000000-0000-05d0-0000-006d00000004/text] to [GET http://127.0.0.1:8240/session/8092e625-0771-403d-bb5d-06fce980533d/element/00000000-0000-05d0-0000-006d00000004/text] with no body
&amp#27;[38;5;32m[AndroidUiautomator2Driver@d3db (cab71a55)]&amp#27;[0m Got response with status 200: {"sessionId":"8092e625-0771-403d-bb5d-06fce980533d","value":"light rain"}
&amp#27;[38;5;32m[AndroidUiautomator2Driver@d3db (cab71a55)]&amp#27;[0m Replacing sessionId 8092e625-0771-403d-bb5d-06fce980533d with cab71a55-a64e-4118-944e-543573feddd8
&amp#27;[38;5;0m[HTTP]&amp#27;[0m &amp#27;[37m<-- GET /session/cab71a55-a64e-4118-944e-543573feddd8/element/00000000-0000-05d0-0000-006d00000004/text &amp#27;[39m&amp#27;[32m200&amp#27;[39m &amp#27;[90m9 ms - 73&amp#27;[39m
&amp#27;[38;5;0m[HTTP]&amp#27;[0m &amp#27;[90m&amp#27;[39m
&amp#27;[38;5;0m[HTTP]&amp#27;[0m &amp#27;[37m-->&amp#27;[39m &amp#27;[37mGET&amp#27;[39m &amp#27;[37m/session/cab71a55-a64e-4118-944e-543573feddd8/element/00000000-0000-05d0-0000-006f00000004/text&amp#27;[39m
&amp#27;[38;5;0m[HTTP]&amp#27;[0m &amp#27;[90m{}&amp#27;[39m
&amp#27;[38;5;32m[AndroidUiautomator2Driver@d3db (cab71a55)]&amp#27;[0m Driver proxy active, passing request on via HTTP proxy
&amp#27;[38;5;32m[AndroidUiautomator2Driver@d3db (cab71a55)]&amp#27;[0m Matched '/session/cab71a55-a64e-4118-944e-543573feddd8/element/00000000-0000-05d0-0000-006f00000004/text' to command name 'getText'
&amp#27;[38;5;32m[AndroidUiautomator2Driver@d3db (cab71a55)]&amp#27;[0m Proxying [GET /session/cab71a55-a64e-4118-944e-543573feddd8/element/00000000-0000-05d0-0000-006f00000004/text] to [GET http://127.0.0.1:8240/session/8092e625-0771-403d-bb5d-06fce980533d/element/00000000-0000-05d0-0000-006f00000004/text] with no body
&amp#27;[38;5;32m[AndroidUiautomator2Driver@d3db (cab71a55)]&amp#27;[0m Got response with status 200: {"sessionId":"8092e625-0771-403d-bb5d-06fce980533d","value":"59 %"}
&amp#27;[38;5;32m[AndroidUiautomator2Driver@d3db (cab71a55)]&amp#27;[0m Replacing sessionId 8092e625-0771-403d-bb5d-06fce980533d with cab71a55-a64e-4118-944e-543573feddd8
&amp#27;[38;5;0m[HTTP]&amp#27;[0m &amp#27;[37m<-- GET /session/cab71a55-a64e-4118-944e-543573feddd8/element/00000000-0000-05d0-0000-006f00000004/text &amp#27;[39m&amp#27;[32m200&amp#27;[39m &amp#27;[90m10 ms - 67&amp#27;[39m
&amp#27;[38;5;0m[HTTP]&amp#27;[0m &amp#27;[90m&amp#27;[39m
&amp#27;[38;5;0m[HTTP]&amp#27;[0m &amp#27;[37m-->&amp#27;[39m &amp#27;[37mGET&amp#27;[39m &amp#27;[37m/session/cab71a55-a64e-4118-944e-543573feddd8/element/00000000-0000-05d0-0000-007100000004/text&amp#27;[39m
&amp#27;[38;5;0m[HTTP]&amp#27;[0m &amp#27;[90m{}&amp#27;[39m
&amp#27;[38;5;32m[AndroidUiautomator2Driver@d3db (cab71a55)]&amp#27;[0m Driver proxy active, passing request on via HTTP proxy
&amp#27;[38;5;32m[AndroidUiautomator2Driver@d3db (cab71a55)]&amp#27;[0m Matched '/session/cab71a55-a64e-4118-944e-543573feddd8/element/00000000-0000-05d0-0000-007100000004/text' to command name 'getText'
&amp#27;[38;5;32m[AndroidUiautomator2Driver@d3db (cab71a55)]&amp#27;[0m Proxying [GET /session/cab71a55-a64e-4118-944e-543573feddd8/element/00000000-0000-05d0-0000-007100000004/text] to [GET http://127.0.0.1:8240/session/8092e625-0771-403d-bb5d-06fce980533d/element/00000000-0000-05d0-0000-007100000004/text] with no body
&amp#27;[38;5;32m[AndroidUiautomator2Driver@d3db (cab71a55)]&amp#27;[0m Got response with status 200: {"sessionId":"8092e625-0771-403d-bb5d-06fce980533d","value":"15 Â°C"}
&amp#27;[38;5;32m[AndroidUiautomator2Driver@d3db (cab71a55)]&amp#27;[0m Replacing sessionId 8092e625-0771-403d-bb5d-06fce980533d with cab71a55-a64e-4118-944e-543573feddd8
&amp#27;[38;5;0m[HTTP]&amp#27;[0m &amp#27;[37m<-- GET /session/cab71a55-a64e-4118-944e-543573feddd8/element/00000000-0000-05d0-0000-007100000004/text &amp#27;[39m&amp#27;[32m200&amp#27;[39m &amp#27;[90m10 ms - 69&amp#27;[39m
&amp#27;[38;5;0m[HTTP]&amp#27;[0m &amp#27;[90m&amp#27;[39m
&amp#27;[38;5;0m[HTTP]&amp#27;[0m &amp#27;[37m-->&amp#27;[39m &amp#27;[37mGET&amp#27;[39m &amp#27;[37m/session/cab71a55-a64e-4118-944e-543573feddd8/element/00000000-0000-05d0-0000-007300000004/text&amp#27;[39m
&amp#27;[38;5;0m[HTTP]&amp#27;[0m &amp#27;[90m{}&amp#27;[39m
&amp#27;[38;5;32m[AndroidUiautomator2Driver@d3db (cab71a55)]&amp#27;[0m Driver proxy active, passing request on via HTTP proxy
&amp#27;[38;5;32m[AndroidUiautomator2Driver@d3db (cab71a55)]&amp#27;[0m Matched '/session/cab71a55-a64e-4118-944e-543573feddd8/element/00000000-0000-05d0-0000-007300000004/text' to command name 'getText'
&amp#27;[38;5;32m[AndroidUiautomator2Driver@d3db (cab71a55)]&amp#27;[0m Proxying [GET /session/cab71a55-a64e-4118-944e-543573feddd8/element/00000000-0000-05d0-0000-007300000004/text] to [GET http://127.0.0.1:8240/session/8092e625-0771-403d-bb5d-06fce980533d/element/00000000-0000-05d0-0000-007300000004/text] with no body
&amp#27;[38;5;32m[AndroidUiautomator2Driver@d3db (cab71a55)]&amp#27;[0m Got response with status 200: {"sessionId":"8092e625-0771-403d-bb5d-06fce980533d","value":"Fri"}
&amp#27;[38;5;32m[AndroidUiautomator2Driver@d3db (cab71a55)]&amp#27;[0m Replacing sessionId 8092e625-0771-403d-bb5d-06fce980533d with cab71a55-a64e-4118-944e-543573feddd8
&amp#27;[38;5;0m[HTTP]&amp#27;[0m &amp#27;[37m<-- GET /session/cab71a55-a64e-4118-944e-543573feddd8/element/00000000-0000-05d0-0000-007300000004/text &amp#27;[39m&amp#27;[32m200&amp#27;[39m &amp#27;[90m10 ms - 66&amp#27;[39m
&amp#27;[38;5;0m[HTTP]&amp#27;[0m &amp#27;[90m&amp#27;[39m
&amp#27;[38;5;0m[HTTP]&amp#27;[0m &amp#27;[37m-->&amp#27;[39m &amp#27;[37mGET&amp#27;[39m &amp#27;[37m/session/cab71a55-a64e-4118-944e-543573feddd8/element/00000000-0000-05d0-0000-007500000004/text&amp#27;[39m
&amp#27;[38;5;0m[HTTP]&amp#27;[0m &amp#27;[90m{}&amp#27;[39m
&amp#27;[38;5;32m[AndroidUiautomator2Driver@d3db (cab71a55)]&amp#27;[0m Driver proxy active, passing request on via HTTP proxy
&amp#27;[38;5;32m[AndroidUiautomator2Driver@d3db (cab71a55)]&amp#27;[0m Matched '/session/cab71a55-a64e-4118-944e-543573feddd8/element/00000000-0000-05d0-0000-007500000004/text' to command name 'getText'
&amp#27;[38;5;32m[AndroidUiautomator2Driver@d3db (cab71a55)]&amp#27;[0m Proxying [GET /session/cab71a55-a64e-4118-944e-543573feddd8/element/00000000-0000-05d0-0000-007500000004/text] to [GET http://127.0.0.1:8240/session/8092e625-0771-403d-bb5d-06fce980533d/element/00000000-0000-05d0-0000-007500000004/text] with no body
&amp#27;[38;5;32m[AndroidUiautomator2Driver@d3db (cab71a55)]&amp#27;[0m Got response with status 200: {"sessionId":"8092e625-0771-403d-bb5d-06fce980533d","value":"broken clouds"}
&amp#27;[38;5;32m[AndroidUiautomator2Driver@d3db (cab71a55)]&amp#27;[0m Replacing sessionId 8092e625-0771-403d-bb5d-06fce980533d with cab71a55-a64e-4118-944e-543573feddd8
&amp#27;[38;5;0m[HTTP]&amp#27;[0m &amp#27;[37m<-- GET /session/cab71a55-a64e-4118-944e-543573feddd8/element/00000000-0000-05d0-0000-007500000004/text &amp#27;[39m&amp#27;[32m200&amp#27;[39m &amp#27;[90m10 ms - 76&amp#27;[39m
&amp#27;[38;5;0m[HTTP]&amp#27;[0m &amp#27;[90m&amp#27;[39m
&amp#27;[38;5;0m[HTTP]&amp#27;[0m &amp#27;[37m-->&amp#27;[39m &amp#27;[37mGET&amp#27;[39m &amp#27;[37m/session/cab71a55-a64e-4118-944e-543573feddd8/element/00000000-0000-05d0-0000-007700000004/text&amp#27;[39m
&amp#27;[38;5;0m[HTTP]&amp#27;[0m &amp#27;[90m{}&amp#27;[39m
&amp#27;[38;5;32m[AndroidUiautomator2Driver@d3db (cab71a55)]&amp#27;[0m Driver proxy active, passing request on via HTTP proxy
&amp#27;[38;5;32m[AndroidUiautomator2Driver@d3db (cab71a55)]&amp#27;[0m Matched '/session/cab71a55-a64e-4118-944e-543573feddd8/element/00000000-0000-05d0-0000-007700000004/text' to command name 'getText'
&amp#27;[38;5;32m[AndroidUiautomator2Driver@d3db (cab71a55)]&amp#27;[0m Proxying [GET /session/cab71a55-a64e-4118-944e-543573feddd8/element/00000000-0000-05d0-0000-007700000004/text] to [GET http://127.0.0.1:8240/session/8092e625-0771-403d-bb5d-06fce980533d/element/00000000-0000-05d0-0000-007700000004/text] with no body
&amp#27;[38;5;32m[AndroidUiautomator2Driver@d3db (cab71a55)]&amp#27;[0m Got response with status 200: {"sessionId":"8092e625-0771-403d-bb5d-06fce980533d","value":"55 %"}
&amp#27;[38;5;32m[AndroidUiautomator2Driver@d3db (cab71a55)]&amp#27;[0m Replacing sessionId 8092e625-0771-403d-bb5d-06fce980533d with cab71a55-a64e-4118-944e-543573feddd8
&amp#27;[38;5;0m[HTTP]&amp#27;[0m &amp#27;[37m<-- GET /session/cab71a55-a64e-4118-944e-543573feddd8/element/00000000-0000-05d0-0000-007700000004/text &amp#27;[39m&amp#27;[32m200&amp#27;[39m &amp#27;[90m10 ms - 67&amp#27;[39m
&amp#27;[38;5;0m[HTTP]&amp#27;[0m &amp#27;[90m&amp#27;[39m
&amp#27;[38;5;0m[HTTP]&amp#27;[0m &amp#27;[37m-->&amp#27;[39m &amp#27;[37mGET&amp#27;[39m &amp#27;[37m/session/cab71a55-a64e-4118-944e-543573feddd8/element/00000000-0000-05d0-0000-007900000004/text&amp#27;[39m
&amp#27;[38;5;0m[HTTP]&amp#27;[0m &amp#27;[90m{}&amp#27;[39m
&amp#27;[38;5;32m[AndroidUiautomator2Driver@d3db (cab71a55)]&amp#27;[0m Driver proxy active, passing request on via HTTP proxy
&amp#27;[38;5;32m[AndroidUiautomator2Driver@d3db (cab71a55)]&amp#27;[0m Matched '/session/cab71a55-a64e-4118-944e-543573feddd8/element/00000000-0000-05d0-0000-007900000004/text' to command name 'getText'
&amp#27;[38;5;32m[AndroidUiautomator2Driver@d3db (cab71a55)]&amp#27;[0m Proxying [GET /session/cab71a55-a64e-4118-944e-543573feddd8/element/00000000-0000-05d0-0000-007900000004/text] to [GET http://127.0.0.1:8240/session/8092e625-0771-403d-bb5d-06fce980533d/element/00000000-0000-05d0-0000-007900000004/text] with no body
&amp#27;[38;5;32m[AndroidUiautomator2Driver@d3db (cab71a55)]&amp#27;[0m Got response with status 200: {"sessionId":"8092e625-0771-403d-bb5d-06fce980533d","value":"16 Â°C"}
&amp#27;[38;5;32m[AndroidUiautomator2Driver@d3db (cab71a55)]&amp#27;[0m Replacing sessionId 8092e625-0771-403d-bb5d-06fce980533d with cab71a55-a64e-4118-944e-543573feddd8
&amp#27;[38;5;0m[HTTP]&amp#27;[0m &amp#27;[37m<-- GET /session/cab71a55-a64e-4118-944e-543573feddd8/element/00000000-0000-05d0-0000-007900000004/text &amp#27;[39m&amp#27;[32m200&amp#27;[39m &amp#27;[90m10 ms - 69&amp#27;[39m
&amp#27;[38;5;0m[HTTP]&amp#27;[0m &amp#27;[90m&amp#27;[39m
&amp#27;[38;5;0m[HTTP]&amp#27;[0m &amp#27;[37m-->&amp#27;[39m &amp#27;[37mPOST&amp#27;[39m &amp#27;[37m/session/cab71a55-a64e-4118-944e-543573feddd8/execute/sync&amp#27;[39m
&amp#27;[38;5;0m[HTTP]&amp#27;[0m &amp#27;[90m{"script":"mobile: swipeGesture","args":[{"elementId":"00000000-0000-05d0-0000-002a00000004","percent":0.4,"speed":320,"direction":"left"}]}&amp#27;[39m
&amp#27;[38;5;32m[AndroidUiautomator2Driver@d3db (cab71a55)]&amp#27;[0m Calling AppiumDriver.execute() with args: ["mobile: swipeGesture",[{"elementId":"00000000-0000-05d0-0000-002a00000004","percent":0.4,"speed":320,"direction":"left"}],"cab71a55-a64e-4118-944e-543573feddd8"]
&amp#27;[38;5;32m[AndroidUiautomator2Driver@d3db (cab71a55)]&amp#27;[0m Executing method 'mobile: swipeGesture'
&amp#27;[38;5;32m[AndroidUiautomator2Driver@d3db (cab71a55)]&amp#27;[0m Proxying [POST /appium/gestures/swipe] to [POST http://127.0.0.1:8240/session/8092e625-0771-403d-bb5d-06fce980533d/appium/gestures/swipe] with body: {"origin":{"ELEMENT":"00000000-0000-05d0-0000-002a00000004","element-6066-11e4-a52e-4f735466cecf":"00000000-0000-05d0-0000-002a00000004"},"direction":"left","percent":0.4,"speed":320}
&amp#27;[38;5;32m[AndroidUiautomator2Driver@d3db (cab71a55)]&amp#27;[0m Got response with status 200: {"sessionId":"8092e625-0771-403d-bb5d-06fce980533d","value":null}
&amp#27;[38;5;32m[AndroidUiautomator2Driver@d3db (cab71a55)]&amp#27;[0m Responding to client with driver.execute() result: null
&amp#27;[38;5;0m[HTTP]&amp#27;[0m &amp#27;[37m<-- POST /session/cab71a55-a64e-4118-944e-543573feddd8/execute/sync &amp#27;[39m&amp#27;[32m200&amp#27;[39m &amp#27;[90m1533 ms - 14&amp#27;[39m
&amp#27;[38;5;0m[HTTP]&amp#27;[0m &amp#27;[90m&amp#27;[39m
&amp#27;[38;5;0m[HTTP]&amp#27;[0m &amp#27;[37m-->&amp#27;[39m &amp#27;[37mPOST&amp#27;[39m &amp#27;[37m/session/cab71a55-a64e-4118-944e-543573feddd8/elements&amp#27;[39m
&amp#27;[38;5;0m[HTTP]&amp#27;[0m &amp#27;[90m{"using":"xpath","value":"//android.widget.HorizontalScrollView"}&amp#27;[39m
&amp#27;[38;5;32m[AndroidUiautomator2Driver@d3db (cab71a55)]&amp#27;[0m Calling AppiumDriver.findElements() with args: ["xpath","//android.widget.HorizontalScrollView","cab71a55-a64e-4118-944e-543573feddd8"]
&amp#27;[38;5;32m[AndroidUiautomator2Driver@d3db (cab71a55)]&amp#27;[0m Valid locator strategies for this request: xpath, id, class name, accessibility id, css selector, -android uiautomator
&amp#27;[38;5;32m[AndroidUiautomator2Driver@d3db (cab71a55)]&amp#27;[0m Waiting up to 0 ms for condition
&amp#27;[38;5;32m[AndroidUiautomator2Driver@d3db (cab71a55)]&amp#27;[0m Matched '/elements' to command name 'findElements'
&amp#27;[38;5;32m[AndroidUiautomator2Driver@d3db (cab71a55)]&amp#27;[0m Proxying [POST /elements] to [POST http://127.0.0.1:8240/session/8092e625-0771-403d-bb5d-06fce980533d/elements] with body: {"strategy":"xpath","selector":"//android.widget.HorizontalScrollView","context":"","multiple":true}
&amp#27;[38;5;32m[AndroidUiautomator2Driver@d3db (cab71a55)]&amp#27;[0m Got response with status 200: {"sessionId":"8092e625-0771-403d-bb5d-06fce980533d","value":[{"ELEMENT":"00000000-0000-05d0-0000-002900000004","element-6066-11e4-a52e-4f735466cecf":"00000000-0000-05d0-0000-002900000004"},{"ELEMENT":"00000000-0000-05d0-0000-002a00000004","element-6066-11e4-a52e-4f735466cecf":"00000000-0000-05d0-0000-002a00000004"}]}
&amp#27;[38;5;32m[AndroidUiautomator2Driver@d3db (cab71a55)]&amp#27;[0m Responding to client with driver.findElements() result: [{"element-6066-11e4-a52e-4f735466cecf":"00000000-0000-05d0-0000-002900000004","ELEMENT":"00000000-0000-05d0-0000-002900000004"},{"element-6066-11e4-a52e-4f735466cecf":"00000000-0000-05d0-0000-002a00000004","ELEMENT":"00000000-0000-05d0-0000-002a00000004"}]
&amp#27;[38;5;0m[HTTP]&amp#27;[0m &amp#27;[37m<-- POST /session/cab71a55-a64e-4118-944e-543573feddd8/elements &amp#27;[39m&amp#27;[32m200&amp#27;[39m &amp#27;[90m144 ms - 267&amp#27;[39m
&amp#27;[38;5;0m[HTTP]&amp#27;[0m &amp#27;[90m&amp#27;[39m
&amp#27;[38;5;0m[HTTP]&amp#27;[0m &amp#27;[37m-->&amp#27;[39m &amp#27;[37mPOST&amp#27;[39m &amp#27;[37m/session/cab71a55-a64e-4118-944e-543573feddd8/element/00000000-0000-05d0-0000-002a00000004/elements&amp#27;[39m
&amp#27;[38;5;0m[HTTP]&amp#27;[0m &amp#27;[90m{"id":"00000000-0000-05d0-0000-002a00000004","using":"xpath","value":"//android.view.View"}&amp#27;[39m
&amp#27;[38;5;32m[AndroidUiautomator2Driver@d3db (cab71a55)]&amp#27;[0m Calling AppiumDriver.findElementsFromElement() with args: ["xpath","//android.view.View","00000000-0000-05d0-0000-002a00000004","cab71a55-a64e-4118-944e-543573feddd8"]
&amp#27;[38;5;32m[AndroidUiautomator2Driver@d3db (cab71a55)]&amp#27;[0m Valid locator strategies for this request: xpath, id, class name, accessibility id, css selector, -android uiautomator
&amp#27;[38;5;32m[AndroidUiautomator2Driver@d3db (cab71a55)]&amp#27;[0m Waiting up to 0 ms for condition
&amp#27;[38;5;32m[AndroidUiautomator2Driver@d3db (cab71a55)]&amp#27;[0m Matched '/elements' to command name 'findElements'
&amp#27;[38;5;32m[AndroidUiautomator2Driver@d3db (cab71a55)]&amp#27;[0m Proxying [POST /elements] to [POST http://127.0.0.1:8240/session/8092e625-0771-403d-bb5d-06fce980533d/elements] with body: {"strategy":"xpath","selector":"//android.view.View","context":"00000000-0000-05d0-0000-002a00000004","multiple":true}
&amp#27;[38;5;32m[AndroidUiautomator2Driver@d3db (cab71a55)]&amp#27;[0m Got response with status 200: {"sessionId":"8092e625-0771-403d-bb5d-06fce980533d","value":[{"ELEMENT":"00000000-0000-05d0-0000-006300000004","element-6066-11e4-a52e-4f735466cecf":"00000000-0000-05d0-0000-006300000004"},{"ELEMENT":"00000000-0000-05d0-0000-006500000004","element-6066-11e4-a52e-4f735466cecf":"00000000-0000-05d0-0000-006500000004"},{"ELEMENT":"00000000-0000-05d0-0000-006700000004","element-6066-11e4-a52e-4f735466cecf":"00000000-0000-05d0-0000-006700000004"},{"ELEMENT":"00000000-0000-05d0-0000-006900000004","element-6066-11e4-a52e-4f735466cecf":"00000000-0000-05d0-0000-006900000004"},{"ELEMENT":"00000000-0000-05d0-0000-006b00000004","element-6066-11e4-a52e-4f735466cecf":"00000000-0000-05d0-0000-006b00000004"},{"ELEMENT":"00000000-0000-05d0-0000-006d00000004","element-6066-11e4-a52e-4f735466cecf":"00000000-0000-05d0-0000-006d00000004"},{"ELEMENT":"00000000-0000-05d0-0000-006f00000004","element-6066-11e4-a52e-4f735466cecf":"00000000-0000-05d0-0000-006f00000004"},{"ELEMENT":"00000000-0000-05d0-0000-007100000004","element-6066-...
&amp#27;[38;5;32m[AndroidUiautomator2Driver@d3db (cab71a55)]&amp#27;[0m Responding to client with driver.findElementsFromElement() result: [{"element-6066-11e4-a52e-4f735466cecf":"00000000-0000-05d0-0000-006300000004","ELEMENT":"00000000-0000-05d0-0000-006300000004"},{"element-6066-11e4-a52e-4f735466cecf":"00000000-0000-05d0-0000-006500000004","ELEMENT":"00000000-0000-05d0-0000-006500000004"},{"element-6066-11e4-a52e-4f735466cecf":"00000000-0000-05d0-0000-006700000004","ELEMENT":"00000000-0000-05d0-0000-006700000004"},{"element-6066-11e4-a52e-4f735466cecf":"00000000-0000-05d0-0000-006900000004","ELEMENT":"00000000-0000-05d0-0000-006900000004"},{"element-6066-11e4-a52e-4f735466cecf":"00000000-0000-05d0-0000-006b00000004","ELEMENT":"00000000-0000-05d0-0000-006b00000004"},{"element-6066-11e4-a52e-4f735466cecf":"00000000-0000-05d0-0000-006d00000004","ELEMENT":"00000000-0000-05d0-0000-006d00000004"},{"element-6066-11e4-a52e-4f735466cecf":"00000000-0000-05d0-0000-006f00000004","ELEMENT":"00000000-0000-05d0-0000-006f00000004"},{"element-6066-11e4-a52e-4f735466cecf":"00000000-0000-05d0-0000-007100000004","ELEMENT":"00000000-0000-05d0-0000-00710000000...
&amp#27;[38;5;0m[HTTP]&amp#27;[0m &amp#27;[37m<-- POST /session/cab71a55-a64e-4118-944e-543573feddd8/element/00000000-0000-05d0-0000-002a00000004/elements &amp#27;[39m&amp#27;[32m200&amp#27;[39m &amp#27;[90m49 ms - 2059&amp#27;[39m
&amp#27;[38;5;0m[HTTP]&amp#27;[0m &amp#27;[90m&amp#27;[39m
&amp#27;[38;5;0m[HTTP]&amp#27;[0m &amp#27;[37m-->&amp#27;[39m &amp#27;[37mGET&amp#27;[39m &amp#27;[37m/session/cab71a55-a64e-4118-944e-543573feddd8/element/00000000-0000-05d0-0000-006300000004/text&amp#27;[39m
&amp#27;[38;5;0m[HTTP]&amp#27;[0m &amp#27;[90m{}&amp#27;[39m
&amp#27;[38;5;32m[AndroidUiautomator2Driver@d3db (cab71a55)]&amp#27;[0m Driver proxy active, passing request on via HTTP proxy
&amp#27;[38;5;32m[AndroidUiautomator2Driver@d3db (cab71a55)]&amp#27;[0m Matched '/session/cab71a55-a64e-4118-944e-543573feddd8/element/00000000-0000-05d0-0000-006300000004/text' to command name 'getText'
&amp#27;[38;5;32m[AndroidUiautomator2Driver@d3db (cab71a55)]&amp#27;[0m Proxying [GET /session/cab71a55-a64e-4118-944e-543573feddd8/element/00000000-0000-05d0-0000-006300000004/text] to [GET http://127.0.0.1:8240/session/8092e625-0771-403d-bb5d-06fce980533d/element/00000000-0000-05d0-0000-006300000004/text] with no body
&amp#27;[38;5;32m[AndroidUiautomator2Driver@d3db (cab71a55)]&amp#27;[0m Got response with status 200: {"sessionId":"8092e625-0771-403d-bb5d-06fce980533d","value":"Wed"}
&amp#27;[38;5;32m[AndroidUiautomator2Driver@d3db (cab71a55)]&amp#27;[0m Replacing sessionId 8092e625-0771-403d-bb5d-06fce980533d with cab71a55-a64e-4118-944e-543573feddd8
&amp#27;[38;5;0m[HTTP]&amp#27;[0m &amp#27;[37m<-- GET /session/cab71a55-a64e-4118-944e-543573feddd8/element/00000000-0000-05d0-0000-006300000004/text &amp#27;[39m&amp#27;[32m200&amp#27;[39m &amp#27;[90m9 ms - 66&amp#27;[39m
&amp#27;[38;5;0m[HTTP]&amp#27;[0m &amp#27;[90m&amp#27;[39m
&amp#27;[38;5;0m[HTTP]&amp#27;[0m &amp#27;[37m-->&amp#27;[39m &amp#27;[37mGET&amp#27;[39m &amp#27;[37m/session/cab71a55-a64e-4118-944e-543573feddd8/element/00000000-0000-05d0-0000-006500000004/text&amp#27;[39m
&amp#27;[38;5;0m[HTTP]&amp#27;[0m &amp#27;[90m{}&amp#27;[39m
&amp#27;[38;5;32m[AndroidUiautomator2Driver@d3db (cab71a55)]&amp#27;[0m Driver proxy active, passing request on via HTTP proxy
&amp#27;[38;5;32m[AndroidUiautomator2Driver@d3db (cab71a55)]&amp#27;[0m Matched '/session/cab71a55-a64e-4118-944e-543573feddd8/element/00000000-0000-05d0-0000-006500000004/text' to command name 'getText'
&amp#27;[38;5;32m[AndroidUiautomator2Driver@d3db (cab71a55)]&amp#27;[0m Proxying [GET /session/cab71a55-a64e-4118-944e-543573feddd8/element/00000000-0000-05d0-0000-006500000004/text] to [GET http://127.0.0.1:8240/session/8092e625-0771-403d-bb5d-06fce980533d/element/00000000-0000-05d0-0000-006500000004/text] with no body
&amp#27;[38;5;32m[AndroidUiautomator2Driver@d3db (cab71a55)]&amp#27;[0m Got response with status 200: {"sessionId":"8092e625-0771-403d-bb5d-06fce980533d","value":"light rain"}
&amp#27;[38;5;32m[AndroidUiautomator2Driver@d3db (cab71a55)]&amp#27;[0m Replacing sessionId 8092e625-0771-403d-bb5d-06fce980533d with cab71a55-a64e-4118-944e-543573feddd8
&amp#27;[38;5;0m[HTTP]&amp#27;[0m &amp#27;[37m<-- GET /session/cab71a55-a64e-4118-944e-543573feddd8/element/00000000-0000-05d0-0000-006500000004/text &amp#27;[39m&amp#27;[32m200&amp#27;[39m &amp#27;[90m9 ms - 73&amp#27;[39m
&amp#27;[38;5;0m[HTTP]&amp#27;[0m &amp#27;[90m&amp#27;[39m
&amp#27;[38;5;0m[HTTP]&amp#27;[0m &amp#27;[37m-->&amp#27;[39m &amp#27;[37mGET&amp#27;[39m &amp#27;[37m/session/cab71a55-a64e-4118-944e-543573feddd8/element/00000000-0000-05d0-0000-006700000004/text&amp#27;[39m
&amp#27;[38;5;0m[HTTP]&amp#27;[0m &amp#27;[90m{}&amp#27;[39m
&amp#27;[38;5;32m[AndroidUiautomator2Driver@d3db (cab71a55)]&amp#27;[0m Driver proxy active, passing request on via HTTP proxy
&amp#27;[38;5;32m[AndroidUiautomator2Driver@d3db (cab71a55)]&amp#27;[0m Matched '/session/cab71a55-a64e-4118-944e-543573feddd8/element/00000000-0000-05d0-0000-006700000004/text' to command name 'getText'
&amp#27;[38;5;32m[AndroidUiautomator2Driver@d3db (cab71a55)]&amp#27;[0m Proxying [GET /session/cab71a55-a64e-4118-944e-543573feddd8/element/00000000-0000-05d0-0000-006700000004/text] to [GET http://127.0.0.1:8240/session/8092e625-0771-403d-bb5d-06fce980533d/element/00000000-0000-05d0-0000-006700000004/text] with no body
&amp#27;[38;5;32m[AndroidUiautomator2Driver@d3db (cab71a55)]&amp#27;[0m Got response with status 200: {"sessionId":"8092e625-0771-403d-bb5d-06fce980533d","value":"57 %"}
&amp#27;[38;5;32m[AndroidUiautomator2Driver@d3db (cab71a55)]&amp#27;[0m Replacing sessionId 8092e625-0771-403d-bb5d-06fce980533d with cab71a55-a64e-4118-944e-543573feddd8
&amp#27;[38;5;0m[HTTP]&amp#27;[0m &amp#27;[37m<-- GET /session/cab71a55-a64e-4118-944e-543573feddd8/element/00000000-0000-05d0-0000-006700000004/text &amp#27;[39m&amp#27;[32m200&amp#27;[39m &amp#27;[90m9 ms - 67&amp#27;[39m
&amp#27;[38;5;0m[HTTP]&amp#27;[0m &amp#27;[90m&amp#27;[39m
&amp#27;[38;5;0m[HTTP]&amp#27;[0m &amp#27;[37m-->&amp#27;[39m &amp#27;[37mGET&amp#27;[39m &amp#27;[37m/session/cab71a55-a64e-4118-944e-543573feddd8/element/00000000-0000-05d0-0000-006900000004/text&amp#27;[39m
&amp#27;[38;5;0m[HTTP]&amp#27;[0m &amp#27;[90m{}&amp#27;[39m
&amp#27;[38;5;32m[AndroidUiautomator2Driver@d3db (cab71a55)]&amp#27;[0m Driver proxy active, passing request on via HTTP proxy
&amp#27;[38;5;32m[AndroidUiautomator2Driver@d3db (cab71a55)]&amp#27;[0m Matched '/session/cab71a55-a64e-4118-944e-543573feddd8/element/00000000-0000-05d0-0000-006900000004/text' to command name 'getText'
&amp#27;[38;5;32m[AndroidUiautomator2Driver@d3db (cab71a55)]&amp#27;[0m Proxying [GET /session/cab71a55-a64e-4118-944e-543573feddd8/element/00000000-0000-05d0-0000-006900000004/text] to [GET http://127.0.0.1:8240/session/8092e625-0771-403d-bb5d-06fce980533d/element/00000000-0000-05d0-0000-006900000004/text] with no body
&amp#27;[38;5;32m[AndroidUiautomator2Driver@d3db (cab71a55)]&amp#27;[0m Got response with status 200: {"sessionId":"8092e625-0771-403d-bb5d-06fce980533d","value":"15 Â°C"}
&amp#27;[38;5;32m[AndroidUiautomator2Driver@d3db (cab71a55)]&amp#27;[0m Replacing sessionId 8092e625-0771-403d-bb5d-06fce980533d with cab71a55-a64e-4118-944e-543573feddd8
&amp#27;[38;5;0m[HTTP]&amp#27;[0m &amp#27;[37m<-- GET /session/cab71a55-a64e-4118-944e-543573feddd8/element/00000000-0000-05d0-0000-006900000004/text &amp#27;[39m&amp#27;[32m200&amp#27;[39m &amp#27;[90m9 ms - 69&amp#27;[39m
&amp#27;[38;5;0m[HTTP]&amp#27;[0m &amp#27;[90m&amp#27;[39m
&amp#27;[38;5;0m[HTTP]&amp#27;[0m &amp#27;[37m-->&amp#27;[39m &amp#27;[37mGET&amp#27;[39m &amp#27;[37m/session/cab71a55-a64e-4118-944e-543573feddd8/element/00000000-0000-05d0-0000-006b00000004/text&amp#27;[39m
&amp#27;[38;5;0m[HTTP]&amp#27;[0m &amp#27;[90m{}&amp#27;[39m
&amp#27;[38;5;32m[AndroidUiautomator2Driver@d3db (cab71a55)]&amp#27;[0m Driver proxy active, passing request on via HTTP proxy
&amp#27;[38;5;32m[AndroidUiautomator2Driver@d3db (cab71a55)]&amp#27;[0m Matched '/session/cab71a55-a64e-4118-944e-543573feddd8/element/00000000-0000-05d0-0000-006b00000004/text' to command name 'getText'
&amp#27;[38;5;32m[AndroidUiautomator2Driver@d3db (cab71a55)]&amp#27;[0m Proxying [GET /session/cab71a55-a64e-4118-944e-543573feddd8/element/00000000-0000-05d0-0000-006b00000004/text] to [GET http://127.0.0.1:8240/session/8092e625-0771-403d-bb5d-06fce980533d/element/00000000-0000-05d0-0000-006b00000004/text] with no body
&amp#27;[38;5;32m[AndroidUiautomator2Driver@d3db (cab71a55)]&amp#27;[0m Got response with status 200: {"sessionId":"8092e625-0771-403d-bb5d-06fce980533d","value":"Thu"}
&amp#27;[38;5;32m[AndroidUiautomator2Driver@d3db (cab71a55)]&amp#27;[0m Replacing sessionId 8092e625-0771-403d-bb5d-06fce980533d with cab71a55-a64e-4118-944e-543573feddd8
&amp#27;[38;5;0m[HTTP]&amp#27;[0m &amp#27;[37m<-- GET /session/cab71a55-a64e-4118-944e-543573feddd8/element/00000000-0000-05d0-0000-006b00000004/text &amp#27;[39m&amp#27;[32m200&amp#27;[39m &amp#27;[90m9 ms - 66&amp#27;[39m
&amp#27;[38;5;0m[HTTP]&amp#27;[0m &amp#27;[90m&amp#27;[39m
&amp#27;[38;5;0m[HTTP]&amp#27;[0m &amp#27;[37m-->&amp#27;[39m &amp#27;[37mGET&amp#27;[39m &amp#27;[37m/session/cab71a55-a64e-4118-944e-543573feddd8/element/00000000-0000-05d0-0000-006d00000004/text&amp#27;[39m
&amp#27;[38;5;0m[HTTP]&amp#27;[0m &amp#27;[90m{}&amp#27;[39m
&amp#27;[38;5;32m[AndroidUiautomator2Driver@d3db (cab71a55)]&amp#27;[0m Driver proxy active, passing request on via HTTP proxy
&amp#27;[38;5;32m[AndroidUiautomator2Driver@d3db (cab71a55)]&amp#27;[0m Matched '/session/cab71a55-a64e-4118-944e-543573feddd8/element/00000000-0000-05d0-0000-006d00000004/text' to command name 'getText'
&amp#27;[38;5;32m[AndroidUiautomator2Driver@d3db (cab71a55)]&amp#27;[0m Proxying [GET /session/cab71a55-a64e-4118-944e-543573feddd8/element/00000000-0000-05d0-0000-006d00000004/text] to [GET http://127.0.0.1:8240/session/8092e625-0771-403d-bb5d-06fce980533d/element/00000000-0000-05d0-0000-006d00000004/text] with no body
&amp#27;[38;5;32m[AndroidUiautomator2Driver@d3db (cab71a55)]&amp#27;[0m Got response with status 200: {"sessionId":"8092e625-0771-403d-bb5d-06fce980533d","value":"light rain"}
&amp#27;[38;5;32m[AndroidUiautomator2Driver@d3db (cab71a55)]&amp#27;[0m Replacing sessionId 8092e625-0771-403d-bb5d-06fce980533d with cab71a55-a64e-4118-944e-543573feddd8
&amp#27;[38;5;0m[HTTP]&amp#27;[0m &amp#27;[37m<-- GET /session/cab71a55-a64e-4118-944e-543573feddd8/element/00000000-0000-05d0-0000-006d00000004/text &amp#27;[39m&amp#27;[32m200&amp#27;[39m &amp#27;[90m10 ms - 73&amp#27;[39m
&amp#27;[38;5;0m[HTTP]&amp#27;[0m &amp#27;[90m&amp#27;[39m
&amp#27;[38;5;0m[HTTP]&amp#27;[0m &amp#27;[37m-->&amp#27;[39m &amp#27;[37mGET&amp#27;[39m &amp#27;[37m/session/cab71a55-a64e-4118-944e-543573feddd8/element/00000000-0000-05d0-0000-006f00000004/text&amp#27;[39m
&amp#27;[38;5;0m[HTTP]&amp#27;[0m &amp#27;[90m{}&amp#27;[39m
&amp#27;[38;5;32m[AndroidUiautomator2Driver@d3db (cab71a55)]&amp#27;[0m Driver proxy active, passing request on via HTTP proxy
&amp#27;[38;5;32m[AndroidUiautomator2Driver@d3db (cab71a55)]&amp#27;[0m Matched '/session/cab71a55-a64e-4118-944e-543573feddd8/element/00000000-0000-05d0-0000-006f00000004/text' to command name 'getText'
&amp#27;[38;5;32m[AndroidUiautomator2Driver@d3db (cab71a55)]&amp#27;[0m Proxying [GET /session/cab71a55-a64e-4118-944e-543573feddd8/element/00000000-0000-05d0-0000-006f00000004/text] to [GET http://127.0.0.1:8240/session/8092e625-0771-403d-bb5d-06fce980533d/element/00000000-0000-05d0-0000-006f00000004/text] with no body
&amp#27;[38;5;32m[AndroidUiautomator2Driver@d3db (cab71a55)]&amp#27;[0m Got response with status 200: {"sessionId":"8092e625-0771-403d-bb5d-06fce980533d","value":"59 %"}
&amp#27;[38;5;32m[AndroidUiautomator2Driver@d3db (cab71a55)]&amp#27;[0m Replacing sessionId 8092e625-0771-403d-bb5d-06fce980533d with cab71a55-a64e-4118-944e-543573feddd8
&amp#27;[38;5;0m[HTTP]&amp#27;[0m &amp#27;[37m<-- GET /session/cab71a55-a64e-4118-944e-543573feddd8/element/00000000-0000-05d0-0000-006f00000004/text &amp#27;[39m&amp#27;[32m200&amp#27;[39m &amp#27;[90m10 ms - 67&amp#27;[39m
&amp#27;[38;5;0m[HTTP]&amp#27;[0m &amp#27;[90m&amp#27;[39m
&amp#27;[38;5;0m[HTTP]&amp#27;[0m &amp#27;[37m-->&amp#27;[39m &amp#27;[37mGET&amp#27;[39m &amp#27;[37m/session/cab71a55-a64e-4118-944e-543573feddd8/element/00000000-0000-05d0-0000-007100000004/text&amp#27;[39m
&amp#27;[38;5;0m[HTTP]&amp#27;[0m &amp#27;[90m{}&amp#27;[39m
&amp#27;[38;5;32m[AndroidUiautomator2Driver@d3db (cab71a55)]&amp#27;[0m Driver proxy active, passing request on via HTTP proxy
&amp#27;[38;5;32m[AndroidUiautomator2Driver@d3db (cab71a55)]&amp#27;[0m Matched '/session/cab71a55-a64e-4118-944e-543573feddd8/element/00000000-0000-05d0-0000-007100000004/text' to command name 'getText'
&amp#27;[38;5;32m[AndroidUiautomator2Driver@d3db (cab71a55)]&amp#27;[0m Proxying [GET /session/cab71a55-a64e-4118-944e-543573feddd8/element/00000000-0000-05d0-0000-007100000004/text] to [GET http://127.0.0.1:8240/session/8092e625-0771-403d-bb5d-06fce980533d/element/00000000-0000-05d0-0000-007100000004/text] with no body
&amp#27;[38;5;32m[AndroidUiautomator2Driver@d3db (cab71a55)]&amp#27;[0m Got response with status 200: {"sessionId":"8092e625-0771-403d-bb5d-06fce980533d","value":"15 Â°C"}
&amp#27;[38;5;32m[AndroidUiautomator2Driver@d3db (cab71a55)]&amp#27;[0m Replacing sessionId 8092e625-0771-403d-bb5d-06fce980533d with cab71a55-a64e-4118-944e-543573feddd8
&amp#27;[38;5;0m[HTTP]&amp#27;[0m &amp#27;[37m<-- GET /session/cab71a55-a64e-4118-944e-543573feddd8/element/00000000-0000-05d0-0000-007100000004/text &amp#27;[39m&amp#27;[32m200&amp#27;[39m &amp#27;[90m10 ms - 69&amp#27;[39m
&amp#27;[38;5;0m[HTTP]&amp#27;[0m &amp#27;[90m&amp#27;[39m
&amp#27;[38;5;0m[HTTP]&amp#27;[0m &amp#27;[37m-->&amp#27;[39m &amp#27;[37mGET&amp#27;[39m &amp#27;[37m/session/cab71a55-a64e-4118-944e-543573feddd8/element/00000000-0000-05d0-0000-007300000004/text&amp#27;[39m
&amp#27;[38;5;0m[HTTP]&amp#27;[0m &amp#27;[90m{}&amp#27;[39m
&amp#27;[38;5;32m[AndroidUiautomator2Driver@d3db (cab71a55)]&amp#27;[0m Driver proxy active, passing request on via HTTP proxy
&amp#27;[38;5;32m[AndroidUiautomator2Driver@d3db (cab71a55)]&amp#27;[0m Matched '/session/cab71a55-a64e-4118-944e-543573feddd8/element/00000000-0000-05d0-0000-007300000004/text' to command name 'getText'
&amp#27;[38;5;32m[AndroidUiautomator2Driver@d3db (cab71a55)]&amp#27;[0m Proxying [GET /session/cab71a55-a64e-4118-944e-543573feddd8/element/00000000-0000-05d0-0000-007300000004/text] to [GET http://127.0.0.1:8240/session/8092e625-0771-403d-bb5d-06fce980533d/element/00000000-0000-05d0-0000-007300000004/text] with no body
&amp#27;[38;5;32m[AndroidUiautomator2Driver@d3db (cab71a55)]&amp#27;[0m Got response with status 200: {"sessionId":"8092e625-0771-403d-bb5d-06fce980533d","value":"Fri"}
&amp#27;[38;5;32m[AndroidUiautomator2Driver@d3db (cab71a55)]&amp#27;[0m Replacing sessionId 8092e625-0771-403d-bb5d-06fce980533d with cab71a55-a64e-4118-944e-543573feddd8
&amp#27;[38;5;0m[HTTP]&amp#27;[0m &amp#27;[37m<-- GET /session/cab71a55-a64e-4118-944e-543573feddd8/element/00000000-0000-05d0-0000-007300000004/text &amp#27;[39m&amp#27;[32m200&amp#27;[39m &amp#27;[90m10 ms - 66&amp#27;[39m
&amp#27;[38;5;0m[HTTP]&amp#27;[0m &amp#27;[90m&amp#27;[39m
&amp#27;[38;5;0m[HTTP]&amp#27;[0m &amp#27;[37m-->&amp#27;[39m &amp#27;[37mGET&amp#27;[39m &amp#27;[37m/session/cab71a55-a64e-4118-944e-543573feddd8/element/00000000-0000-05d0-0000-007500000004/text&amp#27;[39m
&amp#27;[38;5;0m[HTTP]&amp#27;[0m &amp#27;[90m{}&amp#27;[39m
&amp#27;[38;5;32m[AndroidUiautomator2Driver@d3db (cab71a55)]&amp#27;[0m Driver proxy active, passing request on via HTTP proxy
&amp#27;[38;5;32m[AndroidUiautomator2Driver@d3db (cab71a55)]&amp#27;[0m Matched '/session/cab71a55-a64e-4118-944e-543573feddd8/element/00000000-0000-05d0-0000-007500000004/text' to command name 'getText'
&amp#27;[38;5;32m[AndroidUiautomator2Driver@d3db (cab71a55)]&amp#27;[0m Proxying [GET /session/cab71a55-a64e-4118-944e-543573feddd8/element/00000000-0000-05d0-0000-007500000004/text] to [GET http://127.0.0.1:8240/session/8092e625-0771-403d-bb5d-06fce980533d/element/00000000-0000-05d0-0000-007500000004/text] with no body
&amp#27;[38;5;32m[AndroidUiautomator2Driver@d3db (cab71a55)]&amp#27;[0m Got response with status 200: {"sessionId":"8092e625-0771-403d-bb5d-06fce980533d","value":"broken clouds"}
&amp#27;[38;5;32m[AndroidUiautomator2Driver@d3db (cab71a55)]&amp#27;[0m Replacing sessionId 8092e625-0771-403d-bb5d-06fce980533d with cab71a55-a64e-4118-944e-543573feddd8
&amp#27;[38;5;0m[HTTP]&amp#27;[0m &amp#27;[37m<-- GET /session/cab71a55-a64e-4118-944e-543573feddd8/element/00000000-0000-05d0-0000-007500000004/text &amp#27;[39m&amp#27;[32m200&amp#27;[39m &amp#27;[90m10 ms - 76&amp#27;[39m
&amp#27;[38;5;0m[HTTP]&amp#27;[0m &amp#27;[90m&amp#27;[39m
&amp#27;[38;5;0m[HTTP]&amp#27;[0m &amp#27;[37m-->&amp#27;[39m &amp#27;[37mGET&amp#27;[39m &amp#27;[37m/session/cab71a55-a64e-4118-944e-543573feddd8/element/00000000-0000-05d0-0000-007700000004/text&amp#27;[39m
&amp#27;[38;5;0m[HTTP]&amp#27;[0m &amp#27;[90m{}&amp#27;[39m
&amp#27;[38;5;32m[AndroidUiautomator2Driver@d3db (cab71a55)]&amp#27;[0m Driver proxy active, passing request on via HTTP proxy
&amp#27;[38;5;32m[AndroidUiautomator2Driver@d3db (cab71a55)]&amp#27;[0m Matched '/session/cab71a55-a64e-4118-944e-543573feddd8/element/00000000-0000-05d0-0000-007700000004/text' to command name 'getText'
&amp#27;[38;5;32m[AndroidUiautomator2Driver@d3db (cab71a55)]&amp#27;[0m Proxying [GET /session/cab71a55-a64e-4118-944e-543573feddd8/element/00000000-0000-05d0-0000-007700000004/text] to [GET http://127.0.0.1:8240/session/8092e625-0771-403d-bb5d-06fce980533d/element/00000000-0000-05d0-0000-007700000004/text] with no body
&amp#27;[38;5;32m[AndroidUiautomator2Driver@d3db (cab71a55)]&amp#27;[0m Got response with status 200: {"sessionId":"8092e625-0771-403d-bb5d-06fce980533d","value":"55 %"}
&amp#27;[38;5;32m[AndroidUiautomator2Driver@d3db (cab71a55)]&amp#27;[0m Replacing sessionId 8092e625-0771-403d-bb5d-06fce980533d with cab71a55-a64e-4118-944e-543573feddd8
&amp#27;[38;5;0m[HTTP]&amp#27;[0m &amp#27;[37m<-- GET /session/cab71a55-a64e-4118-944e-543573feddd8/element/00000000-0000-05d0-0000-007700000004/text &amp#27;[39m&amp#27;[32m200&amp#27;[39m &amp#27;[90m10 ms - 67&amp#27;[39m
&amp#27;[38;5;0m[HTTP]&amp#27;[0m &amp#27;[90m&amp#27;[39m
&amp#27;[38;5;0m[HTTP]&amp#27;[0m &amp#27;[37m-->&amp#27;[39m &amp#27;[37mGET&amp#27;[39m &amp#27;[37m/session/cab71a55-a64e-4118-944e-543573feddd8/element/00000000-0000-05d0-0000-007900000004/text&amp#27;[39m
&amp#27;[38;5;0m[HTTP]&amp#27;[0m &amp#27;[90m{}&amp#27;[39m
&amp#27;[38;5;32m[AndroidUiautomator2Driver@d3db (cab71a55)]&amp#27;[0m Driver proxy active, passing request on via HTTP proxy
&amp#27;[38;5;32m[AndroidUiautomator2Driver@d3db (cab71a55)]&amp#27;[0m Matched '/session/cab71a55-a64e-4118-944e-543573feddd8/element/00000000-0000-05d0-0000-007900000004/text' to command name 'getText'
&amp#27;[38;5;32m[AndroidUiautomator2Driver@d3db (cab71a55)]&amp#27;[0m Proxying [GET /session/cab71a55-a64e-4118-944e-543573feddd8/element/00000000-0000-05d0-0000-007900000004/text] to [GET http://127.0.0.1:8240/session/8092e625-0771-403d-bb5d-06fce980533d/element/00000000-0000-05d0-0000-007900000004/text] with no body
&amp#27;[38;5;32m[AndroidUiautomator2Driver@d3db (cab71a55)]&amp#27;[0m Got response with status 200: {"sessionId":"8092e625-0771-403d-bb5d-06fce980533d","value":"16 Â°C"}
&amp#27;[38;5;32m[AndroidUiautomator2Driver@d3db (cab71a55)]&amp#27;[0m Replacing sessionId 8092e625-0771-403d-bb5d-06fce980533d with cab71a55-a64e-4118-944e-543573feddd8
&amp#27;[38;5;0m[HTTP]&amp#27;[0m &amp#27;[37m<-- GET /session/cab71a55-a64e-4118-944e-543573feddd8/element/00000000-0000-05d0-0000-007900000004/text &amp#27;[39m&amp#27;[32m200&amp#27;[39m &amp#27;[90m10 ms - 69&amp#27;[39m
&amp#27;[38;5;0m[HTTP]&amp#27;[0m &amp#27;[90m&amp#27;[39m
&amp#27;[38;5;0m[HTTP]&amp#27;[0m &amp#27;[37m-->&amp#27;[39m &amp#27;[37mGET&amp#27;[39m &amp#27;[37m/session/cab71a55-a64e-4118-944e-543573feddd8/element/00000000-0000-05d0-0000-007b00000004/text&amp#27;[39m
&amp#27;[38;5;0m[HTTP]&amp#27;[0m &amp#27;[90m{}&amp#27;[39m
&amp#27;[38;5;32m[AndroidUiautomator2Driver@d3db (cab71a55)]&amp#27;[0m Driver proxy active, passing request on via HTTP proxy
&amp#27;[38;5;32m[AndroidUiautomator2Driver@d3db (cab71a55)]&amp#27;[0m Matched '/session/cab71a55-a64e-4118-944e-543573feddd8/element/00000000-0000-05d0-0000-007b00000004/text' to command name 'getText'
&amp#27;[38;5;32m[AndroidUiautomator2Driver@d3db (cab71a55)]&amp#27;[0m Proxying [GET /session/cab71a55-a64e-4118-944e-543573feddd8/element/00000000-0000-05d0-0000-007b00000004/text] to [GET http://127.0.0.1:8240/session/8092e625-0771-403d-bb5d-06fce980533d/element/00000000-0000-05d0-0000-007b00000004/text] with no body
&amp#27;[38;5;32m[AndroidUiautomator2Driver@d3db (cab71a55)]&amp#27;[0m Got response with status 200: {"sessionId":"8092e625-0771-403d-bb5d-06fce980533d","value":"Sat"}
&amp#27;[38;5;32m[AndroidUiautomator2Driver@d3db (cab71a55)]&amp#27;[0m Replacing sessionId 8092e625-0771-403d-bb5d-06fce980533d with cab71a55-a64e-4118-944e-543573feddd8
&amp#27;[38;5;0m[HTTP]&amp#27;[0m &amp#27;[37m<-- GET /session/cab71a55-a64e-4118-944e-543573feddd8/element/00000000-0000-05d0-0000-007b00000004/text &amp#27;[39m&amp#27;[32m200&amp#27;[39m &amp#27;[90m10 ms - 66&amp#27;[39m
&amp#27;[38;5;0m[HTTP]&amp#27;[0m &amp#27;[90m&amp#27;[39m
&amp#27;[38;5;0m[HTTP]&amp#27;[0m &amp#27;[37m-->&amp#27;[39m &amp#27;[37mGET&amp#27;[39m &amp#27;[37m/session/cab71a55-a64e-4118-944e-543573feddd8/element/00000000-0000-05d0-0000-007d00000004/text&amp#27;[39m
&amp#27;[38;5;0m[HTTP]&amp#27;[0m &amp#27;[90m{}&amp#27;[39m
&amp#27;[38;5;32m[AndroidUiautomator2Driver@d3db (cab71a55)]&amp#27;[0m Driver proxy active, passing request on via HTTP proxy
&amp#27;[38;5;32m[AndroidUiautomator2Driver@d3db (cab71a55)]&amp#27;[0m Matched '/session/cab71a55-a64e-4118-944e-543573feddd8/element/00000000-0000-05d0-0000-007d00000004/text' to command name 'getText'
&amp#27;[38;5;32m[AndroidUiautomator2Driver@d3db (cab71a55)]&amp#27;[0m Proxying [GET /session/cab71a55-a64e-4118-944e-543573feddd8/element/00000000-0000-05d0-0000-007d00000004/text] to [GET http://127.0.0.1:8240/session/8092e625-0771-403d-bb5d-06fce980533d/element/00000000-0000-05d0-0000-007d00000004/text] with no body
&amp#27;[38;5;32m[AndroidUiautomator2Driver@d3db (cab71a55)]&amp#27;[0m Got response with status 200: {"sessionId":"8092e625-0771-403d-bb5d-06fce980533d","value":"clear sky"}
&amp#27;[38;5;32m[AndroidUiautomator2Driver@d3db (cab71a55)]&amp#27;[0m Replacing sessionId 8092e625-0771-403d-bb5d-06fce980533d with cab71a55-a64e-4118-944e-543573feddd8
&amp#27;[38;5;0m[HTTP]&amp#27;[0m &amp#27;[37m<-- GET /session/cab71a55-a64e-4118-944e-543573feddd8/element/00000000-0000-05d0-0000-007d00000004/text &amp#27;[39m&amp#27;[32m200&amp#27;[39m &amp#27;[90m10 ms - 72&amp#27;[39m
&amp#27;[38;5;0m[HTTP]&amp#27;[0m &amp#27;[90m&amp#27;[39m
&amp#27;[38;5;0m[HTTP]&amp#27;[0m &amp#27;[37m-->&amp#27;[39m &amp#27;[37mGET&amp#27;[39m &amp#27;[37m/session/cab71a55-a64e-4118-944e-543573feddd8/element/00000000-0000-05d0-0000-007f00000004/text&amp#27;[39m
&amp#27;[38;5;0m[HTTP]&amp#27;[0m &amp#27;[90m{}&amp#27;[39m
&amp#27;[38;5;32m[AndroidUiautomator2Driver@d3db (cab71a55)]&amp#27;[0m Driver proxy active, passing request on via HTTP proxy
&amp#27;[38;5;32m[AndroidUiautomator2Driver@d3db (cab71a55)]&amp#27;[0m Matched '/session/cab71a55-a64e-4118-944e-543573feddd8/element/00000000-0000-05d0-0000-007f00000004/text' to command name 'getText'
&amp#27;[38;5;32m[AndroidUiautomator2Driver@d3db (cab71a55)]&amp#27;[0m Proxying [GET /session/cab71a55-a64e-4118-944e-543573feddd8/element/00000000-0000-05d0-0000-007f00000004/text] to [GET http://127.0.0.1:8240/session/8092e625-0771-403d-bb5d-06fce980533d/element/00000000-0000-05d0-0000-007f00000004/text] with no body
&amp#27;[38;5;32m[AndroidUiautomator2Driver@d3db (cab71a55)]&amp#27;[0m Got response with status 200: {"sessionId":"8092e625-0771-403d-bb5d-06fce980533d","value":"45 %"}
&amp#27;[38;5;32m[AndroidUiautomator2Driver@d3db (cab71a55)]&amp#27;[0m Replacing sessionId 8092e625-0771-403d-bb5d-06fce980533d with cab71a55-a64e-4118-944e-543573feddd8
&amp#27;[38;5;0m[HTTP]&amp#27;[0m &amp#27;[37m<-- GET /session/cab71a55-a64e-4118-944e-543573feddd8/element/00000000-0000-05d0-0000-007f00000004/text &amp#27;[39m&amp#27;[32m200&amp#27;[39m &amp#27;[90m10 ms - 67&amp#27;[39m
&amp#27;[38;5;0m[HTTP]&amp#27;[0m &amp#27;[90m&amp#27;[39m
&amp#27;[38;5;0m[HTTP]&amp#27;[0m &amp#27;[37m-->&amp#27;[39m &amp#27;[37mGET&amp#27;[39m &amp#27;[37m/session/cab71a55-a64e-4118-944e-543573feddd8/element/00000000-0000-05d0-0000-008100000004/text&amp#27;[39m
&amp#27;[38;5;0m[HTTP]&amp#27;[0m &amp#27;[90m{}&amp#27;[39m
&amp#27;[38;5;32m[AndroidUiautomator2Driver@d3db (cab71a55)]&amp#27;[0m Driver proxy active, passing request on via HTTP proxy
&amp#27;[38;5;32m[AndroidUiautomator2Driver@d3db (cab71a55)]&amp#27;[0m Matched '/session/cab71a55-a64e-4118-944e-543573feddd8/element/00000000-0000-05d0-0000-008100000004/text' to command name 'getText'
&amp#27;[38;5;32m[AndroidUiautomator2Driver@d3db (cab71a55)]&amp#27;[0m Proxying [GET /session/cab71a55-a64e-4118-944e-543573feddd8/element/00000000-0000-05d0-0000-008100000004/text] to [GET http://127.0.0.1:8240/session/8092e625-0771-403d-bb5d-06fce980533d/element/00000000-0000-05d0-0000-008100000004/text] with no body
&amp#27;[38;5;32m[AndroidUiautomator2Driver@d3db (cab71a55)]&amp#27;[0m Got response with status 200: {"sessionId":"8092e625-0771-403d-bb5d-06fce980533d","value":"18 Â°C"}
&amp#27;[38;5;32m[AndroidUiautomator2Driver@d3db (cab71a55)]&amp#27;[0m Replacing sessionId 8092e625-0771-403d-bb5d-06fce980533d with cab71a55-a64e-4118-944e-543573feddd8
&amp#27;[38;5;0m[HTTP]&amp#27;[0m &amp#27;[37m<-- GET /session/cab71a55-a64e-4118-944e-543573feddd8/element/00000000-0000-05d0-0000-008100000004/text &amp#27;[39m&amp#27;[32m200&amp#27;[39m &amp#27;[90m9 ms - 69&amp#27;[39m
&amp#27;[38;5;0m[HTTP]&amp#27;[0m &amp#27;[90m&amp#27;[39m
&amp#27;[38;5;0m[HTTP]&amp#27;[0m &amp#27;[37m-->&amp#27;[39m &amp#27;[37mPOST&amp#27;[39m &amp#27;[37m/session/cab71a55-a64e-4118-944e-543573feddd8/execute/sync&amp#27;[39m
&amp#27;[38;5;0m[HTTP]&amp#27;[0m &amp#27;[90m{"script":"mobile: swipeGesture","args":[{"elementId":"00000000-0000-05d0-0000-002a00000004","percent":0.4,"speed":320,"direction":"left"}]}&amp#27;[39m
&amp#27;[38;5;32m[AndroidUiautomator2Driver@d3db (cab71a55)]&amp#27;[0m Calling AppiumDriver.execute() with args: ["mobile: swipeGesture",[{"elementId":"00000000-0000-05d0-0000-002a00000004","percent":0.4,"speed":320,"direction":"left"}],"cab71a55-a64e-4118-944e-543573feddd8"]
&amp#27;[38;5;32m[AndroidUiautomator2Driver@d3db (cab71a55)]&amp#27;[0m Executing method 'mobile: swipeGesture'
&amp#27;[38;5;32m[AndroidUiautomator2Driver@d3db (cab71a55)]&amp#27;[0m Proxying [POST /appium/gestures/swipe] to [POST http://127.0.0.1:8240/session/8092e625-0771-403d-bb5d-06fce980533d/appium/gestures/swipe] with body: {"origin":{"ELEMENT":"00000000-0000-05d0-0000-002a00000004","element-6066-11e4-a52e-4f735466cecf":"00000000-0000-05d0-0000-002a00000004"},"direction":"left","percent":0.4,"speed":320}
&amp#27;[38;5;32m[AndroidUiautomator2Driver@d3db (cab71a55)]&amp#27;[0m Got response with status 200: {"sessionId":"8092e625-0771-403d-bb5d-06fce980533d","value":null}
&amp#27;[38;5;32m[AndroidUiautomator2Driver@d3db (cab71a55)]&amp#27;[0m Responding to client with driver.execute() result: null
&amp#27;[38;5;0m[HTTP]&amp#27;[0m &amp#27;[37m<-- POST /session/cab71a55-a64e-4118-944e-543573feddd8/execute/sync &amp#27;[39m&amp#27;[32m200&amp#27;[39m &amp#27;[90m1554 ms - 14&amp#27;[39m
&amp#27;[38;5;0m[HTTP]&amp#27;[0m &amp#27;[90m&amp#27;[39m
&amp#27;[38;5;0m[HTTP]&amp#27;[0m &amp#27;[37m-->&amp#27;[39m &amp#27;[37mPOST&amp#27;[39m &amp#27;[37m/session/cab71a55-a64e-4118-944e-543573feddd8/elements&amp#27;[39m
&amp#27;[38;5;0m[HTTP]&amp#27;[0m &amp#27;[90m{"using":"xpath","value":"//android.widget.HorizontalScrollView"}&amp#27;[39m
&amp#27;[38;5;32m[AndroidUiautomator2Driver@d3db (cab71a55)]&amp#27;[0m Calling AppiumDriver.findElements() with args: ["xpath","//android.widget.HorizontalScrollView","cab71a55-a64e-4118-944e-543573feddd8"]
&amp#27;[38;5;32m[AndroidUiautomator2Driver@d3db (cab71a55)]&amp#27;[0m Valid locator strategies for this request: xpath, id, class name, accessibility id, css selector, -android uiautomator
&amp#27;[38;5;32m[AndroidUiautomator2Driver@d3db (cab71a55)]&amp#27;[0m Waiting up to 0 ms for condition
&amp#27;[38;5;32m[AndroidUiautomator2Driver@d3db (cab71a55)]&amp#27;[0m Matched '/elements' to command name 'findElements'
&amp#27;[38;5;32m[AndroidUiautomator2Driver@d3db (cab71a55)]&amp#27;[0m Proxying [POST /elements] to [POST http://127.0.0.1:8240/session/8092e625-0771-403d-bb5d-06fce980533d/elements] with body: {"strategy":"xpath","selector":"//android.widget.HorizontalScrollView","context":"","multiple":true}
&amp#27;[38;5;32m[AndroidUiautomator2Driver@d3db (cab71a55)]&amp#27;[0m Got response with status 200: {"sessionId":"8092e625-0771-403d-bb5d-06fce980533d","value":[{"ELEMENT":"00000000-0000-05d0-0000-002900000004","element-6066-11e4-a52e-4f735466cecf":"00000000-0000-05d0-0000-002900000004"},{"ELEMENT":"00000000-0000-05d0-0000-002a00000004","element-6066-11e4-a52e-4f735466cecf":"00000000-0000-05d0-0000-002a00000004"}]}
&amp#27;[38;5;32m[AndroidUiautomator2Driver@d3db (cab71a55)]&amp#27;[0m Responding to client with driver.findElements() result: [{"element-6066-11e4-a52e-4f735466cecf":"00000000-0000-05d0-0000-002900000004","ELEMENT":"00000000-0000-05d0-0000-002900000004"},{"element-6066-11e4-a52e-4f735466cecf":"00000000-0000-05d0-0000-002a00000004","ELEMENT":"00000000-0000-05d0-0000-002a00000004"}]
&amp#27;[38;5;0m[HTTP]&amp#27;[0m &amp#27;[37m<-- POST /session/cab71a55-a64e-4118-944e-543573feddd8/elements &amp#27;[39m&amp#27;[32m200&amp#27;[39m &amp#27;[90m119 ms - 267&amp#27;[39m
&amp#27;[38;5;0m[HTTP]&amp#27;[0m &amp#27;[90m&amp#27;[39m
&amp#27;[38;5;0m[HTTP]&amp#27;[0m &amp#27;[37m-->&amp#27;[39m &amp#27;[37mPOST&amp#27;[39m &amp#27;[37m/session/cab71a55-a64e-4118-944e-543573feddd8/element/00000000-0000-05d0-0000-002a00000004/elements&amp#27;[39m
&amp#27;[38;5;0m[HTTP]&amp#27;[0m &amp#27;[90m{"id":"00000000-0000-05d0-0000-002a00000004","using":"xpath","value":"//android.view.View"}&amp#27;[39m
&amp#27;[38;5;32m[AndroidUiautomator2Driver@d3db (cab71a55)]&amp#27;[0m Calling AppiumDriver.findElementsFromElement() with args: ["xpath","//android.view.View","00000000-0000-05d0-0000-002a00000004","cab71a55-a64e-4118-944e-543573feddd8"]
&amp#27;[38;5;32m[AndroidUiautomator2Driver@d3db (cab71a55)]&amp#27;[0m Valid locator strategies for this request: xpath, id, class name, accessibility id, css selector, -android uiautomator
&amp#27;[38;5;32m[AndroidUiautomator2Driver@d3db (cab71a55)]&amp#27;[0m Waiting up to 0 ms for condition
&amp#27;[38;5;32m[AndroidUiautomator2Driver@d3db (cab71a55)]&amp#27;[0m Matched '/elements' to command name 'findElements'
&amp#27;[38;5;32m[AndroidUiautomator2Driver@d3db (cab71a55)]&amp#27;[0m Proxying [POST /elements] to [POST http://127.0.0.1:8240/session/8092e625-0771-403d-bb5d-06fce980533d/elements] with body: {"strategy":"xpath","selector":"//android.view.View","context":"00000000-0000-05d0-0000-002a00000004","multiple":true}
&amp#27;[38;5;32m[AndroidUiautomator2Driver@d3db (cab71a55)]&amp#27;[0m Got response with status 200: {"sessionId":"8092e625-0771-403d-bb5d-06fce980533d","value":[{"ELEMENT":"00000000-0000-05d0-0000-006b00000004","element-6066-11e4-a52e-4f735466cecf":"00000000-0000-05d0-0000-006b00000004"},{"ELEMENT":"00000000-0000-05d0-0000-006d00000004","element-6066-11e4-a52e-4f735466cecf":"00000000-0000-05d0-0000-006d00000004"},{"ELEMENT":"00000000-0000-05d0-0000-006f00000004","element-6066-11e4-a52e-4f735466cecf":"00000000-0000-05d0-0000-006f00000004"},{"ELEMENT":"00000000-0000-05d0-0000-007100000004","element-6066-11e4-a52e-4f735466cecf":"00000000-0000-05d0-0000-007100000004"},{"ELEMENT":"00000000-0000-05d0-0000-007300000004","element-6066-11e4-a52e-4f735466cecf":"00000000-0000-05d0-0000-007300000004"},{"ELEMENT":"00000000-0000-05d0-0000-007500000004","element-6066-11e4-a52e-4f735466cecf":"00000000-0000-05d0-0000-007500000004"},{"ELEMENT":"00000000-0000-05d0-0000-007700000004","element-6066-11e4-a52e-4f735466cecf":"00000000-0000-05d0-0000-007700000004"},{"ELEMENT":"00000000-0000-05d0-0000-007900000004","element-6066-...
&amp#27;[38;5;32m[AndroidUiautomator2Driver@d3db (cab71a55)]&amp#27;[0m Responding to client with driver.findElementsFromElement() result: [{"element-6066-11e4-a52e-4f735466cecf":"00000000-0000-05d0-0000-006b00000004","ELEMENT":"00000000-0000-05d0-0000-006b00000004"},{"element-6066-11e4-a52e-4f735466cecf":"00000000-0000-05d0-0000-006d00000004","ELEMENT":"00000000-0000-05d0-0000-006d00000004"},{"element-6066-11e4-a52e-4f735466cecf":"00000000-0000-05d0-0000-006f00000004","ELEMENT":"00000000-0000-05d0-0000-006f00000004"},{"element-6066-11e4-a52e-4f735466cecf":"00000000-0000-05d0-0000-007100000004","ELEMENT":"00000000-0000-05d0-0000-007100000004"},{"element-6066-11e4-a52e-4f735466cecf":"00000000-0000-05d0-0000-007300000004","ELEMENT":"00000000-0000-05d0-0000-007300000004"},{"element-6066-11e4-a52e-4f735466cecf":"00000000-0000-05d0-0000-007500000004","ELEMENT":"00000000-0000-05d0-0000-007500000004"},{"element-6066-11e4-a52e-4f735466cecf":"00000000-0000-05d0-0000-007700000004","ELEMENT":"00000000-0000-05d0-0000-007700000004"},{"element-6066-11e4-a52e-4f735466cecf":"00000000-0000-05d0-0000-007900000004","ELEMENT":"00000000-0000-05d0-0000-00790000000...
&amp#27;[38;5;0m[HTTP]&amp#27;[0m &amp#27;[37m<-- POST /session/cab71a55-a64e-4118-944e-543573feddd8/element/00000000-0000-05d0-0000-002a00000004/elements &amp#27;[39m&amp#27;[32m200&amp#27;[39m &amp#27;[90m49 ms - 2059&amp#27;[39m
&amp#27;[38;5;0m[HTTP]&amp#27;[0m &amp#27;[90m&amp#27;[39m
&amp#27;[38;5;0m[HTTP]&amp#27;[0m &amp#27;[37m-->&amp#27;[39m &amp#27;[37mGET&amp#27;[39m &amp#27;[37m/session/cab71a55-a64e-4118-944e-543573feddd8/element/00000000-0000-05d0-0000-006b00000004/text&amp#27;[39m
&amp#27;[38;5;0m[HTTP]&amp#27;[0m &amp#27;[90m{}&amp#27;[39m
&amp#27;[38;5;32m[AndroidUiautomator2Driver@d3db (cab71a55)]&amp#27;[0m Driver proxy active, passing request on via HTTP proxy
&amp#27;[38;5;32m[AndroidUiautomator2Driver@d3db (cab71a55)]&amp#27;[0m Matched '/session/cab71a55-a64e-4118-944e-543573feddd8/element/00000000-0000-05d0-0000-006b00000004/text' to command name 'getText'
&amp#27;[38;5;32m[AndroidUiautomator2Driver@d3db (cab71a55)]&amp#27;[0m Proxying [GET /session/cab71a55-a64e-4118-944e-543573feddd8/element/00000000-0000-05d0-0000-006b00000004/text] to [GET http://127.0.0.1:8240/session/8092e625-0771-403d-bb5d-06fce980533d/element/00000000-0000-05d0-0000-006b00000004/text] with no body
&amp#27;[38;5;32m[AndroidUiautomator2Driver@d3db (cab71a55)]&amp#27;[0m Got response with status 200: {"sessionId":"8092e625-0771-403d-bb5d-06fce980533d","value":"Thu"}
&amp#27;[38;5;32m[AndroidUiautomator2Driver@d3db (cab71a55)]&amp#27;[0m Replacing sessionId 8092e625-0771-403d-bb5d-06fce980533d with cab71a55-a64e-4118-944e-543573feddd8
&amp#27;[38;5;0m[HTTP]&amp#27;[0m &amp#27;[37m<-- GET /session/cab71a55-a64e-4118-944e-543573feddd8/element/00000000-0000-05d0-0000-006b00000004/text &amp#27;[39m&amp#27;[32m200&amp#27;[39m &amp#27;[90m9 ms - 66&amp#27;[39m
&amp#27;[38;5;0m[HTTP]&amp#27;[0m &amp#27;[90m&amp#27;[39m
&amp#27;[38;5;0m[HTTP]&amp#27;[0m &amp#27;[37m-->&amp#27;[39m &amp#27;[37mGET&amp#27;[39m &amp#27;[37m/session/cab71a55-a64e-4118-944e-543573feddd8/element/00000000-0000-05d0-0000-006d00000004/text&amp#27;[39m
&amp#27;[38;5;0m[HTTP]&amp#27;[0m &amp#27;[90m{}&amp#27;[39m
&amp#27;[38;5;32m[AndroidUiautomator2Driver@d3db (cab71a55)]&amp#27;[0m Driver proxy active, passing request on via HTTP proxy
&amp#27;[38;5;32m[AndroidUiautomator2Driver@d3db (cab71a55)]&amp#27;[0m Matched '/session/cab71a55-a64e-4118-944e-543573feddd8/element/00000000-0000-05d0-0000-006d00000004/text' to command name 'getText'
&amp#27;[38;5;32m[AndroidUiautomator2Driver@d3db (cab71a55)]&amp#27;[0m Proxying [GET /session/cab71a55-a64e-4118-944e-543573feddd8/element/00000000-0000-05d0-0000-006d00000004/text] to [GET http://127.0.0.1:8240/session/8092e625-0771-403d-bb5d-06fce980533d/element/00000000-0000-05d0-0000-006d00000004/text] with no body
&amp#27;[38;5;32m[AndroidUiautomator2Driver@d3db (cab71a55)]&amp#27;[0m Got response with status 200: {"sessionId":"8092e625-0771-403d-bb5d-06fce980533d","value":"light rain"}
&amp#27;[38;5;32m[AndroidUiautomator2Driver@d3db (cab71a55)]&amp#27;[0m Replacing sessionId 8092e625-0771-403d-bb5d-06fce980533d with cab71a55-a64e-4118-944e-543573feddd8
&amp#27;[38;5;0m[HTTP]&amp#27;[0m &amp#27;[37m<-- GET /session/cab71a55-a64e-4118-944e-543573feddd8/element/00000000-0000-05d0-0000-006d00000004/text &amp#27;[39m&amp#27;[32m200&amp#27;[39m &amp#27;[90m9 ms - 73&amp#27;[39m
&amp#27;[38;5;0m[HTTP]&amp#27;[0m &amp#27;[90m&amp#27;[39m
&amp#27;[38;5;0m[HTTP]&amp#27;[0m &amp#27;[37m-->&amp#27;[39m &amp#27;[37mGET&amp#27;[39m &amp#27;[37m/session/cab71a55-a64e-4118-944e-543573feddd8/element/00000000-0000-05d0-0000-006f00000004/text&amp#27;[39m
&amp#27;[38;5;0m[HTTP]&amp#27;[0m &amp#27;[90m{}&amp#27;[39m
&amp#27;[38;5;32m[AndroidUiautomator2Driver@d3db (cab71a55)]&amp#27;[0m Driver proxy active, passing request on via HTTP proxy
&amp#27;[38;5;32m[AndroidUiautomator2Driver@d3db (cab71a55)]&amp#27;[0m Matched '/session/cab71a55-a64e-4118-944e-543573feddd8/element/00000000-0000-05d0-0000-006f00000004/text' to command name 'getText'
&amp#27;[38;5;32m[AndroidUiautomator2Driver@d3db (cab71a55)]&amp#27;[0m Proxying [GET /session/cab71a55-a64e-4118-944e-543573feddd8/element/00000000-0000-05d0-0000-006f00000004/text] to [GET http://127.0.0.1:8240/session/8092e625-0771-403d-bb5d-06fce980533d/element/00000000-0000-05d0-0000-006f00000004/text] with no body
&amp#27;[38;5;32m[AndroidUiautomator2Driver@d3db (cab71a55)]&amp#27;[0m Got response with status 200: {"sessionId":"8092e625-0771-403d-bb5d-06fce980533d","value":"59 %"}
&amp#27;[38;5;32m[AndroidUiautomator2Driver@d3db (cab71a55)]&amp#27;[0m Replacing sessionId 8092e625-0771-403d-bb5d-06fce980533d with cab71a55-a64e-4118-944e-543573feddd8
&amp#27;[38;5;0m[HTTP]&amp#27;[0m &amp#27;[37m<-- GET /session/cab71a55-a64e-4118-944e-543573feddd8/element/00000000-0000-05d0-0000-006f00000004/text &amp#27;[39m&amp#27;[32m200&amp#27;[39m &amp#27;[90m9 ms - 67&amp#27;[39m
&amp#27;[38;5;0m[HTTP]&amp#27;[0m &amp#27;[90m&amp#27;[39m
&amp#27;[38;5;0m[HTTP]&amp#27;[0m &amp#27;[37m-->&amp#27;[39m &amp#27;[37mGET&amp#27;[39m &amp#27;[37m/session/cab71a55-a64e-4118-944e-543573feddd8/element/00000000-0000-05d0-0000-007100000004/text&amp#27;[39m
&amp#27;[38;5;0m[HTTP]&amp#27;[0m &amp#27;[90m{}&amp#27;[39m
&amp#27;[38;5;32m[AndroidUiautomator2Driver@d3db (cab71a55)]&amp#27;[0m Driver proxy active, passing request on via HTTP proxy
&amp#27;[38;5;32m[AndroidUiautomator2Driver@d3db (cab71a55)]&amp#27;[0m Matched '/session/cab71a55-a64e-4118-944e-543573feddd8/element/00000000-0000-05d0-0000-007100000004/text' to command name 'getText'
&amp#27;[38;5;32m[AndroidUiautomator2Driver@d3db (cab71a55)]&amp#27;[0m Proxying [GET /session/cab71a55-a64e-4118-944e-543573feddd8/element/00000000-0000-05d0-0000-007100000004/text] to [GET http://127.0.0.1:8240/session/8092e625-0771-403d-bb5d-06fce980533d/element/00000000-0000-05d0-0000-007100000004/text] with no body
&amp#27;[38;5;32m[AndroidUiautomator2Driver@d3db (cab71a55)]&amp#27;[0m Got response with status 200: {"sessionId":"8092e625-0771-403d-bb5d-06fce980533d","value":"15 Â°C"}
&amp#27;[38;5;32m[AndroidUiautomator2Driver@d3db (cab71a55)]&amp#27;[0m Replacing sessionId 8092e625-0771-403d-bb5d-06fce980533d with cab71a55-a64e-4118-944e-543573feddd8
&amp#27;[38;5;0m[HTTP]&amp#27;[0m &amp#27;[37m<-- GET /session/cab71a55-a64e-4118-944e-543573feddd8/element/00000000-0000-05d0-0000-007100000004/text &amp#27;[39m&amp#27;[32m200&amp#27;[39m &amp#27;[90m9 ms - 69&amp#27;[39m
&amp#27;[38;5;0m[HTTP]&amp#27;[0m &amp#27;[90m&amp#27;[39m
&amp#27;[38;5;0m[HTTP]&amp#27;[0m &amp#27;[37m-->&amp#27;[39m &amp#27;[37mGET&amp#27;[39m &amp#27;[37m/session/cab71a55-a64e-4118-944e-543573feddd8/element/00000000-0000-05d0-0000-007300000004/text&amp#27;[39m
&amp#27;[38;5;0m[HTTP]&amp#27;[0m &amp#27;[90m{}&amp#27;[39m
&amp#27;[38;5;32m[AndroidUiautomator2Driver@d3db (cab71a55)]&amp#27;[0m Driver proxy active, passing request on via HTTP proxy
&amp#27;[38;5;32m[AndroidUiautomator2Driver@d3db (cab71a55)]&amp#27;[0m Matched '/session/cab71a55-a64e-4118-944e-543573feddd8/element/00000000-0000-05d0-0000-007300000004/text' to command name 'getText'
&amp#27;[38;5;32m[AndroidUiautomator2Driver@d3db (cab71a55)]&amp#27;[0m Proxying [GET /session/cab71a55-a64e-4118-944e-543573feddd8/element/00000000-0000-05d0-0000-007300000004/text] to [GET http://127.0.0.1:8240/session/8092e625-0771-403d-bb5d-06fce980533d/element/00000000-0000-05d0-0000-007300000004/text] with no body
&amp#27;[38;5;32m[AndroidUiautomator2Driver@d3db (cab71a55)]&amp#27;[0m Got response with status 200: {"sessionId":"8092e625-0771-403d-bb5d-06fce980533d","value":"Fri"}
&amp#27;[38;5;32m[AndroidUiautomator2Driver@d3db (cab71a55)]&amp#27;[0m Replacing sessionId 8092e625-0771-403d-bb5d-06fce980533d with cab71a55-a64e-4118-944e-543573feddd8
&amp#27;[38;5;0m[HTTP]&amp#27;[0m &amp#27;[37m<-- GET /session/cab71a55-a64e-4118-944e-543573feddd8/element/00000000-0000-05d0-0000-007300000004/text &amp#27;[39m&amp#27;[32m200&amp#27;[39m &amp#27;[90m9 ms - 66&amp#27;[39m
&amp#27;[38;5;0m[HTTP]&amp#27;[0m &amp#27;[90m&amp#27;[39m
&amp#27;[38;5;0m[HTTP]&amp#27;[0m &amp#27;[37m-->&amp#27;[39m &amp#27;[37mGET&amp#27;[39m &amp#27;[37m/session/cab71a55-a64e-4118-944e-543573feddd8/element/00000000-0000-05d0-0000-007500000004/text&amp#27;[39m
&amp#27;[38;5;0m[HTTP]&amp#27;[0m &amp#27;[90m{}&amp#27;[39m
&amp#27;[38;5;32m[AndroidUiautomator2Driver@d3db (cab71a55)]&amp#27;[0m Driver proxy active, passing request on via HTTP proxy
&amp#27;[38;5;32m[AndroidUiautomator2Driver@d3db (cab71a55)]&amp#27;[0m Matched '/session/cab71a55-a64e-4118-944e-543573feddd8/element/00000000-0000-05d0-0000-007500000004/text' to command name 'getText'
&amp#27;[38;5;32m[AndroidUiautomator2Driver@d3db (cab71a55)]&amp#27;[0m Proxying [GET /session/cab71a55-a64e-4118-944e-543573feddd8/element/00000000-0000-05d0-0000-007500000004/text] to [GET http://127.0.0.1:8240/session/8092e625-0771-403d-bb5d-06fce980533d/element/00000000-0000-05d0-0000-007500000004/text] with no body
&amp#27;[38;5;32m[AndroidUiautomator2Driver@d3db (cab71a55)]&amp#27;[0m Got response with status 200: {"sessionId":"8092e625-0771-403d-bb5d-06fce980533d","value":"broken clouds"}
&amp#27;[38;5;32m[AndroidUiautomator2Driver@d3db (cab71a55)]&amp#27;[0m Replacing sessionId 8092e625-0771-403d-bb5d-06fce980533d with cab71a55-a64e-4118-944e-543573feddd8
&amp#27;[38;5;0m[HTTP]&amp#27;[0m &amp#27;[37m<-- GET /session/cab71a55-a64e-4118-944e-543573feddd8/element/00000000-0000-05d0-0000-007500000004/text &amp#27;[39m&amp#27;[32m200&amp#27;[39m &amp#27;[90m9 ms - 76&amp#27;[39m
&amp#27;[38;5;0m[HTTP]&amp#27;[0m &amp#27;[90m&amp#27;[39m
&amp#27;[38;5;0m[HTTP]&amp#27;[0m &amp#27;[37m-->&amp#27;[39m &amp#27;[37mGET&amp#27;[39m &amp#27;[37m/session/cab71a55-a64e-4118-944e-543573feddd8/element/00000000-0000-05d0-0000-007700000004/text&amp#27;[39m
&amp#27;[38;5;0m[HTTP]&amp#27;[0m &amp#27;[90m{}&amp#27;[39m
&amp#27;[38;5;32m[AndroidUiautomator2Driver@d3db (cab71a55)]&amp#27;[0m Driver proxy active, passing request on via HTTP proxy
&amp#27;[38;5;32m[AndroidUiautomator2Driver@d3db (cab71a55)]&amp#27;[0m Matched '/session/cab71a55-a64e-4118-944e-543573feddd8/element/00000000-0000-05d0-0000-007700000004/text' to command name 'getText'
&amp#27;[38;5;32m[AndroidUiautomator2Driver@d3db (cab71a55)]&amp#27;[0m Proxying [GET /session/cab71a55-a64e-4118-944e-543573feddd8/element/00000000-0000-05d0-0000-007700000004/text] to [GET http://127.0.0.1:8240/session/8092e625-0771-403d-bb5d-06fce980533d/element/00000000-0000-05d0-0000-007700000004/text] with no body
&amp#27;[38;5;32m[AndroidUiautomator2Driver@d3db (cab71a55)]&amp#27;[0m Got response with status 200: {"sessionId":"8092e625-0771-403d-bb5d-06fce980533d","value":"55 %"}
&amp#27;[38;5;32m[AndroidUiautomator2Driver@d3db (cab71a55)]&amp#27;[0m Replacing sessionId 8092e625-0771-403d-bb5d-06fce980533d with cab71a55-a64e-4118-944e-543573feddd8
&amp#27;[38;5;0m[HTTP]&amp#27;[0m &amp#27;[37m<-- GET /session/cab71a55-a64e-4118-944e-543573feddd8/element/00000000-0000-05d0-0000-007700000004/text &amp#27;[39m&amp#27;[32m200&amp#27;[39m &amp#27;[90m9 ms - 67&amp#27;[39m
&amp#27;[38;5;0m[HTTP]&amp#27;[0m &amp#27;[90m&amp#27;[39m
&amp#27;[38;5;0m[HTTP]&amp#27;[0m &amp#27;[37m-->&amp#27;[39m &amp#27;[37mGET&amp#27;[39m &amp#27;[37m/session/cab71a55-a64e-4118-944e-543573feddd8/element/00000000-0000-05d0-0000-007900000004/text&amp#27;[39m
&amp#27;[38;5;0m[HTTP]&amp#27;[0m &amp#27;[90m{}&amp#27;[39m
&amp#27;[38;5;32m[AndroidUiautomator2Driver@d3db (cab71a55)]&amp#27;[0m Driver proxy active, passing request on via HTTP proxy
&amp#27;[38;5;32m[AndroidUiautomator2Driver@d3db (cab71a55)]&amp#27;[0m Matched '/session/cab71a55-a64e-4118-944e-543573feddd8/element/00000000-0000-05d0-0000-007900000004/text' to command name 'getText'
&amp#27;[38;5;32m[AndroidUiautomator2Driver@d3db (cab71a55)]&amp#27;[0m Proxying [GET /session/cab71a55-a64e-4118-944e-543573feddd8/element/00000000-0000-05d0-0000-007900000004/text] to [GET http://127.0.0.1:8240/session/8092e625-0771-403d-bb5d-06fce980533d/element/00000000-0000-05d0-0000-007900000004/text] with no body
&amp#27;[38;5;32m[AndroidUiautomator2Driver@d3db (cab71a55)]&amp#27;[0m Got response with status 200: {"sessionId":"8092e625-0771-403d-bb5d-06fce980533d","value":"16 Â°C"}
&amp#27;[38;5;32m[AndroidUiautomator2Driver@d3db (cab71a55)]&amp#27;[0m Replacing sessionId 8092e625-0771-403d-bb5d-06fce980533d with cab71a55-a64e-4118-944e-543573feddd8
&amp#27;[38;5;0m[HTTP]&amp#27;[0m &amp#27;[37m<-- GET /session/cab71a55-a64e-4118-944e-543573feddd8/element/00000000-0000-05d0-0000-007900000004/text &amp#27;[39m&amp#27;[32m200&amp#27;[39m &amp#27;[90m9 ms - 69&amp#27;[39m
&amp#27;[38;5;0m[HTTP]&amp#27;[0m &amp#27;[90m&amp#27;[39m
&amp#27;[38;5;0m[HTTP]&amp#27;[0m &amp#27;[37m-->&amp#27;[39m &amp#27;[37mGET&amp#27;[39m &amp#27;[37m/session/cab71a55-a64e-4118-944e-543573feddd8/element/00000000-0000-05d0-0000-007b00000004/text&amp#27;[39m
&amp#27;[38;5;0m[HTTP]&amp#27;[0m &amp#27;[90m{}&amp#27;[39m
&amp#27;[38;5;32m[AndroidUiautomator2Driver@d3db (cab71a55)]&amp#27;[0m Driver proxy active, passing request on via HTTP proxy
&amp#27;[38;5;32m[AndroidUiautomator2Driver@d3db (cab71a55)]&amp#27;[0m Matched '/session/cab71a55-a64e-4118-944e-543573feddd8/element/00000000-0000-05d0-0000-007b00000004/text' to command name 'getText'
&amp#27;[38;5;32m[AndroidUiautomator2Driver@d3db (cab71a55)]&amp#27;[0m Proxying [GET /session/cab71a55-a64e-4118-944e-543573feddd8/element/00000000-0000-05d0-0000-007b00000004/text] to [GET http://127.0.0.1:8240/session/8092e625-0771-403d-bb5d-06fce980533d/element/00000000-0000-05d0-0000-007b00000004/text] with no body
&amp#27;[38;5;32m[AndroidUiautomator2Driver@d3db (cab71a55)]&amp#27;[0m Got response with status 200: {"sessionId":"8092e625-0771-403d-bb5d-06fce980533d","value":"Sat"}
&amp#27;[38;5;32m[AndroidUiautomator2Driver@d3db (cab71a55)]&amp#27;[0m Replacing sessionId 8092e625-0771-403d-bb5d-06fce980533d with cab71a55-a64e-4118-944e-543573feddd8
&amp#27;[38;5;0m[HTTP]&amp#27;[0m &amp#27;[37m<-- GET /session/cab71a55-a64e-4118-944e-543573feddd8/element/00000000-0000-05d0-0000-007b00000004/text &amp#27;[39m&amp#27;[32m200&amp#27;[39m &amp#27;[90m9 ms - 66&amp#27;[39m
&amp#27;[38;5;0m[HTTP]&amp#27;[0m &amp#27;[90m&amp#27;[39m
&amp#27;[38;5;0m[HTTP]&amp#27;[0m &amp#27;[37m-->&amp#27;[39m &amp#27;[37mGET&amp#27;[39m &amp#27;[37m/session/cab71a55-a64e-4118-944e-543573feddd8/element/00000000-0000-05d0-0000-007d00000004/text&amp#27;[39m
&amp#27;[38;5;0m[HTTP]&amp#27;[0m &amp#27;[90m{}&amp#27;[39m
&amp#27;[38;5;32m[AndroidUiautomator2Driver@d3db (cab71a55)]&amp#27;[0m Driver proxy active, passing request on via HTTP proxy
&amp#27;[38;5;32m[AndroidUiautomator2Driver@d3db (cab71a55)]&amp#27;[0m Matched '/session/cab71a55-a64e-4118-944e-543573feddd8/element/00000000-0000-05d0-0000-007d00000004/text' to command name 'getText'
&amp#27;[38;5;32m[AndroidUiautomator2Driver@d3db (cab71a55)]&amp#27;[0m Proxying [GET /session/cab71a55-a64e-4118-944e-543573feddd8/element/00000000-0000-05d0-0000-007d00000004/text] to [GET http://127.0.0.1:8240/session/8092e625-0771-403d-bb5d-06fce980533d/element/00000000-0000-05d0-0000-007d00000004/text] with no body
&amp#27;[38;5;32m[AndroidUiautomator2Driver@d3db (cab71a55)]&amp#27;[0m Got response with status 200: {"sessionId":"8092e625-0771-403d-bb5d-06fce980533d","value":"clear sky"}
&amp#27;[38;5;32m[AndroidUiautomator2Driver@d3db (cab71a55)]&amp#27;[0m Replacing sessionId 8092e625-0771-403d-bb5d-06fce980533d with cab71a55-a64e-4118-944e-543573feddd8
&amp#27;[38;5;0m[HTTP]&amp#27;[0m &amp#27;[37m<-- GET /session/cab71a55-a64e-4118-944e-543573feddd8/element/00000000-0000-05d0-0000-007d00000004/text &amp#27;[39m&amp#27;[32m200&amp#27;[39m &amp#27;[90m10 ms - 72&amp#27;[39m
&amp#27;[38;5;0m[HTTP]&amp#27;[0m &amp#27;[90m&amp#27;[39m
&amp#27;[38;5;0m[HTTP]&amp#27;[0m &amp#27;[37m-->&amp#27;[39m &amp#27;[37mGET&amp#27;[39m &amp#27;[37m/session/cab71a55-a64e-4118-944e-543573feddd8/element/00000000-0000-05d0-0000-007f00000004/text&amp#27;[39m
&amp#27;[38;5;0m[HTTP]&amp#27;[0m &amp#27;[90m{}&amp#27;[39m
&amp#27;[38;5;32m[AndroidUiautomator2Driver@d3db (cab71a55)]&amp#27;[0m Driver proxy active, passing request on via HTTP proxy
&amp#27;[38;5;32m[AndroidUiautomator2Driver@d3db (cab71a55)]&amp#27;[0m Matched '/session/cab71a55-a64e-4118-944e-543573feddd8/element/00000000-0000-05d0-0000-007f00000004/text' to command name 'getText'
&amp#27;[38;5;32m[AndroidUiautomator2Driver@d3db (cab71a55)]&amp#27;[0m Proxying [GET /session/cab71a55-a64e-4118-944e-543573feddd8/element/00000000-0000-05d0-0000-007f00000004/text] to [GET http://127.0.0.1:8240/session/8092e625-0771-403d-bb5d-06fce980533d/element/00000000-0000-05d0-0000-007f00000004/text] with no body
&amp#27;[38;5;32m[AndroidUiautomator2Driver@d3db (cab71a55)]&amp#27;[0m Got response with status 200: {"sessionId":"8092e625-0771-403d-bb5d-06fce980533d","value":"45 %"}
&amp#27;[38;5;32m[AndroidUiautomator2Driver@d3db (cab71a55)]&amp#27;[0m Replacing sessionId 8092e625-0771-403d-bb5d-06fce980533d with cab71a55-a64e-4118-944e-543573feddd8
&amp#27;[38;5;0m[HTTP]&amp#27;[0m &amp#27;[37m<-- GET /session/cab71a55-a64e-4118-944e-543573feddd8/element/00000000-0000-05d0-0000-007f00000004/text &amp#27;[39m&amp#27;[32m200&amp#27;[39m &amp#27;[90m9 ms - 67&amp#27;[39m
&amp#27;[38;5;0m[HTTP]&amp#27;[0m &amp#27;[90m&amp#27;[39m
&amp#27;[38;5;0m[HTTP]&amp#27;[0m &amp#27;[37m-->&amp#27;[39m &amp#27;[37mGET&amp#27;[39m &amp#27;[37m/session/cab71a55-a64e-4118-944e-543573feddd8/element/00000000-0000-05d0-0000-008100000004/text&amp#27;[39m
&amp#27;[38;5;0m[HTTP]&amp#27;[0m &amp#27;[90m{}&amp#27;[39m
&amp#27;[38;5;32m[AndroidUiautomator2Driver@d3db (cab71a55)]&amp#27;[0m Driver proxy active, passing request on via HTTP proxy
&amp#27;[38;5;32m[AndroidUiautomator2Driver@d3db (cab71a55)]&amp#27;[0m Matched '/session/cab71a55-a64e-4118-944e-543573feddd8/element/00000000-0000-05d0-0000-008100000004/text' to command name 'getText'
&amp#27;[38;5;32m[AndroidUiautomator2Driver@d3db (cab71a55)]&amp#27;[0m Proxying [GET /session/cab71a55-a64e-4118-944e-543573feddd8/element/00000000-0000-05d0-0000-008100000004/text] to [GET http://127.0.0.1:8240/session/8092e625-0771-403d-bb5d-06fce980533d/element/00000000-0000-05d0-0000-008100000004/text] with no body
&amp#27;[38;5;32m[AndroidUiautomator2Driver@d3db (cab71a55)]&amp#27;[0m Got response with status 200: {"sessionId":"8092e625-0771-403d-bb5d-06fce980533d","value":"18 Â°C"}
&amp#27;[38;5;32m[AndroidUiautomator2Driver@d3db (cab71a55)]&amp#27;[0m Replacing sessionId 8092e625-0771-403d-bb5d-06fce980533d with cab71a55-a64e-4118-944e-543573feddd8
&amp#27;[38;5;0m[HTTP]&amp#27;[0m &amp#27;[37m<-- GET /session/cab71a55-a64e-4118-944e-543573feddd8/element/00000000-0000-05d0-0000-008100000004/text &amp#27;[39m&amp#27;[32m200&amp#27;[39m &amp#27;[90m8 ms - 69&amp#27;[39m
&amp#27;[38;5;0m[HTTP]&amp#27;[0m &amp#27;[90m&amp#27;[39m
&amp#27;[38;5;0m[HTTP]&amp#27;[0m &amp#27;[37m-->&amp#27;[39m &amp#27;[37mGET&amp#27;[39m &amp#27;[37m/session/cab71a55-a64e-4118-944e-543573feddd8/element/00000000-0000-05d0-0000-008300000004/text&amp#27;[39m
&amp#27;[38;5;0m[HTTP]&amp#27;[0m &amp#27;[90m{}&amp#27;[39m
&amp#27;[38;5;32m[AndroidUiautomator2Driver@d3db (cab71a55)]&amp#27;[0m Driver proxy active, passing request on via HTTP proxy
&amp#27;[38;5;32m[AndroidUiautomator2Driver@d3db (cab71a55)]&amp#27;[0m Matched '/session/cab71a55-a64e-4118-944e-543573feddd8/element/00000000-0000-05d0-0000-008300000004/text' to command name 'getText'
&amp#27;[38;5;32m[AndroidUiautomator2Driver@d3db (cab71a55)]&amp#27;[0m Proxying [GET /session/cab71a55-a64e-4118-944e-543573feddd8/element/00000000-0000-05d0-0000-008300000004/text] to [GET http://127.0.0.1:8240/session/8092e625-0771-403d-bb5d-06fce980533d/element/00000000-0000-05d0-0000-008300000004/text] with no body
&amp#27;[38;5;32m[AndroidUiautomator2Driver@d3db (cab71a55)]&amp#27;[0m Got response with status 200: {"sessionId":"8092e625-0771-403d-bb5d-06fce980533d","value":"Sun"}
&amp#27;[38;5;32m[AndroidUiautomator2Driver@d3db (cab71a55)]&amp#27;[0m Replacing sessionId 8092e625-0771-403d-bb5d-06fce980533d with cab71a55-a64e-4118-944e-543573feddd8
&amp#27;[38;5;0m[HTTP]&amp#27;[0m &amp#27;[37m<-- GET /session/cab71a55-a64e-4118-944e-543573feddd8/element/00000000-0000-05d0-0000-008300000004/text &amp#27;[39m&amp#27;[32m200&amp#27;[39m &amp#27;[90m9 ms - 66&amp#27;[39m
&amp#27;[38;5;0m[HTTP]&amp#27;[0m &amp#27;[90m&amp#27;[39m
&amp#27;[38;5;0m[HTTP]&amp#27;[0m &amp#27;[37m-->&amp#27;[39m &amp#27;[37mGET&amp#27;[39m &amp#27;[37m/session/cab71a55-a64e-4118-944e-543573feddd8/element/00000000-0000-05d0-0000-008500000004/text&amp#27;[39m
&amp#27;[38;5;0m[HTTP]&amp#27;[0m &amp#27;[90m{}&amp#27;[39m
&amp#27;[38;5;32m[AndroidUiautomator2Driver@d3db (cab71a55)]&amp#27;[0m Driver proxy active, passing request on via HTTP proxy
&amp#27;[38;5;32m[AndroidUiautomator2Driver@d3db (cab71a55)]&amp#27;[0m Matched '/session/cab71a55-a64e-4118-944e-543573feddd8/element/00000000-0000-05d0-0000-008500000004/text' to command name 'getText'
&amp#27;[38;5;32m[AndroidUiautomator2Driver@d3db (cab71a55)]&amp#27;[0m Proxying [GET /session/cab71a55-a64e-4118-944e-543573feddd8/element/00000000-0000-05d0-0000-008500000004/text] to [GET http://127.0.0.1:8240/session/8092e625-0771-403d-bb5d-06fce980533d/element/00000000-0000-05d0-0000-008500000004/text] with no body
&amp#27;[38;5;32m[AndroidUiautomator2Driver@d3db (cab71a55)]&amp#27;[0m Got response with status 200: {"sessionId":"8092e625-0771-403d-bb5d-06fce980533d","value":"light rain"}
&amp#27;[38;5;32m[AndroidUiautomator2Driver@d3db (cab71a55)]&amp#27;[0m Replacing sessionId 8092e625-0771-403d-bb5d-06fce980533d with cab71a55-a64e-4118-944e-543573feddd8
&amp#27;[38;5;0m[HTTP]&amp#27;[0m &amp#27;[37m<-- GET /session/cab71a55-a64e-4118-944e-543573feddd8/element/00000000-0000-05d0-0000-008500000004/text &amp#27;[39m&amp#27;[32m200&amp#27;[39m &amp#27;[90m10 ms - 73&amp#27;[39m
&amp#27;[38;5;0m[HTTP]&amp#27;[0m &amp#27;[90m&amp#27;[39m
&amp#27;[38;5;0m[HTTP]&amp#27;[0m &amp#27;[37m-->&amp#27;[39m &amp#27;[37mGET&amp#27;[39m &amp#27;[37m/session/cab71a55-a64e-4118-944e-543573feddd8/element/00000000-0000-05d0-0000-008700000004/text&amp#27;[39m
&amp#27;[38;5;0m[HTTP]&amp#27;[0m &amp#27;[90m{}&amp#27;[39m
&amp#27;[38;5;32m[AndroidUiautomator2Driver@d3db (cab71a55)]&amp#27;[0m Driver proxy active, passing request on via HTTP proxy
&amp#27;[38;5;32m[AndroidUiautomator2Driver@d3db (cab71a55)]&amp#27;[0m Matched '/session/cab71a55-a64e-4118-944e-543573feddd8/element/00000000-0000-05d0-0000-008700000004/text' to command name 'getText'
&amp#27;[38;5;32m[AndroidUiautomator2Driver@d3db (cab71a55)]&amp#27;[0m Proxying [GET /session/cab71a55-a64e-4118-944e-543573feddd8/element/00000000-0000-05d0-0000-008700000004/text] to [GET http://127.0.0.1:8240/session/8092e625-0771-403d-bb5d-06fce980533d/element/00000000-0000-05d0-0000-008700000004/text] with no body
&amp#27;[38;5;32m[AndroidUiautomator2Driver@d3db (cab71a55)]&amp#27;[0m Got response with status 200: {"sessionId":"8092e625-0771-403d-bb5d-06fce980533d","value":"52 %"}
&amp#27;[38;5;32m[AndroidUiautomator2Driver@d3db (cab71a55)]&amp#27;[0m Replacing sessionId 8092e625-0771-403d-bb5d-06fce980533d with cab71a55-a64e-4118-944e-543573feddd8
&amp#27;[38;5;0m[HTTP]&amp#27;[0m &amp#27;[37m<-- GET /session/cab71a55-a64e-4118-944e-543573feddd8/element/00000000-0000-05d0-0000-008700000004/text &amp#27;[39m&amp#27;[32m200&amp#27;[39m &amp#27;[90m13 ms - 67&amp#27;[39m
&amp#27;[38;5;0m[HTTP]&amp#27;[0m &amp#27;[90m&amp#27;[39m
&amp#27;[38;5;0m[HTTP]&amp#27;[0m &amp#27;[37m-->&amp#27;[39m &amp#27;[37mGET&amp#27;[39m &amp#27;[37m/session/cab71a55-a64e-4118-944e-543573feddd8/element/00000000-0000-05d0-0000-008900000004/text&amp#27;[39m
&amp#27;[38;5;0m[HTTP]&amp#27;[0m &amp#27;[90m{}&amp#27;[39m
&amp#27;[38;5;32m[AndroidUiautomator2Driver@d3db (cab71a55)]&amp#27;[0m Driver proxy active, passing request on via HTTP proxy
&amp#27;[38;5;32m[AndroidUiautomator2Driver@d3db (cab71a55)]&amp#27;[0m Matched '/session/cab71a55-a64e-4118-944e-543573feddd8/element/00000000-0000-05d0-0000-008900000004/text' to command name 'getText'
&amp#27;[38;5;32m[AndroidUiautomator2Driver@d3db (cab71a55)]&amp#27;[0m Proxying [GET /session/cab71a55-a64e-4118-944e-543573feddd8/element/00000000-0000-05d0-0000-008900000004/text] to [GET http://127.0.0.1:8240/session/8092e625-0771-403d-bb5d-06fce980533d/element/00000000-0000-05d0-0000-008900000004/text] with no body
&amp#27;[38;5;32m[AndroidUiautomator2Driver@d3db (cab71a55)]&amp#27;[0m Got response with status 200: {"sessionId":"8092e625-0771-403d-bb5d-06fce980533d","value":"17 Â°C"}
&amp#27;[38;5;32m[AndroidUiautomator2Driver@d3db (cab71a55)]&amp#27;[0m Replacing sessionId 8092e625-0771-403d-bb5d-06fce980533d with cab71a55-a64e-4118-944e-543573feddd8
&amp#27;[38;5;0m[HTTP]&amp#27;[0m &amp#27;[37m<-- GET /session/cab71a55-a64e-4118-944e-543573feddd8/element/00000000-0000-05d0-0000-008900000004/text &amp#27;[39m&amp#27;[32m200&amp#27;[39m &amp#27;[90m9 ms - 69&amp#27;[39m
&amp#27;[38;5;0m[HTTP]&amp#27;[0m &amp#27;[90m&amp#27;[39m
&amp#27;[38;5;0m[HTTP]&amp#27;[0m &amp#27;[37m-->&amp#27;[39m &amp#27;[37mPOST&amp#27;[39m &amp#27;[37m/session/cab71a55-a64e-4118-944e-543573feddd8/execute/sync&amp#27;[39m
&amp#27;[38;5;0m[HTTP]&amp#27;[0m &amp#27;[90m{"script":"mobile: swipeGesture","args":[{"elementId":"00000000-0000-05d0-0000-002a00000004","percent":0.4,"speed":320,"direction":"left"}]}&amp#27;[39m
&amp#27;[38;5;32m[AndroidUiautomator2Driver@d3db (cab71a55)]&amp#27;[0m Calling AppiumDriver.execute() with args: ["mobile: swipeGesture",[{"elementId":"00000000-0000-05d0-0000-002a00000004","percent":0.4,"speed":320,"direction":"left"}],"cab71a55-a64e-4118-944e-543573feddd8"]
&amp#27;[38;5;32m[AndroidUiautomator2Driver@d3db (cab71a55)]&amp#27;[0m Executing method 'mobile: swipeGesture'
&amp#27;[38;5;32m[AndroidUiautomator2Driver@d3db (cab71a55)]&amp#27;[0m Proxying [POST /appium/gestures/swipe] to [POST http://127.0.0.1:8240/session/8092e625-0771-403d-bb5d-06fce980533d/appium/gestures/swipe] with body: {"origin":{"ELEMENT":"00000000-0000-05d0-0000-002a00000004","element-6066-11e4-a52e-4f735466cecf":"00000000-0000-05d0-0000-002a00000004"},"direction":"left","percent":0.4,"speed":320}
&amp#27;[38;5;32m[AndroidUiautomator2Driver@d3db (cab71a55)]&amp#27;[0m Got response with status 200: {"sessionId":"8092e625-0771-403d-bb5d-06fce980533d","value":null}
&amp#27;[38;5;32m[AndroidUiautomator2Driver@d3db (cab71a55)]&amp#27;[0m Responding to client with driver.execute() result: null
&amp#27;[38;5;0m[HTTP]&amp#27;[0m &amp#27;[37m<-- POST /session/cab71a55-a64e-4118-944e-543573feddd8/execute/sync &amp#27;[39m&amp#27;[32m200&amp#27;[39m &amp#27;[90m1523 ms - 14&amp#27;[39m
&amp#27;[38;5;0m[HTTP]&amp#27;[0m &amp#27;[90m&amp#27;[39m
&amp#27;[38;5;0m[HTTP]&amp#27;[0m &amp#27;[37m-->&amp#27;[39m &amp#27;[37mPOST&amp#27;[39m &amp#27;[37m/session/cab71a55-a64e-4118-944e-543573feddd8/elements&amp#27;[39m
&amp#27;[38;5;0m[HTTP]&amp#27;[0m &amp#27;[90m{"using":"xpath","value":"//android.widget.HorizontalScrollView"}&amp#27;[39m
&amp#27;[38;5;32m[AndroidUiautomator2Driver@d3db (cab71a55)]&amp#27;[0m Calling AppiumDriver.findElements() with args: ["xpath","//android.widget.HorizontalScrollView","cab71a55-a64e-4118-944e-543573feddd8"]
&amp#27;[38;5;32m[AndroidUiautomator2Driver@d3db (cab71a55)]&amp#27;[0m Valid locator strategies for this request: xpath, id, class name, accessibility id, css selector, -android uiautomator
&amp#27;[38;5;32m[AndroidUiautomator2Driver@d3db (cab71a55)]&amp#27;[0m Waiting up to 0 ms for condition
&amp#27;[38;5;32m[AndroidUiautomator2Driver@d3db (cab71a55)]&amp#27;[0m Matched '/elements' to command name 'findElements'
&amp#27;[38;5;32m[AndroidUiautomator2Driver@d3db (cab71a55)]&amp#27;[0m Proxying [POST /elements] to [POST http://127.0.0.1:8240/session/8092e625-0771-403d-bb5d-06fce980533d/elements] with body: {"strategy":"xpath","selector":"//android.widget.HorizontalScrollView","context":"","multiple":true}
&amp#27;[38;5;32m[AndroidUiautomator2Driver@d3db (cab71a55)]&amp#27;[0m Got response with status 200: {"sessionId":"8092e625-0771-403d-bb5d-06fce980533d","value":[{"ELEMENT":"00000000-0000-05d0-0000-002900000004","element-6066-11e4-a52e-4f735466cecf":"00000000-0000-05d0-0000-002900000004"},{"ELEMENT":"00000000-0000-05d0-0000-002a00000004","element-6066-11e4-a52e-4f735466cecf":"00000000-0000-05d0-0000-002a00000004"}]}
&amp#27;[38;5;32m[AndroidUiautomator2Driver@d3db (cab71a55)]&amp#27;[0m Responding to client with driver.findElements() result: [{"element-6066-11e4-a52e-4f735466cecf":"00000000-0000-05d0-0000-002900000004","ELEMENT":"00000000-0000-05d0-0000-002900000004"},{"element-6066-11e4-a52e-4f735466cecf":"00000000-0000-05d0-0000-002a00000004","ELEMENT":"00000000-0000-05d0-0000-002a00000004"}]
&amp#27;[38;5;0m[HTTP]&amp#27;[0m &amp#27;[37m<-- POST /session/cab71a55-a64e-4118-944e-543573feddd8/elements &amp#27;[39m&amp#27;[32m200&amp#27;[39m &amp#27;[90m414 ms - 267&amp#27;[39m
&amp#27;[38;5;0m[HTTP]&amp#27;[0m &amp#27;[90m&amp#27;[39m
&amp#27;[38;5;0m[HTTP]&amp#27;[0m &amp#27;[37m-->&amp#27;[39m &amp#27;[37mPOST&amp#27;[39m &amp#27;[37m/session/cab71a55-a64e-4118-944e-543573feddd8/element/00000000-0000-05d0-0000-002a00000004/elements&amp#27;[39m
&amp#27;[38;5;0m[HTTP]&amp#27;[0m &amp#27;[90m{"id":"00000000-0000-05d0-0000-002a00000004","using":"xpath","value":"//android.view.View"}&amp#27;[39m
&amp#27;[38;5;32m[AndroidUiautomator2Driver@d3db (cab71a55)]&amp#27;[0m Calling AppiumDriver.findElementsFromElement() with args: ["xpath","//android.view.View","00000000-0000-05d0-0000-002a00000004","cab71a55-a64e-4118-944e-543573feddd8"]
&amp#27;[38;5;32m[AndroidUiautomator2Driver@d3db (cab71a55)]&amp#27;[0m Valid locator strategies for this request: xpath, id, class name, accessibility id, css selector, -android uiautomator
&amp#27;[38;5;32m[AndroidUiautomator2Driver@d3db (cab71a55)]&amp#27;[0m Waiting up to 0 ms for condition
&amp#27;[38;5;32m[AndroidUiautomator2Driver@d3db (cab71a55)]&amp#27;[0m Matched '/elements' to command name 'findElements'
&amp#27;[38;5;32m[AndroidUiautomator2Driver@d3db (cab71a55)]&amp#27;[0m Proxying [POST /elements] to [POST http://127.0.0.1:8240/session/8092e625-0771-403d-bb5d-06fce980533d/elements] with body: {"strategy":"xpath","selector":"//android.view.View","context":"00000000-0000-05d0-0000-002a00000004","multiple":true}
&amp#27;[38;5;32m[AndroidUiautomator2Driver@d3db (cab71a55)]&amp#27;[0m Got response with status 200: {"sessionId":"8092e625-0771-403d-bb5d-06fce980533d","value":[{"ELEMENT":"00000000-0000-05d0-0000-006b00000004","element-6066-11e4-a52e-4f735466cecf":"00000000-0000-05d0-0000-006b00000004"},{"ELEMENT":"00000000-0000-05d0-0000-006d00000004","element-6066-11e4-a52e-4f735466cecf":"00000000-0000-05d0-0000-006d00000004"},{"ELEMENT":"00000000-0000-05d0-0000-006f00000004","element-6066-11e4-a52e-4f735466cecf":"00000000-0000-05d0-0000-006f00000004"},{"ELEMENT":"00000000-0000-05d0-0000-007100000004","element-6066-11e4-a52e-4f735466cecf":"00000000-0000-05d0-0000-007100000004"},{"ELEMENT":"00000000-0000-05d0-0000-007300000004","element-6066-11e4-a52e-4f735466cecf":"00000000-0000-05d0-0000-007300000004"},{"ELEMENT":"00000000-0000-05d0-0000-007500000004","element-6066-11e4-a52e-4f735466cecf":"00000000-0000-05d0-0000-007500000004"},{"ELEMENT":"00000000-0000-05d0-0000-007700000004","element-6066-11e4-a52e-4f735466cecf":"00000000-0000-05d0-0000-007700000004"},{"ELEMENT":"00000000-0000-05d0-0000-007900000004","element-6066-...
&amp#27;[38;5;32m[AndroidUiautomator2Driver@d3db (cab71a55)]&amp#27;[0m Responding to client with driver.findElementsFromElement() result: [{"element-6066-11e4-a52e-4f735466cecf":"00000000-0000-05d0-0000-006b00000004","ELEMENT":"00000000-0000-05d0-0000-006b00000004"},{"element-6066-11e4-a52e-4f735466cecf":"00000000-0000-05d0-0000-006d00000004","ELEMENT":"00000000-0000-05d0-0000-006d00000004"},{"element-6066-11e4-a52e-4f735466cecf":"00000000-0000-05d0-0000-006f00000004","ELEMENT":"00000000-0000-05d0-0000-006f00000004"},{"element-6066-11e4-a52e-4f735466cecf":"00000000-0000-05d0-0000-007100000004","ELEMENT":"00000000-0000-05d0-0000-007100000004"},{"element-6066-11e4-a52e-4f735466cecf":"00000000-0000-05d0-0000-007300000004","ELEMENT":"00000000-0000-05d0-0000-007300000004"},{"element-6066-11e4-a52e-4f735466cecf":"00000000-0000-05d0-0000-007500000004","ELEMENT":"00000000-0000-05d0-0000-007500000004"},{"element-6066-11e4-a52e-4f735466cecf":"00000000-0000-05d0-0000-007700000004","ELEMENT":"00000000-0000-05d0-0000-007700000004"},{"element-6066-11e4-a52e-4f735466cecf":"00000000-0000-05d0-0000-007900000004","ELEMENT":"00000000-0000-05d0-0000-00790000000...
&amp#27;[38;5;0m[HTTP]&amp#27;[0m &amp#27;[37m<-- POST /session/cab71a55-a64e-4118-944e-543573feddd8/element/00000000-0000-05d0-0000-002a00000004/elements &amp#27;[39m&amp#27;[32m200&amp#27;[39m &amp#27;[90m52 ms - 2059&amp#27;[39m
&amp#27;[38;5;0m[HTTP]&amp#27;[0m &amp#27;[90m&amp#27;[39m
&amp#27;[38;5;0m[HTTP]&amp#27;[0m &amp#27;[37m-->&amp#27;[39m &amp#27;[37mGET&amp#27;[39m &amp#27;[37m/session/cab71a55-a64e-4118-944e-543573feddd8/element/00000000-0000-05d0-0000-006b00000004/text&amp#27;[39m
&amp#27;[38;5;0m[HTTP]&amp#27;[0m &amp#27;[90m{}&amp#27;[39m
&amp#27;[38;5;32m[AndroidUiautomator2Driver@d3db (cab71a55)]&amp#27;[0m Driver proxy active, passing request on via HTTP proxy
&amp#27;[38;5;32m[AndroidUiautomator2Driver@d3db (cab71a55)]&amp#27;[0m Matched '/session/cab71a55-a64e-4118-944e-543573feddd8/element/00000000-0000-05d0-0000-006b00000004/text' to command name 'getText'
&amp#27;[38;5;32m[AndroidUiautomator2Driver@d3db (cab71a55)]&amp#27;[0m Proxying [GET /session/cab71a55-a64e-4118-944e-543573feddd8/element/00000000-0000-05d0-0000-006b00000004/text] to [GET http://127.0.0.1:8240/session/8092e625-0771-403d-bb5d-06fce980533d/element/00000000-0000-05d0-0000-006b00000004/text] with no body
&amp#27;[38;5;32m[AndroidUiautomator2Driver@d3db (cab71a55)]&amp#27;[0m Got response with status 200: {"sessionId":"8092e625-0771-403d-bb5d-06fce980533d","value":"Thu"}
&amp#27;[38;5;32m[AndroidUiautomator2Driver@d3db (cab71a55)]&amp#27;[0m Replacing sessionId 8092e625-0771-403d-bb5d-06fce980533d with cab71a55-a64e-4118-944e-543573feddd8
&amp#27;[38;5;0m[HTTP]&amp#27;[0m &amp#27;[37m<-- GET /session/cab71a55-a64e-4118-944e-543573feddd8/element/00000000-0000-05d0-0000-006b00000004/text &amp#27;[39m&amp#27;[32m200&amp#27;[39m &amp#27;[90m9 ms - 66&amp#27;[39m
&amp#27;[38;5;0m[HTTP]&amp#27;[0m &amp#27;[90m&amp#27;[39m
&amp#27;[38;5;0m[HTTP]&amp#27;[0m &amp#27;[37m-->&amp#27;[39m &amp#27;[37mGET&amp#27;[39m &amp#27;[37m/session/cab71a55-a64e-4118-944e-543573feddd8/element/00000000-0000-05d0-0000-006d00000004/text&amp#27;[39m
&amp#27;[38;5;0m[HTTP]&amp#27;[0m &amp#27;[90m{}&amp#27;[39m
&amp#27;[38;5;32m[AndroidUiautomator2Driver@d3db (cab71a55)]&amp#27;[0m Driver proxy active, passing request on via HTTP proxy
&amp#27;[38;5;32m[AndroidUiautomator2Driver@d3db (cab71a55)]&amp#27;[0m Matched '/session/cab71a55-a64e-4118-944e-543573feddd8/element/00000000-0000-05d0-0000-006d00000004/text' to command name 'getText'
&amp#27;[38;5;32m[AndroidUiautomator2Driver@d3db (cab71a55)]&amp#27;[0m Proxying [GET /session/cab71a55-a64e-4118-944e-543573feddd8/element/00000000-0000-05d0-0000-006d00000004/text] to [GET http://127.0.0.1:8240/session/8092e625-0771-403d-bb5d-06fce980533d/element/00000000-0000-05d0-0000-006d00000004/text] with no body
&amp#27;[38;5;32m[AndroidUiautomator2Driver@d3db (cab71a55)]&amp#27;[0m Got response with status 200: {"sessionId":"8092e625-0771-403d-bb5d-06fce980533d","value":"light rain"}
&amp#27;[38;5;32m[AndroidUiautomator2Driver@d3db (cab71a55)]&amp#27;[0m Replacing sessionId 8092e625-0771-403d-bb5d-06fce980533d with cab71a55-a64e-4118-944e-543573feddd8
&amp#27;[38;5;0m[HTTP]&amp#27;[0m &amp#27;[37m<-- GET /session/cab71a55-a64e-4118-944e-543573feddd8/element/00000000-0000-05d0-0000-006d00000004/text &amp#27;[39m&amp#27;[32m200&amp#27;[39m &amp#27;[90m9 ms - 73&amp#27;[39m
&amp#27;[38;5;0m[HTTP]&amp#27;[0m &amp#27;[90m&amp#27;[39m
&amp#27;[38;5;0m[HTTP]&amp#27;[0m &amp#27;[37m-->&amp#27;[39m &amp#27;[37mGET&amp#27;[39m &amp#27;[37m/session/cab71a55-a64e-4118-944e-543573feddd8/element/00000000-0000-05d0-0000-006f00000004/text&amp#27;[39m
&amp#27;[38;5;0m[HTTP]&amp#27;[0m &amp#27;[90m{}&amp#27;[39m
&amp#27;[38;5;32m[AndroidUiautomator2Driver@d3db (cab71a55)]&amp#27;[0m Driver proxy active, passing request on via HTTP proxy
&amp#27;[38;5;32m[AndroidUiautomator2Driver@d3db (cab71a55)]&amp#27;[0m Matched '/session/cab71a55-a64e-4118-944e-543573feddd8/element/00000000-0000-05d0-0000-006f00000004/text' to command name 'getText'
&amp#27;[38;5;32m[AndroidUiautomator2Driver@d3db (cab71a55)]&amp#27;[0m Proxying [GET /session/cab71a55-a64e-4118-944e-543573feddd8/element/00000000-0000-05d0-0000-006f00000004/text] to [GET http://127.0.0.1:8240/session/8092e625-0771-403d-bb5d-06fce980533d/element/00000000-0000-05d0-0000-006f00000004/text] with no body
&amp#27;[38;5;32m[AndroidUiautomator2Driver@d3db (cab71a55)]&amp#27;[0m Got response with status 200: {"sessionId":"8092e625-0771-403d-bb5d-06fce980533d","value":"59 %"}
&amp#27;[38;5;32m[AndroidUiautomator2Driver@d3db (cab71a55)]&amp#27;[0m Replacing sessionId 8092e625-0771-403d-bb5d-06fce980533d with cab71a55-a64e-4118-944e-543573feddd8
&amp#27;[38;5;0m[HTTP]&amp#27;[0m &amp#27;[37m<-- GET /session/cab71a55-a64e-4118-944e-543573feddd8/element/00000000-0000-05d0-0000-006f00000004/text &amp#27;[39m&amp#27;[32m200&amp#27;[39m &amp#27;[90m9 ms - 67&amp#27;[39m
&amp#27;[38;5;0m[HTTP]&amp#27;[0m &amp#27;[90m&amp#27;[39m
&amp#27;[38;5;0m[HTTP]&amp#27;[0m &amp#27;[37m-->&amp#27;[39m &amp#27;[37mGET&amp#27;[39m &amp#27;[37m/session/cab71a55-a64e-4118-944e-543573feddd8/element/00000000-0000-05d0-0000-007100000004/text&amp#27;[39m
&amp#27;[38;5;0m[HTTP]&amp#27;[0m &amp#27;[90m{}&amp#27;[39m
&amp#27;[38;5;32m[AndroidUiautomator2Driver@d3db (cab71a55)]&amp#27;[0m Driver proxy active, passing request on via HTTP proxy
&amp#27;[38;5;32m[AndroidUiautomator2Driver@d3db (cab71a55)]&amp#27;[0m Matched '/session/cab71a55-a64e-4118-944e-543573feddd8/element/00000000-0000-05d0-0000-007100000004/text' to command name 'getText'
&amp#27;[38;5;32m[AndroidUiautomator2Driver@d3db (cab71a55)]&amp#27;[0m Proxying [GET /session/cab71a55-a64e-4118-944e-543573feddd8/element/00000000-0000-05d0-0000-007100000004/text] to [GET http://127.0.0.1:8240/session/8092e625-0771-403d-bb5d-06fce980533d/element/00000000-0000-05d0-0000-007100000004/text] with no body
&amp#27;[38;5;32m[AndroidUiautomator2Driver@d3db (cab71a55)]&amp#27;[0m Got response with status 200: {"sessionId":"8092e625-0771-403d-bb5d-06fce980533d","value":"15 Â°C"}
&amp#27;[38;5;32m[AndroidUiautomator2Driver@d3db (cab71a55)]&amp#27;[0m Replacing sessionId 8092e625-0771-403d-bb5d-06fce980533d with cab71a55-a64e-4118-944e-543573feddd8
&amp#27;[38;5;0m[HTTP]&amp#27;[0m &amp#27;[37m<-- GET /session/cab71a55-a64e-4118-944e-543573feddd8/element/00000000-0000-05d0-0000-007100000004/text &amp#27;[39m&amp#27;[32m200&amp#27;[39m &amp#27;[90m9 ms - 69&amp#27;[39m
&amp#27;[38;5;0m[HTTP]&amp#27;[0m &amp#27;[90m&amp#27;[39m
&amp#27;[38;5;0m[HTTP]&amp#27;[0m &amp#27;[37m-->&amp#27;[39m &amp#27;[37mGET&amp#27;[39m &amp#27;[37m/session/cab71a55-a64e-4118-944e-543573feddd8/element/00000000-0000-05d0-0000-007300000004/text&amp#27;[39m
&amp#27;[38;5;0m[HTTP]&amp#27;[0m &amp#27;[90m{}&amp#27;[39m
&amp#27;[38;5;32m[AndroidUiautomator2Driver@d3db (cab71a55)]&amp#27;[0m Driver proxy active, passing request on via HTTP proxy
&amp#27;[38;5;32m[AndroidUiautomator2Driver@d3db (cab71a55)]&amp#27;[0m Matched '/session/cab71a55-a64e-4118-944e-543573feddd8/element/00000000-0000-05d0-0000-007300000004/text' to command name 'getText'
&amp#27;[38;5;32m[AndroidUiautomator2Driver@d3db (cab71a55)]&amp#27;[0m Proxying [GET /session/cab71a55-a64e-4118-944e-543573feddd8/element/00000000-0000-05d0-0000-007300000004/text] to [GET http://127.0.0.1:8240/session/8092e625-0771-403d-bb5d-06fce980533d/element/00000000-0000-05d0-0000-007300000004/text] with no body
&amp#27;[38;5;32m[AndroidUiautomator2Driver@d3db (cab71a55)]&amp#27;[0m Got response with status 200: {"sessionId":"8092e625-0771-403d-bb5d-06fce980533d","value":"Fri"}
&amp#27;[38;5;32m[AndroidUiautomator2Driver@d3db (cab71a55)]&amp#27;[0m Replacing sessionId 8092e625-0771-403d-bb5d-06fce980533d with cab71a55-a64e-4118-944e-543573feddd8
&amp#27;[38;5;0m[HTTP]&amp#27;[0m &amp#27;[37m<-- GET /session/cab71a55-a64e-4118-944e-543573feddd8/element/00000000-0000-05d0-0000-007300000004/text &amp#27;[39m&amp#27;[32m200&amp#27;[39m &amp#27;[90m9 ms - 66&amp#27;[39m
&amp#27;[38;5;0m[HTTP]&amp#27;[0m &amp#27;[90m&amp#27;[39m
&amp#27;[38;5;0m[HTTP]&amp#27;[0m &amp#27;[37m-->&amp#27;[39m &amp#27;[37mGET&amp#27;[39m &amp#27;[37m/session/cab71a55-a64e-4118-944e-543573feddd8/element/00000000-0000-05d0-0000-007500000004/text&amp#27;[39m
&amp#27;[38;5;0m[HTTP]&amp#27;[0m &amp#27;[90m{}&amp#27;[39m
&amp#27;[38;5;32m[AndroidUiautomator2Driver@d3db (cab71a55)]&amp#27;[0m Driver proxy active, passing request on via HTTP proxy
&amp#27;[38;5;32m[AndroidUiautomator2Driver@d3db (cab71a55)]&amp#27;[0m Matched '/session/cab71a55-a64e-4118-944e-543573feddd8/element/00000000-0000-05d0-0000-007500000004/text' to command name 'getText'
&amp#27;[38;5;32m[AndroidUiautomator2Driver@d3db (cab71a55)]&amp#27;[0m Proxying [GET /session/cab71a55-a64e-4118-944e-543573feddd8/element/00000000-0000-05d0-0000-007500000004/text] to [GET http://127.0.0.1:8240/session/8092e625-0771-403d-bb5d-06fce980533d/element/00000000-0000-05d0-0000-007500000004/text] with no body
&amp#27;[38;5;32m[AndroidUiautomator2Driver@d3db (cab71a55)]&amp#27;[0m Got response with status 200: {"sessionId":"8092e625-0771-403d-bb5d-06fce980533d","value":"broken clouds"}
&amp#27;[38;5;32m[AndroidUiautomator2Driver@d3db (cab71a55)]&amp#27;[0m Replacing sessionId 8092e625-0771-403d-bb5d-06fce980533d with cab71a55-a64e-4118-944e-543573feddd8
&amp#27;[38;5;0m[HTTP]&amp#27;[0m &amp#27;[37m<-- GET /session/cab71a55-a64e-4118-944e-543573feddd8/element/00000000-0000-05d0-0000-007500000004/text &amp#27;[39m&amp#27;[32m200&amp#27;[39m &amp#27;[90m9 ms - 76&amp#27;[39m
&amp#27;[38;5;0m[HTTP]&amp#27;[0m &amp#27;[90m&amp#27;[39m
&amp#27;[38;5;0m[HTTP]&amp#27;[0m &amp#27;[37m-->&amp#27;[39m &amp#27;[37mGET&amp#27;[39m &amp#27;[37m/session/cab71a55-a64e-4118-944e-543573feddd8/element/00000000-0000-05d0-0000-007700000004/text&amp#27;[39m
&amp#27;[38;5;0m[HTTP]&amp#27;[0m &amp#27;[90m{}&amp#27;[39m
&amp#27;[38;5;32m[AndroidUiautomator2Driver@d3db (cab71a55)]&amp#27;[0m Driver proxy active, passing request on via HTTP proxy
&amp#27;[38;5;32m[AndroidUiautomator2Driver@d3db (cab71a55)]&amp#27;[0m Matched '/session/cab71a55-a64e-4118-944e-543573feddd8/element/00000000-0000-05d0-0000-007700000004/text' to command name 'getText'
&amp#27;[38;5;32m[AndroidUiautomator2Driver@d3db (cab71a55)]&amp#27;[0m Proxying [GET /session/cab71a55-a64e-4118-944e-543573feddd8/element/00000000-0000-05d0-0000-007700000004/text] to [GET http://127.0.0.1:8240/session/8092e625-0771-403d-bb5d-06fce980533d/element/00000000-0000-05d0-0000-007700000004/text] with no body
&amp#27;[38;5;32m[AndroidUiautomator2Driver@d3db (cab71a55)]&amp#27;[0m Got response with status 200: {"sessionId":"8092e625-0771-403d-bb5d-06fce980533d","value":"55 %"}
&amp#27;[38;5;32m[AndroidUiautomator2Driver@d3db (cab71a55)]&amp#27;[0m Replacing sessionId 8092e625-0771-403d-bb5d-06fce980533d with cab71a55-a64e-4118-944e-543573feddd8
&amp#27;[38;5;0m[HTTP]&amp#27;[0m &amp#27;[37m<-- GET /session/cab71a55-a64e-4118-944e-543573feddd8/element/00000000-0000-05d0-0000-007700000004/text &amp#27;[39m&amp#27;[32m200&amp#27;[39m &amp#27;[90m8 ms - 67&amp#27;[39m
&amp#27;[38;5;0m[HTTP]&amp#27;[0m &amp#27;[90m&amp#27;[39m
&amp#27;[38;5;0m[HTTP]&amp#27;[0m &amp#27;[37m-->&amp#27;[39m &amp#27;[37mGET&amp#27;[39m &amp#27;[37m/session/cab71a55-a64e-4118-944e-543573feddd8/element/00000000-0000-05d0-0000-007900000004/text&amp#27;[39m
&amp#27;[38;5;0m[HTTP]&amp#27;[0m &amp#27;[90m{}&amp#27;[39m
&amp#27;[38;5;32m[AndroidUiautomator2Driver@d3db (cab71a55)]&amp#27;[0m Driver proxy active, passing request on via HTTP proxy
&amp#27;[38;5;32m[AndroidUiautomator2Driver@d3db (cab71a55)]&amp#27;[0m Matched '/session/cab71a55-a64e-4118-944e-543573feddd8/element/00000000-0000-05d0-0000-007900000004/text' to command name 'getText'
&amp#27;[38;5;32m[AndroidUiautomator2Driver@d3db (cab71a55)]&amp#27;[0m Proxying [GET /session/cab71a55-a64e-4118-944e-543573feddd8/element/00000000-0000-05d0-0000-007900000004/text] to [GET http://127.0.0.1:8240/session/8092e625-0771-403d-bb5d-06fce980533d/element/00000000-0000-05d0-0000-007900000004/text] with no body
&amp#27;[38;5;32m[AndroidUiautomator2Driver@d3db (cab71a55)]&amp#27;[0m Got response with status 200: {"sessionId":"8092e625-0771-403d-bb5d-06fce980533d","value":"16 Â°C"}
&amp#27;[38;5;32m[AndroidUiautomator2Driver@d3db (cab71a55)]&amp#27;[0m Replacing sessionId 8092e625-0771-403d-bb5d-06fce980533d with cab71a55-a64e-4118-944e-543573feddd8
&amp#27;[38;5;0m[HTTP]&amp#27;[0m &amp#27;[37m<-- GET /session/cab71a55-a64e-4118-944e-543573feddd8/element/00000000-0000-05d0-0000-007900000004/text &amp#27;[39m&amp#27;[32m200&amp#27;[39m &amp#27;[90m8 ms - 69&amp#27;[39m
&amp#27;[38;5;0m[HTTP]&amp#27;[0m &amp#27;[90m&amp#27;[39m
&amp#27;[38;5;0m[HTTP]&amp#27;[0m &amp#27;[37m-->&amp#27;[39m &amp#27;[37mGET&amp#27;[39m &amp#27;[37m/session/cab71a55-a64e-4118-944e-543573feddd8/element/00000000-0000-05d0-0000-007b00000004/text&amp#27;[39m
&amp#27;[38;5;0m[HTTP]&amp#27;[0m &amp#27;[90m{}&amp#27;[39m
&amp#27;[38;5;32m[AndroidUiautomator2Driver@d3db (cab71a55)]&amp#27;[0m Driver proxy active, passing request on via HTTP proxy
&amp#27;[38;5;32m[AndroidUiautomator2Driver@d3db (cab71a55)]&amp#27;[0m Matched '/session/cab71a55-a64e-4118-944e-543573feddd8/element/00000000-0000-05d0-0000-007b00000004/text' to command name 'getText'
&amp#27;[38;5;32m[AndroidUiautomator2Driver@d3db (cab71a55)]&amp#27;[0m Proxying [GET /session/cab71a55-a64e-4118-944e-543573feddd8/element/00000000-0000-05d0-0000-007b00000004/text] to [GET http://127.0.0.1:8240/session/8092e625-0771-403d-bb5d-06fce980533d/element/00000000-0000-05d0-0000-007b00000004/text] with no body
&amp#27;[38;5;32m[AndroidUiautomator2Driver@d3db (cab71a55)]&amp#27;[0m Got response with status 200: {"sessionId":"8092e625-0771-403d-bb5d-06fce980533d","value":"Sat"}
&amp#27;[38;5;32m[AndroidUiautomator2Driver@d3db (cab71a55)]&amp#27;[0m Replacing sessionId 8092e625-0771-403d-bb5d-06fce980533d with cab71a55-a64e-4118-944e-543573feddd8
&amp#27;[38;5;0m[HTTP]&amp#27;[0m &amp#27;[37m<-- GET /session/cab71a55-a64e-4118-944e-543573feddd8/element/00000000-0000-05d0-0000-007b00000004/text &amp#27;[39m&amp#27;[32m200&amp#27;[39m &amp#27;[90m8 ms - 66&amp#27;[39m
&amp#27;[38;5;0m[HTTP]&amp#27;[0m &amp#27;[90m&amp#27;[39m
&amp#27;[38;5;0m[HTTP]&amp#27;[0m &amp#27;[37m-->&amp#27;[39m &amp#27;[37mGET&amp#27;[39m &amp#27;[37m/session/cab71a55-a64e-4118-944e-543573feddd8/element/00000000-0000-05d0-0000-007d00000004/text&amp#27;[39m
&amp#27;[38;5;0m[HTTP]&amp#27;[0m &amp#27;[90m{}&amp#27;[39m
&amp#27;[38;5;32m[AndroidUiautomator2Driver@d3db (cab71a55)]&amp#27;[0m Driver proxy active, passing request on via HTTP proxy
&amp#27;[38;5;32m[AndroidUiautomator2Driver@d3db (cab71a55)]&amp#27;[0m Matched '/session/cab71a55-a64e-4118-944e-543573feddd8/element/00000000-0000-05d0-0000-007d00000004/text' to command name 'getText'
&amp#27;[38;5;32m[AndroidUiautomator2Driver@d3db (cab71a55)]&amp#27;[0m Proxying [GET /session/cab71a55-a64e-4118-944e-543573feddd8/element/00000000-0000-05d0-0000-007d00000004/text] to [GET http://127.0.0.1:8240/session/8092e625-0771-403d-bb5d-06fce980533d/element/00000000-0000-05d0-0000-007d00000004/text] with no body
&amp#27;[38;5;32m[AndroidUiautomator2Driver@d3db (cab71a55)]&amp#27;[0m Got response with status 200: {"sessionId":"8092e625-0771-403d-bb5d-06fce980533d","value":"clear sky"}
&amp#27;[38;5;32m[AndroidUiautomator2Driver@d3db (cab71a55)]&amp#27;[0m Replacing sessionId 8092e625-0771-403d-bb5d-06fce980533d with cab71a55-a64e-4118-944e-543573feddd8
&amp#27;[38;5;0m[HTTP]&amp#27;[0m &amp#27;[37m<-- GET /session/cab71a55-a64e-4118-944e-543573feddd8/element/00000000-0000-05d0-0000-007d00000004/text &amp#27;[39m&amp#27;[32m200&amp#27;[39m &amp#27;[90m8 ms - 72&amp#27;[39m
&amp#27;[38;5;0m[HTTP]&amp#27;[0m &amp#27;[90m&amp#27;[39m
&amp#27;[38;5;0m[HTTP]&amp#27;[0m &amp#27;[37m-->&amp#27;[39m &amp#27;[37mGET&amp#27;[39m &amp#27;[37m/session/cab71a55-a64e-4118-944e-543573feddd8/element/00000000-0000-05d0-0000-007f00000004/text&amp#27;[39m
&amp#27;[38;5;0m[HTTP]&amp#27;[0m &amp#27;[90m{}&amp#27;[39m
&amp#27;[38;5;32m[AndroidUiautomator2Driver@d3db (cab71a55)]&amp#27;[0m Driver proxy active, passing request on via HTTP proxy
&amp#27;[38;5;32m[AndroidUiautomator2Driver@d3db (cab71a55)]&amp#27;[0m Matched '/session/cab71a55-a64e-4118-944e-543573feddd8/element/00000000-0000-05d0-0000-007f00000004/text' to command name 'getText'
&amp#27;[38;5;32m[AndroidUiautomator2Driver@d3db (cab71a55)]&amp#27;[0m Proxying [GET /session/cab71a55-a64e-4118-944e-543573feddd8/element/00000000-0000-05d0-0000-007f00000004/text] to [GET http://127.0.0.1:8240/session/8092e625-0771-403d-bb5d-06fce980533d/element/00000000-0000-05d0-0000-007f00000004/text] with no body
&amp#27;[38;5;32m[AndroidUiautomator2Driver@d3db (cab71a55)]&amp#27;[0m Got response with status 200: {"sessionId":"8092e625-0771-403d-bb5d-06fce980533d","value":"45 %"}
&amp#27;[38;5;32m[AndroidUiautomator2Driver@d3db (cab71a55)]&amp#27;[0m Replacing sessionId 8092e625-0771-403d-bb5d-06fce980533d with cab71a55-a64e-4118-944e-543573feddd8
&amp#27;[38;5;0m[HTTP]&amp#27;[0m &amp#27;[37m<-- GET /session/cab71a55-a64e-4118-944e-543573feddd8/element/00000000-0000-05d0-0000-007f00000004/text &amp#27;[39m&amp#27;[32m200&amp#27;[39m &amp#27;[90m8 ms - 67&amp#27;[39m
&amp#27;[38;5;0m[HTTP]&amp#27;[0m &amp#27;[90m&amp#27;[39m
&amp#27;[38;5;0m[HTTP]&amp#27;[0m &amp#27;[37m-->&amp#27;[39m &amp#27;[37mGET&amp#27;[39m &amp#27;[37m/session/cab71a55-a64e-4118-944e-543573feddd8/element/00000000-0000-05d0-0000-008100000004/text&amp#27;[39m
&amp#27;[38;5;0m[HTTP]&amp#27;[0m &amp#27;[90m{}&amp#27;[39m
&amp#27;[38;5;32m[AndroidUiautomator2Driver@d3db (cab71a55)]&amp#27;[0m Driver proxy active, passing request on via HTTP proxy
&amp#27;[38;5;32m[AndroidUiautomator2Driver@d3db (cab71a55)]&amp#27;[0m Matched '/session/cab71a55-a64e-4118-944e-543573feddd8/element/00000000-0000-05d0-0000-008100000004/text' to command name 'getText'
&amp#27;[38;5;32m[AndroidUiautomator2Driver@d3db (cab71a55)]&amp#27;[0m Proxying [GET /session/cab71a55-a64e-4118-944e-543573feddd8/element/00000000-0000-05d0-0000-008100000004/text] to [GET http://127.0.0.1:8240/session/8092e625-0771-403d-bb5d-06fce980533d/element/00000000-0000-05d0-0000-008100000004/text] with no body
&amp#27;[38;5;32m[AndroidUiautomator2Driver@d3db (cab71a55)]&amp#27;[0m Got response with status 200: {"sessionId":"8092e625-0771-403d-bb5d-06fce980533d","value":"18 Â°C"}
&amp#27;[38;5;32m[AndroidUiautomator2Driver@d3db (cab71a55)]&amp#27;[0m Replacing sessionId 8092e625-0771-403d-bb5d-06fce980533d with cab71a55-a64e-4118-944e-543573feddd8
&amp#27;[38;5;0m[HTTP]&amp#27;[0m &amp#27;[37m<-- GET /session/cab71a55-a64e-4118-944e-543573feddd8/element/00000000-0000-05d0-0000-008100000004/text &amp#27;[39m&amp#27;[32m200&amp#27;[39m &amp#27;[90m9 ms - 69&amp#27;[39m
&amp#27;[38;5;0m[HTTP]&amp#27;[0m &amp#27;[90m&amp#27;[39m
&amp#27;[38;5;0m[HTTP]&amp#27;[0m &amp#27;[37m-->&amp#27;[39m &amp#27;[37mGET&amp#27;[39m &amp#27;[37m/session/cab71a55-a64e-4118-944e-543573feddd8/element/00000000-0000-05d0-0000-008300000004/text&amp#27;[39m
&amp#27;[38;5;0m[HTTP]&amp#27;[0m &amp#27;[90m{}&amp#27;[39m
&amp#27;[38;5;32m[AndroidUiautomator2Driver@d3db (cab71a55)]&amp#27;[0m Driver proxy active, passing request on via HTTP proxy
&amp#27;[38;5;32m[AndroidUiautomator2Driver@d3db (cab71a55)]&amp#27;[0m Matched '/session/cab71a55-a64e-4118-944e-543573feddd8/element/00000000-0000-05d0-0000-008300000004/text' to command name 'getText'
&amp#27;[38;5;32m[AndroidUiautomator2Driver@d3db (cab71a55)]&amp#27;[0m Proxying [GET /session/cab71a55-a64e-4118-944e-543573feddd8/element/00000000-0000-05d0-0000-008300000004/text] to [GET http://127.0.0.1:8240/session/8092e625-0771-403d-bb5d-06fce980533d/element/00000000-0000-05d0-0000-008300000004/text] with no body
&amp#27;[38;5;32m[AndroidUiautomator2Driver@d3db (cab71a55)]&amp#27;[0m Got response with status 200: {"sessionId":"8092e625-0771-403d-bb5d-06fce980533d","value":"Sun"}
&amp#27;[38;5;32m[AndroidUiautomator2Driver@d3db (cab71a55)]&amp#27;[0m Replacing sessionId 8092e625-0771-403d-bb5d-06fce980533d with cab71a55-a64e-4118-944e-543573feddd8
&amp#27;[38;5;0m[HTTP]&amp#27;[0m &amp#27;[37m<-- GET /session/cab71a55-a64e-4118-944e-543573feddd8/element/00000000-0000-05d0-0000-008300000004/text &amp#27;[39m&amp#27;[32m200&amp#27;[39m &amp#27;[90m8 ms - 66&amp#27;[39m
&amp#27;[38;5;0m[HTTP]&amp#27;[0m &amp#27;[90m&amp#27;[39m
&amp#27;[38;5;0m[HTTP]&amp#27;[0m &amp#27;[37m-->&amp#27;[39m &amp#27;[37mGET&amp#27;[39m &amp#27;[37m/session/cab71a55-a64e-4118-944e-543573feddd8/element/00000000-0000-05d0-0000-008500000004/text&amp#27;[39m
&amp#27;[38;5;0m[HTTP]&amp#27;[0m &amp#27;[90m{}&amp#27;[39m
&amp#27;[38;5;32m[AndroidUiautomator2Driver@d3db (cab71a55)]&amp#27;[0m Driver proxy active, passing request on via HTTP proxy
&amp#27;[38;5;32m[AndroidUiautomator2Driver@d3db (cab71a55)]&amp#27;[0m Matched '/session/cab71a55-a64e-4118-944e-543573feddd8/element/00000000-0000-05d0-0000-008500000004/text' to command name 'getText'
&amp#27;[38;5;32m[AndroidUiautomator2Driver@d3db (cab71a55)]&amp#27;[0m Proxying [GET /session/cab71a55-a64e-4118-944e-543573feddd8/element/00000000-0000-05d0-0000-008500000004/text] to [GET http://127.0.0.1:8240/session/8092e625-0771-403d-bb5d-06fce980533d/element/00000000-0000-05d0-0000-008500000004/text] with no body
&amp#27;[38;5;32m[AndroidUiautomator2Driver@d3db (cab71a55)]&amp#27;[0m Got response with status 200: {"sessionId":"8092e625-0771-403d-bb5d-06fce980533d","value":"light rain"}
&amp#27;[38;5;32m[AndroidUiautomator2Driver@d3db (cab71a55)]&amp#27;[0m Replacing sessionId 8092e625-0771-403d-bb5d-06fce980533d with cab71a55-a64e-4118-944e-543573feddd8
&amp#27;[38;5;0m[HTTP]&amp#27;[0m &amp#27;[37m<-- GET /session/cab71a55-a64e-4118-944e-543573feddd8/element/00000000-0000-05d0-0000-008500000004/text &amp#27;[39m&amp#27;[32m200&amp#27;[39m &amp#27;[90m9 ms - 73&amp#27;[39m
&amp#27;[38;5;0m[HTTP]&amp#27;[0m &amp#27;[90m&amp#27;[39m
&amp#27;[38;5;0m[HTTP]&amp#27;[0m &amp#27;[37m-->&amp#27;[39m &amp#27;[37mGET&amp#27;[39m &amp#27;[37m/session/cab71a55-a64e-4118-944e-543573feddd8/element/00000000-0000-05d0-0000-008700000004/text&amp#27;[39m
&amp#27;[38;5;0m[HTTP]&amp#27;[0m &amp#27;[90m{}&amp#27;[39m
&amp#27;[38;5;32m[AndroidUiautomator2Driver@d3db (cab71a55)]&amp#27;[0m Driver proxy active, passing request on via HTTP proxy
&amp#27;[38;5;32m[AndroidUiautomator2Driver@d3db (cab71a55)]&amp#27;[0m Matched '/session/cab71a55-a64e-4118-944e-543573feddd8/element/00000000-0000-05d0-0000-008700000004/text' to command name 'getText'
&amp#27;[38;5;32m[AndroidUiautomator2Driver@d3db (cab71a55)]&amp#27;[0m Proxying [GET /session/cab71a55-a64e-4118-944e-543573feddd8/element/00000000-0000-05d0-0000-008700000004/text] to [GET http://127.0.0.1:8240/session/8092e625-0771-403d-bb5d-06fce980533d/element/00000000-0000-05d0-0000-008700000004/text] with no body
&amp#27;[38;5;32m[AndroidUiautomator2Driver@d3db (cab71a55)]&amp#27;[0m Got response with status 200: {"sessionId":"8092e625-0771-403d-bb5d-06fce980533d","value":"52 %"}
&amp#27;[38;5;32m[AndroidUiautomator2Driver@d3db (cab71a55)]&amp#27;[0m Replacing sessionId 8092e625-0771-403d-bb5d-06fce980533d with cab71a55-a64e-4118-944e-543573feddd8
&amp#27;[38;5;0m[HTTP]&amp#27;[0m &amp#27;[37m<-- GET /session/cab71a55-a64e-4118-944e-543573feddd8/element/00000000-0000-05d0-0000-008700000004/text &amp#27;[39m&amp#27;[32m200&amp#27;[39m &amp#27;[90m8 ms - 67&amp#27;[39m
&amp#27;[38;5;0m[HTTP]&amp#27;[0m &amp#27;[90m&amp#27;[39m
&amp#27;[38;5;0m[HTTP]&amp#27;[0m &amp#27;[37m-->&amp#27;[39m &amp#27;[37mGET&amp#27;[39m &amp#27;[37m/session/cab71a55-a64e-4118-944e-543573feddd8/element/00000000-0000-05d0-0000-008900000004/text&amp#27;[39m
&amp#27;[38;5;0m[HTTP]&amp#27;[0m &amp#27;[90m{}&amp#27;[39m
&amp#27;[38;5;32m[AndroidUiautomator2Driver@d3db (cab71a55)]&amp#27;[0m Driver proxy active, passing request on via HTTP proxy
&amp#27;[38;5;32m[AndroidUiautomator2Driver@d3db (cab71a55)]&amp#27;[0m Matched '/session/cab71a55-a64e-4118-944e-543573feddd8/element/00000000-0000-05d0-0000-008900000004/text' to command name 'getText'
&amp#27;[38;5;32m[AndroidUiautomator2Driver@d3db (cab71a55)]&amp#27;[0m Proxying [GET /session/cab71a55-a64e-4118-944e-543573feddd8/element/00000000-0000-05d0-0000-008900000004/text] to [GET http://127.0.0.1:8240/session/8092e625-0771-403d-bb5d-06fce980533d/element/00000000-0000-05d0-0000-008900000004/text] with no body
&amp#27;[38;5;32m[AndroidUiautomator2Driver@d3db (cab71a55)]&amp#27;[0m Got response with status 200: {"sessionId":"8092e625-0771-403d-bb5d-06fce980533d","value":"17 Â°C"}
&amp#27;[38;5;32m[AndroidUiautomator2Driver@d3db (cab71a55)]&amp#27;[0m Replacing sessionId 8092e625-0771-403d-bb5d-06fce980533d with cab71a55-a64e-4118-944e-543573feddd8
&amp#27;[38;5;0m[HTTP]&amp#27;[0m &amp#27;[37m<-- GET /session/cab71a55-a64e-4118-944e-543573feddd8/element/00000000-0000-05d0-0000-008900000004/text &amp#27;[39m&amp#27;[32m200&amp#27;[39m &amp#27;[90m9 ms - 69&amp#27;[39m
&amp#27;[38;5;0m[HTTP]&amp#27;[0m &amp#27;[90m&amp#27;[39m
&amp#27;[38;5;0m[HTTP]&amp#27;[0m &amp#27;[37m-->&amp#27;[39m &amp#27;[37mPOST&amp#27;[39m &amp#27;[37m/session/cab71a55-a64e-4118-944e-543573feddd8/execute/sync&amp#27;[39m
&amp#27;[38;5;0m[HTTP]&amp#27;[0m &amp#27;[90m{"script":"mobile: swipeGesture","args":[{"elementId":"00000000-0000-05d0-0000-002a00000004","percent":0.4,"speed":320,"direction":"left"}]}&amp#27;[39m
&amp#27;[38;5;32m[AndroidUiautomator2Driver@d3db (cab71a55)]&amp#27;[0m Calling AppiumDriver.execute() with args: ["mobile: swipeGesture",[{"elementId":"00000000-0000-05d0-0000-002a00000004","percent":0.4,"speed":320,"direction":"left"}],"cab71a55-a64e-4118-944e-543573feddd8"]
&amp#27;[38;5;32m[AndroidUiautomator2Driver@d3db (cab71a55)]&amp#27;[0m Executing method 'mobile: swipeGesture'
&amp#27;[38;5;32m[AndroidUiautomator2Driver@d3db (cab71a55)]&amp#27;[0m Proxying [POST /appium/gestures/swipe] to [POST http://127.0.0.1:8240/session/8092e625-0771-403d-bb5d-06fce980533d/appium/gestures/swipe] with body: {"origin":{"ELEMENT":"00000000-0000-05d0-0000-002a00000004","element-6066-11e4-a52e-4f735466cecf":"00000000-0000-05d0-0000-002a00000004"},"direction":"left","percent":0.4,"speed":320}
&amp#27;[38;5;32m[AndroidUiautomator2Driver@d3db (cab71a55)]&amp#27;[0m Got response with status 200: {"sessionId":"8092e625-0771-403d-bb5d-06fce980533d","value":null}
&amp#27;[38;5;32m[AndroidUiautomator2Driver@d3db (cab71a55)]&amp#27;[0m Responding to client with driver.execute() result: null
&amp#27;[38;5;0m[HTTP]&amp#27;[0m &amp#27;[37m<-- POST /session/cab71a55-a64e-4118-944e-543573feddd8/execute/sync &amp#27;[39m&amp#27;[32m200&amp#27;[39m &amp#27;[90m1557 ms - 14&amp#27;[39m
&amp#27;[38;5;0m[HTTP]&amp#27;[0m &amp#27;[90m&amp#27;[39m
&amp#27;[38;5;0m[HTTP]&amp#27;[0m &amp#27;[37m-->&amp#27;[39m &amp#27;[37mPOST&amp#27;[39m &amp#27;[37m/session/cab71a55-a64e-4118-944e-543573feddd8/elements&amp#27;[39m
&amp#27;[38;5;0m[HTTP]&amp#27;[0m &amp#27;[90m{"using":"xpath","value":"//android.widget.HorizontalScrollView"}&amp#27;[39m
&amp#27;[38;5;32m[AndroidUiautomator2Driver@d3db (cab71a55)]&amp#27;[0m Calling AppiumDriver.findElements() with args: ["xpath","//android.widget.HorizontalScrollView","cab71a55-a64e-4118-944e-543573feddd8"]
&amp#27;[38;5;32m[AndroidUiautomator2Driver@d3db (cab71a55)]&amp#27;[0m Valid locator strategies for this request: xpath, id, class name, accessibility id, css selector, -android uiautomator
&amp#27;[38;5;32m[AndroidUiautomator2Driver@d3db (cab71a55)]&amp#27;[0m Waiting up to 0 ms for condition
&amp#27;[38;5;32m[AndroidUiautomator2Driver@d3db (cab71a55)]&amp#27;[0m Matched '/elements' to command name 'findElements'
&amp#27;[38;5;32m[AndroidUiautomator2Driver@d3db (cab71a55)]&amp#27;[0m Proxying [POST /elements] to [POST http://127.0.0.1:8240/session/8092e625-0771-403d-bb5d-06fce980533d/elements] with body: {"strategy":"xpath","selector":"//android.widget.HorizontalScrollView","context":"","multiple":true}
&amp#27;[38;5;32m[AndroidUiautomator2Driver@d3db (cab71a55)]&amp#27;[0m Got response with status 200: {"sessionId":"8092e625-0771-403d-bb5d-06fce980533d","value":[{"ELEMENT":"00000000-0000-05d0-0000-002900000004","element-6066-11e4-a52e-4f735466cecf":"00000000-0000-05d0-0000-002900000004"},{"ELEMENT":"00000000-0000-05d0-0000-002a00000004","element-6066-11e4-a52e-4f735466cecf":"00000000-0000-05d0-0000-002a00000004"}]}
&amp#27;[38;5;32m[AndroidUiautomator2Driver@d3db (cab71a55)]&amp#27;[0m Responding to client with driver.findElements() result: [{"element-6066-11e4-a52e-4f735466cecf":"00000000-0000-05d0-0000-002900000004","ELEMENT":"00000000-0000-05d0-0000-002900000004"},{"element-6066-11e4-a52e-4f735466cecf":"00000000-0000-05d0-0000-002a00000004","ELEMENT":"00000000-0000-05d0-0000-002a00000004"}]
&amp#27;[38;5;0m[HTTP]&amp#27;[0m &amp#27;[37m<-- POST /session/cab71a55-a64e-4118-944e-543573feddd8/elements &amp#27;[39m&amp#27;[32m200&amp#27;[39m &amp#27;[90m96 ms - 267&amp#27;[39m
&amp#27;[38;5;0m[HTTP]&amp#27;[0m &amp#27;[90m&amp#27;[39m
&amp#27;[38;5;0m[HTTP]&amp#27;[0m &amp#27;[37m-->&amp#27;[39m &amp#27;[37mPOST&amp#27;[39m &amp#27;[37m/session/cab71a55-a64e-4118-944e-543573feddd8/element/00000000-0000-05d0-0000-002a00000004/elements&amp#27;[39m
&amp#27;[38;5;0m[HTTP]&amp#27;[0m &amp#27;[90m{"id":"00000000-0000-05d0-0000-002a00000004","using":"xpath","value":"//android.view.View"}&amp#27;[39m
&amp#27;[38;5;32m[AndroidUiautomator2Driver@d3db (cab71a55)]&amp#27;[0m Calling AppiumDriver.findElementsFromElement() with args: ["xpath","//android.view.View","00000000-0000-05d0-0000-002a00000004","cab71a55-a64e-4118-944e-543573feddd8"]
&amp#27;[38;5;32m[AndroidUiautomator2Driver@d3db (cab71a55)]&amp#27;[0m Valid locator strategies for this request: xpath, id, class name, accessibility id, css selector, -android uiautomator
&amp#27;[38;5;32m[AndroidUiautomator2Driver@d3db (cab71a55)]&amp#27;[0m Waiting up to 0 ms for condition
&amp#27;[38;5;32m[AndroidUiautomator2Driver@d3db (cab71a55)]&amp#27;[0m Matched '/elements' to command name 'findElements'
&amp#27;[38;5;32m[AndroidUiautomator2Driver@d3db (cab71a55)]&amp#27;[0m Proxying [POST /elements] to [POST http://127.0.0.1:8240/session/8092e625-0771-403d-bb5d-06fce980533d/elements] with body: {"strategy":"xpath","selector":"//android.view.View","context":"00000000-0000-05d0-0000-002a00000004","multiple":true}
&amp#27;[38;5;32m[AndroidUiautomator2Driver@d3db (cab71a55)]&amp#27;[0m Got response with status 200: {"sessionId":"8092e625-0771-403d-bb5d-06fce980533d","value":[{"ELEMENT":"00000000-0000-05d0-0000-006b00000004","element-6066-11e4-a52e-4f735466cecf":"00000000-0000-05d0-0000-006b00000004"},{"ELEMENT":"00000000-0000-05d0-0000-006d00000004","element-6066-11e4-a52e-4f735466cecf":"00000000-0000-05d0-0000-006d00000004"},{"ELEMENT":"00000000-0000-05d0-0000-006f00000004","element-6066-11e4-a52e-4f735466cecf":"00000000-0000-05d0-0000-006f00000004"},{"ELEMENT":"00000000-0000-05d0-0000-007100000004","element-6066-11e4-a52e-4f735466cecf":"00000000-0000-05d0-0000-007100000004"},{"ELEMENT":"00000000-0000-05d0-0000-007300000004","element-6066-11e4-a52e-4f735466cecf":"00000000-0000-05d0-0000-007300000004"},{"ELEMENT":"00000000-0000-05d0-0000-007500000004","element-6066-11e4-a52e-4f735466cecf":"00000000-0000-05d0-0000-007500000004"},{"ELEMENT":"00000000-0000-05d0-0000-007700000004","element-6066-11e4-a52e-4f735466cecf":"00000000-0000-05d0-0000-007700000004"},{"ELEMENT":"00000000-0000-05d0-0000-007900000004","element-6066-...
&amp#27;[38;5;32m[AndroidUiautomator2Driver@d3db (cab71a55)]&amp#27;[0m Responding to client with driver.findElementsFromElement() result: [{"element-6066-11e4-a52e-4f735466cecf":"00000000-0000-05d0-0000-006b00000004","ELEMENT":"00000000-0000-05d0-0000-006b00000004"},{"element-6066-11e4-a52e-4f735466cecf":"00000000-0000-05d0-0000-006d00000004","ELEMENT":"00000000-0000-05d0-0000-006d00000004"},{"element-6066-11e4-a52e-4f735466cecf":"00000000-0000-05d0-0000-006f00000004","ELEMENT":"00000000-0000-05d0-0000-006f00000004"},{"element-6066-11e4-a52e-4f735466cecf":"00000000-0000-05d0-0000-007100000004","ELEMENT":"00000000-0000-05d0-0000-007100000004"},{"element-6066-11e4-a52e-4f735466cecf":"00000000-0000-05d0-0000-007300000004","ELEMENT":"00000000-0000-05d0-0000-007300000004"},{"element-6066-11e4-a52e-4f735466cecf":"00000000-0000-05d0-0000-007500000004","ELEMENT":"00000000-0000-05d0-0000-007500000004"},{"element-6066-11e4-a52e-4f735466cecf":"00000000-0000-05d0-0000-007700000004","ELEMENT":"00000000-0000-05d0-0000-007700000004"},{"element-6066-11e4-a52e-4f735466cecf":"00000000-0000-05d0-0000-007900000004","ELEMENT":"00000000-0000-05d0-0000-00790000000...
&amp#27;[38;5;0m[HTTP]&amp#27;[0m &amp#27;[37m<-- POST /session/cab71a55-a64e-4118-944e-543573feddd8/element/00000000-0000-05d0-0000-002a00000004/elements &amp#27;[39m&amp#27;[32m200&amp#27;[39m &amp#27;[90m47 ms - 2059&amp#27;[39m
&amp#27;[38;5;0m[HTTP]&amp#27;[0m &amp#27;[90m&amp#27;[39m
&amp#27;[38;5;0m[HTTP]&amp#27;[0m &amp#27;[37m-->&amp#27;[39m &amp#27;[37mGET&amp#27;[39m &amp#27;[37m/session/cab71a55-a64e-4118-944e-543573feddd8/element/00000000-0000-05d0-0000-006b00000004/text&amp#27;[39m
&amp#27;[38;5;0m[HTTP]&amp#27;[0m &amp#27;[90m{}&amp#27;[39m
&amp#27;[38;5;32m[AndroidUiautomator2Driver@d3db (cab71a55)]&amp#27;[0m Driver proxy active, passing request on via HTTP proxy
&amp#27;[38;5;32m[AndroidUiautomator2Driver@d3db (cab71a55)]&amp#27;[0m Matched '/session/cab71a55-a64e-4118-944e-543573feddd8/element/00000000-0000-05d0-0000-006b00000004/text' to command name 'getText'
&amp#27;[38;5;32m[AndroidUiautomator2Driver@d3db (cab71a55)]&amp#27;[0m Proxying [GET /session/cab71a55-a64e-4118-944e-543573feddd8/element/00000000-0000-05d0-0000-006b00000004/text] to [GET http://127.0.0.1:8240/session/8092e625-0771-403d-bb5d-06fce980533d/element/00000000-0000-05d0-0000-006b00000004/text] with no body
&amp#27;[38;5;32m[AndroidUiautomator2Driver@d3db (cab71a55)]&amp#27;[0m Got response with status 200: {"sessionId":"8092e625-0771-403d-bb5d-06fce980533d","value":"Thu"}
&amp#27;[38;5;32m[AndroidUiautomator2Driver@d3db (cab71a55)]&amp#27;[0m Replacing sessionId 8092e625-0771-403d-bb5d-06fce980533d with cab71a55-a64e-4118-944e-543573feddd8
&amp#27;[38;5;0m[HTTP]&amp#27;[0m &amp#27;[37m<-- GET /session/cab71a55-a64e-4118-944e-543573feddd8/element/00000000-0000-05d0-0000-006b00000004/text &amp#27;[39m&amp#27;[32m200&amp#27;[39m &amp#27;[90m9 ms - 66&amp#27;[39m
&amp#27;[38;5;0m[HTTP]&amp#27;[0m &amp#27;[90m&amp#27;[39m
&amp#27;[38;5;0m[HTTP]&amp#27;[0m &amp#27;[37m-->&amp#27;[39m &amp#27;[37mGET&amp#27;[39m &amp#27;[37m/session/cab71a55-a64e-4118-944e-543573feddd8/element/00000000-0000-05d0-0000-006d00000004/text&amp#27;[39m
&amp#27;[38;5;0m[HTTP]&amp#27;[0m &amp#27;[90m{}&amp#27;[39m
&amp#27;[38;5;32m[AndroidUiautomator2Driver@d3db (cab71a55)]&amp#27;[0m Driver proxy active, passing request on via HTTP proxy
&amp#27;[38;5;32m[AndroidUiautomator2Driver@d3db (cab71a55)]&amp#27;[0m Matched '/session/cab71a55-a64e-4118-944e-543573feddd8/element/00000000-0000-05d0-0000-006d00000004/text' to command name 'getText'
&amp#27;[38;5;32m[AndroidUiautomator2Driver@d3db (cab71a55)]&amp#27;[0m Proxying [GET /session/cab71a55-a64e-4118-944e-543573feddd8/element/00000000-0000-05d0-0000-006d00000004/text] to [GET http://127.0.0.1:8240/session/8092e625-0771-403d-bb5d-06fce980533d/element/00000000-0000-05d0-0000-006d00000004/text] with no body
&amp#27;[38;5;32m[AndroidUiautomator2Driver@d3db (cab71a55)]&amp#27;[0m Got response with status 200: {"sessionId":"8092e625-0771-403d-bb5d-06fce980533d","value":"light rain"}
&amp#27;[38;5;32m[AndroidUiautomator2Driver@d3db (cab71a55)]&amp#27;[0m Replacing sessionId 8092e625-0771-403d-bb5d-06fce980533d with cab71a55-a64e-4118-944e-543573feddd8
&amp#27;[38;5;0m[HTTP]&amp#27;[0m &amp#27;[37m<-- GET /session/cab71a55-a64e-4118-944e-543573feddd8/element/00000000-0000-05d0-0000-006d00000004/text &amp#27;[39m&amp#27;[32m200&amp#27;[39m &amp#27;[90m8 ms - 73&amp#27;[39m
&amp#27;[38;5;0m[HTTP]&amp#27;[0m &amp#27;[90m&amp#27;[39m
&amp#27;[38;5;0m[HTTP]&amp#27;[0m &amp#27;[37m-->&amp#27;[39m &amp#27;[37mGET&amp#27;[39m &amp#27;[37m/session/cab71a55-a64e-4118-944e-543573feddd8/element/00000000-0000-05d0-0000-006f00000004/text&amp#27;[39m
&amp#27;[38;5;0m[HTTP]&amp#27;[0m &amp#27;[90m{}&amp#27;[39m
&amp#27;[38;5;32m[AndroidUiautomator2Driver@d3db (cab71a55)]&amp#27;[0m Driver proxy active, passing request on via HTTP proxy
&amp#27;[38;5;32m[AndroidUiautomator2Driver@d3db (cab71a55)]&amp#27;[0m Matched '/session/cab71a55-a64e-4118-944e-543573feddd8/element/00000000-0000-05d0-0000-006f00000004/text' to command name 'getText'
&amp#27;[38;5;32m[AndroidUiautomator2Driver@d3db (cab71a55)]&amp#27;[0m Proxying [GET /session/cab71a55-a64e-4118-944e-543573feddd8/element/00000000-0000-05d0-0000-006f00000004/text] to [GET http://127.0.0.1:8240/session/8092e625-0771-403d-bb5d-06fce980533d/element/00000000-0000-05d0-0000-006f00000004/text] with no body
&amp#27;[38;5;32m[AndroidUiautomator2Driver@d3db (cab71a55)]&amp#27;[0m Got response with status 200: {"sessionId":"8092e625-0771-403d-bb5d-06fce980533d","value":"59 %"}
&amp#27;[38;5;32m[AndroidUiautomator2Driver@d3db (cab71a55)]&amp#27;[0m Replacing sessionId 8092e625-0771-403d-bb5d-06fce980533d with cab71a55-a64e-4118-944e-543573feddd8
&amp#27;[38;5;0m[HTTP]&amp#27;[0m &amp#27;[37m<-- GET /session/cab71a55-a64e-4118-944e-543573feddd8/element/00000000-0000-05d0-0000-006f00000004/text &amp#27;[39m&amp#27;[32m200&amp#27;[39m &amp#27;[90m8 ms - 67&amp#27;[39m
&amp#27;[38;5;0m[HTTP]&amp#27;[0m &amp#27;[90m&amp#27;[39m
&amp#27;[38;5;0m[HTTP]&amp#27;[0m &amp#27;[37m-->&amp#27;[39m &amp#27;[37mGET&amp#27;[39m &amp#27;[37m/session/cab71a55-a64e-4118-944e-543573feddd8/element/00000000-0000-05d0-0000-007100000004/text&amp#27;[39m
&amp#27;[38;5;0m[HTTP]&amp#27;[0m &amp#27;[90m{}&amp#27;[39m
&amp#27;[38;5;32m[AndroidUiautomator2Driver@d3db (cab71a55)]&amp#27;[0m Driver proxy active, passing request on via HTTP proxy
&amp#27;[38;5;32m[AndroidUiautomator2Driver@d3db (cab71a55)]&amp#27;[0m Matched '/session/cab71a55-a64e-4118-944e-543573feddd8/element/00000000-0000-05d0-0000-007100000004/text' to command name 'getText'
&amp#27;[38;5;32m[AndroidUiautomator2Driver@d3db (cab71a55)]&amp#27;[0m Proxying [GET /session/cab71a55-a64e-4118-944e-543573feddd8/element/00000000-0000-05d0-0000-007100000004/text] to [GET http://127.0.0.1:8240/session/8092e625-0771-403d-bb5d-06fce980533d/element/00000000-0000-05d0-0000-007100000004/text] with no body
&amp#27;[38;5;32m[AndroidUiautomator2Driver@d3db (cab71a55)]&amp#27;[0m Got response with status 200: {"sessionId":"8092e625-0771-403d-bb5d-06fce980533d","value":"15 Â°C"}
&amp#27;[38;5;32m[AndroidUiautomator2Driver@d3db (cab71a55)]&amp#27;[0m Replacing sessionId 8092e625-0771-403d-bb5d-06fce980533d with cab71a55-a64e-4118-944e-543573feddd8
&amp#27;[38;5;0m[HTTP]&amp#27;[0m &amp#27;[37m<-- GET /session/cab71a55-a64e-4118-944e-543573feddd8/element/00000000-0000-05d0-0000-007100000004/text &amp#27;[39m&amp#27;[32m200&amp#27;[39m &amp#27;[90m8 ms - 69&amp#27;[39m
&amp#27;[38;5;0m[HTTP]&amp#27;[0m &amp#27;[90m&amp#27;[39m
&amp#27;[38;5;0m[HTTP]&amp#27;[0m &amp#27;[37m-->&amp#27;[39m &amp#27;[37mGET&amp#27;[39m &amp#27;[37m/session/cab71a55-a64e-4118-944e-543573feddd8/element/00000000-0000-05d0-0000-007300000004/text&amp#27;[39m
&amp#27;[38;5;0m[HTTP]&amp#27;[0m &amp#27;[90m{}&amp#27;[39m
&amp#27;[38;5;32m[AndroidUiautomator2Driver@d3db (cab71a55)]&amp#27;[0m Driver proxy active, passing request on via HTTP proxy
&amp#27;[38;5;32m[AndroidUiautomator2Driver@d3db (cab71a55)]&amp#27;[0m Matched '/session/cab71a55-a64e-4118-944e-543573feddd8/element/00000000-0000-05d0-0000-007300000004/text' to command name 'getText'
&amp#27;[38;5;32m[AndroidUiautomator2Driver@d3db (cab71a55)]&amp#27;[0m Proxying [GET /session/cab71a55-a64e-4118-944e-543573feddd8/element/00000000-0000-05d0-0000-007300000004/text] to [GET http://127.0.0.1:8240/session/8092e625-0771-403d-bb5d-06fce980533d/element/00000000-0000-05d0-0000-007300000004/text] with no body
&amp#27;[38;5;32m[AndroidUiautomator2Driver@d3db (cab71a55)]&amp#27;[0m Got response with status 200: {"sessionId":"8092e625-0771-403d-bb5d-06fce980533d","value":"Fri"}
&amp#27;[38;5;32m[AndroidUiautomator2Driver@d3db (cab71a55)]&amp#27;[0m Replacing sessionId 8092e625-0771-403d-bb5d-06fce980533d with cab71a55-a64e-4118-944e-543573feddd8
&amp#27;[38;5;0m[HTTP]&amp#27;[0m &amp#27;[37m<-- GET /session/cab71a55-a64e-4118-944e-543573feddd8/element/00000000-0000-05d0-0000-007300000004/text &amp#27;[39m&amp#27;[32m200&amp#27;[39m &amp#27;[90m9 ms - 66&amp#27;[39m
&amp#27;[38;5;0m[HTTP]&amp#27;[0m &amp#27;[90m&amp#27;[39m
&amp#27;[38;5;0m[HTTP]&amp#27;[0m &amp#27;[37m-->&amp#27;[39m &amp#27;[37mGET&amp#27;[39m &amp#27;[37m/session/cab71a55-a64e-4118-944e-543573feddd8/element/00000000-0000-05d0-0000-007500000004/text&amp#27;[39m
&amp#27;[38;5;0m[HTTP]&amp#27;[0m &amp#27;[90m{}&amp#27;[39m
&amp#27;[38;5;32m[AndroidUiautomator2Driver@d3db (cab71a55)]&amp#27;[0m Driver proxy active, passing request on via HTTP proxy
&amp#27;[38;5;32m[AndroidUiautomator2Driver@d3db (cab71a55)]&amp#27;[0m Matched '/session/cab71a55-a64e-4118-944e-543573feddd8/element/00000000-0000-05d0-0000-007500000004/text' to command name 'getText'
&amp#27;[38;5;32m[AndroidUiautomator2Driver@d3db (cab71a55)]&amp#27;[0m Proxying [GET /session/cab71a55-a64e-4118-944e-543573feddd8/element/00000000-0000-05d0-0000-007500000004/text] to [GET http://127.0.0.1:8240/session/8092e625-0771-403d-bb5d-06fce980533d/element/00000000-0000-05d0-0000-007500000004/text] with no body
&amp#27;[38;5;32m[AndroidUiautomator2Driver@d3db (cab71a55)]&amp#27;[0m Got response with status 200: {"sessionId":"8092e625-0771-403d-bb5d-06fce980533d","value":"broken clouds"}
&amp#27;[38;5;32m[AndroidUiautomator2Driver@d3db (cab71a55)]&amp#27;[0m Replacing sessionId 8092e625-0771-403d-bb5d-06fce980533d with cab71a55-a64e-4118-944e-543573feddd8
&amp#27;[38;5;0m[HTTP]&amp#27;[0m &amp#27;[37m<-- GET /session/cab71a55-a64e-4118-944e-543573feddd8/element/00000000-0000-05d0-0000-007500000004/text &amp#27;[39m&amp#27;[32m200&amp#27;[39m &amp#27;[90m9 ms - 76&amp#27;[39m
&amp#27;[38;5;0m[HTTP]&amp#27;[0m &amp#27;[90m&amp#27;[39m
&amp#27;[38;5;0m[HTTP]&amp#27;[0m &amp#27;[37m-->&amp#27;[39m &amp#27;[37mGET&amp#27;[39m &amp#27;[37m/session/cab71a55-a64e-4118-944e-543573feddd8/element/00000000-0000-05d0-0000-007700000004/text&amp#27;[39m
&amp#27;[38;5;0m[HTTP]&amp#27;[0m &amp#27;[90m{}&amp#27;[39m
&amp#27;[38;5;32m[AndroidUiautomator2Driver@d3db (cab71a55)]&amp#27;[0m Driver proxy active, passing request on via HTTP proxy
&amp#27;[38;5;32m[AndroidUiautomator2Driver@d3db (cab71a55)]&amp#27;[0m Matched '/session/cab71a55-a64e-4118-944e-543573feddd8/element/00000000-0000-05d0-0000-007700000004/text' to command name 'getText'
&amp#27;[38;5;32m[AndroidUiautomator2Driver@d3db (cab71a55)]&amp#27;[0m Proxying [GET /session/cab71a55-a64e-4118-944e-543573feddd8/element/00000000-0000-05d0-0000-007700000004/text] to [GET http://127.0.0.1:8240/session/8092e625-0771-403d-bb5d-06fce980533d/element/00000000-0000-05d0-0000-007700000004/text] with no body
&amp#27;[38;5;32m[AndroidUiautomator2Driver@d3db (cab71a55)]&amp#27;[0m Got response with status 200: {"sessionId":"8092e625-0771-403d-bb5d-06fce980533d","value":"55 %"}
&amp#27;[38;5;32m[AndroidUiautomator2Driver@d3db (cab71a55)]&amp#27;[0m Replacing sessionId 8092e625-0771-403d-bb5d-06fce980533d with cab71a55-a64e-4118-944e-543573feddd8
&amp#27;[38;5;0m[HTTP]&amp#27;[0m &amp#27;[37m<-- GET /session/cab71a55-a64e-4118-944e-543573feddd8/element/00000000-0000-05d0-0000-007700000004/text &amp#27;[39m&amp#27;[32m200&amp#27;[39m &amp#27;[90m9 ms - 67&amp#27;[39m
&amp#27;[38;5;0m[HTTP]&amp#27;[0m &amp#27;[90m&amp#27;[39m
&amp#27;[38;5;0m[HTTP]&amp#27;[0m &amp#27;[37m-->&amp#27;[39m &amp#27;[37mGET&amp#27;[39m &amp#27;[37m/session/cab71a55-a64e-4118-944e-543573feddd8/element/00000000-0000-05d0-0000-007900000004/text&amp#27;[39m
&amp#27;[38;5;0m[HTTP]&amp#27;[0m &amp#27;[90m{}&amp#27;[39m
&amp#27;[38;5;32m[AndroidUiautomator2Driver@d3db (cab71a55)]&amp#27;[0m Driver proxy active, passing request on via HTTP proxy
&amp#27;[38;5;32m[AndroidUiautomator2Driver@d3db (cab71a55)]&amp#27;[0m Matched '/session/cab71a55-a64e-4118-944e-543573feddd8/element/00000000-0000-05d0-0000-007900000004/text' to command name 'getText'
&amp#27;[38;5;32m[AndroidUiautomator2Driver@d3db (cab71a55)]&amp#27;[0m Proxying [GET /session/cab71a55-a64e-4118-944e-543573feddd8/element/00000000-0000-05d0-0000-007900000004/text] to [GET http://127.0.0.1:8240/session/8092e625-0771-403d-bb5d-06fce980533d/element/00000000-0000-05d0-0000-007900000004/text] with no body
&amp#27;[38;5;32m[AndroidUiautomator2Driver@d3db (cab71a55)]&amp#27;[0m Got response with status 200: {"sessionId":"8092e625-0771-403d-bb5d-06fce980533d","value":"16 Â°C"}
&amp#27;[38;5;32m[AndroidUiautomator2Driver@d3db (cab71a55)]&amp#27;[0m Replacing sessionId 8092e625-0771-403d-bb5d-06fce980533d with cab71a55-a64e-4118-944e-543573feddd8
&amp#27;[38;5;0m[HTTP]&amp#27;[0m &amp#27;[37m<-- GET /session/cab71a55-a64e-4118-944e-543573feddd8/element/00000000-0000-05d0-0000-007900000004/text &amp#27;[39m&amp#27;[32m200&amp#27;[39m &amp#27;[90m9 ms - 69&amp#27;[39m
&amp#27;[38;5;0m[HTTP]&amp#27;[0m &amp#27;[90m&amp#27;[39m
&amp#27;[38;5;0m[HTTP]&amp#27;[0m &amp#27;[37m-->&amp#27;[39m &amp#27;[37mGET&amp#27;[39m &amp#27;[37m/session/cab71a55-a64e-4118-944e-543573feddd8/element/00000000-0000-05d0-0000-007b00000004/text&amp#27;[39m
&amp#27;[38;5;0m[HTTP]&amp#27;[0m &amp#27;[90m{}&amp#27;[39m
&amp#27;[38;5;32m[AndroidUiautomator2Driver@d3db (cab71a55)]&amp#27;[0m Driver proxy active, passing request on via HTTP proxy
&amp#27;[38;5;32m[AndroidUiautomator2Driver@d3db (cab71a55)]&amp#27;[0m Matched '/session/cab71a55-a64e-4118-944e-543573feddd8/element/00000000-0000-05d0-0000-007b00000004/text' to command name 'getText'
&amp#27;[38;5;32m[AndroidUiautomator2Driver@d3db (cab71a55)]&amp#27;[0m Proxying [GET /session/cab71a55-a64e-4118-944e-543573feddd8/element/00000000-0000-05d0-0000-007b00000004/text] to [GET http://127.0.0.1:8240/session/8092e625-0771-403d-bb5d-06fce980533d/element/00000000-0000-05d0-0000-007b00000004/text] with no body
&amp#27;[38;5;32m[AndroidUiautomator2Driver@d3db (cab71a55)]&amp#27;[0m Got response with status 200: {"sessionId":"8092e625-0771-403d-bb5d-06fce980533d","value":"Sat"}
&amp#27;[38;5;32m[AndroidUiautomator2Driver@d3db (cab71a55)]&amp#27;[0m Replacing sessionId 8092e625-0771-403d-bb5d-06fce980533d with cab71a55-a64e-4118-944e-543573feddd8
&amp#27;[38;5;0m[HTTP]&amp#27;[0m &amp#27;[37m<-- GET /session/cab71a55-a64e-4118-944e-543573feddd8/element/00000000-0000-05d0-0000-007b00000004/text &amp#27;[39m&amp#27;[32m200&amp#27;[39m &amp#27;[90m8 ms - 66&amp#27;[39m
&amp#27;[38;5;0m[HTTP]&amp#27;[0m &amp#27;[90m&amp#27;[39m
&amp#27;[38;5;0m[HTTP]&amp#27;[0m &amp#27;[37m-->&amp#27;[39m &amp#27;[37mGET&amp#27;[39m &amp#27;[37m/session/cab71a55-a64e-4118-944e-543573feddd8/element/00000000-0000-05d0-0000-007d00000004/text&amp#27;[39m
&amp#27;[38;5;0m[HTTP]&amp#27;[0m &amp#27;[90m{}&amp#27;[39m
&amp#27;[38;5;32m[AndroidUiautomator2Driver@d3db (cab71a55)]&amp#27;[0m Driver proxy active, passing request on via HTTP proxy
&amp#27;[38;5;32m[AndroidUiautomator2Driver@d3db (cab71a55)]&amp#27;[0m Matched '/session/cab71a55-a64e-4118-944e-543573feddd8/element/00000000-0000-05d0-0000-007d00000004/text' to command name 'getText'
&amp#27;[38;5;32m[AndroidUiautomator2Driver@d3db (cab71a55)]&amp#27;[0m Proxying [GET /session/cab71a55-a64e-4118-944e-543573feddd8/element/00000000-0000-05d0-0000-007d00000004/text] to [GET http://127.0.0.1:8240/session/8092e625-0771-403d-bb5d-06fce980533d/element/00000000-0000-05d0-0000-007d00000004/text] with no body
&amp#27;[38;5;32m[AndroidUiautomator2Driver@d3db (cab71a55)]&amp#27;[0m Got response with status 200: {"sessionId":"8092e625-0771-403d-bb5d-06fce980533d","value":"clear sky"}
&amp#27;[38;5;32m[AndroidUiautomator2Driver@d3db (cab71a55)]&amp#27;[0m Replacing sessionId 8092e625-0771-403d-bb5d-06fce980533d with cab71a55-a64e-4118-944e-543573feddd8
&amp#27;[38;5;0m[HTTP]&amp#27;[0m &amp#27;[37m<-- GET /session/cab71a55-a64e-4118-944e-543573feddd8/element/00000000-0000-05d0-0000-007d00000004/text &amp#27;[39m&amp#27;[32m200&amp#27;[39m &amp#27;[90m8 ms - 72&amp#27;[39m
&amp#27;[38;5;0m[HTTP]&amp#27;[0m &amp#27;[90m&amp#27;[39m
&amp#27;[38;5;0m[HTTP]&amp#27;[0m &amp#27;[37m-->&amp#27;[39m &amp#27;[37mGET&amp#27;[39m &amp#27;[37m/session/cab71a55-a64e-4118-944e-543573feddd8/element/00000000-0000-05d0-0000-007f00000004/text&amp#27;[39m
&amp#27;[38;5;0m[HTTP]&amp#27;[0m &amp#27;[90m{}&amp#27;[39m
&amp#27;[38;5;32m[AndroidUiautomator2Driver@d3db (cab71a55)]&amp#27;[0m Driver proxy active, passing request on via HTTP proxy
&amp#27;[38;5;32m[AndroidUiautomator2Driver@d3db (cab71a55)]&amp#27;[0m Matched '/session/cab71a55-a64e-4118-944e-543573feddd8/element/00000000-0000-05d0-0000-007f00000004/text' to command name 'getText'
&amp#27;[38;5;32m[AndroidUiautomator2Driver@d3db (cab71a55)]&amp#27;[0m Proxying [GET /session/cab71a55-a64e-4118-944e-543573feddd8/element/00000000-0000-05d0-0000-007f00000004/text] to [GET http://127.0.0.1:8240/session/8092e625-0771-403d-bb5d-06fce980533d/element/00000000-0000-05d0-0000-007f00000004/text] with no body
&amp#27;[38;5;32m[AndroidUiautomator2Driver@d3db (cab71a55)]&amp#27;[0m Got response with status 200: {"sessionId":"8092e625-0771-403d-bb5d-06fce980533d","value":"45 %"}
&amp#27;[38;5;32m[AndroidUiautomator2Driver@d3db (cab71a55)]&amp#27;[0m Replacing sessionId 8092e625-0771-403d-bb5d-06fce980533d with cab71a55-a64e-4118-944e-543573feddd8
&amp#27;[38;5;0m[HTTP]&amp#27;[0m &amp#27;[37m<-- GET /session/cab71a55-a64e-4118-944e-543573feddd8/element/00000000-0000-05d0-0000-007f00000004/text &amp#27;[39m&amp#27;[32m200&amp#27;[39m &amp#27;[90m8 ms - 67&amp#27;[39m
&amp#27;[38;5;0m[HTTP]&amp#27;[0m &amp#27;[90m&amp#27;[39m
&amp#27;[38;5;0m[HTTP]&amp#27;[0m &amp#27;[37m-->&amp#27;[39m &amp#27;[37mGET&amp#27;[39m &amp#27;[37m/session/cab71a55-a64e-4118-944e-543573feddd8/element/00000000-0000-05d0-0000-008100000004/text&amp#27;[39m
&amp#27;[38;5;0m[HTTP]&amp#27;[0m &amp#27;[90m{}&amp#27;[39m
&amp#27;[38;5;32m[AndroidUiautomator2Driver@d3db (cab71a55)]&amp#27;[0m Driver proxy active, passing request on via HTTP proxy
&amp#27;[38;5;32m[AndroidUiautomator2Driver@d3db (cab71a55)]&amp#27;[0m Matched '/session/cab71a55-a64e-4118-944e-543573feddd8/element/00000000-0000-05d0-0000-008100000004/text' to command name 'getText'
&amp#27;[38;5;32m[AndroidUiautomator2Driver@d3db (cab71a55)]&amp#27;[0m Proxying [GET /session/cab71a55-a64e-4118-944e-543573feddd8/element/00000000-0000-05d0-0000-008100000004/text] to [GET http://127.0.0.1:8240/session/8092e625-0771-403d-bb5d-06fce980533d/element/00000000-0000-05d0-0000-008100000004/text] with no body
&amp#27;[38;5;32m[AndroidUiautomator2Driver@d3db (cab71a55)]&amp#27;[0m Got response with status 200: {"sessionId":"8092e625-0771-403d-bb5d-06fce980533d","value":"18 Â°C"}
&amp#27;[38;5;32m[AndroidUiautomator2Driver@d3db (cab71a55)]&amp#27;[0m Replacing sessionId 8092e625-0771-403d-bb5d-06fce980533d with cab71a55-a64e-4118-944e-543573feddd8
&amp#27;[38;5;0m[HTTP]&amp#27;[0m &amp#27;[37m<-- GET /session/cab71a55-a64e-4118-944e-543573feddd8/element/00000000-0000-05d0-0000-008100000004/text &amp#27;[39m&amp#27;[32m200&amp#27;[39m &amp#27;[90m8 ms - 69&amp#27;[39m
&amp#27;[38;5;0m[HTTP]&amp#27;[0m &amp#27;[90m&amp#27;[39m
&amp#27;[38;5;0m[HTTP]&amp#27;[0m &amp#27;[37m-->&amp#27;[39m &amp#27;[37mGET&amp#27;[39m &amp#27;[37m/session/cab71a55-a64e-4118-944e-543573feddd8/element/00000000-0000-05d0-0000-008300000004/text&amp#27;[39m
&amp#27;[38;5;0m[HTTP]&amp#27;[0m &amp#27;[90m{}&amp#27;[39m
&amp#27;[38;5;32m[AndroidUiautomator2Driver@d3db (cab71a55)]&amp#27;[0m Driver proxy active, passing request on via HTTP proxy
&amp#27;[38;5;32m[AndroidUiautomator2Driver@d3db (cab71a55)]&amp#27;[0m Matched '/session/cab71a55-a64e-4118-944e-543573feddd8/element/00000000-0000-05d0-0000-008300000004/text' to command name 'getText'
&amp#27;[38;5;32m[AndroidUiautomator2Driver@d3db (cab71a55)]&amp#27;[0m Proxying [GET /session/cab71a55-a64e-4118-944e-543573feddd8/element/00000000-0000-05d0-0000-008300000004/text] to [GET http://127.0.0.1:8240/session/8092e625-0771-403d-bb5d-06fce980533d/element/00000000-0000-05d0-0000-008300000004/text] with no body
&amp#27;[38;5;32m[AndroidUiautomator2Driver@d3db (cab71a55)]&amp#27;[0m Got response with status 200: {"sessionId":"8092e625-0771-403d-bb5d-06fce980533d","value":"Sun"}
&amp#27;[38;5;32m[AndroidUiautomator2Driver@d3db (cab71a55)]&amp#27;[0m Replacing sessionId 8092e625-0771-403d-bb5d-06fce980533d with cab71a55-a64e-4118-944e-543573feddd8
&amp#27;[38;5;0m[HTTP]&amp#27;[0m &amp#27;[37m<-- GET /session/cab71a55-a64e-4118-944e-543573feddd8/element/00000000-0000-05d0-0000-008300000004/text &amp#27;[39m&amp#27;[32m200&amp#27;[39m &amp#27;[90m8 ms - 66&amp#27;[39m
&amp#27;[38;5;0m[HTTP]&amp#27;[0m &amp#27;[90m&amp#27;[39m
&amp#27;[38;5;0m[HTTP]&amp#27;[0m &amp#27;[37m-->&amp#27;[39m &amp#27;[37mGET&amp#27;[39m &amp#27;[37m/session/cab71a55-a64e-4118-944e-543573feddd8/element/00000000-0000-05d0-0000-008500000004/text&amp#27;[39m
&amp#27;[38;5;0m[HTTP]&amp#27;[0m &amp#27;[90m{}&amp#27;[39m
&amp#27;[38;5;32m[AndroidUiautomator2Driver@d3db (cab71a55)]&amp#27;[0m Driver proxy active, passing request on via HTTP proxy
&amp#27;[38;5;32m[AndroidUiautomator2Driver@d3db (cab71a55)]&amp#27;[0m Matched '/session/cab71a55-a64e-4118-944e-543573feddd8/element/00000000-0000-05d0-0000-008500000004/text' to command name 'getText'
&amp#27;[38;5;32m[AndroidUiautomator2Driver@d3db (cab71a55)]&amp#27;[0m Proxying [GET /session/cab71a55-a64e-4118-944e-543573feddd8/element/00000000-0000-05d0-0000-008500000004/text] to [GET http://127.0.0.1:8240/session/8092e625-0771-403d-bb5d-06fce980533d/element/00000000-0000-05d0-0000-008500000004/text] with no body
&amp#27;[38;5;32m[AndroidUiautomator2Driver@d3db (cab71a55)]&amp#27;[0m Got response with status 200: {"sessionId":"8092e625-0771-403d-bb5d-06fce980533d","value":"light rain"}
&amp#27;[38;5;32m[AndroidUiautomator2Driver@d3db (cab71a55)]&amp#27;[0m Replacing sessionId 8092e625-0771-403d-bb5d-06fce980533d with cab71a55-a64e-4118-944e-543573feddd8
&amp#27;[38;5;0m[HTTP]&amp#27;[0m &amp#27;[37m<-- GET /session/cab71a55-a64e-4118-944e-543573feddd8/element/00000000-0000-05d0-0000-008500000004/text &amp#27;[39m&amp#27;[32m200&amp#27;[39m &amp#27;[90m8 ms - 73&amp#27;[39m
&amp#27;[38;5;0m[HTTP]&amp#27;[0m &amp#27;[90m&amp#27;[39m
&amp#27;[38;5;0m[HTTP]&amp#27;[0m &amp#27;[37m-->&amp#27;[39m &amp#27;[37mGET&amp#27;[39m &amp#27;[37m/session/cab71a55-a64e-4118-944e-543573feddd8/element/00000000-0000-05d0-0000-008700000004/text&amp#27;[39m
&amp#27;[38;5;0m[HTTP]&amp#27;[0m &amp#27;[90m{}&amp#27;[39m
&amp#27;[38;5;32m[AndroidUiautomator2Driver@d3db (cab71a55)]&amp#27;[0m Driver proxy active, passing request on via HTTP proxy
&amp#27;[38;5;32m[AndroidUiautomator2Driver@d3db (cab71a55)]&amp#27;[0m Matched '/session/cab71a55-a64e-4118-944e-543573feddd8/element/00000000-0000-05d0-0000-008700000004/text' to command name 'getText'
&amp#27;[38;5;32m[AndroidUiautomator2Driver@d3db (cab71a55)]&amp#27;[0m Proxying [GET /session/cab71a55-a64e-4118-944e-543573feddd8/element/00000000-0000-05d0-0000-008700000004/text] to [GET http://127.0.0.1:8240/session/8092e625-0771-403d-bb5d-06fce980533d/element/00000000-0000-05d0-0000-008700000004/text] with no body
&amp#27;[38;5;32m[AndroidUiautomator2Driver@d3db (cab71a55)]&amp#27;[0m Got response with status 200: {"sessionId":"8092e625-0771-403d-bb5d-06fce980533d","value":"52 %"}
&amp#27;[38;5;32m[AndroidUiautomator2Driver@d3db (cab71a55)]&amp#27;[0m Replacing sessionId 8092e625-0771-403d-bb5d-06fce980533d with cab71a55-a64e-4118-944e-543573feddd8
&amp#27;[38;5;0m[HTTP]&amp#27;[0m &amp#27;[37m<-- GET /session/cab71a55-a64e-4118-944e-543573feddd8/element/00000000-0000-05d0-0000-008700000004/text &amp#27;[39m&amp#27;[32m200&amp#27;[39m &amp#27;[90m9 ms - 67&amp#27;[39m
&amp#27;[38;5;0m[HTTP]&amp#27;[0m &amp#27;[90m&amp#27;[39m
&amp#27;[38;5;0m[HTTP]&amp#27;[0m &amp#27;[37m-->&amp#27;[39m &amp#27;[37mGET&amp#27;[39m &amp#27;[37m/session/cab71a55-a64e-4118-944e-543573feddd8/element/00000000-0000-05d0-0000-008900000004/text&amp#27;[39m
&amp#27;[38;5;0m[HTTP]&amp#27;[0m &amp#27;[90m{}&amp#27;[39m
&amp#27;[38;5;32m[AndroidUiautomator2Driver@d3db (cab71a55)]&amp#27;[0m Driver proxy active, passing request on via HTTP proxy
&amp#27;[38;5;32m[AndroidUiautomator2Driver@d3db (cab71a55)]&amp#27;[0m Matched '/session/cab71a55-a64e-4118-944e-543573feddd8/element/00000000-0000-05d0-0000-008900000004/text' to command name 'getText'
&amp#27;[38;5;32m[AndroidUiautomator2Driver@d3db (cab71a55)]&amp#27;[0m Proxying [GET /session/cab71a55-a64e-4118-944e-543573feddd8/element/00000000-0000-05d0-0000-008900000004/text] to [GET http://127.0.0.1:8240/session/8092e625-0771-403d-bb5d-06fce980533d/element/00000000-0000-05d0-0000-008900000004/text] with no body
&amp#27;[38;5;32m[AndroidUiautomator2Driver@d3db (cab71a55)]&amp#27;[0m Got response with status 200: {"sessionId":"8092e625-0771-403d-bb5d-06fce980533d","value":"17 Â°C"}
&amp#27;[38;5;32m[AndroidUiautomator2Driver@d3db (cab71a55)]&amp#27;[0m Replacing sessionId 8092e625-0771-403d-bb5d-06fce980533d with cab71a55-a64e-4118-944e-543573feddd8
&amp#27;[38;5;0m[HTTP]&amp#27;[0m &amp#27;[37m<-- GET /session/cab71a55-a64e-4118-944e-543573feddd8/element/00000000-0000-05d0-0000-008900000004/text &amp#27;[39m&amp#27;[32m200&amp#27;[39m &amp#27;[90m9 ms - 69&amp#27;[39m
&amp#27;[38;5;0m[HTTP]&amp#27;[0m &amp#27;[90m&amp#27;[39m
&amp#27;[38;5;0m[HTTP]&amp#27;[0m &amp#27;[37m-->&amp#27;[39m &amp#27;[37mPOST&amp#27;[39m &amp#27;[37m/session/cab71a55-a64e-4118-944e-543573feddd8/execute/sync&amp#27;[39m
&amp#27;[38;5;0m[HTTP]&amp#27;[0m &amp#27;[90m{"script":"mobile: swipeGesture","args":[{"elementId":"00000000-0000-05d0-0000-002a00000004","percent":0.4,"speed":320,"direction":"left"}]}&amp#27;[39m
&amp#27;[38;5;32m[AndroidUiautomator2Driver@d3db (cab71a55)]&amp#27;[0m Calling AppiumDriver.execute() with args: ["mobile: swipeGesture",[{"elementId":"00000000-0000-05d0-0000-002a00000004","percent":0.4,"speed":320,"direction":"left"}],"cab71a55-a64e-4118-944e-543573feddd8"]
&amp#27;[38;5;32m[AndroidUiautomator2Driver@d3db (cab71a55)]&amp#27;[0m Executing method 'mobile: swipeGesture'
&amp#27;[38;5;32m[AndroidUiautomator2Driver@d3db (cab71a55)]&amp#27;[0m Proxying [POST /appium/gestures/swipe] to [POST http://127.0.0.1:8240/session/8092e625-0771-403d-bb5d-06fce980533d/appium/gestures/swipe] with body: {"origin":{"ELEMENT":"00000000-0000-05d0-0000-002a00000004","element-6066-11e4-a52e-4f735466cecf":"00000000-0000-05d0-0000-002a00000004"},"direction":"left","percent":0.4,"speed":320}
&amp#27;[38;5;32m[AndroidUiautomator2Driver@d3db (cab71a55)]&amp#27;[0m Got response with status 200: {"sessionId":"8092e625-0771-403d-bb5d-06fce980533d","value":null}
&amp#27;[38;5;32m[AndroidUiautomator2Driver@d3db (cab71a55)]&amp#27;[0m Responding to client with driver.execute() result: null
&amp#27;[38;5;0m[HTTP]&amp#27;[0m &amp#27;[37m<-- POST /session/cab71a55-a64e-4118-944e-543573feddd8/execute/sync &amp#27;[39m&amp#27;[32m200&amp#27;[39m &amp#27;[90m1564 ms - 14&amp#27;[39m
&amp#27;[38;5;0m[HTTP]&amp#27;[0m &amp#27;[90m&amp#27;[39m
  &amp#27;[32mThen &amp#27;[0m&amp#27;[32mThe weather app displays the weather forcast for the entire week&amp#27;[0m            &amp#27;[90m# weatherAppTest.StepDefinitions.the_weather_app_displays_the_weather_forcast_for_the_entire_week()&amp#27;[0m
&amp#27;[38;5;0m[HTTP]&amp#27;[0m &amp#27;[37m-->&amp#27;[39m &amp#27;[37mDELETE&amp#27;[39m &amp#27;[37m/session/cab71a55-a64e-4118-944e-543573feddd8&amp#27;[39m
&amp#27;[38;5;0m[HTTP]&amp#27;[0m &amp#27;[90m{}&amp#27;[39m
&amp#27;[38;5;32m[AndroidUiautomator2Driver@d3db (cab71a55)]&amp#27;[0m Calling AppiumDriver.deleteSession() with args: ["cab71a55-a64e-4118-944e-543573feddd8"]
&amp#27;[38;5;16m[AppiumDriver@2db5]&amp#27;[0m Event 'quitSessionRequested' logged at 1705178540678 (02:42:20 GMT+0600 (Bangladesh Standard Time))
&amp#27;[38;5;16m[AppiumDriver@2db5]&amp#27;[0m Removing session cab71a55-a64e-4118-944e-543573feddd8 from our master session list
&amp#27;[38;5;32m[AndroidUiautomator2Driver@d3db (cab71a55)]&amp#27;[0m Deleting UiAutomator2 session
&amp#27;[38;5;32m[AndroidUiautomator2Driver@d3db (cab71a55)]&amp#27;[0m Deleting UiAutomator2 server session
&amp#27;[38;5;32m[AndroidUiautomator2Driver@d3db (cab71a55)]&amp#27;[0m Matched '/' to command name 'deleteSession'
&amp#27;[38;5;32m[AndroidUiautomator2Driver@d3db (cab71a55)]&amp#27;[0m Proxying [DELETE /] to [DELETE http://127.0.0.1:8240/session/8092e625-0771-403d-bb5d-06fce980533d] with no body
&amp#27;[38;5;32m[AndroidUiautomator2Driver@d3db (cab71a55)]&amp#27;[0m Got response with status 200: {"sessionId":"8092e625-0771-403d-bb5d-06fce980533d","value":null}
&amp#27;[38;5;64m[ADB]&amp#27;[0m Running 'C:\Users\abuba\AppData\Local\Android\Sdk\platform-tools\adb.exe -P 5037 -s emulator-5554 shell dumpsys activity services io.appium.settings/.recorder.RecorderService'
&amp#27;[38;5;64m[ADB]&amp#27;[0m Running 'C:\Users\abuba\AppData\Local\Android\Sdk\platform-tools\adb.exe -P 5037 -s emulator-5554 shell am force-stop me.example.android.weatherapp'
&amp#27;[38;5;96m[Logcat]&amp#27;[0m Stopping logcat capture
&amp#27;[38;5;64m[ADB]&amp#27;[0m Removing forwarded port socket connection: 8240 
&amp#27;[38;5;64m[ADB]&amp#27;[0m Running 'C:\Users\abuba\AppData\Local\Android\Sdk\platform-tools\adb.exe -P 5037 -s emulator-5554 forward --remove tcp:8240'
&amp#27;[38;5;32m[AndroidUiautomator2Driver@d3db (cab71a55)]&amp#27;[0m Restoring hidden api policy to the device default configuration
&amp#27;[38;5;64m[ADB]&amp#27;[0m Running 'C:\Users\abuba\AppData\Local\Android\Sdk\platform-tools\adb.exe -P 5037 -s emulator-5554 shell 'settings delete global hidden_api_policy_pre_p_apps;settings delete global hidden_api_policy_p_apps;settings delete global hidden_api_policy''
&amp#27;[38;5;16m[AppiumDriver@2db5]&amp#27;[0m Event 'quitSessionFinished' logged at 1705178540845 (02:42:20 GMT+0600 (Bangladesh Standard Time))
&amp#27;[38;5;16m[AppiumDriver@2db5]&amp#27;[0m Received response: null
&amp#27;[38;5;16m[AppiumDriver@2db5]&amp#27;[0m But deleting session, so not returning
&amp#27;[38;5;16m[AppiumDriver@2db5]&amp#27;[0m Responding to client with driver.deleteSession() result: null
&amp#27;[38;5;0m[HTTP]&amp#27;[0m &amp#27;[37m<-- DELETE /session/cab71a55-a64e-4118-944e-543573feddd8 &amp#27;[39m&amp#27;[32m200&amp#27;[39m &amp#27;[90m167 ms - 14&amp#27;[39m
&amp#27;[38;5;0m[HTTP]&amp#27;[0m &amp#27;[90m&amp#27;[39m
]]></system-out>
  </testcase>
</testsuite>